Scenario - 
Logfile written - 01/29/2019 18:57:53

Subject	Trial	Event Type	Code	Time	TTime	Uncertainty	Duration	Uncertainty	ReqTime	ReqDur	Stim Type	Pair Index

10108018	1	Response	255	29288	28955	1
10108018	2	Sound	17	97413	464	1			260		other	0
10108018	2	Response	1	101123	4175	2
10108018	3	Sound	11	122811	355	1			260		other	0
10108018	4	Sound	15	141010	382	1			260		other	0
10108018	5	Sound	15	166809	340	1			260		other	0
10108018	5	Response	1	171519	5050	2
10108018	6	Sound	12	183207	400	1			260		other	0
10108018	7	Sound	15	210606	457	1			260		other	0
10108018	7	Response	1	214717	4568	1
10108018	8	Sound	11	230605	450	1			260		other	0
10108018	9	Sound	12	252003	343	1			260		other	0
10108018	10	Sound	20	278402	400	1			260		other	0
10108018	10	Response	1	281992	3990	1
10108018	11	Sound	17	300400	392	1			260		other	0
10108018	11	Response	1	306471	6462	1
10108018	12	Sound	14	316400	386	1			260		other	0
10108018	13	Sound	19	341798	277	1			260		other	0
10108018	13	Response	1	345989	4468	1
10108018	14	Sound	16	368996	301	1			260		other	0
10108018	14	Response	1	373107	4412	1
10108018	15	Sound	12	384795	429	1			260		other	0
10108018	16	Sound	13	402994	289	1			260		other	0
10108018	17	Sound	13	421193	316	1			260		other	0
10108018	18	Sound	18	441192	309	1			260		other	0
10108018	18	Response	1	444303	3419	1
10108018	19	Sound	21	465990	433	1			260		other	0
10108018	19	Response	1	469021	3464	1
10108018	20	Sound	18	490589	358	1			260		other	0
10108018	20	Response	1	493500	3268	1
10108018	21	Sound	17	514188	283	1			260		other	0
10108018	21	Response	1	517018	3113	1
10108018	22	Sound	16	534386	309	1			260		other	0
10108018	22	Response	1	537577	3499	1
10108018	23	Sound	19	553385	302	1			260		other	0
10108018	23	Response	1	556376	3293	1
10108018	24	Sound	15	573384	295	1			260		other	0
10108018	24	Response	1	577094	4005	1
10108018	25	Sound	11	598782	353	1			260		other	0
10108018	26	Sound	18	615581	313	1			260		other	0
10108018	26	Response	1	619092	3824	1
10108018	27	Sound	21	637180	405	1			260		other	0
10108018	27	Response	1	640051	3276	1
10108018	28	Sound	20	661779	330	1			260		other	0
10108018	28	Response	1	664929	3480	1
10108018	29	Sound	13	683577	456	1			260		other	0
10108018	30	Sound	17	699976	350	1			260		other	0
10108018	30	Response	1	703566	3940	1
10108018	31	Sound	16	719175	376	1			260		other	0
10108018	32	Sound	11	743574	434	1			260		other	0
10108018	33	Sound	19	766772	459	1			260		other	0
10108018	33	Response	1	770043	3730	1
10108018	34	Sound	19	787771	452	1			260		other	0
10108018	34	Response	1	790521	3202	1
10108018	35	Sound	13	809370	378	1			260		other	0
10108018	36	Sound	19	826569	405	1			260		other	0
10108018	36	Response	1	830039	3875	1
10108018	37	Sound	20	842168	333	1			260		other	0
10108018	37	Response	1	845558	3723	1
10108018	38	Sound	12	867366	357	1			260		other	0
10108018	39	Sound	21	892165	315	1			260		other	0
10108018	39	Response	1	895795	3945	1
10108018	40	Sound	14	919563	372	1			260		other	0
10108018	41	Sound	20	942162	297	1			260		other	0
10108018	41	Response	1	945392	3527	1
10108018	42	Sound	12	967760	388	1			260		other	0
10108018	43	Sound	21	992359	313	1			260		other	0
10108018	43	Response	1	995229	3183	1
10108018	44	Sound	15	1010358	306	1			260		other	0
10108018	45	Sound	18	1027357	300	1			260		other	0
10108018	45	Response	1	1030826	3770	1
10108018	46	Sound	16	1050955	392	1			260		other	0
10108018	47	Sound	18	1071354	284	1			260		other	0
10108018	47	Response	1	1075624	4554	1
10108018	48	Sound	21	1091553	311	1			260		other	0
10108018	48	Response	1	1094422	3180	1
10108018	49	Sound	16	1112351	437	1			260		other	0
10108018	50	Sound	14	1138550	294	1			260		other	0
10108018	51	Sound	14	1154149	388	1			260		other	0
10108018	52	Sound	13	1181147	379	1			260		other	0
10108018	53	Sound	14	1200546	439	1			260		other	0
10108018	54	Sound	17	1227144	362	1			260		other	0
10108018	54	Response	1	1230734	3952	1
10108018	55	Sound	20	1254143	353	1			260		other	0
10108018	55	Response	1	1258012	4222	1
10108018	56	Sound	11	1270142	347	1			260		other	0
10108018	57	Response	255	1313449	26569	1
10108018	58	Sound	109	1393134	303	1			260		other	0
10108018	58	Response	1	1396484	3653	1
10108018	59	Sound	101	1420333	327	1			260		other	0
10108018	60	Sound	109	1437332	321	1			260		other	0
10108018	60	Response	1	1440401	3390	1
10108018	61	Sound	108	1457131	447	1			260		other	0
10108018	61	Response	1	1460480	3796	1
10108018	62	Sound	103	1479529	339	1			260		other	0
10108018	63	Sound	106	1501728	366	1			260		other	0
10108018	63	Response	1	1506157	4795	1
10108018	64	Sound	103	1524327	457	1			260		other	0
10108018	65	Sound	105	1545325	283	1			260		other	0
10108018	65	Response	1	1549435	4392	1
10108018	66	Sound	104	1562324	276	1			260		other	0
10108018	66	Response	1	1566233	4186	1
10108018	67	Sound	105	1580323	437	1			260		other	0
10108018	67	Response	1	1583672	3786	1
10108018	68	Sound	102	1600322	430	1			260		other	0
10108018	69	Sound	107	1619121	390	1			260		other	0
10108018	69	Response	1	1621670	2939	1
10108018	70	Sound	101	1646319	413	1			260		other	0
10108018	71	Sound	108	1674717	303	1			260		other	0
10108018	71	Response	1	1678067	3652	1
10108018	72	Sound	104	1690517	264	1			260		other	0
10108018	72	Response	1	1694466	4213	1
10108018	73	Sound	104	1717115	355	1			260		other	0
10108018	73	Response	1	1721984	5223	1
10108018	74	Sound	107	1743913	312	1			260		other	0
10108018	74	Response	1	1747102	3501	1
10108018	75	Sound	109	1767112	337	1			260		other	0
10108018	75	Response	1	1770061	3287	1
10108018	76	Sound	101	1795910	460	1			260		other	0
10108018	77	Sound	111	1819909	285	1			260		other	0
10108018	77	Response	1	1820458	834	1
10108018	78	Sound	107	1844907	277	1			260		other	0
10108018	78	Response	1	1849576	4945	1
10108018	79	Sound	104	1863906	436	1			260		other	0
10108018	79	Response	1	1869015	5545	1
10108018	80	Sound	103	1886105	461	1			260		other	0
10108018	81	Sound	104	1910303	319	1			260		other	0
10108018	81	Response	1	1913732	3748	1
10108018	82	Sound	109	1934102	444	1			260		other	0
10108018	82	Response	1	1937171	3513	1
10108018	83	Sound	106	1958100	269	1			260		other	0
10108018	83	Response	1	1960929	3098	1
10108018	84	Sound	108	1981899	394	1			260		other	0
10108018	84	Response	1	1985008	3503	1
10108018	85	Sound	101	2004898	386	1			260		other	0
10108018	86	Sound	103	2031096	410	1			260		other	0
10108018	86	Response	1	2035885	5198	1
10108018	87	Sound	106	2058694	333	1			260		other	0
10108018	87	Response	1	2062923	4562	1
10108018	88	Sound	102	2079693	326	1			260		other	0
10108018	89	Sound	105	2101492	285	1			260		other	0
10108018	89	Response	1	2105799	4591	4
10108018	90	Sound	110	2119291	412	1			260		other	0
10108018	90	Response	1	2122839	3960	1
10108018	91	Sound	102	2144689	303	1			260		other	0
10108018	91	Response	1	2150357	5971	1
10108018	92	Sound	108	2162088	363	1			260		other	0
10108018	92	Response	1	2165397	3672	1
10108018	93	Sound	110	2189486	420	1			260		other	0
10108018	93	Response	1	2192515	3449	1
10108018	94	Sound	111	2207085	347	1			260		other	0
10108018	94	Response	1	2209714	2976	1
10108018	95	Sound	102	2234684	437	1			260		other	0
10108018	96	Sound	111	2259882	462	1			260		other	0
10108018	96	Response	1	2262831	3410	2
10108018	97	Sound	107	2281881	454	1			260		other	0
10108018	97	Response	1	2285949	4522	1
10108018	98	Sound	106	2304679	413	1			260		other	0
10108018	98	Response	1	2308508	4241	1
10108018	99	Sound	101	2328878	437	1			260		other	0
10108018	100	Sound	103	2347477	364	1			260		other	0
10108018	101	Sound	110	2369876	423	1			260		other	0
10108018	101	Response	1	2373784	4331	1
10108018	102	Sound	111	2397074	446	1			260		other	0
10108018	102	Response	1	2400262	3634	1
10108018	103	Sound	111	2414673	373	1			260		other	0
10108018	103	Response	1	2418341	4041	1
10108018	104	Sound	107	2435472	333	1			260		other	0
10108018	104	Response	1	2439300	4161	1
10108018	105	Sound	108	2462270	456	1			260		other	0
10108018	105	Response	1	2465938	4125	1
10108018	106	Sound	109	2481469	316	1			260		other	0
10108018	106	Response	1	2484577	3424	1
10108018	107	Sound	102	2499068	410	1			260		other	0
10108018	108	Sound	105	2526666	333	1			260		other	0
10108018	108	Response	1	2531294	4961	1
10108018	109	Sound	106	2553064	391	1			260		other	0
10108018	109	Response	1	2556413	3739	1
10108018	110	Sound	110	2576463	449	1			260		other	0
10108018	110	Response	1	2580251	4237	1
10108018	111	Sound	105	2593462	276	1			260		other	0
10108018	111	Response	1	2598970	5784	1
10108018	112	Sound	110	2621660	466	1			260		other	0
10108018	112	Response	1	2624808	3614	1
10108018	113	Response	255	2659046	15265	1
10108018	114	Sound	106	2724854	296	1			260		other	0
10108018	114	Response	1	2728322	3764	1
10108018	115	Sound	109	2751853	453	1			260		other	0
10108018	115	Response	1	2755440	4041	1
10108018	116	Sound	107	2772251	346	1			260		other	0
10108018	116	Response	1	2775519	3614	1
10108018	117	Sound	107	2789050	307	1			260		other	0
10108018	117	Response	1	2792318	3574	1
10108018	118	Sound	103	2805049	467	1			260		other	0
10108018	119	Sound	108	2828048	293	1			260		other	0
10108018	119	Response	1	2831196	3440	1
10108018	120	Sound	108	2855646	383	1			260		other	0
10108018	120	Response	1	2858714	3450	1
10108018	121	Sound	111	2875045	443	1			260		other	0
10108018	121	Response	1	2877993	3391	1
10108018	122	Sound	102	2897244	301	1			260		other	0
10108018	123	Sound	103	2914243	295	1			260		other	0
10108018	124	Sound	103	2936641	354	1			260		other	0
10108018	125	Sound	104	2964040	411	1			260		other	0
10108018	125	Response	1	2969507	5878	1
10108018	126	Sound	111	2985038	403	1			260		other	0
10108018	126	Response	1	2988066	3431	1
10108018	127	Sound	110	3009237	428	1			260		other	0
10108018	127	Response	1	3012704	3895	1
10108018	128	Sound	107	3036435	285	1			260		other	0
10108018	128	Response	1	3040223	4073	1
10108018	129	Sound	111	3056834	345	1			260		other	0
10108018	129	Response	1	3059502	3012	1
10108018	130	Sound	109	3077233	404	1			260		other	0
10108018	130	Response	1	3081980	5151	1
10108018	131	Sound	106	3097032	364	1			260		other	0
10108018	131	Response	1	3100539	3871	1
10108018	132	Sound	103	3121830	321	1			260		other	0
10108018	133	Sound	101	3149029	345	1			260		other	0
10108018	134	Sound	110	3168227	372	1			260		other	0
10108018	134	Response	1	3171335	3479	1
10108018	135	Sound	102	3187226	365	1			260		other	0
10108018	136	Sound	110	3210625	423	1			260		other	0
10108018	136	Response	1	3215012	4810	1
10108018	137	Sound	101	3229624	416	1			260		other	0
10108018	138	Sound	101	3247022	477	1			260		other	0
10108018	139	Sound	105	3269621	402	1			260		other	0
10108018	139	Response	1	3273089	3870	1
10108018	140	Sound	103	3285620	397	1			260		other	0
10108018	141	Sound	105	3309819	421	1			260		other	0
10108018	141	Response	1	3313326	3928	1
10108018	142	Sound	104	3331217	314	1			260		other	0
10108018	142	Response	1	3338204	7300	1
10108018	143	Sound	101	3352616	373	1			260		other	0
10108018	144	Sound	105	3380814	396	1			260		other	0
10108018	144	Response	1	3384281	3863	1
10108018	145	Sound	109	3404413	321	1			260		other	0
10108018	145	Response	1	3408120	4028	1
10108018	146	Sound	110	3420612	348	1			260		other	0
10108018	146	Response	1	3424039	3775	1
10108018	147	Sound	109	3447010	406	1			260		other	0
10108018	147	Response	1	3450037	3432	1
10108018	148	Sound	102	3465009	399	1			260		other	0
10108018	149	Sound	104	3481608	327	1			260		other	0
10108018	150	Sound	111	3504607	318	1			260		other	0
10108018	150	Response	1	3507474	3185	1
10108018	151	Sound	104	3528206	410	1			260		other	0
10108018	152	Sound	102	3551004	369	1			260		other	0
10108018	153	Sound	105	3575603	460	1			260		other	0
10108018	153	Response	1	3578910	3767	1
10108018	154	Sound	102	3596601	286	1			260		other	0
10108018	155	Sound	108	3614600	279	1			260		other	0
10108018	155	Response	1	3619147	4826	1
10108018	156	Sound	105	3632599	440	1			260		other	0
10108018	156	Response	1	3637946	5786	1
10108018	157	Sound	106	3658998	330	1			260		other	0
10108018	157	Response	1	3662824	4157	1
10108018	158	Sound	104	3683796	288	1			260		other	0
10108018	159	Sound	109	3701795	448	1			260		other	0
10108018	159	Response	1	3705221	3875	1
10108018	160	Sound	107	3722794	441	1			260		other	0
10108018	160	Response	1	3727460	5107	1
10108018	161	Sound	110	3739993	302	1			260		other	0
10108018	161	Response	1	3743379	3688	1
10108018	162	Sound	108	3757792	428	1			260		other	0
10108018	162	Response	1	3761298	3935	1
10108018	163	Sound	111	3776191	322	1			260		other	0
10108018	163	Response	1	3778817	2948	1
10108018	164	Sound	106	3800989	280	1			260		other	0
10108018	164	Response	1	3805856	5146	1
10108018	165	Sound	101	3826188	471	1			260		other	0
10108018	166	Sound	108	3845386	331	1			260		other	0
10108018	166	Response	1	3848893	3837	1
10108018	167	Sound	107	3874185	287	1			260		other	0
10108018	167	Response	1	3878011	4113	1
10108018	168	Sound	106	3900183	278	1			260		other	0
10108018	168	Response	1	3903290	3384	1
10108018	169	Response	255	3949607	29615	1
10108018	170	Sound	111	4024376	433	1			260		other	0
10108018	170	Response	1	4026722	2780	1
10108018	171	Sound	105	4041775	327	1			260		other	0
10108018	171	Response	1	4047039	5592	3
10108018	172	Sound	109	4067173	385	1			260		other	0
10108018	172	Response	1	4070639	3851	1
10108018	173	Sound	104	4094371	409	1			260		other	0
10108018	173	Response	1	4097757	3795	1
10108018	174	Sound	111	4122370	399	1			260		other	0
10108018	174	Response	1	4125036	3065	1
10108018	175	Sound	102	4144968	325	1			260		other	0
10108018	176	Sound	107	4168767	449	1			260		other	0
10108018	176	Response	1	4171753	3435	1
10108018	177	Sound	108	4193765	440	1			260		other	0
10108018	177	Response	1	4197111	3786	1
10108018	178	Sound	101	4213764	433	1			260		other	0
10108018	179	Sound	105	4232963	459	1			260		other	0
10108018	179	Response	1	4236629	4125	1
10108018	180	Sound	108	4249962	287	1			260		other	0
10108018	181	Sound	106	4273161	312	1			260		other	0
10108018	181	Response	1	4276387	3538	1
10108018	182	Sound	101	4297159	303	1			260		other	0
10108018	183	Sound	103	4323957	427	1			260		other	0
10108018	184	Sound	106	4345756	386	1			260		other	0
10108018	184	Response	1	4349582	4211	1
10108018	185	Sound	107	4362755	380	1			260		other	0
10108018	185	Response	1	4367501	5125	1
10108018	186	Sound	107	4390954	403	1			260		other	0
10108018	186	Response	1	4394779	4229	1
10108018	187	Sound	102	4407352	297	1			260		other	0
10108018	188	Sound	108	4429551	323	1			260		other	0
10108018	188	Response	1	4433257	4028	1
10108018	189	Sound	110	4445350	284	1			260		other	0
10108018	189	Response	1	4449176	4109	1
10108018	190	Sound	110	4473349	274	1			260		other	0
10108018	190	Response	1	4477574	4499	1
10108018	191	Sound	111	4498147	398	1			260		other	0
10108018	191	Response	1	4500773	3024	1
10108018	192	Sound	106	4516746	325	1			260		other	0
10108018	192	Response	1	4522371	5950	1
10108018	193	Sound	110	4543544	449	1			260		other	0
10108018	194	Sound	109	4565743	307	1			260		other	0
10108018	194	Response	1	4568688	3252	2
10108018	195	Sound	102	4590342	399	1			260		other	0
10108018	196	Sound	111	4611740	458	1			260		other	0
10108018	196	Response	1	4614526	3243	1
10108018	197	Sound	103	4636739	449	1			260		other	0
10108018	198	Sound	110	4660737	440	1			260		other	0
10108018	198	Response	1	4663483	3186	1
10108018	199	Sound	101	4678936	300	1			260		other	0
10108018	200	Sound	111	4703135	325	1			260		other	0
10108018	200	Response	1	4706520	3711	1
10108018	201	Sound	105	4719734	419	1			260		other	0
10108018	202	Sound	106	4744732	410	1			260		other	0
10108018	202	Response	1	4748038	3716	1
10108018	203	Sound	105	4769131	302	1			260		other	0
10108018	203	Response	1	4772676	3847	1
10108018	204	Sound	104	4792729	393	1			260		other	0
10108018	204	Response	1	4796755	4419	1
10108018	205	Sound	109	4810128	287	1			260		other	0
10108018	205	Response	1	4813553	3712	1
10108018	206	Sound	104	4829327	314	1			260		other	0
10108018	206	Response	1	4833472	4459	1
10108018	207	Sound	104	4850326	306	1			260		other	0
10108018	208	Sound	109	4877324	297	1			260		other	0
10108018	208	Response	1	4880829	3801	1
10108018	209	Sound	107	4899723	355	1			260		other	0
10108018	209	Response	1	4903148	3780	1
10108018	210	Sound	104	4920921	381	1			260		other	0
10108018	210	Response	1	4926906	6366	1
10108018	211	Sound	102	4945520	306	1			260		other	0
10108018	212	Sound	102	4970718	330	1			260		other	0
10108018	213	Sound	103	4994117	388	1			260		other	0
10108018	214	Sound	101	5018316	413	1			260		other	0
10108018	215	Sound	105	5039514	273	1			260		other	0
10108018	215	Response	1	5043379	4138	1
10108018	216	Sound	110	5066713	296	1			260		other	0
10108018	216	Response	1	5070657	4240	1
10108018	217	Sound	106	5084912	323	1			260		other	0
10108018	217	Response	1	5088976	4387	1
10108018	218	Sound	101	5112910	313	1			260		other	0
10108018	219	Sound	107	5140708	269	1			260		other	0
10108018	219	Response	1	5145613	5174	1
10108018	220	Sound	103	5164907	294	1			260		other	0
10108018	221	Sound	108	5182906	454	1			260		other	0
10108018	221	Response	1	5186410	3959	1
10108018	222	Sound	109	5202905	447	1			260		other	0
10108018	222	Response	1	5206329	3872	1
10108018	223	Sound	108	5222903	440	1			260		other	0
10108018	223	Response	1	5226648	4185	1
10108018	224	Sound	103	5245902	265	1			260		other	0
10108018	225	Response	255	5279525	15803	1
10108018	226	Sound	101	5360295	291	1			260		other	0
10108018	227	Sound	103	5381094	417	1			260		other	0
10108018	228	Sound	106	5405892	375	1			260		other	0
10108018	228	Response	1	5409677	4160	1
10108018	229	Sound	107	5426091	401	1			260		other	0
10108018	229	Response	1	5431276	5586	1
10108018	230	Sound	101	5442490	462	1			260		other	0
10108018	231	Sound	107	5470088	386	1			260		other	0
10108018	231	Response	1	5476072	6370	1
10108018	232	Sound	101	5487487	279	1			260		other	0
10108018	233	Sound	111	5512486	270	1			260		other	0
10108018	233	Response	1	5515190	2975	1
10108018	234	Sound	106	5538284	395	1			260		other	0
10108018	234	Response	1	5542068	4179	1
10108018	235	Sound	103	5564683	287	1			260		other	0
10108018	236	Sound	111	5588881	310	1			260		other	0
10108018	236	Response	1	5591825	3254	1
10108018	237	Sound	106	5615480	400	1			260		other	0
10108018	237	Response	1	5618944	3865	1
10108018	238	Sound	110	5639878	458	1			260		other	0
10108018	238	Response	1	5642942	3523	1
10108018	239	Sound	107	5663077	317	1			260		other	0
10108018	239	Response	1	5667021	4261	1
10108018	240	Sound	108	5679476	378	1			260		other	0
10108018	240	Response	1	5683580	4482	1
10108018	241	Sound	103	5706074	301	1			260		other	0
10108018	242	Sound	106	5730873	426	1			260		other	0
10108018	242	Response	1	5734537	4090	1
10108018	243	Sound	111	5757871	416	1			260		other	0
10108018	243	Response	1	5760935	3481	1
10108018	244	Sound	106	5779670	375	1			260		other	0
10108018	244	Response	1	5783174	3879	1
10108018	245	Sound	102	5805668	366	1			260		other	0
10108018	246	Sound	105	5830866	390	1			260		other	0
10108018	246	Response	1	5835650	5174	1
10108018	247	Sound	101	5848665	351	1			260		other	0
10108018	248	Sound	104	5872464	309	1			260		other	0
10108018	249	Sound	103	5896063	401	1			260		other	0
10108018	250	Sound	108	5916461	460	1			260		other	0
10108018	251	Sound	102	5938060	386	1			260		other	0
10108018	252	Sound	105	5955459	279	1			260		other	0
10108018	252	Response	1	5959723	4543	1
10108018	253	Sound	111	5972858	340	1			260		other	0
10108018	253	Response	1	5975882	3364	2
10108018	254	Sound	104	5989457	434	1			260		other	0
10108018	254	Response	1	5993801	4778	1
10108018	255	Sound	109	6016055	358	1			260		other	0
10108018	255	Response	1	6019799	4102	1
10108018	256	Sound	109	6033054	352	1			260		other	0
10108018	256	Response	1	6036598	3896	1
10108018	257	Sound	110	6049253	379	1			260		other	0
10108018	257	Response	1	6053637	4763	1
10108018	258	Sound	104	6070652	438	1			260		other	0
10108018	259	Sound	108	6094651	430	1			260		other	0
10108018	259	Response	1	6097954	3734	1
10108018	260	Sound	103	6115249	356	1			260		other	0
10108018	261	Sound	109	6133048	316	1			260		other	0
10108018	261	Response	1	6136432	3700	1
10108018	262	Sound	110	6149647	410	1			260		other	0
10108018	262	Response	1	6156511	7274	1
10108018	263	Sound	105	6171446	369	1			260		other	0
10108018	263	Response	1	6176190	5113	1
10108018	264	Sound	102	6187845	430	1			260		other	0
10108018	265	Sound	109	6212044	455	1			260		other	0
10108018	265	Response	1	6215307	3718	1
10108018	266	Sound	110	6229842	415	1			260		other	0
10108018	266	Response	1	6234266	4839	1
10108018	267	Sound	101	6247441	342	1			260		other	0
10108018	268	Sound	104	6270040	434	1			260		other	0
10108018	269	Sound	102	6296638	358	1			260		other	0
10108018	270	Sound	102	6315437	318	1			260		other	0
10108018	271	Sound	107	6338636	343	1			260		other	0
10108018	271	Response	1	6342179	3886	1
10108018	272	Sound	108	6355035	404	1			260		other	0
10108018	273	Sound	104	6371034	398	1			260		other	0
10108018	273	Response	1	6376497	5861	1
10108018	274	Sound	108	6393633	323	1			260		other	0
10108018	274	Response	1	6397056	3747	1
10108018	275	Sound	110	6414631	316	1			260		other	0
10108018	275	Response	1	6417775	3459	1
10108018	276	Sound	109	6433430	443	1			260		other	0
10108018	276	Response	1	6437213	4226	1
10108018	277	Sound	105	6460429	433	1			260		other	0
10108018	277	Response	1	6466092	6096	1
10108018	278	Sound	105	6479627	293	1			260		other	0
10108018	278	Response	1	6483771	4436	1
10108018	279	Sound	111	6509026	349	1			260		other	0
10108018	279	Response	1	6512329	3652	1
10108018	280	Sound	107	6534824	306	1			260		other	0
10108018	280	Response	1	6538567	4050	1
10108018	281	Response	255	6578565	25628	1
10108018	282	Sound	109	6649217	332	1			260		other	0
10108018	282	Response	1	6653680	4795	1
10108018	283	Sound	101	6666616	393	1			260		other	0
10108018	284	Sound	107	6690615	384	1			260		other	0
10108018	284	Response	1	6693678	3447	1
10108018	285	Sound	101	6712613	377	1			260		other	0
10108018	286	Sound	102	6729812	404	1			260		other	0
10108018	287	Sound	104	6754611	361	1			260		other	0
10108018	287	Response	1	6758794	4544	1
10108018	288	Sound	106	6774210	455	1			260		other	0
10108018	288	Response	1	6778392	4637	1
10108018	289	Sound	104	6801208	445	1			260		other	0
10108018	290	Sound	111	6820607	338	1			260		other	0
10108018	290	Response	1	6823670	3401	1
10108018	291	Sound	107	6840406	298	1			260		other	0
10108018	291	Response	1	6844868	4760	1
10108018	292	Sound	103	6865404	289	1			260		other	0
10108018	293	Sound	105	6893802	345	1			260		other	0
10108018	293	Response	1	6897265	3808	1
10108018	294	Sound	102	6916201	404	1			260		other	0
10108018	295	Sound	106	6937600	296	1			260		other	0
10108018	295	Response	1	6941182	3879	1
10108018	296	Sound	104	6955999	356	1			260		other	0
10108018	297	Sound	108	6975797	316	1			260		other	0
10108018	297	Response	1	6980460	4979	1
10108018	298	Sound	109	6996596	442	1			260		other	0
10108018	298	Response	1	6999899	3745	1
10108018	299	Sound	107	7016995	335	1			260		other	0
10108018	299	Response	1	7020458	3797	1
10108018	300	Sound	104	7038794	460	1			260		other	0
10108018	300	Response	1	7042296	3963	1
10108018	301	Sound	101	7059992	320	1			260		other	0
10108018	302	Sound	108	7086391	377	1			260		other	0
10108018	302	Response	1	7089013	2999	1
10108018	303	Sound	104	7104190	337	1			260		other	0
10108018	303	Response	1	7108292	4440	1
10108018	304	Sound	109	7120389	365	1			260		other	0
10108018	304	Response	1	7123331	3307	1
10108018	305	Sound	101	7139988	291	1			260		other	0
10108018	306	Sound	102	7157186	318	1			260		other	0
10108018	307	Sound	102	7179785	410	1			260		other	0
10108018	308	Sound	102	7207183	467	1			260		other	0
10108018	309	Sound	103	7232182	458	1			260		other	0
10108018	310	Sound	108	7257180	283	1			260		other	0
10108018	310	Response	1	7260763	3865	1
10108018	311	Sound	106	7275579	343	1			260		other	0
10108018	311	Response	1	7279562	4325	1
10108018	312	Sound	111	7294378	303	1			260		other	0
10108018	312	Response	1	7297241	3165	1
10108018	313	Sound	108	7310377	464	1			260		other	0
10108018	313	Response	1	7313400	3486	1
10108018	314	Sound	110	7328176	424	1			260		other	0
10108018	314	Response	1	7332198	4446	1
10108018	315	Sound	103	7348975	383	1			260		other	0
10108018	316	Sound	105	7368974	376	1			260		other	0
10108018	317	Sound	105	7390572	468	1			260		other	0
10108018	317	Response	1	7395074	4971	1
10108018	318	Sound	106	7412571	461	1			260		other	0
10108018	318	Response	1	7416673	4563	1
10108018	319	Sound	106	7437769	318	1			260		other	0
10108018	319	Response	1	7442672	5220	1
10108018	320	Sound	103	7456568	278	1			260		other	0
10108018	321	Sound	105	7482167	369	1			260		other	0
10108018	321	Response	1	7486589	4791	1
10108018	322	Sound	110	7501366	396	1			260		other	0
10108018	322	Response	1	7509307	8337	1
10108018	323	Sound	107	7518965	323	1			260		other	0
10108018	323	Response	1	7522666	4024	2
10108018	324	Sound	109	7541563	415	1			260		other	0
10108018	324	Response	1	7545385	4236	1
10108018	325	Sound	107	7560562	408	1			260		other	0
10108018	325	Response	1	7563704	3550	1
10108018	326	Sound	111	7579361	368	1			260		other	0
10108018	326	Response	1	7582103	3110	1
10108018	327	Sound	111	7599160	328	1			260		other	0
10108018	327	Response	1	7601942	3109	1
10108018	328	Sound	111	7615359	355	1			260		other	0
10108018	328	Response	1	7618581	3577	1
10108018	329	Sound	110	7643957	445	1			260		other	0
10108018	330	Sound	103	7668156	303	1			260		other	0
10108018	331	Sound	101	7693154	294	1			260		other	0
10108018	332	Sound	110	7710553	355	1			260		other	0
10108018	332	Response	1	7714015	3816	1
10108018	333	Sound	105	7731152	281	1			260		other	0
10108018	333	Response	1	7736253	5382	1
10108018	334	Sound	109	7750351	307	1			260		other	0
10108018	334	Response	1	7753772	3729	1
10108018	335	Sound	110	7774349	465	1			260		other	0
10108018	335	Response	1	7778251	4367	1
10108018	336	Sound	108	7802348	289	1			260		other	0
10108018	336	Response	1	7806169	4110	1
10108018	337	Response	255	8045354	216208	1
10108018	338	Sound	19	8112329	345	1			260		other	0
10108018	338	Response	1	8117030	5046	1
10108018	339	Sound	11	8138127	302	1			260		other	0
10108018	340	Sound	13	8153526	363	1			260		other	0
10108018	341	Sound	11	8173925	423	1			260		other	0
10108018	342	Sound	11	8199923	414	1			260		other	0
10108018	343	Sound	14	8222122	272	1			260		other	0
10108018	344	Sound	11	8244321	465	1			260		other	0
10108018	345	Sound	15	8271319	455	1			260		other	0
10108018	345	Response	1	8277980	7116	1
10108018	346	Sound	16	8298918	379	1			260		other	0
10108018	347	Sound	17	8320316	271	1			260		other	0
10108018	347	Response	1	8323897	3852	1
10108018	348	Sound	18	8337515	298	1			260		other	0
10108018	348	Response	1	8344216	6999	1
10108018	349	Sound	20	8359514	290	1			260		other	0
10108018	349	Response	1	8363175	3951	1
10108018	350	Sound	14	8375713	318	1			260		other	0
10108018	351	Sound	19	8398511	443	1			260		other	0
10108018	351	Response	1	8403172	5104	1
10108018	352	Sound	21	8419710	469	1			260		other	0
10108018	352	Response	1	8422851	3610	1
10108018	353	Sound	21	8438709	295	1			260		other	0
10108018	353	Response	1	8441170	2756	1
10108018	354	Sound	17	8457508	422	1			260		other	0
10108018	354	Response	1	8464769	7683	1
10108018	355	Sound	12	8474707	449	1			260		other	0
10108018	356	Sound	14	8496706	441	1			260		other	0
10108018	357	Sound	18	8518704	434	1			260		other	0
10108018	357	Response	1	8522045	3774	1
10108018	358	Sound	16	8535703	428	1			260		other	0
10108018	358	Response	1	8541644	6368	1
10108018	359	Sound	12	8562502	385	1			260		other	0
10108018	360	Sound	17	8577901	446	1			260		other	0
10108018	360	Response	1	8581241	3786	1
10108018	361	Sound	11	8605899	436	1			260		other	0
10108018	362	Sound	21	8621298	330	1			260		other	0
10108018	362	Response	1	8624279	3311	1
10108018	363	Sound	18	8637497	358	1			260		other	0
10108018	363	Response	1	8643878	6738	1
10108018	364	Sound	12	8653896	419	1			260		other	0
10108018	365	Sound	15	8681694	375	1			260		other	0
10108018	366	Sound	15	8704293	301	1			260		other	0
10108018	367	Sound	13	8723492	327	1			260		other	0
10108018	368	Sound	20	8745491	319	1			260		other	0
10108018	368	Response	1	8749231	4060	1
10108018	369	Sound	19	8766889	378	1			260		other	0
10108018	369	Response	1	8770830	4319	1
10108018	370	Sound	16	8792888	369	1			260		other	0
10108018	370	Response	1	8797868	5350	1
10108018	371	Sound	13	8816486	294	1			260		other	0
10108018	372	Sound	15	8837285	420	1			260		other	0
10108018	372	Response	1	8841145	4280	1
10108018	373	Sound	18	8864483	277	1			260		other	0
10108018	373	Response	1	8868663	4457	1
10108018	374	Sound	12	8888882	335	1			260		other	0
10108018	375	Sound	18	8905881	329	1			260		other	0
10108018	375	Response	1	8910181	4629	1
10108018	376	Sound	20	8932679	286	1			260		other	0
10108018	376	Response	1	8936819	4426	1
10108018	377	Sound	19	8960078	343	1			260		other	0
10108018	377	Response	1	8964337	4603	1
10108018	378	Sound	20	8976077	337	1			260		other	0
10108018	378	Response	1	8980097	4358	1
10108018	379	Sound	13	8995475	397	1			260		other	0
10108018	380	Sound	19	9021074	321	1			260		other	0
10108018	380	Response	1	9024414	3661	1
10108018	381	Sound	21	9037673	415	1			260		other	0
10108018	381	Response	1	9040813	3555	1
10108018	382	Sound	21	9064271	339	1			260		other	0
10108018	382	Response	1	9067451	3520	1
10108018	383	Sound	14	9085870	432	1			260		other	0
10108018	384	Sound	16	9110669	389	1			260		other	0
10108018	385	Sound	12	9129667	383	1			260		other	0
10108018	386	Sound	13	9146066	444	1			260		other	0
10108018	387	Sound	14	9167265	469	1			260		other	0
10108018	388	Sound	20	9186064	429	1			260		other	0
10108018	388	Response	1	9189364	3729	1
10108018	389	Sound	15	9210262	454	1			260		other	0
10108018	390	Sound	17	9228261	448	1			260		other	0
10108018	391	Sound	16	9244860	375	1			260		other	0
10108018	392	Sound	17	9262059	402	1			260		other	0
10108018	392	Response	1	9265599	3942	1
10108018	393	Response	255	9311436	32194	1
10108018	394	Sound	105	9384652	292	1			260		other	0
10108018	394	Response	1	9388311	3951	1
10108018	395	Sound	104	9410650	283	1			260		other	0
10108018	396	Sound	107	9427049	343	1			260		other	0
10108018	396	Response	1	9430549	3843	1
10108018	397	Sound	111	9452648	435	1			260		other	0
10108018	397	Response	1	9455428	3215	1
10108018	398	Sound	104	9476246	359	1			260		other	0
10108018	399	Sound	102	9502645	417	1			260		other	0
10108018	400	Sound	103	9523444	376	1			260		other	0
10108018	401	Sound	108	9551442	366	1			260		other	0
10108018	401	Response	1	9555021	3945	1
10108018	402	Sound	105	9578440	356	1			260		other	0
10108018	403	Sound	108	9598439	349	1			260		other	0
10108018	403	Response	1	9601739	3649	1
10108018	404	Sound	109	9624637	373	1			260		other	0
10108018	404	Response	1	9628217	3952	1
10108018	405	Sound	102	9641436	334	1			260		other	0
10108018	406	Sound	109	9659035	427	1			260		other	0
10108018	406	Response	1	9664214	5607	1
10108018	407	Sound	108	9682234	453	1			260		other	0
10108018	407	Response	1	9688293	6512	1
10108018	408	Sound	104	9701033	412	1			260		other	0
10108018	409	Sound	106	9729231	436	1			260		other	0
10108018	409	Response	1	9733251	4455	1
10108018	410	Sound	106	9746230	430	1			260		other	0
10108018	410	Response	1	9752289	6489	1
10108018	411	Sound	103	9772629	320	1			260		other	0
10108018	412	Sound	111	9792627	313	1			260		other	0
10108018	412	Response	1	9795726	3412	1
10108018	413	Sound	102	9813226	406	1			260		other	0
10108018	414	Sound	105	9838625	297	1			260		other	0
10108018	414	Response	1	9842684	4356	1
10108018	415	Sound	111	9865223	387	1			260		other	0
10108018	415	Response	1	9868042	3207	1
10108018	416	Sound	101	9889022	346	1			260		other	0
10108018	416	Response	1	9906520	17844	1
10108018	417	Sound	109	9908220	372	1			260		other	0
10108018	418	Sound	101	9926419	399	1			260		other	0
10108018	419	Sound	110	9951818	290	1			260		other	0
10108018	419	Response	1	9956117	4589	1
10108018	420	Sound	104	9972616	416	1			260		other	0
10108018	421	Sound	103	9996015	307	1			260		other	0
10108018	421	Response	1	10001074	5366	1
10108018	422	Sound	109	10013414	368	1			260		other	0
10108018	422	Response	1	10017233	4187	1
10108018	423	Sound	108	10034013	294	1			260		other	0
10108018	423	Response	1	10037552	3833	1
10108018	424	Sound	110	10056611	386	1			260		other	0
10108018	424	Response	1	10061550	5324	1
10108018	425	Sound	106	10077410	345	1			260		other	0
10108018	425	Response	1	10080829	3764	1
10108018	426	Sound	102	10102009	436	1			260		other	0
10108018	427	Sound	106	10126207	294	1			260		other	0
10108018	427	Response	1	10130586	4673	1
10108018	428	Sound	104	10154405	318	1			260		other	0
10108018	429	Sound	101	10173204	444	1			260		other	0
10108018	430	Sound	108	10196403	470	1			260		other	0
10108018	430	Response	1	10201142	5209	1
10108018	431	Sound	107	10220201	428	1			260		other	0
10108018	431	Response	1	10224740	4966	1
10108018	432	Sound	110	10246400	285	1			260		other	0
10108018	432	Response	1	10249859	3744	1
10108018	433	Sound	111	10266199	411	1			260		other	0
10108018	433	Response	1	10269937	4150	1
10108018	434	Sound	106	10282998	372	1			260		other	0
10108018	434	Response	1	10287456	4831	1
10108018	435	Sound	102	10309596	296	1			260		other	0
10108018	436	Sound	101	10330995	355	1			260		other	0
10108018	437	Sound	105	10352394	414	1			260		other	0
10108018	437	Response	1	10356492	4513	1
10108018	438	Sound	111	10378992	338	1			260		other	0
10108018	438	Response	1	10382730	4076	1
10108018	439	Sound	101	10402391	396	1			260		other	0
10108018	440	Sound	103	10420989	323	1			260		other	0
10108018	441	Sound	107	10442788	448	1			260		other	0
10108018	441	Response	1	10446487	4147	1
10108018	442	Sound	107	10466787	440	1			260		other	0
10108018	442	Response	1	10470965	4618	1
10108018	443	Sound	110	10486185	333	1			260		other	0
10108018	443	Response	1	10489924	4071	1
10108018	444	Sound	103	10511184	324	1			260		other	0
10108018	445	Sound	105	10537182	315	1			260		other	0
10108018	445	Response	1	10541520	4653	1
10108018	446	Sound	110	10562181	306	1			260		other	0
10108018	446	Response	1	10565999	4124	1
10108018	447	Sound	109	10582180	299	1			260		other	0
10108018	447	Response	1	10586958	5077	2
10108018	448	Sound	107	10598579	360	1			260		other	0
10108018	448	Response	1	10603517	5298	1
10108018	449	Response	255	10629115	11477	1
10108018	450	Sound	12	10701372	456	1			260		other	0
10108018	451	Sound	14	10724571	315	1			260		other	0
10108018	452	Sound	16	10740370	442	1			260		other	0
10108018	452	Response	1	10745988	6060	1
10108018	453	Sound	14	10763969	367	1			260		other	0
10108018	454	Sound	16	10783168	394	1			260		other	0
10108018	454	Response	1	10787266	4492	1
10108018	455	Sound	20	10807366	419	1			260		other	0
10108018	455	Response	1	10811024	4077	1
10108018	456	Sound	18	10834564	276	1			260		other	0
10108018	456	Response	1	10838782	4493	1
10108018	457	Sound	17	10857563	434	1			260		other	0
10108018	457	Response	1	10861741	4612	1
10108018	458	Sound	15	10882762	458	1			260		other	0
10108018	459	Sound	12	10902960	318	1			260		other	0
10108018	460	Sound	21	10926559	409	1			260		other	0
10108018	460	Response	1	10929897	3747	1
10108018	461	Sound	13	10952957	300	1			260		other	0
10108018	462	Sound	12	10973756	426	1			260		other	0
10108018	463	Sound	18	10989755	420	1			260		other	0
10108018	463	Response	1	10994133	4798	1
10108018	464	Sound	21	11015954	444	1			260		other	0
10108018	464	Response	1	11019891	4382	1
10108018	465	Sound	17	11034152	471	1			260		other	0
10108018	465	Response	1	11041090	7409	1
10108018	466	Sound	19	11051151	465	1			260		other	0
10108018	466	Response	1	11054849	4163	1
10108018	467	Sound	21	11071150	458	1			260		other	0
10108018	467	Response	1	11074688	3996	1
10108018	468	Sound	15	11091549	351	1			260		other	0
10108018	468	Response	1	11095487	4288	1
10108018	469	Sound	17	11116947	408	1			260		other	0
10108018	469	Response	1	11122765	6226	1
10108018	470	Sound	14	11144146	432	1			260		other	0
10108018	471	Sound	11	11166744	357	1			260		other	0
10108018	472	Sound	19	11191343	282	1			260		other	0
10108018	472	Response	1	11195080	4019	1
10108018	473	Sound	18	11212342	274	1			260		other	0
10108018	474	Sound	14	11239540	298	1			260		other	0
10108018	475	Sound	21	11264938	356	1			260		other	0
10108018	475	Response	1	11268276	3693	1
10108018	476	Sound	21	11292537	279	1			260		other	0
10108018	476	Response	1	11295554	3297	1
10108018	477	Sound	13	11311136	373	1			260		other	0
10108018	478	Sound	13	11328335	400	1			260		other	0
10108018	479	Sound	12	11344334	394	1			260		other	0
10108018	480	Sound	16	11371332	384	1			260		other	0
10108018	480	Response	1	11376829	5882	1
10108018	481	Sound	12	11398330	375	1			260		other	0
10108018	482	Sound	16	11420929	467	1			260		other	0
10108018	482	Response	1	11425066	4604	1
10108018	483	Sound	19	11442928	459	1			260		other	0
10108018	483	Response	1	11446505	4036	1
10108018	484	Sound	20	11468926	283	1			260		other	0
10108018	484	Response	1	11471863	3220	1
10108018	485	Sound	13	11496724	407	1			260		other	0
10108018	486	Sound	17	11520123	298	1			260		other	0
10108018	486	Response	1	11523380	3555	1
10108018	487	Sound	17	11535922	426	1			260		other	0
10108018	487	Response	1	11540899	5403	1
10108018	488	Sound	16	11557721	385	1			260		other	0
10108018	488	Response	1	11561858	4522	1
10108018	489	Sound	11	11585119	442	1			260		other	0
10108018	490	Sound	19	11612717	365	1			260		other	0
10108018	490	Response	1	11615775	3422	1
10108018	491	Sound	15	11637116	423	1			260		other	0
10108018	492	Sound	20	11661714	348	1			260		other	0
10108018	492	Response	1	11664971	3605	1
10108018	493	Sound	18	11681313	441	1			260		other	0
10108018	493	Response	1	11685930	5058	1
10108018	494	Sound	14	11703912	366	1			260		other	0
10108018	495	Sound	19	11723511	292	1			260		other	0
10108018	495	Response	1	11727848	4629	1
10108018	496	Sound	11	11742910	352	1			260		other	0
10108018	497	Sound	11	11771108	375	1			260		other	0
10108018	498	Sound	18	11786307	403	1			260		other	0
10108018	498	Response	1	11791444	5540	1
10108018	499	Sound	11	11804506	430	1			260		other	0
10108018	500	Sound	15	11825504	423	1			260		other	0
10108018	501	Sound	13	11849503	414	1			260		other	0
10108018	502	Sound	20	11875902	305	1			260		other	0
10108018	502	Response	1	11879198	3601	1
10108018	503	Sound	20	11899700	430	1			260		other	0
10108018	503	Response	1	11903037	3766	1
10108018	504	Sound	15	11921299	355	1			260		other	0
10108018	505	Response	255	11965273	23910	1
10108018	506	Sound	17	12031092	450	1			260		other	0
10108018	506	Response	1	12034309	3666	1
10108018	507	Sound	19	12048491	343	1			260		other	0
10108018	507	Response	1	12052228	4080	1
10108018	508	Sound	15	12074290	301	1			260		other	0
10108018	509	Sound	20	12097288	293	1			260		other	0
10108018	509	Response	1	12100545	3549	1
10108018	510	Sound	20	12113687	353	1			260		other	0
10108018	510	Response	1	12117104	3770	1
10108018	511	Sound	11	12137686	345	1			260		other	0
10108018	512	Sound	16	12160284	437	1			260		other	0
10108018	513	Sound	18	12184683	328	1			260		other	0
10108018	513	Response	1	12187899	3544	1
10108018	514	Sound	12	12210081	386	1			260		other	0
10108018	515	Sound	13	12230480	278	1			260		other	0
10108018	516	Sound	19	12257278	402	1			260		other	0
10108018	516	Response	1	12261095	4218	1
10108018	517	Sound	16	12272678	297	1			260		other	0
10108018	518	Sound	19	12300276	387	1			260		other	0
10108018	518	Response	1	12303892	4003	1
10108018	519	Sound	17	12316275	381	1			260		other	0
10108018	519	Response	1	12319411	3517	1
10108018	520	Sound	21	12336074	341	1			260		other	0
10108018	520	Response	1	12338610	2877	1
10108018	521	Sound	16	12358672	433	1			260		other	0
10108018	521	Response	1	12365488	7249	1
10108018	522	Sound	20	12374871	294	1			260		other	0
10108018	522	Response	1	12378368	3790	1
10108018	523	Sound	11	12394070	320	1			260		other	0
10108018	524	Sound	21	12421669	411	1			260		other	0
10108018	524	Response	1	12424684	3426	1
10108018	525	Sound	14	12447867	434	1			260		other	0
10108018	526	Sound	14	12466466	361	1			260		other	0
10108018	527	Sound	19	12482065	289	1			260		other	0
10108018	527	Response	1	12487561	5785	1
10108018	528	Sound	17	12503064	448	1			260		other	0
10108018	528	Response	1	12506840	4224	1
10108018	529	Sound	12	12525662	373	1			260		other	0
10108018	530	Sound	13	12552861	397	1			260		other	0
10108018	531	Sound	12	12572260	290	1			260		other	0
10108018	532	Sound	15	12589258	284	1			260		other	0
10108018	533	Sound	14	12607257	444	1			260		other	0
10108018	534	Sound	18	12632456	469	1			260		other	0
10108018	534	Response	1	12637472	5485	1
10108018	535	Sound	12	12651855	362	1			260		other	0
10108018	536	Sound	13	12675053	387	1			260		other	0
10108018	537	Sound	16	12698652	312	1			260		other	0
10108018	537	Response	1	12702507	4167	1
10108018	538	Sound	11	12715051	373	1			260		other	0
10108018	539	Sound	20	12738049	364	1			260		other	0
10108018	539	Response	1	12741225	3540	1
10108018	540	Sound	17	12763648	289	1			260		other	0
10108018	540	Response	1	12768023	4664	1
10108018	541	Sound	18	12779647	283	1			260		other	0
10108018	541	Response	1	12785782	6418	1
10108018	542	Sound	14	12795846	311	1			260		other	0
10108018	543	Sound	11	12816045	337	1			260		other	0
10108018	544	Sound	15	12839243	362	1			260		other	0
10108018	545	Sound	12	12863842	286	1			260		other	0
10108018	546	Sound	15	12882841	446	1			260		other	0
10108018	547	Sound	11	12906639	404	1			260		other	0
10108018	548	Sound	15	12927038	297	1			260		other	0
10108018	548	Response	1	12931853	5112	1
10108018	549	Sound	16	12943237	325	1			260		other	0
10108018	549	Response	1	12948092	5180	1
10108018	550	Sound	20	12968036	283	1			260		other	0
10108018	550	Response	1	12971211	3458	1
10108018	551	Sound	18	12992434	341	1			260		other	0
10108018	551	Response	1	12995929	3836	1
10108018	552	Sound	21	13011033	434	1			260		other	0
10108018	552	Response	1	13014488	3889	1
10108018	553	Sound	21	13033232	293	1			260		other	0
10108018	553	Response	1	13035847	2908	1
10108018	554	Sound	13	13059630	350	1			260		other	0
10108018	555	Sound	19	13078629	343	1			260		other	0
10108018	555	Response	1	13082404	4118	1
10108018	556	Sound	17	13097228	270	1			260		other	0
10108018	556	Response	1	13101363	4405	1
10108018	557	Sound	14	13124826	360	1			260		other	0
10108018	558	Sound	13	13152225	417	1			260		other	0
10108018	559	Sound	21	13173623	309	1			260		other	0
10108018	559	Response	1	13176958	3644	1
10108018	560	Sound	18	13195622	468	1			260		other	0
10108018	560	Response	1	13207356	12203	1
10108018	561	Response	255	13241674	29269	1
10108018	562	Sound	104	13314215	359	1			260		other	0
10108018	562	Response	1	13318709	4854	1
10108018	563	Sound	108	13337213	351	1			260		other	0
10108018	563	Response	1	13340148	3286	1
10108018	564	Sound	102	13365212	341	1			260		other	0
10108018	565	Sound	105	13392210	332	1			260		other	0
10108018	565	Response	1	13396945	5066	1
10108018	566	Sound	108	13419208	322	1			260		other	0
10108018	566	Response	1	13422543	3657	1
10108018	567	Sound	111	13435407	350	1			260		other	0
10108018	567	Response	1	13438222	3164	1
10108018	568	Sound	103	13461606	374	1			260		other	0
10108018	569	Sound	110	13484804	399	1			260		other	0
10108018	569	Response	1	13487819	3413	1
10108018	570	Sound	110	13506403	324	1			260		other	0
10108018	570	Response	1	13509658	3579	1
10108018	571	Sound	101	13532202	448	1			260		other	0
10108018	572	Sound	108	13555000	407	1			260		other	0
10108018	572	Response	1	13558615	4021	1
10108018	573	Sound	111	13582399	297	1			260		other	0
10108018	573	Response	1	13585253	3152	1
10108018	574	Sound	106	13600397	291	1			260		other	0
10108018	574	Response	1	13604212	4105	1
10108018	575	Sound	107	13622596	316	1			260		other	0
10108018	575	Response	1	13627651	5371	1
10108018	576	Sound	105	13641395	276	1			260		other	0
10108018	576	Response	1	13645569	4451	1
10108018	577	Sound	108	13669793	333	1			260		other	0
10108018	577	Response	1	13673248	3787	1
10108018	578	Sound	109	13694192	391	1			260		other	0
10108018	578	Response	1	13700126	6325	1
10108018	579	Sound	109	13712791	318	1			260		other	0
10108018	579	Response	1	13715885	3412	1
10108018	580	Sound	108	13735989	342	1			260		other	0
10108018	580	Response	1	13739483	3837	1
10108018	581	Sound	111	13758988	334	1			260		other	0
10108018	581	Response	1	13762202	3549	1
10108018	582	Sound	104	13775787	462	1			260		other	0
10108018	583	Sound	109	13792386	389	1			260		other	0
10108018	584	Sound	104	13820184	346	1			260		other	0
10108018	584	Response	1	13824678	4840	1
10108018	585	Sound	104	13841783	438	1			260		other	0
10108018	585	Response	1	13847797	6452	1
10108018	586	Sound	107	13863182	331	1			260		other	0
10108018	586	Response	1	13866836	3985	1
10108018	587	Sound	102	13879781	425	1			260		other	0
10108018	588	Sound	104	13897179	318	1			260		other	0
10108018	589	Sound	102	13922978	276	1			260		other	0
10108018	590	Sound	111	13948976	267	1			260		other	0
10108018	590	Response	1	13951791	3081	1
10108018	591	Sound	103	13974175	291	1			260		other	0
10108018	592	Sound	102	14001773	381	1			260		other	0
10108018	593	Sound	101	14022372	307	1			260		other	0
10108018	594	Sound	103	14049370	464	1			260		other	0
10108018	595	Sound	107	14069369	290	1			260		other	0
10108018	595	Response	1	14074103	5025	1
10108018	596	Sound	106	14086368	284	1			260		other	0
10108018	596	Response	1	14090502	4418	1
10108018	597	Sound	101	14105367	278	1			260		other	0
10108018	598	Sound	109	14124966	371	1			260		other	0
10108018	598	Response	1	14127860	3265	1
10108018	599	Sound	101	14150564	295	1			260		other	0
10108018	600	Sound	110	14175963	353	1			260		other	0
10108018	600	Response	1	14179857	4246	1
10108018	601	Sound	109	14204561	442	1			260		other	0
10108018	602	Sound	111	14228959	334	1			260		other	0
10108018	602	Response	1	14232013	3388	1
10108018	603	Sound	101	14248358	393	1			260		other	0
10108018	604	Sound	105	14276357	383	1			260		other	0
10108018	604	Response	1	14280570	4597	1
10108018	605	Sound	107	14292556	411	1			260		other	0
10108018	606	Sound	110	14316154	336	1			260		other	0
10108018	606	Response	1	14320088	4269	1
10108018	607	Sound	105	14335753	429	1			260		other	0
10108018	607	Response	1	14339927	4603	1
10108018	608	Sound	105	14361552	387	1			260		other	0
10108018	608	Response	1	14364885	3720	1
10108018	609	Sound	102	14378350	347	1			260		other	0
10108018	610	Sound	107	14398749	407	1			260		other	0
10108018	610	Response	1	14401763	3420	1
10108018	611	Sound	106	14422548	365	1			260		other	0
10108018	611	Response	1	14426241	4058	1
10108018	612	Sound	110	14446146	457	1			260		other	0
10108018	612	Response	1	14449360	3671	1
10108018	613	Sound	106	14465145	283	1			260		other	0
10108018	613	Response	1	14469279	4416	1
10108018	614	Sound	103	14483544	343	1			260		other	0
10108018	615	Sound	103	14506343	468	1			260		other	0
10108018	616	Sound	106	14534741	358	1			260		other	0
10108018	616	Response	1	14540074	5691	1
10108018	617	Response	255	14855015	293377	1
10108018	618	Sound	21	14924317	320	1			260		other	0
10108018	618	Response	1	14926930	2932	1
10108018	619	Sound	19	14943316	313	1			260		other	0
10108018	619	Response	1	14946769	3766	1
10108018	620	Sound	11	14966515	338	1			260		other	0
10108018	621	Sound	11	14988914	396	1			260		other	0
10108018	622	Sound	14	15011712	355	1			260		other	0
10108018	623	Sound	21	15038711	345	1			260		other	0
10108018	623	Response	1	15041403	3038	1
10108018	624	Sound	14	15063109	403	1			260		other	0
10108018	625	Sound	11	15082708	330	1			260		other	0
10108018	626	Sound	12	15109306	420	1			260		other	0
10108018	627	Sound	16	15129305	413	1			260		other	0
10108018	627	Response	1	15133317	4425	2
10108018	628	Sound	21	15151704	472	1			260		other	0
10108018	628	Response	1	15155156	3924	1
10108018	629	Sound	16	15172503	264	1			260		other	0
10108018	630	Sound	20	15191301	391	1			260		other	0
10108018	630	Response	1	15197954	7044	1
10108018	631	Sound	17	15212500	417	1			260		other	0
10108018	631	Response	1	15216113	4029	1
10108018	632	Sound	14	15237299	375	1			260		other	0
10108018	633	Sound	19	15259897	300	1			260		other	0
10108018	633	Response	1	15263950	4352	1
10108018	634	Sound	15	15278696	427	1			260		other	0
10108018	634	Response	1	15283629	5360	1
10108018	635	Sound	15	15297695	420	1			260		other	0
10108018	636	Sound	12	15315294	347	1			260		other	0
10108018	637	Sound	19	15331093	308	1			260		other	0
10108018	637	Response	1	15334745	3960	1
10108018	638	Sound	20	15350492	368	1			260		other	0
10108018	638	Response	1	15353544	3420	1
10108018	639	Sound	19	15376690	392	1			260		other	0
10108018	639	Response	1	15379543	3244	1
10108018	640	Sound	17	15394089	452	1			260		other	0
10108018	640	Response	1	15397622	3985	1
10108018	641	Sound	17	15411888	413	1			260		other	0
10108018	641	Response	1	15415540	4065	1
10108018	642	Sound	15	15430087	273	1			260		other	0
10108018	643	Sound	16	15453485	331	1			260		other	0
10108018	644	Sound	13	15481284	288	1			260		other	0
10108018	645	Sound	18	15508282	445	1			260		other	0
10108018	645	Response	1	15512574	4737	1
10108018	646	Sound	14	15524481	306	1			260		other	0
10108018	647	Sound	12	15552480	463	1			260		other	0
10108018	648	Sound	21	15570478	456	1			260		other	0
10108018	648	Response	1	15573051	3028	1
10108018	649	Sound	18	15591077	382	1			260		other	0
10108018	649	Response	1	15594249	3554	1
10108018	650	Sound	16	15608676	309	1			260		other	0
10108018	650	Response	1	15611928	3561	1
10108018	651	Sound	18	15624475	270	1			260		other	0
10108018	651	Response	1	15627447	3242	1
10108018	652	Sound	14	15649874	328	1			260		other	0
10108018	653	Sound	11	15672472	420	1			260		other	0
10108018	654	Sound	19	15688671	281	1			260		other	0
10108018	654	Response	1	15692083	3692	1
10108018	655	Sound	13	15715670	438	1			260		other	0
10108018	656	Sound	13	15732069	332	1			260		other	0
10108018	657	Sound	16	15747868	294	1			260		other	0
10108018	657	Response	1	15751920	4346	1
10108018	658	Sound	13	15764067	320	1			260		other	0
10108018	659	Sound	11	15791665	411	1			260		other	0
10108018	660	Sound	20	15814264	336	1			260		other	0
10108018	660	Response	1	15817516	3588	1
10108018	661	Sound	12	15838062	294	1			260		other	0
10108018	662	Sound	17	15860461	353	1			260		other	0
10108018	662	Response	1	15865993	5884	1
10108018	663	Sound	12	15876460	347	1			260		other	0
10108018	664	Sound	13	15902259	305	1			260		other	0
10108018	665	Sound	18	15930257	461	1			260		other	0
10108018	665	Response	1	15936788	6993	1
10108018	666	Sound	20	15954255	286	1			260		other	0
10108018	666	Response	1	15957747	3778	1
10108018	667	Sound	15	15972854	379	1			260		other	0
10108018	668	Sound	20	15995253	438	1			260		other	0
10108018	668	Response	1	15998145	3330	1
10108018	669	Sound	18	16010452	299	1			260		other	0
10108018	670	Sound	21	16034250	424	1			260		other	0
10108018	670	Response	1	16036782	2956	1
10108018	671	Sound	15	16051450	285	1			260		other	0
10108018	672	Sound	17	16066649	313	1			260		other	0
10108018	673	Response	255	16100778	16857	1
10108018	674	Sound	12	16165643	277	1			260		other	0
10108018	675	Sound	17	16192641	435	1			260		other	0
10108018	675	Response	1	16196692	4486	1
10108018	676	Sound	12	16208040	329	1			260		other	0
10108018	677	Sound	11	16230239	354	1			260		other	0
10108018	678	Sound	14	16256237	345	1			260		other	0
10108018	679	Sound	21	16278436	371	1			260		other	0
10108018	679	Response	1	16281007	2942	1
10108018	680	Sound	19	16305434	361	1			260		other	0
10108018	680	Response	1	16309005	3932	1
10108018	681	Sound	13	16324433	354	1			260		other	0
10108018	682	Sound	13	16345432	347	1			260		other	0
10108018	683	Sound	19	16367630	372	1			260		other	0
10108018	683	Response	1	16370761	3503	1
10108018	684	Sound	16	16393829	396	1			260		other	0
10108018	684	Response	1	16397240	3807	1
10108018	685	Sound	15	16415428	322	1			260		other	0
10108018	686	Sound	21	16442026	412	1			260		other	0
10108018	686	Response	1	16444437	2823	1
10108018	687	Sound	11	16469224	436	1			260		other	0
10108018	688	Sound	12	16491823	361	1			260		other	0
10108018	689	Sound	18	16512022	388	1			260		other	0
10108018	689	Response	1	16515632	3998	1
10108018	690	Sound	19	16539820	344	1			260		other	0
10108018	690	Response	1	16543391	3915	1
10108018	691	Sound	19	16560619	470	1			260		other	0
10108018	691	Response	1	16564109	3961	1
10108018	692	Sound	11	16588817	327	1			260		other	0
10108018	693	Sound	12	16612016	352	1			260		other	0
10108018	694	Sound	21	16634214	377	1			260		other	0
10108018	694	Response	1	16636665	2828	1
10108018	695	Sound	11	16653813	304	1			260		other	0
10108018	696	Sound	20	16669612	431	1			260		other	0
10108018	696	Response	1	16674183	5002	1
10108018	697	Sound	13	16695011	322	1			260		other	0
10108018	698	Sound	15	16718809	447	1			260		other	0
10108018	699	Sound	20	16745607	404	1			260		other	0
10108018	699	Response	1	16748658	3455	1
10108018	700	Sound	15	16767806	430	1			260		other	0
10108018	701	Sound	17	16789205	322	1			260		other	0
10108018	701	Response	1	16792416	3533	1
10108018	702	Sound	14	16811803	414	1			260		other	0
10108018	703	Sound	17	16828403	342	1			260		other	0
10108018	703	Response	1	16831933	3872	1
10108018	704	Sound	20	16849201	467	1			260		other	0
10108018	704	Response	1	16853292	4558	1
10108018	705	Sound	14	16877000	424	1			260		other	0
10108018	706	Sound	17	16897398	317	1			260		other	0
10108018	706	Response	1	16901369	4288	1
10108018	707	Sound	14	16918197	276	1			260		other	0
10108018	708	Sound	21	16943996	400	1			260		other	0
10108018	708	Response	1	16947286	3691	1
10108018	709	Sound	13	16963594	327	1			260		other	0
10108018	710	Sound	15	16980993	387	1			260		other	0
10108018	711	Sound	20	17006792	345	1			260		other	0
10108018	711	Response	1	17009922	3475	1
10108018	712	Sound	18	17023191	406	1			260		other	0
10108018	712	Response	1	17027441	4656	1
10108018	713	Sound	18	17051389	429	1			260		other	0
10108018	713	Response	1	17055839	4879	1
10108018	714	Sound	17	17072988	354	1			260		other	0
10108018	715	Sound	16	17100386	411	1			260		other	0
10108018	716	Sound	15	17125185	369	1			260		other	0
10108018	717	Sound	12	17148983	327	1			260		other	0
10108018	718	Sound	18	17172782	452	1			260		other	0
10108018	718	Response	1	17175992	3662	1
10108018	719	Sound	21	17200580	409	1			260		other	0
10108018	719	Response	1	17203510	3339	1
10108018	720	Sound	11	17228578	399	1			260		other	0
10108018	721	Sound	16	17247977	459	1			260		other	0
10108018	722	Sound	16	17269776	418	1			260		other	0
10108018	723	Sound	18	17293974	276	1			260		other	0
10108018	723	Response	1	17298304	4606	1
10108018	724	Sound	20	17310973	436	1			260		other	0
10108018	724	Response	1	17314703	4166	1
10108018	725	Sound	16	17334572	361	1			260		other	0
10108018	725	Response	1	17339982	5771	1
10108018	726	Sound	13	17355171	287	1			260		other	0
10108018	727	Sound	19	17376169	280	1			260		other	0
10108018	727	Response	1	17381739	5849	1
10108018	728	Sound	14	17404368	303	1			260		other	0
10108018	729	Response	255	17832191	407874	1
10108018	730	Sound	12	17909337	290	1			260		other	0
10108018	731	Sound	11	17930336	282	1			260		other	0
10108018	732	Sound	21	17951535	475	1			260		other	0
10108018	732	Response	1	17954904	3844	1
10108018	733	Sound	20	17970734	335	1			260		other	0
10108018	733	Response	1	17973943	3544	1
10108018	734	Sound	15	17995132	393	1			260		other	0
10108018	735	Sound	13	18019531	451	1			260		other	0
10108018	736	Sound	13	18035730	312	1			260		other	0
10108018	737	Sound	16	18055329	405	1			260		other	0
10108018	737	Response	1	18059377	4454	1
10108018	738	Sound	15	18079327	396	1			260		other	0
10108018	738	Response	1	18084656	5725	1
10108018	739	Sound	17	18105725	453	1			260		other	0
10108018	739	Response	1	18109375	4103	1
10108018	740	Sound	20	18133724	277	1			260		other	0
10108018	740	Response	1	18137133	3686	1
10108018	741	Sound	12	18151923	471	1			260		other	0
10108018	742	Sound	16	18168922	464	1			260		other	0
10108018	742	Response	1	18173131	4673	1
10108018	743	Sound	11	18185521	392	1			260		other	0
10108018	744	Sound	16	18201520	386	1			260		other	0
10108018	745	Sound	17	18220918	446	1			260		other	0
10108018	745	Response	1	18225127	4654	1
10108018	746	Sound	12	18239717	406	1			260		other	0
10108018	747	Sound	13	18256316	333	1			260		other	0
10108018	748	Sound	13	18278315	325	1			260		other	0
10108018	749	Sound	13	18297714	385	1			260		other	0
10108018	750	Sound	12	18320113	444	1			260		other	0
10108018	751	Sound	19	18338311	471	1			260		other	0
10108018	751	Response	1	18344160	6320	1
10108018	752	Sound	20	18359310	464	1			260		other	0
10108018	752	Response	1	18362959	4113	1
10108018	753	Sound	12	18386708	353	1			260		other	0
10108018	754	Sound	20	18412907	377	1			260		other	0
10108018	754	Response	1	18416956	4426	1
10108018	755	Sound	17	18437505	302	1			260		other	0
10108018	755	Response	1	18443354	6150	1
10108018	756	Sound	21	18459904	361	1			260		other	0
10108018	756	Response	1	18463672	4129	1
10108018	757	Sound	18	18483503	286	1			260		other	0
10108018	757	Response	1	18488151	4934	1
10108018	758	Sound	15	18500302	413	1			260		other	0
10108018	758	Response	1	18504070	4182	1
10108018	759	Sound	14	18526900	337	1			260		other	0
10108018	760	Sound	17	18543699	297	1			260		other	0
10108018	761	Sound	11	18565698	456	1			260		other	0
10108018	762	Sound	19	18588696	448	1			260		other	0
10108018	762	Response	1	18591905	3657	1
10108018	763	Sound	20	18608695	274	1			260		other	0
10108018	763	Response	1	18613503	5083	1
10108018	764	Sound	18	18635693	432	1			260		other	0
10108018	764	Response	1	18638622	3360	1
10108018	765	Sound	18	18661492	389	1			260		other	0
10108018	765	Response	1	18663980	2877	1
10108018	766	Sound	17	18687290	346	1			260		other	0
10108018	766	Response	1	18689979	3035	1
10108018	767	Sound	14	18703089	307	1			260		other	0
10108018	768	Sound	14	18730088	298	1			260		other	0
10108018	769	Sound	14	18757486	355	1			260		other	0
10108018	770	Sound	19	18774085	449	1			260		other	0
10108018	771	Sound	19	18792084	443	1			260		other	0
10108018	772	Sound	16	18811083	436	1			260		other	0
10108018	773	Sound	15	18832682	361	1			260		other	0
10108018	773	Response	1	18837410	5089	1
10108018	774	Sound	21	18855280	287	1			260		other	0
10108018	774	Response	1	18858208	3215	1
10108018	775	Sound	21	18874479	313	1			260		other	0
10108018	775	Response	1	18877407	3241	1
10108018	776	Sound	19	18901277	437	1			260		other	0
10108018	776	Response	1	18904445	3605	2
10108018	777	Sound	11	18919476	464	1			260		other	0
10108018	778	Sound	16	18936675	324	1			260		other	0
10108018	778	Response	1	18940283	3932	1
10108018	779	Sound	15	18954474	451	1			260		other	0
10108018	780	Sound	21	18982473	441	1			260		other	0
10108018	780	Response	1	18985080	3049	1
10108018	781	Sound	11	19005071	367	1			260		other	0
10108018	782	Sound	18	19021670	461	1			260		other	0
10108018	782	Response	1	19025958	4748	1
10108018	783	Sound	18	19045069	352	1			260		other	0
10108018	783	Response	1	19049077	4360	1
10108018	784	Sound	14	19068267	377	1			260		other	0
10108018	785	Response	255	19105633	18658	1
10108018	786	Sound	21	19180461	371	1			260		other	0
10108018	786	Response	1	19183628	3539	1
10108018	787	Sound	16	19200259	330	1			260		other	0
10108018	788	Sound	13	19228058	287	1			260		other	0
10108018	789	Sound	20	19247656	380	1			260		other	0
10108018	789	Response	1	19251384	4108	1
10108018	790	Sound	14	19268055	440	1			260		other	0
10108018	791	Sound	20	19287054	433	1			260		other	0
10108018	791	Response	1	19290022	3401	1
10108018	792	Sound	13	19312253	290	1			260		other	0
10108018	793	Sound	15	19336851	382	1			260		other	0
10108018	794	Sound	18	19355450	309	1			260		other	0
10108018	794	Response	1	19359458	4316	1
10108018	795	Sound	11	19375849	368	1			260		other	0
10108018	796	Sound	17	19395248	428	1			260		other	0
10108018	796	Response	1	19399215	4395	1
10108018	797	Sound	17	19419446	286	1			260		other	0
10108018	798	Sound	18	19440045	378	1			260		other	0
10108018	798	Response	1	19443612	3946	1
10108018	799	Sound	11	19464643	303	1			260		other	0
10108018	800	Sound	18	19492642	460	1			260		other	0
10108018	800	Response	1	19496489	4307	1
10108018	801	Sound	11	19513640	285	1			260		other	0
10108018	802	Sound	12	19540639	443	1			260		other	0
10108018	803	Sound	16	19564837	301	1			260		other	0
10108018	803	Response	1	19569444	4908	1
10108018	804	Sound	21	19580836	295	1			260		other	0
10108018	804	Response	1	19586883	6342	1
10108018	805	Sound	12	19606035	319	1			260		other	0
10108018	806	Sound	19	19624434	379	1			260		other	0
10108018	807	Sound	14	19649032	304	1			260		other	0
10108018	808	Sound	20	19666031	465	1			260		other	0
10108018	808	Response	1	19669278	3712	1
10108018	809	Sound	21	19687830	424	1			260		other	0
10108018	809	Response	1	19690877	3471	1
10108018	810	Sound	14	19713628	381	1			260		other	0
10108018	811	Sound	20	19734627	374	1			260		other	0
10108018	811	Response	1	19740234	5980	1
10108018	812	Sound	21	19759226	465	1			260		other	0
10108018	812	Response	1	19762072	3312	1
10108018	813	Sound	19	19780024	424	1			260		other	0
10108018	813	Response	1	19783911	4311	1
10108018	814	Sound	11	19806223	448	1			260		other	0
10108018	815	Sound	11	19830821	373	1			260		other	0
10108018	816	Sound	15	19857020	397	1			260		other	0
10108018	817	Sound	20	19876019	390	1			260		other	0
10108018	817	Response	1	19880065	4437	1
10108018	818	Sound	19	19897817	349	1			260		other	0
10108018	818	Response	1	19900784	3316	1
10108018	819	Sound	19	19917416	442	1			260		other	0
10108018	819	Response	1	19921503	4529	1
10108018	820	Sound	16	19945014	365	1			260		other	0
10108018	820	Response	1	19950381	5732	1
10108018	821	Sound	19	19962013	359	1			260		other	0
10108018	821	Response	1	19965900	4246	1
10108018	822	Sound	17	19984812	318	1			260		other	0
10108018	822	Response	1	19989658	5164	1
10108018	823	Sound	16	20001811	479	1			260		other	0
10108018	824	Sound	18	20019810	305	1			260		other	0
10108018	825	Sound	14	20040809	298	1			260		other	0
10108018	826	Sound	14	20063207	357	1			260		other	0
10108018	827	Sound	13	20086806	448	1			260		other	0
10108018	828	Sound	17	20106605	408	1			260		other	0
10108018	829	Sound	13	20127603	400	1			260		other	0
10108018	830	Sound	21	20155002	291	1			260		other	0
10108018	830	Response	1	20157648	2937	1
10108018	831	Sound	13	20174400	350	1			260		other	0
10108018	832	Sound	15	20201599	374	1			260		other	0
10108018	833	Sound	12	20223798	399	1			260		other	0
10108018	834	Sound	18	20249596	357	1			260		other	0
10108018	834	Response	1	20253802	4563	1
10108018	835	Sound	17	20268995	417	1			260		other	0
10108018	835	Response	1	20272761	4183	1
10108018	836	Sound	16	20296193	274	1			260		other	0
10108018	836	Response	1	20300280	4360	1
10108018	837	Sound	12	20318192	432	1			260		other	0
10108018	838	Sound	12	20333791	360	1			260		other	0
10108018	839	Sound	15	20349790	355	1			260		other	0
10108018	840	Sound	15	20370389	447	1			260		other	0
10108018	841	Response	255	20455870	60341	1
10108018	842	Sound	102	20525779	292	1			260		other	0
10108018	843	Sound	109	20550378	383	1			260		other	0
10108018	843	Response	1	20553304	3309	1
10108018	844	Sound	103	20569577	410	1			260		other	0
10108018	845	Sound	105	20592375	368	1			260		other	0
10108018	845	Response	1	20596101	4094	1
10108018	846	Sound	108	20621174	324	1			260		other	0
10108018	846	Response	1	20624500	3651	1
10108018	847	Sound	107	20643972	450	1			260		other	0
10108018	847	Response	1	20648498	4976	1
10108018	848	Sound	107	20667971	441	1			260		other	0
10108018	848	Response	1	20670977	3447	1
10108018	849	Sound	107	20695969	431	1			260		other	0
10108018	849	Response	1	20698975	3437	1
10108018	850	Sound	108	20713168	292	1			260		other	0
10108018	850	Response	1	20716894	4018	1
10108018	851	Sound	104	20729567	353	1			260		other	0
10108018	851	Response	1	20733453	4238	1
10108018	852	Sound	110	20753166	444	1			260		other	0
10108018	853	Sound	106	20771764	371	1			260		other	0
10108018	853	Response	1	20774570	3176	1
10108018	854	Sound	101	20793363	296	1			260		other	0
10108018	855	Sound	111	20813362	456	1			260		other	0
10108018	855	Response	1	20816088	3182	1
10108018	856	Sound	104	20830161	417	1			260		other	0
10108018	856	Response	1	20834167	4423	1
10108018	857	Sound	101	20853160	409	1			260		other	0
10108018	858	Sound	107	20877758	333	1			260		other	0
10108018	858	Response	1	20881604	4179	1
10108018	859	Sound	111	20894557	294	1			260		other	0
10108018	859	Response	1	20898163	3900	1
10108018	860	Sound	102	20912356	421	1			260		other	0
10108018	861	Sound	103	20935555	446	1			260		other	0
10108018	862	Sound	110	20957553	272	1			260		other	0
10108018	862	Response	1	20961519	4237	1
10108018	863	Sound	105	20984752	295	1			260		other	0
10108018	863	Response	1	20988637	4181	1
10108018	864	Sound	106	21000751	456	1			260		other	0
10108018	864	Response	1	21005036	4742	1
10108018	865	Sound	105	21026749	280	1			260		other	0
10108018	866	Sound	106	21046148	340	1			260		other	0
10108018	866	Response	1	21049993	4185	1
10108018	867	Sound	109	21065947	466	1			260		other	0
10108018	867	Response	1	21069912	4432	1
10108018	868	Sound	105	21093545	390	1			260		other	0
10108018	868	Response	1	21098310	5155	1
10108018	869	Sound	101	21109944	451	1			260		other	0
10108018	870	Sound	102	21132343	342	1			260		other	0
10108018	871	Sound	104	21152941	435	1			260		other	0
10108018	872	Sound	107	21171740	395	1			260		other	0
10108018	872	Response	1	21175425	4080	1
10108018	873	Sound	103	21195939	420	1			260		other	0
10108018	873	Response	1	21201584	6065	1
10108018	874	Sound	102	21217938	413	1			260		other	0
10108018	875	Sound	106	21240936	404	1			260		other	0
10108018	875	Response	1	21244381	3849	1
10108018	876	Sound	111	21264735	362	1			260		other	0
10108018	876	Response	1	21267820	3447	1
10108018	877	Sound	109	21286533	321	1			260		other	0
10108018	877	Response	1	21291179	4966	1
10108018	878	Sound	101	21313532	311	1			260		other	0
10108018	879	Sound	104	21330331	439	1			260		other	0
10108018	880	Sound	110	21346530	300	1			260		other	0
10108018	880	Response	1	21350615	4385	1
10108018	881	Sound	104	21366529	459	1			260		other	0
10108018	882	Sound	111	21385527	286	1			260		other	0
10108018	882	Response	1	21389652	4411	2
10108018	883	Sound	103	21411326	410	1			260		other	0
10108018	884	Sound	108	21439724	300	1			260		other	0
10108018	884	Response	1	21442769	3345	1
10108018	885	Sound	108	21467122	357	1			260		other	0
10108018	885	Response	1	21472047	5282	1
10108018	886	Sound	106	21494721	447	1			260		other	0
10108018	886	Response	1	21498926	4652	1
10108018	887	Sound	109	21517719	272	1			260		other	0
10108018	887	Response	1	21522684	5236	1
10108018	888	Sound	110	21537918	465	1			260		other	0
10108018	888	Response	1	21540603	3150	1
10108018	889	Sound	110	21560917	290	1			260		other	0
10108018	889	Response	1	21564202	3575	1
10108018	890	Sound	111	21586315	348	1			260		other	0
10108018	890	Response	1	21589559	3591	3
10108018	891	Sound	109	21614514	371	1			260		other	0
10108018	892	Sound	103	21636712	396	1			260		other	0
10108018	893	Sound	105	21660311	321	1			260		other	0
10108018	893	Response	1	21667075	7085	1
10108018	894	Sound	101	21679110	448	1			260		other	0
10108018	895	Sound	102	21702508	340	1			260		other	0
10108018	896	Sound	108	21722907	399	1			260		other	0
10108018	896	Response	1	21726272	3764	1
10108018	897	Response	255	21769549	27122	1
10108018	898	Sound	111	21844500	456	1			260		other	0
10108018	898	Response	1	21847304	3260	1
10108018	899	Sound	105	21862299	416	1			260		other	0
10108018	900	Sound	102	21879897	343	1			260		other	0
10108018	901	Sound	106	21895697	304	1			260		other	0
10108018	901	Response	1	21900421	5028	1
10108018	902	Sound	103	21918895	329	1			260		other	0
10108018	903	Sound	104	21940294	388	1			260		other	0
10108018	903	Response	1	21944978	5072	1
10108018	904	Sound	111	21960893	314	1			260		other	0
10108018	904	Response	1	21964417	3839	1
10108018	905	Sound	107	21978692	275	1			260		other	0
10108018	905	Response	1	21986016	7599	1
10108018	906	Sound	103	21999290	367	1			260		other	0
10108018	907	Sound	105	22024889	291	1			260		other	0
10108018	907	Response	1	22029293	4696	1
10108018	908	Sound	106	22050087	316	1			260		other	0
10108018	908	Response	1	22054171	4400	1
10108018	909	Sound	106	22073086	308	1			260		other	0
10108018	909	Response	1	22076250	3472	1
10108018	910	Sound	102	22094885	433	1			260		other	0
10108018	911	Sound	108	22112084	294	1			260		other	0
10108018	911	Response	1	22115128	3338	1
10108018	912	Sound	109	22131482	353	1			260		other	0
10108018	912	Response	1	22136087	4958	1
10108018	913	Sound	103	22155681	378	1			260		other	0
10108018	914	Sound	110	22173680	372	1			260		other	0
10108018	914	Response	1	22176484	3176	1
10108018	915	Sound	101	22198478	329	1			260		other	0
10108018	916	Sound	101	22223877	387	1			260		other	0
10108018	917	Sound	107	22240876	381	1			260		other	0
10108018	917	Response	1	22244240	3745	1
10108018	918	Sound	105	22269674	337	1			260		other	0
10108018	918	Response	1	22273518	4181	1
10108018	919	Sound	108	22286473	465	1			260		other	0
10108018	919	Response	1	22290717	4709	1
10108018	920	Sound	108	22305472	458	1			260		other	0
10108018	920	Response	1	22310156	5142	1
10108018	921	Sound	109	22334470	448	1			260		other	0
10108018	921	Response	1	22338554	4532	1
10108018	922	Sound	102	22354469	274	1			260		other	0
10108018	923	Sound	104	22374668	467	1			260		other	0
10108018	923	Response	1	22377912	3711	1
10108018	924	Sound	104	22393666	460	1			260		other	0
10108018	925	Sound	106	22420065	351	1			260		other	0
10108018	925	Response	1	22424629	4914	1
10108018	926	Sound	102	22437664	444	1			260		other	0
10108018	927	Sound	103	22460663	436	1			260		other	0
10108018	928	Sound	110	22484861	461	1			260		other	0
10108018	928	Response	1	22487745	3345	1
10108018	929	Sound	109	22504260	354	1			260		other	0
10108018	929	Response	1	22508544	4638	1
10108018	930	Sound	109	22529058	312	1			260		other	0
10108018	930	Response	1	22532302	3556	1
10108018	931	Sound	111	22556857	435	1			260		other	0
10108018	931	Response	1	22560300	3879	1
10108018	932	Sound	108	22576455	362	1			260		other	0
10108018	932	Response	1	22580859	4765	1
10108018	933	Sound	104	22603054	452	1			260		other	0
10108018	933	Response	1	22609017	6416	1
10108018	934	Sound	109	22625853	411	1			260		other	0
10108018	934	Response	1	22629576	4134	1
10108018	935	Sound	108	22644051	271	1			260		other	0
10108018	935	Response	1	22648535	4754	1
10108018	936	Sound	107	22667050	429	1			260		other	0
10108018	936	Response	1	22671013	4393	1
10108018	937	Sound	111	22689049	422	1			260		other	0
10108018	937	Response	1	22691812	3185	1
10108018	938	Sound	105	22711847	380	1			260		other	0
10108018	938	Response	1	22716051	4583	1
10108018	939	Sound	110	22738246	437	1			260		other	0
10108018	939	Response	1	22741169	3361	1
10108018	940	Sound	102	22765044	395	1			260		other	0
10108018	941	Sound	111	22781643	322	1			260		other	0
10108018	941	Response	1	22784447	3125	1
10108018	942	Sound	103	22805442	280	1			260		other	0
10108018	943	Sound	106	22828840	338	1			260		other	0
10108018	943	Response	1	22832044	3542	1
10108018	944	Sound	110	22847839	332	1			260		other	0
10108018	944	Response	1	22851082	3575	1
10108018	945	Sound	107	22869838	324	1			260		other	0
10108018	945	Response	1	22873321	3807	1
10108018	946	Sound	104	22895636	281	1			260		other	0
10108018	946	Response	1	22899719	4364	1
10108018	947	Sound	101	22915635	441	1			260		other	0
10108018	948	Sound	101	22939834	299	1			260		other	0
10108018	949	Sound	105	22960632	425	1			260		other	0
10108018	949	Response	1	22964595	4388	1
10108018	950	Sound	101	22979831	451	1			260		other	0
10108018	951	Sound	110	22996830	445	1			260		other	0
10108018	951	Response	1	22999393	3008	1
10108018	952	Sound	107	23014629	406	1			260		other	0
10108018	952	Response	1	23018192	3969	1
10108018	953	Response	255	23063389	30080	1
10108018	954	Sound	19	23140621	361	1			260		other	0
10108018	954	Response	1	23144664	4404	1
10108018	955	Sound	18	23158620	354	1			260		other	0
10108018	955	Response	1	23162983	4717	1
10108018	956	Sound	13	23183219	279	1			260		other	0
10108018	957	Sound	13	23208817	370	1			260		other	0
10108018	958	Sound	20	23224216	264	1			260		other	0
10108018	958	Response	1	23227859	3907	1
10108018	959	Sound	21	23239415	292	1			260		other	0
10108018	959	Response	1	23242498	3375	1
10108018	960	Sound	17	23263214	417	1			260		other	0
10108018	960	Response	1	23267857	5060	1
10108018	961	Sound	15	23287413	442	1			260		other	0
10108018	962	Sound	21	23302812	336	1			260		other	0
10108018	962	Response	1	23306094	3619	1
10108018	963	Sound	13	23319611	297	1			260		other	0
10108018	964	Sound	17	23336610	458	1			260		other	0
10108018	964	Response	1	23341852	5700	1
10108018	965	Sound	14	23360008	349	1			260		other	0
10108018	966	Sound	15	23378607	276	1			260		other	0
10108018	967	Sound	12	23394006	337	1			260		other	0
10108018	968	Sound	11	23414605	430	1			260		other	0
10108018	969	Sound	14	23437403	388	1			260		other	0
10108018	970	Sound	12	23463402	379	1			260		other	0
10108018	971	Sound	14	23480001	306	1			260		other	0
10108018	971	Response	1	23485604	5909	1
10108018	972	Sound	11	23506999	464	1			260		other	0
10108018	973	Sound	12	23529998	289	1			260		other	0
10108018	974	Sound	16	23557396	346	1			260		other	0
10108018	974	Response	1	23561599	4548	1
10108018	975	Sound	17	23574595	373	1			260		other	0
10108018	975	Response	1	23578637	4415	1
10108018	976	Sound	12	23593394	333	1			260		other	0
10108018	977	Sound	20	23612793	393	1			260		other	0
10108018	977	Response	1	23616475	4075	1
10108018	978	Sound	16	23631392	319	1			260		other	0
10108018	978	Response	1	23635274	4202	1
10108018	979	Sound	11	23656190	444	1			260		other	0
10108018	980	Sound	21	23672589	338	1			260		other	0
10108018	980	Response	1	23675672	3420	1
10108018	981	Sound	12	23697388	296	1			260		other	0
10108018	982	Sound	13	23725586	319	1			260		other	0
10108018	983	Sound	11	23742385	280	1			260		other	0
10108018	984	Sound	18	23769383	270	1			260		other	0
10108018	984	Response	1	23772866	3752	1
10108018	985	Sound	14	23795582	461	1			260		other	0
10108018	986	Sound	16	23814181	388	1			260		other	0
10108018	986	Response	1	23817663	3870	1
10108018	987	Sound	18	23835980	347	1			260		other	0
10108018	987	Response	1	23839262	3629	1
10108018	988	Sound	20	23862578	437	1			260		other	0
10108018	988	Response	1	23866540	4399	1
10108018	989	Sound	11	23886776	295	1			260		other	0
10108018	990	Sound	21	23910375	387	1			260		other	0
10108018	990	Response	1	23914857	4869	1
10108018	991	Sound	16	23936373	377	1			260		other	0
10108018	992	Sound	15	23962772	268	1			260		other	0
10108018	992	Response	1	23969014	6510	1
10108018	993	Sound	15	23990570	391	1			260		other	0
10108018	994	Sound	15	24017769	415	1			260		other	0
10108018	994	Response	1	24022530	5177	1
10108018	995	Sound	19	24045567	372	1			260		other	0
10108018	995	Response	1	24049169	3974	1
10108018	996	Sound	14	24065566	365	1			260		other	0
10108018	997	Sound	19	24093364	321	1			260		other	0
10108018	997	Response	1	24097006	3963	1
10108018	998	Sound	20	24110763	382	1			260		other	0
10108018	998	Response	1	24116045	5664	1
10108018	999	Sound	16	24137761	372	1			260		other	0
10108018	1000	Sound	18	24156960	399	1			260		other	0
10108018	1000	Response	1	24161242	4680	1
10108018	1001	Sound	17	24179759	357	1			260		other	0
10108018	1001	Response	1	24183960	4559	1
10108018	1002	Sound	19	24197558	318	1			260		other	0
10108018	1002	Response	1	24201239	3999	1
10108018	1003	Sound	21	24224156	408	1			260		other	0
10108018	1003	Response	1	24227637	3890	1
10108018	1004	Sound	20	24245955	367	1			260		other	0
10108018	1004	Response	1	24249076	3489	1
10108018	1005	Sound	17	24261954	361	1			260		other	0
10108018	1005	Response	1	24266515	4923	1
10108018	1006	Sound	18	24289352	418	1			260		other	0
10108018	1006	Response	1	24293394	4460	1
10108018	1007	Sound	19	24305151	379	1			260		other	0
10108018	1007	Response	1	24308912	4141	1
10108018	1008	Sound	13	24321750	473	1			260		other	0
