Scenario - 
Logfile written - 02/04/2019 18:26:19

Subject	Trial	Event Type	Code	Time	TTime	Uncertainty	Duration	Uncertainty	ReqTime	ReqDur	Stim Type	Pair Index

10108021	1	Response	255	167416	167082	1
10108021	2	Sound	102	239404	413	1			260		other	0
10108021	3	Sound	107	257603	273	1			260		other	0
10108021	3	Response	1	260690	3361	1
10108021	4	Sound	104	282201	365	1			260		other	0
10108021	4	Response	1	286208	4372	1
10108021	5	Sound	111	298400	392	1			260		other	0
10108021	5	Response	1	300608	2600	1
10108021	6	Sound	108	315199	353	1			260		other	0
10108021	6	Response	1	318126	3280	1
10108021	7	Sound	110	331398	381	1			260		other	0
10108021	7	Response	1	334525	3508	1
10108021	8	Sound	107	356197	340	1			260		other	0
10108021	8	Response	1	358924	3067	1
10108021	9	Sound	106	376996	298	1			260		other	0
10108021	9	Response	1	380122	3424	3
10108021	10	Sound	104	396394	357	1			260		other	0
10108021	10	Response	1	402681	6644	1
10108021	11	Sound	101	418393	351	1			260		other	0
10108021	12	Sound	105	440792	409	1			260		other	0
10108021	12	Response	1	444118	3735	1
10108021	13	Sound	111	468190	298	1			260		other	0
10108021	13	Response	1	470597	2705	1
10108021	14	Sound	110	494989	422	1			260		other	0
10108021	14	Response	1	497475	2909	1
10108021	15	Sound	101	515387	315	1			260		other	0
10108021	16	Sound	105	538186	440	1			260		other	0
10108021	16	Response	1	542032	4287	1
10108021	17	Sound	107	566984	397	1			260		other	0
10108021	17	Response	1	569951	3364	1
10108021	18	Sound	102	591783	355	1			260		other	0
10108021	19	Sound	104	611782	347	1			260		other	0
10108021	19	Response	1	616508	5074	1
10108021	20	Sound	106	635580	306	1			260		other	0
10108021	20	Response	1	638586	3312	1
10108021	21	Sound	107	662778	329	1			260		other	0
10108021	21	Response	1	665625	3176	1
10108021	22	Sound	104	679577	290	1			260		other	0
10108021	23	Sound	101	708576	446	1			260		other	0
10108021	24	Sound	110	736574	436	1			260		other	0
10108021	24	Response	1	739221	3083	1
10108021	25	Sound	103	757773	295	1			260		other	0
10108021	26	Sound	104	784771	286	1			260		other	0
10108021	26	Response	1	789697	5212	1
10108021	27	Sound	103	809770	444	1			260		other	0
10108021	28	Sound	108	833368	369	1			260		other	0
10108021	28	Response	1	835615	2615	1
10108021	29	Sound	107	861966	459	1			260		other	0
10108021	29	Response	1	864653	3145	1
10108021	30	Sound	102	890765	415	1			260		other	0
10108021	30	Response	1	894811	4461	1
10108021	31	Sound	103	916163	472	1			260		other	0
10108021	31	Response	1	920089	4398	1
10108021	32	Sound	110	941162	464	1			260		other	0
10108021	32	Response	1	944408	3710	1
10108021	33	Sound	108	969960	420	1			260		other	0
10108021	33	Response	1	972806	3266	1
10108021	34	Sound	109	995758	377	1			260		other	0
10108021	34	Response	1	998565	3183	1
10108021	35	Sound	101	1022957	401	1			260		other	0
10108021	36	Sound	110	1047755	359	1			260		other	0
10108021	36	Response	1	1050321	2924	2
10108021	37	Sound	108	1071554	317	1			260		other	0
10108021	37	Response	1	1074800	3563	1
10108021	38	Sound	105	1090153	411	1			260		other	0
10108021	38	Response	1	1093999	4256	1
10108021	39	Sound	108	1118751	334	1			260		other	0
10108021	39	Response	1	1121757	3340	1
10108021	40	Sound	106	1144749	325	1			260		other	0
10108021	40	Response	1	1147755	3331	1
10108021	41	Sound	102	1170748	315	1			260		other	0
10108021	42	Sound	102	1195546	440	1			260		other	0
10108021	43	Sound	101	1211945	334	1			260		other	0
10108021	44	Sound	109	1239944	324	1			260		other	0
10108021	44	Response	1	1242949	3329	1
10108021	45	Sound	105	1268142	347	1			260		other	0
10108021	45	Response	1	1272947	5152	1
10108021	46	Sound	111	1293940	472	1			260		other	0
10108021	46	Response	1	1296466	2998	1
10108021	47	Sound	111	1317539	396	1			260		other	0
10108021	47	Response	1	1319665	2522	1
10108021	48	Sound	111	1336938	457	1			260		other	0
10108021	48	Response	1	1339504	3022	1
10108021	49	Sound	109	1360936	447	1			260		other	0
10108021	49	Response	1	1363982	3493	1
10108021	50	Sound	106	1380335	340	1			260		other	0
10108021	50	Response	1	1383419	3424	2
10108021	51	Sound	109	1398134	301	1			260		other	0
10108021	51	Response	1	1401100	3266	1
10108021	52	Sound	103	1423733	392	1			260		other	0
10108021	53	Sound	109	1442132	452	1			260		other	0
10108021	53	Response	1	1444857	3177	1
10108021	54	Sound	106	1470330	308	1			260		other	0
10108021	54	Response	1	1474295	4274	1
10108021	55	Sound	103	1496528	332	1			260		other	0
10108021	55	Response	1	1500534	4338	1
10108021	56	Sound	105	1520327	457	1			260		other	0
10108021	56	Response	1	1525172	5302	1
10108021	57	Response	255	1839953	297997	1
10108021	58	Sound	101	1917503	349	1			260		other	0
10108021	59	Sound	105	1935302	309	1			260		other	0
10108021	59	Response	1	1938907	3914	1
10108021	60	Sound	111	1952901	403	1			260		other	0
10108021	60	Response	1	1955306	2808	1
10108021	61	Sound	102	1978099	428	1			260		other	0
10108021	62	Sound	104	2002298	286	1			260		other	0
10108021	62	Response	1	2006182	4170	1
10108021	63	Sound	110	2029296	443	1			260		other	0
10108021	63	Response	1	2032021	3167	1
10108021	64	Sound	107	2051295	435	1			260		other	0
10108021	64	Response	1	2054020	3159	1
10108021	65	Sound	108	2080093	391	1			260		other	0
10108021	65	Response	1	2082658	2956	1
10108021	66	Sound	109	2105492	450	1			260		other	0
10108021	66	Response	1	2107776	2734	1
10108021	67	Sound	105	2122091	376	1			260		other	0
10108021	67	Response	1	2126975	5261	1
10108021	68	Sound	105	2141690	303	1			260		other	0
10108021	68	Response	1	2145134	3747	1
10108021	69	Sound	101	2169488	426	1			260		other	0
10108021	70	Sound	106	2193486	417	1			260		other	0
10108021	70	Response	1	2196011	2942	1
10108021	71	Sound	109	2217885	310	1			260		other	0
10108021	71	Response	1	2220969	3394	1
10108021	72	Sound	106	2243883	299	1			260		other	0
10108021	72	Response	1	2246968	3384	1
10108021	73	Sound	111	2260882	294	1			260		other	0
10108021	73	Response	1	2263527	2938	1
10108021	74	Sound	111	2285281	352	1			260		other	0
10108021	74	Response	1	2287365	2436	1
10108021	75	Sound	108	2308879	443	1			260		other	0
10108021	75	Response	1	2311364	2927	1
10108021	76	Sound	108	2332878	268	1			260		other	0
10108021	76	Response	1	2335442	2832	1
10108021	77	Sound	110	2360676	391	1			260		other	0
10108021	77	Response	1	2362960	2675	1
10108021	78	Sound	103	2388275	315	1			260		other	0
10108021	79	Sound	108	2406474	342	1			260		other	0
10108021	79	Response	1	2409918	3786	1
10108021	80	Sound	103	2433872	399	1			260		other	0
10108021	81	Sound	107	2452071	425	1			260		other	0
10108021	81	Response	1	2455355	3709	1
10108021	82	Sound	107	2476469	317	1			260		other	0
10108021	82	Response	1	2480473	4321	1
10108021	83	Sound	104	2493069	411	1			260		other	0
10108021	83	Response	1	2497032	4374	1
10108021	84	Sound	105	2509268	272	1			260		other	0
10108021	84	Response	1	2512791	3795	1
10108021	85	Sound	103	2533466	463	1			260		other	0
10108021	85	Response	1	2537428	4425	3
10108021	86	Sound	106	2555665	322	1			260		other	0
10108021	86	Response	1	2557988	2645	1
10108021	87	Sound	104	2578063	380	1			260		other	0
10108021	87	Response	1	2581587	3904	1
10108021	88	Sound	102	2597862	340	1			260		other	0
10108021	89	Sound	108	2620861	332	1			260		other	0
10108021	89	Response	1	2623984	3455	1
10108021	90	Sound	111	2644659	290	1			260		other	0
10108021	90	Response	1	2647103	2734	1
10108021	91	Sound	101	2672658	447	1			260		other	0
10108021	92	Sound	102	2695856	305	1			260		other	0
10108021	93	Sound	110	2718855	464	1			260		other	0
10108021	93	Response	1	2721818	3427	1
10108021	94	Sound	105	2745053	321	1			260		other	0
10108021	94	Response	1	2748697	3964	1
10108021	95	Sound	103	2766452	380	1			260		other	0
10108021	95	Response	1	2769655	3583	1
10108021	96	Sound	104	2788051	472	1			260		other	0
10108021	96	Response	1	2791494	3916	1
10108021	97	Sound	102	2814649	396	1			260		other	0
10108021	98	Sound	109	2836048	289	1			260		other	0
10108021	98	Response	1	2839091	3332	1
10108021	99	Sound	107	2861846	413	1			260		other	0
10108021	99	Response	1	2864929	3496	1
10108021	100	Sound	106	2886845	404	1			260		other	0
10108021	100	Response	1	2889408	2967	1
10108021	101	Sound	109	2912843	395	1			260		other	0
10108021	101	Response	1	2915566	3117	1
10108021	102	Sound	107	2936642	353	1			260		other	0
10108021	102	Response	1	2940045	3756	1
10108021	103	Sound	101	2953041	413	1			260		other	0
10108021	104	Sound	101	2981039	403	1			260		other	0
10108021	105	Sound	110	3005638	328	1			260		other	0
10108021	105	Response	1	3008600	3291	1
10108021	106	Sound	102	3030636	319	1			260		other	0
10108021	107	Sound	111	3058435	443	1			260		other	0
10108021	107	Response	1	3060837	2846	1
10108021	108	Sound	103	3080833	336	1			260		other	0
10108021	109	Sound	106	3101032	361	1			260		other	0
10108021	109	Response	1	3104275	3604	1
10108021	110	Sound	109	3128030	351	1			260		other	0
10108021	110	Response	1	3130993	3314	1
10108021	111	Sound	104	3153829	309	1			260		other	0
10108021	112	Sound	110	3177027	334	1			260		other	0
10108021	112	Response	1	3179710	3016	1
10108021	113	Response	255	3662640	462693	1
10108021	114	Sound	11	3731194	336	1			260		other	0
10108021	115	Sound	14	3746593	397	1			260		other	0
10108021	116	Sound	13	3762992	292	1			260		other	0
10108021	117	Sound	13	3784191	317	1			260		other	0
10108021	118	Sound	16	3804190	310	1			260		other	0
10108021	119	Sound	17	3823389	337	1			260		other	0
10108021	119	Response	1	3827590	4538	1
10108021	120	Sound	16	3849187	461	1			260		other	0
10108021	120	Response	1	3852069	3342	1
10108021	121	Sound	16	3872186	453	1			260		other	0
10108021	121	Response	1	3876467	4734	1
10108021	122	Sound	19	3893984	412	1			260		other	0
10108021	122	Response	1	3898146	4573	1
10108021	123	Sound	14	3919183	269	1			260		other	0
10108021	124	Sound	19	3946381	459	1			260		other	0
10108021	124	Response	1	3949663	3741	1
10108021	125	Sound	19	3962980	387	1			260		other	0
10108021	125	Response	1	3966942	4348	1
10108021	126	Sound	12	3988379	278	1			260		other	0
10108021	127	Sound	15	4012177	403	1			260		other	0
10108021	127	Response	1	4015418	3644	1
10108021	128	Sound	17	4030976	363	1			260		other	0
10108021	128	Response	1	4034458	3844	1
10108021	129	Sound	14	4049575	289	1			260		other	0
10108021	130	Sound	14	4068174	383	1			260		other	0
10108021	131	Sound	13	4094972	340	1			260		other	0
10108021	132	Sound	21	4117771	465	1			260		other	0
10108021	132	Response	1	4121172	3866	1
10108021	133	Sound	20	4133370	393	1			260		other	0
10108021	133	Response	1	4138371	5394	1
10108021	134	Sound	11	4149769	454	1			260		other	0
10108021	135	Sound	19	4169768	447	1			260		other	0
10108021	135	Response	1	4173169	3848	1
10108021	136	Sound	18	4196166	337	1			260		other	0
10108021	136	Response	1	4199567	3738	1
10108021	137	Sound	20	4217165	330	1			260		other	0
10108021	137	Response	1	4220286	3451	1
10108021	138	Sound	13	4243163	320	1			260		other	0
10108021	139	Sound	11	4259762	414	1			260		other	0
10108021	140	Sound	20	4277161	475	1			260		other	0
10108021	140	Response	1	4282602	5916	1
10108021	141	Sound	18	4293960	436	1			260		other	0
10108021	141	Response	1	4298281	4757	1
10108021	142	Sound	21	4315359	328	1			260		other	0
10108021	142	Response	1	4318200	3169	1
10108021	143	Sound	12	4341758	385	1			260		other	0
10108021	144	Sound	15	4360356	312	1			260		other	0
10108021	144	Response	1	4364037	3993	1
10108021	145	Sound	21	4387155	436	1			260		other	0
10108021	145	Response	1	4390276	3556	1
10108021	146	Sound	17	4407154	429	1			260		other	0
10108021	146	Response	1	4410994	4269	1
10108021	147	Sound	15	4429952	387	1			260		other	0
10108021	147	Response	1	4433553	3988	1
10108021	148	Sound	17	4456751	344	1			260		other	0
10108021	148	Response	1	4459711	3305	1
10108021	149	Sound	14	4484149	401	1			260		other	0
10108021	150	Sound	13	4507547	293	1			260		other	0
10108021	151	Sound	11	4532746	317	1			260		other	0
10108021	152	Sound	16	4560144	374	1			260		other	0
10108021	152	Response	1	4563945	4175	1
10108021	153	Sound	12	4583943	332	1			260		other	0
10108021	154	Sound	17	4611141	356	1			260		other	0
10108021	154	Response	1	4614422	3637	1
10108021	155	Sound	20	4627740	283	1			260		other	0
10108021	155	Response	1	4631861	4404	1
10108021	156	Sound	12	4654939	474	1			260		other	0
10108021	157	Sound	18	4678337	365	1			260		other	0
10108021	157	Response	1	4681698	3726	1
10108021	158	Sound	15	4701936	290	1			260		other	0
10108021	158	Response	1	4706816	5170	1
10108021	159	Sound	20	4718135	318	1			260		other	0
10108021	159	Response	1	4721615	3798	1
10108021	160	Sound	21	4746133	308	1			260		other	0
10108021	160	Response	1	4748973	3148	1
10108021	161	Sound	21	4769332	333	1			260		other	0
10108021	161	Response	1	4772572	3573	1
10108021	162	Sound	16	4796130	457	1			260		other	0
10108021	162	Response	1	4799610	3937	1
10108021	163	Sound	12	4811929	418	1			260		other	0
10108021	164	Sound	19	4832728	377	1			260		other	0
10108021	164	Response	1	4835688	3337	1
10108021	165	Sound	11	4851127	270	1			260		other	0
10108021	166	Sound	18	4868926	397	1			260		other	0
10108021	166	Response	1	4871926	3397	1
10108021	167	Sound	15	4885125	425	1			260		other	0
10108021	167	Response	1	4890485	5785	1
10108021	168	Sound	18	4905324	284	1			260		other	0
10108021	168	Response	1	4908643	3604	1
10108021	169	Response	255	5241343	311717	1
10108021	169	Response	1	5314459	384832	1
10108021	170	Sound	12	5315299	305	1			260		other	0
10108021	171	Sound	11	5343297	295	1			260		other	0
10108021	172	Sound	18	5371496	318	1			260		other	0
10108021	172	Response	1	5375015	3837	1
10108021	173	Sound	13	5388295	279	1			260		other	0
10108021	174	Sound	11	5406294	439	1			260		other	0
10108021	175	Sound	18	5431492	297	1			260		other	0
10108021	175	Response	1	5434451	3256	1
10108021	176	Sound	14	5455091	388	1			260		other	0
10108021	177	Sound	18	5474889	348	1			260		other	0
10108021	177	Response	1	5478129	3587	1
10108021	178	Sound	12	5500688	305	1			260		other	0
10108021	179	Sound	15	5517687	299	1			260		other	0
10108021	180	Sound	19	5542685	457	1			260		other	0
10108021	180	Response	1	5545404	3176	1
10108021	181	Sound	16	5569284	381	1			260		other	0
10108021	181	Response	1	5572043	3140	1
10108021	182	Sound	20	5593682	272	1			260		other	0
10108021	182	Response	1	5596521	3111	1
10108021	183	Sound	18	5610081	333	1			260		other	0
10108021	183	Response	1	5613560	3812	1
10108021	184	Sound	15	5627480	394	1			260		other	0
10108021	184	Response	1	5631239	4152	1
10108021	185	Sound	12	5643879	288	1			260		other	0
10108021	186	Sound	14	5663878	281	1			260		other	0
10108021	187	Sound	21	5691876	437	1			260		other	0
10108021	187	Response	1	5694835	3396	1
10108021	188	Sound	20	5712875	263	1			260		other	0
10108021	188	Response	1	5716194	3582	1
10108021	189	Sound	16	5730874	423	1			260		other	0
10108021	189	Response	1	5734113	3662	1
10108021	190	Sound	21	5755073	448	1			260		other	0
10108021	190	Response	1	5758111	3487	1
10108021	191	Sound	20	5779271	306	1			260		other	0
10108021	191	Response	1	5781950	2985	1
10108021	192	Sound	11	5800070	432	1			260		other	0
10108021	193	Sound	21	5823668	357	1			260		other	0
10108021	193	Response	1	5826107	2796	1
10108021	194	Sound	13	5845067	416	1			260		other	0
10108021	195	Sound	14	5862266	277	1			260		other	0
10108021	195	Response	1	5869144	7155	1
10108021	196	Sound	21	5881465	303	1			260		other	0
10108021	196	Response	1	5883944	2782	1
10108021	197	Sound	12	5897664	331	1			260		other	0
10108021	198	Sound	16	5924462	288	1			260		other	0
10108021	198	Response	1	5928501	4326	1
10108021	199	Sound	19	5949261	412	1			260		other	0
10108021	199	Response	1	5952339	3490	2
10108021	200	Sound	21	5967260	406	1			260		other	0
10108021	200	Response	1	5970658	3804	1
10108021	201	Sound	13	5987659	299	1			260		other	0
10108021	202	Sound	20	6012857	323	1			260		other	0
10108021	202	Response	1	6015695	3161	1
10108021	203	Sound	17	6032456	416	1			260		other	0
10108021	203	Response	1	6036254	4214	1
10108021	204	Sound	17	6052255	376	1			260		other	0
10108021	204	Response	1	6055453	3574	1
10108021	205	Sound	11	6072054	335	1			260		other	0
10108021	206	Sound	14	6099852	292	1			260		other	0
10108021	207	Sound	19	6122651	417	1			260		other	0
10108021	207	Response	1	6125369	3135	1
10108021	208	Sound	13	6148049	308	1			260		other	0
10108021	208	Response	1	6154807	7066	1
10108021	209	Sound	17	6163248	336	1			260		other	0
10108021	209	Response	1	6166646	3734	1
10108021	210	Sound	15	6186447	361	1			260		other	0
10108021	210	Response	1	6190005	3919	1
10108021	211	Sound	15	6212445	352	1			260		other	0
10108021	211	Response	1	6218403	6309	1
10108021	212	Sound	20	6227844	413	1			260		other	0
10108021	212	Response	1	6231922	4491	1
10108021	213	Sound	16	6246443	340	1			260		other	0
10108021	213	Response	1	6249601	3498	1
10108021	214	Sound	17	6267642	365	1			260		other	0
10108021	214	Response	1	6271280	4003	1
10108021	215	Sound	15	6292040	423	1			260		other	0
10108021	215	Response	1	6298558	6941	1
10108021	216	Sound	17	6309239	284	1			260		other	0
10108021	216	Response	1	6313197	4242	1
10108021	217	Sound	19	6336038	408	1			260		other	0
10108021	217	Response	1	6339436	3806	1
10108021	218	Sound	13	6352637	335	1			260		other	0
10108021	219	Sound	19	6372835	361	1			260		other	0
10108021	219	Response	1	6376553	4079	1
10108021	220	Sound	16	6392234	421	1			260		other	0
10108021	220	Response	1	6396632	4819	1
10108021	221	Sound	14	6407833	349	1			260		other	0
10108021	222	Sound	18	6435432	272	1			260		other	0
10108021	222	Response	1	6440149	4990	1
10108021	223	Sound	11	6462830	329	1			260		other	0
10108021	224	Sound	12	6490828	319	1			260		other	0
10108021	225	Response	255	6913880	395116	1
10108021	226	Sound	109	6986399	409	1			260		other	0
10108021	226	Response	1	6988836	2846	1
10108021	227	Sound	106	7006997	335	1			260		other	0
10108021	227	Response	1	7010034	3372	1
10108021	228	Sound	101	7028196	361	1			260		other	0
10108021	228	Response	1	7030993	3157	1
10108021	229	Sound	107	7054595	418	1			260		other	0
10108021	229	Response	1	7057391	3215	1
10108021	230	Sound	103	7077193	343	1			260		other	0
10108021	231	Sound	107	7094792	270	1			260		other	0
10108021	231	Response	1	7097629	3107	1
10108021	232	Sound	101	7119791	428	1			260		other	0
10108021	233	Sound	105	7147989	285	1			260		other	0
10108021	233	Response	1	7151386	3682	1
10108021	234	Sound	104	7167988	278	1			260		other	0
10108021	234	Response	1	7170984	3275	1
10108021	235	Sound	104	7188987	437	1			260		other	0
10108021	235	Response	1	7192823	4273	1
10108021	236	Sound	104	7216185	461	1			260		other	0
10108021	236	Response	1	7219301	3577	2
10108021	237	Sound	106	7240583	352	1			260		other	0
10108021	237	Response	1	7243540	3308	1
10108021	238	Sound	110	7260182	445	1			260		other	0
10108021	238	Response	1	7262739	3001	1
10108021	239	Sound	108	7285381	469	1			260		other	0
10108021	239	Response	1	7287857	2946	1
10108021	240	Sound	111	7303380	296	1			260		other	0
10108021	240	Response	1	7305536	2453	1
10108021	241	Sound	109	7327578	321	1			260		other	0
10108021	241	Response	1	7329615	2357	1
10108021	242	Sound	101	7351377	279	1			260		other	0
10108021	243	Sound	110	7370376	272	1			260		other	0
10108021	243	Response	1	7372652	2548	1
10108021	244	Sound	108	7398574	462	1			260		other	0
10108021	244	Response	1	7401690	3578	1
10108021	245	Sound	111	7415973	356	1			260		other	0
10108021	245	Response	1	7418969	3352	1
10108021	246	Sound	104	7441171	380	1			260		other	0
10108021	246	Response	1	7444487	3696	1
10108021	247	Sound	106	7467570	438	1			260		other	0
10108021	247	Response	1	7470726	3594	1
10108021	248	Sound	104	7494568	428	1			260		other	0
10108021	248	Response	1	7497364	3224	1
10108021	249	Sound	109	7522167	352	1			260		other	0
10108021	249	Response	1	7524643	2827	1
10108021	250	Sound	108	7548365	375	1			260		other	0
10108021	250	Response	1	7551121	3131	1
10108021	251	Sound	109	7564564	403	1			260		other	0
10108021	251	Response	1	7569040	4879	1
10108021	252	Sound	102	7590962	294	1			260		other	0
10108021	253	Sound	105	7609961	287	1			260		other	0
10108021	253	Response	1	7613357	3683	1
10108021	254	Sound	108	7638159	477	1			260		other	0
10108021	254	Response	1	7640635	2953	1
10108021	255	Sound	103	7663158	468	1			260		other	0
10108021	255	Response	1	7668154	5464	1
10108021	256	Sound	106	7688357	326	1			260		other	0
10108021	256	Response	1	7691352	3321	1
10108021	257	Sound	107	7717155	449	1			260		other	0
10108021	257	Response	1	7719990	3284	1
10108021	258	Sound	102	7738554	341	1			260		other	0
10108021	259	Sound	102	7758352	301	1			260		other	0
10108021	260	Sound	105	7775751	361	1			260		other	0
10108021	260	Response	1	7778947	3556	1
10108021	261	Sound	105	7803550	318	1			260		other	0
10108021	261	Response	1	7806865	3633	1
10108021	262	Sound	103	7819749	345	1			260		other	0
10108021	263	Sound	111	7843347	270	1			260		other	0
10108021	263	Response	1	7845583	2506	1
10108021	264	Sound	103	7866946	362	1			260		other	0
10108021	265	Sound	106	7882945	356	1			260		other	0
10108021	265	Response	1	7887100	4512	1
10108021	266	Sound	101	7904544	282	1			260		other	0
10108021	267	Sound	109	7926342	407	1			260		other	0
10108021	267	Response	1	7928778	2843	1
10108021	268	Sound	105	7949541	432	1			260		other	0
10108021	268	Response	1	7954376	5268	1
10108021	269	Sound	111	7968540	426	1			260		other	0
10108021	269	Response	1	7970935	2821	1
10108021	270	Sound	110	7995338	383	1			260		other	0
10108021	270	Response	1	7997573	2618	1
10108021	271	Sound	108	8017337	375	1			260		other	0
10108021	271	Response	1	8020132	3170	1
10108021	272	Sound	110	8039535	400	1			260		other	0
10108021	272	Response	1	8041970	2835	1
10108021	273	Sound	103	8066134	324	1			260		other	0
10108021	273	Response	1	8069889	4079	1
10108021	274	Sound	107	8091932	282	1			260		other	0
10108021	274	Response	1	8094607	2957	1
10108021	275	Sound	102	8115331	340	1			260		other	0
10108021	276	Sound	111	8139129	465	1			260		other	0
10108021	276	Response	1	8141325	2660	1
10108021	277	Sound	110	8160128	291	1			260		other	0
10108021	277	Response	1	8162523	2686	1
10108021	278	Sound	102	8181127	450	1			260		other	0
10108021	279	Sound	107	8200726	376	1			260		other	0
10108021	279	Response	1	8203561	3211	1
10108021	280	Sound	101	8226724	367	1			260		other	0
10108021	281	Response	255	8849761	598150	1
10108021	281	Response	1	8922876	671265	1
10108021	282	Sound	11	8929882	316	1			260		other	0
10108021	283	Sound	19	8950081	342	1			260		other	0
10108021	283	Response	1	8951995	2256	1
10108021	284	Sound	13	8966280	370	1			260		other	0
10108021	285	Sound	19	8989478	395	1			260		other	0
10108021	285	Response	1	8991912	2829	1
10108021	286	Sound	18	9005077	323	1			260		other	0
10108021	286	Response	1	9009591	4836	1
10108021	287	Sound	12	9021677	417	1			260		other	0
10108021	288	Sound	11	9044275	342	1			260		other	0
10108021	288	Response	1	9047669	3735	1
10108021	289	Sound	11	9068874	433	1			260		other	0
10108021	290	Sound	20	9087273	327	1			260		other	0
10108021	290	Response	1	9089986	3040	1
10108021	291	Sound	15	9110071	452	1			260		other	0
10108021	291	Response	1	9115105	5485	1
10108021	292	Sound	15	9129470	345	1			260		other	0
10108021	292	Response	1	9133023	3898	1
10108021	293	Sound	13	9155468	336	1			260		other	0
10108021	294	Sound	13	9182267	460	1			260		other	0
10108021	294	Response	1	9188540	6733	1
10108021	295	Sound	20	9206265	284	1			260		other	0
10108021	295	Response	1	9209259	3278	1
10108021	296	Sound	12	9233464	308	1			260		other	0
10108021	297	Sound	16	9261262	431	1			260		other	0
10108021	297	Response	1	9264775	3945	1
10108021	298	Sound	18	9278261	425	1			260		other	0
10108021	298	Response	1	9282054	4218	1
10108021	299	Sound	14	9306459	449	1			260		other	0
10108021	299	Response	1	9313252	7242	1
10108021	300	Sound	18	9333858	339	1			260		other	0
10108021	300	Response	1	9335731	2212	1
10108021	301	Sound	19	9354256	398	1			260		other	0
10108021	301	Response	1	9357170	3311	1
10108021	302	Sound	17	9373055	358	1			260		other	0
10108021	302	Response	1	9375968	3271	1
10108021	303	Sound	14	9388654	286	1			260		other	0
10108021	303	Response	1	9403247	14878	1
10108021	304	Sound	16	9411653	278	1			260		other	0
10108021	304	Response	1	9415726	4351	1
10108021	305	Sound	12	9434852	303	1			260		other	0
10108021	306	Sound	15	9456850	462	1			260		other	0
10108021	306	Response	1	9460683	4294	1
10108021	307	Sound	21	9482449	386	1			260		other	0
10108021	307	Response	1	9485642	3579	1
10108021	308	Sound	17	9510647	409	1			260		other	0
10108021	308	Response	1	9514040	3802	1
10108021	309	Sound	12	9536046	300	1			260		other	0
10108021	310	Sound	17	9563044	457	1			260		other	0
10108021	310	Response	1	9566197	3610	1
10108021	311	Sound	11	9588642	381	1			260		other	0
10108021	312	Sound	14	9609241	307	1			260		other	0
10108021	313	Sound	19	9627040	435	1			260		other	0
10108021	313	Response	1	9630033	3427	1
10108021	314	Sound	16	9655238	291	1			260		other	0
10108021	314	Response	1	9657951	3003	1
10108021	315	Sound	21	9678437	316	1			260		other	0
10108021	315	Response	1	9681550	3429	1
10108021	316	Sound	18	9703236	274	1			260		other	0
10108021	316	Response	1	9706428	3466	1
10108021	317	Sound	21	9720435	468	1			260		other	0
10108021	317	Response	1	9723307	3340	1
10108021	318	Sound	19	9746633	325	1			260		other	0
10108021	318	Response	1	9749706	3397	1
10108021	319	Sound	15	9766632	318	1			260		other	0
10108021	319	Response	1	9770024	3710	1
10108021	320	Sound	20	9786831	344	1			260		other	0
10108021	320	Response	1	9789863	3376	1
10108021	321	Sound	14	9805629	304	1			260		other	0
10108021	321	Response	1	9821381	16055	1
10108021	322	Sound	21	9827028	363	1			260		other	0
10108021	322	Response	1	9831620	4955	1
10108021	323	Sound	13	9843627	290	1			260		other	0
10108021	324	Sound	20	9869826	314	1			260		other	0
10108021	324	Response	1	9873378	3867	1
10108021	325	Sound	17	9885625	275	1			260		other	0
10108021	325	Response	1	9889537	4187	1
10108021	326	Sound	17	9905023	335	1			260		other	0
10108021	326	Response	1	9908256	3567	1
10108021	327	Sound	21	9924622	428	1			260		other	0
10108021	327	Response	1	9927295	3100	1
10108021	328	Sound	14	9942221	355	1			260		other	0
10108021	329	Sound	18	9970020	312	1			260		other	0
10108021	329	Response	1	9972732	3024	1
10108021	330	Sound	12	9985619	406	1			260		other	0
10108021	331	Sound	16	10003018	300	1			260		other	0
10108021	331	Response	1	10006570	3852	1
10108021	332	Sound	11	10029016	457	1			260		other	0
10108021	333	Sound	20	10048215	317	1			260		other	0
10108021	333	Response	1	10052247	4349	1
10108021	334	Sound	13	10065814	411	1			260		other	0
10108021	335	Sound	16	10093812	401	1			260		other	0
10108021	335	Response	1	10097044	3633	1
10108021	336	Sound	15	10117811	392	1			260		other	0
10108021	336	Response	1	10121683	4264	1
10108021	337	Response	255	10593574	458237	1
10108021	338	Sound	101	10664578	331	1			260		other	0
10108021	339	Sound	105	10682777	358	1			260		other	0
10108021	339	Response	1	10685728	3309	1
10108021	340	Sound	105	10704775	350	1			260		other	0
10108021	340	Response	1	10707806	3381	1
10108021	341	Sound	106	10727174	409	1			260		other	0
10108021	341	Response	1	10730523	3758	3
10108021	342	Sound	103	10749773	334	1			260		other	0
10108021	343	Sound	102	10772771	326	1			260		other	0
10108021	344	Sound	105	10789170	386	1			260		other	0
10108021	344	Response	1	10792281	3497	1
10108021	345	Sound	104	10806369	414	1			260		other	0
10108021	345	Response	1	10810040	4084	1
10108021	346	Sound	107	10824568	274	1			260		other	0
10108021	346	Response	1	10827719	3424	3
10108021	347	Sound	109	10848767	298	1			260		other	0
10108021	347	Response	1	10851478	3009	1
10108021	348	Sound	104	10872165	357	1			260		other	0
10108021	348	Response	1	10875556	3748	1
10108021	349	Sound	102	10889364	384	1			260		other	0
10108021	350	Sound	108	10906563	411	1			260		other	0
10108021	350	Response	1	10909154	3002	1
10108021	351	Sound	109	10924162	338	1			260		other	0
10108021	351	Response	1	10927313	3489	1
10108021	352	Sound	107	10943161	331	1			260		other	0
10108021	352	Response	1	10945872	3042	1
10108021	353	Sound	106	10961760	425	1			260		other	0
10108021	353	Response	1	10964271	2936	1
10108021	354	Sound	101	10980359	352	1			260		other	0
10108021	354	Response	1	10991789	11781	1
10108021	355	Sound	101	11006757	409	1			260		other	0
10108021	356	Sound	103	11026756	402	1			260		other	0
10108021	356	Response	1	11030186	3832	1
10108021	357	Sound	102	11051555	359	1			260		other	0
10108021	358	Sound	105	11070153	286	1			260		other	0
10108021	358	Response	1	11073864	3997	1
10108021	359	Sound	109	11086752	380	1			260		other	0
10108021	359	Response	1	11089383	3010	1
10108021	360	Sound	106	11110951	405	1			260		other	0
10108021	360	Response	1	11113621	3075	1
10108021	361	Sound	110	11138349	295	1			260		other	0
10108021	361	Response	1	11140979	2924	3
10108021	362	Sound	104	11159348	288	1			260		other	0
10108021	362	Response	1	11163218	4158	1
10108021	363	Sound	109	11184347	445	1			260		other	0
10108021	363	Response	1	11186577	2676	1
10108021	364	Sound	111	11200946	373	1			260		other	0
10108021	364	Response	1	11203616	3043	1
10108021	365	Sound	111	11221144	399	1			260		other	0
10108021	365	Response	1	11223295	2549	1
10108021	366	Sound	109	11245543	290	1			260		other	0
10108021	366	Response	1	11248173	2920	1
10108021	367	Sound	111	11265542	450	1			260		other	0
10108021	367	Response	1	11267612	2520	1
10108021	368	Sound	102	11291940	340	1			260		other	0
10108021	369	Sound	110	11314739	466	1			260		other	0
10108021	369	Response	1	11317209	2936	1
10108021	370	Sound	101	11343537	422	1			260		other	0
10108021	371	Sound	107	11364736	281	1			260		other	0
10108021	371	Response	1	11367446	2991	1
10108021	372	Sound	110	11387535	406	1			260		other	0
10108021	372	Response	1	11390644	3516	1
10108021	373	Sound	110	11408533	399	1			260		other	0
10108021	373	Response	1	11410963	2829	1
10108021	374	Sound	107	11430532	391	1			260		other	0
10108021	374	Response	1	11433042	2901	1
10108021	375	Sound	103	11447931	451	1			260		other	0
10108021	376	Sound	105	11469929	277	1			260		other	0
10108021	376	Response	1	11473599	3946	1
10108021	377	Sound	103	11489328	337	1			260		other	0
10108021	378	Sound	108	11506127	464	1			260		other	0
10108021	378	Response	1	11509037	3374	1
10108021	379	Sound	108	11526126	290	1			260		other	0
10108021	379	Response	1	11529116	3280	1
10108021	380	Sound	106	11552325	314	1			260		other	0
10108021	380	Response	1	11555514	3504	1
10108021	381	Sound	104	11575523	339	1			260		other	0
10108021	381	Response	1	11579593	4409	1
10108021	382	Sound	106	11603921	396	1			260		other	0
10108021	382	Response	1	11607511	3985	1
10108021	383	Sound	101	11630720	353	1			260		other	0
10108021	384	Sound	104	11647319	280	1			260		other	0
10108021	384	Response	1	11651188	4150	1
10108021	385	Sound	108	11671917	372	1			260		other	0
10108021	385	Response	1	11675027	3481	1
10108021	386	Sound	108	11698716	329	1			260		other	0
10108021	386	Response	1	11701265	2878	1
10108021	387	Sound	111	11717515	289	1			260		other	0
10108021	387	Response	1	11720224	2998	1
10108021	388	Sound	102	11735514	282	1			260		other	0
10108021	389	Sound	111	11764512	439	1			260		other	0
10108021	389	Response	1	11766781	2708	1
10108021	390	Sound	110	11785511	431	1			260		other	0
10108021	390	Response	1	11789100	4020	1
10108021	391	Sound	103	11807909	323	1			260		other	0
10108021	392	Sound	107	11835907	313	1			260		other	0
10108021	392	Response	1	11839337	3742	1
10108021	393	Response	255	12296508	433659	1
10108021	393	Response	1	12358505	495656	1
10108021	394	Sound	14	12360476	393	1			260		other	0
10108021	395	Sound	20	12376675	420	1			260		other	0
10108021	395	Response	1	12380343	4089	1
10108021	396	Sound	11	12398274	346	1			260		other	0
10108021	397	Sound	13	12425072	303	1			260		other	0
10108021	398	Sound	20	12444471	363	1			260		other	0
10108021	398	Response	1	12446979	2871	1
10108021	399	Sound	19	12461670	390	1			260		other	0
10108021	399	Response	1	12464498	3218	1
10108021	400	Sound	13	12481069	450	1			260		other	0
10108021	400	Response	1	12491537	10918	1
10108021	401	Sound	17	12506067	274	1			260		other	0
10108021	401	Response	1	12508416	2622	1
10108021	402	Sound	13	12526666	367	1			260		other	0
10108021	402	Response	1	12532014	5714	1
10108021	403	Sound	12	12546265	293	1			260		other	0
10108021	404	Sound	15	12568264	452	1			260		other	0
10108021	404	Response	1	12572811	5000	1
10108021	405	Sound	14	12590862	377	1			260		other	0
10108021	406	Sound	18	12606061	405	1			260		other	0
10108021	406	Response	1	12608889	3233	1
10108021	407	Sound	12	12633860	362	1			260		other	0
10108021	408	Sound	14	12654258	421	1			260		other	0
10108021	409	Sound	19	12669657	316	1			260		other	0
10108021	409	Response	1	12672885	3544	1
10108021	410	Sound	20	12688656	476	1			260		other	0
10108021	410	Response	1	12691444	3264	1
10108021	411	Sound	21	12709055	368	1			260		other	0
10108021	411	Response	1	12711523	2836	1
10108021	412	Sound	12	12732654	460	1			260		other	0
10108021	412	Response	1	12743201	11007	1
10108021	413	Sound	16	12753852	319	1			260		other	0
10108021	413	Response	1	12759840	6307	1
10108021	414	Sound	19	12773851	312	1			260		other	0
10108021	414	Response	1	12777039	3500	1
10108021	415	Sound	20	12790850	306	1			260		other	0
10108021	415	Response	1	12793678	3134	1
10108021	416	Sound	16	12816449	397	1			260		other	0
10108021	416	Response	1	12820076	4024	1
10108021	417	Sound	20	12832848	291	1			260		other	0
10108021	417	Response	1	12835355	2798	1
10108021	418	Sound	19	12853646	417	1			260		other	0
10108021	418	Response	1	12856394	3164	1
10108021	419	Sound	16	12874845	276	1			260		other	0
10108021	419	Response	1	12878392	3823	1
10108021	420	Sound	17	12903043	299	1			260		other	0
10108021	420	Response	1	12905911	3167	1
10108021	421	Sound	17	12922042	292	1			260		other	0
10108021	421	Response	1	12925350	3600	1
10108021	422	Sound	21	12940041	286	1			260		other	0
10108021	422	Response	1	12942869	3113	1
10108021	423	Sound	18	12955640	380	1			260		other	0
10108021	423	Response	1	12959908	4648	1
10108021	424	Sound	16	12976239	306	1			260		other	0
10108021	424	Response	1	12980466	4534	1
10108021	425	Sound	21	12997438	332	1			260		other	0
10108021	425	Response	1	13000305	3200	1
10108021	426	Sound	13	13025636	355	1			260		other	0
10108021	427	Sound	12	13050035	413	1			260		other	0
10108021	428	Sound	14	13066434	474	1			260		other	0
10108021	428	Response	1	13069581	3622	1
10108021	429	Sound	11	13082433	468	1			260		other	0
10108021	430	Sound	17	13107831	359	1			260		other	0
10108021	430	Response	1	13111258	3787	1
10108021	431	Sound	15	13123630	320	1			260		other	0
10108021	432	Sound	12	13147829	345	1			260		other	0
10108021	433	Sound	21	13166028	372	1			260		other	0
10108021	433	Response	1	13168535	2879	1
10108021	434	Sound	14	13193826	329	1			260		other	0
10108021	434	Response	1	13200613	7115	1
10108021	435	Sound	18	13212025	356	1			260		other	0
10108021	435	Response	1	13214852	3182	1
10108021	436	Sound	15	13233224	381	1			260		other	0
10108021	436	Response	1	13236211	3368	1
10108021	437	Sound	15	13251023	342	1			260		other	0
10108021	437	Response	1	13254130	3449	1
10108021	438	Sound	16	13267822	302	1			260		other	0
10108021	438	Response	1	13272288	4769	1
10108021	439	Sound	11	13294420	393	1			260		other	0
10108021	440	Sound	18	13316819	285	1			260		other	0
10108021	440	Response	1	13319886	3352	1
10108021	441	Sound	19	13335618	412	1			260		other	0
10108021	441	Response	1	13338204	2998	1
10108021	442	Sound	15	13354416	371	1			260		other	0
10108021	442	Response	1	13359403	5358	1
10108021	443	Sound	17	13375815	430	1			260		other	0
10108021	443	Response	1	13379082	3697	1
10108021	444	Sound	18	13403413	354	1			260		other	0
10108021	444	Response	1	13406840	3781	1
10108021	445	Sound	11	13428012	279	1			260		other	0
10108021	446	Sound	11	13448411	338	1			260		other	0
10108021	447	Sound	13	13464210	466	1			260		other	0
10108021	448	Sound	21	13485408	325	1			260		other	0
10108021	448	Response	1	13489395	4311	1
10108021	449	Response	255	14103437	591932	1
10108021	450	Sound	108	14179767	310	1			260		other	0
10108021	450	Response	1	14182712	3255	2
10108021	451	Sound	107	14208365	400	1			260		other	0
10108021	451	Response	1	14211350	3386	1
10108021	452	Sound	104	14232164	359	1			260		other	0
10108021	452	Response	1	14235829	4024	1
10108021	453	Sound	105	14252762	451	1			260		other	0
10108021	453	Response	1	14256308	3996	1
10108021	454	Sound	104	14273961	310	1			260		other	0
10108021	454	Response	1	14277507	3855	1
10108021	455	Sound	108	14293760	270	1			260		other	0
10108021	455	Response	1	14296785	3295	1
10108021	456	Sound	105	14321758	426	1			260		other	0
10108021	456	Response	1	14324944	3612	1
10108021	457	Sound	105	14338157	321	1			260		other	0
10108021	457	Response	1	14342622	4786	1
10108021	458	Sound	103	14357956	447	1			260		other	0
10108021	458	Response	1	14361661	4152	1
10108021	459	Sound	103	14385155	471	1			260		other	0
10108021	459	Response	1	14390699	6015	1
10108021	460	Sound	111	14410153	462	1			260		other	0
10108021	460	Response	1	14412298	2607	1
10108021	461	Sound	104	14428552	355	1			260		other	0
10108021	461	Response	1	14435497	7300	1
10108021	462	Sound	101	14450551	347	1			260		other	0
10108021	463	Sound	109	14474749	372	1			260		other	0
10108021	463	Response	1	14478054	3677	1
10108021	464	Sound	103	14501348	462	1			260		other	0
10108021	465	Sound	101	14519547	322	1			260		other	0
10108021	466	Sound	111	14541145	415	1			260		other	0
10108021	466	Response	1	14544050	3320	1
10108021	467	Sound	107	14563544	307	1			260		other	0
10108021	467	Response	1	14569168	5931	1
10108021	468	Sound	111	14583343	266	1			260		other	0
10108021	468	Response	1	14585968	2891	1
10108021	469	Sound	106	14603741	326	1			260		other	0
10108021	469	Response	1	14606686	3270	1
10108021	470	Sound	101	14628540	450	1			260		other	0
10108021	471	Sound	111	14648339	410	1			260		other	0
10108021	471	Response	1	14650604	2675	1
10108021	472	Sound	110	14666938	337	1			260		other	0
10108021	472	Response	1	14670922	4321	1
10108021	473	Sound	104	14691736	461	1			260		other	0
10108021	474	Sound	103	14719734	284	1			260		other	0
10108021	475	Sound	110	14738733	278	1			260		other	0
10108021	475	Response	1	14741718	3262	1
10108021	476	Sound	107	14756932	471	1			260		other	0
10108021	476	Response	1	14762277	5815	1
10108021	477	Sound	110	14778931	297	1			260		other	0
10108021	477	Response	1	14781876	3241	1
10108021	478	Sound	107	14805129	321	1			260		other	0
10108021	478	Response	1	14808114	3305	1
10108021	479	Sound	108	14824328	347	1			260		other	0
10108021	479	Response	1	14827553	3571	1
10108021	480	Sound	108	14845527	373	1			260		other	0
10108021	480	Response	1	14848751	3597	1
10108021	481	Sound	109	14863926	266	1			260		other	0
10108021	481	Response	1	14866670	3011	1
10108021	482	Sound	106	14886724	392	1			260		other	0
10108021	482	Response	1	14889389	3056	1
10108021	483	Sound	111	14910323	316	1			260		other	0
10108021	483	Response	1	14912747	2741	1
10108021	484	Sound	110	14928122	443	1			260		other	0
10108021	484	Response	1	14931546	3868	1
10108021	485	Sound	105	14944321	304	1			260		other	0
10108021	485	Response	1	14947705	3688	1
10108021	486	Sound	107	14962720	364	1			260		other	0
10108021	486	Response	1	14965384	3029	1
10108021	487	Sound	102	14983719	357	1			260		other	0
10108021	488	Sound	105	15008917	381	1			260		other	0
10108021	488	Response	1	15012181	3645	1
10108021	489	Sound	103	15037515	304	1			260		other	0
10108021	490	Sound	102	15053514	465	1			260		other	0
10108021	491	Sound	101	15077913	357	1			260		other	0
10108021	492	Sound	106	15104511	447	1			260		other	0
10108021	492	Response	1	15108735	4671	1
10108021	493	Sound	106	15128510	272	1			260		other	0
10108021	493	Response	1	15132254	4016	1
10108021	494	Sound	110	15154308	396	1			260		other	0
10108021	494	Response	1	15157212	3300	1
10108021	495	Sound	102	15176707	455	1			260		other	0
10108021	496	Sound	102	15202305	379	1			260		other	0
10108021	497	Sound	102	15222504	405	1			260		other	0
10108021	498	Sound	109	15250703	261	1			260		other	0
10108021	498	Response	1	15253767	3326	1
10108021	499	Sound	109	15277901	285	1			260		other	0
10108021	499	Response	1	15280645	3029	1
10108021	500	Sound	109	15296500	379	1			260		other	0
10108021	500	Response	1	15300724	4602	1
10108021	501	Sound	101	15317299	338	1			260		other	0
10108021	502	Sound	108	15341097	463	1			260		other	0
10108021	502	Response	1	15345040	4406	2
10108021	503	Sound	106	15360496	356	1			260		other	0
10108021	503	Response	1	15365120	4979	1
10108021	504	Sound	104	15377895	416	1			260		other	0
10108021	504	Response	1	15381119	3640	1
10108021	505	Response	255	15902287	498720	1
10108021	506	Sound	103	15965460	307	1			260		other	0
10108021	507	Sound	104	15989458	298	1			260		other	0
10108021	508	Sound	109	16007457	458	1			260		other	0
10108021	508	Response	1	16009960	2961	1
10108021	509	Sound	102	16025056	385	1			260		other	0
10108021	510	Sound	111	16043455	445	1			260		other	0
10108021	510	Response	1	16045558	2548	1
10108021	511	Sound	102	16068054	370	1			260		other	0
10108021	512	Sound	107	16086452	263	1			260		other	0
10108021	512	Response	1	16089315	3126	1
10108021	513	Sound	109	16103651	457	1			260		other	0
10108021	513	Response	1	16106514	3320	1
10108021	514	Sound	106	16119650	285	1			260		other	0
10108021	514	Response	1	16123393	4027	1
10108021	515	Sound	111	16147449	408	1			260		other	0
10108021	515	Response	1	16149791	2751	1
10108021	516	Sound	110	16169847	467	1			260		other	0
10108021	516	Response	1	16172030	2649	1
10108021	517	Sound	108	16193246	359	1			260		other	0
10108021	517	Response	1	16195868	2981	1
10108021	518	Sound	101	16216845	284	1			260		other	0
10108021	519	Sound	110	16242443	375	1			260		other	0
10108021	519	Response	1	16245225	3157	1
10108021	520	Sound	104	16261442	368	1			260		other	0
10108021	521	Sound	106	16284241	326	1			260		other	0
10108021	521	Response	1	16288023	4108	1
10108021	522	Sound	103	16311439	350	1			260		other	0
10108021	523	Sound	108	16333038	442	1			260		other	0
10108021	523	Response	1	16336580	3984	1
10108021	524	Sound	105	16356836	400	1			260		other	0
10108021	524	Response	1	16360338	3902	1
10108021	525	Sound	107	16378035	426	1			260		other	0
10108021	525	Response	1	16381137	3528	1
10108021	526	Sound	102	16395234	287	1			260		other	0
10108021	527	Sound	109	16411833	381	1			260		other	0
10108021	527	Response	1	16414495	3042	1
10108021	528	Sound	105	16440631	337	1			260		other	0
10108021	528	Response	1	16444493	4199	1
10108021	529	Sound	109	16468629	327	1			260		other	0
10108021	529	Response	1	16472651	4349	1
10108021	530	Sound	103	16496228	417	1			260		other	0
10108021	531	Sound	106	16517627	476	1			260		other	0
10108021	531	Response	1	16520488	3338	1
10108021	532	Sound	106	16535625	303	1			260		other	0
10108021	532	Response	1	16539927	4605	1
10108021	533	Sound	108	16559024	361	1			260		other	0
10108021	533	Response	1	16561766	3103	1
10108021	534	Sound	104	16584823	319	1			260		other	0
10108021	534	Response	1	16589044	4540	1
10108021	535	Sound	105	16607621	277	1			260		other	0
10108021	535	Response	1	16611123	3779	1
10108021	536	Sound	107	16634620	435	1			260		other	0
10108021	536	Response	1	16636881	2696	1
10108021	537	Sound	110	16655618	427	1			260		other	0
10108021	537	Response	1	16659840	4649	1
10108021	538	Sound	103	16675017	320	1			260		other	0
10108021	539	Sound	111	16698416	378	1			260		other	0
10108021	539	Response	1	16700477	2440	1
10108021	540	Sound	105	16726614	402	1			260		other	0
10108021	540	Response	1	16729996	3783	1
10108021	541	Sound	108	16746813	261	1			260		other	0
10108021	541	Response	1	16749834	3283	1
10108021	542	Sound	107	16768812	420	1			260		other	0
10108021	542	Response	1	16772153	3761	1
10108021	543	Sound	107	16792010	278	1			260		other	0
10108021	543	Response	1	16794871	3140	1
10108021	544	Sound	104	16818009	269	1			260		other	0
10108021	544	Response	1	16822390	4650	1
10108021	545	Sound	101	16836207	463	1			260		other	0
10108021	546	Sound	108	16857406	322	1			260		other	0
10108021	546	Response	1	16860387	3303	1
10108021	547	Sound	110	16879205	281	1			260		other	0
10108021	547	Response	1	16881986	3062	1
10108021	548	Sound	101	16902404	306	1			260		other	0
10108021	549	Sound	111	16928402	296	1			260		other	0
10108021	549	Response	1	16931343	3238	1
10108021	550	Sound	101	16952401	288	1			260		other	0
10108021	551	Sound	104	16980799	344	1			260		other	0
10108021	552	Sound	111	17003997	369	1			260		other	0
10108021	552	Response	1	17006698	3070	1
10108021	553	Sound	105	17030796	327	1			260		other	0
10108021	553	Response	1	17034937	4468	1
10108021	554	Sound	110	17053594	452	1			260		other	0
10108021	554	Response	1	17057175	4033	1
10108021	555	Sound	109	17078593	443	1			260		other	0
10108021	555	Response	1	17081254	3104	1
10108021	556	Sound	106	17096392	403	1			260		other	0
10108021	556	Response	1	17100693	4704	1
10108021	557	Sound	102	17121990	327	1			260		other	0
10108021	558	Sound	103	17146389	385	1			260		other	0
10108021	559	Sound	101	17162988	313	1			260		other	0
10108021	560	Sound	102	17182387	372	1			260		other	0
10108021	561	Response	255	17660338	453403	1
10108021	562	Sound	14	17729354	344	1			260		other	0
10108021	562	Response	1	17733054	4044	1
10108021	563	Sound	16	17751953	436	1			260		other	0
10108021	563	Response	1	17755132	3616	1
10108021	564	Sound	11	17774751	394	1			260		other	0
10108021	565	Sound	17	17802149	285	1			260		other	0
10108021	565	Response	1	17805129	3264	1
10108021	566	Sound	18	17825148	276	1			260		other	0
10108021	566	Response	1	17827608	2736	1
10108021	567	Sound	14	17842347	470	1			260		other	0
10108021	568	Sound	13	17861746	363	1			260		other	0
10108021	569	Sound	21	17885544	321	1			260		other	0
10108021	569	Response	1	17888564	3341	1
10108021	570	Sound	11	17910343	279	1			260		other	0
10108021	571	Sound	20	17926142	407	1			260		other	0
10108021	571	Response	1	17928961	3227	1
10108021	572	Sound	20	17952940	364	1			260		other	0
10108021	572	Response	1	17955440	2864	1
10108021	573	Sound	21	17977539	456	1			260		other	0
10108021	573	Response	1	17980079	2995	1
10108021	574	Sound	15	17996138	382	1			260		other	0
10108021	575	Sound	20	18022336	406	1			260		other	0
10108021	575	Response	1	18025116	3186	1
10108021	576	Sound	12	18047135	364	1			260		other	0
10108021	577	Sound	17	18069734	456	1			260		other	0
10108021	577	Response	1	18073353	4075	1
10108021	578	Sound	13	18088932	316	1			260		other	0
10108021	579	Sound	16	18109731	442	1			260		other	0
10108021	579	Response	1	18113750	4461	1
10108021	580	Sound	17	18126930	302	1			260		other	0
10108021	580	Response	1	18131269	4641	1
10108021	581	Sound	21	18147329	361	1			260		other	0
10108021	581	Response	1	18150948	3980	1
10108021	582	Sound	21	18173927	285	1			260		other	0
10108021	582	Response	1	18176226	2585	1
10108021	583	Sound	15	18197326	344	1			260		other	0
10108021	583	Response	1	18205345	8362	1
10108021	584	Sound	15	18223524	368	1			260		other	0
10108021	585	Sound	13	18239123	295	1			260		other	0
10108021	586	Sound	11	18262522	354	1			260		other	0
10108021	587	Sound	11	18287120	278	1			260		other	0
10108021	588	Sound	18	18305719	372	1			260		other	0
10108021	588	Response	1	18309978	4630	1
10108021	589	Sound	12	18321718	366	1			260		other	0
10108021	590	Sound	15	18340917	392	1			260		other	0
10108021	590	Response	1	18345336	4811	1
10108021	591	Sound	18	18368915	382	1			260		other	0
10108021	591	Response	1	18372214	3681	1
10108021	592	Sound	15	18392114	407	1			260		other	0
10108021	593	Sound	17	18415913	366	1			260		other	0
10108021	593	Response	1	18420051	4504	1
10108021	594	Sound	18	18435912	359	1			260		other	0
10108021	594	Response	1	18439890	4337	1
10108021	595	Sound	20	18461910	349	1			260		other	0
10108021	595	Response	1	18466369	4808	1
10108021	596	Sound	19	18479909	343	1			260		other	0
10108021	596	Response	1	18484287	4721	1
10108021	597	Sound	14	18498108	370	1			260		other	0
10108021	597	Response	1	18504126	6388	1
10108021	598	Sound	16	18521706	461	1			260		other	0
10108021	598	Response	1	18525325	4080	1
10108021	599	Sound	14	18545505	419	1			260		other	0
10108021	600	Sound	12	18566504	412	1			260		other	0
10108021	601	Sound	12	18594502	402	1			260		other	0
10108021	602	Sound	19	18613901	295	1			260		other	0
10108021	602	Response	1	18616599	2993	1
10108021	603	Sound	13	18634700	421	1			260		other	0
10108021	604	Sound	11	18652099	315	1			260		other	0
10108021	605	Sound	19	18673697	407	1			260		other	0
10108021	605	Response	1	18677156	3865	1
10108021	606	Sound	14	18702095	464	1			260		other	0
10108021	607	Sound	18	18727294	321	1			260		other	0
10108021	607	Response	1	18730432	3459	1
10108021	608	Sound	21	18753292	312	1			260		other	0
10108021	608	Response	1	18756431	3450	1
10108021	609	Sound	20	18769891	406	1			260		other	0
10108021	609	Response	1	18774350	4864	1
10108021	610	Sound	16	18789290	299	1			260		other	0
10108021	610	Response	1	18793788	4797	1
10108021	611	Sound	19	18812689	358	1			260		other	0
10108021	611	Response	1	18816107	3776	1
10108021	612	Sound	12	18829488	318	1			260		other	0
10108021	613	Sound	17	18856286	442	1			260		other	0
10108021	613	Response	1	18859305	3460	1
10108021	614	Sound	19	18871485	303	1			260		other	0
10108021	614	Response	1	18875303	4121	1
10108021	615	Sound	16	18893484	295	1			260		other	0
10108021	615	Response	1	18897542	4353	1
10108021	616	Sound	13	18914483	454	1			260		other	0
10108021	616	Response	1	18917461	3432	1
10108021	617	Response	255	19582380	646932	1
10108021	618	Sound	13	19653038	458	1			260		other	0
10108021	618	Response	1	19653975	1395	1
10108021	619	Sound	20	19679837	415	1			260		other	0
10108021	619	Response	1	19682614	3192	1
10108021	620	Sound	18	19700036	441	1			260		other	0
10108021	620	Response	1	19703812	4218	1
10108021	621	Sound	12	19724234	299	1			260		other	0
10108021	622	Sound	12	19752233	289	1			260		other	0
10108021	623	Sound	17	19771831	382	1			260		other	0
10108021	623	Response	1	19775248	3799	1
10108021	624	Sound	14	19789430	309	1			260		other	0
10108021	625	Sound	16	19816629	333	1			260		other	0
10108021	625	Response	1	19820445	4149	2
10108021	626	Sound	19	19839427	458	1			260		other	0
10108021	626	Response	1	19842524	3554	1
10108021	627	Sound	14	19866426	448	1			260		other	0
10108021	627	Response	1	19870442	4465	1
10108021	628	Sound	19	19884025	375	1			260		other	0
10108021	628	Response	1	19887721	4072	1
10108021	629	Sound	14	19910023	366	1			260		other	0
10108021	629	Response	1	19913079	3423	1
10108021	630	Sound	20	19930622	292	1			260		other	0
10108021	630	Response	1	19933638	3308	2
10108021	631	Sound	15	19957020	349	1			260		other	0
10108021	631	Response	1	19960436	3765	1
10108021	632	Sound	16	19984219	373	1			260		other	0
10108021	632	Response	1	19987315	3469	1
10108021	633	Sound	15	20000818	467	1			260		other	0
10108021	634	Sound	17	20023816	292	1			260		other	0
10108021	634	Response	1	20027552	4028	1
10108021	635	Sound	11	20041815	286	1			260		other	0
10108021	636	Sound	13	20064814	277	1			260		other	0
10108021	637	Sound	16	20081013	472	1			260		other	0
10108021	637	Response	1	20084749	4207	1
10108021	638	Sound	12	20108211	329	1			260		other	0
10108021	639	Sound	20	20134210	319	1			260		other	0
10108021	639	Response	1	20137226	3335	1
10108021	640	Sound	16	20152808	413	1			260		other	0
10108021	641	Sound	12	20170607	373	1			260		other	0
10108021	642	Sound	11	20197006	264	1			260		other	0
10108021	643	Sound	17	20220204	289	1			260		other	0
10108021	643	Response	1	20223700	3785	1
10108021	644	Sound	12	20242203	281	1			260		other	0
10108021	645	Sound	21	20259602	341	1			260		other	0
10108021	645	Response	1	20262578	3317	1
10108021	646	Sound	11	20284401	299	1			260		other	0
10108021	647	Sound	13	20307399	458	1			260		other	0
10108021	648	Sound	13	20327798	350	1			260		other	0
10108021	649	Sound	21	20347397	443	1			260		other	0
10108021	649	Response	1	20349933	2979	1
10108021	650	Sound	18	20366596	303	1			260		other	0
10108021	650	Response	1	20369851	3559	1
10108021	651	Sound	21	20383595	297	1			260		other	0
10108021	651	Response	1	20386250	2953	1
10108021	652	Sound	11	20406593	455	1			260		other	0
10108021	653	Sound	11	20426592	282	1			260		other	0
10108021	654	Sound	20	20452191	373	1			260		other	0
10108021	654	Response	1	20455046	3228	1
10108021	655	Sound	17	20474789	298	1			260		other	0
10108021	655	Response	1	20477525	3033	1
10108021	656	Sound	20	20498988	322	1			260		other	0
10108021	656	Response	1	20501763	3098	1
10108021	657	Sound	16	20522386	381	1			260		other	0
10108021	658	Sound	21	20540185	341	1			260		other	0
10108021	658	Response	1	20543280	3436	1
10108021	659	Sound	15	20557784	268	1			260		other	0
10108021	660	Sound	14	20579783	427	1			260		other	0
10108021	660	Response	1	20583678	4322	1
10108021	661	Sound	18	20595982	288	1			260		other	0
10108021	661	Response	1	20599197	3503	1
10108021	662	Sound	19	20623780	412	1			260		other	0
10108021	662	Response	1	20626715	3347	1
10108021	663	Sound	15	20643179	304	1			260		other	0
10108021	663	Response	1	20647914	5039	1
10108021	664	Sound	13	20670977	428	1			260		other	0
10108021	665	Sound	18	20688176	455	1			260		other	0
10108021	665	Response	1	20690952	3230	1
10108021	666	Sound	19	20709375	314	1			260		other	0
10108021	666	Response	1	20712550	3489	1
10108021	667	Sound	17	20726574	341	1			260		other	0
10108021	667	Response	1	20730229	3996	1
10108021	668	Sound	19	20745773	368	1			260		other	0
10108021	668	Response	1	20748788	3383	1
10108021	669	Sound	15	20772971	391	1			260		other	0
10108021	669	Response	1	20778786	6206	1
10108021	670	Sound	21	20794370	450	1			260		other	0
10108021	670	Response	1	20796705	2786	1
10108021	671	Sound	18	20822568	307	1			260		other	0
10108021	671	Response	1	20826783	4522	1
10108021	672	Sound	14	20847967	365	1			260		other	0
10108021	672	Response	1	20858461	10859	1
10108021	673	Response	255	21500902	636048	1
10108021	674	Sound	110	21569723	407	1			260		other	0
10108021	674	Response	1	21572337	3021	1
10108021	675	Sound	108	21588522	367	1			260		other	0
10108021	675	Response	1	21591136	2981	1
10108021	676	Sound	111	21611121	459	1			260		other	0
10108021	676	Response	1	21613375	2713	1
10108021	677	Sound	108	21634120	451	1			260		other	0
10108021	677	Response	1	21638573	4904	1
10108021	678	Sound	105	21654918	410	1			260		other	0
10108021	678	Response	1	21657532	3024	1
10108021	679	Sound	111	21681317	467	1			260		other	0
10108021	679	Response	1	21683290	2441	1
10108021	680	Sound	102	21702116	427	1			260		other	0
10108021	681	Sound	101	21720514	320	1			260		other	0
10108021	682	Sound	102	21738313	280	1			260		other	0
10108021	683	Sound	107	21765312	271	1			260		other	0
10108021	683	Response	1	21769125	4084	1
10108021	684	Sound	111	21782511	465	1			260		other	0
10108021	684	Response	1	21785364	3318	1
10108021	685	Sound	110	21798710	325	1			260		other	0
10108021	685	Response	1	21801923	3539	1
10108021	686	Sound	110	21818709	318	1			260		other	0
10108021	686	Response	1	21821602	3212	1
10108021	687	Sound	111	21840107	377	1			260		other	0
10108021	687	Response	1	21842961	3231	1
10108021	688	Sound	111	21867706	301	1			260		other	0
10108021	688	Response	1	21870319	2914	1
10108021	689	Sound	102	21887904	327	1			260		other	0
10108021	690	Sound	104	21915103	351	1			260		other	0
10108021	690	Response	1	21919036	4284	1
10108021	691	Sound	102	21931702	445	1			260		other	0
10108021	692	Sound	108	21958500	402	1			260		other	0
10108021	692	Response	1	21960953	2855	1
10108021	693	Sound	103	21983899	459	1			260		other	0
10108021	693	Response	1	21987832	4393	1
10108021	694	Sound	105	22012897	449	1			260		other	0
10108021	694	Response	1	22015750	3302	1
10108021	695	Sound	108	22038895	440	1			260		other	0
10108021	695	Response	1	22041588	3133	1
10108021	696	Sound	104	22061094	465	1			260		other	0
10108021	696	Response	1	22065187	4558	1
10108021	697	Sound	106	22080093	292	1			260		other	0
10108021	697	Response	1	22083026	3225	1
10108021	698	Sound	106	22102691	384	1			260		other	0
10108021	698	Response	1	22105345	3037	1
10108021	699	Sound	109	22119891	412	1			260		other	0
10108021	699	Response	1	22122623	3144	1
10108021	700	Sound	105	22137089	438	1			260		other	0
10108021	700	Response	1	22140942	4291	1
10108021	701	Sound	104	22158288	297	1			260		other	0
10108021	701	Response	1	22161901	3910	1
10108021	702	Sound	108	22176087	424	1			260		other	0
10108021	702	Response	1	22179180	3517	1
10108021	703	Sound	102	22199086	416	1			260		other	0
10108021	704	Sound	103	22227884	372	1			260		other	0
10108021	705	Sound	109	22253482	463	1			260		other	0
10108021	705	Response	1	22256055	3036	1
10108021	706	Sound	101	22281481	453	1			260		other	0
10108021	707	Sound	106	22300880	346	1			260		other	0
10108021	707	Response	1	22303892	3359	1
10108021	708	Sound	110	22323078	372	1			260		other	0
10108021	708	Response	1	22325731	3024	1
10108021	709	Sound	109	22340277	399	1			260		other	0
10108021	709	Response	1	22343649	3771	1
10108021	710	Sound	109	22367476	423	1			260		other	0
10108021	710	Response	1	22369888	2835	1
10108021	711	Sound	103	22394674	280	1			260		other	0
10108021	712	Sound	104	22416673	272	1			260		other	0
10108021	712	Response	1	22420125	3724	1
10108021	713	Sound	107	22440271	363	1			260		other	0
10108021	713	Response	1	22443244	3336	1
10108021	714	Sound	106	22457870	290	1			260		other	0
10108021	714	Response	1	22461642	4062	1
10108021	715	Sound	101	22477869	283	1			260		other	0
10108021	716	Sound	109	22498268	343	1			260		other	0
10108021	716	Response	1	22501400	3475	1
10108021	717	Sound	103	22527066	466	1			260		other	0
10108021	718	Sound	107	22551265	324	1			260		other	0
10108021	718	Response	1	22553797	2856	1
10108021	719	Sound	106	22578063	447	1			260		other	0
10108021	719	Response	1	22581795	4180	1
10108021	720	Sound	101	22602661	372	1			260		other	0
10108021	721	Sound	104	22621860	399	1			260		other	0
10108021	721	Response	1	22625232	3771	1
10108021	722	Sound	107	22650859	388	1			260		other	0
10108021	722	Response	1	22653630	3160	1
10108021	723	Sound	105	22679257	278	1			260		other	0
10108021	723	Response	1	22682669	3690	1
10108021	724	Sound	107	22705855	369	1			260		other	0
10108021	724	Response	1	22709307	3820	1
10108021	725	Sound	110	22726054	395	1			260		other	0
10108021	725	Response	1	22729386	3727	1
10108021	726	Sound	103	22751453	286	1			260		other	0
10108021	727	Sound	105	22767852	347	1			260		other	0
10108021	727	Response	1	22774423	6918	1
10108021	728	Sound	101	22789250	405	1			260		other	0
10108021	729	Response	255	23348228	534462	1
10108021	729	Response	1	23411184	597418	1
10108021	730	Sound	16	23428812	444	1			260		other	0
10108021	730	Response	1	23431742	3374	1
10108021	730	Response	1	23452061	23693	1
10108021	731	Sound	17	23455210	335	1			260		other	0
10108021	731	Response	1	23460141	5265	1
10108021	732	Sound	11	23480009	292	1			260		other	0
10108021	733	Sound	19	23500408	352	1			260		other	0
10108021	733	Response	1	23503178	3122	1
10108021	734	Sound	19	23520406	345	1			260		other	0
10108021	734	Response	1	23523017	2955	1
10108021	735	Sound	12	23540605	371	1			260		other	0
10108021	736	Sound	18	23560604	364	1			260		other	0
10108021	736	Response	1	23563655	3414	1
10108021	737	Sound	21	23587202	287	1			260		other	0
10108021	737	Response	1	23589653	2738	1
10108021	738	Sound	16	23608001	413	1			260		other	0
10108021	738	Response	1	23612612	5024	1
10108021	739	Sound	15	23635000	404	1			260		other	0
10108021	739	Response	1	23639010	4414	1
10108021	740	Sound	19	23654998	397	1			260		other	0
10108021	740	Response	1	23658449	3847	1
10108021	741	Sound	11	23673197	423	1			260		other	0
10108021	742	Sound	12	23696996	382	1			260		other	0
10108021	743	Sound	18	23718595	307	1			260		other	0
10108021	743	Response	1	23722045	3757	1
10108021	744	Sound	17	23734194	402	1			260		other	0
10108021	744	Response	1	23738204	4412	1
10108021	745	Sound	14	23756992	360	1			260		other	0
10108021	746	Sound	18	23782591	284	1			260		other	0
10108021	746	Response	1	23786681	4375	1
10108021	747	Sound	17	23808189	375	1			260		other	0
10108021	747	Response	1	23812039	4225	1
10108021	748	Sound	12	23824588	269	1			260		other	0
10108021	749	Sound	17	23840787	464	1			260		other	0
10108021	749	Response	1	23845237	4914	1
10108021	750	Sound	14	23859586	424	1			260		other	0
10108021	750	Response	1	23868116	8953	1
10108021	751	Sound	11	23881385	382	1			260		other	0
10108021	752	Sound	21	23902583	408	1			260		other	0
10108021	752	Response	1	23905473	3298	1
10108021	753	Sound	18	23924982	300	1			260		other	0
10108021	753	Response	1	23929072	4390	1
10108021	754	Sound	20	23940381	361	1			260		other	0
10108021	754	Response	1	23945951	5931	1
10108021	755	Sound	21	23956180	322	1			260		other	0
10108021	755	Response	1	23960590	4732	1
10108021	756	Sound	13	23976979	282	1			260		other	0
10108021	757	Sound	20	24004577	372	1			260		other	0
10108021	757	Response	1	24008827	4622	1
10108021	758	Sound	12	24026376	331	1			260		other	0
10108021	759	Sound	11	24047575	357	1			260		other	0
10108021	760	Sound	16	24075373	313	1			260		other	0
10108021	760	Response	1	24079783	4723	1
10108021	761	Sound	20	24093172	440	1			260		other	0
10108021	761	Response	1	24096182	3450	1
10108021	762	Sound	21	24113371	300	1			260		other	0
10108021	762	Response	1	24117380	4309	1
10108021	763	Sound	19	24134370	292	1			260		other	0
10108021	763	Response	1	24137459	3382	1
10108021	764	Sound	14	24150369	453	1			260		other	0
10108021	765	Sound	15	24167368	280	1			260		other	0
10108021	765	Response	1	24170898	3810	1
10108021	766	Sound	15	24189366	439	1			260		other	0
10108021	767	Sound	14	24217365	263	1			260		other	0
10108021	767	Response	1	24220494	3392	1
10108021	768	Sound	15	24235164	390	1			260		other	0
10108021	768	Response	1	24242813	8039	1
10108021	769	Sound	19	24260562	447	1			260		other	0
10108021	769	Response	1	24263132	3017	1
10108021	770	Sound	18	24286560	438	1			260		other	0
10108021	770	Response	1	24289290	3167	1
10108021	771	Sound	14	24304759	465	1			260		other	0
10108021	772	Sound	13	24322758	292	1			260		other	0
10108021	773	Sound	13	24347357	383	1			260		other	0
10108021	774	Sound	15	24367156	343	1			260		other	0
10108021	775	Sound	16	24385355	369	1			260		other	0
10108021	775	Response	1	24388484	3499	1
10108021	776	Sound	12	24412553	393	1			260		other	0
10108021	776	Response	1	24418802	6642	1
10108021	777	Sound	13	24427952	454	1			260		other	0
10108021	778	Sound	16	24453550	378	1			260		other	0
10108021	778	Response	1	24456400	3228	1
10108021	779	Sound	20	24472549	372	1			260		other	0
10108021	779	Response	1	24475838	3660	1
10108021	780	Sound	11	24491348	332	1			260		other	0
10108021	781	Sound	13	24512747	391	1			260		other	0
10108021	782	Sound	20	24531546	351	1			260		other	0
10108021	782	Response	1	24534795	3600	1
10108021	783	Sound	21	24558744	374	1			260		other	0
10108021	783	Response	1	24563033	4663	1
10108021	784	Sound	17	24581143	433	1			260		other	0
10108021	784	Response	1	24585512	4802	1
10108021	785	Response	255	24997966	398004	1
10108021	786	Sound	11	25060714	362	1			260		other	0
10108021	787	Sound	20	25080313	288	1			260		other	0
10108021	787	Response	1	25083321	3296	1
10108021	788	Sound	21	25107911	378	1			260		other	0
10108021	788	Response	1	25110839	3306	1
10108021	789	Sound	13	25128110	404	1			260		other	0
10108021	789	Response	1	25132678	4972	1
10108021	790	Sound	15	25154508	462	1			260		other	0
10108021	790	Response	1	25155397	1350	1
10108021	791	Sound	20	25174107	388	1			260		other	0
10108021	791	Response	1	25176355	2636	1
10108021	792	Sound	13	25194706	314	1			260		other	0
10108021	793	Sound	14	25220304	405	1			260		other	0
10108021	794	Sound	12	25240703	464	1			260		other	0
10108021	795	Sound	12	25262102	357	1			260		other	0
10108021	796	Sound	20	25280701	450	1			260		other	0
10108021	796	Response	1	25283628	3378	1
10108021	797	Sound	15	25299700	276	1			260		other	0
10108021	797	Response	1	25304587	5164	1
10108021	798	Sound	19	25321098	336	1			260		other	0
10108021	798	Response	1	25324026	3263	1
10108021	799	Sound	17	25340297	362	1			260		other	0
10108021	799	Response	1	25343705	3770	1
10108021	800	Sound	16	25367096	319	1			260		other	0
10108021	800	Response	1	25370823	4047	1
10108021	801	Sound	17	25388894	278	1			260		other	0
10108021	801	Response	1	25391782	3166	1
10108021	802	Sound	13	25416293	335	1			260		other	0
10108021	803	Sound	18	25440691	393	1			260		other	0
10108021	803	Response	1	25443539	3240	1
10108021	804	Sound	16	25461090	452	1			260		other	0
10108021	804	Response	1	25464497	3860	1
10108021	805	Sound	12	25487088	276	1			260		other	0
10108021	806	Sound	11	25510287	468	1			260		other	0
10108021	807	Sound	19	25529486	328	1			260		other	0
10108021	807	Response	1	25532653	3495	1
10108021	808	Sound	19	25548285	288	1			260		other	0
10108021	808	Response	1	25552732	4735	1
10108021	809	Sound	15	25568084	414	1			260		other	0
10108021	810	Sound	21	25588082	407	1			260		other	0
10108021	810	Response	1	25590570	2894	1
10108021	811	Sound	21	25609681	333	1			260		other	0
10108021	811	Response	1	25613048	3700	1
10108021	812	Sound	13	25632280	424	1			260		other	0
10108021	813	Sound	15	25656478	449	1			260		other	0
10108021	813	Response	1	25659765	3737	1
10108021	814	Sound	14	25673477	276	1			260		other	0
10108021	815	Sound	13	25691676	303	1			260		other	0
10108021	816	Sound	17	25708675	464	1			260		other	0
10108021	816	Response	1	25711762	3551	1
10108021	817	Sound	16	25735274	388	1			260		other	0
10108021	817	Response	1	25738640	3755	1
10108021	818	Sound	18	25752673	448	1			260		other	0
10108021	818	Response	1	25756320	4095	1
10108021	819	Sound	15	25768672	276	1			260		other	0
10108021	819	Response	1	25772478	4083	2
10108021	820	Sound	11	25790270	368	1			260		other	0
10108021	821	Sound	17	25810869	461	1			260		other	0
10108021	821	Response	1	25813596	3188	1
10108021	822	Sound	20	25835867	452	1			260		other	0
10108021	822	Response	1	25838474	3059	1
10108021	823	Sound	19	25863866	442	1			260		other	0
10108021	823	Response	1	25866473	3049	1
10108021	824	Sound	11	25885865	434	1			260		other	0
10108021	825	Sound	19	25914063	457	1			260		other	0
10108021	825	Response	1	25917110	3504	1
10108021	826	Sound	14	25933462	350	1			260		other	0
10108021	826	Response	1	25958867	25756	1
10108021	827	Sound	21	25959660	374	1			260		other	0
10108021	828	Sound	21	25987058	265	1			260		other	0
10108021	828	Response	1	25990305	3511	1
10108021	829	Sound	20	26010857	390	1			260		other	0
10108021	829	Response	1	26014144	3676	1
10108021	830	Sound	18	26037855	380	1			260		other	0
10108021	830	Response	1	26040302	2826	1
10108021	831	Sound	18	26059054	406	1			260		other	0
10108021	831	Response	1	26062141	3492	1
10108021	832	Sound	12	26080453	465	1			260		other	0
10108021	832	Response	1	26099338	19350	1
10108021	833	Sound	17	26100452	458	1			260		other	0
10108021	834	Sound	16	26128650	314	1			260		other	0
10108021	834	Response	1	26131656	3320	1
10108021	835	Sound	12	26149849	340	1			260		other	0
10108021	836	Sound	14	26177047	363	1			260		other	0
10108021	837	Sound	18	26202446	421	1			260		other	0
10108021	837	Response	1	26205652	3627	1
10108021	838	Sound	11	26228844	312	1			260		other	0
10108021	839	Sound	16	26245443	406	1			260		other	0
10108021	839	Response	1	26248529	3492	1
10108021	840	Sound	14	26271041	330	1			260		other	0
10108021	841	Response	255	26774257	475124	1
10108021	842	Sound	110	26842607	393	1			260		other	0
10108021	842	Response	1	26845292	3078	1
10108021	843	Sound	101	26866806	417	1			260		other	0
10108021	844	Sound	107	26889804	409	1			260		other	0
10108021	844	Response	1	26892490	3095	1
10108021	845	Sound	101	26910203	302	1			260		other	0
10108021	846	Sound	110	26939201	458	1			260		other	0
10108021	846	Response	1	26942006	3263	1
10108021	847	Sound	111	26958200	285	1			260		other	0
10108021	847	Response	1	26961925	4010	1
10108021	848	Sound	105	26984599	342	1			260		other	0
10108021	848	Response	1	26987923	3667	1
10108021	849	Sound	102	27008797	367	1			260		other	0
10108021	850	Sound	111	27035596	324	1			260		other	0
10108021	850	Response	1	27038401	3129	1
10108021	851	Sound	104	27062994	381	1			260		other	0
10108021	851	Response	1	27067839	5226	1
10108021	852	Sound	102	27088592	305	1			260		other	0
10108021	853	Sound	109	27106991	365	1			260		other	0
10108021	853	Response	1	27109596	2970	1
10108021	854	Sound	101	27132790	323	1			260		other	0
10108021	855	Sound	102	27159388	413	1			260		other	0
10108021	856	Sound	104	27181787	472	1			260		other	0
10108021	856	Response	1	27188471	7156	1
10108021	857	Sound	111	27203185	364	1			260		other	0
10108021	857	Response	1	27205510	2689	1
10108021	858	Sound	105	27221184	358	1			260		other	0
10108021	858	Response	1	27224949	4122	1
10108021	859	Sound	108	27242383	384	1			260		other	0
10108021	859	Response	1	27245428	3428	1
10108021	860	Sound	108	27269982	474	1			260		other	0
10108021	860	Response	1	27273186	3678	1
10108021	861	Sound	109	27294780	431	1			260		other	0
10108021	861	Response	1	27297665	3316	1
10108021	862	Sound	109	27321978	455	1			260		other	0
10108021	862	Response	1	27324781	3258	3
10108021	863	Sound	111	27345777	413	1			260		other	0
10108021	863	Response	1	27347901	2538	1
10108021	864	Sound	108	27371175	304	1			260		other	0
10108021	864	Response	1	27373900	3028	1
10108021	865	Sound	110	27387574	365	1			260		other	0
10108021	865	Response	1	27391339	4129	1
10108021	866	Sound	110	27403573	359	1			260		other	0
10108021	866	Response	1	27406457	3243	2
10108021	867	Sound	103	27427772	384	1			260		other	0
10108021	868	Sound	104	27456570	340	1			260		other	0
10108021	868	Response	1	27461094	4864	1
10108021	869	Sound	106	27473769	368	1			260		other	0
10108021	869	Response	1	27477013	3611	1
10108021	870	Sound	103	27490368	462	1			260		other	0
10108021	871	Sound	110	27510367	288	1			260		other	0
10108021	871	Response	1	27513251	3172	1
10108021	872	Sound	105	27528366	448	1			260		other	0
10108021	872	Response	1	27532690	4772	1
10108021	873	Sound	106	27548365	441	1			260		other	0
10108021	873	Response	1	27551969	4045	1
10108021	874	Sound	105	27568364	434	1			260		other	0
10108021	874	Response	1	27571808	3878	1
10108021	875	Sound	101	27584363	428	1			260		other	0
10108021	876	Sound	108	27602362	422	1			260		other	0
10108021	876	Response	1	27605245	3306	1
10108021	877	Sound	104	27627760	313	1			260		other	0
10108021	877	Response	1	27630764	3317	1
10108021	878	Sound	102	27645359	406	1			260		other	0
10108021	879	Sound	106	27661558	434	1			260		other	0
10108021	879	Response	1	27664442	3318	1
10108021	880	Sound	103	27679957	327	1			260		other	0
10108021	881	Sound	102	27696356	388	1			260		other	0
10108021	882	Sound	103	27722554	412	1			260		other	0
10108021	883	Sound	107	27744953	471	1			260		other	0
10108021	883	Response	1	27748517	4035	1
10108021	884	Sound	108	27762952	464	1			260		other	0
10108021	884	Response	1	27768436	5948	1
10108021	885	Sound	104	27782151	324	1			260		other	0
10108021	885	Response	1	27786514	4688	1
10108021	886	Sound	107	27802150	317	1			260		other	0
10108021	886	Response	1	27805313	3481	1
10108021	887	Sound	106	27817949	278	1			260		other	0
10108021	887	Response	1	27820832	3162	1
10108021	888	Sound	107	27835748	405	1			260		other	0
10108021	888	Response	1	27838271	2929	1
10108021	889	Sound	106	27864146	462	1			260		other	0
10108021	889	Response	1	27868029	4345	1
10108021	890	Sound	109	27887144	454	1			260		other	0
10108021	890	Response	1	27889628	2938	1
10108021	891	Sound	103	27911543	345	1			260		other	0
10108021	891	Response	1	27915866	4668	1
10108021	892	Sound	111	27932142	271	1			260		other	0
10108021	892	Response	1	27935305	3434	1
10108021	893	Sound	101	27949941	398	1			260		other	0
10108021	894	Sound	107	27971739	358	1			260		other	0
10108021	894	Response	1	27974583	3201	1
10108021	895	Sound	109	27993938	382	1			260		other	0
10108021	895	Response	1	27997302	3745	1
10108021	896	Sound	105	28013137	408	1			260		other	0
10108021	896	Response	1	28017220	4492	1
10108021	897	Response	255	28470472	436324	1
10108021	898	Sound	103	28547705	318	1			260		other	0
10108021	899	Sound	103	28571303	409	1			260		other	0
10108021	900	Sound	108	28595702	301	1			260		other	0
10108021	900	Response	1	28598944	3543	1
10108021	901	Sound	104	28619301	392	1			260		other	0
10108021	902	Sound	105	28643699	284	1			260		other	0
10108021	902	Response	1	28647421	4006	1
10108021	903	Sound	104	28660298	378	1			260		other	0
10108021	903	Response	1	28663980	4060	1
10108021	904	Sound	104	28688296	368	1			260		other	0
10108021	904	Response	1	28691499	3570	1
10108021	905	Sound	106	28712895	292	1			260		other	0
10108021	905	Response	1	28715817	3214	1
10108021	906	Sound	101	28734494	384	1			260		other	0
10108021	907	Sound	102	28752093	311	1			260		other	0
10108021	908	Sound	101	28774891	437	1			260		other	0
10108021	909	Sound	101	28798090	295	1			260		other	0
10108021	910	Sound	106	28817689	388	1			260		other	0
10108021	910	Response	1	28821491	4190	1
10108021	911	Sound	107	28844087	279	1			260		other	0
10108021	911	Response	1	28847729	3921	1
10108021	912	Sound	109	28872285	302	1			260		other	0
10108021	912	Response	1	28874767	2784	1
10108021	913	Sound	111	28899284	292	1			260		other	0
10108021	913	Response	1	28901646	2654	1
10108021	914	Sound	110	28915283	287	1			260		other	0
10108021	914	Response	1	28918525	3528	1
10108021	915	Sound	110	28935682	346	1			260		other	0
10108021	915	Response	1	28937964	2628	1
10108021	916	Sound	105	28959480	305	1			260		other	0
10108021	916	Response	1	28962602	3426	1
10108021	917	Sound	103	28978079	398	1			260		other	0
10108021	917	Response	1	28981161	3479	1
10108021	918	Sound	104	28997478	458	1			260		other	0
10108021	918	Response	1	29001079	4059	1
10108021	919	Sound	107	29019876	349	1			260		other	0
10108021	919	Response	1	29022438	2911	1
10108021	920	Sound	102	29046875	340	1			260		other	0
10108021	921	Sound	111	29063674	300	1			260		other	0
10108021	921	Response	1	29066195	2822	1
10108021	922	Sound	108	29091672	457	1			260		other	0
10108021	922	Response	1	29094114	2899	1
10108021	923	Sound	101	29108671	451	1			260		other	0
10108021	924	Sound	105	29130870	310	1			260		other	0
10108021	924	Response	1	29134511	3951	1
10108021	925	Sound	105	29155868	301	1			260		other	0
10108021	925	Response	1	29158990	3422	1
10108021	926	Sound	101	29177867	293	1			260		other	0
10108021	927	Sound	107	29195066	320	1			260		other	0
10108021	927	Response	1	29197867	3121	1
10108021	928	Sound	109	29211065	314	1			260		other	0
10108021	928	Response	1	29215147	4396	1
10108021	929	Sound	109	29234864	273	1			260		other	0
10108021	929	Response	1	29239145	4554	1
10108021	930	Sound	107	29263462	362	1			260		other	0
10108021	930	Response	1	29265783	2684	1
10108021	931	Sound	103	29286061	288	1			260		other	0
10108021	932	Sound	109	29307059	447	1			260		other	0
10108021	932	Response	1	29309701	3088	1
10108021	933	Sound	102	29324258	307	1			260		other	0
10108021	934	Sound	108	29342657	367	1			260		other	0
10108021	934	Response	1	29345298	3008	1
10108021	935	Sound	106	29367856	392	1			260		other	0
10108021	935	Response	1	29374177	6713	1
10108021	936	Sound	111	29390254	451	1			260		other	0
10108021	936	Response	1	29392735	2932	1
10108021	937	Sound	107	29413253	276	1			260		other	0
10108021	937	Response	1	29417614	4636	1
10108021	938	Sound	108	29434452	301	1			260		other	0
10108021	938	Response	1	29437693	3542	1
10108021	939	Sound	102	29454050	394	1			260		other	0
10108021	940	Sound	111	29477049	386	1			260		other	0
10108021	940	Response	1	29479450	2787	1
10108021	941	Sound	110	29503247	410	1			260		other	0
10108021	941	Response	1	29506088	3251	1
10108021	942	Sound	111	29528646	468	1			260		other	0
10108021	942	Response	1	29530967	2789	1
10108021	943	Sound	110	29551645	460	1			260		other	0
10108021	943	Response	1	29555285	4100	1
10108021	944	Sound	106	29573843	318	1			260		other	0
10108021	944	Response	1	29576884	3359	1
10108021	945	Sound	104	29596442	410	1			260		other	0
10108021	946	Sound	110	29617241	369	1			260		other	0
10108021	946	Response	1	29620161	3290	1
10108021	947	Sound	109	29635640	430	1			260		other	0
10108021	947	Response	1	29638240	3030	1
10108021	948	Sound	105	29652239	357	1			260		other	0
10108021	948	Response	1	29657279	5397	1
10108021	949	Sound	103	29670837	284	1			260		other	0
10108021	950	Sound	102	29699236	340	1			260		other	0
10108021	951	Sound	108	29725834	431	1			260		other	0
10108021	951	Response	1	29729115	3711	1
10108021	952	Sound	106	29752033	288	1			260		other	0
10108021	952	Response	1	29757273	5528	1
10108021	953	Response	255	30183487	403487	1
10108021	954	Sound	13	30256002	442	1			260		other	0
10108021	955	Sound	21	30280401	333	1			260		other	0
10108021	955	Response	1	30282680	2612	1
10108021	956	Sound	15	30302200	292	1			260		other	0
10108021	956	Response	1	30307799	5891	1
10108021	957	Sound	19	30320198	452	1			260		other	0
10108021	957	Response	1	30322598	2852	1
10108021	958	Sound	12	30342997	411	1			260		other	0
10108021	959	Sound	16	30359196	438	1			260		other	0
10108021	959	Response	1	30361956	3198	1
10108021	960	Sound	21	30379995	397	1			260		other	0
10108021	960	Response	1	30384034	4437	1
10108021	961	Sound	18	30407393	454	1			260		other	0
10108021	961	Response	1	30410033	3094	1
10108021	962	Sound	20	30428392	447	1			260		other	0
10108021	962	Response	1	30431231	3286	1
10108021	963	Sound	19	30449391	273	1			260		other	0
10108021	963	Response	1	30451950	2832	1
10108021	964	Sound	18	30469590	299	1			260		other	0
10108021	964	Response	1	30472029	2738	1
10108021	965	Sound	14	30492988	357	1			260		other	0
10108021	966	Sound	13	30516587	449	1			260		other	0
10108021	967	Sound	16	30536386	408	1			260		other	0
10108021	967	Response	1	30540185	4207	1
10108021	968	Sound	19	30557784	301	1			260		other	0
10108021	968	Response	1	30561143	3660	1
10108021	969	Sound	13	30582783	458	1			260		other	0
10108021	970	Sound	11	30598182	353	1			260		other	0
10108021	971	Sound	14	30625780	276	1			260		other	0
10108021	971	Response	1	30629299	3795	1
10108021	972	Sound	16	30649779	434	1			260		other	0
10108021	972	Response	1	30653538	4194	1
10108021	973	Sound	15	30671377	360	1			260		other	0
10108021	973	Response	1	30674976	3959	1
10108021	974	Sound	20	30689176	320	1			260		other	0
10108021	974	Response	1	30691775	2919	1
10108021	975	Sound	11	30716575	377	1			260		other	0
10108021	976	Sound	20	30739973	436	1			260		other	0
10108021	976	Response	1	30742892	3354	1
10108021	977	Sound	16	30764972	427	1			260		other	0
10108021	978	Sound	18	30785171	286	1			260		other	0
10108021	978	Response	1	30788330	3445	1
10108021	979	Sound	21	30802570	347	1			260		other	0
10108021	979	Response	1	30806008	3785	1
10108021	980	Sound	17	30830568	337	1			260		other	0
10108021	980	Response	1	30834006	3775	1
10108021	981	Sound	14	30857366	294	1			260		other	0
10108021	982	Sound	14	30884965	384	1			260		other	0
10108021	983	Sound	12	30910963	375	1			260		other	0
10108021	984	Sound	19	30933362	267	1			260		other	0
10108021	984	Response	1	30936880	3785	1
10108021	985	Sound	18	30951761	327	1			260		other	0
10108021	985	Response	1	30955679	4245	1
10108021	986	Sound	11	30968360	421	1			260		other	0
10108021	987	Sound	17	30984159	382	1			260		other	0
10108021	987	Response	1	30987997	4220	1
10108021	988	Sound	15	31004357	408	1			260		other	0
10108021	988	Response	1	31008316	4366	1
10108021	989	Sound	16	31020157	369	1			260		other	0
10108021	989	Response	1	31024715	4927	1
10108021	990	Sound	21	31041755	461	1			260		other	0
10108021	990	Response	1	31047193	5899	1
10108021	991	Sound	11	31066754	452	1			260		other	0
10108021	992	Sound	17	31088952	478	1			260		other	0
10108021	992	Response	1	31092631	4156	1
10108021	993	Sound	20	31115751	435	1			260		other	0
10108021	993	Response	1	31118629	3313	1
10108021	994	Sound	12	31137950	460	1			260		other	0
10108021	995	Sound	19	31156148	320	1			260		other	0
10108021	995	Response	1	31159027	3199	1
10108021	996	Sound	17	31182747	411	1			260		other	0
10108021	996	Response	1	31185905	3569	1
10108021	997	Sound	11	31203146	470	1			260		other	0
10108021	998	Sound	13	31224744	396	1			260		other	0
10108021	999	Sound	12	31245743	388	1			260		other	0
10108021	1000	Sound	20	31264142	449	1			260		other	0
10108021	1000	Response	1	31266700	3007	1
10108021	1001	Sound	21	31289940	406	1			260		other	0
10108021	1001	Response	1	31292938	3404	1
10108021	1002	Sound	14	31312139	431	1			260		other	0
10108021	1003	Sound	15	31332138	424	1			260		other	0
10108021	1003	Response	1	31336215	4502	1
10108021	1004	Sound	13	31349337	285	1			260		other	0
10108021	1005	Sound	17	31367936	378	1			260		other	0
10108021	1005	Response	1	31372054	4496	1
10108021	1006	Sound	12	31387734	338	1			260		other	0
10108021	1007	Sound	15	31403734	332	1			260		other	0
10108021	1008	Sound	18	31425532	291	1			260		other	0
10108021	1008	Response	1	31428770	3529	1
