Scenario - 
Logfile written - 12/09/2018 17:11:08

Subject	Trial	Event Type	Code	Time	TTime	Uncertainty	Duration	Uncertainty	ReqTime	ReqDur	Stim Type	Pair Index

10108014	1	Response	255	58638	58305	1
10108014	2	Sound	106	132610	318	1			260		other	0
10108014	2	Response	1	136633	4341	1
10108014	3	Sound	101	154608	310	1			260		other	0
10108014	4	Sound	102	180607	301	1			260		other	0
10108014	5	Sound	101	197405	428	1			260		other	0
10108014	6	Sound	110	218204	387	1			260		other	0
10108014	6	Response	1	221428	3611	1
10108014	7	Sound	102	245602	277	1			260		other	0
10108014	8	Sound	104	262801	305	1			260		other	0
10108014	8	Response	1	270785	8288	1
10108014	9	Sound	107	279800	465	1			260		other	0
10108014	9	Response	1	283264	3929	1
10108014	10	Sound	106	300199	358	1			260		other	0
10108014	10	Response	1	303743	3902	1
10108014	11	Sound	109	316398	386	1			260		other	0
10108014	11	Response	1	319742	3729	1
10108014	12	Sound	106	338597	411	1			260		other	0
10108014	12	Response	1	341980	3795	1
10108014	13	Sound	102	363795	269	1			260		other	0
10108014	14	Sound	111	383594	395	1			260		other	0
10108014	14	Response	1	386297	3099	1
10108014	15	Sound	109	403192	321	1			260		other	0
10108014	15	Response	1	406616	3745	1
10108014	16	Sound	110	424991	280	1			260		other	0
10108014	16	Response	1	428055	3344	1
10108014	17	Sound	108	451189	304	1			260		other	0
10108014	17	Response	1	454053	3168	1
10108014	18	Sound	104	473788	396	1			260		other	0
10108014	18	Response	1	489651	16259	1
10108014	19	Sound	105	490387	324	1			260		other	0
10108014	20	Sound	103	515185	281	1			260		other	0
10108014	20	Response	1	519169	4265	1
10108014	21	Sound	101	531184	443	1			260		other	0
10108014	22	Sound	108	556983	400	1			260		other	0
10108014	22	Response	1	560206	3623	1
10108014	23	Sound	107	574582	327	1			260		other	0
10108014	23	Response	1	578365	4110	1
10108014	24	Sound	103	591781	354	1			260		other	0
10108014	24	Response	1	597564	6138	1
10108014	25	Sound	101	613779	346	1			260		other	0
10108014	26	Sound	104	632178	407	1			260		other	0
10108014	26	Response	1	635801	4030	1
10108014	27	Sound	109	649977	367	1			260		other	0
10108014	27	Response	1	653480	3870	1
10108014	28	Sound	107	666176	395	1			260		other	0
10108014	28	Response	1	670279	4498	1
10108014	29	Sound	105	683175	389	1			260		other	0
10108014	29	Response	1	686278	3493	1
10108014	30	Sound	111	703774	314	1			260		other	0
10108014	30	Response	1	706357	2897	1
10108014	31	Sound	108	721572	441	1			260		other	0
10108014	31	Response	1	724276	3145	1
10108014	32	Sound	106	742571	267	1			260		other	0
10108014	32	Response	1	745874	3570	1
10108014	33	Sound	109	760770	294	1			260		other	0
10108014	33	Response	1	764273	3797	1
10108014	34	Sound	111	782769	286	1			260		other	0
10108014	34	Response	1	785392	2909	1
10108014	35	Sound	111	804567	412	1			260		other	0
10108014	35	Response	1	806830	2675	1
10108014	36	Sound	106	824366	371	1			260		other	0
10108014	36	Response	1	827789	3795	1
10108014	37	Sound	102	841565	400	1			260		other	0
10108014	37	Response	1	846988	5822	1
10108014	38	Sound	108	869963	455	1			260		other	0
10108014	38	Response	1	872586	3078	1
10108014	39	Sound	108	888362	349	1			260		other	0
10108014	39	Response	1	891145	3132	1
10108014	40	Sound	110	916760	406	1			260		other	0
10108014	40	Response	1	919303	2949	1
10108014	41	Sound	107	942158	296	1			260		other	0
10108014	41	Response	1	945141	3279	1
10108014	42	Sound	104	970157	287	1			260		other	0
10108014	42	Response	1	973300	3429	1
10108014	43	Sound	105	997155	443	1			260		other	0
10108014	43	Response	1	1000818	4106	1
10108014	44	Sound	102	1018354	469	1			260		other	0
10108014	45	Sound	103	1045952	392	1			260		other	0
10108014	46	Sound	110	1065551	320	1			260		other	0
10108014	46	Response	1	1068493	3262	1
10108014	47	Sound	109	1085949	378	1			260		other	0
10108014	47	Response	1	1088652	3081	1
10108014	48	Sound	103	1103748	339	1			260		other	0
10108014	48	Response	1	1107611	4201	1
10108014	49	Sound	111	1127347	264	1			260		other	0
10108014	49	Response	1	1130329	3247	1
10108014	50	Sound	101	1147746	323	1			260		other	0
10108014	51	Sound	104	1169544	282	1			260		other	0
10108014	51	Response	1	1172727	3465	1
10108014	52	Sound	105	1195742	306	1			260		other	0
10108014	52	Response	1	1198965	3528	1
10108014	53	Sound	103	1223741	463	1			260		other	0
10108014	53	Response	1	1228403	5125	1
10108014	54	Sound	110	1250339	386	1			260		other	0
10108014	54	Response	1	1252882	2929	1
10108014	55	Sound	105	1271338	379	1			260		other	0
10108014	55	Response	1	1275200	4241	1
10108014	56	Sound	107	1287737	440	1			260		other	0
10108014	56	Response	1	1290639	3343	1
10108014	57	Response	255	2115306	810257	1
10108014	58	Sound	14	2191880	318	1			260		other	0
10108014	59	Sound	11	2207479	412	1			260		other	0
10108014	60	Sound	15	2229077	338	1			260		other	0
10108014	61	Sound	18	2250276	364	1			260		other	0
10108014	61	Response	1	2254177	4265	1
10108014	62	Sound	13	2268075	324	1			260		other	0
10108014	63	Sound	21	2295673	414	1			260		other	0
10108014	63	Response	1	2298814	3555	1
10108014	64	Sound	20	2312872	442	1			260		other	0
10108014	64	Response	1	2317533	5103	1
10108014	65	Sound	17	2332071	468	1			260		other	0
10108014	65	Response	1	2336092	4489	1
10108014	66	Sound	12	2359269	325	1			260		other	0
10108014	67	Sound	21	2383468	350	1			260		other	0
10108014	67	Response	1	2385689	2571	1
10108014	68	Sound	13	2408866	407	1			260		other	0
10108014	69	Sound	11	2431265	299	1			260		other	0
10108014	70	Sound	17	2456663	357	1			260		other	0
10108014	70	Response	1	2459524	3218	1
10108014	71	Sound	20	2473662	351	1			260		other	0
10108014	71	Response	1	2477043	3732	1
10108014	72	Sound	13	2500260	442	1			260		other	0
10108014	73	Sound	16	2526659	332	1			260		other	0
10108014	73	Response	1	2530959	4633	1
10108014	74	Sound	20	2544657	326	1			260		other	0
10108014	74	Response	1	2547758	3427	1
10108014	75	Sound	17	2562456	286	1			260		other	0
10108014	75	Response	1	2567277	5107	1
10108014	76	Sound	12	2587055	377	1			260		other	0
10108014	77	Sound	13	2613253	401	1			260		other	0
10108014	78	Sound	16	2629452	429	1			260		other	0
10108014	78	Response	1	2632953	3930	1
10108014	79	Sound	20	2650051	355	1			260		other	0
10108014	79	Response	1	2653512	3816	1
10108014	80	Sound	16	2673849	313	1			260		other	0
10108014	80	Response	1	2677110	3574	1
10108014	81	Sound	16	2694648	272	1			260		other	0
10108014	81	Response	1	2697829	3453	1
10108014	82	Sound	18	2713847	299	1			260		other	0
10108014	82	Response	1	2717107	3559	1
10108014	83	Sound	14	2734045	325	1			260		other	0
10108014	83	Response	1	2737826	4105	1
10108014	84	Sound	15	2753244	351	1			260		other	0
10108014	85	Sound	21	2780242	342	1			260		other	0
10108014	85	Response	1	2782863	2963	2
10108014	86	Sound	16	2807841	265	1			260		other	0
10108014	86	Response	1	2812781	5206	1
10108014	87	Sound	18	2836839	422	1			260		other	0
10108014	87	Response	1	2840299	3882	1
10108014	88	Sound	18	2861837	413	1			260		other	0
10108014	88	Response	1	2865178	3753	1
10108014	89	Sound	11	2879436	340	1			260		other	0
10108014	90	Sound	17	2902035	432	1			260		other	0
10108014	90	Response	1	2905175	3572	1
10108014	91	Sound	12	2922034	425	1			260		other	0
10108014	92	Sound	17	2941232	451	1			260		other	0
10108014	92	Response	1	2945573	4791	1
10108014	93	Sound	12	2964831	376	1			260		other	0
10108014	94	Sound	14	2987229	268	1			260		other	0
10108014	95	Sound	11	3012028	392	1			260		other	0
10108014	96	Sound	15	3036226	417	1			260		other	0
10108014	97	Sound	14	3054025	377	1			260		other	0
10108014	98	Sound	15	3077424	436	1			260		other	0
10108014	98	Response	1	3081484	4496	1
10108014	99	Sound	21	3104422	426	1			260		other	0
10108014	99	Response	1	3108282	4287	1
10108014	100	Sound	19	3123621	286	1			260		other	0
10108014	100	Response	1	3128841	5506	1
10108014	101	Sound	18	3143820	312	1			260		other	0
10108014	101	Response	1	3147880	4372	1
10108014	102	Sound	21	3163218	372	1			260		other	0
10108014	102	Response	1	3166438	3591	2
10108014	103	Sound	20	3179617	433	1			260		other	0
10108014	103	Response	1	3182997	3813	1
10108014	104	Sound	19	3207016	323	1			260		other	0
10108014	104	Response	1	3210516	3823	1
10108014	105	Sound	13	3222815	284	1			260		other	0
10108014	106	Sound	19	3245813	443	1			260		other	0
10108014	106	Response	1	3250993	5622	1
10108014	107	Sound	14	3263412	370	1			260		other	0
10108014	108	Sound	15	3287211	328	1			260		other	0
10108014	108	Response	1	3294190	7308	1
10108014	109	Sound	12	3315009	285	1			260		other	0
10108014	110	Sound	19	3341007	275	1			260		other	0
10108014	110	Response	1	3345947	5215	1
10108014	111	Sound	19	3365206	300	1			260		other	0
10108014	111	Response	1	3369385	4480	1
10108014	112	Sound	11	3386204	293	1			260		other	0
10108014	113	Response	255	4441637	1036306	1
10108014	114	Sound	18	4525932	353	1			260		other	0
10108014	114	Response	1	4530991	5412	1
10108014	115	Sound	18	4551931	344	1			260		other	0
10108014	115	Response	1	4557469	5882	1
10108014	116	Sound	12	4571730	304	1			260		other	0
10108014	117	Sound	14	4587928	331	1			260		other	0
10108014	118	Sound	12	4611727	289	1			260		other	0
10108014	119	Sound	21	4633726	281	1			260		other	0
10108014	119	Response	1	4636744	3300	1
10108014	120	Sound	19	4660524	405	1			260		other	0
10108014	120	Response	1	4663622	3504	1
10108014	121	Sound	13	4685322	363	1			260		other	0
10108014	122	Sound	20	4708521	388	1			260		other	0
10108014	122	Response	1	4711699	3566	1
10108014	123	Sound	18	4736519	378	1			260		other	0
10108014	123	Response	1	4740737	4596	1
10108014	124	Sound	11	4757518	371	1			260		other	0
10108014	125	Sound	16	4782516	362	1			260		other	0
10108014	126	Sound	16	4801115	455	1			260		other	0
10108014	126	Response	1	4804093	3433	1
10108014	127	Sound	19	4827113	279	1			260		other	0
10108014	127	Response	1	4830492	3657	1
10108014	128	Sound	17	4848112	439	1			260		other	0
10108014	128	Response	1	4851450	3777	1
10108014	129	Sound	21	4867711	365	1			260		other	0
10108014	129	Response	1	4870009	2663	1
10108014	130	Sound	20	4885710	358	1			260		other	0
10108014	130	Response	1	4889288	3936	1
10108014	131	Sound	16	4904708	352	1			260		other	0
10108014	131	Response	1	4907606	3250	1
10108014	132	Sound	14	4930307	276	1			260		other	0
10108014	133	Sound	15	4947306	270	1			260		other	0
10108014	133	Response	1	4951044	4008	1
10108014	134	Sound	13	4969504	295	1			260		other	0
10108014	135	Sound	18	4985103	390	1			260		other	0
10108014	135	Response	1	4988241	3528	1
10108014	136	Sound	19	5008702	315	1			260		other	0
10108014	136	Response	1	5011760	3373	1
10108014	137	Sound	12	5036300	405	1			260		other	0
10108014	138	Sound	21	5064099	362	1			260		other	0
10108014	138	Response	1	5066636	2899	1
10108014	139	Sound	15	5086497	420	1			260		other	0
10108014	140	Sound	12	5113295	377	1			260		other	0
10108014	141	Sound	17	5131094	338	1			260		other	0
10108014	141	Response	1	5134152	3395	1
10108014	142	Sound	15	5150893	297	1			260		other	0
10108014	142	Response	1	5155511	4915	1
10108014	143	Sound	20	5173292	356	1			260		other	0
10108014	143	Response	1	5176069	3134	1
10108014	144	Sound	11	5195890	281	1			260		other	0
10108014	145	Sound	18	5214489	375	1			260		other	0
10108014	145	Response	1	5218467	4352	1
10108014	146	Sound	19	5235488	367	1			260		other	0
10108014	146	Response	1	5238945	3825	1
10108014	147	Sound	13	5261086	458	1			260		other	0
10108014	148	Sound	14	5287284	315	1			260		other	0
10108014	149	Sound	15	5303883	410	1			260		other	0
10108014	150	Sound	13	5324082	436	1			260		other	0
10108014	151	Sound	13	5345681	361	1			260		other	0
10108014	152	Sound	20	5362880	388	1			260		other	0
10108014	152	Response	1	5365897	3406	1
10108014	153	Sound	14	5386278	280	1			260		other	0
10108014	154	Sound	11	5406077	406	1			260		other	0
10108014	155	Sound	11	5429075	398	1			260		other	0
10108014	156	Sound	17	5445274	426	1			260		other	0
10108014	156	Response	1	5449732	4883	1
10108014	157	Sound	16	5471473	283	1			260		other	0
10108014	157	Response	1	5475330	4140	1
10108014	158	Sound	16	5498671	473	1			260		other	0
10108014	158	Response	1	5502608	4411	1
10108014	159	Sound	21	5523869	331	1			260		other	0
10108014	159	Response	1	5526687	3148	1
10108014	160	Sound	14	5548668	289	1			260		other	0
10108014	160	Response	1	5553725	5346	1
10108014	161	Sound	11	5568667	282	1			260		other	0
10108014	162	Sound	15	5584466	409	1			260		other	0
10108014	162	Response	1	5588923	4867	1
10108014	163	Sound	19	5606864	301	1			260		other	0
10108014	163	Response	1	5610121	3559	1
10108014	164	Sound	20	5626263	361	1			260		other	0
10108014	164	Response	1	5630200	4298	1
10108014	165	Sound	12	5645862	454	1			260		other	0
10108014	166	Sound	17	5664461	381	1			260		other	0
10108014	166	Response	1	5667318	3238	1
10108014	167	Sound	17	5681660	408	1			260		other	0
10108014	167	Response	1	5687236	5985	1
10108014	168	Sound	21	5706658	399	1			260		other	0
10108014	168	Response	1	5709715	3456	1
10108014	169	Response	255	6477346	745166	1
10108014	170	Sound	111	6559004	329	1			260		other	0
10108014	170	Response	1	6561820	3145	1
10108014	171	Sound	105	6585802	453	1			260		other	0
10108014	171	Response	1	6591338	5989	1
10108014	172	Sound	106	6611401	377	1			260		other	0
10108014	172	Response	1	6614457	3433	1
10108014	173	Sound	106	6633999	302	1			260		other	0
10108014	173	Response	1	6637175	3478	1
10108014	174	Sound	102	6662398	359	1			260		other	0
10108014	175	Sound	101	6688996	283	1			260		other	0
10108014	176	Sound	106	6716194	306	1			260		other	0
10108014	176	Response	1	6719970	4082	1
10108014	177	Sound	109	6744392	329	1			260		other	0
10108014	177	Response	1	6747328	3265	1
10108014	178	Sound	105	6767391	321	1			260		other	0
10108014	178	Response	1	6771327	4257	1
10108014	179	Sound	109	6789190	447	1			260		other	0
10108014	179	Response	1	6791885	3143	1
10108014	180	Sound	110	6811588	339	1			260		other	0
10108014	180	Response	1	6815644	4394	1
10108014	181	Sound	103	6836587	330	1			260		other	0
10108014	182	Sound	104	6862385	287	1			260		other	0
10108014	182	Response	1	6866760	4663	1
10108014	183	Sound	108	6879584	315	1			260		other	0
10108014	183	Response	1	6882920	3651	1
10108014	184	Sound	101	6904382	273	1			260		other	0
10108014	185	Sound	111	6923581	466	1			260		other	0
10108014	185	Response	1	6925797	2681	1
10108014	186	Sound	110	6946380	424	1			260		other	0
10108014	186	Response	1	6949555	3600	1
10108014	187	Sound	108	6974978	347	1			260		other	0
10108014	187	Response	1	6978193	3563	1
10108014	188	Sound	103	7002176	371	1			260		other	0
10108014	188	Response	1	7006591	4786	1
10108014	189	Sound	109	7023575	430	1			260		other	0
10108014	189	Response	1	7026910	3766	1
10108014	190	Sound	107	7039774	291	1			260		other	0
10108014	190	Response	1	7044829	5346	1
10108014	191	Sound	102	7059973	317	1			260		other	0
10108014	192	Sound	102	7078571	410	1			260		other	0
10108014	193	Sound	103	7102570	402	1			260		other	0
10108014	193	Response	1	7106425	4257	1
10108014	194	Sound	105	7131368	359	1			260		other	0
10108014	194	Response	1	7135463	4454	1
10108014	195	Sound	102	7154367	351	1			260		other	0
10108014	195	Response	1	7158662	4646	1
10108014	196	Sound	101	7176365	343	1			260		other	0
10108014	197	Sound	104	7194364	336	1			260		other	0
10108014	197	Response	1	7197539	3511	1
10108014	198	Sound	110	7219762	393	1			260		other	0
10108014	198	Response	1	7222818	3449	1
10108014	199	Sound	103	7241761	386	1			260		other	0
10108014	199	Response	1	7253456	12080	1
10108014	200	Sound	101	7270159	442	1			260		other	0
10108014	200	Response	1	7276174	6458	1
10108014	201	Sound	102	7291358	468	1			260		other	0
10108014	202	Sound	104	7312557	327	1			260		other	0
10108014	202	Response	1	7315932	3702	1
10108014	203	Sound	105	7336555	318	1			260		other	0
10108014	203	Response	1	7340170	3934	1
10108014	204	Sound	107	7355754	345	1			260		other	0
10108014	204	Response	1	7358489	3080	1
10108014	205	Sound	111	7372553	306	1			260		other	0
10108014	205	Response	1	7374888	2641	1
10108014	206	Sound	111	7399951	363	1			260		other	0
10108014	206	Response	1	7403046	3458	1
10108014	207	Sound	109	7427149	386	1			260		other	0
10108014	207	Response	1	7429924	3161	1
10108014	208	Sound	108	7446748	313	1			260		other	0
10108014	208	Response	1	7450643	4207	1
10108014	209	Sound	107	7465147	373	1			260		other	0
10108014	209	Response	1	7469042	4268	1
10108014	210	Sound	107	7487945	331	1			260		other	0
10108014	210	Response	1	7491121	3506	1
10108014	211	Sound	101	7513744	289	1			260		other	0
10108014	212	Sound	106	7542742	445	1			260		other	0
10108014	212	Response	1	7546157	3860	1
10108014	213	Sound	108	7566941	470	1			260		other	0
10108014	213	Response	1	7571915	5444	1
10108014	214	Sound	110	7591539	394	1			260		other	0
10108014	214	Response	1	7594634	3489	1
10108014	215	Sound	110	7617937	285	1			260		other	0
10108014	215	Response	1	7621032	3379	1
10108014	216	Sound	107	7635936	445	1			260		other	0
10108014	216	Response	1	7638951	3460	1
10108014	217	Sound	106	7656535	371	1			260		other	0
10108014	217	Response	1	7659750	3586	1
10108014	218	Sound	104	7679534	363	1			260		other	0
10108014	218	Response	1	7682868	3697	1
10108014	219	Sound	104	7696132	290	1			260		other	0
10108014	219	Response	1	7699907	4065	1
10108014	220	Sound	111	7717731	383	1			260		other	0
10108014	220	Response	1	7719986	2637	1
10108014	221	Sound	105	7741130	441	1			260		other	0
10108014	221	Response	1	7743824	3135	1
10108014	222	Sound	109	7769928	397	1			260		other	0
10108014	222	Response	1	7772462	2932	1
10108014	223	Sound	108	7788327	457	1			260		other	0
10108014	223	Response	1	7791421	3552	1
10108014	224	Sound	103	7805926	385	1			260		other	0
10108014	225	Response	255	8943747	1115953	1
10108014	226	Sound	15	9008850	456	1			260		other	0
10108014	226	Response	1	9013823	5429	1
10108014	227	Sound	17	9033848	280	1			260		other	0
10108014	227	Response	1	9036781	3213	1
10108014	228	Sound	21	9056447	372	1			260		other	0
10108014	228	Response	1	9058859	2785	1
10108014	229	Sound	12	9072446	366	1			260		other	0
10108014	230	Sound	17	9092244	326	1			260		other	0
10108014	230	Response	1	9095497	3579	1
10108014	231	Sound	21	9107843	421	1			260		other	0
10108014	231	Response	1	9110616	3194	1
10108014	232	Sound	18	9125442	348	1			260		other	0
10108014	232	Response	1	9128055	2960	1
10108014	233	Sound	20	9151641	372	1			260		other	0
10108014	233	Response	1	9154054	2785	1
10108014	234	Sound	20	9172639	364	1			260		other	0
10108014	234	Response	1	9175012	2737	1
10108014	235	Sound	15	9190638	358	1			260		other	0
10108014	236	Sound	13	9211837	383	1			260		other	0
10108014	237	Sound	19	9235235	442	1			260		other	0
10108014	237	Response	1	9237968	3175	1
10108014	238	Sound	16	9250634	336	1			260		other	0
10108014	238	Response	1	9255007	4709	1
10108014	239	Sound	20	9278033	393	1			260		other	0
10108014	239	Response	1	9281165	3526	1
10108014	240	Sound	21	9296632	320	1			260		other	0
10108014	240	Response	1	9299564	3253	1
10108014	241	Sound	18	9319430	278	1			260		other	0
10108014	241	Response	1	9322523	3371	1
10108014	242	Sound	11	9345628	469	1			260		other	0
10108014	243	Sound	19	9373627	459	1			260		other	0
10108014	243	Response	1	9376679	3512	1
10108014	244	Sound	19	9393225	385	1			260		other	0
10108014	244	Response	1	9396358	3518	1
10108014	245	Sound	20	9416224	377	1			260		other	0
10108014	245	Response	1	9419717	3870	1
10108014	246	Sound	14	9432623	438	1			260		other	0
10108014	247	Sound	13	9460221	362	1			260		other	0
10108014	248	Sound	16	9475620	423	1			260		other	0
10108014	248	Response	1	9479552	4355	1
10108014	249	Sound	17	9502818	280	1			260		other	0
10108014	249	Response	1	9507711	5172	1
10108014	250	Sound	19	9522817	439	1			260		other	0
10108014	250	Response	1	9526269	3891	1
10108014	251	Sound	19	9544616	398	1			260		other	0
10108014	251	Response	1	9547228	3010	1
10108014	252	Sound	14	9560215	326	1			260		other	0
10108014	253	Sound	13	9585813	417	1			260		other	0
10108014	254	Sound	16	9614011	440	1			260		other	0
10108014	254	Response	1	9619384	5812	1
10108014	255	Sound	13	9637410	332	1			260		other	0
10108014	256	Sound	12	9664808	389	1			260		other	0
10108014	257	Sound	15	9687407	314	1			260		other	0
10108014	258	Sound	21	9706606	341	1			260		other	0
10108014	258	Response	1	9709378	3113	1
10108014	259	Sound	15	9724804	367	1			260		other	0
10108014	259	Response	1	9730497	6059	1
10108014	260	Sound	12	9748403	459	1			260		other	0
10108014	261	Sound	14	9765002	386	1			260		other	0
10108014	262	Sound	17	9789000	378	1			260		other	0
10108014	262	Response	1	9792573	3950	1
10108014	263	Sound	20	9809599	470	1			260		other	0
10108014	263	Response	1	9813291	4162	1
10108014	264	Sound	18	9830398	263	1			260		other	0
10108014	264	Response	1	9833450	3315	1
10108014	265	Sound	21	9853596	455	1			260		other	0
10108014	265	Response	1	9856808	3667	1
10108014	266	Sound	11	9876595	447	1			260		other	0
10108014	267	Sound	18	9892594	274	1			260		other	0
10108014	267	Response	1	9896326	4006	1
10108014	268	Sound	13	9910193	368	1			260		other	0
10108014	269	Sound	16	9931791	460	1			260		other	0
10108014	269	Response	1	9935843	4512	1
10108014	270	Sound	18	9957390	384	1			260		other	0
10108014	270	Response	1	9961442	4436	1
10108014	271	Sound	12	9973189	345	1			260		other	0
10108014	272	Sound	11	9993188	338	1			260		other	0
10108014	273	Sound	14	10012786	431	1			260		other	0
10108014	274	Sound	17	10031785	425	1			260		other	0
10108014	274	Response	1	10036157	4796	1
10108014	275	Sound	14	10047184	319	1			260		other	0
10108014	276	Sound	11	10064783	413	1			260		other	0
10108014	277	Sound	11	10085382	339	1			260		other	0
10108014	278	Sound	12	10108180	297	1			260		other	0
10108014	279	Sound	16	10123379	325	1			260		other	0
10108014	279	Response	1	10128951	5897	1
10108014	280	Sound	15	10148578	350	1			260		other	0
10108014	280	Response	1	10155429	7201	1
10108014	281	Response	255	14093896	3930083	1
10108014	282	Sound	103	14162325	419	1			260		other	0
10108014	283	Sound	103	14180124	379	1			260		other	0
10108014	284	Sound	105	14196123	374	1			260		other	0
10108014	284	Response	1	14200049	4300	1
10108014	285	Sound	104	14219721	465	1			260		other	0
10108014	285	Response	1	14222927	3672	1
10108014	286	Sound	101	14242520	424	1			260		other	0
10108014	287	Sound	111	14266718	448	1			260		other	0
10108014	287	Response	1	14268845	2575	1
10108014	288	Sound	109	14288517	408	1			260		other	0
10108014	288	Response	1	14291323	3214	1
10108014	289	Sound	109	14305916	468	1			260		other	0
10108014	289	Response	1	14309242	3794	1
10108014	290	Sound	102	14327914	293	1			260		other	0
10108014	291	Sound	110	14350713	419	1			260		other	0
10108014	291	Response	1	14353799	3505	1
10108014	292	Sound	111	14367112	313	1			260		other	0
10108014	293	Sound	104	14393910	437	1			260		other	0
10108014	293	Response	1	14396436	2963	1
10108014	294	Sound	104	14413109	463	1			260		other	0
10108014	294	Response	1	14416515	3869	1
10108014	295	Sound	110	14441707	386	1			260		other	0
10108014	295	Response	1	14444673	3352	1
10108014	296	Sound	104	14459306	313	1			260		other	0
10108014	296	Response	1	14459552	560	1
10108014	297	Sound	103	14478905	406	1			260		other	0
10108014	297	Response	1	14482671	4172	1
10108014	298	Sound	107	14496304	300	1			260		other	0
10108014	298	Response	1	14499549	3546	2
10108014	299	Sound	110	14522702	357	1			260		other	0
10108014	299	Response	1	14525068	2724	1
10108014	299	Response	1	14544747	22402	1
10108014	300	Sound	101	14548300	448	1			260		other	0
10108014	301	Sound	108	14565299	442	1			260		other	0
10108014	301	Response	1	14568105	3248	1
10108014	302	Sound	101	14593497	465	1			260		other	0
10108014	303	Sound	102	14611096	392	1			260		other	0
10108014	303	Response	1	14635141	24437	1
10108014	304	Sound	111	14638695	316	1			260		other	0
10108014	305	Sound	105	14661093	375	1			260		other	0
10108014	305	Response	1	14665059	4340	1
10108014	306	Sound	106	14679492	435	1			260		other	0
10108014	306	Response	1	14683458	4400	1
10108014	307	Sound	105	14697691	295	1			260		other	0
10108014	307	Response	1	14701377	3981	1
10108014	308	Sound	106	14720889	320	1			260		other	0
10108014	308	Response	1	14724095	3526	1
10108014	309	Sound	109	14746288	377	1			260		other	0
10108014	309	Response	1	14748974	3063	1
10108014	310	Sound	101	14774486	401	1			260		other	0
10108014	311	Sound	107	14801284	358	1			260		other	0
10108014	311	Response	1	14804250	3324	1
10108014	312	Sound	111	14824683	416	1			260		other	0
10108014	313	Sound	102	14845082	309	1			260		other	0
10108014	314	Sound	102	14868080	301	1			260		other	0
10108014	315	Sound	102	14885079	461	1			260		other	0
10108014	316	Sound	101	14910677	385	1			260		other	0
10108014	317	Sound	106	14938476	342	1			260		other	0
10108014	317	Response	1	14941601	3468	1
10108014	318	Sound	107	14959074	435	1			260		other	0
10108014	318	Response	1	14962160	3520	1
10108014	319	Sound	108	14979673	361	1			260		other	0
10108014	319	Response	1	14982879	3567	1
10108014	320	Sound	110	14998272	454	1			260		other	0
10108014	320	Response	1	15001278	3460	1
10108014	321	Sound	106	15015871	381	1			260		other	0
10108014	321	Response	1	15018717	3227	1
10108014	322	Sound	107	15032470	309	1			260		other	0
10108014	322	Response	1	15035115	2954	1
10108014	323	Sound	105	15057268	267	1			260		other	0
10108014	323	Response	1	15060234	3232	1
10108014	324	Sound	108	15079267	425	1			260		other	0
10108014	324	Response	1	15082312	3471	1
10108014	325	Sound	108	15097866	352	1			260		other	0
10108014	325	Response	1	15100471	2957	1
10108014	326	Sound	107	15115865	346	1			260		other	0
10108014	326	Response	1	15119190	3671	1
10108014	327	Sound	111	15133663	306	1			260		other	0
10108014	327	Response	1	15135829	2472	1
10108014	328	Sound	106	15159862	330	1			260		other	0
10108014	328	Response	1	15162467	2935	1
10108014	329	Sound	110	15177461	424	1			260		other	0
10108014	329	Response	1	15179986	2949	1
10108014	330	Sound	103	15196859	317	1			260		other	0
10108014	330	Response	1	15199825	3282	1
10108014	331	Sound	109	15217658	443	1			260		other	0
10108014	331	Response	1	15219904	2688	1
10108014	332	Sound	104	15241057	334	1			260		other	0
10108014	332	Response	1	15244862	4140	1
10108014	333	Sound	109	15265255	359	1			260		other	0
10108014	333	Response	1	15267740	2844	1
10108014	334	Sound	105	15284454	386	1			260		other	0
10108014	334	Response	1	15287419	3351	1
10108014	335	Sound	108	15308852	277	1			260		other	0
10108014	335	Response	1	15311897	3322	1
10108014	336	Sound	103	15335051	468	1			260		other	0
10108014	336	Response	1	15338296	3713	1
10108014	337	Response	255	16631733	1272729	1
10108014	338	Sound	102	16709564	411	1			260		other	0
10108014	338	Response	1	16717327	8174	1
10108014	339	Sound	105	16729763	270	1			260		other	0
10108014	339	Response	1	16733726	4234	1
10108014	340	Sound	107	16750162	330	1			260		other	0
10108014	340	Response	1	16753565	3733	1
10108014	341	Sound	109	16774960	454	1			260		other	0
10108014	341	Response	1	16776123	1617	1
10108014	342	Sound	106	16792759	414	1			260		other	0
10108014	342	Response	1	16796442	4098	1
10108014	343	Sound	105	16810958	275	1			260		other	0
10108014	343	Response	1	16814281	3598	1
10108014	344	Sound	107	16839556	365	1			260		other	0
10108014	344	Response	1	16842519	3328	1
10108014	345	Sound	104	16861155	457	1			260		other	0
10108014	345	Response	1	16863878	3180	1
10108014	346	Sound	106	16883153	282	1			260		other	0
10108014	346	Response	1	16886836	3965	1
10108014	347	Sound	109	16905352	308	1			260		other	0
10108014	347	Response	1	16908435	3391	1
10108014	348	Sound	108	16927350	300	1			260		other	0
10108014	348	Response	1	16929874	2823	1
10108014	349	Sound	106	16953349	291	1			260		other	0
10108014	349	Response	1	16958672	5613	1
10108014	350	Sound	107	16982147	414	1			260		other	0
10108014	350	Response	1	16985150	3417	1
10108014	351	Sound	102	17001346	273	1			260		other	0
10108014	352	Sound	103	17018145	401	1			260		other	0
10108014	352	Response	1	17022027	4284	1
10108014	353	Sound	108	17040343	426	1			260		other	0
10108014	353	Response	1	17043866	3949	1
10108014	354	Sound	104	17067142	383	1			260		other	0
10108014	354	Response	1	17070344	3586	1
10108014	355	Sound	111	17089340	409	1			260		other	0
10108014	355	Response	1	17091703	2772	1
10108014	356	Sound	102	17110739	468	1			260		other	0
10108014	356	Response	1	17115302	5031	1
10108014	357	Sound	103	17138737	291	1			260		other	0
10108014	358	Sound	111	17157136	351	1			260		other	0
10108014	358	Response	1	17160098	3314	1
10108014	359	Sound	101	17181934	309	1			260		other	0
10108014	360	Sound	101	17200933	302	1			260		other	0
10108014	361	Sound	111	17221732	428	1			260		other	0
10108014	361	Response	1	17224574	3271	1
10108014	362	Sound	111	17239931	457	1			260		other	0
10108014	362	Response	1	17242893	3420	1
10108014	363	Sound	110	17268129	312	1			260		other	0
10108014	363	Response	1	17271532	3715	1
10108014	364	Sound	109	17294127	302	1			260		other	0
10108014	364	Response	1	17297050	3225	1
10108014	365	Sound	105	17319726	393	1			260		other	0
10108014	365	Response	1	17323288	3956	1
10108014	366	Sound	103	17339124	453	1			260		other	0
10108014	366	Response	1	17343127	4455	1
10108014	367	Sound	108	17367123	443	1			260		other	0
10108014	367	Response	1	17370245	3566	1
10108014	368	Sound	106	17389921	402	1			260		other	0
10108014	368	Response	1	17394084	4564	1
10108014	369	Sound	101	17408120	428	1			260		other	0
10108014	370	Sound	107	17434518	319	1			260		other	0
10108014	370	Response	1	17437761	3562	1
10108014	371	Sound	105	17460717	343	1			260		other	0
10108014	371	Response	1	17463759	3386	1
10108014	372	Sound	108	17489315	433	1			260		other	0
10108014	372	Response	1	17492557	3675	1
10108014	373	Sound	108	17511514	458	1			260		other	0
10108014	373	Response	1	17514636	3581	1
10108014	374	Sound	111	17535712	316	1			260		other	0
10108014	374	Response	1	17537754	2359	1
10108014	375	Sound	107	17560310	407	1			260		other	0
10108014	375	Response	1	17564473	4570	1
10108014	376	Sound	102	17588909	331	1			260		other	0
10108014	377	Sound	110	17617707	287	1			260		other	0
10108014	377	Response	1	17620789	3369	1
10108014	378	Sound	106	17642705	445	1			260		other	0
10108014	378	Response	1	17646387	4127	1
10108014	379	Sound	109	17658904	306	1			260		other	0
10108014	379	Response	1	17662546	3948	1
10108014	380	Sound	110	17687502	396	1			260		other	0
10108014	380	Response	1	17690065	2958	1
10108014	381	Sound	104	17707901	455	1			260		other	0
10108014	381	Response	1	17711423	3977	1
10108014	382	Sound	103	17726900	448	1			260		other	0
10108014	382	Response	1	17730702	4250	1
10108014	383	Sound	101	17755098	305	1			260		other	0
10108014	384	Sound	104	17774497	364	1			260		other	0
10108014	384	Response	1	17778299	4166	1
10108014	385	Sound	102	17802495	354	1			260		other	0
10108014	386	Sound	101	17821294	314	1			260		other	0
10108014	387	Sound	104	17846293	472	1			260		other	0
10108014	387	Response	1	17849974	4154	1
10108014	388	Sound	103	17870291	297	1			260		other	0
10108014	388	Response	1	17877653	7659	1
10108014	389	Sound	109	17895089	421	1			260		other	0
10108014	389	Response	1	17898211	3543	1
10108014	390	Sound	105	17922488	312	1			260		other	0
10108014	390	Response	1	17926849	4673	1
10108014	391	Sound	110	17950686	335	1			260		other	0
10108014	391	Response	1	17953728	3377	1
10108014	392	Sound	110	17970485	295	1			260		other	0
10108014	392	Response	1	17974926	4736	1
10108014	393	Response	255	20498524	2500579	1
10108014	394	Sound	103	20573521	400	1			260		other	0
10108014	394	Response	1	20578439	5318	1
10108014	395	Sound	107	20592319	360	1			260		other	0
10108014	395	Response	1	20595318	3358	1
10108014	396	Sound	111	20620918	283	1			260		other	0
10108014	396	Response	1	20623476	2841	1
10108014	397	Sound	103	20644316	342	1			260		other	0
10108014	397	Response	1	20647715	3741	1
10108014	398	Sound	104	20670315	332	1			260		other	0
10108014	398	Response	1	20673953	3970	1
10108014	399	Sound	102	20686913	426	1			260		other	0
10108014	400	Sound	108	20708912	418	1			260		other	0
10108014	400	Response	1	20712830	4337	1
10108014	401	Sound	103	20736110	442	1			260		other	0
10108014	402	Sound	101	20754309	302	1			260		other	0
10108014	403	Sound	111	20773308	462	1			260		other	0
10108014	403	Response	1	20775946	3100	1
10108014	404	Sound	110	20789907	390	1			260		other	0
10108014	404	Response	1	20793865	4348	1
10108014	405	Sound	109	20815305	447	1			260		other	0
10108014	405	Response	1	20818504	3645	1
10108014	406	Sound	107	20837904	372	1			260		other	0
10108014	406	Response	1	20840822	3291	1
10108014	407	Sound	111	20855503	466	1			260		other	0
10108014	407	Response	1	20858261	3224	1
10108014	408	Sound	107	20884301	422	1			260		other	0
10108014	408	Response	1	20886899	3021	1
10108014	409	Sound	106	20910899	346	1			260		other	0
10108014	409	Response	1	20913777	3225	1
10108014	410	Sound	104	20927498	275	1			260		other	0
10108014	410	Response	1	20931216	3993	1
10108014	411	Sound	110	20943497	435	1			260		other	0
10108014	411	Response	1	20946335	3273	1
10108014	412	Sound	109	20969096	359	1			260		other	0
10108014	412	Response	1	20971454	2717	1
10108014	413	Sound	105	20988694	285	1			260		other	0
10108014	413	Response	1	20992012	3603	1
10108014	414	Sound	101	21007693	445	1			260		other	0
10108014	415	Sound	102	21029292	371	1			260		other	0
10108014	416	Sound	103	21055890	295	1			260		other	0
10108014	416	Response	1	21059048	3453	1
10108014	417	Sound	101	21075089	321	1			260		other	0
10108014	418	Sound	105	21099887	446	1			260		other	0
10108014	418	Response	1	21102965	3523	1
10108014	419	Sound	107	21125486	370	1			260		other	0
10108014	419	Response	1	21128483	3367	1
10108014	420	Sound	111	21143285	330	1			260		other	0
10108014	420	Response	1	21145762	2808	1
10108014	421	Sound	104	21169083	288	1			260		other	0
10108014	421	Response	1	21172001	3205	1
10108014	422	Sound	108	21187482	348	1			260		other	0
10108014	422	Response	1	21189920	2786	1
10108014	423	Sound	106	21203681	375	1			260		other	0
10108014	423	Response	1	21206239	2933	1
10108014	424	Sound	107	21230279	466	1			260		other	0
10108014	424	Response	1	21233357	3544	1
10108014	425	Sound	108	21248678	359	1			260		other	0
10108014	425	Response	1	21251916	3597	1
10108014	426	Sound	101	21272277	284	1			260		other	0
10108014	427	Sound	110	21295075	409	1			260		other	0
10108014	427	Response	1	21297353	2687	1
10108014	428	Sound	106	21320073	400	1			260		other	0
10108014	428	Response	1	21322951	3278	1
10108014	429	Sound	102	21339272	427	1			260		other	0
10108014	429	Response	1	21344950	6104	1
10108014	430	Sound	111	21358671	320	1			260		other	0
10108014	430	Response	1	21360949	2598	1
10108014	431	Sound	106	21377670	313	1			260		other	0
10108014	431	Response	1	21380547	3191	1
10108014	432	Sound	109	21395469	274	1			260		other	0
10108014	432	Response	1	21398066	2871	1
10108014	433	Sound	108	21418867	332	1			260		other	0
10108014	433	Response	1	21421665	3129	1
10108014	434	Sound	109	21440466	424	1			260		other	0
10108014	434	Response	1	21443503	3462	1
10108014	435	Sound	101	21465864	315	1			260		other	0
10108014	436	Sound	103	21488263	374	1			260		other	0
10108014	437	Sound	102	21510062	333	1			260		other	0
10108014	438	Sound	110	21535660	424	1			260		other	0
10108014	438	Response	1	21538057	2821	1
10108014	439	Sound	102	21561058	315	1			260		other	0
10108014	440	Sound	105	21577457	375	1			260		other	0
10108014	440	Response	1	21581974	4892	1
10108014	441	Sound	105	21593256	336	1			260		other	0
10108014	441	Response	1	21597253	4334	1
10108014	442	Sound	105	21620855	427	1			260		other	0
10108014	442	Response	1	21623892	3464	1
10108014	443	Sound	109	21641053	286	1			260		other	0
10108014	443	Response	1	21644210	3443	1
10108014	444	Sound	108	21661652	379	1			260		other	0
10108014	444	Response	1	21664529	3256	1
10108014	445	Sound	104	21680251	306	1			260		other	0
10108014	445	Response	1	21683968	4023	1
10108014	446	Sound	106	21699250	299	1			260		other	0
10108014	446	Response	1	21701887	2936	1
10108014	447	Sound	110	21720248	291	1			260		other	0
10108014	447	Response	1	21722685	2728	1
10108014	448	Sound	104	21739647	351	1			260		other	0
10108014	448	Response	1	21743004	3708	1
10108014	449	Response	255	23274906	1516691	1
10108014	450	Sound	20	23337146	381	1			260		other	0
10108014	450	Response	1	23340821	4056	1
10108014	451	Sound	14	23361545	439	1			260		other	0
10108014	452	Sound	17	23385743	464	1			260		other	0
10108014	452	Response	1	23388898	3619	1
10108014	453	Sound	14	23403542	424	1			260		other	0
10108014	454	Sound	20	23424941	317	1			260		other	0
10108014	454	Response	1	23427776	3152	1
10108014	455	Sound	18	23450339	374	1			260		other	0
10108014	455	Response	1	23453134	3169	1
10108014	456	Sound	18	23475138	332	1			260		other	0
10108014	456	Response	1	23478253	3447	1
10108014	457	Sound	16	23498536	390	1			260		other	0
10108014	457	Response	1	23501611	3465	1
10108014	458	Sound	11	23519535	383	1			260		other	0
10108014	459	Sound	17	23541733	408	1			260		other	0
10108014	459	Response	1	23544248	2923	1
10108014	460	Sound	13	23563332	334	1			260		other	0
10108014	461	Sound	17	23584731	393	1			260		other	0
10108014	461	Response	1	23587685	3348	1
10108014	462	Sound	13	23609729	384	1			260		other	0
10108014	463	Sound	18	23628928	411	1			260		other	0
10108014	463	Response	1	23632003	3485	1
10108014	464	Sound	16	23649127	437	1			260		other	0
10108014	464	Response	1	23654081	5391	1
10108014	465	Sound	15	23670325	296	1			260		other	0
10108014	466	Sound	21	23693124	421	1			260		other	0
10108014	466	Response	1	23695839	3136	1
10108014	467	Sound	12	23715323	280	1			260		other	0
10108014	468	Sound	18	23737721	339	1			260		other	0
10108014	468	Response	1	23741036	3653	1
10108014	469	Sound	11	23761720	330	1			260		other	0
10108014	470	Sound	19	23785318	422	1			260		other	0
10108014	470	Response	1	23790632	5736	1
10108014	471	Sound	17	23809916	346	1			260		other	0
10108014	471	Response	1	23814230	4660	1
10108014	472	Sound	21	23825116	374	1			260		other	0
10108014	472	Response	1	23827990	3248	1
10108014	473	Sound	20	23852714	298	1			260		other	0
10108014	473	Response	1	23855748	3332	1
10108014	474	Sound	19	23879712	455	1			260		other	0
10108014	474	Response	1	23883266	4009	1
10108014	475	Sound	13	23905311	379	1			260		other	0
10108014	476	Sound	21	23923509	406	1			260		other	0
10108014	476	Response	1	23926304	3200	1
10108014	477	Sound	14	23940308	366	1			260		other	0
10108014	478	Sound	16	23968507	390	1			260		other	0
10108014	478	Response	1	23971900	3783	1
10108014	479	Sound	12	23993505	381	1			260		other	0
10108014	480	Sound	15	24017903	439	1			260		other	0
10108014	480	Response	1	24026777	9312	1
10108014	481	Sound	20	24046102	462	1			260		other	0
10108014	481	Response	1	24048856	3216	1
10108014	482	Sound	12	24062301	323	1			260		other	0
10108014	483	Sound	13	24081299	316	1			260		other	0
10108014	484	Sound	19	24103698	375	1			260		other	0
10108014	484	Response	1	24106932	3609	1
10108014	485	Sound	11	24122097	435	1			260		other	0
10108014	486	Sound	16	24146295	293	1			260		other	0
10108014	486	Response	1	24154769	8766	1
10108014	487	Sound	11	24162294	454	1			260		other	0
10108014	488	Sound	17	24178293	448	1			260		other	0
10108014	488	Response	1	24181647	3802	1
10108014	489	Sound	15	24198092	408	1			260		other	0
10108014	490	Sound	14	24226290	431	1			260		other	0
10108014	490	Response	1	24230364	4505	1
10108014	491	Sound	16	24249089	390	1			260		other	0
10108014	491	Response	1	24253082	4383	1
10108014	492	Sound	12	24270288	415	1			260		other	0
10108014	493	Sound	12	24296686	306	1			260		other	0
10108014	494	Sound	21	24324084	363	1			260		other	0
10108014	494	Response	1	24326918	3197	1
10108014	495	Sound	13	24339483	424	1			260		other	0
10108014	496	Sound	20	24358682	450	1			260		other	0
10108014	496	Response	1	24362276	4044	1
10108014	497	Sound	18	24381681	442	1			260		other	0
10108014	497	Response	1	24385234	3996	1
10108014	498	Sound	11	24405879	467	1			260		other	0
10108014	499	Sound	15	24434077	324	1			260		other	0
10108014	500	Sound	15	24454276	350	1			260		other	0
10108014	500	Response	1	24457550	3624	1
10108014	501	Sound	19	24475475	375	1			260		other	0
10108014	501	Response	1	24478748	3649	1
10108014	502	Sound	14	24502473	366	1			260		other	0
10108014	503	Sound	19	24524272	325	1			260		other	0
10108014	503	Response	1	24527625	3678	1
10108014	504	Sound	21	24541270	319	1			260		other	0
10108014	504	Response	1	24544424	3472	1
10108014	505	Response	255	25793944	1231906	1
10108014	506	Sound	105	25861787	281	1			260		other	0
10108014	506	Response	1	25865619	4113	2
10108014	507	Sound	108	25888186	339	1			260		other	0
10108014	507	Response	1	25891137	3290	1
10108014	508	Sound	106	25905985	466	1			260		other	0
10108014	508	Response	1	25909456	3937	1
10108014	509	Sound	102	25927583	391	1			260		other	0
10108014	510	Sound	105	25946582	384	1			260		other	0
10108014	510	Response	1	25949933	3736	1
10108014	511	Sound	101	25968980	443	1			260		other	0
10108014	512	Sound	106	25996979	267	1			260		other	0
10108014	512	Response	1	26000570	3858	1
10108014	513	Sound	106	26025177	290	1			260		other	0
10108014	513	Response	1	26028089	3201	1
10108014	514	Sound	107	26045976	416	1			260		other	0
10108014	514	Response	1	26049527	3967	1
10108014	515	Sound	103	26070974	407	1			260		other	0
10108014	516	Sound	104	26088973	400	1			260		other	0
10108014	516	Response	1	26092084	3512	1
10108014	517	Sound	104	26108372	294	1			260		other	0
10108014	518	Sound	111	26132970	385	1			260		other	0
10108014	518	Response	1	26134961	2376	1
10108014	519	Sound	101	26156369	443	1			260		other	0
10108014	520	Sound	110	26180967	368	1			260		other	0
10108014	520	Response	1	26183599	2999	1
10108014	521	Sound	107	26205766	325	1			260		other	0
10108014	521	Response	1	26209597	4156	1
10108014	522	Sound	109	26233564	282	1			260		other	0
10108014	522	Response	1	26236475	3193	1
10108014	523	Sound	111	26255162	374	1			260		other	0
10108014	523	Response	1	26257274	2486	1
10108014	524	Sound	108	26281561	432	1			260		other	0
10108014	524	Response	1	26284312	3183	1
10108014	525	Sound	105	26300760	291	1			260		other	0
10108014	525	Response	1	26304471	4002	1
10108014	526	Sound	109	26320358	384	1			260		other	0
10108014	526	Response	1	26322789	2816	1
10108014	527	Sound	102	26341557	410	1			260		other	0
10108014	528	Sound	101	26358756	437	1			260		other	0
10108014	528	Response	1	26362067	3749	1
10108014	529	Sound	109	26379355	364	1			260		other	0
10108014	529	Response	1	26382386	3395	1
10108014	530	Sound	102	26401953	289	1			260		other	0
10108014	531	Sound	104	26430751	412	1			260		other	0
10108014	531	Response	1	26434622	4283	1
10108014	532	Sound	108	26459150	468	1			260		other	0
10108014	532	Response	1	26461901	3219	1
10108014	533	Sound	108	26484348	326	1			260		other	0
10108014	533	Response	1	26487259	3237	1
10108014	534	Sound	103	26501147	453	1			260		other	0
10108014	535	Sound	110	26528745	377	1			260		other	0
10108014	535	Response	1	26531816	3448	1
10108014	536	Sound	111	26555543	334	1			260		other	0
10108014	536	Response	1	26558294	3085	1
10108014	537	Sound	111	26580542	325	1			260		other	0
10108014	537	Response	1	26583573	3356	1
10108014	538	Sound	106	26603941	383	1			260		other	0
10108014	538	Response	1	26607651	4094	1
10108014	539	Sound	109	26622939	377	1			260		other	0
10108014	539	Response	1	26625970	3407	1
10108014	540	Sound	105	26640538	304	1			260		other	0
10108014	540	Response	1	26644769	4534	1
10108014	541	Sound	107	26661537	463	1			260		other	0
10108014	541	Response	1	26663967	2893	1
10108014	542	Sound	102	26689935	353	1			260		other	0
10108014	543	Sound	101	26717733	309	1			260		other	0
10108014	544	Sound	111	26741932	334	1			260		other	0
10108014	544	Response	1	26744362	2765	1
10108014	545	Sound	104	26766330	392	1			260		other	0
10108014	545	Response	1	26769961	4023	1
10108014	546	Sound	101	26783729	454	1			260		other	0
10108014	547	Sound	110	26804928	312	1			260		other	0
10108014	547	Response	1	26807718	3102	2
10108014	548	Sound	103	26828926	303	1			260		other	0
10108014	549	Sound	109	26855125	327	1			260		other	0
10108014	549	Response	1	26857715	2917	1
10108014	550	Sound	105	26879923	452	1			260		other	0
10108014	550	Response	1	26885713	6242	1
10108014	551	Sound	103	26904122	310	1			260		other	0
10108014	552	Sound	107	26920921	437	1			260		other	0
10108014	552	Response	1	26923951	3467	1
10108014	553	Sound	108	26946519	361	1			260		other	0
10108014	553	Response	1	26949709	3551	1
10108014	554	Sound	102	26968118	287	1			260		other	0
10108014	555	Sound	103	26985116	447	1			260		other	0
10108014	556	Sound	110	27007115	440	1			260		other	0
10108014	556	Response	1	27010025	3350	1
10108014	557	Sound	106	27030114	431	1			260		other	0
10108014	557	Response	1	27033544	3861	1
10108014	558	Sound	107	27058312	455	1			260		other	0
10108014	558	Response	1	27061302	3445	1
10108014	559	Sound	110	27078911	381	1			260		other	0
10108014	559	Response	1	27081861	3331	1
10108014	560	Sound	104	27103509	305	1			260		other	0
10108014	560	Response	1	27107219	4015	1
10108014	561	Response	255	31578212	4448253	1
10108014	562	Sound	19	31658022	315	1			260		other	0
10108014	562	Response	1	31661006	3299	1
10108014	563	Sound	13	31681020	307	1			260		other	0
10108014	564	Sound	17	31707819	431	1			260		other	0
10108014	564	Response	1	31711723	4335	1
10108014	565	Sound	17	31724018	458	1			260		other	0
10108014	565	Response	1	31728042	4482	1
10108014	566	Sound	14	31751416	348	1			260		other	0
10108014	567	Sound	15	31770015	442	1			260		other	0
10108014	567	Response	1	31773959	4386	1
10108014	568	Sound	14	31788614	368	1			260		other	0
10108014	568	Response	1	31793398	5153	1
10108014	569	Sound	14	31816812	392	1			260		other	0
10108014	570	Sound	16	31835411	318	1			260		other	0
10108014	570	Response	1	31843875	8782	1
10108014	571	Sound	14	31860209	276	1			260		other	0
10108014	572	Sound	19	31879008	403	1			260		other	0
10108014	572	Response	1	31882752	4147	1
10108014	573	Sound	11	31899607	329	1			260		other	0
10108014	574	Sound	20	31916606	323	1			260		other	0
10108014	574	Response	1	31919230	2947	1
10108014	575	Sound	19	31943004	380	1			260		other	0
10108014	575	Response	1	31946108	3484	1
10108014	576	Sound	12	31969402	271	1			260		other	0
10108014	577	Sound	18	31988601	297	1			260		other	0
10108014	577	Response	1	31991545	3241	1
10108014	578	Sound	18	32008200	390	1			260		other	0
10108014	578	Response	1	32011624	3814	1
10108014	579	Sound	16	32035198	381	1			260		other	0
10108014	579	Response	1	32038262	3444	1
10108014	580	Sound	12	32058397	406	1			260		other	0
10108014	581	Sound	13	32084795	296	1			260		other	0
10108014	582	Sound	12	32101994	323	1			260		other	0
10108014	583	Sound	18	32123193	349	1			260		other	0
10108014	583	Response	1	32126096	3253	1
10108014	584	Sound	16	32147591	407	1			260		other	0
10108014	584	Response	1	32151375	4191	1
10108014	585	Sound	16	32167990	467	1			260		other	0
10108014	585	Response	1	32171054	3530	1
10108014	586	Sound	11	32184989	294	1			260		other	0
10108014	587	Sound	17	32208587	385	1			260		other	0
10108014	587	Response	1	32211451	3249	1
10108014	588	Sound	17	32233986	276	1			260		other	0
10108014	588	Response	1	32236809	3100	1
10108014	589	Sound	12	32249185	304	1			260		other	0
10108014	590	Sound	12	32275383	328	1			260		other	0
10108014	591	Sound	13	32293782	388	1			260		other	0
10108014	592	Sound	16	32311781	382	1			260		other	0
10108014	592	Response	1	32315684	4285	1
10108014	593	Sound	14	32332579	341	1			260		other	0
10108014	594	Sound	21	32358178	265	1			260		other	0
10108014	594	Response	1	32360641	2729	1
10108014	595	Sound	13	32382576	323	1			260		other	0
10108014	596	Sound	19	32402175	416	1			260		other	0
10108014	596	Response	1	32404799	3040	1
10108014	597	Sound	20	32425974	375	1			260		other	0
10108014	597	Response	1	32429917	4318	1
10108014	598	Sound	11	32445172	401	1			260		other	0
10108014	599	Sound	15	32468971	359	1			260		other	0
10108014	600	Sound	20	32495969	350	1			260		other	0
10108014	600	Response	1	32499352	3733	1
10108014	601	Sound	15	32517968	342	1			260		other	0
10108014	602	Sound	19	32539766	301	1			260		other	0
10108014	602	Response	1	32543110	3644	1
10108014	603	Sound	21	32556165	361	1			260		other	0
10108014	603	Response	1	32559908	4105	1
10108014	604	Sound	21	32583164	352	1			260		other	0
10108014	604	Response	1	32586307	3495	1
10108014	605	Sound	20	32602962	311	1			260		other	0
10108014	605	Response	1	32605746	3095	1
10108014	606	Sound	15	32623361	371	1			260		other	0
10108014	607	Sound	15	32651359	361	1			260		other	0
10108014	607	Response	1	32655982	4984	1
10108014	608	Sound	20	32666958	455	1			260		other	0
10108014	608	Response	1	32670621	4118	1
10108014	609	Sound	11	32682157	317	1			260		other	0
10108014	610	Sound	21	32703756	409	1			260		other	0
10108014	610	Response	1	32706219	2872	1
10108014	611	Sound	13	32728155	300	1			260		other	0
10108014	612	Sound	18	32750553	359	1			260		other	0
10108014	612	Response	1	32753896	3702	1
10108014	613	Sound	17	32776751	383	1			260		other	0
10108014	613	Response	1	32781174	4805	1
10108014	614	Sound	21	32797350	309	1			260		other	0
10108014	614	Response	1	32799973	2932	1
10108014	615	Sound	11	32822748	366	1			260		other	0
10108014	616	Sound	18	32847947	391	1			260		other	0
10108014	616	Response	1	32851490	3934	1
10108014	617	Response	255	38959497	6091355	1
10108014	618	Sound	105	39028357	321	1			260		other	0
10108014	618	Response	1	39033172	5136	1
10108014	619	Sound	102	39055756	378	1			260		other	0
10108014	620	Sound	111	39080754	369	1			260		other	0
10108014	620	Response	1	39083809	3424	1
10108014	621	Sound	103	39100353	295	1			260		other	0
10108014	622	Sound	101	39126151	419	1			260		other	0
10108014	623	Sound	108	39147750	345	1			260		other	0
10108014	623	Response	1	39150845	3440	1
10108014	624	Sound	107	39174948	369	1			260		other	0
10108014	624	Response	1	39178203	3623	1
10108014	625	Sound	111	39199147	394	1			260		other	0
10108014	625	Response	1	39201801	3049	1
10108014	626	Sound	104	39215146	388	1			260		other	0
10108014	627	Sound	103	39232545	281	1			260		other	0
10108014	627	Response	1	39236519	4256	1
10108014	628	Sound	105	39254943	340	1			260		other	0
10108014	628	Response	1	39258598	3995	1
10108014	629	Sound	102	39280741	298	1			260		other	0
10108014	630	Sound	106	39299340	391	1			260		other	0
10108014	630	Response	1	39302035	3086	1
10108014	631	Sound	110	39321739	283	1			260		other	0
10108014	631	Response	1	39324993	3537	1
10108014	632	Sound	109	39338338	377	1			260		other	0
10108014	632	Response	1	39341393	3432	1
10108014	633	Sound	106	39359137	336	1			260		other	0
10108014	633	Response	1	39362111	3311	1
10108014	634	Sound	108	39376335	364	1			260		other	0
10108014	634	Response	1	39378670	2698	1
10108014	635	Sound	106	39394334	357	1			260		other	0
10108014	635	Response	1	39396829	2852	1
10108014	636	Sound	105	39420333	348	1			260		other	0
10108014	636	Response	1	39423307	3322	1
10108014	637	Sound	101	39442731	407	1			260		other	0
10108014	638	Sound	110	39459930	267	1			260		other	0
10108014	638	Response	1	39462345	2682	1
10108014	639	Sound	102	39479129	460	1			260		other	0
10108014	639	Response	1	39484183	5514	1
10108014	640	Sound	107	39499128	286	1			260		other	0
10108014	640	Response	1	39502342	3501	1
10108014	641	Sound	106	39519926	412	1			260		other	0
10108014	641	Response	1	39522421	2907	1
10108014	642	Sound	103	39547525	336	1			260		other	0
10108014	642	Response	1	39551459	4270	1
10108014	643	Sound	108	39573523	327	1			260		other	0
10108014	643	Response	1	39576417	3221	1
10108014	644	Sound	110	39597921	385	1			260		other	0
10108014	644	Response	1	39600176	2639	1
10108014	645	Sound	111	39618920	377	1			260		other	0
10108014	645	Response	1	39621374	2831	1
10108014	646	Sound	101	39634919	371	1			260		other	0
10108014	647	Sound	103	39658318	430	1			260		other	0
10108014	647	Response	1	39662892	5004	1
10108014	648	Sound	104	39679116	389	1			260		other	0
10108014	648	Response	1	39682331	3603	1
10108014	649	Sound	104	39700515	281	1			260		other	0
10108014	649	Response	1	39703769	3535	1
10108014	650	Sound	107	39717314	409	1			260		other	0
10108014	650	Response	1	39719928	3023	1
10108014	651	Sound	104	39735113	369	1			260		other	0
10108014	651	Response	1	39738487	3743	1
10108014	652	Sound	102	39756711	295	1			260		other	0
10108014	653	Sound	109	39775910	321	1			260		other	0
10108014	653	Response	1	39778244	2655	1
10108014	654	Sound	105	39801309	379	1			260		other	0
10108014	654	Response	1	39804483	3553	1
10108014	655	Sound	109	39827307	370	1			260		other	0
10108014	655	Response	1	39830001	3064	1
10108014	656	Sound	101	39843706	431	1			260		other	0
10108014	657	Sound	107	39865305	356	1			260		other	0
10108014	657	Response	1	39867998	3050	1
10108014	658	Sound	108	39882904	450	1			260		other	0
10108014	658	Response	1	39885917	3463	1
10108014	659	Sound	111	39904102	309	1			260		other	0
10108014	659	Response	1	39906476	2682	1
10108014	660	Sound	110	39924301	335	1			260		other	0
10108014	660	Response	1	39926795	2829	1
10108014	661	Sound	106	39940100	296	1			260		other	0
10108014	661	Response	1	39942954	3150	1
10108014	662	Sound	104	39956899	423	1			260		other	0
10108014	662	Response	1	39962153	5677	1
10108014	663	Sound	110	39974098	450	1			260		other	0
10108014	663	Response	1	39976552	2904	1
10108014	664	Sound	103	39991097	445	1			260		other	0
10108014	664	Response	1	39995110	4458	1
10108014	665	Sound	108	40010096	438	1			260		other	0
10108014	665	Response	1	40012389	2731	1
10108014	666	Sound	109	40037094	428	1			260		other	0
10108014	666	Response	1	40039668	3002	1
10108014	667	Sound	102	40058892	387	1			260		other	0
10108014	668	Sound	101	40086891	377	1			260		other	0
10108014	669	Sound	111	40112889	368	1			260		other	0
10108014	669	Response	1	40115263	2741	1
10108014	670	Sound	107	40135288	426	1			260		other	0
10108014	670	Response	1	40137981	3120	1
10108014	671	Sound	105	40151887	354	1			260		other	0
10108014	671	Response	1	40155260	3727	1
10108014	672	Sound	109	40175285	412	1			260		other	0
10108014	672	Response	1	40177739	2866	1
10108014	673	Response	255	42811729	2616770	1
10108014	674	Sound	102	42884114	446	1			260		other	0
10108014	675	Sound	109	42902313	306	1			260		other	0
10108014	675	Response	1	42905403	3396	1
10108014	676	Sound	107	42919912	400	1			260		other	0
10108014	676	Response	1	42923962	4450	1
10108014	677	Sound	104	42947510	324	1			260		other	0
10108014	677	Response	1	42951320	4134	1
10108014	678	Sound	101	42967909	383	1			260		other	0
10108014	679	Sound	106	42996707	339	1			260		other	0
10108014	679	Response	1	42999557	3189	1
10108014	680	Sound	107	43018506	465	1			260		other	0
10108014	680	Response	1	43020756	2715	1
10108014	681	Sound	109	43037505	292	1			260		other	0
10108014	681	Response	1	43039795	2581	1
10108014	682	Sound	111	43054504	285	1			260		other	0
10108014	682	Response	1	43056993	2775	1
10108014	683	Sound	110	43081902	342	1			260		other	0
10108014	683	Response	1	43084512	2952	1
10108014	684	Sound	103	43104101	368	1			260		other	0
10108014	685	Sound	101	43125699	460	1			260		other	0
10108014	686	Sound	108	43151898	318	1			260		other	0
10108014	686	Response	1	43154667	3087	1
10108014	687	Sound	110	43168096	345	1			260		other	0
10108014	687	Response	1	43171066	3315	1
10108014	687	Response	1	43191545	23793	1
10108014	688	Sound	102	43196695	435	1			260		other	0
10108014	689	Sound	110	43222893	292	1			260		other	0
10108014	689	Response	1	43225863	3262	1
10108014	690	Sound	108	43246692	417	1			260		other	0
10108014	690	Response	1	43249701	3427	1
10108014	691	Sound	105	43263490	378	1			260		other	0
10108014	691	Response	1	43267140	4027	1
10108014	692	Sound	104	43286889	436	1			260		other	0
10108014	692	Response	1	43290979	4526	1
10108014	693	Sound	104	43305088	463	1			260		other	0
10108014	693	Response	1	43308897	4272	1
10108014	694	Sound	103	43323687	391	1			260		other	0
10108014	695	Sound	101	43344485	349	1			260		other	0
10108014	696	Sound	107	43362284	309	1			260		other	0
10108014	696	Response	1	43365694	3719	1
10108014	697	Sound	111	43385483	334	1			260		other	0
10108014	697	Response	1	43388412	3264	1
10108014	698	Sound	105	43412881	391	1			260		other	0
10108014	698	Response	1	43416330	3840	1
10108014	699	Sound	104	43439479	315	1			260		other	0
10108014	699	Response	1	43443689	4524	1
10108014	700	Sound	102	43463278	273	1			260		other	0
10108014	701	Sound	110	43489276	264	1			260		other	0
10108014	701	Response	1	43492166	3153	1
10108014	702	Sound	110	43512875	355	1			260		other	0
10108014	702	Response	1	43515924	3405	1
10108014	703	Sound	111	43529074	383	1			260		other	0
10108014	703	Response	1	43531282	2591	3
10108014	704	Sound	107	43549472	442	1			260		other	0
10108014	704	Response	1	43553121	4091	4
10108014	705	Sound	108	43571071	368	1			260		other	0
10108014	705	Response	1	43574080	3377	1
10108014	706	Sound	106	43587870	329	1			260		other	0
10108014	706	Response	1	43590879	3339	1
10108014	707	Sound	101	43604469	423	1			260		other	0
10108014	708	Sound	103	43628268	381	1			260		other	0
10108014	709	Sound	103	43655666	438	1			260		other	0
10108014	709	Response	1	43660315	5087	1
10108014	710	Sound	101	43678064	330	1			260		other	0
10108014	711	Sound	105	43696463	390	1			260		other	0
10108014	711	Response	1	43699192	3119	1
10108014	712	Sound	109	43715862	283	1			260		other	0
10108014	712	Response	1	43719111	3532	1
10108014	713	Sound	102	43736461	376	1			260		other	0
10108014	714	Sound	102	43762259	333	1			260		other	0
10108014	715	Sound	109	43789657	390	1			260		other	0
10108014	715	Response	1	43792706	3439	1
10108014	716	Sound	108	43805456	351	1			260		other	0
10108014	716	Response	1	43808863	3758	3
10108014	717	Sound	106	43828455	343	1			260		other	0
10108014	717	Response	1	43831584	3472	1
10108014	718	Sound	103	43853453	334	1			260		other	0
10108014	718	Response	1	43859982	6862	1
10108014	719	Sound	111	43871252	461	1			260		other	0
10108014	719	Response	1	43873741	2950	1
10108014	720	Sound	108	43889651	354	1			260		other	0
10108014	720	Response	1	43892780	3483	1
10108014	721	Sound	106	43913450	313	1			260		other	0
10108014	721	Response	1	43916538	3401	1
10108014	722	Sound	109	43938248	270	1			260		other	0
10108014	722	Response	1	43941257	3280	1
10108014	723	Sound	107	43958447	297	1			260		other	0
10108014	723	Response	1	43961575	3424	3
10108014	724	Sound	105	43975446	290	1			260		other	0
10108014	724	Response	1	43979014	3859	1
10108014	725	Sound	111	43992644	318	1			260		other	0
10108014	725	Response	1	43994773	2446	1
10108014	726	Sound	106	44019043	375	1			260		other	0
10108014	726	Response	1	44022531	3863	1
10108014	727	Sound	105	44047241	398	1			260		other	0
10108014	727	Response	1	44052449	5606	1
10108014	728	Sound	104	44069040	357	1			260		other	0
10108014	728	Response	1	44073008	4325	1
10108014	729	Response	255	46100558	2015624	1
10108014	730	Sound	110	46174107	306	1			260		other	0
10108014	730	Response	1	46176793	2992	1
10108014	731	Sound	110	46189906	268	1			260		other	0
10108014	731	Response	1	46193192	3553	1
10108014	732	Sound	104	46211305	327	1			260		other	0
10108014	732	Response	1	46214791	3812	1
10108014	733	Sound	110	46233903	419	1			260		other	0
10108014	733	Response	1	46236149	2664	1
10108014	734	Sound	107	46251102	446	1			260		other	0
10108014	734	Response	1	46253428	2771	1
10108014	735	Sound	104	46273501	338	1			260		other	0
10108014	735	Response	1	46281426	8263	1
10108014	736	Sound	109	46290100	432	1			260		other	0
10108014	736	Response	1	46292786	3118	1
10108014	737	Sound	102	46307899	392	1			260		other	0
10108014	738	Sound	102	46324298	287	1			260		other	0
10108014	739	Sound	108	46343496	313	1			260		other	0
10108014	739	Response	1	46346462	3279	1
10108014	740	Sound	104	46363695	339	1			260		other	0
10108014	741	Sound	101	46387494	464	1			260		other	0
10108014	742	Sound	103	46414892	354	1			260		other	0
10108014	742	Response	1	46419657	5120	1
10108014	743	Sound	106	46438290	412	1			260		other	0
10108014	743	Response	1	46441336	3458	1
10108014	744	Sound	110	46464689	303	1			260		other	0
10108014	744	Response	1	46467334	2948	1
10108014	745	Sound	111	46483887	329	1			260		other	0
10108014	745	Response	1	46486293	2735	1
10108014	746	Sound	107	46500686	457	1			260		other	0
10108014	746	Response	1	46504852	4622	1
10108014	747	Sound	106	46525285	381	1			260		other	0
10108014	747	Response	1	46528050	3147	1
10108014	748	Sound	111	46553683	438	1			260		other	0
10108014	748	Response	1	46555968	2723	1
10108014	749	Sound	106	46574882	464	1			260		other	0
10108014	749	Response	1	46578287	3869	1
10108014	750	Sound	103	46591481	391	1			260		other	0
10108014	750	Response	1	46595726	4636	1
10108014	751	Sound	105	46609080	318	1			260		other	0
10108014	751	Response	1	46612525	3763	1
10108014	752	Sound	102	46629078	478	1			260		other	0
10108014	753	Sound	106	46655077	302	1			260		other	0
10108014	753	Response	1	46658202	3428	1
10108014	754	Sound	109	46674875	428	1			260		other	0
10108014	754	Response	1	46677881	3433	1
10108014	755	Sound	103	46696874	420	1			260		other	0
10108014	755	Response	1	46700359	3905	1
10108014	756	Sound	102	46722872	411	1			260		other	0
10108014	757	Sound	109	46747071	269	1			260		other	0
10108014	757	Response	1	46749716	2914	1
10108014	758	Sound	110	46775869	392	1			260		other	0
10108014	758	Response	1	46778594	3117	1
10108014	759	Sound	105	46799068	417	1			260		other	0
10108014	759	Response	1	46802593	3942	1
10108014	760	Sound	109	46819066	410	1			260		other	0
10108014	760	Response	1	46821392	2735	1
10108014	761	Sound	105	46846465	300	1			260		other	0
10108014	761	Response	1	46850030	3865	1
10108014	762	Sound	103	46873263	424	1			260		other	0
10108014	762	Response	1	46877948	5109	1
10108014	763	Sound	111	46890462	451	1			260		other	0
10108014	763	Response	1	46893067	3056	1
10108014	764	Sound	109	46912061	377	1			260		other	0
10108014	764	Response	1	46914425	2742	1
10108014	765	Sound	105	46928260	404	1			260		other	0
10108014	765	Response	1	46932824	4969	1
10108014	766	Sound	108	46951258	396	1			260		other	0
10108014	766	Response	1	46953782	2920	2
10108014	767	Sound	106	46970257	389	1			260		other	0
10108014	767	Response	1	46972742	2874	1
10108014	768	Sound	107	46989456	416	1			260		other	0
10108014	768	Response	1	46992181	3141	1
10108014	769	Sound	108	47016854	306	1			260		other	0
10108014	769	Response	1	47019699	3151	1
10108014	770	Sound	104	47045252	363	1			260		other	0
10108014	770	Response	1	47048977	4087	1
10108014	771	Sound	107	47073850	286	1			260		other	0
10108014	771	Response	1	47076495	2931	1
10108014	772	Sound	102	47099849	276	1			260		other	0
10108014	773	Sound	111	47119448	370	1			260		other	0
10108014	773	Response	1	47121932	2854	1
10108014	774	Sound	101	47142646	395	1			260		other	0
10108014	775	Sound	104	47169844	418	1			260		other	0
10108014	775	Response	1	47173289	3863	1
10108014	776	Sound	105	47185843	413	1			260		other	0
10108014	776	Response	1	47189448	4017	1
10108014	777	Sound	101	47204042	439	1			260		other	0
10108014	778	Sound	101	47223641	366	1			260		other	0
10108014	779	Sound	103	47241640	359	1			260		other	0
10108014	779	Response	1	47246484	5203	1
10108014	780	Sound	108	47258839	387	1			260		other	0
10108014	780	Response	1	47262003	3551	1
10108014	781	Sound	107	47285237	277	1			260		other	0
10108014	781	Response	1	47288001	3041	1
10108014	782	Sound	101	47312235	434	1			260		other	0
10108014	783	Sound	111	47330434	461	1			260		other	0
10108014	783	Response	1	47332558	2585	1
10108014	784	Sound	108	47356033	385	1			260		other	0
10108014	784	Response	1	47358717	3070	1
10108014	785	Response	255	47764851	393285	1
10108014	786	Sound	15	47831203	416	1			260		other	0
10108014	787	Sound	17	47850001	376	1			260		other	0
10108014	787	Response	1	47853485	3859	1
10108014	788	Sound	15	47872400	268	1			260		other	0
10108014	789	Sound	18	47896199	393	1			260		other	0
10108014	789	Response	1	47898922	3116	1
10108014	790	Sound	13	47914597	286	1			260		other	0
10108014	791	Sound	13	47933796	312	1			260		other	0
10108014	792	Sound	19	47955595	438	1			260		other	0
10108014	792	Response	1	47958598	3441	1
10108014	793	Sound	17	47975993	331	1			260		other	0
10108014	793	Response	1	47978677	3014	1
10108014	794	Sound	21	47998192	356	1			260		other	0
10108014	794	Response	1	48000516	2680	1
10108014	795	Sound	11	48018391	382	1			260		other	0
10108014	796	Sound	18	48043189	340	1			260		other	0
10108014	796	Response	1	48047233	4383	1
10108014	797	Sound	19	48064988	299	1			260		other	0
10108014	797	Response	1	48068031	3342	1
10108014	798	Sound	18	48091386	356	1			260		other	0
10108014	798	Response	1	48094270	3240	1
10108014	799	Sound	19	48117185	314	1			260		other	0
10108014	799	Response	1	48120268	3397	1
10108014	800	Sound	20	48141183	305	1			260		other	0
10108014	800	Response	1	48144266	3389	1
10108014	801	Sound	21	48158982	432	1			260		other	0
10108014	801	Response	1	48161705	3156	1
10108014	802	Sound	21	48179181	458	1			260		other	0
10108014	802	Response	1	48181624	2902	1
10108014	803	Sound	16	48204179	283	1			260		other	0
10108014	803	Response	1	48212182	8286	1
10108014	804	Sound	11	48231577	340	1			260		other	0
10108014	805	Sound	12	48258176	430	1			260		other	0
10108014	806	Sound	21	48285374	287	1			260		other	0
10108014	806	Response	1	48287777	2690	1
10108014	807	Sound	14	48300773	348	1			260		other	0
10108014	808	Sound	13	48327371	439	1			260		other	0
10108014	809	Sound	13	48345170	399	1			260		other	0
10108014	810	Sound	20	48362569	460	1			260		other	0
10108014	810	Response	1	48365292	3182	1
10108014	811	Sound	20	48387968	350	1			260		other	0
10108014	811	Response	1	48391131	3514	1
10108014	812	Sound	12	48407366	410	1			260		other	0
10108014	813	Sound	11	48422765	471	1			260		other	0
10108014	814	Sound	18	48441964	331	1			260		other	0
10108014	814	Response	1	48445047	3414	1
10108014	815	Sound	16	48467163	356	1			260		other	0
10108014	815	Response	1	48471045	4238	1
10108014	816	Sound	11	48493761	446	1			260		other	0
10108014	817	Sound	19	48515759	438	1			260		other	0
10108014	817	Response	1	48518482	3161	1
10108014	818	Sound	16	48533158	332	1			260		other	0
10108014	818	Response	1	48536801	3975	1
10108014	819	Sound	20	48556357	357	1			260		other	0
10108014	819	Response	1	48558880	2880	1
10108014	820	Sound	12	48575156	317	1			260		other	0
10108014	821	Sound	14	48600354	341	1			260		other	0
10108014	822	Sound	16	48619953	268	1			260		other	0
10108014	822	Response	1	48623916	4230	1
10108014	823	Sound	21	48638152	461	1			260		other	0
10108014	823	Response	1	48640954	3264	1
10108014	824	Sound	13	48656351	321	1			260		other	0
10108014	825	Sound	18	48671950	416	1			260		other	0
10108014	825	Response	1	48674632	3099	1
10108014	826	Sound	12	48697748	373	1			260		other	0
10108014	827	Sound	17	48722946	398	1			260		other	0
10108014	827	Response	1	48725509	2960	1
10108014	828	Sound	15	48746545	323	1			260		other	0
10108014	828	Response	1	48750467	4245	1
10108014	829	Sound	17	48761744	351	1			260		other	0
10108014	829	Response	1	48765027	3633	1
10108014	830	Sound	14	48782343	443	1			260		other	0
10108014	831	Sound	12	48806541	468	1			260		other	0
10108014	832	Sound	14	48833340	425	1			260		other	0
10108014	833	Sound	14	48848739	319	1			260		other	0
10108014	834	Sound	15	48863938	348	1			260		other	0
10108014	834	Response	1	48867980	4390	1
10108014	835	Sound	11	48884336	407	1			260		other	0
10108014	836	Sound	19	48909335	398	1			260		other	0
10108014	836	Response	1	48912697	3760	1
10108014	837	Sound	20	48935133	355	1			260		other	0
10108014	837	Response	1	48938535	3758	1
10108014	838	Sound	15	48957132	347	1			260		other	0
10108014	838	Response	1	48968853	12069	1
10108014	839	Sound	16	48981930	305	1			260		other	0
10108014	839	Response	1	48985012	3388	1
10108014	840	Sound	17	49009128	329	1			260		other	0
10108014	840	Response	1	49012131	3331	1
10108014	841	Response	255	50854012	1820292	1
10108014	842	Sound	11	50925608	412	1			260		other	0
10108014	843	Sound	15	50947006	305	1			260		other	0
10108014	843	Response	1	50952086	5384	1
10108014	844	Sound	15	50967805	431	1			260		other	0
10108014	845	Sound	12	50987004	291	1			260		other	0
10108014	846	Sound	13	51009002	449	1			260		other	0
10108014	847	Sound	13	51035201	307	1			260		other	0
10108014	848	Sound	17	51052200	301	1			260		other	0
10108014	848	Response	1	51056479	4580	1
10108014	849	Sound	16	51069199	295	1			260		other	0
10108014	849	Response	1	51072639	3734	1
10108014	850	Sound	19	51085798	389	1			260		other	0
10108014	850	Response	1	51088637	3228	1
10108014	851	Sound	14	51109196	280	1			260		other	0
10108014	852	Sound	11	51135594	338	1			260		other	0
10108014	853	Sound	18	51158393	463	1			260		other	0
10108014	853	Response	1	51161352	3422	1
10108014	854	Sound	19	51185191	420	1			260		other	0
10108014	854	Response	1	51187991	3219	1
10108014	855	Sound	18	51212590	310	1			260		other	0
10108014	855	Response	1	51215109	2830	1
10108014	856	Sound	20	51230588	304	1			260		other	0
10108014	856	Response	1	51233428	3143	1
10108014	857	Sound	11	51246587	465	1			260		other	0
10108014	857	Response	1	51263586	17463	1
10108014	858	Sound	15	51266186	391	1			260		other	0
10108014	859	Sound	17	51283785	318	1			260		other	0
10108014	859	Response	1	51286704	3237	1
10108014	860	Sound	21	51311983	341	1			260		other	0
10108014	860	Response	1	51314463	2821	1
10108014	861	Sound	16	51334782	467	1			260		other	0
10108014	861	Response	1	51339581	5266	1
10108014	862	Sound	21	51356981	325	1			260		other	0
10108014	862	Response	1	51359500	2845	1
10108014	863	Sound	16	51377579	418	1			260		other	0
10108014	863	Response	1	51380218	3057	1
10108014	864	Sound	21	51403777	442	1			260		other	0
10108014	864	Response	1	51406457	3121	1
10108014	865	Sound	14	51420976	469	1			260		other	0
10108014	866	Sound	18	51447175	326	1			260		other	0
10108014	866	Response	1	51449894	3046	1
10108014	867	Sound	19	51474973	283	1			260		other	0
10108014	867	Response	1	51477652	2962	1
10108014	868	Sound	17	51494172	310	1			260		other	0
10108014	868	Response	1	51498370	4508	1
10108014	869	Sound	12	51512771	403	1			260		other	0
10108014	870	Sound	18	51537169	461	1			260		other	0
10108014	870	Response	1	51540768	4060	1
10108014	871	Sound	14	51562568	352	1			260		other	0
10108014	871	Response	1	51568046	5831	1
10108014	872	Sound	17	51584166	278	1			260		other	0
10108014	872	Response	1	51587485	3597	1
10108014	873	Sound	18	51611764	368	1			260		other	0
10108014	873	Response	1	51615243	3847	1
10108014	874	Sound	16	51636963	392	1			260		other	0
10108014	874	Response	1	51641002	4431	1
10108014	875	Sound	13	51663961	382	1			260		other	0
10108014	875	Response	1	51670760	7181	1
10108014	876	Sound	20	51685360	442	1			260		other	0
10108014	876	Response	1	51688039	3120	1
10108014	877	Sound	12	51700959	369	1			260		other	0
10108014	878	Sound	21	51728957	359	1			260		other	0
10108014	878	Response	1	51731876	3278	1
10108014	879	Sound	15	51753355	417	1			260		other	0
10108014	879	Response	1	51757874	4936	1
10108014	880	Sound	11	51776354	409	1			260		other	0
10108014	881	Sound	20	51793353	403	1			260		other	0
10108014	881	Response	1	51796352	3402	1
10108014	882	Sound	13	51820751	460	1			260		other	0
10108014	882	Response	1	51825390	5098	1
10108014	883	Sound	13	51839550	420	1			260		other	0
10108014	884	Sound	19	51861749	445	1			260		other	0
10108014	884	Response	1	51864907	3604	1
10108014	885	Sound	14	51889147	336	1			260		other	0
10108014	886	Sound	12	51908746	429	1			260		other	0
10108014	887	Sound	15	51931344	354	1			260		other	0
10108014	887	Response	1	51934823	3832	1
10108014	888	Sound	17	51958543	377	1			260		other	0
10108014	888	Response	1	51961461	3296	1
10108014	889	Sound	12	51977541	371	1			260		other	0
10108014	890	Sound	20	51994140	465	1			260		other	0
10108014	890	Response	1	51997299	3623	1
10108014	891	Sound	16	52011339	325	1			260		other	0
10108014	891	Response	1	52017377	6364	1
10108014	892	Sound	21	52030138	452	1			260		other	0
10108014	892	Response	1	52032496	2810	1
10108014	893	Sound	14	52053137	277	1			260		other	0
10108014	893	Response	1	52057375	4515	1
10108014	894	Sound	19	52074135	436	1			260		other	0
10108014	894	Response	1	52077054	3355	1
10108014	895	Sound	20	52089334	298	1			260		other	0
10108014	895	Response	1	52092093	3056	1
10108014	896	Sound	11	52113333	289	1			260		other	0
10108014	896	Response	1	52119851	6807	1
10108014	897	Response	255	54406744	2266946	1
10108014	898	Sound	14	54485983	410	1			260		other	0
10108014	898	Response	1	54496498	10925	1
10108014	899	Sound	12	54502582	337	1			260		other	0
10108014	900	Sound	20	54523981	396	1			260		other	0
10108014	900	Response	1	54527056	3472	1
10108014	901	Sound	13	54543380	456	1			260		other	0
10108014	902	Sound	19	54562178	416	1			260		other	0
10108014	902	Response	1	54564894	3131	1
10108014	903	Sound	17	54587777	340	1			260		other	0
10108014	903	Response	1	54591532	4095	1
10108014	904	Sound	14	54613775	331	1			260		other	0
10108014	904	Response	1	54619450	6005	1
10108014	905	Sound	20	54637374	423	1			260		other	0
10108014	905	Response	1	54639769	2818	1
10108014	906	Sound	21	54665572	279	1			260		other	0
10108014	906	Response	1	54668167	2874	1
10108014	907	Sound	21	54684971	339	1			260		other	0
10108014	907	Response	1	54687846	3214	1
10108014	908	Sound	13	54702770	299	1			260		other	0
10108014	909	Sound	11	54724768	291	1			260		other	0
10108014	910	Sound	20	54752367	382	1			260		other	0
10108014	910	Response	1	54755521	3536	1
10108014	911	Sound	17	54767965	309	1			260		other	0
10108014	911	Response	1	54772560	4904	1
10108014	912	Sound	11	54792364	367	1			260		other	0
10108014	913	Sound	18	54808963	461	1			260		other	0
10108014	913	Response	1	54811678	3176	1
10108014	914	Sound	12	54832361	353	1			260		other	0
10108014	915	Sound	19	54857160	311	1			260		other	0
10108014	915	Response	1	54859994	3146	1
10108014	916	Sound	21	54874959	438	1			260		other	0
10108014	916	Response	1	54878073	3552	1
10108014	917	Sound	12	54894358	331	1			260		other	0
10108014	918	Sound	18	54921756	389	1			260		other	0
10108014	918	Response	1	54924870	3504	1
10108014	919	Sound	21	54946554	346	1			260		other	0
10108014	919	Response	1	54949509	3300	1
10108014	920	Sound	16	54968753	371	1			260		other	0
10108014	920	Response	1	54972867	4486	1
10108014	921	Sound	16	54993351	462	1			260		other	0
10108014	921	Response	1	54996306	3417	1
10108014	922	Sound	19	55020150	419	1			260		other	0
10108014	922	Response	1	55022944	3214	1
10108014	923	Sound	13	55044948	377	1			260		other	0
10108014	924	Sound	20	55063947	371	1			260		other	0
10108014	924	Response	1	55066381	2805	1
10108014	925	Sound	14	55084346	430	1			260		other	0
10108014	926	Sound	17	55101744	324	1			260		other	0
10108014	926	Response	1	55105499	4078	1
10108014	927	Sound	15	55120143	384	1			260		other	0
10108014	927	Response	1	55131737	11978	1
10108014	928	Sound	11	55141142	376	1			260		other	0
10108014	929	Sound	11	55160541	436	1			260		other	0
10108014	930	Sound	16	55180939	329	1			260		other	0
10108014	930	Response	1	55184534	3923	1
10108014	931	Sound	15	55198338	389	1			260		other	0
10108014	931	Response	1	55202453	4503	1
10108014	932	Sound	18	55225337	380	1			260		other	0
10108014	932	Response	1	55227811	2854	1
10108014	933	Sound	21	55243735	440	1			260		other	0
10108014	933	Response	1	55246210	2914	1
10108014	934	Sound	19	55270934	297	1			260		other	0
10108014	934	Response	1	55273488	2851	1
10108014	935	Sound	15	55292932	455	1			260		other	0
10108014	935	Response	1	55296607	4130	1
10108014	936	Sound	16	55316131	314	1			260		other	0
10108014	936	Response	1	55319165	3348	1
10108014	937	Sound	15	55332530	375	1			260		other	0
10108014	937	Response	1	55336844	4689	1
10108014	938	Sound	12	55351329	335	1			260		other	0
10108014	939	Sound	18	55375727	393	1			260		other	0
10108014	939	Response	1	55378521	3187	1
10108014	940	Sound	13	55391326	320	1			260		other	0
10108014	941	Sound	13	55415925	412	1			260		other	0
10108014	942	Sound	18	55435923	404	1			260		other	0
10108014	942	Response	1	55439237	3719	1
10108014	943	Sound	17	55452322	465	1			260		other	0
10108014	943	Response	1	55456516	4659	1
10108014	944	Sound	16	55477121	423	1			260		other	0
10108014	944	Response	1	55480995	4297	1
10108014	945	Sound	15	55498919	382	1			260		other	0
10108014	945	Response	1	55503313	4776	1
10108014	946	Sound	14	55524918	373	1			260		other	0
10108014	947	Sound	14	55552316	263	1			260		other	0
10108014	948	Sound	11	55580114	386	1			260		other	0
10108014	949	Sound	17	55603513	445	1			260		other	0
10108014	949	Response	1	55606587	3519	1
10108014	950	Sound	20	55630311	402	1			260		other	0
10108014	950	Response	1	55633865	3956	1
10108014	951	Sound	12	55658709	458	1			260		other	0
10108014	952	Sound	19	55674708	286	1			260		other	0
10108014	952	Response	1	55677142	2720	1
10108014	953	Response	255	55910887	216379	1
10108014	954	Sound	17	55981889	376	1			260		other	0
10108014	954	Response	1	55985122	3610	1
10108014	955	Sound	17	56009087	400	1			260		other	0
10108014	955	Response	1	56012241	3553	1
10108014	956	Sound	11	56026286	427	1			260		other	0
10108014	957	Sound	12	56047885	353	1			260		other	0
10108014	958	Sound	16	56065484	280	1			260		other	0
10108014	958	Response	1	56068557	3353	1
10108014	959	Sound	19	56090082	371	1			260		other	0
10108014	959	Response	1	56093035	3324	1
10108014	960	Sound	18	56105481	433	1			260		other	0
10108014	960	Response	1	56108554	3505	1
10108014	961	Sound	15	56129080	357	1			260		other	0
10108014	962	Sound	14	56153678	282	1			260		other	0
10108014	963	Sound	17	56171677	275	1			260		other	0
10108014	963	Response	1	56174950	3549	1
10108014	964	Sound	13	56199675	432	1			260		other	0
10108014	965	Sound	15	56223874	457	1			260		other	0
10108014	965	Response	1	56229347	5930	1
10108014	966	Sound	19	56240873	284	1			260		other	0
10108014	966	Response	1	56243986	3397	1
10108014	967	Sound	19	56264871	442	1			260		other	0
10108014	967	Response	1	56267584	3155	1
10108014	968	Sound	13	56289270	334	1			260		other	0
10108014	969	Sound	20	56318068	457	1			260		other	0
10108014	969	Response	1	56320861	3250	1
10108014	970	Sound	16	56336067	450	1			260		other	0
10108014	970	Response	1	56339900	4283	1
10108014	971	Sound	18	56354665	377	1			260		other	0
10108014	971	Response	1	56357818	3530	1
10108014	972	Sound	13	56381464	334	1			260		other	0
10108014	973	Sound	21	56398263	295	1			260		other	0
10108014	973	Response	1	56401496	3527	1
10108014	974	Sound	15	56420261	453	1			260		other	0
10108014	974	Response	1	56424454	4646	1
10108014	975	Sound	20	56445260	278	1			260		other	0
10108014	975	Response	1	56448053	3071	1
10108014	976	Sound	13	56466458	304	1			260		other	0
10108014	977	Sound	16	56482257	431	1			260		other	0
10108014	977	Response	1	56485410	3584	1
10108014	978	Sound	20	56508856	355	1			260		other	0
10108014	978	Response	1	56511568	3068	1
10108014	979	Sound	11	56528455	448	1			260		other	0
10108014	980	Sound	14	56544054	376	1			260		other	0
10108014	981	Sound	16	56566652	301	1			260		other	0
10108014	981	Response	1	56569245	2894	1
10108014	982	Sound	20	56586651	461	1			260		other	0
10108014	982	Response	1	56589563	3373	1
10108014	983	Sound	18	56602250	389	1			260		other	0
10108014	983	Response	1	56605962	4101	1
10108014	984	Sound	21	56619249	383	1			260		other	0
10108014	984	Response	1	56621481	2615	1
10108014	985	Sound	18	56637048	343	1			260		other	0
10108014	985	Response	1	56640680	3975	1
10108014	986	Sound	13	56655647	270	1			260		other	0
10108014	987	Sound	16	56679445	394	1			260		other	0
10108014	987	Response	1	56682437	3387	1
10108014	988	Sound	12	56705643	418	1			260		other	0
10108014	989	Sound	21	56732842	276	1			260		other	0
10108014	989	Response	1	56735714	3148	1
10108014	990	Sound	12	56750841	269	1			260		other	0
10108014	991	Sound	17	56778039	459	1			260		other	0
10108014	991	Response	1	56782431	4851	1
10108014	992	Sound	15	56795838	420	1			260		other	0
10108014	992	Response	1	56801710	6292	1
10108014	993	Sound	14	56824036	443	1			260		other	0
10108014	993	Response	1	56836187	12594	2
10108014	994	Sound	21	56846035	435	1			260		other	0
10108014	994	Response	1	56848667	3067	1
10108014	995	Sound	11	56863233	296	1			260		other	0
10108014	996	Sound	12	56888632	353	1			260		other	0
10108014	997	Sound	18	56908431	313	1			260		other	0
10108014	997	Response	1	56912902	4785	1
10108014	998	Sound	11	56931829	371	1			260		other	0
10108014	999	Sound	14	56955828	363	1			260		other	0
10108014	1000	Sound	11	56975226	422	1			260		other	0
10108014	1001	Sound	21	56992425	449	1			260		other	0
10108014	1001	Response	1	56994817	2842	1
10108014	1002	Sound	14	57019824	340	1			260		other	0
10108014	1003	Sound	12	57040422	266	1			260		other	0
10108014	1004	Sound	17	57059821	325	1			260		other	0
10108014	1004	Response	1	57063373	3877	1
10108014	1005	Sound	20	57075820	320	1			260		other	0
10108014	1005	Response	1	57079771	4271	2
10108014	1006	Sound	19	57101218	377	1			260		other	0
10108014	1006	Response	1	57104650	3809	1
10108014	1007	Sound	15	57122017	337	1			260		other	0
10108014	1007	Response	1	57136568	14888	1
10108014	1008	Sound	19	57148815	294	1			260		other	0
10108014	1008	Response	1	57151607	3086	1
