Scenario - 
Logfile written - 10/14/2018 13:51:56

Subject	Trial	Event Type	Code	Time	TTime	Uncertainty	Duration	Uncertainty	ReqTime	ReqDur	Stim Type	Pair Index

10108009	1	Response	255	48863	48530	1
10108009	2	Sound	19	119616	322	1			260		other	0
10108009	2	Response	1	125982	6688	1
10108009	3	Sound	14	144416	280	1			260		other	0
10108009	4	Sound	19	160415	274	1			260		other	0
10108009	4	Response	1	164221	4080	1
10108009	5	Sound	11	188615	298	1			260		other	0
10108009	6	Sound	11	208815	324	1			260		other	0
10108009	7	Sound	14	235614	448	1			260		other	0
10108009	8	Sound	18	262814	305	1			260		other	0
10108009	8	Response	1	267820	5311	1
10108009	9	Sound	16	283213	364	1			260		other	0
10108009	9	Response	1	290699	7850	1
10108009	10	Sound	11	305413	389	1			260		other	0
10108009	11	Sound	12	322413	383	1			260		other	0
10108009	12	Sound	17	348812	274	1			260		other	0
10108009	12	Response	1	353418	4880	1
10108009	13	Sound	21	376612	397	1			260		other	0
10108009	13	Response	1	380938	4723	1
10108009	14	Sound	17	396212	324	1			260		other	0
10108009	14	Response	1	403897	8009	1
10108009	15	Sound	12	417011	283	1			260		other	0
10108009	16	Sound	13	442011	441	1			260		other	0
10108009	17	Sound	21	458211	302	1			260		other	0
10108009	17	Response	1	460856	2947	1
10108009	18	Sound	13	474210	463	1			260		other	0
10108009	19	Sound	15	500210	453	1			260		other	0
10108009	20	Sound	15	518010	414	1			260		other	0
10108009	21	Sound	12	533810	375	1			260		other	0
10108009	22	Sound	18	555409	300	1			260		other	0
10108009	22	Response	1	561574	6466	1
10108009	23	Sound	19	577809	359	1			260		other	0
10108009	23	Response	1	583254	5804	1
10108009	24	Sound	13	605408	449	1			260		other	0
10108009	25	Sound	15	633608	306	1			260		other	0
10108009	26	Sound	17	654008	365	1			260		other	0
10108009	26	Response	1	659253	5611	1
10108009	27	Sound	16	671607	459	1			260		other	0
10108009	27	Response	1	679572	8424	1
10108009	28	Sound	14	690407	419	1			260		other	0
10108009	29	Sound	21	715407	410	1			260		other	0
10108009	29	Response	1	720612	5615	1
10108009	30	Sound	20	731206	371	1			260		other	0
10108009	30	Response	1	737891	7056	1
10108009	31	Sound	11	758806	462	1			260		other	0
10108009	32	Sound	18	785405	385	1			260		other	0
10108009	32	Response	1	789410	4390	1
10108009	33	Sound	13	806805	444	1			260		other	0
10108009	34	Sound	11	834205	335	1			260		other	0
10108009	35	Sound	14	850005	462	1			260		other	0
10108009	36	Sound	16	874804	420	1			260		other	0
10108009	37	Sound	12	892604	380	1			260		other	0
10108009	38	Sound	19	908404	341	1			260		other	0
10108009	38	Response	1	913088	5026	1
10108009	39	Sound	16	929803	400	1			260		other	0
10108009	39	Response	1	936688	7285	1
10108009	40	Sound	21	954203	292	1			260		other	0
10108009	40	Response	1	959168	5256	1
10108009	41	Sound	20	970003	419	1			260		other	0
10108009	41	Response	1	977967	8384	1
10108009	42	Sound	20	995402	310	1			260		other	0
10108009	42	Response	1	1000207	5115	1
10108009	43	Sound	15	1017402	469	1			260		other	0
10108009	44	Sound	18	1035802	363	1			260		other	0
10108009	44	Response	1	1039806	4367	1
10108009	45	Sound	20	1061401	454	1			260		other	0
10108009	45	Response	1	1065326	4378	1
10108009	46	Sound	18	1077601	314	1			260		other	0
10108009	46	Response	1	1081485	4199	1
10108009	47	Sound	20	1105600	304	1			260		other	0
10108009	47	Response	1	1108845	3549	1
10108009	48	Sound	17	1132400	428	1			260		other	0
10108009	49	Sound	17	1155600	287	1			260		other	0
10108009	49	Response	1	1159484	4171	1
10108009	50	Sound	13	1177399	412	1			260		other	0
10108009	51	Sound	14	1199399	404	1			260		other	0
10108009	52	Sound	16	1219599	430	1			260		other	0
10108009	53	Sound	12	1237598	424	1			260		other	0
10108009	54	Sound	15	1261798	282	1			260		other	0
10108009	54	Response	1	1274202	12686	1
10108009	55	Sound	19	1288998	306	1			260		other	0
10108009	55	Response	1	1293642	4950	1
10108009	56	Sound	21	1308197	332	1			260		other	0
10108009	56	Response	1	1312441	4576	1
10108009	57	Response	255	1400920	75135	1
10108009	58	Sound	110	1477594	338	1			260		other	0
10108009	58	Response	1	1481958	4702	1
10108009	59	Sound	106	1497194	433	1			260		other	0
10108009	59	Response	1	1502038	5277	1
10108009	60	Sound	102	1524394	288	1			260		other	0
10108009	61	Sound	104	1552993	378	1			260		other	0
10108009	62	Sound	101	1575793	337	1			260		other	0
10108009	63	Sound	106	1601992	361	1			260		other	0
10108009	63	Response	1	1606916	5285	1
10108009	64	Sound	104	1630592	285	1			260		other	0
10108009	65	Sound	101	1650792	310	1			260		other	0
10108009	66	Sound	103	1675391	401	1			260		other	0
10108009	67	Sound	101	1696591	427	1			260		other	0
10108009	68	Sound	102	1713191	354	1			260		other	0
10108009	69	Sound	105	1729990	315	1			260		other	0
10108009	69	Response	1	1736194	6519	1
10108009	70	Sound	107	1745990	309	1			260		other	0
10108009	70	Response	1	1752354	6673	1
10108009	71	Sound	104	1763590	403	1			260		other	0
10108009	72	Sound	101	1784190	329	1			260		other	0
10108009	73	Sound	105	1800989	457	1			260		other	0
10108009	74	Sound	107	1822789	415	1			260		other	0
10108009	74	Response	1	1826832	4459	1
10108009	75	Sound	101	1849989	439	1			260		other	0
10108009	76	Sound	108	1875788	397	1			260		other	0
10108009	76	Response	1	1879712	4320	1
10108009	77	Sound	108	1901188	287	1			260		other	0
10108009	77	Response	1	1905711	4811	1
10108009	78	Sound	103	1928587	344	1			260		other	0
10108009	79	Sound	102	1955187	436	1			260		other	0
10108009	80	Sound	108	1971787	362	1			260		other	0
10108009	80	Response	1	1975870	4446	1
10108009	81	Sound	107	1990386	456	1			260		other	0
10108009	81	Response	1	1994830	4899	1
10108009	82	Sound	103	2009786	349	1			260		other	0
10108009	83	Sound	106	2029386	443	1			260		other	0
10108009	83	Response	1	2033309	4366	1
10108009	84	Sound	109	2052585	300	1			260		other	0
10108009	84	Response	1	2056268	3983	1
10108009	85	Sound	102	2071785	327	1			260		other	0
10108009	86	Sound	103	2097385	418	1			260		other	0
10108009	87	Sound	109	2122784	308	1			260		other	0
10108009	87	Response	1	2127627	5151	1
10108009	88	Sound	102	2145784	467	1			260		other	0
10108009	89	Sound	110	2163784	461	1			260		other	0
10108009	89	Response	1	2168267	4943	1
10108009	90	Sound	109	2188983	318	1			260		other	0
10108009	90	Response	1	2193226	4561	1
10108009	91	Sound	108	2211183	344	1			260		other	0
10108009	91	Response	1	2216826	5986	1
10108009	92	Sound	105	2228783	437	1			260		other	0
10108009	92	Response	1	2234265	5920	1
10108009	93	Sound	110	2257382	360	1			260		other	0
10108009	93	Response	1	2261545	4523	1
10108009	94	Sound	104	2279382	353	1			260		other	0
10108009	95	Sound	109	2301981	278	1			260		other	0
10108009	95	Response	1	2305704	4001	1
10108009	96	Sound	103	2325181	303	1			260		other	0
10108009	97	Sound	111	2343581	363	1			260		other	0
10108009	97	Response	1	2346743	3525	1
10108009	98	Sound	109	2371180	287	1			260		other	0
10108009	98	Response	1	2375383	4489	1
10108009	99	Sound	108	2388180	280	1			260		other	0
10108009	99	Response	1	2393303	5403	1
10108009	100	Sound	106	2406980	407	1			260		other	0
10108009	100	Response	1	2411862	5289	1
10108009	101	Sound	111	2431179	432	1			260		other	0
10108009	101	Response	1	2435702	4954	1
10108009	102	Sound	110	2457179	423	1			260		other	0
10108009	102	Response	1	2461461	4705	1
10108009	103	Sound	107	2485778	346	1			260		other	0
10108009	103	Response	1	2489621	4188	1
10108009	104	Sound	105	2504978	372	1			260		other	0
10108009	104	Response	1	2508901	4295	1
10108009	105	Sound	110	2524778	332	1			260		other	0
10108009	105	Response	1	2527620	3174	1
10108009	106	Sound	111	2544778	325	1			260		other	0
10108009	106	Response	1	2548820	4367	1
10108009	107	Sound	106	2570177	382	1			260		other	0
10108009	107	Response	1	2576979	7184	1
10108009	108	Sound	111	2589177	376	1			260		other	0
10108009	108	Response	1	2592739	3938	1
10108009	109	Sound	111	2606377	403	1			260		other	0
10108009	109	Response	1	2609379	3405	1
10108009	110	Sound	104	2629776	294	1			260		other	0
10108009	110	Response	1	2637938	8456	1
10108009	111	Sound	105	2650976	320	1			260		other	0
10108009	111	Response	1	2655218	4562	1
10108009	112	Sound	107	2677576	411	1			260		other	0
10108009	113	Response	255	2738017	42265	1
10108009	114	Sound	111	2799974	434	1			260		other	0
10108009	114	Response	1	2803295	3756	1
10108009	115	Sound	105	2821973	426	1			260		other	0
10108009	115	Response	1	2825615	4068	1
10108009	116	Sound	106	2845973	417	1			260		other	0
10108009	116	Response	1	2849854	4299	1
10108009	117	Sound	108	2863372	311	1			260		other	0
10108009	117	Response	1	2866894	3833	1
10108009	118	Sound	110	2885772	370	1			260		other	0
10108009	118	Response	1	2888974	3572	1
10108009	119	Sound	107	2909572	328	1			260		other	0
10108009	119	Response	1	2912973	3730	1
10108009	120	Sound	109	2929372	454	1			260		other	0
10108009	120	Response	1	2931773	2856	1
10108009	121	Sound	107	2953971	379	1			260		other	0
10108009	121	Response	1	2957533	3940	1
10108009	122	Sound	108	2976371	271	1			260		other	0
10108009	122	Response	1	2979372	3273	1
10108009	123	Sound	109	3005370	427	1			260		other	0
10108009	123	Response	1	3008652	3709	1
10108009	124	Sound	110	3033570	284	1			260		other	0
10108009	124	Response	1	3037291	4005	1
10108009	125	Sound	111	3055169	376	1			260		other	0
10108009	125	Response	1	3058251	3458	1
10108009	126	Sound	104	3079169	367	1			260		other	0
10108009	126	Response	1	3084490	5689	1
10108009	127	Sound	109	3105369	391	1			260		other	0
10108009	127	Response	1	3108490	3513	1
10108009	128	Sound	102	3132768	448	1			260		other	0
10108009	129	Sound	111	3150368	375	1			260		other	0
10108009	129	Response	1	3153529	3537	1
10108009	130	Sound	107	3171968	301	1			260		other	0
10108009	130	Response	1	3177289	5622	1
10108009	131	Sound	105	3198967	459	1			260		other	0
10108009	131	Response	1	3204168	5660	1
10108009	132	Sound	105	3226767	415	1			260		other	0
10108009	132	Response	1	3230808	4456	1
10108009	133	Sound	103	3252766	406	1			260		other	0
10108009	134	Sound	101	3273166	465	1			260		other	0
10108009	135	Sound	108	3300166	289	1			260		other	0
10108009	135	Response	1	3303607	3730	1
10108009	136	Sound	106	3323965	414	1			260		other	0
10108009	136	Response	1	3328726	5175	1
10108009	137	Sound	108	3347365	305	1			260		other	0
10108009	137	Response	1	3350966	3906	1
10108009	138	Sound	110	3368764	364	1			260		other	0
10108009	138	Response	1	3372166	3765	1
10108009	139	Sound	110	3397164	421	1			260		other	0
10108009	139	Response	1	3400805	4062	1
10108009	140	Sound	103	3422764	345	1			260		other	0
10108009	141	Sound	101	3442363	438	1			260		other	0
10108009	142	Sound	105	3467563	296	2			260		other	0
10108009	143	Sound	104	3496363	419	1			260		other	0
10108009	144	Sound	111	3514362	412	1			260		other	0
10108009	144	Response	1	3519443	5493	1
10108009	145	Sound	103	3541162	369	1			260		other	0
10108009	146	Sound	110	3564561	428	1			260		other	0
10108009	146	Response	1	3568162	4028	1
10108009	147	Sound	105	3587561	420	1			260		other	0
10108009	148	Sound	107	3613761	444	1			260		other	0
10108009	148	Response	1	3617921	4604	1
10108009	149	Sound	102	3636560	402	1			260		other	0
10108009	150	Sound	101	3663560	392	1			260		other	0
10108009	151	Sound	102	3683560	385	1			260		other	0
10108009	152	Sound	108	3711759	409	1			260		other	0
10108009	152	Response	1	3715599	4249	1
10108009	153	Sound	104	3731559	368	1			260		other	0
10108009	154	Sound	101	3759358	325	1			260		other	0
10108009	155	Sound	109	3781358	317	1			260		other	0
10108009	155	Response	1	3786158	5117	1
10108009	156	Sound	106	3802558	343	1			260		other	0
10108009	157	Sound	106	3825357	468	1			260		other	0
10108009	157	Response	1	3828958	4068	1
10108009	158	Sound	109	3851957	392	1			260		other	0
10108009	158	Response	1	3856717	5152	1
10108009	159	Sound	107	3875756	350	1			260		other	0
10108009	159	Response	1	3881596	6190	1
10108009	160	Sound	111	3902356	274	1			260		other	0
10108009	160	Response	1	3905196	3114	1
10108009	161	Sound	104	3919556	301	1			260		other	0
10108009	162	Sound	101	3938356	428	1			260		other	0
10108009	163	Sound	106	3954555	289	1			260		other	0
10108009	163	Response	1	3959595	5329	1
10108009	164	Sound	103	3978955	347	1			260		other	0
10108009	165	Sound	103	4001554	439	1			260		other	0
10108009	165	Response	1	4007674	6559	1
10108009	166	Sound	104	4019554	432	1			260		other	0
10108009	167	Sound	102	4043754	290	1			260		other	0
10108009	168	Sound	102	4072353	380	1			260		other	0
10108009	169	Response	255	4291190	191293	1
10108009	170	Sound	105	4365749	342	1			260		other	0
10108009	171	Sound	102	4391548	300	1			260		other	0
10108009	172	Sound	111	4416148	391	1			260		other	0
10108009	172	Response	1	4419187	3430	1
10108009	173	Sound	108	4444147	381	1			260		other	0
10108009	173	Response	1	4448067	4300	1
10108009	174	Sound	107	4467147	372	1			260		other	0
10108009	174	Response	1	4471426	4652	1
10108009	175	Sound	101	4486547	432	1			260		other	0
10108009	176	Sound	110	4505947	325	1			260		other	0
10108009	176	Response	1	4509426	3804	1
10108009	177	Sound	111	4532946	316	1			260		other	0
10108009	177	Response	1	4535665	3035	1
10108009	178	Sound	102	4561746	272	1			260		other	0
10108009	179	Sound	110	4590345	362	1			260		other	0
10108009	179	Response	1	4594384	4401	2
10108009	180	Sound	111	4610145	321	1			260		other	0
10108009	180	Response	1	4615344	5520	1
10108009	181	Sound	101	4628945	281	1			260		other	0
10108009	182	Sound	102	4646144	475	1			260		other	0
10108009	183	Sound	101	4665544	368	1			260		other	0
10108009	184	Sound	109	4687144	294	1			260		other	0
10108009	184	Response	1	4691182	4333	1
10108009	185	Sound	107	4712543	352	1			260		other	0
10108009	185	Response	1	4717422	5230	1
10108009	186	Sound	106	4737943	410	1			260		other	0
10108009	186	Response	1	4742302	4769	1
10108009	187	Sound	109	4760342	468	1			260		other	0
10108009	187	Response	1	4763501	3627	1
10108009	188	Sound	104	4779342	294	1			260		other	0
10108009	189	Sound	104	4800542	320	1			260		other	0
10108009	190	Sound	105	4824541	312	1			260		other	0
10108009	190	Response	1	4828780	4550	1
10108009	191	Sound	107	4844341	438	1			260		other	0
10108009	191	Response	1	4848460	4557	1
10108009	192	Sound	105	4873341	428	1			260		other	0
10108009	192	Response	1	4877739	4826	1
10108009	193	Sound	103	4892540	287	1			260		other	0
10108009	194	Sound	108	4911540	281	1			260		other	0
10108009	194	Response	1	4914859	3599	1
10108009	195	Sound	108	4938540	271	1			260		other	0
10108009	195	Response	1	4943018	4749	1
10108009	196	Sound	104	4958739	297	1			260		other	0
10108009	197	Sound	103	4984539	421	1			260		other	0
10108009	198	Sound	106	5012738	444	1			260		other	0
10108009	198	Response	1	5017977	5683	1
10108009	199	Sound	108	5037538	402	1			260		other	0
10108009	199	Response	1	5041576	4441	1
10108009	200	Sound	109	5063938	293	1			260		other	0
10108009	200	Response	1	5067576	3931	1
10108009	201	Sound	107	5087737	418	1			260		other	0
10108009	201	Response	1	5090696	3376	1
10108009	202	Sound	102	5104337	345	1			260		other	0
10108009	203	Sound	106	5127537	370	1			260		other	0
10108009	203	Response	1	5131575	4408	1
10108009	204	Sound	103	5147736	396	1			260		other	0
10108009	205	Sound	111	5165536	357	1			260		other	0
10108009	205	Response	1	5169174	3995	1
10108009	206	Sound	109	5183336	317	1			260		other	0
10108009	206	Response	1	5189494	6475	1
10108009	207	Sound	105	5203735	376	1			260		other	0
10108009	207	Response	1	5208054	4694	1
10108009	208	Sound	106	5224335	302	1			260		other	0
10108009	208	Response	1	5229013	4980	1
10108009	209	Sound	101	5252935	392	1			260		other	0
10108009	210	Sound	101	5275334	451	1			260		other	0
10108009	211	Sound	108	5304134	407	1			260		other	0
10108009	211	Response	1	5308292	4565	1
10108009	212	Sound	110	5328733	332	1			260		other	0
10108009	213	Sound	103	5353133	390	1			260		other	0
10108009	214	Sound	111	5374533	282	1			260		other	0
10108009	214	Response	1	5377731	3480	1
10108009	215	Sound	110	5402132	372	1			260		other	0
10108009	215	Response	1	5406610	4850	1
10108009	216	Sound	104	5427332	397	1			260		other	0
10108009	217	Sound	105	5443732	291	1			260		other	0
10108009	218	Sound	110	5461531	418	1			260		other	0
10108009	218	Response	1	5467729	6615	1
10108009	219	Sound	103	5478531	412	1			260		other	0
10108009	220	Sound	109	5495731	439	1			260		other	0
10108009	220	Response	1	5498608	3317	1
10108009	221	Sound	106	5513930	299	1			260		other	0
10108009	221	Response	1	5518048	4416	1
10108009	222	Sound	104	5532530	393	1			260		other	0
10108009	223	Sound	107	5550730	420	1			260		other	0
10108009	223	Response	1	5556047	5738	1
10108009	224	Sound	102	5578730	410	1			260		other	0
10108009	225	Response	255	5690845	83935	1
10108009	226	Sound	21	5769326	274	1			260		other	0
10108009	226	Response	1	5772924	3872	1
10108009	227	Sound	14	5792526	299	1			260		other	0
10108009	228	Sound	17	5820726	323	1			260		other	0
10108009	228	Response	1	5828842	8439	2
10108009	229	Sound	17	5838525	283	1			260		other	0
10108009	229	Response	1	5843482	5240	1
10108009	230	Sound	15	5855325	410	1			260		other	0
10108009	231	Sound	12	5877925	336	1			260		other	0
10108009	232	Sound	12	5897524	262	1			260		other	0
10108009	233	Sound	17	5921124	354	1			260		other	0
10108009	234	Sound	14	5948924	477	1			260		other	0
10108009	235	Sound	12	5965723	438	1			260		other	0
10108009	236	Sound	11	5988523	396	1			260		other	0
10108009	237	Sound	15	6009923	289	1			260		other	0
10108009	238	Sound	11	6037322	346	1			260		other	0
10108009	239	Sound	19	6052522	374	1			260		other	0
10108009	239	Response	1	6059958	7810	1
10108009	240	Sound	11	6077322	331	1			260		other	0
10108009	241	Sound	21	6100721	390	1			260		other	0
10108009	241	Response	1	6104517	4186	2
10108009	242	Sound	12	6117121	450	1			260		other	0
10108009	243	Sound	20	6137321	310	1			260		other	0
10108009	243	Response	1	6148277	11266	1
10108009	244	Sound	21	6157920	403	1			260		other	0
10108009	244	Response	1	6163317	5799	1
10108009	245	Sound	13	6181720	361	1			260		other	0
10108009	246	Sound	19	6203120	420	1			260		other	0
10108009	246	Response	1	6206996	4296	1
10108009	247	Sound	14	6219919	380	1			260		other	0
10108009	248	Sound	20	6238119	407	1			260		other	0
10108009	248	Response	1	6241316	3604	1
10108009	249	Sound	15	6263719	331	1			260		other	0
10108009	249	Response	1	6272755	9368	1
10108009	250	Sound	13	6284318	424	1			260		other	0
10108009	251	Sound	19	6305718	316	1			260		other	0
10108009	251	Response	1	6309234	3833	1
10108009	252	Sound	18	6328718	308	1			260		other	0
10108009	252	Response	1	6338274	9864	1
10108009	253	Sound	18	6350517	434	1			260		other	0
10108009	253	Response	1	6354034	3950	1
10108009	254	Sound	21	6368517	427	1			260		other	0
10108009	254	Response	1	6373873	5784	1
10108009	255	Sound	17	6388317	387	1			260		other	0
10108009	255	Response	1	6395953	8023	1
10108009	256	Sound	19	6403716	282	1			260		other	0
10108009	256	Response	1	6409073	5638	1
10108009	257	Sound	16	6420316	376	1			260		other	0
10108009	258	Sound	13	6445916	467	1			260		other	0
10108009	259	Sound	11	6470515	391	1			260		other	0
10108009	260	Sound	16	6486715	419	1			260		other	0
10108009	260	Response	1	6492991	6695	1
10108009	261	Sound	13	6502915	446	1			260		other	0
10108009	262	Sound	21	6528914	437	1			260		other	0
10108009	262	Response	1	6532510	4033	1
10108009	263	Sound	14	6554114	461	1			260		other	0
10108009	264	Sound	18	6571114	455	1			260		other	0
10108009	264	Response	1	6577709	7051	1
10108009	265	Sound	16	6596713	379	1			260		other	0
10108009	265	Response	1	6605229	8895	1
10108009	266	Sound	13	6622113	437	1			260		other	0
10108009	267	Sound	19	6637713	365	1			260		other	0
10108009	267	Response	1	6641468	4120	1
10108009	268	Sound	12	6657312	458	1			260		other	0
10108009	269	Sound	16	6681112	416	1			260		other	0
10108009	269	Response	1	6688027	7331	1
10108009	270	Sound	16	6697312	443	1			260		other	0
10108009	270	Response	1	6704827	7959	1
10108009	271	Sound	15	6725111	400	1			260		other	0
10108009	272	Sound	20	6748311	425	1			260		other	0
10108009	272	Response	1	6754667	6781	1
10108009	273	Sound	14	6771511	450	1			260		other	0
10108009	274	Sound	18	6793510	443	1			260		other	0
10108009	274	Response	1	6798746	5678	1
10108009	275	Sound	18	6816710	301	1			260		other	0
10108009	275	Response	1	6822825	6416	1
10108009	276	Sound	17	6834310	395	1			260		other	0
10108009	276	Response	1	6839625	5710	1
10108009	277	Sound	20	6856309	387	1			260		other	0
10108009	277	Response	1	6859705	3782	1
10108009	278	Sound	15	6872709	281	1			260		other	0
10108009	278	Response	1	6885304	12876	1
10108009	279	Sound	20	6895709	273	1			260		other	0
10108009	279	Response	1	6899304	3868	1
10108009	280	Sound	11	6912908	300	1			260		other	0
10108009	281	Response	255	7024662	95301	1
10108009	282	Sound	16	7101905	399	1			260		other	0
10108009	283	Sound	12	7123905	391	1			260		other	0
10108009	284	Sound	13	7151905	381	1			260		other	0
10108009	285	Sound	18	7172304	441	1			260		other	0
10108009	285	Response	1	7177379	5516	1
10108009	286	Sound	13	7199304	431	1			260		other	0
10108009	287	Sound	11	7217703	325	1			260		other	0
10108009	288	Sound	21	7241903	349	1			260		other	0
10108009	288	Response	1	7245938	4384	1
10108009	289	Sound	19	7261103	376	1			260		other	0
10108009	289	Response	1	7268258	7530	1
10108009	290	Sound	14	7283702	301	1			260		other	0
10108009	291	Sound	12	7303302	394	1			260		other	0
10108009	292	Sound	17	7318702	288	1			260		other	0
10108009	292	Response	1	7328337	9923	1
10108009	293	Sound	20	7346501	412	1			260		other	0
10108009	293	Response	1	7352736	6647	1
10108009	294	Sound	16	7364901	472	1			260		other	0
10108009	294	Response	1	7372416	7987	1
10108009	295	Sound	13	7383501	399	1			260		other	0
10108009	296	Sound	16	7407300	357	1			260		other	0
10108009	296	Response	1	7411775	4831	1
10108009	297	Sound	15	7432900	281	1			260		other	0
10108009	298	Sound	15	7450900	274	1			260		other	0
10108009	298	Response	1	7455454	4829	1
10108009	299	Sound	11	7469099	468	1			260		other	0
10108009	300	Sound	15	7495299	325	1			260		other	0
10108009	301	Sound	19	7523099	282	1			260		other	0
10108009	301	Response	1	7527293	4477	1
10108009	302	Sound	18	7546498	340	1			260		other	0
10108009	302	Response	1	7551533	5375	1
10108009	303	Sound	18	7569898	399	1			260		other	0
10108009	303	Response	1	7574492	4993	1
10108009	304	Sound	14	7590298	458	1			260		other	0
10108009	305	Sound	14	7607097	419	1			260		other	0
10108009	306	Sound	19	7627897	378	1			260		other	0
10108009	306	Response	1	7634571	7052	1
10108009	307	Sound	19	7645697	338	1			260		other	0
10108009	307	Response	1	7653131	7772	1
10108009	308	Sound	14	7668896	363	1			260		other	0
10108009	309	Sound	15	7694096	388	1			260		other	0
10108009	310	Sound	20	7718896	346	1			260		other	0
10108009	310	Response	1	7722410	3860	1
10108009	311	Sound	15	7741895	337	1			260		other	0
10108009	312	Sound	19	7764095	363	1			260		other	0
10108009	312	Response	1	7767849	4117	1
10108009	313	Sound	16	7780894	323	1			260		other	0
10108009	314	Sound	21	7802894	316	1			260		other	0
10108009	314	Response	1	7806968	4390	1
10108009	315	Sound	12	7820494	409	1			260		other	0
10108009	316	Sound	16	7840294	369	1			260		other	0
10108009	317	Sound	17	7858493	396	1			260		other	0
10108009	317	Response	1	7861527	3430	1
10108009	318	Sound	18	7879093	322	1			260		other	0
10108009	318	Response	1	7884727	5956	1
10108009	319	Sound	21	7905893	279	1			260		other	0
10108009	319	Response	1	7910006	4393	1
10108009	320	Sound	21	7931292	336	1			260		other	0
10108009	320	Response	1	7934726	3770	1
10108009	321	Sound	17	7957492	360	1			260		other	0
10108009	322	Sound	13	7981691	385	1			260		other	0
10108009	323	Sound	17	8003091	444	1			260		other	0
10108009	324	Sound	12	8019091	272	1			260		other	0
10108009	325	Sound	11	8038890	398	1			260		other	0
10108009	326	Sound	18	8060690	357	1			260		other	0
10108009	326	Response	1	8065764	5431	1
10108009	327	Sound	17	8085290	448	1			260		other	0
10108009	328	Sound	11	8107289	440	1			260		other	0
10108009	329	Sound	21	8127289	433	1			260		other	0
10108009	329	Response	1	8130882	4027	1
10108009	330	Sound	20	8148689	326	1			260		other	0
10108009	331	Sound	13	8169488	285	1			260		other	0
10108009	332	Sound	12	8192688	476	1			260		other	0
10108009	333	Sound	20	8214088	369	1			260		other	0
10108009	333	Response	1	8217601	3882	1
10108009	334	Sound	11	8236487	428	1			260		other	0
10108009	335	Sound	14	8258687	453	1			260		other	0
10108009	336	Sound	20	8278687	279	1			260		other	0
10108009	336	Response	1	8282240	3832	1
10108009	337	Response	255	8570235	266406	1
10108009	338	Sound	110	8640481	450	1			260		other	0
10108009	338	Response	1	8643593	3563	1
10108009	339	Sound	105	8662480	275	1			260		other	0
10108009	340	Sound	109	8683080	368	1			260		other	0
10108009	340	Response	1	8686393	3681	1
10108009	341	Sound	106	8708280	393	1			260		other	0
10108009	341	Response	1	8712392	4505	1
10108009	342	Sound	103	8733879	317	1			260		other	0
10108009	343	Sound	108	8750279	377	1			260		other	0
10108009	343	Response	1	8755191	5290	1
10108009	344	Sound	111	8772879	303	1			260		other	0
10108009	344	Response	1	8776631	4055	1
10108009	345	Sound	104	8791878	297	1			260		other	0
10108009	346	Sound	101	8812078	322	1			260		other	0
10108009	347	Sound	109	8830878	282	1			260		other	0
10108009	347	Response	1	8834070	3475	1
10108009	348	Sound	101	8858877	272	1			260		other	0
10108009	349	Sound	108	8878477	365	1			260		other	0
10108009	349	Response	1	8882390	4278	1
10108009	350	Sound	102	8903277	323	1			260		other	0
10108009	351	Sound	109	8928276	314	1			260		other	0
10108009	351	Response	1	8932149	4186	1
10108009	352	Sound	110	8947076	274	1			260		other	0
10108009	352	Response	1	8952468	5666	1
10108009	353	Sound	107	8969076	433	1			260		other	0
10108009	353	Response	1	8973268	4625	1
10108009	354	Sound	104	8995275	290	1			260		other	0
10108009	355	Sound	107	9016275	283	1			260		other	0
10108009	355	Response	1	9021987	5995	1
10108009	356	Sound	111	9034275	276	1			260		other	0
10108009	356	Response	1	9039027	5028	1
10108009	357	Sound	103	9061874	366	1			260		other	0
10108009	358	Sound	111	9081274	426	1			260		other	0
10108009	358	Response	1	9083986	3138	1
10108009	359	Sound	110	9103474	285	1			260		other	0
10108009	360	Sound	105	9129673	309	1			260		other	0
10108009	360	Response	1	9137745	8381	1
10108009	361	Sound	110	9154473	433	1			260		other	0
10108009	361	Response	1	9158065	4025	1
10108009	362	Sound	102	9182072	357	1			260		other	0
10108009	363	Sound	103	9203672	282	1			260		other	0
10108009	364	Sound	104	9224872	308	1			260		other	0
10108009	365	Sound	105	9248671	433	1			260		other	0
10108009	366	Sound	105	9275871	457	1			260		other	0
10108009	366	Response	1	9281023	5608	1
10108009	367	Sound	103	9292670	417	1			260		other	0
10108009	368	Sound	106	9320870	274	1			260		other	0
10108009	368	Response	1	9325342	4746	1
10108009	369	Sound	107	9346470	365	1			260		other	0
10108009	369	Response	1	9352461	6356	2
10108009	370	Sound	103	9372069	289	1			260		other	0
10108009	371	Sound	109	9393869	415	1			260		other	0
10108009	371	Response	1	9397261	3806	1
10108009	372	Sound	107	9416269	307	1			260		other	0
10108009	372	Response	1	9421740	5778	1
10108009	373	Sound	101	9444068	430	1			260		other	0
10108009	374	Sound	102	9469068	421	1			260		other	0
10108009	375	Sound	106	9494867	378	1			260		other	0
10108009	376	Sound	109	9516067	404	1			260		other	0
10108009	376	Response	1	9521738	6076	1
10108009	377	Sound	102	9536467	464	1			260		other	0
10108009	378	Sound	108	9558266	423	1			260		other	0
10108009	378	Response	1	9561977	4134	1
10108009	379	Sound	110	9575866	350	1			260		other	0
10108009	379	Response	1	9580937	5421	1
10108009	380	Sound	111	9599866	341	1			260		other	0
10108009	380	Response	1	9604777	5252	1
10108009	381	Sound	107	9618665	468	1			260		other	0
10108009	381	Response	1	9627256	9059	1
10108009	382	Sound	108	9645265	392	1			260		other	0
10108009	382	Response	1	9648456	3582	2
10108009	383	Sound	111	9673465	416	1			260		other	0
10108009	383	Response	1	9676216	3167	1
10108009	384	Sound	101	9698864	306	1			260		other	0
10108009	385	Sound	106	9725464	396	1			260		other	0
10108009	385	Response	1	9729255	4187	1
10108009	386	Sound	101	9748863	455	1			260		other	0
10108009	387	Sound	104	9765663	415	1			260		other	0
10108009	388	Sound	102	9792863	439	1			260		other	0
10108009	389	Sound	108	9820662	396	1			260		other	0
10108009	389	Response	1	9824133	3866	1
10108009	390	Sound	104	9845062	287	1			260		other	0
10108009	391	Sound	105	9864861	413	1			260		other	0
10108009	391	Response	1	9868692	4244	1
10108009	392	Sound	106	9889061	438	1			260		other	0
10108009	393	Response	255	10016130	101751	1
10108009	394	Sound	108	10088258	400	1			260		other	0
10108009	394	Response	1	10092368	4511	1
10108009	395	Sound	107	10111658	458	1			260		other	0
10108009	395	Response	1	10116128	4929	1
10108009	396	Sound	105	10138457	416	1			260		other	0
10108009	396	Response	1	10142128	4086	1
10108009	397	Sound	108	10155857	476	1			260		other	0
10108009	397	Response	1	10160527	5146	1
10108009	398	Sound	105	10184656	432	1			260		other	0
10108009	398	Response	1	10188687	4462	1
10108009	399	Sound	104	10202856	293	1			260		other	0
10108009	400	Sound	107	10223056	319	1			260		other	0
10108009	400	Response	1	10226686	3949	1
10108009	401	Sound	111	10243055	312	1			260		other	0
10108009	401	Response	1	10246766	4022	1
10108009	402	Sound	102	10264255	337	1			260		other	0
10108009	403	Sound	104	10292655	394	1			260		other	0
10108009	404	Sound	103	10320654	384	1			260		other	0
10108009	405	Sound	102	10339054	444	1			260		other	0
10108009	406	Sound	106	10361054	269	1			260		other	0
10108009	406	Response	1	10366523	5739	1
10108009	407	Sound	105	10388453	326	1			260		other	0
10108009	407	Response	1	10395163	7036	1
10108009	408	Sound	109	10406453	320	1			260		other	0
10108009	408	Response	1	10412203	6070	1
10108009	409	Sound	108	10427853	379	1			260		other	0
10108009	409	Response	1	10431642	4169	1
10108009	410	Sound	104	10447452	306	1			260		other	0
10108009	410	Response	1	10451962	4816	1
10108009	411	Sound	101	10466652	332	1			260		other	0
10108009	412	Sound	111	10489052	390	1			260		other	0
10108009	412	Response	1	10492761	4100	1
10108009	413	Sound	105	10512651	315	1			260		other	0
10108009	414	Sound	111	10539451	272	1			260		other	0
10108009	414	Response	1	10543641	4462	1
10108009	415	Sound	102	10567050	362	1			260		other	0
10108009	416	Sound	111	10585050	356	1			260		other	0
10108009	416	Response	1	10588200	3506	1
10108009	417	Sound	103	10602650	283	1			260		other	0
10108009	418	Sound	101	10630249	374	1			260		other	0
10108009	419	Sound	103	10648049	334	1			260		other	0
10108009	420	Sound	108	10668449	393	1			260		other	0
10108009	420	Response	1	10671878	3823	1
10108009	421	Sound	106	10686648	420	1			260		other	0
10108009	421	Response	1	10693558	7329	1
10108009	422	Sound	106	10714848	276	1			260		other	0
10108009	422	Response	1	10718678	4106	1
10108009	423	Sound	110	10741048	467	1			260		other	0
10108009	423	Response	1	10745077	4496	1
10108009	424	Sound	103	10769847	424	1			260		other	0
10108009	425	Sound	110	10786247	318	1			260		other	0
10108009	425	Response	1	10791156	5227	1
10108009	426	Sound	109	10814246	474	1			260		other	0
10108009	426	Response	1	10818036	4264	1
10108009	427	Sound	109	10835246	300	1			260		other	0
10108009	427	Response	1	10839235	4289	1
10108009	428	Sound	110	10855446	326	1			260		other	0
10108009	429	Sound	108	10875245	286	1			260		other	0
10108009	429	Response	1	10879394	4435	1
10108009	430	Sound	106	10899445	311	1			260		other	0
10108009	430	Response	1	10902834	3700	1
10108009	431	Sound	101	10916845	371	1			260		other	0
10108009	432	Sound	110	10939644	330	1			260		other	0
10108009	432	Response	1	10943234	3919	1
10108009	433	Sound	107	10960644	322	1			260		other	0
10108009	433	Response	1	10965713	5391	1
10108009	434	Sound	106	10977644	316	1			260		other	0
10108009	435	Sound	104	11003643	307	1			260		other	0
10108009	435	Response	1	11009152	5815	1
10108009	436	Sound	101	11027843	331	1			260		other	0
10108009	437	Sound	107	11053443	422	1			260		other	0
10108009	437	Response	1	11056591	3571	1
10108009	438	Sound	109	11080442	413	1			260		other	0
10108009	438	Response	1	11084751	4722	1
10108009	439	Sound	105	11108842	302	1			260		other	0
10108009	440	Sound	104	11130841	295	1			260		other	0
10108009	441	Sound	109	11146841	457	1			260		other	0
10108009	441	Response	1	11150750	4365	1
10108009	442	Sound	102	11165841	282	1			260		other	0
10108009	443	Sound	101	11189240	340	1			260		other	0
10108009	444	Sound	111	11205440	368	1			260		other	0
10108009	444	Response	1	11208829	3757	1
10108009	445	Sound	103	11234040	458	1			260		other	0
10108009	446	Sound	110	11254439	351	1			260		other	0
10108009	446	Response	1	11259948	5859	1
10108009	447	Sound	102	11283039	440	1			260		other	0
10108009	448	Sound	107	11309838	397	1			260		other	0
10108009	448	Response	1	11313947	4506	1
10108009	449	Response	255	11367226	35364	1
10108009	450	Sound	111	11442436	283	1			260		other	0
10108009	450	Response	1	11446105	3952	1
10108009	451	Sound	107	11461436	443	1			260		other	0
10108009	451	Response	1	11468824	7831	1
10108009	452	Sound	102	11481236	403	1			260		other	0
10108009	453	Sound	101	11501836	329	1			260		other	0
10108009	454	Sound	101	11529835	319	1			260		other	0
10108009	455	Sound	110	11553435	410	1			260		other	0
10108009	455	Response	1	11557463	4438	1
10108009	456	Sound	109	11573634	270	1			260		other	0
10108009	456	Response	1	11578663	5298	1
10108009	457	Sound	107	11593634	430	1			260		other	0
10108009	457	Response	1	11597702	4498	1
10108009	458	Sound	111	11621834	286	1			260		other	0
10108009	458	Response	1	11624822	3274	1
10108009	459	Sound	110	11647033	310	1			260		other	0
10108009	459	Response	1	11655381	8658	1
10108009	460	Sound	111	11667433	370	1			260		other	0
10108009	460	Response	1	11672421	5358	1
10108009	461	Sound	110	11686633	396	1			260		other	0
10108009	461	Response	1	11693140	6904	1
10108009	462	Sound	102	11706832	422	1			260		other	0
10108009	463	Sound	109	11723432	350	1			260		other	0
10108009	463	Response	1	11727460	4378	1
10108009	464	Sound	101	11744032	442	1			260		other	0
10108009	465	Sound	110	11769031	267	1			260		other	0
10108009	465	Response	1	11772659	3895	1
10108009	466	Sound	106	11797031	424	1			260		other	0
10108009	466	Response	1	11802579	5971	1
10108009	467	Sound	111	11819430	316	1			260		other	0
10108009	467	Response	1	11822498	3383	1
10108009	468	Sound	105	11836830	376	1			260		other	0
10108009	469	Sound	106	11865230	433	1			260		other	0
10108009	469	Response	1	11870737	5940	1
10108009	470	Sound	104	11883630	326	1			260		other	0
10108009	471	Sound	105	11899629	320	1			260		other	0
10108009	471	Response	1	11904177	4868	1
10108009	472	Sound	106	11920429	446	1			260		other	0
10108009	472	Response	1	11925376	5394	1
10108009	473	Sound	103	11937629	307	1			260		other	0
10108009	474	Sound	108	11954228	401	1			260		other	0
10108009	474	Response	1	11958176	4348	1
10108009	475	Sound	104	11974428	427	1			260		other	0
10108009	476	Sound	107	11996628	453	1			260		other	0
10108009	476	Response	1	12000335	4160	1
10108009	477	Sound	109	12021827	310	1			260		other	0
10108009	477	Response	1	12025855	4337	1
10108009	478	Sound	109	12042627	436	1			260		other	0
10108009	478	Response	1	12046574	4383	1
10108009	479	Sound	102	12071027	326	1			260		other	0
10108009	480	Sound	111	12095626	418	1			260		other	0
10108009	480	Response	1	12100093	4885	1
10108009	481	Sound	108	12118626	409	1			260		other	0
10108009	481	Response	1	12125693	7476	1
10108009	482	Sound	110	12135625	403	1			260		other	0
10108009	482	Response	1	12141453	6230	1
10108009	483	Sound	108	12157225	328	1			260		other	0
10108009	483	Response	1	12161932	5035	1
10108009	484	Sound	109	12175025	455	1			260		other	0
10108009	484	Response	1	12179212	4643	1
10108009	485	Sound	106	12197825	414	1			260		other	0
10108009	485	Response	1	12203452	6041	1
10108009	486	Sound	104	12217824	407	1			260		other	0
10108009	487	Sound	103	12235224	300	1			260		other	0
10108009	488	Sound	106	12259223	292	1			260		other	0
10108009	488	Response	1	12264811	5879	1
10108009	489	Sound	104	12284823	383	1			260		other	0
10108009	490	Sound	101	12307023	408	1			260		other	0
10108009	491	Sound	103	12332822	366	1			260		other	0
10108009	492	Sound	104	12353222	425	1			260		other	0
10108009	493	Sound	103	12382022	381	1			260		other	0
10108009	494	Sound	102	12404421	273	1			260		other	0
10108009	495	Sound	102	12432821	330	1			260		other	0
10108009	496	Sound	107	12458420	421	1			260		other	0
10108009	496	Response	1	12464727	6728	1
10108009	497	Sound	105	12481020	346	1			260		other	0
10108009	498	Sound	105	12501620	439	1			260		other	0
10108009	499	Sound	101	12520219	365	1			260		other	0
10108009	500	Sound	103	12542819	291	1			260		other	0
10108009	501	Sound	105	12569019	315	1			260		other	0
10108009	502	Sound	107	12596218	338	1			260		other	0
10108009	502	Response	1	12605204	9324	1
10108009	503	Sound	108	12622418	362	1			260		other	0
10108009	503	Response	1	12633124	11069	1
10108009	504	Sound	108	12649617	386	1			260		other	0
10108009	504	Response	1	12657203	7972	1
10108009	505	Response	255	12921759	249440	1
10108009	506	Sound	20	12993812	463	1			260		other	0
10108009	506	Response	1	12998638	5289	1
10108009	507	Sound	14	13011212	357	1			260		other	0
10108009	508	Sound	11	13032011	316	1			260		other	0
10108009	509	Sound	12	13051211	342	1			260		other	0
10108009	510	Sound	13	13068811	269	1			260		other	0
10108009	511	Sound	17	13092010	294	1			260		other	0
10108009	511	Response	1	13096076	4360	1
10108009	512	Sound	14	13113810	420	1			260		other	0
10108009	513	Sound	11	13130410	347	1			260		other	0
10108009	514	Sound	19	13153409	339	1			260		other	0
10108009	514	Response	1	13156955	3885	1
10108009	515	Sound	17	13174809	398	1			260		other	0
10108009	515	Response	1	13179515	5104	1
10108009	516	Sound	17	13192809	392	1			260		other	0
10108009	516	Response	1	13196714	4297	1
10108009	517	Sound	13	13219408	316	1			260		other	0
10108009	518	Sound	21	13246208	439	1			260		other	0
10108009	518	Response	1	13249193	3425	2
10108009	519	Sound	13	13264808	366	1			260		other	0
10108009	520	Sound	15	13292807	356	1			260		other	0
10108009	521	Sound	18	13316407	281	1			260		other	0
10108009	521	Response	1	13321912	5786	1
10108009	522	Sound	16	13338006	373	1			260		other	0
10108009	522	Response	1	13347512	9879	1
10108009	523	Sound	18	13366006	363	1			260		other	0
10108009	523	Response	1	13378951	13309	1
10108009	524	Sound	13	13386006	357	1			260		other	0
10108009	525	Sound	11	13412205	380	1			260		other	0
10108009	526	Sound	20	13437405	405	1			260		other	0
10108009	526	Response	1	13440950	3950	1
10108009	527	Sound	15	13456605	264	1			260		other	0
10108009	528	Sound	18	13474804	458	1			260		other	0
10108009	528	Response	1	13480069	5723	1
10108009	529	Sound	11	13490204	352	1			260		other	0
10108009	530	Sound	17	13517404	376	1			260		other	0
10108009	530	Response	1	13521188	4161	1
10108009	531	Sound	17	13543803	267	1			260		other	0
10108009	531	Response	1	13549348	5812	1
10108009	532	Sound	12	13565803	425	1			260		other	0
10108009	533	Sound	18	13591602	383	1			260		other	0
10108009	533	Response	1	13594947	3728	1
10108009	534	Sound	15	13613402	342	1			260		other	0
10108009	535	Sound	19	13634602	367	1			260		other	0
10108009	535	Response	1	13639346	5112	1
10108009	536	Sound	21	13653202	461	1			260		other	0
10108009	536	Response	1	13659426	6685	1
10108009	537	Sound	12	13671601	354	1			260		other	0
10108009	538	Sound	12	13695801	379	1			260		other	0
10108009	539	Sound	21	13715600	339	1			260		other	0
10108009	539	Response	1	13718865	3603	1
10108009	540	Sound	14	13740200	430	1			260		other	0
10108009	541	Sound	21	13761000	389	1			260		other	0
10108009	541	Response	1	13766224	5613	1
10108009	542	Sound	19	13785199	414	1			260		other	0
10108009	542	Response	1	13794624	9838	1
10108009	543	Sound	20	13802199	408	1			260		other	0
10108009	544	Sound	18	13820399	434	1			260		other	0
10108009	544	Response	1	13828943	8979	1
10108009	545	Sound	16	13837399	428	1			260		other	0
10108009	545	Response	1	13845583	8613	1
10108009	546	Sound	20	13859398	421	1			260		other	0
10108009	546	Response	1	13865422	6445	1
10108009	547	Sound	12	13879998	347	1			260		other	0
10108009	548	Sound	14	13905997	337	1			260		other	0
10108009	549	Sound	16	13926397	397	1			260		other	0
10108009	550	Sound	15	13949797	455	1			260		other	0
10108009	550	Response	1	13956701	7359	1
10108009	551	Sound	11	13971796	447	1			260		other	0
10108009	552	Sound	14	13999996	471	1			260		other	0
10108009	553	Sound	16	14019196	330	1			260		other	0
10108009	554	Sound	15	14042795	422	1			260		other	0
10108009	554	Response	1	14054859	12486	1
10108009	555	Sound	16	14060595	382	1			260		other	0
10108009	556	Sound	20	14088395	339	1			260		other	0
10108009	556	Response	1	14092859	4803	1
10108009	557	Sound	19	14114594	363	1			260		other	0
10108009	557	Response	1	14122778	8547	1
10108009	558	Sound	21	14140394	320	1			260		other	0
10108009	558	Response	1	14145498	5424	1
10108009	559	Sound	19	14164393	312	1			260		other	0
10108009	559	Response	1	14172537	8456	1
10108009	560	Sound	13	14187393	303	1			260		other	0
10108009	561	Response	255	14249256	36411	1
10108009	562	Sound	108	14329791	319	1			260		other	0
10108009	562	Response	1	14333574	4103	1
10108009	563	Sound	109	14348190	380	1			260		other	0
10108009	563	Response	1	14351494	3683	1
10108009	564	Sound	101	14373190	371	1			260		other	0
10108009	565	Sound	110	14401190	361	1			260		other	0
10108009	565	Response	1	14405893	5064	1
10108009	566	Sound	107	14422589	420	1			260		other	0
10108009	566	Response	1	14429493	7323	1
10108009	567	Sound	110	14449789	443	1			260		other	0
10108009	567	Response	1	14454132	4787	1
10108009	568	Sound	111	14469788	436	1			260		other	0
10108009	568	Response	1	14473172	3819	1
10108009	569	Sound	102	14487988	463	1			260		other	0
10108009	570	Sound	105	14511988	288	1			260		other	0
10108009	570	Response	1	14516851	5151	1
10108009	571	Sound	103	14531987	280	1			260		other	0
10108009	572	Sound	111	14559787	404	1			260		other	0
10108009	572	Response	1	14564210	4827	1
10108009	573	Sound	106	14583387	329	1			260		other	0
10108009	573	Response	1	14590450	7392	1
10108009	574	Sound	106	14604386	321	1			260		other	0
10108009	574	Response	1	14608370	4305	1
10108009	575	Sound	108	14627386	313	1			260		other	0
10108009	575	Response	1	14632849	5777	1
10108009	576	Sound	111	14652786	371	1			260		other	0
10108009	576	Response	1	14655969	3554	1
10108009	577	Sound	101	14677385	295	1			260		other	0
10108009	578	Sound	103	14700785	354	1			260		other	0
10108009	579	Sound	110	14728184	410	1			260		other	0
10108009	579	Response	1	14731807	4033	1
10108009	580	Sound	103	14752384	268	1			260		other	0
10108009	581	Sound	105	14780784	325	1			260		other	0
10108009	581	Response	1	14785967	5508	1
10108009	582	Sound	101	14797783	319	1			260		other	0
10108009	583	Sound	105	14814983	346	1			260		other	0
10108009	583	Response	1	14820526	5889	1
10108009	584	Sound	109	14839183	371	1			260		other	0
10108009	584	Response	1	14843406	4594	1
10108009	585	Sound	105	14857182	365	1			260		other	0
10108009	586	Sound	104	14885582	421	1			260		other	0
10108009	586	Response	1	14894525	9364	1
10108009	587	Sound	111	14905782	280	1			260		other	0
10108009	587	Response	1	14908924	3423	1
10108009	588	Sound	107	14924781	440	1			260		other	0
10108009	588	Response	1	14931004	6663	1
10108009	589	Sound	110	14945981	299	1			260		other	0
10108009	589	Response	1	14951084	5402	1
10108009	590	Sound	102	14970981	457	1			260		other	0
10108009	591	Sound	107	14996580	381	1			260		other	0
10108009	591	Response	1	15003323	7124	1
10108009	592	Sound	104	15022980	272	1			260		other	0
10108009	593	Sound	104	15049179	296	1			260		other	0
10108009	594	Sound	108	15073179	287	1			260		other	0
10108009	594	Response	1	15078442	5550	1
10108009	595	Sound	103	15091579	347	1			260		other	0
10108009	596	Sound	102	15114978	406	1			260		other	0
10108009	597	Sound	109	15143378	462	1			260		other	0
10108009	597	Response	1	15147320	4405	1
10108009	598	Sound	104	15161178	423	1			260		other	0
10108009	599	Sound	101	15187577	313	1			260		other	0
10108009	600	Sound	102	15211977	371	1			260		other	0
10108009	601	Sound	109	15229577	465	1			260		other	0
10108009	601	Response	1	15235319	6207	1
10108009	602	Sound	106	15257576	288	1			260		other	0
10108009	602	Response	1	15261798	4510	1
10108009	603	Sound	102	15282576	446	1			260		other	0
10108009	604	Sound	108	15303775	305	1			260		other	0
10108009	604	Response	1	15309637	6167	1
10108009	605	Sound	105	15324575	431	1			260		other	0
10108009	606	Sound	106	15346775	290	1			260		other	0
10108009	606	Response	1	15350917	4432	1
10108009	607	Sound	103	15368974	315	1			260		other	0
10108009	608	Sound	108	15387174	342	1			260		other	0
10108009	608	Response	1	15390836	4004	1
10108009	609	Sound	107	15407974	468	1			260		other	0
10108009	609	Response	1	15412276	4770	1
10108009	610	Sound	104	15434973	458	1			260		other	0
10108009	611	Sound	109	15460773	416	1			260		other	0
10108009	611	Response	1	15464275	3917	1
10108009	612	Sound	110	15487772	406	1			260		other	0
10108009	612	Response	1	15492434	5068	1
10108009	613	Sound	111	15508172	299	1			260		other	0
10108009	613	Response	1	15512354	4480	1
10108009	614	Sound	101	15527172	459	1			260		other	0
10108009	615	Sound	107	15553371	316	1			260		other	0
10108009	615	Response	1	15558593	5538	1
10108009	616	Sound	106	15580971	406	1			260		other	0
10108009	616	Response	1	15585472	4908	1
10108009	617	Response	255	15733150	130331	1
10108009	618	Sound	111	15809567	424	1			260		other	0
10108009	618	Response	1	15812669	3526	1
10108009	619	Sound	104	15833767	449	1			260		other	0
10108009	620	Sound	108	15853167	342	1			260		other	0
10108009	620	Response	1	15856828	4003	1
10108009	621	Sound	107	15881966	299	1			260		other	0
10108009	621	Response	1	15885467	3800	1
10108009	622	Sound	103	15900966	459	1			260		other	0
10108009	623	Sound	104	15920766	418	1			260		other	0
10108009	624	Sound	101	15945165	309	1			260		other	0
10108009	625	Sound	102	15961365	337	1			260		other	0
10108009	626	Sound	106	15977765	398	1			260		other	0
10108009	626	Response	1	15983066	5699	1
10108009	627	Sound	105	15999164	290	1			260		other	0
10108009	628	Sound	105	16023964	415	1			260		other	0
10108009	629	Sound	104	16049364	472	1			260		other	0
10108009	630	Sound	109	16069163	432	1			260		other	0
10108009	630	Response	1	16072904	4173	1
10108009	631	Sound	106	16094363	289	1			260		other	0
10108009	632	Sound	105	16121762	346	1			260		other	0
10108009	633	Sound	108	16142162	406	1			260		other	0
10108009	633	Response	1	16147143	5387	1
10108009	634	Sound	103	16160762	332	1			260		other	0
10108009	635	Sound	101	16177761	326	1			260		other	0
10108009	636	Sound	109	16197561	453	1			260		other	0
10108009	636	Response	1	16201942	4833	1
10108009	637	Sound	106	16222561	444	1			260		other	0
10108009	637	Response	1	16228581	6464	1
10108009	638	Sound	106	16246960	335	1			260		other	0
10108009	639	Sound	107	16266960	328	1			260		other	0
10108009	639	Response	1	16270341	3708	1
10108009	640	Sound	102	16292360	385	1			260		other	0
10108009	641	Sound	110	16312559	412	1			260		other	0
10108009	641	Response	1	16316420	4272	1
10108009	642	Sound	110	16329559	406	1			260		other	0
10108009	642	Response	1	16334339	5186	1
10108009	643	Sound	101	16350359	365	1			260		other	0
10108009	644	Sound	102	16374958	289	1			260		other	0
10108009	645	Sound	110	16400958	447	1			260		other	0
10108009	645	Response	1	16405538	5027	1
10108009	646	Sound	107	16418558	374	1			260		other	0
10108009	646	Response	1	16426338	8154	1
10108009	647	Sound	109	16434358	335	1			260		other	0
10108009	647	Response	1	16439858	5835	1
10108009	648	Sound	107	16460957	425	1			260		other	0
10108009	648	Response	1	16465217	4685	1
10108009	649	Sound	106	16483957	417	1			260		other	0
10108009	649	Response	1	16488577	5037	1
10108009	650	Sound	109	16501556	344	1			260		other	0
10108009	650	Response	1	16506497	5284	1
10108009	651	Sound	102	16525756	369	1			260		other	0
10108009	652	Sound	103	16543756	362	1			260		other	0
10108009	653	Sound	110	16560355	290	1			260		other	0
10108009	653	Response	1	16565055	4990	1
10108009	654	Sound	103	16586555	314	1			260		other	0
10108009	655	Sound	101	16612155	405	1			260		other	0
10108009	656	Sound	110	16634354	430	1			260		other	0
10108009	656	Response	1	16637534	3610	1
10108009	657	Sound	111	16652154	390	1			260		other	0
10108009	657	Response	1	16659614	7850	1
10108009	658	Sound	104	16670554	284	1			260		other	0
10108009	659	Sound	111	16689553	444	1			260		other	0
10108009	659	Response	1	16692573	3464	1
10108009	660	Sound	104	16713953	335	1			260		other	0
10108009	661	Sound	108	16740753	292	1			260		other	0
10108009	661	Response	1	16745292	4832	1
10108009	662	Sound	109	16764152	350	1			260		other	0
10108009	662	Response	1	16768652	4850	1
10108009	663	Sound	105	16786552	411	1			260		other	0
10108009	663	Response	1	16790012	3871	1
10108009	664	Sound	108	16809351	368	1			260		other	0
10108009	664	Response	1	16813851	4867	1
10108009	665	Sound	101	16837151	324	1			260		other	0
10108009	666	Sound	107	16861151	316	1			260		other	0
10108009	666	Response	1	16865610	4775	1
10108009	667	Sound	105	16884550	374	1			260		other	0
10108009	668	Sound	108	16904150	300	1			260		other	0
10108009	668	Response	1	16908889	5040	1
10108009	669	Sound	103	16926750	392	1			260		other	0
10108009	670	Sound	102	16946549	352	1			260		other	0
10108009	671	Sound	111	16969549	344	1			260		other	0
10108009	671	Response	1	16974648	5443	1
10108009	672	Sound	111	16988149	270	1			260		other	0
10108009	672	Response	1	16992568	4690	1
10108009	673	Response	255	17060007	53542	1
10108009	674	Sound	102	17132946	352	1			260		other	0
10108009	675	Sound	108	17153946	344	1			260		other	0
10108009	675	Response	1	17158805	5203	1
10108009	676	Sound	103	17179146	369	1			260		other	0
10108009	677	Sound	102	17195945	329	1			260		other	0
10108009	678	Sound	104	17219545	421	1			260		other	0
10108009	679	Sound	106	17239345	381	1			260		other	0
10108009	679	Response	1	17245684	6720	1
10108009	680	Sound	109	17267344	371	1			260		other	0
10108009	680	Response	1	17271683	4710	1
10108009	681	Sound	107	17289344	363	1			260		other	0
10108009	681	Response	1	17293763	4782	1
10108009	682	Sound	102	17307944	290	1			260		other	0
10108009	683	Sound	110	17328943	282	1			260		other	0
10108009	683	Response	1	17333762	5101	1
10108009	684	Sound	105	17345543	376	1			260		other	0
10108009	685	Sound	105	17374143	299	1			260		other	0
10108009	685	Response	1	17382481	8638	1
10108009	686	Sound	103	17399942	423	1			260		other	0
10108009	687	Sound	111	17418142	284	1			260		other	0
10108009	687	Response	1	17422001	4142	1
10108009	688	Sound	106	17436542	344	1			260		other	0
10108009	689	Sound	101	17461941	401	1			260		other	0
10108009	690	Sound	104	17487541	326	1			260		other	0
10108009	691	Sound	110	17511340	284	1			260		other	0
10108009	691	Response	1	17514639	3582	1
10108009	692	Sound	109	17530340	277	1			260		other	0
10108009	692	Response	1	17534719	4655	1
10108009	693	Sound	107	17553340	435	1			260		other	0
10108009	693	Response	1	17558078	5174	1
10108009	694	Sound	101	17571340	429	1			260		other	0
10108009	695	Sound	105	17599539	452	1			260		other	0
10108009	696	Sound	110	17624139	377	1			260		other	0
10108009	696	Response	1	17629997	6235	1
10108009	697	Sound	105	17647738	302	1			260		other	0
10108009	697	Response	1	17653597	6160	1
10108009	698	Sound	111	17670138	360	1			260		other	0
10108009	698	Response	1	17673676	3899	1
10108009	699	Sound	108	17693138	352	1			260		other	0
10108009	699	Response	1	17698156	5370	1
10108009	700	Sound	110	17718537	409	1			260		other	0
10108009	700	Response	1	17721915	3788	1
10108009	701	Sound	109	17739937	302	1			260		other	0
10108009	701	Response	1	17743115	3480	1
10108009	702	Sound	105	17755937	463	1			260		other	0
10108009	703	Sound	108	17771936	457	1			260		other	0
10108009	703	Response	1	17775275	3795	1
10108009	704	Sound	109	17795336	349	1			260		other	0
10108009	704	Response	1	17797994	3007	1
10108009	705	Sound	102	17811736	410	1			260		other	0
10108009	706	Sound	110	17829335	337	1			260		other	0
10108009	706	Response	1	17832713	3715	1
10108009	707	Sound	104	17850935	429	1			260		other	0
10108009	708	Sound	106	17878135	286	1			260		other	0
10108009	709	Sound	103	17899734	378	1			260		other	0
10108009	710	Sound	108	17917734	372	1			260		other	0
10108009	710	Response	1	17922232	4870	1
10108009	711	Sound	111	17940334	297	1			260		other	0
10108009	711	Response	1	17944071	4035	1
10108009	712	Sound	102	17969333	453	1			260		other	0
10108009	713	Sound	101	17992333	279	1			260		other	0
10108009	714	Sound	103	18017332	270	1			260		other	0
10108009	715	Sound	107	18045532	293	1			260		other	0
10108009	715	Response	1	18050310	5070	1
10108009	716	Sound	108	18068132	385	1			260		other	0
10108009	717	Sound	107	18093531	442	1			260		other	0
10108009	717	Response	1	18097029	3940	1
10108009	718	Sound	101	18121531	266	1			260		other	0
10108009	719	Sound	109	18138730	460	1			260		other	0
10108009	719	Response	1	18143108	4837	1
10108009	720	Sound	106	18164130	350	1			260		other	0
10108009	721	Sound	107	18187530	409	1			260		other	0
10108009	721	Response	1	18192067	4946	1
10108009	722	Sound	104	18207929	468	1			260		other	0
10108009	723	Sound	111	18228729	427	1			260		other	0
10108009	723	Response	1	18232227	3925	3
10108009	724	Sound	103	18249329	353	1			260		other	0
10108009	725	Sound	104	18268929	446	1			260		other	0
10108009	726	Sound	101	18285528	374	1			260		other	0
10108009	727	Sound	106	18307728	399	1			260		other	0
10108009	727	Response	1	18314385	7057	1
10108009	728	Sound	111	18336327	322	1			260		other	0
10108009	728	Response	1	18342144	6139	1
10108009	729	Response	255	18384064	31807	1
10108009	730	Sound	17	18460725	345	1			260		other	0
10108009	731	Sound	14	18488125	401	1			260		other	0
10108009	732	Sound	18	18508125	394	1			260		other	0
10108009	732	Response	1	18513181	5451	1
10108009	733	Sound	18	18535924	351	1			260		other	0
10108009	733	Response	1	18542621	7048	1
10108009	734	Sound	16	18553524	278	1			260		other	0
10108009	734	Response	1	18560381	7135	1
10108009	735	Sound	12	18568924	339	1			260		other	0
10108009	736	Sound	18	18590723	298	1			260		other	0
10108009	736	Response	1	18594220	3795	1
10108009	737	Sound	12	18608123	359	1			260		other	0
10108009	738	Sound	19	18631723	450	1			260		other	0
10108009	738	Response	1	18636779	5507	1
10108009	739	Sound	13	18653322	376	1			260		other	0
10108009	740	Sound	11	18674122	335	1			260		other	0
10108009	741	Sound	12	18699922	292	1			260		other	0
10108009	742	Sound	11	18725721	417	1			260		other	0
10108009	743	Sound	20	18753321	340	1			260		other	0
10108009	743	Response	1	18756937	3957	1
10108009	744	Sound	19	18775720	399	1			260		other	0
10108009	744	Response	1	18779897	4575	1
10108009	745	Sound	20	18797120	291	1			260		other	0
10108009	745	Response	1	18802217	5388	1
10108009	746	Sound	14	18819720	383	1			260		other	0
10108009	747	Sound	21	18839319	309	1			260		other	0
10108009	747	Response	1	18841976	2966	1
10108009	748	Sound	13	18862519	335	1			260		other	0
10108009	749	Sound	15	18877919	396	1			260		other	0
10108009	750	Sound	21	18900919	387	1			260		other	0
10108009	750	Response	1	18903735	3204	1
10108009	751	Sound	14	18921918	380	1			260		other	0
10108009	752	Sound	20	18938118	408	1			260		other	0
10108009	752	Response	1	18943094	5384	1
10108009	753	Sound	15	18961917	366	1			260		other	0
10108009	754	Sound	14	18989717	322	1			260		other	0
10108009	755	Sound	11	19015317	413	1			260		other	0
10108009	756	Sound	16	19032716	474	1			260		other	0
10108009	757	Sound	15	19055716	466	1			260		other	0
10108009	758	Sound	17	19081316	390	1			260		other	0
10108009	758	Response	1	19085972	5046	1
10108009	759	Sound	11	19096715	284	1			260		other	0
10108009	760	Sound	19	19122115	342	1			260		other	0
10108009	760	Response	1	19127011	5238	1
10108009	761	Sound	21	19145915	467	1			260		other	0
10108009	761	Response	1	19149491	4043	1
10108009	762	Sound	21	19170914	458	1			260		other	0
10108009	762	Response	1	19174850	4393	1
10108009	763	Sound	14	19187114	318	1			260		other	0
10108009	764	Sound	17	19205514	379	1			260		other	0
10108009	765	Sound	16	19221913	273	1			260		other	0
10108009	766	Sound	20	19246913	264	1			260		other	0
10108009	766	Response	1	19253969	7320	1
10108009	767	Sound	12	19264113	458	1			260		other	0
10108009	768	Sound	11	19290712	382	1			260		other	0
10108009	769	Sound	13	19313912	407	1			260		other	0
10108009	770	Sound	17	19329712	368	1			260		other	0
10108009	770	Response	1	19334287	4943	1
10108009	771	Sound	12	19345312	295	1			260		other	0
10108009	772	Sound	16	19367711	354	1			260		other	0
10108009	773	Sound	15	19385511	314	1			260		other	0
10108009	774	Sound	19	19413710	338	1			260		other	0
10108009	774	Response	1	19417806	4433	1
10108009	775	Sound	19	19441510	294	1			260		other	0
10108009	775	Response	1	19448365	7150	1
10108009	776	Sound	16	19466509	285	1			260		other	0
10108009	777	Sound	17	19491909	343	1			260		other	0
10108009	777	Response	1	19499724	8158	1
10108009	778	Sound	13	19508509	437	1			260		other	0
10108009	779	Sound	15	19534308	395	1			260		other	0
10108009	780	Sound	18	19549708	289	1			260		other	0
10108009	780	Response	1	19554924	5504	1
10108009	781	Sound	21	19573708	281	1			260		other	0
10108009	781	Response	1	19579643	6216	1
10108009	782	Sound	18	19601107	337	1			260		other	0
10108009	783	Sound	20	19628307	361	1			260		other	0
10108009	783	Response	1	19643242	15296	1
10108009	784	Sound	13	19644307	355	1			260		other	0
10108009	785	Response	255	20015876	345168	1
10108009	786	Sound	20	20088300	364	1			260		other	0
10108009	786	Response	1	20093874	5938	1
10108009	787	Sound	20	20113899	288	1			260		other	0
10108009	787	Response	1	20117234	3622	1
10108009	788	Sound	18	20141499	378	1			260		other	0
10108009	788	Response	1	20145633	4512	1
10108009	789	Sound	20	20162899	270	1			260		other	0
10108009	789	Response	1	20166433	3805	1
10108009	790	Sound	12	20180698	397	1			260		other	0
10108009	791	Sound	19	20206298	321	1			260		other	0
10108009	791	Response	1	20210512	4535	1
10108009	792	Sound	12	20226897	414	1			260		other	0
10108009	793	Sound	20	20247897	407	1			260		other	0
10108009	793	Response	1	20251391	3901	1
10108009	794	Sound	19	20271897	398	1			260		other	0
10108009	795	Sound	19	20290497	325	1			260		other	0
10108009	795	Response	1	20294430	4258	3
10108009	796	Sound	21	20318696	348	1			260		other	0
10108009	796	Response	1	20321310	2962	1
10108009	797	Sound	16	20341696	340	1			260		other	0
10108009	798	Sound	12	20368495	297	1			260		other	0
10108009	799	Sound	14	20389295	423	1			260		other	0
10108009	800	Sound	12	20406695	317	1			260		other	0
10108009	801	Sound	20	20431894	341	1			260		other	0
10108009	801	Response	1	20437308	5755	1
10108009	802	Sound	16	20451094	367	1			260		other	0
10108009	802	Response	1	20464588	13861	1
10108009	803	Sound	17	20466294	395	1			260		other	0
10108009	804	Sound	16	20485893	322	1			260		other	0
10108009	805	Sound	15	20511693	446	1			260		other	0
10108009	805	Response	1	20520746	9499	1
10108009	806	Sound	21	20529693	439	1			260		other	0
10108009	806	Response	1	20534906	5653	1
10108009	807	Sound	13	20552292	365	1			260		other	0
10108009	808	Sound	11	20572092	324	1			260		other	0
10108009	809	Sound	12	20590892	451	1			260		other	0
10108009	810	Sound	17	20613891	443	1			260		other	0
10108009	810	Response	1	20617945	4496	1
10108009	811	Sound	18	20632091	303	1			260		other	0
10108009	811	Response	1	20636745	4956	1
10108009	812	Sound	11	20653091	295	1			260		other	0
10108009	813	Sound	18	20675490	354	1			260		other	0
10108009	813	Response	1	20679784	4647	1
10108009	814	Sound	11	20692090	448	1			260		other	0
10108009	815	Sound	14	20712890	407	1			260		other	0
10108009	816	Sound	13	20741089	431	1			260		other	0
10108009	817	Sound	18	20767089	421	1			260		other	0
10108009	817	Response	1	20771302	4635	1
10108009	818	Sound	16	20791489	313	1			260		other	0
10108009	819	Sound	21	20810888	372	1			260		other	0
10108009	819	Response	1	20814742	4226	1
10108009	820	Sound	15	20828688	332	1			260		other	0
10108009	821	Sound	15	20850688	325	1			260		other	0
10108009	822	Sound	17	20866887	352	1			260		other	0
10108009	822	Response	1	20872661	6125	1
10108009	823	Sound	17	20885487	279	1			260		other	0
10108009	823	Response	1	20890820	5612	1
10108009	824	Sound	11	20906687	305	1			260		other	0
10108009	825	Sound	21	20933886	328	1			260		other	0
10108009	825	Response	1	20937939	4381	1
10108009	826	Sound	11	20953086	355	1			260		other	0
10108009	827	Sound	13	20973686	447	1			260		other	0
10108009	828	Sound	16	20992685	441	1			260		other	0
10108009	829	Sound	17	21015685	266	1			260		other	0
10108009	830	Sound	19	21038485	391	1			260		other	0
10108009	830	Response	1	21052017	13924	1
10108009	831	Sound	14	21065084	315	1			260		other	0
10108009	832	Sound	21	21080284	343	1			260		other	0
10108009	832	Response	1	21084577	4636	1
10108009	833	Sound	14	21108084	300	1			260		other	0
10108009	834	Sound	18	21125883	427	1			260		other	0
10108009	835	Sound	13	21154083	450	1			260		other	0
10108009	836	Sound	15	21170283	311	1			260		other	0
10108009	837	Sound	13	21187882	404	1			260		other	0
10108009	838	Sound	14	21207082	431	1			260		other	0
10108009	839	Sound	19	21226082	424	1			260		other	0
10108009	839	Response	1	21231374	5717	1
10108009	840	Sound	15	21246681	350	1			260		other	0
10108009	841	Response	255	22206077	939993	1
10108009	842	Sound	21	22281665	314	1			260		other	0
10108009	842	Response	1	22285595	4244	2
10108009	843	Sound	12	22302465	273	1			260		other	0
10108009	844	Sound	18	22328464	431	1			260		other	0
10108009	844	Response	1	22332955	4921	1
10108009	845	Sound	20	22352864	322	1			260		other	0
10108009	845	Response	1	22357435	4893	1
10108009	846	Sound	12	22369864	316	1			260		other	0
10108009	847	Sound	16	22392663	441	1			260		other	0
10108009	847	Response	1	22398954	6732	1
10108009	848	Sound	13	22414663	266	1			260		other	0
10108009	849	Sound	21	22434663	426	1			260		other	0
10108009	849	Response	1	22438073	3837	1
10108009	850	Sound	18	22455862	452	1			260		other	0
10108009	851	Sound	17	22483662	408	1			260		other	0
10108009	851	Response	1	22491592	8339	1
10108009	852	Sound	16	22511861	265	1			260		other	0
10108009	853	Sound	16	22529461	359	1			260		other	0
10108009	854	Sound	19	22546661	386	1			260		other	0
10108009	854	Response	1	22550311	4036	1
10108009	855	Sound	11	22563060	280	1			260		other	0
10108009	856	Sound	14	22585060	439	1			260		other	0
10108009	857	Sound	15	22611260	463	1			260		other	0
10108009	858	Sound	13	22627060	424	1			260		other	0
10108009	859	Sound	13	22653259	448	1			260		other	0
10108009	860	Sound	14	22680859	372	1			260		other	0
10108009	861	Sound	18	22700458	465	1			260		other	0
10108009	861	Response	1	22704388	4395	1
10108009	862	Sound	15	22718658	325	1			260		other	0
10108009	863	Sound	19	22735658	319	1			260		other	0
10108009	863	Response	1	22741908	6569	1
10108009	864	Sound	14	22755057	378	1			260		other	0
10108009	865	Sound	11	22775057	371	1			260		other	0
10108009	866	Sound	18	22792257	398	1			260		other	0
10108009	866	Response	1	22796067	4208	1
10108009	867	Sound	12	22818857	322	1			260		other	0
10108009	868	Sound	15	22838456	415	1			260		other	0
10108009	869	Sound	12	22865856	305	1			260		other	0
10108009	870	Sound	17	22883455	399	1			260		other	0
10108009	870	Response	1	22887425	4369	1
10108009	871	Sound	17	22905255	358	1			260		other	0
10108009	871	Response	1	22910545	5648	1
10108009	872	Sound	20	22932855	281	1			260		other	0
10108009	872	Response	1	22945984	13411	1
10108009	873	Sound	16	22952054	308	1			260		other	0
10108009	874	Sound	19	22979854	265	1			260		other	0
10108009	874	Response	1	22983984	4395	1
10108009	875	Sound	14	22996254	326	1			260		other	0
10108009	876	Sound	13	23015053	285	1			260		other	0
10108009	877	Sound	12	23039853	410	1			260		other	0
10108009	878	Sound	20	23060453	336	1			260		other	0
10108009	878	Response	1	23064782	4666	1
10108009	879	Sound	19	23087652	360	1			260		other	0
10108009	879	Response	1	23095342	8049	1
10108009	880	Sound	18	23111252	451	1			260		other	0
10108009	880	Response	1	23116781	5981	1
10108009	881	Sound	17	23136251	276	1			260		other	0
10108009	882	Sound	21	23153051	403	1			260		other	0
10108009	882	Response	1	23156781	4133	1
10108009	883	Sound	11	23181051	393	1			260		other	0
10108009	884	Sound	14	23201450	286	1			260		other	0
10108009	885	Sound	20	23219650	312	1			260		other	0
10108009	885	Response	1	23223419	4082	1
10108009	886	Sound	17	23243650	304	1			260		other	0
10108009	886	Response	1	23249179	5833	1
10108009	887	Sound	19	23269049	362	1			260		other	0
10108009	887	Response	1	23275818	7131	1
10108009	888	Sound	11	23284249	389	1			260		other	0
10108009	889	Sound	21	23307849	314	1			260		other	0
10108009	889	Response	1	23312538	5004	1
10108009	890	Sound	21	23324648	275	1			260		other	0
10108009	890	Response	1	23331498	7124	1
10108009	891	Sound	20	23344648	435	1			260		other	0
10108009	891	Response	1	23354217	10004	1
10108009	892	Sound	15	23362848	295	1			260		other	0
10108009	893	Sound	13	23384648	420	1			260		other	0
10108009	893	Response	1	23393097	8869	1
10108009	894	Sound	11	23405447	379	1			260		other	0
10108009	895	Sound	15	23425247	339	1			260		other	0
10108009	896	Sound	16	23444047	299	1			260		other	0
10108009	896	Response	1	23452296	8548	1
10108009	897	Response	255	23650692	189192	1
10108009	898	Sound	11	23716042	369	1			260		other	0
10108009	899	Sound	16	23732042	363	1			260		other	0
10108009	900	Sound	13	23757242	387	1			260		other	0
10108009	901	Sound	16	23777841	313	1			260		other	0
10108009	902	Sound	18	23799841	305	1			260		other	0
10108009	902	Response	1	23805569	6034	1
10108009	903	Sound	19	23816841	466	1			260		other	0
10108009	903	Response	1	23822609	6234	1
10108009	904	Sound	14	23834240	360	1			260		other	0
10108009	905	Sound	11	23855840	452	1			260		other	0
10108009	906	Sound	21	23882040	309	1			260		other	0
10108009	906	Response	1	23885728	3997	1
10108009	907	Sound	15	23899239	337	1			260		other	0
10108009	908	Sound	18	23921239	329	1			260		other	0
10108009	909	Sound	12	23944039	287	1			260		other	0
10108009	910	Sound	20	23970438	344	1			260		other	0
10108009	910	Response	1	23974846	4753	1
10108009	911	Sound	20	23993838	403	1			260		other	0
10108009	912	Sound	14	24010238	464	1			260		other	0
10108009	912	Response	1	24010286	512	1
10108009	913	Sound	19	24030637	356	1			260		other	0
10108009	913	Response	1	24036046	5765	1
10108009	914	Sound	19	24047037	417	1			260		other	0
10108009	914	Response	1	24051965	5345	1
10108009	915	Sound	15	24074237	274	1			260		other	0
10108009	915	Response	1	24080125	6162	1
10108009	916	Sound	16	24091836	368	1			260		other	0
10108009	917	Sound	18	24114436	460	1			260		other	0
10108009	917	Response	1	24117324	3348	1
10108009	918	Sound	19	24135236	419	1			260		other	0
10108009	918	Response	1	24139164	4347	1
10108009	919	Sound	17	24159235	410	1			260		other	0
10108009	919	Response	1	24162523	3698	1
10108009	920	Sound	12	24178235	404	1			260		other	0
10108009	921	Sound	11	24202434	428	1			260		other	0
10108009	922	Sound	20	24230034	352	1			260		other	0
10108009	922	Response	1	24233322	3640	1
10108009	923	Sound	20	24252034	344	1			260		other	0
10108009	923	Response	1	24257961	6272	1
10108009	924	Sound	11	24277433	402	1			260		other	0
10108009	925	Sound	21	24292833	296	1			260		other	0
10108009	925	Response	1	24296201	3664	1
10108009	926	Sound	17	24310033	323	1			260		other	0
10108009	927	Sound	15	24336032	314	1			260		other	0
10108009	928	Sound	12	24361632	405	1			260		other	0
10108009	929	Sound	16	24384432	363	1			260		other	0
10108009	930	Sound	18	24405031	456	1			260		other	0
10108009	930	Response	1	24411559	6983	1
10108009	931	Sound	14	24420431	351	1			260		other	0
10108009	932	Sound	14	24448631	374	1			260		other	0
10108009	933	Sound	17	24474830	398	1			260		other	0
10108009	934	Sound	16	24490630	359	1			260		other	0
10108009	935	Sound	13	24517630	349	1			260		other	0
10108009	936	Sound	12	24544029	407	1			260		other	0
10108009	937	Sound	21	24571229	430	1			260		other	0
10108009	937	Response	1	24574036	3238	1
10108009	938	Sound	21	24593228	422	1			260		other	0
10108009	938	Response	1	24599395	6589	1
10108009	939	Sound	21	24617228	414	1			260		other	0
10108009	940	Sound	17	24638828	339	1			260		other	0
10108009	941	Sound	13	24654827	333	1			260		other	0
10108009	942	Sound	20	24671627	294	1			260		other	0
10108009	942	Response	1	24675874	4541	1
10108009	943	Sound	15	24696627	452	1			260		other	0
10108009	944	Sound	13	24713626	446	1			260		other	0
10108009	945	Sound	14	24729426	407	1			260		other	0
10108009	946	Sound	18	24748626	267	1			260		other	0
10108009	946	Response	1	24758913	10554	1
10108009	947	Sound	19	24770226	359	1			260		other	0
10108009	947	Response	1	24774192	4326	1
10108009	948	Sound	11	24797025	316	1			260		other	0
10108009	949	Sound	13	24823025	473	1			260		other	0
10108009	950	Sound	12	24843624	399	1			260		other	0
10108009	951	Sound	15	24871424	356	1			260		other	0
10108009	952	Sound	17	24893024	448	1			260		other	0
10108009	952	Response	1	24896910	4335	1
10108009	953	Response	255	24940590	28761	1
10108009	954	Sound	16	25019622	337	1			260		other	0
10108009	955	Sound	14	25041421	295	1			260		other	0
10108009	955	Response	1	25046588	5462	1
10108009	956	Sound	15	25062421	288	1			260		other	0
10108009	957	Sound	19	25087821	346	1			260		other	0
10108009	957	Response	1	25091147	3672	1
10108009	958	Sound	21	25110020	371	1			260		other	0
10108009	958	Response	1	25113387	3737	1
10108009	959	Sound	17	25134220	396	1			260		other	0
10108009	960	Sound	17	25159619	453	1			260		other	0
10108009	960	Response	1	25165226	6060	1
10108009	961	Sound	12	25175019	348	1			260		other	0
10108009	962	Sound	14	25197219	373	1			260		other	0
10108009	963	Sound	13	25220618	432	1			260		other	0
10108009	964	Sound	18	25240018	325	1			260		other	0
10108009	964	Response	1	25245384	5691	1
10108009	965	Sound	20	25259618	418	1			260		other	0
10108009	965	Response	1	25265704	6504	1
10108009	966	Sound	15	25285017	308	1			260		other	0
10108009	967	Sound	11	25305017	468	1			260		other	0
10108009	968	Sound	18	25327617	393	1			260		other	0
10108009	968	Response	1	25331623	4400	1
10108009	969	Sound	13	25352816	418	1			260		other	0
10108009	970	Sound	21	25375416	343	1			260		other	0
10108009	970	Response	1	25381702	6629	1
10108009	971	Sound	13	25393616	370	1			260		other	0
10108009	972	Sound	20	25421615	360	1			260		other	0
10108009	972	Response	1	25426261	5006	1
10108009	973	Sound	21	25439815	387	1			260		other	0
10108009	973	Response	1	25445061	5633	1
10108009	974	Sound	12	25460415	312	1			260		other	0
10108009	975	Sound	11	25481014	405	1			260		other	0
10108009	976	Sound	21	25502814	364	1			260		other	0
10108009	976	Response	1	25508580	6130	1
10108009	977	Sound	19	25528814	355	1			260		other	0
10108009	978	Sound	12	25549813	347	1			260		other	0
10108009	979	Sound	11	25568813	341	1			260		other	0
10108009	980	Sound	17	25593013	365	1			260		other	0
10108009	980	Response	1	25596818	4171	1
10108009	981	Sound	12	25608812	326	1			260		other	0
10108009	982	Sound	19	25625012	354	1			260		other	0
10108009	982	Response	1	25628498	3839	1
10108009	983	Sound	12	25642212	381	1			260		other	0
10108009	984	Sound	16	25663411	407	1			260		other	0
10108009	984	Response	1	25670257	7252	1
10108009	985	Sound	18	25688211	365	1			260		other	0
10108009	985	Response	1	25693617	5770	1
10108009	986	Sound	18	25710411	390	1			260		other	0
10108009	986	Response	1	25716976	6955	1
10108009	987	Sound	11	25734010	315	1			260		other	0
10108009	988	Sound	14	25756410	374	1			260		other	0
10108009	989	Sound	20	25775810	433	1			260		other	0
10108009	989	Response	1	25779295	3919	1
10108009	990	Sound	13	25801209	324	1			260		other	0
10108009	991	Sound	14	25817409	352	1			260		other	0
10108009	992	Sound	16	25841409	343	1			260		other	0
10108009	992	Response	1	25846094	5028	1
10108009	993	Sound	11	25867608	367	1			260		other	0
10108009	994	Sound	17	25895608	357	1			260		other	0
10108009	994	Response	1	25900093	4842	1
10108009	995	Sound	14	25922607	348	1			260		other	0
10108009	996	Sound	17	25947807	372	1			260		other	0
10108009	996	Response	1	25953372	5937	1
10108009	997	Sound	20	25975406	462	1			260		other	0
10108009	997	Response	1	25980252	5307	1
10108009	998	Sound	16	26000806	353	1			260		other	0
10108009	999	Sound	15	26025006	378	1			260		other	0
10108009	1000	Sound	13	26052605	301	1			260		other	0
10108009	1001	Sound	16	26077005	359	1			260		other	0
10108009	1001	Response	1	26081610	4964	1
10108009	1002	Sound	20	26104604	449	1			260		other	0
10108009	1002	Response	1	26108249	4094	1
10108009	1003	Sound	19	26129004	341	1			260		other	0
10108009	1003	Response	1	26134009	5345	1
10108009	1004	Sound	15	26150804	299	1			260		other	0
10108009	1005	Sound	19	26168403	393	1			260		other	0
10108009	1005	Response	1	26172248	4238	1
10108009	1006	Sound	18	26191203	352	1			260		other	0
10108009	1006	Response	1	26195848	4996	1
10108009	1007	Sound	21	26211203	345	1			260		other	0
10108009	1007	Response	1	26214407	3549	1
10108009	1008	Sound	15	26232202	337	1			260		other	0

The following output port codes were not sent because of a conflict on the port.
Port	Code	Time(ms)
1	1	2.40103e+06
