Scenario - 
Logfile written - 03/06/2019 17:59:24

Subject	Trial	Event Type	Code	Time	TTime	Uncertainty	Duration	Uncertainty	ReqTime	ReqDur	Stim Type	Pair Index

10108025	1	Response	255	1054441	1054108	1
10108025	2	Sound	11	1121975	364	1			260		other	0
10108025	3	Sound	14	1141974	357	1			260		other	0
10108025	4	Sound	15	1169573	447	1			260		other	0
10108025	5	Sound	21	1185173	375	1			260		other	0
10108025	5	Response	1	1189236	4438	1
10108025	6	Sound	16	1209772	466	1			260		other	0
10108025	7	Sound	12	1233571	424	1			260		other	0
10108025	8	Sound	16	1256770	282	1			260		other	0
10108025	8	Response	1	1268113	11626	1
10108025	9	Sound	20	1283369	373	1			260		other	0
10108025	9	Response	1	1287312	4316	1
10108025	10	Sound	13	1302168	333	1			260		other	0
10108025	11	Sound	18	1318968	294	1			260		other	0
10108025	11	Response	1	1323151	4477	1
10108025	12	Sound	18	1335567	388	1			260		other	0
10108025	12	Response	1	1341070	5891	1
10108025	13	Sound	19	1355766	414	1			260		other	0
10108025	13	Response	1	1359390	4037	1
10108025	14	Sound	14	1379965	439	1			260		other	0
10108025	15	Sound	21	1403564	363	1			260		other	0
10108025	15	Response	1	1406588	3387	1
10108025	16	Sound	12	1421164	290	1			260		other	0
10108025	17	Sound	18	1446563	348	1			260		other	0
10108025	17	Response	1	1450506	4291	1
10108025	18	Sound	14	1469962	407	1			260		other	0
10108025	19	Sound	20	1486761	367	1			260		other	0
10108025	19	Response	1	1489785	3390	1
10108025	20	Sound	13	1505961	394	1			260		other	0
10108025	21	Sound	21	1533360	450	1			260		other	0
10108025	21	Response	1	1536743	3834	1
10108025	22	Sound	15	1558559	308	1			260		other	0
10108025	23	Sound	11	1574558	303	1			260		other	0
10108025	24	Sound	20	1591558	296	1			260		other	0
10108025	24	Response	1	1595541	4280	1
10108025	25	Sound	11	1618557	453	1			260		other	0
10108025	26	Sound	21	1646155	377	1			260		other	0
10108025	26	Response	1	1649059	3280	1
10108025	27	Sound	15	1664155	371	1			260		other	0
10108025	28	Sound	13	1686154	363	1			260		other	0
10108025	29	Sound	13	1701754	291	1			260		other	0
10108025	30	Sound	20	1724753	449	1			260		other	0
10108025	30	Response	1	1728976	4672	1
10108025	31	Sound	17	1747352	374	1			260		other	0
10108025	31	Response	1	1751535	4557	1
10108025	32	Sound	16	1765351	368	1			260		other	0
10108025	32	Response	1	1768974	3991	1
10108025	33	Sound	14	1780551	396	1			260		other	0
10108025	34	Sound	12	1806350	353	1			260		other	0
10108025	35	Sound	11	1827949	446	1			260		other	0
10108025	36	Sound	21	1855548	369	1			260		other	0
10108025	36	Response	1	1860731	5552	1
10108025	37	Sound	17	1871147	297	1			260		other	0
10108025	37	Response	1	1876650	5800	1
10108025	38	Sound	19	1887347	325	1			260		other	0
10108025	38	Response	1	1890889	3868	2
10108025	39	Sound	12	1905546	351	1			260		other	0
10108025	40	Sound	19	1921745	379	1			260		other	0
10108025	40	Response	1	1925368	4002	1
10108025	41	Sound	16	1939945	406	1			260		other	0
10108025	41	Response	1	1943928	4388	1
10108025	42	Sound	17	1967744	362	1			260		other	0
10108025	42	Response	1	1970647	3265	1
10108025	43	Sound	17	1989743	355	1			260		other	0
10108025	43	Response	1	1993126	3737	1
10108025	44	Sound	14	2010542	314	1			260		other	0
10108025	44	Response	1	2024804	14576	1
10108025	45	Sound	11	2032941	373	1			260		other	0
10108025	46	Sound	15	2049341	433	1			260		other	0
10108025	46	Response	1	2057123	8216	1
10108025	47	Sound	19	2073940	358	1			260		other	0
10108025	47	Response	1	2078323	4741	1
10108025	48	Sound	18	2092339	418	1			260		other	0
10108025	48	Response	1	2095362	3441	1
10108025	49	Sound	12	2110938	345	1			260		other	0
10108025	50	Sound	16	2126138	373	1			260		other	0
10108025	50	Response	1	2130080	4315	1
10108025	51	Sound	15	2152137	363	1			260		other	0
10108025	51	Response	1	2158239	6466	1
10108025	52	Sound	13	2168736	291	1			260		other	0
10108025	53	Sound	17	2188136	351	1			260		other	0
10108025	53	Response	1	2194318	6533	1
10108025	54	Sound	19	2209935	309	1			260		other	0
10108025	54	Response	1	2213997	4372	1
10108025	55	Sound	18	2233934	468	1			260		other	0
10108025	55	Response	1	2239516	6050	1
10108025	56	Sound	20	2252333	361	1			260		other	0
10108025	56	Response	1	2258556	6584	1
10108025	57	Response	255	2342393	73335	1
10108025	58	Sound	17	2422727	367	1			260		other	0
10108025	58	Response	1	2426069	3709	1
10108025	59	Sound	15	2437926	395	1			260		other	0
10108025	59	Response	1	2444229	6697	1
10108025	60	Sound	19	2465525	318	1			260		other	0
10108025	60	Response	1	2468708	3501	1
10108025	61	Sound	12	2482125	412	1			260		other	0
10108025	61	Response	1	2501427	19714	1
10108025	62	Sound	17	2503324	438	1			260		other	0
10108025	63	Sound	18	2531523	462	1			260		other	0
10108025	63	Response	1	2537505	6443	2
10108025	64	Sound	11	2549722	322	1			260		other	0
10108025	65	Sound	12	2574321	413	1			260		other	0
10108025	65	Response	1	2587103	13195	1
10108025	66	Sound	20	2591121	374	1			260		other	0
10108025	66	Response	1	2596863	6116	1
10108025	67	Sound	13	2614320	399	1			260		other	0
10108025	68	Sound	16	2641719	456	1			260		other	0
10108025	68	Response	1	2651501	10238	1
10108025	69	Sound	21	2663318	381	1			260		other	0
10108025	69	Response	1	2671420	8483	1
10108025	70	Sound	16	2689317	372	1			260		other	0
10108025	71	Sound	20	2708916	298	1			260		other	0
10108025	71	Response	1	2712699	4081	1
10108025	72	Sound	14	2733715	423	1			260		other	0
10108025	73	Sound	14	2750915	450	1			260		other	0
10108025	74	Sound	19	2776914	274	1			260		other	0
10108025	74	Response	1	2779976	3336	1
10108025	75	Sound	20	2794713	401	1			260		other	0
10108025	75	Response	1	2798935	4623	1
10108025	76	Sound	15	2810912	428	1			260		other	0
10108025	77	Sound	12	2838511	352	1			260		other	0
10108025	78	Sound	16	2859911	411	1			260		other	0
10108025	78	Response	1	2864053	4553	1
10108025	79	Sound	19	2875910	405	1			260		other	0
10108025	79	Response	1	2879812	4308	1
10108025	80	Sound	19	2900309	297	1			260		other	0
10108025	80	Response	1	2903571	3559	1
10108025	81	Sound	20	2918908	390	1			260		other	0
10108025	81	Response	1	2922131	3612	1
10108025	82	Sound	16	2935708	351	1			260		other	0
10108025	83	Sound	11	2963707	341	1			260		other	0
10108025	84	Sound	21	2991106	398	1			260		other	0
10108025	84	Response	1	2994288	3580	1
10108025	85	Sound	21	3009905	358	1			260		other	0
10108025	85	Response	1	3013727	4179	1
10108025	86	Sound	15	3027705	318	1			260		other	0
10108025	87	Sound	19	3049704	310	1			260		other	0
10108025	87	Response	1	3056525	7132	1
10108025	88	Sound	11	3065503	438	1			260		other	0
10108025	89	Sound	11	3080702	299	1			260		other	0
10108025	90	Sound	12	3097702	460	1			260		other	0
10108025	91	Sound	13	3116501	420	1			260		other	0
10108025	92	Sound	12	3134700	280	1			260		other	0
10108025	93	Sound	18	3156300	372	1			260		other	0
10108025	93	Response	1	3159802	3874	1
10108025	94	Sound	14	3178699	431	1			260		other	0
10108025	95	Sound	15	3197898	457	1			260		other	0
10108025	96	Sound	17	3220297	349	1			260		other	0
10108025	96	Response	1	3223399	3451	1
10108025	97	Sound	14	3244696	407	1			260		other	0
10108025	98	Sound	13	3267296	332	1			260		other	0
10108025	99	Sound	16	3295295	323	1			260		other	0
10108025	99	Response	1	3300276	5304	1
10108025	100	Sound	21	3320094	280	1			260		other	0
10108025	100	Response	1	3326515	6702	1
10108025	101	Sound	14	3346093	271	1			260		other	0
10108025	102	Sound	11	3372492	328	1			260		other	0
10108025	103	Sound	18	3396291	453	1			260		other	0
10108025	103	Response	1	3401472	5635	1
10108025	104	Sound	18	3414490	313	1			260		other	0
10108025	104	Response	1	3419552	5375	1
10108025	105	Sound	18	3437889	372	1			260		other	0
10108025	105	Response	1	3441871	4354	1
10108025	106	Sound	20	3459089	398	1			260		other	0
10108025	106	Response	1	3469790	11099	1
10108025	107	Sound	17	3483488	289	1			260		other	0
10108025	107	Response	1	3487069	3871	1
10108025	108	Sound	17	3505087	381	1			260		other	0
10108025	108	Response	1	3508268	3563	1
10108025	109	Sound	15	3530286	405	1			260		other	0
10108025	110	Sound	13	3546885	333	1			260		other	0
10108025	111	Sound	13	3565685	293	1			260		other	0
10108025	112	Sound	21	3584084	353	1			260		other	0
10108025	112	Response	1	3591465	7734	1
10108025	113	Response	255	3662903	58085	1
10108025	113	Response	1	3726500	121682	1
10108025	114	Sound	101	3737878	431	1			260		other	0
10108025	115	Sound	108	3758077	291	1			260		other	0
10108025	115	Response	1	3762738	4952	2
10108025	116	Sound	108	3775277	318	1			260		other	0
10108025	116	Response	1	3779138	4179	1
10108025	117	Sound	106	3793676	378	1			260		other	0
10108025	117	Response	1	3797217	3919	1
10108025	118	Sound	105	3817875	404	1			260		other	0
10108025	118	Response	1	3825856	8385	1
10108025	119	Sound	104	3845274	460	1			260		other	0
10108025	119	Response	1	3850335	5521	1
10108025	120	Sound	108	3864074	420	1			260		other	0
10108025	120	Response	1	3866975	3321	1
10108025	121	Sound	102	3882473	313	1			260		other	0
10108025	121	Response	1	3885694	3534	1
10108025	122	Sound	109	3907672	338	1			260		other	0
10108025	122	Response	1	3911293	3960	1
10108025	123	Sound	107	3935271	428	1			260		other	0
10108025	123	Response	1	3938172	3329	1
10108025	124	Sound	110	3957470	453	1			260		other	0
10108025	124	Response	1	3960651	3634	1
10108025	125	Sound	110	3982269	411	1			260		other	0
10108025	125	Response	1	3985370	3512	1
10108025	126	Sound	104	3999269	405	1			260		other	0
10108025	126	Response	1	4003210	4346	1
10108025	127	Sound	111	4019668	298	1			260		other	0
10108025	127	Response	1	4022249	2879	1
10108025	128	Sound	101	4037867	325	1			260		other	0
10108025	128	Response	1	4064647	27105	1
10108025	129	Sound	104	4065866	315	1			260		other	0
10108025	130	Sound	103	4090865	305	1			260		other	0
10108025	130	Response	1	4096726	6166	1
10108025	131	Sound	104	4117864	463	1			260		other	0
10108025	131	Response	1	4121445	4044	1
10108025	132	Sound	108	4144263	353	1			260		other	0
10108025	132	Response	1	4145684	1774	1
10108025	133	Sound	102	4163662	414	1			260		other	0
10108025	133	Response	1	4171683	8435	1
10108025	134	Sound	107	4185262	338	1			260		other	0
10108025	134	Response	1	4188963	4040	1
10108025	135	Sound	111	4205661	399	1			260		other	0
10108025	135	Response	1	4209442	4179	1
10108025	136	Sound	104	4224860	424	1			260		other	0
10108025	137	Sound	110	4249059	449	1			260		other	0
10108025	137	Response	1	4251600	2990	1
10108025	138	Sound	103	4265259	310	1			260		other	0
10108025	138	Response	1	4269759	4811	1
10108025	139	Sound	111	4290258	468	1			260		other	0
10108025	139	Response	1	4293119	3329	1
10108025	140	Sound	101	4318857	391	1			260		other	0
10108025	140	Response	1	4329597	11132	1
10108025	141	Sound	109	4342256	283	1			260		other	0
10108025	141	Response	1	4345516	3543	1
10108025	142	Sound	109	4363255	442	1			260		other	0
10108025	142	Response	1	4366316	3502	1
10108025	143	Sound	109	4390054	399	1			260		other	0
10108025	143	Response	1	4393835	4179	1
10108025	144	Sound	107	4417453	456	1			260		other	0
10108025	144	Response	1	4420714	3717	1
10108025	145	Sound	107	4439252	415	1			260		other	0
10108025	145	Response	1	4442793	3955	1
10108025	146	Sound	110	4457452	275	1			260		other	0
10108025	146	Response	1	4460472	3296	1
10108025	147	Sound	107	4483651	466	1			260		other	0
10108025	147	Response	1	4487511	4327	2
10108025	148	Sound	111	4503250	392	1			260		other	0
10108025	148	Response	1	4506151	3293	1
10108025	149	Sound	111	4532049	348	1			260		other	0
10108025	149	Response	1	4535190	3489	1
10108025	150	Sound	106	4554248	374	1			260		other	0
10108025	150	Response	1	4558549	4674	1
10108025	151	Sound	103	4574847	300	1			260		other	0
10108025	152	Sound	109	4591847	294	1			260		other	0
10108025	152	Response	1	4595027	3474	1
10108025	153	Sound	102	4611046	320	1			260		other	0
10108025	154	Sound	101	4635845	278	1			260		other	0
10108025	155	Sound	105	4652044	305	1			260		other	0
10108025	155	Response	1	4657025	5286	1
10108025	156	Sound	102	4672244	332	1			260		other	0
10108025	157	Sound	110	4691043	292	1			260		other	0
10108025	157	Response	1	4693984	3232	1
10108025	158	Sound	106	4710042	285	1			260		other	0
10108025	158	Response	1	4714702	4945	1
10108025	159	Sound	105	4737641	375	1			260		other	0
10108025	159	Response	1	4740942	3675	1
10108025	160	Sound	102	4754241	302	1			260		other	0
10108025	161	Sound	103	4773440	329	1			260		other	0
10108025	162	Sound	103	4799239	454	1			260		other	0
10108025	163	Sound	106	4815438	314	1			260		other	0
10108025	163	Response	1	4821738	6614	1
10108025	164	Sound	106	4837038	406	1			260		other	0
10108025	164	Response	1	4840778	4146	1
10108025	165	Sound	101	4860437	298	1			260		other	0
10108025	166	Sound	105	4879236	424	1			260		other	0
10108025	167	Sound	105	4901435	283	1			260		other	0
10108025	167	Response	1	4904136	2984	1
10108025	168	Sound	108	4923034	376	1			260		other	0
10108025	168	Response	1	4927735	5076	1
10108025	169	Response	255	5019651	71904	1
10108025	170	Sound	103	5092628	415	1			260		other	0
10108025	170	Response	1	5097888	5675	1
10108025	171	Sound	104	5114627	407	1			260		other	0
10108025	171	Response	1	5118847	4627	1
10108025	172	Sound	111	5142226	331	1			260		other	0
10108025	172	Response	1	5145486	3591	1
10108025	173	Sound	102	5158426	358	1			260		other	0
10108025	174	Sound	104	5183625	383	1			260		other	0
10108025	174	Response	1	5188525	5283	1
10108025	175	Sound	109	5199624	377	1			260		other	0
10108025	175	Response	1	5203804	4557	1
10108025	176	Sound	108	5221223	303	1			260		other	0
10108025	176	Response	1	5223883	2962	1
10108025	177	Sound	110	5241623	362	1			260		other	0
10108025	177	Response	1	5245083	3822	1
10108025	178	Sound	110	5266222	286	1			260		other	0
10108025	178	Response	1	5269322	3386	1
10108025	179	Sound	107	5287221	446	1			260		other	0
10108025	179	Response	1	5290121	3346	1
10108025	180	Sound	111	5304020	406	1			260		other	0
10108025	180	Response	1	5306520	2906	2
10108025	181	Sound	101	5331219	430	1			260		other	0
10108025	182	Sound	106	5354818	355	1			260		other	0
10108025	182	Response	1	5358518	4055	1
10108025	183	Sound	102	5380018	379	1			260		other	0
10108025	184	Sound	107	5405617	304	1			260		other	0
10108025	185	Sound	110	5431216	394	1			260		other	0
10108025	185	Response	1	5434915	4094	1
10108025	186	Sound	108	5447215	389	1			260		other	0
10108025	186	Response	1	5451955	5129	1
10108025	187	Sound	105	5463014	350	1			260		other	0
10108025	187	Response	1	5467074	4409	1
10108025	188	Sound	110	5480014	344	1			260		other	0
10108025	188	Response	1	5483234	3564	1
10108025	189	Sound	111	5497213	371	1			260		other	0
10108025	189	Response	1	5500033	3191	1
10108025	190	Sound	111	5520812	462	1			260		other	0
10108025	190	Response	1	5529952	9602	1
10108025	191	Sound	101	5541812	455	1			260		other	0
10108025	192	Sound	108	5563411	381	1			260		other	0
10108025	192	Response	1	5566670	3640	1
10108025	193	Sound	105	5584810	439	1			260		other	0
10108025	193	Response	1	5588910	4539	1
10108025	194	Sound	102	5601609	400	1			260		other	0
10108025	194	Response	1	5618428	17219	1
10108025	195	Sound	110	5629008	290	1			260		other	0
10108025	195	Response	1	5632668	3950	1
10108025	196	Sound	103	5658007	447	1			260		other	0
10108025	196	Response	1	5674826	17266	1
10108025	197	Sound	106	5679206	306	1			260		other	0
10108025	198	Sound	108	5705006	430	1			260		other	0
10108025	198	Response	1	5708425	3850	1
10108025	199	Sound	108	5723405	323	1			260		other	0
10108025	200	Sound	111	5739604	351	1			260		other	0
10108025	200	Response	1	5742504	3250	1
10108025	201	Sound	109	5766403	308	1			260		other	0
10108025	201	Response	1	5769383	3288	1
10108025	202	Sound	103	5786402	301	1			260		other	0
10108025	202	Response	1	5799541	13440	2
10108025	203	Sound	107	5802402	295	1			260		other	0
10108025	204	Sound	102	5826401	287	1			260		other	0
10108025	204	Response	1	5849300	23185	1
10108025	205	Sound	105	5851600	311	1			260		other	0
10108025	206	Sound	104	5877199	402	1			260		other	0
10108025	207	Sound	104	5902198	393	1			260		other	0
10108025	207	Response	1	5907858	6053	1
10108025	208	Sound	102	5929597	450	1			260		other	0
10108025	209	Sound	109	5946797	310	1			260		other	0
10108025	209	Response	1	5951376	4889	1
10108025	210	Sound	109	5963996	338	1			260		other	0
10108025	210	Response	1	5968415	4757	1
10108025	211	Sound	105	5991195	361	1			260		other	0
10108025	211	Response	1	5995694	4861	1
10108025	212	Sound	101	6009594	421	1			260		other	0
10108025	213	Sound	106	6031393	380	1			260		other	0
10108025	213	Response	1	6035453	4439	1
10108025	214	Sound	103	6055193	339	1			260		other	0
10108025	214	Response	1	6060812	5957	1
10108025	215	Sound	106	6083991	295	1			260		other	0
10108025	215	Response	1	6090091	6394	1
10108025	216	Sound	103	6109991	286	1			260		other	0
10108025	216	Response	1	6127609	17904	1
10108025	217	Sound	109	6133390	344	1			260		other	0
10108025	217	Response	1	6139849	6803	1
10108025	218	Sound	101	6152789	404	1			260		other	0
10108025	219	Sound	107	6174988	429	1			260		other	0
10108025	220	Sound	101	6191988	423	1			260		other	0
10108025	221	Sound	104	6217587	347	1			260		other	0
10108025	221	Response	1	6224645	7406	1
10108025	222	Sound	105	6242186	439	1			260		other	0
10108025	223	Sound	106	6258985	399	1			260		other	0
10108025	223	Response	1	6263044	4458	1
10108025	224	Sound	107	6282384	291	1			260		other	0
10108025	224	Response	1	6287123	5030	1
10108025	225	Response	255	6371200	69354	1
10108025	226	Sound	102	6441578	434	1			260		other	0
10108025	227	Sound	102	6467177	358	1			260		other	0
10108025	228	Sound	103	6487977	317	1			260		other	0
10108025	228	Response	1	6494875	7216	1
10108025	229	Sound	110	6507376	377	1			260		other	0
10108025	229	Response	1	6511435	4436	1
10108025	230	Sound	101	6535975	300	1			260		other	0
10108025	231	Sound	101	6555174	327	1			260		other	0
10108025	232	Sound	103	6578773	420	1			260		other	0
10108025	233	Sound	110	6598772	411	1			260		other	0
10108025	233	Response	1	6602951	4590	1
10108025	234	Sound	102	6625171	469	1			260		other	0
10108025	235	Sound	107	6651371	326	1			260		other	0
10108025	235	Response	1	6655589	4545	1
10108025	236	Sound	108	6668570	353	1			260		other	0
10108025	236	Response	1	6673108	4891	1
10108025	237	Sound	104	6685969	414	1			260		other	0
10108025	238	Sound	111	6706769	373	1			260		other	0
10108025	238	Response	1	6710227	3831	1
10108025	239	Sound	110	6734568	330	1			260		other	0
10108025	239	Response	1	6739266	5028	1
10108025	240	Sound	105	6761166	420	1			260		other	0
10108025	241	Sound	108	6784966	378	1			260		other	0
10108025	241	Response	1	6788864	4277	1
10108025	242	Sound	109	6810965	369	1			260		other	0
10108025	242	Response	1	6814223	3628	1
10108025	243	Sound	111	6838964	359	1			260		other	0
10108025	243	Response	1	6841502	2898	1
10108025	244	Sound	106	6867763	315	1			260		other	0
10108025	244	Response	1	6871661	4214	1
10108025	245	Sound	103	6891362	407	1			260		other	0
10108025	245	Response	1	6900300	9345	1
10108025	246	Sound	106	6918361	397	1			260		other	0
10108025	246	Response	1	6922539	4576	1
10108025	247	Sound	101	6945560	421	1			260		other	0
10108025	248	Sound	108	6971959	312	1			260		other	0
10108025	249	Sound	103	6990558	405	1			260		other	0
10108025	249	Response	1	7000296	10143	1
10108025	250	Sound	106	7014157	330	1			260		other	0
10108025	250	Response	1	7018216	4388	1
10108025	251	Sound	101	7042956	286	1			260		other	0
10108025	252	Sound	106	7068755	410	1			260		other	0
10108025	252	Response	1	7075013	6669	1
10108025	253	Sound	111	7092154	302	1			260		other	0
10108025	253	Response	1	7096852	5000	1
10108025	254	Sound	110	7111354	329	1			260		other	0
10108025	254	Response	1	7115892	4867	1
10108025	255	Sound	111	7128153	289	1			260		other	0
10108025	255	Response	1	7132931	5068	1
10108025	256	Sound	105	7148952	415	1			260		other	0
10108025	256	Response	1	7153890	5353	1
10108025	257	Sound	107	7177751	372	1			260		other	0
10108025	257	Response	1	7182689	5309	1
10108025	258	Sound	101	7197350	465	1			260		other	0
10108025	259	Sound	108	7213350	292	1			260		other	0
10108025	259	Response	1	7217888	4830	1
10108025	260	Sound	111	7235549	318	1			260		other	0
10108025	260	Response	1	7239727	4496	1
10108025	261	Sound	105	7255148	411	1			260		other	0
10108025	261	Response	1	7261326	6589	1
10108025	262	Sound	108	7281147	401	1			260		other	0
10108025	262	Response	1	7284925	4179	1
10108025	263	Sound	107	7302947	362	1			260		other	0
10108025	263	Response	1	7307485	4900	1
10108025	264	Sound	110	7331745	317	1			260		other	0
10108025	264	Response	1	7335164	3735	1
10108025	265	Sound	109	7356344	408	1			260		other	0
10108025	265	Response	1	7359883	3946	1
10108025	266	Sound	105	7376144	367	1			260		other	0
10108025	266	Response	1	7380201	4425	2
10108025	267	Sound	103	7399743	459	1			260		other	0
10108025	268	Sound	104	7416142	353	1			260		other	0
10108025	269	Sound	107	7436742	279	1			260		other	0
10108025	269	Response	1	7440519	4057	1
10108025	270	Sound	105	7465740	435	1			260		other	0
10108025	271	Sound	109	7491940	460	1			260		other	0
10108025	271	Response	1	7495077	3597	1
10108025	272	Sound	106	7515339	351	1			260		other	0
10108025	272	Response	1	7519317	4329	1
10108025	273	Sound	107	7540138	309	1			260		other	0
10108025	273	Response	1	7543396	3567	2
10108025	274	Sound	102	7557537	369	1			260		other	0
10108025	275	Sound	109	7579136	295	1			260		other	0
10108025	275	Response	1	7583794	4953	1
10108025	276	Sound	109	7600136	288	1			260		other	0
10108025	276	Response	1	7606273	6425	1
10108025	277	Sound	104	7622735	379	1			260		other	0
10108025	278	Sound	104	7645134	438	1			260		other	0
10108025	278	Response	1	7649552	4856	1
10108025	279	Sound	102	7672733	362	1			260		other	0
10108025	280	Sound	104	7692732	354	1			260		other	0
10108025	281	Response	255	7767467	51002	1
10108025	282	Sound	105	7842527	268	1			260		other	0
10108025	282	Response	1	7848104	5845	1
10108025	283	Sound	104	7859526	428	1			260		other	0
10108025	284	Sound	105	7877925	322	1			260		other	0
10108025	284	Response	1	7883063	5459	1
10108025	285	Sound	104	7894725	449	1			260		other	0
10108025	286	Sound	106	7919924	307	1			260		other	0
10108025	286	Response	1	7924581	4964	1
10108025	287	Sound	101	7936923	468	1			260		other	0
10108025	288	Sound	111	7952922	462	1			260		other	0
10108025	288	Response	1	7955380	2920	1
10108025	289	Sound	110	7971922	455	1			260		other	0
10108025	289	Response	1	7975699	4232	1
10108025	290	Sound	106	7998521	379	1			260		other	0
10108025	290	Response	1	8002738	4596	1
10108025	291	Sound	108	8015720	406	1			260		other	0
10108025	291	Response	1	8019618	4304	1
10108025	292	Sound	111	8038319	331	1			260		other	0
10108025	292	Response	1	8041217	3228	1
10108025	293	Sound	101	8064318	322	1			260		other	0
10108025	294	Sound	102	8084118	448	1			260		other	0
10108025	294	Response	1	8091695	8026	1
10108025	295	Sound	109	8101917	409	1			260		other	0
10108025	295	Response	1	8105854	4346	1
10108025	296	Sound	106	8119516	336	1			260		other	0
10108025	296	Response	1	8125293	6113	1
10108025	297	Sound	107	8139716	362	1			260		other	0
10108025	297	Response	1	8142973	3619	1
10108025	298	Sound	102	8163915	387	1			260		other	0
10108025	299	Sound	109	8179714	348	1			260		other	0
10108025	299	Response	1	8183611	4245	1
10108025	300	Sound	108	8201713	340	1			260		other	0
10108025	300	Response	1	8206170	4797	1
10108025	301	Sound	109	8219313	433	1			260		other	0
10108025	301	Response	1	8222970	4091	1
10108025	302	Sound	106	8239712	326	1			260		other	0
10108025	302	Response	1	8244329	4943	1
10108025	303	Sound	101	8265311	417	1			260		other	0
10108025	304	Sound	104	8286510	276	1			260		other	0
10108025	305	Sound	111	8309509	268	1			260		other	0
10108025	305	Response	1	8313606	4365	1
10108025	306	Sound	105	8331508	427	1			260		other	0
10108025	306	Response	1	8336566	5484	1
10108025	307	Sound	104	8354708	285	1			260		other	0
10108025	308	Sound	105	8381307	376	1			260		other	0
10108025	308	Response	1	8386564	5633	1
10108025	309	Sound	102	8408106	333	1			260		other	0
10108025	310	Sound	110	8423905	294	1			260		other	0
10108025	311	Sound	102	8450904	451	1			260		other	0
10108025	312	Sound	107	8477903	441	1			260		other	0
10108025	312	Response	1	8484240	6778	1
10108025	313	Sound	103	8497502	368	1			260		other	0
10108025	314	Sound	106	8523101	292	1			260		other	0
10108025	314	Response	1	8527438	4629	1
10108025	315	Sound	111	8547901	416	1			260		other	0
10108025	316	Sound	105	8565100	277	1			260		other	0
10108025	316	Response	1	8570077	5254	1
10108025	317	Sound	108	8590099	434	1			260		other	0
10108025	317	Response	1	8594716	5051	1
10108025	318	Sound	107	8606698	362	1			260		other	0
10108025	318	Response	1	8610715	4379	1
10108025	319	Sound	107	8622698	356	1			260		other	0
10108025	319	Response	1	8628395	6053	1
10108025	320	Sound	101	8644297	282	1			260		other	0
10108025	321	Sound	101	8661296	276	1			260		other	0
10108025	322	Sound	103	8678496	303	1			260		other	0
10108025	323	Sound	102	8705895	360	1			260		other	0
10108025	324	Sound	108	8730094	384	1			260		other	0
10108025	324	Response	1	8735031	5321	1
10108025	325	Sound	108	8749093	378	1			260		other	0
10108025	326	Sound	103	8777892	334	1			260		other	0
10108025	327	Sound	103	8801691	459	1			260		other	0
10108025	328	Sound	104	8823490	418	1			260		other	0
10108025	329	Sound	110	8845490	410	1			260		other	0
10108025	330	Sound	111	8863889	304	1			260		other	0
10108025	330	Response	1	8868225	4640	1
10108025	331	Sound	107	8891488	394	1			260		other	0
10108025	331	Response	1	8895744	4650	1
10108025	332	Sound	109	8910487	387	1			260		other	0
10108025	332	Response	1	8915424	5323	1
10108025	333	Sound	103	8934686	412	1			260		other	0
10108025	334	Sound	110	8952685	405	1			260		other	0
10108025	334	Response	1	8955822	3542	1
10108025	335	Sound	109	8970885	432	1			260		other	0
10108025	335	Response	1	8974621	4169	1
10108025	336	Sound	110	8989084	292	1			260		other	0
10108025	337	Response	255	9041499	36288	1
10108025	337	Response	1	9076457	71247	1
10108025	338	Sound	21	9106280	284	1			260		other	0
10108025	338	Response	1	9109416	3420	2
10108025	339	Sound	12	9129279	442	1			260		other	0
10108025	340	Sound	17	9157278	432	1			260		other	0
10108025	340	Response	1	9161414	4569	1
10108025	341	Sound	16	9183477	289	1			260		other	0
10108025	341	Response	1	9187813	4626	1
10108025	342	Sound	17	9200676	317	1			260		other	0
10108025	342	Response	1	9204213	3853	1
10108025	343	Sound	11	9216676	311	1			260		other	0
10108025	344	Sound	18	9243475	268	1			260		other	0
10108025	344	Response	1	9248771	5564	1
10108025	345	Sound	11	9261274	395	1			260		other	0
10108025	345	Response	1	9283730	22851	1
10108025	346	Sound	16	9286873	319	1			260		other	0
10108025	347	Sound	20	9305072	346	1			260		other	0
10108025	347	Response	1	9311009	6282	1
10108025	348	Sound	13	9323472	406	1			260		other	0
10108025	349	Sound	17	9341271	367	1			260		other	0
10108025	349	Response	1	9344688	3783	1
10108025	350	Sound	15	9362471	392	1			260		other	0
10108025	350	Response	1	9368287	6209	1
10108025	351	Sound	17	9384270	351	1			260		other	0
10108025	351	Response	1	9387246	3327	1
10108025	352	Sound	15	9405669	410	1			260		other	0
10108025	353	Sound	15	9428668	402	1			260		other	0
10108025	353	Response	1	9433164	4898	1
10108025	354	Sound	13	9455867	426	1			260		other	0
10108025	355	Sound	15	9481066	450	1			260		other	0
10108025	355	Response	1	9485162	4546	1
10108025	356	Sound	14	9501465	343	1			260		other	0
10108025	357	Sound	19	9528464	333	1			260		other	0
10108025	357	Response	1	9531240	3109	1
10108025	358	Sound	21	9553463	324	1			260		other	0
10108025	358	Response	1	9557639	4500	1
10108025	359	Sound	16	9569263	452	1			260		other	0
10108025	360	Sound	11	9595262	276	1			260		other	0
10108025	361	Sound	11	9611461	304	1			260		other	0
10108025	362	Sound	15	9631660	330	1			260		other	0
10108025	362	Response	1	9637796	6465	1
10108025	363	Sound	14	9653060	389	1			260		other	0
10108025	364	Sound	19	9680659	312	1			260		other	0
10108025	364	Response	1	9686355	6008	1
10108025	365	Sound	11	9707458	269	1			260		other	0
10108025	366	Sound	20	9730857	328	1			260		other	0
10108025	366	Response	1	9735712	5183	1
10108025	367	Sound	19	9756656	452	1			260		other	0
10108025	367	Response	1	9761071	4867	1
10108025	368	Sound	21	9777055	344	1			260		other	0
10108025	368	Response	1	9780911	4200	1
10108025	369	Sound	16	9797654	437	1			260		other	0
10108025	369	Response	1	9802510	5293	1
10108025	370	Sound	18	9814854	298	1			260		other	0
10108025	370	Response	1	9818270	3713	1
10108025	371	Sound	20	9842453	388	1			260		other	0
10108025	371	Response	1	9846668	4604	1
10108025	372	Sound	12	9868652	412	1			260		other	0
10108025	373	Sound	21	9892251	337	1			260		other	0
10108025	373	Response	1	9895146	3232	1
10108025	374	Sound	12	9912050	296	1			260		other	0
10108025	375	Sound	18	9930449	356	1			260		other	0
10108025	375	Response	1	9935385	5292	1
10108025	376	Sound	12	9955049	448	1			260		other	0
10108025	377	Sound	12	9979448	339	1			260		other	0
10108025	378	Sound	14	9999847	398	1			260		other	0
10108025	378	Response	1	10017702	18253	1
10108025	379	Sound	20	10026246	456	1			260		other	0
10108025	379	Response	1	10031941	6151	1
10108025	380	Sound	17	10054245	446	1			260		other	0
10108025	380	Response	1	10058740	4941	1
10108025	381	Sound	13	10070244	273	1			260		other	0
10108025	382	Sound	13	10092444	299	1			260		other	0
10108025	383	Sound	19	10116843	357	1			260		other	0
10108025	383	Response	1	10120818	4332	1
10108025	384	Sound	21	10140242	415	1			260		other	0
10108025	384	Response	1	10144177	4350	1
10108025	385	Sound	20	10157041	376	1			260		other	0
10108025	385	Response	1	10161457	4791	1
10108025	386	Sound	18	10175240	402	1			260		other	0
10108025	386	Response	1	10179536	4698	1
10108025	387	Sound	16	10200639	293	1			260		other	0
10108025	387	Response	1	10206255	5909	1
10108025	388	Sound	19	10223839	318	1			260		other	0
10108025	388	Response	1	10227614	4094	1
10108025	389	Sound	18	10247238	377	1			260		other	0
10108025	389	Response	1	10251213	4352	1
10108025	390	Sound	13	10266837	303	1			260		other	0
10108025	391	Sound	14	10287436	396	1			260		other	0
10108025	391	Response	1	10300571	13531	1
10108025	392	Sound	14	10312835	453	1			260		other	0
10108025	393	Response	255	10645758	304954	1
10108025	394	Sound	106	10716820	309	1			260		other	0
10108025	394	Response	1	10720475	3964	2
10108025	395	Sound	103	10734220	370	1			260		other	0
10108025	396	Sound	111	10756819	295	1			260		other	0
10108025	396	Response	1	10760874	4350	1
10108025	397	Sound	110	10776418	388	1			260		other	0
10108025	397	Response	1	10780073	4043	1
10108025	398	Sound	104	10795618	416	1			260		other	0
10108025	398	Response	1	10800152	4951	1
10108025	399	Sound	103	10819017	306	1			260		other	0
10108025	400	Sound	103	10845416	364	1			260		other	0
10108025	401	Sound	111	10862415	357	1			260		other	0
10108025	401	Response	1	10866390	4332	1
10108025	402	Sound	109	10880414	351	1			260		other	0
10108025	402	Response	1	10885189	5126	1
10108025	403	Sound	101	10905213	309	1			260		other	0
10108025	404	Sound	102	10928613	367	1			260		other	0
10108025	405	Sound	101	10954812	391	1			260		other	0
10108025	406	Sound	104	10980811	383	1			260		other	0
10108025	406	Response	1	10989345	8917	1
10108025	407	Sound	110	10998210	442	1			260		other	0
10108025	407	Response	1	11003344	5577	1
10108025	408	Sound	106	11022809	367	1			260		other	0
10108025	408	Response	1	11028864	6421	1
10108025	409	Sound	104	11046008	392	1			260		other	0
10108025	410	Sound	102	11066208	418	1			260		other	0
10108025	411	Sound	101	11084207	412	1			260		other	0
10108025	411	Response	1	11087422	3626	1
10108025	412	Sound	105	11110206	402	1			260		other	0
10108025	412	Response	1	11113900	4097	1
10108025	413	Sound	102	11126605	296	1			260		other	0
10108025	414	Sound	111	11147805	322	1			260		other	0
10108025	414	Response	1	11152299	4817	1
10108025	415	Sound	107	11172404	414	1			260		other	0
10108025	415	Response	1	11182218	10228	1
10108025	416	Sound	108	11197003	338	1			260		other	0
10108025	416	Response	1	11201497	4832	1
10108025	417	Sound	102	11223402	395	1			260		other	0
10108025	418	Sound	108	11244601	421	1			260		other	0
10108025	418	Response	1	11249095	4916	1
10108025	419	Sound	101	11261600	415	1			260		other	0
10108025	420	Sound	101	11285399	373	1			260		other	0
10108025	421	Sound	108	11301799	269	1			260		other	0
10108025	421	Response	1	11306293	4763	1
10108025	422	Sound	111	11323398	360	1			260		other	0
10108025	422	Response	1	11328132	5094	1
10108025	423	Sound	106	11351797	416	1			260		other	0
10108025	423	Response	1	11359411	8030	1
10108025	424	Sound	106	11369996	443	1			260		other	0
10108025	424	Response	1	11375330	5777	1
10108025	425	Sound	109	11387996	270	1			260		other	0
10108025	425	Response	1	11392130	4404	1
10108025	426	Sound	107	11413195	461	1			260		other	0
10108025	426	Response	1	11417089	4355	1
10108025	427	Sound	105	11441394	318	1			260		other	0
10108025	427	Response	1	11447248	6172	1
10108025	428	Sound	107	11465393	476	1			260		other	0
10108025	428	Response	1	11469487	4570	1
10108025	429	Sound	108	11492192	433	1			260		other	0
10108025	429	Response	1	11495486	3727	1
10108025	430	Sound	106	11508991	393	1			260		other	0
10108025	430	Response	1	11513645	5048	1
10108025	431	Sound	107	11535390	451	1			260		other	0
10108025	431	Response	1	11538924	3985	1
10108025	432	Sound	110	11551990	378	1			260		other	0
10108025	432	Response	1	11555804	4192	1
10108025	433	Sound	110	11568389	439	1			260		other	0
10108025	433	Response	1	11571963	4013	1
10108025	434	Sound	102	11591788	331	1			260		other	0
10108025	435	Sound	103	11611787	323	1			260		other	0
10108025	436	Sound	105	11635586	448	1			260		other	0
10108025	436	Response	1	11639880	4742	1
10108025	437	Sound	105	11657586	274	1			260		other	0
10108025	437	Response	1	11667400	10088	1
10108025	438	Sound	110	11681785	465	1			260		other	0
10108025	438	Response	1	11685959	4639	1
10108025	439	Sound	109	11709784	288	1			260		other	0
10108025	439	Response	1	11712198	2703	1
10108025	440	Sound	107	11735183	346	1			260		other	0
10108025	440	Response	1	11738595	3758	3
10108025	441	Sound	105	11761182	337	1			260		other	0
10108025	441	Response	1	11764596	3751	1
10108025	442	Sound	108	11777981	297	1			260		other	0
10108025	442	Response	1	11782275	4591	1
10108025	443	Sound	111	11802780	422	1			260		other	0
10108025	443	Response	1	11805474	3116	1
10108025	444	Sound	104	11830979	445	1			260		other	0
10108025	445	Sound	103	11851379	338	1			260		other	0
10108025	445	Response	1	11857632	6592	1
10108025	446	Sound	104	11868178	465	1			260		other	0
10108025	447	Sound	109	11885977	426	1			260		other	0
10108025	447	Response	1	11889791	4240	1
10108025	448	Sound	109	11910376	317	1			260		other	0
10108025	448	Response	1	11914270	4211	1
10108025	449	Response	255	12049225	114244	1
10108025	450	Sound	11	12124968	340	1			260		other	0
10108025	451	Sound	15	12149767	298	1			260		other	0
10108025	451	Response	1	12156261	6792	1
10108025	452	Sound	12	12174967	323	1			260		other	0
10108025	453	Sound	20	12192766	283	1			260		other	0
10108025	453	Response	1	12196259	3776	1
10108025	454	Sound	14	12218365	374	1			260		other	0
10108025	455	Sound	15	12239764	433	1			260		other	0
10108025	455	Response	1	12245618	6286	1
10108025	456	Sound	11	12265563	390	1			260		other	0
10108025	457	Sound	16	12288562	382	1			260		other	0
10108025	457	Response	1	12294815	6635	1
10108025	458	Sound	16	12316761	405	1			260		other	0
10108025	458	Response	1	12321215	4859	1
10108025	459	Sound	14	12333961	432	1			260		other	0
10108025	460	Sound	19	12359760	390	1			260		other	0
10108025	460	Response	1	12362973	3604	1
10108025	461	Sound	12	12378159	283	1			260		other	0
10108025	462	Sound	20	12399758	376	1			260		other	0
10108025	462	Response	1	12403372	3989	1
10108025	463	Sound	18	12418358	302	1			260		other	0
10108025	464	Sound	11	12439557	328	1			260		other	0
10108025	465	Sound	19	12456956	389	1			260		other	0
10108025	465	Response	1	12461049	4482	1
10108025	466	Sound	11	12475955	382	1			260		other	0
10108025	467	Sound	13	12500555	307	1			260		other	0
10108025	468	Sound	12	12524754	331	1			260		other	0
10108025	468	Response	1	12539686	15264	1
10108025	469	Sound	21	12544553	291	1			260		other	0
10108025	469	Response	1	12550326	6064	1
10108025	470	Sound	17	12565552	283	1			260		other	0
10108025	470	Response	1	12570005	4737	1
10108025	471	Sound	16	12583551	444	1			260		other	0
10108025	471	Response	1	12588405	5297	1
10108025	472	Sound	11	12598951	338	1			260		other	0
10108025	473	Sound	13	12616950	332	1			260		other	0
10108025	474	Sound	19	12634750	292	1			260		other	0
10108025	474	Response	1	12638403	3945	1
10108025	475	Sound	18	12659349	383	1			260		other	0
10108025	475	Response	1	12665042	6076	1
10108025	476	Sound	19	12676348	377	1			260		other	0
10108025	476	Response	1	12680961	4990	1
10108025	477	Sound	17	12703547	401	1			260		other	0
10108025	477	Response	1	12708080	4934	1
10108025	478	Sound	17	12730946	291	1			260		other	0
10108025	478	Response	1	12734959	4304	1
10108025	479	Sound	19	12757345	348	1			260		other	0
10108025	479	Response	1	12761838	4841	1
10108025	480	Sound	15	12777944	441	1			260		other	0
10108025	480	Response	1	12781517	4014	1
10108025	481	Sound	18	12797344	334	1			260		other	0
10108025	481	Response	1	12801116	4107	1
10108025	482	Sound	15	12819943	426	1			260		other	0
10108025	482	Response	1	12825356	5839	1
10108025	483	Sound	17	12845542	350	1			260		other	0
10108025	483	Response	1	12849595	4403	1
10108025	484	Sound	14	12869941	408	1			260		other	0
10108025	484	Response	1	12873914	4381	1
10108025	485	Sound	12	12890540	334	1			260		other	0
10108025	486	Sound	16	12916339	291	1			260		other	0
10108025	487	Sound	18	12937338	284	1			260		other	0
10108025	487	Response	1	12940951	3897	1
10108025	488	Sound	20	12956338	277	1			260		other	0
10108025	488	Response	1	12959271	3210	1
10108025	489	Sound	20	12974737	337	1			260		other	0
10108025	489	Response	1	12977830	3430	1
10108025	489	Response	1	12994469	20069	1
10108025	490	Sound	16	12997536	296	1			260		other	0
10108025	490	Response	1	13019988	22748	1
10108025	491	Sound	18	13021135	388	1			260		other	0
10108025	492	Sound	20	13038935	348	1			260		other	0
10108025	492	Response	1	13041188	2601	1
10108025	493	Sound	14	13054134	376	1			260		other	0
10108025	494	Sound	15	13072933	336	1			260		other	0
10108025	494	Response	1	13079026	6428	1
10108025	495	Sound	21	13089933	330	1			260		other	0
10108025	495	Response	1	13093666	4062	1
10108025	496	Sound	21	13106732	290	1			260		other	0
10108025	496	Response	1	13110225	3783	1
10108025	497	Sound	12	13128931	316	1			260		other	0
10108025	498	Sound	17	13150731	275	1			260		other	0
10108025	498	Response	1	13155263	4807	1
10108025	499	Sound	21	13166730	436	1			260		other	0
10108025	499	Response	1	13170302	4008	1
10108025	500	Sound	14	13182929	296	1			260		other	0
10108025	501	Sound	13	13209728	420	1			260		other	0
10108025	502	Sound	13	13230528	379	1			260		other	0
10108025	503	Sound	21	13247927	273	1			260		other	0
10108025	503	Response	1	13251339	3686	1
10108025	504	Sound	13	13269726	399	1			260		other	0
10108025	505	Response	255	13441812	155233	1
10108025	506	Sound	18	13513717	312	1			260		other	0
10108025	506	Response	1	13517889	4484	1
10108025	507	Sound	20	13541516	435	1			260		other	0
10108025	507	Response	1	13545169	4088	1
10108025	508	Sound	17	13565715	460	1			260		other	0
10108025	508	Response	1	13569648	4392	1
10108025	509	Sound	14	13585514	420	1			260		other	0
10108025	509	Response	1	13589087	3992	1
10108025	509	Response	1	13609166	24071	1
10108025	510	Sound	20	13609714	444	1			260		other	0
10108025	511	Sound	21	13632113	336	1			260		other	0
10108025	511	Response	1	13636045	4269	1
10108025	512	Sound	15	13656912	461	1			260		other	0
10108025	512	Response	1	13662284	5833	1
10108025	513	Sound	12	13679911	453	1			260		other	0
10108025	513	Response	1	13679963	505	1
10108025	514	Sound	12	13696710	413	1			260		other	0
10108025	515	Sound	12	13722909	271	1			260		other	0
10108025	516	Sound	18	13748108	295	1			260		other	0
10108025	516	Response	1	13752441	4627	1
10108025	517	Sound	20	13766508	355	1			260		other	0
10108025	517	Response	1	13770200	4047	1
10108025	518	Sound	11	13791907	413	1			260		other	0
10108025	519	Sound	19	13816906	404	1			260		other	0
10108025	519	Response	1	13822118	5616	1
10108025	520	Sound	11	13837305	296	1			260		other	0
10108025	521	Sound	13	13853305	291	1			260		other	0
10108025	522	Sound	16	13879304	281	1			260		other	0
10108025	522	Response	1	13884436	5413	1
10108025	523	Sound	18	13900103	407	1			260		other	0
10108025	523	Response	1	13906035	6339	1
10108025	524	Sound	15	13916102	402	1			260		other	0
10108025	524	Response	1	13932034	16333	1
10108025	525	Sound	21	13933702	329	1			260		other	0
10108025	526	Sound	17	13958501	453	1			260		other	0
10108025	526	Response	1	13962592	4545	1
10108025	527	Sound	13	13986500	443	1			260		other	0
10108025	528	Sound	11	14011899	334	1			260		other	0
10108025	529	Sound	20	14027898	328	1			260		other	0
10108025	529	Response	1	14031390	3820	1
10108025	530	Sound	19	14050897	320	1			260		other	0
10108025	530	Response	1	14055469	4892	1
10108025	531	Sound	12	14067697	448	1			260		other	0
10108025	532	Sound	14	14090096	340	1			260		other	0
10108025	533	Sound	19	14117495	396	1			260		other	0
10108025	533	Response	1	14122106	5008	1
10108025	534	Sound	20	14142294	354	1			260		other	0
10108025	534	Response	1	14154425	12486	1
10108025	535	Sound	15	14162293	347	1			260		other	0
10108025	536	Sound	18	14189292	337	1			260		other	0
10108025	536	Response	1	14194344	5389	1
10108025	537	Sound	13	14212891	262	1			260		other	0
10108025	538	Sound	13	14233491	355	1			260		other	0
10108025	539	Sound	16	14260290	312	1			260		other	0
10108025	539	Response	1	14264901	4924	1
10108025	540	Sound	13	14282889	404	1			260		other	0
10108025	541	Sound	12	14298888	399	1			260		other	0
10108025	542	Sound	17	14323087	423	1			260		other	0
10108025	542	Response	1	14327379	4715	1
10108025	543	Sound	14	14350086	413	1			260		other	0
10108025	544	Sound	17	14372285	439	1			260		other	0
10108025	544	Response	1	14377697	5850	1
10108025	545	Sound	15	14390685	332	1			260		other	0
10108025	545	Response	1	14396256	5904	1
10108025	546	Sound	17	14417484	289	1			260		other	0
10108025	546	Response	1	14424655	7461	1
10108025	547	Sound	16	14441883	347	1			260		other	0
10108025	548	Sound	21	14469682	304	1			260		other	0
10108025	548	Response	1	14475533	6155	1
10108025	549	Sound	21	14487481	431	1			260		other	0
10108025	549	Response	1	14490173	3123	1
10108025	550	Sound	21	14504081	359	1			260		other	0
10108025	550	Response	1	14507452	3730	1
10108025	551	Sound	11	14519280	386	1			260		other	0
10108025	552	Sound	14	14534479	415	1			260		other	0
10108025	553	Sound	15	14553679	441	1			260		other	0
10108025	554	Sound	18	14571678	435	1			260		other	0
10108025	554	Response	1	14576249	5006	1
10108025	555	Sound	19	14597677	425	1			260		other	0
10108025	555	Response	1	14602008	4756	1
10108025	556	Sound	14	14616476	385	1			260		other	0
10108025	557	Sound	16	14634076	312	1			260		other	0
10108025	558	Sound	16	14655075	305	1			260		other	0
10108025	558	Response	1	14659046	4276	1
10108025	559	Sound	11	14679474	363	1			260		other	0
10108025	560	Sound	19	14701273	322	1			260		other	0
10108025	560	Response	1	14706404	5453	1
10108025	561	Response	255	15011113	285740	1
10108025	561	Response	1	15072071	346698	1
10108025	562	Sound	104	15077859	454	1			260		other	0
10108025	562	Response	1	15084790	7385	1
10108025	563	Sound	108	15095059	315	1			260		other	0
10108025	563	Response	1	15099430	4686	1
10108025	564	Sound	108	15114458	374	1			260		other	0
10108025	564	Response	1	15117989	3905	1
10108025	564	Response	1	15138948	24864	1
10108025	565	Sound	109	15140257	332	1			260		other	0
10108025	566	Sound	105	15164056	291	1			260		other	0
10108025	566	Response	1	15168627	4862	1
10108025	567	Sound	109	15185455	349	1			260		other	0
10108025	567	Response	1	15189426	4320	1
10108025	568	Sound	110	15210854	407	1			260		other	0
10108025	568	Response	1	15215585	5137	1
10108025	569	Sound	101	15234654	365	1			260		other	0
10108025	569	Response	1	15252064	17775	1
10108025	570	Sound	101	15259853	389	1			260		other	0
10108025	570	Response	1	15274143	14679	1
10108025	571	Sound	111	15277252	283	1			260		other	0
10108025	571	Response	1	15283743	6773	1
10108025	572	Sound	105	15302251	441	1			260		other	0
10108025	573	Sound	106	15329050	398	1			260		other	0
10108025	573	Response	1	15333341	4688	2
10108025	574	Sound	107	15353849	356	1			260		other	0
10108025	574	Response	1	15358300	4806	1
10108025	575	Sound	104	15371448	283	1			260		other	0
10108025	575	Response	1	15376139	4973	1
10108025	576	Sound	110	15391448	442	1			260		other	0
10108025	576	Response	1	15396058	5053	1
10108025	577	Sound	111	15408847	336	1			260		other	0
10108025	577	Response	1	15412218	3707	1
10108025	578	Sound	109	15431446	428	1			260		other	0
10108025	578	Response	1	15434937	3919	1
10108025	579	Sound	107	15453645	453	1			260		other	0
10108025	580	Sound	104	15472445	413	1			260		other	0
10108025	580	Response	1	15477975	5944	1
10108025	581	Sound	103	15495844	305	1			260		other	0
10108025	582	Sound	103	15513443	399	1			260		other	0
10108025	583	Sound	108	15537442	390	1			260		other	0
10108025	583	Response	1	15542852	5801	1
10108025	584	Sound	103	15556242	350	1			260		other	0
10108025	585	Sound	102	15576441	376	1			260		other	0
10108025	585	Response	1	15595731	19666	1
10108025	586	Sound	111	15604840	266	1			260		other	0
10108025	586	Response	1	15608370	3796	1
10108025	587	Sound	101	15629839	424	1			260		other	0
10108025	587	Response	1	15649889	20474	1
10108025	588	Sound	108	15651838	416	1			260		other	0
10108025	588	Response	1	15658368	6946	1
10108025	589	Sound	101	15673037	442	1			260		other	0
10108025	590	Sound	101	15692037	435	1			260		other	0
10108025	591	Sound	103	15712036	428	1			260		other	0
10108025	591	Response	1	15716766	5158	1
10108025	592	Sound	102	15736235	286	1			260		other	0
10108025	593	Sound	110	15762234	277	1			260		other	0
10108025	593	Response	1	15762604	647	1
10108025	594	Sound	105	15781233	437	1			260		other	0
10108025	594	Response	1	15788604	7807	1
10108025	595	Sound	107	15806432	294	1			260		other	0
10108025	595	Response	1	15814602	8464	1
10108025	596	Sound	109	15829432	453	1			260		other	0
10108025	597	Sound	105	15852231	411	1			260		other	0
10108025	598	Sound	107	15874430	437	1			260		other	0
10108025	598	Response	1	15879000	5007	1
10108025	599	Sound	107	15898429	428	1			260		other	0
10108025	599	Response	1	15903719	5718	1
10108025	600	Sound	110	15916628	455	1			260		other	0
10108025	601	Sound	110	15943627	279	1			260		other	0
10108025	601	Response	1	15949397	6048	1
10108025	602	Sound	111	15970426	402	1			260		other	0
10108025	602	Response	1	15974276	4252	1
10108025	603	Sound	106	15988426	396	1			260		other	0
10108025	604	Sound	106	16004825	290	1			260		other	0
10108025	604	Response	1	16007235	2700	1
10108025	605	Sound	106	16020824	451	1			260		other	0
10108025	605	Response	1	16025155	4781	1
10108025	606	Sound	109	16046424	375	1			260		other	0
10108025	606	Response	1	16051394	5345	1
10108025	607	Sound	111	16072823	433	1			260		other	0
10108025	607	Response	1	16077152	4762	1
10108025	608	Sound	106	16099422	356	1			260		other	0
10108025	608	Response	1	16103792	4726	1
10108025	609	Sound	103	16115221	317	1			260		other	0
10108025	610	Sound	102	16138020	443	1			260		other	0
10108025	611	Sound	102	16157419	336	1			260		other	0
10108025	612	Sound	104	16180219	461	1			260		other	0
10108025	613	Sound	102	16200018	421	1			260		other	0
10108025	614	Sound	105	16222617	346	1			260		other	0
10108025	614	Response	1	16226107	3836	1
10108025	615	Sound	104	16244816	371	1			260		other	0
10108025	616	Sound	108	16266415	297	1			260		other	0
10108025	616	Response	1	16271385	5267	1
10108025	617	Response	255	16579374	288334	1
10108025	618	Sound	17	16655401	325	1			260		other	0
10108025	618	Response	1	16659290	4214	1
10108025	619	Sound	20	16676400	317	1			260		other	0
10108025	619	Response	1	16679610	3527	1
10108025	620	Sound	12	16692000	412	1			260		other	0
10108025	620	Response	1	16701689	10101	1
10108025	621	Sound	14	16709399	305	1			260		other	0
10108025	621	Response	1	16716808	7714	1
10108025	622	Sound	16	16728398	465	1			260		other	0
10108025	622	Response	1	16732728	4795	1
10108025	623	Sound	12	16754997	389	1			260		other	0
10108025	624	Sound	11	16772997	383	1			260		other	0
10108025	625	Sound	13	16798196	407	1			260		other	0
10108025	625	Response	1	16818324	20536	1
10108025	626	Sound	18	16822995	365	1			260		other	0
10108025	626	Response	1	16827284	4654	1
10108025	627	Sound	16	16839994	359	1			260		other	0
10108025	627	Response	1	16844323	4688	1
10108025	628	Sound	17	16859994	352	1			260		other	0
10108025	628	Response	1	16862883	3241	1
10108025	629	Sound	15	16884993	343	1			260		other	0
10108025	629	Response	1	16892802	8152	1
10108025	630	Sound	13	16905592	269	1			260		other	0
10108025	630	Response	1	16915361	10038	1
10108025	631	Sound	20	16922991	329	1			260		other	0
10108025	631	Response	1	16927760	5098	1
10108025	632	Sound	17	16948790	287	1			260		other	0
10108025	632	Response	1	16952239	3736	1
10108025	633	Sound	20	16969789	279	1			260		other	0
10108025	633	Response	1	16974078	4568	1
10108025	634	Sound	21	16994389	370	1			260		other	0
10108025	634	Response	1	16997438	3420	1
10108025	635	Sound	16	17015788	429	1			260		other	0
10108025	635	Response	1	17019757	4399	1
10108025	636	Sound	12	17041187	320	1			260		other	0
10108025	637	Sound	18	17068386	344	1			260		other	0
10108025	637	Response	1	17071995	3953	1
10108025	638	Sound	19	17094385	335	1			260		other	0
10108025	638	Response	1	17098634	4584	1
10108025	639	Sound	20	17109784	396	1			260		other	0
10108025	639	Response	1	17114153	4765	1
10108025	640	Sound	12	17128384	323	1			260		other	0
10108025	640	Response	1	17139432	11371	1
10108025	641	Sound	15	17152383	314	1			260		other	0
10108025	641	Response	1	17173511	21443	1
10108025	642	Sound	18	17175182	439	1			260		other	0
10108025	643	Sound	11	17201981	396	1			260		other	0
10108025	643	Response	1	17210229	8645	1
10108025	644	Sound	13	17223780	355	1			260		other	0
10108025	645	Sound	13	17251979	379	1			260		other	0
10108025	646	Sound	17	17273578	304	1			260		other	0
10108025	646	Response	1	17278147	4873	1
10108025	647	Sound	12	17298177	396	1			260		other	0
10108025	648	Sound	18	17321576	287	1			260		other	0
10108025	648	Response	1	17326225	4936	1
10108025	649	Sound	14	17341376	413	1			260		other	0
10108025	650	Sound	21	17366775	304	1			260		other	0
10108025	650	Response	1	17371024	4553	1
10108025	651	Sound	11	17385974	331	1			260		other	0
10108025	652	Sound	11	17401373	392	1			260		other	0
10108025	653	Sound	21	17418373	386	1			260		other	0
10108025	653	Response	1	17422382	4395	1
10108025	654	Sound	15	17442172	344	1			260		other	0
10108025	655	Sound	18	17458571	405	1			260		other	0
10108025	655	Response	1	17462300	4134	1
10108025	656	Sound	19	17482771	430	1			260		other	0
10108025	656	Response	1	17486139	3798	1
10108025	657	Sound	19	17499370	357	1			260		other	0
10108025	657	Response	1	17501899	2886	1
10108025	658	Sound	15	17516569	384	1			260		other	0
10108025	658	Response	1	17519978	3793	1
10108025	659	Sound	20	17534769	411	1			260		other	0
10108025	659	Response	1	17537497	3140	1
10108025	660	Sound	19	17555368	337	1			260		other	0
10108025	660	Response	1	17555576	546	2
10108025	661	Sound	13	17572967	431	1			260		other	0
10108025	662	Sound	16	17596966	422	1			260		other	0
10108025	662	Response	1	17602375	5831	1
10108025	663	Sound	21	17618165	448	1			260		other	0
10108025	663	Response	1	17622214	4496	1
10108025	664	Sound	15	17634565	342	1			260		other	0
10108025	664	Response	1	17641893	7671	1
10108025	665	Sound	21	17655564	335	1			260		other	0
10108025	665	Response	1	17667012	11783	1
10108025	666	Sound	16	17682363	292	1			260		other	0
10108025	666	Response	1	17689092	7020	1
10108025	667	Sound	19	17699963	386	1			260		other	0
10108025	667	Response	1	17708931	9354	1
10108025	668	Sound	17	17722362	444	1			260		other	0
10108025	668	Response	1	17727730	5813	1
10108025	669	Sound	14	17737961	372	1			260		other	0
10108025	670	Sound	11	17762160	397	1			260		other	0
10108025	670	Response	1	17765328	3565	1
10108025	671	Sound	14	17783159	389	1			260		other	0
10108025	672	Sound	14	17801159	383	1			260		other	0
10108025	673	Response	255	18172913	347883	1
10108025	673	Response	1	18249150	424120	1
10108025	674	Sound	14	18253542	288	1			260		other	0
10108025	675	Sound	15	18271141	382	1			260		other	0
10108025	675	Response	1	18275789	5030	1
10108025	676	Sound	17	18286741	310	1			260		other	0
10108025	676	Response	1	18290909	4478	1
10108025	677	Sound	16	18314940	333	1			260		other	0
10108025	677	Response	1	18320188	5581	1
10108025	678	Sound	12	18335739	292	1			260		other	0
10108025	678	Response	1	18340267	4820	1
10108025	679	Sound	20	18354538	419	1			260		other	0
10108025	679	Response	1	18357946	3826	1
10108025	679	Response	1	18380665	26546	1
10108025	680	Sound	14	18381937	476	1			260		other	0
10108025	681	Sound	12	18397537	404	1			260		other	0
10108025	682	Sound	14	18413336	364	1			260		other	0
10108025	682	Response	1	18416904	3932	1
10108025	683	Sound	13	18429935	292	1			260		other	0
10108025	684	Sound	21	18446335	353	1			260		other	0
10108025	684	Response	1	18446663	680	1
10108025	685	Sound	15	18472334	343	1			260		other	0
10108025	685	Response	1	18476982	4991	1
10108025	686	Sound	13	18500533	367	1			260		other	0
10108025	686	Response	1	18504980	4814	1
10108025	687	Sound	12	18519132	460	1			260		other	0
10108025	688	Sound	16	18536132	287	1			260		other	0
10108025	688	Response	1	18541459	5615	1
10108025	689	Sound	12	18555931	414	1			260		other	0
10108025	690	Sound	11	18571130	275	1			260		other	0
10108025	691	Sound	18	18596929	399	1			260		other	0
10108025	691	Response	1	18601777	5246	1
10108025	692	Sound	17	18612529	327	1			260		other	0
10108025	692	Response	1	18617056	4854	2
10108025	693	Sound	18	18628728	354	1			260		other	0
10108025	693	Response	1	18632976	4602	1
10108025	694	Sound	19	18654727	345	1			260		other	0
10108025	694	Response	1	18657455	3073	1
10108025	695	Sound	17	18679326	436	1			260		other	0
10108025	695	Response	1	18683854	4964	1
10108025	696	Sound	19	18705925	360	1			260		other	0
10108025	696	Response	1	18709213	3647	1
10108025	697	Sound	20	18730924	351	1			260		other	0
10108025	697	Response	1	18735452	4879	1
10108025	698	Sound	18	18749524	445	1			260		other	0
10108025	699	Sound	16	18771523	437	1			260		other	0
10108025	699	Response	1	18776250	5164	1
10108025	700	Sound	19	18797922	327	1			260		other	0
10108025	700	Response	1	18800729	3135	1
10108025	701	Sound	15	18824721	451	1			260		other	0
10108025	701	Response	1	18830488	6218	1
10108025	702	Sound	21	18845920	310	1			260		other	0
10108025	702	Response	1	18850567	4957	1
10108025	703	Sound	21	18869319	368	1			260		other	0
10108025	703	Response	1	18872647	3696	1
10108025	704	Sound	11	18886119	329	1			260		other	0
10108025	704	Response	1	18891606	5816	1
10108025	705	Sound	11	18911118	320	1			260		other	0
10108025	706	Sound	15	18929317	347	1			260		other	0
10108025	707	Sound	11	18951516	372	1			260		other	0
10108025	708	Sound	16	18968116	467	1			260		other	0
10108025	708	Response	1	18973123	5474	1
10108025	709	Sound	15	18991715	391	1			260		other	0
10108025	709	Response	1	18995842	4519	1
10108025	710	Sound	16	19015914	416	1			260		other	0
10108025	710	Response	1	19019441	3943	1
10108025	711	Sound	17	19035113	443	1			260		other	0
10108025	711	Response	1	19038880	4210	1
10108025	712	Sound	11	19050313	304	1			260		other	0
10108025	712	Response	1	19067679	17671	1
10108025	713	Sound	18	19077512	328	1			260		other	0
10108025	713	Response	1	19082958	5774	1
10108025	714	Sound	19	19102711	352	1			260		other	0
10108025	714	Response	1	19106318	3959	1
10108025	715	Sound	21	19126910	377	1			260		other	0
10108025	715	Response	1	19129517	2984	1
10108025	716	Sound	17	19150309	268	1			260		other	0
10108025	716	Response	1	19154636	4595	1
10108025	717	Sound	13	19174908	360	1			260		other	0
10108025	717	Response	1	19183035	8487	1
10108025	718	Sound	21	19190307	421	1			260		other	0
10108025	718	Response	1	19194154	4268	1
10108025	719	Sound	20	19216506	445	1			260		other	0
10108025	719	Response	1	19222314	6252	1
10108025	720	Sound	20	19242705	469	1			260		other	0
10108025	720	Response	1	19246153	3916	1
10108025	721	Sound	19	19259705	296	1			260		other	0
10108025	721	Response	1	19265992	6583	1
10108025	722	Sound	12	19278504	422	1			260		other	0
10108025	723	Sound	20	19305703	446	1			260		other	0
10108025	723	Response	1	19308870	3613	1
10108025	724	Sound	18	19323902	306	1			260		other	0
10108025	724	Response	1	19328070	4473	1
10108025	725	Sound	14	19347102	331	1			260		other	0
10108025	725	Response	1	19354309	7538	1
10108025	726	Sound	13	19368101	324	1			260		other	0
10108025	727	Sound	14	19389900	449	1			260		other	0
10108025	728	Sound	13	19405899	444	1			260		other	0
10108025	729	Response	255	19644778	211400	1
10108025	730	Sound	15	19713888	334	1			260		other	0
10108025	730	Response	1	19719094	5540	1
10108025	731	Sound	16	19741487	424	1			260		other	0
10108025	731	Response	1	19744854	3791	1
10108025	732	Sound	11	19769486	414	1			260		other	0
10108025	733	Sound	18	19794685	272	1			260		other	0
10108025	733	Response	1	19800772	6358	1
10108025	734	Sound	15	19813484	398	1			260		other	0
10108025	735	Sound	20	19836284	357	1			260		other	0
10108025	735	Response	1	19841170	5244	2
10108025	736	Sound	15	19864282	347	1			260		other	0
10108025	737	Sound	13	19880282	341	1			260		other	0
10108025	737	Response	1	19882049	2108	1
10108025	738	Sound	20	19899881	268	1			260		other	0
10108025	738	Response	1	19904127	4514	1
10108025	739	Sound	21	19928080	458	1			260		other	0
10108025	739	Response	1	19931007	3384	1
10108025	740	Sound	18	19943680	385	1			260		other	0
10108025	740	Response	1	19948446	5152	1
10108025	741	Sound	20	19966879	410	1			260		other	0
10108025	741	Response	1	19971405	4937	1
10108025	742	Sound	19	19984278	471	1			260		other	0
10108025	742	Response	1	19988684	4877	1
10108025	743	Sound	11	20005477	330	1			260		other	0
10108025	743	Response	1	20020523	15376	1
10108025	744	Sound	20	20033276	454	1			260		other	0
10108025	744	Response	1	20036682	3860	1
10108025	745	Sound	20	20055675	345	1			260		other	0
10108025	745	Response	1	20058522	3192	1
10108025	746	Sound	14	20073275	439	1			260		other	0
10108025	746	Response	1	20077321	4485	1
10108025	747	Sound	17	20095474	298	1			260		other	0
10108025	747	Response	1	20099160	3984	1
10108025	748	Sound	19	20117473	290	1			260		other	0
10108025	748	Response	1	20120359	3176	1
10108025	749	Sound	19	20137272	416	1			260		other	0
10108025	749	Response	1	20140038	3182	2
10108025	750	Sound	13	20163072	374	1			260		other	0
10108025	751	Sound	11	20187471	432	1			260		other	0
10108025	752	Sound	21	20206070	358	1			260		other	0
10108025	752	Response	1	20209476	3765	1
10108025	753	Sound	16	20231069	350	1			260		other	0
10108025	754	Sound	14	20251268	376	1			260		other	0
10108025	755	Sound	16	20271867	302	1			260		other	0
10108025	755	Response	1	20275713	4148	1
10108025	756	Sound	12	20291467	395	1			260		other	0
10108025	757	Sound	12	20310666	421	1			260		other	0
10108025	758	Sound	12	20334865	446	1			260		other	0
10108025	759	Sound	19	20357664	404	1			260		other	0
10108025	759	Response	1	20362190	4930	1
10108025	760	Sound	12	20382863	429	1			260		other	0
10108025	761	Sound	17	20404263	321	1			260		other	0
10108025	761	Response	1	20407388	3447	1
10108025	762	Sound	19	20431662	378	1			260		other	0
10108025	762	Response	1	20434908	3624	1
10108025	763	Sound	14	20455661	369	1			260		other	0
10108025	763	Response	1	20459387	4095	1
10108025	764	Sound	13	20481060	427	1			260		other	0
10108025	765	Sound	16	20507059	418	1			260		other	0
10108025	765	Response	1	20515305	8664	1
10108025	766	Sound	13	20525658	344	1			260		other	0
10108025	767	Sound	17	20541257	439	1			260		other	0
10108025	767	Response	1	20544823	4005	1
10108025	768	Sound	13	20566257	263	1			260		other	0
10108025	769	Sound	14	20582656	324	1			260		other	0
10108025	770	Sound	12	20607455	282	1			260		other	0
10108025	770	Response	1	20616021	8848	1
10108025	771	Sound	21	20625054	376	1			260		other	0
10108025	771	Response	1	20631300	6621	1
10108025	772	Sound	16	20649654	467	1			260		other	0
10108025	773	Sound	17	20668653	294	1			260		other	0
10108025	773	Response	1	20673458	5099	1
10108025	774	Sound	21	20686452	420	1			260		other	0
10108025	774	Response	1	20690738	4706	1
10108025	775	Sound	17	20709851	312	1			260		other	0
10108025	775	Response	1	20715377	5838	1
10108025	776	Sound	15	20736650	269	1			260		other	0
10108025	777	Sound	18	20760249	361	1			260		other	0
10108025	777	Response	1	20767615	7726	1
10108025	778	Sound	21	20781649	420	1			260		other	0
10108025	778	Response	1	20785294	4065	1
10108025	779	Sound	14	20801848	446	1			260		other	0
10108025	780	Sound	11	20828647	403	1			260		other	0
10108025	781	Sound	18	20848046	296	1			260		other	0
10108025	781	Response	1	20852172	4422	1
10108025	782	Sound	18	20871445	354	1			260		other	0
10108025	782	Response	1	20875131	4040	1
10108025	783	Sound	15	20896844	412	1			260		other	0
10108025	783	Response	1	20900890	4457	1
10108025	784	Sound	11	20918044	438	1			260		other	0
10108025	785	Response	255	21274636	328441	1
10108025	785	Response	1	21319674	373479	1
10108025	785	Response	1	21344953	398758	1
10108025	786	Sound	110	21345828	419	1			260		other	0
10108025	786	Response	1	21367672	22263	1
10108025	787	Sound	111	21373027	442	1			260		other	0
10108025	787	Response	1	21377992	5407	1
10108025	788	Sound	102	21390626	369	1			260		other	0
10108025	789	Sound	106	21414025	428	1			260		other	0
10108025	789	Response	1	21417910	4313	1
10108025	790	Sound	108	21438824	386	1			260		other	0
10108025	790	Response	1	21445029	6590	1
10108025	791	Sound	105	21466223	442	1			260		other	0
10108025	791	Response	1	21469028	3247	1
10108025	792	Sound	107	21489422	467	1			260		other	0
10108025	792	Response	1	21490228	1273	1
10108025	793	Sound	103	21510422	460	1			260		other	0
10108025	794	Sound	109	21529821	353	1			260		other	0
10108025	794	Response	1	21532866	3398	1
10108025	795	Sound	110	21553220	411	1			260		other	0
10108025	795	Response	1	21557105	4296	1
10108025	796	Sound	109	21580219	402	1			260		other	0
10108025	796	Response	1	21583104	3287	1
10108025	797	Sound	105	21599018	362	1			260		other	0
10108025	797	Response	1	21603423	4767	1
10108025	798	Sound	101	21627617	285	1			260		other	0
10108025	799	Sound	107	21645617	278	1			260		other	0
10108025	799	Response	1	21649902	4563	1
10108025	800	Sound	101	21668016	337	1			260		other	0
10108025	801	Sound	106	21687615	430	1			260		other	0
10108025	801	Response	1	21693420	6235	1
10108025	802	Sound	109	21714014	321	1			260		other	0
10108025	802	Response	1	21719819	6125	1
10108025	803	Sound	106	21738813	279	1			260		other	0
10108025	803	Response	1	21741418	2883	1
10108025	804	Sound	103	21760412	371	1			260		other	0
10108025	805	Sound	111	21783212	329	1			260		other	0
10108025	805	Response	1	21786696	3814	1
10108025	806	Sound	104	21806211	321	1			260		other	0
10108025	807	Sound	108	21829610	379	1			260		other	0
10108025	807	Response	1	21834294	5064	1
10108025	808	Sound	104	21848409	339	1			260		other	0
10108025	808	Response	1	21853094	5024	1
10108025	809	Sound	104	21870008	432	1			260		other	0
10108025	810	Sound	106	21887608	359	1			260		other	0
10108025	810	Response	1	21893492	6243	1
10108025	811	Sound	108	21910407	317	1			260		other	0
10108025	812	Sound	106	21935806	375	1			260		other	0
10108025	812	Response	1	21940931	5500	1
10108025	813	Sound	103	21957005	401	1			260		other	0
10108025	813	Response	1	21969089	12485	1
10108025	814	Sound	109	21973405	295	1			260		other	0
10108025	814	Response	1	21985489	12379	1
10108025	815	Sound	111	21993404	454	1			260		other	0
10108025	815	Response	1	21997728	4779	1
10108025	816	Sound	103	22014203	414	1			260		other	0
10108025	816	Response	1	22020208	6418	1
10108025	817	Sound	111	22033202	407	1			260		other	0
10108025	817	Response	1	22036127	3331	1
10108025	818	Sound	110	22049202	401	1			260		other	0
10108025	818	Response	1	22052526	3726	1
10108025	819	Sound	102	22072801	327	1			260		other	0
10108025	820	Sound	107	22098600	450	1			260		other	0
10108025	820	Response	1	22102364	4214	1
10108025	821	Sound	101	22119799	309	1			260		other	0
10108025	822	Sound	110	22140598	435	1			260		other	0
10108025	822	Response	1	22144283	4119	1
10108025	823	Sound	104	22168597	425	1			260		other	0
10108025	823	Response	1	22174602	6430	1
10108025	824	Sound	101	22186797	285	1			260		other	0
10108025	824	Response	1	22198041	11529	1
10108025	825	Sound	105	22205396	379	1			260		other	0
10108025	826	Sound	101	22227595	404	1			260		other	0
10108025	826	Response	1	22243639	16448	1
10108025	827	Sound	102	22247194	330	1			260		other	0
10108025	828	Sound	110	22273393	354	1			260		other	0
10108025	828	Response	1	22276678	3639	1
10108025	829	Sound	111	22294593	380	1			260		other	0
10108025	829	Response	1	22297637	3425	3
10108025	830	Sound	103	22314792	406	1			260		other	0
10108025	831	Sound	108	22335991	432	1			260		other	0
10108025	831	Response	1	22340675	5116	1
10108025	832	Sound	107	22358190	291	1			260		other	0
10108025	832	Response	1	22364034	6135	1
10108025	833	Sound	105	22384789	381	1			260		other	0
10108025	833	Response	1	22387793	3385	1
10108025	834	Sound	107	22406589	340	1			260		other	0
10108025	834	Response	1	22410113	3864	1
10108025	835	Sound	102	22433388	297	1			260		other	0
10108025	835	Response	1	22452751	19661	1
10108025	836	Sound	104	22457387	289	1			260		other	0
10108025	837	Sound	109	22484386	280	1			260		other	0
10108025	837	Response	1	22496830	12723	1
10108025	838	Sound	102	22506785	338	1			260		other	0
10108025	839	Sound	105	22534584	461	1			260		other	0
10108025	840	Sound	108	22563383	418	1			260		other	0
10108025	841	Response	255	22787619	203567	1
10108025	842	Sound	103	22868571	342	1			260		other	0
10108025	843	Sound	105	22892371	468	1			260		other	0
10108025	843	Response	1	22896574	4672	1
10108025	844	Sound	101	22920570	324	1			260		other	0
10108025	845	Sound	105	22943369	449	1			260		other	0
10108025	845	Response	1	22949212	6292	1
10108025	846	Sound	107	22962968	375	1			260		other	0
10108025	846	Response	1	22967772	5179	1
10108025	847	Sound	107	22981767	335	1			260		other	0
10108025	847	Response	1	22985531	4099	1
10108025	848	Sound	109	22999967	362	1			260		other	0
10108025	848	Response	1	23003210	3606	1
10108025	849	Sound	108	23021766	321	1			260		other	0
10108025	849	Response	1	23025050	3605	1
10108025	850	Sound	102	23045365	413	1			260		other	0
10108025	851	Sound	104	23066364	405	1			260		other	0
10108025	851	Response	1	23072248	6289	1
10108025	852	Sound	110	23091363	396	1			260		other	0
10108025	852	Response	1	23094967	4000	1
10108025	853	Sound	105	23119762	453	1			260		other	0
10108025	853	Response	1	23125286	5976	1
10108025	854	Sound	103	23136762	280	1			260		other	0
10108025	855	Sound	108	23152761	274	1			260		other	0
10108025	855	Response	1	23157604	5117	1
10108025	856	Sound	111	23177160	332	1			260		other	0
10108025	856	Response	1	23180163	3336	1
10108025	857	Sound	107	23193960	460	1			260		other	0
10108025	857	Response	1	23198883	5383	1
10108025	858	Sound	110	23216759	418	1			260		other	0
10108025	858	Response	1	23219922	3581	1
10108025	858	Response	1	23240241	23901	1
10108025	859	Sound	102	23245758	408	1			260		other	0
10108025	860	Sound	105	23268957	433	1			260		other	0
10108025	860	Response	1	23274320	5796	2
10108025	861	Sound	111	23287156	293	1			260		other	0
10108025	861	Response	1	23289999	3136	1
10108025	862	Sound	106	23314355	317	1			260		other	0
10108025	862	Response	1	23318878	4840	1
10108025	863	Sound	103	23334754	376	1			260		other	0
10108025	864	Sound	109	23358154	434	1			260		other	0
10108025	864	Response	1	23361037	3318	1
10108025	865	Sound	104	23377953	394	1			260		other	0
10108025	866	Sound	110	23396552	322	1			260		other	0
10108025	866	Response	1	23401195	4965	1
10108025	867	Sound	106	23414351	281	1			260		other	0
10108025	867	Response	1	23419115	5044	1
10108025	868	Sound	109	23438351	272	1			260		other	0
10108025	868	Response	1	23441834	3756	1
10108025	869	Sound	110	23457350	432	1			260		other	0
10108025	869	Response	1	23460633	3716	1
10108025	870	Sound	108	23480949	357	1			260		other	0
10108025	870	Response	1	23484632	4040	1
10108025	871	Sound	106	23507548	448	1			260		other	0
10108025	871	Response	1	23511751	4651	1
10108025	872	Sound	101	23525947	341	1			260		other	0
10108025	873	Sound	111	23544347	401	1			260		other	0
10108025	873	Response	1	23547990	4044	1
10108025	874	Sound	101	23568346	393	1			260		other	0
10108025	875	Sound	101	23591745	452	1			260		other	0
10108025	876	Sound	103	23619944	308	1			260		other	0
10108025	877	Sound	102	23647543	398	1			260		other	0
10108025	878	Sound	103	23669742	423	1			260		other	0
10108025	878	Response	1	23676225	6906	1
10108025	879	Sound	104	23694741	414	1			260		other	0
10108025	880	Sound	109	23717540	373	1			260		other	0
10108025	881	Sound	110	23742739	397	1			260		other	0
10108025	881	Response	1	23747902	5560	1
10108025	882	Sound	102	23770938	421	1			260		other	0
10108025	883	Sound	107	23798937	410	1			260		other	0
10108025	883	Response	1	23803580	5053	1
10108025	884	Sound	104	23815137	438	1			260		other	0
10108025	885	Sound	108	23831736	365	1			260		other	0
10108025	885	Response	1	23837258	5888	1
10108025	886	Sound	105	23847535	326	1			260		other	0
10108025	886	Response	1	23854218	7009	1
10108025	887	Sound	101	23869335	452	1			260		other	0
10108025	888	Sound	106	23889334	445	1			260		other	0
10108025	888	Response	1	23894217	5328	1
10108025	889	Sound	104	23911533	304	1			260		other	0
10108025	889	Response	1	23916056	4826	1
10108025	890	Sound	108	23930732	330	1			260		other	0
10108025	890	Response	1	23934215	3813	1
10108025	891	Sound	109	23951731	323	1			260		other	0
10108025	891	Response	1	23955414	4005	1
10108025	892	Sound	106	23976131	381	1			260		other	0
10108025	892	Response	1	23979413	3663	1
10108025	893	Sound	111	24000530	272	1			260		other	0
10108025	893	Response	1	24003652	3395	1
10108025	893	Response	1	24024612	24354	1
10108025	894	Sound	102	24025529	430	1			260		other	0
10108025	895	Sound	111	24048128	355	1			260		other	0
10108025	895	Response	1	24051731	3958	1
10108025	896	Sound	107	24066727	282	1			260		other	0
10108025	896	Response	1	24071170	4724	1
10108025	897	Response	255	24243723	154857	1
10108025	898	Sound	105	24316918	392	1			260		other	0
10108025	898	Response	1	24322200	5675	1
10108025	899	Sound	104	24334917	388	1			260		other	0
10108025	900	Sound	102	24358516	478	1			260		other	0
10108025	901	Sound	108	24375516	471	1			260		other	0
10108025	901	Response	1	24379158	4114	1
10108025	902	Sound	106	24398515	296	1			260		other	0
10108025	903	Sound	105	24419314	422	1			260		other	0
10108025	903	Response	1	24424837	5945	1
10108025	904	Sound	109	24446513	446	1			260		other	0
10108025	904	Response	1	24449955	3888	1
10108025	905	Sound	104	24474112	370	1			260		other	0
10108025	905	Response	1	24478114	4372	1
10108025	906	Sound	103	24496511	428	1			260		other	0
10108025	907	Sound	111	24515111	355	1			260		other	0
10108025	907	Response	1	24518353	3597	1
10108025	908	Sound	101	24542710	445	1			260		other	0
10108025	909	Sound	105	24563909	304	1			260		other	0
10108025	909	Response	1	24568111	4506	1
10108025	910	Sound	102	24579708	265	1			260		other	0
10108025	911	Sound	109	24608707	422	1			260		other	0
10108025	911	Response	1	24612669	4384	1
10108025	912	Sound	107	24624707	416	1			260		other	0
10108025	913	Sound	107	24644306	342	1			260		other	0
10108025	913	Response	1	24648748	4784	1
10108025	914	Sound	109	24665105	301	1			260		other	0
10108025	914	Response	1	24668827	4024	1
10108025	915	Sound	106	24691104	459	1			260		other	0
10108025	915	Response	1	24695466	4821	1
10108025	916	Sound	108	24715903	417	1			260		other	0
10108025	916	Response	1	24718665	3179	1
10108025	917	Sound	109	24742702	374	1			260		other	0
10108025	917	Response	1	24745944	3616	1
10108025	918	Sound	101	24763702	366	1			260		other	0
10108025	919	Sound	106	24782301	293	1			260		other	0
10108025	919	Response	1	24785463	3455	1
10108025	920	Sound	103	24799300	454	1			260		other	0
10108025	921	Sound	103	24820899	379	1			260		other	0
10108025	922	Sound	111	24848298	436	1			260		other	0
10108025	922	Response	1	24851860	3998	1
10108025	923	Sound	101	24869098	396	1			260		other	0
10108025	924	Sound	110	24885697	323	1			260		other	0
10108025	925	Sound	111	24906496	449	1			260		other	0
10108025	925	Response	1	24913938	7890	1
10108025	926	Sound	111	24924496	276	1			260		other	0
10108025	926	Response	1	24929457	5237	1
10108025	927	Sound	102	24943895	335	1			260		other	0
10108025	928	Sound	101	24966494	427	1			260		other	0
10108025	929	Sound	108	24984293	388	1			260		other	0
10108025	929	Response	1	24988415	4510	1
10108025	930	Sound	106	25006893	313	1			260		other	0
10108025	930	Response	1	25014174	7594	1
10108025	931	Sound	108	25024892	306	1			260		other	0
10108025	931	Response	1	25028814	4228	1
10108025	932	Sound	105	25046091	332	1			260		other	0
10108025	933	Sound	106	25065290	359	1			260		other	0
10108025	934	Sound	111	25082490	386	1			260		other	0
10108025	934	Response	1	25086252	4148	1
10108025	935	Sound	110	25108889	277	1			260		other	0
10108025	935	Response	1	25114250	5638	1
10108025	936	Sound	109	25133488	368	1			260		other	0
10108025	936	Response	1	25138489	5369	1
10108025	937	Sound	104	25160887	425	1			260		other	0
10108025	937	Response	1	25170808	10346	1
10108025	938	Sound	110	25179686	385	1			260		other	0
10108025	938	Response	1	25184408	5106	1
10108025	939	Sound	105	25197286	312	1			260		other	0
10108025	939	Response	1	25211447	14473	1
10108025	940	Sound	108	25220285	470	1			260		other	0
10108025	940	Response	1	25223926	4112	1
10108025	941	Sound	102	25246284	294	1			260		other	0
10108025	942	Sound	102	25269683	353	1			260		other	0
10108025	943	Sound	103	25295282	277	1			260		other	0
10108025	944	Sound	103	25314681	336	1			260		other	0
10108025	945	Sound	101	25339080	395	1			260		other	0
10108025	946	Sound	110	25363479	453	1			260		other	0
10108025	946	Response	1	25367441	4414	1
10108025	947	Sound	107	25387878	344	1			260		other	0
10108025	947	Response	1	25392080	4545	1
10108025	948	Sound	104	25409478	437	1			260		other	0
10108025	948	Response	1	25417439	8398	1
10108025	949	Sound	110	25434877	327	1			260		other	0
10108025	949	Response	1	25439118	4568	1
10108025	950	Sound	107	25463676	283	1			260		other	0
10108025	951	Sound	104	25484875	309	1			260		other	0
10108025	951	Response	1	25490876	6310	1
10108025	952	Sound	107	25503674	269	1			260		other	0
10108025	952	Response	1	25508555	5150	1
10108025	953	Response	255	25733107	203780	1
10108025	954	Sound	20	25811463	459	1			260		other	0
10108025	954	Response	1	25815424	4420	1
10108025	955	Sound	11	25834462	451	1			260		other	0
10108025	955	Response	1	25839903	5892	1
10108025	956	Sound	17	25849661	312	1			260		other	0
10108025	956	Response	1	25853022	3673	1
10108025	957	Sound	12	25864861	340	1			260		other	0
10108025	958	Sound	14	25883260	400	1			260		other	0
10108025	958	Response	1	25890141	7281	1
10108025	959	Sound	12	25902060	360	1			260		other	0
10108025	960	Sound	13	25928259	384	1			260		other	0
10108025	961	Sound	21	25944258	379	1			260		other	0
10108025	961	Response	1	25948059	4179	1
10108025	962	Sound	18	25961657	272	1			260		other	0
10108025	962	Response	1	25965978	4593	1
10108025	963	Sound	20	25980457	399	1			260		other	0
10108025	963	Response	1	25984538	4480	1
10108025	964	Sound	21	26005856	457	1			260		other	0
10108025	964	Response	1	26009656	4257	1
10108025	965	Sound	15	26033255	347	1			260		other	0
10108025	966	Sound	12	26055654	406	1			260		other	0
10108025	967	Sound	18	26071453	367	1			260		other	0
10108025	967	Response	1	26075174	4087	1
10108025	968	Sound	13	26096852	424	1			260		other	0
10108025	969	Sound	14	26117652	383	1			260		other	0
10108025	969	Response	1	26121972	4704	1
10108025	970	Sound	16	26137051	277	1			260		other	0
10108025	970	Response	1	26141572	4797	1
10108025	971	Sound	18	26159250	302	1			260		other	0
10108025	971	Response	1	26162771	3823	1
10108025	972	Sound	11	26182649	360	1			260		other	0
10108025	973	Sound	19	26201448	320	1			260		other	0
10108025	973	Response	1	26204529	3401	1
10108025	974	Sound	19	26221248	280	1			260		other	0
10108025	974	Response	1	26223088	2120	1
10108025	975	Sound	19	26243247	272	1			260		other	0
10108025	975	Response	1	26245808	2833	1
10108025	976	Sound	14	26269646	329	1			260		other	0
10108025	977	Sound	14	26295045	387	1			260		other	0
10108025	978	Sound	19	26315644	313	1			260		other	0
10108025	978	Response	1	26319405	4073	1
10108025	979	Sound	17	26333443	273	1			260		other	0
10108025	979	Response	1	26336684	3513	1
10108025	980	Sound	11	26352643	300	1			260		other	0
10108025	981	Sound	11	26371242	393	1			260		other	0
10108025	982	Sound	18	26386642	287	1			260		other	0
10108025	982	Response	1	26390202	3848	1
10108025	983	Sound	15	26402641	282	1			260		other	0
10108025	984	Sound	14	26420840	309	1			260		other	0
10108025	985	Sound	13	26438640	269	1			260		other	0
10108025	986	Sound	15	26457639	429	1			260		other	0
10108025	986	Response	1	26464279	7069	1
10108025	987	Sound	13	26484838	452	1			260		other	0
10108025	988	Sound	20	26511637	410	1			260		other	0
10108025	988	Response	1	26515557	4330	1
10108025	989	Sound	20	26527836	437	1			260		other	0
10108025	989	Response	1	26532197	4798	1
10108025	990	Sound	12	26544236	331	1			260		other	0
10108025	991	Sound	17	26571035	288	1			260		other	0
10108025	991	Response	1	26576515	5769	1
10108025	992	Sound	21	26590834	415	1			260		other	0
10108025	992	Response	1	26593554	3135	1
10108025	993	Sound	12	26609233	475	1			260		other	0
10108025	994	Sound	21	26624833	403	1			260		other	0
10108025	994	Response	1	26627873	3443	1
10108025	995	Sound	15	26649632	360	1			260		other	0
10108025	996	Sound	20	26674831	385	1			260		other	0
10108025	996	Response	1	26678991	4545	1
10108025	997	Sound	21	26691630	345	1			260		other	0
10108025	997	Response	1	26694910	3625	1
10108025	998	Sound	18	26710030	406	1			260		other	0
10108025	998	Response	1	26713950	4326	1
10108025	999	Sound	16	26727629	333	1			260		other	0
10108025	1000	Sound	13	26745228	426	1			260		other	0
10108025	1001	Sound	16	26765028	386	1			260		other	0
10108025	1001	Response	1	26769627	4986	1
10108025	1002	Sound	17	26784427	446	1			260		other	0
10108025	1002	Response	1	26787787	3806	1
10108025	1003	Sound	17	26806026	371	1			260		other	0
10108025	1003	Response	1	26810666	5011	1
10108025	1004	Sound	15	26832825	328	1			260		other	0
10108025	1004	Response	1	26841065	8568	1
10108025	1005	Sound	11	26849424	422	1			260		other	0
10108025	1006	Sound	16	26865224	383	1			260		other	0
10108025	1006	Response	1	26868984	4144	1
10108025	1007	Sound	19	26884623	277	1			260		other	0
10108025	1007	Response	1	26889303	4957	1
10108025	1008	Sound	16	26909422	401	1			260		other	0
10108025	1008	Response	1	26912742	3721	1
