Scenario - 
Logfile written - 11/07/2018 14:53:10

Subject	Trial	Event Type	Code	Time	TTime	Uncertainty	Duration	Uncertainty	ReqTime	ReqDur	Stim Type	Pair Index

10108010	1	Response	255	115133	114800	1
10108010	2	Sound	21	191413	430	1			260		other	0
10108010	2	Response	1	193291	2308	1
10108010	3	Sound	19	210213	390	1			260		other	0
10108010	4	Sound	16	233212	381	1			260		other	0
10108010	4	Response	1	235930	3099	1
10108010	5	Sound	14	255212	374	1			260		other	0
10108010	5	Response	1	258650	3811	1
10108010	6	Sound	18	274611	433	1			260		other	0
10108010	6	Response	1	276729	2551	1
10108010	7	Sound	20	292411	394	1			260		other	0
10108010	7	Response	1	294649	2631	1
10108010	8	Sound	13	320611	417	1			260		other	0
10108010	9	Sound	21	348210	340	1			260		other	0
10108010	9	Response	1	350808	2938	1
10108010	10	Sound	17	373809	431	1			260		other	0
10108010	10	Response	1	377047	3669	1
10108010	11	Sound	15	389809	426	1			260		other	0
10108010	11	Response	1	393207	3823	1
10108010	12	Sound	13	410209	318	1			260		other	0
10108010	13	Sound	19	430608	378	1			260		other	0
10108010	13	Response	1	433606	3375	1
10108010	14	Sound	15	451408	337	1			260		other	0
10108010	15	Sound	18	468607	364	1			260		other	0
10108010	15	Response	1	471605	3361	1
10108010	16	Sound	14	491207	290	1			260		other	0
10108010	17	Sound	14	512206	449	1			260		other	0
10108010	18	Sound	20	535406	474	1			260		other	0
10108010	18	Response	1	538003	3071	1
10108010	19	Sound	17	563005	397	1			260		other	0
10108010	19	Response	1	566403	3795	1
10108010	20	Sound	20	582605	324	1			260		other	0
10108010	20	Response	1	585842	3561	1
10108010	21	Sound	16	603805	350	1			260		other	0
10108010	21	Response	1	606642	3187	1
10108010	22	Sound	18	631004	373	1			260		other	0
10108010	22	Response	1	633921	3290	1
10108010	23	Sound	19	653003	365	1			260		other	0
10108010	23	Response	1	655281	2642	1
10108010	24	Sound	12	671603	459	1			260		other	0
10108010	25	Sound	17	693403	418	1			260		other	0
10108010	25	Response	1	696160	3175	1
10108010	26	Sound	12	715602	443	1			260		other	0
10108010	27	Sound	18	741802	300	1			260		other	0
10108010	27	Response	1	744478	2977	1
10108010	28	Sound	14	768601	424	1			260		other	0
10108010	29	Sound	12	795800	281	1			260		other	0
10108010	30	Sound	21	814000	308	1			260		other	0
10108010	30	Response	1	816557	2865	1
10108010	31	Sound	13	836000	300	1			260		other	0
10108010	32	Sound	20	859199	325	1			260		other	0
10108010	32	Response	1	861756	2882	1
10108010	33	Sound	16	886998	282	1			260		other	0
10108010	33	Response	1	889915	3199	1
10108010	34	Sound	16	913598	373	1			260		other	0
10108010	34	Response	1	916794	3569	1
10108010	35	Sound	13	933397	332	1			260		other	0
10108010	36	Sound	15	955197	291	1			260		other	0
10108010	36	Response	1	959433	4527	1
10108010	37	Sound	17	975597	351	1			260		other	0
10108010	37	Response	1	978393	3147	1
10108010	38	Sound	15	990796	378	1			260		other	0
10108010	39	Sound	17	1006196	440	1			260		other	0
10108010	39	Response	1	1010712	4956	1
10108010	40	Sound	21	1027195	432	1			260		other	0
10108010	40	Response	1	1029512	2748	1
10108010	41	Sound	14	1045195	426	1			260		other	0
10108010	42	Sound	18	1072794	349	1			260		other	0
10108010	42	Response	1	1075431	2985	1
10108010	43	Sound	12	1088994	377	1			260		other	0
10108010	44	Sound	11	1116994	367	1			260		other	0
10108010	45	Sound	12	1132393	428	1			260		other	0
10108010	46	Sound	16	1152393	421	1			260		other	0
10108010	46	Response	1	1155349	3377	1
10108010	47	Sound	19	1173592	280	1			260		other	0
10108010	47	Response	1	1176788	3476	1
10108010	48	Sound	20	1198392	405	1			260		other	0
10108010	48	Response	1	1202068	4080	1
10108010	49	Sound	21	1224391	395	1			260		other	0
10108010	49	Response	1	1226787	2791	1
10108010	50	Sound	19	1247591	420	1			260		other	0
10108010	50	Response	1	1250787	3616	1
10108010	51	Sound	11	1273590	411	1			260		other	0
10108010	52	Sound	11	1294390	370	1			260		other	0
10108010	53	Sound	11	1313989	297	1			260		other	0
10108010	54	Sound	11	1331789	424	1			260		other	0
10108010	55	Sound	15	1354988	282	1			260		other	0
10108010	55	Response	1	1359344	4638	1
10108010	56	Sound	13	1371188	310	1			260		other	0
10108010	57	Response	1	1394783	2318	1
10108010	57	Response	255	1457022	64556	1
10108010	58	Sound	104	1535385	284	1			260		other	0
10108010	58	Response	1	1540060	4959	1
10108010	59	Sound	102	1563384	274	1			260		other	0
10108010	60	Sound	107	1584183	400	1			260		other	0
10108010	60	Response	1	1586779	2995	1
10108010	61	Sound	103	1605583	293	1			260		other	0
10108010	62	Sound	111	1630583	451	1			260		other	0
10108010	62	Response	1	1632697	2566	1
10108010	63	Sound	101	1658182	374	1			260		other	0
10108010	64	Sound	111	1679981	334	1			260		other	0
10108010	64	Response	1	1682216	2569	1
10108010	65	Sound	101	1703181	358	1			260		other	0
10108010	66	Sound	102	1722781	284	1			260		other	0
10108010	66	Response	1	1727495	4999	1
10108010	67	Sound	101	1739780	445	1			260		other	0
10108010	68	Sound	108	1765180	336	1			260		other	0
10108010	68	Response	1	1767414	2571	1
10108010	69	Sound	110	1780979	297	1			260		other	0
10108010	70	Sound	108	1806979	455	1			260		other	0
10108010	70	Response	1	1809813	3289	1
10108010	71	Sound	107	1834378	345	1			260		other	0
10108010	71	Response	1	1837093	3059	1
10108010	72	Sound	106	1855578	370	1			260		other	0
10108010	72	Response	1	1859172	3965	1
10108010	73	Sound	105	1874777	398	1			260		other	0
10108010	73	Response	1	1877972	3592	2
10108010	74	Sound	107	1898577	355	1			260		other	0
10108010	74	Response	1	1901811	3589	1
10108010	75	Sound	109	1923176	280	1			260		other	0
10108010	75	Response	1	1926051	3154	1
10108010	76	Sound	103	1942176	274	1			260		other	0
10108010	77	Sound	104	1967575	330	1			260		other	0
10108010	77	Response	1	1971889	4645	1
10108010	78	Sound	104	1984175	425	1			260		other	0
10108010	78	Response	1	1987889	4140	1
10108010	79	Sound	102	2007175	417	1			260		other	0
10108010	80	Sound	111	2032974	374	1			260		other	0
10108010	80	Response	1	2035488	2888	1
10108010	81	Sound	106	2057773	332	1			260		other	0
10108010	81	Response	1	2061247	3806	1
10108010	82	Sound	110	2082173	390	1			260		other	0
10108010	82	Response	1	2084847	3064	1
10108010	83	Sound	103	2105572	448	1			260		other	0
10108010	83	Response	1	2110846	5722	1
10108010	84	Sound	109	2130972	339	1			260		other	0
10108010	84	Response	1	2133086	2453	1
10108010	85	Sound	110	2153371	399	1			260		other	0
10108010	85	Response	1	2156685	3713	1
10108010	86	Sound	106	2174971	323	1			260		other	0
10108010	86	Response	1	2178125	3477	1
10108010	87	Sound	110	2202770	281	1			260		other	0
10108010	87	Response	1	2205404	2914	1
10108010	88	Sound	107	2226970	471	1			260		other	0
10108010	88	Response	1	2229483	2985	2
10108010	89	Sound	104	2255969	461	1			260		other	0
10108010	89	Response	1	2259163	3655	1
10108010	90	Sound	104	2274569	388	1			260		other	0
10108010	90	Response	1	2278602	4422	1
10108010	91	Sound	103	2295168	314	1			260		other	0
10108010	91	Response	1	2298922	4068	1
10108010	92	Sound	101	2322968	438	1			260		other	0
10108010	93	Sound	106	2339567	365	1			260		other	0
10108010	93	Response	1	2341960	2758	2
10108010	94	Sound	102	2363167	290	1			260		other	0
10108010	95	Sound	102	2384366	315	1			260		other	0
10108010	96	Sound	103	2400766	376	1			260		other	0
10108010	96	Response	1	2405320	4930	1
10108010	97	Sound	105	2424165	435	1			260		other	0
10108010	97	Response	1	2427159	3428	1
10108010	98	Sound	108	2452765	358	1			260		other	0
10108010	98	Response	1	2455319	2911	1
10108010	99	Sound	111	2479364	282	1			260		other	0
10108010	99	Response	1	2481798	2716	1
10108010	100	Sound	109	2503164	407	1			260		other	0
10108010	100	Response	1	2506037	3280	1
10108010	101	Sound	110	2520363	267	1			260		other	0
10108010	101	Response	1	2523237	3140	1
10108010	102	Sound	108	2541563	293	1			260		other	0
10108010	102	Response	1	2544436	3166	2
10108010	103	Sound	107	2569562	449	1			260		other	0
10108010	103	Response	1	2571796	2683	1
10108010	104	Sound	106	2585762	310	1			260		other	0
10108010	104	Response	1	2588995	3543	1
10108010	105	Sound	105	2605962	336	1			260		other	0
10108010	105	Response	1	2609795	4170	1
10108010	106	Sound	111	2625961	329	1			260		other	0
10108010	106	Response	1	2628354	2722	1
10108010	107	Sound	105	2654161	353	1			260		other	0
10108010	107	Response	1	2656753	2945	1
10108010	108	Sound	101	2677760	445	1			260		other	0
10108010	109	Sound	105	2697160	337	1			260		other	0
10108010	109	Response	1	2700432	3610	2
10108010	110	Sound	108	2718359	363	1			260		other	0
10108010	110	Response	1	2721632	3636	1
10108010	111	Sound	109	2741159	322	1			260		other	0
10108010	111	Response	1	2743711	2874	1
10108010	112	Sound	109	2759358	348	1			260		other	0
10108010	112	Response	1	2761791	2781	1
10108010	113	Response	1	2785231	2466	1
10108010	113	Response	255	2819310	36545	1
10108010	114	Sound	13	2888356	302	1			260		other	0
10108010	115	Sound	14	2912355	294	1			260		other	0
10108010	116	Sound	20	2937755	352	1			260		other	0
10108010	116	Response	1	2940747	3344	1
10108010	117	Sound	13	2965954	375	1			260		other	0
10108010	118	Sound	12	2992353	432	1			260		other	0
10108010	119	Sound	18	3011353	425	1			260		other	0
10108010	119	Response	1	3014345	3417	1
10108010	120	Sound	15	3032352	418	1			260		other	0
10108010	120	Response	1	3037305	5370	1
10108010	121	Sound	14	3052552	277	1			260		other	0
10108010	121	Response	1	3057144	4869	1
10108010	122	Sound	16	3077352	402	1			260		other	0
10108010	122	Response	1	3080104	3154	1
10108010	123	Sound	21	3099751	461	1			260		other	0
10108010	123	Response	1	3102183	2893	1
10108010	124	Sound	11	3126150	351	1			260		other	0
10108010	125	Sound	19	3149950	476	1			260		other	0
10108010	125	Response	1	3153462	3988	1
10108010	126	Sound	18	3168749	269	1			260		other	0
10108010	126	Response	1	3172262	3781	1
10108010	127	Sound	18	3195949	293	1			260		other	0
10108010	127	Response	1	3198741	3085	1
10108010	128	Sound	14	3219948	451	1			260		other	0
10108010	129	Sound	17	3238348	344	1			260		other	0
10108010	129	Response	1	3241300	3296	1
10108010	130	Sound	17	3260747	403	1			260		other	0
10108010	130	Response	1	3264499	4155	1
10108010	131	Sound	17	3283747	395	1			260		other	0
10108010	131	Response	1	3287379	4027	1
10108010	132	Sound	18	3300547	356	1			260		other	0
10108010	132	Response	1	3303778	3587	1
10108010	133	Sound	13	3325746	380	1			260		other	0
10108010	134	Sound	11	3341146	441	1			260		other	0
10108010	135	Sound	11	3358746	368	1			260		other	0
10108010	136	Sound	12	3382745	360	1			260		other	0
10108010	137	Sound	21	3404145	419	1			260		other	0
10108010	137	Response	1	3406656	2930	1
10108010	138	Sound	17	3427944	377	1			260		other	0
10108010	138	Response	1	3431615	4048	1
10108010	139	Sound	13	3452543	302	1			260		other	0
10108010	140	Sound	15	3468343	262	1			260		other	0
10108010	141	Sound	16	3496543	453	1			260		other	0
10108010	141	Response	1	3500174	4084	1
10108010	142	Sound	21	3512942	347	1			260		other	0
10108010	142	Response	1	3515454	2858	1
10108010	143	Sound	19	3531542	273	1			260		other	0
10108010	143	Response	1	3535373	4104	1
10108010	144	Sound	16	3547141	368	1			260		other	0
10108010	144	Response	1	3550413	3639	2
10108010	145	Sound	15	3564541	428	1			260		other	0
10108010	145	Response	1	3568572	4459	1
10108010	146	Sound	20	3579741	289	1			260		other	0
10108010	146	Response	1	3582332	2881	1
10108010	147	Sound	14	3597540	416	1			260		other	0
10108010	147	Response	1	3600892	3768	1
10108010	148	Sound	15	3621740	441	1			260		other	0
10108010	148	Response	1	3625771	4472	1
10108010	149	Sound	20	3647139	332	1			260		other	0
10108010	149	Response	1	3650890	4083	1
10108010	150	Sound	19	3667139	325	1			260		other	0
10108010	150	Response	1	3669930	3116	1
10108010	151	Sound	12	3693338	349	1			260		other	0
10108010	152	Sound	16	3715338	341	1			260		other	0
10108010	152	Response	1	3719049	4052	1
10108010	153	Sound	19	3733537	368	1			260		other	0
10108010	153	Response	1	3736328	3159	1
10108010	154	Sound	20	3755137	294	1			260		other	0
10108010	154	Response	1	3757688	2845	1
10108010	155	Sound	21	3783136	284	1			260		other	0
10108010	155	Response	1	3785687	2834	1
10108010	156	Sound	17	3810936	407	1			260		other	0
10108010	156	Response	1	3814486	3958	1
10108010	157	Sound	15	3833135	432	1			260		other	0
10108010	157	Response	1	3837686	4983	1
10108010	158	Sound	12	3854335	458	1			260		other	0
10108010	159	Sound	11	3882534	315	1			260		other	0
10108010	160	Sound	19	3907134	406	1			260		other	0
10108010	160	Response	1	3909524	2797	1
10108010	161	Sound	11	3933733	330	1			260		other	0
10108010	162	Sound	21	3959933	354	1			260		other	0
10108010	162	Response	1	3962403	2824	2
10108010	163	Sound	14	3982932	346	1			260		other	0
10108010	164	Sound	16	4004732	471	1			260		other	0
10108010	164	Response	1	4008082	3822	1
10108010	165	Sound	18	4022731	298	1			260		other	0
10108010	165	Response	1	4025521	3089	1
10108010	166	Sound	12	4038331	393	1			260		other	0
10108010	167	Sound	20	4066330	383	1			260		other	0
10108010	167	Response	1	4069201	3253	1
10108010	168	Sound	13	4092730	440	1			260		other	0
10108010	169	Response	1	4120159	2448	1
10108010	169	Response	255	4154399	36687	1
10108010	170	Sound	11	4227127	292	1			260		other	0
10108010	171	Sound	11	4244326	319	1			260		other	0
10108010	172	Sound	20	4263126	279	1			260		other	0
10108010	172	Response	1	4266236	3389	1
10108010	173	Sound	21	4280526	340	1			260		other	0
10108010	173	Response	1	4283275	3090	1
10108010	174	Sound	14	4296725	367	1			260		other	0
10108010	175	Sound	16	4311925	395	1			260		other	0
10108010	175	Response	1	4316075	4545	1
10108010	176	Sound	12	4337324	286	1			260		other	0
10108010	177	Sound	17	4361324	278	1			260		other	0
10108010	177	Response	1	4364794	3747	1
10108010	178	Sound	11	4380124	404	1			260		other	0
10108010	179	Sound	18	4396523	465	1			260		other	0
10108010	179	Response	1	4399993	3935	1
10108010	180	Sound	18	4415923	358	1			260		other	0
10108010	180	Response	1	4419192	3628	1
10108010	181	Sound	14	4437922	350	1			260		other	0
10108010	182	Sound	14	4461122	375	1			260		other	0
10108010	182	Response	1	4465031	4285	1
10108010	183	Sound	20	4482121	368	1			260		other	0
10108010	183	Response	1	4484711	2957	1
10108010	184	Sound	12	4498721	295	1			260		other	0
10108010	185	Sound	15	4520721	454	1			260		other	0
10108010	185	Response	1	4523830	3564	1
10108010	186	Sound	14	4539320	381	1			260		other	0
10108010	186	Response	1	4542389	3450	2
10108010	187	Sound	16	4563920	305	1			260		other	0
10108010	187	Response	1	4567509	3895	1
10108010	188	Sound	15	4581519	399	1			260		other	0
10108010	188	Response	1	4585428	4308	1
10108010	189	Sound	14	4606119	324	1			260		other	0
10108010	190	Sound	18	4631318	348	1			260		other	0
10108010	190	Response	1	4634387	3417	2
10108010	191	Sound	16	4652518	374	1			260		other	0
10108010	191	Response	1	4656627	4483	1
10108010	192	Sound	13	4672117	467	1			260		other	0
10108010	193	Sound	21	4688117	461	1			260		other	0
10108010	193	Response	1	4690306	2650	1
10108010	194	Sound	19	4714116	452	1			260		other	0
10108010	194	Response	1	4717345	3681	1
10108010	195	Sound	12	4729716	380	1			260		other	0
10108010	196	Sound	19	4752116	438	1			260		other	0
10108010	196	Response	1	4755344	3667	1
10108010	197	Sound	13	4771115	432	1			260		other	0
10108010	198	Sound	15	4792515	324	1			260		other	0
10108010	199	Sound	15	4811914	384	1			260		other	0
10108010	199	Response	1	4815663	4132	1
10108010	200	Sound	19	4833114	410	1			260		other	0
10108010	200	Response	1	4836622	3918	1
10108010	201	Sound	21	4855913	368	1			260		other	0
10108010	201	Response	1	4858462	2917	1
10108010	202	Sound	18	4875513	294	1			260		other	0
10108010	202	Response	1	4879901	4683	1
10108010	203	Sound	20	4892313	422	1			260		other	0
10108010	203	Response	1	4895421	3530	1
10108010	204	Sound	15	4920312	412	1			260		other	0
10108010	204	Response	1	4924700	4800	1
10108010	205	Sound	11	4942511	437	1			260		other	0
10108010	206	Sound	16	4959711	298	1			260		other	0
10108010	206	Response	1	4963820	4406	1
10108010	207	Sound	19	4976911	325	1			260		other	0
10108010	207	Response	1	4980379	3793	2
10108010	208	Sound	17	4993710	286	1			260		other	0
10108010	208	Response	1	4997659	4234	1
10108010	209	Sound	21	5010110	346	1			260		other	0
10108010	209	Response	1	5012298	2535	1
10108010	210	Sound	19	5033909	305	1			260		other	0
10108010	210	Response	1	5036538	2933	1
10108010	211	Sound	20	5052909	298	1			260		other	0
10108010	211	Response	1	5056377	3766	1
10108010	212	Sound	20	5077909	456	1			260		other	0
10108010	212	Response	1	5080617	3164	1
10108010	213	Sound	13	5105908	279	1			260		other	0
10108010	214	Sound	13	5123708	406	1			260		other	0
10108010	215	Sound	18	5144307	332	1			260		other	0
10108010	215	Response	1	5147495	3520	1
10108010	216	Sound	12	5163707	392	1			260		other	0
10108010	217	Sound	21	5182706	385	1			260		other	0
10108010	217	Response	1	5185094	2773	1
10108010	218	Sound	16	5198706	379	1			260		other	0
10108010	219	Sound	17	5218706	372	1			260		other	0
10108010	219	Response	1	5222613	4280	1
10108010	220	Sound	17	5242305	297	1			260		other	0
10108010	220	Response	1	5246053	4045	1
10108010	221	Sound	17	5259905	391	1			260		other	0
10108010	221	Response	1	5263892	4379	1
10108010	222	Sound	12	5284304	282	1			260		other	0
10108010	223	Sound	11	5308304	273	1			260		other	0
10108010	224	Sound	13	5331303	432	1			260		other	0
10108010	225	Response	255	5401809	43682	1
10108010	226	Sound	16	5465700	451	1			260		other	0
10108010	226	Response	1	5473168	7918	1
10108010	227	Sound	12	5486700	277	1			260		other	0
10108010	228	Sound	19	5509099	335	1			260		other	0
10108010	228	Response	1	5512287	3523	1
10108010	229	Sound	13	5525099	330	1			260		other	0
10108010	230	Sound	21	5549898	454	1			260		other	0
10108010	230	Response	1	5553166	3721	1
10108010	231	Sound	19	5570898	280	1			260		other	0
10108010	231	Response	1	5574125	3507	1
10108010	232	Sound	21	5589898	273	1			260		other	0
10108010	232	Response	1	5592685	3060	1
10108010	233	Sound	12	5612697	398	1			260		other	0
10108010	234	Sound	13	5639297	322	1			260		other	0
10108010	235	Sound	15	5659896	415	1			260		other	0
10108010	235	Response	1	5664123	4642	1
10108010	236	Sound	20	5684296	306	1			260		other	0
10108010	236	Response	1	5687082	3093	1
10108010	237	Sound	14	5705895	398	1			260		other	0
10108010	238	Sound	19	5727295	458	1			260		other	0
10108010	238	Response	1	5729881	3044	1
10108010	239	Sound	18	5755094	414	1			260		other	0
10108010	239	Response	1	5758041	3361	1
10108010	240	Sound	14	5773894	374	1			260		other	0
10108010	241	Sound	15	5798693	332	1			260		other	0
10108010	242	Sound	17	5826093	389	1			260		other	0
10108010	242	Response	1	5828839	3136	1
10108010	243	Sound	13	5850892	347	1			260		other	0
10108010	244	Sound	14	5878891	337	1			260		other	0
10108010	244	Response	1	5883478	4923	2
10108010	245	Sound	18	5906091	360	1			260		other	0
10108010	245	Response	1	5908597	2867	1
10108010	246	Sound	11	5931690	451	1			260		other	0
10108010	247	Sound	21	5954890	310	1			260		other	0
10108010	247	Response	1	5957076	2496	1
10108010	248	Sound	17	5971689	270	1			260		other	0
10108010	248	Response	1	5976036	4617	1
10108010	249	Sound	16	5988889	464	1			260		other	0
10108010	249	Response	1	5992035	3610	1
10108010	250	Sound	12	6010089	323	1			260		other	0
10108010	251	Sound	16	6035288	348	1			260		other	0
10108010	251	Response	1	6038754	3814	1
10108010	252	Sound	17	6054488	374	1			260		other	0
10108010	252	Response	1	6057314	3200	1
10108010	253	Sound	16	6072687	401	1			260		other	0
10108010	253	Response	1	6075713	3427	1
10108010	254	Sound	15	6092087	294	1			260		other	0
10108010	254	Response	1	6096433	4640	1
10108010	255	Sound	11	6116686	385	1			260		other	0
10108010	256	Sound	13	6132086	447	1			260		other	0
10108010	257	Sound	12	6149486	340	1			260		other	0
10108010	258	Sound	17	6175885	398	1			260		other	0
10108010	258	Response	1	6178591	3104	1
10108010	259	Sound	20	6191285	459	1			260		other	0
10108010	259	Response	1	6194271	3445	1
10108010	260	Sound	12	6217884	383	1			260		other	0
10108010	261	Sound	20	6240884	374	1			260		other	0
10108010	261	Response	1	6243870	3360	1
10108010	262	Sound	18	6265283	432	1			260		other	0
10108010	262	Response	1	6267949	3098	1
10108010	263	Sound	21	6281083	393	1			260		other	0
10108010	263	Response	1	6283869	3179	1
10108010	264	Sound	20	6308482	450	1			260		other	0
10108010	264	Response	1	6311388	3356	1
10108010	265	Sound	18	6334082	375	1			260		other	0
10108010	265	Response	1	6337387	3680	1
10108010	266	Sound	16	6358681	466	1			260		other	0
10108010	266	Response	1	6363387	5171	1
10108010	267	Sound	17	6374681	294	1			260		other	0
10108010	267	Response	1	6378026	3639	1
10108010	268	Sound	14	6399680	451	1			260		other	0
10108010	269	Sound	21	6415080	346	1			260		other	0
10108010	269	Response	1	6417305	2571	1
10108010	270	Sound	14	6440879	470	1			260		other	0
10108010	271	Sound	19	6467879	294	1			260		other	0
10108010	271	Response	1	6470824	3239	1
10108010	272	Sound	11	6484278	354	1			260		other	0
10108010	273	Sound	15	6511278	345	1			260		other	0
10108010	274	Sound	15	6534277	336	1			260		other	0
10108010	275	Sound	13	6560277	327	1			260		other	0
10108010	276	Sound	11	6588076	284	1			260		other	0
10108010	277	Sound	11	6606076	277	1			260		other	0
10108010	278	Sound	19	6631675	368	1			260		other	0
10108010	278	Response	1	6635140	3834	1
10108010	279	Sound	20	6659875	392	1			260		other	0
10108010	279	Response	1	6663060	3577	1
10108010	280	Sound	18	6683274	283	1			260		other	0
10108010	280	Response	1	6686019	3028	1
10108010	281	Response	255	6718178	17768	1
10108010	282	Sound	107	6792072	378	1			260		other	0
10108010	282	Response	1	6794817	3123	1
10108010	283	Sound	104	6811471	438	1			260		other	0
10108010	283	Response	1	6816256	5223	1
10108010	284	Sound	106	6837871	328	1			260		other	0
10108010	284	Response	1	6841134	3591	3
10108010	285	Sound	105	6855070	355	1			260		other	0
10108010	285	Response	1	6857695	2980	1
10108010	286	Sound	106	6877670	281	1			260		other	0
10108010	286	Response	1	6880654	3265	1
10108010	287	Sound	108	6903269	372	1			260		other	0
10108010	287	Response	1	6905774	2876	1
10108010	288	Sound	108	6930669	429	1			260		other	0
10108010	288	Response	1	6933293	3053	1
10108010	289	Sound	102	6949869	455	1			260		other	0
10108010	290	Sound	108	6976868	279	1			260		other	0
10108010	290	Response	1	6979852	3263	1
10108010	291	Sound	102	6996067	305	1			260		other	0
10108010	292	Sound	101	7018467	364	1			260		other	0
10108010	293	Sound	103	7044066	288	1			260		other	0
10108010	294	Sound	109	7066866	413	1			260		other	0
10108010	294	Response	1	7069210	2758	1
10108010	295	Sound	105	7094865	404	1			260		other	0
10108010	295	Response	1	7098650	4188	1
10108010	296	Sound	107	7115865	396	1			260		other	0
10108010	296	Response	1	7118809	3340	1
10108010	297	Sound	105	7137264	288	1			260		other	0
10108010	297	Response	1	7140648	3672	1
10108010	298	Sound	105	7162064	413	1			260		other	0
10108010	298	Response	1	7165288	3637	1
10108010	299	Sound	102	7179863	373	1			260		other	0
10108010	300	Sound	101	7197663	333	1			260		other	0
10108010	300	Response	1	7202007	4677	1
10108010	301	Sound	111	7225462	457	1			260		other	0
10108010	301	Response	1	7227527	2521	1
10108010	302	Sound	104	7244462	450	1			260		other	0
10108010	302	Response	1	7248726	4714	1
10108010	303	Sound	109	7268262	408	1			260		other	0
10108010	303	Response	1	7271045	3192	1
10108010	304	Sound	104	7291061	367	1			260		other	0
10108010	304	Response	1	7294885	4190	1
10108010	305	Sound	102	7315261	391	1			260		other	0
10108010	306	Sound	106	7342260	382	1			260		other	0
10108010	307	Sound	109	7370459	405	1			260		other	0
10108010	307	Response	1	7373043	2989	1
10108010	308	Sound	107	7395659	429	1			260		other	0
10108010	308	Response	1	7399282	4053	1
10108010	309	Sound	110	7413859	456	1			260		other	0
10108010	309	Response	1	7416962	3560	1
10108010	310	Sound	103	7437058	315	1			260		other	0
10108010	311	Sound	107	7456458	374	1			260		other	0
10108010	311	Response	1	7459361	3278	1
10108010	312	Sound	110	7484057	298	1			260		other	0
10108010	312	Response	1	7486880	3121	1
10108010	313	Sound	109	7507256	323	1			260		other	0
10108010	313	Response	1	7510000	3066	1
10108010	314	Sound	110	7528256	315	1			260		other	0
10108010	314	Response	1	7531198	3258	2
10108010	315	Sound	102	7552055	440	1			260		other	0
10108010	316	Sound	109	7577855	398	1			260		other	0
10108010	316	Response	1	7580558	3101	1
10108010	317	Sound	107	7599254	457	1			260		other	0
10108010	317	Response	1	7602638	3840	1
10108010	318	Sound	104	7627454	313	1			260		other	0
10108010	318	Response	1	7631037	3897	1
10108010	319	Sound	111	7645053	408	1			260		other	0
10108010	319	Response	1	7647437	2791	1
10108010	320	Sound	104	7674053	397	1			260		other	0
10108010	320	Response	1	7676876	3220	1
10108010	321	Sound	101	7699252	421	1			260		other	0
10108010	322	Sound	105	7720452	280	1			260		other	0
10108010	322	Response	1	7723435	3263	1
10108010	323	Sound	110	7742851	339	1			260		other	0
10108010	323	Response	1	7745514	3002	1
10108010	324	Sound	108	7759651	466	1			260		other	0
10108010	324	Response	1	7762954	3769	1
10108010	325	Sound	111	7788450	423	1			260		other	0
10108010	325	Response	1	7790473	2445	1
10108010	326	Sound	106	7804450	417	1			260		other	0
10108010	326	Response	1	7807353	3320	1
10108010	327	Sound	106	7825850	309	1			260		other	0
10108010	327	Response	1	7828552	3012	1
10108010	328	Sound	101	7852649	433	1			260		other	0
10108010	329	Sound	103	7873849	292	1			260		other	0
10108010	330	Sound	101	7900848	449	1			260		other	0
10108010	331	Sound	111	7918048	310	1			260		other	0
10108010	331	Response	1	7920950	3212	1
10108010	332	Sound	103	7945047	467	1			260		other	0
10108010	333	Sound	110	7968047	459	1			260		other	0
10108010	333	Response	1	7970549	2961	1
10108010	334	Sound	111	7993646	383	1			260		other	0
10108010	334	Response	1	7996468	3205	1
10108010	335	Sound	103	8009846	410	1			260		other	0
10108010	336	Sound	108	8026045	438	1			260		other	0
10108010	336	Response	1	8029028	3420	1
10108010	337	Response	255	8207504	157808	1
10108010	337	Response	1	8241423	191727	1
10108010	338	Sound	109	8274240	383	1			260		other	0
10108010	338	Response	1	8276782	2924	3
10108010	339	Sound	106	8291640	276	1			260		other	0
10108010	339	Response	1	8294701	3338	1
10108010	340	Sound	104	8319039	333	1			260		other	0
10108010	341	Sound	105	8338039	327	1			260		other	0
10108010	341	Response	1	8341180	3468	1
10108010	342	Sound	110	8364838	284	1			260		other	0
10108010	342	Response	1	8367420	2865	1
10108010	343	Sound	108	8383438	377	1			260		other	0
10108010	343	Response	1	8386219	3159	1
10108010	344	Sound	109	8403437	370	1			260		other	0
10108010	344	Response	1	8406059	2992	1
10108010	344	Response	1	8423338	20271	1
10108010	345	Sound	108	8431437	360	1			260		other	0
10108010	346	Sound	105	8454236	319	1			260		other	0
10108010	346	Response	1	8457897	3980	1
10108010	347	Sound	104	8477236	310	1			260		other	0
10108010	348	Sound	111	8493035	271	1			260		other	0
10108010	348	Response	1	8496937	4173	1
10108010	349	Sound	107	8513235	465	1			260		other	0
10108010	349	Response	1	8516376	3606	1
10108010	350	Sound	105	8540634	355	1			260		other	0
10108010	350	Response	1	8544376	4096	1
10108010	351	Sound	101	8569434	311	1			260		other	0
10108010	352	Sound	106	8588433	471	1			260		other	0
10108010	352	Response	1	8592454	4492	1
10108010	353	Sound	103	8605833	365	1			260		other	0
10108010	354	Sound	107	8631232	422	1			260		other	0
10108010	354	Response	1	8634374	3563	1
10108010	355	Sound	109	8657632	313	1			260		other	0
10108010	355	Response	1	8660373	3054	1
10108010	356	Sound	101	8683631	303	1			260		other	0
10108010	357	Sound	101	8712031	360	1			260		other	0
10108010	358	Sound	105	8734230	385	1			260		other	0
10108010	358	Response	1	8737891	4046	1
10108010	359	Sound	103	8754830	311	1			260		other	0
10108010	360	Sound	102	8770629	272	1			260		other	0
10108010	361	Sound	102	8791829	465	1			260		other	0
10108010	362	Sound	103	8808029	326	1			260		other	0
10108010	363	Sound	104	8833828	283	1			260		other	0
10108010	363	Response	1	8837329	3784	1
10108010	364	Sound	110	8860227	341	1			260		other	0
10108010	364	Response	1	8862848	2961	1
10108010	365	Sound	101	8878827	434	1			260		other	0
10108010	366	Sound	109	8900027	293	1			260		other	0
10108010	366	Response	1	8903087	3353	1
10108010	367	Sound	111	8925026	451	1			260		other	0
10108010	367	Response	1	8927727	3151	1
10108010	368	Sound	102	8951225	308	1			260		other	0
10108010	369	Sound	102	8968225	302	1			260		other	0
10108010	370	Sound	106	8992825	393	1			260		other	0
10108010	370	Response	1	8996525	4094	1
10108010	371	Sound	106	9012224	286	1			260		other	0
10108010	371	Response	1	9016685	4747	1
10108010	372	Sound	110	9035224	278	1			260		other	0
10108010	372	Response	1	9038044	3099	1
10108010	373	Sound	103	9063223	435	1			260		other	0
10108010	374	Sound	109	9090222	425	1			260		other	0
10108010	374	Response	1	9093803	4005	1
10108010	375	Sound	111	9106422	286	1			260		other	0
10108010	376	Sound	111	9130022	378	1			260		other	0
10108010	376	Response	1	9133082	3438	1
10108010	377	Sound	107	9147021	372	1			260		other	0
10108010	377	Response	1	9151001	4352	1
10108010	378	Sound	101	9174821	328	1			260		other	0
10108010	379	Sound	110	9194620	455	1			260		other	0
10108010	379	Response	1	9197320	3155	1
10108010	380	Sound	106	9220020	346	1			260		other	0
10108010	380	Response	1	9223720	4045	1
10108010	381	Sound	104	9246419	403	1			260		other	0
10108010	382	Sound	102	9270819	461	1			260		other	0
10108010	383	Sound	108	9289618	421	1			260		other	0
10108010	383	Response	1	9292998	3800	1
10108010	384	Sound	108	9313618	412	1			260		other	0
10108010	384	Response	1	9318118	4912	1
10108010	385	Sound	104	9337817	270	1			260		other	0
10108010	386	Sound	103	9358617	396	1			260		other	0
10108010	387	Sound	108	9381016	455	1			260		other	0
10108010	387	Response	1	9384116	3555	1
10108010	388	Sound	107	9402016	447	1			260		other	0
10108010	388	Response	1	9405955	4387	1
10108010	389	Sound	110	9419015	275	1			260		other	0
10108010	389	Response	1	9421635	2894	1
10108010	390	Sound	107	9438815	401	1			260		other	0
10108010	390	Response	1	9441555	3140	1
10108010	391	Sound	105	9466614	358	1			260		other	0
10108010	391	Response	1	9469714	3457	1
10108010	392	Sound	111	9494614	348	1			260		other	0
10108010	392	Response	1	9496833	2567	1
10108010	393	Response	255	9531552	13865	1
10108010	394	Sound	103	9601812	343	1			260		other	0
10108010	395	Sound	102	9629211	400	1			260		other	0
10108010	396	Sound	111	9648810	326	1			260		other	0
10108010	396	Response	1	9651709	3225	1
10108010	397	Sound	105	9666610	453	1			260		other	0
10108010	397	Response	1	9670669	4512	1
10108010	398	Sound	109	9687410	412	1			260		other	0
10108010	398	Response	1	9690109	3111	1
10108010	399	Sound	109	9711009	337	1			260		other	0
10108010	399	Response	1	9713948	3276	1
10108010	400	Sound	110	9734409	395	1			260		other	0
10108010	400	Response	1	9737308	3294	1
10108010	401	Sound	110	9755808	455	1			260		other	0
10108010	401	Response	1	9758747	3393	1
10108010	402	Sound	106	9778208	347	1			260		other	0
10108010	402	Response	1	9781466	3605	1
10108010	403	Sound	101	9795007	307	1			260		other	0
10108010	404	Sound	101	9814007	300	1			260		other	0
10108010	405	Sound	111	9831207	328	1			260		other	0
10108010	405	Response	1	9834105	3226	1
10108010	406	Sound	105	9852206	320	1			260		other	0
10108010	406	Response	1	9857065	5179	1
10108010	407	Sound	104	9871606	380	1			260		other	0
10108010	407	Response	1	9874104	2878	1
10108010	408	Sound	104	9895005	438	1			260		other	0
10108010	408	Response	1	9898504	3937	1
10108010	409	Sound	107	9919805	396	1			260		other	0
10108010	409	Response	1	9922823	3414	1
10108010	410	Sound	107	9944404	321	1			260		other	0
10108010	410	Response	1	9946183	2099	1
10108010	411	Sound	101	9961804	381	1			260		other	0
10108010	412	Sound	111	9988803	371	1			260		other	0
10108010	412	Response	1	9991142	2710	1
10108010	413	Sound	104	10007403	298	1			260		other	0
10108010	413	Response	1	10012581	5477	1
10108010	414	Sound	103	10032002	389	1			260		other	0
10108010	415	Sound	107	10056002	381	1			260		other	0
10108010	415	Response	1	10059060	3439	1
10108010	416	Sound	110	10072001	375	1			260		other	0
10108010	416	Response	1	10075060	3433	1
10108010	417	Sound	104	10097601	299	1			260		other	0
10108010	418	Sound	102	10121400	424	1			260		other	0
10108010	419	Sound	108	10140200	384	1			260		other	0
10108010	419	Response	1	10142738	2922	1
10108010	420	Sound	106	10165999	341	1			260		other	0
10108010	420	Response	1	10168977	3319	1
10108010	421	Sound	106	10194199	365	1			260		other	0
10108010	421	Response	1	10197617	3783	1
10108010	422	Sound	103	10216798	457	1			260		other	0
10108010	423	Sound	107	10235798	450	1			260		other	0
10108010	423	Response	1	10239136	3788	1
10108010	424	Sound	103	10263197	340	1			260		other	0
10108010	425	Sound	102	10286197	332	1			260		other	0
10108010	426	Sound	111	10311996	289	1			260		other	0
10108010	426	Response	1	10314494	2787	1
10108010	427	Sound	109	10331796	416	1			260		other	0
10108010	427	Response	1	10335214	3834	1
10108010	428	Sound	110	10357995	440	1			260		other	0
10108010	428	Response	1	10360813	3258	1
10108010	429	Sound	107	10379195	299	1			260		other	0
10108010	429	Response	1	10383052	4156	1
10108010	430	Sound	104	10397394	326	1			260		other	0
10108010	430	Response	1	10402092	5023	1
10108010	431	Sound	111	10418794	385	1			260		other	0
10108010	431	Response	1	10421052	2642	1
10108010	432	Sound	102	10434594	346	1			260		other	0
10108010	433	Sound	102	10451393	306	1			260		other	0
10108010	434	Sound	108	10473793	365	1			260		other	0
10108010	434	Response	1	10476970	3543	1
10108010	435	Sound	110	10490392	293	1			260		other	0
10108010	435	Response	1	10494250	4150	1
10108010	436	Sound	108	10517392	449	1			260		other	0
10108010	436	Response	1	10520649	3707	1
10108010	437	Sound	105	10537192	409	1			260		other	0
10108010	438	Sound	109	10563191	400	1			260		other	0
10108010	438	Response	1	10566328	3537	1
10108010	439	Sound	101	10583390	426	1			260		other	0
10108010	440	Sound	103	10610590	283	1			260		other	0
10108010	441	Sound	109	10627590	444	1			260		other	0
10108010	441	Response	1	10630087	2941	1
10108010	442	Sound	105	10649589	436	1			260		other	0
10108010	442	Response	1	10653286	4133	1
10108010	443	Sound	108	10676589	426	1			260		other	0
10108010	443	Response	1	10679686	3523	1
10108010	444	Sound	105	10703188	350	1			260		other	0
10108010	444	Response	1	10706325	3487	1
10108010	445	Sound	106	10730587	407	1			260		other	0
10108010	445	Response	1	10733684	3504	1
10108010	446	Sound	101	10759987	463	1			260		other	0
10108010	447	Sound	108	10783386	355	1			260		other	0
10108010	447	Response	1	10786323	3292	1
10108010	448	Sound	106	10806586	380	1			260		other	0
10108010	448	Response	1	10810963	4757	1
10108010	449	Response	255	10989278	162652	1
10108010	450	Sound	111	11068580	453	1			260		other	0
10108010	450	Response	1	11071196	3069	1
10108010	451	Sound	103	11091580	445	1			260		other	0
10108010	452	Sound	108	11113579	437	1			260		other	0
10108010	452	Response	1	11116395	3253	1
10108010	453	Sound	106	11141779	294	1			260		other	0
10108010	453	Response	1	11145435	3950	1
10108010	454	Sound	105	11162578	419	1			260		other	0
10108010	454	Response	1	11168394	6235	1
10108010	455	Sound	108	11179378	380	1			260		other	0
10108010	455	Response	1	11182554	3556	1
10108010	456	Sound	111	11199977	306	1			260		other	0
10108010	456	Response	1	11202473	2802	1
10108010	457	Sound	102	11220977	299	1			260		other	0
10108010	458	Sound	102	11238576	392	1			260		other	0
10108010	459	Sound	103	11262976	450	1			260		other	0
10108010	460	Sound	107	11280976	444	1			260		other	0
10108010	460	Response	1	11283511	2980	1
10108010	461	Sound	107	11305575	368	1			260		other	0
10108010	461	Response	1	11308871	3664	1
10108010	462	Sound	110	11329775	393	1			260		other	0
10108010	462	Response	1	11332470	3089	1
10108010	463	Sound	106	11347974	420	1			260		other	0
10108010	463	Response	1	11351030	3476	1
10108010	464	Sound	101	11370374	312	1			260		other	0
10108010	465	Sound	104	11398573	335	1			260		other	0
10108010	465	Response	1	11403189	4951	1
10108010	466	Sound	104	11425572	326	1			260		other	0
10108010	467	Sound	109	11450372	450	1			260		other	0
10108010	467	Response	1	11453427	3506	1
10108010	468	Sound	101	11476171	408	1			260		other	0
10108010	469	Sound	101	11499171	399	1			260		other	0
10108010	470	Sound	106	11520770	325	1			260		other	0
10108010	470	Response	1	11524226	3780	1
10108010	471	Sound	104	11547770	315	1			260		other	0
10108010	472	Sound	104	11568369	408	1			260		other	0
10108010	473	Sound	106	11593369	399	1			260		other	0
10108010	473	Response	1	11597184	4214	1
10108010	474	Sound	111	11617168	357	1			260		other	0
10108010	474	Response	1	11620384	3573	1
10108010	475	Sound	101	11643568	415	1			260		other	0
10108010	476	Sound	102	11666767	439	1			260		other	0
10108010	477	Sound	108	11685567	400	1			260		other	0
10108010	477	Response	1	11688702	3534	1
10108010	478	Sound	107	11703967	293	1			260		other	0
10108010	478	Response	1	11707501	3828	1
10108010	479	Sound	103	11728766	417	1			260		other	0
10108010	480	Sound	111	11751165	309	1			260		other	0
10108010	480	Response	1	11754220	3364	1
10108010	481	Sound	108	11777765	400	1			260		other	0
10108010	482	Sound	109	11794165	294	1			260		other	0
10108010	482	Response	1	11798619	4749	1
10108010	483	Sound	102	11820164	452	1			260		other	0
10108010	484	Sound	102	11845363	309	1			260		other	0
10108010	485	Sound	110	11871163	433	1			260		other	0
10108010	485	Response	1	11874857	4128	1
10108010	486	Sound	110	11897362	457	1			260		other	0
10108010	486	Response	1	11900617	3712	1
10108010	487	Sound	110	11914162	418	1			260		other	0
10108010	487	Response	1	11917017	3273	1
10108010	488	Sound	104	11942561	308	1			260		other	0
10108010	489	Sound	103	11967161	399	1			260		other	0
10108010	489	Response	1	11971175	4414	1
10108010	490	Sound	103	11985560	293	1			260		other	0
10108010	491	Sound	107	12007560	285	1			260		other	0
10108010	491	Response	1	12010294	3019	1
10108010	492	Sound	101	12030159	377	1			260		other	0
10108010	493	Sound	105	12052759	302	1			260		other	0
10108010	493	Response	1	12056773	4316	1
10108010	494	Sound	105	12071959	328	1			260		other	0
10108010	495	Sound	106	12099758	452	1			260		other	0
10108010	495	Response	1	12103812	4506	1
10108010	496	Sound	109	12117158	346	1			260		other	0
10108010	496	Response	1	12120371	3559	1
10108010	497	Sound	109	12134557	406	1			260		other	0
10108010	497	Response	1	12137891	3740	1
10108010	498	Sound	108	12159557	397	1			260		other	0
10108010	498	Response	1	12162771	3611	1
10108010	499	Sound	107	12179556	390	1			260		other	0
10108010	499	Response	1	12182450	3284	1
10108010	500	Sound	105	12196956	284	1			260		other	0
10108010	500	Response	1	12202290	5618	1
10108010	501	Sound	105	12217755	410	1			260		other	0
10108010	501	Response	1	12220449	3104	1
10108010	502	Sound	109	12234555	370	1			260		other	0
10108010	502	Response	1	12237889	3704	1
10108010	503	Sound	110	12258955	262	1			260		other	0
10108010	503	Response	1	12262368	3676	1
10108010	504	Sound	111	12280154	454	1			260		other	0
10108010	504	Response	1	12282448	2748	1
10108010	505	Response	255	12329247	25626	1
10108010	506	Sound	13	12409151	408	1			260		other	0
10108010	507	Sound	16	12432551	466	1			260		other	0
10108010	507	Response	1	12438684	6600	1
10108010	508	Sound	21	12450550	293	1			260		other	0
10108010	508	Response	1	12452604	2347	1
10108010	509	Sound	17	12476150	384	1			260		other	0
10108010	509	Response	1	12479083	3318	1
10108010	510	Sound	18	12500549	442	1			260		other	0
10108010	510	Response	1	12502683	2576	1
10108010	511	Sound	21	12524349	400	1			260		other	0
10108010	511	Response	1	12526442	2494	1
10108010	512	Sound	16	12548548	425	1			260		other	0
10108010	512	Response	1	12551402	3279	1
10108010	513	Sound	12	12576748	282	1			260		other	0
10108010	514	Sound	15	12596547	408	1			260		other	0
10108010	514	Response	1	12600281	4141	1
10108010	515	Sound	19	12613747	268	1			260		other	0
10108010	515	Response	1	12616920	3442	1
10108010	516	Sound	11	12634547	394	1			260		other	0
10108010	517	Sound	16	12658946	286	1			260		other	0
10108010	517	Response	1	12662359	3699	1
10108010	518	Sound	17	12682145	311	1			260		other	0
10108010	518	Response	1	12685318	3484	1
10108010	519	Sound	20	12703945	436	1			260		other	0
10108010	519	Response	1	12706678	3169	1
10108010	520	Sound	21	12725945	428	1			260		other	0
10108010	520	Response	1	12728358	2842	1
10108010	521	Sound	18	12751344	320	1			260		other	0
10108010	521	Response	1	12754357	3332	1
10108010	522	Sound	14	12767144	447	1			260		other	0
10108010	523	Sound	20	12789543	339	1			260		other	0
10108010	523	Response	1	12792356	3152	1
10108010	524	Sound	20	12807743	366	1			260		other	0
10108010	524	Response	1	12811796	4419	1
10108010	525	Sound	19	12824142	427	1			260		other	0
10108010	525	Response	1	12826835	3120	1
10108010	526	Sound	18	12846942	385	1			260		other	0
10108010	526	Response	1	12850035	3478	1
10108010	527	Sound	21	12873541	476	1			260		other	0
10108010	527	Response	1	12875794	2729	1
10108010	528	Sound	17	12894741	335	1			260		other	0
10108010	528	Response	1	12898274	3868	1
10108010	529	Sound	19	12914940	361	1			260		other	0
10108010	529	Response	1	12917473	2894	1
10108010	530	Sound	11	12931540	455	1			260		other	0
10108010	531	Sound	14	12959740	312	1			260		other	0
10108010	532	Sound	15	12983739	303	1			260		other	0
10108010	533	Sound	17	13008339	395	1			260		other	0
10108010	533	Response	1	13011471	3527	1
10108010	534	Sound	13	13032338	386	1			260		other	0
10108010	535	Sound	20	13052538	412	1			260		other	0
10108010	535	Response	1	13056220	4095	523
10108010	536	Sound	19	13077737	270	1			260		other	0
10108010	536	Response	1	13080269	2802	1
10108010	537	Sound	16	13096737	430	1			260		other	0
10108010	537	Response	1	13099869	3562	1
10108010	538	Sound	15	13113336	357	1			260		other	0
10108010	539	Sound	11	13134536	383	1			260		other	0
10108010	540	Sound	21	13152935	276	1			260		other	0
10108010	540	Response	1	13154988	2328	1
10108010	541	Sound	12	13178135	300	1			260		other	0
10108010	542	Sound	16	13198134	294	1			260		other	0
10108010	542	Response	1	13204347	6506	1
10108010	543	Sound	20	13222134	285	1			260		other	0
10108010	543	Response	1	13224666	2817	1
10108010	544	Sound	15	13249533	342	1			260		other	0
10108010	544	Response	1	13252585	3394	1
10108010	545	Sound	13	13272933	400	1			260		other	0
10108010	546	Sound	13	13295732	359	1			260		other	0
10108010	546	Response	1	13302184	6810	1
10108010	547	Sound	11	13320932	383	1			260		other	0
10108010	548	Sound	17	13336332	277	1			260		other	0
10108010	548	Response	1	13339303	3249	1
10108010	549	Sound	18	13354731	338	1			260		other	0
10108010	549	Response	1	13358103	3709	1
10108010	550	Sound	14	13382530	294	1			260		other	0
10108010	551	Sound	19	13398930	355	1			260		other	0
10108010	551	Response	1	13402662	4087	1
10108010	552	Sound	12	13426130	379	1			260		other	0
10108010	553	Sound	18	13447529	438	1			260		other	0
10108010	553	Response	1	13451141	4050	1
10108010	554	Sound	15	13465729	298	1			260		other	0
10108010	554	Response	1	13471060	5629	1
10108010	555	Sound	14	13489528	423	1			260		other	0
10108010	556	Sound	11	13508728	283	1			260		other	0
10108010	557	Sound	12	13535927	306	1			260		other	0
10108010	558	Sound	12	13553327	367	1			260		other	0
10108010	559	Sound	14	13580926	457	1			260		other	0
10108010	560	Sound	13	13598726	417	1			260		other	0
10108010	561	Response	255	14060646	439583	1
10108010	562	Sound	101	14133114	293	1			260		other	0
10108010	563	Sound	103	14160114	450	1			260		other	0
10108010	564	Sound	108	14183913	409	1			260		other	0
10108010	564	Response	1	14186243	2739	1
10108010	565	Sound	110	14210313	466	1			260		other	0
10108010	565	Response	1	14212883	3036	1
10108010	566	Sound	108	14239312	456	1			260		other	0
10108010	566	Response	1	14242402	3546	1
10108010	567	Sound	109	14263312	447	1			260		other	0
10108010	567	Response	1	14265761	2897	1
10108010	568	Sound	103	14279711	341	1			260		other	0
10108010	569	Sound	104	14301311	433	1			260		other	0
10108010	569	Response	1	14303521	2643	1
10108010	570	Sound	101	14325110	391	1			260		other	0
10108010	570	Response	1	14328880	4161	1
10108010	571	Sound	101	14344910	352	1			260		other	0
10108010	572	Sound	109	14365909	344	1			260		other	0
10108010	572	Response	1	14368399	2833	1
10108010	573	Sound	105	14382709	304	1			260		other	0
10108010	573	Response	1	14387039	4634	1
10108010	574	Sound	110	14405708	463	1			260		other	0
10108010	574	Response	1	14408158	2912	1
10108010	575	Sound	106	14421908	324	1			260		other	0
10108010	575	Response	1	14425678	4093	1
10108010	576	Sound	102	14443708	449	1			260		other	0
10108010	576	Response	1	14448397	5139	1
10108010	577	Sound	106	14462107	343	1			260		other	0
10108010	577	Response	1	14464797	3032	1
10108010	578	Sound	107	14478507	404	1			260		other	0
10108010	578	Response	1	14481116	3013	1
10108010	579	Sound	108	14502906	461	1			260		other	0
10108010	579	Response	1	14506316	3871	1
10108010	580	Sound	105	14520706	422	1			260		other	0
10108010	580	Response	1	14524395	4111	1
10108010	581	Sound	111	14542906	447	1			260		other	0
10108010	581	Response	1	14545355	2897	1
10108010	582	Sound	104	14563105	307	1			260		other	0
10108010	582	Response	1	14566554	3756	1
10108010	583	Sound	109	14590105	464	1			260		other	0
10108010	583	Response	1	14594074	4433	1
10108010	584	Sound	107	14617304	321	1			260		other	0
10108010	584	Response	1	14620553	3570	1
10108010	585	Sound	103	14643103	445	1			260		other	0
10108010	586	Sound	105	14666703	370	1			260		other	0
10108010	586	Response	1	14671192	4859	1
10108010	587	Sound	106	14692302	461	1			260		other	0
10108010	587	Response	1	14696071	4230	1
10108010	588	Sound	108	14718702	351	1			260		other	0
10108010	588	Response	1	14721671	3320	1
10108010	589	Sound	109	14736301	278	1			260		other	0
10108010	589	Response	1	14739350	3327	1
10108010	590	Sound	106	14761301	436	1			260		other	0
10108010	590	Response	1	14764470	3605	1
10108010	591	Sound	107	14785500	294	1			260		other	0
10108010	591	Response	1	14789189	3983	1
10108010	592	Sound	111	14808700	319	1			260		other	0
10108010	592	Response	1	14811269	2888	1
10108010	593	Sound	110	14836499	443	1			260		other	0
10108010	593	Response	1	14840068	4011	1
10108010	594	Sound	111	14856299	402	1			260		other	0
10108010	594	Response	1	14859108	3211	1
10108010	595	Sound	106	14878698	461	1			260		other	0
10108010	595	Response	1	14881347	3110	1
10108010	596	Sound	107	14900498	420	1			260		other	0
10108010	596	Response	1	14903826	3748	1
10108010	597	Sound	105	14918898	313	1			260		other	0
10108010	597	Response	1	14923506	4922	1
10108010	598	Sound	101	14935497	407	1			260		other	0
10108010	599	Sound	111	14959097	332	1			260		other	0
10108010	599	Response	1	14961985	3221	1
10108010	600	Sound	103	14985896	456	1			260		other	0
10108010	601	Sound	108	15003696	416	1			260		other	0
10108010	601	Response	1	15007424	4145	1
10108010	602	Sound	109	15032695	406	1			260		other	0
10108010	602	Response	1	15037743	5454	1
10108010	603	Sound	104	15059895	430	1			260		other	0
10108010	604	Sound	110	15083894	421	1			260		other	0
10108010	604	Response	1	15086702	3229	1
10108010	605	Sound	111	15108093	279	1			260		other	0
10108010	605	Response	1	15112462	4647	1
10108010	606	Sound	107	15126293	306	1			260		other	0
10108010	607	Sound	101	15154093	429	1			260		other	0
10108010	608	Sound	104	15179492	320	1			260		other	0
10108010	609	Sound	104	15207291	444	1			260		other	0
10108010	610	Sound	110	15234491	301	1			260		other	0
10108010	610	Response	1	15237019	2828	1
10108010	611	Sound	102	15252290	428	1			260		other	0
10108010	612	Sound	103	15271490	287	1			260		other	0
10108010	613	Sound	102	15298489	444	1			260		other	0
10108010	614	Sound	105	15320889	336	1			260		other	0
10108010	614	Response	1	15323897	3344	1
10108010	615	Sound	102	15342688	295	1			260		other	0
10108010	615	Response	1	15358696	16303	1
10108010	616	Sound	102	15364688	287	1			260		other	0
10108010	616	Response	1	15368696	4295	1
10108010	617	Response	255	15404135	16146	1
10108010	618	Sound	12	15470086	316	1			260		other	0
10108010	619	Sound	17	15495885	441	1			260		other	0
10108010	619	Response	1	15499092	3648	1
10108010	620	Sound	14	15512085	302	1			260		other	0
10108010	621	Sound	19	15534484	360	1			260		other	0
10108010	621	Response	1	15537572	3447	1
10108010	622	Sound	18	15561484	351	1			260		other	0
10108010	622	Response	1	15564691	3558	1
10108010	623	Sound	19	15584883	409	1			260		other	0
10108010	623	Response	1	15587571	3096	1
10108010	624	Sound	18	15608283	300	1			260		other	0
10108010	624	Response	1	15611410	3428	1
10108010	625	Sound	15	15624682	361	1			260		other	0
10108010	625	Response	1	15628450	4129	1
10108010	626	Sound	12	15642482	322	1			260		other	0
10108010	627	Sound	15	15668281	279	1			260		other	0
10108010	627	Response	1	15671489	3486	1
10108010	628	Sound	21	15685281	273	1			260		other	0
10108010	628	Response	1	15688048	3040	1
10108010	629	Sound	11	15711881	364	1			260		other	0
10108010	630	Sound	11	15734280	422	1			260		other	0
10108010	631	Sound	14	15762279	412	1			260		other	0
10108010	631	Response	1	15766526	4659	1
10108010	632	Sound	18	15784279	405	1			260		other	0
10108010	632	Response	1	15787486	3611	1
10108010	633	Sound	12	15804879	330	1			260		other	0
10108010	634	Sound	13	15820478	425	1			260		other	0
10108010	635	Sound	21	15836478	419	1			260		other	0
10108010	635	Response	1	15839245	3186	1
10108010	636	Sound	13	15855678	446	1			260		other	0
10108010	637	Sound	12	15876877	305	1			260		other	0
10108010	638	Sound	13	15894077	332	1			260		other	0
10108010	639	Sound	16	15913676	425	1			260		other	0
10108010	639	Response	1	15917003	3752	1
10108010	640	Sound	17	15939276	349	1			260		other	0
10108010	640	Response	1	15943002	4076	1
10108010	641	Sound	19	15956675	410	1			260		other	0
10108010	641	Response	1	15959802	3536	1
10108010	642	Sound	19	15984675	400	1			260		other	0
10108010	642	Response	1	15987561	3286	1
10108010	643	Sound	11	16006074	459	1			260		other	0
10108010	644	Sound	12	16029474	350	1			260		other	0
10108010	645	Sound	17	16050473	343	1			260		other	0
10108010	645	Response	1	16053800	3669	1
10108010	646	Sound	20	16071073	436	1			260		other	0
10108010	646	Response	1	16074759	4122	1
10108010	647	Sound	15	16093072	428	1			260		other	0
10108010	648	Sound	21	16113472	320	1			260		other	0
10108010	648	Response	1	16117078	3927	1
10108010	649	Sound	15	16132872	380	1			260		other	0
10108010	650	Sound	21	16160071	404	1			260		other	0
10108010	650	Response	1	16162757	3090	1
10108010	651	Sound	16	16188070	394	1			260		other	0
10108010	652	Sound	20	16210470	452	1			260		other	0
10108010	652	Response	1	16212996	2978	1
10108010	653	Sound	13	16227070	380	1			260		other	0
10108010	654	Sound	14	16245269	407	1			260		other	0
10108010	655	Sound	11	16262669	467	1			260		other	0
10108010	656	Sound	20	16283668	460	1			260		other	0
10108010	656	Response	1	16286194	2985	1
10108010	657	Sound	15	16307868	318	1			260		other	0
10108010	657	Response	1	16312434	4883	1
10108010	658	Sound	13	16327867	311	1			260		other	0
10108010	659	Sound	16	16350267	369	1			260		other	0
10108010	659	Response	1	16354112	4215	1
10108010	660	Sound	16	16375866	460	1			260		other	0
10108010	660	Response	1	16379072	3666	1
10108010	661	Sound	18	16396866	453	1			260		other	0
10108010	661	Response	1	16401791	5378	1
10108010	662	Sound	14	16412266	347	1			260		other	0
10108010	663	Sound	16	16439265	338	1			260		other	0
10108010	663	Response	1	16443231	4303	1
10108010	664	Sound	20	16454865	432	1			260		other	0
10108010	664	Response	1	16459230	4797	1
10108010	665	Sound	17	16472664	392	1			260		other	0
10108010	666	Sound	21	16493464	352	1			260		other	0
10108010	666	Response	1	16496989	3877	1
10108010	666	Response	1	16499149	6037	1
10108010	667	Sound	11	16519463	342	1			260		other	0
10108010	668	Sound	18	16544263	300	1			260		other	0
10108010	668	Response	1	16547708	3745	1
10108010	669	Sound	17	16568462	325	1			260		other	0
10108010	669	Response	1	16572347	4210	1
10108010	670	Sound	14	16596462	315	1			260		other	0
10108010	671	Sound	19	16613261	442	1			260		other	0
10108010	671	Response	1	16616746	3927	1
10108010	672	Sound	20	16635861	368	1			260		other	0
10108010	672	Response	1	16638746	3252	1
10108010	673	Response	255	16684185	21269	1
10108010	674	Sound	16	16755858	325	1			260		other	0
10108010	674	Response	1	16764583	9049	1
10108010	675	Sound	21	16771058	353	1			260		other	0
10108010	675	Response	1	16773303	2597	1
10108010	676	Sound	20	16789658	446	1			260		other	0
10108010	676	Response	1	16792102	2891	1
10108010	677	Sound	19	16810457	405	1			260		other	0
10108010	677	Response	1	16813062	3010	1
10108010	678	Sound	14	16829457	398	1			260		other	0
10108010	679	Sound	17	16857456	388	1			260		other	0
10108010	679	Response	1	16860101	3033	1
10108010	680	Sound	17	16884255	346	1			260		other	0
10108010	680	Response	1	16887140	3230	1
10108010	681	Sound	20	16903055	306	1			260		other	0
10108010	681	Response	1	16906339	3590	1
10108010	682	Sound	15	16920055	466	1			260		other	0
10108010	682	Response	1	16924499	4911	1
10108010	683	Sound	11	16948254	323	1			260		other	0
10108010	684	Sound	15	16967054	283	1			260		other	0
10108010	684	Response	1	16970578	3807	1
10108010	685	Sound	18	16985053	443	1			260		other	0
10108010	685	Response	1	16988978	4367	1
10108010	686	Sound	12	17007053	435	1			260		other	0
10108010	687	Sound	12	17024052	429	1			260		other	0
10108010	688	Sound	13	17050252	453	1			260		other	0
10108010	689	Sound	13	17072651	345	1			260		other	0
10108010	690	Sound	21	17097651	336	1			260		other	0
10108010	690	Response	1	17100175	2860	1
10108010	691	Sound	11	17118850	362	1			260		other	0
10108010	692	Sound	19	17145050	386	1			260		other	0
10108010	692	Response	1	17147134	2470	1
10108010	693	Sound	16	17167449	278	1			260		other	0
10108010	693	Response	1	17173934	6762	1
10108010	694	Sound	16	17188449	270	1			260		other	0
10108010	694	Response	1	17193613	5434	1
10108010	695	Sound	19	17208248	397	1			260		other	0
10108010	695	Response	1	17211293	3441	1
10108010	696	Sound	11	17227648	456	1			260		other	0
10108010	697	Sound	14	17247648	449	1			260		other	0
10108010	698	Sound	15	17274247	373	1			260		other	0
10108010	698	Response	1	17278171	4297	1
10108010	699	Sound	21	17299647	431	1			260		other	0
10108010	699	Response	1	17302170	2955	1
10108010	700	Sound	13	17324846	455	1			260		other	0
10108010	701	Sound	20	17349246	346	1			260		other	0
10108010	701	Response	1	17352249	3350	1
10108010	702	Sound	18	17370245	339	1			260		other	0
10108010	702	Response	1	17375129	5222	1
10108010	703	Sound	17	17392445	364	1			260		other	0
10108010	703	Response	1	17396168	4087	1
10108010	704	Sound	11	17414444	357	1			260		other	0
10108010	705	Sound	12	17435244	316	1			260		other	0
10108010	706	Sound	16	17459843	407	1			260		other	0
10108010	706	Response	1	17463207	3770	1
10108010	707	Sound	15	17479443	333	1			260		other	0
10108010	707	Response	1	17483046	3937	1
10108010	708	Sound	12	17501642	359	1			260		other	0
10108010	709	Sound	21	17517242	286	1			260		other	0
10108010	709	Response	1	17520245	3290	2
10108010	710	Sound	13	17539841	378	1			260		other	0
10108010	711	Sound	18	17560641	338	1			260		other	0
10108010	711	Response	1	17565444	5141	1
10108010	712	Sound	14	17586041	395	1			260		other	0
10108010	713	Sound	12	17605240	422	1			260		other	0
10108010	714	Sound	19	17620640	316	1			260		other	0
10108010	714	Response	1	17624003	3680	1
10108010	715	Sound	15	17637639	310	1			260		other	0
10108010	716	Sound	20	17662239	401	1			260		other	0
10108010	716	Response	1	17667042	5204	1
10108010	717	Sound	18	17678038	362	1			260		other	0
10108010	717	Response	1	17681681	4005	1
10108010	718	Sound	13	17699438	421	1			260		other	0
10108010	719	Sound	16	17723437	413	1			260		other	0
10108010	719	Response	1	17731200	8176	1
10108010	720	Sound	17	17745237	372	1			260		other	0
10108010	720	Response	1	17748960	4095	1
10108010	721	Sound	14	17764037	332	1			260		other	0
10108010	722	Sound	11	17790836	456	1			260		other	0
10108010	723	Sound	14	17806036	317	1			260		other	0
10108010	724	Sound	17	17824235	344	1			260		other	0
10108010	725	Sound	21	17841235	338	1			260		other	0
10108010	725	Response	1	17845038	4140	1
10108010	726	Sound	20	17864634	396	1			260		other	0
10108010	726	Response	1	17867357	3118	1
10108010	727	Sound	19	17892234	319	1			260		other	0
10108010	727	Response	1	17896396	4482	1
10108010	728	Sound	18	17919633	376	1			260		other	0
10108010	728	Response	1	17923676	4419	1
10108010	729	Response	255	18001434	64091	1
10108010	730	Sound	14	18068230	423	1			260		other	0
10108010	731	Sound	16	18088230	416	1			260		other	0
10108010	731	Response	1	18092552	4738	1
10108010	732	Sound	11	18110229	408	1			260		other	0
10108010	733	Sound	14	18137629	299	1			260		other	0
10108010	733	Response	1	18141511	4181	1
10108010	734	Sound	17	18158828	324	1			260		other	0
10108010	734	Response	1	18161590	3086	1
10108010	735	Sound	17	18182428	416	1			260		other	0
10108010	735	Response	1	18185190	3178	1
10108010	736	Sound	14	18210227	373	1			260		other	0
10108010	736	Response	1	18213989	4135	1
10108010	737	Sound	16	18237826	463	1			260		other	0
10108010	737	Response	1	18238468	1105	1
10108010	738	Sound	20	18256826	456	1			260		other	0
10108010	738	Response	1	18259908	3538	2
10108010	739	Sound	19	18283026	313	1			260		other	0
10108010	739	Response	1	18286307	3595	1
10108010	740	Sound	20	18300825	274	1			260		other	0
10108010	740	Response	1	18303346	2795	1
10108010	741	Sound	18	18322025	299	1			260		other	0
10108010	741	Response	1	18325666	3941	1
10108010	742	Sound	19	18343424	358	1			260		other	0
10108010	742	Response	1	18346626	3560	1
10108010	743	Sound	18	18362624	385	1			260		other	0
10108010	743	Response	1	18368465	6227	1
10108010	744	Sound	12	18384823	410	1			260		other	0
10108010	745	Sound	13	18403023	437	1			260		other	0
10108010	746	Sound	15	18427622	362	1			260		other	0
10108010	746	Response	1	18431184	3923	1
10108010	747	Sound	19	18446222	455	1			260		other	0
10108010	747	Response	1	18449264	3497	1
10108010	748	Sound	20	18465222	448	1			260		other	0
10108010	748	Response	1	18467663	2890	1
10108010	749	Sound	12	18490021	406	1			260		other	0
10108010	750	Sound	18	18514221	431	1			260		other	0
10108010	750	Response	1	18517182	3392	1
10108010	751	Sound	21	18541220	421	1			260		other	0
10108010	751	Response	1	18544941	4143	1
10108010	752	Sound	20	18569019	378	1			260		other	0
10108010	752	Response	1	18571821	3179	1
10108010	753	Sound	21	18587819	338	1			260		other	0
10108010	753	Response	1	18590620	3139	1
10108010	754	Sound	21	18615618	461	1			260		other	0
10108010	754	Response	1	18617900	2743	1
10108010	755	Sound	19	18635418	421	1			260		other	0
10108010	756	Sound	13	18663417	411	1			260		other	0
10108010	757	Sound	11	18688217	369	1			260		other	0
10108010	758	Sound	13	18707216	362	1			260		other	0
10108010	759	Sound	12	18729616	421	1			260		other	0
10108010	760	Sound	18	18748416	381	1			260		other	0
10108010	760	Response	1	18751416	3381	1
10108010	761	Sound	13	18775615	404	1			260		other	0
10108010	762	Sound	19	18800814	429	1			260		other	0
10108010	762	Response	1	18804215	3830	1
10108010	763	Sound	11	18826414	353	1			260		other	0
10108010	764	Sound	16	18851213	311	1			260		other	0
10108010	765	Sound	14	18875213	469	1			260		other	0
10108010	766	Sound	20	18894012	262	1			260		other	0
10108010	766	Response	1	18896453	2703	1
10108010	767	Sound	17	18916212	454	1			260		other	0
10108010	767	Response	1	18921092	5335	1
10108010	768	Sound	21	18933212	448	1			260		other	0
10108010	768	Response	1	18935572	2809	1
10108010	769	Sound	14	18954811	374	1			260		other	0
10108010	770	Sound	21	18975211	266	1			260		other	0
10108010	770	Response	1	18979251	4307	1
10108010	771	Sound	17	19001810	357	1			260		other	0
10108010	771	Response	1	19007650	6197	1
10108010	772	Sound	15	19024610	316	1			260		other	0
10108010	772	Response	1	19042610	18316	1
10108010	773	Sound	16	19048409	274	1			260		other	0
10108010	773	Response	1	19053249	5114	1
10108010	774	Sound	15	19073609	298	1			260		other	0
10108010	774	Response	1	19078370	5059	1
10108010	775	Sound	12	19095408	424	1			260		other	0
10108010	776	Sound	13	19119808	315	1			260		other	0
10108010	777	Sound	15	19142407	407	1			260		other	0
10108010	777	Response	1	19146127	4127	1
10108010	778	Sound	16	19168207	364	1			260		other	0
10108010	778	Response	1	19174767	6924	1
10108010	779	Sound	12	19189806	290	1			260		other	0
10108010	780	Sound	15	19205406	384	1			260		other	0
10108010	781	Sound	11	19225005	311	1			260		other	0
10108010	782	Sound	11	19246405	370	1			260		other	0
10108010	783	Sound	17	19262205	331	1			260		other	0
10108010	783	Response	1	19271084	9211	1
10108010	784	Sound	18	19282804	423	1			260		other	0
10108010	784	Response	1	19286364	3983	1
10108010	785	Response	255	19332923	26954	1
10108010	786	Sound	110	19406601	346	1			260		other	0
10108010	786	Response	1	19409561	3305	1
10108010	787	Sound	103	19423201	273	1			260		other	0
10108010	787	Response	1	19427481	4553	1
10108010	788	Sound	111	19449001	398	1			260		other	0
10108010	788	Response	1	19451080	2477	1
10108010	789	Sound	108	19476800	354	1			260		other	0
10108010	789	Response	1	19479719	3273	1
10108010	790	Sound	107	19493400	448	1			260		other	0
10108010	790	Response	1	19496519	3568	1
10108010	791	Sound	105	19509599	476	1			260		other	0
10108010	791	Response	1	19512278	3155	1
10108010	792	Sound	109	19531199	402	1			260		other	0
10108010	792	Response	1	19533878	3080	1
10108010	793	Sound	105	19557598	459	1			260		other	0
10108010	793	Response	1	19562278	5138	1
10108010	794	Sound	108	19576998	352	1			260		other	0
10108010	794	Response	1	19580197	3551	1
10108010	794	Response	1	19596757	20111	1
10108010	795	Sound	101	19604597	442	1			260		other	0
10108010	795	Response	1	19623636	19481	1
10108010	796	Sound	104	19623997	335	1			260		other	0
10108010	797	Sound	104	19641796	462	1			260		other	0
10108010	797	Response	1	19645475	4141	1
10108010	798	Sound	101	19664596	421	1			260		other	0
10108010	798	Response	1	19669555	5380	1
10108010	799	Sound	111	19692995	311	1			260		other	0
10108010	799	Response	1	19695314	2629	1
10108010	800	Sound	109	19709995	304	1			260		other	0
10108010	800	Response	1	19713234	3543	1
10108010	801	Sound	105	19727995	465	1			260		other	0
10108010	801	Response	1	19731793	4263	1
10108010	802	Sound	110	19749394	357	1			260		other	0
10108010	802	Response	1	19751633	2596	1
10108010	803	Sound	101	19774594	382	1			260		other	0
10108010	804	Sound	110	19794593	374	1			260		other	0
10108010	804	Response	1	19797310	3091	3
10108010	805	Sound	109	19816993	433	1			260		other	0
10108010	805	Response	1	19820031	3472	1
10108010	806	Sound	107	19834992	427	1			260		other	0
10108010	806	Response	1	19837951	3385	1
10108010	807	Sound	101	19852192	287	1			260		other	0
10108010	808	Sound	105	19880791	377	1			260		other	0
10108010	808	Response	1	19884030	3615	1
10108010	809	Sound	104	19896791	371	1			260		other	0
10108010	809	Response	1	19901309	4890	1
10108010	810	Sound	102	19915191	431	1			260		other	0
10108010	811	Sound	103	19944190	421	1			260		other	0
10108010	812	Sound	106	19969789	345	1			260		other	0
10108010	812	Response	1	19972988	3544	1
10108010	813	Sound	110	19996189	402	1			260		other	0
10108010	813	Response	1	19999387	3601	1
10108010	814	Sound	104	20020588	460	1			260		other	0
10108010	814	Response	1	20024107	3979	1
10108010	815	Sound	106	20043388	419	1			260		other	0
10108010	815	Response	1	20046106	3137	1
10108010	816	Sound	111	20066587	444	1			260		other	0
10108010	816	Response	1	20069065	2922	1
10108010	817	Sound	102	20093587	268	1			260		other	0
10108010	818	Sound	106	20110786	462	1			260		other	0
10108010	818	Response	1	20114504	4180	1
10108010	819	Sound	109	20138786	452	1			260		other	0
10108010	819	Response	1	20141624	3289	1
10108010	820	Sound	106	20162985	310	1			260		other	0
10108010	820	Response	1	20166263	3587	1
10108010	821	Sound	103	20185185	335	1			260		other	0
10108010	822	Sound	101	20205384	362	1			260		other	0
10108010	823	Sound	107	20225584	387	1			260		other	0
10108010	823	Response	1	20228982	3785	1
10108010	824	Sound	109	20243384	348	1			260		other	0
10108010	824	Response	1	20246261	3225	1
10108010	825	Sound	107	20265183	473	1			260		other	0
10108010	825	Response	1	20268101	3391	1
10108010	826	Sound	103	20293382	330	1			260		other	0
10108010	827	Sound	103	20319382	320	1			260		other	0
10108010	827	Response	1	20322500	3438	1
10108010	828	Sound	102	20338182	280	1			260		other	0
10108010	829	Sound	102	20362181	439	1			260		other	0
10108010	830	Sound	108	20389580	329	1			260		other	0
10108010	830	Response	1	20393058	3806	1
10108010	831	Sound	102	20415580	320	1			260		other	0
10108010	832	Sound	108	20439379	278	1			260		other	0
10108010	832	Response	1	20443296	4195	1
10108010	833	Sound	111	20462979	369	1			260		other	0
10108010	833	Response	1	20466176	3566	1
10108010	834	Sound	106	20479578	297	1			260		other	0
10108010	834	Response	1	20483936	4654	1
10108010	835	Sound	108	20500178	389	1			260		other	0
10108010	835	Response	1	20502895	3107	1
10108010	836	Sound	107	20526577	447	1			260		other	0
10108010	836	Response	1	20530015	3884	1
10108010	837	Sound	110	20554777	470	1			260		other	0
10108010	837	Response	1	20557934	3627	1
10108010	838	Sound	104	20573976	330	1			260		other	0
10108010	839	Sound	105	20598776	287	1			260		other	0
10108010	839	Response	1	20603853	5364	1
10108010	840	Sound	111	20614776	448	1			260		other	0
10108010	840	Response	1	20617853	3525	1
10108010	841	Response	255	20652972	22559	1
10108010	841	Response	1	20686171	55759	1
10108010	842	Sound	102	20718573	378	1			260		other	0
10108010	843	Sound	101	20743973	436	1			260		other	0
10108010	844	Sound	109	20766172	294	1			260		other	0
10108010	844	Response	1	20769209	3331	1
10108010	845	Sound	110	20788172	453	1			260		other	0
10108010	845	Response	1	20791448	3730	1
10108010	846	Sound	104	20815571	343	1			260		other	0
10108010	846	Response	1	20820328	5100	1
10108010	847	Sound	108	20832971	404	1			260		other	0
10108010	847	Response	1	20835848	3281	1
10108010	848	Sound	103	20860370	294	1			260		other	0
10108010	849	Sound	102	20877170	422	1			260		other	0
10108010	850	Sound	104	20895769	348	1			260		other	0
10108010	850	Response	1	20901366	5945	1
10108010	851	Sound	109	20914769	341	1			260		other	0
10108010	851	Response	1	20918406	3978	1
10108010	852	Sound	111	20934969	367	1			260		other	0
10108010	852	Response	1	20937605	3004	1
10108010	853	Sound	101	20951768	328	1			260		other	0
10108010	854	Sound	104	20973168	387	1			260		other	0
10108010	854	Response	1	20978004	5224	1
10108010	855	Sound	107	20991568	281	1			260		other	0
10108010	855	Response	1	20994164	2877	1
10108010	856	Sound	106	21015567	439	1			260		other	0
10108010	856	Response	1	21018243	3115	1
10108010	857	Sound	111	21044166	362	1			260		other	0
10108010	857	Response	1	21046642	2838	1
10108010	858	Sound	110	21070366	386	1			260		other	0
10108010	858	Response	1	21073682	3702	1
10108010	859	Sound	104	21094165	344	1			260		other	0
10108010	860	Sound	103	21117965	303	1			260		other	0
10108010	861	Sound	110	21139964	294	1			260		other	0
10108010	861	Response	1	21143200	3530	1
10108010	862	Sound	108	21161764	420	1			260		other	0
10108010	862	Response	1	21165040	3696	1
10108010	863	Sound	105	21183763	412	1			260		other	0
10108010	864	Sound	107	21200363	340	1			260		other	0
10108010	864	Response	1	21204559	4535	1
10108010	865	Sound	102	21222762	398	1			260		other	0
10108010	866	Sound	109	21244162	457	1			260		other	0
10108010	866	Response	1	21248478	4773	1
10108010	867	Sound	106	21268562	349	1			260		other	0
10108010	868	Sound	108	21295361	472	1			260		other	0
10108010	868	Response	1	21299837	4948	1
10108010	869	Sound	105	21321560	330	1			260		other	0
10108010	869	Response	1	21328236	7005	1
10108010	870	Sound	102	21343160	422	1			260		other	0
10108010	871	Sound	107	21370359	279	1			260		other	0
10108010	871	Response	1	21373675	3594	1
10108010	872	Sound	109	21390559	472	1			260		other	0
10108010	872	Response	1	21394875	4787	1
10108010	873	Sound	106	21411159	398	1			260		other	0
10108010	873	Response	1	21413834	3073	1
10108010	874	Sound	106	21427758	325	1			260		other	0
10108010	874	Response	1	21434794	7361	1
10108010	875	Sound	103	21446558	285	1			260		other	0
10108010	876	Sound	107	21472757	309	1			260		other	0
10108010	876	Response	1	21477833	5384	1
10108010	877	Sound	111	21492957	335	1			260		other	0
10108010	877	Response	1	21496232	3610	1
10108010	878	Sound	104	21520756	292	1			260		other	0
10108010	879	Sound	105	21539556	419	1			260		other	0
10108010	880	Sound	102	21567955	308	1			260		other	0
10108010	881	Sound	101	21595155	332	1			260		other	0
10108010	882	Sound	109	21613554	392	1			260		other	0
10108010	882	Response	1	21616309	3147	1
10108010	883	Sound	105	21632954	285	1			260		other	0
10108010	883	Response	1	21637349	4680	1
10108010	884	Sound	101	21652553	378	1			260		other	0
10108010	885	Sound	105	21669353	339	1			260		other	0
10108010	885	Response	1	21673108	4094	1
10108010	886	Sound	106	21697952	429	1			260		other	0
10108010	886	Response	1	21702867	5344	1
10108010	887	Sound	101	21724952	419	1			260		other	0
10108010	888	Sound	111	21749351	310	1			260		other	0
10108010	888	Response	1	21752466	3425	3
10108010	889	Sound	110	21776351	301	1			260		other	0
10108010	890	Sound	111	21797350	460	1			260		other	0
10108010	890	Response	1	21800705	3815	1
10108010	891	Sound	108	21814350	287	1			260		other	0
10108010	891	Response	1	21818865	4802	1
10108010	892	Sound	110	21840549	311	1			260		other	0
10108010	892	Response	1	21844224	3986	1
10108010	893	Sound	108	21862949	370	1			260		other	0
10108010	893	Response	1	21867743	5164	1
10108010	894	Sound	103	21891748	326	1			260		other	0
10108010	895	Sound	103	21917348	417	1			260		other	0
10108010	896	Sound	107	21936147	377	1			260		other	0
10108010	896	Response	1	21940542	4771	1
10108010	897	Response	255	22089738	137383	1
10108010	898	Sound	105	22163942	429	1			260		other	0
10108010	898	Response	1	22168136	4623	1
10108010	899	Sound	107	22192942	419	1			260		other	0
10108010	899	Response	1	22195895	3373	1
10108010	900	Sound	101	22220141	442	1			260		other	0
10108010	901	Sound	111	22240141	269	1			260		other	0
10108010	901	Response	1	22242855	2982	1
10108010	902	Sound	101	22264740	360	1			260		other	0
10108010	903	Sound	106	22290940	384	1			260		other	0
10108010	903	Response	1	22295093	4537	1
10108010	904	Sound	102	22315939	375	1			260		other	0
10108010	905	Sound	110	22336139	401	1			260		other	0
10108010	905	Response	1	22338772	3035	1
10108010	906	Sound	102	22364138	391	1			260		other	0
10108010	907	Sound	106	22385938	350	1			260		other	0
10108010	907	Response	1	22389411	3823	1
10108010	908	Sound	105	22411737	475	1			260		other	0
10108010	908	Response	1	22415251	3989	1
10108010	909	Sound	107	22438737	465	1			260		other	0
10108010	909	Response	1	22441410	3138	1
10108010	910	Sound	109	22460736	290	1			260		other	0
10108010	910	Response	1	22463489	3043	1
10108010	911	Sound	108	22488735	280	1			260		other	0
10108010	911	Response	1	22491649	3193	1
10108010	912	Sound	106	22508935	473	1			260		other	0
10108010	912	Response	1	22511728	3266	1
10108010	913	Sound	106	22530334	365	1			260		other	0
10108010	913	Response	1	22534688	4718	1
10108010	914	Sound	109	22550534	391	1			260		other	0
10108010	914	Response	1	22553247	3104	1
10108010	915	Sound	108	22575934	282	1			260		other	0
10108010	915	Response	1	22579247	3595	1
10108010	916	Sound	104	22596733	408	1			260		other	0
10108010	916	Response	1	22601326	5001	1
10108010	917	Sound	109	22620533	366	1			260		other	0
10108010	917	Response	1	22623166	2999	1
10108010	918	Sound	110	22643132	291	1			260		other	0
10108010	918	Response	1	22647885	5044	1
10108010	919	Sound	108	22671531	348	1			260		other	0
10108010	919	Response	1	22674284	3101	1
10108010	920	Sound	102	22691531	341	1			260		other	0
10108010	921	Sound	103	22710131	434	1			260		other	0
10108010	922	Sound	107	22726130	429	1			260		other	0
10108010	922	Response	1	22729963	4261	1
10108010	923	Sound	108	22754330	452	1			260		other	0
10108010	923	Response	1	22757323	3445	1
10108010	924	Sound	110	22781529	309	1			260		other	0
10108010	924	Response	1	22784202	2982	1
10108010	925	Sound	103	22802729	335	1			260		other	0
10108010	926	Sound	111	22820528	295	1			260		other	0
10108010	926	Response	1	22823241	3007	1
10108010	927	Sound	104	22848328	418	1			260		other	0
10108010	927	Response	1	22852760	4851	1
10108010	928	Sound	110	22869927	344	1			260		other	0
10108010	928	Response	1	22872680	3096	1
10108010	929	Sound	110	22894727	469	1			260		other	0
10108010	929	Response	1	22897559	3302	1
10108010	930	Sound	101	22915526	428	1			260		other	0
10108010	931	Sound	111	22937126	353	1			260		other	0
10108010	931	Response	1	22939958	3186	1
10108010	932	Sound	103	22954125	347	1			260		other	0
10108010	933	Sound	108	22978525	405	1			260		other	0
10108010	933	Response	1	22981397	3277	1
10108010	934	Sound	106	22995325	366	1			260		other	0
10108010	934	Response	1	22998277	3318	1
10108010	935	Sound	109	23013724	426	1			260		other	0
10108010	935	Response	1	23017076	3778	1
10108010	936	Sound	109	23040524	383	1			260		other	0
10108010	936	Response	1	23043716	3575	1
10108010	937	Sound	103	23057323	344	1			260		other	0
10108010	938	Sound	105	23073923	271	1			260		other	0
10108010	938	Response	1	23079315	5663	1
10108010	939	Sound	107	23100122	295	1			260		other	0
10108010	939	Response	1	23103074	3247	1
10108010	940	Sound	105	23122722	387	1			260		other	0
10108010	940	Response	1	23126914	4579	1
10108010	941	Sound	101	23143321	313	1			260		other	0
10108010	941	Response	1	23161393	18385	1
10108010	942	Sound	104	23168321	304	1			260		other	0
10108010	942	Response	1	23171233	3216	1
10108010	943	Sound	102	23195320	295	1			260		other	0
10108010	944	Sound	111	23213520	321	1			260		other	0
10108010	944	Response	1	23216272	3073	1
10108010	945	Sound	107	23234319	447	1			260		other	0
10108010	945	Response	1	23238351	4479	1
10108010	946	Sound	103	23251719	341	1			260		other	0
10108010	947	Sound	102	23273719	333	1			260		other	0
10108010	948	Sound	105	23294318	426	1			260		other	0
10108010	948	Response	1	23298190	4298	1
10108010	949	Sound	101	23319918	350	1			260		other	0
10108010	950	Sound	111	23344717	308	1			260		other	0
10108010	950	Response	1	23347789	3380	1
10108010	951	Sound	104	23369517	433	1			260		other	0
10108010	951	Response	1	23373148	4064	1
10108010	952	Sound	104	23387716	292	1			260		other	0
10108010	953	Response	1	23411788	2944	1
10108010	953	Response	255	23568184	159339	1
10108010	953	Response	255	23578983	170139	1
10108010	954	Sound	16	23644911	401	1			260		other	0
10108010	954	Response	1	23648822	4312	1
10108010	955	Sound	15	23673310	457	1			260		other	0
10108010	955	Response	1	23677221	4368	1
10108010	956	Sound	16	23688910	385	1			260		other	0
10108010	956	Response	1	23692261	3736	1
10108010	957	Sound	18	23711909	377	1			260		other	0
10108010	957	Response	1	23714740	3208	1
10108010	958	Sound	14	23732309	436	1			260		other	0
10108010	958	Response	1	23736819	4947	1
10108010	959	Sound	13	23748508	464	1			260		other	0
10108010	960	Sound	14	23768108	390	1			260		other	0
10108010	961	Sound	20	23783308	418	1			260		other	0
10108010	961	Response	1	23785938	3049	1
10108010	962	Sound	21	23804507	277	1			260		other	0
10108010	962	Response	1	23806738	2508	1
10108010	963	Sound	14	23822507	271	1			260		other	0
10108010	964	Sound	13	23845706	296	1			260		other	0
10108010	965	Sound	16	23868906	321	1			260		other	0
10108010	965	Response	1	23872016	3431	1
10108010	966	Sound	18	23886505	415	1			260		other	0
10108010	966	Response	1	23890176	4085	1
10108010	967	Sound	12	23911905	305	1			260		other	0
10108010	968	Sound	14	23928305	366	1			260		other	0
10108010	968	Response	1	23936255	8317	1
10108010	969	Sound	18	23954104	324	1			260		other	0
10108010	969	Response	1	23957054	3274	1
10108010	970	Sound	16	23970704	418	1			260		other	0
10108010	970	Response	1	23974094	3808	1
10108010	971	Sound	12	23988503	378	1			260		other	0
10108010	972	Sound	19	24008103	305	1			260		other	0
10108010	972	Response	1	24011613	3815	1
10108010	973	Sound	17	24029502	364	1			260		other	0
10108010	973	Response	1	24033293	4154	1
10108010	974	Sound	15	24049902	423	1			260		other	0
10108010	974	Response	1	24053612	4133	1
10108010	975	Sound	17	24069502	349	1			260		other	0
10108010	975	Response	1	24073212	4059	1
10108010	976	Sound	18	24087101	276	1			260		other	0
10108010	976	Response	1	24090251	3427	1
10108010	977	Sound	19	24110301	468	1			260		other	0
10108010	977	Response	1	24113451	3618	1
10108010	978	Sound	21	24126900	395	1			260		other	0
10108010	978	Response	1	24129610	3106	1
10108010	979	Sound	11	24154300	286	1			260		other	0
10108010	980	Sound	12	24180899	377	1			260		other	0
10108010	981	Sound	20	24202099	402	1			260		other	0
10108010	981	Response	1	24205609	3912	1
10108010	982	Sound	19	24229898	359	1			260		other	0
10108010	982	Response	1	24232888	3348	1
10108010	983	Sound	12	24247498	453	1			260		other	0
10108010	984	Sound	13	24271297	411	1			260		other	0
10108010	985	Sound	11	24290497	270	1			260		other	0
10108010	986	Sound	17	24312496	429	1			260		other	0
10108010	986	Response	1	24315526	3459	1
10108010	987	Sound	17	24329496	423	1			260		other	0
10108010	987	Response	1	24333206	4133	1
10108010	988	Sound	14	24357695	447	1			260		other	0
10108010	989	Sound	20	24385695	270	1			260		other	0
10108010	989	Response	1	24388484	3059	1
10108010	990	Sound	11	24402694	431	1			260		other	0
10108010	991	Sound	13	24424094	323	1			260		other	0
10108010	992	Sound	13	24449493	380	1			260		other	0
10108010	993	Sound	16	24469293	340	1			260		other	0
10108010	993	Response	1	24473202	4249	1
10108010	994	Sound	18	24490493	366	1			260		other	0
10108010	994	Response	1	24493282	3155	1
10108010	995	Sound	11	24518692	389	1			260		other	0
10108010	995	Response	1	24538321	20018	1
10108010	996	Sound	15	24541092	448	1			260		other	0
10108010	997	Sound	15	24566091	272	1			260		other	0
10108010	997	Response	1	24571280	5461	1
10108010	998	Sound	21	24584290	466	1			260		other	0
10108010	998	Response	1	24587040	3215	1
10108010	999	Sound	19	24607090	424	1			260		other	0
10108010	999	Response	1	24609999	3333	1
10108010	1000	Sound	17	24633689	348	1			260		other	0
10108010	1000	Response	1	24638798	5457	1
10108010	1001	Sound	12	24656089	407	1			260		other	0
10108010	1001	Response	1	24659758	4076	1
10108010	1002	Sound	20	24674889	367	1			260		other	0
10108010	1002	Response	1	24677437	2916	1
10108010	1003	Sound	19	24691688	327	1			260		other	0
10108010	1003	Response	1	24695197	3836	1
10108010	1004	Sound	20	24718488	285	1			260		other	0
10108010	1004	Response	1	24720956	2753	1
10108010	1005	Sound	21	24742887	343	1			260		other	0
10108010	1005	Response	1	24745436	2891	1
10108010	1006	Sound	15	24759687	303	1			260		other	0
10108010	1007	Sound	11	24775487	431	1			260		other	0
10108010	1008	Sound	21	24802686	455	1			260		other	0
10108010	1008	Response	1	24805914	3683	1
