Scenario - 
Logfile written - 11/14/2018 17:28:01

Subject	Trial	Event Type	Code	Time	TTime	Uncertainty	Duration	Uncertainty	ReqTime	ReqDur	Stim Type	Pair Index

10108012	1	Response	255	78062	77728	1
10108012	2	Sound	106	151814	343	1			260		other	0
10108012	2	Response	1	156940	5469	1
10108012	3	Sound	111	168613	304	1			260		other	0
10108012	3	Response	1	172379	4070	1
10108012	4	Sound	108	192813	329	1			260		other	0
10108012	4	Response	1	197099	4615	1
10108012	5	Sound	107	214612	454	1			260		other	0
10108012	5	Response	1	218698	4540	1
10108012	6	Sound	103	230612	282	1			260		other	0
10108012	7	Sound	106	251012	341	1			260		other	0
10108012	8	Sound	105	277611	432	1			260		other	0
10108012	8	Response	1	286857	9678	1
10108012	9	Sound	110	295611	426	1			260		other	0
10108012	10	Sound	110	317810	451	1			260		other	0
10108012	10	Response	1	322296	4937	1
10108012	11	Sound	107	336410	378	1			260		other	0
10108012	11	Response	1	341015	4983	1
10108012	12	Sound	107	355409	371	1			260		other	0
10108012	12	Response	1	361575	6537	1
10108012	13	Sound	104	375009	298	1			260		other	0
10108012	13	Response	1	379735	5024	1
10108012	14	Sound	105	391609	391	1			260		other	0
10108012	14	Response	1	395894	4677	1
10108012	15	Sound	101	412208	318	1			260		other	0
10108012	16	Sound	102	439408	341	1			260		other	0
10108012	16	Response	1	460132	21066	1
10108012	17	Sound	101	464207	466	1			260		other	0
10108012	18	Sound	104	487806	390	1			260		other	0
10108012	18	Response	1	493972	6556	1
10108012	19	Sound	101	504206	285	1			260		other	0
10108012	20	Sound	102	523806	378	1			260		other	0
10108012	20	Response	1	546211	22783	1
10108012	21	Sound	108	547605	337	1			260		other	0
10108012	22	Sound	106	575205	426	1			260		other	0
10108012	22	Response	1	580050	5271	1
10108012	23	Sound	111	602004	383	1			260		other	0
10108012	23	Response	1	606929	5308	1
10108012	24	Sound	107	629203	408	1			260		other	0
10108012	24	Response	1	633089	4293	1
10108012	25	Sound	103	648603	467	1			260		other	0
10108012	25	Response	1	669567	21431	3
10108012	26	Sound	110	672802	325	1			260		other	0
10108012	27	Sound	103	693202	385	1			260		other	0
10108012	28	Sound	111	719201	376	1			260		other	0
10108012	28	Response	1	722687	3861	1
10108012	29	Sound	106	741801	300	1			260		other	0
10108012	29	Response	1	746286	4785	1
10108012	30	Sound	111	761000	327	1			260		other	0
10108012	30	Response	1	764845	4172	1
10108012	31	Sound	109	779000	320	1			260		other	0
10108012	31	Response	1	786445	7765	1
10108012	32	Sound	102	800400	379	1			260		other	0
10108012	33	Sound	107	822799	439	1			260		other	0
10108012	33	Response	1	828204	5844	1
10108012	34	Sound	108	839399	365	1			260		other	0
10108012	34	Response	1	845244	6210	1
10108012	35	Sound	104	861998	459	1			260		other	0
10108012	35	Response	1	870363	8823	1
10108012	36	Sound	104	884798	416	1			260		other	0
10108012	36	Response	1	892602	8220	1
10108012	37	Sound	106	901397	343	1			260		other	0
10108012	37	Response	1	909002	7948	1
10108012	38	Sound	108	923197	302	1			260		other	0
10108012	38	Response	1	932602	9707	1
10108012	39	Sound	102	941197	296	1			260		other	0
10108012	39	Response	1	964761	23860	1
10108012	40	Sound	105	966196	287	1			260		other	0
10108012	41	Sound	102	987196	279	1			260		other	0
10108012	42	Sound	103	1015995	403	1			260		other	0
10108012	43	Sound	110	1042594	327	1			260		other	0
10108012	43	Response	1	1046439	4172	1
10108012	44	Sound	109	1065794	352	1			260		other	0
10108012	44	Response	1	1069798	4356	1
10108012	45	Sound	105	1085393	445	1			260		other	0
10108012	45	Response	1	1089718	4769	1
10108012	46	Sound	101	1105793	337	1			260		other	0
10108012	47	Sound	111	1128192	397	1			260		other	0
10108012	47	Response	1	1132277	4481	1
10108012	48	Sound	109	1149392	422	1			260		other	0
10108012	48	Response	1	1154996	6026	1
10108012	49	Sound	101	1176591	279	1			260		other	0
10108012	50	Sound	109	1203791	302	1			260		other	0
10108012	50	Response	1	1208755	5267	1
10108012	51	Sound	108	1230590	426	1			260		other	0
10108012	51	Response	1	1235794	5630	1
10108012	52	Sound	103	1247990	320	1			260		other	0
10108012	53	Sound	109	1272989	311	1			260		other	0
10108012	54	Sound	104	1290589	405	1			260		other	0
10108012	54	Response	1	1294993	4809	1
10108012	55	Sound	110	1315388	363	1			260		other	0
10108012	55	Response	1	1320833	5807	1
10108012	56	Sound	105	1338588	388	1			260		other	0
10108012	56	Response	1	1344352	6152	1
10108012	57	Response	255	1476589	119136	1
10108012	58	Sound	18	1556783	343	1			260		other	0
10108012	58	Response	1	1560187	3747	1
10108012	59	Sound	19	1583582	467	1			260		other	0
10108012	59	Response	1	1587306	4191	1
10108012	60	Sound	20	1600582	294	1			260		other	0
10108012	60	Response	1	1604346	4058	1
10108012	61	Sound	11	1617182	388	1			260		other	0
10108012	62	Sound	15	1635581	282	1			260		other	0
10108012	62	Response	1	1639065	3765	1
10108012	63	Sound	21	1658581	274	1			260		other	0
10108012	63	Response	1	1662264	3957	1
10108012	64	Sound	21	1685380	398	1			260		other	0
10108012	64	Response	1	1689064	4081	1
10108012	65	Sound	17	1705780	290	1			260		other	0
10108012	65	Response	1	1711143	5654	1
10108012	66	Sound	16	1728179	349	1			260		other	0
10108012	66	Response	1	1731463	3633	1
10108012	67	Sound	21	1746579	409	1			260		other	0
10108012	67	Response	1	1749142	2973	1
10108012	68	Sound	16	1766979	302	1			260		other	0
10108012	68	Response	1	1769702	3025	1
10108012	69	Sound	16	1782178	330	1			260		other	0
10108012	69	Response	1	1785861	4013	1
10108012	70	Sound	13	1805578	388	1			260		other	0
10108012	70	Response	1	1811221	6032	1
10108012	71	Sound	21	1831977	445	1			260		other	0
10108012	71	Response	1	1835220	3689	1
10108012	72	Sound	14	1849977	272	1			260		other	0
10108012	72	Response	1	1857540	7835	1
10108012	73	Sound	15	1867576	366	1			260		other	0
10108012	74	Sound	18	1889376	325	1			260		other	0
10108012	74	Response	1	1893779	4728	1
10108012	74	Response	1	1913459	24408	1
10108012	75	Sound	19	1916175	449	1			260		other	0
10108012	76	Sound	11	1936375	308	1			260		other	0
10108012	77	Sound	17	1959974	400	1			260		other	0
10108012	77	Response	1	1963217	3643	1
10108012	78	Sound	13	1986374	290	1			260		other	0
10108012	78	Response	1	1997136	11053	1
10108012	79	Sound	11	2009773	349	1			260		other	0
10108012	80	Sound	17	2029173	409	1			260		other	0
10108012	80	Response	1	2030976	2212	1
10108012	81	Sound	15	2053772	333	1			260		other	0
10108012	81	Response	1	2058495	5056	1
10108012	82	Sound	14	2078172	391	1			260		other	0
10108012	82	Response	1	2088895	11114	1
10108012	83	Sound	14	2096571	451	1			260		other	0
10108012	84	Sound	16	2113971	345	1			260		other	0
10108012	84	Response	1	2118814	5188	1
10108012	85	Sound	18	2134371	405	1			260		other	0
10108012	85	Response	1	2138413	4447	1
10108012	86	Sound	20	2158370	396	1			260		other	0
10108012	86	Response	1	2161373	3399	1
10108012	87	Sound	13	2175370	390	1			260		other	0
10108012	88	Sound	12	2199569	415	1			260		other	0
10108012	89	Sound	20	2219569	408	1			260		other	0
10108012	89	Response	1	2223211	4050	1
10108012	90	Sound	14	2242368	366	1			260		other	0
10108012	91	Sound	14	2257968	461	1			260		other	0
10108012	91	Response	1	2262330	4823	1
10108012	92	Sound	20	2275967	454	1			260		other	0
10108012	92	Response	1	2280250	4736	1
10108012	93	Sound	18	2297967	279	1			260		other	0
10108012	93	Response	1	2302089	4402	1
10108012	94	Sound	12	2314967	440	1			260		other	0
10108012	95	Sound	19	2341566	364	1			260		other	0
10108012	95	Response	1	2345768	4566	1
10108012	96	Sound	13	2363966	423	1			260		other	0
10108012	97	Sound	11	2387365	315	1			260		other	0
10108012	97	Response	1	2394727	7677	1
10108012	98	Sound	15	2403165	442	1			260		other	0
10108012	99	Sound	12	2427364	300	1			260		other	0
10108012	100	Sound	17	2452164	425	1			260		other	0
10108012	100	Response	1	2456726	4987	1
10108012	101	Sound	21	2467563	319	1			260		other	0
10108012	101	Response	1	2474645	7401	1
10108012	102	Sound	15	2487163	412	1			260		other	0
10108012	103	Sound	20	2509362	438	1			260		other	0
10108012	103	Response	1	2513764	4840	1
10108012	104	Sound	17	2528762	331	1			260		other	0
10108012	104	Response	1	2543204	14773	1
10108012	105	Sound	12	2551361	423	1			260		other	0
10108012	106	Sound	11	2570561	283	1			260		other	0
10108012	107	Sound	16	2598560	272	1			260		other	0
10108012	107	Response	1	2602402	4115	1
10108012	108	Sound	13	2626160	363	1			260		other	0
10108012	109	Sound	12	2652759	287	1			260		other	0
10108012	110	Sound	19	2673159	346	1			260		other	0
10108012	110	Response	1	2675841	3028	1
10108012	111	Sound	19	2699958	470	1			260		other	0
10108012	111	Response	1	2703600	4112	1
10108012	112	Sound	18	2720558	396	1			260		other	0
10108012	112	Response	1	2723439	3278	1
10108012	113	Response	255	2854717	114134	1
10108012	114	Sound	18	2920753	358	1			260		other	0
10108012	114	Response	1	2925275	4880	1
10108012	115	Sound	20	2944753	349	1			260		other	0
10108012	115	Response	1	2947994	3591	1
10108012	116	Sound	14	2961553	310	1			260		other	0
10108012	117	Sound	13	2981752	336	1			260		other	0
10108012	118	Sound	16	3001752	329	1			260		other	0
10108012	118	Response	1	3007913	6490	1
10108012	119	Sound	17	3019551	456	1			260		other	0
10108012	119	Response	1	3031912	12817	1
10108012	120	Sound	18	3038351	416	1			260		other	0
10108012	120	Response	1	3045032	7097	1
10108012	121	Response	1	3063112	2	1
10108012	121	Sound	17	3063550	440	1			260		other	0
10108012	122	Sound	13	3082750	300	1			260		other	0
10108012	123	Sound	12	3104949	326	1			260		other	0
10108012	124	Sound	16	3126949	318	1			260		other	0
10108012	124	Response	1	3130389	3758	2
10108012	125	Sound	13	3150548	409	1			260		other	0
10108012	126	Sound	12	3176948	467	1			260		other	0
10108012	127	Sound	11	3202947	291	1			260		other	0
10108012	128	Sound	21	3228747	415	1			260		other	0
10108012	128	Response	1	3233988	5656	1
10108012	129	Sound	14	3248946	274	1			260		other	0
10108012	130	Sound	20	3275946	265	1			260		other	0
10108012	130	Response	1	3279666	3985	1
10108012	131	Sound	16	3300145	456	1			260		other	0
10108012	131	Response	1	3306306	6617	1
10108012	132	Sound	19	3320545	349	1			260		other	0
10108012	132	Response	1	3327026	6830	1
10108012	133	Sound	18	3336144	444	1			260		other	0
10108012	133	Response	1	3347585	11884	1
10108012	134	Sound	15	3353544	337	1			260		other	0
10108012	134	Response	1	3363744	10538	1
10108012	135	Sound	21	3375343	463	1			260		other	0
10108012	135	Response	1	3381664	6783	1
10108012	136	Sound	18	3402943	386	1			260		other	0
10108012	136	Response	1	3416623	14067	1
10108012	137	Sound	18	3421942	379	1			260		other	0
10108012	137	Response	1	3432303	10740	2
10108012	138	Sound	17	3437742	340	1			260		other	0
10108012	138	Response	1	3444543	7141	1
10108012	139	Sound	11	3463542	465	1			260		other	0
10108012	140	Sound	20	3482141	391	1			260		other	0
10108012	140	Response	1	3492381	10632	1
10108012	141	Sound	11	3507141	382	1			260		other	0
10108012	142	Sound	15	3529740	308	1			260		other	0
10108012	143	Sound	16	3546740	302	1			260		other	0
10108012	143	Response	1	3551580	5142	1
10108012	144	Sound	19	3567939	327	1			260		other	0
10108012	144	Response	1	3578459	10848	1
10108012	145	Sound	12	3588739	455	1			260		other	0
10108012	146	Sound	12	3606738	447	1			260		other	0
10108012	147	Sound	16	3632338	371	1			260		other	0
10108012	147	Response	1	3639658	7691	1
10108012	148	Sound	17	3659137	328	1			260		other	0
10108012	148	Response	1	3667577	8768	1
10108012	149	Sound	21	3682537	387	1			260		other	0
10108012	149	Response	1	3687657	5507	1
10108012	150	Sound	14	3699336	347	1			260		other	0
10108012	151	Sound	21	3717736	407	1			260		other	0
10108012	151	Response	1	3722216	4888	1
10108012	152	Sound	11	3741536	366	1			260		other	0
10108012	153	Sound	15	3763535	358	1			260		other	0
10108012	154	Sound	19	3782335	318	1			260		other	0
10108012	154	Response	1	3787335	5318	1
10108012	155	Sound	13	3808334	308	1			260		other	0
10108012	156	Sound	11	3826334	302	1			260		other	0
10108012	156	Response	1	3837973	11942	1
10108012	157	Sound	17	3841933	397	1			260		other	0
10108012	157	Response	1	3851733	10196	1
10108012	158	Sound	14	3857333	291	1			260		other	0
10108012	159	Sound	12	3877533	317	1			260		other	0
10108012	160	Sound	21	3899332	276	1			260		other	0
10108012	160	Response	1	3902212	3156	1
10108012	161	Sound	15	3920332	269	1			260		other	0
10108012	162	Sound	20	3948331	425	1			260		other	0
10108012	162	Response	1	3953731	5825	1
10108012	163	Sound	14	3964531	286	1			260		other	0
10108012	164	Sound	13	3989530	444	1			260		other	0
10108012	164	Response	1	4006370	17284	1
10108012	165	Sound	19	4011330	403	1			260		other	0
10108012	165	Response	1	4019729	8803	1
10108012	166	Sound	15	4026729	464	1			260		other	0
10108012	166	Response	1	4035649	9384	1
10108012	167	Sound	19	4050929	322	1			260		other	0
10108012	167	Response	1	4057088	6482	1
10108012	168	Sound	20	4066728	450	1			260		other	0
10108012	168	Response	1	4070208	3930	1
10108012	169	Response	255	5696730	1612699	1
10108012	170	Sound	15	5772091	409	1			260		other	0
10108012	171	Sound	16	5796291	434	1			260		other	0
10108012	171	Response	1	5799688	3831	1
10108012	172	Sound	11	5813690	328	1			260		other	0
10108012	173	Sound	14	5829090	389	1			260		other	0
10108012	174	Sound	19	5847090	383	1			260		other	0
10108012	174	Response	1	5851206	4499	1
10108012	175	Sound	17	5867289	409	1			260		other	0
10108012	175	Response	1	5871286	4405	1
10108012	176	Sound	13	5883289	403	1			260		other	0
10108012	176	Response	1	5904965	22080	1
10108012	177	Sound	18	5906688	462	1			260		other	0
10108012	177	Response	1	5913285	7058	1
10108012	178	Sound	21	5928088	354	1			260		other	0
10108012	178	Response	1	5930964	3230	1
10108012	179	Sound	20	5951687	279	1			260		other	0
10108012	179	Response	1	5959124	7715	1
10108012	180	Sound	19	5971887	305	1			260		other	0
10108012	180	Response	1	5977443	5861	1
10108012	181	Sound	16	5993486	397	1			260		other	0
10108012	181	Response	1	5998883	5794	1
10108012	182	Sound	21	6008886	292	1			260		other	0
10108012	182	Response	1	6012642	4048	1
10108012	183	Sound	17	6033085	316	1			260		other	0
10108012	183	Response	1	6039041	6272	1
10108012	184	Sound	21	6051085	310	1			260		other	0
10108012	184	Response	1	6054402	3627	1
10108012	185	Sound	19	6074885	268	1			260		other	0
10108012	185	Response	1	6078401	3784	1
10108012	186	Sound	17	6098884	426	1			260		other	0
10108012	186	Response	1	6103280	4823	1
10108012	187	Sound	17	6118884	419	1			260		other	0
10108012	187	Response	1	6123360	4896	1
10108012	188	Sound	16	6144083	444	1			260		other	0
10108012	188	Response	1	6149199	5560	1
10108012	189	Sound	12	6170483	334	1			260		other	0
10108012	189	Response	1	6186958	16810	1
10108012	190	Sound	11	6187482	328	1			260		other	0
10108012	191	Sound	18	6209682	354	1			260		other	0
10108012	191	Response	1	6214238	4910	1
10108012	192	Sound	11	6229881	380	1			260		other	0
10108012	192	Response	1	6251437	21935	1
10108012	193	Sound	12	6254481	471	1			260		other	0
10108012	194	Sound	14	6275280	430	1			260		other	0
10108012	195	Sound	16	6298080	389	1			260		other	0
10108012	195	Response	1	6302556	4865	1
10108012	196	Sound	18	6324479	279	1			260		other	0
10108012	196	Response	1	6345755	21555	1
10108012	197	Sound	11	6352679	469	1			260		other	0
10108012	198	Sound	15	6375678	461	1			260		other	0
10108012	199	Sound	21	6395078	354	1			260		other	0
10108012	199	Response	1	6398234	3510	1
10108012	200	Sound	14	6418077	346	1			260		other	0
10108012	201	Sound	15	6445477	403	1			260		other	0
10108012	201	Response	1	6451752	6679	1
10108012	202	Sound	13	6471276	361	1			260		other	0
10108012	203	Sound	11	6498475	384	1			260		other	0
10108012	204	Sound	18	6516075	311	1			260		other	0
10108012	204	Response	1	6518791	3027	1
10108012	205	Sound	20	6541874	269	1			260		other	0
10108012	205	Response	1	6547830	6224	1
10108012	206	Sound	13	6561474	362	1			260		other	0
10108012	207	Sound	12	6588873	419	1			260		other	0
10108012	208	Sound	13	6614873	409	1			260		other	0
10108012	209	Sound	20	6642072	433	1			260		other	0
10108012	209	Response	1	6649828	8188	1
10108012	210	Sound	14	6663472	325	1			260		other	0
10108012	211	Sound	16	6687471	317	1			260		other	0
10108012	211	Response	1	6693987	6832	1
10108012	212	Sound	17	6715671	340	1			260		other	0
10108012	212	Response	1	6718866	3535	1
10108012	213	Sound	18	6733270	434	1			260		other	0
10108012	213	Response	1	6738786	5949	1
10108012	214	Sound	12	6755870	359	1			260		other	0
10108012	215	Sound	15	6773669	319	1			260		other	0
10108012	215	Response	1	6780705	7355	1
10108012	216	Sound	19	6795269	412	1			260		other	0
10108012	216	Response	1	6799024	4167	1
10108012	217	Sound	14	6823468	268	1			260		other	0
10108012	218	Sound	19	6843268	395	1			260		other	0
10108012	218	Response	1	6849103	6230	1
10108012	219	Sound	15	6870067	352	1			260		other	0
10108012	220	Sound	13	6889267	378	1			260		other	0
10108012	220	Response	1	6894702	5813	1
10108012	221	Sound	12	6908266	372	1			260		other	0
10108012	222	Sound	20	6928666	431	1			260		other	0
10108012	222	Response	1	6931661	3426	1
10108012	223	Sound	21	6953666	422	1			260		other	0
10108012	223	Response	1	6956780	3537	1
10108012	224	Sound	20	6974665	415	1			260		other	0
10108012	224	Response	1	6979020	4770	1
10108012	225	Response	255	7404370	402197	1
10108012	226	Sound	16	7479054	302	1			260		other	0
10108012	227	Sound	13	7507053	458	1			260		other	0
10108012	227	Response	1	7508127	1532	1
10108012	228	Sound	11	7525853	418	1			260		other	0
10108012	229	Sound	12	7546053	278	1			260		other	0
10108012	230	Sound	17	7567252	304	1			260		other	0
10108012	230	Response	1	7571246	4297	1
10108012	231	Sound	19	7593052	428	1			260		other	0
10108012	231	Response	1	7596846	4222	1
10108012	232	Sound	21	7621051	418	1			260		other	0
10108012	232	Response	1	7623724	3091	3
10108012	233	Sound	15	7638451	312	1			260		other	0
10108012	234	Sound	12	7658450	305	1			260		other	0
10108012	235	Sound	18	7686049	395	1			260		other	0
10108012	235	Response	1	7689003	3348	1
10108012	236	Sound	14	7710049	386	1			260		other	0
10108012	237	Sound	15	7732849	345	1			260		other	0
10108012	237	Response	1	7735562	3058	1
10108012	238	Sound	11	7752048	371	1			260		other	0
10108012	239	Sound	21	7775648	463	1			260		other	0
10108012	239	Response	1	7778601	3416	1
10108012	240	Sound	16	7793647	456	1			260		other	0
10108012	241	Sound	16	7812047	350	1			260		other	0
10108012	241	Response	1	7819640	7943	1
10108012	242	Sound	15	7834446	409	1			260		other	0
10108012	242	Response	1	7842600	8562	1
10108012	243	Sound	18	7855846	301	1			260		other	0
10108012	243	Response	1	7862679	7134	1
10108012	244	Sound	18	7874645	428	1			260		other	0
10108012	244	Response	1	7879479	5261	1
10108012	244	Response	1	7897878	23660	1
10108012	245	Sound	15	7900045	318	1			260		other	0
10108012	245	Response	1	7908998	9272	1
10108012	246	Sound	17	7915445	380	1			260		other	0
10108012	246	Response	1	7922118	7053	1
10108012	247	Sound	17	7941444	370	1			260		other	0
10108012	247	Response	1	7945237	4163	1
10108012	248	Sound	11	7967443	361	1			260		other	0
10108012	249	Sound	17	7986043	288	1			260		other	0
10108012	249	Response	1	7988756	3001	1
10108012	250	Sound	20	8003843	415	1			260		other	0
10108012	250	Response	1	8007476	4048	1
10108012	251	Sound	19	8020042	276	1			260		other	0
10108012	251	Response	1	8025635	5869	1
10108012	252	Sound	20	8047042	433	1			260		other	0
10108012	252	Response	1	8052755	6146	1
10108012	253	Sound	13	8063241	460	1			260		other	0
10108012	254	Sound	13	8083641	353	1			260		other	0
10108012	254	Response	1	8097074	13786	1
10108012	255	Sound	14	8110240	277	1			260		other	0
10108012	256	Sound	14	8137840	367	1			260		other	0
10108012	256	Response	1	8139473	2000	1
10108012	257	Sound	15	8158439	460	1			260		other	0
10108012	257	Response	1	8162592	4613	1
10108012	258	Sound	18	8174039	388	1			260		other	0
10108012	258	Response	1	8178112	4460	1
10108012	259	Sound	11	8199638	312	1			260		other	0
10108012	260	Sound	21	8219638	305	1			260		other	0
10108012	260	Response	1	8222911	3577	2
10108012	261	Sound	11	8243637	463	1			260		other	0
10108012	262	Sound	13	8259037	357	1			260		other	0
10108012	263	Sound	16	8279037	350	1			260		other	0
10108012	263	Response	1	8283869	5183	1
10108012	264	Sound	17	8306036	341	1			260		other	0
10108012	264	Response	1	8310509	4813	1
10108012	265	Sound	20	8328236	366	1			260		other	0
10108012	265	Response	1	8331468	3599	1
10108012	266	Sound	19	8352835	457	1			260		other	0
10108012	266	Response	1	8355948	3570	1
10108012	267	Sound	19	8376634	415	1			260		other	0
10108012	267	Response	1	8380427	4208	1
10108012	268	Sound	20	8396034	308	1			260		other	0
10108012	268	Response	1	8399387	3661	1
10108012	269	Sound	21	8416834	268	1			260		other	0
10108012	269	Response	1	8419946	3380	1
10108012	270	Sound	21	8441833	426	1			260		other	0
10108012	270	Response	1	8444665	3258	2
10108012	271	Sound	14	8468032	283	1			260		other	0
10108012	272	Sound	12	8490032	275	1			260		other	0
10108012	273	Sound	19	8509632	368	1			260		other	0
10108012	273	Response	1	8513464	4200	1
10108012	274	Sound	18	8534431	326	1			260		other	0
10108012	274	Response	1	8551223	17118	1
10108012	275	Sound	13	8557631	351	1			260		other	0
10108012	276	Sound	12	8574230	278	1			260		other	0
10108012	277	Sound	14	8600230	269	1			260		other	0
10108012	277	Response	1	8605382	5421	1
10108012	278	Sound	16	8624029	394	1			260		other	0
10108012	278	Response	1	8627461	3826	1
10108012	279	Sound	20	8649229	418	1			260		other	0
10108012	279	Response	1	8652821	4010	1
10108012	280	Sound	12	8674628	309	1			260		other	0
10108012	281	Response	255	10277663	1586258	1
10108012	282	Sound	106	10362591	376	1			260		other	0
10108012	282	Response	1	10366780	4565	1
10108012	283	Sound	109	10385591	367	1			260		other	0
10108012	283	Response	1	10389020	3796	1
10108012	284	Sound	102	10403590	360	1			260		other	0
10108012	285	Sound	102	10425190	286	1			260		other	0
10108012	286	Sound	105	10450589	344	1			260		other	0
10108012	286	Response	1	10456298	6052	1
10108012	287	Sound	101	10479389	467	1			260		other	0
10108012	288	Sound	107	10501788	359	1			260		other	0
10108012	288	Response	1	10505257	3828	1
10108012	289	Sound	110	10527588	316	1			260		other	0
10108012	289	Response	1	10531257	3985	1
10108012	290	Sound	108	10546387	276	1			260		other	0
10108012	290	Response	1	10549816	3705	1
10108012	291	Sound	108	10573587	467	1			260		other	0
10108012	291	Response	1	10577095	3975	1
10108012	292	Sound	101	10592586	293	1			260		other	0
10108012	293	Sound	105	10611586	286	1			260		other	0
10108012	293	Response	1	10613575	2275	1
10108012	294	Sound	110	10639785	476	1			260		other	0
10108012	294	Response	1	10642694	3385	1
10108012	295	Sound	109	10660985	335	1			260		other	0
10108012	295	Response	1	10665174	4524	1
10108012	296	Sound	111	10678184	363	1			260		other	0
10108012	296	Response	1	10681573	3751	1
10108012	297	Sound	111	10695984	323	1			260		other	0
10108012	297	Response	1	10699013	3352	1
10108012	298	Sound	108	10723583	413	1			260		other	0
10108012	298	Response	1	10728052	4882	1
10108012	299	Sound	106	10745183	339	1			260		other	0
10108012	299	Response	1	10751891	7047	1
10108012	300	Sound	101	10768582	397	1			260		other	0
10108012	300	Response	1	10784691	16505	1
10108012	301	Sound	104	10792982	288	1			260		other	0
10108012	302	Sound	106	10817181	313	1			260		other	0
10108012	302	Response	1	10821810	4941	1
10108012	303	Sound	109	10840181	305	1			260		other	0
10108012	303	Response	1	10844289	4413	1
10108012	304	Sound	104	10867980	428	1			260		other	0
10108012	304	Response	1	10872448	4896	1
10108012	305	Sound	105	10888580	354	1			260		other	0
10108012	305	Response	1	10894768	6543	1
10108012	306	Sound	111	10911379	313	1			260		other	0
10108012	306	Response	1	10915488	4421	1
10108012	307	Sound	102	10930579	339	1			260		other	0
10108012	308	Sound	109	10947978	400	1			260		other	0
10108012	308	Response	1	10952206	4628	1
10108012	309	Sound	103	10967378	460	1			260		other	0
10108012	310	Sound	109	10994977	383	1			260		other	0
10108012	310	Response	1	10998286	3691	1
10108012	311	Sound	104	11021777	340	1			260		other	0
10108012	312	Sound	107	11040576	300	1			260		other	0
10108012	312	Response	1	11046604	6328	1
10108012	313	Sound	108	11062576	459	1			260		other	0
10108012	313	Response	1	11066924	4807	1
10108012	314	Sound	107	11089175	383	1			260		other	0
10108012	314	Response	1	11093563	4770	1
10108012	315	Sound	106	11110775	308	1			260		other	0
10108012	315	Response	1	11114523	4056	1
10108012	316	Sound	103	11129575	435	1			260		other	0
10108012	317	Sound	105	11155974	326	1			260		other	0
10108012	318	Sound	105	11172374	386	1			260		other	0
10108012	318	Response	1	11176762	4774	1
10108012	319	Sound	111	11192373	379	1			260		other	0
10108012	319	Response	1	11196441	4447	1
10108012	320	Sound	103	11214773	271	1			260		other	0
10108012	321	Sound	107	11234972	298	1			260		other	0
10108012	321	Response	1	11247080	12405	1
10108012	322	Sound	110	11262972	454	1			260		other	0
10108012	322	Response	1	11266999	4482	1
10108012	323	Sound	110	11285971	446	1			260		other	0
10108012	323	Response	1	11289719	4194	1
10108012	324	Sound	108	11314971	436	1			260		other	0
10108012	324	Response	1	11319158	4623	1
10108012	325	Sound	102	11341970	426	1			260		other	0
10108012	325	Response	1	11353077	11534	1
10108012	326	Sound	111	11358170	287	1			260		other	0
10108012	326	Response	1	11364437	6555	1
10108012	327	Sound	102	11374169	281	1			260		other	0
10108012	328	Sound	101	11391769	375	1			260		other	0
10108012	329	Sound	101	11411768	368	1			260		other	0
10108012	330	Sound	104	11434568	326	1			260		other	0
10108012	330	Response	1	11440195	5954	1
10108012	331	Sound	107	11450767	354	1			260		other	0
10108012	331	Response	1	11455075	4661	1
10108012	332	Sound	110	11473567	312	1			260		other	0
10108012	332	Response	1	11478194	4940	1
10108012	333	Sound	106	11501166	403	1			260		other	0
10108012	333	Response	1	11507074	6310	1
10108012	334	Sound	103	11528566	460	1			260		other	0
10108012	335	Sound	104	11556365	416	1			260		other	0
10108012	336	Sound	103	11577565	275	1			260		other	0
10108012	337	Response	1	12058661	455950	1
10108012	337	Response	255	12084180	481469	1
10108012	337	Response	1	12159778	557067	1
10108012	338	Sound	14	12160952	468	1			260		other	0
10108012	338	Response	1	12169218	8734	1
10108012	339	Sound	19	12181751	427	1			260		other	0
10108012	339	Response	1	12187298	5973	1
10108012	340	Sound	15	12198351	354	1			260		other	0
10108012	340	Response	1	12224897	26900	1
10108012	341	Sound	20	12225951	445	1			260		other	0
10108012	342	Sound	12	12253150	302	1			260		other	0
10108012	343	Sound	15	12276549	360	1			260		other	0
10108012	344	Sound	13	12293749	387	1			260		other	0
10108012	345	Sound	20	12309749	381	1			260		other	0
10108012	345	Response	1	12313775	4407	1
10108012	346	Sound	18	12332348	306	1			260		other	0
10108012	346	Response	1	12337374	5332	1
10108012	347	Sound	13	12351348	300	1			260		other	0
10108012	348	Sound	18	12376747	357	1			260		other	0
10108012	348	Response	1	12380413	4023	1
10108012	349	Sound	21	12399947	382	1			260		other	0
10108012	349	Response	1	12403613	4048	1
10108012	350	Sound	14	12423346	274	1			260		other	0
10108012	350	Response	1	12428252	5180	1
10108012	351	Sound	17	12446346	266	1			260		other	0
10108012	351	Response	1	12449852	3772	1
10108012	352	Sound	16	12469345	425	1			260		other	0
10108012	352	Response	1	12472571	3650	1
10108012	353	Sound	15	12495545	282	1			260		other	0
10108012	353	Response	1	12499291	4028	1
10108012	354	Sound	13	12519744	307	1			260		other	0
10108012	355	Sound	15	12542744	298	1			260		other	0
10108012	355	Response	1	12546889	4444	1
10108012	356	Sound	18	12569343	389	1			260		other	0
10108012	356	Response	1	12573529	4575	1
10108012	357	Sound	21	12586143	350	1			260		other	0
10108012	357	Response	1	12590968	5175	1
10108012	358	Sound	21	12604542	410	1			260		other	0
10108012	358	Response	1	12608888	4755	1
10108012	359	Sound	20	12626142	335	1			260		other	0
10108012	359	Response	1	12631447	5641	1
10108012	360	Sound	16	12652341	359	1			260		other	0
10108012	360	Response	1	12659127	7145	1
10108012	361	Sound	21	12672741	419	1			260		other	0
10108012	361	Response	1	12676646	4324	1
10108012	362	Sound	11	12700940	275	1			260		other	0
10108012	362	Response	1	12702406	1741	1
10108012	363	Sound	17	12722340	334	1			260		other	0
10108012	363	Response	1	12727125	5120	1
10108012	364	Sound	17	12738739	395	1			260		other	0
10108012	364	Response	1	12743285	4940	1
10108012	365	Sound	18	12756339	322	1			260		other	0
10108012	365	Response	1	12760724	4708	1
10108012	366	Sound	18	12780539	347	1			260		other	0
10108012	366	Response	1	12785444	5252	1
10108012	367	Sound	14	12806938	404	1			260		other	0
10108012	368	Sound	13	12825938	398	1			260		other	0
10108012	368	Response	1	12826963	1423	1
10108012	369	Sound	11	12849537	322	1			260		other	0
10108012	369	Response	1	12858802	9587	1
10108012	370	Sound	16	12867937	383	1			260		other	0
10108012	370	Response	1	12873042	5488	1
10108012	371	Sound	11	12893536	307	1			260		other	0
10108012	372	Sound	17	12909336	434	1			260		other	0
10108012	372	Response	1	12911441	2540	1
10108012	373	Sound	19	12925135	396	1			260		other	0
10108012	373	Response	1	12929600	4861	1
10108012	374	Sound	21	12944735	322	1			260		other	0
10108012	374	Response	1	12949280	4867	1
10108012	375	Sound	14	12965534	448	1			260		other	0
10108012	376	Sound	14	12989934	339	1			260		other	0
10108012	377	Sound	17	13005134	367	1			260		other	0
10108012	377	Response	1	13008479	3712	1
10108012	378	Sound	13	13024933	327	1			260		other	0
10108012	379	Sound	12	13043133	353	1			260		other	0
10108012	379	Response	1	13047598	4818	1
10108012	380	Sound	11	13069732	444	1			260		other	0
10108012	381	Sound	19	13088732	437	1			260		other	0
10108012	382	Sound	12	13105731	431	1			260		other	0
10108012	383	Sound	20	13126931	290	1			260		other	0
10108012	383	Response	1	13134076	7435	1
10108012	384	Sound	12	13151930	281	1			260		other	0
10108012	385	Sound	16	13178730	405	1			260		other	0
10108012	385	Response	1	13186714	8390	1
10108012	386	Sound	16	13195529	366	1			260		other	0
10108012	386	Response	1	13199834	4670	1
10108012	387	Sound	20	13223329	323	1			260		other	0
10108012	387	Response	1	13227753	4747	1
10108012	388	Sound	12	13250128	280	1			260		other	0
10108012	389	Sound	19	13270328	473	1			260		other	0
10108012	389	Response	1	13275192	5337	1
10108012	390	Sound	11	13298127	263	1			260		other	0
10108012	391	Sound	19	13314127	424	1			260		other	0
10108012	391	Response	1	13318471	4768	1
10108012	392	Sound	15	13342126	413	1			260		other	0
10108012	392	Response	1	13348151	6438	1
10108012	393	Response	255	27859011	14501713	1
10108012	394	Sound	21	27930608	351	1			260		other	0
10108012	394	Response	1	27937009	6752	1
10108012	395	Sound	21	27953808	376	1			260		other	0
10108012	395	Response	1	27959488	6057	1
10108012	396	Sound	12	27971207	437	1			260		other	0
10108012	397	Sound	18	27991207	430	1			260		other	0
10108012	397	Response	1	27996447	5670	1
10108012	398	Sound	15	28012406	289	1			260		other	0
10108012	398	Response	1	28016527	4409	1
10108012	399	Sound	20	28036206	414	1			260		other	0
10108012	399	Response	1	28041406	5614	1
10108012	400	Sound	19	28055206	407	1			260		other	0
10108012	400	Response	1	28060446	5647	1
10108012	401	Sound	15	28078205	399	1			260		other	0
10108012	401	Response	1	28078365	559	1
10108012	401	Response	1	28094285	16479	1
10108012	402	Sound	19	28095804	325	1			260		other	0
10108012	403	Sound	13	28114604	452	1			260		other	0
10108012	404	Sound	19	28136604	444	1			260		other	0
10108012	404	Response	1	28139964	3804	1
10108012	405	Sound	16	28163003	335	1			260		other	0
10108012	405	Response	1	28167963	5295	1
10108012	406	Sound	20	28180003	329	1			260		other	0
10108012	406	Response	1	28185403	5729	1
10108012	407	Sound	20	28196802	456	1			260		other	0
10108012	407	Response	1	28203322	6976	1
10108012	407	Response	1	28224282	27936	1
10108012	408	Sound	20	28224802	446	1			260		other	0
10108012	409	Sound	11	28252601	403	1			260		other	0
10108012	409	Response	1	28253161	963	1
10108012	410	Sound	11	28276201	328	1			260		other	0
10108012	411	Sound	19	28292800	422	1			260		other	0
10108012	411	Response	1	28298520	6142	1
10108012	412	Sound	17	28312000	282	1			260		other	0
10108012	412	Response	1	28320200	8482	1
10108012	413	Sound	17	28333599	374	1			260		other	0
10108012	413	Response	1	28343319	10094	2
10108012	414	Sound	21	28351799	401	1			260		other	0
10108012	414	Response	1	28365399	14001	1
10108012	415	Sound	17	28368799	395	1			260		other	0
10108012	416	Sound	12	28388398	321	1			260		other	0
10108012	416	Response	1	28408438	20361	1
10108012	417	Sound	18	28414798	379	1			260		other	0
10108012	417	Response	1	28419397	4979	1
10108012	418	Sound	13	28440397	470	1			260		other	0
10108012	419	Sound	16	28460597	329	1			260		other	0
10108012	419	Response	1	28467396	7129	1
10108012	420	Sound	21	28481196	422	1			260		other	0
10108012	420	Response	1	28486676	5901	1
10108012	421	Sound	17	28496396	283	1			260		other	0
10108012	421	Response	1	28505635	9522	1
10108012	422	Sound	18	28514395	443	1			260		other	0
10108012	422	Response	1	28521155	7203	1
10108012	423	Sound	11	28534395	436	1			260		other	0
10108012	424	Sound	12	28554595	462	1			260		other	0
10108012	425	Sound	15	28571594	456	1			260		other	0
10108012	425	Response	1	28591473	20335	1
10108012	426	Sound	17	28596594	447	1			260		other	0
10108012	426	Response	1	28603553	7407	1
10108012	427	Sound	16	28613393	408	1			260		other	0
10108012	427	Response	1	28617953	4967	1
10108012	428	Sound	11	28631193	368	1			260		other	0
10108012	429	Sound	13	28656192	359	1			260		other	0
10108012	430	Sound	15	28677592	418	1			260		other	0
10108012	430	Response	1	28690671	13497	2
10108012	431	Sound	14	28698192	344	1			260		other	0
10108012	431	Response	1	28711391	13543	1
10108012	432	Sound	15	28723791	435	1			260		other	0
10108012	432	Response	1	28730430	7074	1
10108012	433	Sound	14	28741391	362	1			260		other	0
10108012	433	Response	1	28753149	12121	1
10108012	434	Sound	12	28759990	456	1			260		other	0
10108012	435	Sound	16	28787989	446	1			260		other	0
10108012	435	Response	1	28794668	7124	1
10108012	436	Sound	19	28805989	439	1			260		other	0
10108012	436	Response	1	28811068	5518	1
10108012	437	Sound	11	28823989	433	1			260		other	0
10108012	438	Sound	16	28839988	427	1			260		other	0
10108012	438	Response	1	28845307	5746	1
10108012	439	Sound	18	28866788	384	1			260		other	0
10108012	439	Response	1	28878347	11943	1
10108012	440	Sound	13	28891187	442	1			260		other	0
10108012	441	Sound	13	28917387	466	1			260		other	0
10108012	442	Sound	14	28942386	291	1			260		other	0
10108012	442	Response	1	28951465	9369	1
10108012	443	Sound	12	28960586	318	1			260		other	0
10108012	444	Sound	18	28977185	412	1			260		other	0
10108012	444	Response	1	28981224	4450	1
10108012	445	Sound	20	28998785	337	1			260		other	0
10108012	445	Response	1	29003944	5496	1
10108012	446	Sound	14	29015585	298	1			260		other	0
10108012	447	Sound	21	29034184	391	1			260		other	0
10108012	447	Response	1	29037783	3990	1
10108012	448	Sound	14	29056584	450	1			260		other	0
10108012	448	Response	1	29067061	10927	3
10108012	449	Response	255	29278977	205425	1
10108012	450	Sound	18	29356177	443	1			260		other	0
10108012	450	Response	1	29375695	19961	1
10108012	451	Sound	11	29383577	334	1			260		other	0
10108012	451	Response	1	29392574	9331	2
10108012	452	Sound	16	29399376	461	1			260		other	0
10108012	452	Response	1	29403694	4779	1
10108012	453	Sound	13	29416376	455	1			260		other	0
10108012	454	Sound	15	29431575	316	1			260		other	0
10108012	454	Response	1	29438413	7154	1
10108012	455	Sound	20	29451375	443	1			260		other	0
10108012	455	Response	1	29455693	4761	1
10108012	456	Sound	20	29472175	402	1			260		other	0
10108012	457	Sound	14	29497574	460	1			260		other	0
10108012	458	Sound	14	29515374	420	1			260		other	0
10108012	458	Response	1	29520571	5618	1
10108012	459	Sound	19	29540573	278	1			260		other	0
10108012	459	Response	1	29548091	7795	1
10108012	460	Sound	20	29567372	401	1			260		other	0
10108012	460	Response	1	29574730	7759	1
10108012	461	Sound	18	29587972	327	1			260		other	0
10108012	461	Response	1	29592410	4765	1
10108012	462	Sound	18	29612172	352	1			260		other	0
10108012	462	Response	1	29619769	7950	1
10108012	463	Sound	14	29632771	445	1			260		other	0
10108012	464	Sound	17	29650771	272	1			260		other	0
10108012	464	Response	1	29655128	4629	1
10108012	465	Sound	18	29666170	333	1			260		other	0
10108012	465	Response	1	29672808	6970	1
10108012	466	Sound	19	29692570	390	1			260		other	0
10108012	466	Response	1	29699687	7508	1
10108012	467	Sound	17	29720169	314	1			260		other	0
10108012	467	Response	1	29726967	7111	1
10108012	468	Sound	20	29742369	339	1			260		other	0
10108012	468	Response	1	29746406	4376	1
10108012	469	Sound	17	29770368	329	1			260		other	0
10108012	469	Response	1	29775926	5887	1
10108012	470	Sound	20	29793368	321	1			260		other	0
10108012	470	Response	1	29799045	5998	1
10108012	471	Sound	11	29809567	348	1			260		other	0
10108012	472	Sound	19	29826967	409	1			260		other	0
10108012	472	Response	1	29834724	8166	1
10108012	473	Sound	15	29849166	434	1			260		other	0
10108012	473	Response	1	29861123	12391	1
10108012	474	Sound	14	29874766	358	1			260		other	0
10108012	475	Sound	13	29895765	351	1			260		other	0
10108012	476	Sound	13	29921765	342	1			260		other	0
10108012	477	Sound	13	29947364	266	1			260		other	0
10108012	478	Sound	17	29964564	293	1			260		other	0
10108012	478	Response	1	29971841	7570	1
10108012	479	Sound	17	29981764	321	1			260		other	0
10108012	479	Response	1	29988081	6638	1
10108012	480	Sound	13	29997363	415	1			260		other	0
10108012	481	Sound	11	30019563	440	1			260		other	0
10108012	482	Sound	18	30043362	399	1			260		other	0
10108012	482	Response	1	30047279	4316	1
10108012	483	Sound	16	30068362	389	1			260		other	0
10108012	483	Response	1	30073439	5467	1
10108012	484	Sound	11	30085761	450	1			260		other	0
10108012	485	Sound	16	30111161	341	1			260		other	0
10108012	485	Response	1	30115838	5018	1
10108012	486	Sound	19	30137560	398	1			260		other	0
10108012	486	Response	1	30141357	4195	1
10108012	487	Sound	12	30162960	456	1			260		other	0
10108012	488	Sound	12	30190559	379	1			260		other	0
10108012	489	Sound	21	30212758	405	1			260		other	0
10108012	489	Response	1	30215435	3082	1
10108012	490	Sound	21	30228958	266	1			260		other	0
10108012	490	Response	1	30232075	3382	1
10108012	491	Sound	12	30249158	292	1			260		other	0
10108012	492	Sound	12	30266757	385	1			260		other	0
10108012	493	Sound	16	30292957	410	1			260		other	0
10108012	493	Response	1	30299113	6566	1
10108012	494	Sound	21	30312356	303	1			260		other	0
10108012	494	Response	1	30315273	3219	1
10108012	495	Sound	21	30332556	329	1			260		other	0
10108012	495	Response	1	30335992	3765	1
10108012	496	Sound	15	30350156	423	1			260		other	0
10108012	497	Sound	16	30373555	314	1			260		other	0
10108012	498	Sound	21	30394954	373	1			260		other	0
10108012	498	Response	1	30398951	4370	1
10108012	499	Sound	19	30413154	400	1			260		other	0
10108012	500	Sound	15	30437954	358	1			260		other	0
10108012	501	Sound	12	30462553	282	1			260		other	0
10108012	501	Response	1	30469509	7239	1
10108012	502	Sound	14	30484153	375	1			260		other	0
10108012	503	Sound	15	30501352	402	1			260		other	0
10108012	503	Response	1	30505989	5038	1
10108012	504	Sound	11	30527152	359	1			260		other	0
10108012	505	Response	255	30903819	351605	1
10108012	506	Sound	13	30970942	335	1			260		other	0
10108012	507	Sound	14	30992941	327	1			260		other	0
10108012	508	Sound	17	31017941	318	1			260		other	0
10108012	508	Response	1	31021336	3713	1
10108012	509	Sound	19	31039340	377	1			260		other	0
10108012	509	Response	1	31042696	3732	1
10108012	510	Sound	16	31061940	469	1			260		other	0
10108012	510	Response	1	31065175	3704	1
10108012	511	Sound	12	31079940	296	1			260		other	0
10108012	512	Sound	11	31096139	323	1			260		other	0
10108012	513	Sound	20	31112939	451	1			260		other	0
10108012	513	Response	1	31116534	4046	1
10108012	514	Sound	12	31129739	411	1			260		other	0
10108012	515	Sound	18	31147338	339	1			260		other	0
10108012	515	Response	1	31150613	3614	1
10108012	516	Sound	11	31162938	433	1			260		other	0
10108012	517	Sound	16	31182137	293	1			260		other	0
10108012	517	Response	1	31186853	5008	1
10108012	518	Sound	12	31197737	387	1			260		other	0
10108012	519	Sound	21	31219736	379	1			260		other	0
10108012	519	Response	1	31222931	3574	1
10108012	520	Sound	14	31246536	337	1			260		other	0
10108012	520	Response	1	31259411	13211	1
10108012	521	Sound	11	31263336	464	1			260		other	0
10108012	522	Sound	15	31280735	358	1			260		other	0
10108012	523	Sound	17	31307535	315	1			260		other	0
10108012	523	Response	1	31312049	4830	1
10108012	524	Sound	17	31325934	375	1			260		other	0
10108012	524	Response	1	31329969	4410	1
10108012	525	Sound	18	31341134	403	1			260		other	0
10108012	525	Response	1	31347249	6518	1
10108012	526	Sound	15	31362534	462	1			260		other	0
10108012	527	Sound	13	31382933	355	1			260		other	0
10108012	528	Sound	14	31406532	279	1			260		other	0
10108012	529	Sound	19	31428932	338	1			260		other	0
10108012	529	Response	1	31433087	4493	1
10108012	530	Sound	21	31451532	430	1			260		other	0
10108012	530	Response	1	31458606	7505	1
10108012	531	Sound	19	31471931	323	1			260		other	0
10108012	531	Response	1	31476526	4917	1
10108012	532	Sound	12	31497331	380	1			260		other	0
10108012	533	Sound	11	31525130	337	1			260		other	0
10108012	534	Sound	16	31547729	429	1			260		other	0
10108012	535	Sound	14	31569529	388	1			260		other	0
10108012	535	Response	1	31574843	5703	1
10108012	536	Sound	13	31590129	314	1			260		other	0
10108012	537	Sound	14	31617128	304	1			260		other	0
10108012	538	Sound	19	31633928	432	1			260		other	0
10108012	538	Response	1	31637082	3586	1
10108012	539	Sound	13	31661727	388	1			260		other	0
10108012	539	Response	1	31672281	10943	1
10108012	540	Sound	18	31677527	350	1			260		other	0
10108012	540	Response	1	31682761	5584	1
10108012	541	Sound	11	31699526	342	1			260		other	0
10108012	542	Sound	19	31714926	403	1			260		other	0
10108012	542	Response	1	31721240	6717	1
10108012	543	Sound	18	31735125	429	1			260		other	0
10108012	543	Response	1	31747879	13183	1
10108012	544	Sound	17	31756325	288	1			260		other	0
10108012	544	Response	1	31771879	15842	1
10108012	545	Sound	21	31778924	380	1			260		other	0
10108012	545	Response	1	31785479	6934	1
10108012	546	Sound	16	31801724	339	1			260		other	0
10108012	546	Response	1	31816918	15533	1
10108012	547	Sound	15	31824323	431	1			260		other	0
10108012	547	Response	1	31844437	20544	1
10108012	548	Sound	20	31847323	423	1			260		other	0
10108012	548	Response	1	31853397	6496	1
10108012	549	Sound	15	31868122	382	1			260		other	0
10108012	549	Response	1	31873476	5736	1
10108012	550	Sound	20	31890522	440	1			260		other	0
10108012	550	Response	1	31893796	3714	1
10108012	551	Sound	16	31915522	432	1			260		other	0
10108012	551	Response	1	31920675	5585	1
10108012	552	Sound	20	31938321	390	1			260		other	0
10108012	552	Response	1	31943635	5704	1
10108012	553	Sound	20	31965720	447	1			260		other	0
10108012	553	Response	1	31968914	3641	1
10108012	554	Sound	17	31988320	372	1			260		other	0
10108012	554	Response	1	31994514	6566	1
10108012	555	Sound	12	32014719	263	1			260		other	0
10108012	556	Sound	13	32038319	354	1			260		other	0
10108012	556	Response	1	32047391	9427	2
10108012	557	Sound	21	32054918	282	1			260		other	0
10108012	557	Response	1	32059392	4755	1
10108012	558	Sound	18	32079118	306	1			260		other	0
10108012	558	Response	1	32083632	4820	1
10108012	559	Sound	15	32107317	330	1			260		other	0
10108012	559	Response	1	32117071	10083	1
10108012	560	Sound	21	32129917	422	1			260		other	0
10108012	560	Response	1	32134110	4615	1
10108012	561	Response	255	32977931	826515	1
10108012	562	Sound	101	33053697	393	1			260		other	0
10108012	563	Sound	106	33072096	453	1			260		other	0
10108012	563	Response	1	33077368	5725	1
10108012	564	Sound	103	33089096	280	1			260		other	0
10108012	565	Sound	108	33111895	405	1			260		other	0
10108012	565	Response	1	33117127	5637	1
10108012	566	Sound	109	33130295	299	1			260		other	0
10108012	566	Response	1	33137447	7451	1
10108012	567	Sound	103	33149295	292	1			260		other	0
10108012	568	Sound	110	33170694	351	1			260		other	0
10108012	568	Response	1	33179606	9263	1
10108012	569	Sound	108	33191294	277	1			260		other	0
10108012	569	Response	1	33203605	12589	1
10108012	570	Sound	106	33217893	368	1			260		other	0
10108012	570	Response	1	33222405	4879	1
10108012	571	Sound	104	33236493	294	1			260		other	0
10108012	572	Sound	110	33255892	354	1			260		other	0
10108012	572	Response	1	33259284	3746	1
10108012	573	Sound	109	33280292	412	1			260		other	0
10108012	573	Response	1	33284643	4763	1
10108012	574	Sound	106	33301691	304	1			260		other	0
10108012	574	Response	1	33308003	6616	1
10108012	575	Sound	105	33324091	363	1			260		other	0
10108012	576	Sound	102	33343490	423	1			260		other	0
10108012	577	Sound	110	33360090	350	1			260		other	0
10108012	577	Response	1	33363761	4022	1
10108012	578	Sound	101	33380690	443	1			260		other	0
10108012	579	Sound	108	33409689	433	1			260		other	0
10108012	579	Response	1	33414160	4904	1
10108012	580	Sound	105	33438088	322	1			260		other	0
10108012	580	Response	1	33443280	5514	1
10108012	581	Sound	103	33457888	449	1			260		other	0
10108012	582	Sound	104	33480287	341	1			260		other	0
10108012	582	Response	1	33487598	7652	2
10108012	583	Sound	101	33508487	364	1			260		other	0
10108012	584	Sound	107	33527086	457	1			260		other	0
10108012	584	Response	1	33533678	7049	1
10108012	585	Sound	110	33547686	383	1			260		other	0
10108012	585	Response	1	33557677	10374	1
10108012	586	Sound	109	33567285	310	1			260		other	0
10108012	586	Response	1	33581516	14541	1
10108012	587	Sound	105	33583085	271	1			260		other	0
10108012	587	Response	1	33588476	5662	1
10108012	588	Sound	102	33600885	398	1			260		other	0
10108012	589	Sound	108	33620084	424	1			260		other	0
10108012	589	Response	1	33624555	4895	1
10108012	590	Sound	105	33646684	348	1			260		other	0
10108012	590	Response	1	33652955	6619	1
10108012	591	Sound	104	33665283	442	1			260		other	0
10108012	591	Response	1	33671994	7152	1
10108012	592	Sound	107	33692483	465	1			260		other	0
10108012	592	Response	1	33699034	7016	1
10108012	593	Sound	110	33709682	326	1			260		other	0
10108012	593	Response	1	33721513	12156	1
10108012	594	Sound	103	33737682	316	1			260		other	0
10108012	595	Sound	108	33758481	275	1			260		other	0
10108012	595	Response	1	33761992	3786	1
10108012	596	Sound	111	33785681	299	1			260		other	0
10108012	596	Response	1	33789272	3889	1
10108012	597	Sound	101	33807080	358	1			260		other	0
10108012	598	Sound	105	33833680	448	1			260		other	0
10108012	598	Response	1	33839110	5879	1
10108012	599	Sound	109	33851479	408	1			260		other	0
10108012	599	Response	1	33858070	6999	1
10108012	600	Sound	107	33873879	300	1			260		other	0
10108012	600	Response	1	33877269	3691	1
10108012	601	Sound	111	33897078	326	1			260		other	0
10108012	601	Response	1	33901109	4356	1
10108012	602	Sound	106	33924878	282	1			260		other	0
10108012	602	Response	1	33931908	7313	1
10108012	603	Sound	102	33953277	339	1			260		other	0
10108012	604	Sound	111	33978477	364	1			260		other	0
10108012	604	Response	1	33988947	10834	1
10108012	605	Sound	103	33996076	457	1			260		other	0
10108012	606	Sound	111	34017076	450	1			260		other	0
10108012	606	Response	1	34022786	6160	1
10108012	607	Sound	107	34043075	273	1			260		other	0
10108012	607	Response	1	34051185	8383	1
10108012	608	Sound	104	34063475	333	1			260		other	0
10108012	609	Sound	111	34086074	425	1			260		other	0
10108012	609	Response	1	34089425	3775	1
10108012	610	Sound	107	34104274	285	1			260		other	0
10108012	610	Response	1	34108864	4875	1
10108012	611	Sound	101	34130673	342	1			260		other	0
10108012	612	Sound	102	34155273	434	1			260		other	0
10108012	613	Sound	106	34175472	293	1			260		other	0
10108012	613	Response	1	34179822	4643	1
10108012	614	Sound	104	34194672	320	1			260		other	0
10108012	615	Sound	109	34214471	279	1			260		other	0
10108012	615	Response	1	34220941	6749	1
10108012	616	Sound	102	34235871	338	1			260		other	0
10108012	617	Response	255	34387818	127697	1
10108012	618	Sound	110	34456066	293	1			260		other	0
10108012	618	Response	1	34461416	5643	1
10108012	619	Sound	110	34484266	316	1			260		other	0
10108012	619	Response	1	34488935	4986	1
10108012	620	Sound	103	34507265	308	1			260		other	0
10108012	621	Sound	105	34530265	300	1			260		other	0
10108012	621	Response	1	34534854	4889	1
10108012	622	Sound	107	34546864	394	1			260		other	0
10108012	623	Sound	106	34571464	319	1			260		other	0
10108012	623	Response	1	34575893	4749	1
10108012	624	Sound	107	34591263	278	1			260		other	0
10108012	624	Response	1	34595813	4828	1
10108012	625	Sound	101	34613263	270	1			260		other	0
10108012	626	Sound	102	34640062	394	1			260		other	0
10108012	627	Sound	101	34659662	321	1			260		other	0
10108012	628	Sound	102	34686861	344	1			260		other	0
10108012	629	Sound	109	34706661	304	1			260		other	0
10108012	629	Response	1	34710210	3853	1
10108012	630	Sound	105	34729860	329	1			260		other	0
10108012	630	Response	1	34736209	6678	1
10108012	631	Sound	111	34755860	320	1			260		other	0
10108012	631	Response	1	34760289	4749	1
10108012	632	Sound	107	34780259	378	1			260		other	0
10108012	632	Response	1	34790208	10327	1
10108012	633	Sound	110	34807259	368	1			260		other	0
10108012	633	Response	1	34812047	5157	1
10108012	634	Sound	108	34834658	425	1			260		other	0
10108012	634	Response	1	34840847	6614	1
10108012	635	Sound	109	34857457	383	1			260		other	0
10108012	635	Response	1	34863806	6732	1
10108012	636	Sound	107	34876657	410	1			260		other	0
10108012	636	Response	1	34881486	5239	1
10108012	637	Sound	108	34893657	404	1			260		other	0
10108012	637	Response	1	34897886	4633	1
10108012	638	Sound	106	34920656	394	1			260		other	0
10108012	638	Response	1	34924525	4263	1
10108012	639	Sound	103	34944256	319	1			260		other	0
10108012	640	Sound	109	34970255	311	1			260		other	0
10108012	640	Response	1	34974604	4659	1
10108012	641	Sound	109	34990855	403	1			260		other	0
10108012	641	Response	1	34995323	4871	1
10108012	642	Sound	107	35008854	396	1			260		other	0
10108012	642	Response	1	35013643	5185	1
10108012	643	Sound	106	35036254	286	1			260		other	0
10108012	643	Response	1	35041882	5915	1
10108012	644	Sound	103	35058253	278	1			260		other	0
10108012	645	Sound	102	35074453	473	1			260		other	0
10108012	646	Sound	104	35101052	397	1			260		other	0
10108012	646	Response	1	35110441	9785	1
10108012	647	Sound	104	35116852	358	1			260		other	0
10108012	648	Sound	104	35142251	415	1			260		other	0
10108012	648	Response	1	35147399	5564	1
10108012	649	Sound	104	35159851	342	1			260		other	0
10108012	650	Sound	105	35183450	434	1			260		other	0
10108012	651	Sound	111	35211250	391	1			260		other	0
10108012	651	Response	1	35213958	3099	1
10108012	652	Sound	111	35238049	348	1			260		other	0
10108012	652	Response	1	35242837	5136	1
10108012	653	Sound	105	35261249	373	1			260		other	0
10108012	654	Sound	105	35288048	330	1			260		other	0
10108012	654	Response	1	35293716	5998	1
10108012	655	Sound	101	35312448	388	1			260		other	0
10108012	656	Sound	108	35340447	378	1			260		other	0
10108012	656	Response	1	35343955	3886	1
10108012	657	Sound	110	35358247	338	1			260		other	0
10108012	657	Response	1	35363155	5246	1
10108012	658	Sound	102	35382846	430	1			260		other	0
10108012	659	Sound	106	35400446	357	1			260		other	0
10108012	659	Response	1	35404514	4425	2
10108012	660	Sound	102	35428045	281	1			260		other	0
10108012	661	Sound	108	35450445	339	1			260		other	0
10108012	661	Response	1	35453633	3527	1
10108012	662	Sound	101	35471044	432	1			260		other	0
10108012	663	Sound	108	35492844	390	1			260		other	0
10108012	663	Response	1	35498432	5978	1
10108012	664	Sound	104	35509443	318	1			260		other	0
10108012	665	Sound	111	35530243	444	1			260		other	0
10108012	665	Response	1	35533551	3752	1
10108012	666	Sound	103	35549842	370	1			260		other	0
10108012	667	Sound	111	35574242	428	1			260		other	0
10108012	667	Response	1	35577470	3656	1
10108012	668	Sound	109	35595241	421	1			260		other	0
10108012	668	Response	1	35600429	5608	1
10108012	669	Sound	110	35622441	278	1			260		other	0
10108012	669	Response	1	35629228	7065	1
10108012	670	Sound	103	35648640	301	1			260		other	0
10108012	671	Sound	101	35668640	294	1			260		other	0
10108012	672	Sound	106	35692039	353	1			260		other	0
10108012	672	Response	1	35697387	5700	1
10108012	673	Response	255	36515048	796272	1
10108012	674	Sound	111	36590220	400	1			260		other	0
10108012	674	Response	1	36593926	4106	1
10108012	675	Sound	103	36608019	360	1			260		other	0
10108012	676	Sound	107	36633619	284	1			260		other	0
10108012	677	Sound	109	36661018	341	1			260		other	0
10108012	677	Response	1	36664724	4047	1
10108012	678	Sound	101	36688818	298	1			260		other	0
10108012	679	Sound	103	36709817	291	1			260		other	0
10108012	680	Sound	108	36734817	448	1			260		other	0
10108012	680	Response	1	36738960	4592	3
10108012	681	Sound	108	36757816	273	1			260		other	0
10108012	681	Response	1	36761922	4379	1
10108012	682	Sound	101	36775816	267	1			260		other	0
10108012	683	Sound	110	36792415	361	1			260		other	0
10108012	683	Response	1	36796881	4826	1
10108012	684	Sound	102	36820215	318	1			260		other	0
10108012	685	Sound	101	36844214	476	1			260		other	0
10108012	686	Sound	105	36867214	301	1			260		other	0
10108012	687	Sound	107	36890413	326	1			260		other	0
10108012	687	Response	1	36894959	4871	1
10108012	688	Sound	101	36908613	353	1			260		other	0
10108012	689	Sound	106	36925212	280	1			260		other	0
10108012	689	Response	1	36932958	8025	1
10108012	690	Sound	105	36942412	474	1			260		other	0
10108012	690	Response	1	36948078	6139	1
10108012	691	Sound	110	36958412	468	1			260		other	0
10108012	691	Response	1	36963357	5414	1
10108012	692	Sound	111	36980611	327	1			260		other	0
10108012	692	Response	1	36984557	4273	1
10108012	693	Sound	104	37004811	352	1			260		other	0
10108012	694	Sound	111	37030410	276	1			260		other	0
10108012	694	Response	1	37034076	3941	1
10108012	695	Sound	106	37055010	367	1			260		other	0
10108012	695	Response	1	37061595	6952	1
10108012	696	Sound	110	37082809	324	1			260		other	0
10108012	696	Response	1	37085914	3429	1
10108012	697	Sound	108	37109008	348	1			260		other	0
10108012	697	Response	1	37112954	4293	1
10108012	698	Sound	103	37126808	308	1			260		other	0
10108012	698	Response	1	37131513	5013	1
10108012	699	Sound	102	37154607	432	1			260		other	0
10108012	700	Sound	110	37179207	356	1			260		other	0
10108012	700	Response	1	37182472	3621	1
10108012	701	Sound	109	37196007	317	1			260		other	0
10108012	701	Response	1	37199271	3582	1
10108012	702	Sound	107	37218406	376	1			260		other	0
10108012	702	Response	1	37222871	4840	1
10108012	703	Sound	102	37244206	333	1			260		other	0
10108012	704	Sound	106	37262805	426	1			260		other	0
10108012	704	Response	1	37266950	4571	1
10108012	705	Sound	102	37283005	453	1			260		other	0
10108012	706	Sound	109	37309004	277	1			260		other	0
10108012	706	Response	1	37313029	4302	1
10108012	707	Sound	109	37336404	334	1			260		other	0
10108012	707	Response	1	37340628	4558	1
10108012	708	Sound	101	37362203	459	1			260		other	0
10108012	709	Sound	111	37387802	382	1			260		other	0
10108012	709	Response	1	37390627	3207	1
10108012	710	Sound	104	37416402	472	1			260		other	0
10108012	711	Sound	104	37432402	466	1			260		other	0
10108012	712	Sound	109	37450601	326	1			260		other	0
10108012	712	Response	1	37455266	4991	1
10108012	713	Sound	105	37468801	353	1			260		other	0
10108012	714	Sound	103	37492400	278	1			260		other	0
10108012	715	Sound	105	37515600	303	1			260		other	0
10108012	715	Response	1	37519744	4448	1
10108012	716	Sound	107	37543599	460	1			260		other	0
10108012	716	Response	1	37547903	4764	1
10108012	717	Sound	106	37568598	451	1			260		other	0
10108012	717	Response	1	37574783	6635	1
10108012	718	Sound	108	37590998	343	1			260		other	0
10108012	718	Response	1	37596862	6207	1
10108012	719	Sound	102	37619197	367	1			260		other	0
10108012	720	Sound	108	37647597	423	1			260		other	0
10108012	720	Response	1	37651021	3847	1
10108012	721	Sound	110	37665996	316	1			260		other	0
10108012	721	Response	1	37669821	4140	1
10108012	722	Sound	104	37690796	441	1			260		other	0
10108012	722	Response	1	37698380	8025	1
10108012	723	Sound	103	37707996	468	1			260		other	0
10108012	723	Response	1	37714140	6612	1
10108012	724	Sound	107	37736595	391	1			260		other	0
10108012	724	Response	1	37740379	4175	1
10108012	725	Sound	104	37762994	448	1			260		other	0
10108012	725	Response	1	37767418	4872	2
10108012	726	Sound	105	37788794	406	1			260		other	0
10108012	726	Response	1	37793417	5030	1
10108012	727	Sound	111	37806393	334	1			260		other	0
10108012	727	Response	1	37809577	3518	1
10108012	728	Sound	106	37831193	291	1			260		other	0
10108012	728	Response	1	37838857	7954	1
10108012	729	Response	255	38499641	651653	1
10108012	730	Sound	110	38574377	393	1			260		other	0
10108012	730	Response	1	38578999	5015	1
10108012	731	Sound	110	38599776	283	1			260		other	0
10108012	731	Response	1	38603639	4146	1
10108012	732	Sound	109	38627576	407	1			260		other	0
10108012	732	Response	1	38630518	3350	1
10108012	733	Sound	101	38653775	431	1			260		other	0
10108012	734	Sound	111	38680374	355	1			260		other	0
10108012	734	Response	1	38683397	3378	1
10108012	735	Sound	109	38698574	382	1			260		other	0
10108012	735	Response	1	38703236	5044	1
10108012	736	Sound	107	38715374	342	1			260		other	0
10108012	736	Response	1	38719876	4845	1
10108012	737	Sound	104	38732373	336	1			260		other	0
10108012	737	Response	1	38736516	4479	1
10108012	738	Sound	106	38757573	361	1			260		other	0
10108012	738	Response	1	38761155	3943	1
10108012	739	Sound	104	38783772	385	1			260		other	0
10108012	740	Sound	110	38812171	274	1			260		other	0
10108012	740	Response	1	38815954	4057	1
10108012	741	Sound	111	38833371	467	1			260		other	0
10108012	741	Response	1	38836993	4089	1
10108012	742	Sound	102	38849371	461	1			260		other	0
10108012	743	Sound	106	38868170	421	1			260		other	0
10108012	743	Response	1	38872752	5003	1
10108012	744	Sound	106	38889770	347	1			260		other	0
10108012	745	Sound	104	38909369	273	1			260		other	0
10108012	746	Sound	108	38929369	433	1			260		other	0
10108012	746	Response	1	38934431	5494	1
10108012	747	Sound	110	38945369	427	1			260		other	0
10108012	747	Response	1	38952751	7809	1
10108012	748	Sound	111	38974368	417	1			260		other	0
10108012	748	Response	1	38980030	6079	1
10108012	749	Sound	105	38996567	276	1			260		other	0
10108012	749	Response	1	39002989	6697	1
10108012	750	Sound	107	39017167	368	1			260		other	0
10108012	750	Response	1	39020429	3630	1
10108012	751	Sound	105	39036367	395	1			260		other	0
10108012	751	Response	1	39040988	5016	1
10108012	752	Sound	103	39063966	318	1			260		other	0
10108012	753	Sound	103	39085366	377	1			260		other	0
10108012	754	Sound	111	39104165	337	1			260		other	0
10108012	754	Response	1	39106347	2519	1
10108012	755	Sound	103	39125165	330	1			260		other	0
10108012	755	Response	1	39131466	6631	1
10108012	756	Sound	107	39147564	388	1			260		other	0
10108012	756	Response	1	39150906	3730	1
10108012	757	Sound	101	39173164	313	1			260		other	0
10108012	758	Sound	104	39199763	403	1			260		other	0
10108012	758	Response	1	39206825	7465	1
10108012	759	Sound	108	39218963	430	1			260		other	0
10108012	759	Response	1	39222744	4211	1
10108012	760	Sound	103	39241762	388	1			260		other	0
10108012	761	Sound	102	39258562	349	1			260		other	0
10108012	762	Sound	101	39278561	342	1			260		other	0
10108012	763	Sound	104	39306361	465	1			260		other	0
10108012	763	Response	1	39312102	6206	1
10108012	764	Sound	107	39328560	324	1			260		other	0
10108012	764	Response	1	39332422	4185	1
10108012	765	Sound	107	39344560	318	1			260		other	0
10108012	765	Response	1	39347941	3699	1
10108012	766	Sound	102	39370559	309	1			260		other	0
10108012	767	Sound	105	39393759	334	1			260		other	0
10108012	767	Response	1	39399220	5795	1
10108012	768	Sound	110	39413358	427	1			260		other	0
10108012	768	Response	1	39417620	4688	1
10108012	769	Sound	111	39438958	351	1			260		other	0
10108012	769	Response	1	39442979	4372	1
10108012	770	Sound	102	39457557	278	1			260		other	0
10108012	771	Sound	105	39485557	435	1			260		other	0
10108012	771	Response	1	39492498	7376	1
10108012	772	Sound	106	39510156	359	1			260		other	0
10108012	772	Response	1	39514577	4780	1
10108012	773	Sound	105	39527756	286	1			260		other	0
10108012	774	Sound	108	39549755	445	1			260		other	0
10108012	774	Response	1	39554336	5026	1
10108012	775	Sound	108	39573555	403	1			260		other	0
10108012	775	Response	1	39577696	4544	1
10108012	776	Sound	109	39595954	462	1			260		other	0
10108012	776	Response	1	39598655	3163	1
10108012	777	Sound	101	39623754	419	1			260		other	0
10108012	778	Sound	103	39652553	375	1			260		other	0
10108012	779	Sound	106	39670353	335	1			260		other	0
10108012	779	Response	1	39675134	5116	1
10108012	780	Sound	102	39692352	328	1			260		other	0
10108012	781	Sound	109	39715752	386	1			260		other	0
10108012	781	Response	1	39719053	3687	1
10108012	782	Sound	109	39741751	377	1			260		other	0
10108012	782	Response	1	39746332	4957	1
10108012	783	Sound	101	39762951	402	1			260		other	0
10108012	783	Response	1	39766252	3703	1
10108012	784	Sound	108	39781750	362	1			260		other	0
10108012	784	Response	1	39785931	4543	1
10108012	785	Response	255	42905298	3100155	1
10108012	786	Sound	103	42978481	357	1			260		other	0
10108012	787	Sound	104	43007280	314	1			260		other	0
10108012	788	Sound	110	43034080	271	1			260		other	0
10108012	788	Response	1	43038815	5006	1
10108012	789	Sound	104	43059879	395	1			260		other	0
10108012	790	Sound	110	43077879	388	1			260		other	0
10108012	790	Response	1	43081854	4363	1
10108012	791	Sound	109	43103678	346	1			260		other	0
10108012	791	Response	1	43108253	4921	1
10108012	792	Sound	105	43126078	405	1			260		other	0
10108012	793	Sound	102	43144477	298	1			260		other	0
10108012	794	Sound	111	43161677	325	1			260		other	0
10108012	794	Response	1	43167932	6580	1
10108012	795	Sound	111	43180476	285	1			260		other	0
10108012	795	Response	1	43186971	6780	1
10108012	796	Sound	105	43204876	343	1			260		other	0
10108012	797	Sound	101	43233275	400	1			260		other	0
10108012	798	Sound	102	43258475	424	1			260		other	0
10108012	799	Sound	101	43281674	282	1			260		other	0
10108012	800	Sound	109	43302274	375	1			260		other	0
10108012	800	Response	1	43315368	13470	1
10108012	801	Sound	102	43325873	300	1			260		other	0
10108012	802	Sound	109	43345473	393	1			260		other	0
10108012	802	Response	1	43349927	4848	1
10108012	803	Sound	107	43374072	316	1			260		other	0
10108012	804	Sound	102	43394072	309	1			260		other	0
10108012	805	Sound	103	43417271	334	1			260		other	0
10108012	806	Sound	111	43439871	426	1			260		other	0
10108012	806	Response	1	43442485	3041	1
10108012	807	Sound	106	43463670	384	1			260		other	0
10108012	807	Response	1	43468485	5199	1
10108012	808	Sound	107	43482670	378	1			260		other	0
10108012	808	Response	1	43489284	6993	1
10108012	809	Sound	107	43509869	401	1			260		other	0
10108012	809	Response	1	43516324	6856	1
10108012	810	Sound	106	43529869	395	1			260		other	0
10108012	810	Response	1	43536483	7009	1
10108012	811	Sound	110	43552468	320	1			260		other	0
10108012	811	Response	1	43561362	9214	1
10108012	812	Sound	111	43571868	379	1			260		other	0
10108012	812	Response	1	43577762	6273	1
10108012	813	Sound	105	43593267	438	1			260		other	0
10108012	814	Sound	109	43617667	329	1			260		other	0
10108012	814	Response	1	43622961	5623	1
10108012	815	Sound	104	43636267	423	1			260		other	0
10108012	816	Sound	111	43663266	413	1			260		other	0
10108012	816	Response	1	43667520	4667	1
10108012	817	Sound	105	43681265	407	1			260		other	0
10108012	818	Sound	108	43703865	332	1			260		other	0
10108012	818	Response	1	43709039	5506	1
10108012	819	Sound	101	43725665	291	1			260		other	0
10108012	820	Sound	103	43751264	382	1			260		other	0
10108012	821	Sound	104	43779463	405	1			260		other	0
10108012	821	Response	1	43787437	8379	1
10108012	822	Sound	107	43795463	399	1			260		other	0
10108012	822	Response	1	43799437	4373	1
10108012	823	Sound	102	43819263	358	1			260		other	0
10108012	824	Sound	103	43846462	381	1			260		other	0
10108012	825	Sound	108	43873461	372	1			260		other	0
10108012	825	Response	1	43878075	4986	1
10108012	826	Sound	101	43890861	432	1			260		other	0
10108012	827	Sound	106	43915860	423	1			260		other	0
10108012	827	Response	1	43921994	6557	1
10108012	828	Sound	103	43940460	348	1			260		other	0
10108012	829	Sound	108	43965059	439	1			260		other	0
10108012	829	Response	1	43968953	4333	1
10108012	830	Sound	108	43987259	464	1			260		other	0
10108012	830	Response	1	43990392	3598	1
10108012	831	Sound	109	44013458	322	1			260		other	0
10108012	831	Response	1	44017512	4375	1
10108012	832	Sound	110	44035258	281	1			260		other	0
10108012	832	Response	1	44039351	4374	1
10108012	833	Sound	101	44055257	440	1			260		other	0
10108012	834	Sound	107	44073857	367	1			260		other	0
10108012	834	Response	1	44078230	4740	1
10108012	835	Sound	110	44091657	327	1			260		other	0
10108012	835	Response	1	44095430	4101	1
10108012	836	Sound	105	44110656	320	1			260		other	0
10108012	836	Response	1	44114230	3894	1
10108012	837	Sound	106	44139056	377	1			260		other	0
10108012	837	Response	1	44142869	4190	1
10108012	838	Sound	108	44160255	403	1			260		other	0
10108012	838	Response	1	44165108	5256	1
10108012	839	Sound	104	44180855	329	1			260		other	0
10108012	839	Response	1	44195988	15462	1
10108012	840	Sound	106	44209654	285	1			260		other	0
10108012	840	Response	1	44214067	4698	1
10108012	841	Response	255	44318945	88989	1
10108012	842	Sound	105	44394650	386	1			260		other	0
10108012	842	Response	1	44401743	7479	1
10108012	843	Sound	104	44418649	378	1			260		other	0
10108012	844	Sound	109	44434649	372	1			260		other	0
10108012	844	Response	1	44438222	3945	1
10108012	845	Sound	105	44450849	399	1			260		other	0
10108012	846	Sound	111	44470248	459	1			260		other	0
10108012	846	Response	1	44473181	3392	1
10108012	847	Sound	106	44497248	449	1			260		other	0
10108012	847	Response	1	44501741	4942	1
10108012	848	Sound	109	44525447	473	1			260		other	0
10108012	848	Response	1	44528620	3646	1
10108012	849	Sound	107	44546247	265	1			260		other	0
10108012	849	Response	1	44550699	4718	1
10108012	850	Sound	110	44571846	356	1			260		other	0
10108012	850	Response	1	44574939	3449	1
10108012	851	Sound	104	44594246	415	1			260		other	0
10108012	851	Response	1	44600698	6867	1
10108012	852	Sound	107	44612845	342	1			260		other	0
10108012	852	Response	1	44616218	3714	1
10108012	853	Sound	101	44631645	302	1			260		other	0
10108012	854	Sound	111	44656844	326	1			260		other	0
10108012	854	Response	1	44659737	3218	1
10108012	855	Sound	111	44678844	318	1			260		other	0
10108012	855	Response	1	44683336	4810	1
10108012	856	Sound	109	44704443	409	1			260		other	0
10108012	856	Response	1	44709335	5301	1
10108012	857	Sound	106	44730643	433	1			260		other	0
10108012	857	Response	1	44735495	5286	1
10108012	858	Sound	109	44756242	357	1			260		other	0
10108012	858	Response	1	44756295	410	1
10108012	859	Sound	106	44784841	280	1			260		other	0
10108012	860	Sound	102	44809841	438	1			260		other	0
10108012	861	Sound	110	44830440	365	1			260		other	0
10108012	861	Response	1	44834293	4217	1
10108012	862	Sound	102	44858240	321	1			260		other	0
10108012	863	Sound	103	44877239	314	1			260		other	0
10108012	864	Sound	110	44898039	440	1			260		other	0
10108012	864	Response	1	44901731	4132	1
10108012	865	Sound	105	44916639	367	1			260		other	0
10108012	866	Sound	101	44933238	294	1			260		other	0
10108012	867	Sound	104	44949238	455	1			260		other	0
10108012	868	Sound	108	44968438	315	1			260		other	0
10108012	868	Response	1	44975809	7687	1
10108012	869	Sound	106	44994037	406	1			260		other	0
10108012	869	Response	1	45002689	9057	1
10108012	870	Sound	104	45018436	464	1			260		other	0
10108012	871	Sound	102	45038436	457	1			260		other	0
10108012	872	Sound	108	45060436	282	1			260		other	0
10108012	872	Response	1	45065407	5254	1
10108012	873	Sound	107	45086035	373	1			260		other	0
10108012	873	Response	1	45093966	8304	1
10108012	874	Sound	108	45109634	298	1			260		other	0
10108012	874	Response	1	45116926	7590	1
10108012	875	Sound	105	45132234	390	1			260		other	0
10108012	875	Response	1	45139406	7561	1
10108012	876	Sound	107	45155833	315	1			260		other	0
10108012	876	Response	1	45160845	5326	1
10108012	877	Sound	101	45172633	275	1			260		other	0
10108012	878	Sound	105	45191833	302	1			260		other	0
10108012	878	Response	1	45196444	4913	1
10108012	879	Sound	104	45215832	460	1			260		other	0
10108012	880	Sound	101	45243432	384	1			260		other	0
10108012	881	Sound	102	45270431	374	1			260		other	0
10108012	882	Sound	110	45286231	335	1			260		other	0
10108012	882	Response	1	45289962	4066	1
10108012	883	Sound	106	45313030	292	1			260		other	0
10108012	883	Response	1	45324921	12183	1
10108012	884	Sound	108	45332630	385	1			260		other	0
10108012	884	Response	1	45336681	4436	1
10108012	884	Response	1	45351560	19316	1
10108012	885	Sound	111	45352829	411	1			260		other	0
10108012	885	Response	1	45359160	6742	1
10108012	886	Sound	103	45379429	335	1			260		other	0
10108012	887	Sound	110	45407428	325	1			260		other	0
10108012	887	Response	1	45410999	3896	1
10108012	888	Sound	103	45426028	418	1			260		other	0
10108012	889	Sound	101	45450227	443	1			260		other	0
10108012	890	Sound	108	45471827	369	1			260		other	0
10108012	890	Response	1	45476677	5220	1
10108012	891	Sound	109	45496626	327	1			260		other	0
10108012	891	Response	1	45501797	5498	1
10108012	892	Sound	111	45521226	418	1			260		other	0
10108012	892	Response	1	45527396	6589	1
10108012	893	Sound	102	45546025	376	1			260		other	0
10108012	894	Sound	103	45571224	400	1			260		other	0
10108012	895	Sound	107	45588224	394	1			260		other	0
10108012	895	Response	1	45593155	5325	1
10108012	896	Sound	103	45609024	353	1			260		other	0
10108012	897	Response	255	45704352	77763	1
10108012	898	Sound	102	45787820	423	1			260		other	0
10108012	899	Sound	110	45809019	282	1			260		other	0
10108012	899	Response	1	45813310	4573	1
10108012	900	Sound	108	45828819	408	1			260		other	0
10108012	900	Response	1	45832989	4579	1
10108012	901	Sound	110	45855818	399	1			260		other	0
10108012	901	Response	1	45860108	4689	1
10108012	902	Sound	104	45871818	393	1			260		other	0
10108012	903	Sound	109	45889618	353	1			260		other	0
10108012	903	Response	1	45893068	3804	1
10108012	904	Sound	108	45911617	346	1			260		other	0
10108012	904	Response	1	45915547	4276	1
10108012	905	Sound	101	45928417	306	1			260		other	0
10108012	906	Sound	103	45956016	396	1			260		other	0
10108012	907	Sound	103	45977616	322	1			260		other	0
10108012	908	Sound	105	46004815	346	1			260		other	0
10108012	908	Response	1	46009945	5476	1
10108012	909	Sound	109	46033614	302	1			260		other	0
10108012	909	Response	1	46039464	6152	1
10108012	910	Sound	108	46050014	363	1			260		other	0
10108012	910	Response	1	46056904	7253	1
10108012	911	Sound	104	46078813	319	1			260		other	0
10108012	912	Sound	107	46097813	313	1			260		other	0
10108012	912	Response	1	46103463	5962	1
10108012	913	Sound	107	46119812	471	1			260		other	0
10108012	913	Response	1	46126342	7001	1
10108012	914	Sound	104	46143812	463	1			260		other	0
10108012	915	Sound	103	46169411	387	1			260		other	0
10108012	916	Sound	105	46193811	445	1			260		other	0
10108012	917	Sound	110	46214610	404	1			260		other	0
10108012	917	Response	1	46221620	7414	1
10108012	918	Sound	106	46232410	364	1			260		other	0
10108012	919	Sound	103	46254210	323	1			260		other	0
10108012	920	Sound	111	46279009	448	1			260		other	0
10108012	920	Response	1	46283459	4898	1
10108012	921	Sound	106	46303008	439	1			260		other	0
10108012	921	Response	1	46310338	7769	1
10108012	922	Sound	102	46320008	433	1			260		other	0
10108012	923	Sound	111	46343808	391	1			260		other	0
10108012	923	Response	1	46348577	5161	1
10108012	924	Sound	107	46361407	319	1			260		other	0
10108012	924	Response	1	46368177	7088	1
10108012	925	Sound	107	46384407	310	1			260		other	0
10108012	925	Response	1	46388976	4880	1
10108012	926	Sound	106	46409406	301	1			260		other	0
10108012	926	Response	1	46414496	5391	1
10108012	927	Sound	105	46430006	394	1			260		other	0
10108012	927	Response	1	46435455	5844	1
10108012	928	Sound	104	46454205	419	1			260		other	0
10108012	929	Sound	108	46472605	479	1			260		other	0
10108012	929	Response	1	46476334	4209	1
10108012	930	Sound	110	46497404	437	1			260		other	0
10108012	930	Response	1	46501694	4726	1
10108012	931	Sound	111	46522404	428	1			260		other	0
10108012	931	Response	1	46525293	3317	1
10108012	932	Sound	103	46544203	387	1			260		other	0
10108012	933	Sound	106	46569403	411	1			260		other	0
10108012	933	Response	1	46575052	6060	1
10108012	934	Sound	101	46598202	368	1			260		other	0
10108012	935	Sound	105	46624601	425	1			260		other	0
10108012	936	Sound	109	46642801	285	1			260		other	0
10108012	936	Response	1	46646250	3734	1
10108012	937	Sound	108	46669000	309	1			260		other	0
10108012	937	Response	1	46674010	5318	1
10108012	938	Sound	101	46696400	366	1			260		other	0
10108012	939	Sound	106	46722999	290	1			260		other	0
10108012	939	Response	1	46727368	4659	1
10108012	940	Sound	102	46739399	351	1			260		other	0
10108012	941	Sound	111	46763598	375	1			260		other	0
10108012	941	Response	1	46767527	4304	1
10108012	942	Sound	107	46791798	399	1			260		other	0
10108012	942	Response	1	46797207	5807	1
10108012	943	Sound	109	46813197	291	1			260		other	0
10108012	943	Response	1	46818406	5500	1
10108012	944	Sound	105	46837197	449	1			260		other	0
10108012	944	Response	1	46851205	14458	1
10108012	945	Sound	110	46859396	474	1			260		other	0
10108012	945	Response	1	46863445	4523	1
10108012	946	Sound	102	46876796	368	1			260		other	0
10108012	947	Sound	101	46900595	327	1			260		other	0
10108012	948	Sound	101	46923795	351	1			260		other	0
10108012	949	Sound	111	46942395	278	1			260		other	0
10108012	949	Response	1	46946643	4527	1
10108012	950	Sound	102	46963394	437	1			260		other	0
10108012	951	Sound	109	46985794	329	1			260		other	0
10108012	951	Response	1	46991682	6218	1
10108012	952	Sound	104	47013193	386	1			260		other	0
10108012	953	Response	255	47193917	155856	1
10108012	953	Response	255	47196637	158576	1
10108012	954	Sound	17	47261988	431	1			260		other	0
10108012	954	Response	1	47268876	7319	1
10108012	955	Sound	15	47279187	291	1			260		other	0
10108012	955	Response	1	47288555	9659	1
10108012	956	Sound	16	47299387	318	1			260		other	0
10108012	956	Response	1	47304075	5006	1
10108012	957	Sound	20	47318586	344	1			260		other	0
10108012	957	Response	1	47322634	4392	1
10108012	958	Sound	12	47346786	367	1			260		other	0
10108012	958	Response	1	47351674	5255	1
10108012	959	Sound	20	47362385	295	1			260		other	0
10108012	959	Response	1	47365673	3583	1
10108012	960	Sound	21	47383785	354	1			260		other	0
10108012	960	Response	1	47387513	4082	1
10108012	961	Sound	21	47399385	282	1			260		other	0
10108012	961	Response	1	47403833	4730	1
10108012	962	Sound	12	47427384	439	1			260		other	0
10108012	963	Sound	14	47443384	433	1			260		other	0
10108012	964	Sound	14	47459583	461	1			260		other	0
10108012	965	Sound	17	47476383	422	1			260		other	0
10108012	965	Response	1	47482471	6509	1
10108012	966	Sound	11	47495783	314	1			260		other	0
10108012	967	Sound	12	47512582	442	1			260		other	0
10108012	968	Sound	13	47530782	302	1			260		other	0
10108012	969	Sound	17	47548181	362	1			260		other	0
10108012	969	Response	1	47551989	4170	1
10108012	970	Sound	18	47571781	287	1			260		other	0
10108012	970	Response	1	47584308	12814	1
10108012	971	Sound	15	47597780	278	1			260		other	0
10108012	972	Sound	13	47619580	404	1			260		other	0
10108012	972	Response	1	47624307	5131	1
10108012	973	Sound	19	47635779	431	1			260		other	0
10108012	973	Response	1	47640227	4879	1
10108012	974	Sound	16	47661179	322	1			260		other	0
10108012	974	Response	1	47664946	4089	1
10108012	975	Sound	16	47679579	382	1			260		other	0
10108012	975	Response	1	47683266	4069	1
10108012	976	Sound	21	47695578	377	1			260		other	0
10108012	976	Response	1	47699026	3824	1
10108012	977	Sound	17	47715978	269	1			260		other	0
10108012	977	Response	1	47722145	6436	1
10108012	978	Sound	15	47739577	361	1			260		other	0
10108012	978	Response	1	47747744	8528	1
10108012	979	Sound	21	47758777	387	1			260		other	0
10108012	979	Response	1	47763904	5514	1
10108012	980	Sound	13	47777176	447	1			260		other	0
10108012	981	Sound	11	47798976	406	1			260		other	0
10108012	982	Sound	20	47824375	464	1			260		other	0
10108012	982	Response	1	47827423	3511	1
10108012	983	Sound	20	47848375	455	1			260		other	0
10108012	983	Response	1	47854942	7022	1
10108012	984	Sound	16	47864974	383	1			260		other	0
10108012	984	Response	1	47882461	17870	1
10108012	985	Sound	19	47883374	443	1			260		other	0
10108012	985	Response	1	47892301	9370	1
10108012	986	Sound	12	47906974	368	1			260		other	0
10108012	987	Sound	19	47927173	394	1			260		other	0
10108012	987	Response	1	47930300	3521	1
10108012	988	Sound	11	47952573	452	1			260		other	0
10108012	989	Sound	19	47979372	409	1			260		other	0
10108012	989	Response	1	47982779	3815	1
10108012	990	Sound	18	48004971	333	1			260		other	0
10108012	990	Response	1	48008538	3900	1
10108012	991	Sound	14	48021971	327	1			260		other	0
10108012	992	Sound	18	48047770	451	1			260		other	0
10108012	992	Response	1	48050937	3618	1
10108012	993	Sound	19	48066970	311	1			260		other	0
10108012	993	Response	1	48070377	3717	1
10108012	994	Sound	11	48089770	436	1			260		other	0
10108012	995	Sound	16	48108169	330	1			260		other	0
10108012	995	Response	1	48121256	13416	1
10108012	996	Sound	20	48132169	321	1			260		other	0
10108012	996	Response	1	48135655	3807	1
10108012	997	Sound	13	48157168	312	1			260		other	0
10108012	998	Sound	15	48172968	273	1			260		other	0
10108012	998	Response	1	48177574	4880	1
10108012	999	Sound	21	48196167	298	1			260		other	0
10108012	999	Response	1	48199894	4025	1
10108012	1000	Sound	11	48215167	458	1			260		other	0
10108012	1001	Sound	12	48232567	352	1			260		other	0
10108012	1002	Sound	18	48250366	479	1			260		other	0
10108012	1002	Response	1	48254532	4645	1
10108012	1003	Sound	17	48268566	339	1			260		other	0
10108012	1003	Response	1	48273492	5265	1
10108012	1003	Response	1	48293571	25344	2
10108012	1004	Sound	14	48296165	429	1			260		other	0
10108012	1005	Sound	18	48316365	289	1			260		other	0
10108012	1005	Response	1	48319411	3335	1
10108012	1006	Sound	13	48334364	282	1			260		other	0
10108012	1007	Sound	14	48359564	307	1			260		other	0
10108012	1007	Response	1	48370930	11673	1
10108012	1008	Sound	15	48380363	433	1			260		other	0
10108012	1008	Response	1	48386689	6759	1
