Scenario - 
Logfile written - 12/11/2018 19:54:26

Subject	Trial	Event Type	Code	Time	TTime	Uncertainty	Duration	Uncertainty	ReqTime	ReqDur	Stim Type	Pair Index

10108016	1	Response	255	301177	300843	1
10108016	2	Sound	104	375994	298	1			260		other	0
10108016	3	Sound	107	396993	290	1			260		other	0
10108016	3	Response	1	401250	4547	1
10108016	4	Sound	104	420392	349	1			260		other	0
10108016	5	Sound	104	445990	440	1			260		other	0
10108016	5	Response	1	449967	4417	1
10108016	6	Sound	107	471188	297	1			260		other	0
10108016	6	Response	1	475485	4594	1
10108016	7	Sound	109	494387	322	1			260		other	0
10108016	7	Response	1	497564	3499	1
10108016	8	Sound	102	522785	379	1			260		other	0
10108016	9	Sound	110	548583	337	1			260		other	0
10108016	9	Response	1	552440	4194	1
10108016	10	Sound	111	571382	295	1			260		other	0
10108016	10	Response	1	574439	3352	1
10108016	11	Sound	106	591581	321	1			260		other	0
10108016	11	Response	1	594758	3498	1
10108016	12	Sound	107	619179	411	1			260		other	0
10108016	12	Response	1	621876	3108	1
10108016	13	Sound	105	638778	338	1			260		other	0
10108016	13	Response	1	642434	3994	1
10108016	14	Sound	110	656577	465	1			260		other	0
10108016	14	Response	1	658994	2882	1
10108016	15	Sound	101	683375	422	1			260		other	0
10108016	16	Sound	106	702574	448	1			260		other	0
10108016	16	Response	1	706430	4305	1
10108016	17	Sound	110	729772	305	1			260		other	0
10108016	17	Response	1	732429	2962	1
10108016	18	Sound	102	750571	265	1			260		other	0
10108016	19	Sound	103	767370	392	1			260		other	0
10108016	19	Response	1	770426	3449	1
10108016	20	Sound	107	785768	285	1			260		other	0
10108016	20	Response	1	789225	3742	1
10108016	21	Sound	103	809967	310	1			260		other	0
10108016	22	Sound	102	832166	335	1			260		other	0
10108016	23	Sound	106	853964	294	1			260		other	0
10108016	23	Response	1	857381	3711	1
10108016	24	Sound	108	880763	418	1			260		other	0
10108016	24	Response	1	883539	3194	1
10108016	25	Sound	105	900761	411	1			260		other	0
10108016	25	Response	1	903858	3507	1
10108016	26	Sound	101	924160	469	1			260		other	0
10108016	27	Sound	105	948558	361	1			260		other	0
10108016	27	Response	1	952575	4377	1
10108016	28	Sound	106	975757	384	1			260		other	0
10108016	28	Response	1	978573	3200	1
10108016	29	Sound	103	1001355	309	1			260		other	0
10108016	29	Response	1	1003051	2005	1
10108016	30	Sound	101	1030353	465	1			260		other	0
10108016	31	Sound	111	1051552	324	1			260		other	0
10108016	31	Response	1	1054648	3420	1
10108016	32	Sound	109	1080350	447	1			260		other	0
10108016	32	Response	1	1083206	3303	1
10108016	33	Sound	105	1098149	407	1			260		other	0
10108016	33	Response	1	1106405	8663	1
10108016	34	Sound	111	1126747	331	1			260		other	0
10108016	34	Response	1	1129523	3107	1
10108016	35	Sound	108	1144546	291	1			260		other	0
10108016	35	Response	1	1147682	3427	1
10108016	36	Sound	111	1166145	383	1			260		other	0
10108016	36	Response	1	1169041	3279	1
10108016	37	Sound	108	1186343	410	1			260		other	0
10108016	37	Response	1	1189358	3425	4
10108016	38	Sound	102	1209342	401	1			260		other	0
10108016	39	Sound	101	1229341	394	1			260		other	0
10108016	40	Sound	103	1256739	284	1			260		other	0
10108016	41	Sound	104	1273138	345	1			260		other	0
10108016	42	Sound	110	1301936	301	1			260		other	0
10108016	42	Response	1	1306072	4437	1
10108016	43	Sound	105	1321535	394	1			260		other	0
10108016	43	Response	1	1325511	4370	1
10108016	44	Sound	111	1347733	419	1			260		other	0
10108016	44	Response	1	1350149	2834	1
10108016	45	Sound	109	1369532	377	1			260		other	0
10108016	45	Response	1	1372228	3073	1
10108016	46	Sound	106	1391130	303	1			260		other	0
10108016	46	Response	1	1394706	3879	1
10108016	47	Sound	108	1414129	295	1			260		other	0
10108016	47	Response	1	1417185	3351	1
10108016	48	Sound	107	1435328	321	1			260		other	0
10108016	48	Response	1	1439264	4257	1
10108016	49	Sound	104	1455926	414	1			260		other	0
10108016	49	Response	1	1459582	4070	1
10108016	50	Sound	109	1472125	441	1			260		other	0
10108016	50	Response	1	1475981	4296	1
10108016	51	Sound	101	1496524	332	1			260		other	0
10108016	52	Sound	109	1519122	425	1			260		other	0
10108016	52	Response	1	1522938	4241	1
10108016	53	Sound	110	1539521	317	1			260		other	0
10108016	53	Response	1	1543257	4052	1
10108016	54	Sound	103	1556320	444	1			260		other	0
10108016	54	Response	1	1560695	4820	1
10108016	55	Sound	102	1575119	404	1			260		other	0
10108016	56	Sound	108	1601517	295	1			260		other	0
10108016	56	Response	1	1604453	3230	1
10108016	57	Response	255	1757323	127179	1
10108016	58	Sound	13	1827703	414	1			260		other	0
10108016	59	Sound	16	1845102	308	1			260		other	0
10108016	60	Sound	12	1872500	365	1			260		other	0
10108016	61	Sound	19	1895699	390	1			260		other	0
10108016	61	Response	1	1900594	5285	1
10108016	62	Sound	19	1920297	314	1			260		other	0
10108016	62	Response	1	1928352	8369	1
10108016	63	Sound	21	1940296	307	1			260		other	0
10108016	63	Response	1	1945631	5642	1
10108016	64	Sound	17	1957495	334	1			260		other	0
10108016	64	Response	1	1967230	10069	1
10108016	65	Sound	11	1979093	427	1			260		other	0
10108016	66	Sound	18	2004292	285	1			260		other	0
10108016	66	Response	1	2008507	4499	1
10108016	67	Sound	14	2028890	376	1			260		other	0
10108016	68	Sound	17	2046289	270	1			260		other	0
10108016	68	Response	1	2050024	4005	1
10108016	69	Sound	21	2073887	360	1			260		other	0
10108016	69	Response	1	2077142	3615	1
10108016	70	Sound	14	2090686	320	1			260		other	0
10108016	71	Sound	12	2115085	378	1			260		other	0
10108016	72	Sound	14	2139483	436	1			260		other	0
10108016	72	Response	1	2143938	4891	1
10108016	73	Sound	15	2161282	395	1			260		other	0
10108016	74	Sound	18	2186480	420	1			260		other	0
10108016	74	Response	1	2193775	7714	1
10108016	75	Sound	21	2209679	445	1			260		other	0
10108016	75	Response	1	2214494	5260	1
10108016	76	Sound	17	2225278	372	1			260		other	0
10108016	76	Response	1	2236812	11907	1
10108016	77	Sound	21	2243877	466	1			260		other	0
10108016	77	Response	1	2248411	5001	1
10108016	78	Sound	16	2264875	292	1			260		other	0
10108016	78	Response	1	2268890	4306	1
10108016	79	Sound	18	2288874	283	1			260		other	0
10108016	79	Response	1	2293608	5018	1
10108016	80	Sound	19	2305073	311	1			260		other	0
10108016	80	Response	1	2310167	5405	1
10108016	81	Sound	20	2329071	469	1			260		other	0
10108016	81	Response	1	2332246	3643	1
10108016	82	Sound	20	2356270	326	1			260		other	0
10108016	82	Response	1	2360644	4700	1
10108016	83	Sound	14	2380668	384	1			260		other	0
10108016	83	Response	1	2389682	9398	1
10108016	84	Sound	12	2402267	476	1			260		other	0
10108016	85	Sound	15	2421865	402	1			260		other	0
10108016	85	Response	1	2428160	6697	1
10108016	86	Sound	13	2444664	361	1			260		other	0
10108016	87	Sound	11	2472062	418	1			260		other	0
10108016	88	Sound	20	2491861	377	1			260		other	0
10108016	88	Response	1	2496555	5072	1
10108016	89	Sound	13	2508660	338	1			260		other	0
10108016	90	Sound	16	2528859	364	1			260		other	0
10108016	90	Response	1	2533913	5419	1
10108016	91	Sound	17	2552057	389	1			260		other	0
10108016	91	Response	1	2555911	4244	2
10108016	92	Sound	11	2574456	448	1			260		other	0
10108016	93	Sound	11	2593055	375	1			260		other	0
10108016	94	Sound	16	2618453	432	1			260		other	0
10108016	94	Response	1	2623027	5007	1
10108016	95	Sound	17	2643251	390	1			260		other	0
10108016	95	Response	1	2649025	6164	1
10108016	96	Sound	16	2668450	415	1			260		other	0
10108016	96	Response	1	2676544	8508	1
10108016	97	Sound	12	2691648	440	1			260		other	0
10108016	98	Sound	19	2714847	465	1			260		other	0
10108016	98	Response	1	2719101	4719	1
10108016	99	Sound	15	2731046	326	1			260		other	0
10108016	100	Sound	18	2746845	287	1			260		other	0
10108016	100	Response	1	2750779	4221	1
10108016	101	Sound	15	2764844	280	1			260		other	0
10108016	102	Sound	12	2780043	308	1			260		other	0
10108016	103	Sound	15	2797442	369	1			260		other	0
10108016	103	Response	1	2803416	6342	1
10108016	104	Sound	18	2815241	329	1			260		other	0
10108016	104	Response	1	2823334	8423	1
10108016	105	Sound	13	2843439	352	1			260		other	0
10108016	106	Sound	19	2859238	313	1			260		other	0
10108016	106	Response	1	2864132	5207	1
10108016	107	Sound	13	2876237	307	1			260		other	0
10108016	108	Sound	14	2893836	401	1			260		other	0
10108016	108	Response	1	2899810	6375	1
10108016	109	Sound	20	2912235	294	1			260		other	0
10108016	109	Response	1	2919408	7468	1
10108016	110	Sound	20	2935833	386	1			260		other	0
10108016	110	Response	1	2941087	5639	1
10108016	111	Sound	11	2957032	412	1			260		other	0
10108016	112	Sound	21	2972631	340	1			260		other	0
10108016	112	Response	1	2976684	4393	1
10108016	113	Response	255	3898705	903827	1
10108016	114	Sound	104	3968968	385	1			260		other	0
10108016	114	Response	1	3974060	5477	1
10108016	115	Sound	102	3996566	308	1			260		other	0
10108016	116	Sound	102	4019765	333	1			260		other	0
10108016	117	Sound	111	4044963	358	1			260		other	0
10108016	117	Response	1	4048776	4170	1
10108016	118	Sound	101	4069962	349	1			260		other	0
10108016	119	Sound	101	4085761	310	1			260		other	0
10108016	120	Sound	108	4108559	435	1			260		other	0
10108016	120	Response	1	4111892	3767	1
10108016	121	Sound	104	4134557	426	1			260		other	0
10108016	122	Sound	104	4152956	319	1			260		other	0
10108016	122	Response	1	4157969	5331	1
10108016	123	Sound	108	4175755	278	1			260		other	0
10108016	123	Response	1	4180447	4970	1
10108016	124	Sound	103	4196754	437	1			260		other	0
10108016	125	Sound	102	4214952	297	1			260		other	0
10108016	126	Sound	111	4235951	456	1			260		other	0
10108016	126	Response	1	4238123	2628	1
10108016	127	Sound	106	4253950	283	1			260		other	0
10108016	128	Sound	110	4275149	309	1			260		other	0
10108016	128	Response	1	4277881	3041	1
10108016	129	Sound	107	4300147	300	1			260		other	0
10108016	129	Response	1	4304359	4512	1
10108016	130	Sound	111	4321346	326	1			260		other	0
10108016	130	Response	1	4324198	3178	1
10108016	131	Sound	109	4342344	319	1			260		other	0
10108016	131	Response	1	4345396	3371	1
10108016	132	Sound	107	4364343	310	1			260		other	0
10108016	132	Response	1	4367235	3202	1
10108016	133	Sound	110	4386942	402	1			260		other	0
10108016	133	Response	1	4389554	3014	1
10108016	134	Sound	105	4415740	359	1			260		other	0
10108016	134	Response	1	4419872	4491	1
10108016	135	Sound	107	4432739	353	1			260		other	0
10108016	135	Response	1	4435871	3485	1
10108016	136	Sound	108	4453937	379	1			260		other	0
10108016	136	Response	1	4456829	3270	1
10108016	137	Sound	110	4476536	470	1			260		other	0
10108016	137	Response	1	4479068	3003	1
10108016	138	Sound	104	4502734	328	1			260		other	0
10108016	138	Response	1	4508346	5939	1
10108016	139	Sound	106	4522533	454	1			260		other	0
10108016	139	Response	1	4526904	4825	1
10108016	140	Sound	108	4547132	379	1			260		other	0
10108016	140	Response	1	4549863	3111	1
10108016	141	Sound	103	4574930	335	1			260		other	0
10108016	142	Sound	108	4602328	392	1			260		other	0
10108016	142	Response	1	4605540	3604	1
10108016	143	Sound	109	4623527	418	1			260		other	0
10108016	143	Response	1	4626738	3630	1
10108016	144	Sound	101	4645725	444	1			260		other	0
10108016	145	Sound	104	4663324	370	1			260		other	0
10108016	146	Sound	109	4679923	298	1			260		other	0
10108016	146	Response	1	4684015	4389	1
10108016	147	Sound	102	4698922	291	1			260		other	0
10108016	148	Sound	110	4725720	415	1			260		other	0
10108016	148	Response	1	4728572	3267	1
10108016	149	Sound	105	4746119	308	1			260		other	0
10108016	149	Response	1	4749930	4118	1
10108016	150	Sound	106	4767518	367	1			260		other	0
10108016	150	Response	1	4771369	4218	1
10108016	151	Sound	106	4789116	292	1			260		other	0
10108016	151	Response	1	4792567	3743	2
10108016	152	Sound	106	4818114	449	1			260		other	0
10108016	152	Response	1	4821606	3940	1
10108016	153	Sound	110	4840713	374	1			260		other	0
10108016	153	Response	1	4843445	3105	1
10108016	154	Sound	103	4858712	368	1			260		other	0
10108016	154	Response	1	4862483	4139	1
10108016	155	Sound	105	4874711	362	1			260		other	0
10108016	155	Response	1	4879922	5573	1
10108016	156	Sound	111	4899709	353	1			260		other	0
10108016	156	Response	1	4902401	3044	1
10108016	157	Sound	105	4919308	279	1			260		other	0
10108016	157	Response	1	4922959	3931	1
10108016	158	Sound	101	4947306	269	1			260		other	0
10108016	159	Sound	109	4974505	293	1			260		other	0
10108016	159	Response	1	4977356	3144	1
10108016	160	Sound	103	5000503	284	1			260		other	0
10108016	161	Sound	101	5027901	341	1			260		other	0
10108016	162	Sound	107	5047500	433	1			260		other	0
10108016	162	Response	1	5050711	3645	1
10108016	163	Sound	109	5070099	359	1			260		other	0
10108016	163	Response	1	5075830	6090	1
10108016	164	Sound	105	5094697	283	1			260		other	0
10108016	164	Response	1	5099028	4614	1
10108016	165	Sound	102	5121895	307	1			260		other	0
10108016	166	Sound	111	5138894	301	1			260		other	0
10108016	166	Response	1	5142705	4112	1
10108016	167	Sound	103	5156093	328	1			260		other	0
10108016	168	Sound	107	5179892	286	1			260		other	0
10108016	168	Response	1	5183983	4377	1
10108016	169	Response	255	5309575	103548	1
10108016	170	Sound	12	5379079	415	1			260		other	0
10108016	171	Sound	11	5406877	372	1			260		other	0
10108016	172	Sound	19	5429276	431	1			260		other	0
10108016	172	Response	1	5433006	4161	1
10108016	173	Sound	13	5454074	389	1			260		other	0
10108016	174	Sound	20	5471473	282	1			260		other	0
10108016	174	Response	1	5475804	4613	1
10108016	175	Sound	19	5490872	342	1			260		other	0
10108016	175	Response	1	5494843	4313	1
10108016	176	Sound	12	5506471	437	1			260		other	0
10108016	177	Sound	17	5521670	298	1			260		other	0
10108016	177	Response	1	5525881	4508	1
10108016	178	Sound	21	5539269	392	1			260		other	0
10108016	178	Response	1	5542439	3562	1
10108016	179	Sound	20	5566867	315	1			260		other	0
10108016	179	Response	1	5570438	3886	1
10108016	180	Sound	18	5591666	273	1			260		other	0
10108016	180	Response	1	5596436	5043	1
10108016	181	Sound	20	5615264	365	1			260		other	0
10108016	181	Response	1	5619314	4415	1
10108016	182	Sound	11	5636863	290	1			260		other	0
10108016	183	Sound	21	5655662	417	1			260		other	0
10108016	183	Response	1	5658912	3668	1
10108016	184	Sound	20	5672861	444	1			260		other	0
10108016	184	Response	1	5677631	5214	1
10108016	185	Sound	18	5688860	438	1			260		other	0
10108016	185	Response	1	5692750	4329	1
10108016	186	Sound	18	5712858	430	1			260		other	0
10108016	186	Response	1	5717388	4960	1
10108016	187	Sound	14	5734857	422	1			260		other	0
10108016	188	Sound	14	5750256	316	1			260		other	0
10108016	189	Sound	18	5767255	310	1			260		other	0
10108016	189	Response	1	5772025	5081	1
10108016	190	Sound	17	5791653	368	1			260		other	0
10108016	190	Response	1	5795383	4098	1
10108016	191	Sound	13	5811252	295	1			260		other	0
10108016	192	Sound	13	5834650	353	1			260		other	0
10108016	193	Sound	15	5860449	477	1			260		other	0
10108016	193	Response	1	5864659	4688	1
10108016	194	Sound	12	5879247	437	1			260		other	0
10108016	195	Sound	17	5900446	296	1			260		other	0
10108016	195	Response	1	5904416	4266	1
10108016	196	Sound	13	5927844	353	1			260		other	0
10108016	197	Sound	15	5943043	381	1			260		other	0
10108016	198	Sound	15	5961442	274	1			260		other	0
10108016	198	Response	1	5966012	4844	1
10108016	199	Sound	21	5983841	333	1			260		other	0
10108016	199	Response	1	5987211	3703	1
10108016	200	Sound	16	6010239	390	1			260		other	0
10108016	200	Response	1	6020169	10320	1
10108016	201	Sound	18	6035438	415	1			260		other	0
10108016	201	Response	1	6039848	4825	1
10108016	202	Sound	16	6057636	274	1			260		other	0
10108016	202	Response	1	6062806	5443	1
10108016	203	Sound	21	6080835	299	1			260		other	0
10108016	203	Response	1	6084005	3468	1
10108016	204	Sound	13	6101833	291	1			260		other	0
10108016	205	Sound	17	6127032	315	1			260		other	0
10108016	205	Response	1	6133362	6645	1
10108016	206	Sound	11	6146831	442	1			260		other	0
10108016	207	Sound	16	6162630	403	1			260		other	0
10108016	207	Response	1	6166559	4333	1
10108016	208	Sound	14	6183828	429	1			260		other	0
10108016	208	Response	1	6201917	18517	1
10108016	209	Sound	16	6204027	455	1			260		other	0
10108016	209	Response	1	6209997	6424	1
10108016	210	Sound	16	6227826	413	1			260		other	0
10108016	210	Response	1	6231435	4022	1
10108016	211	Sound	20	6253024	271	1			260		other	0
10108016	211	Response	1	6256074	3320	1
10108016	212	Sound	11	6280022	428	1			260		other	0
10108016	213	Sound	12	6297821	388	1			260		other	0
10108016	214	Sound	15	6321220	446	1			260		other	0
10108016	214	Response	1	6326229	5456	1
10108016	215	Sound	19	6341018	406	1			260		other	0
10108016	215	Response	1	6346068	5455	1
10108016	216	Sound	19	6361617	332	1			260		other	0
10108016	216	Response	1	6365747	4461	1
10108016	217	Sound	19	6387216	423	1			260		other	0
10108016	217	Response	1	6390865	4072	1
10108016	218	Sound	14	6413414	280	1			260		other	0
10108016	218	Response	1	6417503	4370	1
10108016	219	Sound	12	6429413	274	1			260		other	0
10108016	220	Sound	14	6445812	335	1			260		other	0
10108016	220	Response	1	6454221	8744	1
10108016	221	Sound	21	6468610	294	1			260		other	0
10108016	221	Response	1	6472780	4463	1
10108016	222	Sound	11	6496609	284	1			260		other	0
10108016	223	Sound	15	6515607	277	1			260		other	0
10108016	223	Response	1	6525416	10086	1
10108016	224	Sound	17	6537006	336	1			260		other	0
10108016	224	Response	1	6542935	6265	1
10108016	225	Response	255	6674447	112523	1
10108016	226	Sound	101	6746193	461	1			260		other	0
10108016	227	Sound	106	6774191	285	1			260		other	0
10108016	227	Response	1	6778200	4294	1
10108016	228	Sound	105	6799789	376	1			260		other	0
10108016	228	Response	1	6803478	4065	1
10108016	229	Sound	107	6816188	436	1			260		other	0
10108016	229	Response	1	6819877	4125	1
10108016	230	Sound	106	6832787	364	1			260		other	0
10108016	230	Response	1	6835636	3213	1
10108016	231	Sound	108	6854786	356	1			260		other	0
10108016	231	Response	1	6857475	3045	1
10108016	232	Sound	101	6878185	414	1			260		other	0
10108016	233	Sound	102	6901383	439	1			260		other	0
10108016	234	Sound	102	6929181	396	1			260		other	0
10108016	235	Sound	104	6948580	289	1			260		other	0
10108016	235	Response	1	6953149	4858	1
10108016	236	Sound	110	6971379	414	1			260		other	0
10108016	236	Response	1	6974507	3543	1
10108016	237	Sound	103	6990777	308	1			260		other	0
10108016	238	Sound	103	7017976	331	1			260		other	0
10108016	239	Sound	108	7045974	321	1			260		other	0
10108016	239	Response	1	7050102	4450	1
10108016	240	Sound	107	7068973	313	1			260		other	0
10108016	240	Response	1	7073461	4802	1
10108016	241	Sound	105	7090371	372	1			260		other	0
10108016	241	Response	1	7094660	4661	1
10108016	242	Sound	104	7109370	365	1			260		other	0
10108016	242	Response	1	7114099	5094	1
10108016	243	Sound	108	7128169	325	1			260		other	0
10108016	243	Response	1	7131377	3534	1
10108016	244	Sound	111	7154167	317	1			260		other	0
10108016	244	Response	1	7157136	3286	1
10108016	245	Sound	102	7172366	343	1			260		other	0
10108016	246	Sound	105	7189965	270	1			260		other	0
10108016	246	Response	1	7193214	3519	1
10108016	247	Sound	103	7211164	462	1			260		other	0
10108016	247	Response	1	7226651	15950	1
10108016	248	Sound	109	7227763	390	1			260		other	0
10108016	249	Sound	108	7255161	447	1			260		other	0
10108016	249	Response	1	7258729	4015	1
10108016	250	Sound	101	7281159	271	1			260		other	0
10108016	251	Sound	111	7302358	297	1			260		other	0
10108016	251	Response	1	7305446	3385	1
10108016	252	Sound	104	7320157	424	1			260		other	0
10108016	253	Sound	102	7338555	317	1			260		other	0
10108016	254	Sound	101	7360154	409	1			260		other	0
10108016	255	Sound	105	7376153	404	1			260		other	0
10108016	255	Response	1	7380161	4412	1
10108016	256	Sound	109	7392552	298	1			260		other	0
10108016	256	Response	1	7396320	4066	1
10108016	257	Sound	101	7418151	389	1			260		other	0
10108016	258	Sound	110	7434149	383	1			260		other	0
10108016	258	Response	1	7437438	3671	1
10108016	259	Sound	108	7456348	408	1			260		other	0
10108016	259	Response	1	7460316	4377	1
10108016	260	Sound	106	7482946	332	1			260		other	0
10108016	260	Response	1	7486155	3540	1
10108016	261	Sound	110	7510745	456	1			260		other	0
10108016	261	Response	1	7514553	4264	1
10108016	262	Sound	107	7538143	346	1			260		other	0
10108016	262	Response	1	7541431	3634	1
10108016	263	Sound	102	7558542	405	1			260		other	0
10108016	264	Sound	110	7576941	465	1			260		other	0
10108016	264	Response	1	7580069	3593	1
10108016	265	Sound	104	7594739	426	1			260		other	0
10108016	265	Response	1	7599027	4714	1
10108016	266	Sound	107	7612538	386	1			260		other	0
10108016	266	Response	1	7616066	3914	1
10108016	267	Sound	110	7637537	377	1			260		other	0
10108016	267	Response	1	7641025	3865	1
10108016	268	Sound	107	7656736	404	1			260		other	0
10108016	268	Response	1	7659983	3652	1
10108016	269	Sound	105	7678734	396	1			260		other	0
10108016	269	Response	1	7681662	3324	1
10108016	270	Sound	109	7699333	322	1			260		other	0
10108016	270	Response	1	7702861	3850	1
10108016	271	Sound	104	7722131	280	1			260		other	0
10108016	271	Response	1	7725339	3488	1
10108016	272	Sound	109	7743530	339	1			260		other	0
10108016	272	Response	1	7746058	2867	1
10108016	273	Sound	111	7759529	334	1			260		other	0
10108016	273	Response	1	7762217	3022	1
10108016	274	Sound	103	7778728	360	1			260		other	0
10108016	274	Response	1	7782136	3768	1
10108016	275	Sound	103	7805926	384	1			260		other	0
10108016	276	Sound	111	7829725	342	1			260		other	0
10108016	276	Response	1	7833012	3630	1
10108016	277	Sound	106	7857523	465	1			260		other	0
10108016	277	Response	1	7860291	3233	1
10108016	278	Sound	106	7878321	425	1			260		other	0
10108016	278	Response	1	7882369	4472	1
10108016	279	Sound	111	7903920	349	1			260		other	0
10108016	279	Response	1	7907488	3916	1
10108016	280	Sound	109	7925918	341	1			260		other	0
10108016	280	Response	1	7929566	3989	1
10108016	281	Response	255	8128593	174427	1
10108016	282	Sound	18	8196101	445	1			260		other	0
10108016	282	Response	1	8200428	4771	1
10108016	283	Sound	15	8218100	437	1			260		other	0
10108016	283	Response	1	8221867	4204	1
10108016	284	Sound	18	8243898	394	1			260		other	0
10108016	284	Response	1	8247146	3642	1
10108016	285	Sound	19	8260097	422	1			260		other	0
10108016	285	Response	1	8263305	3629	1
10108016	286	Sound	14	8281696	347	1			260		other	0
10108016	286	Response	1	8284743	3395	1
10108016	287	Sound	21	8303295	440	1			260		other	0
10108016	287	Response	1	8306182	3327	1
10108016	288	Sound	21	8319694	334	1			260		other	0
10108016	288	Response	1	8322981	3621	1
10108016	289	Sound	13	8340092	393	1			260		other	0
10108016	290	Sound	16	8364491	451	1			260		other	0
10108016	290	Response	1	8366418	2378	1
10108016	291	Sound	19	8392489	275	1			260		other	0
10108016	291	Response	1	8395696	3482	1
10108016	292	Sound	20	8416887	333	1			260		other	0
10108016	292	Response	1	8420414	3860	1
10108016	293	Sound	21	8441486	424	1			260		other	0
10108016	293	Response	1	8444173	3111	1
10108016	294	Sound	11	8462685	450	1			260		other	0
10108016	295	Sound	18	8488883	307	1			260		other	0
10108016	295	Response	1	8493370	4794	1
10108016	296	Sound	17	8511682	265	1			260		other	0
10108016	296	Response	1	8520008	8592	1
10108016	297	Sound	21	8538280	356	1			260		other	0
10108016	297	Response	1	8541607	3683	1
10108016	298	Sound	16	8564278	347	1			260		other	0
10108016	298	Response	1	8571524	7592	2
10108016	299	Sound	13	8591477	370	1			260		other	0
10108016	300	Sound	20	8619075	294	1			260		other	0
10108016	300	Response	1	8623761	4980	1
10108016	301	Sound	14	8641673	386	1			260		other	0
10108016	302	Sound	20	8667472	343	1			260		other	0
10108016	302	Response	1	8673758	6630	1
10108016	303	Sound	19	8688270	303	1			260		other	0
10108016	303	Response	1	8694317	6349	1
10108016	304	Sound	20	8714869	393	1			260		other	0
10108016	304	Response	1	8721595	7120	1
10108016	305	Sound	11	8742267	450	1			260		other	0
10108016	306	Sound	21	8768865	374	1			260		other	0
10108016	306	Response	1	8774232	5740	1
10108016	307	Sound	15	8791464	299	1			260		other	0
10108016	308	Sound	12	8806863	360	1			260		other	0
10108016	309	Sound	12	8831461	452	1			260		other	0
10108016	310	Sound	12	8856060	376	1			260		other	0
10108016	311	Sound	18	8877258	402	1			260		other	0
10108016	311	Response	1	8883745	6888	1
10108016	312	Sound	15	8897257	395	1			260		other	0
10108016	312	Response	1	8902063	5201	1
10108016	313	Sound	11	8919256	387	1			260		other	0
10108016	314	Sound	15	8935655	281	1			260		other	0
10108016	314	Response	1	8947901	12527	1
10108016	315	Sound	11	8954654	274	1			260		other	0
10108016	316	Sound	13	8979652	432	1			260		other	0
10108016	317	Sound	16	8998451	392	1			260		other	0
10108016	317	Response	1	9004057	5998	1
10108016	318	Sound	16	9013850	286	1			260		other	0
10108016	318	Response	1	9017816	4253	1
10108016	319	Sound	13	9040048	310	1			260		other	0
10108016	320	Sound	14	9058047	304	1			260		other	0
10108016	321	Sound	17	9073246	332	1			260		other	0
10108016	321	Response	1	9078372	5458	1
10108016	322	Sound	17	9099244	323	1			260		other	0
10108016	322	Response	1	9103650	4728	1
10108016	323	Sound	18	9119443	349	1			260		other	0
10108016	323	Response	1	9124849	5755	1
10108016	324	Sound	14	9137042	443	1			260		other	0
10108016	325	Sound	19	9158841	402	1			260		other	0
10108016	325	Response	1	9164366	5927	1
10108016	326	Sound	12	9185439	325	1			260		other	0
10108016	327	Sound	15	9210038	417	1			260		other	0
10108016	327	Response	1	9216843	7222	2
10108016	328	Sound	19	9234636	341	1			260		other	0
10108016	328	Response	1	9238042	3747	1
10108016	329	Sound	13	9255635	334	1			260		other	0
10108016	330	Sound	16	9272234	428	1			260		other	0
10108016	330	Response	1	9276039	4234	1
10108016	331	Sound	14	9293032	387	1			260		other	0
10108016	332	Sound	17	9318431	278	1			260		other	0
10108016	332	Response	1	9328916	10763	1
10108016	333	Sound	20	9339429	270	1			260		other	0
10108016	333	Response	1	9343555	4396	1
10108016	334	Sound	17	9364228	395	1			260		other	0
10108016	334	Response	1	9367794	3961	1
10108016	335	Sound	12	9387826	320	1			260		other	0
10108016	336	Sound	11	9411225	378	1			260		other	0
10108016	337	Response	255	10115266	679665	1
10108016	338	Sound	19	10191976	400	1			260		other	0
10108016	338	Response	1	10196300	4724	1
10108016	339	Sound	16	10213774	359	1			260		other	0
10108016	339	Response	1	10217099	3683	1
10108016	340	Sound	12	10230373	286	1			260		other	0
10108016	341	Sound	15	10256172	410	1			260		other	0
10108016	341	Response	1	10261176	5415	1
10108016	342	Sound	16	10274170	404	1			260		other	0
10108016	342	Response	1	10276935	3168	1
10108016	343	Sound	21	10300969	361	1			260		other	0
10108016	343	Response	1	10303973	3366	1
10108016	344	Sound	21	10328167	385	1			260		other	0
10108016	344	Response	1	10330852	3069	1
10108016	345	Sound	18	10355165	375	1			260		other	0
10108016	345	Response	1	10358610	3819	1
10108016	346	Sound	11	10377564	434	1			260		other	0
10108016	347	Sound	20	10395163	361	1			260		other	0
10108016	347	Response	1	10398367	3565	1
10108016	348	Sound	20	10413762	454	1			260		other	0
10108016	348	Response	1	10419086	5778	1
10108016	349	Sound	14	10440560	411	1			260		other	0
10108016	350	Sound	12	10463558	403	1			260		other	0
10108016	351	Sound	17	10491557	393	1			260		other	0
10108016	351	Response	1	10495161	3997	1
10108016	352	Sound	12	10508556	387	1			260		other	0
10108016	353	Sound	18	10533154	311	1			260		other	0
10108016	353	Response	1	10536678	3836	1
10108016	354	Sound	21	10548353	339	1			260		other	0
10108016	354	Response	1	10554117	6104	1
10108016	355	Sound	12	10572552	364	1			260		other	0
10108016	356	Sound	15	10597550	355	1			260		other	0
10108016	357	Sound	11	10615149	449	1			260		other	0
10108016	358	Sound	19	10641947	406	1			260		other	0
10108016	358	Response	1	10645631	4090	1
10108016	359	Sound	20	10660546	333	1			260		other	0
10108016	359	Response	1	10666830	6617	1
10108016	360	Sound	13	10685945	390	1			260		other	0
10108016	361	Sound	16	10713743	347	1			260		other	0
10108016	362	Sound	18	10741541	471	1			260		other	0
10108016	362	Response	1	10751625	10554	1
10108016	363	Sound	21	10766939	362	1			260		other	0
10108016	363	Response	1	10774343	7765	1
10108016	364	Sound	11	10789538	453	1			260		other	0
10108016	365	Sound	13	10807537	447	1			260		other	0
10108016	366	Sound	17	10829135	373	1			260		other	0
10108016	366	Response	1	10834179	5416	1
10108016	367	Sound	17	10856734	463	1			260		other	0
10108016	367	Response	1	10860817	4547	1
10108016	368	Sound	19	10882332	387	1			260		other	0
10108016	368	Response	1	10887216	5271	1
10108016	369	Sound	11	10898731	448	1			260		other	0
10108016	370	Sound	18	10918130	341	1			260		other	0
10108016	370	Response	1	10924413	6624	1
10108016	371	Sound	15	10942928	299	1			260		other	0
10108016	371	Response	1	10949292	6662	1
10108016	372	Sound	16	10959327	359	1			260		other	0
10108016	372	Response	1	10964091	5123	1
10108016	373	Sound	18	10976326	353	1			260		other	0
10108016	373	Response	1	10980330	4357	1
10108016	374	Sound	11	10998725	412	1			260		other	0
10108016	375	Sound	20	11020923	438	1			260		other	0
10108016	375	Response	1	11025767	5282	1
10108016	376	Sound	16	11044122	463	1			260		other	0
10108016	376	Response	1	11052805	9146	1
10108016	377	Sound	12	11061721	390	1			260		other	0
10108016	378	Sound	14	11084119	448	1			260		other	0
10108016	379	Sound	19	11108318	307	1			260		other	0
10108016	379	Response	1	11116161	8150	1
10108016	380	Sound	19	11135316	297	1			260		other	0
10108016	380	Response	1	11139759	4740	1
10108016	381	Sound	14	11155515	323	1			260		other	0
10108016	382	Sound	20	11180113	414	1			260		other	0
10108016	383	Sound	14	11202112	406	1			260		other	0
10108016	384	Sound	21	11225710	331	1			260		other	0
10108016	384	Response	1	11228874	3495	1
10108016	385	Sound	14	11240910	359	1			260		other	0
10108016	386	Sound	13	11264308	418	1			260		other	0
10108016	387	Sound	15	11292106	374	1			260		other	0
10108016	387	Response	1	11296150	4418	1
10108016	388	Sound	17	11307305	402	1			260		other	0
10108016	388	Response	1	11312309	5405	1
10108016	389	Sound	17	11334504	426	1			260		other	0
10108016	389	Response	1	11339187	5109	1
10108016	390	Sound	15	11354502	419	1			260		other	0
10108016	391	Sound	13	11378901	310	1			260		other	0
10108016	392	Sound	13	11404499	401	1			260		other	0
10108016	393	Response	255	11447100	15747	1
10108016	394	Sound	111	11518892	427	1			260		other	0
10108016	394	Response	1	11522055	3590	1
10108016	395	Sound	106	11545090	451	1			260		other	0
10108016	395	Response	1	11548693	4054	1
10108016	396	Sound	103	11572689	374	1			260		other	0
10108016	396	Response	1	11577251	4937	1
10108016	397	Sound	103	11593687	367	1			260		other	0
10108016	397	Response	1	11597410	4090	1
10108016	398	Sound	104	11612886	393	1			260		other	0
10108016	398	Response	1	11616849	4356	1
10108016	399	Sound	111	11640884	383	1			260		other	0
10108016	399	Response	1	11643887	3386	1
10108016	400	Sound	101	11665283	275	1			260		other	0
10108016	401	Sound	105	11689681	333	1			260		other	0
10108016	401	Response	1	11694364	5015	1
10108016	402	Sound	102	11713680	324	1			260		other	0
10108016	403	Sound	102	11734078	384	1			260		other	0
10108016	404	Sound	105	11752477	277	1			260		other	0
10108016	404	Response	1	11757080	4880	1
10108016	405	Sound	102	11776476	268	1			260		other	0
10108016	406	Sound	106	11804474	425	1			260		other	0
10108016	406	Response	1	11807317	3268	1
10108016	407	Sound	106	11828273	383	1			260		other	0
10108016	407	Response	1	11831955	4066	1
10108016	408	Sound	107	11846671	444	1			260		other	0
10108016	408	Response	1	11849874	3647	1
10108016	409	Sound	108	11868070	336	1			260		other	0
10108016	409	Response	1	11871313	3578	1
10108016	410	Sound	101	11892268	360	1			260		other	0
10108016	411	Sound	105	11912667	420	1			260		other	0
10108016	411	Response	1	11917630	5382	1
10108016	412	Sound	106	11929866	447	1			260		other	0
10108016	412	Response	1	11933148	3729	1
10108016	413	Sound	108	11958064	470	1			260		other	0
10108016	413	Response	1	11961547	3953	1
10108016	414	Sound	103	11974463	364	1			260		other	0
10108016	415	Sound	106	12002862	421	1			260		other	0
10108016	415	Response	1	12007144	4703	1
10108016	416	Sound	105	12021860	414	1			260		other	0
10108016	416	Response	1	12025543	4097	1
10108016	417	Sound	110	12044259	306	1			260		other	0
10108016	417	Response	1	12047781	3829	1
10108016	418	Sound	102	12068457	331	1			260		other	0
10108016	419	Sound	108	12095856	388	1			260		other	0
10108016	419	Response	1	12100018	4550	1
10108016	420	Sound	110	12114254	448	1			260		other	0
10108016	420	Response	1	12119857	6050	1
10108016	421	Sound	101	12140253	272	1			260		other	0
10108016	422	Sound	103	12162451	297	1			260		other	0
10108016	422	Response	1	12170813	8659	1
10108016	423	Sound	104	12182050	390	1			260		other	0
10108016	423	Response	1	12186492	4832	1
10108016	424	Sound	107	12205449	282	1			260		other	0
10108016	424	Response	1	12209211	4044	1
10108016	425	Sound	104	12226447	441	1			260		other	0
10108016	425	Response	1	12230649	4643	1
10108016	426	Sound	111	12243446	435	1			260		other	0
10108016	426	Response	1	12246808	3797	1
10108016	427	Sound	102	12262645	295	1			260		other	0
10108016	428	Sound	111	12288843	319	1			260		other	0
10108016	428	Response	1	12292885	4361	1
10108016	429	Sound	108	12310242	378	1			260		other	0
10108016	429	Response	1	12313444	3580	1
10108016	430	Sound	110	12328241	372	1			260		other	0
10108016	430	Response	1	12331363	3494	1
10108016	431	Sound	110	12349840	297	1			260		other	0
10108016	431	Response	1	12354082	4540	1
10108016	432	Sound	101	12366039	325	1			260		other	0
10108016	433	Sound	107	12392437	382	1			260		other	0
10108016	433	Response	1	12395759	3704	1
10108016	434	Sound	103	12416835	440	1			260		other	0
10108016	435	Sound	104	12441034	298	1			260		other	0
10108016	435	Response	1	12446235	5500	1
10108016	436	Sound	109	12460433	358	1			260		other	0
10108016	436	Response	1	12463514	3440	1
10108016	437	Sound	107	12488831	414	1			260		other	0
10108016	437	Response	1	12492313	3896	1
10108016	438	Sound	105	12507030	274	1			260		other	0
10108016	438	Response	1	12511751	4996	1
10108016	439	Sound	104	12524829	401	1			260		other	0
10108016	440	Sound	111	12548027	427	1			260		other	0
10108016	440	Response	1	12551349	3748	1
10108016	441	Sound	108	12568626	353	1			260		other	0
10108016	441	Response	1	12571428	3154	1
10108016	442	Sound	109	12592424	311	1			260		other	0
10108016	442	Response	1	12596546	4432	1
10108016	443	Sound	101	12618423	301	1			260		other	0
10108016	444	Sound	109	12645421	458	1			260		other	0
10108016	444	Response	1	12648702	3740	1
10108016	445	Sound	109	12661820	353	1			260		other	0
10108016	445	Response	1	12664942	3475	1
10108016	446	Sound	107	12686018	377	1			260		other	0
10108016	446	Response	1	12689340	3699	1
10108016	447	Sound	110	12703217	405	1			260		other	0
10108016	447	Response	1	12706859	4047	1
10108016	448	Sound	109	12723816	330	1			260		other	0
10108016	448	Response	1	12726538	3052	1
10108016	449	Response	255	13467050	726480	1
10108016	450	Sound	12	13539165	440	1			260		other	0
10108016	450	Response	1	13540406	1681	1
10108016	451	Sound	15	13561163	432	1			260		other	0
10108016	451	Response	1	13564644	3913	1
10108016	452	Sound	20	13581562	325	1			260		other	0
10108016	452	Response	1	13584722	3485	1
10108016	453	Sound	13	13608560	315	1			260		other	0
10108016	454	Sound	17	13630359	441	1			260		other	0
10108016	454	Response	1	13633679	3761	1
10108016	455	Sound	16	13653757	332	1			260		other	0
10108016	455	Response	1	13658158	4733	1
10108016	456	Sound	11	13680756	323	1			260		other	0
10108016	457	Sound	19	13697755	317	1			260		other	0
10108016	457	Response	1	13700955	3517	2
10108016	458	Sound	13	13725553	440	1			260		other	0
10108016	459	Sound	18	13741152	368	1			260		other	0
10108016	459	Response	1	13744232	3448	1
10108016	460	Sound	17	13763750	293	1			260		other	0
10108016	460	Response	1	13767591	4134	1
10108016	461	Sound	15	13791149	350	1			260		other	0
10108016	461	Response	1	13794708	3910	2
10108016	462	Sound	19	13807948	311	1			260		other	0
10108016	462	Response	1	13811268	3631	1
10108016	463	Sound	20	13827746	437	1			260		other	0
10108016	463	Response	1	13830947	3637	1
10108016	464	Sound	14	13846145	330	1			260		other	0
10108016	465	Sound	20	13862744	425	1			260		other	0
10108016	465	Response	1	13865904	3585	1
10108016	466	Sound	12	13887943	449	1			260		other	0
10108016	467	Sound	21	13904142	310	1			260		other	0
10108016	467	Response	1	13907422	3590	1
10108016	468	Sound	14	13920941	437	1			260		other	0
10108016	469	Sound	14	13941139	297	1			260		other	0
10108016	470	Sound	19	13964138	455	1			260		other	0
10108016	470	Response	1	13967258	3575	1
10108016	471	Sound	11	13985736	381	1			260		other	0
10108016	472	Sound	21	14002335	308	1			260		other	0
10108016	472	Response	1	14005255	3228	1
10108016	473	Sound	21	14022534	334	1			260		other	0
10108016	473	Response	1	14026854	4654	1
10108016	474	Sound	16	14042133	427	1			260		other	0
10108016	474	Response	1	14050212	8507	1
10108016	475	Sound	14	14066331	285	1			260		other	0
10108016	476	Sound	14	14089530	310	1			260		other	0
10108016	477	Sound	20	14114528	468	1			260		other	0
10108016	477	Response	1	14121008	6948	1
10108016	478	Sound	13	14132327	428	1			260		other	0
10108016	479	Sound	11	14148726	323	1			260		other	0
10108016	480	Sound	18	14165525	283	1			260		other	0
10108016	480	Response	1	14169725	4483	1
10108016	481	Sound	13	14192723	474	1			260		other	0
10108016	482	Sound	16	14216122	365	1			260		other	0
10108016	482	Response	1	14221962	6205	1
10108016	483	Sound	15	14233921	326	1			260		other	0
10108016	484	Sound	12	14262119	349	1			260		other	0
10108016	485	Sound	17	14287517	406	1			260		other	0
10108016	485	Response	1	14292277	5166	1
10108016	486	Sound	17	14312516	398	1			260		other	0
10108016	486	Response	1	14316275	4157	1
10108016	487	Sound	12	14329115	325	1			260		other	0
10108016	488	Sound	16	14346914	452	1			260		other	0
10108016	488	Response	1	14350833	4371	1
10108016	489	Sound	16	14367512	378	1			260		other	0
10108016	489	Response	1	14375072	7937	1
10108016	490	Sound	15	14388111	304	1			260		other	0
10108016	491	Sound	17	14405110	465	1			260		other	0
10108016	491	Response	1	14408029	3384	1
10108016	492	Sound	21	14426109	457	1			260		other	0
10108016	492	Response	1	14429228	3576	1
10108016	493	Sound	20	14453107	281	1			260		other	0
10108016	493	Response	1	14456986	4160	1
10108016	494	Sound	21	14468706	375	1			260		other	0
10108016	494	Response	1	14472025	3695	1
10108016	495	Sound	19	14493304	300	1			260		other	0
10108016	495	Response	1	14496984	3980	1
10108016	496	Sound	18	14511103	427	1			260		other	0
10108016	496	Response	1	14516183	5506	1
10108016	497	Sound	13	14536302	451	1			260		other	0
10108016	498	Sound	19	14556700	344	1			260		other	0
10108016	498	Response	1	14560500	4143	1
10108016	499	Sound	18	14582499	301	1			260		other	0
10108016	499	Response	1	14587858	5660	1
10108016	500	Sound	11	14608697	325	1			260		other	0
10108016	501	Sound	11	14633896	350	1			260		other	0
10108016	502	Sound	15	14651494	443	1			260		other	0
10108016	503	Sound	12	14667693	471	1			260		other	0
10108016	504	Sound	18	14686492	431	1			260		other	0
10108016	504	Response	1	14690091	4030	1
10108016	505	Response	255	18843024	4136877	1
10108016	506	Sound	105	18919425	456	1			260		other	0
10108016	506	Response	1	18923419	4449	1
10108016	507	Sound	106	18945424	280	1			260		other	0
10108016	507	Response	1	18948778	3633	1
10108016	508	Sound	108	18966422	272	1			260		other	0
10108016	508	Response	1	18969256	3106	1
10108016	509	Sound	107	18991421	430	1			260		other	0
10108016	509	Response	1	18994375	3384	1
10108016	510	Sound	111	19019819	320	1			260		other	0
10108016	510	Response	1	19022373	2874	1
10108016	511	Sound	108	19037018	347	1			260		other	0
10108016	511	Response	1	19040932	4261	1
10108016	512	Sound	109	19053417	408	1			260		other	0
10108016	512	Response	1	19057570	4561	1
10108016	513	Sound	111	19074816	300	1			260		other	0
10108016	513	Response	1	19077169	2654	1
10108016	514	Sound	106	19091815	294	1			260		other	0
10108016	514	Response	1	19095088	3568	1
10108016	515	Sound	101	19109613	421	1			260		other	0
10108016	516	Sound	102	19126612	415	1			260		other	0
10108016	517	Sound	105	19151811	439	1			260		other	0
10108016	517	Response	1	19156284	4913	1
10108016	518	Sound	109	19179409	363	1			260		other	0
10108016	518	Response	1	19182922	3876	1
10108016	519	Sound	104	19202607	388	1			260		other	0
10108016	519	Response	1	19206521	4301	1
10108016	520	Sound	102	19219606	382	1			260		other	0
10108016	521	Sound	108	19236005	443	1			260		other	0
10108016	521	Response	1	19239319	3756	1
10108016	522	Sound	110	19257004	435	1			260		other	0
10108016	522	Response	1	19259797	3229	1
10108016	523	Sound	103	19277203	295	1			260		other	0
10108016	524	Sound	104	19296602	354	1			260		other	0
10108016	524	Response	1	19303475	7227	1
10108016	525	Sound	104	19318000	414	1			260		other	0
10108016	525	Response	1	19322274	4687	1
10108016	526	Sound	110	19339599	339	1			260		other	0
10108016	526	Response	1	19342592	3332	1
10108016	527	Sound	110	19366797	363	1			260		other	0
10108016	527	Response	1	19370590	4156	1
10108016	528	Sound	106	19390196	421	1			260		other	0
10108016	528	Response	1	19395069	5294	1
10108016	529	Sound	106	19408794	348	1			260		other	0
10108016	529	Response	1	19418427	9981	1
10108016	530	Sound	102	19431393	440	1			260		other	0
10108016	530	Response	1	19434346	3393	1
10108016	531	Sound	103	19454792	331	1			260		other	0
10108016	531	Response	1	19458345	3885	1
10108016	532	Sound	101	19478790	323	1			260		other	0
10108016	532	Response	1	19494823	16355	1
10108016	533	Sound	110	19497189	383	1			260		other	0
10108016	533	Response	1	19504902	8096	1
10108016	534	Sound	107	19518988	342	1			260		other	0
10108016	534	Response	1	19522581	3935	1
10108016	535	Sound	101	19535187	369	1			260		other	0
10108016	535	Response	1	19538099	3282	1
10108016	536	Sound	108	19562785	293	1			260		other	0
10108016	536	Response	1	19565858	3366	1
10108016	537	Sound	105	19587783	284	1			260		other	0
10108016	537	Response	1	19591376	3877	1
10108016	538	Sound	111	19607382	377	1			260		other	0
10108016	538	Response	1	19610815	3810	1
10108016	539	Sound	109	19623581	405	1			260		other	0
10108016	539	Response	1	19626814	3638	1
10108016	540	Sound	107	19641980	299	1			260		other	0
10108016	540	Response	1	19644893	3212	1
10108016	541	Sound	104	19668178	322	1			260		other	0
10108016	541	Response	1	19671131	3275	1
10108016	542	Sound	106	19686177	316	1			260		other	0
10108016	542	Response	1	19688650	2789	1
10108016	542	Response	1	19707849	21987	1
10108016	543	Sound	111	19709176	307	1			260		other	0
10108016	543	Response	1	19714168	5300	1
10108016	544	Sound	107	19734174	299	1			260		other	0
10108016	544	Response	1	19738167	4291	1
10108016	545	Sound	105	19752373	325	1			260		other	0
10108016	545	Response	1	19755206	3158	1
10108016	546	Sound	102	19773371	318	1			260		other	0
10108016	547	Sound	108	19802170	274	1			260		other	0
10108016	547	Response	1	19806162	4267	1
10108016	548	Sound	102	19826768	366	1			260		other	0
10108016	549	Sound	104	19851167	423	1			260		other	0
10108016	549	Response	1	19856559	5816	1
10108016	550	Sound	109	19871365	283	1			260		other	0
10108016	550	Response	1	19875358	4276	1
10108016	551	Sound	107	19898164	407	1			260		other	0
10108016	551	Response	1	19901356	3599	1
10108016	552	Sound	101	19920162	399	1			260		other	0
10108016	552	Response	1	19931514	11751	1
10108016	553	Sound	103	19948361	422	1			260		other	0
10108016	553	Response	1	19952953	5015	1
10108016	554	Sound	101	19966559	449	1			260		other	0
10108016	555	Sound	111	19983958	343	1			260		other	0
10108016	555	Response	1	19986551	2935	1
10108016	556	Sound	103	20000957	337	1			260		other	0
10108016	557	Sound	105	20018756	297	1			260		other	0
10108016	557	Response	1	20023508	5049	1
10108016	558	Sound	103	20044954	321	1			260		other	0
10108016	559	Sound	110	20063753	281	1			260		other	0
10108016	559	Response	1	20067826	4353	1
10108016	560	Sound	109	20090951	305	1			260		other	0
10108016	560	Response	1	20094704	4057	1
10108016	561	Response	255	20140141	20572	1
10108016	562	Sound	11	20213544	361	1			260		other	0
10108016	562	Response	1	20214856	1673	1
10108016	563	Sound	20	20241142	451	1			260		other	0
10108016	563	Response	1	20244134	3443	1
10108016	564	Sound	11	20265141	443	1			260		other	0
10108016	565	Sound	18	20282339	303	1			260		other	0
10108016	565	Response	1	20286291	4255	1
10108016	566	Sound	17	20310338	293	1			260		other	0
10108016	566	Response	1	20313810	3765	1
10108016	567	Sound	16	20326537	321	1			260		other	0
10108016	567	Response	1	20331889	5673	1
10108016	568	Sound	18	20344335	281	1			260		other	0
10108016	568	Response	1	20347647	3593	1
10108016	569	Sound	20	20363334	274	1			260		other	0
10108016	569	Response	1	20366686	3626	1
10108016	570	Sound	14	20383533	300	1			260		other	0
10108016	570	Response	1	20386525	3292	1
10108016	571	Sound	19	20408731	325	1			260		other	0
10108016	571	Response	1	20412123	3717	1
10108016	572	Sound	12	20428530	451	1			260		other	0
10108016	573	Sound	20	20444929	345	1			260		other	0
10108016	573	Response	1	20448121	3537	1
10108016	574	Sound	12	20468328	403	1			260		other	0
10108016	575	Sound	14	20490726	462	1			260		other	0
10108016	575	Response	1	20494438	4174	1
10108016	576	Sound	19	20507125	356	1			260		other	0
10108016	576	Response	1	20511077	4308	1
10108016	577	Sound	15	20530324	381	1			260		other	0
10108016	577	Response	1	20540995	11053	1
10108016	578	Sound	12	20557122	338	1			260		other	0
10108016	579	Sound	21	20581520	396	1			260		other	0
10108016	579	Response	1	20586192	5068	1
10108016	580	Sound	14	20602719	422	1			260		other	0
10108016	580	Response	1	20612191	9894	1
10108016	581	Sound	15	20628917	279	1			260		other	0
10108016	581	Response	1	20634669	6031	1
10108016	582	Sound	13	20656116	303	1			260		other	0
10108016	583	Sound	17	20677314	329	1			260		other	0
10108016	583	Response	1	20684266	7280	1
10108016	584	Sound	17	20699113	288	1			260		other	0
10108016	584	Response	1	20711144	12319	1
10108016	585	Sound	21	20715912	415	1			260		other	0
10108016	585	Response	1	20722503	7006	1
10108016	586	Sound	18	20731311	310	1			260		other	0
10108016	586	Response	1	20737143	6141	1
10108016	587	Sound	21	20758109	433	1			260		other	0
10108016	587	Response	1	20761141	3465	1
10108016	588	Sound	13	20775908	394	1			260		other	0
10108016	589	Sound	16	20797507	319	1			260		other	0
10108016	589	Response	1	20801138	3951	1
10108016	590	Sound	16	20818506	312	1			260		other	0
10108016	590	Response	1	20822737	4543	1
10108016	591	Sound	15	20835105	406	1			260		other	0
10108016	591	Response	1	20839376	4677	1
10108016	592	Sound	15	20857703	331	1			260		other	0
10108016	592	Response	1	20865134	7762	1
10108016	593	Sound	21	20881902	356	1			260		other	0
10108016	593	Response	1	20884973	3427	1
10108016	594	Sound	18	20905300	414	1			260		other	0
10108016	594	Response	1	20908810	3925	2
10108016	595	Sound	19	20931298	405	1			260		other	0
10108016	595	Response	1	20934410	3516	1
10108016	596	Sound	19	20948697	299	1			260		other	0
10108016	596	Response	1	20952329	3930	1
10108016	597	Sound	16	20964296	393	1			260		other	0
10108016	597	Response	1	20968248	4344	1
10108016	598	Sound	14	20989695	284	1			260		other	0
10108016	599	Sound	13	21004894	312	1			260		other	0
10108016	600	Sound	21	21023893	305	1			260		other	0
10108016	600	Response	1	21026964	3376	1
10108016	601	Sound	11	21047291	364	1			260		other	0
10108016	602	Sound	17	21068490	389	1			260		other	0
10108016	602	Response	1	21072001	3901	1
10108016	603	Sound	17	21086289	350	1			260		other	0
10108016	603	Response	1	21089680	3741	1
10108016	604	Sound	16	21102888	277	1			260		other	0
10108016	605	Sound	12	21124486	369	1			260		other	0
10108016	606	Sound	19	21149685	394	1			260		other	0
10108016	606	Response	1	21153036	3745	1
10108016	607	Sound	11	21165084	288	1			260		other	0
10108016	608	Sound	20	21182683	382	1			260		other	0
10108016	608	Response	1	21186474	4173	1
10108016	609	Sound	18	21198682	376	1			260		other	0
10108016	609	Response	1	21203753	5447	1
10108016	610	Sound	13	21222080	435	1			260		other	0
10108016	611	Sound	20	21245079	426	1			260		other	0
10108016	611	Response	1	21249110	4457	1
10108016	612	Sound	12	21265277	453	1			260		other	0
10108016	613	Sound	13	21283276	446	1			260		other	0
10108016	614	Sound	14	21304675	338	1			260		other	0
10108016	614	Response	1	21313346	9009	1
10108016	615	Sound	11	21328074	397	1			260		other	0
10108016	616	Sound	15	21352872	355	1			260		other	0
10108016	616	Response	1	21356863	4345	1
10108016	617	Response	255	21385901	7796	1
10108016	618	Sound	20	21461065	350	1			260		other	0
10108016	618	Response	1	21465416	4700	1
10108016	619	Sound	17	21485864	307	1			260		other	0
10108016	619	Response	1	21489894	4338	1
10108016	620	Sound	16	21501263	368	1			260		other	0
10108016	620	Response	1	21508213	7319	1
10108016	621	Sound	18	21527461	392	1			260		other	0
10108016	621	Response	1	21532051	4983	1
10108016	622	Sound	18	21544060	320	1			260		other	0
10108016	622	Response	1	21547570	3830	1
10108016	623	Sound	15	21563859	279	1			260		other	0
10108016	623	Response	1	21568529	4950	1
10108016	624	Sound	12	21580858	273	1			260		other	0
10108016	625	Sound	16	21597856	434	1			260		other	0
10108016	625	Response	1	21604367	6944	1
10108016	626	Sound	11	21623255	325	1			260		other	0
10108016	627	Sound	21	21649853	416	1			260		other	0
10108016	627	Response	1	21653244	3806	1
10108016	628	Sound	17	21665452	343	1			260		other	0
10108016	628	Response	1	21672682	7573	1
10108016	629	Sound	21	21686851	402	1			260		other	0
10108016	629	Response	1	21690361	3913	1
10108016	630	Sound	13	21714849	392	1			260		other	0
10108016	631	Sound	21	21737248	451	1			260		other	0
10108016	631	Response	1	21741718	4921	1
10108016	632	Sound	18	21753647	345	1			260		other	0
10108016	632	Response	1	21760757	7455	1
10108016	633	Sound	13	21781445	302	1			260		other	0
10108016	634	Sound	11	21797844	363	1			260		other	0
10108016	635	Sound	12	21817843	356	1			260		other	0
10108016	636	Sound	12	21838441	282	1			260		other	0
10108016	637	Sound	15	21857840	341	1			260		other	0
10108016	637	Response	1	21864510	7011	1
10108016	638	Sound	14	21873439	436	1			260		other	0
10108016	638	Response	1	21890669	17665	1
10108016	639	Sound	15	21898837	327	1			260		other	0
10108016	640	Sound	13	21926836	317	1			260		other	0
10108016	641	Sound	13	21950834	308	1			260		other	0
10108016	642	Sound	12	21976233	366	1			260		other	0
10108016	643	Sound	19	21999231	358	1			260		other	0
10108016	643	Response	1	22003221	4348	1
10108016	644	Sound	20	22023430	382	1			260		other	0
10108016	644	Response	1	22026980	3932	1
10108016	645	Sound	13	22047828	274	1			260		other	0
10108016	646	Sound	14	22067427	367	1			260		other	0
10108016	647	Sound	15	22085226	327	1			260		other	0
10108016	647	Response	1	22091455	6557	1
10108016	648	Sound	17	22105024	453	1			260		other	0
10108016	648	Response	1	22108734	4163	1
10108016	649	Sound	16	22122423	347	1			260		other	0
10108016	649	Response	1	22126653	4577	1
10108016	650	Sound	14	22148422	338	1			260		other	0
10108016	651	Sound	14	22170220	463	1			260		other	0
10108016	652	Sound	19	22185619	358	1			260		other	0
10108016	652	Response	1	22190009	4747	1
10108016	653	Sound	12	22211218	449	1			260		other	0
10108016	654	Sound	17	22236016	407	1			260		other	0
10108016	654	Response	1	22240406	4796	1
10108016	655	Sound	17	22262015	397	1			260		other	0
10108016	655	Response	1	22266004	4387	1
10108016	656	Sound	21	22285613	322	1			260		other	0
10108016	656	Response	1	22290642	5351	1
10108016	657	Sound	20	22305412	282	1			260		other	0
10108016	657	Response	1	22309041	3911	1
10108016	658	Sound	16	22323211	409	1			260		other	0
10108016	658	Response	1	22326720	3918	1
10108016	659	Sound	18	22344609	301	1			260		other	0
10108016	659	Response	1	22350079	5770	1
10108016	660	Sound	11	22364208	394	1			260		other	0
10108016	661	Sound	18	22387607	452	1			260		other	0
10108016	661	Response	1	22393356	6202	1
10108016	662	Sound	19	22411605	277	1			260		other	0
10108016	662	Response	1	22415195	3867	1
10108016	663	Sound	11	22430604	437	1			260		other	0
10108016	664	Sound	11	22453203	362	1			260		other	0
10108016	665	Sound	20	22480001	319	1			260		other	0
10108016	665	Response	1	22485750	6068	1
10108016	666	Sound	16	22497600	413	1			260		other	0
10108016	666	Response	1	22502309	5123	1
10108016	667	Sound	21	22523198	337	1			260		other	0
10108016	667	Response	1	22528147	5287	1
10108016	668	Sound	14	22542597	397	1			260		other	0
10108016	669	Sound	19	22557796	425	1			260		other	0
10108016	669	Response	1	22563265	5894	1
10108016	670	Sound	15	22579995	451	1			260		other	0
10108016	671	Sound	19	22600593	377	1			260		other	0
10108016	671	Response	1	22605262	5045	1
10108016	672	Sound	20	22626992	267	1			260		other	0
10108016	672	Response	1	22630381	3656	1
10108016	673	Response	255	27681096	5031785	1
10108016	674	Sound	108	27747069	342	1			260		other	0
10108016	674	Response	1	27751411	4685	1
10108016	675	Sound	109	27775867	298	1			260		other	0
10108016	675	Response	1	27779009	3441	1
10108016	676	Sound	108	27802065	323	1			260		other	0
10108016	676	Response	1	27804768	3025	1
10108016	677	Sound	107	27818264	350	1			260		other	0
10108016	677	Response	1	27822207	4293	1
10108016	678	Sound	102	27847062	307	1			260		other	0
10108016	679	Sound	103	27873261	330	1			260		other	0
10108016	679	Response	1	27873323	393	1
10108016	679	Response	1	27880363	7433	1
10108016	680	Sound	106	27902059	288	1			260		other	0
10108016	680	Response	1	27905881	4110	1
10108016	681	Sound	105	27927057	445	1			260		other	0
10108016	681	Response	1	27931640	5027	1
10108016	682	Sound	111	27953256	469	1			260		other	0
10108016	682	Response	1	27956358	3571	1
10108016	683	Sound	105	27972255	462	1			260		other	0
10108016	683	Response	1	27977317	5524	1
10108016	684	Sound	110	27989853	389	1			260		other	0
10108016	684	Response	1	27993716	4251	1
10108016	685	Sound	105	28006452	316	1			260		other	0
10108016	685	Response	1	28010115	3979	1
10108016	686	Sound	101	28028051	409	1			260		other	0
10108016	687	Sound	111	28051650	333	1			260		other	0
10108016	687	Response	1	28054432	3116	1
10108016	688	Sound	109	28072048	394	1			260		other	0
10108016	688	Response	1	28075791	4136	1
10108016	689	Sound	104	28096647	317	1			260		other	0
10108016	689	Response	1	28101629	5300	1
10108016	690	Sound	103	28117445	277	1			260		other	0
10108016	691	Sound	111	28143844	334	1			260		other	0
10108016	691	Response	1	28147066	3556	1
10108016	692	Sound	107	28169642	458	1			260		other	0
10108016	692	Response	1	28173224	4040	1
10108016	693	Sound	110	28192241	383	1			260		other	0
10108016	693	Response	1	28194903	3046	1
10108016	694	Sound	104	28216039	342	1			260		other	0
10108016	694	Response	1	28221941	6244	1
10108016	695	Sound	111	28243837	465	1			260		other	0
10108016	695	Response	1	28246180	2807	1
10108016	696	Sound	101	28263836	291	1			260		other	0
10108016	696	Response	1	28273698	10153	1
10108016	697	Sound	108	28290834	282	1			260		other	0
10108016	697	Response	1	28294737	4184	1
10108016	698	Sound	106	28313833	274	1			260		other	0
10108016	698	Response	1	28320255	6695	1
10108016	699	Sound	111	28334832	433	1			260		other	0
10108016	699	Response	1	28339694	5295	1
10108016	700	Sound	107	28358630	391	1			260		other	0
10108016	700	Response	1	28362012	3773	1
10108016	701	Sound	105	28381029	283	1			260		other	0
10108016	701	Response	1	28385131	4385	1
10108016	702	Sound	102	28404827	408	1			260		other	0
10108016	703	Sound	109	28420826	402	1			260		other	0
10108016	703	Response	1	28426008	5584	1
10108016	704	Sound	103	28437025	429	1			260		other	0
10108016	705	Sound	103	28455224	456	1			260		other	0
10108016	706	Sound	101	28481822	380	1			260		other	0
10108016	707	Sound	101	28506621	338	1			260		other	0
10108016	708	Sound	102	28530219	430	1			260		other	0
10108016	709	Sound	106	28553218	421	1			260		other	0
10108016	709	Response	1	28557520	4723	1
10108016	710	Sound	102	28582216	411	1			260		other	0
10108016	711	Sound	104	28599415	272	1			260		other	0
10108016	711	Response	1	28604235	5092	3
10108016	712	Sound	109	28627813	328	1			260		other	0
10108016	712	Response	1	28631515	4030	1
10108016	713	Sound	104	28644412	422	1			260		other	0
10108016	714	Sound	110	28662611	282	1			260		other	0
10108016	714	Response	1	28666713	4384	1
10108016	715	Sound	107	28685609	441	1			260		other	0
10108016	715	Response	1	28690071	4902	1
10108016	716	Sound	108	28714008	331	1			260		other	0
10108016	716	Response	1	28716949	3272	1
10108016	717	Sound	108	28736606	423	1			260		other	0
10108016	717	Response	1	28740308	4124	1
10108016	718	Sound	103	28755805	449	1			260		other	0
10108016	719	Sound	106	28777604	408	1			260		other	0
10108016	719	Response	1	28781185	3990	1
10108016	720	Sound	107	28806002	298	1			260		other	0
10108016	720	Response	1	28809103	3399	2
10108016	721	Sound	110	28833000	288	1			260		other	0
10108016	721	Response	1	28836462	3750	1
10108016	722	Sound	101	28849799	416	1			260		other	0
10108016	723	Sound	109	28868798	409	1			260		other	0
10108016	723	Response	1	28872459	4070	1
10108016	724	Sound	104	28887197	469	1			260		other	0
10108016	725	Sound	102	28909196	294	1			260		other	0
10108016	726	Sound	106	28935794	385	1			260		other	0
10108016	726	Response	1	28939975	4566	1
10108016	727	Sound	105	28962592	343	1			260		other	0
10108016	727	Response	1	28965973	3724	1
10108016	728	Sound	110	28982391	302	1			260		other	0
10108016	728	Response	1	28987172	5083	1
10108016	729	Response	255	29021250	11906	1
10108016	730	Sound	17	29092384	429	1			260		other	0
10108016	730	Response	1	29095965	4010	1
10108016	731	Sound	13	29114982	354	1			260		other	0
10108016	732	Sound	15	29138581	446	1			260		other	0
10108016	733	Sound	19	29161780	304	1			260		other	0
10108016	733	Response	1	29165160	3685	1
10108016	734	Sound	16	29189778	294	1			260		other	0
10108016	734	Response	1	29193559	4075	1
10108016	735	Sound	17	29206977	322	1			260		other	0
10108016	735	Response	1	29210598	3943	1
10108016	736	Sound	13	29233775	279	1			260		other	0
10108016	737	Sound	18	29255374	371	1			260		other	0
10108016	737	Response	1	29258915	3912	1
10108016	738	Sound	21	29278972	296	1			260		other	0
10108016	738	Response	1	29281393	2717	1
10108016	739	Sound	20	29294771	424	1			260		other	0
10108016	739	Response	1	29298192	3844	1
10108016	740	Sound	19	29317570	382	1			260		other	0
10108016	740	Response	1	29321151	3963	1
10108016	741	Sound	13	29333969	276	1			260		other	0
10108016	742	Sound	20	29360167	467	1			260		other	0
10108016	742	Response	1	29363308	3608	1
10108016	743	Sound	19	29376966	428	1			260		other	0
10108016	743	Response	1	29380827	4288	1
10108016	744	Sound	20	29393965	422	1			260		other	0
10108016	744	Response	1	29396986	3442	1
10108016	745	Sound	17	29420963	412	1			260		other	0
10108016	745	Response	1	29425143	4591	3
10108016	746	Sound	21	29448562	335	1			260		other	0
10108016	746	Response	1	29452182	3956	1
10108016	747	Sound	14	29471960	394	1			260		other	0
10108016	748	Sound	17	29492159	420	1			260		other	0
10108016	748	Response	1	29495939	4200	1
10108016	749	Sound	13	29515557	311	1			260		other	0
10108016	750	Sound	15	29542756	335	1			260		other	0
10108016	751	Sound	11	29566154	394	1			260		other	0
10108016	752	Sound	14	29586353	420	1			260		other	0
10108016	753	Sound	19	29609551	445	1			260		other	0
10108016	753	Response	1	29615852	6745	1
10108016	754	Sound	12	29632550	270	1			260		other	0
10108016	755	Sound	20	29656748	461	1			260		other	0
10108016	755	Response	1	29661689	5402	1
10108016	756	Sound	14	29676147	354	1			260		other	0
10108016	756	Response	1	29687447	11654	1
10108016	757	Sound	12	29695546	414	1			260		other	0
10108016	758	Sound	21	29715945	307	1			260		other	0
10108016	758	Response	1	29718965	3327	2
10108016	759	Sound	20	29738543	399	1			260		other	0
10108016	759	Response	1	29741844	3699	1
10108016	760	Sound	21	29756142	326	1			260		other	0
10108016	760	Response	1	29760002	4186	1
10108016	761	Sound	11	29776541	385	1			260		other	0
10108016	762	Sound	14	29793540	379	1			260		other	0
10108016	763	Sound	12	29818338	337	1			260		other	0
10108016	764	Sound	15	29834537	365	1			260		other	0
10108016	764	Response	1	29840637	6465	1
10108016	765	Sound	11	29857136	456	1			260		other	0
10108016	766	Sound	11	29876734	383	1			260		other	0
10108016	767	Sound	12	29899533	341	1			260		other	0
10108016	768	Sound	18	29915532	336	1			260		other	0
10108016	768	Response	1	29920792	5596	1
10108016	769	Sound	15	29931331	297	1			260		other	0
10108016	770	Sound	13	29953530	322	1			260		other	0
10108016	771	Sound	18	29978328	280	1			260		other	0
10108016	771	Response	1	29983268	5220	1
10108016	772	Sound	11	30003527	471	1			260		other	0
10108016	773	Sound	19	30025325	430	1			260		other	0
10108016	773	Response	1	30030465	5570	1
10108016	774	Sound	16	30040524	291	1			260		other	0
10108016	775	Sound	14	30064723	316	1			260		other	0
10108016	776	Sound	21	30085321	408	1			260		other	0
10108016	776	Response	1	30090061	5148	1
10108016	777	Sound	15	30107520	434	1			260		other	0
10108016	778	Sound	18	30126719	294	1			260		other	0
10108016	778	Response	1	30130218	3793	1
10108016	779	Sound	18	30142518	421	1			260		other	0
10108016	779	Response	1	30147097	5001	1
10108016	780	Sound	16	30162716	281	1			260		other	0
10108016	780	Response	1	30166536	4101	1
10108016	781	Sound	17	30183715	440	1			260		other	0
10108016	781	Response	1	30187735	4460	1
10108016	782	Sound	12	30209713	431	1			260		other	0
10108016	783	Sound	16	30226312	358	1			260		other	0
10108016	783	Response	1	30230772	4818	1
10108016	784	Sound	16	30247111	317	1			260		other	0
10108016	784	Response	1	30251891	5097	1
10108016	785	Response	255	30286209	19829	1
10108016	786	Sound	104	30358304	478	1			260		other	0
10108016	786	Response	1	30363564	5737	1
10108016	787	Sound	102	30387102	268	1			260		other	0
10108016	788	Sound	105	30414701	358	1			260		other	0
10108016	788	Response	1	30419480	5137	1
10108016	789	Sound	111	30443099	414	1			260		other	0
10108016	789	Response	1	30446758	4074	1
10108016	790	Sound	110	30460298	441	1			260		other	0
10108016	790	Response	1	30463557	3701	1
10108016	791	Sound	109	30476697	336	1			260		other	0
10108016	791	Response	1	30479556	3195	1
10108016	792	Sound	109	30505495	459	1			260		other	0
10108016	792	Response	1	30508594	3558	1
10108016	793	Sound	106	30533893	348	1			260		other	0
10108016	793	Response	1	30537392	3848	1
10108016	794	Sound	109	30559091	373	1			260		other	0
10108016	794	Response	1	30562111	3392	1
10108016	795	Sound	103	30579890	332	1			260		other	0
10108016	795	Response	1	30583549	3991	1
10108016	796	Sound	108	30605688	456	1			260		other	0
10108016	796	Response	1	30607948	2716	1
10108016	797	Sound	107	30627287	382	1			260		other	0
10108016	797	Response	1	30630266	3361	1
10108016	798	Sound	110	30645686	275	1			260		other	0
10108016	798	Response	1	30648585	3174	1
10108016	799	Sound	103	30666885	301	1			260		other	0
10108016	799	Response	1	30671144	4560	1
10108016	800	Sound	111	30685884	461	1			260		other	0
10108016	800	Response	1	30688182	2760	1
10108016	801	Sound	103	30706882	287	1			260		other	0
10108016	801	Response	1	30710020	3424	3
10108016	802	Sound	102	30723081	314	1			260		other	0
10108016	803	Sound	108	30741280	341	1			260		other	0
10108016	803	Response	1	30744979	4040	1
10108016	804	Sound	105	30765678	399	1			260		other	0
10108016	804	Response	1	30767457	2178	1
10108016	805	Sound	106	30793677	389	1			260		other	0
10108016	805	Response	1	30796736	3448	1
10108016	806	Sound	105	30818075	280	1			260		other	0
10108016	806	Response	1	30821214	3419	1
10108016	807	Sound	101	30843473	338	1			260		other	0
10108016	808	Sound	110	30865272	464	1			260		other	0
10108016	808	Response	1	30868171	3363	1
10108016	809	Sound	108	30885271	457	1			260		other	0
10108016	809	Response	1	30889530	4716	1
10108016	810	Sound	104	30903470	317	1			260		other	0
10108016	810	Response	1	30907209	4055	1
10108016	811	Sound	104	30924468	309	1			260		other	0
10108016	811	Response	1	30929127	4968	1
10108016	812	Sound	109	30948067	401	1			260		other	0
10108016	812	Response	1	30951366	3700	1
10108016	813	Sound	102	30964266	428	1			260		other	0
10108016	814	Sound	102	30987464	453	1			260		other	0
10108016	814	Response	1	30990723	3712	1
10108016	815	Sound	101	31011463	278	1			260		other	0
10108016	816	Sound	106	31031062	371	1			260		other	0
10108016	816	Response	1	31034800	4110	1
10108016	817	Sound	104	31054060	363	1			260		other	0
10108016	817	Response	1	31060559	6861	1
10108016	818	Sound	111	31072459	423	1			260		other	0
10108016	818	Response	1	31075038	3002	1
10108016	819	Sound	106	31096058	348	1			260		other	0
10108016	819	Response	1	31099277	3567	1
10108016	820	Sound	103	31122256	372	1			260		other	0
10108016	820	Response	1	31126794	4910	2
10108016	821	Sound	101	31146254	363	1			260		other	0
10108016	822	Sound	110	31165653	423	1			260		other	0
10108016	822	Response	1	31168072	2842	1
10108016	823	Sound	106	31189252	348	1			260		other	0
10108016	823	Response	1	31192070	3167	1
10108016	824	Sound	101	31209251	341	1			260		other	0
10108016	824	Response	1	31217029	8119	1
10108016	825	Sound	102	31227249	335	1			260		other	0
10108016	826	Sound	108	31249248	327	1			260		other	0
10108016	826	Response	1	31252386	3465	1
10108016	827	Sound	111	31278046	450	1			260		other	0
10108016	827	Response	1	31281185	3588	1
10108016	828	Sound	103	31307044	440	1			260		other	0
10108016	828	Response	1	31314862	8258	1
10108016	829	Sound	107	31333643	363	1			260		other	0
10108016	829	Response	1	31337981	4702	1
10108016	830	Sound	111	31361241	453	1			260		other	0
10108016	830	Response	1	31364219	3432	1
10108016	830	Response	1	31388937	28150	1
10108016	831	Sound	107	31389439	310	1			260		other	0
10108016	832	Sound	104	31408038	403	1			260		other	0
10108016	832	Response	1	31412696	5062	1
10108016	833	Sound	105	31434436	294	1			260		other	0
10108016	833	Response	1	31438454	4312	1
10108016	834	Sound	105	31460435	285	1			260		other	0
10108016	834	Response	1	31465813	5663	1
10108016	835	Sound	110	31476434	279	1			260		other	0
10108016	835	Response	1	31481492	5337	1
10108016	836	Sound	107	31493033	373	1			260		other	0
10108016	836	Response	1	31496610	3951	1
10108016	837	Sound	107	31521031	363	1			260		other	0
10108016	837	Response	1	31524129	3461	1
10108016	838	Sound	109	31549629	453	1			260		other	0
10108016	838	Response	1	31552287	3111	1
10108016	839	Sound	101	31568828	313	1			260		other	0
10108016	840	Sound	108	31596826	303	1			260		other	0
10108016	840	Response	1	31600124	3600	2
10108016	841	Response	255	31627882	10439	1
10108016	842	Sound	19	31696820	267	1			260		other	0
10108016	843	Sound	14	31712019	295	1			260		other	0
10108016	844	Sound	20	31729418	355	1			260		other	0
10108016	845	Sound	18	31750016	281	1			260		other	0
10108016	846	Sound	18	31766415	342	1			260		other	0
10108016	847	Sound	20	31783414	336	1			260		other	0
10108016	847	Response	1	31786672	3594	1
10108016	848	Sound	16	31810813	393	1			260		other	0
10108016	848	Response	1	31815070	4651	1
10108016	849	Sound	11	31835011	418	1			260		other	0
10108016	850	Sound	17	31862409	308	1			260		other	0
10108016	850	Response	1	31866667	4566	1
10108016	851	Sound	15	31881608	335	1			260		other	0
10108016	851	Response	1	31887625	6352	1
10108016	852	Sound	16	31909006	391	1			260		other	0
10108016	852	Response	1	31913384	4769	1
10108016	853	Sound	17	31927805	351	1			260		other	0
10108016	853	Response	1	31931063	3609	1
10108016	854	Sound	11	31955603	308	1			260		other	0
10108016	855	Sound	13	31971402	269	1			260		other	0
10108016	856	Sound	17	31993801	328	1			260		other	0
10108016	856	Response	1	31997938	4465	1
10108016	857	Sound	11	32020799	318	1			260		other	0
10108016	858	Sound	11	32045798	309	1			260		other	0
10108016	859	Sound	15	32065197	369	1			260		other	0
10108016	859	Response	1	32070254	5426	1
10108016	860	Sound	21	32091595	426	1			260		other	0
10108016	860	Response	1	32094892	3724	1
10108016	861	Sound	18	32107594	421	1			260		other	0
10108016	861	Response	1	32111531	4358	1
10108016	862	Sound	12	32130192	346	1			260		other	0
10108016	863	Sound	14	32153791	438	1			260		other	0
10108016	864	Sound	13	32181789	428	1			260		other	0
10108016	865	Sound	13	32199988	454	1			260		other	0
10108016	866	Sound	13	32226186	312	1			260		other	0
10108016	867	Sound	20	32248185	470	1			260		other	0
10108016	867	Response	1	32253522	5807	1
10108016	868	Sound	18	32272183	295	1			260		other	0
10108016	868	Response	1	32276240	4352	1
10108016	869	Sound	17	32296182	287	1			260		other	0
10108016	869	Response	1	32300239	4344	1
10108016	870	Sound	14	32319580	345	1			260		other	0
10108016	871	Sound	12	32346579	335	1			260		other	0
10108016	872	Sound	21	32372577	326	1			260		other	0
10108016	872	Response	1	32377754	5503	1
10108016	873	Sound	12	32390176	420	1			260		other	0
10108016	874	Sound	16	32412375	279	1			260		other	0
10108016	874	Response	1	32422551	10455	1
10108016	875	Sound	12	32433773	338	1			260		other	0
10108016	876	Sound	14	32455572	463	1			260		other	0
10108016	876	Response	1	32467988	12880	1
10108016	877	Sound	21	32473971	357	1			260		other	0
10108016	877	Response	1	32477428	3814	1
10108016	878	Sound	19	32497369	415	1			260		other	0
10108016	878	Response	1	32501426	4472	1
10108016	879	Sound	16	32516768	308	1			260		other	0
10108016	880	Sound	19	32534167	369	1			260		other	0
10108016	880	Response	1	32539024	5225	1
10108016	881	Sound	13	32559165	360	1			260		other	0
10108016	882	Sound	15	32582764	451	1			260		other	0
10108016	882	Response	1	32588781	6468	1
10108016	883	Sound	18	32608362	376	1			260		other	0
10108016	883	Response	1	32611979	3992	1
10108016	884	Sound	20	32635561	399	1			260		other	0
10108016	884	Response	1	32639257	4096	1
10108016	885	Sound	11	32654159	326	1			260		other	0
10108016	886	Sound	20	32670958	453	1			260		other	0
10108016	886	Response	1	32674455	3950	1
10108016	887	Sound	15	32686757	414	1			260		other	0
10108016	887	Response	1	32697174	10831	1
10108016	888	Sound	19	32704956	441	1			260		other	0
10108016	888	Response	1	32710213	5697	1
10108016	889	Sound	12	32722955	435	1			260		other	0
10108016	890	Sound	14	32742154	294	1			260		other	0
10108016	890	Response	1	32746930	5071	1
10108016	891	Sound	21	32761153	454	1			260		other	0
10108016	891	Response	1	32766129	5430	1
10108016	892	Sound	17	32778152	448	1			260		other	0
10108016	892	Response	1	32782528	4825	1
10108016	893	Sound	16	32801750	373	1			260		other	0
10108016	893	Response	1	32805726	4349	1
10108016	894	Sound	19	32824149	265	1			260		other	0
10108016	894	Response	1	32830845	6961	1
10108016	895	Sound	15	32850947	389	1			260		other	0
10108016	895	Response	1	32854843	4285	1
10108016	896	Sound	21	32869546	316	1			260		other	0
10108016	896	Response	1	32873402	4172	1
10108016	897	Response	255	34149800	1258150	1
10108016	898	Sound	105	34225060	433	1			260		other	0
10108016	898	Response	1	34229075	4447	1
10108016	899	Sound	101	34241259	293	1			260		other	0
10108016	900	Sound	103	34269058	417	1			260		other	0
10108016	901	Sound	111	34291256	442	1			260		other	0
10108016	901	Response	1	34294191	3377	1
10108016	902	Sound	104	34316455	467	1			260		other	0
10108016	902	Response	1	34321229	5241	1
10108016	903	Sound	105	34335454	460	1			260		other	0
10108016	903	Response	1	34339627	4634	2
10108016	904	Sound	111	34354452	453	1			260		other	0
10108016	904	Response	1	34357067	3067	1
10108016	905	Sound	102	34372451	447	1			260		other	0
10108016	906	Sound	109	34393450	272	1			260		other	0
10108016	906	Response	1	34396584	3407	1
10108016	907	Sound	102	34416248	398	1			260		other	0
10108016	907	Response	1	34419942	4091	3
10108016	908	Sound	104	34439647	289	1			260		other	0
10108016	908	Response	1	34443781	4424	1
10108016	909	Sound	106	34460446	415	1			260		other	0
10108016	909	Response	1	34463460	3430	1
10108016	910	Sound	103	34483444	407	1			260		other	0
10108016	911	Sound	110	34506443	399	1			260		other	0
10108016	911	Response	1	34511297	5253	1
10108016	912	Sound	101	34525641	426	1			260		other	0
10108016	913	Sound	108	34542240	353	1			260		other	0
10108016	913	Response	1	34546015	4127	1
10108016	914	Sound	101	34558639	414	1			260		other	0
10108016	915	Sound	107	34582238	338	1			260		other	0
10108016	915	Response	1	34585132	3233	1
10108016	916	Sound	110	34601037	298	1			260		other	0
10108016	916	Response	1	34604971	4233	1
10108016	917	Sound	107	34626235	323	1			260		other	0
10108016	917	Response	1	34629689	3777	1
10108016	918	Sound	109	34648434	349	1			260		other	0
10108016	918	Response	1	34653688	5603	1
10108016	919	Sound	102	34670832	407	1			260		other	0
10108016	920	Sound	106	34689031	267	1			260		other	0
10108016	920	Response	1	34693045	4281	1
10108016	921	Sound	110	34709830	393	1			260		other	0
10108016	921	Response	1	34713524	4087	1
10108016	922	Sound	107	34732628	352	1			260		other	0
10108016	922	Response	1	34736722	4446	1
10108016	923	Sound	109	34752227	278	1			260		other	0
10108016	923	Response	1	34755040	3091	2
10108016	924	Sound	107	34768226	439	1			260		other	0
10108016	924	Response	1	34771200	3413	1
10108016	925	Sound	108	34786025	399	1			260		other	0
10108016	925	Response	1	34788959	3333	1
10108016	926	Sound	105	34806624	326	1			260		other	0
10108016	926	Response	1	34810078	3780	1
10108016	927	Sound	103	34826622	318	1			260		other	0
10108016	927	Response	1	34831516	5212	1
10108016	928	Sound	109	34843821	345	1			260		other	0
10108016	928	Response	1	34847275	3799	1
10108016	929	Sound	106	34864620	304	1			260		other	0
10108016	929	Response	1	34868234	3918	1
10108016	930	Sound	111	34893418	427	1			260		other	0
10108016	930	Response	1	34899432	6441	1
10108016	931	Sound	105	34921217	384	1			260		other	0
10108016	931	Response	1	34925190	4358	1
10108016	932	Sound	111	34941615	277	1			260		other	0
10108016	932	Response	1	34945509	4171	1
10108016	933	Sound	105	34965614	435	1			260		other	0
10108016	933	Response	1	34970467	5289	1
10108016	934	Sound	101	34988212	360	1			260		other	0
10108016	935	Sound	108	35004411	389	1			260		other	0
10108016	935	Response	1	35008225	4203	1
10108016	936	Sound	104	35026810	447	1			260		other	0
10108016	936	Response	1	35028544	2180	1
10108016	937	Sound	106	35043409	374	1			260		other	0
10108016	937	Response	1	35047342	4308	1
10108016	938	Sound	103	35060808	435	1			260		other	0
10108016	938	Response	1	35066141	5768	1
10108016	939	Sound	108	35088806	425	1			260		other	0
10108016	939	Response	1	35091500	3118	1
10108016	940	Sound	104	35114204	315	1			260		other	0
10108016	940	Response	1	35117658	3769	1
10108016	941	Sound	110	35131603	376	1			260		other	0
10108016	941	Response	1	35134937	3709	1
10108016	942	Sound	107	35150002	269	1			260		other	0
10108016	942	Response	1	35153256	3523	1
10108016	943	Sound	101	35167001	430	1			260		other	0
10108016	944	Sound	106	35184000	424	1			260		other	0
10108016	944	Response	1	35188213	4637	1
10108016	945	Sound	102	35211198	448	1			260		other	0
10108016	946	Sound	108	35233197	440	1			260		other	0
10108016	946	Response	1	35235810	3053	1
10108016	947	Sound	111	35250396	467	1			260		other	0
10108016	947	Response	1	35253089	3160	1
10108016	948	Sound	102	35277594	324	1			260		other	0
10108016	949	Sound	104	35296193	417	1			260		other	0
10108016	949	Response	1	35302286	6510	1
10108016	950	Sound	103	35315192	410	1			260		other	0
10108016	951	Sound	110	35343590	467	1			260		other	0
10108016	952	Sound	109	35362189	394	1			260		other	0
10108016	952	Response	1	35367322	5527	1
10108016	953	Response	255	35400120	14238	1
10108016	954	Sound	109	35461783	292	1			260		other	0
10108016	954	Response	1	35466515	5024	1
10108016	955	Sound	101	35486781	449	1			260		other	0
10108016	956	Sound	107	35508779	275	1			260		other	0
10108016	956	Response	1	35512593	4088	1
10108016	957	Sound	109	35527778	435	1			260		other	0
10108016	957	Response	1	35531151	3808	1
10108016	958	Sound	110	35547377	361	1			260		other	0
10108016	958	Response	1	35551710	4694	1
10108016	959	Sound	109	35563576	389	1			260		other	0
10108016	959	Response	1	35566989	3801	1
10108016	960	Sound	103	35583575	381	1			260		other	0
10108016	960	Response	1	35588427	5234	1
10108016	961	Sound	106	35605973	273	1			260		other	0
10108016	961	Response	1	35609626	3926	1
10108016	962	Sound	101	35629972	432	1			260		other	0
10108016	963	Sound	109	35655370	322	1			260		other	0
10108016	963	Response	1	35658503	3455	1
10108016	964	Sound	101	35678969	414	1			260		other	0
10108016	965	Sound	101	35697168	274	1			260		other	0
10108016	965	Response	1	35711380	14486	1
10108016	966	Sound	104	35724166	431	1			260		other	0
10108016	966	Response	1	35728019	4284	1
10108016	967	Sound	105	35745365	290	1			260		other	0
10108016	967	Response	1	35749217	4143	1
10108016	968	Sound	108	35767563	316	1			260		other	0
10108016	968	Response	1	35770576	3329	1
10108016	968	Response	255	35781455	14208	1
10108016	969	Sound	110	35793562	307	1			260		other	0
10108016	969	Response	1	35796574	3319	1
10108016	970	Sound	105	35814760	332	1			260		other	0
10108016	970	Response	1	35819533	5105	1
10108016	971	Sound	104	35831959	360	1			260		other	0
10108016	971	Response	1	35835212	3612	1
10108016	972	Sound	102	35859557	283	1			260		other	0
10108016	972	Response	1	35863610	4335	1
10108016	973	Sound	104	35880756	309	1			260		other	0
10108016	973	Response	1	35884169	3721	1
10108016	974	Sound	108	35904755	300	1			260		other	0
10108016	974	Response	1	35908407	3953	1
10108016	975	Sound	102	35926553	426	1			260		other	0
10108016	976	Sound	107	35946752	452	1			260		other	0
10108016	976	Response	1	35949684	3384	1
10108016	977	Sound	101	35975150	342	1			260		other	0
10108016	978	Sound	103	36001548	399	1			260		other	0
10108016	978	Response	1	36006321	5171	1
10108016	979	Sound	106	36020347	359	1			260		other	0
10108016	979	Response	1	36022480	2491	1
10108016	980	Sound	107	36036946	287	1			260		other	0
10108016	980	Response	1	36041038	4379	1
10108016	981	Sound	108	36065144	310	1			260		other	0
10108016	981	Response	1	36068797	3962	1
10108016	982	Sound	107	36091143	467	1			260		other	0
10108016	982	Response	1	36094715	4039	1
10108016	983	Sound	105	36108742	394	1			260		other	0
10108016	983	Response	1	36112874	4526	1
10108016	984	Sound	102	36125541	355	1			260		other	0
10108016	985	Sound	104	36152939	412	1			260		other	0
10108016	985	Response	1	36162231	9704	1
10108016	986	Sound	103	36170938	405	1			260		other	0
10108016	987	Sound	111	36198136	429	1			260		other	0
10108016	987	Response	1	36200468	2761	1
10108016	988	Sound	106	36217335	289	1			260		other	0
10108016	988	Response	1	36220387	3341	1
10108016	989	Sound	103	36245933	379	1			260		other	0
10108016	990	Sound	103	36271931	370	1			260		other	0
10108016	991	Sound	110	36294530	295	1			260		other	0
10108016	991	Response	1	36297502	3267	1
10108016	992	Sound	110	36313929	354	1			260		other	0
10108016	992	Response	1	36318461	4886	1
10108016	993	Sound	106	36342127	378	1			260		other	0
10108016	993	Response	1	36345499	3750	2
10108016	994	Sound	111	36368525	435	1			260		other	0
10108016	994	Response	1	36371097	3007	1
10108016	995	Sound	107	36387924	328	1			260		other	0
10108016	995	Response	1	36391576	3980	1
10108016	996	Sound	108	36411123	353	1			260		other	0
10108016	996	Response	1	36414294	3525	1
10108016	997	Sound	104	36427522	414	1			260		other	0
10108016	998	Sound	105	36451120	339	1			260		other	0
10108016	998	Response	1	36454932	4151	1
10108016	999	Sound	108	36472919	298	1			260		other	0
10108016	999	Response	1	36478370	5749	1
10108016	1000	Sound	111	36496517	389	1			260		other	0
10108016	1000	Response	1	36499969	3841	1
10108016	1001	Sound	110	36513716	416	1			260		other	0
10108016	1001	Response	1	36522688	9388	1
10108016	1002	Sound	111	36535915	442	1			260		other	0
10108016	1002	Response	1	36539086	3613	1
10108016	1003	Sound	102	36564113	298	1			260		other	0
10108016	1004	Sound	111	36584512	358	1			260		other	0
10108016	1004	Response	1	36590203	6049	1
10108016	1005	Sound	109	36600311	319	1			260		other	0
10108016	1005	Response	1	36604122	4130	1
10108016	1006	Sound	106	36620109	278	1			260		other	0
10108016	1007	Sound	102	36636108	439	1			260		other	0
10108016	1008	Sound	105	36664107	429	1			260		other	0
10108016	1008	Response	1	36667718	4041	1
