Scenario - 
Logfile written - 10/13/2018 14:58:11

Subject	Trial	Event Type	Code	Time	TTime	Uncertainty	Duration	Uncertainty	ReqTime	ReqDur	Stim Type	Pair Index

10108004_2	1	Response	255	23126	22959	1
10108004_2	2	Sound	19	94378	260	1			260		other	0
10108004_2	2	Response	1	97844	3725	1
10108004_2	3	Sound	15	118887	260	1			260		other	0
10108004_2	4	Sound	13	144895	260	1			260		other	0
10108004_2	5	Sound	15	161901	260	1			260		other	0
10108004_2	5	Response	1	166003	4361	1
10108004_2	6	Sound	17	180741	260	1			260		other	0
10108004_2	6	Response	1	184723	4241	1
10108004_2	7	Sound	21	206916	260	1			260		other	0
10108004_2	7	Response	1	209442	2785	1
10108004_2	8	Sound	12	227424	260	1			260		other	0
10108004_2	9	Sound	18	243596	260	1			260		other	0
10108004_2	9	Response	1	247041	3706	1
10108004_2	10	Sound	18	262269	260	1			260		other	0
10108004_2	10	Response	1	265600	3591	2
10108004_2	11	Sound	19	284276	260	1			260		other	0
10108004_2	11	Response	1	287201	3184	1
10108004_2	12	Sound	11	299615	260	1			260		other	0
10108004_2	13	Sound	14	327291	260	1			260		other	0
10108004_2	13	Response	1	332240	5209	1
10108004_2	14	Sound	21	345297	260	1			260		other	0
10108004_2	14	Response	1	348560	3522	1
10108004_2	15	Sound	11	364303	260	1			260		other	0
10108004_2	16	Sound	17	389145	260	1			260		other	0
10108004_2	16	Response	1	392319	3433	1
10108004_2	17	Sound	21	404984	260	1			260		other	0
10108004_2	17	Response	1	409519	4794	1
10108004_2	18	Sound	13	425658	260	1			260		other	0
10108004_2	19	Sound	14	446008	270	1			260		other	0
10108004_2	20	Sound	17	464171	260	1			260		other	0
10108004_2	20	Response	1	468077	4167	1
10108004_2	21	Sound	20	484178	260	1			260		other	0
10108004_2	21	Response	1	487277	3359	1
10108004_2	22	Sound	19	507519	260	1			260		other	0
10108004_2	22	Response	1	510237	2978	1
10108004_2	23	Sound	16	523524	260	1			260		other	0
10108004_2	23	Response	1	527036	3772	1
10108004_2	24	Sound	20	538863	260	1			260		other	0
10108004_2	24	Response	1	541916	3313	1
10108004_2	25	Sound	16	565707	261	1			260		other	0
10108004_2	25	Response	1	568556	3110	1
10108004_2	26	Sound	20	586379	260	1			260		other	0
10108004_2	26	Response	1	589116	2996	1
10108004_2	27	Sound	12	606386	260	1			260		other	0
10108004_2	28	Sound	14	629227	260	1			260		other	0
10108004_2	29	Sound	18	645232	260	1			260		other	0
10108004_2	29	Response	1	648315	3342	1
10108004_2	30	Sound	16	661738	260	1			260		other	0
10108004_2	30	Response	1	664874	3396	1
10108004_2	31	Sound	12	689414	260	1			260		other	0
10108004_2	32	Sound	19	715590	260	1			260		other	0
10108004_2	32	Response	1	718873	3543	1
10108004_2	33	Sound	11	735263	260	1			260		other	0
10108004_2	34	Sound	16	754104	261	1			260		other	0
10108004_2	34	Response	1	758152	4309	1
10108004_2	35	Sound	13	772442	260	1			260		other	0
10108004_2	36	Sound	18	789115	260	1			260		other	0
10108004_2	36	Response	1	791592	2737	1
10108004_2	37	Sound	12	815457	260	1			260		other	0
10108004_2	38	Sound	13	834130	260	1			260		other	0
10108004_2	39	Sound	11	854637	260	1			260		other	0
10108004_2	40	Sound	12	869809	260	1			260		other	0
10108004_2	41	Sound	14	890816	260	1			260		other	0
10108004_2	42	Sound	17	908822	260	1			260		other	0
10108004_2	42	Response	1	913270	4708	1
10108004_2	43	Sound	16	936665	260	1			260		other	0
10108004_2	43	Response	1	940389	3984	1
10108004_2	44	Sound	19	958506	260	1			260		other	0
10108004_2	44	Response	1	962229	3983	1
10108004_2	45	Sound	20	986200	278	1			260		other	0
10108004_2	45	Response	1	990389	4467	1
10108004_2	46	Sound	15	1010700	269	1			260		other	0
10108004_2	47	Sound	17	1038200	260	1			260		other	0
10108004_2	47	Response	1	1041748	3808	1
10108004_2	48	Sound	15	1057039	260	1			260		other	0
10108004_2	48	Response	1	1062707	5928	1
10108004_2	49	Sound	13	1082214	260	1			260		other	0
10108004_2	50	Sound	20	1101554	260	1			260		other	0
10108004_2	50	Response	1	1106386	5092	1
10108004_2	51	Sound	14	1128230	260	1			260		other	0
10108004_2	52	Sound	21	1150071	260	1			260		other	0
10108004_2	52	Response	1	1153826	4014	1
10108004_2	53	Sound	15	1168410	260	1			260		other	0
10108004_2	54	Sound	11	1195420	260	1			260		other	0
10108004_2	55	Sound	21	1211425	260	1			260		other	0
10108004_2	55	Response	1	1216305	5139	1
10108004_2	56	Sound	18	1236934	260	1			260		other	0
10108004_2	56	Response	1	1241584	4910	1
10108004_2	57	Response	255	1275024	15762	1
10108004_2	58	Sound	101	1337135	260	1			260		other	0
10108004_2	59	Sound	107	1354307	260	1			260		other	0
10108004_2	59	Response	1	1358942	4895	1
10108004_2	60	Sound	110	1375981	260	1			260		other	0
10108004_2	60	Response	1	1381022	5300	1
10108004_2	61	Sound	105	1396493	265	1			260		other	0
10108004_2	62	Sound	106	1419496	260	1			260		other	0
10108004_2	62	Response	1	1423821	4585	1
10108004_2	63	Sound	111	1442837	260	1			260		other	0
10108004_2	63	Response	1	1446061	3483	1
10108004_2	64	Sound	107	1460510	260	1			260		other	0
10108004_2	64	Response	1	1464460	4210	1
10108004_2	65	Sound	107	1477016	260	1			260		other	0
10108004_2	65	Response	1	1482140	5384	1
10108004_2	66	Sound	109	1500357	260	1			260		other	0
10108004_2	66	Response	1	1504619	4522	1
10108004_2	67	Sound	101	1526532	260	1			260		other	0
10108004_2	68	Sound	103	1552708	260	1			260		other	0
10108004_2	69	Sound	110	1576550	260	1			260		other	0
10108004_2	69	Response	1	1579578	3288	1
10108004_2	70	Sound	105	1599724	260	1			260		other	0
10108004_2	70	Response	1	1604458	4993	1
10108004_2	71	Sound	102	1625900	260	1			260		other	0
10108004_2	72	Sound	104	1646740	260	1			260		other	0
10108004_2	73	Sound	108	1673416	260	1			260		other	0
10108004_2	73	Response	1	1676777	3620	1
10108004_2	74	Sound	110	1698758	260	1			260		other	0
10108004_2	74	Response	1	1701656	3158	1
10108004_2	75	Sound	109	1716264	260	1			260		other	0
10108004_2	75	Response	1	1719176	3172	1
10108004_2	76	Sound	101	1734937	260	1			260		other	0
10108004_2	77	Sound	105	1759288	269	1			260		other	0
10108004_2	77	Response	1	1763015	3996	1
10108004_2	78	Sound	102	1776951	260	1			260		other	0
10108004_2	79	Sound	104	1797791	260	1			260		other	0
10108004_2	80	Sound	110	1814964	260	1			260		other	0
10108004_2	80	Response	1	1817894	3190	1
10108004_2	81	Sound	103	1839139	260	1			260		other	0
10108004_2	82	Sound	110	1858479	260	1			260		other	0
10108004_2	82	Response	1	1861813	3594	1
10108004_2	83	Sound	108	1877652	260	1			260		other	0
10108004_2	83	Response	1	1881493	4101	1
10108004_2	84	Sound	108	1895158	260	1			260		other	0
10108004_2	84	Response	1	1899333	4434	1
10108004_2	85	Sound	105	1911497	260	1			260		other	0
10108004_2	85	Response	1	1918372	7135	1
10108004_2	86	Sound	111	1935337	259	1			260		other	0
10108004_2	86	Response	1	1940692	5613	1
10108004_2	87	Sound	101	1959012	259	1			260		other	0
10108004_2	88	Sound	101	1975019	260	1			260		other	0
10108004_2	89	Sound	104	1993359	260	1			260		other	0
10108004_2	89	Response	1	1999011	5912	1
10108004_2	90	Sound	102	2017200	260	1			260		other	0
10108004_2	91	Sound	103	2044375	259	1			260		other	0
10108004_2	92	Sound	107	2063216	260	1			260		other	0
10108004_2	92	Response	1	2069730	6774	1
10108004_2	93	Sound	111	2090058	260	1			260		other	0
10108004_2	93	Response	1	2093329	3531	1
10108004_2	94	Sound	103	2116567	259	1			260		other	0
10108004_2	95	Sound	106	2144910	260	1			260		other	0
10108004_2	95	Response	1	2149488	4838	1
10108004_2	96	Sound	104	2163087	264	1			260		other	0
10108004_2	97	Sound	103	2189759	260	1			260		other	0
10108004_2	98	Sound	105	2209598	259	1			260		other	0
10108004_2	99	Sound	106	2235775	260	1			260		other	0
10108004_2	99	Response	1	2240127	4612	1
10108004_2	100	Sound	104	2263950	260	1			260		other	0
10108004_2	101	Sound	107	2283791	260	1			260		other	0
10108004_2	101	Response	1	2287966	4435	1
10108004_2	102	Sound	102	2307133	261	1			260		other	0
10108004_2	103	Sound	111	2334807	259	1			260		other	0
10108004_2	103	Response	1	2337805	3257	1
10108004_2	104	Sound	106	2359149	260	1			260		other	0
10108004_2	105	Sound	109	2384159	260	1			260		other	0
10108004_2	105	Response	1	2388684	4786	1
10108004_2	106	Sound	109	2412001	259	1			260		other	0
10108004_2	106	Response	1	2416444	4702	1
10108004_2	107	Sound	106	2440342	258	1			260		other	0
10108004_2	108	Sound	108	2456348	258	1			260		other	0
10108004_2	108	Response	1	2460363	4273	1
10108004_2	109	Sound	102	2473522	260	1			260		other	0
10108004_2	110	Sound	111	2490528	261	1			260		other	0
10108004_2	110	Response	1	2493562	3294	1
10108004_2	111	Sound	109	2517204	260	1			260		other	0
10108004_2	111	Response	1	2520842	3898	1
10108004_2	112	Sound	108	2536710	259	1			260		other	0
10108004_2	112	Response	1	2540281	3831	1
10108004_2	113	Response	255	2573721	12682	1
10108004_2	114	Sound	12	2646580	260	1			260		other	0
10108004_2	115	Sound	19	2663920	259	1			260		other	0
10108004_2	115	Response	1	2668119	4459	1
10108004_2	116	Sound	15	2682280	280	1			260		other	0
10108004_2	116	Response	1	2687319	5319	1
10108004_2	117	Sound	18	2706279	270	1			260		other	0
10108004_2	117	Response	1	2709799	3790	1
10108004_2	118	Sound	14	2722778	264	1			260		other	0
10108004_2	119	Sound	20	2745448	260	1			260		other	0
10108004_2	119	Response	1	2748278	3090	1
10108004_2	120	Sound	21	2763477	283	1			260		other	0
10108004_2	120	Response	1	2766358	3163	1
10108004_2	121	Sound	17	2784128	260	1			260		other	0
10108004_2	121	Response	1	2789957	6089	1
10108004_2	122	Sound	13	2809637	260	1			260		other	0
10108004_2	123	Sound	11	2826810	260	1			260		other	0
10108004_2	124	Sound	17	2850818	261	1			260		other	0
10108004_2	124	Response	1	2855076	4519	1
10108004_2	125	Sound	14	2872325	260	1			260		other	0
10108004_2	125	Response	1	2877396	5331	1
10108004_2	126	Sound	15	2898833	259	1			260		other	0
10108004_2	126	Response	1	2905075	6501	1
10108004_2	127	Sound	21	2918673	260	1			260		other	0
10108004_2	127	Response	1	2923715	5301	1
10108004_2	128	Sound	13	2936181	261	1			260		other	0
10108004_2	129	Sound	20	2952019	261	1			260		other	0
10108004_2	129	Response	1	2955154	3396	1
10108004_2	130	Sound	20	2978694	260	1			260		other	0
10108004_2	130	Response	1	2981794	3359	1
10108004_2	131	Sound	21	2998374	267	1			260		other	0
10108004_2	131	Response	1	3001873	3766	1
10108004_2	132	Sound	17	3017041	260	1			260		other	0
10108004_2	132	Response	1	3022433	5652	1
10108004_2	133	Sound	11	3033214	261	1			260		other	0
10108004_2	133	Response	1	3043793	10840	1
10108004_2	134	Sound	11	3053720	260	1			260		other	0
10108004_2	135	Sound	19	3070226	260	1			260		other	0
10108004_2	135	Response	1	3073792	3827	1
10108004_2	136	Sound	11	3097071	263	1			260		other	0
10108004_2	137	Sound	12	3114074	261	1			260		other	0
10108004_2	138	Sound	16	3134747	260	1			260		other	0
10108004_2	139	Sound	17	3149920	260	1			260		other	0
10108004_2	139	Response	1	3153231	3571	1
10108004_2	140	Sound	20	3167425	259	1			260		other	0
10108004_2	140	Response	1	3173390	6225	1
10108004_2	141	Sound	18	3188433	261	1			260		other	0
10108004_2	141	Response	1	3192190	4018	1
10108004_2	142	Sound	16	3211939	259	1			260		other	0
10108004_2	142	Response	1	3217310	5629	1
10108004_2	143	Sound	16	3229612	259	1			260		other	0
10108004_2	144	Sound	19	3253622	260	1			260		other	0
10108004_2	144	Response	1	3257709	4348	1
10108004_2	145	Sound	11	3272468	267	1			260		other	0
10108004_2	146	Sound	21	3296469	260	1			260		other	0
10108004_2	146	Response	1	3299388	3179	1
10108004_2	147	Sound	15	3324645	260	1			260		other	0
10108004_2	148	Sound	20	3346987	261	1			260		other	0
10108004_2	148	Response	1	3350347	3621	1
10108004_2	149	Sound	16	3373329	261	1			260		other	0
10108004_2	149	Response	1	3377147	4078	1
10108004_2	150	Sound	12	3396003	260	1			260		other	0
10108004_2	151	Sound	13	3423011	259	1			260		other	0
10108004_2	152	Sound	15	3445865	272	1			260		other	0
10108004_2	153	Sound	18	3464692	259	1			260		other	0
10108004_2	153	Response	1	3469145	4712	1
10108004_2	154	Sound	13	3480531	259	1			260		other	0
10108004_2	155	Sound	18	3504874	261	1			260		other	0
10108004_2	155	Response	1	3510184	5571	1
10108004_2	156	Sound	19	3528381	259	1			260		other	0
10108004_2	156	Response	1	3535304	7183	1
10108004_2	157	Sound	14	3548889	260	1			260		other	0
10108004_2	158	Sound	14	3577065	260	1			260		other	0
10108004_2	159	Sound	19	3592403	259	1			260		other	0
10108004_2	159	Response	1	3596263	4120	1
10108004_2	160	Sound	16	3614576	258	1			260		other	0
10108004_2	160	Response	1	3619623	5305	1
10108004_2	161	Sound	15	3631916	259	1			260		other	0
10108004_2	161	Response	1	3635863	4206	1
10108004_2	162	Sound	13	3654763	265	1			260		other	0
10108004_2	163	Sound	17	3673098	260	1			260		other	0
10108004_2	163	Response	1	3677142	4304	1
10108004_2	164	Sound	18	3696774	261	1			260		other	0
10108004_2	164	Response	1	3700901	4389	1
10108004_2	165	Sound	21	3716280	260	1			260		other	0
10108004_2	165	Response	1	3721461	5442	1
10108004_2	166	Sound	12	3733784	259	1			260		other	0
10108004_2	167	Sound	12	3761294	260	1			260		other	0
10108004_2	167	Response	1	3769700	8666	1
10108004_2	168	Sound	14	3785304	261	1			260		other	0
10108004_2	169	Response	255	3835699	31903	1
10108004_2	170	Sound	104	3904358	275	1			260		other	0
10108004_2	171	Sound	105	3923683	260	1			260		other	0
10108004_2	171	Response	1	3928097	4674	1
10108004_2	172	Sound	111	3946856	258	1			260		other	0
10108004_2	172	Response	1	3949777	3179	1
10108004_2	173	Sound	111	3975533	259	1			260		other	0
10108004_2	173	Response	1	3978336	3062	1
10108004_2	174	Sound	105	3993373	259	1			260		other	0
10108004_2	175	Sound	105	4018381	259	1			260		other	0
10108004_2	176	Sound	110	4042223	259	1			260		other	0
10108004_2	176	Response	1	4045455	3492	1
10108004_2	177	Sound	106	4070733	259	1			260		other	0
10108004_2	177	Response	1	4074655	4182	1
10108004_2	178	Sound	107	4086906	261	1			260		other	0
10108004_2	178	Response	1	4097374	10729	1
10108004_2	179	Sound	104	4108257	270	1			260		other	0
10108004_2	180	Sound	109	4128255	263	1			260		other	0
10108004_2	180	Response	1	4131694	3701	1
10108004_2	181	Sound	106	4152926	258	1			260		other	0
10108004_2	181	Response	1	4156413	3745	1
10108004_2	182	Sound	103	4181438	260	1			260		other	0
10108004_2	183	Sound	107	4198277	260	1			260		other	0
10108004_2	183	Response	1	4202013	3996	1
10108004_2	184	Sound	103	4220617	260	1			260		other	0
10108004_2	185	Sound	102	4244625	259	1			260		other	0
10108004_2	186	Sound	109	4262299	261	1			260		other	0
10108004_2	186	Response	1	4266091	4053	1
10108004_2	187	Sound	109	4278804	260	1			260		other	0
10108004_2	187	Response	1	4283531	4987	1
10108004_2	188	Sound	102	4298655	271	1			260		other	0
10108004_2	189	Sound	102	4323319	260	1			260		other	0
10108004_2	190	Sound	111	4347327	259	1			260		other	0
10108004_2	190	Response	1	4350410	3342	1
10108004_2	191	Sound	106	4364499	259	1			260		other	0
10108004_2	191	Response	1	4368330	4090	1
10108004_2	192	Sound	102	4388674	259	1			260		other	0
10108004_2	193	Sound	111	4417351	259	1			260		other	0
10108004_2	193	Response	1	4419849	2757	1
10108004_2	194	Sound	110	4436860	261	1			260		other	0
10108004_2	194	Response	1	4440568	3970	1
10108004_2	195	Sound	104	4457530	258	1			260		other	0
10108004_2	196	Sound	106	4485549	267	1			260		other	0
10108004_2	197	Sound	108	4502548	261	1			260		other	0
10108004_2	197	Response	1	4506327	4040	1
10108004_2	198	Sound	104	4527388	259	1			260		other	0
10108004_2	198	Response	1	4532567	5438	1
10108004_2	199	Sound	111	4547061	259	1			260		other	0
10108004_2	199	Response	1	4550726	3924	1
10108004_2	200	Sound	101	4565567	258	1			260		other	0
10108004_2	201	Sound	107	4583575	261	1			260		other	0
10108004_2	201	Response	1	4587206	3891	1
10108004_2	202	Sound	105	4609417	260	1			260		other	0
10108004_2	202	Response	1	4613605	4448	1
10108004_2	203	Sound	102	4632758	260	1			260		other	0
10108004_2	204	Sound	103	4649932	261	1			260		other	0
10108004_2	205	Sound	107	4667948	271	1			260		other	0
10108004_2	205	Response	1	4671524	3848	1
10108004_2	206	Sound	101	4696612	259	1			260		other	0
10108004_2	207	Sound	110	4725121	258	1			260		other	0
10108004_2	207	Response	1	4728723	3860	1
10108004_2	208	Sound	108	4744297	260	1			260		other	0
10108004_2	208	Response	1	4748643	4607	1
10108004_2	209	Sound	108	4764647	271	1			260		other	0
10108004_2	209	Response	1	4768083	3706	1
10108004_2	210	Sound	109	4787809	258	1			260		other	0
10108004_2	210	Response	1	4790962	3411	1
10108004_2	211	Sound	103	4811985	259	1			260		other	0
10108004_2	212	Sound	109	4834328	261	1			260		other	0
10108004_2	212	Response	1	4837521	3454	1
10108004_2	213	Sound	110	4863002	259	1			260		other	0
10108004_2	213	Response	1	4866161	3418	1
10108004_2	214	Sound	110	4886011	260	1			260		other	0
10108004_2	214	Response	1	4890401	4649	1
10108004_2	215	Sound	108	4914688	260	1			260		other	0
10108004_2	215	Response	1	4918320	3892	1
10108004_2	216	Sound	107	4935543	274	1			260		other	0
10108004_2	216	Response	1	4938640	3372	1
10108004_2	217	Sound	101	4963543	265	1			260		other	0
10108004_2	218	Sound	101	4986045	259	1			260		other	0
10108004_2	219	Sound	108	5003049	258	1			260		other	0
10108004_2	219	Response	1	5006638	3847	2
10108004_2	220	Sound	105	5021723	259	1			260		other	0
10108004_2	220	Response	1	5026238	4774	1
10108004_2	221	Sound	106	5045897	258	1			260		other	0
10108004_2	221	Response	1	5050478	4839	1
10108004_2	222	Sound	101	5063571	259	1			260		other	0
10108004_2	223	Sound	104	5092414	259	1			260		other	0
10108004_2	223	Response	1	5097437	5282	1
10108004_2	224	Sound	103	5110253	259	1			260		other	0
10108004_2	225	Response	255	5277914	141664	1
10108004_2	226	Sound	19	5345669	261	1			260		other	0
10108004_2	227	Sound	16	5367009	260	1			260		other	0
10108004_2	227	Response	1	5371832	5084	1
10108004_2	228	Sound	14	5382848	260	1			260		other	0
10108004_2	229	Sound	13	5402688	260	1			260		other	0
10108004_2	230	Sound	20	5424195	260	1			260		other	0
10108004_2	230	Response	1	5427591	3656	1
10108004_2	231	Sound	15	5442701	261	1			260		other	0
10108004_2	232	Sound	17	5459540	260	1			260		other	0
10108004_2	232	Response	1	5464231	4950	1
10108004_2	233	Sound	15	5476713	261	1			260		other	0
10108004_2	234	Sound	12	5494718	259	1			260		other	0
10108004_2	234	Response	1	5496150	1691	1
10108004_2	235	Sound	12	5520233	266	1			260		other	0
10108004_2	236	Sound	11	5542233	258	1			260		other	0
10108004_2	237	Sound	21	5561408	260	1			260		other	0
10108004_2	237	Response	1	5564549	3401	1
10108004_2	238	Sound	21	5586750	260	1			260		other	0
10108004_2	238	Response	1	5590708	4218	1
10108004_2	239	Sound	14	5608590	259	1			260		other	0
10108004_2	239	Response	1	5614148	5817	1
10108004_2	240	Sound	16	5630600	261	1			260		other	0
10108004_2	240	Response	1	5635268	4929	1
10108004_2	241	Sound	17	5654940	260	1			260		other	0
10108004_2	242	Sound	18	5671279	260	1			260		other	0
10108004_2	242	Response	1	5675267	4248	1
10108004_2	243	Sound	17	5692131	272	1			260		other	0
10108004_2	243	Response	1	5696067	4207	1
10108004_2	244	Sound	18	5710458	259	1			260		other	0
10108004_2	244	Response	1	5714146	3947	1
10108004_2	245	Sound	20	5734968	261	1			260		other	0
10108004_2	245	Response	1	5737506	2798	1
10108004_2	246	Sound	15	5760142	259	1			260		other	0
10108004_2	246	Response	1	5763985	4103	1
10108004_2	247	Sound	18	5779149	260	1			260		other	0
10108004_2	247	Response	1	5782785	3896	1
10108004_2	248	Sound	17	5796656	260	1			260		other	0
10108004_2	248	Response	1	5801105	4710	1
10108004_2	249	Sound	18	5817162	260	1			260		other	0
10108004_2	249	Response	1	5820305	3402	1
10108004_2	250	Sound	15	5837835	259	1			260		other	0
10108004_2	250	Response	1	5845424	7848	1
10108004_2	251	Sound	12	5856509	260	1			260		other	0
10108004_2	252	Sound	13	5873515	260	1			260		other	0
10108004_2	253	Sound	11	5897528	265	1			260		other	0
10108004_2	254	Sound	20	5917363	260	1			260		other	0
10108004_2	254	Response	1	5921662	4560	1
10108004_2	255	Sound	16	5939870	260	1			260		other	0
10108004_2	255	Response	1	5943102	3491	1
10108004_2	256	Sound	21	5962377	259	1			260		other	0
10108004_2	256	Response	1	5965182	3063	1
10108004_2	257	Sound	13	5985886	260	1			260		other	0
10108004_2	258	Sound	19	6013229	260	1			260		other	0
10108004_2	258	Response	1	6016060	3091	2
10108004_2	259	Sound	20	6040737	258	1			260		other	0
10108004_2	259	Response	1	6045100	4622	1
10108004_2	260	Sound	14	6056410	260	1			260		other	0
10108004_2	261	Sound	14	6073916	260	1			260		other	0
10108004_2	262	Sound	17	6097757	259	1			260		other	0
10108004_2	262	Response	1	6101500	4002	1
10108004_2	263	Sound	15	6113597	260	1			260		other	0
10108004_2	264	Sound	16	6129436	261	1			260		other	0
10108004_2	264	Response	1	6133339	4164	1
10108004_2	265	Sound	11	6157624	272	1			260		other	0
10108004_2	266	Sound	11	6175785	260	1			260		other	0
10108004_2	267	Sound	19	6191122	260	1			260		other	0
10108004_2	267	Response	1	6194058	3195	1
10108004_2	268	Sound	13	6217965	259	1			260		other	0
10108004_2	269	Sound	13	6244474	260	1			260		other	0
10108004_2	270	Sound	21	6264981	260	1			260		other	0
10108004_2	270	Response	1	6268136	3415	1
10108004_2	271	Sound	12	6281322	262	1			260		other	0
10108004_2	272	Sound	21	6309496	259	1			260		other	0
10108004_2	272	Response	1	6310936	1699	1
10108004_2	273	Sound	19	6328169	259	1			260		other	0
10108004_2	273	Response	1	6334375	6466	1
10108004_2	274	Sound	16	6349176	260	1			260		other	0
10108004_2	274	Response	1	6353335	4418	1
10108004_2	275	Sound	14	6365182	260	1			260		other	0
10108004_2	276	Sound	11	6388190	259	1			260		other	0
10108004_2	277	Sound	19	6412032	261	1			260		other	0
10108004_2	277	Response	1	6415574	3802	1
10108004_2	278	Sound	20	6440374	259	1			260		other	0
10108004_2	278	Response	1	6446614	6499	1
10108004_2	279	Sound	18	6458881	260	1			260		other	0
10108004_2	279	Response	1	6465013	6392	1
10108004_2	280	Sound	12	6484055	259	1			260		other	0
10108004_2	281	Response	255	7680032	1178150	1
10108004_2	282	Sound	103	7746486	259	1			260		other	0
10108004_2	283	Sound	102	7765160	260	1			260		other	0
10108004_2	284	Sound	108	7791501	259	1			260		other	0
10108004_2	284	Response	1	7794670	3428	1
10108004_2	285	Sound	106	7808673	259	1			260		other	0
10108004_2	285	Response	1	7813469	5055	1
10108004_2	286	Sound	110	7827681	260	1			260		other	0
10108004_2	286	Response	1	7831629	4208	1
10108004_2	287	Sound	111	7852356	260	1			260		other	0
10108004_2	287	Response	1	7856029	3933	1
10108004_2	288	Sound	105	7876700	262	1			260		other	0
10108004_2	289	Sound	105	7893203	260	1			260		other	0
10108004_2	289	Response	1	7898188	5245	1
10108004_2	290	Sound	104	7911042	259	1			260		other	0
10108004_2	291	Sound	108	7927394	273	1			260		other	0
10108004_2	291	Response	1	7930748	3626	1
10108004_2	292	Sound	110	7952394	264	1			260		other	0
10108004_2	292	Response	1	7956107	3977	1
10108004_2	293	Sound	109	7981234	261	1			260		other	0
10108004_2	293	Response	1	7984107	3134	1
10108004_2	294	Sound	105	8003573	259	1			260		other	0
10108004_2	294	Response	1	8007866	4552	1
10108004_2	295	Sound	109	8030916	259	1			260		other	0
10108004_2	295	Response	1	8034106	3449	1
10108004_2	296	Sound	105	8058926	259	1			260		other	0
10108004_2	296	Response	1	8062745	4079	1
10108004_2	297	Sound	107	8078099	259	1			260		other	0
10108004_2	297	Response	1	8081705	3865	1
10108004_2	298	Sound	107	8095605	259	1			260		other	0
10108004_2	298	Response	1	8099625	4279	1
10108004_2	299	Sound	102	8121114	259	1			260		other	0
10108004_2	300	Sound	106	8147955	258	1			260		other	0
10108004_2	300	Response	1	8151624	3927	1
10108004_2	301	Sound	104	8168297	260	1			260		other	0
10108004_2	302	Sound	101	8187971	260	1			260		other	0
10108004_2	303	Sound	102	8204644	261	1			260		other	0
10108004_2	304	Sound	107	8222317	261	1			260		other	0
10108004_2	304	Response	1	8226742	4687	1
10108004_2	305	Sound	106	8241321	259	1			260		other	0
10108004_2	306	Sound	104	8260328	260	1			260		other	0
10108004_2	307	Sound	108	8281835	260	1			260		other	0
10108004_2	307	Response	1	8285061	3486	1
10108004_2	308	Sound	103	8310180	261	1			260		other	0
10108004_2	309	Sound	109	8326689	265	1			260		other	0
10108004_2	309	Response	1	8330340	3916	1
10108004_2	310	Sound	105	8349525	259	1			260		other	0
10108004_2	311	Sound	103	8367199	261	1			260		other	0
10108004_2	312	Sound	109	8395540	259	1			260		other	0
10108004_2	312	Response	1	8398659	3378	1
10108004_2	313	Sound	106	8420548	259	1			260		other	0
10108004_2	314	Sound	101	8444893	261	1			260		other	0
10108004_2	315	Sound	111	8469734	260	1			260		other	0
10108004_2	315	Response	1	8472498	3025	1
10108004_2	316	Sound	102	8494074	259	1			260		other	0
10108004_2	317	Sound	107	8510585	265	1			260		other	0
10108004_2	317	Response	1	8517057	6737	1
10108004_2	318	Sound	103	8536754	258	1			260		other	0
10108004_2	319	Sound	104	8559929	259	1			260		other	0
10108004_2	320	Sound	111	8585786	273	1			260		other	0
10108004_2	320	Response	1	8588736	3223	1
10108004_2	321	Sound	110	8609615	261	1			260		other	0
10108004_2	321	Response	1	8613856	4501	1
10108004_2	322	Sound	104	8637790	259	1			260		other	0
10108004_2	323	Sound	106	8665983	276	1			260		other	0
10108004_2	323	Response	1	8669535	3828	1
10108004_2	324	Sound	101	8685484	270	1			260		other	0
10108004_2	325	Sound	109	8702482	263	1			260		other	0
10108004_2	325	Response	1	8705614	3395	1
10108004_2	326	Sound	107	8724321	261	1			260		other	0
10108004_2	326	Response	1	8727694	3634	1
10108004_2	327	Sound	111	8753662	259	1			260		other	0
10108004_2	327	Response	1	8756973	3570	1
10108004_2	328	Sound	111	8776504	259	1			260		other	0
10108004_2	328	Response	1	8779853	3608	1
10108004_2	329	Sound	108	8793181	264	1			260		other	0
10108004_2	329	Response	1	8798892	5975	1
10108004_2	330	Sound	108	8812518	261	1			260		other	0
10108004_2	330	Response	1	8815692	3435	1
10108004_2	331	Sound	110	8836858	260	1			260		other	0
10108004_2	331	Response	1	8839932	3333	1
10108004_2	332	Sound	101	8859532	259	1			260		other	0
10108004_2	333	Sound	102	8882878	264	1			260		other	0
10108004_2	334	Sound	101	8906882	259	1			260		other	0
10108004_2	335	Sound	103	8926388	259	1			260		other	0
10108004_2	336	Sound	110	8952064	260	1			260		other	0
10108004_2	336	Response	1	8955290	3485	1
10108004_2	337	Response	255	8982649	11425	1
10108004_2	338	Sound	15	9065602	259	1			260		other	0
10108004_2	339	Sound	12	9081108	259	1			260		other	0
10108004_2	340	Sound	16	9106618	261	1			260		other	0
10108004_2	341	Sound	15	9124977	280	1			260		other	0
10108004_2	342	Sound	20	9143796	259	1			260		other	0
10108004_2	342	Response	1	9147126	3590	1
10108004_2	343	Sound	18	9171306	260	1			260		other	0
10108004_2	343	Response	1	9174886	3840	1
10108004_2	344	Sound	19	9191813	260	1			260		other	0
10108004_2	344	Response	1	9195366	3813	1
10108004_2	345	Sound	15	9214653	259	1			260		other	0
10108004_2	345	Response	1	9217845	3451	1
10108004_2	346	Sound	13	9239174	272	1			260		other	0
10108004_2	347	Sound	11	9263838	260	1			260		other	0
10108004_2	348	Sound	21	9279342	259	1			260		other	0
10108004_2	348	Response	1	9281924	2841	1
10108004_2	349	Sound	16	9302850	259	1			260		other	0
10108004_2	349	Response	1	9307844	5253	1
10108004_2	350	Sound	11	9327192	259	1			260		other	0
10108004_2	351	Sound	14	9349534	260	1			260		other	0
10108004_2	351	Response	1	9353523	4249	1
10108004_2	352	Sound	16	9368706	259	1			260		other	0
10108004_2	352	Response	1	9376882	8436	1
10108004_2	353	Sound	20	9394548	259	1			260		other	0
10108004_2	353	Response	1	9399842	5553	1
10108004_2	354	Sound	13	9414389	260	1			260		other	0
10108004_2	355	Sound	15	9439072	268	1			260		other	0
10108004_2	356	Sound	14	9464238	259	1			260		other	0
10108004_2	356	Response	1	9467601	3622	1
10108004_2	357	Sound	14	9479577	259	1			260		other	0
10108004_2	358	Sound	21	9495084	261	1			260		other	0
10108004_2	358	Response	1	9498400	3577	1
10108004_2	359	Sound	11	9515090	260	1			260		other	0
10108004_2	360	Sound	12	9538431	260	1			260		other	0
10108004_2	361	Sound	20	9555436	259	1			260		other	0
10108004_2	361	Response	1	9558479	3302	1
10108004_2	362	Sound	18	9571443	260	1			260		other	0
10108004_2	362	Response	1	9579839	8656	1
10108004_2	363	Sound	20	9593950	260	1			260		other	0
10108004_2	363	Response	1	9596879	3188	1
10108004_2	364	Sound	19	9610121	259	1			260		other	0
10108004_2	364	Response	1	9613038	3176	1
10108004_2	365	Sound	19	9626628	260	1			260		other	0
10108004_2	365	Response	1	9629198	2830	1
10108004_2	366	Sound	19	9644469	262	1			260		other	0
10108004_2	366	Response	1	9647358	3150	1
10108004_2	367	Sound	21	9664641	260	1			260		other	0
10108004_2	367	Response	1	9667197	2816	1
10108004_2	368	Sound	21	9691483	260	1			260		other	0
10108004_2	368	Response	1	9694077	2854	1
10108004_2	369	Sound	17	9718668	268	1			260		other	0
10108004_2	369	Response	1	9722076	3677	1
10108004_2	370	Sound	11	9744334	259	1			260		other	0
10108004_2	371	Sound	11	9769843	259	1			260		other	0
10108004_2	372	Sound	21	9794018	259	1			260		other	0
10108004_2	372	Response	1	9796795	3037	1
10108004_2	373	Sound	12	9814524	259	1			260		other	0
10108004_2	373	Response	1	9825194	10929	1
10108004_2	374	Sound	16	9839368	261	1			260		other	0
10108004_2	374	Response	1	9843514	4407	1
10108004_2	375	Sound	13	9857040	260	1			260		other	0
10108004_2	376	Sound	13	9880880	259	1			260		other	0
10108004_2	377	Sound	16	9903063	268	1			260		other	0
10108004_2	377	Response	1	9909033	6238	1
10108004_2	378	Sound	17	9925066	263	1			260		other	0
10108004_2	378	Response	1	9928473	3670	1
10108004_2	379	Sound	15	9943235	259	1			260		other	0
10108004_2	379	Response	1	9948152	5177	1
10108004_2	380	Sound	12	9970077	259	1			260		other	0
10108004_2	381	Sound	14	9996762	268	1			260		other	0
10108004_2	382	Sound	13	10022595	259	1			260		other	0
10108004_2	383	Sound	12	10049961	282	1			260		other	0
10108004_2	384	Sound	14	10068446	261	1			260		other	0
10108004_2	385	Sound	18	10088286	260	1			260		other	0
10108004_2	385	Response	1	10094310	6284	1
10108004_2	386	Sound	18	10104125	261	1			260		other	0
10108004_2	386	Response	1	10110709	6845	1
10108004_2	387	Sound	17	10129799	259	1			260		other	0
10108004_2	388	Sound	18	10151306	259	1			260		other	0
10108004_2	388	Response	1	10155669	4622	1
10108004_2	389	Sound	19	10171659	272	1			260		other	0
10108004_2	389	Response	1	10174949	3561	1
10108004_2	390	Sound	20	10193322	261	1			260		other	0
10108004_2	390	Response	1	10196068	3007	1
10108004_2	391	Sound	17	10213663	261	1			260		other	0
10108004_2	391	Response	1	10217107	3706	2
10108004_2	392	Sound	17	10233668	260	1			260		other	0
10108004_2	392	Response	1	10237587	4179	1
10108004_2	393	Response	255	10685180	425849	1
10108004_2	394	Sound	104	10757850	262	1			260		other	0
10108004_2	395	Sound	102	10778686	258	1			260		other	0
10108004_2	396	Sound	105	10801695	259	1			260		other	0
10108004_2	396	Response	1	10806218	4782	1
10108004_2	397	Sound	106	10828206	261	1			260		other	0
10108004_2	397	Response	1	10831977	4033	1
10108004_2	398	Sound	104	10850211	259	1			260		other	0
10108004_2	399	Sound	101	10871218	259	1			260		other	0
10108004_2	400	Sound	106	10888390	259	1			260		other	0
10108004_2	400	Response	1	10891656	3524	1
10108004_2	401	Sound	108	10911400	260	1			260		other	0
10108004_2	401	Response	1	10915256	4116	1
10108004_2	402	Sound	105	10931073	260	1			260		other	0
10108004_2	403	Sound	103	10956081	259	1			260		other	0
10108004_2	404	Sound	110	10976922	260	1			260		other	0
10108004_2	404	Response	1	10979894	3233	1
10108004_2	405	Sound	107	11003931	260	1			260		other	0
10108004_2	405	Response	1	11007654	3983	1
10108004_2	406	Sound	101	11025446	268	1			260		other	0
10108004_2	407	Sound	106	11043447	262	1			260		other	0
10108004_2	407	Response	1	11046773	3589	1
10108004_2	408	Sound	101	11063617	259	1			260		other	0
10108004_2	409	Sound	110	11083958	260	1			260		other	0
10108004_2	409	Response	1	11087173	3474	1
10108004_2	410	Sound	101	11104300	261	1			260		other	0
10108004_2	411	Sound	103	11120146	269	1			260		other	0
10108004_2	412	Sound	109	11138309	259	1			260		other	0
10108004_2	412	Response	1	11141572	3521	1
10108004_2	413	Sound	104	11154315	259	1			260		other	0
10108004_2	414	Sound	108	11182843	278	1			260		other	0
10108004_2	414	Response	1	11187651	5085	1
10108004_2	415	Sound	111	11210343	269	1			260		other	0
10108004_2	415	Response	1	11213170	3096	1
10108004_2	416	Sound	105	11226174	261	1			260		other	0
10108004_2	417	Sound	107	11249515	260	1			260		other	0
10108004_2	417	Response	1	11252530	3275	1
10108004_2	418	Sound	102	11272856	260	1			260		other	0
10108004_2	419	Sound	107	11295041	271	1			260		other	0
10108004_2	419	Response	1	11298609	3839	1
10108004_2	420	Sound	107	11323042	262	1			260		other	0
10108004_2	420	Response	1	11326368	3589	1
10108004_2	421	Sound	108	11345547	260	1			260		other	0
10108004_2	421	Response	1	11348848	3560	1
10108004_2	422	Sound	102	11372222	259	1			260		other	0
10108004_2	423	Sound	108	11396899	260	1			260		other	0
10108004_2	423	Response	1	11400447	3809	1
10108004_2	424	Sound	107	11418072	260	1			260		other	0
10108004_2	424	Response	1	11422287	4474	1
10108004_2	425	Sound	108	11442749	261	1			260		other	0
10108004_2	425	Response	1	11445886	3399	1
10108004_2	426	Sound	111	11459419	260	1			260		other	0
10108004_2	426	Response	1	11462446	3286	1
10108004_2	427	Sound	102	11479760	260	1			260		other	0
10108004_2	428	Sound	109	11502101	260	1			260		other	0
10108004_2	428	Response	1	11505086	3245	1
10108004_2	429	Sound	111	11529445	261	1			260		other	0
10108004_2	429	Response	1	11532605	3421	1
10108004_2	430	Sound	110	11555619	260	1			260		other	0
10108004_2	430	Response	1	11559244	3885	1
10108004_2	431	Sound	103	11580460	260	1			260		other	0
10108004_2	432	Sound	103	11602638	263	1			260		other	0
10108004_2	433	Sound	102	11627645	261	1			260		other	0
10108004_2	434	Sound	111	11648151	260	1			260		other	0
10108004_2	434	Response	1	11651163	3272	1
10108004_2	435	Sound	110	11667492	261	1			260		other	0
10108004_2	435	Response	1	11671482	4251	1
10108004_2	436	Sound	104	11688335	264	1			260		other	0
10108004_2	437	Sound	109	11707839	261	1			260		other	0
10108004_2	437	Response	1	11710842	3264	1
10108004_2	438	Sound	111	11725844	260	1			260		other	0
10108004_2	438	Response	1	11728761	3177	1
10108004_2	439	Sound	105	11748034	275	1			260		other	0
10108004_2	440	Sound	105	11769034	269	1			260		other	0
10108004_2	441	Sound	109	11791867	260	1			260		other	0
10108004_2	441	Response	1	11794920	3314	1
10108004_2	442	Sound	101	11815872	258	1			260		other	0
10108004_2	443	Sound	103	11841050	260	1			260		other	0
10108004_2	444	Sound	109	11867058	259	1			260		other	0
10108004_2	444	Response	1	11870519	3720	1
10108004_2	445	Sound	104	11892568	260	1			260		other	0
10108004_2	446	Sound	106	11912072	258	1			260		other	0
10108004_2	446	Response	1	11916198	4384	1
10108004_2	447	Sound	106	11928413	260	1			260		other	0
10108004_2	447	Response	1	11937158	9005	1
10108004_2	448	Sound	110	11946430	271	1			260		other	0
10108004_2	448	Response	1	11950438	4278	1
10108004_2	449	Response	255	12609626	640546	1
10108004_2	450	Sound	17	12677169	261	1			260		other	0
10108004_2	451	Sound	18	12704521	269	1			260		other	0
10108004_2	451	Response	1	12707624	3373	1
10108004_2	452	Sound	19	12725352	260	1			260		other	0
10108004_2	452	Response	1	12728344	3252	1
10108004_2	453	Sound	13	12744192	261	1			260		other	0
10108004_2	453	Response	1	12748023	4092	2
10108004_2	454	Sound	12	12768367	260	1			260		other	0
10108004_2	455	Sound	18	12794375	260	1			260		other	0
10108004_2	455	Response	1	12797223	3108	1
10108004_2	456	Sound	14	12816048	259	1			260		other	0
10108004_2	456	Response	1	12821622	5833	1
10108004_2	457	Sound	15	12842391	259	1			260		other	0
10108004_2	458	Sound	13	12862731	259	1			260		other	0
10108004_2	459	Sound	18	12885407	260	1			260		other	0
10108004_2	459	Response	1	12888501	3355	1
10108004_2	460	Sound	16	12910247	259	1			260		other	0
10108004_2	460	Response	1	12927780	17792	1
10108004_2	461	Sound	19	12934923	260	1			260		other	0
10108004_2	462	Sound	14	12953116	280	1			260		other	0
10108004_2	463	Sound	21	12978271	260	1			260		other	0
10108004_2	463	Response	1	12980660	2648	1
10108004_2	464	Sound	12	13004614	261	1			260		other	0
10108004_2	465	Sound	16	13023287	261	1			260		other	0
10108004_2	465	Response	1	13027219	4192	1
10108004_2	466	Sound	20	13046294	259	1			260		other	0
10108004_2	466	Response	1	13050178	4144	1
10108004_2	467	Sound	11	13070137	261	1			260		other	0
10108004_2	468	Sound	19	13095145	261	1			260		other	0
10108004_2	468	Response	1	13098898	4013	1
10108004_2	469	Sound	13	13111150	260	1			260		other	0
10108004_2	470	Sound	17	13137512	280	1			260		other	0
10108004_2	470	Response	1	13141937	4705	1
10108004_2	471	Sound	11	13160166	259	1			260		other	0
10108004_2	472	Sound	20	13183012	264	1			260		other	0
10108004_2	472	Response	1	13187136	4388	1
10108004_2	473	Sound	15	13204681	259	1			260		other	0
10108004_2	474	Sound	20	13231024	260	1			260		other	0
10108004_2	474	Response	1	13236895	6131	1
10108004_2	475	Sound	16	13248364	261	1			260		other	0
10108004_2	475	Response	1	13260495	12391	1
10108004_2	476	Sound	21	13270210	266	1			260		other	0
10108004_2	476	Response	1	13274254	4310	1
10108004_2	477	Sound	18	13289211	261	1			260		other	0
10108004_2	477	Response	1	13293294	4343	1
10108004_2	478	Sound	19	13306384	260	1			260		other	0
10108004_2	478	Response	1	13310094	3971	1
10108004_2	479	Sound	19	13332057	258	1			260		other	0
10108004_2	479	Response	1	13334973	3175	1
10108004_2	480	Sound	15	13355411	271	1			260		other	0
10108004_2	480	Response	1	13371693	16553	1
10108004_2	481	Sound	14	13380741	259	1			260		other	0
10108004_2	482	Sound	14	13410084	259	1			260		other	0
10108004_2	483	Sound	12	13431260	261	1			260		other	0
10108004_2	484	Sound	12	13452433	260	1			260		other	0
10108004_2	485	Sound	11	13478108	260	1			260		other	0
10108004_2	486	Sound	18	13498281	259	1			260		other	0
10108004_2	486	Response	1	13501210	3188	1
10108004_2	487	Sound	16	13525623	259	1			260		other	0
10108004_2	487	Response	1	13530730	5365	1
10108004_2	488	Sound	15	13544965	260	1			260		other	0
10108004_2	489	Sound	17	13568973	261	1			260		other	0
10108004_2	489	Response	1	13572649	3937	1
10108004_2	490	Sound	21	13587811	258	1			260		other	0
10108004_2	490	Response	1	13592329	4776	1
10108004_2	491	Sound	13	13614654	259	1			260		other	0
10108004_2	492	Sound	17	13639829	259	1			260		other	0
10108004_2	492	Response	1	13643208	3638	1
10108004_2	493	Sound	11	13660336	259	1			260		other	0
10108004_2	493	Response	1	13663768	3690	1
10108004_2	494	Sound	14	13679510	260	1			260		other	0
10108004_2	495	Sound	21	13699850	260	1			260		other	0
10108004_2	495	Response	1	13703527	3936	1
10108004_2	496	Sound	12	13726203	270	1			260		other	0
10108004_2	497	Sound	11	13746704	264	1			260		other	0
10108004_2	498	Sound	20	13773543	260	1			260		other	0
10108004_2	498	Response	1	13778486	5203	1
10108004_2	499	Sound	16	13797402	278	1			260		other	0
10108004_2	499	Response	1	13803365	6241	1
10108004_2	500	Sound	17	13822227	261	1			260		other	0
10108004_2	500	Response	1	13827205	5239	1
10108004_2	501	Sound	20	13847568	260	1			260		other	0
10108004_2	501	Response	1	13852484	5177	1
10108004_2	502	Sound	13	13864573	260	1			260		other	0
10108004_2	503	Sound	15	13882079	259	1			260		other	0
10108004_2	503	Response	1	13890564	8744	1
10108004_2	504	Sound	21	13898086	261	1			260		other	0
10108004_2	504	Response	1	13904723	6898	1
10108004_2	505	Response	255	13971603	50690	1
10108004_2	506	Sound	14	14042469	261	1			260		other	0
10108004_2	507	Sound	16	14061640	259	1			260		other	0
10108004_2	507	Response	1	14067681	6300	1
10108004_2	508	Sound	13	14089650	260	1			260		other	0
10108004_2	509	Sound	13	14106156	260	1			260		other	0
10108004_2	510	Sound	18	14131833	261	1			260		other	0
10108004_2	510	Response	1	14134960	3388	1
10108004_2	511	Sound	16	14156506	259	1			260		other	0
10108004_2	511	Response	1	14162959	6712	1
10108004_2	512	Sound	18	14172011	260	1			260		other	0
10108004_2	512	Response	1	14177599	5847	1
10108004_2	513	Sound	12	14197020	259	1			260		other	0
10108004_2	514	Sound	21	14215696	263	1			260		other	0
10108004_2	514	Response	1	14220798	5365	1
10108004_2	515	Sound	19	14238202	261	1			260		other	0
10108004_2	515	Response	1	14243358	5416	1
10108004_2	516	Sound	18	14254039	259	1			260		other	0
10108004_2	516	Response	1	14258397	4617	1
10108004_2	517	Sound	17	14278215	260	1			260		other	0
10108004_2	517	Response	1	14284637	6682	1
10108004_2	518	Sound	15	14294221	261	1			260		other	0
10108004_2	519	Sound	15	14312225	259	1			260		other	0
10108004_2	520	Sound	19	14339403	261	1			260		other	0
10108004_2	520	Response	1	14342316	3174	1
10108004_2	521	Sound	16	14357741	259	1			260		other	0
10108004_2	522	Sound	11	14375248	261	1			260		other	0
10108004_2	523	Sound	14	14397593	264	1			260		other	0
10108004_2	524	Sound	20	14415261	260	1			260		other	0
10108004_2	524	Response	1	14421594	6592	3
10108004_2	525	Sound	13	14435934	258	1			260		other	0
10108004_2	526	Sound	12	14458293	276	1			260		other	0
10108004_2	526	Response	1	14459354	1338	1
10108004_2	527	Sound	11	14476948	258	1			260		other	0
10108004_2	528	Sound	19	14498291	262	1			260		other	0
10108004_2	528	Response	1	14503273	5243	1
10108004_2	529	Sound	19	14515795	259	1			260		other	0
10108004_2	529	Response	1	14520793	5257	1
10108004_2	530	Sound	20	14537137	261	1			260		other	0
10108004_2	530	Response	1	14543033	6156	1
10108004_2	531	Sound	11	14564811	259	1			260		other	0
10108004_2	532	Sound	15	14586989	263	1			260		other	0
10108004_2	533	Sound	17	14611661	260	1			260		other	0
10108004_2	533	Response	1	14616631	5229	1
10108004_2	534	Sound	17	14632836	260	1			260		other	0
10108004_2	534	Response	1	14636791	4215	1
10108004_2	535	Sound	21	14653342	259	1			260		other	0
10108004_2	535	Response	1	14656630	3548	1
10108004_2	536	Sound	15	14675350	260	1			260		other	0
10108004_2	537	Sound	17	14700359	261	1			260		other	0
10108004_2	537	Response	1	14704230	4131	1
10108004_2	538	Sound	21	14717698	260	1			260		other	0
10108004_2	538	Response	1	14721749	4311	1
10108004_2	539	Sound	19	14736538	261	1			260		other	0
10108004_2	539	Response	1	14741188	4911	2
10108004_2	540	Sound	21	14764388	268	1			260		other	0
10108004_2	540	Response	1	14765829	1708	1
10108004_2	541	Sound	16	14790557	261	1			260		other	0
10108004_2	541	Response	1	14793828	3532	1
10108004_2	541	Response	1	14813268	22971	1
10108004_2	542	Sound	14	14818066	261	1			260		other	0
10108004_2	543	Sound	20	14842907	259	1			260		other	0
10108004_2	543	Response	1	14846227	3580	1
10108004_2	544	Sound	17	14859914	260	1			260		other	0
10108004_2	544	Response	1	14863747	4094	1
10108004_2	545	Sound	12	14877419	260	1			260		other	0
10108004_2	546	Sound	14	14904762	260	1			260		other	0
10108004_2	546	Response	1	14911586	7084	1
10108004_2	547	Sound	11	14928937	260	1			260		other	0
10108004_2	547	Response	1	14943425	14748	1
10108004_2	548	Sound	12	14950111	261	1			260		other	0
10108004_2	549	Sound	13	14973953	261	1			260		other	0
10108004_2	550	Sound	21	14999294	260	1			260		other	0
10108004_2	550	Response	1	15002224	3190	1
10108004_2	551	Sound	18	15022301	259	1			260		other	0
10108004_2	552	Sound	14	15047645	261	1			260		other	0
10108004_2	553	Sound	16	15065816	259	1			260		other	0
10108004_2	553	Response	1	15070383	4826	1
10108004_2	554	Sound	11	15086324	260	1			260		other	0
10108004_2	555	Sound	13	15110332	260	1			260		other	0
10108004_2	555	Response	1	15135262	25190	1
10108004_2	556	Sound	20	15136507	259	1			260		other	0
10108004_2	557	Sound	18	15155014	260	1			260		other	0
10108004_2	557	Response	1	15159102	4348	1
10108004_2	558	Sound	12	15178689	260	1			260		other	0
10108004_2	559	Sound	15	15199195	259	1			260		other	0
10108004_2	560	Sound	20	15225204	259	1			260		other	0
10108004_2	560	Response	1	15228300	3356	1
10108004_2	561	Response	255	15647333	404969	1
10108004_2	562	Sound	101	15713705	260	1			260		other	0
10108004_2	563	Sound	110	15737213	261	1			260		other	0
10108004_2	563	Response	1	15740611	3659	1
10108004_2	564	Sound	105	15761888	260	1			260		other	0
10108004_2	564	Response	1	15766131	4503	1
10108004_2	565	Sound	107	15781726	259	1			260		other	0
10108004_2	565	Response	1	15784931	3463	1
10108004_2	566	Sound	106	15809571	260	1			260		other	0
10108004_2	566	Response	1	15813330	4020	1
10108004_2	567	Sound	111	15828076	259	1			260		other	0
10108004_2	567	Response	1	15830610	2793	1
10108004_2	568	Sound	109	15846249	259	1			260		other	0
10108004_2	568	Response	1	15849170	3180	1
10108004_2	569	Sound	109	15872424	259	1			260		other	0
10108004_2	569	Response	1	15875569	3404	1
10108004_2	570	Sound	104	15895770	263	1			260		other	0
10108004_2	571	Sound	105	15922107	258	1			260		other	0
10108004_2	571	Response	1	15926448	4599	1
10108004_2	572	Sound	102	15950618	260	1			260		other	0
10108004_2	573	Sound	106	15976794	260	1			260		other	0
10108004_2	573	Response	1	15981087	4553	1
10108004_2	574	Sound	103	15993632	259	1			260		other	0
10108004_2	575	Sound	109	16013640	260	1			260		other	0
10108004_2	575	Response	1	16016927	3547	1
10108004_2	576	Sound	110	16037814	259	1			260		other	0
10108004_2	576	Response	1	16040926	3371	1
10108004_2	577	Sound	107	16062155	259	1			260		other	0
10108004_2	577	Response	1	16066286	4389	1
10108004_2	578	Sound	105	16090499	260	1			260		other	0
10108004_2	578	Response	1	16094046	3806	1
10108004_2	579	Sound	108	16115507	259	1			260		other	0
10108004_2	579	Response	1	16118525	3277	1
10108004_2	580	Sound	108	16138016	261	1			260		other	0
10108004_2	580	Response	1	16140764	3009	1
10108004_2	581	Sound	102	16155366	271	1			260		other	0
10108004_2	582	Sound	108	16172694	259	1			260		other	0
10108004_2	582	Response	1	16175964	3529	1
10108004_2	583	Sound	106	16196536	260	1			260		other	0
10108004_2	583	Response	1	16199804	3528	1
10108004_2	584	Sound	103	16222211	260	1			260		other	0
10108004_2	585	Sound	107	16241565	274	1			260		other	0
10108004_2	585	Response	1	16245003	3712	1
10108004_2	586	Sound	101	16266066	267	1			260		other	0
10108004_2	587	Sound	111	16285567	261	1			260		other	0
10108004_2	587	Response	1	16288042	2736	1
10108004_2	588	Sound	105	16313574	258	1			260		other	0
10108004_2	588	Response	1	16319881	6566	1
10108004_2	589	Sound	106	16341585	260	1			260		other	0
10108004_2	589	Response	1	16345481	4156	1
10108004_2	590	Sound	102	16364427	261	1			260		other	0
10108004_2	591	Sound	111	16380599	261	1			260		other	0
10108004_2	591	Response	1	16383720	3382	1
10108004_2	592	Sound	110	16406108	261	1			260		other	0
10108004_2	592	Response	1	16410360	4512	1
10108004_2	593	Sound	107	16434963	272	1			260		other	0
10108004_2	593	Response	1	16439159	4469	1
10108004_2	594	Sound	108	16459293	261	1			260		other	0
10108004_2	594	Response	1	16463399	4367	1
10108004_2	595	Sound	101	16484134	260	1			260		other	0
10108004_2	596	Sound	104	16505808	260	1			260		other	0
10108004_2	597	Sound	104	16522813	259	1			260		other	0
10108004_2	598	Sound	103	16543321	260	1			260		other	0
10108004_2	599	Sound	103	16569995	258	1			260		other	0
10108004_2	600	Sound	109	16598673	260	1			260		other	0
10108004_2	600	Response	1	16602357	3943	1
10108004_2	601	Sound	107	16620513	260	1			260		other	0
10108004_2	601	Response	1	16624436	4182	1
10108004_2	602	Sound	108	16639857	263	1			260		other	0
10108004_2	602	Response	1	16642996	3402	1
10108004_2	603	Sound	101	16667029	259	1			260		other	0
10108004_2	604	Sound	105	16693054	276	1			260		other	0
10108004_2	604	Response	1	16697395	4616	1
10108004_2	605	Sound	101	16711712	261	1			260		other	0
10108004_2	606	Sound	102	16737721	260	1			260		other	0
10108004_2	607	Sound	104	16764562	259	1			260		other	0
10108004_2	608	Sound	103	16787071	260	1			260		other	0
10108004_2	609	Sound	104	16805911	260	1			260		other	0
10108004_2	610	Sound	109	16834586	259	1			260		other	0
10108004_2	610	Response	1	16838112	3785	1
10108004_2	611	Sound	102	16859096	260	1			260		other	0
10108004_2	612	Sound	111	16876602	260	1			260		other	0
10108004_2	612	Response	1	16879792	3450	1
10108004_2	613	Sound	110	16899774	258	1			260		other	0
10108004_2	613	Response	1	16903631	4115	1
10108004_2	614	Sound	110	16925454	263	1			260		other	0
10108004_2	614	Response	1	16928911	3720	1
10108004_2	615	Sound	111	16943457	260	1			260		other	0
10108004_2	615	Response	1	16946430	3233	1
10108004_2	616	Sound	106	16966965	260	1			260		other	0
10108004_2	616	Response	1	16970430	3725	1
10108004_2	617	Response	255	17065948	78489	1
10108004_2	618	Sound	110	17134189	260	1			260		other	0
10108004_2	618	Response	1	17137547	3618	1
10108004_2	619	Sound	106	17158865	261	1			260		other	0
10108004_2	619	Response	1	17162507	3903	1
10108004_2	620	Sound	107	17181049	271	1			260		other	0
10108004_2	620	Response	1	17184506	3728	1
10108004_2	621	Sound	108	17205713	260	1			260		other	0
10108004_2	621	Response	1	17209626	4172	1
10108004_2	622	Sound	110	17222218	259	1			260		other	0
10108004_2	622	Response	1	17226506	4546	1
10108004_2	623	Sound	111	17249396	261	1			260		other	0
10108004_2	623	Response	1	17252505	3370	1
10108004_2	624	Sound	108	17265747	273	1			260		other	0
10108004_2	624	Response	1	17271705	6231	1
10108004_2	625	Sound	110	17292410	261	1			260		other	0
10108004_2	625	Response	1	17295944	3795	1
10108004_2	626	Sound	101	17319084	258	1			260		other	0
10108004_2	627	Sound	107	17341593	260	1			260		other	0
10108004_2	627	Response	1	17345544	4210	1
10108004_2	628	Sound	109	17364768	261	1			260		other	0
10108004_2	628	Response	1	17368903	4395	1
10108004_2	629	Sound	109	17388609	260	1			260		other	0
10108004_2	629	Response	1	17392263	3913	1
10108004_2	630	Sound	102	17411616	259	1			260		other	0
10108004_2	631	Sound	103	17432790	259	1			260		other	0
10108004_2	632	Sound	105	17454130	259	1			260		other	0
10108004_2	632	Response	1	17458502	4630	1
10108004_2	633	Sound	107	17478143	263	1			260		other	0
10108004_2	633	Response	1	17483621	5741	1
10108004_2	634	Sound	104	17503316	261	1			260		other	0
10108004_2	635	Sound	101	17531991	260	1			260		other	0
10108004_2	636	Sound	108	17554841	269	1			260		other	0
10108004_2	636	Response	1	17558980	4408	1
10108004_2	637	Sound	104	17577844	263	1			260		other	0
10108004_2	638	Sound	111	17597348	262	1			260		other	0
10108004_2	638	Response	1	17600259	3172	1
10108004_2	639	Sound	102	17617543	282	1			260		other	0
10108004_2	640	Sound	107	17634693	260	1			260		other	0
10108004_2	640	Response	1	17638658	4225	1
10108004_2	641	Sound	104	17660042	267	1			260		other	0
10108004_2	642	Sound	101	17680543	261	1			260		other	0
10108004_2	643	Sound	102	17704717	260	1			260		other	0
10108004_2	644	Sound	106	17733061	261	1			260		other	0
10108004_2	645	Sound	102	17756067	259	1			260		other	0
10108004_2	646	Sound	106	17783410	259	1			260		other	0
10108004_2	646	Response	1	17787696	4545	1
10108004_2	647	Sound	101	17804750	259	1			260		other	0
10108004_2	648	Sound	108	17830427	260	1			260		other	0
10108004_2	648	Response	1	17834015	3848	1
10108004_2	649	Sound	109	17851101	261	1			260		other	0
10108004_2	649	Response	1	17855215	4374	1
10108004_2	650	Sound	109	17874775	260	1			260		other	0
10108004_2	650	Response	1	17877934	3419	1
10108004_2	651	Sound	105	17892781	260	1			260		other	0
10108004_2	652	Sound	102	17916955	259	1			260		other	0
10108004_2	653	Sound	111	17938296	259	1			260		other	0
10108004_2	653	Response	1	17941693	3657	1
10108004_2	654	Sound	105	17957137	261	1			260		other	0
10108004_2	655	Sound	105	17977978	261	1			260		other	0
10108004_2	656	Sound	107	18002318	260	1			260		other	0
10108004_2	656	Response	1	18005932	3875	1
10108004_2	657	Sound	106	18027836	268	1			260		other	0
10108004_2	657	Response	1	18032972	5404	1
10108004_2	658	Sound	103	18054669	259	1			260		other	0
10108004_2	659	Sound	109	18078510	259	1			260		other	0
10108004_2	659	Response	1	18081691	3439	1
10108004_2	660	Sound	111	18104353	260	1			260		other	0
10108004_2	660	Response	1	18107690	3597	1
10108004_2	661	Sound	104	18122360	260	1			260		other	0
10108004_2	662	Sound	104	18140866	260	1			260		other	0
10108004_2	663	Sound	108	18161374	261	1			260		other	0
10108004_2	663	Response	1	18164729	3616	1
10108004_2	664	Sound	103	18184045	258	1			260		other	0
10108004_2	665	Sound	110	18212390	260	1			260		other	0
10108004_2	665	Response	1	18215848	3718	1
10108004_2	666	Sound	111	18232565	261	1			260		other	0
10108004_2	666	Response	1	18236568	4264	1
10108004_2	667	Sound	101	18250068	258	1			260		other	0
10108004_2	668	Sound	103	18277246	260	1			260		other	0
10108004_2	669	Sound	106	18302933	272	1			260		other	0
10108004_2	669	Response	1	18307607	4945	1
10108004_2	670	Sound	103	18327095	259	1			260		other	0
10108004_2	671	Sound	110	18355607	261	1			260		other	0
10108004_2	671	Response	1	18358726	3380	1
10108004_2	672	Sound	105	18373779	260	1			260		other	0
10108004_2	673	Response	255	18481044	84270	1
10108004_2	674	Sound	13	18557843	261	1			260		other	0
10108004_2	675	Sound	11	18582526	269	1			260		other	0
10108004_2	676	Sound	20	18605359	261	1			260		other	0
10108004_2	676	Response	1	18608162	3064	1
10108004_2	677	Sound	19	18626200	261	1			260		other	0
10108004_2	677	Response	1	18629121	3183	1
10108004_2	678	Sound	19	18648873	261	1			260		other	0
10108004_2	678	Response	1	18651681	3068	1
10108004_2	679	Sound	19	18672380	259	1			260		other	0
10108004_2	679	Response	1	18675440	3319	1
10108004_2	680	Sound	21	18688052	259	1			260		other	0
10108004_2	680	Response	1	18691600	3807	2
10108004_2	681	Sound	15	18707726	260	1			260		other	0
10108004_2	681	Response	1	18711040	3574	1
10108004_2	682	Sound	12	18735902	259	1			260		other	0
10108004_2	683	Sound	14	18757577	261	1			260		other	0
10108004_2	684	Sound	15	18773082	260	1			260		other	0
10108004_2	685	Sound	19	18797590	260	1			260		other	0
10108004_2	685	Response	1	18800638	3308	1
10108004_2	686	Sound	12	18823433	260	1			260		other	0
10108004_2	687	Sound	21	18839438	260	1			260		other	0
10108004_2	687	Response	1	18842157	2980	1
10108004_2	688	Sound	17	18855444	260	1			260		other	0
10108004_2	688	Response	1	18860717	5534	1
10108004_2	689	Sound	13	18880785	260	1			260		other	0
10108004_2	690	Sound	16	18899626	261	1			260		other	0
10108004_2	690	Response	1	18905516	6151	1
10108004_2	691	Sound	11	18925967	259	1			260		other	0
10108004_2	691	Response	1	18928236	2528	1
10108004_2	692	Sound	20	18944822	275	1			260		other	0
10108004_2	692	Response	1	18949195	4648	1
10108004_2	693	Sound	13	18960980	260	1			260		other	0
10108004_2	694	Sound	12	18976651	260	1			260		other	0
10108004_2	694	Response	1	18986955	10564	1
10108004_2	695	Sound	21	19003994	260	1			260		other	0
10108004_2	695	Response	1	19006394	2660	1
10108004_2	696	Sound	17	19025667	259	1			260		other	0
10108004_2	696	Response	1	19028474	3066	1
10108004_2	697	Sound	21	19048176	260	1			260		other	0
10108004_2	697	Response	1	19050794	2878	1
10108004_2	698	Sound	20	19072185	261	1			260		other	0
10108004_2	698	Response	1	19075433	3509	1
10108004_2	699	Sound	11	19098359	259	1			260		other	0
10108004_2	699	Response	1	19098633	534	1
10108004_2	700	Sound	15	19122367	259	1			260		other	0
10108004_2	700	Response	1	19127672	5565	1
10108004_2	701	Sound	15	19148721	271	1			260		other	0
10108004_2	702	Sound	16	19175385	259	1			260		other	0
10108004_2	702	Response	1	19179672	4546	1
10108004_2	703	Sound	12	19200393	259	1			260		other	0
10108004_2	704	Sound	14	19218235	261	1			260		other	0
10108004_2	705	Sound	14	19238407	260	1			260		other	0
10108004_2	705	Response	1	19242150	4003	1
10108004_2	706	Sound	14	19263416	260	1			260		other	0
10108004_2	706	Response	1	19267670	4514	1
10108004_2	707	Sound	17	19285589	259	1			260		other	0
10108004_2	707	Response	1	19290630	5300	1
10108004_2	708	Sound	16	19308263	259	1			260		other	0
10108004_2	708	Response	1	19312869	4865	1
10108004_2	709	Sound	17	19327271	260	1			260		other	0
10108004_2	709	Response	1	19328149	1138	1
10108004_2	710	Sound	18	19351780	260	1			260		other	0
10108004_2	710	Response	1	19355029	3509	1
10108004_2	711	Sound	16	19368951	259	1			260		other	0
10108004_2	711	Response	1	19372548	3856	1
10108004_2	712	Sound	20	19389626	260	1			260		other	0
10108004_2	712	Response	1	19392628	3262	1
10108004_2	713	Sound	20	19410132	260	1			260		other	0
10108004_2	713	Response	1	19413188	3315	1
10108004_2	714	Sound	15	19438312	264	1			260		other	0
10108004_2	714	Response	1	19441747	3698	1
10108004_2	715	Sound	18	19464984	260	1			260		other	0
10108004_2	715	Response	1	19468227	3503	1
10108004_2	716	Sound	14	19489827	260	1			260		other	0
10108004_2	716	Response	1	19511666	22099	1
10108004_2	717	Sound	13	19516336	260	1			260		other	0
10108004_2	718	Sound	18	19539011	261	1			260		other	0
10108004_2	718	Response	1	19542705	3955	1
10108004_2	719	Sound	21	19555350	261	1			260		other	0
10108004_2	719	Response	1	19561265	6176	1
10108004_2	720	Sound	17	19578190	260	1			260		other	0
10108004_2	720	Response	1	19583344	5414	1
10108004_2	721	Sound	13	19597529	259	1			260		other	0
10108004_2	722	Sound	18	19622372	261	1			260		other	0
10108004_2	722	Response	1	19624864	2752	1
10108004_2	723	Sound	11	19640044	259	1			260		other	0
10108004_2	723	Response	1	19663983	24199	1
10108004_2	724	Sound	19	19667386	259	1			260		other	0
10108004_2	725	Sound	12	19691909	273	1			260		other	0
10108004_2	726	Sound	16	19715409	265	1			260		other	0
10108004_2	726	Response	1	19718782	3639	1
10108004_2	727	Sound	11	19737744	259	1			260		other	0
10108004_2	728	Sound	18	19758750	259	1			260		other	0
10108004_2	728	Response	1	19762221	3730	1
10108004_2	729	Response	255	19844620	69043	1
10108004_2	730	Sound	109	19925643	261	1			260		other	0
10108004_2	730	Response	1	19929178	3797	1
10108004_2	731	Sound	108	19952485	261	1			260		other	0
10108004_2	731	Response	1	19956458	4234	1
10108004_2	732	Sound	108	19972658	260	1			260		other	0
10108004_2	732	Response	1	19975897	3500	1
10108004_2	733	Sound	110	19995831	259	1			260		other	0
10108004_2	733	Response	1	19998857	3285	1
10108004_2	734	Sound	107	20020007	259	1			260		other	0
10108004_2	734	Response	1	20024377	4629	1
10108004_2	735	Sound	105	20039515	261	1			260		other	0
10108004_2	735	Response	1	20043417	4163	1
10108004_2	736	Sound	109	20056018	258	1			260		other	0
10108004_2	736	Response	1	20059336	3577	1
10108004_2	737	Sound	101	20078359	259	1			260		other	0
10108004_2	738	Sound	110	20104203	260	1			260		other	0
10108004_2	738	Response	1	20107655	3713	1
10108004_2	739	Sound	110	20120375	260	1			260		other	0
10108004_2	739	Response	1	20123815	3700	1
10108004_2	740	Sound	104	20137881	260	1			260		other	0
10108004_2	741	Sound	108	20164389	259	1			260		other	0
10108004_2	741	Response	1	20169014	4884	1
10108004_2	742	Sound	109	20184404	267	1			260		other	0
10108004_2	742	Response	1	20187334	3197	1
10108004_2	743	Sound	102	20200236	260	1			260		other	0
10108004_2	744	Sound	106	20219576	261	1			260		other	0
10108004_2	744	Response	1	20223413	4097	1
10108004_2	745	Sound	105	20240250	261	1			260		other	0
10108004_2	745	Response	1	20244373	4384	1
10108004_2	746	Sound	111	20265258	261	1			260		other	0
10108004_2	746	Response	1	20267492	2495	1
10108004_2	747	Sound	102	20282264	260	1			260		other	0
10108004_2	748	Sound	105	20309939	259	1			260		other	0
10108004_2	748	Response	1	20314292	4612	1
10108004_2	749	Sound	101	20327298	280	1			260		other	0
10108004_2	750	Sound	108	20349801	275	1			260		other	0
10108004_2	750	Response	1	20352691	3165	1
10108004_2	751	Sound	102	20375962	260	1			260		other	0
10108004_2	752	Sound	104	20401971	260	1			260		other	0
10108004_2	753	Sound	107	20430814	260	1			260		other	0
10108004_2	753	Response	1	20435089	4535	1
10108004_2	754	Sound	103	20452488	260	1			260		other	0
10108004_2	755	Sound	101	20481331	259	1			260		other	0
10108004_2	756	Sound	108	20500337	259	1			260		other	0
10108004_2	756	Response	1	20503248	3171	1
10108004_2	757	Sound	111	20523011	259	1			260		other	0
10108004_2	757	Response	1	20526128	3376	1
10108004_2	758	Sound	104	20541352	260	1			260		other	0
10108004_2	759	Sound	102	20566360	259	1			260		other	0
10108004_2	760	Sound	104	20583033	260	1			260		other	0
10108004_2	761	Sound	106	20604040	260	1			260		other	0
10108004_2	761	Response	1	20607886	4106	1
10108004_2	762	Sound	102	20621213	260	1			260		other	0
10108004_2	763	Sound	103	20644054	260	1			260		other	0
10108004_2	764	Sound	111	20663225	259	1			260		other	0
10108004_2	764	Response	1	20666446	3479	1
10108004_2	765	Sound	103	20689902	259	1			260		other	0
10108004_2	766	Sound	101	20716577	259	1			260		other	0
10108004_2	767	Sound	107	20742920	259	1			260		other	0
10108004_2	767	Response	1	20747644	4984	1
10108004_2	768	Sound	106	20771264	260	1			260		other	0
10108004_2	768	Response	1	20775884	4880	1
10108004_2	769	Sound	111	20789270	260	1			260		other	0
10108004_2	769	Response	1	20792444	3434	1
10108004_2	770	Sound	110	20806444	261	1			260		other	0
10108004_2	770	Response	1	20810603	4420	1
10108004_2	771	Sound	109	20822447	259	1			260		other	0
10108004_2	771	Response	1	20825483	3295	1
10108004_2	772	Sound	110	20841293	266	1			260		other	0
10108004_2	772	Response	1	20844442	3415	1
10108004_2	773	Sound	111	20865629	259	1			260		other	0
10108004_2	773	Response	1	20870042	4673	1
10108004_2	774	Sound	101	20885803	260	1			260		other	0
10108004_2	775	Sound	109	20909644	259	1			260		other	0
10108004_2	775	Response	1	20913881	4497	1
10108004_2	776	Sound	107	20938320	259	1			260		other	0
10108004_2	776	Response	1	20941881	3820	1
10108004_2	777	Sound	106	20967165	261	1			260		other	0
10108004_2	777	Response	1	20970680	3776	1
10108004_2	778	Sound	103	20983170	260	1			260		other	0
10108004_2	779	Sound	106	21009345	260	1			260		other	0
10108004_2	779	Response	1	21013560	4475	1
10108004_2	780	Sound	105	21026351	260	1			260		other	0
10108004_2	781	Sound	103	21050693	260	1			260		other	0
10108004_2	782	Sound	104	21076201	260	1			260		other	0
10108004_2	783	Sound	107	21099708	259	1			260		other	0
10108004_2	784	Sound	105	21126386	261	1			260		other	0
10108004_2	785	Response	255	21695308	549263	1
10108004_2	786	Sound	102	21770605	260	1			260		other	0
10108004_2	787	Sound	101	21787943	259	1			260		other	0
10108004_2	788	Sound	109	21812452	260	1			260		other	0
10108004_2	788	Response	1	21816586	4393	1
10108004_2	789	Sound	101	21833792	259	1			260		other	0
10108004_2	790	Sound	109	21851297	258	1			260		other	0
10108004_2	790	Response	1	21854745	3706	1
10108004_2	791	Sound	107	21876641	260	1			260		other	0
10108004_2	791	Response	1	21880104	3723	1
10108004_2	792	Sound	108	21896981	260	1			260		other	0
10108004_2	792	Response	1	21900184	3463	1
10108004_2	793	Sound	103	21919174	279	1			260		other	0
10108004_2	794	Sound	107	21937997	261	1			260		other	0
10108004_2	794	Response	1	21941703	3968	1
10108004_2	795	Sound	108	21961003	260	1			260		other	0
10108004_2	795	Response	1	21964663	3920	1
10108004_2	796	Sound	103	21982509	259	1			260		other	0
10108004_2	797	Sound	109	22007519	260	1			260		other	0
10108004_2	797	Response	1	22010742	3483	1
10108004_2	798	Sound	109	22027193	260	1			260		other	0
10108004_2	798	Response	1	22031062	4129	1
10108004_2	799	Sound	105	22045366	260	1			260		other	0
10108004_2	800	Sound	102	22068706	259	1			260		other	0
10108004_2	801	Sound	101	22090046	259	1			260		other	0
10108004_2	802	Sound	110	22106053	260	1			260		other	0
10108004_2	802	Response	1	22109461	3668	1
10108004_2	803	Sound	105	22125892	259	1			260		other	0
10108004_2	804	Sound	108	22146069	262	1			260		other	0
10108004_2	804	Response	1	22149700	3893	1
10108004_2	805	Sound	110	22169574	260	1			260		other	0
10108004_2	805	Response	1	22173539	4225	1
10108004_2	806	Sound	110	22186078	259	1			260		other	0
10108004_2	806	Response	1	22190099	4279	1
10108004_2	807	Sound	103	22213090	261	1			260		other	0
10108004_2	808	Sound	106	22236270	266	1			260		other	0
10108004_2	809	Sound	101	22262273	260	1			260		other	0
10108004_2	810	Sound	111	22289468	279	1			260		other	0
10108004_2	810	Response	1	22292737	3549	1
10108004_2	811	Sound	110	22312789	259	1			260		other	0
10108004_2	811	Response	1	22317217	4687	1
10108004_2	812	Sound	102	22329294	259	1			260		other	0
10108004_2	813	Sound	102	22357973	261	1			260		other	0
10108004_2	814	Sound	105	22386814	258	1			260		other	0
10108004_2	815	Sound	104	22414493	261	1			260		other	0
10108004_2	816	Sound	103	22443166	259	1			260		other	0
10108004_2	817	Sound	107	22464176	261	1			260		other	0
10108004_2	817	Response	1	22468414	4500	1
10108004_2	818	Sound	108	22489867	277	1			260		other	0
10108004_2	818	Response	1	22495294	5704	1
10108004_2	819	Sound	106	22511358	260	1			260		other	0
10108004_2	820	Sound	102	22531197	259	1			260		other	0
10108004_2	821	Sound	111	22554539	260	1			260		other	0
10108004_2	821	Response	1	22557933	3654	1
10108004_2	822	Sound	106	22573710	258	1			260		other	0
10108004_2	823	Sound	106	22598722	261	1			260		other	0
10108004_2	823	Response	1	22605612	7151	1
10108004_2	824	Sound	107	22621728	259	1			260		other	0
10108004_2	825	Sound	111	22638735	260	1			260		other	0
10108004_2	825	Response	1	22642491	4017	1
10108004_2	826	Sound	104	22664076	260	1			260		other	0
10108004_2	827	Sound	105	22688250	259	1			260		other	0
10108004_2	828	Sound	107	22709764	266	1			260		other	0
10108004_2	829	Sound	111	22731264	259	1			260		other	0
10108004_2	829	Response	1	22734729	3724	1
10108004_2	830	Sound	109	22757775	260	1			260		other	0
10108004_2	830	Response	1	22761769	4254	1
10108004_2	831	Sound	104	22783285	261	1			260		other	0
10108004_2	832	Sound	101	22804623	259	1			260		other	0
10108004_2	833	Sound	111	22823297	259	1			260		other	0
10108004_2	833	Response	1	22828648	5611	1
10108004_2	834	Sound	104	22841469	259	1			260		other	0
10108004_2	835	Sound	110	22863976	258	1			260		other	0
10108004_2	835	Response	1	22868647	4929	1
10108004_2	836	Sound	106	22889486	259	1			260		other	0
10108004_2	836	Response	1	22895927	6700	1
10108004_2	837	Sound	103	22914327	259	1			260		other	0
10108004_2	838	Sound	108	22931501	260	1			260		other	0
10108004_2	838	Response	1	22936726	5485	1
10108004_2	839	Sound	105	22958858	275	1			260		other	0
10108004_2	840	Sound	104	22975681	258	1			260		other	0
10108004_2	841	Response	255	23014085	18575	1
10108004_2	842	Sound	101	23098223	258	1			260		other	0
10108004_2	843	Sound	107	23124400	260	1			260		other	0
10108004_2	843	Response	1	23128963	4823	1
10108004_2	844	Sound	102	23146240	259	1			260		other	0
10108004_2	845	Sound	106	23164915	261	1			260		other	0
10108004_2	845	Response	1	23168722	4068	1
10108004_2	846	Sound	102	23180756	263	1			260		other	0
10108004_2	847	Sound	108	23206761	259	1			260		other	0
10108004_2	847	Response	1	23210721	4220	1
10108004_2	848	Sound	109	23223267	260	1			260		other	0
10108004_2	848	Response	1	23229921	6914	1
10108004_2	849	Sound	110	23248274	259	1			260		other	0
10108004_2	849	Response	1	23251361	3345	1
10108004_2	850	Sound	101	23273785	261	1			260		other	0
10108004_2	851	Sound	106	23298459	260	1			260		other	0
10108004_2	851	Response	1	23302000	3800	1
10108004_2	852	Sound	110	23317798	258	1			260		other	0
10108004_2	852	Response	1	23322559	5020	1
10108004_2	853	Sound	102	23339641	260	1			260		other	0
10108004_2	854	Sound	107	23358813	260	1			260		other	0
10108004_2	854	Response	1	23362959	4405	1
10108004_2	855	Sound	105	23376652	259	1			260		other	0
10108004_2	855	Response	1	23380638	4245	1
10108004_2	856	Sound	106	23394660	261	1			260		other	0
10108004_2	856	Response	1	23398798	4399	1
10108004_2	857	Sound	106	23423002	259	1			260		other	0
10108004_2	857	Response	1	23426557	3815	1
10108004_2	858	Sound	101	23443351	269	1			260		other	0
10108004_2	859	Sound	103	23468183	259	1			260		other	0
10108004_2	860	Sound	107	23487357	260	1			260		other	0
10108004_2	860	Response	1	23492316	5219	1
10108004_2	861	Sound	103	23509698	260	1			260		other	0
10108004_2	862	Sound	111	23527050	272	1			260		other	0
10108004_2	862	Response	1	23530076	3298	1
10108004_2	863	Sound	105	23544208	258	1			260		other	0
10108004_2	864	Sound	106	23566050	259	1			260		other	0
10108004_2	865	Sound	110	23585556	258	1			260		other	0
10108004_2	865	Response	1	23590395	5097	1
10108004_2	866	Sound	105	23614067	259	1			260		other	0
10108004_2	866	Response	1	23617914	4107	1
10108004_2	867	Sound	102	23631247	267	1			260		other	0
10108004_2	868	Sound	101	23652913	259	1			260		other	0
10108004_2	869	Sound	101	23676257	262	1			260		other	0
10108004_2	870	Sound	111	23698263	261	1			260		other	0
10108004_2	870	Response	1	23701593	3590	1
10108004_2	871	Sound	109	23723269	258	1			260		other	0
10108004_2	871	Response	1	23726472	3461	1
10108004_2	872	Sound	104	23740947	263	1			260		other	0
10108004_2	873	Sound	102	23767954	261	1			260		other	0
10108004_2	874	Sound	103	23787795	262	1			260		other	0
10108004_2	875	Sound	107	23806134	261	1			260		other	0
10108004_2	875	Response	1	23811431	5558	1
10108004_2	876	Sound	109	23826144	264	1			260		other	0
10108004_2	876	Response	1	23832231	6351	1
10108004_2	877	Sound	108	23851981	259	1			260		other	0
10108004_2	878	Sound	109	23876155	259	1			260		other	0
10108004_2	878	Response	1	23882629	6733	1
10108004_2	879	Sound	104	23893329	260	1			260		other	0
10108004_2	880	Sound	104	23922172	260	1			260		other	0
10108004_2	881	Sound	108	23942513	260	1			260		other	0
10108004_2	881	Response	1	23948148	5896	1
10108004_2	882	Sound	110	23960685	259	1			260		other	0
10108004_2	883	Sound	105	23987195	260	1			260		other	0
10108004_2	884	Sound	104	24008702	260	1			260		other	0
10108004_2	885	Sound	108	24035210	259	1			260		other	0
10108004_2	885	Response	1	24039907	4956	1
10108004_2	886	Sound	103	24054719	261	1			260		other	0
10108004_2	887	Sound	103	24079058	259	1			260		other	0
10108004_2	888	Sound	111	24096065	260	1			260		other	0
10108004_2	888	Response	1	24098946	3141	1
10108004_2	889	Sound	107	24112742	264	1			260		other	0
10108004_2	890	Sound	111	24132078	260	1			260		other	0
10108004_2	890	Response	1	24135425	3608	1
10108004_2	891	Sound	108	24149082	259	1			260		other	0
10108004_2	891	Response	1	24157905	9082	1
10108004_2	892	Sound	105	24174758	260	1			260		other	0
10108004_2	893	Sound	104	24202938	263	1			260		other	0
10108004_2	894	Sound	111	24226944	261	1			260		other	0
10108004_2	894	Response	1	24230224	3540	1
10108004_2	895	Sound	109	24254954	262	1			260		other	0
10108004_2	895	Response	1	24259263	4570	1
10108004_2	896	Sound	110	24279294	259	1			260		other	0
10108004_2	896	Response	1	24282623	3588	1
10108004_2	897	Response	255	24316462	12673	1
10108004_2	898	Sound	20	24384336	266	1			260		other	0
10108004_2	898	Response	1	24387501	3430	1
10108004_2	899	Sound	17	24408172	260	1			260		other	0
10108004_2	899	Response	1	24410620	2709	1
10108004_2	900	Sound	11	24427344	259	1			260		other	0
10108004_2	901	Sound	16	24445352	261	1			260		other	0
10108004_2	901	Response	1	24448620	3529	1
10108004_2	902	Sound	11	24464358	260	1			260		other	0
10108004_2	902	Response	1	24479419	15322	1
10108004_2	903	Sound	14	24479695	259	1			260		other	0
10108004_2	904	Sound	20	24500371	261	1			260		other	0
10108004_2	904	Response	1	24504379	4269	1
10108004_2	905	Sound	13	24526046	261	1			260		other	0
10108004_2	906	Sound	21	24553338	793	1			260		other	0
10108004_2	906	Response	1	24557018	4473	1
10108004_2	907	Response	1	24575338	35	1
10108004_2	907	Sound	20	24575561	259	1			260		other	0
10108004_2	908	Sound	21	24598738	261	1			260		other	0
10108004_2	908	Response	1	24601337	2860	1
10108004_2	909	Sound	13	24618742	258	1			260		other	0
10108004_2	910	Sound	19	24641584	259	1			260		other	0
10108004_2	910	Response	1	24644616	3292	1
10108004_2	911	Sound	17	24665760	261	1			260		other	0
10108004_2	911	Response	1	24668456	2956	1
10108004_2	912	Sound	16	24690102	261	1			260		other	0
10108004_2	912	Response	1	24694855	5014	1
10108004_2	913	Sound	13	24708774	259	1			260		other	0
10108004_2	914	Sound	20	24734450	260	1			260		other	0
10108004_2	914	Response	1	24737655	3465	1
10108004_2	915	Sound	18	24753629	266	1			260		other	0
10108004_2	915	Response	1	24757334	3972	1
10108004_2	916	Sound	18	24780798	259	1			260		other	0
10108004_2	916	Response	1	24783574	3035	1
10108004_2	917	Sound	15	24805975	261	1			260		other	0
10108004_2	917	Response	1	24811733	6019	1
10108004_2	918	Sound	11	24831982	259	1			260		other	0
10108004_2	919	Sound	18	24854490	259	1			260		other	0
10108004_2	919	Response	1	24857812	3582	1
10108004_2	920	Sound	16	24879332	259	1			260		other	0
10108004_2	920	Response	1	24882692	3620	1
10108004_2	921	Sound	13	24904674	259	1			260		other	0
10108004_2	922	Sound	18	24925015	260	1			260		other	0
10108004_2	922	Response	1	24928371	3617	1
10108004_2	923	Sound	17	24941186	259	1			260		other	0
10108004_2	924	Sound	16	24969029	259	1			260		other	0
10108004_2	924	Response	1	24973171	4401	1
10108004_2	925	Sound	14	24993871	260	1			260		other	0
10108004_2	926	Sound	12	25012043	259	1			260		other	0
10108004_2	927	Sound	16	25037554	261	1			260		other	0
10108004_2	927	Response	1	25041730	4436	1
10108004_2	928	Sound	15	25056559	259	1			260		other	0
10108004_2	929	Sound	13	25076234	261	1			260		other	0
10108004_2	930	Sound	18	25094740	261	1			260		other	0
10108004_2	930	Response	1	25098288	3809	1
10108004_2	931	Sound	12	25121581	259	1			260		other	0
10108004_2	932	Sound	15	25136924	263	1			260		other	0
10108004_2	932	Response	1	25140928	4267	1
10108004_2	933	Sound	17	25159928	260	1			260		other	0
10108004_2	934	Sound	19	25175932	259	1			260		other	0
10108004_2	934	Response	1	25179567	3893	1
10108004_2	935	Sound	14	25194941	261	1			260		other	0
10108004_2	936	Sound	11	25216125	271	1			260		other	0
10108004_2	937	Sound	12	25234953	260	1			260		other	0
10108004_2	938	Sound	11	25258628	259	1			260		other	0
10108004_2	939	Sound	19	25281469	260	1			260		other	0
10108004_2	939	Response	1	25286205	4995	1
10108004_2	940	Sound	21	25298976	260	1			260		other	0
10108004_2	940	Response	1	25305164	6449	2
10108004_2	941	Sound	14	25324984	260	1			260		other	0
10108004_2	942	Sound	14	25350992	259	1			260		other	0
10108004_2	942	Response	1	25351484	751	1
10108004_2	943	Sound	21	25374167	259	1			260		other	0
10108004_2	943	Response	1	25379483	5575	1
10108004_2	944	Sound	15	25390673	259	1			260		other	0
10108004_2	945	Sound	19	25408846	260	1			260		other	0
10108004_2	945	Response	1	25412203	3616	1
10108004_2	946	Sound	21	25428854	261	1			260		other	0
10108004_2	946	Response	1	25432523	3929	1
10108004_2	947	Sound	15	25453360	259	1			260		other	0
10108004_2	947	Response	1	25459242	6141	1
10108004_2	948	Sound	12	25476369	260	1			260		other	0
10108004_2	949	Sound	20	25494875	259	1			260		other	0
10108004_2	949	Response	1	25498121	3506	1
10108004_2	950	Sound	12	25522718	260	1			260		other	0
10108004_2	951	Sound	19	25547393	259	1			260		other	0
10108004_2	951	Response	1	25550761	3627	1
10108004_2	952	Sound	17	25573571	261	1			260		other	0
10108004_2	953	Response	255	26062112	460713	1
10108004_2	954	Sound	19	26124423	260	1			260		other	0
10108004_2	954	Response	1	26127870	3707	1
10108004_2	955	Sound	18	26141429	259	1			260		other	0
10108004_2	955	Response	1	26144670	3501	1
10108004_2	956	Sound	14	26165439	261	1			260		other	0
10108004_2	957	Sound	16	26193613	258	1			260		other	0
10108004_2	957	Response	1	26199549	6195	1
10108004_2	958	Sound	12	26216455	260	1			260		other	0
10108004_2	959	Sound	21	26237629	260	1			260		other	0
10108004_2	959	Response	1	26241709	4339	1
10108004_2	960	Sound	21	26259470	260	1			260		other	0
10108004_2	960	Response	1	26263068	3858	1
10108004_2	961	Sound	12	26274642	260	1			260		other	0
10108004_2	962	Sound	20	26291148	260	1			260		other	0
10108004_2	962	Response	1	26293707	2819	1
10108004_2	963	Sound	12	26311508	280	1			260		other	0
10108004_2	964	Sound	19	26336505	269	1			260		other	0
10108004_2	964	Response	1	26339307	3070	1
10108004_2	965	Sound	17	26362838	259	1			260		other	0
10108004_2	965	Response	1	26366666	4088	1
10108004_2	966	Sound	11	26386012	259	1			260		other	0
10108004_2	967	Sound	18	26410353	258	1			260		other	0
10108004_2	967	Response	1	26414025	3930	1
10108004_2	968	Sound	13	26427028	261	1			260		other	0
10108004_2	969	Sound	11	26455371	260	1			260		other	0
10108004_2	970	Sound	15	26472875	259	1			260		other	0
10108004_2	970	Response	1	26478264	5648	1
10108004_2	971	Sound	18	26488403	281	1			260		other	0
10108004_2	971	Response	1	26494424	6302	1
10108004_2	972	Sound	21	26513557	260	1			260		other	0
10108004_2	972	Response	1	26516904	3607	1
10108004_2	973	Sound	20	26537402	264	1			260		other	0
10108004_2	973	Response	1	26540503	3365	1
10108004_2	974	Sound	14	26560739	259	1			260		other	0
10108004_2	975	Sound	19	26582414	260	1			260		other	0
10108004_2	975	Response	1	26585543	3389	1
10108004_2	976	Sound	18	26609103	274	1			260		other	0
10108004_2	976	Response	1	26612662	3833	1
10108004_2	977	Sound	13	26630264	261	1			260		other	0
10108004_2	978	Sound	13	26647769	259	1			260		other	0
10108004_2	979	Sound	20	26668110	260	1			260		other	0
10108004_2	979	Response	1	26672501	4651	1
10108004_2	980	Sound	15	26694284	259	1			260		other	0
10108004_2	980	Response	1	26700261	6235	1
10108004_2	981	Sound	14	26710623	259	1			260		other	0
10108004_2	982	Sound	18	26730464	260	1			260		other	0
10108004_2	982	Response	1	26734500	4296	1
10108004_2	983	Sound	12	26750971	260	1			260		other	0
10108004_2	984	Sound	13	26773812	259	1			260		other	0
10108004_2	984	Response	1	26786259	12707	1
10108004_2	985	Sound	20	26796485	258	1			260		other	0
10108004_2	985	Response	1	26803139	6912	1
10108004_2	986	Sound	14	26822162	260	1			260		other	0
10108004_2	987	Sound	17	26843003	260	1			260		other	0
10108004_2	987	Response	1	26847858	5115	1
10108004_2	988	Sound	16	26862842	259	1			260		other	0
10108004_2	989	Sound	11	26888696	271	1			260		other	0
10108004_2	990	Sound	20	26913026	259	1			260		other	0
10108004_2	990	Response	1	26917137	4370	1
10108004_2	991	Sound	11	26937534	259	1			260		other	0
10108004_2	992	Sound	14	26962395	278	1			260		other	0
10108004_2	993	Sound	15	26979048	259	1			260		other	0
10108004_2	994	Sound	17	27000394	264	1			260		other	0
10108004_2	994	Response	1	27008895	8765	1
10108004_2	995	Sound	19	27018563	260	1			260		other	0
10108004_2	995	Response	1	27025455	7152	1
10108004_2	996	Sound	19	27045237	259	1			260		other	0
10108004_2	996	Response	1	27049934	4956	1
10108004_2	997	Sound	12	27066912	259	1			260		other	0
10108004_2	998	Sound	21	27090594	267	1			260		other	0
10108004_2	998	Response	1	27093214	2887	1
10108004_2	999	Sound	21	27110594	260	1			260		other	0
10108004_2	999	Response	1	27114653	4320	1
10108004_2	1000	Sound	16	27131101	260	1			260		other	0
10108004_2	1001	Sound	15	27159111	260	1			260		other	0
10108004_2	1002	Sound	17	27178951	260	1			260		other	0
10108004_2	1002	Response	1	27183212	4522	1
10108004_2	1003	Sound	16	27202459	260	1			260		other	0
10108004_2	1004	Sound	13	27225466	259	1			260		other	0
10108004_2	1005	Sound	11	27250808	260	1			260		other	0
10108004_2	1005	Response	1	27251611	1063	1
10108004_2	1006	Sound	16	27278650	259	1			260		other	0
10108004_2	1006	Response	1	27281930	3539	1
10108004_2	1007	Sound	17	27301826	260	1			260		other	0
10108004_2	1007	Response	1	27305770	4204	1
10108004_2	1008	Sound	15	27322832	259	1			260		other	0
10108004_2	1008	Response	1	27326089	3516	1
