Scenario - 
Logfile written - 02/07/2019 18:20:08

Subject	Trial	Event Type	Code	Time	TTime	Uncertainty	Duration	Uncertainty	ReqTime	ReqDur	Stim Type	Pair Index

10108022	1	Response	255	81661	81328	1
10108022	2	Sound	108	157807	340	1			260		other	0
10108022	2	Response	1	169894	12427	3
10108022	3	Sound	104	176206	401	1			260		other	0
10108022	4	Sound	106	197604	293	1			260		other	0
10108022	5	Sound	104	215203	387	1			260		other	0
10108022	6	Sound	104	241602	278	1			260		other	0
10108022	7	Sound	108	264800	302	1			260		other	0
10108022	7	Response	1	275649	11151	1
10108022	8	Sound	106	292999	325	1			260		other	0
10108022	9	Sound	109	311198	352	1			260		other	0
10108022	9	Response	1	315167	4322	1
10108022	10	Sound	103	333596	412	1			260		other	0
10108022	11	Sound	102	361994	301	1			260		other	0
10108022	12	Sound	107	388193	325	1			260		other	0
10108022	12	Response	1	391882	4014	1
10108022	13	Sound	102	415991	283	1			260		other	0
10108022	14	Sound	111	442390	339	1			260		other	0
10108022	14	Response	1	445799	3748	1
10108022	15	Sound	109	459989	433	1			260		other	0
10108022	15	Response	1	464117	4561	1
10108022	16	Sound	101	478188	460	1			260		other	0
10108022	17	Sound	107	503986	417	1			260		other	0
10108022	17	Response	1	507635	4066	1
10108022	18	Sound	104	525385	309	1			260		other	0
10108022	18	Response	1	531633	6558	1
10108022	19	Sound	106	545583	337	1			260		other	0
10108022	19	Response	1	551552	6305	1
10108022	20	Sound	108	566382	295	1			260		other	0
10108022	20	Response	1	570111	4023	1
10108022	21	Sound	101	588581	320	1			260		other	0
10108022	22	Sound	104	604980	382	1			260		other	0
10108022	23	Sound	111	624779	341	1			260		other	0
10108022	23	Response	1	627307	2869	1
10108022	24	Sound	110	642378	434	1			260		other	0
10108022	24	Response	1	646346	4403	1
10108022	25	Sound	111	666776	326	1			260		other	0
10108022	25	Response	1	669945	3494	1
10108022	26	Sound	108	694774	316	1			260		other	0
10108022	26	Response	1	699223	4764	1
10108022	27	Sound	102	717373	408	1			260		other	0
10108022	28	Sound	110	740172	366	1			260		other	0
10108022	28	Response	1	744180	4375	1
10108022	29	Sound	109	755971	329	1			260		other	0
10108022	29	Response	1	762979	7337	1
10108022	30	Sound	107	783569	417	1			260		other	0
10108022	30	Response	1	787858	4706	1
10108022	31	Sound	109	809568	408	1			260		other	0
10108022	31	Response	1	813456	4297	1
10108022	32	Sound	111	832566	400	1			260		other	0
10108022	32	Response	1	835935	3768	1
10108022	33	Sound	103	853765	426	1			260		other	0
10108022	34	Sound	103	873164	319	1			260		other	0
10108022	35	Sound	105	889363	346	1			260		other	0
10108022	35	Response	1	893851	4835	1
10108022	36	Sound	105	915161	305	1			260		other	0
10108022	36	Response	1	919849	4993	1
10108022	37	Sound	102	942360	327	1			260		other	0
10108022	38	Sound	102	960559	354	1			260		other	0
10108022	39	Sound	110	976558	349	1			260		other	0
10108022	39	Response	1	980086	3877	1
10108022	40	Sound	101	1000156	274	1			260		other	0
10108022	41	Sound	103	1017155	434	1			260		other	0
10108022	42	Sound	110	1043753	358	1			260		other	0
10108022	42	Response	1	1047362	3966	1
10108022	43	Sound	101	1069352	283	1			260		other	0
10108022	44	Sound	110	1087751	342	1			260		other	0
10108022	44	Response	1	1091119	3710	1
10108022	45	Sound	107	1110949	368	1			260		other	0
10108022	45	Response	1	1115517	4936	1
10108022	46	Sound	106	1130348	427	1			260		other	0
10108022	46	Response	1	1134956	5035	1
10108022	47	Sound	111	1149347	420	1			260		other	0
10108022	47	Response	1	1153355	4428	1
10108022	48	Sound	108	1168746	313	1			260		other	0
10108022	48	Response	1	1172554	4121	1
10108022	49	Sound	106	1195744	470	1			260		other	0
10108022	49	Response	1	1199432	4158	1
10108022	50	Sound	101	1218143	362	1			260		other	0
10108022	51	Sound	109	1237742	455	1			260		other	0
10108022	51	Response	1	1242229	4943	1
10108022	52	Sound	105	1256941	316	1			260		other	0
10108022	53	Sound	105	1282939	306	1			260		other	0
10108022	53	Response	1	1287907	5274	1
10108022	54	Sound	103	1299938	467	1			260		other	0
10108022	55	Sound	107	1316937	294	1			260		other	0
10108022	55	Response	1	1321504	4861	1
10108022	56	Sound	105	1334136	321	1			260		other	0
10108022	56	Response	1	1339904	6089	1
10108022	57	Response	255	1727800	368564	1
10108022	58	Sound	107	1809907	285	1			260		other	0
10108022	58	Response	1	1814514	4892	1
10108022	59	Sound	106	1827706	412	1			260		other	0
10108022	60	Sound	103	1855505	369	1			260		other	0
10108022	61	Sound	108	1873504	362	1			260		other	0
10108022	61	Response	1	1877870	4729	1
10108022	62	Sound	107	1893502	356	1			260		other	0
10108022	63	Sound	108	1920101	446	1			260		other	0
10108022	63	Response	1	1924028	4373	1
10108022	64	Sound	109	1945299	470	1			260		other	0
10108022	64	Response	1	1949786	4956	1
10108022	65	Sound	109	1966298	296	1			260		other	0
10108022	65	Response	1	1970105	4102	1
10108022	66	Sound	102	1992896	387	1			260		other	0
10108022	67	Sound	110	2016495	311	1			260		other	0
10108022	67	Response	1	2019862	3678	1
10108022	68	Sound	111	2043893	368	1			260		other	0
10108022	68	Response	1	2046980	3455	1
10108022	69	Sound	105	2072492	458	1			260		other	0
10108022	69	Response	1	2076258	4225	1
10108022	70	Sound	102	2089091	385	1			260		other	0
10108022	71	Sound	103	2111689	310	1			260		other	0
10108022	72	Sound	104	2136088	369	1			260		other	0
10108022	73	Sound	105	2159686	460	1			260		other	0
10108022	73	Response	1	2163853	4626	1
10108022	74	Sound	102	2180885	319	1			260		other	0
10108022	75	Sound	101	2204884	311	1			260		other	0
10108022	76	Sound	107	2232082	334	1			260		other	0
10108022	76	Response	1	2237208	5461	1
10108022	77	Sound	111	2259680	424	1			260		other	0
10108022	77	Response	1	2263686	4430	1
10108022	78	Sound	107	2288079	314	1			260		other	0
10108022	78	Response	1	2294485	6720	1
10108022	79	Sound	109	2307677	407	1			260		other	0
10108022	79	Response	1	2311524	4253	1
10108022	80	Sound	108	2335076	464	1			260		other	0
10108022	80	Response	1	2338562	3951	1
10108022	81	Sound	106	2356675	390	1			260		other	0
10108022	81	Response	1	2361121	4836	1
10108022	82	Sound	109	2373074	451	1			260		other	0
10108022	82	Response	1	2376160	3537	1
10108022	83	Sound	110	2397272	309	1			260		other	0
10108022	83	Response	1	2401278	4315	1
10108022	84	Sound	104	2418671	368	1			260		other	0
10108022	84	Response	1	2423117	4814	1
10108022	85	Sound	104	2443269	459	1			260		other	0
10108022	86	Sound	105	2465268	284	1			260		other	0
10108022	86	Response	1	2468794	3810	1
10108022	87	Sound	110	2489467	309	1			260		other	0
10108022	87	Response	1	2492793	3635	1
10108022	88	Sound	101	2505466	470	1			260		other	0
10108022	89	Sound	103	2522265	431	1			260		other	0
10108022	90	Sound	111	2543463	457	1			260		other	0
10108022	90	Response	1	2546789	3783	1
10108022	91	Sound	110	2566462	282	1			260		other	0
10108022	92	Sound	101	2588661	307	1			260		other	0
10108022	93	Sound	102	2612659	299	1			260		other	0
10108022	94	Sound	103	2628658	460	1			260		other	0
10108022	95	Sound	106	2657256	384	1			260		other	0
10108022	95	Response	1	2660782	3909	1
10108022	96	Sound	105	2680455	408	1			260		other	0
10108022	96	Response	1	2687021	6973	1
10108022	97	Sound	104	2700254	367	1			260		other	0
10108022	98	Sound	104	2716253	362	1			260		other	0
10108022	99	Sound	102	2734452	389	1			260		other	0
10108022	100	Sound	108	2754051	315	1			260		other	0
10108022	100	Response	1	2758616	4880	1
10108022	101	Sound	101	2772050	308	1			260		other	0
10108022	102	Sound	108	2789849	435	1			260		other	0
10108022	102	Response	1	2794454	5041	1
10108022	103	Sound	111	2812247	327	1			260		other	0
10108022	103	Response	1	2817413	5493	1
10108022	104	Sound	106	2830046	454	1			260		other	0
10108022	105	Sound	110	2855045	445	1			260		other	0
10108022	105	Response	1	2859170	4571	1
10108022	106	Sound	109	2879643	370	1			260		other	0
10108022	107	Sound	107	2907441	327	1			260		other	0
10108022	107	Response	1	2911967	4852	1
10108022	108	Sound	111	2926840	387	1			260		other	0
10108022	108	Response	1	2930525	4072	1
10108022	109	Sound	105	2948039	412	1			260		other	0
10108022	110	Sound	106	2967838	372	1			260		other	0
10108022	111	Sound	101	2994436	463	1			260		other	0
10108022	112	Sound	103	3011635	323	1			260		other	0
10108022	113	Response	255	3468173	434940	1
10108022	114	Sound	103	3535604	303	1			260		other	0
10108022	115	Sound	111	3561802	327	1			260		other	0
10108022	115	Response	1	3566246	4771	1
10108022	116	Sound	101	3586801	318	1			260		other	0
10108022	117	Sound	101	3610199	376	1			260		other	0
10108022	118	Sound	110	3629198	369	1			260		other	0
10108022	118	Response	1	3633522	4694	1
10108022	119	Sound	105	3656596	426	1			260		other	0
10108022	120	Sound	104	3677395	385	1			260		other	0
10108022	121	Sound	111	3696994	312	1			260		other	0
10108022	121	Response	1	3700558	3876	1
10108022	122	Sound	102	3717193	338	1			260		other	0
10108022	123	Sound	106	3740791	430	1			260		other	0
10108022	124	Sound	102	3757790	424	1			260		other	0
10108022	125	Sound	106	3782189	315	1			260		other	0
10108022	126	Sound	110	3800188	308	1			260		other	0
10108022	126	Response	1	3804552	4672	1
10108022	127	Sound	105	3816187	303	1			260		other	0
10108022	128	Sound	111	3837786	395	1			260		other	0
10108022	128	Response	1	3842149	4758	2
10108022	129	Sound	108	3863584	352	1			260		other	0
10108022	129	Response	1	3867428	4196	1
10108022	130	Sound	109	3880383	313	1			260		other	0
10108022	131	Sound	107	3902182	272	1			260		other	0
10108022	131	Response	1	3907185	5276	1
10108022	132	Sound	110	3928780	362	1			260		other	0
10108022	132	Response	1	3933824	5406	1
10108022	133	Sound	109	3952379	287	1			260		other	0
10108022	133	Response	1	3956382	4291	1
10108022	134	Sound	106	3973977	380	1			260		other	0
10108022	135	Sound	108	3995576	305	1			260		other	0
10108022	135	Response	1	3999820	4549	1
10108022	136	Sound	111	4023574	295	1			260		other	0
10108022	136	Response	1	4027098	3819	1
10108022	137	Sound	104	4041573	455	1			260		other	0
10108022	138	Sound	102	4060172	382	1			260		other	0
10108022	139	Sound	102	4083771	307	1			260		other	0
10108022	140	Sound	104	4105169	366	1			260		other	0
10108022	141	Sound	104	4128768	458	1			260		other	0
10108022	142	Sound	101	4150767	450	1			260		other	0
10108022	143	Sound	101	4169766	443	1			260		other	0
10108022	144	Sound	107	4196964	467	1			260		other	0
10108022	144	Response	1	4202287	5790	1
10108022	145	Sound	108	4219163	326	1			260		other	0
10108022	145	Response	1	4223486	4649	1
10108022	146	Sound	108	4246561	382	1			260		other	0
10108022	146	Response	1	4251484	5306	1
10108022	147	Sound	111	4267160	475	1			260		other	0
10108022	147	Response	1	4270283	3599	1
10108022	148	Sound	108	4293358	332	1			260		other	0
10108022	148	Response	1	4297161	4136	1
10108022	149	Sound	104	4316357	324	1			260		other	0
10108022	150	Sound	101	4340955	416	1			260		other	0
10108022	151	Sound	103	4361154	275	1			260		other	0
10108022	152	Sound	110	4386752	366	1			260		other	0
10108022	152	Response	1	4391236	4849	1
10108022	153	Sound	109	4415351	456	1			260		other	0
10108022	153	Response	1	4419234	4339	1
10108022	154	Sound	107	4440149	413	1			260		other	0
10108022	154	Response	1	4444112	4377	1
10108022	155	Sound	105	4457148	407	1			260		other	0
10108022	156	Sound	109	4477347	433	1			260		other	0
10108022	156	Response	1	4484350	7436	1
10108022	157	Sound	110	4499946	359	1			260		other	0
10108022	157	Response	1	4504189	4602	2
10108022	158	Sound	102	4520744	318	1			260		other	0
10108022	159	Sound	107	4543143	377	1			260		other	0
10108022	159	Response	1	4548346	5579	2
10108022	160	Sound	105	4563342	403	1			260		other	0
10108022	161	Sound	105	4589540	427	1			260		other	0
10108022	161	Response	1	4593303	4190	1
10108022	162	Sound	109	4612939	318	1			260		other	0
10108022	162	Response	1	4617382	4761	1
10108022	163	Sound	103	4631138	345	1			260		other	0
10108022	164	Sound	106	4652736	438	1			260		other	0
10108022	164	Response	1	4658659	6360	1
10108022	165	Sound	103	4675735	429	1			260		other	0
10108022	166	Sound	103	4700934	287	1			260		other	0
10108022	167	Sound	106	4721532	380	1			260		other	0
10108022	167	Response	1	4726175	5022	1
10108022	168	Sound	107	4746331	338	1			260		other	0
10108022	169	Response	255	5440851	668937	1
10108022	169	Response	1	5483728	711814	1
10108022	170	Sound	12	5521084	361	1			260		other	0
10108022	171	Sound	20	5542683	454	1			260		other	0
10108022	171	Response	1	5549244	7015	1
10108022	172	Sound	21	5568481	411	1			260		other	0
10108022	172	Response	1	5571963	3892	1
10108022	173	Sound	13	5591680	436	1			260		other	0
10108022	174	Sound	16	5619678	426	1			260		other	0
10108022	175	Sound	13	5636077	320	1			260		other	0
10108022	176	Sound	18	5656876	279	1			260		other	0
10108022	176	Response	1	5661477	4881	1
10108022	177	Sound	20	5680875	437	1			260		other	0
10108022	177	Response	1	5684436	3998	1
10108022	178	Sound	19	5709073	461	1			260		other	0
10108022	178	Response	1	5711954	3342	1
10108022	179	Sound	20	5735671	385	1			260		other	0
10108022	179	Response	1	5738593	3306	1
10108022	180	Sound	14	5754670	378	1			260		other	0
10108022	181	Sound	11	5776069	270	1			260		other	0
10108022	182	Sound	13	5796268	296	1			260		other	0
10108022	183	Sound	19	5819266	455	1			260		other	0
10108022	183	Response	1	5822028	3216	1
10108022	184	Sound	20	5845265	279	1			260		other	0
10108022	184	Response	1	5849786	4800	1
10108022	185	Sound	15	5872663	336	1			260		other	0
10108022	185	Response	1	5876424	4097	1
10108022	186	Sound	15	5900861	359	1			260		other	0
10108022	187	Sound	14	5924660	317	1			260		other	0
10108022	187	Response	1	5932581	8238	1
10108022	188	Sound	14	5952058	374	1			260		other	0
10108022	188	Response	1	5955539	3855	1
10108022	189	Sound	14	5970457	434	1			260		other	0
10108022	190	Sound	17	5996056	359	1			260		other	0
10108022	190	Response	1	5999617	3919	1
10108022	191	Sound	17	6012055	353	1			260		other	0
10108022	191	Response	1	6018015	6313	1
10108022	192	Sound	18	6027654	447	1			260		other	0
10108022	192	Response	1	6031534	4328	1
10108022	193	Sound	21	6046253	374	1			260		other	0
10108022	193	Response	1	6048334	2455	1
10108022	194	Sound	19	6073451	397	1			260		other	0
10108022	194	Response	1	6076972	3918	1
10108022	195	Sound	20	6091450	391	1			260		other	0
10108022	195	Response	1	6094891	3832	1
10108022	196	Sound	18	6112049	317	1			260		other	0
10108022	196	Response	1	6114569	2837	1
10108022	197	Sound	19	6129848	444	1			260		other	0
10108022	197	Response	1	6132888	3485	1
10108022	197	Response	1	6155847	26443	1
10108022	198	Sound	16	6157846	434	1			260		other	0
10108022	199	Sound	17	6182245	325	1			260		other	0
10108022	199	Response	1	6184245	2326	1
10108022	200	Sound	18	6209843	415	1			260		other	0
10108022	200	Response	1	6212643	3216	1
10108022	201	Sound	11	6234441	340	1			260		other	0
10108022	202	Sound	12	6255840	399	1			260		other	0
10108022	203	Sound	11	6275239	459	1			260		other	0
10108022	204	Sound	21	6299238	450	1			260		other	0
10108022	204	Response	1	6301998	3211	1
10108022	205	Sound	15	6317836	377	1			260		other	0
10108022	206	Sound	16	6334436	471	1			260		other	0
10108022	206	Response	1	6339755	5791	1
10108022	207	Sound	16	6359234	429	1			260		other	0
10108022	207	Response	1	6364474	5669	1
10108022	208	Sound	19	6374833	357	1			260		other	0
10108022	208	Response	1	6379113	4637	1
10108022	209	Sound	11	6400631	314	1			260		other	0
10108022	209	Response	1	6413831	13513	1
10108022	210	Sound	12	6417231	408	1			260		other	0
10108022	211	Sound	16	6443429	266	1			260		other	0
10108022	211	Response	1	6448789	5626	1
10108022	212	Sound	21	6460028	360	1			260		other	0
10108022	212	Response	1	6464068	4400	1
10108022	213	Sound	18	6475427	421	1			260		other	0
10108022	213	Response	1	6479347	4341	1
10108022	214	Sound	13	6499226	379	1			260		other	0
10108022	215	Sound	21	6517024	339	1			260		other	0
10108022	215	Response	1	6520224	3539	1
10108022	216	Sound	12	6541623	430	1			260		other	0
10108022	217	Sound	15	6565022	322	1			260		other	0
10108022	218	Sound	15	6581021	317	1			260		other	0
10108022	219	Sound	12	6605819	441	1			260		other	0
10108022	220	Sound	11	6630618	399	1			260		other	0
10108022	221	Sound	17	6648017	292	1			260		other	0
10108022	221	Response	1	6652136	4412	1
10108022	222	Sound	14	6670815	418	1			260		other	0
10108022	223	Sound	13	6689614	378	1			260		other	0
10108022	224	Sound	17	6715813	402	1			260		other	0
10108022	224	Response	1	6720692	5281	1
10108022	225	Response	255	7741509	1006679	1
10108022	226	Sound	105	7802147	414	1			260		other	0
10108022	227	Sound	109	7821946	374	1			260		other	0
10108022	227	Response	1	7826224	4651	1
10108022	228	Sound	109	7841945	367	1			260		other	0
10108022	228	Response	1	7845263	3684	1
10108022	229	Sound	102	7868743	324	1			260		other	0
10108022	230	Sound	105	7891142	382	1			260		other	0
10108022	231	Sound	110	7911941	342	1			260		other	0
10108022	231	Response	1	7915579	3979	1
10108022	232	Sound	108	7935739	466	1			260		other	0
10108022	232	Response	1	7940057	4784	1
10108022	233	Sound	104	7962738	290	1			260		other	0
10108022	234	Sound	103	7982336	383	1			260		other	0
10108022	235	Sound	110	8004735	275	1			260		other	0
10108022	235	Response	1	8007333	2873	1
10108022	236	Sound	104	8030934	466	1			260		other	0
10108022	237	Sound	107	8049932	292	1			260		other	0
10108022	237	Response	1	8054290	4650	1
10108022	238	Sound	103	8074931	283	1			260		other	0
10108022	239	Sound	107	8092930	444	1			260		other	0
10108022	239	Response	1	8096687	4201	2
10108022	240	Sound	108	8114928	269	1			260		other	0
10108022	240	Response	1	8118766	4107	1
10108022	241	Sound	108	8136127	462	1			260		other	0
10108022	241	Response	1	8140365	4699	1
10108022	242	Sound	107	8161326	319	1			260		other	0
10108022	242	Response	1	8166603	5597	1
10108022	243	Sound	110	8178925	413	1			260		other	0
10108022	243	Response	1	8183162	4650	1
10108022	244	Sound	104	8197124	273	1			260		other	0
10108022	245	Sound	101	8224322	463	1			260		other	0
10108022	246	Sound	101	8247720	355	1			260		other	0
10108022	247	Sound	111	8269319	447	1			260		other	0
10108022	247	Response	1	8274276	5405	1
10108022	248	Sound	108	8296318	438	1			260		other	0
10108022	248	Response	1	8301154	5275	1
10108022	249	Sound	107	8313717	332	1			260		other	0
10108022	249	Response	1	8323873	10488	1
10108022	250	Sound	102	8335315	424	1			260		other	0
10108022	251	Sound	111	8353714	317	1			260		other	0
10108022	251	Response	1	8357071	3674	1
10108022	252	Sound	111	8375513	276	1			260		other	0
10108022	252	Response	1	8379150	3913	1
10108022	253	Sound	102	8404311	399	1			260		other	0
10108022	254	Sound	101	8425110	360	1			260		other	0
10108022	255	Sound	111	8450308	383	1			260		other	0
10108022	255	Response	1	8453865	3940	1
10108022	256	Sound	103	8472707	442	1			260		other	0
10108022	257	Sound	111	8500705	431	1			260		other	0
10108022	257	Response	1	8503222	2948	1
10108022	258	Sound	109	8517504	392	1			260		other	0
10108022	258	Response	1	8521541	4429	1
10108022	259	Sound	109	8545303	349	1			260		other	0
10108022	259	Response	1	8549300	4346	1
10108022	260	Sound	108	8563901	276	1			260		other	0
10108022	260	Response	1	8567618	3992	1
10108022	261	Sound	102	8589900	433	1			260		other	0
10108022	262	Sound	105	8616898	424	1			260		other	0
10108022	263	Sound	107	8643497	347	1			260		other	0
10108022	263	Response	1	8646893	3744	1
10108022	264	Sound	105	8672295	304	1			260		other	0
10108022	264	Response	1	8676172	4180	1
10108022	265	Sound	110	8701293	460	1			260		other	0
10108022	265	Response	1	8704570	3737	1
10108022	266	Sound	109	8728492	317	1			260		other	0
10108022	266	Response	1	8731688	3513	1
10108022	267	Sound	105	8744691	344	1			260		other	0
10108022	268	Sound	106	8760690	339	1			260		other	0
10108022	268	Response	1	8764006	3655	1
10108022	269	Sound	106	8786488	463	1			260		other	0
10108022	269	Response	1	8790885	4859	1
10108022	270	Sound	103	8803487	290	1			260		other	0
10108022	271	Sound	106	8822286	417	1			260		other	0
10108022	271	Response	1	8825362	3493	1
10108022	272	Sound	101	8843685	309	1			260		other	0
10108022	273	Sound	106	8866683	468	1			260		other	0
10108022	273	Response	1	8870799	4584	1
10108022	274	Sound	110	8886682	461	1			260		other	0
10108022	274	Response	1	8891599	5377	1
10108022	275	Sound	101	8909881	319	1			260		other	0
10108022	276	Sound	102	8926680	279	1			260		other	0
10108022	277	Sound	104	8953278	370	1			260		other	0
10108022	278	Sound	103	8977077	328	1			260		other	0
10108022	279	Sound	106	8997675	421	1			260		other	0
10108022	279	Response	1	9001911	4657	1
10108022	280	Sound	104	9025874	277	1			260		other	0
10108022	281	Response	255	10818840	1764322	1
10108022	282	Sound	14	10891762	445	1			260		other	0
10108022	283	Sound	15	10915560	403	1			260		other	0
10108022	284	Sound	11	10939959	295	1			260		other	0
10108022	285	Sound	14	10955958	289	1			260		other	0
10108022	285	Response	1	10959791	4122	1
10108022	286	Sound	13	10973757	416	1			260		other	0
10108022	287	Sound	21	10992556	376	1			260		other	0
10108022	287	Response	1	10994749	2569	1
10108022	288	Sound	20	11017154	300	1			260		other	0
10108022	288	Response	1	11021147	4294	1
10108022	289	Sound	18	11038553	359	1			260		other	0
10108022	289	Response	1	11041466	3273	1
10108022	290	Sound	16	11064151	284	1			260		other	0
10108022	291	Sound	16	11088950	408	1			260		other	0
10108022	291	Response	1	11092343	3801	1
10108022	292	Sound	19	11107749	368	1			260		other	0
10108022	292	Response	1	11111382	4001	1
10108022	293	Sound	12	11126947	395	1			260		other	0
10108022	294	Sound	18	11155146	418	1			260		other	0
10108022	294	Response	1	11158099	3371	1
10108022	295	Sound	21	11173945	378	1			260		other	0
10108022	295	Response	1	11178018	4451	1
10108022	296	Sound	11	11189744	339	1			260		other	0
10108022	297	Sound	15	11206743	333	1			260		other	0
10108022	297	Response	1	11215375	8965	1
10108022	298	Sound	15	11225341	426	1			260		other	0
10108022	298	Response	1	11229774	4859	1
10108022	299	Sound	17	11249940	351	1			260		other	0
10108022	299	Response	1	11252493	2904	1
10108022	300	Sound	13	11274939	342	1			260		other	0
10108022	301	Sound	14	11298737	300	1			260		other	0
10108022	302	Sound	21	11320336	392	1			260		other	0
10108022	302	Response	1	11322809	2865	1
10108022	303	Sound	17	11339735	285	1			260		other	0
10108022	303	Response	1	11344247	4798	1
10108022	304	Sound	15	11365533	409	1			260		other	0
10108022	304	Response	1	11368726	3602	1
10108022	305	Sound	13	11388332	368	1			260		other	0
10108022	305	Response	1	11394004	6041	1
10108022	306	Sound	11	11411130	327	1			260		other	0
10108022	307	Sound	21	11432929	285	1			260		other	0
10108022	307	Response	1	11436162	3518	1
10108022	308	Sound	14	11458927	443	1			260		other	0
10108022	309	Sound	12	11478326	336	1			260		other	0
10108022	310	Sound	17	11499125	462	1			260		other	0
10108022	310	Response	1	11505197	6534	1
10108022	311	Sound	13	11520524	354	1			260		other	0
10108022	312	Sound	12	11544722	379	1			260		other	0
10108022	312	Response	1	11562474	18131	1
10108022	313	Sound	13	11563721	372	1			260		other	0
10108022	314	Sound	17	11581120	266	1			260		other	0
10108022	314	Response	1	11584313	3458	1
10108022	315	Sound	17	11604919	391	1			260		other	0
10108022	315	Response	1	11608071	3543	1
10108022	316	Sound	19	11624318	451	1			260		other	0
10108022	316	Response	1	11627510	3643	1
10108022	317	Sound	16	11644516	310	1			260		other	0
10108022	318	Sound	11	11663915	370	1			260		other	0
10108022	319	Sound	18	11681114	397	1			260		other	0
10108022	319	Response	1	11685906	5189	1
10108022	320	Sound	16	11700513	457	1			260		other	0
10108022	320	Response	1	11704625	4569	1
10108022	321	Sound	20	11722712	315	1			260		other	0
10108022	321	Response	1	11726064	3668	1
10108022	322	Sound	18	11744910	341	1			260		other	0
10108022	322	Response	1	11748542	3973	1
10108022	323	Sound	16	11764709	300	1			260		other	0
10108022	323	Response	1	11768221	3813	1
10108022	324	Sound	20	11784308	393	1			260		other	0
10108022	324	Response	1	11787420	3505	1
10108022	325	Sound	19	11808706	285	1			260		other	0
10108022	325	Response	1	11811659	3237	1
10108022	326	Sound	19	11827705	445	1			260		other	0
10108022	326	Response	1	11830937	3676	1
10108022	327	Sound	19	11844904	472	1			260		other	0
10108022	327	Response	1	11849736	5304	1
10108022	328	Sound	21	11863903	298	1			260		other	0
10108022	328	Response	1	11868695	5090	1
10108022	329	Sound	14	11883302	358	1			260		other	0
10108022	330	Sound	20	11905901	283	1			260		other	0
10108022	330	Response	1	11910213	4595	1
10108022	331	Sound	11	11927299	342	1			260		other	0
10108022	332	Sound	15	11954098	300	1			260		other	0
10108022	333	Sound	20	11977496	358	1			260		other	0
10108022	333	Response	1	11981888	4750	1
10108022	334	Sound	12	12005495	348	1			260		other	0
10108022	335	Sound	18	12030293	306	1			260		other	0
10108022	335	Response	1	12034525	4537	1
10108022	336	Sound	12	12057892	396	1			260		other	0
10108022	337	Response	1	13134137	1054055	1
10108022	337	Response	255	13150696	1070614	1
10108022	338	Sound	11	13225421	413	1			260		other	0
10108022	339	Sound	21	13243620	439	1			260		other	0
10108022	339	Response	1	13246850	3669	1
10108022	340	Sound	16	13262219	366	1			260		other	0
10108022	341	Sound	16	13277818	294	1			260		other	0
10108022	341	Response	1	13283568	6044	1
10108022	342	Sound	11	13297817	454	1			260		other	0
10108022	343	Sound	17	13315616	414	1			260		other	0
10108022	343	Response	1	13318925	3723	1
10108022	344	Sound	14	13331215	342	1			260		other	0
10108022	345	Sound	14	13352214	334	1			260		other	0
10108022	345	Response	1	13359963	8084	1
10108022	346	Sound	15	13378012	458	1			260		other	0
10108022	346	Response	1	13388601	11048	1
10108022	347	Sound	13	13405611	382	1			260		other	0
10108022	348	Sound	21	13433209	305	1			260		other	0
10108022	348	Response	1	13436678	3775	1
10108022	349	Sound	16	13456207	297	1			260		other	0
10108022	349	Response	1	13469236	13326	1
10108022	350	Sound	11	13484406	320	1			260		other	0
10108022	351	Sound	21	13508404	312	1			260		other	0
10108022	351	Response	1	13511554	3461	1
10108022	352	Sound	20	13526003	405	1			260		other	0
10108022	352	Response	1	13530193	4595	1
10108022	353	Sound	20	13545202	432	1			260		other	0
10108022	353	Response	1	13548752	3981	1
10108022	354	Sound	18	13573200	422	1			260		other	0
10108022	354	Response	1	13576910	4131	1
10108022	355	Sound	20	13597399	280	1			260		other	0
10108022	355	Response	1	13601628	4509	1
10108022	356	Sound	12	13616398	273	1			260		other	0
10108022	357	Sound	19	13635597	466	1			260		other	0
10108022	357	Response	1	13638746	3616	1
10108022	358	Sound	19	13661595	457	1			260		other	0
10108022	358	Response	1	13666024	4886	1
10108022	359	Sound	17	13689793	314	1			260		other	0
10108022	359	Response	1	13692903	3423	1
10108022	360	Sound	19	13714792	305	1			260		other	0
10108022	360	Response	1	13717541	3054	1
10108022	361	Sound	19	13741390	395	1			260		other	0
10108022	361	Response	1	13744259	3264	1
10108022	362	Sound	19	13764989	320	1			260		other	0
10108022	362	Response	1	13768498	3829	1
10108022	363	Sound	15	13789787	278	1			260		other	0
10108022	363	Response	1	13810815	21306	1
10108022	364	Sound	13	13817186	335	1			260		other	0
10108022	365	Sound	15	13840184	327	1			260		other	0
10108022	365	Response	1	13845373	5515	1
10108022	366	Sound	14	13863983	285	1			260		other	0
10108022	367	Sound	12	13891181	308	1			260		other	0
10108022	367	Response	1	13896730	5857	1
10108022	368	Sound	15	13912980	434	1			260		other	0
10108022	369	Sound	12	13938179	459	1			260		other	0
10108022	370	Sound	13	13963777	383	1			260		other	0
10108022	371	Sound	11	13981176	276	1			260		other	0
10108022	371	Response	1	13981685	786	1
10108022	372	Sound	14	13997375	304	1			260		other	0
10108022	373	Sound	17	14025573	327	1			260		other	0
10108022	373	Response	1	14030402	5156	1
10108022	374	Sound	13	14042772	354	1			260		other	0
10108022	375	Sound	13	14057971	382	1			260		other	0
10108022	376	Sound	11	14084370	440	1			260		other	0
10108022	377	Sound	18	14104968	366	1			260		other	0
10108022	377	Response	1	14108797	4194	1
10108022	378	Sound	20	14124767	325	1			260		other	0
10108022	378	Response	1	14129596	5154	1
10108022	379	Sound	21	14140966	353	1			260		other	0
10108022	379	Response	1	14145035	4421	1
10108022	380	Sound	21	14162565	278	1			260		other	0
10108022	380	Response	1	14165354	3067	1
10108022	381	Sound	12	14179564	439	1			260		other	0
10108022	382	Sound	18	14206562	429	1			260		other	0
10108022	382	Response	1	14211511	5378	1
10108022	383	Sound	17	14231161	354	1			260		other	0
10108022	383	Response	1	14237029	6222	1
10108022	384	Sound	16	14258959	311	1			260		other	0
10108022	384	Response	1	14263268	4619	1
10108022	385	Sound	12	14282758	269	1			260		other	0
10108022	386	Sound	14	14309556	393	1			260		other	0
10108022	387	Sound	20	14334955	450	1			260		other	0
10108022	387	Response	1	14338623	4118	1
10108022	388	Sound	17	14361953	441	1			260		other	0
10108022	388	Response	1	14366541	5028	1
10108022	389	Sound	16	14378152	468	1			260		other	0
10108022	390	Sound	15	14403151	293	1			260		other	0
10108022	391	Sound	18	14425549	351	1			260		other	0
10108022	391	Response	1	14430777	5579	1
10108022	392	Sound	18	14442948	412	1			260		other	0
10108022	392	Response	1	14453976	11440	1
10108022	393	Response	255	14935146	467355	1
10108022	394	Sound	109	15005114	411	1			260		other	0
10108022	394	Response	1	15009461	4758	3
10108022	395	Sound	107	15022913	371	1			260		other	0
10108022	395	Response	1	15027140	4598	1
10108022	396	Sound	110	15040312	265	1			260		other	0
10108022	396	Response	1	15043300	3252	1
10108022	397	Sound	108	15063111	390	1			260		other	0
10108022	397	Response	1	15067138	4418	1
10108022	398	Sound	104	15080510	284	1			260		other	0
10108022	399	Sound	108	15107308	408	1			260		other	0
10108022	399	Response	1	15111695	4795	1
10108022	400	Sound	109	15135707	465	1			260		other	0
10108022	400	Response	1	15139213	3971	1
10108022	401	Sound	107	15155105	358	1			260		other	0
10108022	401	Response	1	15158172	3424	3
10108022	402	Sound	111	15172704	285	1			260		other	0
10108022	402	Response	1	15175211	2791	1
10108022	403	Sound	102	15198703	275	1			260		other	0
10108022	404	Sound	108	15219502	401	1			260		other	0
10108022	404	Response	1	15222889	3788	1
10108022	405	Sound	104	15243700	426	1			260		other	0
10108022	406	Sound	106	15269298	352	1			260		other	0
10108022	406	Response	1	15273285	4338	1
10108022	407	Sound	110	15298097	307	1			260		other	0
10108022	407	Response	1	15301923	4134	1
10108022	408	Sound	101	15322295	331	1			260		other	0
10108022	409	Sound	109	15338894	425	1			260		other	0
10108022	409	Response	1	15341921	3452	1
10108022	410	Sound	111	15357493	352	1			260		other	0
10108022	410	Response	1	15360880	3739	1
10108022	411	Sound	111	15383692	378	1			260		other	0
10108022	411	Response	1	15386718	3404	1
10108022	412	Sound	102	15402490	336	1			260		other	0
10108022	413	Sound	110	15428289	294	1			260		other	0
10108022	413	Response	1	15432315	4320	1
10108022	414	Sound	103	15446088	420	1			260		other	0
10108022	415	Sound	104	15471286	445	1			260		other	0
10108022	415	Response	1	15475353	4511	1
10108022	416	Sound	106	15497885	369	1			260		other	0
10108022	416	Response	1	15502231	4715	1
10108022	417	Sound	101	15518684	328	1			260		other	0
10108022	418	Sound	111	15543682	319	1			260		other	0
10108022	418	Response	1	15546549	3185	1
10108022	419	Sound	102	15567881	344	1			260		other	0
10108022	420	Sound	104	15592479	435	1			260		other	0
10108022	421	Sound	108	15614878	327	1			260		other	0
10108022	421	Response	1	15620624	6073	1
10108022	422	Sound	108	15632677	287	1			260		other	0
10108022	422	Response	1	15639183	6793	1
10108022	423	Sound	107	15658475	411	1			260		other	0
10108022	423	Response	1	15664541	6477	1
10108022	424	Sound	105	15678474	404	1			260		other	0
10108022	425	Sound	103	15698873	464	1			260		other	0
10108022	426	Sound	102	15716672	424	1			260		other	0
10108022	427	Sound	111	15733871	284	1			260		other	0
10108022	427	Response	1	15737496	3910	1
10108022	428	Sound	105	15757869	442	1			260		other	0
10108022	429	Sound	105	15778268	335	1			260		other	0
10108022	430	Sound	101	15795067	463	1			260		other	0
10108022	431	Sound	102	15817466	355	1			260		other	0
10108022	432	Sound	109	15844064	278	1			260		other	0
10108022	432	Response	1	15848210	4424	1
10108022	433	Sound	106	15871862	402	1			260		other	0
10108022	433	Response	1	15876208	4748	1
10108022	434	Sound	105	15890261	295	1			260		other	0
10108022	434	Response	1	15899327	9361	1
10108022	435	Sound	103	15914060	420	1			260		other	0
10108022	436	Sound	106	15930859	381	1			260		other	0
10108022	436	Response	1	15935644	5166	1
10108022	437	Sound	103	15954457	472	1			260		other	0
10108022	438	Sound	107	15976656	331	1			260		other	0
10108022	438	Response	1	15981961	5637	1
10108022	439	Sound	105	16000455	289	1			260		other	0
10108022	440	Sound	104	16020853	349	1			260		other	0
10108022	441	Sound	106	16047052	373	1			260		other	0
10108022	441	Response	1	16055797	9118	1
10108022	442	Sound	107	16066851	332	1			260		other	0
10108022	442	Response	1	16071076	4558	1
10108022	443	Sound	101	16095649	455	1			260		other	0
10108022	444	Sound	101	16116248	381	1			260		other	0
10108022	445	Sound	110	16144846	471	1			260		other	0
10108022	445	Response	1	16149711	5336	1
10108022	446	Sound	110	16171244	362	1			260		other	0
10108022	446	Response	1	16176990	6107	1
10108022	447	Sound	103	16192643	421	1			260		other	0
10108022	448	Sound	109	16210042	314	1			260		other	0
10108022	448	Response	1	16214107	4380	1
10108022	449	Response	255	17351557	1114242	1
10108022	450	Sound	16	17427369	280	1			260		other	0
10108022	451	Sound	13	17449368	439	1			260		other	0
10108022	452	Sound	13	17470766	331	1			260		other	0
10108022	453	Sound	15	17492565	457	1			260		other	0
10108022	454	Sound	14	17519563	447	1			260		other	0
10108022	455	Sound	16	17537362	407	1			260		other	0
10108022	456	Sound	18	17556761	301	1			260		other	0
10108022	456	Response	1	17561064	4604	1
10108022	457	Sound	12	17573360	395	1			260		other	0
10108022	458	Sound	18	17588959	322	1			260		other	0
10108022	458	Response	1	17593382	4746	1
10108022	459	Sound	18	17613158	347	1			260		other	0
10108022	459	Response	1	17617141	4330	1
10108022	460	Sound	11	17634356	373	1			260		other	0
10108022	461	Sound	15	17658555	398	1			260		other	0
10108022	461	Response	1	17662818	4661	1
10108022	462	Sound	19	17678954	290	1			260		other	0
10108022	462	Response	1	17681617	2953	1
10108022	463	Sound	17	17702352	349	1			260		other	0
10108022	463	Response	1	17705215	3212	1
10108022	464	Sound	17	17725551	374	1			260		other	0
10108022	464	Response	1	17729454	4277	1
10108022	465	Sound	19	17745350	333	1			260		other	0
10108022	465	Response	1	17748013	2997	1
10108022	466	Sound	20	17768748	392	1			260		other	0
10108022	466	Response	1	17771851	3495	1
10108022	467	Sound	21	17790147	284	1			260		other	0
10108022	467	Response	1	17792570	2707	1
10108022	468	Sound	21	17813346	309	1			260		other	0
10108022	468	Response	1	17817928	4892	2
10108022	469	Sound	18	17829945	403	1			260		other	0
10108022	469	Response	1	17834728	5186	1
10108022	470	Sound	14	17854343	294	1			260		other	0
10108022	471	Sound	19	17880342	452	1			260		other	0
10108022	471	Response	1	17883044	3155	1
10108022	472	Sound	20	17896341	280	1			260		other	0
10108022	472	Response	1	17899844	3782	1
10108022	473	Sound	12	17912340	440	1			260		other	0
10108022	474	Sound	21	17938138	398	1			260		other	0
10108022	474	Response	1	17941121	3381	2
10108022	475	Sound	12	17954537	459	1			260		other	0
10108022	476	Sound	20	17977536	284	1			260		other	0
10108022	476	Response	1	17980878	3626	1
10108022	477	Sound	18	17997335	410	1			260		other	0
10108022	477	Response	1	18002317	5393	1
10108022	478	Sound	21	18012734	471	1			260		other	0
10108022	478	Response	1	18015836	3574	1
10108022	479	Sound	12	18037532	429	1			260		other	0
10108022	480	Sound	19	18054531	423	1			260		other	0
10108022	480	Response	1	18057514	3405	1
10108022	481	Sound	11	18079130	348	1			260		other	0
10108022	482	Sound	14	18105728	271	1			260		other	0
10108022	482	Response	1	18113270	7814	1
10108022	483	Sound	15	18133126	328	1			260		other	0
10108022	483	Response	1	18137749	4951	1
10108022	484	Sound	11	18148326	356	1			260		other	0
10108022	485	Sound	11	18167524	383	1			260		other	0
10108022	486	Sound	21	18188123	476	1			260		other	0
10108022	486	Response	1	18191665	4018	1
10108022	487	Sound	14	18214922	432	1			260		other	0
10108022	487	Response	1	18224463	9974	1
10108022	488	Sound	13	18237920	424	1			260		other	0
10108022	489	Sound	12	18264919	415	1			260		other	0
10108022	490	Sound	16	18281718	375	1			260		other	0
10108022	491	Sound	17	18309116	432	1			260		other	0
10108022	491	Response	1	18313098	4414	1
10108022	492	Sound	16	18334314	290	1			260		other	0
10108022	492	Response	1	18342376	8352	1
10108022	493	Sound	17	18359913	381	1			260		other	0
10108022	493	Response	1	18363815	4283	2
10108022	494	Sound	16	18386511	305	1			260		other	0
10108022	494	Response	1	18391093	4887	1
10108022	495	Sound	14	18402310	266	1			260		other	0
10108022	496	Sound	20	18430509	456	1			260		other	0
10108022	496	Response	1	18435491	5438	1
10108022	497	Sound	15	18453707	314	1			260		other	0
10108022	497	Response	1	18461409	8016	1
10108022	498	Sound	19	18479106	371	1			260		other	0
10108022	498	Response	1	18483087	4353	1
10108022	499	Sound	13	18496505	432	1			260		other	0
10108022	500	Sound	17	18511704	293	1			260		other	0
10108022	500	Response	1	18515406	3995	1
10108022	501	Sound	13	18537502	418	1			260		other	0
10108022	501	Response	1	18546844	9759	1
10108022	502	Sound	20	18553701	278	1			260		other	0
10108022	502	Response	1	18558843	5420	1
10108022	503	Sound	11	18575100	338	1			260		other	0
10108022	504	Sound	15	18596499	396	1			260		other	0
10108022	504	Response	1	18601880	5778	1
10108022	505	Response	255	19542062	917538	1
10108022	506	Sound	21	19618437	365	1			260		other	0
10108022	506	Response	1	19622058	3985	1
10108022	507	Sound	13	19641036	457	1			260		other	0
10108022	507	Response	1	19648856	8277	1
10108022	508	Sound	16	19662035	283	1			260		other	0
10108022	508	Response	1	19665495	3743	1
10108022	509	Sound	15	19681033	443	1			260		other	0
10108022	509	Response	1	19684054	3463	1
10108022	510	Sound	12	19698232	303	1			260		other	0
10108022	511	Sound	20	19715631	364	1			260		other	0
10108022	511	Response	1	19718132	2864	1
10108022	512	Sound	15	19734230	457	1			260		other	0
10108022	512	Response	1	19740450	6677	1
10108022	513	Sound	12	19750229	285	1			260		other	0
10108022	514	Sound	19	19771228	277	1			260		other	0
10108022	514	Response	1	19773648	2697	1
10108022	515	Sound	13	19796827	368	1			260		other	0
10108022	516	Sound	19	19822425	459	1			260		other	0
10108022	516	Response	1	19825165	3199	1
10108022	517	Sound	12	19846424	284	1			260		other	0
10108022	518	Sound	11	19865222	410	1			260		other	0
10108022	519	Sound	16	19890421	435	1			260		other	0
10108022	519	Response	1	19894841	4855	1
10108022	520	Sound	12	19914619	460	1			260		other	0
10108022	521	Sound	14	19934218	386	1			260		other	0
10108022	521	Response	1	19938518	4686	1
10108022	522	Sound	21	19954417	412	1			260		other	0
10108022	522	Response	1	19958677	4672	1
10108022	523	Sound	19	19982215	369	1			260		other	0
10108022	523	Response	1	19985955	4108	1
10108022	524	Sound	11	20003814	461	1			260		other	0
10108022	525	Sound	13	20026413	386	1			260		other	0
10108022	525	Response	1	20030752	4726	1
10108022	526	Sound	19	20051411	377	1			260		other	0
10108022	526	Response	1	20054751	3717	1
10108022	527	Sound	21	20075410	369	1			260		other	0
10108022	527	Response	1	20078749	3708	1
10108022	528	Sound	18	20095009	295	1			260		other	0
10108022	528	Response	1	20099788	5075	1
10108022	529	Sound	18	20120007	453	1			260		other	0
10108022	529	Response	1	20122666	3112	1
10108022	530	Sound	13	20140806	412	1			260		other	0
10108022	531	Sound	14	20159805	405	1			260		other	0
10108022	531	Response	1	20167704	8305	1
10108022	532	Sound	20	20186203	463	1			260		other	0
10108022	532	Response	1	20189302	3562	1
10108022	533	Sound	14	20210402	321	1			260		other	0
10108022	533	Response	1	20217300	7219	1
10108022	534	Sound	18	20235000	412	1			260		other	0
10108022	534	Response	1	20238259	3671	1
10108022	535	Sound	15	20261599	336	1			260		other	0
10108022	535	Response	1	20265138	3875	1
10108022	536	Sound	12	20287397	460	1			260		other	0
10108022	537	Sound	11	20305396	287	1			260		other	0
10108022	538	Sound	18	20323995	380	1			260		other	0
10108022	538	Response	1	20327774	4160	1
10108022	539	Sound	11	20343594	473	1			260		other	0
10108022	540	Sound	19	20370592	464	1			260		other	0
10108022	540	Response	1	20374731	4602	1
10108022	541	Sound	20	20389791	323	1			260		other	0
10108022	541	Response	1	20396810	7342	1
10108022	542	Sound	15	20416589	447	1			260		other	0
10108022	542	Response	1	20421928	5786	1
10108022	543	Sound	16	20435988	340	1			260		other	0
10108022	543	Response	1	20444647	8999	1
10108022	544	Sound	18	20456787	299	1			260		other	0
10108022	544	Response	1	20460806	4319	1
10108022	545	Sound	16	20473986	327	1			260		other	0
10108022	545	Response	1	20479205	5545	1
10108022	546	Sound	13	20491385	387	1			260		other	0
10108022	547	Sound	14	20508784	447	1			260		other	0
10108022	548	Sound	20	20533382	372	1			260		other	0
10108022	548	Response	1	20537921	4910	2
10108022	549	Sound	17	20556381	364	1			260		other	0
10108022	549	Response	1	20561280	5263	1
10108022	549	Response	1	20574399	18382	1
10108022	550	Sound	17	20575980	457	1			260		other	0
10108022	550	Response	1	20581838	6316	1
10108022	551	Sound	14	20597178	316	1			260		other	0
10108022	552	Sound	16	20616777	409	1			260		other	0
10108022	553	Sound	17	20633176	303	1			260		other	0
10108022	553	Response	1	20638635	5762	1
10108022	554	Sound	17	20656975	428	1			260		other	0
10108022	554	Response	1	20661354	4807	1
10108022	555	Sound	20	20673174	289	1			260		other	0
10108022	555	Response	1	20677113	4228	1
10108022	556	Sound	21	20697772	380	1			260		other	0
10108022	556	Response	1	20700711	3319	1
10108022	557	Sound	11	20719771	372	1			260		other	0
10108022	558	Sound	17	20735370	300	1			260		other	0
10108022	558	Response	1	20740228	5158	1
10108022	559	Sound	15	20758369	459	1			260		other	0
10108022	559	Response	1	20762947	5037	1
10108022	560	Sound	21	20784367	282	1			260		other	0
10108022	560	Response	1	20788306	4221	1
10108022	561	Response	255	21405147	600143	1
10108022	562	Sound	103	21478925	301	1			260		other	0
10108022	563	Sound	110	21501324	360	1			260		other	0
10108022	563	Response	1	21506101	5137	1
10108022	564	Sound	103	21529922	450	1			260		other	0
10108022	565	Sound	108	21547521	377	1			260		other	0
10108022	565	Response	1	21551938	4794	1
10108022	566	Sound	106	21566720	404	1			260		other	0
10108022	567	Sound	106	21593319	327	1			260		other	0
10108022	567	Response	1	21597136	4144	1
10108022	568	Sound	109	21610118	455	1			260		other	0
10108022	568	Response	1	21613775	4112	1
10108022	569	Sound	111	21634316	313	1			260		other	0
10108022	569	Response	1	21637133	3130	1
10108022	570	Sound	101	21658515	337	1			260		other	0
10108022	571	Sound	102	21676714	364	1			260		other	0
10108022	572	Sound	110	21697912	390	1			260		other	0
10108022	572	Response	1	21701370	3847	1
10108022	573	Sound	101	21714511	318	1			260		other	0
10108022	574	Sound	104	21736310	276	1			260		other	0
10108022	575	Sound	105	21755109	403	1			260		other	0
10108022	576	Sound	101	21775508	297	1			260		other	0
10108022	577	Sound	107	21803906	352	1			260		other	0
10108022	577	Response	1	21809043	5489	1
10108022	578	Sound	107	21825905	344	1			260		other	0
10108022	578	Response	1	21831521	5961	1
10108022	579	Sound	109	21848503	436	1			260		other	0
10108022	579	Response	1	21852720	4653	1
10108022	580	Sound	105	21876102	360	1			260		other	0
10108022	580	Response	1	21880238	4496	1
10108022	581	Sound	108	21896100	353	1			260		other	0
10108022	581	Response	1	21900317	4569	1
10108022	582	Sound	106	21912100	347	1			260		other	0
10108022	582	Response	1	21917356	5603	1
10108022	583	Sound	103	21930098	340	1			260		other	0
10108022	584	Sound	102	21952297	366	1			260		other	0
10108022	585	Sound	102	21971096	326	1			260		other	0
10108022	586	Sound	102	21988895	286	1			260		other	0
10108022	587	Sound	109	22012493	378	1			260		other	0
10108022	587	Response	1	22016790	4674	1
10108022	588	Sound	101	22030492	371	1			260		other	0
10108022	589	Sound	108	22052691	397	1			260		other	0
10108022	589	Response	1	22053508	1213	1
10108022	590	Sound	110	22081089	454	1			260		other	0
10108022	590	Response	1	22085346	4710	1
10108022	591	Sound	104	22102888	412	1			260		other	0
10108022	592	Sound	104	22125887	404	1			260		other	0
10108022	592	Response	1	22130383	4900	1
10108022	593	Sound	105	22153485	327	1			260		other	0
10108022	594	Sound	105	22181683	351	1			260		other	0
10108022	594	Response	1	22186699	5367	1
10108022	595	Sound	104	22209482	474	1			260		other	0
10108022	596	Sound	107	22234880	365	1			260		other	0
10108022	596	Response	1	22239176	4661	1
10108022	597	Sound	109	22256679	324	1			260		other	0
10108022	597	Response	1	22260535	4180	1
10108022	598	Sound	103	22280477	282	1			260		other	0
10108022	599	Sound	111	22297676	476	1			260		other	0
10108022	599	Response	1	22300133	2933	1
10108022	600	Sound	111	22326275	399	1			260		other	0
10108022	600	Response	1	22329811	3935	1
10108022	601	Sound	111	22351673	458	1			260		other	0
10108022	601	Response	1	22354289	3074	1
10108022	602	Sound	110	22371072	350	1			260		other	0
10108022	602	Response	1	22374768	4046	1
10108022	603	Sound	109	22398270	373	1			260		other	0
10108022	603	Response	1	22403166	5269	1
10108022	604	Sound	111	22420069	332	1			260		other	0
10108022	604	Response	1	22422605	2868	1
10108022	605	Sound	110	22439068	326	1			260		other	0
10108022	605	Response	1	22444284	5541	1
10108022	606	Sound	105	22455667	420	1			260		other	0
10108022	606	Response	1	22470042	14795	1
10108022	607	Sound	102	22477066	312	1			260		other	0
10108022	608	Sound	104	22494464	372	1			260		other	0
10108022	609	Sound	108	22513863	432	1			260		other	0
10108022	609	Response	1	22518999	5568	1
10108022	610	Sound	101	22532862	425	1			260		other	0
10108022	611	Sound	108	22553061	452	1			260		other	0
10108022	611	Response	1	22556997	4387	1
10108022	612	Sound	107	22573860	411	1			260		other	0
10108022	612	Response	1	22579475	6026	1
10108022	613	Sound	103	22590659	371	1			260		other	0
10108022	614	Sound	106	22608258	299	1			260		other	0
10108022	615	Sound	106	22631056	424	1			260		other	0
10108022	616	Sound	107	22647255	285	1			260		other	0
10108022	616	Response	1	22651311	4340	1
10108022	617	Response	255	23076245	411522	1
10108022	618	Sound	19	23141626	342	1			260		other	0
10108022	618	Response	1	23146080	4796	1
10108022	619	Sound	20	23169824	365	1			260		other	0
10108022	619	Response	1	23172559	3099	1
10108022	620	Sound	13	23185223	426	1			260		other	0
10108022	621	Sound	16	23201422	454	1			260		other	0
10108022	621	Response	1	23205117	4148	1
10108022	622	Sound	18	23225421	278	1			260		other	0
10108022	622	Response	1	23227995	2853	1
10108022	623	Sound	21	23251619	302	1			260		other	0
10108022	623	Response	1	23253834	2517	1
10108022	624	Sound	14	23278017	360	1			260		other	0
10108022	624	Response	1	23294631	16973	1
10108022	625	Sound	13	23296216	386	1			260		other	0
10108022	626	Sound	12	23315015	346	1			260		other	0
10108022	627	Sound	15	23341414	404	1			260		other	0
10108022	628	Sound	14	23360812	463	1			260		other	0
10108022	629	Sound	21	23378011	324	1			260		other	0
10108022	629	Response	1	23380706	3019	1
10108022	630	Sound	16	23404810	281	1			260		other	0
10108022	630	Response	1	23409344	4815	1
10108022	631	Sound	14	23422009	308	1			260		other	0
10108022	631	Response	1	23427263	5563	1
10108022	632	Sound	12	23445407	367	1			260		other	0
10108022	632	Response	1	23445822	781	1
10108022	633	Sound	18	23466806	426	1			260		other	0
10108022	633	Response	1	23470700	4320	1
10108022	634	Sound	15	23490805	417	1			260		other	0
10108022	635	Sound	11	23507204	311	1			260		other	0
10108022	636	Sound	16	23534002	268	1			260		other	0
10108022	636	Response	1	23537816	4082	1
10108022	637	Sound	11	23561200	292	1			260		other	0
10108022	638	Sound	20	23585199	283	1			260		other	0
10108022	638	Response	1	23588213	3297	1
10108022	639	Sound	12	23601998	411	1			260		other	0
10108022	640	Sound	21	23622197	270	1			260		other	0
10108022	640	Response	1	23625411	3484	1
10108022	641	Sound	21	23637796	364	1			260		other	0
10108022	641	Response	1	23641970	4538	1
10108022	642	Sound	12	23662994	389	1			260		other	0
10108022	643	Sound	17	23679593	316	1			260		other	0
10108022	643	Response	1	23683887	4610	1
10108022	644	Sound	20	23699392	276	1			260		other	0
10108022	644	Response	1	23705726	6609	1
10108022	645	Sound	20	23723191	401	1			260		other	0
10108022	645	Response	1	23726764	3975	1
10108022	646	Sound	13	23751189	391	1			260		other	0
10108022	647	Sound	19	23778787	314	1			260		other	0
10108022	647	Response	1	23782681	4208	1
10108022	648	Sound	15	23801986	339	1			260		other	0
10108022	649	Sound	15	23824984	331	1			260		other	0
10108022	649	Response	1	23830918	6265	1
10108022	650	Sound	19	23847783	456	1			260		other	0
10108022	650	Response	1	23850997	3670	1
10108022	651	Sound	20	23873582	414	1			260		other	0
10108022	651	Response	1	23884195	11027	1
10108022	652	Sound	11	23895980	306	1			260		other	0
10108022	653	Sound	16	23911379	367	1			260		other	0
10108022	653	Response	1	23917873	6860	1
10108022	654	Sound	12	23938578	391	1			260		other	0
10108022	655	Sound	18	23963376	348	1			260		other	0
10108022	655	Response	1	23966830	3802	1
10108022	656	Sound	19	23988975	273	1			260		other	0
10108022	656	Response	1	23996268	7566	1
10108022	657	Sound	13	24013973	430	1			260		other	0
10108022	658	Sound	19	24031172	291	1			260		other	0
10108022	658	Response	1	24034746	3864	1
10108022	659	Sound	17	24049971	417	1			260		other	0
10108022	659	Response	1	24055464	5911	2
10108022	660	Sound	17	24066770	378	1			260		other	0
10108022	660	Response	1	24074743	8351	1
10108022	661	Sound	13	24091568	337	1			260		other	0
10108022	662	Sound	14	24118767	360	1			260		other	0
10108022	663	Sound	18	24139166	419	1			260		other	0
10108022	663	Response	1	24143539	4792	1
10108022	664	Sound	21	24163364	444	1			260		other	0
10108022	664	Response	1	24166898	3977	1
10108022	665	Sound	14	24191562	300	1			260		other	0
10108022	666	Sound	16	24209561	461	1			260		other	0
10108022	666	Response	1	24214255	5154	1
10108022	667	Sound	11	24231560	453	1			260		other	0
10108022	668	Sound	17	24247359	414	1			260		other	0
10108022	668	Response	1	24251852	4907	1
10108022	669	Sound	15	24267558	440	1			260		other	0
10108022	670	Sound	17	24283957	334	1			260		other	0
10108022	670	Response	1	24288810	5187	1
10108022	671	Sound	18	24302756	461	1			260		other	0
10108022	671	Response	1	24306249	3954	1
10108022	672	Sound	11	24330754	284	1			260		other	0
10108022	673	Response	255	25666485	1316929	1
10108022	674	Sound	17	25740669	448	1			260		other	0
10108022	674	Response	1	25745760	5538	1
10108022	675	Sound	15	25758268	375	1			260		other	0
10108022	675	Response	1	25761919	4026	1
10108022	676	Sound	20	25779867	467	1			260		other	0
10108022	676	Response	1	25782478	3078	1
10108022	677	Sound	20	25796266	361	1			260		other	0
10108022	677	Response	1	25798637	2732	1
10108022	678	Sound	21	25815265	354	1			260		other	0
10108022	678	Response	1	25817676	2765	1
10108022	679	Sound	14	25840663	412	1			260		other	0
10108022	680	Sound	16	25860062	305	1			260		other	0
10108022	681	Sound	13	25876661	399	1			260		other	0
10108022	682	Sound	13	25904060	456	1			260		other	0
10108022	683	Sound	19	25932058	446	1			260		other	0
10108022	683	Response	1	25935828	4217	1
10108022	684	Sound	15	25953657	372	1			260		other	0
10108022	684	Response	1	25958067	4782	1
10108022	685	Sound	18	25979255	463	1			260		other	0
10108022	685	Response	1	25981506	2713	1
10108022	686	Sound	15	26006454	320	1			260		other	0
10108022	686	Response	1	26010704	4570	1
10108022	687	Sound	15	26033252	443	1			260		other	0
10108022	687	Response	1	26036702	3894	1
10108022	688	Sound	14	26061450	300	1			260		other	0
10108022	689	Sound	15	26086249	425	1			260		other	0
10108022	689	Response	1	26093099	7274	1
10108022	690	Sound	18	26101648	319	1			260		other	0
10108022	690	Response	1	26107098	5769	1
10108022	691	Sound	18	26117447	447	1			260		other	0
10108022	691	Response	1	26123257	6257	1
10108022	692	Sound	19	26134646	474	1			260		other	0
10108022	692	Response	1	26138056	3884	1
10108022	693	Sound	19	26157644	466	1			260		other	0
10108022	693	Response	1	26161015	3836	1
10108022	694	Sound	18	26174843	326	1			260		other	0
10108022	694	Response	1	26178533	4016	1
10108022	695	Sound	13	26191442	420	1			260		other	0
10108022	696	Sound	14	26219241	377	1			260		other	0
10108022	697	Sound	11	26240639	436	1			260		other	0
10108022	698	Sound	17	26257838	297	1			260		other	0
10108022	698	Response	1	26263888	6346	1
10108022	699	Sound	16	26280837	288	1			260		other	0
10108022	699	Response	1	26284047	3498	1
10108022	700	Sound	14	26308635	412	1			260		other	0
10108022	701	Sound	19	26334034	471	1			260		other	0
10108022	701	Response	1	26337084	3520	1
10108022	702	Sound	20	26350233	330	1			260		other	0
10108022	702	Response	1	26353483	3580	1
10108022	703	Sound	16	26372832	423	1			260		other	0
10108022	703	Response	1	26376201	3792	1
10108022	704	Sound	11	26388431	350	1			260		other	0
10108022	705	Sound	12	26414429	341	1			260		other	0
10108022	706	Sound	12	26432828	401	1			260		other	0
10108022	707	Sound	16	26449227	295	1			260		other	0
10108022	707	Response	1	26452676	3745	1
10108022	708	Sound	11	26474625	353	1			260		other	0
10108022	709	Sound	12	26494424	312	1			260		other	0
10108022	710	Sound	18	26515623	338	1			260		other	0
10108022	710	Response	1	26519072	3787	1
10108022	711	Sound	17	26535222	431	1			260		other	0
10108022	711	Response	1	26539391	4600	1
10108022	712	Sound	14	26563420	288	1			260		other	0
10108022	713	Sound	20	26590018	378	1			260		other	0
10108022	713	Response	1	26593948	4308	1
10108022	714	Sound	20	26611617	304	1			260		other	0
10108022	714	Response	1	26614987	3673	1
10108022	715	Sound	13	26637816	328	1			260		other	0
10108022	716	Sound	21	26659614	453	1			260		other	0
10108022	716	Response	1	26662584	3423	1
10108022	717	Sound	21	26687013	343	1			260		other	0
10108022	717	Response	1	26690102	3433	1
10108022	718	Sound	16	26710611	435	1			260		other	0
10108022	719	Sound	17	26729810	295	1			260		other	0
10108022	719	Response	1	26734019	4504	1
10108022	720	Sound	11	26753209	353	1			260		other	0
10108022	721	Sound	11	26778607	411	1			260		other	0
10108022	722	Sound	21	26794606	405	1			260		other	0
10108022	722	Response	1	26797376	3174	1
10108022	723	Sound	17	26816205	331	1			260		other	0
10108022	723	Response	1	26823534	7660	1
10108022	724	Sound	12	26843003	288	1			260		other	0
10108022	725	Sound	12	26870602	378	1			260		other	0
10108022	726	Sound	13	26889200	305	1			260		other	0
10108022	727	Sound	19	26916999	428	1			260		other	0
10108022	727	Response	1	26920328	3757	1
10108022	728	Sound	21	26934998	422	1			260		other	0
10108022	728	Response	1	26937767	3191	1
10108022	729	Response	255	28525029	1572201	1
10108022	730	Sound	111	28596898	329	1			260		other	0
10108022	730	Response	1	28599905	3335	1
10108022	731	Sound	111	28625096	352	1			260		other	0
10108022	731	Response	1	28628063	3318	1
10108022	732	Sound	109	28646495	411	1			260		other	0
10108022	732	Response	1	28650381	4297	1
10108022	733	Sound	105	28671093	336	1			260		other	0
10108022	733	Response	1	28674220	3462	1
10108022	734	Sound	101	28689892	462	1			260		other	0
10108022	735	Sound	101	28707691	423	1			260		other	0
10108022	736	Sound	110	28730490	381	1			260		other	0
10108022	736	Response	1	28733416	3307	1
10108022	737	Sound	102	28757288	338	1			260		other	0
10108022	738	Sound	108	28779687	397	1			260		other	0
10108022	739	Sound	108	28801486	356	1			260		other	0
10108022	739	Response	1	28804852	3722	1
10108022	740	Sound	104	28817685	383	1			260		other	0
10108022	741	Sound	103	28833884	411	1			260		other	0
10108022	742	Sound	106	28857682	369	1			260		other	0
10108022	742	Response	1	28864208	6895	1
10108022	743	Sound	109	28874881	397	1			260		other	0
10108022	743	Response	1	28878207	3723	1
10108022	744	Sound	108	28894680	356	1			260		other	0
10108022	744	Response	1	28899166	4842	1
10108022	745	Sound	102	28911079	417	1			260		other	0
10108022	746	Sound	105	28932078	409	1			260		other	0
10108022	746	Response	1	28936284	4615	1
10108022	747	Sound	107	28951077	403	1			260		other	0
10108022	747	Response	1	28955723	5048	1
10108022	748	Sound	106	28969276	263	1			260		other	0
10108022	749	Sound	102	28997274	419	1			260		other	0
10108022	750	Sound	107	29024472	276	1			260		other	0
10108022	750	Response	1	29028918	4722	1
10108022	751	Sound	107	29048871	334	1			260		other	0
10108022	751	Response	1	29054916	6380	1
10108022	752	Sound	107	29075269	392	1			260		other	0
10108022	752	Response	1	29079795	4917	1
10108022	753	Sound	106	29094268	385	1			260		other	0
10108022	753	Response	1	29099474	5591	1
10108022	754	Sound	103	29114867	311	1			260		other	0
10108022	755	Sound	110	29137665	269	1			260		other	0
10108022	755	Response	1	29140991	3595	1
10108022	756	Sound	103	29157464	396	1			260		other	0
10108022	757	Sound	109	29185063	319	1			260		other	0
10108022	757	Response	1	29188828	4085	1
10108022	758	Sound	104	29209861	277	1			260		other	0
10108022	759	Sound	110	29230660	403	1			260		other	0
10108022	759	Response	1	29234505	4248	1
10108022	760	Sound	110	29257258	327	1			260		other	0
10108022	760	Response	1	29261144	4212	1
10108022	761	Sound	101	29277057	286	1			260		other	0
10108022	762	Sound	111	29294656	380	1			260		other	0
10108022	762	Response	1	29297621	3345	1
10108022	763	Sound	111	29317255	306	1			260		other	0
10108022	763	Response	1	29320740	3792	1
10108022	764	Sound	108	29336454	332	1			260		other	0
10108022	764	Response	1	29340419	4297	1
10108022	765	Sound	110	29363452	322	1			260		other	0
10108022	765	Response	1	29366417	3288	1
10108022	766	Sound	105	29392050	412	1			260		other	0
10108022	767	Sound	107	29410249	439	1			260		other	0
10108022	767	Response	1	29414014	4204	1
10108022	768	Sound	104	29426448	300	1			260		other	0
10108022	769	Sound	106	29448447	292	1			260		other	0
10108022	769	Response	1	29452252	4097	1
10108022	770	Sound	103	29472445	450	1			260		other	0
10108022	770	Response	1	29476730	4735	1
10108022	771	Sound	109	29499244	407	1			260		other	0
10108022	771	Response	1	29502969	4132	1
10108022	772	Sound	101	29515243	401	1			260		other	0
10108022	773	Sound	104	29536442	427	1			260		other	0
10108022	774	Sound	102	29553840	321	1			260		other	0
10108022	775	Sound	108	29574639	280	1			260		other	0
10108022	775	Response	1	29579604	5245	1
10108022	776	Sound	105	29601638	437	1			260		other	0
10108022	777	Sound	101	29622636	430	1			260		other	0
10108022	778	Sound	111	29649835	287	1			260		other	0
10108022	778	Response	1	29652800	3252	1
10108022	779	Sound	105	29667634	414	1			260		other	0
10108022	780	Sound	109	29686433	374	1			260		other	0
10108022	780	Response	1	29690798	4739	1
10108022	781	Sound	102	29705631	400	1			260		other	0
10108022	782	Sound	104	29734430	356	1			260		other	0
10108022	783	Sound	103	29755228	316	1			260		other	0
10108022	784	Sound	106	29772027	276	1			260		other	0
10108022	785	Response	255	30915842	1118670	1
10108022	786	Sound	111	30992954	341	1			260		other	0
10108022	786	Response	1	30998157	5544	1
10108022	787	Sound	104	31009553	435	1			260		other	0
10108022	788	Sound	110	31037151	358	1			260		other	0
10108022	788	Response	1	31040794	4001	1
10108022	789	Sound	107	31059950	317	1			260		other	0
10108022	789	Response	1	31064153	4520	1
10108022	790	Sound	101	31087748	440	1			260		other	0
10108022	791	Sound	110	31104947	301	1			260		other	0
10108022	791	Response	1	31108950	4304	1
10108022	792	Sound	106	31133146	324	1			260		other	0
10108022	793	Sound	101	31153744	417	1			260		other	0
10108022	794	Sound	106	31175343	342	1			260		other	0
10108022	794	Response	1	31182065	7065	1
10108022	795	Sound	103	31203141	299	1			260		other	0
10108022	796	Sound	111	31227940	424	1			260		other	0
10108022	796	Response	1	31230782	3266	1
10108022	797	Sound	102	31253138	448	1			260		other	0
10108022	798	Sound	103	31276137	273	1			260		other	0
10108022	799	Sound	109	31294936	400	1			260		other	0
10108022	799	Response	1	31299178	4642	1
10108022	800	Sound	102	31311335	461	1			260		other	0
10108022	801	Sound	110	31332334	286	1			260		other	0
10108022	801	Response	1	31336136	4089	1
10108022	802	Sound	108	31348733	347	1			260		other	0
10108022	802	Response	1	31355095	6709	1
10108022	803	Sound	105	31376131	404	1			260		other	0
10108022	803	Response	1	31379973	4246	1
10108022	804	Sound	103	31399530	463	1			260		other	0
10108022	805	Sound	103	31415529	290	1			260		other	0
10108022	806	Sound	111	31432328	417	1			260		other	0
10108022	806	Response	1	31435490	3579	1
10108022	807	Sound	109	31460726	307	1			260		other	0
10108022	807	Response	1	31465408	4989	1
10108022	808	Sound	102	31476925	335	1			260		other	0
10108022	809	Sound	107	31499923	327	1			260		other	0
10108022	809	Response	1	31504286	4689	1
10108022	810	Sound	109	31519122	353	1			260		other	0
10108022	810	Response	1	31523724	4955	1
10108022	811	Sound	109	31539521	412	1			260		other	0
10108022	811	Response	1	31543803	4694	1
10108022	812	Sound	109	31555720	440	1			260		other	0
10108022	812	Response	1	31559562	4282	1
10108022	813	Sound	101	31573319	367	1			260		other	0
10108022	814	Sound	108	31596118	326	1			260		other	0
10108022	814	Response	1	31599560	3768	1
10108022	815	Sound	110	31620516	384	1			260		other	0
10108022	815	Response	1	31624838	4705	2
10108022	816	Sound	101	31646515	374	1			260		other	0
10108022	817	Sound	104	31668713	400	1			260		other	0
10108022	818	Sound	107	31690112	292	1			260		other	0
10108022	818	Response	1	31694594	4774	1
10108022	819	Sound	111	31714511	350	1			260		other	0
10108022	819	Response	1	31718112	3952	1
10108022	820	Sound	111	31731710	377	1			260		other	0
10108022	820	Response	1	31735631	4299	1
10108022	821	Sound	103	31751108	270	1			260		other	0
10108022	822	Sound	106	31777107	428	1			260		other	0
10108022	823	Sound	107	31793106	422	1			260		other	0
10108022	823	Response	1	31797468	4784	1
10108022	824	Sound	102	31821704	345	1			260		other	0
10108022	825	Sound	105	31847703	336	1			260		other	0
10108022	826	Sound	104	31867301	429	1			260		other	0
10108022	827	Sound	108	31887700	322	1			260		other	0
10108022	827	Response	1	31893781	6403	1
10108022	828	Sound	104	31916499	278	1			260		other	0
10108022	829	Sound	108	31932898	339	1			260		other	0
10108022	829	Response	1	31938579	6020	1
10108022	830	Sound	102	31961096	362	1			260		other	0
10108022	831	Sound	105	31987894	319	1			260		other	0
10108022	832	Sound	107	32016692	442	1			260		other	0
10108022	832	Response	1	32021773	5523	1
10108022	833	Sound	106	32042491	400	1			260		other	0
10108022	834	Sound	108	32064890	459	1			260		other	0
10108022	834	Response	1	32068971	4540	1
10108022	835	Sound	101	32088288	350	1			260		other	0
10108022	836	Sound	110	32105687	411	1			260		other	0
10108022	836	Response	1	32110248	4972	1
10108022	837	Sound	106	32127686	403	1			260		other	0
10108022	838	Sound	105	32151284	328	1			260		other	0
10108022	839	Sound	104	32175883	419	1			260		other	0
10108022	840	Sound	105	32203481	342	1			260		other	0
10108022	841	Response	255	32658295	435570	1
10108022	842	Sound	17	32732250	287	1			260		other	0
10108022	842	Response	1	32739329	7367	1
10108022	843	Sound	12	32751248	280	1			260		other	0
10108022	844	Sound	11	32767647	341	1			260		other	0
10108022	845	Sound	16	32794846	365	1			260		other	0
10108022	845	Response	1	32798526	4045	1
10108022	846	Sound	21	32811645	325	1			260		other	0
10108022	846	Response	1	32814925	3605	1
10108022	847	Sound	19	32830444	285	1			260		other	0
10108022	847	Response	1	32833324	3165	1
10108022	848	Sound	18	32851642	311	1			260		other	0
10108022	848	Response	1	32854682	3351	1
10108022	849	Sound	19	32871641	304	1			260		other	0
10108022	849	Response	1	32874601	3264	1
10108022	850	Sound	13	32892840	330	1			260		other	0
10108022	850	Response	1	32902519	10009	1
10108022	851	Sound	12	32918838	320	1			260		other	0
10108022	852	Sound	18	32936237	381	1			260		other	0
10108022	852	Response	1	32939477	3621	1
10108022	853	Sound	18	32962436	405	1			260		other	0
10108022	853	Response	1	32966356	4325	1
10108022	854	Sound	12	32978435	399	1			260		other	0
10108022	855	Sound	19	32993834	460	1			260		other	0
10108022	855	Response	1	32996673	3300	1
10108022	856	Sound	21	33021832	450	1			260		other	0
10108022	856	Response	1	33025712	4330	1
10108022	857	Sound	16	33046031	308	1			260		other	0
10108022	857	Response	1	33053950	8228	1
10108022	858	Sound	17	33062030	303	1			260		other	0
10108022	858	Response	1	33065309	3582	1
10108022	859	Sound	15	33078829	430	1			260		other	0
10108022	859	Response	1	33082508	4110	1
10108022	860	Sound	19	33097028	457	1			260		other	0
10108022	860	Response	1	33100427	3856	1
10108022	861	Sound	20	33117026	283	1			260		other	0
10108022	861	Response	1	33121626	4882	1
10108022	862	Sound	20	33142825	407	1			260		other	0
10108022	862	Response	1	33145864	3447	1
10108022	862	Response	1	33169063	26646	1
10108022	863	Sound	17	33170223	464	1			260		other	0
10108022	864	Sound	11	33189222	457	1			260		other	0
10108022	864	Response	1	33213140	24376	1
10108022	865	Sound	17	33214221	282	1			260		other	0
10108022	866	Sound	14	33236419	307	1			260		other	0
10108022	867	Sound	13	33262418	298	1			260		other	0
10108022	868	Sound	20	33286816	356	1			260		other	0
10108022	868	Response	1	33290736	4275	1
10108022	869	Sound	15	33312815	346	1			260		other	0
10108022	870	Sound	11	33340213	403	1			260		other	0
10108022	871	Sound	16	33368411	260	1			260		other	0
10108022	872	Sound	16	33385410	421	1			260		other	0
10108022	873	Sound	15	33410409	412	1			260		other	0
10108022	873	Response	1	33417848	7851	1
10108022	874	Sound	20	33436407	402	1			260		other	0
10108022	874	Response	1	33439686	3682	1
10108022	875	Sound	11	33459206	361	1			260		other	0
10108022	876	Sound	17	33474605	422	1			260		other	0
10108022	876	Response	1	33478084	3901	1
10108022	877	Sound	12	33498804	447	1			260		other	0
10108022	878	Sound	20	33521002	306	1			260		other	0
10108022	878	Response	1	33524641	3944	1
10108022	879	Sound	16	33541001	298	1			260		other	0
10108022	879	Response	1	33546480	5777	1
10108022	880	Sound	21	33567199	322	1			260		other	0
10108022	880	Response	1	33570078	3201	1
10108022	881	Sound	15	33584998	283	1			260		other	0
10108022	882	Sound	12	33603397	343	1			260		other	0
10108022	883	Sound	21	33625596	368	1			260		other	0
10108022	883	Response	1	33629034	3807	1
10108022	884	Sound	19	33641395	329	1			260		other	0
10108022	884	Response	1	33645034	3968	1
10108022	885	Sound	14	33657194	457	1			260		other	0
10108022	886	Sound	13	33675993	417	1			260		other	0
10108022	887	Sound	13	33696992	409	1			260		other	0
10108022	888	Sound	18	33714591	336	1			260		other	0
10108022	888	Response	1	33719749	5495	1
10108022	889	Sound	14	33731989	397	1			260		other	0
10108022	890	Sound	21	33748189	424	1			260		other	0
10108022	890	Response	1	33751427	3663	1
10108022	891	Sound	14	33774387	282	1			260		other	0
10108022	892	Sound	14	33790786	343	1			260		other	0
10108022	893	Sound	13	33807185	403	1			260		other	0
10108022	894	Sound	11	33827384	263	1			260		other	0
10108022	895	Sound	18	33847582	289	1			260		other	0
10108022	895	Response	1	33853661	6367	1
10108022	896	Sound	15	33865781	316	1			260		other	0
10108022	896	Response	1	33875019	9554	1
10108022	897	Response	255	33922856	37805	1
10108022	898	Sound	15	34004573	400	1			260		other	0
10108022	899	Sound	21	34025572	392	1			260		other	0
10108022	899	Response	1	34028130	2950	1
10108022	900	Sound	13	34051970	449	1			260		other	0
10108022	901	Sound	18	34072969	275	1			260		other	0
10108022	901	Response	1	34076687	3993	1
10108022	902	Sound	12	34097767	400	1			260		other	0
10108022	903	Sound	16	34114766	394	1			260		other	0
10108022	903	Response	1	34123644	9271	1
10108022	904	Sound	18	34137765	386	1			260		other	0
10108022	904	Response	1	34141323	3943	1
10108022	905	Sound	13	34164763	376	1			260		other	0
10108022	906	Sound	20	34191162	433	1			260		other	0
10108022	906	Response	1	34195080	4351	1
10108022	907	Sound	12	34218360	457	1			260		other	0
10108022	908	Sound	11	34246559	313	1			260		other	0
10108022	909	Sound	16	34271957	371	1			260		other	0
10108022	909	Response	1	34275875	4289	1
10108022	910	Sound	14	34287156	399	1			260		other	0
10108022	911	Sound	12	34311555	457	1			260		other	0
10108022	912	Sound	14	34338553	447	1			260		other	0
10108022	912	Response	1	34344271	6165	1
10108022	913	Sound	21	34357752	307	1			260		other	0
10108022	913	Response	1	34360589	3145	1
10108022	914	Sound	17	34384550	431	1			260		other	0
10108022	914	Response	1	34389468	5348	1
10108022	915	Sound	21	34410749	288	1			260		other	0
10108022	915	Response	1	34413466	3006	1
10108022	916	Sound	13	34427348	382	1			260		other	0
10108022	917	Sound	15	34443747	276	1			260		other	0
10108022	918	Sound	15	34465345	369	1			260		other	0
10108022	918	Response	1	34469383	4406	1
10108022	919	Sound	21	34488944	460	1			260		other	0
10108022	919	Response	1	34494101	5617	1
10108022	920	Sound	19	34512943	452	1			260		other	0
10108022	921	Sound	14	34533941	444	1			260		other	0
10108022	922	Sound	11	34553140	304	1			260		other	0
10108022	923	Sound	17	34577139	462	1			260		other	0
10108022	923	Response	1	34580576	3899	1
10108022	924	Sound	11	34604137	286	1			260		other	0
10108022	925	Sound	14	34626936	411	1			260		other	0
10108022	926	Sound	13	34654334	301	1			260		other	0
10108022	927	Sound	13	34674933	394	1			260		other	0
10108022	928	Sound	19	34691932	388	1			260		other	0
10108022	928	Response	1	34695049	3505	1
10108022	929	Sound	17	34715330	446	1			260		other	0
10108022	929	Response	1	34720167	5283	1
10108022	930	Sound	15	34730529	307	1			260		other	0
10108022	931	Sound	20	34756128	398	1			260		other	0
10108022	931	Response	1	34759285	3556	1
10108022	932	Sound	12	34773527	292	1			260		other	0
10108022	933	Sound	16	34795526	284	1			260		other	0
10108022	934	Sound	14	34817924	343	1			260		other	0
10108022	934	Response	1	34822001	4420	1
10108022	935	Sound	19	34835523	437	1			260		other	0
10108022	935	Response	1	34840560	5473	1
10108022	936	Sound	12	34857922	329	1			260		other	0
10108022	937	Sound	17	34886120	352	1			260		other	0
10108022	937	Response	1	34889277	3509	1
10108022	938	Sound	18	34902319	379	1			260		other	0
10108022	938	Response	1	34907996	6056	1
10108022	939	Sound	19	34927718	437	1			260		other	0
10108022	939	Response	1	34932714	5434	1
10108022	940	Sound	19	34946917	464	1			260		other	0
10108022	940	Response	1	34951033	4580	1
10108022	941	Sound	18	34963316	358	1			260		other	0
10108022	941	Response	1	34966792	3834	1
10108022	942	Sound	21	34984314	350	1			260		other	0
10108022	942	Response	1	34987991	4027	1
10108022	943	Sound	17	35011313	340	1			260		other	0
10108022	943	Response	1	35015029	4057	1
10108022	944	Sound	20	35026512	368	1			260		other	0
10108022	944	Response	1	35030388	4245	1
10108022	945	Sound	11	35047710	394	1			260		other	0
10108022	946	Sound	20	35071509	352	1			260		other	0
10108022	946	Response	1	35075106	3949	1
10108022	947	Sound	18	35098107	443	1			260		other	0
10108022	947	Response	1	35101584	3919	1
10108022	948	Sound	11	35121306	301	1			260		other	0
10108022	949	Sound	20	35142305	294	1			260		other	0
10108022	949	Response	1	35146541	4530	1
10108022	950	Sound	15	35162504	320	1			260		other	0
10108022	951	Sound	16	35185102	412	1			260		other	0
10108022	951	Response	1	35191978	7288	1
10108022	952	Sound	16	35211501	302	1			260		other	0
10108022	952	Response	1	35215177	3979	1
10108022	953	Response	255	35962011	734228	1
10108022	954	Sound	105	36047650	371	1			260		other	0
10108022	955	Sound	111	36064849	398	1			260		other	0
10108022	955	Response	1	36068804	4353	1
10108022	956	Sound	104	36092248	455	1			260		other	0
10108022	957	Sound	106	36116646	346	1			260		other	0
10108022	958	Sound	105	36143845	370	1			260		other	0
10108022	958	Response	1	36148319	4845	1
10108022	959	Sound	109	36161644	330	1			260		other	0
10108022	959	Response	1	36164478	3165	1
10108022	960	Sound	109	36186642	321	1			260		other	0
10108022	960	Response	1	36190957	4636	1
10108022	961	Sound	104	36206241	414	1			260		other	0
10108022	962	Sound	102	36231039	372	1			260		other	0
10108022	963	Sound	101	36247438	266	1			260		other	0
10108022	964	Sound	105	36274437	423	1			260		other	0
10108022	965	Sound	103	36300235	381	1			260		other	0
10108022	966	Sound	102	36320834	308	1			260		other	0
10108022	967	Sound	101	36338833	467	1			260		other	0
10108022	968	Sound	109	36359432	393	1			260		other	0
10108022	968	Response	1	36363906	4868	1
10108022	969	Sound	103	36377431	386	1			260		other	0
10108022	970	Sound	111	36403829	445	1			260		other	0
10108022	970	Response	1	36407664	4279	1
10108022	971	Sound	107	36423628	403	1			260		other	0
10108022	971	Response	1	36433582	10358	1
10108022	972	Sound	109	36445026	462	1			260		other	0
10108022	972	Response	1	36448701	4137	1
10108022	973	Sound	107	36463225	323	1			260		other	0
10108022	973	Response	1	36466140	3237	1
10108022	974	Sound	102	36484024	282	1			260		other	0
10108022	975	Sound	106	36504023	275	1			260		other	0
10108022	976	Sound	110	36522422	335	1			260		other	0
10108022	976	Response	1	36526216	4129	1
10108022	977	Sound	108	36546820	393	1			260		other	0
10108022	978	Sound	107	36566019	419	1			260		other	0
10108022	979	Sound	110	36592218	276	1			260		other	0
10108022	979	Response	1	36595892	3951	1
10108022	980	Sound	106	36614416	302	1			260		other	0
10108022	980	Response	1	36618210	4096	1
10108022	981	Sound	108	36640215	426	1			260		other	0
10108022	981	Response	1	36644609	4820	1
10108022	982	Sound	104	36662813	352	1			260		other	0
10108022	983	Sound	105	36685412	443	1			260		other	0
10108022	983	Response	1	36689886	4917	1
10108022	984	Sound	101	36712610	301	1			260		other	0
10108022	985	Sound	111	36732609	293	1			260		other	0
10108022	985	Response	1	36735963	3647	1
10108022	986	Sound	111	36755608	285	1			260		other	0
10108022	986	Response	1	36759081	3758	3
10108022	987	Sound	107	36776607	277	1			260		other	0
10108022	987	Response	1	36781800	5471	1
10108022	988	Sound	105	36799605	436	1			260		other	0
10108022	989	Sound	109	36823604	427	1			260		other	0
10108022	989	Response	1	36827718	4541	1
10108022	990	Sound	110	36841003	321	1			260		other	0
10108022	990	Response	1	36845797	5115	1
10108022	991	Sound	108	36865201	346	1			260		other	0
10108022	991	Response	1	36869155	4300	1
10108022	992	Sound	111	36888800	271	1			260		other	0
10108022	992	Response	1	36892594	4065	1
10108022	993	Sound	106	36915998	461	1			260		other	0
10108022	994	Sound	101	36937997	286	1			260		other	0
10108022	995	Sound	104	36962995	444	1			260		other	0
10108022	996	Sound	101	36980194	305	1			260		other	0
10108022	997	Sound	108	36999993	431	1			260		other	0
10108022	997	Response	1	37004187	4624	1
10108022	998	Sound	110	37023792	389	1			260		other	0
10108022	999	Sound	110	37045590	348	1			260		other	0
10108022	999	Response	1	37051784	6541	1
10108022	1000	Sound	107	37072189	439	1			260		other	0
10108022	1001	Sound	108	37096187	430	1			260		other	0
10108022	1001	Response	1	37103141	7383	1
10108022	1002	Sound	103	37121786	354	1			260		other	0
10108022	1003	Sound	103	37145984	379	1			260		other	0
10108022	1004	Sound	106	37161983	373	1			260		other	0
10108022	1005	Sound	102	37189182	397	1			260		other	0
10108022	1006	Sound	104	37212180	389	1			260		other	0
10108022	1007	Sound	103	37238579	446	1			260		other	0
10108022	1008	Sound	102	37264377	403	1			260		other	0
