Scenario - 
Logfile written - 10/12/2018 19:08:10

Subject	Trial	Event Type	Code	Time	TTime	Uncertainty	Duration	Uncertainty	ReqTime	ReqDur	Stim Type	Pair Index

10108008	1	Response	255	91645	91512	1
10108008	2	Sound	108	165569	260	1			260		other	0
10108008	2	Response	1	171163	5853	1
10108008	3	Sound	107	184576	260	1			260		other	0
10108008	3	Response	1	189483	5167	1
10108008	4	Sound	102	203749	260	1			260		other	0
10108008	5	Sound	108	231592	260	1			260		other	0
10108008	5	Response	1	235402	4070	1
10108008	6	Sound	109	256267	260	1			260		other	0
10108008	6	Response	1	259642	3634	1
10108008	7	Sound	101	278441	260	1			260		other	0
10108008	8	Sound	101	303783	260	1			260		other	0
10108008	9	Sound	103	330792	260	1			260		other	0
10108008	10	Sound	107	358968	260	1			260		other	0
10108008	10	Response	1	363160	4451	1
10108008	11	Sound	105	377975	260	1			260		other	0
10108008	11	Response	1	382999	5284	1
10108008	12	Sound	102	404484	260	1			260		other	0
10108008	13	Sound	103	421657	260	1			260		other	0
10108008	14	Sound	110	448332	260	1			260		other	0
10108008	14	Response	1	451638	3566	1
10108008	15	Sound	101	469173	260	1			260		other	0
10108008	16	Sound	102	497349	260	1			260		other	0
10108008	17	Sound	101	520857	260	1			260		other	0
10108008	18	Sound	105	541197	260	1			260		other	0
10108008	18	Response	1	545317	4379	1
10108008	19	Sound	104	562709	264	1			260		other	0
10108008	19	Response	1	566356	3911	1
10108008	20	Sound	104	586546	260	1			260		other	0
10108008	20	Response	1	592516	6229	1
10108008	21	Sound	109	611054	260	1			260		other	0
10108008	21	Response	1	614355	3560	1
10108008	22	Sound	108	628060	260	1			260		other	0
10108008	22	Response	1	631635	3834	1
10108008	23	Sound	107	656737	260	1			260		other	0
10108008	23	Response	1	659635	3158	1
10108008	24	Sound	101	672576	260	1			260		other	0
10108008	25	Sound	102	698084	260	1			260		other	0
10108008	26	Sound	104	714256	260	1			260		other	0
10108008	26	Response	1	718834	4837	1
10108008	27	Sound	107	732429	260	1			260		other	0
10108008	27	Response	1	735633	3464	1
10108008	28	Sound	108	758938	260	1			260		other	0
10108008	28	Response	1	762033	3354	1
10108008	29	Sound	108	779112	260	1			260		other	0
10108008	29	Response	1	782112	3260	1
10108008	30	Sound	106	804120	260	1			260		other	0
10108008	30	Response	1	807232	3371	1
10108008	31	Sound	103	820959	260	1			260		other	0
10108008	32	Sound	106	847968	260	1			260		other	0
10108008	32	Response	1	851391	3683	1
10108008	33	Sound	104	866141	260	1			260		other	0
10108008	33	Response	1	870831	4949	1
10108008	34	Sound	106	893651	260	1			260		other	0
10108008	34	Response	1	897951	4560	1
10108008	35	Sound	105	921003	269	1			260		other	0
10108008	35	Response	1	924830	4096	1
10108008	36	Sound	106	937166	260	1			260		other	0
10108008	36	Response	1	942670	5764	1
10108008	37	Sound	105	955672	260	1			260		other	0
10108008	37	Response	1	962589	7177	1
10108008	38	Sound	103	983682	260	1			260		other	0
10108008	39	Sound	111	1008690	260	1			260		other	0
10108008	39	Response	1	1011548	3118	1
10108008	40	Sound	110	1025029	260	1			260		other	0
10108008	40	Response	1	1028748	3979	1
10108008	41	Sound	109	1048037	260	1			260		other	0
10108008	41	Response	1	1051708	3931	1
10108008	42	Sound	110	1068710	260	1			260		other	0
10108008	42	Response	1	1071627	3177	1
10108008	43	Sound	111	1085883	260	1			260		other	0
10108008	43	Response	1	1088827	3204	1
10108008	44	Sound	109	1107057	260	1			260		other	0
10108008	44	Response	1	1110667	3870	1
10108008	45	Sound	111	1128400	262	1			260		other	0
10108008	45	Response	1	1131226	3089	1
10108008	46	Sound	107	1149405	260	1			260		other	0
10108008	46	Response	1	1153066	3921	1
10108008	47	Sound	111	1178081	260	1			260		other	0
10108008	47	Response	1	1180825	3004	1
10108008	48	Sound	110	1203423	260	1			260		other	0
10108008	48	Response	1	1206585	3421	2
10108008	49	Sound	110	1227431	260	1			260		other	0
10108008	49	Response	1	1230425	3253	1
10108008	50	Sound	104	1256108	260	1			260		other	0
10108008	51	Sound	105	1275281	260	1			260		other	0
10108008	51	Response	1	1278904	3883	1
10108008	52	Sound	103	1291620	260	1			260		other	0
10108008	53	Sound	106	1317297	261	1			260		other	0
10108008	53	Response	1	1321063	4028	1
10108008	54	Sound	111	1342637	260	1			260		other	0
10108008	54	Response	1	1345782	3405	1
10108008	55	Sound	102	1371147	260	1			260		other	0
10108008	56	Sound	109	1396322	260	1			260		other	0
10108008	56	Response	1	1399942	3879	1
10108008	57	Response	255	1749216	330899	1
10108008	58	Sound	102	1821801	260	1			260		other	0
10108008	59	Sound	102	1838806	260	1			260		other	0
10108008	60	Sound	103	1861648	260	1			260		other	0
10108008	61	Sound	110	1885322	260	1			260		other	0
10108008	61	Response	1	1889053	3991	1
10108008	62	Sound	108	1911831	260	1			260		other	0
10108008	62	Response	1	1915693	4121	1
10108008	63	Sound	107	1936340	260	1			260		other	0
10108008	63	Response	1	1939692	3612	1
10108008	64	Sound	110	1956847	260	1			260		other	0
10108008	64	Response	1	1961132	4545	1
10108008	65	Sound	101	1982355	260	1			260		other	0
10108008	66	Sound	111	2008364	260	1			260		other	0
10108008	66	Response	1	2011371	3267	1
10108008	67	Sound	110	2035540	260	1			260		other	0
10108008	67	Response	1	2038890	3610	1
10108008	68	Sound	110	2063216	260	1			260		other	0
10108008	68	Response	1	2066410	3454	1
10108008	69	Sound	102	2090059	260	1			260		other	0
10108008	70	Sound	103	2110232	260	1			260		other	0
10108008	71	Sound	108	2134074	260	1			260		other	0
10108008	71	Response	1	2137449	3635	1
10108008	72	Sound	105	2153914	260	1			260		other	0
10108008	72	Response	1	2158808	5154	1
10108008	73	Sound	101	2182424	260	1			260		other	0
10108008	74	Sound	108	2211267	260	1			260		other	0
10108008	74	Response	1	2214727	3720	1
10108008	75	Sound	105	2232441	260	1			260		other	0
10108008	75	Response	1	2236167	3986	1
10108008	76	Sound	106	2251114	260	1			260		other	0
10108008	76	Response	1	2258407	7553	1
10108008	77	Sound	105	2267953	260	1			260		other	0
10108008	77	Response	1	2271766	4073	1
10108008	78	Sound	108	2290127	260	1			260		other	0
10108008	78	Response	1	2294246	4379	1
10108008	79	Sound	108	2316803	260	1			260		other	0
10108008	79	Response	1	2319846	3303	1
10108008	80	Sound	111	2340811	260	1			260		other	0
10108008	80	Response	1	2343605	3054	1
10108008	81	Sound	106	2366653	260	1			260		other	0
10108008	81	Response	1	2369845	3451	1
10108008	82	Sound	111	2385326	260	1			260		other	0
10108008	82	Response	1	2387764	2698	1
10108008	83	Sound	101	2407834	260	1			260		other	0
10108008	84	Sound	110	2432342	260	1			260		other	0
10108008	84	Response	1	2436003	3921	2
10108008	85	Sound	107	2459351	260	1			260		other	0
10108008	85	Response	1	2462883	3791	1
10108008	86	Sound	102	2484860	260	1			260		other	0
10108008	87	Sound	111	2513037	260	1			260		other	0
10108008	87	Response	1	2516242	3466	1
10108008	88	Sound	104	2531543	260	1			260		other	0
10108008	89	Sound	103	2549549	260	1			260		other	0
10108008	90	Sound	111	2565721	260	1			260		other	0
10108008	90	Response	1	2568401	2940	1
10108008	91	Sound	109	2585228	260	1			260		other	0
10108008	91	Response	1	2588961	3993	1
10108008	92	Sound	103	2604077	269	1			260		other	0
10108008	93	Sound	106	2621407	260	1			260		other	0
10108008	93	Response	1	2625840	4693	1
10108008	94	Sound	107	2638079	260	1			260		other	0
10108008	94	Response	1	2642480	4661	1
10108008	95	Sound	109	2654418	260	1			260		other	0
10108008	95	Response	1	2658640	4481	1
10108008	96	Sound	104	2676259	260	1			260		other	0
10108008	97	Sound	105	2704435	260	1			260		other	0
10108008	97	Response	1	2709118	4943	1
10108008	98	Sound	102	2721775	260	1			260		other	0
10108008	99	Sound	109	2740281	260	1			260		other	0
10108008	99	Response	1	2742958	2937	1
10108008	100	Sound	109	2763455	260	1			260		other	0
10108008	100	Response	1	2766798	3603	1
10108008	101	Sound	101	2789631	260	1			260		other	0
10108008	102	Sound	107	2810304	260	1			260		other	0
10108008	102	Response	1	2813757	3712	1
10108008	103	Sound	105	2832479	260	1			260		other	0
10108008	103	Response	1	2837517	5298	1
10108008	104	Sound	101	2851652	260	1			260		other	0
10108008	105	Sound	104	2868672	274	1			260		other	0
10108008	105	Response	1	2872956	4558	1
10108008	106	Sound	109	2891672	266	1			260		other	0
10108008	106	Response	1	2895036	3630	1
10108008	107	Sound	104	2908838	260	1			260		other	0
10108008	108	Sound	103	2935347	260	1			260		other	0
10108008	109	Sound	107	2957021	260	1			260		other	0
10108008	109	Response	1	2961434	4673	1
10108008	110	Sound	106	2977361	260	1			260		other	0
10108008	110	Response	1	2981034	3932	1
10108008	111	Sound	104	3000203	260	1			260		other	0
10108008	111	Response	1	3004233	4291	1
10108008	112	Sound	106	3022377	260	1			260		other	0
10108008	112	Response	1	3026713	4596	1
10108008	113	Response	255	3481986	443283	1
10108008	114	Sound	103	3554392	260	1			260		other	0
10108008	115	Sound	106	3577733	260	1			260		other	0
10108008	115	Response	1	3581584	4110	1
10108008	116	Sound	109	3599073	260	1			260		other	0
10108008	116	Response	1	3604303	5489	1
10108008	117	Sound	106	3622915	260	1			260		other	0
10108008	117	Response	1	3626383	3728	1
10108008	118	Sound	111	3642588	260	1			260		other	0
10108008	118	Response	1	3644943	2614	1
10108008	119	Sound	108	3667930	260	1			260		other	0
10108008	119	Response	1	3671822	4151	1
10108008	120	Sound	106	3695273	260	1			260		other	0
10108008	120	Response	1	3699102	4088	1
10108008	121	Sound	104	3716280	260	1			260		other	0
10108008	122	Sound	101	3742122	260	1			260		other	0
10108008	123	Sound	107	3769965	260	1			260		other	0
10108008	123	Response	1	3774060	4355	1
10108008	124	Sound	103	3786137	260	1			260		other	0
10108008	125	Sound	104	3814314	260	1			260		other	0
10108008	126	Sound	102	3836488	260	1			260		other	0
10108008	127	Sound	109	3860329	260	1			260		other	0
10108008	127	Response	1	3864459	4389	1
10108008	128	Sound	107	3881170	260	1			260		other	0
10108008	128	Response	1	3884378	3468	1
10108008	129	Sound	107	3908346	260	1			260		other	0
10108008	129	Response	1	3912138	4052	1
10108008	130	Sound	111	3933856	261	1			260		other	0
10108008	130	Response	1	3936778	3183	1
10108008	131	Sound	105	3949693	260	1			260		other	0
10108008	132	Sound	103	3978055	279	1			260		other	0
10108008	133	Sound	102	3995876	260	1			260		other	0
10108008	134	Sound	109	4020054	263	1			260		other	0
10108008	134	Response	1	4023736	3945	1
10108008	135	Sound	110	4038890	260	1			260		other	0
10108008	135	Response	1	4042296	3665	1
10108008	136	Sound	102	4061231	260	1			260		other	0
10108008	137	Sound	108	4078237	260	1			260		other	0
10108008	137	Response	1	4081415	3437	1
10108008	138	Sound	106	4103412	260	1			260		other	0
10108008	138	Response	1	4107174	4022	1
10108008	139	Sound	108	4123586	260	1			260		other	0
10108008	139	Response	1	4127014	3688	2
10108008	140	Sound	101	4146260	260	1			260		other	0
10108008	141	Sound	101	4170268	260	1			260		other	0
10108008	142	Sound	106	4198778	260	1			260		other	0
10108008	142	Response	1	4203493	4974	1
10108008	143	Sound	102	4224787	260	1			260		other	0
10108008	144	Sound	111	4242793	260	1			260		other	0
10108008	144	Response	1	4245892	3358	1
10108008	145	Sound	107	4264967	260	1			260		other	0
10108008	145	Response	1	4269492	4785	1
10108008	146	Sound	104	4282974	260	1			260		other	0
10108008	146	Response	1	4290931	8217	1
10108008	147	Sound	105	4310150	260	1			260		other	0
10108008	147	Response	1	4314691	4801	1
10108008	148	Sound	101	4338826	260	1			260		other	0
10108008	149	Sound	105	4359166	260	1			260		other	0
10108008	149	Response	1	4366450	7543	1
10108008	150	Sound	105	4376672	260	1			260		other	0
10108008	150	Response	1	4382450	6037	1
10108008	151	Sound	109	4404848	260	1			260		other	0
10108008	151	Response	1	4408209	3621	1
10108008	152	Sound	110	4429524	260	1			260		other	0
10108008	152	Response	1	4433089	3825	1
10108008	153	Sound	105	4458367	260	1			260		other	0
10108008	153	Response	1	4461968	3861	1
10108008	154	Sound	104	4479707	260	1			260		other	0
10108008	154	Response	1	4484688	5240	1
10108008	154	Response	1	4491248	11800	1
10108008	155	Sound	108	4500214	260	1			260		other	0
10108008	155	Response	1	4505808	5853	1
10108008	156	Sound	104	4524890	260	1			260		other	0
10108008	157	Sound	108	4548064	260	1			260		other	0
10108008	157	Response	1	4554127	6322	1
10108008	158	Sound	111	4563903	260	1			260		other	0
10108008	158	Response	1	4567487	3843	1
10108008	159	Sound	110	4581246	263	1			260		other	0
10108008	159	Response	1	4584286	3304	1
10108008	160	Sound	103	4608418	260	1			260		other	0
10108008	161	Sound	107	4627425	260	1			260		other	0
10108008	161	Response	1	4632365	5200	1
10108008	162	Sound	110	4651933	260	1			260		other	0
10108008	162	Response	1	4655725	4052	1
10108008	163	Sound	101	4674107	260	1			260		other	0
10108008	164	Sound	109	4694781	260	1			260		other	0
10108008	164	Response	1	4698524	4003	1
10108008	165	Sound	110	4713787	260	1			260		other	0
10108008	165	Response	1	4717964	4437	1
10108008	166	Sound	103	4733461	260	1			260		other	0
10108008	167	Sound	111	4753467	260	1			260		other	0
10108008	167	Response	1	4757083	3875	1
10108008	168	Sound	102	4769473	260	1			260		other	0
10108008	169	Response	255	5196996	409029	1
10108008	170	Sound	109	5261807	260	1			260		other	0
10108008	170	Response	1	5266674	5126	1
10108008	171	Sound	109	5284982	260	1			260		other	0
10108008	171	Response	1	5288514	3792	1
10108008	172	Sound	103	5311658	260	1			260		other	0
10108008	173	Sound	108	5335500	260	1			260		other	0
10108008	173	Response	1	5340353	5113	1
10108008	174	Sound	101	5352505	260	1			260		other	0
10108008	175	Sound	106	5381015	260	1			260		other	0
10108008	175	Response	1	5385072	4317	1
10108008	176	Sound	103	5403189	260	1			260		other	0
10108008	177	Sound	102	5424696	260	1			260		other	0
10108008	178	Sound	104	5446704	260	1			260		other	0
10108008	179	Sound	107	5473732	278	1			260		other	0
10108008	179	Response	1	5478191	4737	1
10108008	180	Sound	111	5490385	260	1			260		other	0
10108008	180	Response	1	5493470	3345	1
10108008	181	Sound	110	5514731	263	1			260		other	0
10108008	181	Response	1	5518350	3882	1
10108008	182	Sound	109	5542236	260	1			260		other	0
10108008	182	Response	1	5545869	3894	1
10108008	183	Sound	105	5569079	260	1			260		other	0
10108008	183	Response	1	5574029	5209	1
10108008	184	Sound	102	5585084	260	1			260		other	0
10108008	185	Sound	110	5609259	260	1			260		other	0
10108008	185	Response	1	5612748	3749	1
10108008	186	Sound	111	5626599	260	1			260		other	0
10108008	186	Response	1	5630028	3689	1
10108008	187	Sound	108	5645105	260	1			260		other	0
10108008	187	Response	1	5652268	7422	1
10108008	188	Sound	101	5673115	260	1			260		other	0
10108008	189	Sound	107	5692628	267	1			260		other	0
10108008	189	Response	1	5696427	4065	1
10108008	190	Sound	109	5716796	260	1			260		other	0
10108008	190	Response	1	5720186	3650	1
10108008	191	Sound	101	5740971	260	1			260		other	0
10108008	192	Sound	104	5759477	260	1			260		other	0
10108008	192	Response	1	5764586	5368	1
10108008	193	Sound	111	5787487	260	1			260		other	0
10108008	193	Response	1	5790105	2878	1
10108008	194	Sound	105	5809495	260	1			260		other	0
10108008	195	Sound	106	5838004	260	1			260		other	0
10108008	195	Response	1	5842344	4600	1
10108008	196	Sound	105	5857844	260	1			260		other	0
10108008	196	Response	1	5862824	5239	1
10108008	196	Response	1	5865224	7639	1
10108008	197	Sound	108	5881519	260	1			260		other	0
10108008	197	Response	1	5886023	4764	1
10108008	198	Sound	104	5898358	260	1			260		other	0
10108008	199	Sound	110	5922033	260	1			260		other	0
10108008	199	Response	1	5926183	4410	1
10108008	200	Sound	108	5947541	260	1			260		other	0
10108008	200	Response	1	5950902	3621	1
10108008	201	Sound	104	5971383	260	1			260		other	0
10108008	202	Sound	106	5993057	260	1			260		other	0
10108008	202	Response	1	5999622	6824	1
10108008	203	Sound	106	6021567	260	1			260		other	0
10108008	203	Response	1	6025861	4554	1
10108008	204	Sound	102	6038406	260	1			260		other	0
10108008	205	Sound	106	6056912	260	1			260		other	0
10108008	205	Response	1	6062340	5688	1
10108008	206	Sound	101	6080254	260	1			260		other	0
10108008	207	Sound	111	6100927	260	1			260		other	0
10108008	208	Sound	108	6128270	260	1			260		other	0
10108008	208	Response	1	6132179	4169	1
10108008	209	Sound	104	6146776	260	1			260		other	0
10108008	209	Response	1	6153859	7342	1
10108008	210	Sound	102	6163115	260	1			260		other	0
10108008	211	Sound	107	6189291	260	1			260		other	0
10108008	211	Response	1	6193778	4747	1
10108008	212	Sound	103	6212632	260	1			260		other	0
10108008	213	Sound	110	6229638	260	1			260		other	0
10108008	213	Response	1	6234017	4640	1
10108008	214	Sound	102	6258314	260	1			260		other	0
10108008	215	Sound	107	6284323	260	1			260		other	0
10108008	215	Response	1	6288417	4353	1
10108008	216	Sound	101	6310499	260	1			260		other	0
10108008	217	Sound	110	6334340	260	1			260		other	0
10108008	217	Response	1	6338016	3935	1
10108008	218	Sound	109	6352680	260	1			260		other	0
10108008	218	Response	1	6357215	4795	1
10108008	219	Sound	103	6381023	260	1			260		other	0
10108008	220	Sound	111	6398029	260	1			260		other	0
10108008	220	Response	1	6400655	2886	1
10108008	221	Sound	107	6425872	260	1			260		other	0
10108008	221	Response	1	6430174	4562	1
10108008	222	Sound	105	6445878	260	1			260		other	0
10108008	223	Sound	105	6463050	260	1			260		other	0
10108008	223	Response	1	6466893	4103	1
10108008	224	Sound	103	6479889	260	1			260		other	0
10108008	225	Response	255	6852887	348168	1
10108008	226	Sound	12	6924375	260	1			260		other	0
10108008	227	Sound	17	6952385	260	1			260		other	0
10108008	228	Sound	18	6974892	260	1			260		other	0
10108008	228	Response	1	6978884	4252	1
10108008	229	Sound	13	6993732	260	1			260		other	0
10108008	230	Sound	12	7010738	260	1			260		other	0
10108008	231	Sound	19	7026910	260	1			260		other	0
10108008	231	Response	1	7030243	3593	1
10108008	232	Sound	21	7047584	260	1			260		other	0
10108008	232	Response	1	7050563	3239	1
10108008	233	Sound	16	7071259	260	1			260		other	0
10108008	233	Response	1	7076323	5324	1
10108008	234	Sound	15	7096434	260	1			260		other	0
10108008	234	Response	1	7100562	4388	1
10108008	235	Sound	21	7114106	260	1			260		other	0
10108008	235	Response	1	7116962	3115	1
10108008	236	Sound	19	7138448	260	1			260		other	0
10108008	236	Response	1	7141041	2853	1
10108008	237	Sound	19	7165791	260	1			260		other	0
10108008	237	Response	1	7169841	4310	2
10108008	238	Sound	21	7188132	260	1			260		other	0
10108008	238	Response	1	7190401	2529	1
10108008	239	Sound	11	7215307	260	1			260		other	0
10108008	240	Sound	18	7233814	260	1			260		other	0
10108008	240	Response	1	7237360	3806	1
10108008	241	Sound	20	7254321	260	1			260		other	0
10108008	241	Response	1	7258720	4659	1
10108008	242	Sound	20	7277162	260	1			260		other	0
10108008	242	Response	1	7279759	2857	1
10108008	243	Sound	11	7301003	260	1			260		other	0
10108008	244	Sound	17	7323011	260	1			260		other	0
10108008	244	Response	1	7325838	3087	1
10108008	245	Sound	16	7351021	260	1			260		other	0
10108008	245	Response	1	7355118	4357	1
10108008	246	Sound	18	7376362	260	1			260		other	0
10108008	246	Response	1	7378877	2775	1
10108008	247	Sound	12	7397536	260	1			260		other	0
10108008	248	Sound	19	7424045	260	1			260		other	0
10108008	248	Response	1	7426557	2771	1
10108008	249	Sound	19	7443552	260	1			260		other	0
10108008	249	Response	1	7446396	3104	1
10108008	250	Sound	20	7466060	260	1			260		other	0
10108008	250	Response	1	7468476	2676	1
10108008	251	Sound	12	7488901	260	1			260		other	0
10108008	252	Sound	11	7508908	260	1			260		other	0
10108008	253	Sound	13	7524413	260	1			260		other	0
10108008	254	Sound	17	7546421	260	1			260		other	0
10108008	254	Response	1	7551275	5114	1
10108008	255	Sound	15	7572429	260	1			260		other	0
10108008	255	Response	1	7575274	3104	1
10108008	256	Sound	14	7599772	260	1			260		other	0
10108008	257	Sound	15	7615944	260	1			260		other	0
10108008	257	Response	1	7623993	8309	1
10108008	258	Sound	16	7635117	260	1			260		other	0
10108008	258	Response	1	7640393	5535	1
10108008	259	Sound	16	7661460	260	1			260		other	0
10108008	259	Response	1	7667033	5833	1
10108008	260	Sound	11	7686802	260	1			260		other	0
10108008	261	Sound	16	7714478	260	1			260		other	0
10108008	261	Response	1	7717511	3293	1
10108008	262	Sound	13	7742654	260	1			260		other	0
10108008	263	Sound	20	7761996	261	1			260		other	0
10108008	263	Response	1	7764711	2976	1
10108008	264	Sound	17	7789003	260	1			260		other	0
10108008	264	Response	1	7791750	3007	1
10108008	265	Sound	14	7814345	260	1			260		other	0
10108008	265	Response	1	7818869	4784	1
10108008	266	Sound	15	7838520	260	1			260		other	0
10108008	266	Response	1	7843109	4849	1
10108008	267	Sound	13	7864696	260	1			260		other	0
10108008	268	Sound	21	7889037	260	1			260		other	0
10108008	268	Response	1	7892069	3291	1
10108008	269	Sound	20	7913046	260	1			260		other	0
10108008	269	Response	1	7920468	7682	1
10108008	270	Sound	15	7938221	260	1			260		other	0
10108008	271	Sound	21	7964063	260	1			260		other	0
10108008	271	Response	1	7967427	3624	1
10108008	272	Sound	18	7981069	260	1			260		other	0
10108008	272	Response	1	7991187	10378	1
10108008	273	Sound	17	7996407	260	1			260		other	0
10108008	273	Response	1	8002786	6639	1
10108008	274	Sound	14	8018415	260	1			260		other	0
10108008	274	Response	1	8025106	6951	1
10108008	275	Sound	14	8036921	260	1			260		other	0
10108008	276	Sound	12	8059929	260	1			260		other	0
10108008	277	Sound	11	8082604	260	1			260		other	0
10108008	278	Sound	18	8107278	260	1			260		other	0
10108008	278	Response	1	8110705	3686	1
10108008	279	Sound	14	8127619	260	1			260		other	0
10108008	279	Response	1	8137584	10225	1
10108008	280	Sound	13	8144458	260	1			260		other	0
10108008	281	Response	255	8448219	286935	1
10108008	282	Sound	104	8527589	260	1			260		other	0
10108008	283	Sound	101	8554598	260	1			260		other	0
10108008	284	Sound	110	8573438	260	1			260		other	0
10108008	284	Response	1	8577096	3918	1
10108008	285	Sound	108	8593111	260	1			260		other	0
10108008	285	Response	1	8596536	3685	1
10108008	286	Sound	107	8612117	260	1			260		other	0
10108008	286	Response	1	8615576	3718	1
10108008	287	Sound	103	8635959	260	1			260		other	0
10108008	288	Sound	111	8661634	260	1			260		other	0
10108008	288	Response	1	8665175	3800	1
10108008	289	Sound	101	8678640	260	1			260		other	0
10108008	290	Sound	105	8697981	261	1			260		other	0
10108008	290	Response	1	8701814	4094	1
10108008	291	Sound	107	8720655	260	1			260		other	0
10108008	291	Response	1	8724534	4139	1
10108008	292	Sound	110	8737994	260	1			260		other	0
10108008	292	Response	1	8741574	3840	1
10108008	293	Sound	111	8757834	260	1			260		other	0
10108008	293	Response	1	8760613	3039	1
10108008	294	Sound	108	8778180	265	1			260		other	0
10108008	294	Response	1	8781573	3659	1
10108008	295	Sound	101	8807184	260	1			260		other	0
10108008	296	Sound	110	8831692	260	1			260		other	0
10108008	296	Response	1	8837092	5659	1
10108008	297	Sound	102	8853533	260	1			260		other	0
10108008	298	Sound	107	8875041	260	1			260		other	0
10108008	298	Response	1	8879012	4231	1
10108008	299	Sound	102	8897215	260	1			260		other	0
10108008	300	Sound	101	8925391	260	1			260		other	0
10108008	301	Sound	103	8953734	260	1			260		other	0
10108008	302	Sound	111	8980410	260	1			260		other	0
10108008	302	Response	1	8984529	4379	1
10108008	303	Sound	103	9005919	260	1			260		other	0
10108008	304	Sound	106	9022758	260	1			260		other	0
10108008	304	Response	1	9027729	5231	1
10108008	305	Sound	104	9040597	260	1			260		other	0
10108008	306	Sound	103	9066939	260	1			260		other	0
10108008	306	Response	1	9076448	9768	1
10108008	307	Sound	107	9092948	260	1			260		other	0
10108008	307	Response	1	9096607	3919	1
10108008	308	Sound	102	9121125	260	1			260		other	0
10108008	309	Sound	108	9138631	260	1			260		other	0
10108008	309	Response	1	9142207	3836	1
10108008	310	Sound	111	9164306	260	1			260		other	0
10108008	310	Response	1	9167566	3520	1
10108008	311	Sound	109	9188648	260	1			260		other	0
10108008	311	Response	1	9192926	4538	1
10108008	312	Sound	110	9215157	260	1			260		other	0
10108008	312	Response	1	9218685	3788	1
10108008	313	Sound	104	9243172	266	1			260		other	0
10108008	313	Response	1	9247725	4818	1
10108008	314	Sound	108	9271843	260	1			260		other	0
10108008	314	Response	1	9275884	4301	1
10108008	315	Sound	106	9300686	260	1			260		other	0
10108008	315	Response	1	9303884	3458	1
10108008	316	Sound	109	9321193	260	1			260		other	0
10108008	316	Response	1	9324603	3670	1
10108008	317	Sound	104	9340033	260	1			260		other	0
10108008	317	Response	1	9344043	4270	1
10108008	318	Sound	102	9365541	260	1			260		other	0
10108008	319	Sound	102	9384881	260	1			260		other	0
10108008	320	Sound	111	9413570	272	1			260		other	0
10108008	320	Response	1	9417242	3944	1
10108008	321	Sound	110	9429570	266	1			260		other	0
10108008	321	Response	1	9433002	3698	1
10108008	322	Sound	103	9445402	260	1			260		other	0
10108008	323	Sound	109	9469243	260	1			260		other	0
10108008	323	Response	1	9472521	3537	1
10108008	324	Sound	105	9494252	260	1			260		other	0
10108008	324	Response	1	9498281	4288	1
10108008	325	Sound	109	9522928	260	1			260		other	0
10108008	325	Response	1	9526680	4011	1
10108008	326	Sound	108	9545936	260	1			260		other	0
10108008	327	Sound	104	9562275	260	1			260		other	0
10108008	327	Response	1	9566919	4904	1
10108008	328	Sound	106	9581448	260	1			260		other	0
10108008	328	Response	1	9584839	3650	1
10108008	329	Sound	105	9604456	260	1			260		other	0
10108008	329	Response	1	9608199	4002	1
10108008	330	Sound	106	9625630	260	1			260		other	0
10108008	330	Response	1	9630438	5068	1
10108008	331	Sound	101	9641969	260	1			260		other	0
10108008	332	Sound	109	9658141	260	1			260		other	0
10108008	332	Response	1	9662998	5116	1
10108008	333	Sound	107	9678482	260	1			260		other	0
10108008	333	Response	1	9682917	4696	1
10108008	334	Sound	105	9699655	260	1			260		other	0
10108008	334	Response	1	9703397	4001	1
10108008	335	Sound	105	9724497	260	1			260		other	0
10108008	335	Response	1	9728996	4758	3
10108008	336	Sound	106	9742003	260	1			260		other	0
10108008	336	Response	1	9745556	3813	1
10108008	337	Response	255	10320746	559916	1
10108008	338	Sound	111	10394893	260	1			260		other	0
10108008	338	Response	1	10397865	3232	1
10108008	339	Sound	104	10414233	260	1			260		other	0
10108008	340	Sound	105	10431905	260	1			260		other	0
10108008	340	Response	1	10435464	3819	1
10108008	341	Sound	104	10455413	260	1			260		other	0
10108008	342	Sound	101	10476421	260	1			260		other	0
10108008	343	Sound	109	10504097	260	1			260		other	0
10108008	344	Sound	111	10532273	260	1			260		other	0
10108008	344	Response	1	10535303	3289	1
10108008	345	Sound	106	10558282	260	1			260		other	0
10108008	346	Sound	110	10580623	260	1			260		other	0
10108008	346	Response	1	10583781	3418	1
10108008	347	Sound	107	10600463	260	1			260		other	0
10108008	347	Response	1	10604741	4538	1
10108008	348	Sound	107	10626805	260	1			260		other	0
10108008	348	Response	1	10630341	3795	1
10108008	349	Sound	102	10646650	265	1			260		other	0
10108008	350	Sound	104	10669652	260	1			260		other	0
10108008	351	Sound	105	10697829	260	1			260		other	0
10108008	351	Response	1	10704340	6770	1
10108008	352	Sound	101	10720504	260	1			260		other	0
10108008	353	Sound	110	10737343	260	1			260		other	0
10108008	353	Response	1	10741299	4216	1
10108008	354	Sound	102	10753682	260	1			260		other	0
10108008	355	Sound	110	10776523	260	1			260		other	0
10108008	355	Response	1	10779698	3435	1
10108008	356	Sound	109	10798530	260	1			260		other	0
10108008	356	Response	1	10802658	4387	1
10108008	357	Sound	109	10815370	260	1			260		other	0
10108008	357	Response	1	10819058	3948	1
10108008	358	Sound	103	10841547	262	1			260		other	0
10108008	359	Sound	105	10862719	260	1			260		other	0
10108008	360	Sound	106	10886247	280	1			260		other	0
10108008	361	Sound	102	10909746	271	1			260		other	0
10108008	362	Sound	109	10938078	260	1			260		other	0
10108008	362	Response	1	10941375	3557	1
10108008	363	Sound	104	10966588	260	1			260		other	0
10108008	363	Response	1	10970415	4087	1
10108008	364	Sound	101	10989429	260	1			260		other	0
10108008	365	Sound	111	11015771	260	1			260		other	0
10108008	365	Response	1	11019134	3622	1
10108008	366	Sound	106	11034111	260	1			260		other	0
10108008	366	Response	1	11041214	7362	1
10108008	367	Sound	102	11061453	260	1			260		other	0
10108008	368	Sound	101	11083294	260	1			260		other	0
10108008	369	Sound	106	11099300	260	1			260		other	0
10108008	369	Response	1	11103053	4013	1
10108008	370	Sound	110	11127643	260	1			260		other	0
10108008	370	Response	1	11131212	3829	1
10108008	371	Sound	108	11147316	260	1			260		other	0
10108008	371	Response	1	11150892	3835	1
10108008	372	Sound	103	11168157	260	1			260		other	0
10108008	373	Sound	108	11196333	260	1			260		other	0
10108008	373	Response	1	11199851	3778	1
10108008	374	Sound	109	11223842	260	1			260		other	0
10108008	374	Response	1	11227130	3548	1
10108008	375	Sound	104	11241682	260	1			260		other	0
10108008	376	Sound	107	11269858	260	1			260		other	0
10108008	376	Response	1	11274489	4891	1
10108008	377	Sound	110	11293366	260	1			260		other	0
10108008	377	Response	1	11296569	3463	1
10108008	378	Sound	107	11310540	261	1			260		other	0
10108008	378	Response	1	11313849	3570	1
10108008	379	Sound	103	11336381	260	1			260		other	0
10108008	380	Sound	108	11363056	260	1			260		other	0
10108008	380	Response	1	11366728	3931	1
10108008	381	Sound	105	11381063	260	1			260		other	0
10108008	381	Response	1	11385528	4725	1
10108008	382	Sound	106	11404739	261	1			260		other	0
10108008	382	Response	1	11408407	3930	1
10108008	383	Sound	101	11427745	260	1			260		other	0
10108008	384	Sound	108	11452254	260	1			260		other	0
10108008	384	Response	1	11456486	4492	1
10108008	385	Sound	103	11477596	260	1			260		other	0
10108008	386	Sound	108	11496769	260	1			260		other	0
10108008	386	Response	1	11499926	3417	1
10108008	387	Sound	102	11520777	260	1			260		other	0
10108008	388	Sound	107	11542784	260	1			260		other	0
10108008	388	Response	1	11546485	3960	1
10108008	389	Sound	111	11559624	260	1			260		other	0
10108008	389	Response	1	11564005	4641	1
10108008	390	Sound	105	11586636	263	1			260		other	0
10108008	391	Sound	103	11615476	260	1			260		other	0
10108008	392	Sound	111	11633149	260	1			260		other	0
10108008	392	Response	1	11637123	4234	1
10108008	393	Response	255	11702482	50840	1
10108008	394	Sound	19	11783200	260	1			260		other	0
10108008	394	Response	1	11787041	4100	1
10108008	395	Sound	20	11798872	260	1			260		other	0
10108008	395	Response	1	11803840	5228	1
10108008	396	Sound	17	11814711	260	1			260		other	0
10108008	396	Response	1	11819120	4669	1
10108008	397	Sound	15	11833550	260	1			260		other	0
10108008	397	Response	1	11837280	3989	1
10108008	398	Sound	13	11859893	260	1			260		other	0
10108008	399	Sound	21	11883901	260	1			260		other	0
10108008	399	Response	1	11886639	2998	1
10108008	400	Sound	17	11910910	260	1			260		other	0
10108008	400	Response	1	11914558	3908	1
10108008	401	Sound	19	11928583	260	1			260		other	0
10108008	401	Response	1	11933118	4795	1
10108008	402	Sound	18	11947756	260	1			260		other	0
10108008	402	Response	1	11950878	3381	1
10108008	403	Sound	11	11968597	260	1			260		other	0
10108008	404	Sound	11	11995606	260	1			260		other	0
10108008	405	Sound	21	12023616	260	1			260		other	0
10108008	405	Response	1	12026636	3281	1
10108008	406	Sound	17	12040121	260	1			260		other	0
10108008	407	Sound	18	12062795	260	1			260		other	0
10108008	407	Response	1	12065756	3220	1
10108008	408	Sound	21	12087471	260	1			260		other	0
10108008	408	Response	1	12090395	3184	1
10108008	409	Sound	20	12103976	260	1			260		other	0
10108008	409	Response	1	12107435	3719	1
10108008	410	Sound	12	12129985	260	1			260		other	0
10108008	411	Sound	13	12145990	260	1			260		other	0
10108008	412	Sound	15	12167164	260	1			260		other	0
10108008	412	Response	1	12170794	3889	1
10108008	413	Sound	14	12187505	260	1			260		other	0
10108008	413	Response	1	12191753	4508	1
10108008	414	Sound	20	12203010	260	1			260		other	0
10108008	414	Response	1	12207753	5003	1
10108008	415	Sound	15	12223184	260	1			260		other	0
10108008	415	Response	1	12232233	9309	1
10108008	416	Sound	12	12238526	263	1			260		other	0
10108008	417	Sound	16	12264864	260	1			260		other	0
10108008	417	Response	1	12268872	4268	1
10108008	418	Sound	17	12280036	260	1			260		other	0
10108008	418	Response	1	12285272	5496	1
10108008	419	Sound	20	12297042	260	1			260		other	0
10108008	419	Response	1	12300152	3369	1
10108008	420	Sound	12	12315382	260	1			260		other	0
10108008	421	Sound	21	12333054	260	1			260		other	0
10108008	421	Response	1	12335751	2956	1
10108008	422	Sound	13	12352895	260	1			260		other	0
10108008	423	Sound	11	12375569	260	1			260		other	0
10108008	424	Sound	14	12402912	260	1			260		other	0
10108008	425	Sound	12	12421084	260	1			260		other	0
10108008	426	Sound	15	12438424	260	1			260		other	0
10108008	426	Response	1	12441669	3505	1
10108008	427	Sound	14	12456097	260	1			260		other	0
10108008	427	Response	1	12471829	15992	1
10108008	428	Sound	19	12474769	260	1			260		other	0
10108008	428	Response	1	12478869	4359	1
10108008	429	Sound	16	12491942	260	1			260		other	0
10108008	429	Response	1	12495188	3506	1
10108008	430	Sound	16	12517621	264	1			260		other	0
10108008	430	Response	1	12521028	3670	1
10108008	431	Sound	19	12540458	260	1			260		other	0
10108008	431	Response	1	12543748	3549	1
10108008	432	Sound	19	12562132	260	1			260		other	0
10108008	432	Response	1	12565347	3474	1
10108008	433	Sound	15	12589975	260	1			260		other	0
10108008	433	Response	1	12593107	3391	1
10108008	434	Sound	13	12605820	265	1			260		other	0
10108008	435	Sound	16	12629656	260	1			260		other	0
10108008	435	Response	1	12632626	3230	1
10108008	436	Sound	18	12651330	260	1			260		other	0
10108008	436	Response	1	12654706	3636	1
10108008	437	Sound	16	12677505	260	1			260		other	0
10108008	437	Response	1	12682225	4980	1
10108008	438	Sound	20	12700346	260	1			260		other	0
10108008	438	Response	1	12703825	3738	1
10108008	439	Sound	11	12715518	260	1			260		other	0
10108008	440	Sound	21	12731523	260	1			260		other	0
10108008	440	Response	1	12734384	3120	1
10108008	441	Sound	17	12758033	260	1			260		other	0
10108008	441	Response	1	12762144	4371	1
10108008	442	Sound	13	12783875	260	1			260		other	0
10108008	443	Sound	14	12810717	260	1			260		other	0
10108008	444	Sound	18	12829224	260	1			260		other	0
10108008	444	Response	1	12832062	3098	1
10108008	445	Sound	14	12854066	260	1			260		other	0
10108008	446	Sound	12	12872238	260	1			260		other	0
10108008	447	Sound	11	12899081	260	1			260		other	0
10108008	448	Sound	18	12918254	260	1			260		other	0
10108008	448	Response	1	12921821	3827	1
10108008	449	Response	255	13437172	503759	1
10108008	450	Sound	20	13517305	273	1			260		other	0
10108008	450	Response	1	13520850	3818	1
10108008	451	Sound	18	13537132	260	1			260		other	0
10108008	451	Response	1	13540050	3178	1
10108008	452	Sound	20	13554805	260	1			260		other	0
10108008	452	Response	1	13558610	4065	1
10108008	453	Sound	20	13581314	260	1			260		other	0
10108008	453	Response	1	13584209	3155	1
10108008	454	Sound	12	13596986	260	1			260		other	0
10108008	455	Sound	15	13617993	260	1			260		other	0
10108008	456	Sound	20	13639667	260	1			260		other	0
10108008	456	Response	1	13642288	2881	1
10108008	457	Sound	12	13663508	260	1			260		other	0
10108008	458	Sound	21	13690351	260	1			260		other	0
10108008	458	Response	1	13693007	2916	1
10108008	459	Sound	21	13715526	260	1			260		other	0
10108008	459	Response	1	13718127	2860	1
10108008	460	Sound	21	13738034	260	1			260		other	0
10108008	460	Response	1	13740847	3072	1
10108008	461	Sound	12	13758875	260	1			260		other	0
10108008	462	Sound	17	13786717	260	1			260		other	0
10108008	462	Response	1	13790606	4148	1
10108008	463	Sound	11	13811226	260	1			260		other	0
10108008	464	Sound	15	13832401	261	1			260		other	0
10108008	465	Sound	11	13855241	260	1			260		other	0
10108008	466	Sound	19	13875914	260	1			260		other	0
10108008	466	Response	1	13879724	4069	1
10108008	467	Sound	11	13902924	260	1			260		other	0
10108008	468	Sound	12	13924931	260	1			260		other	0
10108008	469	Sound	14	13952440	260	1			260		other	0
10108008	470	Sound	15	13974115	260	1			260		other	0
10108008	471	Sound	19	13989298	272	1			260		other	0
10108008	471	Response	1	13992042	3016	1
10108008	472	Sound	11	14006798	265	1			260		other	0
10108008	473	Sound	13	14028800	260	1			260		other	0
10108008	474	Sound	18	14053808	260	1			260		other	0
10108008	474	Response	1	14056281	2732	1
10108008	475	Sound	15	14075316	260	1			260		other	0
10108008	476	Sound	19	14103159	260	1			260		other	0
10108008	476	Response	1	14105640	2741	1
10108008	477	Sound	18	14126333	260	1			260		other	0
10108008	477	Response	1	14129640	3566	1
10108008	478	Sound	21	14142672	260	1			260		other	0
10108008	478	Response	1	14145160	2747	1
10108008	479	Sound	14	14163012	260	1			260		other	0
10108008	480	Sound	17	14182695	269	1			260		other	0
10108008	480	Response	1	14185799	3373	1
10108008	481	Sound	16	14205695	261	1			260		other	0
10108008	481	Response	1	14208758	3325	1
10108008	482	Sound	16	14227701	260	1			260		other	0
10108008	482	Response	1	14241318	13877	1
10108008	483	Sound	16	14253710	260	1			260		other	0
10108008	483	Response	1	14256358	2907	1
10108008	484	Sound	17	14269215	260	1			260		other	0
10108008	484	Response	1	14272277	3322	1
10108008	485	Sound	13	14288555	260	1			260		other	0
10108008	486	Sound	20	14306228	260	1			260		other	0
10108008	486	Response	1	14308757	2789	1
10108008	487	Sound	11	14330069	260	1			260		other	0
10108008	488	Sound	13	14345742	260	1			260		other	0
10108008	489	Sound	16	14370917	260	1			260		other	0
10108008	489	Response	1	14376516	5859	1
10108008	490	Sound	18	14388092	262	1			260		other	0
10108008	490	Response	1	14390915	3086	1
10108008	491	Sound	17	14407762	260	1			260		other	0
10108008	491	Response	1	14410115	2612	1
10108008	492	Sound	16	14428270	260	1			260		other	0
10108008	493	Sound	13	14449610	260	1			260		other	0
10108008	494	Sound	21	14475619	260	1			260		other	0
10108008	494	Response	1	14477874	2514	1
10108008	495	Sound	18	14496126	260	1			260		other	0
10108008	495	Response	1	14500193	4327	1
10108008	496	Sound	15	14511798	260	1			260		other	0
10108008	497	Sound	14	14533972	260	1			260		other	0
10108008	498	Sound	19	14555489	269	1			260		other	0
10108008	498	Response	1	14558032	2812	1
10108008	499	Sound	14	14582489	260	1			260		other	0
10108008	500	Sound	12	14604330	260	1			260		other	0
10108008	501	Sound	14	14621669	260	1			260		other	0
10108008	502	Sound	19	14642188	272	1			260		other	0
10108008	502	Response	1	14645391	3474	1
10108008	503	Sound	17	14668352	260	1			260		other	0
10108008	503	Response	1	14671230	3139	1
10108008	504	Sound	13	14690859	260	1			260		other	0
10108008	504	Response	1	14694590	3990	1
10108008	505	Response	255	15110263	398743	1
10108008	506	Sound	21	15188696	260	1			260		other	0
10108008	506	Response	1	15191301	2865	1
10108008	507	Sound	14	15215038	260	1			260		other	0
10108008	508	Sound	19	15238379	260	1			260		other	0
10108008	508	Response	1	15241380	3260	1
10108008	509	Sound	12	15256552	260	1			260		other	0
10108008	509	Response	1	15269780	13487	1
10108008	510	Sound	21	15282061	260	1			260		other	0
10108008	510	Response	1	15284580	2778	1
10108008	511	Sound	13	15309577	267	1			260		other	0
10108008	512	Sound	20	15327243	260	1			260		other	0
10108008	512	Response	1	15330259	3276	1
10108008	513	Sound	19	15343916	260	1			260		other	0
10108008	513	Response	1	15347059	3403	1
10108008	514	Sound	15	15364256	260	1			260		other	0
10108008	515	Sound	16	15380261	260	1			260		other	0
10108008	515	Response	1	15383778	3777	1
10108008	516	Sound	15	15400768	260	1			260		other	0
10108008	516	Response	1	15405217	4709	1
10108008	517	Sound	12	15417607	260	1			260		other	0
10108008	518	Sound	18	15441282	260	1			260		other	0
10108008	518	Response	1	15443857	2835	1
10108008	519	Sound	11	15467791	260	1			260		other	0
10108008	520	Sound	17	15495634	260	1			260		other	0
10108008	520	Response	1	15498656	3282	1
10108008	521	Sound	13	15521643	260	1			260		other	0
10108008	522	Sound	11	15539816	260	1			260		other	0
10108008	523	Sound	17	15562324	260	1			260		other	0
10108008	523	Response	1	15566655	4591	1
10108008	524	Sound	18	15580329	260	1			260		other	0
10108008	524	Response	1	15583694	3625	1
10108008	525	Sound	14	15600336	260	1			260		other	0
10108008	525	Response	1	15604654	4577	2
10108008	526	Sound	21	15620843	260	1			260		other	0
10108008	526	Response	1	15624094	3510	1
10108008	527	Sound	13	15641017	260	1			260		other	0
10108008	528	Sound	11	15663525	260	1			260		other	0
10108008	529	Sound	19	15685872	266	1			260		other	0
10108008	529	Response	1	15688973	3367	1
10108008	530	Sound	14	15712041	260	1			260		other	0
10108008	531	Sound	18	15728713	260	1			260		other	0
10108008	531	Response	1	15731772	3318	1
10108008	532	Sound	15	15751221	260	1			260		other	0
10108008	532	Response	1	15754972	4010	1
10108008	533	Sound	19	15777730	260	1			260		other	0
10108008	533	Response	1	15780891	3420	1
10108008	534	Sound	15	15795570	260	1			260		other	0
10108008	534	Response	1	15815450	20141	1
10108008	535	Sound	13	15816410	260	1			260		other	0
10108008	536	Sound	18	15833416	260	1			260		other	0
10108008	536	Response	1	15836650	3494	1
10108008	537	Sound	14	15850922	260	1			260		other	0
10108008	537	Response	1	15866329	15667	1
10108008	538	Sound	18	15876431	260	1			260		other	0
10108008	538	Response	1	15882729	6558	1
10108008	539	Sound	21	15900105	260	1			260		other	0
10108008	539	Response	1	15903049	3203	1
10108008	540	Sound	20	15919779	260	1			260		other	0
10108008	540	Response	1	15923129	3610	1
10108008	541	Sound	17	15941286	260	1			260		other	0
10108008	541	Response	1	15944088	3062	1
10108008	542	Sound	11	15963467	267	1			260		other	0
10108008	543	Sound	16	15987302	260	1			260		other	0
10108008	543	Response	1	15991927	4885	1
10108008	544	Sound	21	16013978	260	1			260		other	0
10108008	544	Response	1	16017927	4209	1
10108008	545	Sound	14	16030316	260	1			260		other	0
10108008	546	Sound	20	16051824	260	1			260		other	0
10108008	547	Sound	20	16070330	260	1			260		other	0
10108008	547	Response	1	16084806	14735	1
10108008	548	Sound	11	16088170	260	1			260		other	0
10108008	549	Sound	20	16107676	260	1			260		other	0
10108008	549	Response	1	16111205	3789	1
10108008	550	Sound	16	16126349	260	1			260		other	0
10108008	551	Sound	16	16147690	260	1			260		other	0
10108008	551	Response	1	16151445	4015	1
10108008	552	Sound	15	16166029	260	1			260		other	0
10108008	552	Response	1	16171044	5275	1
10108008	553	Sound	12	16188204	260	1			260		other	0
10108008	554	Sound	13	16204376	260	1			260		other	0
10108008	555	Sound	17	16223049	260	1			260		other	0
10108008	555	Response	1	16227043	4254	1
10108008	556	Sound	12	16249725	260	1			260		other	0
10108008	557	Sound	17	16273733	260	1			260		other	0
10108008	557	Response	1	16277442	3969	1
10108008	558	Sound	16	16292072	260	1			260		other	0
10108008	558	Response	1	16295602	3789	1
10108008	559	Sound	12	16317081	260	1			260		other	0
10108008	560	Sound	19	16333261	268	1			260		other	0
10108008	560	Response	1	16336481	3488	1
10108008	561	Response	255	16587437	233356	1
10108008	562	Sound	11	16670368	260	1			260		other	0
10108008	563	Sound	21	16693710	260	1			260		other	0
10108008	563	Response	1	16696635	3185	1
10108008	564	Sound	17	16719218	260	1			260		other	0
10108008	564	Response	1	16726155	7196	1
10108008	565	Sound	18	16745060	260	1			260		other	0
10108008	565	Response	1	16749514	4713	1
10108008	566	Sound	17	16769402	260	1			260		other	0
10108008	566	Response	1	16773594	4451	1
10108008	567	Sound	20	16797078	260	1			260		other	0
10108008	567	Response	1	16799753	2934	2
10108008	568	Sound	11	16822420	260	1			260		other	0
10108008	568	Response	1	16834953	12792	1
10108008	569	Sound	13	16840593	260	1			260		other	0
10108008	570	Sound	17	16856932	260	1			260		other	0
10108008	570	Response	1	16860712	4040	1
10108008	571	Sound	20	16879940	260	1			260		other	0
10108008	571	Response	1	16882392	2712	1
10108008	572	Sound	16	16902614	260	1			260		other	0
10108008	572	Response	1	16906151	3797	1
10108008	573	Sound	11	16918620	260	1			260		other	0
10108008	574	Sound	14	16934958	260	1			260		other	0
10108008	575	Sound	19	16951631	260	1			260		other	0
10108008	575	Response	1	16954470	3099	1
10108008	576	Sound	12	16977640	260	1			260		other	0
10108008	577	Sound	15	16995146	260	1			260		other	0
10108008	577	Response	1	17002070	7184	1
10108008	578	Sound	13	17017320	260	1			260		other	0
10108008	579	Sound	20	17044496	260	1			260		other	0
10108008	579	Response	1	17047909	3673	1
10108008	580	Sound	19	17060835	260	1			260		other	0
10108008	580	Response	1	17064069	3494	1
10108008	581	Sound	16	17077174	260	1			260		other	0
10108008	581	Response	1	17081108	4194	1
10108008	582	Sound	20	17097849	262	1			260		other	0
10108008	582	Response	1	17101908	4320	1
10108008	583	Sound	21	17125690	260	1			260		other	0
10108008	583	Response	1	17132708	7277	1
10108008	584	Sound	15	17152533	260	1			260		other	0
10108008	584	Response	1	17161347	9074	1
10108008	585	Sound	19	17172039	260	1			260		other	0
10108008	585	Response	1	17175507	3727	1
10108008	586	Sound	14	17198549	260	1			260		other	0
10108008	587	Sound	18	17226558	260	1			260		other	0
10108008	587	Response	1	17229266	2967	1
10108008	588	Sound	17	17254747	273	1			260		other	0
10108008	588	Response	1	17258065	3591	1
10108008	589	Sound	13	17279410	260	1			260		other	0
10108008	590	Sound	12	17297416	260	1			260		other	0
10108008	591	Sound	11	17314421	260	1			260		other	0
10108008	592	Sound	17	17330427	260	1			260		other	0
10108008	592	Response	1	17334544	4377	1
10108008	593	Sound	16	17347600	260	1			260		other	0
10108008	593	Response	1	17351344	4004	1
10108008	594	Sound	12	17369445	265	1			260		other	0
10108008	595	Sound	15	17385446	260	1			260		other	0
10108008	595	Response	1	17394143	8957	1
10108008	596	Sound	13	17401951	260	1			260		other	0
10108008	597	Sound	14	17417790	260	1			260		other	0
10108008	597	Response	1	17421263	3732	1
10108008	598	Sound	12	17438964	260	1			260		other	0
10108008	599	Sound	13	17466807	260	1			260		other	0
10108008	600	Sound	11	17484980	260	1			260		other	0
10108008	601	Sound	21	17501152	260	1			260		other	0
10108008	601	Response	1	17506461	5569	1
10108008	602	Sound	14	17525994	260	1			260		other	0
10108008	603	Sound	18	17550669	260	1			260		other	0
10108008	603	Response	1	17560220	9811	1
10108008	604	Sound	15	17573010	260	1			260		other	0
10108008	605	Sound	21	17590516	260	1			260		other	0
10108008	605	Response	1	17593660	3404	1
10108008	606	Sound	12	17617692	260	1			260		other	0
10108008	607	Sound	14	17636031	260	1			260		other	0
10108008	608	Sound	18	17658372	260	1			260		other	0
10108008	608	Response	1	17661098	2986	1
10108008	609	Sound	15	17673711	260	1			260		other	0
10108008	610	Sound	21	17692884	260	1			260		other	0
10108008	610	Response	1	17694778	2153	1
10108008	611	Sound	20	17708389	260	1			260		other	0
10108008	611	Response	1	17711817	3688	1
10108008	612	Sound	19	17736565	260	1			260		other	0
10108008	612	Response	1	17739097	2791	1
10108008	613	Sound	16	17759907	260	1			260		other	0
10108008	613	Response	1	17760537	889	1
10108008	614	Sound	16	17781914	260	1			260		other	0
10108008	614	Response	1	17786776	5121	1
10108008	615	Sound	19	17806756	260	1			260		other	0
10108008	615	Response	1	17817095	10599	1
10108008	616	Sound	18	17825096	260	1			260		other	0
10108008	616	Response	1	17828935	4099	1
10108008	616	Response	1	17848375	23539	1
10108008	617	Response	255	18353406	504315	1
10108008	618	Sound	19	18427468	260	1			260		other	0
10108008	618	Response	1	18430285	3077	1
10108008	619	Sound	18	18454811	260	1			260		other	0
10108008	619	Response	1	18457564	3013	1
10108008	620	Sound	16	18473317	260	1			260		other	0
10108008	620	Response	1	18482284	9226	1
10108008	621	Sound	11	18491323	260	1			260		other	0
10108008	622	Sound	16	18509996	260	1			260		other	0
10108008	622	Response	1	18513083	3347	1
10108008	623	Sound	12	18528502	260	1			260		other	0
10108008	624	Sound	16	18549176	260	1			260		other	0
10108008	624	Response	1	18558123	9206	1
10108008	625	Sound	17	18566849	260	1			260		other	0
10108008	625	Response	1	18570122	3533	1
10108008	626	Sound	14	18582188	260	1			260		other	0
10108008	626	Response	1	18586922	4994	1
10108008	627	Sound	14	18598360	260	1			260		other	0
10108008	628	Sound	19	18614198	260	1			260		other	0
10108008	628	Response	1	18616842	2903	1
10108008	629	Sound	19	18629704	260	1			260		other	0
10108008	629	Response	1	18632361	2917	1
10108008	630	Sound	21	18649544	260	1			260		other	0
10108008	630	Response	1	18651561	2277	1
10108008	631	Sound	17	18673052	260	1			260		other	0
10108008	631	Response	1	18675801	3008	1
10108008	632	Sound	15	18696060	260	1			260		other	0
10108008	633	Sound	20	18723069	260	1			260		other	0
10108008	633	Response	1	18725640	2830	1
10108008	634	Sound	16	18749078	260	1			260		other	0
10108008	634	Response	1	18752759	3941	1
10108008	635	Sound	20	18769085	260	1			260		other	0
10108008	635	Response	1	18771959	3134	1
10108008	636	Sound	15	18789925	260	1			260		other	0
10108008	636	Response	1	18794039	4373	1
10108008	637	Sound	13	18805430	260	1			260		other	0
10108008	638	Sound	19	18830439	260	1			260		other	0
10108008	638	Response	1	18835958	5778	1
10108008	639	Sound	17	18847122	270	1			260		other	0
10108008	639	Response	1	18850838	3986	1
10108008	640	Sound	15	18869622	262	1			260		other	0
10108008	640	Response	1	18873557	4198	1
10108008	641	Sound	15	18890626	260	1			260		other	0
10108008	641	Response	1	18894677	4310	1
10108008	642	Sound	13	18909466	260	1			260		other	0
10108008	643	Sound	11	18926472	260	1			260		other	0
10108008	644	Sound	11	18942644	260	1			260		other	0
10108008	645	Sound	20	18958483	260	1			260		other	0
10108008	645	Response	1	18962036	3813	1
10108008	646	Sound	13	18975655	260	1			260		other	0
10108008	647	Sound	17	18993661	260	1			260		other	0
10108008	647	Response	1	18997635	4233	1
10108008	648	Sound	17	19019170	260	1			260		other	0
10108008	648	Response	1	19023635	4724	1
10108008	649	Sound	16	19039844	260	1			260		other	0
10108008	649	Response	1	19040194	610	1
10108008	650	Sound	12	19062185	260	1			260		other	0
10108008	651	Sound	15	19082192	260	1			260		other	0
10108008	651	Response	1	19085633	3702	1
10108008	652	Sound	18	19101865	260	1			260		other	0
10108008	652	Response	1	19104833	3228	1
10108008	653	Sound	18	19121538	260	1			260		other	0
10108008	653	Response	1	19123633	2354	1
10108008	654	Sound	13	19143546	260	1			260		other	0
10108008	655	Sound	12	19162719	260	1			260		other	0
10108008	656	Sound	20	19182893	260	1			260		other	0
10108008	656	Response	1	19185232	2599	1
10108008	657	Sound	14	19198731	260	1			260		other	0
10108008	658	Sound	21	19215070	260	1			260		other	0
10108008	658	Response	1	19218271	3461	1
10108008	659	Sound	21	19234416	266	1			260		other	0
10108008	659	Response	1	19236991	2840	1
10108008	660	Sound	14	19251249	260	1			260		other	0
10108008	661	Sound	19	19276091	260	1			260		other	0
10108008	661	Response	1	19279390	3559	1
10108008	662	Sound	12	19296098	260	1			260		other	0
10108008	663	Sound	11	19318772	260	1			260		other	0
10108008	664	Sound	12	19336278	260	1			260		other	0
10108008	665	Sound	18	19362954	260	1			260		other	0
10108008	665	Response	1	19366988	4294	1
10108008	666	Sound	13	19387296	260	1			260		other	0
10108008	667	Sound	14	19408970	260	1			260		other	0
10108008	668	Sound	21	19429477	260	1			260		other	0
10108008	668	Response	1	19433387	4170	1
10108008	669	Sound	20	19449650	260	1			260		other	0
10108008	669	Response	1	19456587	7196	1
10108008	670	Sound	11	19465656	260	1			260		other	0
10108008	671	Sound	18	19486996	260	1			260		other	0
10108008	671	Response	1	19493466	6730	1
10108008	672	Sound	21	19512172	260	1			260		other	0
10108008	672	Response	1	19514426	2514	1
10108008	673	Response	255	20009697	474698	1
10108008	674	Sound	15	20085703	262	1			260		other	0
10108008	675	Sound	13	20113710	260	1			260		other	0
10108008	676	Sound	16	20132550	260	1			260		other	0
10108008	676	Response	1	20135695	3405	1
10108008	677	Sound	18	20152224	260	1			260		other	0
10108008	677	Response	1	20155135	3171	1
10108008	678	Sound	13	20169729	260	1			260		other	0
10108008	679	Sound	13	20197906	260	1			260		other	0
10108008	680	Sound	14	20225915	260	1			260		other	0
10108008	681	Sound	11	20247756	260	1			260		other	0
10108008	681	Response	1	20252173	4677	1
10108008	682	Sound	18	20270100	262	1			260		other	0
10108008	682	Response	1	20273133	3295	1
10108008	683	Sound	17	20293272	260	1			260		other	0
10108008	683	Response	1	20296492	3480	1
10108008	684	Sound	13	20313112	260	1			260		other	0
10108008	685	Sound	16	20329117	260	1			260		other	0
10108008	685	Response	1	20331932	3074	1
10108008	686	Sound	15	20347457	260	1			260		other	0
10108008	686	Response	1	20350251	3054	1
10108008	687	Sound	17	20373466	260	1			260		other	0
10108008	687	Response	1	20376491	3285	1
10108008	688	Sound	11	20393472	260	1			260		other	0
10108008	689	Sound	19	20418648	260	1			260		other	0
10108008	689	Response	1	20421930	3542	1
10108008	690	Sound	21	20445157	260	1			260		other	0
10108008	690	Response	1	20447449	2552	2
10108008	691	Sound	14	20460829	260	1			260		other	0
10108008	692	Sound	16	20478835	260	1			260		other	0
10108008	692	Response	1	20483529	4954	1
10108008	693	Sound	12	20505677	260	1			260		other	0
10108008	694	Sound	19	20528018	260	1			260		other	0
10108008	694	Response	1	20530728	2970	1
10108008	695	Sound	16	20547195	264	1			260		other	0
10108008	695	Response	1	20552968	6036	1
10108008	696	Sound	21	20562363	260	1			260		other	0
10108008	696	Response	1	20564728	2624	1
10108008	697	Sound	11	20589539	260	1			260		other	0
10108008	698	Sound	20	20614048	260	1			260		other	0
10108008	698	Response	1	20616727	2939	1
10108008	699	Sound	15	20631554	260	1			260		other	0
10108008	699	Response	1	20635287	3992	1
10108008	700	Sound	20	20647394	261	1			260		other	0
10108008	700	Response	1	20651286	4153	1
10108008	701	Sound	13	20674235	260	1			260		other	0
10108008	702	Sound	20	20700244	260	1			260		other	0
10108008	702	Response	1	20703925	3941	1
10108008	703	Sound	11	20728254	260	1			260		other	0
10108008	704	Sound	20	20750594	260	1			260		other	0
10108008	704	Response	1	20753284	2950	1
10108008	705	Sound	14	20775770	260	1			260		other	0
10108008	706	Sound	14	20803946	260	1			260		other	0
10108008	707	Sound	12	20821952	260	1			260		other	0
10108008	708	Sound	21	20846294	260	1			260		other	0
10108008	708	Response	1	20848723	2689	1
10108008	709	Sound	11	20861632	260	1			260		other	0
10108008	710	Sound	12	20889809	260	1			260		other	0
10108008	711	Sound	17	20914650	260	1			260		other	0
10108008	712	Sound	17	20938325	260	1			260		other	0
10108008	712	Response	1	20943521	5456	1
10108008	713	Sound	19	20965334	260	1			260		other	0
10108008	713	Response	1	20968721	3646	1
10108008	714	Sound	17	20986008	260	1			260		other	0
10108008	714	Response	1	20989200	3452	1
10108008	715	Sound	18	21001688	268	1			260		other	0
10108008	715	Response	1	21004960	3540	1
10108008	716	Sound	15	21023521	260	1			260		other	0
10108008	716	Response	1	21028720	5459	1
10108008	717	Sound	18	21042861	260	1			260		other	0
10108008	717	Response	1	21046479	3878	1
10108008	718	Sound	21	21065535	260	1			260		other	0
10108008	718	Response	1	21068079	2803	1
10108008	719	Sound	19	21088877	260	1			260		other	0
10108008	719	Response	1	21094079	5462	1
10108008	720	Sound	19	21114052	260	1			260		other	0
10108008	720	Response	1	21117038	3246	1
10108008	721	Sound	20	21132725	260	1			260		other	0
10108008	721	Response	1	21135358	2893	1
10108008	722	Sound	21	21160401	260	1			260		other	0
10108008	722	Response	1	21162477	2336	1
10108008	723	Sound	18	21177740	260	1			260		other	0
10108008	723	Response	1	21181677	4196	1
10108008	724	Sound	12	21199085	264	1			260		other	0
10108008	724	Response	1	21206317	7495	1
10108008	724	Response	1	21224716	25895	1
10108008	725	Sound	12	21225757	260	1			260		other	0
10108008	726	Sound	15	21245263	260	1			260		other	0
10108008	726	Response	1	21267515	22512	1
10108008	727	Sound	14	21269284	272	1			260		other	0
10108008	728	Sound	16	21291612	260	1			260		other	0
10108008	728	Response	1	21295275	3922	1
10108008	729	Response	255	21695268	377826	1
10108008	730	Sound	18	21766441	260	1			260		other	0
10108008	730	Response	1	21769267	3085	1
10108008	731	Sound	16	21793951	260	1			260		other	0
10108008	731	Response	1	21797266	3575	1
10108008	732	Sound	16	21820960	260	1			260		other	0
10108008	732	Response	1	21825026	4325	1
10108008	733	Sound	16	21846975	266	1			260		other	0
10108008	733	Response	1	21851025	4316	1
10108008	734	Sound	18	21862141	260	1			260		other	0
10108008	734	Response	1	21867585	5704	1
10108008	735	Sound	14	21886982	260	1			260		other	0
10108008	736	Sound	20	21912825	260	1			260		other	0
10108008	736	Response	1	21917424	4859	1
10108008	737	Sound	20	21938674	267	1			260		other	0
10108008	737	Response	1	21941024	2617	1
10108008	738	Sound	16	21954173	261	1			260		other	0
10108008	738	Response	1	21960623	6711	1
10108008	739	Sound	13	21982182	260	1			260		other	0
10108008	740	Sound	15	22009357	260	1			260		other	0
10108008	740	Response	1	22019022	9925	1
10108008	741	Sound	20	22026197	260	1			260		other	0
10108008	741	Response	1	22029022	3085	1
10108008	742	Sound	17	22052706	260	1			260		other	0
10108008	742	Response	1	22056142	3696	1
10108008	743	Sound	21	22069712	260	1			260		other	0
10108008	743	Response	1	22072302	2850	1
10108008	744	Sound	19	22086884	260	1			260		other	0
10108008	744	Response	1	22089981	3357	1
10108008	745	Sound	17	22103557	260	1			260		other	0
10108008	745	Response	1	22107501	4204	1
10108008	746	Sound	17	22124230	260	1			260		other	0
10108008	746	Response	1	22127580	3610	1
10108008	747	Sound	20	22142070	261	1			260		other	0
10108008	747	Response	1	22144620	2811	1
10108008	748	Sound	17	22159409	260	1			260		other	0
10108008	748	Response	1	22162060	2911	1
10108008	749	Sound	21	22178915	260	1			260		other	0
10108008	749	Response	1	22181500	2844	1
10108008	750	Sound	14	22199756	260	1			260		other	0
10108008	751	Sound	11	22218595	260	1			260		other	0
10108008	751	Response	1	22219739	1403	1
10108008	751	Response	1	22222139	3803	1
10108008	752	Sound	19	22240603	260	1			260		other	0
10108008	752	Response	1	22243978	3635	1
10108008	753	Sound	19	22265778	260	1			260		other	0
10108008	754	Sound	12	22284118	260	1			260		other	0
10108008	755	Sound	13	22309460	260	1			260		other	0
10108008	756	Sound	15	22324798	260	1			260		other	0
10108008	757	Sound	11	22348306	260	1			260		other	0
10108008	758	Sound	12	22375816	260	1			260		other	0
10108008	759	Sound	18	22399991	260	1			260		other	0
10108008	759	Response	1	22403016	3285	1
10108008	760	Sound	11	22425166	260	1			260		other	0
10108008	761	Sound	12	22451842	260	1			260		other	0
10108008	762	Sound	18	22470515	260	1			260		other	0
10108008	762	Response	1	22473574	3320	1
10108008	763	Sound	13	22496524	260	1			260		other	0
10108008	764	Sound	20	22515697	260	1			260		other	0
10108008	764	Response	1	22518373	2936	1
10108008	765	Sound	19	22532703	260	1			260		other	0
10108008	765	Response	1	22538453	6010	1
10108008	766	Sound	16	22558878	260	1			260		other	0
10108008	766	Response	1	22560773	2154	1
10108008	766	Response	1	22568613	9994	1
10108008	767	Sound	21	22576551	260	1			260		other	0
10108008	767	Response	1	22579092	2801	1
10108008	768	Sound	15	22595063	266	1			260		other	0
10108008	768	Response	1	22598772	3975	1
10108008	769	Sound	13	22611396	260	1			260		other	0
10108008	770	Sound	15	22639239	260	1			260		other	0
10108008	770	Response	1	22646371	7392	1
10108008	771	Sound	21	22658079	260	1			260		other	0
10108008	771	Response	1	22660131	2312	1
10108008	772	Sound	13	22682587	260	1			260		other	0
10108008	773	Sound	12	22702594	260	1			260		other	0
10108008	774	Sound	12	22723101	260	1			260		other	0
10108008	775	Sound	14	22739273	260	1			260		other	0
10108008	776	Sound	21	22764961	272	1			260		other	0
10108008	776	Response	1	22767649	2960	1
10108008	777	Sound	17	22785622	260	1			260		other	0
10108008	778	Sound	11	22807296	260	1			260		other	0
10108008	779	Sound	14	22827637	260	1			260		other	0
10108008	780	Sound	11	22842975	260	1			260		other	0
10108008	781	Sound	19	22862659	270	1			260		other	0
10108008	782	Sound	18	22882159	263	1			260		other	0
10108008	782	Response	1	22887967	6072	1
10108008	783	Sound	14	22899662	260	1			260		other	0
10108008	784	Sound	15	22920502	260	1			260		other	0
10108008	785	Response	255	23333399	385901	1
10108008	786	Sound	106	23408168	260	1			260		other	0
10108008	786	Response	1	23412278	4370	1
10108008	787	Sound	102	23435011	260	1			260		other	0
10108008	788	Sound	105	23458686	260	1			260		other	0
10108008	788	Response	1	23462917	4491	1
10108008	789	Sound	105	23481860	260	1			260		other	0
10108008	789	Response	1	23487157	5556	1
10108008	790	Sound	102	23500033	260	1			260		other	0
10108008	791	Sound	107	23520707	260	1			260		other	0
10108008	791	Response	1	23524356	3909	1
10108008	792	Sound	108	23537549	263	1			260		other	0
10108008	792	Response	1	23540916	3630	1
10108008	793	Sound	104	23554885	260	1			260		other	0
10108008	793	Response	1	23559075	4450	1
10108008	794	Sound	106	23579560	260	1			260		other	0
10108008	794	Response	1	23584195	4895	1
10108008	795	Sound	104	23605736	260	1			260		other	0
10108008	795	Response	1	23609075	3599	1
10108008	796	Sound	104	23629077	260	1			260		other	0
10108008	796	Response	1	23633954	5137	1
10108008	797	Sound	108	23646250	260	1			260		other	0
10108008	797	Response	1	23650194	4204	1
10108008	798	Sound	108	23673759	260	1			260		other	0
10108008	798	Response	1	23677234	3734	1
10108008	799	Sound	110	23692765	260	1			260		other	0
10108008	799	Response	1	23695793	3287	1
10108008	800	Sound	101	23715273	260	1			260		other	0
10108008	801	Sound	107	23739448	260	1			260		other	0
10108008	801	Response	1	23743232	4044	1
10108008	802	Sound	111	23766291	260	1			260		other	0
10108008	802	Response	1	23768992	2961	1
10108008	803	Sound	101	23785145	274	1			260		other	0
10108008	804	Sound	108	23804470	260	1			260		other	0
10108008	804	Response	1	23807471	3261	1
10108008	805	Sound	109	23826478	260	1			260		other	0
10108008	805	Response	1	23829471	3253	1
10108008	806	Sound	111	23854654	260	1			260		other	0
10108008	806	Response	1	23858590	4196	1
10108008	807	Sound	111	23871493	260	1			260		other	0
10108008	807	Response	1	23874750	3517	1
10108008	808	Sound	106	23893334	260	1			260		other	0
10108008	808	Response	1	23896989	3915	1
10108008	809	Sound	103	23917509	260	1			260		other	0
10108008	810	Sound	110	23935682	260	1			260		other	0
10108008	810	Response	1	23939149	3727	1
10108008	811	Sound	102	23957856	260	1			260		other	0
10108008	812	Sound	103	23974028	260	1			260		other	0
10108008	813	Sound	110	23998203	260	1			260		other	0
10108008	813	Response	1	24001628	3684	1
10108008	814	Sound	105	24024212	260	1			260		other	0
10108008	815	Sound	109	24040551	260	1			260		other	0
10108008	816	Sound	102	24066393	260	1			260		other	0
10108008	817	Sound	109	24089901	260	1			260		other	0
10108008	817	Response	1	24093626	3985	1
10108008	818	Sound	103	24111408	260	1			260		other	0
10108008	819	Sound	103	24139251	260	1			260		other	0
10108008	820	Sound	102	24155939	275	1			260		other	0
10108008	821	Sound	101	24177764	260	1			260		other	0
10108008	822	Sound	101	24200606	260	1			260		other	0
10108008	823	Sound	110	24224614	260	1			260		other	0
10108008	823	Response	1	24228584	4230	1
10108008	824	Sound	107	24251956	260	1			260		other	0
10108008	824	Response	1	24255463	3767	1
10108008	825	Sound	110	24267962	260	1			260		other	0
10108008	825	Response	1	24271463	3761	1
10108008	826	Sound	106	24294971	260	1			260		other	0
10108008	826	Response	1	24298743	4031	1
10108008	827	Sound	108	24320980	260	1			260		other	0
10108008	827	Response	1	24325382	4662	1
10108008	827	Response	1	24341142	20422	1
10108008	828	Sound	107	24349490	260	1			260		other	0
10108008	828	Response	1	24354661	5432	1
10108008	829	Sound	104	24370835	265	1			260		other	0
10108008	830	Sound	105	24396506	260	1			260		other	0
10108008	830	Response	1	24400981	4735	1
10108008	831	Sound	109	24415012	260	1			260		other	0
10108008	831	Response	1	24418260	3508	1
10108008	832	Sound	111	24431684	260	1			260		other	0
10108008	832	Response	1	24434180	2755	1
10108008	833	Sound	109	24452034	269	1			260		other	0
10108008	833	Response	1	24455140	3375	1
10108008	834	Sound	103	24471698	260	1			260		other	0
10108008	834	Response	1	24483539	12101	1
10108008	835	Sound	106	24487870	260	1			260		other	0
10108008	836	Sound	104	24509878	260	1			260		other	0
10108008	837	Sound	105	24528884	260	1			260		other	0
10108008	837	Response	1	24532899	4274	1
10108008	838	Sound	107	24546057	260	1			260		other	0
10108008	838	Response	1	24550578	4781	1
10108008	839	Sound	111	24567897	260	1			260		other	0
10108008	839	Response	1	24571618	3980	1
10108008	840	Sound	101	24593906	260	1			260		other	0
10108008	841	Response	255	24883772	272540	1
10108008	842	Sound	102	24956530	260	1			260		other	0
10108008	843	Sound	101	24977371	260	1			260		other	0
10108008	844	Sound	109	25005547	260	1			260		other	0
10108008	845	Sound	111	25027555	260	1			260		other	0
10108008	846	Sound	109	25048562	260	1			260		other	0
10108008	846	Response	1	25051529	3227	1
10108008	847	Sound	101	25073737	260	1			260		other	0
10108008	848	Sound	104	25090243	260	1			260		other	0
10108008	849	Sound	104	25113584	260	1			260		other	0
10108008	849	Response	1	25121848	8524	1
10108008	850	Sound	105	25137925	260	1			260		other	0
10108008	850	Response	1	25141768	4102	1
10108008	851	Sound	108	25161767	260	1			260		other	0
10108008	851	Response	1	25165128	3620	1
10108008	852	Sound	101	25190444	260	1			260		other	0
10108008	853	Sound	111	25207449	260	1			260		other	0
10108008	853	Response	1	25212487	5297	1
10108008	854	Sound	104	25231624	260	1			260		other	0
10108008	854	Response	1	25236566	5202	1
10108008	855	Sound	102	25248297	260	1			260		other	0
10108008	856	Sound	105	25266970	260	1			260		other	0
10108008	856	Response	1	25271686	4976	1
10108008	857	Sound	108	25290821	270	1			260		other	0
10108008	857	Response	1	25294245	3694	1
10108008	858	Sound	101	25311321	263	1			260		other	0
10108008	859	Sound	101	25332825	260	1			260		other	0
10108008	860	Sound	103	25359501	260	1			260		other	0
10108008	861	Sound	102	25387344	260	1			260		other	0
10108008	862	Sound	102	25405850	260	1			260		other	0
10108008	863	Sound	108	25431359	260	1			260		other	0
10108008	863	Response	1	25434643	3544	1
10108008	864	Sound	110	25456868	260	1			260		other	0
10108008	864	Response	1	25460002	3394	1
10108008	865	Sound	107	25477875	260	1			260		other	0
10108008	865	Response	1	25482962	5347	1
10108008	866	Sound	108	25494547	260	1			260		other	0
10108008	866	Response	1	25497842	3554	1
10108008	867	Sound	103	25522390	260	1			260		other	0
10108008	868	Sound	111	25539396	260	1			260		other	0
10108008	868	Response	1	25542801	3665	1
10108008	869	Sound	110	25555902	260	1			260		other	0
10108008	869	Response	1	25561121	5479	1
10108008	870	Sound	111	25579743	260	1			260		other	0
10108008	870	Response	1	25583040	3557	1
10108008	871	Sound	108	25605919	260	1			260		other	0
10108008	871	Response	1	25609200	3541	1
10108008	872	Sound	109	25625759	260	1			260		other	0
10108008	872	Response	1	25629279	3780	1
10108008	873	Sound	111	25643932	260	1			260		other	0
10108008	873	Response	1	25647039	3367	1
10108008	874	Sound	106	25671441	260	1			260		other	0
10108008	874	Response	1	25675439	4257	1
10108008	875	Sound	107	25688615	262	1			260		other	0
10108008	875	Response	1	25693518	5165	1
10108008	876	Sound	110	25711455	260	1			260		other	0
10108008	876	Response	1	25715998	4803	1
10108008	877	Sound	104	25731128	260	1			260		other	0
10108008	878	Sound	110	25756637	260	1			260		other	0
10108008	878	Response	1	25759517	3140	1
10108008	879	Sound	106	25785313	260	1			260		other	0
10108008	879	Response	1	25789037	3983	1
10108008	880	Sound	103	25811322	260	1			260		other	0
10108008	881	Sound	109	25831329	260	1			260		other	0
10108008	882	Sound	109	25859672	260	1			260		other	0
10108008	882	Response	1	25862635	3223	1
10108008	883	Sound	106	25878678	260	1			260		other	0
10108008	883	Response	1	25882315	3896	1
10108008	884	Sound	104	25899352	260	1			260		other	0
10108008	884	Response	1	25903434	4342	1
10108008	885	Sound	102	25915524	260	1			260		other	0
10108008	886	Sound	107	25931863	260	1			260		other	0
10108008	887	Sound	105	25956038	260	1			260		other	0
10108008	888	Sound	110	25982380	260	1			260		other	0
10108008	889	Sound	106	25999886	260	1			260		other	0
10108008	890	Sound	105	26019392	260	1			260		other	0
10108008	890	Response	1	26022953	3820	1
10108008	891	Sound	103	26039409	269	1			260		other	0
10108008	892	Sound	107	26063075	260	1			260		other	0
10108008	892	Response	1	26066392	3577	1
10108008	893	Sound	106	26079080	260	1			260		other	0
10108008	893	Response	1	26082632	3811	1
10108008	894	Sound	107	26105923	260	1			260		other	0
10108008	894	Response	1	26108791	3128	1
10108008	895	Sound	105	26134766	260	1			260		other	0
10108008	895	Response	1	26140071	5564	1
10108008	896	Sound	103	26159108	260	1			260		other	0
10108008	897	Response	255	26197270	20502	1
10108008	898	Sound	102	26276814	260	1			260		other	0
10108008	899	Sound	110	26292820	260	1			260		other	0
10108008	899	Response	1	26296708	4148	1
10108008	900	Sound	111	26315994	260	1			260		other	0
10108008	900	Response	1	26318947	3213	1
10108008	901	Sound	104	26342005	261	1			260		other	0
10108008	902	Sound	105	26362010	260	1			260		other	0
10108008	902	Response	1	26366546	4796	1
10108008	903	Sound	103	26380517	260	1			260		other	0
10108008	904	Sound	101	26401524	260	1			260		other	0
10108008	905	Sound	109	26430203	263	1			260		other	0
10108008	905	Response	1	26432545	2606	1
10108008	906	Sound	108	26448206	260	1			260		other	0
10108008	906	Response	1	26451985	4038	1
10108008	907	Sound	107	26475215	260	1			260		other	0
10108008	907	Response	1	26478625	3669	1
10108008	908	Sound	111	26492721	260	1			260		other	0
10108008	908	Response	1	26497184	4723	1
10108008	909	Sound	110	26519402	264	1			260		other	0
10108008	909	Response	1	26524704	5566	1
10108008	910	Sound	111	26546406	260	1			260		other	0
10108008	910	Response	1	26550543	4397	1
10108008	911	Sound	106	26568414	260	1			260		other	0
10108008	911	Response	1	26588303	20149	1
10108008	912	Sound	102	26592422	260	1			260		other	0
10108008	913	Sound	109	26609928	260	1			260		other	0
10108008	913	Response	1	26613182	3514	1
10108008	914	Sound	104	26626100	260	1			260		other	0
10108008	914	Response	1	26631342	5501	1
10108008	915	Sound	101	26646774	260	1			260		other	0
10108008	916	Sound	106	26666281	260	1			260		other	0
10108008	916	Response	1	26675261	9240	1
10108008	917	Sound	106	26689299	270	1			260		other	0
10108008	917	Response	1	26694461	5432	1
10108008	918	Sound	107	26706461	260	1			260		other	0
10108008	918	Response	1	26711981	5779	1
10108008	919	Sound	104	26726134	260	1			260		other	0
10108008	920	Sound	105	26754311	260	1			260		other	0
10108008	920	Response	1	26760700	6649	1
10108008	921	Sound	108	26782987	260	1			260		other	0
10108008	921	Response	1	26787099	4372	1
10108008	922	Sound	105	26799326	260	1			260		other	0
10108008	922	Response	1	26803739	4673	1
10108008	923	Sound	105	26818166	260	1			260		other	0
10108008	924	Sound	111	26837172	260	1			260		other	0
10108008	924	Response	1	26842378	5466	1
10108008	925	Sound	107	26855345	260	1			260		other	0
10108008	925	Response	1	26860698	5612	1
10108008	926	Sound	108	26872851	260	1			260		other	0
10108008	926	Response	1	26877498	4906	1
10108008	927	Sound	106	26889357	260	1			260		other	0
10108008	927	Response	1	26894377	5280	1
10108008	928	Sound	105	26914699	260	1			260		other	0
10108008	929	Sound	107	26931204	260	1			260		other	0
10108008	929	Response	1	26934777	3832	1
10108008	930	Sound	103	26954395	276	1			260		other	0
10108008	931	Sound	110	26981889	260	1			260		other	0
10108008	931	Response	1	26986296	4667	1
10108008	932	Sound	103	27006063	260	1			260		other	0
10108008	933	Sound	109	27026070	260	1			260		other	0
10108008	933	Response	1	27031735	5924	1
10108008	934	Sound	102	27050094	275	1			260		other	0
10108008	935	Sound	104	27076754	260	1			260		other	0
10108008	936	Sound	110	27098928	260	1			260		other	0
10108008	936	Response	1	27103174	4505	1
10108008	937	Sound	102	27127438	260	1			260		other	0
10108008	938	Sound	108	27145944	260	1			260		other	0
10108008	938	Response	1	27150853	5168	1
10108008	939	Sound	109	27169452	260	1			260		other	0
10108008	939	Response	1	27172853	3660	1
10108008	940	Sound	108	27194961	260	1			260		other	0
10108008	940	Response	1	27199332	4631	1
10108008	941	Sound	109	27214468	260	1			260		other	0
10108008	941	Response	1	27217652	3444	1
10108008	942	Sound	104	27237476	260	1			260		other	0
10108008	942	Response	1	27243651	6435	1
10108008	943	Sound	101	27266152	260	1			260		other	0
10108008	944	Sound	111	27289327	260	1			260		other	0
10108008	944	Response	1	27293250	4183	1
10108008	945	Sound	101	27306333	260	1			260		other	0
10108008	946	Sound	107	27327006	260	1			260		other	0
10108008	946	Response	1	27330610	3863	1
10108008	947	Sound	110	27353182	260	1			260		other	0
10108008	947	Response	1	27357889	4967	1
10108008	948	Sound	101	27381358	260	1			260		other	0
10108008	949	Sound	103	27402199	260	1			260		other	0
10108008	950	Sound	106	27420205	260	1			260		other	0
10108008	951	Sound	102	27447047	260	1			260		other	0
10108008	952	Sound	103	27470389	260	1			260		other	0
10108008	953	Response	255	27617885	126335	1
10108008	954	Sound	15	27694632	260	1			260		other	0
10108008	954	Response	1	27698043	3671	1
10108008	955	Sound	21	27714305	260	1			260		other	0
10108008	955	Response	1	27716843	2797	1
10108008	956	Sound	14	27736483	263	1			260		other	0
10108008	956	Response	1	27740602	4383	1
10108008	957	Sound	16	27760488	260	1			260		other	0
10108008	957	Response	1	27763322	3094	1
10108008	958	Sound	16	27783996	260	1			260		other	0
10108008	958	Response	1	27789322	5586	1
10108008	959	Sound	18	27805182	272	1			260		other	0
10108008	959	Response	1	27808362	3452	1
10108008	960	Sound	19	27832012	260	1			260		other	0
10108008	960	Response	1	27834601	2849	1
10108008	961	Sound	18	27849351	260	1			260		other	0
10108008	961	Response	1	27853321	4229	1
10108008	962	Sound	19	27865190	260	1			260		other	0
10108008	962	Response	1	27867560	2630	1
10108008	963	Sound	12	27880862	260	1			260		other	0
10108008	964	Sound	16	27899869	260	1			260		other	0
10108008	964	Response	1	27905160	5551	1
10108008	965	Sound	16	27917708	260	1			260		other	0
10108008	966	Sound	13	27935548	260	1			260		other	0
10108008	967	Sound	13	27959222	260	1			260		other	0
10108008	968	Sound	19	27978562	260	1			260		other	0
10108008	968	Response	1	27981159	2856	1
10108008	969	Sound	20	28001079	268	1			260		other	0
10108008	969	Response	1	28005158	4348	1
10108008	970	Sound	11	28026245	260	1			260		other	0
10108008	971	Sound	20	28048920	260	1			260		other	0
10108008	971	Response	1	28051717	3057	1
10108008	972	Sound	14	28068093	260	1			260		other	0
10108008	973	Sound	17	28084932	260	1			260		other	0
10108008	973	Response	1	28100676	16004	1
10108008	974	Sound	17	28105939	260	1			260		other	0
10108008	974	Response	1	28109156	3477	1
10108008	975	Sound	11	28133282	260	1			260		other	0
10108008	976	Sound	21	28153955	260	1			260		other	0
10108008	976	Response	1	28156595	2900	1
10108008	977	Sound	11	28177797	260	1			260		other	0
10108008	978	Sound	13	28194136	260	1			260		other	0
10108008	979	Sound	14	28220145	260	1			260		other	0
10108008	980	Sound	16	28248154	260	1			260		other	0
10108008	980	Response	1	28251794	3899	1
10108008	981	Sound	17	28268828	260	1			260		other	0
10108008	981	Response	1	28273393	4825	1
10108008	982	Sound	18	28292002	260	1			260		other	0
10108008	982	Response	1	28295953	4210	1
10108008	983	Sound	20	28314177	260	1			260		other	0
10108008	983	Response	1	28322592	8675	1
10108008	984	Sound	19	28333350	260	1			260		other	0
10108008	984	Response	1	28336352	3262	1
10108008	985	Sound	15	28358025	260	1			260		other	0
10108008	986	Sound	15	28382033	260	1			260		other	0
10108008	987	Sound	14	28399706	260	1			260		other	0
10108008	988	Sound	18	28423214	260	1			260		other	0
10108008	988	Response	1	28425951	2996	1
10108008	989	Sound	14	28447222	260	1			260		other	0
10108008	990	Sound	21	28473231	260	1			260		other	0
10108008	990	Response	1	28482510	9538	1
10108008	991	Sound	11	28495905	260	1			260		other	0
10108008	992	Sound	17	28515912	260	1			260		other	0
10108008	993	Sound	21	28543922	260	1			260		other	0
10108008	993	Response	1	28548429	4766	1
10108008	994	Sound	12	28564596	260	1			260		other	0
10108008	995	Sound	15	28587103	260	1			260		other	0
10108008	996	Sound	15	28602942	260	1			260		other	0
10108008	996	Response	1	28603708	1025	1
10108008	997	Sound	19	28618614	260	1			260		other	0
10108008	997	Response	1	28622267	3913	1
10108008	998	Sound	21	28639621	260	1			260		other	0
10108008	998	Response	1	28643707	4345	1
10108008	999	Sound	12	28656794	260	1			260		other	0
10108008	1000	Sound	20	28674300	260	1			260		other	0
10108008	1001	Sound	11	28700142	260	1			260		other	0
10108008	1002	Sound	18	28719815	260	1			260		other	0
10108008	1002	Response	1	28730905	11350	1
10108008	1003	Sound	20	28745324	260	1			260		other	0
10108008	1003	Response	1	28749225	4161	1
10108008	1004	Sound	17	28767832	260	1			260		other	0
10108008	1004	Response	1	28772185	4613	1
10108008	1005	Sound	12	28794007	260	1			260		other	0
10108008	1006	Sound	12	28820850	260	1			260		other	0
10108008	1007	Sound	13	28847192	260	1			260		other	0
10108008	1008	Sound	13	28873368	260	1			260		other	0
10108008	1008	Response	1	28878983	5875	1
