Scenario - 
Logfile written - 02/08/2019 11:30:50

Subject	Trial	Event Type	Code	Time	TTime	Uncertainty	Duration	Uncertainty	ReqTime	ReqDur	Stim Type	Pair Index

10108023	1	Response	255	85370	85036	1
10108023	2	Sound	105	167205	402	1			260		other	0
10108023	2	Response	1	171204	4402	1
10108023	3	Sound	111	186404	262	1			260		other	0
10108023	3	Response	1	189363	3222	1
10108023	4	Sound	104	208602	454	1			260		other	0
10108023	4	Response	1	212722	4574	1
10108023	5	Sound	101	228801	314	1			260		other	0
10108023	6	Sound	110	257199	370	1			260		other	0
10108023	6	Response	1	260799	3969	1
10108023	7	Sound	109	278798	296	1			260		other	0
10108023	7	Response	1	282158	3656	1
10108023	8	Sound	102	304397	388	1			260		other	0
10108023	9	Sound	106	327195	345	1			260		other	0
10108023	9	Response	1	330714	3864	1
10108023	10	Sound	103	351394	370	1			260		other	0
10108023	10	Response	1	354953	3929	1
10108023	11	Sound	108	378592	394	1			260		other	0
10108023	11	Response	1	381831	3633	1
10108023	12	Sound	107	404991	451	1			260		other	0
10108023	12	Response	1	406470	1930	1
10108023	13	Sound	110	420990	445	1			260		other	0
10108023	13	Response	1	425509	4964	1
10108023	14	Sound	103	446588	369	1			260		other	0
10108023	14	Response	1	450387	4168	1
10108023	15	Sound	102	469787	395	1			260		other	0
10108023	16	Sound	101	485786	389	1			260		other	0
10108023	17	Sound	107	507184	448	1			260		other	0
10108023	17	Response	1	510703	3967	1
10108023	18	Sound	101	532383	305	1			260		other	0
10108023	19	Sound	106	556181	264	1			260		other	0
10108023	19	Response	1	560300	4382	1
10108023	20	Sound	105	576980	390	1			260		other	0
10108023	20	Response	1	581019	4429	1
10108023	21	Sound	102	603979	380	1			260		other	0
10108023	22	Sound	103	628377	272	1			260		other	0
10108023	23	Sound	109	649576	297	1			260		other	0
10108023	23	Response	1	651334	2056	1
10108023	24	Sound	110	670975	356	1			260		other	0
10108023	24	Response	1	674293	3675	1
10108023	25	Sound	107	688774	316	1			260		other	0
10108023	25	Response	1	691972	3515	1
10108023	26	Sound	110	714772	307	1			260		other	0
10108023	26	Response	1	717970	3506	1
10108023	27	Sound	108	731771	301	1			260		other	0
10108023	27	Response	1	734769	3300	1
10108023	28	Sound	109	747970	328	1			260		other	0
10108023	28	Response	1	750769	3127	1
10108023	29	Sound	111	767569	422	1			260		other	0
10108023	29	Response	1	770207	3060	1
10108023	30	Sound	103	790367	380	1			260		other	0
10108023	30	Response	1	795326	5339	1
10108023	30	Response	1	812765	22778	1
10108023	31	Sound	102	817566	404	1			260		other	0
10108023	32	Sound	106	841164	329	1			260		other	0
10108023	32	Response	1	844683	3847	1
10108023	33	Sound	101	863763	421	1			260		other	0
10108023	34	Sound	108	879962	448	1			260		other	0
10108023	34	Response	1	883801	4287	1
10108023	35	Sound	104	904560	373	1			260		other	0
10108023	35	Response	1	908439	4251	1
10108023	36	Sound	105	933159	463	1			260		other	0
10108023	36	Response	1	936197	3501	1
10108023	37	Sound	108	954357	322	1			260		other	0
10108023	37	Response	1	958916	4880	1
10108023	38	Sound	108	978356	313	1			260		other	0
10108023	38	Response	1	981234	3191	1
10108023	39	Sound	105	994955	407	1			260		other	0
10108023	39	Response	1	998673	4125	1
10108023	40	Sound	104	1018554	332	1			260		other	0
10108023	41	Sound	104	1043752	356	1			260		other	0
10108023	41	Response	1	1048030	4635	2
10108023	42	Sound	106	1063751	349	1			260		other	0
10108023	42	Response	1	1067229	3828	1
10108023	43	Sound	104	1082750	342	1			260		other	0
10108023	43	Response	1	1086508	4101	1
10108023	44	Sound	102	1109748	333	1			260		other	0
10108023	45	Sound	105	1132947	358	1			260		other	0
10108023	45	Response	1	1136505	3916	1
10108023	46	Sound	103	1153546	284	1			260		other	0
10108023	47	Sound	110	1175144	376	1			260		other	0
10108023	47	Response	1	1178022	3254	1
10108023	48	Sound	106	1197943	335	1			260		other	0
10108023	48	Response	1	1201621	4013	1
10108023	49	Sound	109	1214142	362	1			260		other	0
10108023	49	Response	1	1217540	3760	1
10108023	50	Sound	111	1233341	389	1			260		other	0
10108023	50	Response	1	1236099	3147	1
10108023	51	Sound	111	1256939	314	1			260		other	0
10108023	51	Response	1	1260577	3952	1
10108023	52	Sound	111	1280338	373	1			260		other	0
10108023	52	Response	1	1283296	3331	1
10108023	53	Sound	107	1298737	433	1			260		other	0
10108023	53	Response	1	1302095	3791	1
10108023	54	Sound	109	1323935	290	1			260		other	0
10108023	54	Response	1	1326973	3328	1
10108023	55	Sound	107	1349934	281	1			260		other	0
10108023	55	Response	1	1353211	3558	1
10108023	56	Sound	101	1375932	438	1			260		other	0
10108023	57	Response	255	1700710	305797	1
10108023	58	Sound	11	1777908	461	1			260		other	0
10108023	59	Sound	11	1794907	289	1			260		other	0
10108023	60	Sound	21	1815306	348	1			260		other	0
10108023	60	Response	1	1818463	3505	1
10108023	61	Sound	20	1840704	406	1			260		other	0
10108023	61	Response	1	1844221	3923	1
10108023	62	Sound	15	1865503	363	1			260		other	0
10108023	62	Response	1	1868540	3400	1
10108023	63	Sound	11	1882502	357	1			260		other	0
10108023	64	Sound	21	1903501	350	1			260		other	0
10108023	64	Response	1	1906057	2907	1
10108023	65	Sound	17	1930899	407	1			260		other	0
10108023	65	Response	1	1933816	3324	1
10108023	66	Sound	15	1956497	331	1			260		other	0
10108023	67	Sound	15	1977296	290	1			260		other	0
10108023	67	Response	1	1980373	3367	1
10108023	68	Sound	18	1998695	349	1			260		other	0
10108023	68	Response	1	2002211	3866	1
10108023	69	Sound	21	2026293	273	1			260		other	0
10108023	69	Response	1	2028850	2830	1
10108023	70	Sound	16	2046692	332	1			260		other	0
10108023	70	Response	1	2049569	3209	1
10108023	71	Sound	19	2072490	290	1			260		other	0
10108023	71	Response	1	2075807	3606	1
10108023	72	Sound	19	2095889	348	1			260		other	0
10108023	72	Response	1	2098526	2984	1
10108023	73	Sound	14	2114088	375	1			260		other	0
10108023	73	Response	1	2119724	6012	1
10108023	74	Sound	18	2130087	369	1			260		other	0
10108023	74	Response	1	2133004	3286	1
10108023	75	Sound	20	2151086	361	1			260		other	0
10108023	75	Response	1	2153322	2598	1
10108023	76	Sound	17	2167485	422	1			260		other	0
10108023	76	Response	1	2170601	3539	1
10108023	77	Sound	16	2191283	381	1			260		other	0
10108023	77	Response	1	2194600	3697	1
10108023	78	Sound	14	2214882	306	1			260		other	0
10108023	79	Sound	16	2241880	296	1			260		other	0
10108023	79	Response	1	2244437	2852	1
10108023	80	Sound	19	2265479	388	1			260		other	0
10108023	80	Response	1	2268035	2944	1
10108023	81	Sound	16	2280878	449	1			260		other	0
10108023	81	Response	1	2286194	5765	1
10108023	82	Sound	13	2299677	409	1			260		other	0
10108023	83	Sound	13	2327275	332	1			260		other	0
10108023	84	Sound	19	2351074	457	1			260		other	0
10108023	84	Response	1	2353630	3013	1
10108023	85	Sound	20	2375072	282	1			260		other	0
10108023	85	Response	1	2377708	2918	2
10108023	86	Sound	14	2391071	443	1			260		other	0
10108023	86	Response	1	2398027	7399	1
10108023	87	Sound	12	2416670	367	1			260		other	0
10108023	88	Sound	13	2440668	358	1			260		other	0
10108023	88	Response	1	2444504	4194	1
10108023	89	Sound	18	2463267	450	1			260		other	0
10108023	89	Response	1	2466343	3526	1
10108023	90	Sound	14	2483266	276	1			260		other	0
10108023	90	Response	1	2494981	11992	1
10108023	91	Sound	15	2509064	401	1			260		other	0
10108023	91	Response	1	2511780	3117	1
10108023	92	Sound	20	2529463	293	1			260		other	0
10108023	92	Response	1	2532339	3169	1
10108023	93	Sound	18	2557461	450	1			260		other	0
10108023	93	Response	1	2560337	3326	1
10108023	94	Sound	16	2577260	410	1			260		other	0
10108023	94	Response	1	2582816	5965	1
10108023	95	Sound	20	2594659	303	1			260		other	0
10108023	95	Response	1	2598095	3739	1
10108023	96	Sound	21	2617858	328	1			260		other	0
10108023	96	Response	1	2619694	2164	1
10108023	97	Sound	14	2638856	321	1			260		other	0
10108023	97	Response	1	2660331	21796	1
10108023	98	Sound	12	2664655	445	1			260		other	0
10108023	99	Sound	11	2690453	403	1			260		other	0
10108023	100	Sound	12	2716452	393	1			260		other	0
10108023	101	Sound	17	2736450	386	1			260		other	0
10108023	101	Response	1	2740086	4022	1
10108023	102	Sound	17	2751850	447	1			260		other	0
10108023	102	Response	1	2755125	3723	1
10108023	103	Sound	13	2779648	404	1			260		other	0
10108023	104	Sound	12	2805446	362	1			260		other	0
10108023	105	Sound	17	2832445	352	1			260		other	0
10108023	105	Response	1	2835760	3668	1
10108023	106	Sound	11	2847644	380	1			260		other	0
10108023	107	Sound	13	2863443	341	1			260		other	0
10108023	108	Sound	12	2883242	300	1			260		other	0
10108023	109	Sound	15	2908440	325	1			260		other	0
10108023	109	Response	1	2913275	5160	1
10108023	110	Sound	18	2934239	282	1			260		other	0
10108023	110	Response	1	2937514	3558	1
10108023	111	Sound	21	2955437	308	1			260		other	0
10108023	111	Response	1	2957833	2703	1
10108023	112	Sound	19	2971636	336	1			260		other	0
10108023	112	Response	1	2975111	3811	1
10108023	113	Response	255	3206217	213164	1
10108023	114	Sound	110	3287617	389	1			260		other	0
10108023	114	Response	1	3291652	4424	1
10108023	115	Sound	108	3310216	315	1			260		other	0
10108023	115	Response	1	3313731	3829	1
10108023	116	Sound	104	3335614	372	1			260		other	0
10108023	116	Response	1	3338369	3127	1
10108023	117	Sound	102	3355213	299	1			260		other	0
10108023	118	Sound	111	3375012	425	1			260		other	0
10108023	118	Response	1	3377487	2900	1
10108023	119	Sound	107	3391211	286	1			260		other	0
10108023	119	Response	1	3394286	3361	1
10108023	120	Sound	104	3417209	443	1			260		other	0
10108023	121	Sound	106	3445408	300	1			260		other	0
10108023	121	Response	1	3448443	3335	1
10108023	122	Sound	102	3472406	457	1			260		other	0
10108023	123	Sound	111	3490005	384	1			260		other	0
10108023	123	Response	1	3492600	2979	1
10108023	124	Sound	102	3511004	377	1			260		other	0
10108023	125	Sound	105	3538602	300	1			260		other	0
10108023	125	Response	1	3542437	4134	1
10108023	126	Sound	108	3563001	358	1			260		other	0
10108023	126	Response	1	3566675	4032	1
10108023	127	Sound	109	3583800	317	1			260		other	0
10108023	127	Response	1	3587634	4151	1
10108023	128	Sound	106	3606798	309	1			260		other	0
10108023	128	Response	1	3609712	3223	1
10108023	129	Sound	111	3629997	334	1			260		other	0
10108023	129	Response	1	3632591	2929	1
10108023	130	Sound	106	3651795	460	1			260		other	0
10108023	130	Response	1	3655150	3814	1
10108023	131	Sound	110	3676394	384	1			260		other	0
10108023	131	Response	1	3680428	4419	1
10108023	132	Sound	107	3696193	344	1			260		other	0
10108023	132	Response	1	3699467	3618	1
10108023	133	Sound	105	3713992	304	1			260		other	0
10108023	133	Response	1	3717626	3938	1
10108023	134	Sound	109	3742990	460	1			260		other	0
10108023	134	Response	1	3750984	8454	1
10108023	135	Sound	103	3763189	320	1			260		other	0
10108023	136	Sound	104	3791387	343	1			260		other	0
10108023	136	Response	1	3794901	3857	1
10108023	137	Sound	109	3817585	367	1			260		other	0
10108023	137	Response	1	3822899	5681	1
10108023	138	Sound	102	3839984	426	1			260		other	0
10108023	138	Response	1	3856097	16539	1
10108023	139	Sound	104	3868182	282	1			260		other	0
10108023	139	Response	1	3872256	4356	1
10108023	140	Sound	108	3890381	308	1			260		other	0
10108023	140	Response	1	3892975	2902	1
10108023	141	Sound	107	3916980	399	1			260		other	0
10108023	141	Response	1	3920093	3512	1
10108023	142	Sound	105	3937178	425	1			260		other	0
10108023	142	Response	1	3940652	3898	1
10108023	143	Sound	108	3957577	317	1			260		other	0
10108023	143	Response	1	3960251	2991	1
10108023	144	Sound	101	3974976	378	1			260		other	0
10108023	145	Sound	102	3992775	338	1			260		other	0
10108023	146	Sound	101	4019173	395	1			260		other	0
10108023	147	Sound	103	4036572	289	1			260		other	0
10108023	148	Sound	101	4057971	348	1			260		other	0
10108023	149	Sound	111	4083370	406	1			260		other	0
10108023	149	Response	1	4086563	3600	1
10108023	150	Sound	109	4107968	330	1			260		other	0
10108023	150	Response	1	4110802	3164	1
10108023	151	Sound	105	4131567	422	1			260		other	0
10108023	151	Response	1	4135280	4135	1
10108023	152	Sound	106	4157765	279	1			260		other	0
10108023	152	Response	1	4161038	3553	1
10108023	153	Sound	107	4179964	471	1			260		other	0
10108023	153	Response	1	4183118	3625	1
10108023	154	Sound	105	4205562	395	1			260		other	0
10108023	154	Response	1	4209516	4349	1
10108023	155	Sound	103	4225361	355	1			260		other	0
10108023	156	Sound	109	4244560	382	1			260		other	0
10108023	156	Response	1	4247513	3335	1
10108023	157	Sound	101	4268758	406	1			260		other	0
10108023	158	Sound	106	4290957	432	1			260		other	0
10108023	158	Response	1	4294310	3785	1
10108023	159	Sound	110	4310156	458	1			260		other	0
10108023	159	Response	1	4313749	4051	1
10108023	160	Sound	104	4333554	350	1			260		other	0
10108023	160	Response	1	4338628	5423	1
10108023	161	Sound	110	4361753	373	1			260		other	0
10108023	161	Response	1	4365026	3646	1
10108023	162	Sound	111	4379352	467	1			260		other	0
10108023	162	Response	1	4381665	2780	1
10108023	163	Sound	110	4404350	291	1			260		other	0
10108023	163	Response	1	4407183	3124	1
10108023	164	Sound	103	4422949	385	1			260		other	0
10108023	165	Sound	103	4441148	412	1			260		other	0
10108023	166	Sound	108	4468746	335	1			260		other	0
10108023	166	Response	1	4472059	3648	1
10108023	167	Sound	107	4485745	329	1			260		other	0
10108023	167	Response	1	4489818	4402	1
10108023	168	Sound	101	4501744	323	1			260		other	0
10108023	169	Response	255	5250411	721235	1
10108023	170	Sound	109	5324895	396	1			260		other	0
10108023	170	Response	1	5328807	4308	1
10108023	171	Sound	106	5349493	321	1			260		other	0
10108023	171	Response	1	5352805	3632	1
10108023	172	Sound	111	5377692	344	1			260		other	0
10108023	172	Response	1	5380163	2816	1
10108023	173	Sound	106	5406090	400	1			260		other	0
10108023	173	Response	1	5408802	3112	1
10108023	174	Sound	110	5434288	424	1			260		other	0
10108023	174	Response	1	5437200	3335	1
10108023	175	Sound	106	5450287	418	1			260		other	0
10108023	175	Response	1	5453519	3650	1
10108023	176	Sound	103	5476886	342	1			260		other	0
10108023	177	Sound	105	5496885	335	1			260		other	0
10108023	177	Response	1	5500316	3766	1
10108023	178	Sound	107	5516283	395	1			260		other	0
10108023	178	Response	1	5521275	5386	2
10108023	179	Sound	107	5542482	419	1			260		other	0
10108023	179	Response	1	5545273	3210	1
10108023	180	Sound	111	5562681	445	1			260		other	0
10108023	180	Response	1	5565832	3596	1
10108023	181	Sound	102	5589479	402	1			260		other	0
10108023	182	Sound	104	5607878	295	1			260		other	0
10108023	182	Response	1	5612149	4567	1
10108023	183	Sound	103	5630477	387	1			260		other	0
10108023	184	Sound	104	5647875	448	1			260		other	0
10108023	184	Response	1	5653427	5999	1
10108023	185	Sound	110	5676074	471	1			260		other	0
10108023	185	Response	1	5679185	3582	1
10108023	186	Sound	102	5698672	396	1			260		other	0
10108023	187	Sound	104	5721671	388	1			260		other	0
10108023	187	Response	1	5725102	3819	1
10108023	188	Sound	102	5744070	280	1			260		other	0
10108023	189	Sound	107	5766668	372	1			260		other	0
10108023	189	Response	1	5769819	3523	1
10108023	190	Sound	111	5790267	463	1			260		other	0
10108023	190	Response	1	5793658	3855	1
10108023	191	Sound	101	5806866	391	1			260		other	0
10108023	192	Sound	109	5834064	415	1			260		other	0
10108023	192	Response	1	5837095	3446	1
10108023	193	Sound	101	5862263	271	1			260		other	0
10108023	194	Sound	110	5881461	464	1			260		other	0
10108023	194	Response	1	5885412	4415	1
10108023	195	Sound	103	5906660	322	1			260		other	0
10108023	196	Sound	104	5924459	282	1			260		other	0
10108023	196	Response	1	5928690	4513	1
10108023	197	Sound	109	5947658	474	1			260		other	0
10108023	197	Response	1	5951408	4225	1
10108023	198	Sound	108	5969256	400	1			260		other	0
10108023	198	Response	1	5972527	3670	1
10108023	199	Sound	108	5993655	291	1			260		other	0
10108023	199	Response	1	5997485	4122	1
10108023	200	Sound	105	6015253	383	1			260		other	0
10108023	200	Response	1	6019084	4214	1
10108023	201	Sound	110	6039652	274	1			260		other	0
10108023	201	Response	1	6042203	2825	1
10108023	202	Sound	105	6065650	432	1			260		other	0
10108023	202	Response	1	6068441	3223	1
10108023	203	Sound	105	6087049	324	1			260		other	0
10108023	203	Response	1	6090280	3555	1
10108023	204	Sound	101	6109648	416	1			260		other	0
10108023	205	Sound	106	6138046	306	1			260		other	0
10108023	205	Response	1	6141156	3416	1
10108023	206	Sound	106	6161645	398	1			260		other	0
10108023	206	Response	1	6166995	5748	1
10108023	207	Sound	108	6187443	355	1			260		other	0
10108023	207	Response	1	6192993	5906	1
10108023	208	Sound	103	6208442	348	1			260		other	0
10108023	208	Response	1	6214352	6258	1
10108023	209	Sound	101	6231041	440	1			260		other	0
10108023	210	Sound	104	6247639	367	1			260		other	0
10108023	211	Sound	108	6265038	427	1			260		other	0
10108023	211	Response	1	6267709	3098	1
10108023	212	Sound	101	6287637	353	1			260		other	0
10108023	213	Sound	103	6315635	343	1			260		other	0
10108023	214	Sound	107	6337234	435	1			260		other	0
10108023	214	Response	1	6341304	4505	1
10108023	215	Sound	107	6361833	359	1			260		other	0
10108023	215	Response	1	6366183	4710	1
10108023	216	Sound	105	6386431	284	1			260		other	0
10108023	216	Response	1	6390181	4034	1
10108023	217	Sound	110	6414629	474	1			260		other	0
10108023	217	Response	1	6417060	2905	1
10108023	218	Sound	102	6436028	366	1			260		other	0
10108023	219	Sound	111	6452427	427	1			260		other	0
10108023	219	Response	1	6452897	897	1
10108023	220	Sound	102	6474626	453	1			260		other	0
10108023	221	Sound	109	6495025	345	1			260		other	0
10108023	221	Response	1	6497455	2776	1
10108023	222	Sound	109	6518823	304	1			260		other	0
10108023	222	Response	1	6521933	3414	1
10108023	223	Sound	108	6542622	429	1			260		other	0
10108023	223	Response	1	6545932	3738	1
10108023	224	Sound	111	6566820	286	1			260		other	0
10108023	224	Response	1	6569530	2996	1
10108023	225	Response	255	7355322	768202	1
10108023	226	Sound	102	7420569	282	1			260		other	0
10108023	227	Sound	101	7440568	275	1			260		other	0
10108023	228	Sound	103	7456967	336	1			260		other	0
10108023	229	Sound	108	7485365	392	1			260		other	0
10108023	229	Response	1	7488753	3780	1
10108023	230	Sound	101	7509564	417	1			260		other	0
10108023	231	Sound	109	7528362	377	1			260		other	0
10108023	231	Response	1	7531151	3165	1
10108023	232	Sound	111	7556561	400	1			260		other	0
10108023	232	Response	1	7559069	2909	1
10108023	233	Sound	104	7583359	358	1			260		other	0
10108023	233	Response	1	7586588	3587	1
10108023	234	Sound	105	7601958	284	1			260		other	0
10108023	234	Response	1	7605386	3712	1
10108023	235	Sound	102	7623357	343	1			260		other	0
10108023	236	Sound	111	7647355	334	1			260		other	0
10108023	236	Response	1	7649944	2923	1
10108023	237	Sound	108	7670554	359	1			260		other	0
10108023	237	Response	1	7674022	3827	1
10108023	238	Sound	107	7694353	318	1			260		other	0
10108023	238	Response	1	7697141	3105	1
10108023	239	Sound	110	7712751	378	1			260		other	0
10108023	239	Response	1	7715460	3086	1
10108023	240	Sound	106	7730750	371	1			260		other	0
10108023	240	Response	1	7734498	4119	1
10108023	241	Sound	110	7751149	431	1			260		other	0
10108023	241	Response	1	7754577	3858	1
10108023	242	Sound	106	7775748	355	1			260		other	0
10108023	242	Response	1	7780576	5183	1
10108023	243	Sound	103	7795346	448	1			260		other	0
10108023	244	Sound	110	7812945	375	1			260		other	0
10108023	244	Response	1	7816013	3443	1
10108023	245	Sound	111	7839744	332	1			260		other	0
10108023	245	Response	1	7842812	3400	1
10108023	246	Sound	109	7863742	324	1			260		other	0
10108023	246	Response	1	7866250	2831	1
10108023	247	Sound	110	7889741	316	1			260		other	0
10108023	247	Response	1	7892889	3463	1
10108023	248	Sound	106	7911939	342	1			260		other	0
10108023	248	Response	1	7915127	3530	1
10108023	249	Sound	109	7930538	267	1			260		other	0
10108023	249	Response	1	7933526	3254	1
10108023	250	Sound	102	7946937	327	1			260		other	0
10108023	251	Sound	103	7967936	320	1			260		other	0
10108023	251	Response	1	7971764	4148	1
10108023	252	Sound	101	7985735	447	1			260		other	0
10108023	253	Sound	109	8002934	307	1			260		other	0
10108023	253	Response	1	8005602	2975	1
10108023	254	Sound	107	8027733	432	1			260		other	0
10108023	254	Response	1	8030720	3420	2
10108023	255	Sound	111	8054131	322	1			260		other	0
10108023	255	Response	1	8056478	2670	1
10108023	256	Sound	109	8073330	349	1			260		other	0
10108023	256	Response	1	8076157	3177	1
10108023	257	Sound	103	8100928	272	1			260		other	0
10108023	258	Sound	105	8117527	367	1			260		other	0
10108023	258	Response	1	8121115	3954	1
10108023	259	Sound	111	8137126	293	1			260		other	0
10108023	259	Response	1	8140394	3561	1
10108023	260	Sound	107	8158525	352	1			260		other	0
10108023	260	Response	1	8161752	3579	1
10108023	261	Sound	101	8187323	308	1			260		other	0
10108023	262	Sound	101	8207522	334	1			260		other	0
10108023	263	Sound	104	8233320	459	1			260		other	0
10108023	263	Response	1	8238867	6006	1
10108023	264	Sound	110	8250719	352	1			260		other	0
10108023	264	Response	1	8254387	4020	1
10108023	265	Sound	108	8271118	412	1			260		other	0
10108023	265	Response	1	8274945	4239	1
10108023	266	Sound	106	8290317	272	1			260		other	0
10108023	266	Response	1	8294544	4499	1
10108023	267	Sound	104	8317515	462	1			260		other	0
10108023	267	Response	1	8320782	3729	1
10108023	268	Sound	108	8333914	356	1			260		other	0
10108023	268	Response	1	8339102	5544	1
10108023	269	Sound	105	8359313	414	1			260		other	0
10108023	269	Response	1	8362700	3801	1
10108023	270	Sound	107	8384711	471	1			260		other	0
10108023	270	Response	1	8387658	3418	1
10108023	271	Sound	104	8407910	330	1			260		other	0
10108023	271	Response	1	8415817	8236	1
10108023	272	Sound	105	8435108	353	1			260		other	0
10108023	272	Response	1	8439815	5060	1
10108023	273	Sound	108	8456307	379	1			260		other	0
10108023	273	Response	1	8459254	3326	1
10108023	274	Sound	107	8472906	307	1			260		other	0
10108023	274	Response	1	8476293	3693	1
10108023	275	Sound	103	8492705	433	1			260		other	0
10108023	276	Sound	104	8513703	425	1			260		other	0
10108023	276	Response	1	8517570	4292	1
10108023	277	Sound	106	8532102	319	1			260		other	0
10108023	277	Response	1	8536208	4425	3
10108023	278	Sound	105	8558901	276	1			260		other	0
10108023	278	Response	1	8563247	4623	1
10108023	279	Sound	102	8586099	466	1			260		other	0
10108023	280	Sound	102	8604098	293	1			260		other	0
10108023	281	Response	255	11045814	2425258	1
10108023	282	Sound	11	11120347	462	1			260		other	0
10108023	283	Sound	21	11147545	319	1			260		other	0
10108023	283	Response	1	11150688	3462	1
10108023	284	Sound	14	11164144	413	1			260		other	0
10108023	285	Sound	20	11179343	274	1			260		other	0
10108023	285	Response	1	11182126	3057	1
10108023	286	Sound	13	11203942	366	1			260		other	0
10108023	287	Sound	13	11228540	457	1			260		other	0
10108023	288	Sound	19	11249539	282	1			260		other	0
10108023	288	Response	1	11252681	3424	2
10108023	289	Sound	11	11277537	273	1			260		other	0
10108023	289	Response	1	11287000	9735	1
10108023	290	Sound	17	11294136	367	1			260		other	0
10108023	290	Response	1	11297719	3949	1
10108023	291	Sound	18	11315335	393	1			260		other	0
10108023	291	Response	1	11318198	3255	1
10108023	292	Sound	17	11341534	417	1			260		other	0
10108023	292	Response	1	11344436	3319	1
10108023	293	Sound	15	11358732	277	1			260		other	0
10108023	293	Response	1	11362355	3900	1
10108023	294	Sound	19	11383931	301	1			260		other	0
10108023	294	Response	1	11386594	2964	1
10108023	295	Sound	15	11410929	458	1			260		other	0
10108023	295	Response	1	11414752	4281	1
10108023	296	Sound	20	11438928	448	1			260		other	0
10108023	296	Response	1	11442510	4031	1
10108023	297	Sound	17	11456927	442	1			260		other	0
10108023	297	Response	1	11460909	4424	1
10108023	298	Sound	16	11479325	334	1			260		other	0
10108023	298	Response	1	11482508	3516	1
10108023	299	Sound	11	11494924	428	1			260		other	0
10108023	300	Sound	12	11510923	423	1			260		other	0
10108023	301	Sound	16	11532522	348	1			260		other	0
10108023	301	Response	1	11536024	3850	1
10108023	302	Sound	14	11555521	340	1			260		other	0
10108023	302	Response	1	11558983	3802	1
10108023	303	Sound	17	11579119	432	1			260		other	0
10108023	303	Response	1	11582581	3894	1
10108023	304	Sound	15	11605518	322	1			260		other	0
10108023	304	Response	1	11608980	3785	1
10108023	305	Sound	21	11622917	383	1			260		other	0
10108023	305	Response	1	11626259	3725	1
10108023	306	Sound	18	11646915	374	1			260		other	0
10108023	306	Response	1	11650017	3476	1
10108023	307	Sound	15	11663314	435	1			260		other	0
10108023	307	Response	1	11667056	4177	1
10108023	308	Sound	21	11681113	395	1			260		other	0
10108023	308	Response	1	11683695	2977	1
10108023	309	Sound	21	11705912	353	1			260		other	0
10108023	309	Response	1	11708334	2775	1
10108023	310	Sound	12	11733510	443	1			260		other	0
10108023	310	Response	1	11741372	8305	1
10108023	311	Sound	15	11753709	303	1			260		other	0
10108023	311	Response	1	11757531	4124	1
10108023	312	Sound	21	11780707	293	1			260		other	0
10108023	312	Response	1	11783289	2875	1
10108023	313	Sound	12	11807706	450	1			260		other	0
10108023	314	Sound	12	11829704	276	1			260		other	0
10108023	315	Sound	20	11846703	270	1			260		other	0
10108023	315	Response	1	11851845	5411	1
10108023	316	Sound	11	11866502	396	1			260		other	0
10108023	317	Sound	14	11883901	456	1			260		other	0
10108023	317	Response	1	11887523	4078	2
10108023	318	Sound	19	11902300	350	1			260		other	0
10108023	318	Response	1	11905201	3251	2
10108023	319	Sound	20	11923699	409	1			260		other	0
10108023	319	Response	1	11927040	3751	1
10108023	320	Sound	19	11951297	332	1			260		other	0
10108023	320	Response	1	11954079	3114	1
10108023	321	Sound	16	11978095	289	1			260		other	0
10108023	321	Response	1	11980797	2991	1
10108023	322	Sound	16	12002294	314	1			260		other	0
10108023	322	Response	1	12004555	2576	1
10108023	323	Sound	20	12030092	438	1			260		other	0
10108023	323	Response	1	12032554	2899	1
10108023	324	Sound	14	12048891	397	1			260		other	0
10108023	325	Sound	11	12067290	291	1			260		other	0
10108023	326	Sound	17	12091289	282	1			260		other	0
10108023	326	Response	1	12094550	3544	1
10108023	327	Sound	14	12113687	341	1			260		other	0
10108023	328	Sound	13	12136886	366	1			260		other	0
10108023	329	Sound	18	12162684	323	1			260		other	0
10108023	329	Response	1	12165985	3625	1
10108023	330	Sound	13	12183083	383	1			260		other	0
10108023	331	Sound	18	12204482	442	1			260		other	0
10108023	331	Response	1	12208143	4103	1
10108023	332	Sound	13	12220681	303	1			260		other	0
10108023	333	Sound	12	12238680	463	1			260		other	0
10108023	334	Sound	16	12254279	391	1			260		other	0
10108023	335	Sound	18	12279277	382	1			260		other	0
10108023	335	Response	1	12282618	3723	1
10108023	336	Sound	19	12300076	341	1			260		other	0
10108023	336	Response	1	12305337	5602	1
10108023	337	Response	255	12753629	425640	1
10108023	338	Sound	105	12827044	320	1			260		other	0
10108023	338	Response	1	12832024	5300	1
10108023	339	Sound	102	12854443	377	1			260		other	0
10108023	340	Sound	110	12881041	300	1			260		other	0
10108023	340	Response	1	12884421	3681	1
10108023	341	Sound	103	12901440	360	1			260		other	0
10108023	342	Sound	102	12918039	454	1			260		other	0
10108023	343	Sound	107	12945437	344	1			260		other	0
10108023	343	Response	1	12948417	3324	1
10108023	344	Sound	109	12968236	303	1			260		other	0
10108023	344	Response	1	12971616	3683	1
10108023	345	Sound	101	12984235	464	1			260		other	0
10108023	346	Sound	105	13012033	421	1			260		other	0
10108023	346	Response	1	13014893	3280	1
10108023	347	Sound	111	13028832	381	1			260		other	0
10108023	347	Response	1	13032092	3641	1
10108023	348	Sound	108	13044631	342	1			260		other	0
10108023	348	Response	1	13048091	3802	1
10108023	349	Sound	104	13063230	436	1			260		other	0
10108023	349	Response	1	13067530	4736	1
10108023	350	Sound	108	13082829	362	1			260		other	0
10108023	350	Response	1	13085209	2742	1
10108023	351	Sound	111	13100428	456	1			260		other	0
10108023	351	Response	1	13103288	3315	1
10108023	352	Sound	108	13121627	315	1			260		other	0
10108023	352	Response	1	13126246	4935	1
10108023	353	Sound	107	13139625	308	1			260		other	0
10108023	353	Response	1	13143045	3728	1
10108023	354	Sound	106	13164824	333	1			260		other	0
10108023	354	Response	1	13168004	3512	1
10108023	355	Sound	107	13189622	290	1			260		other	0
10108023	355	Response	1	13193282	3950	1
10108023	356	Sound	101	13213621	449	1			260		other	0
10108023	357	Sound	105	13236420	407	1			260		other	0
10108023	357	Response	1	13239839	3827	1
10108023	358	Sound	106	13263218	364	1			260		other	0
10108023	358	Response	1	13267998	5144	1
10108023	359	Sound	107	13279817	459	1			260		other	0
10108023	359	Response	1	13283757	4399	1
10108023	360	Sound	102	13298416	386	1			260		other	0
10108023	361	Sound	106	13318215	345	1			260		other	0
10108023	361	Response	1	13321114	3244	1
10108023	362	Sound	103	13346213	335	1			260		other	0
10108023	363	Sound	105	13370812	426	1			260		other	0
10108023	363	Response	1	13374631	4245	1
10108023	364	Sound	104	13399210	316	1			260		other	0
10108023	365	Sound	111	13419209	475	1			260		other	0
10108023	365	Response	1	13422228	3495	1
10108023	366	Sound	104	13445007	433	1			260		other	0
10108023	366	Response	1	13450626	6052	1
10108023	367	Sound	109	13464206	292	1			260		other	0
10108023	367	Response	1	13468545	4632	1
10108023	368	Sound	103	13486205	451	1			260		other	0
10108023	368	Response	1	13491904	6150	1
10108023	369	Sound	108	13513603	341	1			260		other	0
10108023	369	Response	1	13516622	3361	2
10108023	370	Sound	102	13532402	468	1			260		other	0
10108023	371	Sound	111	13559400	292	1			260		other	0
10108023	371	Response	1	13562060	2951	1
10108023	372	Sound	106	13581199	417	1			260		other	0
10108023	372	Response	1	13584778	3997	1
10108023	373	Sound	110	13608797	341	1			260		other	0
10108023	373	Response	1	13611657	3200	1
10108023	374	Sound	103	13628996	367	1			260		other	0
10108023	374	Response	1	13632615	3986	1
10108023	375	Sound	110	13655395	424	1			260		other	0
10108023	375	Response	1	13658614	3643	1
10108023	376	Sound	109	13676193	384	1			260		other	0
10108023	376	Response	1	13679572	3763	1
10108023	377	Sound	103	13697592	442	1			260		other	0
10108023	378	Sound	101	13717591	435	1			260		other	0
10108023	379	Sound	110	13735590	429	1			260		other	0
10108023	379	Response	1	13738529	3368	1
10108023	380	Sound	101	13751989	323	1			260		other	0
10108023	381	Sound	107	13769988	317	1			260		other	0
10108023	381	Response	1	13774606	4935	2
10108023	382	Sound	108	13796986	474	1			260		other	0
10108023	382	Response	1	13801245	4733	1
10108023	383	Sound	109	13820785	432	1			260		other	0
10108023	383	Response	1	13824603	4251	1
10108023	384	Sound	110	13845183	323	1			260		other	0
10108023	384	Response	1	13848202	3342	1
10108023	385	Sound	109	13865782	416	1			260		other	0
10108023	385	Response	1	13869401	4035	1
10108023	386	Sound	101	13886781	408	1			260		other	0
10108023	387	Sound	105	13912179	299	1			260		other	0
10108023	387	Response	1	13916358	4478	1
10108023	388	Sound	102	13936178	291	1			260		other	0
10108023	389	Sound	104	13961776	382	1			260		other	0
10108023	389	Response	1	13966595	5200	1
10108023	390	Sound	104	13988775	372	1			260		other	0
10108023	390	Response	1	13992993	4590	1
10108023	391	Sound	111	14013973	396	1			260		other	0
10108023	391	Response	1	14017072	3495	1
10108023	392	Sound	106	14030572	324	1			260		other	0
10108023	392	Response	1	14033631	3382	1
10108023	393	Response	255	14851260	801926	1
10108023	394	Sound	11	14921319	306	1			260		other	0
10108023	395	Sound	14	14945117	431	1			260		other	0
10108023	396	Sound	17	14961716	358	1			260		other	0
10108023	396	Response	1	14967253	5895	1
10108023	397	Sound	12	14979515	318	1			260		other	0
10108023	398	Sound	21	14994714	346	1			260		other	0
10108023	398	Response	1	14997411	3043	1
10108023	399	Sound	12	15018713	338	1			260		other	0
10108023	400	Sound	13	15035512	465	1			260		other	0
10108023	400	Response	1	15040449	5402	1
10108023	401	Sound	18	15063510	455	1			260		other	0
10108023	401	Response	1	15066207	3152	1
10108023	402	Sound	14	15079309	416	1			260		other	0
10108023	402	Response	1	15083726	4833	1
10108023	403	Sound	14	15101308	408	1			260		other	0
10108023	404	Sound	17	15128706	299	1			260		other	0
10108023	404	Response	1	15132843	4435	1
10108023	405	Sound	16	15149505	425	1			260		other	0
10108023	405	Response	1	15152522	3441	1
10108023	406	Sound	20	15168704	451	1			260		other	0
10108023	406	Response	1	15171320	3067	1
10108023	407	Sound	11	15185903	312	1			260		other	0
10108023	408	Sound	17	15201902	306	1			260		other	0
10108023	408	Response	1	15204758	3162	1
10108023	409	Sound	13	15228700	430	1			260		other	0
10108023	410	Sound	19	15255298	353	1			260		other	0
10108023	410	Response	1	15256915	1970	1
10108023	411	Sound	14	15271298	348	1			260		other	0
10108023	411	Response	1	15275714	4764	1
10108023	412	Sound	20	15287897	275	1			260		other	0
10108023	412	Response	1	15290593	2971	1
10108023	413	Sound	18	15304896	436	1			260		other	0
10108023	413	Response	1	15307392	2932	1
10108023	414	Sound	19	15327094	461	1			260		other	0
10108023	414	Response	1	15329870	3237	1
10108023	415	Sound	13	15352093	286	1			260		other	0
10108023	416	Sound	19	15374091	278	1			260		other	0
10108023	416	Response	1	15377068	3254	1
10108023	417	Sound	16	15389890	405	1			260		other	0
10108023	417	Response	1	15393706	4221	1
10108023	418	Sound	19	15405290	300	1			260		other	0
10108023	418	Response	1	15407626	2636	1
10108023	419	Sound	20	15424488	326	1			260		other	0
10108023	419	Response	1	15427785	3623	1
10108023	420	Sound	21	15451487	317	1			260		other	0
10108023	420	Response	1	15454423	3253	1
10108023	421	Sound	12	15472885	376	1			260		other	0
10108023	422	Sound	16	15488085	404	1			260		other	0
10108023	422	Response	1	15491781	4100	1
10108023	423	Sound	21	15504883	364	1			260		other	0
10108023	423	Response	1	15507700	3181	1
10108023	424	Sound	13	15527482	456	1			260		other	0
10108023	425	Sound	11	15554281	413	1			260		other	0
10108023	426	Sound	11	15575679	472	1			260		other	0
10108023	426	Response	1	15592894	17687	1
10108023	427	Sound	17	15602678	296	1			260		other	0
10108023	427	Response	1	15605534	3152	1
10108023	428	Sound	18	15621277	390	1			260		other	0
10108023	428	Response	1	15624092	3205	1
10108023	429	Sound	21	15644875	314	1			260		other	0
10108023	429	Response	1	15649211	4650	1
10108023	430	Sound	15	15672873	304	1			260		other	0
10108023	431	Sound	12	15694072	330	1			260		other	0
10108023	432	Sound	12	15711071	324	1			260		other	0
10108023	433	Sound	15	15734070	316	1			260		other	0
10108023	433	Response	1	15737925	4171	1
10108023	434	Sound	14	15751469	376	1			260		other	0
10108023	435	Sound	20	15772067	302	1			260		other	0
10108023	435	Response	1	15775283	3518	1
10108023	436	Sound	19	15792666	395	1			260		other	0
10108023	436	Response	1	15795602	3331	1
10108023	437	Sound	11	15818865	419	1			260		other	0
10108023	438	Sound	20	15838863	412	1			260		other	0
10108023	438	Response	1	15841919	3468	1
10108023	439	Sound	18	15864662	369	1			260		other	0
10108023	439	Response	1	15868157	3865	1
10108023	440	Sound	18	15880861	397	1			260		other	0
10108023	440	Response	1	15884317	3853	1
10108023	441	Sound	21	15898260	291	1			260		other	0
10108023	441	Response	1	15900875	2906	1
10108023	442	Sound	16	15925058	415	1			260		other	0
10108023	442	Response	1	15929514	4870	1
10108023	443	Sound	13	15950657	339	1			260		other	0
10108023	444	Sound	17	15971056	398	1			260		other	0
10108023	444	Response	1	15975191	4533	1
10108023	445	Sound	15	15986455	459	1			260		other	0
10108023	445	Response	1	15991990	5995	1
10108023	446	Sound	16	16007453	452	1			260		other	0
10108023	446	Response	1	16010549	3547	1
10108023	447	Sound	15	16024052	379	1			260		other	0
10108023	447	Response	1	16026707	3034	1
10108023	448	Sound	15	16046451	438	1			260		other	0
10108023	448	Response	1	16049826	3813	1
10108023	449	Response	255	16917053	846619	1
10108023	450	Sound	108	16991394	434	1			260		other	0
10108023	450	Response	1	16994408	3448	1
10108023	451	Sound	111	17008193	395	1			260		other	0
10108023	451	Response	1	17010807	3009	1
10108023	452	Sound	101	17024592	455	1			260		other	0
10108023	453	Sound	106	17050791	314	1			260		other	0
10108023	453	Response	1	17054004	3527	1
10108023	454	Sound	110	17073589	271	1			260		other	0
10108023	454	Response	1	17076723	3405	1
10108023	455	Sound	105	17091988	332	1			260		other	0
10108023	455	Response	1	17095122	3466	1
10108023	456	Sound	106	17108987	325	1			260		other	0
10108023	456	Response	1	17114321	5659	1
10108023	457	Sound	102	17126786	286	1			260		other	0
10108023	457	Response	1	17130720	4219	1
10108023	457	Response	1	17151439	24938	1
10108023	458	Sound	101	17152385	377	1			260		other	0
10108023	459	Sound	103	17179783	434	1			260		other	0
10108023	460	Sound	109	17196382	361	1			260		other	0
10108023	460	Response	1	17199275	3254	1
10108023	461	Sound	103	17216181	320	1			260		other	0
10108023	462	Sound	105	17243579	377	1			260		other	0
10108023	462	Response	1	17247592	4391	1
10108023	463	Sound	104	17259978	271	1			260		other	0
10108023	464	Sound	107	17284577	363	1			260		other	0
10108023	464	Response	1	17287510	3296	1
10108023	465	Sound	106	17309775	387	1			260		other	0
10108023	465	Response	1	17313108	3720	1
10108023	466	Sound	110	17327574	347	1			260		other	0
10108023	466	Response	1	17331027	3801	1
10108023	467	Sound	102	17356372	304	1			260		other	0
10108023	468	Sound	104	17384771	360	1			260		other	0
10108023	468	Response	1	17388224	3813	1
10108023	469	Sound	105	17408569	319	1			260		other	0
10108023	469	Response	1	17412702	4452	1
10108023	470	Sound	110	17425768	346	1			260		other	0
10108023	470	Response	1	17430381	4959	1
10108023	471	Sound	106	17447567	305	1			260		other	0
10108023	472	Sound	101	17466766	331	1			260		other	0
10108023	473	Sound	105	17491764	322	1			260		other	0
10108023	473	Response	1	17497257	5815	1
10108023	474	Sound	111	17507763	316	1			260		other	0
10108023	474	Response	1	17511016	3569	1
10108023	475	Sound	111	17532562	441	1			260		other	0
10108023	475	Response	1	17536134	4014	1
10108023	476	Sound	111	17560760	298	1			260		other	0
10108023	476	Response	1	17563413	2951	1
10108023	477	Sound	101	17577559	425	1			260		other	0
10108023	478	Sound	105	17597758	451	1			260		other	0
10108023	478	Response	1	17601411	4104	1
10108023	479	Sound	108	17621756	276	1			260		other	0
10108023	479	Response	1	17625249	3769	1
10108023	480	Sound	103	17637955	303	1			260		other	0
10108023	480	Response	1	17643408	5756	1
10108023	481	Sound	104	17658554	396	1			260		other	0
10108023	481	Response	1	17664607	6449	1
10108023	482	Sound	110	17674953	290	1			260		other	0
10108023	482	Response	1	17680046	5383	1
10108023	483	Sound	103	17702552	380	1			260		other	0
10108023	484	Sound	109	17727950	271	1			260		other	0
10108023	484	Response	1	17731163	3484	1
10108023	485	Sound	102	17744949	432	1			260		other	0
10108023	486	Sound	107	17761548	359	1			260		other	0
10108023	486	Response	1	17765241	4052	1
10108023	487	Sound	108	17786947	417	1			260		other	0
10108023	487	Response	1	17789719	3189	1
10108023	488	Sound	104	17815145	440	1			260		other	0
10108023	488	Response	1	17820757	6052	1
10108023	489	Sound	109	17843943	397	1			260		other	0
10108023	489	Response	1	17848916	5369	1
10108023	490	Sound	108	17860342	291	1			260		other	0
10108023	490	Response	1	17864674	4623	1
10108023	491	Sound	106	17877141	418	1			260		other	0
10108023	491	Response	1	17882113	5390	1
10108023	492	Sound	107	17896940	378	1			260		other	0
10108023	492	Response	1	17901552	4990	1
10108023	493	Sound	101	17923938	368	1			260		other	0
10108023	494	Sound	104	17949337	426	1			260		other	0
10108023	494	Response	1	17953549	4638	1
10108023	495	Sound	109	17975735	316	1			260		other	0
10108023	495	Response	1	17980187	4768	1
10108023	496	Sound	108	18003933	339	1			260		other	0
10108023	496	Response	1	18007306	3711	2
10108023	497	Sound	109	18022532	433	1			260		other	0
10108023	497	Response	1	18026984	4885	1
10108023	498	Sound	107	18039931	327	1			260		other	0
10108023	498	Response	1	18043143	3539	1
10108023	499	Sound	103	18063330	385	1			260		other	0
10108023	500	Sound	111	18082529	411	1			260		other	0
10108023	500	Response	1	18085061	2944	1
10108023	501	Sound	110	18103128	337	1			260		other	0
10108023	501	Response	1	18106500	3709	1
10108023	502	Sound	102	18131526	394	1			260		other	0
10108023	503	Sound	102	18154924	453	1			260		other	0
10108023	504	Sound	107	18171923	446	1			260		other	0
10108023	504	Response	1	18177054	5577	2
10108023	505	Response	255	19536572	1341341	1
10108023	506	Sound	18	19607837	434	1			260		other	0
10108023	506	Response	1	19611527	4123	1
10108023	507	Sound	12	19633036	458	1			260		other	0
10108023	507	Response	1	19640165	7587	1
10108023	508	Sound	16	19657034	283	1			260		other	0
10108023	508	Response	1	19660484	3732	1
10108023	509	Sound	19	19684233	473	1			260		other	0
10108023	509	Response	1	19687122	3363	1
10108023	510	Sound	18	19709431	331	1			260		other	0
10108023	510	Response	1	19712481	3381	1
10108023	511	Sound	13	19728630	358	1			260		other	0
10108023	512	Sound	14	19755228	281	1			260		other	0
10108023	513	Sound	18	19771427	309	1			260		other	0
10108023	513	Response	1	19773837	2718	1
10108023	514	Sound	12	19799026	399	1			260		other	0
10108023	514	Response	1	19808155	9528	1
10108023	515	Sound	19	19825624	323	1			260		other	0
10108023	515	Response	1	19828873	3572	1
10108023	516	Sound	21	19846423	282	1			260		other	0
10108023	516	Response	1	19850472	4331	1
10108023	517	Sound	11	19872821	339	1			260		other	0
10108023	518	Sound	12	19900620	296	1			260		other	0
10108023	519	Sound	15	19924618	454	1			260		other	0
10108023	520	Sound	11	19940617	449	1			260		other	0
10108023	521	Sound	13	19957216	376	1			260		other	0
10108023	521	Response	1	19973905	17064	1
10108023	522	Sound	17	19977615	435	1			260		other	0
10108023	522	Response	1	19981984	4804	1
10108023	523	Sound	15	19993814	296	1			260		other	0
10108023	523	Response	1	19997743	4225	1
10108023	524	Sound	16	20017613	421	1			260		other	0
10108023	524	Response	1	20020702	3510	1
10108023	525	Sound	16	20038411	380	1			260		other	0
10108023	525	Response	1	20041180	3149	1
10108023	526	Sound	16	20055410	374	1			260		other	0
10108023	526	Response	1	20061979	6943	1
10108023	527	Sound	15	20077809	433	1			260		other	0
10108023	527	Response	1	20081418	4042	1
10108023	528	Sound	19	20097408	359	1			260		other	0
10108023	528	Response	1	20099737	2688	1
10108023	529	Sound	18	20121007	284	1			260		other	0
10108023	529	Response	1	20124615	3893	1
10108023	530	Sound	14	20142805	410	1			260		other	0
10108023	530	Response	1	20146054	3659	1
10108023	531	Sound	11	20163604	369	1			260		other	0
10108023	531	Response	1	20166772	3538	1
10108023	532	Sound	16	20179203	297	1			260		other	0
10108023	532	Response	1	20181892	2985	1
10108023	533	Sound	13	20198202	290	1			260		other	0
10108023	534	Sound	18	20216801	383	1			260		other	0
10108023	534	Response	1	20220289	3872	1
10108023	535	Sound	21	20233800	377	1			260		other	0
10108023	535	Response	1	20236928	3506	1
10108023	536	Sound	20	20255398	470	1			260		other	0
10108023	536	Response	1	20259007	4078	1
10108023	537	Sound	20	20278197	428	1			260		other	0
10108023	537	Response	1	20281246	3477	1
10108023	538	Sound	14	20304795	352	1			260		other	0
10108023	538	Response	1	20309484	5040	1
10108023	539	Sound	21	20323394	445	1			260		other	0
10108023	539	Response	1	20326283	3334	1
10108023	540	Sound	15	20349393	269	1			260		other	0
10108023	540	Response	1	20353321	4198	1
10108023	541	Sound	17	20369592	462	1			260		other	0
10108023	541	Response	1	20373640	4510	1
10108023	542	Sound	12	20386391	423	1			260		other	0
10108023	543	Sound	20	20407189	382	1			260		other	0
10108023	543	Response	1	20410118	3311	1
10108023	544	Sound	11	20427188	375	1			260		other	0
10108023	545	Sound	11	20453387	399	1			260		other	0
10108023	546	Sound	19	20475385	391	1			260		other	0
10108023	546	Response	1	20479633	4639	1
10108023	547	Sound	21	20501384	382	1			260		other	0
10108023	547	Response	1	20504752	3750	1
10108023	548	Sound	20	20520982	475	1			260		other	0
10108023	548	Response	1	20524431	3923	1
10108023	549	Sound	17	20540381	368	1			260		other	0
10108023	549	Response	1	20544909	4896	1
10108023	550	Sound	12	20562780	427	1			260		other	0
10108023	550	Response	1	20569868	7514	2
10108023	551	Sound	13	20581579	386	1			260		other	0
10108023	552	Sound	17	20597778	414	1			260		other	0
10108023	552	Response	1	20601066	3702	1
10108023	553	Sound	14	20615777	408	1			260		other	0
10108023	553	Response	1	20621385	6016	1
10108023	554	Sound	14	20643575	364	1			260		other	0
10108023	554	Response	1	20647623	4412	1
10108023	555	Sound	19	20664574	357	1			260		other	0
10108023	555	Response	1	20667702	3485	1
10108023	556	Sound	17	20685973	416	1			260		other	0
10108023	556	Response	1	20688421	2864	1
10108023	557	Sound	20	20705971	409	1			260		other	0
10108023	557	Response	1	20709619	4057	1
10108023	558	Sound	13	20734170	265	1			260		other	0
10108023	558	Response	1	20737377	3473	1
10108023	559	Sound	21	20759768	356	1			260		other	0
10108023	559	Response	1	20762496	3084	1
10108023	560	Sound	15	20778367	283	1			260		other	0
10108023	560	Response	1	20791534	13450	1
10108023	561	Response	255	21415656	617819	1
10108023	562	Sound	11	21477525	400	1			260		other	0
10108023	563	Sound	19	21495924	460	1			260		other	0
10108023	563	Response	1	21498451	2987	1
10108023	564	Sound	19	21522722	417	1			260		other	0
10108023	564	Response	1	21526129	3824	1
10108023	565	Sound	14	21547121	309	1			260		other	0
10108023	565	Response	1	21550447	3635	1
10108023	566	Sound	17	21563520	370	1			260		other	0
10108023	566	Response	1	21566767	3616	1
10108023	567	Sound	21	21591118	293	1			260		other	0
10108023	567	Response	1	21593245	2420	1
10108023	568	Sound	20	21609517	353	1			260		other	0
10108023	568	Response	1	21612443	3279	1
10108023	569	Sound	17	21635716	377	1			260		other	0
10108023	569	Response	1	21638442	3104	1
10108023	570	Sound	14	21661514	335	1			260		other	0
10108023	571	Sound	12	21683313	460	1			260		other	0
10108023	572	Sound	20	21700312	454	1			260		other	0
10108023	572	Response	1	21702198	2341	1
10108023	573	Sound	16	21725710	345	1			260		other	0
10108023	573	Response	1	21729316	3951	1
10108023	574	Sound	18	21743509	305	1			260		other	0
10108023	574	Response	1	21746995	3792	1
10108023	575	Sound	15	21760508	299	1			260		other	0
10108023	575	Response	1	21762914	2706	1
10108023	576	Sound	17	21787506	290	1			260		other	0
10108023	576	Response	1	21790033	2816	1
10108023	577	Sound	18	21809105	382	1			260		other	0
10108023	577	Response	1	21811871	3148	1
10108023	577	Response	1	21834590	25867	1
10108023	578	Sound	20	21835904	339	1			260		other	0
10108023	579	Sound	17	21861302	397	1			260		other	0
10108023	579	Response	1	21863868	2963	1
10108023	580	Sound	18	21876901	324	1			260		other	0
10108023	580	Response	1	21880027	3450	1
10108023	581	Sound	16	21897700	284	1			260		other	0
10108023	581	Response	1	21901226	3810	1
10108023	582	Sound	20	21917899	310	1			260		other	0
10108023	582	Response	1	21920665	3076	1
10108023	583	Sound	19	21941697	435	1			260		other	0
10108023	583	Response	1	21944903	3641	1
10108023	584	Sound	11	21958896	295	1			260		other	0
10108023	584	Response	1	21970501	11900	1
10108023	585	Sound	17	21976895	289	1			260		other	0
10108023	585	Response	1	21981621	5014	1
10108023	586	Sound	11	21999694	414	1			260		other	0
10108023	587	Sound	14	22017693	407	1			260		other	0
10108023	588	Sound	15	22041491	366	1			260		other	0
10108023	588	Response	1	22049137	8011	1
10108023	589	Sound	14	22064490	358	1			260		other	0
10108023	590	Sound	15	22080289	319	1			260		other	0
10108023	590	Response	1	22084095	4124	1
10108023	591	Sound	13	22105687	376	1			260		other	0
10108023	592	Sound	16	22129286	301	1			260		other	0
10108023	592	Response	1	22133612	4627	1
10108023	593	Sound	21	22154084	425	1			260		other	0
10108023	593	Response	1	22157050	3391	1
10108023	594	Sound	11	22170883	386	1			260		other	0
10108023	595	Sound	18	22195282	277	1			260		other	0
10108023	595	Response	1	22198967	3963	2
10108023	596	Sound	21	22210481	305	1			260		other	0
10108023	596	Response	1	22213366	3191	1
10108023	597	Sound	16	22225680	333	1			260		other	0
10108023	597	Response	1	22229765	4418	1
10108023	598	Sound	14	22245479	293	1			260		other	0
10108023	599	Sound	12	22264278	420	1			260		other	0
10108023	600	Sound	13	22283077	379	1			260		other	0
10108023	601	Sound	21	22303676	305	1			260		other	0
10108023	601	Response	1	22307281	3911	1
10108023	602	Sound	13	22322674	465	1			260		other	0
10108023	603	Sound	13	22349073	356	1			260		other	0
10108023	604	Sound	15	22365672	283	1			260		other	0
10108023	604	Response	1	22372797	7408	1
10108023	605	Sound	12	22388270	375	1			260		other	0
10108023	606	Sound	20	22414869	299	1			260		other	0
10108023	606	Response	1	22417834	3264	1
10108023	607	Sound	11	22433868	459	1			260		other	0
10108023	608	Sound	15	22460466	383	1			260		other	0
10108023	608	Response	1	22464791	4708	1
10108023	609	Sound	19	22481865	442	1			260		other	0
10108023	609	Response	1	22485990	4567	1
10108023	610	Sound	18	22507063	466	1			260		other	0
10108023	610	Response	1	22512388	5791	1
10108023	611	Sound	16	22530462	358	1			260		other	0
10108023	611	Response	1	22534947	4843	1
10108023	612	Sound	13	22551061	451	1			260		other	0
10108023	613	Sound	19	22572659	376	1			260		other	0
10108023	613	Response	1	22575584	3301	1
10108023	614	Sound	12	22599458	333	1			260		other	0
10108023	615	Sound	21	22618057	427	1			260		other	0
10108023	615	Response	1	22620781	3151	1
10108023	616	Sound	12	22637256	286	1			260		other	0
10108023	617	Response	255	22712056	55835	1
10108023	618	Sound	20	22780647	302	1			260		other	0
10108023	618	Response	1	22783491	3146	1
10108023	619	Sound	12	22801046	361	1			260		other	0
10108023	620	Sound	18	22828444	418	1			260		other	0
10108023	620	Response	1	22831568	3542	1
10108023	621	Sound	18	22855442	409	1			260		other	0
10108023	621	Response	1	22858847	3813	1
10108023	622	Sound	11	22873641	435	1			260		other	0
10108023	623	Sound	11	22893240	362	1			260		other	0
10108023	624	Sound	15	22920038	319	1			260		other	0
10108023	624	Response	1	22923323	3603	1
10108023	625	Sound	15	22936638	413	1			260		other	0
10108023	625	Response	1	22945161	8937	1
10108023	626	Sound	17	22957636	405	1			260		other	0
10108023	626	Response	1	22961081	3850	1
10108023	627	Sound	16	22979235	331	1			260		other	0
10108023	627	Response	1	22983559	4655	1
10108023	628	Sound	17	22997434	358	1			260		other	0
10108023	628	Response	1	23001078	4002	1
10108023	629	Sound	21	23020033	283	1			260		other	0
10108023	629	Response	1	23023157	3407	1
10108023	630	Sound	12	23047431	341	1			260		other	0
10108023	631	Sound	13	23070229	299	1			260		other	0
10108023	632	Sound	18	23091028	425	1			260		other	0
10108023	632	Response	1	23094592	3988	1
10108023	633	Sound	16	23108827	385	1			260		other	0
10108023	634	Sound	21	23124226	446	1			260		other	0
10108023	634	Response	1	23127070	3290	1
10108023	635	Sound	17	23144825	372	1			260		other	0
10108023	635	Response	1	23149149	4696	1
10108023	636	Sound	21	23167424	464	1			260		other	0
10108023	636	Response	1	23170108	3148	1
10108023	637	Sound	11	23192422	288	1			260		other	0
10108023	638	Sound	21	23214221	414	1			260		other	0
10108023	638	Response	1	23217305	3498	1
10108023	639	Sound	19	23236020	373	1			260		other	0
10108023	639	Response	1	23238983	3337	1
10108023	640	Sound	18	23260618	464	1			260		other	0
10108023	640	Response	1	23264742	4588	1
10108023	641	Sound	13	23283217	389	1			260		other	0
10108023	642	Sound	16	23310415	413	1			260		other	0
10108023	642	Response	1	23312579	2577	1
10108023	643	Sound	16	23335014	338	1			260		other	0
10108023	643	Response	1	23338977	4301	1
10108023	644	Sound	14	23353813	297	1			260		other	0
10108023	645	Sound	12	23369812	458	1			260		other	0
10108023	646	Sound	20	23393410	383	1			260		other	0
10108023	646	Response	1	23397134	4107	1
10108023	647	Sound	20	23409809	444	1			260		other	0
10108023	647	Response	1	23413693	4328	1
10108023	648	Sound	12	23425208	339	1			260		other	0
10108023	649	Sound	11	23448007	297	1			260		other	0
10108023	649	Response	1	23448250	541	1
10108023	650	Sound	12	23472805	422	1			260		other	0
10108023	651	Sound	19	23490404	349	1			260		other	0
10108023	651	Response	1	23493848	3792	1
10108023	652	Sound	15	23510003	275	1			260		other	0
10108023	652	Response	1	23514406	4678	1
10108023	653	Sound	17	23529002	435	1			260		other	0
10108023	653	Response	1	23532565	3998	1
10108023	654	Sound	20	23553800	393	1			260		other	0
10108023	654	Response	1	23558084	4676	1
10108023	655	Sound	15	23575399	318	1			260		other	0
10108023	655	Response	1	23578642	3562	1
10108023	656	Sound	19	23590598	346	1			260		other	0
10108023	656	Response	1	23593682	3430	1
10108023	657	Sound	14	23612997	405	1			260		other	0
10108023	658	Sound	17	23630796	365	1			260		other	0
10108023	658	Response	1	23634319	3888	2
10108023	659	Sound	16	23653794	357	1			260		other	0
10108023	659	Response	1	23658557	5120	1
10108023	660	Sound	18	23678393	282	1			260		other	0
10108023	660	Response	1	23681036	2924	2
10108023	661	Sound	19	23703792	339	1			260		other	0
10108023	661	Response	1	23706395	2942	1
10108023	662	Sound	15	23725390	265	1			260		other	0
10108023	662	Response	1	23729353	4228	1
10108023	663	Sound	21	23748589	457	1			260		other	0
10108023	663	Response	1	23751832	3700	1
10108023	664	Sound	14	23773787	314	1			260		other	0
10108023	665	Sound	13	23790186	375	1			260		other	0
10108023	666	Sound	13	23812985	334	1			260		other	0
10108023	666	Response	1	23839186	26535	1
10108023	667	Sound	20	23841183	357	1			260		other	0
10108023	667	Response	1	23849506	8679	1
10108023	668	Sound	11	23869382	380	1			260		other	0
10108023	669	Sound	14	23893780	271	1			260		other	0
10108023	670	Sound	19	23914979	464	1			260		other	0
10108023	670	Response	1	23919421	4906	1
10108023	671	Sound	13	23934178	324	1			260		other	0
10108023	672	Sound	14	23958376	348	1			260		other	0
10108023	673	Response	255	26988272	3013993	1
10108023	674	Sound	110	27054990	377	1			260		other	0
10108023	674	Response	1	27058828	4215	1
10108023	675	Sound	108	27082189	401	1			260		other	0
10108023	675	Response	1	27084827	3039	1
10108023	676	Sound	109	27098788	329	1			260		other	0
10108023	676	Response	1	27101865	3406	1
10108023	677	Sound	101	27120587	287	1			260		other	0
10108023	678	Sound	108	27145585	278	1			260		other	0
10108023	678	Response	1	27148583	3276	1
10108023	679	Sound	102	27164184	371	1			260		other	0
10108023	679	Response	1	27179141	15328	1
10108023	680	Sound	105	27188782	296	1			260		other	0
10108023	680	Response	1	27192260	3774	1
10108023	681	Sound	109	27216781	453	1			260		other	0
10108023	681	Response	1	27219378	3050	1
10108023	682	Sound	104	27239579	411	1			260		other	0
10108023	682	Response	1	27244497	5328	2
10108023	683	Sound	103	27258978	471	1			260		other	0
10108023	684	Sound	107	27283177	329	1			260		other	0
10108023	684	Response	1	27286654	3806	1
10108023	685	Sound	102	27311775	419	1			260		other	0
10108023	686	Sound	103	27332574	378	1			260		other	0
10108023	687	Sound	106	27352573	371	1			260		other	0
10108023	688	Sound	103	27372771	397	1			260		other	0
10108023	688	Response	1	27378409	6035	1
10108023	689	Sound	107	27400370	321	1			260		other	0
10108023	689	Response	1	27405047	4998	1
10108023	690	Sound	106	27422168	279	1			260		other	0
10108023	690	Response	1	27426245	4356	1
10108023	691	Sound	104	27441967	406	1			260		other	0
10108023	691	Response	1	27446325	4763	1
10108023	692	Sound	107	27465566	331	1			260		other	0
10108023	692	Response	1	27469683	4448	1
10108023	693	Sound	110	27487565	323	1			260		other	0
10108023	693	Response	1	27492881	5640	1
10108023	694	Sound	107	27508763	349	1			260		other	0
10108023	694	Response	1	27511839	3425	2
10108023	695	Sound	105	27524762	343	1			260		other	0
10108023	695	Response	1	27528239	3820	1
10108023	696	Sound	101	27546961	368	1			260		other	0
10108023	697	Sound	103	27567760	328	1			260		other	0
10108023	698	Sound	106	27588958	353	1			260		other	0
10108023	698	Response	1	27591995	3390	1
10108023	699	Sound	102	27609957	346	1			260		other	0
10108023	700	Sound	110	27627756	306	1			260		other	0
10108023	700	Response	1	27631593	4143	1
10108023	701	Sound	101	27654755	297	1			260		other	0
10108023	702	Sound	104	27681953	320	1			260		other	0
10108023	702	Response	1	27686389	4757	1
10108023	703	Sound	105	27709951	477	1			260		other	0
10108023	703	Response	1	27714548	5074	1
10108023	704	Sound	106	27728950	303	1			260		other	0
10108023	704	Response	1	27733347	4700	1
10108023	705	Sound	102	27750949	462	1			260		other	0
10108023	705	Response	1	27760225	9739	1
10108023	706	Sound	109	27767548	390	1			260		other	0
10108023	707	Sound	111	27791946	281	1			260		other	0
10108023	707	Response	1	27797583	5917	1
10108023	708	Sound	110	27819345	338	1			260		other	0
10108023	708	Response	1	27822461	3454	1
10108023	709	Sound	111	27843743	396	1			260		other	0
10108023	709	Response	1	27846540	3192	1
10108023	710	Sound	109	27872341	319	1			260		other	0
10108023	710	Response	1	27875098	3075	1
10108023	711	Sound	108	27892540	345	1			260		other	0
10108023	711	Response	1	27895657	3461	1
10108023	712	Sound	111	27921338	468	1			260		other	0
10108023	712	Response	1	27924055	3185	1
10108023	713	Sound	108	27947337	292	1			260		other	0
10108023	713	Response	1	27950293	3248	1
10108023	714	Sound	111	27976135	415	1			260		other	0
10108023	714	Response	1	27979091	3371	1
10108023	715	Sound	108	27998734	341	1			260		other	0
10108023	715	Response	1	28002930	4536	1
10108023	716	Sound	102	28017533	300	1			260		other	0
10108023	717	Sound	103	28043731	324	1			260		other	0
10108023	718	Sound	105	28070530	448	1			260		other	0
10108023	718	Response	1	28075646	5564	1
10108023	719	Sound	110	28097528	438	1			260		other	0
10108023	719	Response	1	28102284	5194	1
10108023	719	Response	1	28104524	7434	1
10108023	720	Sound	107	28122526	430	1			260		other	0
10108023	720	Response	1	28127242	5145	1
10108023	721	Sound	101	28142525	423	1			260		other	0
10108023	722	Sound	104	28158724	283	1			260		other	0
10108023	723	Sound	111	28182523	408	1			260		other	0
10108023	723	Response	1	28185719	3604	1
10108023	724	Sound	104	28204721	434	1			260		other	0
10108023	725	Sound	109	28224120	327	1			260		other	0
10108023	726	Sound	106	28240319	354	1			260		other	0
10108023	726	Response	1	28244915	4950	1
10108023	727	Sound	101	28268118	311	1			260		other	0
10108023	728	Sound	105	28285917	271	1			260		other	0
10108023	728	Response	1	28289712	4067	1
10108023	729	Response	255	28333629	24897	1
10108023	730	Sound	20	28419509	324	1			260		other	0
10108023	730	Response	1	28422984	3799	1
10108023	731	Sound	12	28445307	281	1			260		other	0
10108023	732	Sound	14	28465506	307	1			260		other	0
10108023	733	Sound	16	28486305	266	1			260		other	0
10108023	733	Response	1	28489140	3102	1
10108023	734	Sound	11	28504103	393	1			260		other	0
10108023	735	Sound	15	28522502	454	1			260		other	0
10108023	736	Sound	18	28542701	313	1			260		other	0
10108023	736	Response	1	28545776	3388	1
10108023	737	Sound	12	28561900	340	1			260		other	0
10108023	737	Response	1	28573055	11494	1
10108023	738	Sound	18	28580099	366	1			260		other	0
10108023	738	Response	1	28583534	3802	1
10108023	739	Sound	17	28601098	359	1			260		other	0
10108023	739	Response	1	28603853	3114	1
10108023	740	Sound	16	28617297	387	1			260		other	0
10108023	740	Response	1	28620012	3102	1
10108023	741	Sound	21	28641895	311	1			260		other	0
10108023	741	Response	1	28644730	3146	2
10108023	742	Sound	13	28659694	438	1			260		other	0
10108023	743	Sound	15	28688692	428	1			260		other	0
10108023	743	Response	1	28691688	3423	1
10108023	744	Sound	19	28712891	452	1			260		other	0
10108023	744	Response	1	28716086	3647	1
10108023	745	Sound	15	28740289	342	1			260		other	0
10108023	745	Response	1	28744324	4377	1
10108023	746	Sound	21	28757488	370	1			260		other	0
10108023	746	Response	1	28760483	3365	1
10108023	747	Sound	17	28779087	462	1			260		other	0
10108023	747	Response	1	28781842	3217	1
10108023	748	Sound	21	28804685	386	1			260		other	0
10108023	748	Response	1	28807441	3141	1
10108023	749	Sound	18	28826084	445	1			260		other	0
10108023	749	Response	1	28829279	3640	1
10108023	750	Sound	20	28853283	469	1			260		other	0
10108023	750	Response	1	28856398	3584	1
10108023	751	Sound	12	28869882	396	1			260		other	0
10108023	751	Response	1	28888875	19390	1
10108023	752	Sound	14	28889280	289	1			260		other	0
10108023	753	Sound	18	28909079	416	1			260		other	0
10108023	753	Response	1	28912074	3410	1
10108023	754	Sound	20	28931878	374	1			260		other	0
10108023	754	Response	1	28935433	3929	1
10108023	755	Sound	14	28958476	465	1			260		other	0
10108023	755	Response	1	28962551	4539	1
10108023	756	Sound	11	28984675	322	1			260		other	0
10108023	756	Response	1	28986789	2437	1
10108023	757	Sound	13	29007873	347	1			260		other	0
10108023	757	Response	1	29011908	4381	1
10108023	758	Sound	11	29031272	405	1			260		other	0
10108023	759	Sound	14	29054671	297	1			260		other	0
10108023	760	Sound	12	29080269	388	1			260		other	0
10108023	761	Sound	17	29096868	315	1			260		other	0
10108023	761	Response	1	29100782	4230	1
10108023	762	Sound	20	29116867	308	1			260		other	0
10108023	762	Response	1	29119821	3262	1
10108023	763	Sound	18	29143465	399	1			260		other	0
10108023	763	Response	1	29146219	3153	1
10108023	764	Sound	13	29164664	424	1			260		other	0
10108023	765	Sound	13	29192662	415	1			260		other	0
10108023	766	Sound	20	29215061	306	1			260		other	0
10108023	766	Response	1	29218135	3380	1
10108023	767	Sound	16	29232260	334	1			260		other	0
10108023	767	Response	1	29235174	3248	1
10108023	768	Sound	11	29248059	295	1			260		other	0
10108023	768	Response	1	29253493	5729	1
10108023	769	Sound	13	29273057	286	1			260		other	0
10108023	770	Sound	19	29290056	446	1			260		other	0
10108023	770	Response	1	29296930	7320	1
10108023	771	Sound	16	29311655	372	1			260		other	0
10108023	771	Response	1	29315329	4046	1
10108023	772	Sound	15	29338253	296	1			260		other	0
10108023	772	Response	1	29344367	6410	1
10108023	773	Sound	14	29359252	288	1			260		other	0
10108023	773	Response	1	29364046	5082	1
10108023	774	Sound	19	29380651	347	1			260		other	0
10108023	774	Response	1	29384125	3821	1
10108023	775	Sound	16	29401250	273	1			260		other	0
10108023	775	Response	1	29404444	3467	1
10108023	776	Sound	17	29420848	366	1			260		other	0
10108023	776	Response	1	29423643	3160	1
10108023	777	Sound	12	29442647	325	1			260		other	0
10108023	778	Sound	15	29462446	285	1			260		other	0
10108023	778	Response	1	29467560	5398	1
10108023	779	Sound	21	29479045	379	1			260		other	0
10108023	779	Response	1	29481959	3293	1
10108023	780	Sound	11	29505443	269	1			260		other	0
10108023	781	Sound	19	29526842	329	1			260		other	0
10108023	781	Response	1	29532436	5922	1
10108023	782	Sound	21	29554040	352	1			260		other	0
10108023	782	Response	1	29558834	5146	1
10108023	783	Sound	19	29576839	311	1			260		other	0
10108023	783	Response	1	29581553	5024	1
10108023	784	Sound	17	29592438	405	1			260		other	0
10108023	784	Response	1	29596432	4399	1
10108023	785	Response	255	29664188	52235	1
10108023	786	Sound	12	29733030	288	1			260		other	0
10108023	787	Sound	21	29756228	313	1			260		other	0
10108023	787	Response	1	29759862	3947	1
10108023	788	Sound	21	29773427	341	1			260		other	0
10108023	788	Response	1	29776181	3094	1
10108023	789	Sound	16	29800826	397	1			260		other	0
10108023	790	Sound	15	29825024	422	1			260		other	0
10108023	790	Response	1	29832577	7975	1
10108023	791	Sound	13	29853223	279	1			260		other	0
10108023	792	Sound	14	29871222	439	1			260		other	0
10108023	793	Sound	19	29898820	362	1			260		other	0
10108023	793	Response	1	29902493	4035	1
10108023	794	Sound	13	29921018	388	1			260		other	0
10108023	795	Sound	20	29938217	415	1			260		other	0
10108023	795	Response	1	29941131	3328	1
10108023	796	Sound	17	29963416	273	1			260		other	0
10108023	796	Response	1	29966009	2866	1
10108023	797	Sound	17	29981415	266	1			260		other	0
10108023	797	Response	1	29985288	4139	1
10108023	798	Sound	17	30004814	325	1			260		other	0
10108023	798	Response	1	30008167	3678	1
10108023	799	Sound	20	30022212	385	1			260		other	0
10108023	799	Response	1	30025685	3858	1
10108023	800	Sound	16	30045411	410	1			260		other	0
10108023	800	Response	1	30049044	4043	1
10108023	801	Sound	18	30066410	403	1			260		other	0
10108023	801	Response	1	30071122	5115	1
10108023	802	Sound	13	30081809	464	1			260		other	0
10108023	803	Sound	21	30100408	390	1			260		other	0
10108023	803	Response	1	30102960	2943	1
10108023	804	Sound	20	30126806	448	1			260		other	0
10108023	804	Response	1	30132239	5880	1
10108023	805	Sound	13	30155005	471	1			260		other	0
10108023	805	Response	1	30169197	14663	1
10108023	806	Sound	17	30177003	463	1			260		other	0
10108023	806	Response	1	30181196	4656	1
10108023	807	Sound	18	30201602	388	1			260		other	0
10108023	807	Response	1	30209194	7980	1
10108023	808	Sound	16	30226800	412	1			260		other	0
10108023	808	Response	1	30229913	3525	1
10108023	809	Sound	14	30250199	304	1			260		other	0
10108023	809	Response	1	30257191	7296	1
10108023	810	Sound	12	30268998	430	1			260		other	0
10108023	811	Sound	15	30294796	388	1			260		other	0
10108023	811	Response	1	30300468	6060	1
10108023	812	Sound	12	30313995	414	1			260		other	0
10108023	813	Sound	14	30339993	405	1			260		other	0
10108023	814	Sound	12	30365792	363	1			260		other	0
10108023	815	Sound	11	30384791	356	1			260		other	0
10108023	815	Response	1	30407262	22827	1
10108023	816	Sound	14	30408389	281	1			260		other	0
10108023	817	Sound	11	30425388	275	1			260		other	0
10108023	818	Sound	17	30441187	402	1			260		other	0
10108023	818	Response	1	30445259	4474	1
10108023	819	Sound	19	30467786	326	1			260		other	0
10108023	819	Response	1	30471498	4038	1
10108023	820	Sound	21	30487584	452	1			260		other	0
10108023	820	Response	1	30490537	3405	1
10108023	821	Sound	15	30510183	378	1			260		other	0
10108023	821	Response	1	30517575	7769	1
10108023	822	Sound	18	30527582	438	1			260		other	0
10108023	822	Response	1	30530054	2910	2
10108023	823	Sound	18	30543981	332	1			260		other	0
10108023	823	Response	1	30547333	3685	1
10108023	824	Sound	11	30567580	424	1			260		other	0
10108023	825	Sound	12	30592978	315	1			260		other	0
10108023	826	Sound	20	30608377	376	1			260		other	0
10108023	826	Response	1	30611089	3088	1
10108023	827	Sound	20	30624976	303	1			260		other	0
10108023	827	Response	1	30631008	6335	1
10108023	828	Sound	15	30646775	429	1			260		other	0
10108023	828	Response	1	30651087	4741	1
10108023	829	Sound	19	30672573	386	1			260		other	0
10108023	830	Sound	16	30690972	446	1			260		other	0
10108023	830	Response	1	30708523	17997	1
10108023	831	Sound	18	30711571	373	1			260		other	0
10108023	832	Sound	11	30737970	430	1			260		other	0
10108023	833	Sound	16	30758768	389	1			260		other	0
10108023	833	Response	1	30763160	4781	1
10108023	834	Sound	21	30779167	448	1			260		other	0
10108023	834	Response	1	30782359	3640	1
10108023	835	Sound	15	30804366	306	1			260		other	0
10108023	835	Response	1	30817717	13657	1
10108023	836	Sound	14	30819565	334	1			260		other	0
10108023	837	Sound	19	30847763	357	1			260		other	0
10108023	837	Response	1	30850915	3509	1
10108023	838	Sound	11	30868762	350	1			260		other	0
10108023	839	Sound	13	30889960	376	1			260		other	0
10108023	840	Sound	19	30915959	366	1			260		other	0
10108023	840	Response	1	30918670	3078	1
10108023	841	Response	255	32717920	1780241	1
10108023	842	Sound	16	32794646	329	1			260		other	0
10108023	842	Response	1	32798955	4638	1
10108023	843	Sound	20	32811645	323	1			260		other	0
10108023	843	Response	1	32814473	3152	1
10108023	844	Sound	21	32834644	315	1			260		other	0
10108023	844	Response	1	32837672	3343	1
10108023	845	Sound	21	32852843	342	1			260		other	0
10108023	845	Response	1	32855591	3090	1
10108023	846	Sound	12	32880841	332	1			260		other	0
10108023	847	Sound	11	32899240	392	1			260		other	0
10108023	848	Sound	20	32925438	416	1			260		other	0
10108023	848	Response	1	32927907	2885	1
10108023	849	Sound	15	32945437	409	1			260		other	0
10108023	849	Response	1	32947985	2957	1
10108023	850	Sound	19	32963236	369	1			260		other	0
10108023	850	Response	1	32965904	3037	1
10108023	851	Sound	21	32982435	396	1			260		other	0
10108023	851	Response	1	32982463	424	2
10108023	852	Sound	13	33002834	455	1			260		other	0
10108023	852	Response	1	33004782	2404	1
10108023	853	Sound	14	33019633	416	1			260		other	0
10108023	854	Sound	13	33035232	344	1			260		other	0
10108023	855	Sound	16	33051631	404	1			260		other	0
10108023	855	Response	1	33054539	3313	1
10108023	856	Sound	21	33068230	332	1			260		other	0
10108023	856	Response	1	33070298	2400	1
10108023	857	Sound	17	33084429	359	1			260		other	0
10108023	857	Response	1	33087097	3027	1
10108023	858	Sound	20	33107627	385	1			260		other	0
10108023	858	Response	1	33110056	2813	1
10108023	859	Sound	11	33126626	378	1			260		other	0
10108023	860	Sound	13	33144225	305	1			260		other	0
10108023	860	Response	1	33147653	3733	1
10108023	861	Sound	15	33171224	462	1			260		other	0
10108023	861	Response	1	33175812	5050	1
10108023	862	Sound	20	33187223	456	1			260		other	0
10108023	862	Response	1	33191330	4564	1
10108023	862	Response	1	33209249	22483	1
10108023	863	Sound	14	33213621	347	1			260		other	0
10108023	863	Response	1	33218209	4934	1
10108023	864	Sound	11	33239619	337	1			260		other	0
10108023	865	Sound	19	33263218	429	1			260		other	0
10108023	865	Response	1	33267326	4537	1
10108023	866	Sound	13	33280017	390	1			260		other	0
10108023	866	Response	1	33295324	15696	1
10108023	867	Sound	11	33300416	449	1			260		other	0
10108023	868	Sound	12	33324414	441	1			260		other	0
10108023	869	Sound	14	33349813	331	1			260		other	0
10108023	870	Sound	19	33377611	455	1			260		other	0
10108023	870	Response	1	33380279	3122	1
10108023	871	Sound	18	33405610	445	1			260		other	0
10108023	871	Response	1	33408677	3512	1
10108023	872	Sound	14	33428808	470	1			260		other	0
10108023	872	Response	1	33438595	10257	1
10108023	872	Response	1	33452114	23776	1
10108023	873	Sound	18	33454407	394	1			260		other	0
10108023	874	Sound	15	33472806	454	1			260		other	0
10108023	874	Response	1	33476193	3842	1
10108023	875	Sound	13	33488005	315	1			260		other	0
10108023	875	Response	1	33494912	7223	1
10108023	876	Sound	17	33509603	408	1			260		other	0
10108023	876	Response	1	33511951	2755	1
10108023	877	Sound	12	33530002	300	1			260		other	0
10108023	878	Sound	14	33558000	291	1			260		other	0
10108023	879	Sound	12	33575999	451	1			260		other	0
10108023	880	Sound	12	33596198	310	1			260		other	0
10108023	881	Sound	20	33618397	336	1			260		other	0
10108023	881	Response	1	33631863	13802	1
10108023	882	Sound	17	33634796	396	1			260		other	0
10108023	882	Response	1	33638023	3624	1
10108023	883	Sound	15	33661994	420	1			260		other	0
10108023	883	Response	1	33666421	4847	1
10108023	884	Sound	18	33680993	413	1			260		other	0
10108023	884	Response	1	33683220	2640	1
10108023	885	Sound	19	33700792	373	1			260		other	0
10108023	885	Response	1	33703779	3360	1
10108023	886	Sound	16	33725990	397	1			260		other	0
10108023	886	Response	1	33729297	3704	1
10108023	887	Sound	18	33748989	389	1			260		other	0
10108023	887	Response	1	33751856	3256	1
10108023	888	Sound	11	33765588	316	1			260		other	0
10108023	889	Sound	16	33789387	441	1			260		other	0
10108023	889	Response	1	33792653	3708	1
10108023	890	Sound	21	33808785	334	1			260		other	0
10108023	890	Response	1	33811212	2761	1
10108023	891	Sound	17	33826184	395	1			260		other	0
10108023	891	Response	1	33829611	3822	1
10108023	892	Sound	18	33842583	456	1			260		other	0
10108023	892	Response	1	33846010	3882	1
10108023	893	Sound	17	33857782	317	1			260		other	0
10108023	893	Response	1	33860809	3343	1
10108023	894	Sound	15	33881581	275	1			260		other	0
10108023	894	Response	1	33885527	4221	1
10108023	895	Sound	16	33900780	468	1			260		other	0
10108023	895	Response	1	33905846	5535	1
10108023	896	Sound	19	33921179	361	1			260		other	0
10108023	896	Response	1	33924165	3348	1
10108023	897	Response	255	34878506	941104	1
10108023	898	Sound	103	34944917	463	1			260		other	0
10108023	899	Sound	106	34963916	289	1			260		other	0
10108023	899	Response	1	34967461	3834	1
10108023	900	Sound	104	34989314	346	1			260		other	0
10108023	901	Sound	110	35011113	472	1			260		other	0
10108023	901	Response	1	35013538	2897	1
10108023	902	Sound	104	35038312	329	1			260		other	0
10108023	903	Sound	110	35060110	288	1			260		other	0
10108023	903	Response	1	35063135	3313	1
10108023	904	Sound	105	35077509	348	1			260		other	0
10108023	905	Sound	106	35097708	375	1			260		other	0
10108023	905	Response	1	35101373	4039	1
10108023	906	Sound	110	35123706	365	1			260		other	0
10108023	906	Response	1	35127131	3790	1
10108023	907	Sound	108	35141705	359	1			260		other	0
10108023	907	Response	1	35145290	3943	1
10108023	908	Sound	101	35160304	452	1			260		other	0
10108023	909	Sound	101	35186303	443	1			260		other	0
10108023	910	Sound	107	35207501	302	1			260		other	0
10108023	910	Response	1	35211206	4007	1
10108023	911	Sound	105	35225300	429	1			260		other	0
10108023	911	Response	1	35230005	5133	1
10108023	912	Sound	103	35249699	320	1			260		other	0
10108023	913	Sound	103	35276497	278	1			260		other	0
10108023	914	Sound	108	35297096	370	1			260		other	0
10108023	914	Response	1	35300560	3834	1
10108023	915	Sound	110	35319095	362	1			260		other	0
10108023	915	Response	1	35322159	3427	1
10108023	916	Sound	104	35335694	456	1			260		other	0
10108023	916	Response	1	35342318	7080	1
10108023	917	Sound	102	35359292	381	1			260		other	0
10108023	918	Sound	109	35381491	407	1			260		other	0
10108023	919	Sound	104	35403690	432	1			260		other	0
10108023	920	Sound	109	35430288	356	1			260		other	0
10108023	920	Response	1	35433192	3260	1
10108023	921	Sound	111	35451687	415	1			260		other	0
10108023	921	Response	1	35455030	3758	3
10108023	922	Sound	108	35471886	441	1			260		other	0
10108023	922	Response	1	35475110	3665	1
10108023	923	Sound	103	35489884	435	1			260		other	0
10108023	924	Sound	101	35512483	360	1			260		other	0
10108023	925	Sound	101	35535282	318	1			260		other	0
10108023	926	Sound	107	35553081	446	1			260		other	0
10108023	926	Response	1	35557665	5029	1
10108023	927	Sound	106	35577079	437	1			260		other	0
10108023	927	Response	1	35580863	4221	1
10108023	928	Sound	106	35593278	298	1			260		other	0
10108023	928	Response	1	35597662	4682	1
10108023	929	Sound	101	35613877	390	1			260		other	0
10108023	929	Response	1	35633020	19533	1
10108023	930	Sound	107	35636076	416	1			260		other	0
10108023	931	Sound	109	35654875	376	1			260		other	0
10108023	931	Response	1	35658778	4280	1
10108023	932	Sound	102	35673473	469	1			260		other	0
10108023	933	Sound	111	35700872	359	1			260		other	0
10108023	933	Response	1	35704056	3543	1
10108023	934	Sound	107	35723471	451	1			260		other	0
10108023	934	Response	1	35727814	4795	1
10108023	935	Sound	107	35746269	410	1			260		other	0
10108023	935	Response	1	35749013	3154	1
10108023	936	Sound	111	35769068	368	1			260		other	0
10108023	936	Response	1	35771732	3032	1
10108023	937	Sound	105	35787067	362	1			260		other	0
10108023	937	Response	1	35798610	11905	1
10108023	938	Sound	108	35804665	456	1			260		other	0
10108023	938	Response	1	35808449	4240	1
10108023	939	Sound	111	35833064	346	1			260		other	0
10108023	939	Response	1	35833064	346	48
10108023	940	Sound	111	35853663	438	1			260		other	0
10108023	940	Response	1	35856286	3062	1
10108023	941	Sound	104	35872862	465	1			260		other	0
10108023	942	Sound	102	35900460	388	1			260		other	0
10108023	943	Sound	108	35925258	347	1			260		other	0
10108023	943	Response	1	35929002	4090	1
10108023	944	Sound	105	35953257	336	1			260		other	0
10108023	944	Response	1	35957000	4079	1
10108023	945	Sound	103	35977455	361	1			260		other	0
10108023	946	Sound	106	35994854	421	1			260		other	0
10108023	946	Response	1	35999797	5364	1
10108023	947	Sound	110	36013453	348	1			260		other	0
10108023	948	Sound	109	36039252	305	1			260		other	0
10108023	948	Response	1	36042835	3889	1
10108023	949	Sound	105	36064450	330	1			260		other	0
10108023	949	Response	1	36084992	20872	1
10108023	950	Sound	102	36088249	288	1			260		other	0
10108023	951	Sound	102	36111247	280	1			260		other	0
10108023	952	Sound	109	36134846	371	1			260		other	0
10108023	952	Response	1	36138909	4434	1
10108023	953	Response	255	36874464	718236	1
10108023	954	Sound	105	36951997	280	1			260		other	0
10108023	954	Response	1	36955258	3541	1
10108023	955	Sound	111	36970996	440	1			260		other	0
10108023	955	Response	1	36974057	3501	1
10108023	956	Sound	109	36991994	432	1			260		other	0
10108023	956	Response	1	36994776	3214	1
10108023	957	Sound	110	37013193	458	1			260		other	0
10108023	957	Response	1	37015575	2840	1
10108023	958	Sound	105	37037392	316	1			260		other	0
10108023	958	Response	1	37041733	4657	1
10108023	959	Sound	104	37053791	377	1			260		other	0
10108023	959	Response	1	37058612	5198	1
10108023	960	Sound	108	37080989	400	1			260		other	0
10108023	960	Response	1	37084131	3542	1
10108023	961	Sound	107	37109987	390	1			260		other	0
10108023	961	Response	1	37112769	3172	1
10108023	962	Sound	106	37133786	348	1			260		other	0
10108023	962	Response	1	37136528	3090	1
10108023	963	Sound	107	37154185	407	1			260		other	0
10108023	963	Response	1	37157086	3309	1
10108023	964	Sound	105	37170384	268	1			260		other	0
10108023	964	Response	1	37173725	3610	1
10108023	965	Sound	101	37194982	359	1			260		other	0
10108023	966	Sound	107	37216581	452	1			260		other	0
10108023	966	Response	1	37219802	3673	1
10108023	967	Sound	104	37245579	442	1			260		other	0
10108023	967	Response	1	37249240	4103	1
10108023	968	Sound	105	37264178	368	1			260		other	0
10108023	968	Response	1	37267879	4069	1
10108023	969	Sound	102	37292776	458	1			260		other	0
10108023	970	Sound	102	37316775	449	1			260		other	0
10108023	971	Sound	103	37339173	341	1			260		other	0
10108023	972	Sound	102	37360372	367	1			260		other	0
10108023	973	Sound	106	37386571	391	1			260		other	0
10108023	973	Response	1	37391072	4892	1
10108023	974	Sound	110	37402970	452	1			260		other	0
10108023	974	Response	1	37406109	3591	3
10108023	975	Sound	109	37419569	379	1			260		other	0
10108023	975	Response	1	37422510	3320	1
10108023	976	Sound	106	37436968	441	1			260		other	0
10108023	976	Response	1	37440429	3902	1
10108023	977	Sound	110	37460966	265	1			260		other	0
10108023	977	Response	1	37463307	2606	1
10108023	978	Sound	103	37477365	326	1			260		other	0
10108023	979	Sound	101	37494164	453	1			260		other	0
10108023	980	Sound	108	37516563	345	1			260		other	0
10108023	980	Response	1	37519944	3726	1
10108023	981	Sound	101	37537162	438	1			260		other	0
10108023	982	Sound	104	37556761	364	1			260		other	0
10108023	982	Response	1	37562261	5865	1
10108023	983	Sound	101	37582559	321	1			260		other	0
10108023	984	Sound	110	37600358	282	1			260		other	0
10108023	984	Response	1	37603619	3543	1
10108023	985	Sound	111	37616557	309	1			260		other	0
10108023	985	Response	1	37619937	3690	1
10108023	986	Sound	108	37634956	369	1			260		other	0
10108023	986	Response	1	37638496	3910	1
10108023	987	Sound	108	37659954	360	1			260		other	0
10108023	987	Response	1	37663215	3621	1
10108023	988	Sound	107	37683353	419	1			260		other	0
10108023	988	Response	1	37686334	3399	1
10108023	989	Sound	104	37708551	443	1			260		other	0
10108023	989	Response	1	37713692	5584	1
10108023	990	Sound	106	37734550	434	1			260		other	0
10108023	990	Response	1	37737450	3334	1
10108023	991	Sound	109	37756748	459	1			260		other	0
10108023	991	Response	1	37759369	3080	1
10108023	992	Sound	105	37784147	349	1			260		other	0
10108023	992	Response	1	37788167	4370	1
10108023	993	Sound	103	37806345	375	1			260		other	0
10108023	994	Sound	111	37829544	400	1			260		other	0
10108023	994	Response	1	37832964	3820	1
10108023	995	Sound	103	37849343	359	1			260		other	0
10108023	996	Sound	109	37869942	452	1			260		other	0
10108023	996	Response	1	37873122	3632	1
10108023	997	Sound	109	37892140	311	1			260		other	0
10108023	997	Response	1	37895441	3611	1
10108023	998	Sound	110	37912139	304	1			260		other	0
10108023	998	Response	1	37915519	3684	1
10108023	999	Sound	103	37933338	330	1			260		other	0
10108023	1000	Sound	101	37952137	456	1			260		other	0
10108023	1001	Sound	111	37973335	315	1			260		other	0
10108023	1002	Sound	102	37991134	275	1			260		other	0
10108023	1003	Sound	102	38017933	400	1			260		other	0
10108023	1004	Sound	104	38040331	458	1			260		other	0
10108023	1005	Sound	108	38067930	382	1			260		other	0
10108023	1005	Response	1	38072550	5002	1
10108023	1006	Sound	111	38084529	476	1			260		other	0
10108023	1006	Response	1	38087429	3376	1
10108023	1007	Sound	106	38113327	265	1			260		other	0
10108023	1007	Response	1	38116947	3885	1
10108023	1008	Sound	107	38129526	293	1			260		other	0
10108023	1008	Response	1	38133506	4273	1

The following output port codes were not sent because of a conflict on the port.
Port	Code	Time(ms)
1	1	3.29825e+06
1	1	3.58331e+06
