Scenario - 
Logfile written - 02/01/2019 16:59:21

Subject	Trial	Event Type	Code	Time	TTime	Uncertainty	Duration	Uncertainty	ReqTime	ReqDur	Stim Type	Pair Index

10108019	1	Response	255	50434	50101	1
10108019	2	Sound	109	116810	356	1			260		other	0
10108019	2	Response	1	119469	3015	1
10108019	3	Sound	108	138409	281	1			260		other	0
10108019	3	Response	1	141948	3821	1
10108019	4	Sound	106	160407	273	1			260		other	0
10108019	4	Response	1	164507	4373	1
10108019	5	Sound	102	179406	267	1			260		other	0
10108019	6	Sound	110	200605	293	1			260		other	0
10108019	6	Response	1	203144	2832	1
10108019	7	Sound	105	227603	284	1			260		other	0
10108019	7	Response	1	232423	5103	1
10108019	8	Sound	110	255601	440	1			260		other	0
10108019	8	Response	1	257941	2779	1
10108019	9	Sound	103	275000	333	1			260		other	0
10108019	10	Sound	110	299799	459	1			260		other	0
10108019	10	Response	1	302578	3238	1
10108019	11	Sound	110	319798	450	1			260		other	0
10108019	11	Response	1	323057	3709	1
10108019	12	Sound	107	342996	475	1			260		other	0
10108019	12	Response	1	347295	4774	1
10108019	13	Sound	111	363395	368	1			260		other	0
10108019	13	Response	1	366574	3547	1
10108019	14	Sound	105	385394	361	1			260		other	0
10108019	14	Response	1	390173	5140	1
10108019	15	Sound	106	412192	318	1			260		other	0
10108019	15	Response	1	415691	3816	1
10108019	16	Sound	108	439190	308	1			260		other	0
10108019	16	Response	1	441930	3047	1
10108019	17	Sound	102	466589	366	1			260		other	0
10108019	18	Sound	111	487988	425	1			260		other	0
10108019	18	Response	1	490646	3084	1
10108019	19	Sound	104	511186	282	1			260		other	0
10108019	19	Response	1	515765	4861	1
10108019	20	Sound	106	538584	339	1			260		other	0
10108019	20	Response	1	540884	2638	1
10108019	21	Sound	108	559383	465	1			260		other	0
10108019	21	Response	1	562242	3324	1
10108019	22	Sound	107	577182	425	1			260		other	0
10108019	22	Response	1	580801	4044	1
10108019	23	Sound	102	602981	383	1			260		other	0
10108019	24	Sound	104	619979	377	1			260		other	0
10108019	24	Response	1	625838	6236	1
10108019	25	Sound	104	648578	300	1			260		other	0
10108019	25	Response	1	654876	6599	1
10108019	26	Sound	105	666577	460	1			260		other	0
10108019	26	Response	1	670156	4039	1
10108019	27	Sound	101	691575	284	1			260		other	0
10108019	28	Sound	111	714174	376	1			260		other	0
10108019	28	Response	1	716953	3155	1
10108019	29	Sound	101	734573	269	1			260		other	0
10108019	30	Sound	105	757771	294	1			260		other	0
10108019	30	Response	1	761670	4193	1
10108019	31	Sound	109	781770	453	1			260		other	0
10108019	31	Response	1	784628	3312	1
10108019	32	Sound	105	798569	413	1			260		other	0
10108019	32	Response	1	803027	4872	1
10108019	32	Response	1	821746	23591	1
10108019	33	Sound	107	825767	438	1			260		other	0
10108019	34	Sound	104	846566	396	1			260		other	0
10108019	34	Response	1	852144	5975	1
10108019	35	Sound	108	865965	289	1			260		other	0
10108019	35	Response	1	871103	5428	1
10108019	36	Sound	103	882764	416	1			260		other	0
10108019	37	Sound	101	911362	340	1			260		other	0
10108019	38	Sound	106	928561	367	1			260		other	0
10108019	38	Response	1	932059	3865	1
10108019	39	Sound	107	954559	358	1			260		other	0
10108019	39	Response	1	958698	4496	1
10108019	40	Sound	110	981758	382	1			260		other	0
10108019	40	Response	1	984696	3320	1
10108019	41	Sound	103	1001957	407	1			260		other	0
10108019	42	Sound	109	1018556	335	1			260		other	0
10108019	42	Response	1	1021174	2953	1
10108019	43	Sound	111	1046154	425	1			260		other	0
10108019	43	Response	1	1048772	3043	1
10108019	44	Sound	102	1071952	383	1			260		other	0
10108019	45	Sound	101	1098351	440	1			260		other	0
10108019	46	Sound	103	1122349	431	1			260		other	0
10108019	47	Sound	102	1149548	288	1			260		other	0
10108019	48	Sound	109	1166547	449	1			260		other	0
10108019	48	Response	1	1169725	3628	1
10108019	49	Sound	103	1193545	439	1			260		other	0
10108019	50	Sound	104	1210344	400	1			260		other	0
10108019	51	Sound	109	1232343	392	1			260		other	0
10108019	51	Response	1	1235481	3530	1
10108019	52	Sound	107	1252341	385	1			260		other	0
10108019	52	Response	1	1260199	8243	1
10108019	53	Sound	108	1274540	411	1			260		other	0
10108019	53	Response	1	1280038	5908	1
10108019	54	Sound	111	1302138	334	1			260		other	0
10108019	54	Response	1	1305396	3591	2
10108019	55	Sound	106	1319937	461	1			260		other	0
10108019	56	Sound	101	1347736	418	1			260		other	0
10108019	57	Response	255	1416830	41590	1
10108019	58	Sound	111	1493327	299	1			260		other	0
10108019	58	Response	1	1496985	3957	1
10108019	59	Sound	109	1520925	390	1			260		other	0
10108019	59	Response	1	1524903	4367	1
10108019	60	Sound	101	1540324	283	1			260		other	0
10108019	61	Sound	105	1558923	376	1			260		other	0
10108019	61	Response	1	1562740	4193	1
10108019	62	Sound	108	1581522	301	1			260		other	0
10108019	62	Response	1	1585219	3999	1
10108019	63	Sound	108	1603920	360	1			260		other	0
10108019	63	Response	1	1607698	4137	1
10108019	64	Sound	106	1620519	287	1			260		other	0
10108019	64	Response	1	1624097	3865	1
10108019	65	Sound	109	1646318	411	1			260		other	0
10108019	65	Response	1	1648975	3069	1
10108019	66	Sound	102	1663117	372	1			260		other	0
10108019	67	Sound	109	1679716	466	1			260		other	0
10108019	67	Response	1	1683533	4284	1
10108019	68	Sound	106	1704114	358	1			260		other	0
10108019	68	Response	1	1708172	4415	1
10108019	69	Sound	103	1725713	283	1			260		other	0
10108019	70	Sound	104	1743712	444	1			260		other	0
10108019	70	Response	1	1748409	5141	1
10108019	71	Sound	111	1771110	334	1			260		other	0
10108019	71	Response	1	1773767	2991	1
10108019	72	Sound	105	1788709	427	1			260		other	0
10108019	73	Sound	110	1813708	419	1			260		other	0
10108019	73	Response	1	1816965	3676	1
10108019	74	Sound	103	1831507	380	1			260		other	0
10108019	75	Sound	107	1854105	472	1			260		other	0
10108019	75	Response	1	1856722	3089	1
10108019	76	Sound	104	1878104	296	1			260		other	0
10108019	76	Response	1	1882721	4913	1
10108019	77	Sound	102	1894503	356	1			260		other	0
10108019	78	Sound	101	1914901	416	1			260		other	0
10108019	79	Sound	104	1941100	273	1			260		other	0
10108019	80	Sound	111	1964498	332	1			260		other	0
10108019	80	Response	1	1967035	2869	1
10108019	81	Sound	110	1981098	426	1			260		other	0
10108019	81	Response	1	1984955	4283	1
10108019	82	Sound	107	2009296	449	1			260		other	0
10108019	82	Response	1	2012073	3226	1
10108019	83	Sound	109	2035294	440	1			260		other	0
10108019	83	Response	1	2038471	3617	1
10108019	84	Sound	106	2064292	429	1			260		other	0
10108019	84	Response	1	2067989	4126	1
10108019	85	Sound	101	2089891	354	1			260		other	0
10108019	86	Sound	110	2118489	277	1			260		other	0
10108019	86	Response	1	2121266	3053	1
10108019	87	Sound	110	2143288	401	1			260		other	0
10108019	87	Response	1	2146144	3258	3
10108019	88	Sound	102	2170086	359	1			260		other	0
10108019	89	Sound	111	2196285	383	1			260		other	0
10108019	89	Response	1	2198621	2719	1
10108019	90	Sound	103	2214883	309	1			260		other	0
10108019	91	Sound	108	2241482	400	1			260		other	0
10108019	91	Response	1	2244938	3857	1
10108019	92	Sound	104	2260081	326	1			260		other	0
10108019	93	Sound	105	2276880	454	1			260		other	0
10108019	94	Sound	107	2299878	279	1			260		other	0
10108019	94	Response	1	2304535	4935	1
10108019	95	Sound	110	2320277	339	1			260		other	0
10108019	95	Response	1	2323974	4035	1
10108019	96	Sound	102	2336076	299	1			260		other	0
10108019	97	Sound	109	2364274	323	1			260		other	0
10108019	97	Response	1	2366771	2819	1
10108019	98	Sound	108	2389673	380	1			260		other	0
10108019	98	Response	1	2393249	3957	1
10108019	99	Sound	106	2417071	437	1			260		other	0
10108019	99	Response	1	2421008	4374	1
10108019	100	Sound	103	2434670	364	1			260		other	0
10108019	101	Sound	108	2462869	388	1			260		other	0
10108019	101	Response	1	2467085	4604	2
10108019	102	Sound	105	2483467	313	1			260		other	0
10108019	102	Response	1	2487804	4650	1
10108019	103	Sound	102	2511266	437	1			260		other	0
10108019	104	Sound	101	2538464	461	1			260		other	0
10108019	105	Sound	104	2563262	418	1			260		other	0
10108019	105	Response	1	2569078	6235	1
10108019	106	Sound	107	2580261	412	1			260		other	0
10108019	106	Response	1	2585877	6028	1
10108019	107	Sound	105	2598660	306	1			260		other	0
10108019	108	Sound	103	2627459	429	1			260		other	0
10108019	109	Sound	106	2655257	386	1			260		other	0
10108019	109	Response	1	2659313	4442	1
10108019	110	Sound	101	2680055	344	1			260		other	0
10108019	111	Sound	107	2701054	336	1			260		other	0
10108019	111	Response	1	2705630	4912	1
10108019	112	Sound	111	2722253	362	1			260		other	0
10108019	112	Response	1	2725949	4058	1
10108019	113	Response	255	2986973	247997	1
10108019	114	Sound	12	3062632	307	1			260		other	0
10108019	115	Sound	18	3084431	433	1			260		other	0
10108019	115	Response	1	3097046	13048	1
10108019	116	Sound	19	3111029	357	1			260		other	0
10108019	116	Response	1	3114325	3652	1
10108019	117	Sound	11	3134628	448	1			260		other	0
10108019	118	Sound	18	3154027	342	1			260		other	0
10108019	118	Response	1	3156482	2797	1
10108019	119	Sound	16	3180825	465	1			260		other	0
10108019	119	Response	1	3184401	4041	1
10108019	120	Sound	14	3204824	457	1			260		other	0
10108019	120	Response	1	3209119	4752	1
10108019	121	Sound	12	3223623	417	1			260		other	0
10108019	122	Sound	12	3239622	411	1			260		other	0
10108019	123	Sound	11	3259420	371	1			260		other	0
10108019	124	Sound	16	3282419	362	1			260		other	0
10108019	124	Response	1	3286634	4578	1
10108019	125	Sound	16	3308018	287	1			260		other	0
10108019	125	Response	1	3312393	4662	1
10108019	126	Sound	15	3334616	377	1			260		other	0
10108019	126	Response	1	3339111	4873	1
10108019	127	Sound	11	3354015	270	1			260		other	0
10108019	128	Sound	13	3376213	462	1			260		other	0
10108019	129	Sound	15	3402412	320	1			260		other	0
10108019	129	Response	1	3405667	3575	1
10108019	130	Sound	14	3424211	446	1			260		other	0
10108019	131	Sound	15	3443809	372	1			260		other	0
10108019	131	Response	1	3448304	4867	1
10108019	132	Sound	12	3462408	298	1			260		other	0
10108019	133	Sound	20	3479407	292	1			260		other	0
10108019	133	Response	1	3482622	3507	1
10108019	134	Sound	17	3506006	383	1			260		other	0
10108019	135	Sound	11	3528604	475	1			260		other	0
10108019	136	Sound	13	3553603	466	1			260		other	0
10108019	137	Sound	16	3571602	460	1			260		other	0
10108019	137	Response	1	3575176	4034	2
10108019	138	Sound	20	3588801	320	1			260		other	0
10108019	138	Response	1	3592216	3735	1
10108019	139	Sound	19	3607199	380	1			260		other	0
10108019	139	Response	1	3610614	3795	1
10108019	140	Sound	18	3635598	437	1			260		other	0
10108019	140	Response	1	3638533	3372	1
10108019	141	Sound	13	3654197	364	1			260		other	0
10108019	142	Sound	15	3679595	421	1			260		other	0
10108019	143	Sound	21	3701194	347	1			260		other	0
10108019	143	Response	1	3703649	2802	1
10108019	144	Sound	17	3721193	340	1			260		other	0
10108019	144	Response	1	3726847	5994	1
10108019	145	Sound	14	3740592	400	1			260		other	0
10108019	145	Response	1	3745806	5614	1
10108019	146	Sound	17	3760790	426	1			260		other	0
10108019	146	Response	1	3763725	3360	1
10108019	147	Sound	20	3788989	282	1			260		other	0
10108019	147	Response	1	3792123	3417	1
10108019	148	Sound	17	3814987	440	1			260		other	0
10108019	148	Response	1	3815082	534	1
10108019	149	Sound	13	3842385	330	1			260		other	0
10108019	150	Sound	17	3858784	391	1			260		other	0
10108019	150	Response	1	3861799	3405	1
10108019	151	Sound	21	3874183	452	1			260		other	0
10108019	151	Response	1	3877958	4226	1
10108019	152	Sound	18	3902182	275	1			260		other	0
10108019	152	Response	1	3906116	4210	1
10108019	153	Sound	21	3927180	433	1			260		other	0
10108019	153	Response	1	3929955	3208	1
10108019	154	Sound	14	3949379	292	1			260		other	0
10108019	154	Response	1	3953953	4866	1
10108019	155	Sound	20	3973977	383	1			260		other	0
10108019	155	Response	1	3977152	3558	1
10108019	156	Sound	16	4000976	373	1			260		other	0
10108019	156	Response	1	4004270	3668	1
10108019	157	Sound	21	4020575	467	1			260		other	0
10108019	157	Response	1	4023469	3361	1
10108019	157	Response	1	4042668	22560	1
10108019	158	Sound	15	4048573	457	1			260		other	0
10108019	159	Sound	19	4064772	317	1			260		other	0
10108019	159	Response	1	4068266	3812	1
10108019	160	Sound	14	4093170	374	1			260		other	0
10108019	160	Response	1	4097064	4268	1
10108019	161	Sound	18	4117969	332	1			260		other	0
10108019	161	Response	1	4121063	3426	1
10108019	162	Sound	19	4137768	458	1			260		other	0
10108019	162	Response	1	4140502	3192	1
10108019	163	Sound	12	4164366	382	1			260		other	0
10108019	164	Sound	11	4191364	372	1			260		other	0
10108019	165	Sound	13	4208163	333	1			260		other	0
10108019	166	Sound	20	4225962	460	1			260		other	0
10108019	166	Response	1	4228976	3474	1
10108019	167	Sound	21	4246961	453	1			260		other	0
10108019	167	Response	1	4249535	3027	1
10108019	168	Sound	19	4264960	279	1			260		other	0
10108019	168	Response	1	4268574	3893	1
10108019	169	Response	255	4336250	49483	1
10108019	170	Sound	19	4403952	397	1			260		other	0
10108019	170	Response	1	4408565	5011	1
10108019	171	Sound	16	4427350	288	1			260		other	0
10108019	171	Response	1	4431044	3982	1
10108019	172	Sound	15	4448149	414	1			260		other	0
10108019	173	Sound	11	4472547	306	1			260		other	0
10108019	173	Response	1	4485201	12959	1
10108019	174	Sound	18	4495146	398	1			260		other	0
10108019	174	Response	1	4498800	4051	1
10108019	175	Sound	14	4512945	358	1			260		other	0
10108019	175	Response	1	4517358	4771	1
10108019	176	Sound	16	4530344	418	1			260		other	0
10108019	176	Response	1	4534157	4232	1
10108019	177	Sound	14	4558742	475	1			260		other	0
10108019	178	Sound	15	4580541	434	1			260		other	0
10108019	179	Sound	11	4604139	359	1			260		other	0
10108019	180	Sound	13	4627538	417	1			260		other	0
10108019	181	Sound	12	4655336	374	1			260		other	0
10108019	182	Sound	13	4679935	298	1			260		other	0
10108019	183	Sound	17	4704333	356	1			260		other	0
10108019	183	Response	1	4708067	4090	1
10108019	184	Sound	16	4720732	417	1			260		other	0
10108019	184	Response	1	4724226	3911	1
10108019	185	Sound	18	4746931	441	1			260		other	0
10108019	185	Response	1	4750224	3735	1
10108019	186	Sound	18	4769929	433	1			260		other	0
10108019	186	Response	1	4773103	3607	1
10108019	187	Sound	13	4792328	325	1			260		other	0
10108019	188	Sound	17	4815527	350	1			260		other	0
10108019	188	Response	1	4819260	4084	1
10108019	189	Sound	16	4830726	378	1			260		other	0
10108019	189	Response	1	4836299	5951	1
10108019	190	Sound	17	4851125	438	1			260		other	0
10108019	190	Response	1	4854858	4171	1
10108019	191	Sound	21	4871123	430	1			260		other	0
10108019	191	Response	1	4874056	3364	1
10108019	192	Sound	19	4897122	421	1			260		other	0
10108019	192	Response	1	4899655	2954	1
10108019	193	Sound	11	4915521	315	1			260		other	0
10108019	194	Sound	15	4936519	474	1			260		other	0
10108019	195	Sound	19	4953118	401	1			260		other	0
10108019	195	Response	1	4956212	3494	1
10108019	196	Sound	12	4975517	460	1			260		other	0
10108019	197	Sound	19	4996316	419	1			260		other	0
10108019	197	Response	1	4999249	3352	1
10108019	198	Sound	12	5015515	279	1			260		other	0
10108019	199	Sound	13	5035513	439	1			260		other	0
10108019	200	Sound	21	5055912	332	1			260		other	0
10108019	200	Response	1	5058605	3025	1
10108019	201	Sound	20	5081511	422	1			260		other	0
10108019	201	Response	1	5085724	4635	1
10108019	202	Sound	12	5108109	346	1			260		other	0
10108019	203	Sound	20	5127708	273	1			260		other	0
10108019	203	Response	1	5130521	3085	1
10108019	204	Sound	15	5143707	433	1			260		other	0
10108019	205	Sound	14	5164906	459	1			260		other	0
10108019	206	Sound	11	5189104	317	1			260		other	0
10108019	207	Sound	15	5210703	410	1			260		other	0
10108019	207	Response	1	5216595	6302	1
10108019	208	Sound	18	5236901	434	1			260		other	0
10108019	208	Response	1	5240354	3886	1
10108019	209	Sound	21	5258500	359	1			260		other	0
10108019	209	Response	1	5261393	3252	1
10108019	210	Sound	17	5283099	284	1			260		other	0
10108019	210	Response	1	5288031	5216	1
10108019	210	Response	1	5307870	25055	1
10108019	211	Sound	20	5309897	408	1			260		other	0
10108019	212	Sound	14	5327496	335	1			260		other	0
10108019	213	Sound	12	5345895	395	1			260		other	0
10108019	214	Sound	19	5368093	420	1			260		other	0
10108019	214	Response	1	5371466	3793	1
10108019	215	Sound	13	5388292	446	1			260		other	0
10108019	216	Sound	14	5414291	270	1			260		other	0
10108019	217	Sound	16	5431290	431	1			260		other	0
10108019	217	Response	1	5435222	4364	1
10108019	217	Response	1	5437622	6764	1
10108019	218	Sound	18	5458288	421	1			260		other	0
10108019	218	Response	1	5462340	4474	1
10108019	219	Sound	21	5484686	312	1			260		other	0
10108019	219	Response	1	5486979	2604	1
10108019	220	Sound	21	5505285	405	1			260		other	0
10108019	220	Response	1	5507938	3057	1
10108019	221	Sound	20	5520484	266	1			260		other	0
10108019	221	Response	1	5525696	5478	1
10108019	222	Sound	17	5542683	458	1			260		other	0
10108019	222	Response	1	5546895	4670	1
10108019	223	Sound	20	5563082	351	1			260		other	0
10108019	223	Response	1	5566093	3362	2
10108019	224	Sound	11	5582080	344	1			260		other	0
10108019	225	Response	255	5635530	31540	1
10108019	226	Sound	12	5703473	368	1			260		other	0
10108019	227	Sound	14	5726072	460	1			260		other	0
10108019	228	Sound	12	5749470	351	1			260		other	0
10108019	229	Sound	12	5765070	446	1			260		other	0
10108019	230	Sound	21	5780469	340	1			260		other	0
10108019	230	Response	1	5783201	3072	1
10108019	231	Sound	21	5803467	332	1			260		other	0
10108019	231	Response	1	5805919	2784	1
10108019	232	Sound	12	5828266	290	1			260		other	0
10108019	233	Sound	13	5847265	283	1			260		other	0
10108019	233	Response	1	5847837	855	1
10108019	233	Response	1	5870155	23174	1
10108019	234	Sound	11	5874863	373	1			260		other	0
10108019	235	Sound	21	5900861	364	1			260		other	0
10108019	235	Response	1	5904233	3736	1
10108019	236	Sound	17	5921460	290	1			260		other	0
10108019	237	Sound	14	5948258	414	1			260		other	0
10108019	237	Response	1	5954870	7025	1
10108019	238	Sound	17	5963657	308	1			260		other	0
10108019	238	Response	1	5970389	7040	1
10108019	239	Sound	19	5981256	402	1			260		other	0
10108019	239	Response	1	5984868	4014	1
10108019	240	Sound	17	5997655	463	1			260		other	0
10108019	240	Response	1	6002547	5354	1
10108019	241	Sound	19	6013054	357	1			260		other	0
10108019	241	Response	1	6016466	3769	1
10108019	242	Sound	17	6032253	384	1			260		other	0
10108019	242	Response	1	6037505	5636	1
10108019	243	Sound	21	6054252	376	1			260		other	0
10108019	243	Response	1	6057984	4108	1
10108019	244	Sound	13	6074651	435	1			260		other	0
10108019	245	Sound	15	6095849	295	1			260		other	0
10108019	246	Sound	16	6116848	454	1			260		other	0
10108019	246	Response	1	6121820	5425	2
10108019	247	Sound	20	6136447	380	1			260		other	0
10108019	247	Response	1	6140378	4312	1
10108019	248	Sound	21	6155646	407	1			260		other	0
10108019	248	Response	1	6158457	3218	1
10108019	249	Sound	13	6176845	432	1			260		other	0
10108019	250	Sound	15	6204443	356	1			260		other	0
10108019	251	Sound	20	6226042	448	1			260		other	0
10108019	251	Response	1	6228853	3260	1
10108019	252	Sound	19	6241841	409	1			260		other	0
10108019	252	Response	1	6246532	5101	1
10108019	253	Sound	20	6269839	399	1			260		other	0
10108019	253	Response	1	6273410	3971	1
10108019	254	Sound	18	6292238	458	1			260		other	0
10108019	254	Response	1	6296130	4350	1
10108019	255	Sound	18	6307837	386	1			260		other	0
10108019	255	Response	1	6313568	6117	1
10108019	256	Sound	11	6329435	311	1			260		other	0
10108019	257	Sound	16	6346234	439	1			260		other	0
10108019	257	Response	1	6350286	4490	1
10108019	258	Sound	11	6374233	429	1			260		other	0
10108019	259	Sound	13	6396631	321	1			260		other	0
10108019	260	Sound	18	6424430	278	1			260		other	0
10108019	260	Response	1	6427401	3249	1
10108019	261	Sound	16	6443829	337	1			260		other	0
10108019	261	Response	1	6448119	4628	1
10108019	262	Sound	11	6462627	297	1			260		other	0
10108019	263	Sound	20	6481826	324	1			260		other	0
10108019	263	Response	1	6487237	5735	1
10108019	264	Sound	16	6506225	382	1			260		other	0
10108019	264	Response	1	6512596	6753	1
10108019	265	Sound	20	6524224	375	1			260		other	0
10108019	265	Response	1	6529155	5306	1
10108019	266	Sound	16	6545422	401	1			260		other	0
10108019	266	Response	1	6551873	6852	1
10108019	267	Sound	11	6565021	328	1			260		other	0
10108019	268	Sound	15	6584420	387	1			260		other	0
10108019	268	Response	1	6588831	4798	1
10108019	269	Sound	15	6601819	281	1			260		other	0
10108019	270	Sound	19	6629617	405	1			260		other	0
10108019	270	Response	1	6632748	3536	1
10108019	271	Sound	14	6647016	298	1			260		other	0
10108019	271	Response	1	6656347	9629	1
10108019	272	Sound	12	6665015	292	1			260		other	0
10108019	273	Sound	18	6692613	382	1			260		other	0
10108019	273	Response	1	6697144	4913	1
10108019	274	Sound	14	6715412	341	1			260		other	0
10108019	274	Response	1	6727062	11991	1
10108019	275	Sound	15	6739211	299	1			260		other	0
10108019	275	Response	1	6744101	5190	1
10108019	276	Sound	18	6766209	456	1			260		other	0
10108019	276	Response	1	6770100	4347	1
10108019	277	Sound	17	6785608	349	1			260		other	0
10108019	277	Response	1	6789139	3880	1
10108019	278	Sound	13	6801207	277	1			260		other	0
10108019	278	Response	1	6811857	10927	2
10108019	279	Sound	19	6823406	302	1			260		other	0
10108019	279	Response	1	6827136	4033	1
10108019	280	Sound	14	6848604	327	1			260		other	0
10108019	280	Response	1	6850255	1977	1
10108019	281	Response	255	6991366	118001	1
10108019	282	Sound	108	7061191	351	1			260		other	0
10108019	282	Response	1	7064162	3321	1
10108019	283	Sound	108	7080190	344	1			260		other	0
10108019	283	Response	1	7083361	3515	1
10108019	284	Sound	103	7102189	336	1			260		other	0
10108019	285	Sound	105	7119388	364	1			260		other	0
10108019	286	Sound	111	7141786	422	1			260		other	0
10108019	286	Response	1	7144955	3591	3
10108019	287	Sound	101	7160585	382	1			260		other	0
10108019	288	Sound	106	7177784	409	1			260		other	0
10108019	288	Response	1	7183594	6219	1
10108019	289	Sound	103	7196383	336	1			260		other	0
10108019	290	Sound	101	7224381	326	1			260		other	0
10108019	291	Sound	111	7245380	319	1			260		other	0
10108019	291	Response	1	7248310	3249	1
10108019	292	Sound	105	7272178	442	1			260		other	0
10108019	292	Response	1	7277989	6253	1
10108019	293	Sound	107	7294377	468	1			260		other	0
10108019	293	Response	1	7297187	3278	1
10108019	294	Sound	109	7313176	261	1			260		other	0
10108019	294	Response	1	7315586	2671	1
10108019	295	Sound	108	7339174	419	1			260		other	0
10108019	295	Response	1	7341984	3229	2
10108019	296	Sound	102	7364373	276	1			260		other	0
10108019	297	Sound	107	7382172	403	1			260		other	0
10108019	297	Response	1	7386382	4613	1
10108019	298	Sound	106	7400571	464	1			260		other	0
10108019	299	Sound	111	7422569	289	1			260		other	0
10108019	299	Response	1	7425019	2739	1
10108019	300	Sound	105	7449568	279	1			260		other	0
10108019	300	Response	1	7453658	4369	1
10108019	301	Sound	102	7477966	336	1			260		other	0
10108019	302	Sound	109	7496365	396	1			260		other	0
10108019	302	Response	1	7499255	3286	1
10108019	303	Sound	103	7519964	321	1			260		other	0
10108019	304	Sound	110	7548162	344	1			260		other	0
10108019	304	Response	1	7551892	4074	1
10108019	305	Sound	104	7573760	435	1			260		other	0
10108019	306	Sound	111	7602159	325	1			260		other	0
10108019	306	Response	1	7604528	2695	1
10108019	307	Sound	107	7625957	283	1			260		other	0
10108019	307	Response	1	7629007	3333	1
10108019	308	Sound	103	7644556	376	1			260		other	0
10108019	309	Sound	110	7661155	304	1			260		other	0
10108019	309	Response	1	7664205	3354	1
10108019	310	Sound	110	7681154	297	1			260		other	0
10108019	310	Response	1	7685403	4546	1
10108019	311	Sound	104	7706352	321	1			260		other	0
10108019	311	Response	1	7711802	5771	1
10108019	312	Sound	108	7722151	282	1			260		other	0
10108019	312	Response	1	7726681	4812	1
10108019	313	Sound	107	7742150	442	1			260		other	0
10108019	314	Sound	111	7768349	299	1			260		other	0
10108019	314	Response	1	7770598	2549	1
10108019	315	Sound	108	7795947	389	1			260		other	0
10108019	315	Response	1	7799156	3599	1
10108019	316	Sound	102	7817546	315	1			260		other	0
10108019	317	Sound	104	7839944	374	1			260		other	0
10108019	318	Sound	110	7866543	464	1			260		other	0
10108019	318	Response	1	7869712	3634	1
10108019	319	Sound	103	7889741	323	1			260		other	0
10108019	320	Sound	102	7907540	283	1			260		other	0
10108019	321	Sound	104	7932139	374	1			260		other	0
10108019	322	Sound	101	7952738	467	1			260		other	0
10108019	322	Response	1	7956667	4396	1
10108019	323	Sound	102	7976336	392	1			260		other	0
10108019	324	Sound	110	7999535	417	1			260		other	0
10108019	324	Response	1	8002984	3867	1
10108019	325	Sound	109	8023133	342	1			260		other	0
10108019	326	Sound	104	8043732	434	1			260		other	0
10108019	327	Sound	107	8069931	459	1			260		other	0
10108019	327	Response	1	8073780	4308	1
10108019	328	Sound	106	8094729	416	1			260		other	0
10108019	328	Response	1	8099778	5465	1
10108019	329	Sound	101	8110928	277	1			260		other	0
10108019	330	Sound	109	8129927	437	1			260		other	0
10108019	330	Response	1	8134736	5246	1
10108019	331	Sound	105	8155325	328	1			260		other	0
10108019	332	Sound	106	8173324	322	1			260		other	0
10108019	333	Sound	109	8194923	414	1			260		other	0
10108019	333	Response	1	8199372	4863	1
10108019	334	Sound	106	8218921	406	1			260		other	0
10108019	334	Response	1	8224250	5734	1
10108019	335	Sound	101	8238720	365	1			260		other	0
10108019	336	Sound	105	8261319	290	1			260		other	0
10108019	337	Response	255	8304245	16462	1
10108019	338	Sound	107	8381512	447	1			260		other	0
10108019	338	Response	1	8384640	3576	1
10108019	339	Sound	106	8407510	438	1			260		other	0
10108019	339	Response	1	8411279	4207	1
10108019	340	Sound	104	8424909	332	1			260		other	0
10108019	341	Sound	107	8443108	359	1			260		other	0
10108019	341	Response	1	8447117	4367	1
10108019	342	Sound	101	8465507	418	1			260		other	0
10108019	343	Sound	104	8493905	308	1			260		other	0
10108019	343	Response	1	8497993	4396	1
10108019	344	Sound	106	8514504	400	1			260		other	0
10108019	344	Response	1	8518712	4609	1
10108019	345	Sound	109	8537902	292	1			260		other	0
10108019	345	Response	1	8540791	3180	1
10108019	346	Sound	104	8565901	282	1			260		other	0
10108019	346	Response	1	8573109	7490	1
10108019	347	Sound	106	8586299	341	1			260		other	0
10108019	347	Response	1	8589508	3550	1
10108019	348	Sound	105	8614498	365	1			260		other	0
10108019	349	Sound	102	8635896	424	1			260		other	0
10108019	350	Sound	110	8657295	316	1			260		other	0
10108019	350	Response	1	8661583	4604	1
10108019	351	Sound	103	8681094	274	1			260		other	0
10108019	352	Sound	111	8700292	301	1			260		other	0
10108019	352	Response	1	8704861	4869	1
10108019	353	Sound	111	8719491	327	1			260		other	0
10108019	353	Response	1	8723660	4495	1
10108019	354	Sound	101	8745090	418	1			260		other	0
10108019	355	Sound	105	8773488	475	1			260		other	0
10108019	356	Sound	109	8797287	433	1			260		other	0
10108019	356	Response	1	8800935	4081	1
10108019	357	Sound	101	8814886	360	1			260		other	0
10108019	358	Sound	107	8838484	452	1			260		other	0
10108019	359	Sound	111	8862683	309	1			260		other	0
10108019	360	Sound	111	8879082	371	1			260		other	0
10108019	360	Response	1	8881809	3099	1
10108019	361	Sound	105	8906680	294	1			260		other	0
10108019	361	Response	1	8912768	6382	1
10108019	362	Sound	102	8927679	286	1			260		other	0
10108019	363	Sound	108	8954677	444	1			260		other	0
10108019	363	Response	1	8956925	2692	1
10108019	364	Sound	106	8974876	303	1			260		other	0
10108019	365	Sound	108	8995475	396	1			260		other	0
10108019	365	Response	1	8999323	4243	1
10108019	366	Sound	103	9011274	357	1			260		other	0
10108019	367	Sound	102	9038872	447	1			260		other	0
10108019	368	Sound	102	9058271	340	1			260		other	0
10108019	369	Sound	108	9080669	399	1			260		other	0
10108019	369	Response	1	9083397	3126	1
10108019	370	Sound	103	9108068	289	1			260		other	0
10108019	371	Sound	104	9129067	448	1			260		other	0
10108019	372	Sound	103	9154065	439	1			260		other	0
10108019	373	Sound	107	9180264	296	1			260		other	0
10108019	374	Sound	108	9201262	289	1			260		other	0
10108019	375	Sound	102	9222461	315	1			260		other	0
10108019	376	Sound	101	9249259	439	1			260		other	0
10108019	377	Sound	109	9271458	297	1			260		other	0
10108019	377	Response	1	9274746	3585	1
10108019	378	Sound	101	9288457	291	1			260		other	0
10108019	379	Sound	104	9314055	382	1			260		other	0
10108019	380	Sound	109	9341254	406	1			260		other	0
10108019	381	Sound	105	9359653	466	1			260		other	0
10108019	382	Sound	110	9380651	458	1			260		other	0
10108019	382	Response	1	9385699	5506	2
10108019	383	Sound	105	9401850	318	1			260		other	0
10108019	384	Sound	110	9423449	410	1			260		other	0
10108019	384	Response	1	9427216	4177	1
10108019	385	Sound	111	9449847	467	1			260		other	0
10108019	386	Sound	106	9475846	291	1			260		other	0
10108019	387	Sound	110	9496444	384	1			260		other	0
10108019	387	Response	1	9498892	2831	1
10108019	388	Sound	108	9513243	345	1			260		other	0
10108019	388	Response	1	9516971	4072	1
10108019	389	Sound	110	9534042	304	1			260		other	0
10108019	389	Response	1	9537129	3391	1
10108019	390	Sound	109	9552641	397	1			260		other	0
10108019	390	Response	1	9556728	4484	1
10108019	391	Sound	107	9569040	291	1			260		other	0
10108019	392	Sound	103	9587039	285	1			260		other	0
10108019	393	Response	255	9756396	153724	1
10108019	394	Sound	101	9820225	402	1			260		other	0
10108019	395	Sound	107	9836424	429	1			260		other	0
10108019	395	Response	1	9842471	6476	1
10108019	396	Sound	104	9863022	353	1			260		other	0
10108019	396	Response	1	9883108	20439	1
10108019	397	Sound	104	9884221	379	1			260		other	0
10108019	398	Sound	110	9903420	406	1			260		other	0
10108019	398	Response	1	9908227	5212	1
10108019	399	Sound	102	9929418	396	1			260		other	0
10108019	400	Sound	107	9955817	454	1			260		other	0
10108019	401	Sound	101	9972016	315	1			260		other	0
10108019	402	Sound	103	9991815	274	1			260		other	0
10108019	403	Sound	103	10018013	298	1			260		other	0
10108019	404	Sound	108	10034812	426	1			260		other	0
10108019	405	Sound	106	10061410	349	1			260		other	0
10108019	405	Response	1	10065737	4676	1
10108019	406	Sound	111	10082409	342	1			260		other	0
10108019	406	Response	1	10084936	2869	1
10108019	407	Sound	101	10102408	335	1			260		other	0
10108019	408	Sound	101	10119007	429	1			260		other	0
10108019	409	Sound	111	10136206	289	1			260		other	0
10108019	409	Response	1	10141332	5416	1
10108019	410	Sound	106	10153405	317	1			260		other	0
10108019	411	Sound	108	10180603	340	1			260		other	0
10108019	412	Sound	109	10209201	430	1			260		other	0
10108019	412	Response	1	10214688	5916	1
10108019	413	Sound	107	10232800	355	1			260		other	0
10108019	414	Sound	110	10251799	348	1			260		other	0
10108019	414	Response	1	10255965	4514	1
10108019	415	Sound	110	10268798	342	1			260		other	0
10108019	415	Response	1	10272124	3668	1
10108019	416	Sound	101	10287797	335	1			260		other	0
10108019	416	Response	1	10296602	9141	1
10108019	417	Sound	105	10309795	328	1			260		other	0
10108019	417	Response	1	10314121	4654	1
10108019	418	Sound	109	10334794	319	1			260		other	0
10108019	419	Sound	104	10356993	344	1			260		other	0
10108019	420	Sound	102	10382791	468	1			260		other	0
10108019	421	Sound	104	10410189	358	1			260		other	0
10108019	422	Sound	106	10427388	386	1			260		other	0
10108019	423	Sound	109	10450787	277	1			260		other	0
10108019	424	Sound	111	10478185	334	1			260		other	0
10108019	424	Response	1	10481631	3780	1
10108019	425	Sound	105	10504384	358	1			260		other	0
10108019	426	Sound	102	10524982	451	1			260		other	0
10108019	427	Sound	104	10551781	408	1			260		other	0
10108019	428	Sound	106	10568980	269	1			260		other	0
10108019	429	Sound	103	10586979	429	1			260		other	0
10108019	430	Sound	106	10604977	423	1			260		other	0
10108019	431	Sound	111	10623776	382	1			260		other	0
10108019	431	Response	1	10626902	3508	1
10108019	432	Sound	110	10641975	409	1			260		other	0
10108019	432	Response	1	10645061	3495	1
10108019	433	Sound	108	10664974	401	1			260		other	0
10108019	433	Response	1	10669299	4727	1
10108019	434	Sound	102	10685573	327	1			260		other	0
10108019	435	Sound	109	10709371	285	1			260		other	0
10108019	436	Sound	108	10733570	310	1			260		other	0
10108019	436	Response	1	10744655	11395	1
10108019	437	Sound	111	10760768	334	1			260		other	0
10108019	438	Sound	109	10783767	326	1			260		other	0
10108019	438	Response	1	10788572	5131	1
10108019	439	Sound	107	10807965	350	1			260		other	0
10108019	439	Response	1	10823690	16075	1
10108019	440	Sound	110	10832964	341	1			260		other	0
10108019	440	Response	1	10844009	11386	1
10108019	441	Sound	103	10851563	268	1			260		other	0
10108019	442	Sound	108	10878161	358	1			260		other	0
10108019	442	Response	1	10881206	3404	1
10108019	443	Sound	107	10897960	318	1			260		other	0
10108019	444	Sound	105	10917959	311	1			260		other	0
10108019	445	Sound	103	10935758	438	1			260		other	0
10108019	445	Response	1	10952162	16842	1
10108019	446	Sound	105	10961956	462	1			260		other	0
10108019	446	Response	1	10966161	4667	1
10108019	447	Sound	105	10979955	289	1			260		other	0
10108019	447	Response	1	10984720	5054	1
10108019	448	Sound	102	11003953	447	1			260		other	0
10108019	449	Response	255	11425493	403068	1
10108019	450	Sound	17	11498724	404	1			260		other	0
10108019	450	Response	1	11504848	6529	1
10108019	451	Sound	11	11522322	329	1			260		other	0
10108019	452	Sound	13	11548721	386	1			260		other	0
10108019	452	Response	1	11566844	18510	1
10108019	453	Sound	19	11569719	379	1			260		other	0
10108019	454	Sound	20	11592518	338	1			260		other	0
10108019	454	Response	1	11596363	4182	1
10108019	455	Sound	17	11619916	394	1			260		other	0
10108019	455	Response	1	11623641	4119	1
10108019	456	Sound	21	11643115	419	1			260		other	0
10108019	456	Response	1	11645719	3024	1
10108019	457	Sound	12	11661914	379	1			260		other	0
10108019	458	Sound	14	11683712	338	1			260		other	0
10108019	458	Response	1	11690917	7543	1
10108019	459	Sound	11	11703911	365	1			260		other	0
10108019	460	Sound	16	11729510	455	1			260		other	0
10108019	460	Response	1	11732674	3620	1
10108019	461	Sound	15	11752308	414	1			260		other	0
10108019	461	Response	1	11758833	6938	1
10108019	462	Sound	21	11780107	371	1			260		other	0
10108019	462	Response	1	11783071	3335	1
10108019	463	Sound	16	11807705	294	1			260		other	0
10108019	463	Response	1	11812349	4938	1
10108019	464	Sound	18	11831504	419	1			260		other	0
10108019	464	Response	1	11834908	3823	1
10108019	465	Sound	16	11851502	412	1			260		other	0
10108019	465	Response	1	11854507	3416	1
10108019	466	Sound	15	11877901	303	1			260		other	0
10108019	466	Response	1	11881625	4027	1
10108019	467	Sound	14	11902299	361	1			260		other	0
10108019	468	Sound	11	11918298	355	1			260		other	0
10108019	469	Sound	21	11941897	447	1			260		other	0
10108019	469	Response	1	11944741	3291	1
10108019	470	Sound	13	11959696	407	1			260		other	0
10108019	471	Sound	19	11987494	364	1			260		other	0
10108019	471	Response	1	11991058	3928	1
10108019	472	Sound	18	12013893	421	1			260		other	0
10108019	472	Response	1	12016656	3185	1
10108019	473	Sound	20	12035891	413	1			260		other	0
10108019	473	Response	1	12039375	3897	1
10108019	474	Sound	14	12052490	340	1			260		other	0
10108019	475	Sound	14	12073289	466	1			260		other	0
10108019	476	Sound	18	12096888	391	1			260		other	0
10108019	476	Response	1	12100731	4235	1
10108019	477	Sound	13	12124886	381	1			260		other	0
10108019	477	Response	1	12145529	21024	1
10108019	478	Sound	12	12147885	373	1			260		other	0
10108019	479	Sound	19	12167083	400	1			260		other	0
10108019	479	Response	1	12170407	3723	1
10108019	480	Sound	17	12184282	427	1			260		other	0
10108019	480	Response	1	12188966	5111	1
10108019	481	Sound	15	12203681	320	1			260		other	0
10108019	481	Response	1	12207765	4404	1
10108019	482	Sound	20	12230679	310	1			260		other	0
10108019	482	Response	1	12233763	3394	1
10108019	483	Sound	12	12252478	269	1			260		other	0
10108019	484	Sound	18	12274677	295	1			260		other	0
10108019	484	Response	1	12278560	4178	1
10108019	485	Sound	15	12299275	386	1			260		other	0
10108019	485	Response	1	12308638	9749	1
10108019	486	Sound	12	12320874	312	1			260		other	0
10108019	487	Sound	21	12343073	337	1			260		other	0
10108019	487	Response	1	12345836	3100	2
10108019	488	Sound	13	12361872	297	1			260		other	0
10108019	489	Sound	16	12380070	324	1			260		other	0
10108019	489	Response	1	12383834	4087	1
10108019	490	Sound	13	12398669	417	1			260		other	0
10108019	491	Sound	11	12417668	410	1			260		other	0
10108019	492	Sound	17	12436067	304	1			260		other	0
10108019	492	Response	1	12439524	3761	353
10108019	493	Sound	16	12462466	361	1			260		other	0
10108019	493	Response	1	12466629	4524	1
10108019	494	Sound	15	12478065	289	1			260		other	0
10108019	494	Response	1	12483028	5252	1
10108019	495	Sound	19	12501063	281	1			260		other	0
10108019	495	Response	1	12504866	4084	1
10108019	496	Sound	20	12522062	440	1			260		other	0
10108019	496	Response	1	12524945	3323	1
10108019	497	Sound	12	12545860	398	1			260		other	0
10108019	498	Sound	17	12572259	455	1			260		other	0
10108019	498	Response	1	12576302	4499	1
10108019	499	Sound	11	12597057	413	1			260		other	0
10108019	500	Sound	14	12621256	271	1			260		other	0
10108019	501	Sound	18	12640055	398	1			260		other	0
10108019	501	Response	1	12643338	3681	1
10108019	502	Sound	20	12665653	322	1			260		other	0
10108019	502	Response	1	12669096	3765	1
10108019	503	Sound	21	12682052	383	1			260		other	0
10108019	503	Response	1	12685255	3586	1
10108019	504	Sound	19	12702451	276	1			260		other	0
10108019	504	Response	1	12706054	3879	1
10108019	505	Response	255	12774210	49615	1
10108019	506	Sound	16	12856242	354	1			260		other	0
10108019	506	Response	1	12865004	9117	1
10108019	507	Sound	21	12879840	446	1			260		other	0
10108019	507	Response	1	12882923	3529	1
10108019	508	Sound	13	12896239	340	1			260		other	0
10108019	509	Sound	21	12918438	366	1			260		other	0
10108019	509	Response	1	12921641	3568	1
10108019	510	Sound	20	12937037	459	1			260		other	0
10108019	510	Response	1	12943719	7141	1
10108019	511	Sound	17	12961235	317	1			260		other	0
10108019	511	Response	1	12965318	4400	1
10108019	512	Sound	17	12988034	441	1			260		other	0
10108019	512	Response	1	12991316	3723	1
10108019	513	Sound	20	13016232	297	1			260		other	0
10108019	513	Response	1	13019475	3540	1
10108019	514	Sound	13	13041831	388	1			260		other	0
10108019	515	Sound	19	13058230	282	1			260		other	0
10108019	515	Response	1	13068192	10244	1
10108019	516	Sound	14	13075229	276	1			260		other	0
10108019	517	Sound	16	13091628	337	1			260		other	0
10108019	518	Sound	15	13112626	330	1			260		other	0
10108019	518	Response	1	13123868	11572	1
10108019	519	Sound	21	13133025	389	1			260		other	0
10108019	519	Response	1	13135948	3312	1
10108019	520	Sound	14	13158624	313	1			260		other	0
10108019	520	Response	1	13165626	7316	1
10108019	521	Sound	16	13179222	406	1			260		other	0
10108019	521	Response	1	13183945	5128	1
10108019	522	Sound	12	13196221	400	1			260		other	0
10108019	523	Sound	16	13213420	427	1			260		other	0
10108019	523	Response	1	13220902	7909	1
10108019	524	Sound	11	13241019	351	1			260		other	0
10108019	525	Sound	11	13264617	442	1			260		other	0
10108019	526	Sound	15	13291815	299	1			260		other	0
10108019	527	Sound	20	13317214	357	1			260		other	0
10108019	527	Response	1	13321376	4519	1
10108019	528	Sound	17	13341812	448	1			260		other	0
10108019	528	Response	1	13346495	5130	1
10108019	529	Sound	16	13360011	308	1			260		other	0
10108019	530	Sound	19	13385810	266	1			260		other	0
10108019	530	Response	1	13389932	4388	1
10108019	531	Sound	18	13411408	357	1			260		other	0
10108019	531	Response	1	13414891	3839	1
10108019	532	Sound	12	13436607	381	1			260		other	0
10108019	533	Sound	19	13458605	373	1			260		other	0
10108019	534	Sound	17	13486604	363	1			260		other	0
10108019	534	Response	1	13491286	5045	1
10108019	535	Sound	13	13506403	323	1			260		other	0
10108019	536	Sound	12	13527201	449	1			260		other	0
10108019	536	Response	1	13529123	2371	1
10108019	537	Sound	18	13544800	376	1			260		other	0
10108019	537	Response	1	13550082	5658	1
10108019	538	Sound	18	13566199	435	1			260		other	0
10108019	538	Response	1	13572321	6557	1
10108019	539	Sound	13	13583598	329	1			260		other	0
10108019	540	Sound	11	13604397	455	1			260		other	0
10108019	541	Sound	15	13627795	346	1			260		other	0
10108019	541	Response	1	13639197	11748	1
10108019	542	Sound	14	13651794	338	1			260		other	0
10108019	542	Response	1	13662315	10859	1
10108019	543	Sound	21	13674593	463	1			260		other	0
10108019	543	Response	1	13677434	3305	1
10108019	544	Sound	18	13697591	288	1			260		other	0
10108019	545	Sound	19	13718590	281	1			260		other	0
10108019	546	Sound	14	13735789	474	1			260		other	0
10108019	547	Sound	20	13757987	333	1			260		other	0
10108019	547	Response	1	13761269	3615	1
10108019	548	Sound	17	13775986	327	1			260		other	0
10108019	549	Sound	12	13792985	321	1			260		other	0
10108019	550	Sound	12	13808584	415	1			260		other	0
10108019	551	Sound	13	13829783	441	1			260		other	0
10108019	552	Sound	21	13845782	435	1			260		other	0
10108019	552	Response	1	13849984	4637	1
10108019	553	Sound	19	13868581	394	1			260		other	0
10108019	553	Response	1	13874222	6035	1
10108019	554	Sound	14	13892379	352	1			260		other	0
10108019	555	Sound	15	13907578	380	1			260		other	0
10108019	556	Sound	15	13927977	439	1			260		other	0
10108019	557	Sound	20	13951376	331	1			260		other	0
10108019	557	Response	1	13954857	3812	1
10108019	558	Sound	18	13973574	357	1			260		other	0
10108019	559	Sound	11	13992773	383	1			260		other	0
10108019	560	Sound	11	14009572	344	1			260		other	0
10108019	561	Response	255	14388911	363931	1
10108019	562	Sound	105	14464145	282	1			260		other	0
10108019	563	Sound	107	14484944	408	1			260		other	0
10108019	564	Sound	102	14505542	334	1			260		other	0
10108019	565	Sound	102	14526541	326	1			260		other	0
10108019	566	Sound	106	14543540	320	1			260		other	0
10108019	567	Sound	104	14565139	413	1			260		other	0
10108019	568	Sound	103	14586537	305	1			260		other	0
10108019	569	Sound	104	14609336	430	1			260		other	0
10108019	570	Sound	106	14631535	289	1			260		other	0
10108019	571	Sound	108	14647734	317	1			260		other	0
10108019	572	Sound	103	14671532	275	1			260		other	0
10108019	573	Sound	109	14692331	401	1			260		other	0
10108019	574	Sound	110	14715330	393	1			260		other	0
10108019	574	Response	1	14717850	2913	1
10108019	575	Sound	104	14733728	287	1			260		other	0
10108019	575	Response	1	14737769	4328	1
10108019	576	Sound	103	14759727	443	1			260		other	0
10108019	577	Sound	111	14787925	467	1			260		other	0
10108019	577	Response	1	14789926	2467	1
10108019	578	Sound	109	14808324	359	1			260		other	0
10108019	578	Response	1	14810244	2280	1
10108019	579	Sound	102	14833122	317	1			260		other	0
10108019	580	Sound	108	14856321	343	1			260		other	0
10108019	580	Response	1	14858722	2743	1
10108019	581	Sound	107	14872320	337	1			260		other	0
10108019	581	Response	1	14875760	3777	1
10108019	582	Sound	111	14898919	427	1			260		other	0
10108019	582	Response	1	14900879	2388	1
10108019	583	Sound	104	14917317	321	1			260		other	0
10108019	583	Response	1	14920798	3801	1
10108019	584	Sound	105	14944516	344	1			260		other	0
10108019	584	Response	1	14948076	3905	1
10108019	585	Sound	102	14966915	403	1			260		other	0
10108019	586	Sound	110	14993313	294	1			260		other	0
10108019	586	Response	1	14995913	2894	1
10108019	587	Sound	103	15021311	284	1			260		other	0
10108019	588	Sound	109	15048310	274	1			260		other	0
10108019	588	Response	1	15051430	3394	1
10108019	589	Sound	101	15073508	298	1			260		other	0
10108019	590	Sound	106	15099506	289	1			260		other	0
10108019	590	Response	1	15104066	4849	1
10108019	591	Sound	110	15125505	446	1			260		other	0
10108019	591	Response	1	15128705	3646	1
10108019	592	Sound	101	15154303	403	1			260		other	0
10108019	593	Sound	110	15179702	460	1			260		other	0
10108019	593	Response	1	15182062	2821	1
10108019	594	Sound	107	15208700	450	1			260		other	0
10108019	594	Response	1	15212620	4370	1
10108019	595	Sound	103	15233498	409	1			260		other	0
10108019	596	Sound	111	15259097	332	1			260		other	0
10108019	596	Response	1	15261337	2572	1
10108019	597	Sound	109	15274896	293	1			260		other	0
10108019	597	Response	1	15277896	3293	1
10108019	598	Sound	101	15301094	317	1			260		other	0
10108019	599	Sound	108	15329693	407	1			260		other	0
10108019	599	Response	1	15332532	3247	1
10108019	600	Sound	108	15346292	334	1			260		other	0
10108019	600	Response	1	15349811	3854	1
10108019	601	Sound	111	15364290	328	1			260		other	0
10108019	601	Response	1	15366850	2888	1
10108019	602	Sound	104	15383689	388	1			260		other	0
10108019	602	Response	1	15388449	5147	1
10108019	603	Sound	111	15401088	282	1			260		other	0
10108019	603	Response	1	15403568	2761	1
10108019	604	Sound	107	15425287	473	1			260		other	0
10108019	604	Response	1	15428687	3873	1
10108019	605	Sound	105	15452285	463	1			260		other	0
10108019	605	Response	1	15455565	3743	1
10108019	606	Sound	109	15481083	420	1			260		other	0
10108019	606	Response	1	15483963	3299	1
10108019	607	Sound	108	15502282	446	1			260		other	0
10108019	607	Response	1	15504922	3085	1
10108019	608	Sound	102	15522481	472	1			260		other	0
10108019	609	Sound	105	15549479	462	1			260		other	0
10108019	609	Response	1	15552919	3901	1
10108019	610	Sound	106	15572878	354	1			260		other	0
10108019	610	Response	1	15576757	4233	1
10108019	611	Sound	110	15596477	446	1			260		other	0
10108019	611	Response	1	15599476	3445	1
10108019	612	Sound	105	15612475	440	1			260		other	0
10108019	613	Sound	107	15631874	333	1			260		other	0
10108019	613	Response	1	15635074	3532	1
10108019	614	Sound	101	15655873	324	1			260		other	0
10108019	615	Sound	106	15677072	350	1			260		other	0
10108019	615	Response	1	15680991	4269	1
10108019	616	Sound	101	15700670	275	1			260		other	0
10108019	617	Response	255	17358168	1638187	1
10108019	618	Sound	16	17426766	360	1			260		other	0
10108019	618	Response	1	17435923	9517	1
10108019	619	Sound	13	17449965	386	1			260		other	0
10108019	619	Response	1	17456002	6422	1
10108019	620	Sound	12	17465364	447	1			260		other	0
10108019	621	Sound	20	17491962	371	1			260		other	0
10108019	621	Response	1	17495119	3527	1
10108019	622	Sound	19	17515561	462	1			260		other	0
10108019	622	Response	1	17518478	3379	1
10108019	623	Sound	14	17542559	453	1			260		other	0
10108019	624	Sound	20	17558958	347	1			260		other	0
10108019	624	Response	1	17561515	2904	1
10108019	625	Sound	13	17574157	375	1			260		other	0
10108019	626	Sound	11	17598756	299	1			260		other	0
10108019	627	Sound	13	17620554	425	1			260		other	0
10108019	628	Sound	13	17643353	383	1			260		other	0
10108019	629	Sound	16	17663152	343	1			260		other	0
10108019	629	Response	1	17666148	3340	1
10108019	630	Sound	20	17689750	267	1			260		other	0
10108019	630	Response	1	17693027	3543	1
10108019	631	Sound	14	17716149	324	1			260		other	0
10108019	632	Sound	15	17737947	283	1			260		other	0
10108019	632	Response	1	17742624	4960	1
10108019	633	Sound	21	17759946	275	1			260		other	0
10108019	633	Response	1	17762223	2552	1
10108019	634	Sound	16	17777545	369	1			260		other	0
10108019	634	Response	1	17782381	5206	1
10108019	635	Sound	12	17805743	392	1			260		other	0
10108019	636	Sound	21	17831142	283	1			260		other	0
10108019	636	Response	1	17833498	2640	1
10108019	637	Sound	19	17851140	276	1			260		other	0
10108019	637	Response	1	17854857	3993	1
10108019	638	Sound	15	17876939	400	1			260		other	0
10108019	639	Sound	11	17900537	325	1			260		other	0
10108019	639	Response	1	17917333	17121	1
10108019	640	Sound	18	17921936	384	1			260		other	0
10108019	640	Response	1	17926532	4980	1
10108019	641	Sound	18	17947535	308	1			260		other	0
10108019	641	Response	1	17951011	3785	1
10108019	642	Sound	12	17971933	367	1			260		other	0
10108019	643	Sound	14	17994732	325	1			260		other	0
10108019	644	Sound	15	18021530	282	1			260		other	0
10108019	644	Response	1	18025006	3758	2
10108019	645	Sound	19	18045929	340	1			260		other	0
10108019	645	Response	1	18048845	3256	1
10108019	646	Sound	11	18070327	398	1			260		other	0
10108019	647	Sound	18	18095726	289	1			260		other	0
10108019	647	Response	1	18098442	3005	1
10108019	648	Sound	19	18118924	314	1			260		other	0
10108019	648	Response	1	18122041	3430	1
10108019	649	Sound	21	18143723	439	1			260		other	0
10108019	649	Response	1	18146279	2995	1
10108019	650	Sound	11	18161722	432	1			260		other	0
10108019	651	Sound	11	18184920	457	1			260		other	0
10108019	652	Sound	12	18209719	415	1			260		other	0
10108019	653	Sound	17	18233117	307	1			260		other	0
10108019	653	Response	1	18236273	3463	1
10108019	654	Sound	16	18254316	333	1			260		other	0
10108019	654	Response	1	18259632	5648	1
10108019	655	Sound	14	18282114	289	1			260		other	0
10108019	656	Sound	12	18309113	280	1			260		other	0
10108019	657	Sound	13	18329312	473	1			260		other	0
10108019	658	Sound	20	18348111	433	1			260		other	0
10108019	658	Response	1	18351146	3469	1
10108019	659	Sound	15	18373309	457	1			260		other	0
10108019	659	Response	1	18379785	6933	1
10108019	660	Sound	18	18392308	450	1			260		other	0
10108019	660	Response	1	18395704	3846	1
10108019	661	Sound	17	18410507	310	1			260		other	0
10108019	661	Response	1	18414103	3906	1
10108019	662	Sound	17	18433105	402	1			260		other	0
10108019	662	Response	1	18436341	3638	1
10108019	663	Sound	19	18451104	396	1			260		other	0
10108019	663	Response	1	18453860	3152	1
10108019	664	Sound	15	18466303	424	1			260		other	0
10108019	664	Response	1	18472659	6779	1
10108019	665	Sound	21	18488502	282	1			260		other	0
10108019	665	Response	1	18490738	2518	1
10108019	666	Sound	17	18515900	339	1			260		other	0
10108019	666	Response	1	18519776	4215	1
10108019	667	Sound	17	18538299	398	1			260		other	0
10108019	667	Response	1	18540815	2914	1
10108019	668	Sound	20	18561898	323	1			260		other	0
10108019	668	Response	1	18564573	2999	1
10108019	669	Sound	18	18589896	313	1			260		other	0
10108019	669	Response	1	18592732	3149	1
10108019	670	Sound	21	18608495	407	1			260		other	0
10108019	670	Response	1	18611130	3042	1
10108019	671	Sound	16	18625294	367	1			260		other	0
10108019	671	Response	1	18630089	5162	1
10108019	672	Sound	14	18649092	325	1			260		other	0
10108019	672	Response	1	18651928	3161	1
10108019	673	Response	255	18744402	69381	1
10108019	674	Sound	105	18808283	302	1			260		other	0
10108019	674	Response	1	18811838	3857	1
10108019	675	Sound	108	18829681	361	1			260		other	0
10108019	675	Response	1	18832397	3076	1
10108019	676	Sound	101	18856280	452	1			260		other	0
10108019	677	Sound	101	18881278	443	1			260		other	0
10108019	678	Sound	109	18900477	302	1			260		other	0
10108019	679	Sound	106	18924476	294	1			260		other	0
10108019	679	Response	1	18928311	4129	1
10108019	680	Sound	106	18941475	455	1			260		other	0
10108019	680	Response	1	18946630	5609	1
10108019	681	Sound	111	18960674	314	1			260		other	0
10108019	681	Response	1	18963429	3070	1
10108019	682	Sound	107	18980072	374	1			260		other	0
10108019	682	Response	1	18983747	4049	1
10108019	683	Sound	108	19002671	299	1			260		other	0
10108019	683	Response	1	19005186	2815	1
10108019	684	Sound	104	19023070	359	1			260		other	0
10108019	684	Response	1	19025745	3034	1
10108019	685	Sound	102	19043469	419	1			260		other	0
10108019	686	Sound	110	19071667	275	1			260		other	0
10108019	686	Response	1	19074622	3230	1
10108019	687	Sound	102	19091866	468	1			260		other	0
10108019	688	Sound	101	19114864	459	1			260		other	0
10108019	689	Sound	111	19142463	383	1			260		other	0
10108019	689	Response	1	19144538	2458	1
10108019	690	Sound	103	19160861	276	1			260		other	0
10108019	691	Sound	108	19189060	300	1			260		other	0
10108019	691	Response	1	19191734	2974	1
10108019	692	Sound	111	19208859	426	1			260		other	0
10108019	692	Response	1	19211813	3381	1
10108019	693	Sound	110	19232257	318	1			260		other	0
10108019	693	Response	1	19234772	2833	1
10108019	694	Sound	110	19251056	278	1			260		other	0
10108019	694	Response	1	19253971	3192	1
10108019	695	Sound	105	19268055	272	1			260		other	0
10108019	695	Response	1	19271010	3226	1
10108019	696	Sound	104	19293453	329	1			260		other	0
10108019	696	Response	1	19296608	3484	1
10108019	697	Sound	105	19311052	423	1			260		other	0
10108019	697	Response	1	19314687	4057	1
10108019	698	Sound	104	19337851	380	1			260		other	0
10108019	698	Response	1	19342445	4975	1
10108019	699	Sound	107	19364249	271	1			260		other	0
10108019	699	Response	1	19366924	2945	1
10108019	700	Sound	105	19381648	331	1			260		other	0
10108019	700	Response	1	19385723	4406	1
10108019	701	Sound	105	19403647	323	1			260		other	0
10108019	701	Response	1	19406441	3118	1
10108019	702	Sound	103	19427645	315	1			260		other	0
10108019	702	Response	1	19431800	4469	1
10108019	703	Sound	101	19450444	440	1			260		other	0
10108019	704	Sound	107	19467643	300	1			260		other	0
10108019	704	Response	1	19470678	3335	1
10108019	705	Sound	104	19486842	327	1			260		other	0
10108019	705	Response	1	19490996	4482	1
10108019	706	Sound	107	19506841	320	1			260		other	0
10108019	706	Response	1	19510195	3674	1
10108019	707	Sound	102	19532839	311	1			260		other	0
10108019	708	Sound	109	19553638	437	1			260		other	0
10108019	708	Response	1	19556752	3551	1
10108019	709	Sound	102	19576836	295	1			260		other	0
10108019	710	Sound	106	19601835	453	1			260		other	0
10108019	710	Response	1	19605229	3847	1
10108019	711	Sound	111	19620834	279	1			260		other	0
10108019	711	Response	1	19623148	2594	1
10108019	712	Sound	108	19639833	440	1			260		other	0
10108019	712	Response	1	19643067	3674	1
10108019	713	Sound	110	19662831	431	1			260		other	0
10108019	713	Response	1	19664906	2505	1
10108019	714	Sound	106	19683630	390	1			260		other	0
10108019	714	Response	1	19686744	3505	1
10108019	715	Sound	106	19711628	380	1			260		other	0
10108019	715	Response	1	19715302	4055	1
10108019	716	Sound	104	19729627	374	1			260		other	0
10108019	717	Sound	103	19746026	435	1			260		other	0
10108019	717	Response	1	19771059	25468	1
10108019	718	Sound	109	19771425	326	1			260		other	0
10108019	719	Sound	103	19792823	385	1			260		other	0
10108019	719	Response	1	19797937	5499	1
10108019	720	Sound	103	19812822	378	1			260		other	0
10108019	720	Response	1	19817536	5092	3
10108019	721	Sound	111	19838021	402	1			260		other	0
10108019	721	Response	1	19840255	2636	1
10108019	722	Sound	108	19863819	359	1			260		other	0
10108019	722	Response	1	19866733	3273	1
10108019	723	Sound	109	19892417	449	1			260		other	0
10108019	723	Response	1	19894651	2683	1
10108019	724	Sound	102	19909616	310	1			260		other	0
10108019	725	Sound	109	19932215	402	1			260		other	0
10108019	725	Response	1	19934889	3076	1
10108019	726	Sound	107	19959813	325	1			260		other	0
10108019	726	Response	1	19963047	3559	1
10108019	727	Sound	101	19977612	452	1			260		other	0
10108019	728	Sound	110	19998811	311	1			260		other	0
10108019	728	Response	1	20001685	3185	1
10108019	729	Response	255	20028563	13479	1
10108019	729	Response	1	20062001	46917	1
10108019	730	Sound	101	20096205	343	1			260		other	0
10108019	731	Sound	109	20122003	301	1			260		other	0
10108019	731	Response	1	20125117	3415	1
10108019	732	Sound	108	20149002	458	1			260		other	0
10108019	732	Response	1	20151356	2812	1
10108019	733	Sound	109	20169001	451	1			260		other	0
10108019	733	Response	1	20172714	4164	1
10108019	734	Sound	110	20192199	309	1			260		other	0
10108019	734	Response	1	20194393	2503	1
10108019	735	Sound	108	20210198	303	1			260		other	0
10108019	735	Response	1	20212712	2816	1
10108019	736	Sound	106	20229597	363	1			260		other	0
10108019	736	Response	1	20231911	2676	1
10108019	737	Sound	102	20251996	421	1			260		other	0
10108019	738	Sound	104	20278194	445	1			260		other	0
10108019	738	Response	1	20282148	4399	1
10108019	739	Sound	104	20295193	272	1			260		other	0
10108019	739	Response	1	20299026	4106	1
10108019	740	Sound	103	20311792	367	1			260		other	0
10108019	741	Sound	105	20336791	358	1			260		other	0
10108019	741	Response	1	20340064	3631	1
10108019	742	Sound	101	20363789	348	1			260		other	0
10108019	743	Sound	109	20390387	439	1			260		other	0
10108019	743	Response	1	20393341	3392	1
10108019	744	Sound	105	20413986	364	1			260		other	0
10108019	744	Response	1	20418459	4837	1
10108019	745	Sound	110	20437784	322	1			260		other	0
10108019	745	Response	1	20440778	3315	1
10108019	746	Sound	108	20454583	449	1			260		other	0
10108019	746	Response	1	20458457	4322	1
10108019	747	Sound	104	20478182	374	1			260		other	0
10108019	747	Response	1	20481655	3847	1
10108019	748	Sound	101	20506580	431	1			260		other	0
10108019	749	Sound	107	20534978	320	1			260		other	0
10108019	749	Response	1	20538452	3794	1
10108019	750	Sound	107	20562977	311	1			260		other	0
10108019	750	Response	1	20566610	3943	1
10108019	751	Sound	103	20586975	469	1			260		other	0
10108019	752	Sound	111	20607974	294	1			260		other	0
10108019	752	Response	1	20610687	3008	1
10108019	753	Sound	106	20625373	355	1			260		other	0
10108019	753	Response	1	20629486	4468	1
10108019	754	Sound	106	20643172	315	1			260		other	0
10108019	754	Response	1	20646525	3668	1
10108019	755	Sound	102	20661971	442	1			260		other	0
10108019	756	Sound	107	20687569	366	1			260		other	0
10108019	756	Response	1	20690682	3479	2
10108019	757	Sound	108	20704568	360	1			260		other	0
10108019	757	Response	1	20708361	4153	1
10108019	758	Sound	107	20727167	452	1			260		other	0
10108019	758	Response	1	20729960	3245	1
10108019	759	Sound	109	20756165	442	1			260		other	0
10108019	759	Response	1	20758358	2635	1
10108019	760	Sound	111	20773364	303	1			260		other	0
10108019	760	Response	1	20776277	3215	1
10108019	761	Sound	110	20794163	428	1			260		other	0
10108019	761	Response	1	20796596	2861	1
10108019	762	Sound	110	20812362	455	1			260		other	0
10108019	762	Response	1	20815635	3728	1
10108019	763	Sound	111	20837560	313	1			260		other	0
10108019	763	Response	1	20839873	2625	1
10108019	764	Sound	102	20861559	471	1			260		other	0
10108019	765	Sound	102	20889557	294	1			260		other	0
10108019	766	Sound	111	20905556	288	1			260		other	0
10108019	766	Response	1	20908269	3001	1
10108019	767	Sound	101	20930355	413	1			260		other	0
10108019	768	Sound	108	20948754	306	1			260		other	0
10108019	768	Response	1	20952106	3659	1
10108019	769	Sound	109	20970152	366	1			260		other	0
10108019	769	Response	1	20973545	3758	3
10108019	770	Sound	105	20995951	323	1			260		other	0
10108019	770	Response	1	20999543	3916	1
10108019	771	Sound	111	21019549	415	1			260		other	0
10108019	771	Response	1	21022262	3127	1
10108019	772	Sound	105	21043748	273	1			260		other	0
10108019	772	Response	1	21046980	3505	1
10108019	773	Sound	107	21068146	331	1			260		other	0
10108019	773	Response	1	21070339	2523	1
10108019	774	Sound	103	21090145	323	1			260		other	0
10108019	775	Sound	104	21111344	349	1			260		other	0
10108019	775	Response	1	21115136	4141	1
10108019	776	Sound	106	21135542	373	1			260		other	0
10108019	776	Response	1	21138655	3486	1
10108019	777	Sound	106	21155341	333	1			260		other	0
10108019	777	Response	1	21158093	3085	1
10108019	778	Sound	103	21172140	460	1			260		other	0
10108019	779	Sound	102	21198938	417	1			260		other	0
10108019	780	Sound	105	21223537	342	1			260		other	0
10108019	780	Response	1	21229529	6334	1
10108019	781	Sound	101	21242336	302	1			260		other	0
10108019	782	Sound	103	21266534	327	1			260		other	0
10108019	783	Sound	110	21295133	416	1			260		other	0
10108019	783	Response	1	21299045	4328	1
10108019	784	Sound	104	21315931	376	1			260		other	0
10108019	785	Response	255	21349922	14614	1
10108019	786	Sound	104	21426325	403	1			260		other	0
10108019	786	Response	1	21430717	4795	1
10108019	787	Sound	105	21442724	464	1			260		other	0
10108019	787	Response	1	21446476	4216	1
10108019	788	Sound	105	21459123	358	1			260		other	0
10108019	788	Response	1	21462635	3870	1
10108019	789	Sound	104	21476522	419	1			260		other	0
10108019	790	Sound	110	21498920	311	1			260		other	0
10108019	790	Response	1	21502392	3782	1
10108019	791	Sound	109	21522519	402	1			260		other	0
10108019	791	Response	1	21525111	2994	1
10108019	792	Sound	105	21538318	364	1			260		other	0
10108019	792	Response	1	21542150	4196	1
10108019	793	Sound	103	21561317	355	1			260		other	0
10108019	794	Sound	102	21580315	348	1			260		other	0
10108019	795	Sound	111	21603514	373	1			260		other	0
10108019	795	Response	1	21606386	3245	1
10108019	796	Sound	103	21619513	368	1			260		other	0
10108019	797	Sound	107	21643712	392	1			260		other	0
10108019	797	Response	1	21648543	5224	1
10108019	798	Sound	103	21667110	284	1			260		other	0
10108019	799	Sound	101	21692109	442	1			260		other	0
10108019	800	Sound	107	21719107	432	1			260		other	0
10108019	800	Response	1	21721899	3224	1
10108019	801	Sound	101	21743906	390	1			260		other	0
10108019	802	Sound	101	21768104	415	1			260		other	0
10108019	803	Sound	106	21789503	308	1			260		other	0
10108019	803	Response	1	21793814	4619	1
10108019	804	Sound	105	21809502	468	1			260		other	0
10108019	804	Response	1	21814293	5259	1
10108019	805	Sound	103	21830500	292	1			260		other	0
10108019	805	Response	1	21838131	7924	1
10108019	806	Sound	102	21849499	452	1			260		other	0
10108019	807	Sound	105	21872298	411	1			260		other	0
10108019	808	Sound	108	21890697	304	1			260		other	0
10108019	808	Response	1	21893808	3416	1
10108019	809	Sound	108	21916295	395	1			260		other	0
10108019	809	Response	1	21919406	3506	1
10108019	810	Sound	106	21944293	385	1			260		other	0
10108019	810	Response	1	21947325	3417	1
10108019	811	Sound	111	21963892	312	1			260		other	0
10108019	811	Response	1	21966124	2543	1
10108019	812	Sound	101	21990691	269	1			260		other	0
10108019	813	Sound	109	22007890	463	1			260		other	0
10108019	813	Response	1	22010681	3254	1
10108019	814	Sound	111	22033688	420	1			260		other	0
10108019	814	Response	1	22036279	3011	1
10108019	815	Sound	101	22053887	280	1			260		other	0
10108019	816	Sound	104	22077685	404	1			260		other	0
10108019	817	Sound	106	22097484	364	1			260		other	0
10108019	817	Response	1	22101555	4435	1
10108019	818	Sound	108	22119283	323	1			260		other	0
10108019	818	Response	1	22124034	5074	1
10108019	819	Sound	107	22144281	314	1			260		other	0
10108019	819	Response	1	22146993	3025	1
10108019	820	Sound	110	22162880	407	1			260		other	0
10108019	820	Response	1	22165392	2919	1
10108019	821	Sound	102	22179079	435	1			260		other	0
10108019	822	Sound	108	22206478	325	1			260		other	0
10108019	823	Sound	106	22233276	449	1			260		other	0
10108019	823	Response	1	22237867	5040	1
10108019	824	Sound	106	22252075	409	1			260		other	0
10108019	824	Response	1	22256026	4360	1
10108019	825	Sound	110	22275673	334	1			260		other	0
10108019	825	Response	1	22278264	2924	2
10108019	826	Sound	109	22292473	461	1			260		other	0
10108019	826	Response	1	22296023	4012	1
10108019	827	Sound	102	22308472	456	1			260		other	0
10108019	828	Sound	111	22333270	413	1			260		other	0
10108019	828	Response	1	22335541	2684	1
10108019	829	Sound	107	22350069	374	1			260		other	0
10108019	829	Response	1	22354500	4805	1
10108019	830	Sound	109	22367068	368	1			260		other	0
10108019	830	Response	1	22369139	2439	1
10108019	831	Sound	104	22382867	329	1			260		other	0
10108019	831	Response	1	22386658	4120	1
10108019	832	Sound	110	22407865	320	1			260		other	0
10108019	832	Response	1	22411296	3751	1
10108019	833	Sound	111	22428664	279	1			260		other	0
10108019	833	Response	1	22431215	2830	1
10108019	834	Sound	110	22449663	439	1			260		other	0
10108019	834	Response	1	22451694	2470	1
10108019	835	Sound	102	22469262	365	1			260		other	0
10108019	836	Sound	107	22496060	323	1			260		other	0
10108019	836	Response	1	22499611	3874	1
10108019	837	Sound	109	22522659	413	1			260		other	0
10108019	837	Response	1	22525769	3523	1
10108019	838	Sound	108	22549657	403	1			260		other	0
10108019	838	Response	1	22552408	3154	1
10108019	839	Sound	104	22569256	329	1			260		other	0
10108019	839	Response	1	22574246	5320	1
10108019	840	Sound	103	22585455	357	1			260		other	0
10108019	841	Response	255	22615124	13274	1
10108019	842	Sound	16	22683649	355	1			260		other	0
10108019	843	Sound	16	22701448	316	1			260		other	0
10108019	843	Response	1	22705358	4226	1
10108019	844	Sound	19	22719447	309	1			260		other	0
10108019	844	Response	1	22722157	3020	1
10108019	845	Sound	20	22743245	434	1			260		other	0
10108019	845	Response	1	22745516	2705	1
10108019	846	Sound	21	22767644	326	1			260		other	0
10108019	846	Response	1	22769754	2436	1
10108019	847	Sound	21	22791042	384	1			260		other	0
10108019	847	Response	1	22793193	2534	1
10108019	848	Sound	19	22819041	374	1			260		other	0
10108019	848	Response	1	22821111	2444	1
10108019	849	Sound	14	22844039	365	1			260		other	0
10108019	849	Response	1	22847509	3835	1
10108019	850	Sound	17	22870638	289	1			260		other	0
10108019	850	Response	1	22873748	3399	1
10108019	851	Sound	15	22886437	416	1			260		other	0
10108019	852	Sound	11	22902236	377	1			260		other	0
10108019	853	Sound	13	22925234	369	1			260		other	0
10108019	854	Sound	19	22947433	395	1			260		other	0
10108019	854	Response	1	22950463	3425	2
10108019	855	Sound	13	22966632	421	1			260		other	0
10108019	856	Sound	15	22986831	281	1			260		other	0
10108019	856	Response	1	22991101	4551	1
10108019	857	Sound	11	23005829	274	1			260		other	0
10108019	858	Sound	12	23028628	399	1			260		other	0
10108019	859	Sound	21	23049027	459	1			260		other	0
10108019	859	Response	1	23051577	3008	1
10108019	860	Sound	14	23076225	315	1			260		other	0
10108019	861	Sound	16	23096024	442	1			260		other	0
10108019	861	Response	1	23100054	4472	1
10108019	862	Sound	15	23117023	268	1			260		other	0
10108019	863	Sound	18	23137421	327	1			260		other	0
10108019	863	Response	1	23140291	3197	1
10108019	864	Sound	21	23159020	419	1			260		other	0
10108019	864	Response	1	23161410	2809	1
10108019	865	Sound	18	23179019	412	1			260		other	0
10108019	865	Response	1	23183969	5362	1
10108019	866	Sound	16	23203418	470	1			260		other	0
10108019	866	Response	1	23210367	7420	1
10108019	867	Sound	12	23222616	330	1			260		other	0
10108019	868	Sound	17	23250615	320	1			260		other	0
10108019	868	Response	1	23253884	3590	1
10108019	869	Sound	14	23277413	444	1			260		other	0
10108019	869	Response	1	23286202	9233	1
10108019	870	Sound	17	23297012	370	1			260		other	0
10108019	870	Response	1	23301242	4600	1
10108019	871	Sound	17	23321610	462	1			260		other	0
10108019	871	Response	1	23324840	3691	1
10108019	872	Sound	18	23338009	356	1			260		other	0
10108019	872	Response	1	23341239	3585	1
10108019	873	Sound	20	23361608	447	1			260		other	0
10108019	873	Response	1	23363718	2557	1
10108019	874	Sound	20	23385407	405	1			260		other	0
10108019	874	Response	1	23387956	2955	1
10108019	875	Sound	15	23403605	432	1			260		other	0
10108019	875	Response	1	23407635	4462	1
10108019	876	Sound	14	23421004	326	1			260		other	0
10108019	877	Sound	12	23444203	351	1			260		other	0
10108019	878	Sound	12	23471001	308	1			260		other	0
10108019	879	Sound	20	23488400	369	1			260		other	0
10108019	879	Response	1	23491309	3278	2
10108019	880	Sound	12	23504399	363	1			260		other	0
10108019	881	Sound	15	23528998	454	1			260		other	0
10108019	881	Response	1	23532107	3564	1
10108019	882	Sound	13	23545397	348	1			260		other	0
10108019	883	Sound	11	23573595	372	1			260		other	0
10108019	883	Response	1	23574105	881	1
10108019	884	Sound	16	23599794	396	1			260		other	0
10108019	884	Response	1	23603143	3745	1
10108019	885	Sound	20	23622192	454	1			260		other	0
10108019	885	Response	1	23625381	3644	1
10108019	886	Sound	21	23643791	380	1			260		other	0
10108019	886	Response	1	23646180	2769	1
10108019	887	Sound	13	23666990	405	1			260		other	0
10108019	888	Sound	17	23687988	398	1			260		other	0
10108019	888	Response	1	23691858	4267	1
10108019	889	Sound	18	23711787	356	1			260		other	0
10108019	889	Response	1	23715216	3785	1
10108019	890	Sound	19	23735585	314	1			260		other	0
10108019	890	Response	1	23738095	2823	1
10108019	891	Sound	19	23755984	373	1			260		other	0
10108019	891	Response	1	23758653	3042	1
10108019	892	Sound	14	23782783	331	1			260		other	0
10108019	892	Response	1	23788812	6360	1
10108019	893	Sound	11	23799582	291	1			260		other	0
10108019	894	Sound	18	23814981	352	1			260		other	0
10108019	894	Response	1	23816090	1462	1
10108019	895	Sound	13	23841379	410	1			260		other	0
10108019	896	Sound	11	23858978	337	1			260		other	0
10108019	897	Response	255	23889045	13819	1
10108019	898	Sound	16	23966572	399	1			260		other	0
10108019	898	Response	1	23971200	5027	1
10108019	899	Sound	11	23993970	289	1			260		other	0
10108019	900	Sound	14	24021168	312	1			260		other	0
10108019	901	Sound	13	24037167	307	1			260		other	0
10108019	901	Response	1	24038956	2096	1
10108019	902	Sound	13	24057566	366	1			260		other	0
10108019	903	Sound	14	24074365	327	1			260		other	0
10108019	904	Sound	19	24092164	287	1			260		other	0
10108019	904	Response	1	24092873	996	1
10108019	905	Sound	16	24113563	346	1			260		other	0
10108019	906	Sound	21	24136561	338	1			260		other	0
10108019	906	Response	1	24139190	2967	1
10108019	907	Sound	12	24160360	463	1			260		other	0
10108019	908	Sound	14	24184758	354	1			260		other	0
10108019	909	Sound	17	24204157	414	1			260		other	0
10108019	909	Response	1	24207346	3603	1
10108019	910	Sound	18	24224156	407	1			260		other	0
10108019	910	Response	1	24228065	4315	1
10108019	911	Sound	12	24244355	266	1			260		other	0
10108019	912	Sound	17	24259954	361	1			260		other	0
10108019	912	Response	1	24263662	4069	1
10108019	913	Sound	17	24278953	354	1			260		other	0
10108019	913	Response	1	24283341	4742	1
10108019	914	Sound	19	24306551	444	1			260		other	0
10108019	914	Response	1	24309579	3472	1
10108019	915	Sound	11	24333149	368	1			260		other	0
10108019	916	Sound	13	24352548	429	1			260		other	0
10108019	917	Sound	18	24371947	321	1			260		other	0
10108019	917	Response	1	24374855	3229	1
10108019	918	Sound	13	24398745	445	1			260		other	0
10108019	919	Sound	20	24414345	372	1			260		other	0
10108019	919	Response	1	24417013	3041	1
10108019	920	Sound	14	24432943	299	1			260		other	0
10108019	921	Sound	19	24460542	389	1			260		other	0
10108019	921	Response	1	24463170	3018	1
10108019	922	Sound	14	24476341	350	1			260		other	0
10108019	922	Response	1	24488448	12458	1
10108019	923	Sound	21	24494140	311	1			260		other	0
10108019	923	Response	1	24498928	5099	1
10108019	924	Sound	12	24514139	470	1			260		other	0
10108019	925	Sound	16	24530738	398	1			260		other	0
10108019	925	Response	1	24535646	5306	1
10108019	926	Sound	19	24555536	356	1			260		other	0
10108019	926	Response	1	24558604	3424	1
10108019	927	Sound	21	24581134	280	1			260		other	0
10108019	927	Response	1	24583483	2628	1
10108019	928	Sound	20	24599533	340	1			260		other	0
10108019	928	Response	1	24603161	3968	1
10108019	929	Sound	12	24614732	368	1			260		other	0
10108019	930	Sound	15	24634331	294	1			260		other	0
10108019	930	Response	1	24640519	6482	1
10108019	931	Sound	18	24652730	354	1			260		other	0
10108019	931	Response	1	24657558	5182	1
10108019	932	Sound	11	24671329	281	1			260		other	0
10108019	933	Sound	18	24690928	374	1			260		other	0
10108019	933	Response	1	24694036	3482	1
10108019	934	Sound	20	24711327	433	1			260		other	0
10108019	934	Response	1	24714754	3861	1
10108019	935	Sound	21	24737725	324	1			260		other	0
10108019	935	Response	1	24740353	2952	1
10108019	936	Sound	21	24758324	417	1			260		other	0
10108019	936	Response	1	24761312	3405	1
10108019	937	Sound	15	24777923	343	1			260		other	0
10108019	937	Response	1	24785550	7971	1
10108019	938	Sound	15	24803321	401	1			260		other	0
10108019	938	Response	1	24807629	4708	1
10108019	939	Sound	11	24821120	361	1			260		other	0
10108019	940	Sound	16	24840919	321	1			260		other	0
10108019	940	Response	1	24844986	4388	1
10108019	941	Sound	20	24860718	447	1			260		other	0
10108019	941	Response	1	24864425	4154	1
10108019	942	Sound	11	24878516	407	1			260		other	0
10108019	943	Sound	19	24905915	464	1			260		other	0
10108019	943	Response	1	24908983	3532	1
10108019	944	Sound	15	24923314	358	1			260		other	0
10108019	945	Sound	17	24949912	448	1			260		other	0
10108019	945	Response	1	24953540	4076	1
10108019	946	Sound	20	24972111	474	1			260		other	0
10108019	946	Response	1	24975778	4142	1
10108019	947	Sound	15	24993510	366	1			260		other	0
10108019	947	Response	1	25001777	8633	1
10108019	948	Sound	16	25011908	427	1			260		other	0
10108019	948	Response	1	25015776	4294	1
10108019	949	Sound	17	25037707	384	1			260		other	0
10108019	949	Response	1	25040494	3171	1
10108019	950	Sound	12	25060905	409	1			260		other	0
10108019	950	Response	1	25066013	5516	1
10108019	951	Sound	18	25085104	434	1			260		other	0
10108019	951	Response	1	25088731	4061	1
10108019	952	Sound	13	25101903	394	1			260		other	0
10108019	953	Response	255	26972535	1846273	1
10108019	954	Sound	11	27046586	336	1			260		other	0
10108019	955	Sound	12	27073984	392	1			260		other	0
10108019	956	Sound	20	27097383	451	1			260		other	0
10108019	956	Response	1	27101887	4955	1
10108019	957	Sound	14	27117981	377	1			260		other	0
10108019	958	Sound	13	27135180	404	1			260		other	0
10108019	959	Sound	21	27155579	463	1			260		other	0
10108019	959	Response	1	27158284	3168	1
10108019	960	Sound	21	27175578	290	1			260		other	0
10108019	960	Response	1	27179402	4114	1
10108019	961	Sound	20	27194377	416	1			260		other	0
10108019	961	Response	1	27198442	4481	1
10108019	962	Sound	19	27212576	276	1			260		other	0
10108019	962	Response	1	27215080	2781	2
10108019	963	Sound	21	27239774	467	1			260		other	0
10108019	963	Response	1	27242119	2811	1
10108019	964	Sound	16	27254973	328	1			260		other	0
10108019	964	Response	1	27260678	6032	1
10108019	965	Sound	17	27277572	420	1			260		other	0
10108019	965	Response	1	27280116	2964	1
10108019	966	Sound	18	27303570	411	1			260		other	0
10108019	966	Response	1	27306595	3435	1
10108019	967	Sound	16	27320169	338	1			260		other	0
10108019	967	Response	1	27323794	3963	1
10108019	968	Sound	11	27344368	363	1			260		other	0
10108019	969	Sound	21	27363967	456	1			260		other	0
10108019	969	Response	1	27366191	2680	1
10108019	970	Sound	19	27381166	316	1			260		other	0
10108019	970	Response	1	27384350	3501	1
10108019	971	Sound	14	27402164	476	1			260		other	0
10108019	971	Response	1	27407068	5380	1
10108019	972	Sound	16	27423563	368	1			260		other	0
10108019	972	Response	1	27427147	3952	1
10108019	973	Sound	19	27441362	328	1			260		other	0
10108019	973	Response	1	27444186	3153	1
10108019	974	Sound	15	27461161	288	1			260		other	0
10108019	974	Response	1	27464905	4032	1
10108019	975	Sound	18	27480160	281	1			260		other	0
10108019	975	Response	1	27483064	3186	1
10108019	976	Sound	11	27505358	306	1			260		other	0
10108019	977	Sound	14	27522157	433	1			260		other	0
10108019	977	Response	1	27527621	5897	1
10108019	978	Sound	13	27549755	356	1			260		other	0
10108019	979	Sound	14	27569154	416	1			260		other	0
10108019	980	Sound	15	27589353	276	1			260		other	0
10108019	980	Response	1	27593137	4060	1
10108019	981	Sound	14	27609152	402	1			260		other	0
10108019	981	Response	1	27614336	5586	1
10108019	982	Sound	17	27624951	363	1			260		other	0
10108019	982	Response	1	27628575	3987	1
10108019	983	Sound	13	27649749	321	1			260		other	0
10108019	984	Sound	18	27677148	378	1			260		other	0
10108019	984	Response	1	27680732	3962	1
10108019	985	Sound	19	27696147	371	1			260		other	0
10108019	985	Response	1	27699130	3355	1
10108019	986	Sound	15	27719745	296	1			260		other	0
10108019	986	Response	1	27724249	4800	1
10108019	987	Sound	17	27746744	286	1			260		other	0
10108019	987	Response	1	27749768	3310	1
10108019	988	Sound	13	27766742	279	1			260		other	0
10108019	988	Response	1	27773126	6663	1
10108019	989	Sound	16	27795141	336	1			260		other	0
10108019	989	Response	1	27798965	4160	1
10108019	990	Sound	12	27817939	461	1			260		other	0
10108019	991	Sound	11	27837138	321	1			260		other	0
10108019	992	Sound	13	27862737	412	1			260		other	0
10108019	992	Response	1	27866000	3675	1
10108019	993	Sound	20	27884335	337	1			260		other	0
10108019	993	Response	1	27886959	2961	1
10108019	994	Sound	17	27908134	296	1			260		other	0
10108019	994	Response	1	27911437	3599	1
10108019	995	Sound	11	27931132	287	1			260		other	0
10108019	995	Response	1	27932876	2031	1
10108019	996	Sound	12	27949131	448	1			260		other	0
10108019	997	Sound	15	27968530	341	1			260		other	0
10108019	997	Response	1	27972794	4604	1
10108019	998	Sound	12	27990129	433	1			260		other	0
10108019	999	Sound	20	28014327	291	1			260		other	0
10108019	999	Response	1	28017351	3315	1
10108019	1000	Sound	18	28034126	417	1			260		other	0
10108019	1000	Response	1	28037510	3801	1
10108019	1001	Sound	12	28057325	442	1			260		other	0
10108019	1002	Sound	16	28078323	435	1			260		other	0
10108019	1002	Response	1	28081587	3699	1
10108019	1003	Sound	17	28098322	428	1			260		other	0
10108019	1003	Response	1	28102146	4251	1
10108019	1004	Sound	15	28122521	286	1			260		other	0
10108019	1004	Response	1	28126384	4149	1
10108019	1005	Sound	19	28143719	312	1			260		other	0
10108019	1005	Response	1	28147103	3695	1
10108019	1006	Sound	18	28163118	371	1			260		other	0
10108019	1006	Response	1	28166142	3395	1
10108019	1007	Sound	20	28185517	263	1			260		other	0
10108019	1007	Response	1	28187980	2727	1
10108019	1008	Sound	21	28203116	357	1			260		other	0
10108019	1008	Response	1	28205899	3141	1
