Scenario - 
Logfile written - 12/12/2018 19:55:58

Subject	Trial	Event Type	Code	Time	TTime	Uncertainty	Duration	Uncertainty	ReqTime	ReqDur	Stim Type	Pair Index

10108017	1	Response	255	43550	43217	1
10108017	2	Sound	19	114812	358	1			260		other	0
10108017	2	Response	1	117145	2692	1
10108017	3	Sound	21	133410	452	1			260		other	0
10108017	3	Response	1	135464	2505	1
10108017	4	Sound	19	152409	278	1			260		other	0
10108017	4	Response	1	154503	2372	1
10108017	5	Sound	20	168608	306	1			260		other	0
10108017	5	Response	1	170662	2359	1
10108017	6	Sound	13	192607	464	1			260		other	0
10108017	7	Sound	19	218005	355	1			260		other	0
10108017	7	Response	1	220499	2848	1
10108017	8	Sound	11	240604	447	1			260		other	0
10108017	9	Sound	15	258803	307	1			260		other	0
10108017	9	Response	1	261936	3440	1
10108017	10	Sound	20	281201	366	1			260		other	0
10108017	10	Response	1	283375	2539	1
10108017	11	Sound	14	308199	356	1			260		other	0
10108017	11	Response	1	311773	3929	1
10108017	12	Sound	11	326998	316	1			260		other	0
10108017	12	Response	1	346251	19568	1
10108017	13	Sound	11	350997	474	1			260		other	0
10108017	14	Sound	11	377395	365	1			260		other	0
10108017	15	Sound	21	399994	457	1			260		other	0
10108017	15	Response	1	402407	2870	1
10108017	16	Sound	21	426192	314	1			260		other	0
10108017	16	Response	1	428405	2527	1
10108017	17	Sound	20	450790	405	1			260		other	0
10108017	17	Response	1	453364	2979	1
10108017	18	Sound	19	475389	330	1			260		other	0
10108017	18	Response	1	477602	2543	1
10108017	19	Sound	15	495588	356	1			260		other	0
10108017	19	Response	1	499201	3969	1
10108017	20	Sound	17	523186	280	1			260		other	0
10108017	20	Response	1	525599	2693	1
10108017	21	Sound	14	550984	403	1			260		other	0
10108017	21	Response	1	552237	1656	1
10108017	22	Sound	12	569783	363	1			260		other	0
10108017	23	Sound	20	593181	421	1			260		other	0
10108017	23	Response	1	595754	2994	1
10108017	24	Sound	16	611580	315	1			260		other	0
10108017	24	Response	1	614553	3288	1
10108017	25	Sound	17	630179	408	1			260		other	0
10108017	25	Response	1	632632	2861	1
10108017	26	Sound	15	653378	433	1			260		other	0
10108017	26	Response	1	656470	3526	1
10108017	27	Sound	14	681176	390	1			260		other	0
10108017	28	Sound	11	704574	448	1			260		other	0
10108017	29	Sound	16	721573	442	1			260		other	0
10108017	29	Response	1	724626	3495	1
10108017	30	Sound	14	737772	303	1			260		other	0
10108017	30	Response	1	762624	25155	1
10108017	31	Sound	16	764771	294	1			260		other	0
10108017	32	Sound	18	791769	451	1			260		other	0
10108017	32	Response	1	794061	2743	1
10108017	33	Sound	12	807368	379	1			260		other	0
10108017	34	Sound	13	828967	304	1			260		other	0
10108017	35	Sound	17	851965	296	1			260		other	0
10108017	35	Response	1	854618	2949	1
10108017	36	Sound	13	875164	321	1			260		other	0
10108017	37	Sound	13	893963	281	1			260		other	0
10108017	38	Sound	18	921161	305	1			260		other	0
10108017	38	Response	1	924293	3437	1
10108017	39	Sound	17	943559	363	1			260		other	0
10108017	39	Response	1	947012	3816	1
10108017	40	Sound	18	962158	290	1			260		other	0
10108017	40	Response	1	965091	3223	1
10108017	41	Sound	15	989556	347	1			260		other	0
10108017	41	Response	1	992449	3240	1
10108017	42	Sound	12	1017755	370	1			260		other	0
10108017	43	Sound	16	1035554	331	1			260		other	0
10108017	43	Response	1	1039646	4423	1
10108017	44	Sound	19	1052353	458	1			260		other	0
10108017	44	Response	1	1056205	4310	1
10108017	45	Sound	18	1076351	449	1			260		other	0
10108017	45	Response	1	1078523	2622	1
10108017	46	Sound	17	1102149	407	1			260		other	0
10108017	46	Response	1	1104922	3179	1
10108017	47	Sound	13	1127348	431	1			260		other	0
10108017	47	Response	1	1144039	17123	1
10108017	48	Sound	18	1153946	355	1			260		other	0
10108017	48	Response	1	1157318	3727	1
10108017	49	Sound	12	1172345	415	1			260		other	0
10108017	50	Sound	14	1196743	473	1			260		other	0
10108017	50	Response	1	1200356	4085	1
10108017	51	Sound	16	1214742	467	1			260		other	0
10108017	51	Response	1	1219155	4879	1
10108017	52	Sound	21	1240341	391	1			260		other	0
10108017	52	Response	1	1242753	2803	1
10108017	53	Sound	21	1267339	381	1			260		other	0
10108017	53	Response	1	1269631	2673	1
10108017	54	Sound	20	1283338	376	1			260		other	0
10108017	54	Response	1	1286430	3468	1
10108017	55	Sound	15	1309936	300	1			260		other	0
10108017	56	Sound	12	1330735	426	1			260		other	0
10108017	57	Response	255	2130536	777973	1
10108017	58	Sound	109	2205480	414	1			260		other	0
10108017	58	Response	1	2208691	3625	1
10108017	59	Sound	109	2225479	407	1			260		other	0
10108017	59	Response	1	2229249	4178	1
10108017	60	Sound	109	2252277	365	1			260		other	0
10108017	60	Response	1	2256128	4215	1
10108017	61	Sound	111	2278675	422	1			260		other	0
10108017	61	Response	1	2280766	2512	1
10108017	62	Sound	101	2297674	415	1			260		other	0
10108017	63	Sound	111	2322872	439	1			260		other	0
10108017	63	Response	1	2325163	2730	1
10108017	64	Sound	108	2342471	366	1			260		other	0
10108017	64	Response	1	2345642	3536	1
10108017	65	Sound	110	2369870	423	1			260		other	0
10108017	65	Response	1	2372520	3074	1
10108017	66	Sound	104	2394868	414	1			260		other	0
10108017	66	Response	1	2398998	4544	1
10108017	67	Sound	102	2414867	406	1			260		other	0
10108017	68	Sound	103	2431666	367	1			260		other	0
10108017	69	Sound	105	2459664	358	1			260		other	0
10108017	69	Response	1	2463154	3849	1
10108017	70	Sound	105	2482262	449	1			260		other	0
10108017	70	Response	1	2487233	5420	1
10108017	71	Sound	102	2504261	275	1			260		other	0
10108017	72	Sound	107	2528259	433	1			260		other	0
10108017	72	Response	1	2534190	6363	1
10108017	73	Sound	104	2549058	392	1			260		other	0
10108017	73	Response	1	2552749	4082	1
10108017	74	Sound	103	2576456	282	1			260		other	0
10108017	74	Response	1	2580907	4733	1
10108017	75	Sound	108	2599855	341	1			260		other	0
10108017	75	Response	1	2602585	3071	1
10108017	76	Sound	106	2618654	467	1			260		other	0
10108017	76	Response	1	2626184	7997	1
10108017	77	Sound	108	2644252	392	1			260		other	0
10108017	77	Response	1	2647143	3283	1
10108017	78	Sound	109	2660651	286	1			260		other	0
10108017	78	Response	1	2663701	3336	1
10108017	79	Sound	102	2677050	346	1			260		other	0
10108017	80	Sound	106	2704048	337	1			260		other	0
10108017	80	Response	1	2707619	3907	1
10108017	81	Sound	103	2732047	327	1			260		other	0
10108017	82	Sound	101	2751845	453	1			260		other	0
10108017	83	Sound	111	2780044	310	1			260		other	0
10108017	83	Response	1	2782734	3000	1
10108017	84	Sound	102	2800242	336	1			260		other	0
10108017	85	Sound	110	2816041	297	1			260		other	0
10108017	85	Response	1	2819051	3307	1
10108017	86	Sound	106	2833240	324	1			260		other	0
10108017	86	Response	1	2838010	5094	1
10108017	87	Sound	111	2861638	381	1			260		other	0
10108017	87	Response	1	2864249	2991	1
10108017	88	Sound	103	2890437	337	1			260		other	0
10108017	88	Response	1	2896806	6707	1
10108017	89	Sound	108	2912435	329	1			260		other	0
10108017	89	Response	1	2915765	3659	1
10108017	90	Sound	104	2931634	356	1			260		other	0
10108017	91	Sound	101	2953033	415	1			260		other	0
10108017	92	Sound	106	2979031	406	1			260		other	0
10108017	92	Response	1	2982241	3615	1
10108017	93	Sound	106	3008029	395	1			260		other	0
10108017	94	Sound	108	3031428	287	1			260		other	0
10108017	94	Response	1	3035518	4377	1
10108017	95	Sound	107	3054826	345	1			260		other	0
10108017	95	Response	1	3058636	4155	1
10108017	96	Sound	104	3075425	439	1			260		other	0
10108017	97	Sound	103	3094224	398	1			260		other	0
10108017	97	Response	1	3099913	6088	1
10108017	98	Sound	101	3112623	458	1			260		other	0
10108017	99	Sound	110	3139421	415	1			260		other	0
10108017	99	Response	1	3142310	3305	1
10108017	100	Sound	105	3167619	438	1			260		other	0
10108017	100	Response	1	3171349	4168	1
10108017	101	Sound	111	3187818	298	1			260		other	0
10108017	101	Response	1	3191028	3508	1
10108017	102	Sound	104	3215816	455	1			260		other	0
10108017	102	Response	1	3220706	5344	1
10108017	103	Sound	110	3232815	282	1			260		other	0
10108017	103	Response	1	3236065	3531	1
10108017	104	Sound	107	3249814	442	1			260		other	0
10108017	104	Response	1	3253104	3732	1
10108017	105	Sound	105	3269013	302	1			260		other	0
10108017	105	Response	1	3272542	3832	1
10108017	106	Sound	109	3296611	392	1			260		other	0
10108017	106	Response	1	3299821	3602	1
10108017	107	Sound	107	3325009	449	1			260		other	0
10108017	107	Response	1	3327979	3419	1
10108017	108	Sound	105	3345208	309	1			260		other	0
10108017	108	Response	1	3348937	4038	1
10108017	109	Sound	102	3372606	365	1			260		other	0
10108017	110	Sound	110	3393205	291	1			260		other	0
10108017	110	Response	1	3396374	3461	1
10108017	111	Sound	101	3414204	451	1			260		other	0
10108017	112	Sound	107	3431402	311	1			260		other	0
10108017	112	Response	1	3434612	3520	1
10108017	113	Response	255	4522862	1072852	1
10108017	114	Sound	106	4593929	331	1			260		other	0
10108017	114	Response	255	4597337	3738	1
10108017	114	Response	1	4605017	11418	1
10108017	115	Sound	101	4618128	355	1			260		other	0
10108017	116	Sound	106	4634727	449	1			260		other	0
10108017	116	Response	1	4638214	3937	1
10108017	117	Sound	101	4663325	372	1			260		other	0
10108017	118	Sound	110	4688123	330	1			260		other	0
10108017	118	Response	1	4690611	2818	1
10108017	119	Sound	102	4708122	323	1			260		other	0
10108017	120	Sound	107	4728921	282	1			260		other	0
10108017	120	Response	1	4732528	3890	1
10108017	121	Sound	109	4750719	408	1			260		other	0
10108017	121	Response	1	4755087	4776	1
10108017	122	Sound	101	4775518	366	1			260		other	0
10108017	123	Sound	108	4802916	423	1			260		other	0
10108017	123	Response	1	4805484	2990	1
10108017	124	Sound	104	4831314	313	1			260		other	0
10108017	124	Response	1	4835642	4640	1
10108017	125	Sound	106	4850913	406	1			260		other	0
10108017	125	Response	1	4857080	6573	1
10108017	126	Sound	108	4877111	430	1			260		other	0
10108017	126	Response	1	4879799	3117	1
10108017	127	Sound	105	4896910	389	1			260		other	0
10108017	127	Response	1	4899638	3117	1
10108017	128	Sound	111	4917309	282	1			260		other	0
10108017	128	Response	1	4919557	2530	1
10108017	129	Sound	105	4937907	375	1			260		other	0
10108017	129	Response	1	4941155	3623	1
10108017	130	Sound	104	4954307	435	1			260		other	0
10108017	130	Response	1	4958434	4563	1
10108017	131	Sound	110	4980305	426	1			260		other	0
10108017	131	Response	1	4982432	2554	1
10108017	132	Sound	107	5002103	385	1			260		other	0
10108017	132	Response	1	5005391	3673	1
10108017	133	Sound	102	5026302	410	1			260		other	0
10108017	134	Sound	102	5046501	269	1			260		other	0
10108017	135	Sound	101	5073499	426	1			260		other	0
10108017	135	Response	1	5081626	8553	1
10108017	136	Sound	103	5099697	284	1			260		other	0
10108017	137	Sound	104	5118696	443	1			260		other	0
10108017	137	Response	1	5123783	5531	1
10108017	138	Sound	102	5136695	437	1			260		other	0
10108017	139	Sound	103	5152894	465	1			260		other	0
10108017	140	Sound	108	5171493	391	1			260		other	0
10108017	140	Response	1	5175540	4439	1
10108017	141	Sound	104	5194891	283	1			260		other	0
10108017	142	Sound	105	5222090	307	1			260		other	0
10108017	142	Response	1	5225617	3834	1
10108017	143	Sound	110	5249488	364	1			260		other	0
10108017	143	Response	1	5253135	4011	1
10108017	144	Sound	108	5267087	291	1			260		other	0
10108017	144	Response	1	5270574	3778	1
10108017	145	Sound	111	5292485	348	1			260		other	0
10108017	145	Response	1	5294812	2675	1
10108017	146	Sound	104	5316884	406	1			260		other	0
10108017	147	Sound	109	5339282	298	1			260		other	0
10108017	147	Response	1	5342009	3025	1
10108017	148	Sound	103	5355881	392	1			260		other	0
10108017	149	Sound	111	5374080	419	1			260		other	0
10108017	149	Response	1	5377367	3706	1
10108017	150	Sound	107	5395279	445	1			260		other	0
10108017	150	Response	1	5399046	4212	1
10108017	151	Sound	110	5416077	404	1			260		other	0
10108017	151	Response	1	5418644	2971	1
10108017	152	Sound	110	5438076	396	1			260		other	0
10108017	152	Response	1	5440483	2803	1
10108017	153	Sound	107	5456475	290	1			260		other	0
10108017	153	Response	1	5460002	3817	1
10108017	154	Sound	111	5477273	416	1			260		other	0
10108017	154	Response	1	5479600	2743	1
10108017	155	Sound	106	5497272	409	1			260		other	0
10108017	155	Response	1	5500399	3536	1
10108017	156	Sound	101	5524270	399	1			260		other	0
10108017	157	Sound	108	5552669	456	1			260		other	0
10108017	157	Response	1	5555835	3622	1
10108017	158	Sound	105	5577667	280	1			260		other	0
10108017	158	Response	1	5582074	4687	1
10108017	159	Sound	102	5595866	307	1			260		other	0
10108017	160	Sound	109	5612065	334	1			260		other	0
10108017	160	Response	1	5614872	3141	1
10108017	161	Sound	107	5632864	460	1			260		other	0
10108017	161	Response	1	5636470	4067	1
10108017	162	Sound	103	5656262	352	1			260		other	0
10108017	163	Sound	106	5683061	309	1			260		other	0
10108017	163	Response	1	5686467	3716	1
10108017	164	Sound	111	5699059	470	1			260		other	0
10108017	164	Response	1	5703506	4917	1
10108017	165	Sound	105	5727058	293	1			260		other	0
10108017	165	Response	1	5731264	4500	1
10108017	166	Sound	109	5756056	450	1			260		other	0
10108017	166	Response	1	5758782	3176	1
10108017	167	Sound	103	5776655	376	1			260		other	0
10108017	168	Sound	109	5805053	432	1			260		other	0
10108017	168	Response	1	5809019	4398	1
10108017	169	Response	255	6797436	974897	1
10108017	170	Sound	110	6861386	289	1			260		other	0
10108017	170	Response	1	6864551	3455	1
10108017	171	Sound	101	6885785	347	1			260		other	0
10108017	172	Sound	105	6903584	308	1			260		other	0
10108017	172	Response	1	6908469	5193	1
10108017	173	Sound	101	6924182	400	1			260		other	0
10108017	174	Sound	106	6943381	427	1			260		other	0
10108017	174	Response	1	6947106	4152	1
10108017	175	Sound	111	6971379	417	1			260		other	0
10108017	175	Response	1	6973744	2782	1
10108017	176	Sound	102	6991578	443	1			260		other	0
10108017	177	Sound	101	7009177	370	1			260		other	0
10108017	178	Sound	108	7026776	464	1			260		other	0
10108017	178	Response	1	7029901	3589	1
10108017	179	Sound	105	7049374	389	1			260		other	0
10108017	179	Response	1	7053899	4914	1
10108017	180	Sound	106	7067773	282	1			260		other	0
10108017	180	Response	1	7071818	4327	1
10108017	181	Sound	103	7091372	374	1			260		other	0
10108017	182	Sound	103	7108971	301	1			260		other	0
10108017	183	Sound	107	7134569	392	1			260		other	0
10108017	183	Response	1	7137574	3397	1
10108017	184	Sound	103	7162567	382	1			260		other	0
10108017	185	Sound	111	7183766	408	1			260		other	0
10108017	185	Response	1	7186530	3172	1
10108017	186	Sound	111	7208964	432	1			260		other	0
10108017	186	Response	1	7211649	3117	1
10108017	187	Sound	106	7233163	457	1			260		other	0
10108017	187	Response	1	7237007	4302	1
10108017	188	Sound	108	7260361	314	1			260		other	0
10108017	188	Response	1	7263166	3119	1
10108017	189	Sound	105	7277560	341	1			260		other	0
10108017	189	Response	1	7282604	5385	1
10108017	190	Sound	103	7306158	264	1			260		other	0
10108017	191	Sound	107	7332156	422	1			260		other	0
10108017	191	Response	1	7335721	3986	1
10108017	192	Sound	106	7353955	380	1			260		other	0
10108017	192	Response	1	7358440	4865	1
10108017	193	Sound	111	7380353	438	1			260		other	0
10108017	193	Response	1	7382678	2762	1
10108017	194	Sound	105	7402152	397	1			260		other	0
10108017	195	Sound	110	7430350	420	1			260		other	0
10108017	195	Response	1	7434034	4104	1
10108017	196	Sound	108	7456549	277	1			260		other	0
10108017	196	Response	1	7460033	3761	1
10108017	197	Sound	105	7473148	371	1			260		other	0
10108017	197	Response	1	7477472	4696	1
10108017	198	Sound	109	7501746	461	1			260		other	0
10108017	198	Response	1	7504590	3305	1
10108017	199	Sound	102	7523944	320	1			260		other	0
10108017	200	Sound	109	7545543	412	1			260		other	0
10108017	200	Response	1	7548667	3537	1
10108017	201	Sound	106	7571541	403	1			260		other	0
10108017	201	Response	1	7574426	3287	1
10108017	202	Sound	110	7589940	463	1			260		other	0
10108017	202	Response	1	7593065	3587	1
10108017	203	Sound	101	7618138	320	1			260		other	0
10108017	204	Sound	108	7635737	414	1			260		other	0
10108017	204	Response	1	7639302	3978	1
10108017	205	Sound	109	7655136	473	1			260		other	0
10108017	205	Response	1	7658740	4077	1
10108017	206	Sound	102	7679135	298	1			260		other	0
10108017	207	Sound	110	7699733	391	1			260		other	0
10108017	207	Response	1	7702497	3155	1
10108017	208	Sound	104	7721132	283	1			260		other	0
10108017	209	Sound	102	7748130	273	1			260		other	0
10108017	210	Sound	107	7767129	433	1			260		other	0
10108017	210	Response	1	7771053	4357	1
10108017	211	Sound	109	7785328	460	1			260		other	0
10108017	212	Sound	107	7804127	420	1			260		other	0
10108017	212	Response	1	7808171	4464	1
10108017	213	Sound	104	7820926	381	1			260		other	0
10108017	214	Sound	101	7845324	439	1			260		other	0
10108017	214	Response	1	7849288	4403	1
10108017	215	Sound	109	7868123	397	1			260		other	0
10108017	215	Response	1	7871127	3401	1
10108017	216	Sound	104	7891921	356	1			260		other	0
10108017	216	Response	1	7896245	4679	1
10108017	217	Sound	110	7918920	346	1			260		other	0
10108017	217	Response	1	7922003	3430	1
10108017	218	Sound	104	7936518	440	1			260		other	0
10108017	219	Sound	107	7961717	464	1			260		other	0
10108017	219	Response	1	7965041	3788	1
10108017	220	Sound	104	7978316	391	1			260		other	0
10108017	221	Sound	103	7994515	419	1			260		other	0
10108017	222	Sound	102	8013114	346	1			260		other	0
10108017	223	Sound	111	8038312	370	1			260		other	0
10108017	223	Response	1	8040796	2854	1
10108017	224	Sound	108	8066910	294	1			260		other	0
10108017	224	Response	1	8070794	4177	1
10108017	225	Response	1	8432531	344827	1
10108017	225	Response	255	8452609	364906	1
10108017	226	Sound	108	8520082	332	1			260		other	0
10108017	226	Response	1	8523165	3415	1
10108017	227	Sound	103	8538680	425	1			260		other	0
10108017	228	Sound	102	8567678	415	1			260		other	0
10108017	229	Sound	107	8586477	375	1			260		other	0
10108017	229	Response	1	8589320	3218	1
10108017	230	Sound	106	8614876	431	1			260		other	0
10108017	230	Response	1	8618839	4394	1
10108017	231	Sound	109	8636074	290	1			260		other	0
10108017	231	Response	1	8640197	4413	1
10108017	232	Sound	108	8656073	283	1			260		other	0
10108017	232	Response	1	8658996	3206	1
10108017	233	Sound	104	8677072	276	1			260		other	0
10108017	234	Sound	107	8699470	334	1			260		other	0
10108017	234	Response	1	8702673	3537	1
10108017	235	Sound	103	8717869	394	1			260		other	0
10108017	236	Sound	106	8746267	451	1			260		other	0
10108017	236	Response	1	8749630	3814	1
10108017	237	Sound	107	8766666	344	1			260		other	0
10108017	237	Response	1	8771949	5626	1
10108017	238	Sound	111	8795264	434	1			260		other	0
10108017	238	Response	1	8797947	3116	1
10108017	239	Sound	106	8811463	461	1			260		other	0
10108017	239	Response	1	8818266	7264	1
10108017	240	Sound	109	8835062	386	1			260		other	0
10108017	240	Response	1	8838344	3669	1
10108017	241	Sound	102	8857060	378	1			260		other	0
10108017	242	Sound	102	8873459	272	1			260		other	0
10108017	243	Sound	106	8890858	333	1			260		other	0
10108017	243	Response	1	8894741	4215	1
10108017	244	Sound	104	8917656	290	1			260		other	0
10108017	244	Response	1	8922019	4652	1
10108017	245	Sound	110	8943455	414	1			260		other	0
10108017	245	Response	1	8946018	2977	1
10108017	246	Sound	104	8959854	308	1			260		other	0
10108017	246	Response	1	8973536	13990	1
10108017	247	Sound	110	8988252	365	1			260		other	0
10108017	247	Response	1	8992334	4447	1
10108017	248	Sound	111	9017050	321	1			260		other	0
10108017	248	Response	1	9019853	3124	1
10108017	249	Sound	104	9035649	414	1			260		other	0
10108017	250	Sound	103	9057048	307	1			260		other	0
10108017	251	Sound	102	9074847	267	1			260		other	0
10108017	252	Sound	107	9098245	325	1			260		other	0
10108017	252	Response	1	9103287	5368	1
10108017	253	Sound	101	9120644	384	1			260		other	0
10108017	254	Sound	109	9144842	409	1			260		other	0
10108017	254	Response	1	9149205	4771	1
10108017	255	Sound	108	9162041	436	1			260		other	0
10108017	255	Response	1	9167123	5518	1
10108017	256	Sound	109	9182440	329	1			260		other	0
10108017	256	Response	1	9186322	4211	1
10108017	257	Sound	103	9198439	323	1			260		other	0
10108017	258	Sound	110	9215238	451	1			260		other	0
10108017	258	Response	1	9218640	3853	1
10108017	259	Sound	106	9232637	344	1			260		other	0
10108017	259	Response	1	9236159	3866	1
10108017	260	Sound	103	9260435	301	1			260		other	0
10108017	261	Sound	108	9285433	292	1			260		other	0
10108017	261	Response	1	9289435	4294	1
10108017	262	Sound	108	9307632	318	1			260		other	0
10108017	262	Response	1	9310874	3560	1
10108017	263	Sound	101	9333430	276	1			260		other	0
10108017	264	Sound	111	9359829	332	1			260		other	0
10108017	264	Response	1	9364790	5294	1
10108017	265	Sound	101	9377027	359	1			260		other	0
10108017	266	Sound	110	9392827	320	1			260		other	0
10108017	266	Response	1	9399268	6762	1
10108017	267	Sound	101	9411425	414	1			260		other	0
10108017	268	Sound	110	9427624	275	1			260		other	0
10108017	268	Response	1	9430546	3197	1
10108017	269	Sound	107	9451623	433	1			260		other	0
10108017	269	Response	1	9456305	5115	1
10108017	270	Sound	105	9471621	426	1			260		other	0
10108017	270	Response	1	9478783	7588	2
10108017	271	Sound	111	9489020	320	1			260		other	0
10108017	271	Response	1	9491902	3202	1
10108017	272	Sound	109	9513819	277	1			260		other	0
10108017	272	Response	1	9517741	4199	1
10108017	273	Sound	104	9539217	335	1			260		other	0
10108017	274	Sound	105	9564016	460	1			260		other	0
10108017	275	Sound	105	9590014	284	1			260		other	0
10108017	275	Response	1	9600695	10965	1
10108017	276	Sound	105	9612613	376	1			260		other	0
10108017	276	Response	1	9617334	5097	1
10108017	277	Sound	102	9632811	402	1			260		other	0
10108017	278	Sound	111	9649210	462	1			260		other	0
10108017	278	Response	1	9651812	3064	1
10108017	279	Sound	105	9672209	287	1			260		other	0
10108017	279	Response	1	9676530	4609	1
10108017	280	Sound	101	9689208	281	1			260		other	0
10108017	281	Response	255	10072105	361092	1
10108017	282	Sound	101	10139979	421	1			260		other	0
10108017	283	Sound	109	10165378	312	1			260		other	0
10108017	283	Response	1	10168899	3833	1
10108017	284	Sound	110	10192576	336	1			260		other	0
10108017	284	Response	1	10195777	3537	1
10108017	285	Sound	105	10209575	329	1			260		other	0
10108017	286	Sound	101	10235373	454	1			260		other	0
10108017	287	Sound	109	10262172	411	1			260		other	0
10108017	287	Response	1	10266333	4572	1
10108017	288	Sound	102	10284370	436	1			260		other	0
10108017	289	Sound	101	10306369	428	1			260		other	0
10108017	290	Sound	108	10330167	386	1			260		other	0
10108017	290	Response	1	10334408	4627	1
10108017	291	Sound	106	10346766	314	1			260		other	0
10108017	291	Response	1	10351287	4835	1
10108017	292	Sound	106	10374765	471	1			260		other	0
10108017	293	Sound	108	10401763	294	1			260		other	0
10108017	293	Response	1	10406084	4615	1
10108017	294	Sound	102	10425961	319	1			260		other	0
10108017	295	Sound	106	10454160	342	1			260		other	0
10108017	295	Response	1	10458320	4503	1
10108017	296	Sound	102	10470159	337	1			260		other	0
10108017	297	Sound	107	10497757	427	1			260		other	0
10108017	297	Response	1	10501997	4667	1
10108017	298	Sound	109	10516156	320	1			260		other	0
10108017	298	Response	1	10520156	4321	1
10108017	299	Sound	104	10536554	379	1			260		other	0
10108017	300	Sound	110	10559353	339	1			260		other	0
10108017	300	Response	1	10562714	3699	2
10108017	301	Sound	106	10582152	297	1			260		other	0
10108017	301	Response	1	10585432	3577	1
10108017	302	Sound	108	10607150	454	1			260		other	0
10108017	302	Response	1	10611030	4335	1
10108017	303	Sound	103	10634148	445	1			260		other	0
10108017	304	Sound	104	10653147	271	1			260		other	0
10108017	304	Response	1	10659667	6792	1
10108017	305	Sound	110	10680945	395	1			260		other	0
10108017	305	Response	1	10683746	3195	1
10108017	306	Sound	108	10700744	354	1			260		other	0
10108017	306	Response	1	10704704	4315	1
10108017	307	Sound	111	10716543	315	1			260		other	0
10108017	307	Response	1	10719343	3116	1
10108017	308	Sound	109	10735942	375	1			260		other	0
10108017	308	Response	1	10739022	3456	1
10108017	309	Sound	107	10753741	335	1			260		other	0
10108017	309	Response	1	10756941	3536	1
10108017	310	Sound	110	10771140	396	1			260		other	0
10108017	310	Response	1	10773980	3236	1
10108017	311	Sound	104	10793538	288	1			260		other	0
10108017	311	Response	1	10797978	4728	1
10108017	312	Sound	103	10819137	379	1			260		other	0
10108017	312	Response	1	10825096	6339	1
10108017	313	Sound	103	10835536	440	1			260		other	0
10108017	313	Response	1	10856935	21839	1
10108017	314	Sound	102	10861734	297	1			260		other	0
10108017	315	Sound	106	10887132	355	1			260		other	0
10108017	315	Response	1	10891012	4234	1
10108017	316	Sound	110	10912731	279	1			260		other	0
10108017	316	Response	1	10915971	3519	1
10108017	317	Sound	107	10935129	337	1			260		other	0
10108017	317	Response	1	10940209	5417	1
10108017	318	Sound	111	10959328	362	1			260		other	0
10108017	318	Response	1	10961808	2842	1
10108017	319	Sound	108	10987726	419	1			260		other	0
10108017	320	Sound	111	11015324	342	1			260		other	0
10108017	320	Response	1	11018124	3142	1
10108017	321	Sound	104	11043323	332	1			260		other	0
10108017	322	Sound	105	11070521	357	1			260		other	0
10108017	323	Sound	111	11092319	315	1			260		other	0
10108017	323	Response	1	11096119	4115	1
10108017	324	Sound	105	11118718	372	1			260		other	0
10108017	325	Sound	111	11136117	432	1			260		other	0
10108017	325	Response	1	11138756	3072	1
10108017	326	Sound	104	11156915	392	1			260		other	0
10108017	327	Sound	103	11181514	317	1			260		other	0
10108017	328	Sound	103	11201513	476	1			260		other	0
10108017	329	Sound	101	11220911	369	1			260		other	0
10108017	330	Sound	105	11248310	426	1			260		other	0
10108017	331	Sound	109	11268508	452	1			260		other	0
10108017	332	Sound	101	11287107	379	1			260		other	0
10108017	333	Sound	107	11308306	404	1			260		other	0
10108017	334	Sound	107	11326505	265	1			260		other	0
10108017	335	Sound	102	11342704	292	1			260		other	0
10108017	336	Sound	105	11359903	319	1			260		other	0
10108017	337	Response	255	11827512	441341	1
10108017	338	Sound	109	11902268	359	1			260		other	0
10108017	338	Response	1	11905427	3518	1
10108017	339	Sound	110	11929467	383	1			260		other	0
10108017	339	Response	1	11932785	3702	1
10108017	340	Sound	103	11947265	343	1			260		other	0
10108017	341	Sound	106	11965664	403	1			260		other	0
10108017	341	Response	1	11969903	4642	1
10108017	342	Sound	109	11987663	396	1			260		other	0
10108017	342	Response	1	11990222	2955	1
10108017	343	Sound	105	12005062	289	1			260		other	0
10108017	344	Sound	104	12031060	447	1			260		other	0
10108017	345	Sound	101	12054659	372	1			260		other	0
10108017	346	Sound	110	12074857	398	1			260		other	0
10108017	346	Response	1	12078456	3996	1
10108017	347	Sound	102	12095256	290	1			260		other	0
10108017	348	Sound	104	12111655	351	1			260		other	0
10108017	348	Response	1	12115414	4110	1
10108017	349	Sound	108	12133854	377	1			260		other	0
10108017	349	Response	1	12137012	3536	1
10108017	350	Sound	105	12152252	437	1			260		other	0
10108017	350	Response	1	12155571	3755	1
10108017	351	Sound	110	12175651	328	1			260		other	0
10108017	351	Response	1	12178530	3207	1
10108017	352	Sound	106	12198450	454	1			260		other	0
10108017	352	Response	1	12200608	2612	1
10108017	353	Sound	110	12221048	379	1			260		other	0
10108017	353	Response	1	12223327	2657	1
10108017	354	Sound	111	12242247	405	1			260		other	0
10108017	354	Response	1	12244685	2843	1
10108017	355	Sound	111	12259846	332	1			260		other	0
10108017	355	Response	1	12262844	3330	1
10108017	356	Sound	108	12285044	356	1			260		other	0
10108017	356	Response	1	12287963	3275	1
10108017	357	Sound	104	12305243	382	1			260		other	0
10108017	357	Response	1	12308681	3821	1
10108017	358	Sound	103	12324042	342	1			260		other	0
10108017	359	Sound	107	12349240	367	1			260		other	0
10108017	359	Response	1	12351959	3085	1
10108017	360	Sound	108	12374638	424	1			260		other	0
10108017	360	Response	1	12379077	4862	1
10108017	361	Sound	106	12397837	449	1			260		other	0
10108017	361	Response	1	12401555	4168	1
10108017	362	Sound	111	12414836	277	1			260		other	0
10108017	362	Response	1	12417954	3395	1
10108017	363	Sound	108	12440234	334	1			260		other	0
10108017	363	Response	1	12442832	2932	1
10108017	364	Sound	106	12459633	394	1			260		other	0
10108017	364	Response	1	12463391	4152	1
10108017	365	Sound	105	12483432	352	1			260		other	0
10108017	365	Response	1	12486750	3670	1
10108017	366	Sound	105	12501031	446	1			260		other	0
10108017	367	Sound	109	12519629	373	1			260		other	0
10108017	367	Response	1	12522748	3491	1
10108017	368	Sound	102	12536828	400	1			260		other	0
10108017	369	Sound	102	12562627	358	1			260		other	0
10108017	370	Sound	101	12590825	381	1			260		other	0
10108017	371	Sound	102	12617823	371	1			260		other	0
10108017	372	Sound	109	12636822	364	1			260		other	0
10108017	372	Response	1	12640260	3802	1
10108017	373	Sound	104	12663420	288	1			260		other	0
10108017	373	Response	1	12668018	4886	1
10108017	374	Sound	107	12691419	278	1			260		other	0
10108017	374	Response	1	12695376	4236	1
10108017	375	Sound	107	12711217	404	1			260		other	0
10108017	375	Response	1	12714975	4162	1
10108017	376	Sound	108	12737216	395	1			260		other	0
10108017	376	Response	1	12741213	4393	1
10108017	377	Sound	101	12763814	319	1			260		other	0
10108017	378	Sound	102	12781013	346	1			260		other	0
10108017	379	Sound	105	12797212	374	1			260		other	0
10108017	380	Sound	107	12818611	433	1			260		other	0
10108017	381	Sound	109	12842209	358	1			260		other	0
10108017	381	Response	1	12846247	4395	1
10108017	382	Sound	103	12868407	382	1			260		other	0
10108017	383	Sound	111	12895006	305	1			260		other	0
10108017	383	Response	1	12898243	3543	1
10108017	384	Sound	103	12911205	333	1			260		other	0
10108017	385	Sound	110	12932003	459	1			260		other	0
10108017	385	Response	1	12935441	3896	1
10108017	386	Sound	104	12958002	283	1			260		other	0
10108017	387	Sound	101	12976801	410	1			260		other	0
10108017	388	Sound	101	13005799	399	1			260		other	0
10108017	389	Sound	107	13021998	427	1			260		other	0
10108017	389	Response	1	13025835	4264	1
10108017	390	Sound	103	13046196	285	1			260		other	0
10108017	391	Sound	106	13073595	343	1			260		other	0
10108017	391	Response	1	13078072	4820	1
10108017	392	Sound	111	13100793	365	1			260		other	0
10108017	392	Response	1	13104710	4283	1
10108017	393	Response	255	14000493	880480	1
10108017	394	Sound	20	14071732	353	1			260		other	0
10108017	394	Response	1	14074568	3189	1
10108017	395	Sound	13	14089930	380	1			260		other	0
10108017	396	Sound	20	14111929	372	1			260		other	0
10108017	396	Response	1	14114565	3008	1
10108017	397	Sound	21	14136528	463	1			260		other	0
10108017	397	Response	1	14138564	2499	1
10108017	398	Sound	20	14155926	356	1			260		other	0
10108017	398	Response	1	14158642	3072	1
10108017	399	Sound	13	14174125	383	1			260		other	0
10108017	400	Sound	16	14197524	274	1			260		other	0
10108017	401	Sound	13	14213123	369	1			260		other	0
10108017	402	Sound	19	14228722	463	1			260		other	0
10108017	402	Response	1	14231438	3179	1
10108017	403	Sound	21	14250720	289	1			260		other	0
10108017	403	Response	1	14253276	2845	1
10108017	404	Sound	21	14269719	449	1			260		other	0
10108017	404	Response	1	14272475	3205	1
10108017	405	Sound	11	14286718	276	1			260		other	0
10108017	406	Sound	18	14304517	403	1			260		other	0
10108017	406	Response	1	14307193	3079	1
10108017	407	Sound	11	14324916	462	1			260		other	0
10108017	408	Sound	15	14349714	420	1			260		other	0
10108017	408	Response	1	14352870	3576	1
10108017	409	Sound	19	14369513	380	1			260		other	0
10108017	409	Response	1	14372308	3176	1
10108017	410	Sound	19	14387712	407	1			260		other	0
10108017	410	Response	1	14390627	3322	1
10108017	411	Sound	19	14406710	400	1			260		other	0
10108017	411	Response	1	14409426	3116	1
10108017	412	Sound	17	14423109	461	1			260		other	0
10108017	412	Response	1	14426225	3576	1
10108017	413	Sound	15	14439908	422	1			260		other	0
10108017	414	Sound	18	14464907	412	1			260		other	0
10108017	414	Response	1	14467582	3088	1
10108017	415	Sound	16	14487305	304	1			260		other	0
10108017	415	Response	1	14489581	2580	1
10108017	416	Sound	14	14504704	365	1			260		other	0
10108017	417	Sound	21	14529303	456	1			260		other	0
10108017	417	Response	1	14531338	2492	1
10108017	418	Sound	19	14545102	417	1			260		other	0
10108017	418	Response	1	14548137	3453	1
10108017	419	Sound	13	14572500	307	1			260		other	0
10108017	419	Response	1	14575496	3303	1
10108017	420	Sound	18	14590499	468	1			260		other	0
10108017	420	Response	1	14592934	2903	1
10108017	421	Sound	16	14613497	460	1			260		other	0
10108017	421	Response	1	14615893	2855	1
10108017	422	Sound	16	14633296	419	1			260		other	0
10108017	422	Response	1	14636372	3495	1
10108017	423	Sound	18	14656895	344	1			260		other	0
10108017	423	Response	1	14659330	2780	1
10108017	424	Sound	14	14672494	272	1			260		other	0
10108017	425	Sound	18	14695892	330	1			260		other	0
10108017	425	Response	1	14698688	3126	1
10108017	426	Sound	15	14722690	287	1			260		other	0
10108017	426	Response	1	14724846	2443	1
10108017	427	Sound	11	14741689	447	1			260		other	0
10108017	428	Sound	15	14761488	407	1			260		other	0
10108017	428	Response	1	14764443	3362	1
10108017	429	Sound	12	14778087	334	1			260		other	0
10108017	430	Sound	21	14798086	327	1			260		other	0
10108017	430	Response	1	14800681	2922	1
10108017	431	Sound	13	14815685	421	1			260		other	0
10108017	432	Sound	17	14835483	380	1			260		other	0
10108017	432	Response	1	14839318	4215	1
10108017	433	Sound	12	14857282	339	1			260		other	0
10108017	434	Sound	20	14884880	429	1			260		other	0
10108017	434	Response	1	14887635	3185	1
10108017	435	Sound	17	14905479	355	1			260		other	0
10108017	435	Response	1	14909234	4110	1
10108017	436	Sound	11	14927878	414	1			260		other	0
10108017	437	Sound	14	14950276	473	1			260		other	0
10108017	438	Sound	15	14966475	334	1			260		other	0
10108017	439	Sound	17	14991274	458	1			260		other	0
10108017	439	Response	1	14995068	4253	1
10108017	440	Sound	12	15013472	317	1			260		other	0
10108017	441	Sound	16	15029471	311	1			260		other	0
10108017	441	Response	1	15033946	4786	1
10108017	442	Sound	20	15045870	372	1			260		other	0
10108017	442	Response	1	15053625	8127	1
10108017	443	Sound	14	15064869	365	1			260		other	0
10108017	443	Response	1	15068664	4160	1
10108017	444	Sound	17	15085668	324	1			260		other	0
10108017	444	Response	1	15089862	4519	1
10108017	445	Sound	11	15104466	284	1			260		other	0
10108017	446	Sound	12	15128665	309	1			260		other	0
10108017	447	Sound	14	15145264	403	1			260		other	0
10108017	448	Sound	12	15172462	427	1			260		other	0
10108017	449	Response	255	15363125	165669	2
10108017	450	Sound	11	15430646	368	1			260		other	0
10108017	451	Sound	16	15450245	295	1			260		other	0
10108017	451	Response	1	15453359	3409	1
10108017	452	Sound	19	15476843	385	1			260		other	0
10108017	452	Response	1	15479117	2659	1
10108017	453	Sound	15	15505041	408	1			260		other	0
10108017	453	Response	1	15508876	4243	1
10108017	454	Sound	21	15529840	366	1			260		other	0
10108017	454	Response	1	15531754	2281	1
10108017	455	Sound	15	15552838	358	1			260		other	0
10108017	455	Response	1	15557352	4872	1
10108017	456	Sound	17	15579436	449	1			260		other	0
10108017	456	Response	1	15582231	3243	1
10108017	457	Sound	20	15600635	308	1			260		other	0
10108017	457	Response	1	15603669	3342	1
10108017	458	Sound	16	15626434	432	1			260		other	0
10108017	458	Response	1	15629188	3186	1
10108017	459	Sound	19	15649632	290	1			260		other	0
10108017	459	Response	1	15651906	2564	1
10108017	460	Sound	11	15666631	284	1			260		other	0
10108017	461	Sound	16	15682030	345	1			260		other	0
10108017	461	Response	1	15684704	3019	1
10108017	462	Sound	14	15697629	440	1			260		other	0
10108017	462	Response	1	15703263	6074	1
10108017	463	Sound	21	15723827	297	1			260		other	0
10108017	463	Response	1	15725742	2211	1
10108017	464	Sound	14	15751226	354	1			260		other	0
10108017	465	Sound	14	15769824	281	1			260		other	0
10108017	466	Sound	11	15792423	373	1			260		other	0
10108017	466	Response	1	15798937	6886	1
10108017	467	Sound	13	15811422	366	1			260		other	0
10108017	468	Sound	18	15830621	392	1			260		other	0
10108017	468	Response	1	15833415	3186	1
10108017	469	Sound	13	15854619	384	1			260		other	0
10108017	470	Sound	13	15873618	377	1			260		other	0
10108017	471	Sound	18	15900416	334	1			260		other	0
10108017	471	Response	1	15903810	3728	1
10108017	472	Sound	21	15916215	295	1			260		other	0
10108017	472	Response	1	15919089	3169	1
10108017	473	Sound	15	15933614	356	1			260		other	0
10108017	473	Response	1	15938288	5029	1
10108017	474	Sound	11	15959213	280	1			260		other	0
10108017	475	Sound	18	15975612	341	1			260		other	0
10108017	475	Response	1	15978925	3654	1
10108017	476	Sound	21	15994010	401	1			260		other	0
10108017	476	Response	1	15996444	2835	1
10108017	477	Sound	20	16019409	291	1			260		other	0
10108017	477	Response	1	16022363	3245	1
10108017	478	Sound	21	16039807	351	1			260		other	0
10108017	478	Response	1	16042281	2825	1
10108017	479	Sound	14	16058806	344	1			260		other	0
10108017	480	Sound	12	16083805	335	1			260		other	0
10108017	481	Sound	20	16110603	459	1			260		other	0
10108017	481	Response	1	16113717	3573	1
10108017	482	Sound	13	16133402	418	1			260		other	0
10108017	483	Sound	12	16159000	342	1			260		other	0
10108017	484	Sound	17	16177199	369	1			260		other	0
10108017	484	Response	1	16180512	3682	1
10108017	485	Sound	14	16193398	396	1			260		other	0
10108017	486	Sound	13	16218196	354	1			260		other	0
10108017	487	Sound	20	16234995	315	1			260		other	0
10108017	487	Response	1	16237789	3108	1
10108017	488	Sound	16	16261393	372	1			260		other	0
10108017	488	Response	1	16265067	4045	1
10108017	489	Sound	17	16283992	464	1			260		other	0
10108017	489	Response	1	16286905	3377	1
10108017	490	Sound	19	16302591	391	1			260		other	0
10108017	490	Response	1	16305464	3264	1
10108017	491	Sound	17	16327389	349	1			260		other	0
10108017	491	Response	1	16329943	2902	1
10108017	491	Response	1	16343542	16501	1
10108017	492	Sound	15	16345988	275	1			260		other	0
10108017	493	Sound	16	16364587	369	1			260		other	0
10108017	493	Response	1	16369300	5082	1
10108017	494	Sound	20	16389385	327	1			260		other	0
10108017	494	Response	1	16392019	2960	1
10108017	495	Sound	17	16405784	387	1			260		other	0
10108017	495	Response	1	16409298	3900	1
10108017	496	Sound	19	16428183	279	1			260		other	0
10108017	496	Response	1	16430656	2752	1
10108017	497	Sound	12	16444182	273	1			260		other	0
10108017	498	Sound	19	16471980	397	1			260		other	0
10108017	498	Response	1	16475213	3630	1
10108017	499	Sound	12	16495579	322	1			260		other	0
10108017	500	Sound	12	16520577	313	1			260		other	0
10108017	501	Sound	18	16538776	340	1			260		other	0
10108017	501	Response	1	16541449	3013	1
10108017	502	Sound	18	16560175	399	1			260		other	0
10108017	502	Response	1	16563288	3512	1
10108017	503	Sound	11	16579173	392	1			260		other	0
10108017	504	Sound	15	16602572	284	1			260		other	0
10108017	504	Response	1	16606085	3797	1
10108017	505	Response	1	16623524	1983	1
10108017	505	Response	255	18698750	2077210	1
10108017	506	Sound	17	18769035	278	1			260		other	0
10108017	506	Response	1	18772585	3828	1
10108017	507	Sound	20	18791034	437	1			260		other	0
10108017	507	Response	1	18793544	2947	1
10108017	508	Sound	19	18817232	461	1			260		other	0
10108017	508	Response	1	18819543	2772	1
10108017	509	Sound	14	18839431	320	1			260		other	0
10108017	509	Response	1	18843301	4190	1
10108017	510	Sound	17	18858630	346	1			260		other	0
10108017	510	Response	1	18860820	2536	1
10108017	511	Sound	15	18886828	370	1			260		other	0
10108017	511	Response	1	18889858	3399	1
10108017	512	Sound	16	18905627	329	1			260		other	0
10108017	512	Response	1	18908177	2880	1
10108017	513	Sound	21	18922826	357	1			260		other	0
10108017	513	Response	1	18925056	2587	1
10108017	514	Sound	12	18945624	315	1			260		other	0
10108017	515	Sound	13	18962023	376	1			260		other	0
10108017	516	Sound	11	18986622	300	1			260		other	0
10108017	517	Sound	13	19014620	457	1			260		other	0
10108017	518	Sound	14	19039818	315	1			260		other	0
10108017	519	Sound	17	19056617	276	1			260		other	0
10108017	519	Response	1	19059607	3265	1
10108017	520	Sound	12	19080816	300	1			260		other	0
10108017	521	Sound	15	19105814	291	1			260		other	0
10108017	521	Response	1	19109604	4081	1
10108017	522	Sound	12	19134012	315	1			260		other	0
10108017	523	Sound	14	19150011	309	1			260		other	0
10108017	524	Sound	21	19171410	368	1			260		other	0
10108017	524	Response	1	19174480	3438	1
10108017	525	Sound	20	19195409	359	1			260		other	0
10108017	525	Response	1	19198958	3909	1
10108017	526	Sound	19	19217007	452	1			260		other	0
10108017	526	Response	1	19222796	6241	1
10108017	527	Sound	18	19241206	310	1			260		other	0
10108017	527	Response	1	19243755	2859	1
10108017	528	Sound	13	19268604	367	1			260		other	0
10108017	529	Sound	21	19293402	324	1			260		other	0
10108017	529	Response	1	19295752	2674	1
10108017	530	Sound	16	19312401	318	1			260		other	0
10108017	530	Response	1	19319111	7027	1
10108017	531	Sound	16	19327600	346	1			260		other	0
10108017	531	Response	1	19331750	4495	1
10108017	532	Sound	18	19348399	305	1			260		other	0
10108017	532	Response	1	19351668	3574	1
10108017	533	Sound	19	19376397	295	1			260		other	0
10108017	533	Response	1	19379346	3244	1
10108017	534	Sound	11	19397596	321	1			260		other	0
10108017	535	Sound	19	19425194	411	1			260		other	0
10108017	535	Response	1	19430703	5920	1
10108017	536	Sound	18	19446593	303	1			260		other	0
10108017	536	Response	1	19449742	3453	1
10108017	537	Sound	20	19461992	364	1			260		other	0
10108017	537	Response	1	19465661	4034	1
10108017	538	Sound	15	19479591	458	1			260		other	0
10108017	538	Response	1	19482460	3328	1
10108017	539	Sound	20	19503989	349	1			260		other	0
10108017	539	Response	1	19507178	3539	1
10108017	540	Sound	21	19521788	310	1			260		other	0
10108017	540	Response	1	19526377	4899	1
10108017	541	Sound	15	19537587	271	1			260		other	0
10108017	542	Sound	14	19560785	296	1			260		other	0
10108017	543	Sound	16	19582784	455	1			260		other	0
10108017	543	Response	1	19587093	4764	1
10108017	544	Sound	13	19604783	447	1			260		other	0
10108017	545	Sound	12	19623182	340	1			260		other	0
10108017	546	Sound	11	19646780	432	1			260		other	0
10108017	547	Sound	17	19668779	424	1			260		other	0
10108017	547	Response	1	19671648	3293	1
10108017	548	Sound	18	19691577	383	1			260		other	0
10108017	548	Response	1	19695006	3812	1
10108017	549	Sound	18	19710976	442	1			260		other	0
10108017	549	Response	1	19715165	4631	1
10108017	550	Sound	13	19734375	334	1			260		other	0
10108017	551	Sound	19	19756973	426	1			260		other	0
10108017	551	Response	1	19760762	4215	1
10108017	552	Sound	16	19784171	283	1			260		other	0
10108017	553	Sound	21	19803770	376	1			260		other	0
10108017	553	Response	1	19805959	2565	1
10108017	554	Sound	20	19820169	437	1			260		other	0
10108017	554	Response	1	19822838	3106	1
10108017	555	Sound	14	19846367	461	1			260		other	0
10108017	555	Response	1	19850996	5090	1
10108017	556	Sound	17	19870966	385	1			260		other	0
10108017	556	Response	1	19873315	2734	1
10108017	557	Sound	11	19897364	276	1			260		other	0
10108017	558	Sound	12	19923763	333	1			260		other	0
10108017	559	Sound	11	19940761	327	1			260		other	0
10108017	560	Sound	15	19963160	386	1			260		other	0
10108017	561	Response	255	23153344	3170150	1
10108017	562	Sound	14	23229754	355	1			260		other	0
10108017	563	Sound	11	23247153	415	1			260		other	0
10108017	564	Sound	11	23272951	372	1			260		other	0
10108017	565	Sound	18	23290550	466	1			260		other	0
10108017	565	Response	1	23295975	5891	1
10108017	566	Sound	21	23314149	391	1			260		other	0
10108017	566	Response	1	23316293	2536	1
10108017	567	Sound	11	23329548	286	1			260		other	0
10108017	568	Sound	15	23349347	412	1			260		other	0
10108017	569	Sound	21	23367946	339	1			260		other	0
10108017	569	Response	1	23370690	3083	1
10108017	570	Sound	19	23386344	399	1			260		other	0
10108017	570	Response	1	23389249	3303	1
10108017	571	Sound	20	23404143	359	1			260		other	0
10108017	571	Response	1	23406768	2984	1
10108017	572	Sound	15	23431541	416	1			260		other	0
10108017	572	Response	1	23434286	3160	1
10108017	573	Sound	13	23457340	373	1			260		other	0
10108017	573	Response	1	23460045	3078	1
10108017	574	Sound	19	23476939	466	1			260		other	0
10108017	574	Response	1	23479483	3011	1
10108017	575	Sound	21	23498137	326	1			260		other	0
10108017	575	Response	1	23500442	2630	1
10108017	576	Sound	11	23521336	351	1			260		other	0
10108017	577	Sound	19	23537935	278	1			260		other	0
10108017	577	Response	1	23540679	3022	1
10108017	578	Sound	21	23564333	335	1			260		other	0
10108017	578	Response	1	23566837	2839	1
10108017	579	Sound	17	23583932	262	1			260		other	0
10108017	579	Response	1	23587876	4206	1
10108017	580	Sound	16	23604331	321	1			260		other	0
10108017	580	Response	1	23607315	3305	1
10108017	581	Sound	18	23627129	446	1			260		other	0
10108017	581	Response	1	23629153	2470	1
10108017	582	Sound	16	23652328	471	1			260		other	0
10108017	582	Response	1	23654432	2575	1
10108017	583	Sound	15	23679926	394	1			260		other	0
10108017	583	Response	1	23683070	3538	1
10108017	584	Sound	14	23701524	320	1			260		other	0
10108017	584	Response	1	23706908	5704	1
10108017	585	Sound	16	23723323	445	1			260		other	0
10108017	585	Response	1	23726347	3469	1
10108017	586	Sound	16	23744922	371	1			260		other	0
10108017	586	Response	1	23747546	2995	1
10108017	587	Sound	12	23761321	432	1			260		other	0
10108017	588	Sound	13	23782919	357	1			260		other	0
10108017	589	Sound	20	23809918	348	1			260		other	0
10108017	589	Response	1	23812421	2852	1
10108017	590	Sound	12	23832316	407	1			260		other	0
10108017	591	Sound	20	23853715	465	1			260		other	0
10108017	592	Sound	21	23877713	457	1			260		other	0
10108017	592	Response	1	23881617	4361	1
10108017	593	Sound	19	23903912	314	1			260		other	0
10108017	593	Response	1	23906735	3138	1
10108017	594	Sound	19	23925310	373	1			260		other	0
10108017	594	Response	1	23929054	4117	1
10108017	595	Sound	20	23942109	334	1			260		other	0
10108017	595	Response	1	23946493	4717	1
10108017	596	Sound	15	23959908	461	1			260		other	0
10108017	596	Response	1	23966412	6964	1
10108017	597	Sound	12	23981907	453	1			260		other	0
10108017	598	Sound	17	24004105	312	1			260		other	0
10108017	598	Response	1	24007929	4135	1
10108017	599	Sound	16	24020104	306	1			260		other	0
10108017	599	Response	1	24023208	3410	1
10108017	600	Sound	18	24035303	334	1			260		other	0
10108017	600	Response	1	24037847	2878	1
10108017	601	Sound	13	24054702	394	1			260		other	0
10108017	602	Sound	20	24073101	454	1			260		other	0
10108017	602	Response	1	24076085	3438	1
10108017	603	Sound	15	24098099	278	1			260		other	0
10108017	603	Response	1	24101843	4022	1
10108017	604	Sound	14	24118898	404	1			260		other	0
10108017	605	Sound	17	24144296	295	1			260		other	0
10108017	605	Response	1	24147920	3919	1
10108017	606	Sound	17	24162295	289	1			260		other	0
10108017	606	Response	1	24166239	4232	1
10108017	607	Sound	14	24178094	417	1			260		other	0
10108017	608	Sound	18	24201293	442	1			260		other	0
10108017	608	Response	1	24204716	3865	1
10108017	609	Sound	18	24225691	333	1			260		other	0
10108017	609	Response	1	24228555	3196	1
10108017	610	Sound	14	24245490	459	1			260		other	0
10108017	611	Sound	13	24266289	418	1			260		other	0
10108017	612	Sound	11	24284688	312	1			260		other	0
10108017	613	Sound	12	24307086	370	1			260		other	0
10108017	614	Sound	13	24323485	264	1			260		other	0
10108017	615	Sound	12	24340484	425	1			260		other	0
10108017	616	Sound	17	24357883	319	1			260		other	0
10108017	617	Response	255	24610371	233054	1
10108017	618	Sound	13	24687862	368	1			260		other	0
10108017	619	Sound	11	24708861	361	1			260		other	0
10108017	620	Sound	21	24733259	418	1			260		other	0
10108017	620	Response	1	24736842	4001	1
10108017	621	Sound	12	24750658	312	1			260		other	0
10108017	622	Sound	15	24774057	371	1			260		other	0
10108017	623	Sound	15	24792656	297	1			260		other	0
10108017	624	Sound	13	24819454	421	1			260		other	0
10108017	625	Sound	16	24843652	279	1			260		other	0
10108017	625	Response	1	24847155	3782	1
10108017	626	Sound	21	24865451	405	1			260		other	0
10108017	626	Response	1	24867714	2667	1
10108017	627	Sound	12	24882850	465	1			260		other	0
10108017	628	Sound	19	24908048	323	1			260		other	0
10108017	628	Response	1	24911150	3424	2
10108017	629	Sound	16	24924847	450	1			260		other	0
10108017	630	Sound	21	24946846	442	1			260		other	0
10108017	630	Response	1	24948908	2505	1
10108017	631	Sound	17	24974244	333	1			260		other	0
10108017	631	Response	1	24976907	2995	1
10108017	632	Sound	16	24996843	425	1			260		other	0
10108017	632	Response	1	25000025	3607	1
10108017	633	Sound	15	25013242	319	1			260		other	0
10108017	633	Response	1	25015784	2861	1
10108017	634	Sound	16	25035240	477	1			260		other	0
10108017	634	Response	1	25037863	3100	1
10108017	635	Sound	20	25060039	435	1			260		other	0
10108017	635	Response	1	25062101	2498	1
10108017	636	Sound	15	25083037	427	1			260		other	0
10108017	636	Response	1	25086740	4129	1
10108017	637	Sound	14	25098636	355	1			260		other	0
10108017	638	Sound	19	25116635	348	1			260		other	0
10108017	638	Response	1	25118898	2611	1
10108017	639	Sound	18	25132834	376	1			260		other	0
10108017	639	Response	1	25135936	3478	1
10108017	640	Sound	19	25149833	370	1			260		other	0
10108017	640	Response	1	25152495	3032	1
10108017	641	Sound	19	25173632	328	1			260		other	0
10108017	641	Response	1	25176094	2790	1
10108017	642	Sound	11	25193030	388	1			260		other	0
10108017	643	Sound	18	25211429	281	1			260		other	0
10108017	643	Response	1	25214331	3184	1
10108017	644	Sound	17	25229028	375	1			260		other	0
10108017	644	Response	1	25232010	3357	1
10108017	645	Sound	20	25244627	303	1			260		other	0
10108017	645	Response	1	25247529	3205	1
10108017	646	Sound	14	25260426	430	1			260		other	0
10108017	647	Sound	21	25287624	454	1			260		other	0
10108017	647	Response	1	25289687	2516	1
10108017	648	Sound	18	25304623	448	1			260		other	0
10108017	648	Response	1	25309125	4950	1
10108017	649	Sound	18	25328622	439	1			260		other	0
10108017	649	Response	1	25330964	2782	1
10108017	650	Sound	14	25355220	363	1			260		other	0
10108017	651	Sound	20	25371819	458	1			260		other	0
10108017	651	Response	1	25374481	3119	1
10108017	652	Sound	17	25392818	450	1			260		other	0
10108017	652	Response	1	25395840	3472	1
10108017	653	Sound	12	25421016	307	1			260		other	0
10108017	654	Sound	21	25438015	467	1			260		other	0
10108017	654	Response	1	25440397	2849	1
10108017	655	Sound	12	25457014	294	1			260		other	0
10108017	656	Sound	19	25482012	285	1			260		other	0
10108017	656	Response	1	25484794	3067	1
10108017	657	Sound	13	25498011	279	1			260		other	0
10108017	658	Sound	15	25519610	371	1			260		other	0
10108017	659	Sound	16	25541208	464	1			260		other	0
10108017	659	Response	1	25544230	3485	1
10108017	660	Sound	11	25566007	421	1			260		other	0
10108017	661	Sound	20	25588606	347	1			260		other	0
10108017	661	Response	1	25592067	3808	1
10108017	662	Sound	17	25615404	304	1			260		other	0
10108017	662	Response	1	25618465	3365	1
10108017	663	Sound	13	25636403	463	1			260		other	0
10108017	663	Response	1	25640304	4365	1
10108017	664	Sound	14	25663001	387	1			260		other	0
10108017	664	Response	1	25663023	409	1
10108017	665	Sound	11	25684599	313	1			260		other	0
10108017	666	Sound	13	25709998	370	1			260		other	0
10108017	667	Sound	17	25731797	329	1			260		other	0
10108017	667	Response	1	25736218	4750	1
10108017	668	Sound	14	25747996	357	1			260		other	0
10108017	669	Sound	18	25774394	414	1			260		other	0
10108017	669	Response	1	25777015	3035	1
10108017	670	Sound	20	25796592	439	1			260		other	0
10108017	670	Response	1	25803254	7100	1
10108017	671	Sound	12	25816591	432	1			260		other	0
10108017	672	Sound	11	25841390	390	1			260		other	0
10108017	673	Response	255	26812709	944621	1
10108017	674	Sound	11	26888124	317	1			260		other	0
10108017	675	Sound	17	26916122	307	1			260		other	0
10108017	675	Response	1	26919742	3927	1
10108017	676	Sound	18	26933521	367	1			260		other	0
10108017	676	Response	1	26936061	2907	1
10108017	677	Sound	19	26955119	460	1			260		other	0
10108017	678	Sound	17	26970518	354	1			260		other	0
10108017	678	Response	1	26973018	2854	1
10108017	679	Sound	14	26991717	380	1			260		other	0
10108017	680	Sound	12	27012316	306	1			260		other	0
10108017	681	Sound	13	27027915	400	1			260		other	0
10108017	682	Sound	19	27045314	294	1			260		other	0
10108017	682	Response	1	27048374	3354	1
10108017	683	Sound	15	27068112	419	1			260		other	0
10108017	683	Response	1	27071732	4039	1
10108017	684	Sound	16	27088711	345	1			260		other	0
10108017	684	Response	1	27091411	3045	1
10108017	685	Sound	12	27106110	406	1			260		other	0
10108017	686	Sound	18	27125909	365	1			260		other	0
10108017	686	Response	1	27128768	3225	1
10108017	687	Sound	15	27147507	458	1			260		other	0
10108017	687	Response	1	27151007	3957	1
10108017	688	Sound	12	27162906	352	1			260		other	0
10108017	689	Sound	14	27190505	442	1			260		other	0
10108017	690	Sound	21	27217303	399	1			260		other	0
10108017	690	Response	1	27219802	2899	1
10108017	691	Sound	20	27233102	360	1			260		other	0
10108017	691	Response	1	27239721	6980	1
10108017	692	Sound	14	27257700	285	1			260		other	0
10108017	693	Sound	14	27279299	377	1			260		other	0
10108017	694	Sound	16	27298698	270	1			260		other	0
10108017	694	Response	1	27301717	3290	1
10108017	695	Sound	20	27320696	429	1			260		other	0
10108017	695	Response	1	27323636	3369	1
10108017	696	Sound	14	27338295	356	1			260		other	0
10108017	696	Response	1	27343475	5536	1
10108017	697	Sound	21	27361694	415	1			260		other	0
10108017	697	Response	1	27364033	2754	1
10108017	698	Sound	19	27388892	272	1			260		other	0
10108017	698	Response	1	27391551	2931	1
10108017	699	Sound	20	27414090	463	1			260		other	0
10108017	699	Response	1	27416670	3042	1
10108017	700	Sound	13	27438289	321	1			260		other	0
10108017	701	Sound	12	27454288	315	1			260		other	0
10108017	702	Sound	13	27475687	374	1			260		other	0
10108017	703	Sound	11	27495285	467	1			260		other	0
10108017	704	Sound	18	27512284	294	1			260		other	0
10108017	704	Response	1	27515383	3393	1
10108017	705	Sound	12	27534283	286	1			260		other	0
10108017	706	Sound	11	27556282	278	1			260		other	0
10108017	707	Sound	13	27575280	438	1			260		other	0
10108017	708	Sound	21	27590479	300	1			260		other	0
10108017	708	Response	1	27593778	3599	1
10108017	709	Sound	16	27608478	293	1			260		other	0
10108017	709	Response	1	27612817	4632	1
10108017	710	Sound	17	27634477	451	1			260		other	0
10108017	710	Response	1	27637695	3670	1
10108017	711	Sound	19	27661075	375	1			260		other	0
10108017	711	Response	1	27663694	2994	1
10108017	712	Sound	17	27679674	301	1			260		other	0
10108017	712	Response	1	27682973	3600	1
10108017	713	Sound	11	27696473	429	1			260		other	0
10108017	714	Sound	20	27724471	419	1			260		other	0
10108017	714	Response	1	27727530	3477	1
10108017	715	Sound	18	27744470	411	1			260		other	0
10108017	715	Response	1	27747609	3550	1
10108017	716	Sound	21	27768468	403	1			260		other	0
10108017	716	Response	1	27770967	2902	1
10108017	717	Sound	18	27794867	460	1			260		other	0
10108017	717	Response	1	27797845	3439	1
10108017	718	Sound	16	27820465	384	1			260		other	0
10108017	718	Response	1	27823604	3523	1
10108017	719	Sound	11	27843063	310	1			260		other	0
10108017	720	Sound	17	27859262	337	1			260		other	0
10108017	720	Response	1	27862481	3556	1
10108017	721	Sound	21	27882061	296	1			260		other	0
10108017	721	Response	1	27884560	2794	1
10108017	722	Sound	20	27903860	421	1			260		other	0
10108017	722	Response	1	27906798	3360	1
10108017	723	Sound	16	27930258	479	1			260		other	0
10108017	723	Response	1	27933516	3737	1
10108017	724	Sound	15	27957456	335	1			260		other	0
10108017	724	Response	1	27960315	3194	1
10108017	725	Sound	13	27975055	262	1			260		other	0
10108017	726	Sound	19	27999654	354	1			260		other	0
10108017	726	Response	1	28002712	3412	1
10108017	727	Sound	15	28027652	344	1			260		other	0
10108017	727	Response	1	28037030	9722	1
10108017	728	Sound	15	28055050	401	1			260		other	0
10108017	728	Response	1	28059109	4459	1
10108017	729	Response	255	30670541	2596806	1
10108017	730	Sound	110	30734881	445	1			260		other	0
10108017	730	Response	1	30738456	4020	1
10108017	731	Sound	105	30760480	369	1			260		other	0
10108017	731	Response	1	30764215	4104	1
10108017	732	Sound	110	30781878	262	1			260		other	0
10108017	732	Response	1	30784373	2757	1
10108017	733	Sound	108	30797877	423	1			260		other	0
10108017	733	Response	1	30800932	3478	1
10108017	734	Sound	111	30823076	280	1			260		other	0
10108017	734	Response	1	30826290	3495	1
10108017	735	Sound	111	30845874	406	1			260		other	0
10108017	735	Response	1	30847889	2421	1
10108017	736	Sound	104	30873672	362	1			260		other	0
10108017	737	Sound	109	30895271	455	1			260		other	0
10108017	737	Response	1	30898126	3310	1
10108017	738	Sound	105	30919270	446	1			260		other	0
10108017	738	Response	1	30923244	4421	1
10108017	739	Sound	104	30941868	371	1			260		other	0
10108017	739	Response	1	30945963	4466	1
10108017	740	Sound	103	30964467	463	1			260		other	0
10108017	741	Sound	109	30980866	357	1			260		other	0
10108017	741	Response	1	30983960	3452	1
10108017	742	Sound	108	31009064	381	1			260		other	0
10108017	742	Response	1	31011958	3275	1
10108017	743	Sound	105	31029463	273	1			260		other	0
10108017	743	Response	1	31033557	4368	1
10108017	744	Sound	104	31057861	330	1			260		other	0
10108017	744	Response	1	31061076	3545	1
10108017	745	Sound	103	31073860	324	1			260		other	0
10108017	746	Sound	107	31091659	451	1			260		other	0
10108017	746	Response	1	31094513	3306	1
10108017	747	Sound	103	31117657	275	1			260		other	0
10108017	747	Response	1	31122032	4650	1
10108017	748	Sound	102	31135656	269	1			260		other	0
10108017	749	Sound	103	31158255	361	1			260		other	0
10108017	749	Response	1	31165549	7655	1
10108017	750	Sound	110	31175253	355	1			260		other	0
10108017	751	Sound	108	31200652	413	1			260		other	0
10108017	751	Response	1	31205466	5227	1
10108017	752	Sound	109	31218051	306	1			260		other	0
10108017	752	Response	1	31220745	3001	1
10108017	753	Sound	107	31235650	400	1			260		other	0
10108017	753	Response	1	31238904	3654	1
10108017	754	Sound	106	31258248	325	1			260		other	0
10108017	754	Response	1	31261383	3460	1
10108017	755	Sound	111	31286646	382	1			260		other	0
10108017	755	Response	1	31289141	2876	1
10108017	756	Sound	109	31312245	306	1			260		other	0
10108017	756	Response	1	31315379	3440	1
10108017	757	Sound	106	31334043	432	1			260		other	0
10108017	757	Response	1	31337218	3606	1
10108017	758	Sound	101	31351242	459	1			260		other	0
10108017	759	Sound	104	31378641	349	1			260		other	0
10108017	759	Response	1	31382655	4363	1
10108017	760	Sound	101	31401239	274	1			260		other	0
10108017	761	Sound	101	31424038	399	1			260		other	0
10108017	762	Sound	107	31447436	458	1			260		other	0
10108017	762	Response	1	31450330	3352	1
10108017	763	Sound	108	31475035	381	1			260		other	0
10108017	763	Response	1	31478568	3915	1
10108017	764	Sound	111	31495833	341	1			260		other	0
10108017	764	Response	1	31498647	3155	1
10108017	765	Sound	110	31520432	432	1			260		other	0
10108017	765	Response	1	31524006	4006	1
10108017	766	Sound	107	31545030	356	1			260		other	0
10108017	766	Response	1	31548644	3970	1
10108017	767	Sound	102	31571229	380	1			260		other	0
10108017	768	Sound	103	31593627	439	1			260		other	0
10108017	769	Sound	104	31609626	267	1			260		other	0
10108017	769	Response	1	31613760	4400	1
10108017	770	Sound	105	31626025	327	1			260		other	0
10108017	771	Sound	106	31653423	384	1			260		other	0
10108017	771	Response	1	31656557	3518	1
10108017	772	Sound	102	31673422	377	1			260		other	0
10108017	773	Sound	106	31694821	436	1			260		other	0
10108017	773	Response	1	31697674	3290	1
10108017	774	Sound	108	31716020	462	1			260		other	0
10108017	774	Response	1	31719673	4115	2
10108017	775	Sound	101	31734618	389	1			260		other	0
10108017	776	Sound	105	31755617	381	1			260		other	0
10108017	776	Response	1	31759271	4035	1
10108017	777	Sound	102	31776416	340	1			260		other	0
10108017	778	Sound	110	31800614	365	1			260		other	0
10108017	778	Response	1	31803108	2859	1
10108017	779	Sound	106	31827012	422	1			260		other	0
10108017	779	Response	1	31830226	3636	1
10108017	780	Sound	102	31846411	315	1			260		other	0
10108017	781	Sound	111	31866210	275	1			260		other	0
10108017	781	Response	1	31868704	2769	1
10108017	782	Sound	107	31887209	434	1			260		other	0
10108017	782	Response	1	31892462	5687	2
10108017	783	Sound	101	31905607	328	1			260		other	0
10108017	784	Sound	109	31928006	386	1			260		other	0
10108017	784	Response	1	31930939	3320	1
10108017	785	Response	255	31959978	12439	1
10108017	786	Sound	11	32029600	283	1			260		other	0
10108017	787	Sound	19	32045199	378	1			260		other	0
10108017	787	Response	1	32048852	4031	1
10108017	788	Sound	13	32071797	468	1			260		other	0
10108017	789	Sound	12	32097795	459	1			260		other	0
10108017	790	Sound	18	32123394	383	1			260		other	0
10108017	790	Response	1	32126687	3677	1
10108017	791	Sound	14	32142193	343	1			260		other	0
10108017	791	Response	1	32148526	6676	1
10108017	792	Sound	17	32165191	335	1			260		other	0
10108017	792	Response	1	32167724	2868	1
10108017	793	Sound	18	32187990	460	1			260		other	0
10108017	793	Response	1	32190443	2913	1
10108017	794	Sound	15	32205989	454	1			260		other	0
10108017	794	Response	1	32209481	3947	1
10108017	795	Sound	12	32231987	445	1			260		other	0
10108017	796	Sound	17	32255985	436	1			260		other	0
10108017	796	Response	1	32258998	3449	1
10108017	797	Sound	14	32275984	429	1			260		other	0
10108017	797	Response	1	32280837	5282	1
10108017	798	Sound	11	32301183	453	1			260		other	0
10108017	799	Sound	14	32323181	279	1			260		other	0
10108017	800	Sound	14	32348180	270	1			260		other	0
10108017	801	Sound	16	32369778	362	1			260		other	0
10108017	801	Response	1	32373951	4535	1
10108017	802	Sound	11	32389577	322	1			260		other	0
10108017	802	Response	1	32399229	9974	1
10108017	803	Sound	20	32409376	448	1			260		other	0
10108017	803	Response	1	32412829	3901	1
10108017	804	Sound	21	32430574	307	1			260		other	0
10108017	804	Response	1	32435307	5040	1
10108017	805	Sound	11	32449373	434	1			260		other	0
10108017	806	Sound	12	32475772	324	1			260		other	0
10108017	807	Sound	18	32502570	281	1			260		other	0
10108017	807	Response	1	32505622	3334	1
10108017	808	Sound	15	32524169	374	1			260		other	0
10108017	808	Response	1	32528341	4546	1
10108017	809	Sound	18	32546567	433	1			260		other	0
10108017	809	Response	1	32549540	3405	1
10108017	810	Sound	20	32573165	356	1			260		other	0
10108017	810	Response	1	32576018	3209	1
10108017	811	Sound	19	32596764	448	1			260		other	0
10108017	811	Response	1	32602417	6101	1
10108017	812	Sound	16	32612363	376	1			260		other	0
10108017	812	Response	1	32619455	7468	1
10108017	813	Sound	13	32629762	269	1			260		other	0
10108017	814	Sound	21	32653960	461	1			260		other	0
10108017	814	Response	1	32656573	3073	1
10108017	815	Sound	16	32670559	388	1			260		other	0
10108017	816	Sound	21	32694758	413	1			260		other	0
10108017	816	Response	1	32696970	2626	1
10108017	817	Sound	17	32713757	406	1			260		other	0
10108017	817	Response	1	32716009	2659	1
10108017	818	Sound	20	32737755	398	1			260		other	0
10108017	818	Response	1	32740008	2650	1
10108017	819	Sound	20	32764953	421	1			260		other	0
10108017	819	Response	1	32767126	2594	1
10108017	820	Sound	13	32783552	348	1			260		other	0
10108017	821	Sound	17	32811750	371	1			260		other	0
10108017	821	Response	1	32815843	4464	1
10108017	822	Sound	12	32827349	466	1			260		other	0
10108017	823	Sound	21	32853548	323	1			260		other	0
10108017	823	Response	1	32856480	3255	1
10108017	824	Sound	17	32870747	350	1			260		other	0
10108017	824	Response	1	32874559	4162	1
10108017	825	Sound	21	32898745	340	1			260		other	0
10108017	825	Response	1	32901037	2632	1
10108017	826	Sound	13	32916744	334	1			260		other	0
10108017	826	Response	1	32932235	15825	1
10108017	827	Sound	15	32940542	292	1			260		other	0
10108017	828	Sound	19	32963541	284	1			260		other	0
10108017	828	Response	1	32966553	3295	2
10108017	829	Sound	13	32984939	343	1			260		other	0
10108017	830	Sound	20	33005738	302	1			260		other	0
10108017	830	Response	1	33009350	3914	1
10108017	831	Sound	12	33026337	395	1			260		other	0
10108017	832	Sound	15	33052335	385	1			260		other	0
10108017	832	Response	1	33057827	5877	1
10108017	833	Sound	19	33075734	444	1			260		other	0
10108017	833	Response	1	33081266	5976	1
10108017	834	Sound	14	33103332	367	1			260		other	0
10108017	834	Response	1	33106784	3819	1
10108017	835	Sound	15	33121931	294	1			260		other	0
10108017	836	Sound	19	33147329	351	1			260		other	0
10108017	836	Response	1	33150301	3323	1
10108017	837	Sound	11	33166928	278	1			260		other	0
10108017	838	Sound	18	33183727	405	1			260		other	0
10108017	838	Response	1	33186939	3617	1
10108017	839	Sound	16	33206125	297	1			260		other	0
10108017	839	Response	1	33210777	4949	1
10108017	840	Sound	16	33226124	290	1			260		other	0
10108017	840	Response	1	33230216	4382	1
10108017	841	Response	255	33513078	262823	1
10108017	842	Sound	108	33598301	357	1			260		other	0
10108017	842	Response	1	33601552	3608	1
10108017	843	Sound	111	33617100	317	1			260		other	0
10108017	843	Response	1	33619711	2929	1
10108017	844	Sound	103	33637498	377	1			260		other	0
10108017	845	Sound	109	33653697	404	1			260		other	0
10108017	845	Response	1	33657469	4176	1
10108017	846	Sound	106	33674896	430	1			260		other	0
10108017	846	Response	1	33679546	5080	2
10108017	847	Sound	105	33694495	356	1			260		other	0
10108017	847	Response	1	33697866	3728	1
10108017	848	Sound	101	33710694	384	1			260		other	0
10108017	849	Sound	105	33735292	309	1			260		other	0
10108017	849	Response	1	33738743	3760	1
10108017	850	Sound	105	33761491	332	1			260		other	0
10108017	850	Response	1	33765382	4224	1
10108017	851	Sound	111	33784889	391	1			260		other	0
10108017	851	Response	1	33787220	2722	1
10108017	852	Sound	101	33808288	282	1			260		other	0
10108017	853	Sound	111	33830286	441	1			260		other	0
10108017	853	Response	1	33832897	3052	1
10108017	854	Sound	107	33855485	299	1			260		other	0
10108017	854	Response	1	33858416	3230	1
10108017	855	Sound	110	33876083	392	1			260		other	0
10108017	855	Response	1	33878734	3043	1
10108017	856	Sound	109	33894082	385	1			260		other	0
10108017	856	Response	1	33896653	2956	1
10108017	857	Sound	104	33918081	377	1			260		other	0
10108017	857	Response	1	33922651	4947	1
10108017	858	Sound	110	33936879	337	1			260		other	0
10108017	858	Response	1	33939450	2908	1
10108017	859	Sound	107	33963278	394	1			260		other	0
10108017	859	Response	1	33967448	4564	1
10108017	860	Sound	106	33982677	454	1			260		other	0
10108017	860	Response	1	33986247	4024	1
10108017	861	Sound	102	34006675	278	1			260		other	0
10108017	862	Sound	110	34025274	372	1			260		other	0
10108017	862	Response	1	34027925	3022	1
10108017	863	Sound	104	34042873	299	1			260		other	0
10108017	864	Sound	108	34068671	423	1			260		other	0
10108017	864	Response	1	34071682	3434	1
10108017	865	Sound	106	34087070	316	1			260		other	0
10108017	865	Response	1	34091521	4767	1
10108017	866	Sound	103	34112468	374	1			260		other	0
10108017	866	Response	1	34116639	4545	1
10108017	867	Sound	109	34133067	300	1			260		other	0
10108017	867	Response	1	34135838	3071	1
10108017	868	Sound	103	34161065	457	1			260		other	0
10108017	869	Sound	108	34180064	283	1			260		other	0
10108017	869	Response	1	34182795	3014	1
10108017	870	Sound	101	34208262	307	1			260		other	0
10108017	871	Sound	110	34232061	431	1			260		other	0
10108017	871	Response	1	34234791	3162	1
10108017	872	Sound	105	34248660	359	1			260		other	0
10108017	873	Sound	111	34276858	382	1			260		other	0
10108017	873	Response	1	34279589	3112	1
10108017	874	Sound	107	34301057	407	1			260		other	0
10108017	874	Response	1	34304707	4057	1
10108017	875	Sound	106	34328255	430	1			260		other	0
10108017	875	Response	1	34331986	4161	1
10108017	876	Sound	109	34355253	421	1			260		other	0
10108017	876	Response	1	34358464	3631	1
10108017	877	Sound	104	34379452	446	1			260		other	0
10108017	877	Response	1	34383822	4816	1
10108017	878	Sound	111	34407450	435	1			260		other	0
10108017	878	Response	1	34409980	2966	1
10108017	879	Sound	102	34433448	426	1			260		other	0
10108017	880	Sound	108	34450447	420	1			260		other	0
10108017	880	Response	1	34453257	3230	1
10108017	881	Sound	110	34474646	445	1			260		other	0
10108017	881	Response	1	34477496	3295	1
10108017	882	Sound	104	34498444	403	1			260		other	0
10108017	882	Response	1	34502614	4573	1
10108017	883	Sound	107	34525042	327	1			260		other	0
10108017	883	Response	1	34527972	3257	1
10108017	884	Sound	104	34541841	288	1			260		other	0
10108017	884	Response	1	34545411	3858	1
10108017	885	Sound	102	34569240	344	1			260		other	0
10108017	886	Sound	103	34592638	403	1			260		other	0
10108017	886	Response	1	34596768	4533	1
10108017	887	Sound	109	34613037	462	1			260		other	0
10108017	887	Response	1	34615807	3232	1
10108017	888	Sound	102	34632036	456	1			260		other	0
10108017	889	Sound	101	34660034	279	1			260		other	0
10108017	890	Sound	108	34685032	437	1			260		other	0
10108017	890	Response	1	34688922	4326	1
10108017	891	Sound	106	34703631	364	1			260		other	0
10108017	891	Response	1	34707961	4694	1
10108017	892	Sound	105	34719830	391	1			260		other	0
10108017	892	Response	1	34723720	4281	1
10108017	893	Sound	103	34740229	450	1			260		other	0
10108017	894	Sound	101	34762228	442	1			260		other	0
10108017	895	Sound	102	34786226	434	1			260		other	0
10108017	896	Sound	107	34804225	427	1			260		other	0
10108017	896	Response	1	34808035	4237	1
10108017	897	Response	255	35024501	195949	1
10108017	898	Sound	111	35095007	457	1			260		other	0
10108017	898	Response	1	35097616	3066	1
10108017	899	Sound	107	35111606	384	1			260		other	0
10108017	899	Response	1	35114895	3674	1
10108017	900	Sound	107	35136804	409	1			260		other	0
10108017	900	Response	1	35139773	3378	1
10108017	901	Sound	104	35157003	268	1			260		other	0
10108017	901	Response	1	35160812	4077	1
10108017	902	Sound	101	35177201	294	1			260		other	0
10108017	903	Sound	102	35204000	418	1			260		other	0
10108017	904	Sound	105	35228198	276	1			260		other	0
10108017	904	Response	1	35232407	4485	1
10108017	905	Sound	111	35251397	468	1			260		other	0
10108017	905	Response	1	35254086	3157	1
10108017	906	Sound	110	35268796	361	1			260		other	0
10108017	906	Response	1	35272005	3571	1
10108017	907	Sound	105	35287994	388	1			260		other	0
10108017	907	Response	1	35291444	3837	1
10108017	908	Sound	103	35315393	445	1			260		other	0
10108017	909	Sound	108	35339991	369	1			260		other	0
10108017	909	Response	1	35343200	3578	1
10108017	910	Sound	103	35364590	461	1			260		other	0
10108017	911	Sound	111	35382388	421	1			260		other	0
10108017	911	Response	1	35385117	3150	1
10108017	912	Sound	108	35404587	447	1			260		other	0
10108017	912	Response	1	35408956	4815	1
10108017	913	Sound	106	35423986	340	1			260		other	0
10108017	913	Response	1	35427755	4108	1
10108017	914	Sound	101	35446384	398	1			260		other	0
10108017	915	Sound	109	35471183	356	1			260		other	0
10108017	915	Response	1	35473992	3165	1
10108017	916	Sound	106	35497981	313	1			260		other	0
10108017	916	Response	1	35501110	3442	1
10108017	917	Sound	102	35516980	306	1			260		other	0
10108017	918	Sound	101	35533579	400	1			260		other	0
10108017	919	Sound	111	35551578	394	1			260		other	0
10108017	919	Response	1	35554626	3443	1
10108017	920	Sound	104	35574576	386	1			260		other	0
10108017	921	Sound	108	35602775	409	1			260		other	0
10108017	921	Response	1	35605983	3618	1
10108017	922	Sound	105	35626173	301	1			260		other	0
10108017	922	Response	1	35630462	4589	1
10108017	923	Sound	107	35646772	393	1			260		other	0
10108017	923	Response	1	35650060	3682	1
10108017	924	Sound	110	35673970	417	1			260		other	0
10108017	924	Response	1	35676699	3145	1
10108017	925	Sound	108	35695369	309	1			260		other	0
10108017	925	Response	1	35699257	4198	1
10108017	926	Sound	103	35715167	436	1			260		other	0
10108017	927	Sound	105	35739966	394	1			260		other	0
10108017	927	Response	1	35743334	3762	1
10108017	928	Sound	110	35768564	317	1			260		other	0
10108017	928	Response	1	35771093	2845	1
10108017	929	Sound	106	35789763	342	1			260		other	0
10108017	929	Response	1	35794051	4631	1
10108017	930	Sound	107	35810761	335	1			260		other	0
10108017	930	Response	1	35813730	3303	1
10108017	931	Sound	110	35836360	426	1			260		other	0
10108017	931	Response	1	35839008	3074	1
10108017	932	Sound	110	35853759	320	1			260		other	0
10108017	932	Response	1	35856047	2608	1
10108017	933	Sound	107	35873558	446	1			260		other	0
10108017	933	Response	1	35876606	3494	1
10108017	933	Response	1	35894924	21813	1
10108017	934	Sound	111	35901756	302	1			260		other	0
10108017	935	Sound	102	35927754	460	1			260		other	0
10108017	936	Sound	102	35951353	385	1			260		other	0
10108017	937	Sound	105	35970551	411	1			260		other	0
10108017	937	Response	1	35975320	5179	1
10108017	938	Sound	103	35999350	368	1			260		other	0
10108017	938	Response	1	36004197	5216	1
10108017	939	Sound	109	36021348	360	1			260		other	0
10108017	939	Response	1	36024036	3048	1
10108017	940	Sound	104	36038747	420	1			260		other	0
10108017	941	Sound	101	36059946	446	1			260		other	0
10108017	942	Sound	109	36087944	436	1			260		other	0
10108017	942	Response	1	36091552	4044	1
10108017	943	Sound	104	36108343	329	1			260		other	0
10108017	944	Sound	106	36136541	352	1			260		other	0
10108017	944	Response	1	36141549	5360	1
10108017	945	Sound	104	36162339	310	1			260		other	0
10108017	945	Response	1	36166507	4478	1
10108017	946	Sound	103	36187138	267	1			260		other	0
10108017	947	Sound	109	36216136	424	1			260		other	0
10108017	947	Response	1	36218904	3191	1
10108017	948	Sound	101	36243334	447	1			260		other	0
10108017	949	Sound	109	36271332	437	1			260		other	0
10108017	949	Response	1	36275060	4165	1
10108017	950	Sound	108	36299531	461	1			260		other	0
10108017	950	Response	1	36302978	3908	1
10108017	951	Sound	106	36316530	455	1			260		other	0
10108017	951	Response	1	36320257	4182	1
10108017	952	Sound	102	36344528	278	1			260		other	0
10108017	953	Response	255	36660235	288564	1
10108017	953	Response	255	36662795	291124	1
10108017	954	Sound	21	36736703	338	1			260		other	0
10108017	954	Response	1	36741430	5065	1
10108017	955	Sound	12	36754502	465	1			260		other	0
10108017	956	Sound	21	36772701	325	1			260		other	0
10108017	956	Response	1	36775508	3132	1
10108017	957	Sound	13	36792100	385	1			260		other	0
10108017	957	Response	1	36801266	9552	1
10108017	958	Sound	20	36817698	309	1			260		other	0
10108017	958	Response	1	36821105	3716	1
10108017	959	Sound	18	36839097	368	1			260		other	0
10108017	959	Response	1	36843184	4455	1
10108017	960	Sound	18	36858495	428	1			260		other	0
10108017	960	Response	1	36861103	3035	1
10108017	961	Sound	17	36884294	385	1			260		other	0
10108017	961	Response	1	36887341	3432	1
10108017	962	Sound	12	36910092	343	1			260		other	0
10108017	963	Sound	14	36936291	367	1			260		other	0
10108017	964	Sound	11	36960489	392	1			260		other	0
10108017	965	Sound	16	36986687	415	1			260		other	0
10108017	965	Response	1	36990614	4342	1
10108017	966	Sound	14	37011286	340	1			260		other	0
10108017	966	Response	1	37015332	4387	1
10108017	967	Sound	19	37027685	401	1			260		other	0
10108017	967	Response	1	37030371	3088	1
10108017	968	Sound	16	37044684	395	1			260		other	0
10108017	968	Response	1	37047411	3122	1
10108017	969	Sound	15	37061883	422	1			260		other	0
10108017	969	Response	1	37064449	2989	1
10108017	970	Sound	18	37077282	316	1			260		other	0
10108017	970	Response	1	37079568	2603	1
10108017	971	Sound	11	37098880	409	2			260		other	0
10108017	972	Sound	12	37119479	335	1			260		other	0
10108017	973	Sound	13	37135078	429	1			260		other	0
10108017	973	Response	1	37141565	6916	1
10108017	974	Sound	16	37157277	455	1			260		other	0
10108017	974	Response	1	37160603	3781	1
10108017	975	Sound	12	37178675	347	1			260		other	0
10108017	976	Sound	20	37201874	372	1			260		other	0
10108017	976	Response	1	37204760	3258	2
10108017	977	Sound	15	37229472	296	1			260		other	0
10108017	978	Sound	20	37257070	386	1			260		other	0
10108017	978	Response	1	37259797	3112	1
10108017	979	Sound	14	37278269	411	1			260		other	0
10108017	979	Response	1	37283155	5298	1
10108017	980	Sound	16	37304667	302	1			260		other	0
10108017	980	Response	1	37308034	3668	1
10108017	981	Sound	16	37322866	329	1			260		other	0
10108017	981	Response	1	37326833	4295	1
10108017	982	Sound	13	37351064	352	1			260		other	0
10108017	983	Sound	11	37378063	343	1			260		other	0
10108017	984	Sound	17	37400861	301	1			260		other	0
10108017	984	Response	1	37403708	3147	1
10108017	985	Sound	18	37416660	429	1			260		other	0
10108017	985	Response	1	37419867	3635	1
10108017	986	Sound	19	37432659	423	1			260		other	0
10108017	986	Response	1	37435386	3149	1
10108017	987	Sound	13	37460058	313	1			260		other	0
10108017	988	Sound	17	37477057	307	1			260		other	0
10108017	988	Response	1	37481703	4953	1
10108017	989	Sound	19	37503055	465	1			260		other	0
10108017	989	Response	1	37505941	3351	1
10108017	990	Sound	15	37518854	426	1			260		other	0
10108017	990	Response	1	37523460	5032	1
10108017	991	Sound	21	37545852	416	1			260		other	0
10108017	991	Response	1	37549458	4022	1
10108017	992	Sound	14	37568251	308	1			260		other	0
10108017	993	Sound	11	37592449	333	1			260		other	0
10108017	994	Sound	13	37611048	426	1			260		other	0
10108017	995	Sound	11	37636047	417	1			260		other	0
10108017	996	Sound	19	37662845	374	1			260		other	0
10108017	996	Response	1	37666251	3780	1
10108017	997	Sound	15	37688443	465	1			260		other	0
10108017	997	Response	1	37692249	4271	1
10108017	998	Sound	20	37710442	457	1			260		other	0
10108017	998	Response	1	37714568	4583	1
10108017	999	Sound	20	37737440	448	1			260		other	0
10108017	999	Response	1	37740326	3334	1
10108017	1000	Sound	17	37758439	440	1			260		other	0
10108017	1000	Response	1	37761524	3526	1
10108017	1001	Sound	14	37780637	299	1			260		other	0
10108017	1001	Response	1	37781443	1105	1
10108017	1002	Sound	21	37799836	325	1			260		other	0
10108017	1002	Response	1	37802162	2651	1
10108017	1003	Sound	21	37821835	318	1			260		other	0
10108017	1003	Response	1	37824401	2884	1
10108017	1004	Sound	18	37849033	341	1			260		other	0
10108017	1004	Response	1	37851759	3067	1
10108017	1005	Sound	19	37872632	433	1			260		other	0
10108017	1005	Response	1	37876237	4039	1
10108017	1006	Sound	12	37892830	459	1			260		other	0
10108017	1007	Sound	15	37914829	284	1			260		other	0
10108017	1007	Response	1	37919034	4490	1
10108017	1008	Sound	17	37936028	310	1			260		other	0
10108017	1008	Response	1	37939753	4036	1

The following output port codes were not sent because of a conflict on the port.
Port	Code	Time(ms)
1	1	2.5663e+06
