Scenario - 
Logfile written - 12/10/2018 19:27:57

Subject	Trial	Event Type	Code	Time	TTime	Uncertainty	Duration	Uncertainty	ReqTime	ReqDur	Stim Type	Pair Index

10108015	1	Response	255	187215	186882	1
10108015	2	Sound	110	257602	273	1			260		other	0
10108015	2	Response	1	262571	5242	1
10108015	3	Sound	106	275601	434	1			260		other	0
10108015	4	Sound	111	291799	294	1			260		other	0
10108015	4	Response	1	295769	4263	1
10108015	5	Sound	101	310398	388	1			260		other	0
10108015	6	Sound	102	333797	279	1			260		other	0
10108015	7	Sound	107	352996	306	1			260		other	0
10108015	7	Response	1	358244	5555	1
10108015	8	Sound	110	380994	465	1			260		other	0
10108015	8	Response	1	384483	3953	1
10108015	9	Sound	105	405992	454	1			260		other	0
10108015	9	Response	1	411521	5982	1
10108015	10	Sound	103	426791	413	1			260		other	0
10108015	11	Sound	104	445990	273	1			260		other	0
10108015	12	Sound	110	462789	400	1			260		other	0
10108015	12	Response	1	466157	3769	1
10108015	13	Sound	104	481188	460	1			260		other	0
10108015	14	Sound	111	504786	385	1			260		other	0
10108015	14	Response	1	507435	3034	1
10108015	15	Sound	108	525585	345	1			260		other	0
10108015	16	Sound	101	542984	405	1			260		other	0
10108015	17	Sound	106	563182	431	1			260		other	0
10108015	17	Response	1	567271	4520	1
10108015	18	Sound	105	592181	421	1			260		other	0
10108015	19	Sound	104	611979	380	1			260		other	0
10108015	19	Response	1	616228	4629	1
10108015	20	Sound	108	636778	339	1			260		other	0
10108015	20	Response	1	640706	4267	1
10108015	21	Sound	106	656577	298	1			260		other	0
10108015	21	Response	1	660545	4266	1
10108015	22	Sound	104	682375	422	1			260		other	0
10108015	23	Sound	105	700174	382	1			260		other	0
10108015	23	Response	1	704222	4431	1
10108015	24	Sound	103	724772	307	1			260		other	0
10108015	25	Sound	109	743171	367	1			260		other	0
10108015	25	Response	1	746379	3575	1
10108015	26	Sound	111	771769	290	1			260		other	0
10108015	26	Response	1	775658	4178	1
10108015	27	Sound	106	800167	347	1			260		other	0
10108015	27	Response	1	804536	4715	1
10108015	28	Sound	103	828766	437	1			260		other	0
10108015	28	Response	1	833334	5005	1
10108015	29	Sound	107	844765	431	1			260		other	0
10108015	29	Response	1	849333	4999	1
10108015	30	Sound	105	865963	457	1			260		other	0
10108015	30	Response	1	870452	4945	1
10108015	31	Sound	103	885562	383	1			260		other	0
10108015	32	Sound	109	912160	308	1			260		other	0
10108015	32	Response	1	915009	3156	1
10108015	33	Sound	109	931359	333	1			260		other	0
10108015	33	Response	1	934527	3502	1
10108015	34	Sound	109	953358	326	1			260		other	0
10108015	34	Response	1	957006	3974	1
10108015	35	Sound	108	979956	416	1			260		other	0
10108015	35	Response	1	983164	3624	1
10108015	36	Sound	110	1004155	441	1			260		other	0
10108015	36	Response	1	1007243	3529	1
10108015	37	Sound	107	1032553	331	1			260		other	0
10108015	37	Response	1	1036921	4699	1
10108015	38	Sound	111	1049952	391	1			260		other	0
10108015	38	Response	1	1053318	3758	3
10108015	39	Sound	107	1070950	384	1			260		other	0
10108015	39	Response	1	1074918	4352	1
10108015	40	Sound	101	1094149	409	1			260		other	0
10108015	41	Sound	104	1117547	467	1			260		other	0
10108015	41	Response	1	1123235	6155	1
10108015	42	Sound	101	1145546	290	1			260		other	0
10108015	43	Sound	107	1174344	414	1			260		other	0
10108015	43	Response	1	1179552	5621	1
10108015	44	Sound	102	1201342	404	1			260		other	0
10108015	45	Sound	108	1226941	328	1			260		other	0
10108015	45	Response	1	1231388	4776	1
10108015	46	Sound	102	1253539	419	1			260		other	0
10108015	47	Sound	101	1280137	343	1			260		other	0
10108015	48	Sound	111	1300736	436	1			260		other	0
10108015	48	Response	1	1304744	4444	1
10108015	49	Sound	110	1322935	461	1			260		other	0
10108015	49	Response	1	1326182	3709	1
10108015	50	Sound	103	1343533	387	1			260		other	0
10108015	51	Sound	106	1371532	377	1			260		other	0
10108015	51	Response	1	1374419	3264	1
10108015	52	Sound	108	1389330	337	1			260		other	0
10108015	52	Response	1	1392738	3745	1
10108015	53	Sound	102	1409329	330	1			260		other	0
10108015	54	Sound	109	1426728	390	1			260		other	0
10108015	54	Response	1	1429696	3358	1
10108015	55	Sound	102	1445527	350	1			260		other	0
10108015	56	Sound	105	1464126	277	1			260		other	0
10108015	56	Response	1	1470093	6244	1
10108015	57	Response	255	1869667	385233	1
10108015	58	Sound	13	1942695	373	1			260		other	0
10108015	59	Sound	21	1964894	399	1			260		other	0
10108015	59	Response	1	1968621	4126	1
10108015	60	Sound	15	1992692	355	1			260		other	0
10108015	60	Response	1	1998059	5722	1
10108015	61	Sound	21	2013291	448	1			260		other	0
10108015	61	Response	1	2017738	4895	1
10108015	62	Sound	19	2031890	375	1			260		other	0
10108015	62	Response	1	2035657	4142	1
10108015	63	Sound	18	2054288	434	1			260		other	0
10108015	63	Response	1	2057895	4040	1
10108015	64	Sound	13	2080287	424	1			260		other	0
10108015	65	Sound	15	2097886	351	1			260		other	0
10108015	65	Response	1	2102692	5158	1
10108015	66	Sound	11	2117884	344	1			260		other	0
10108015	67	Sound	15	2139883	336	1			260		other	0
10108015	67	Response	1	2143810	4263	1
10108015	68	Sound	12	2156482	431	1			260		other	0
10108015	69	Sound	14	2172081	358	1			260		other	0
10108015	70	Sound	17	2198479	415	1			260		other	0
10108015	70	Response	1	2204286	6222	1
10108015	71	Sound	21	2222478	407	1			260		other	0
10108015	71	Response	1	2227244	5173	1
10108015	72	Sound	11	2238477	401	1			260		other	0
10108015	73	Sound	16	2255876	295	1			260		other	0
10108015	73	Response	1	2265002	9421	1
10108015	74	Sound	21	2275074	322	1			260		other	0
10108015	74	Response	1	2279241	4488	1
10108015	75	Sound	18	2298873	446	1			260		other	0
10108015	76	Sound	19	2323072	471	1			260		other	0
10108015	76	Response	1	2327878	5278	1
10108015	77	Sound	20	2342270	331	1			260		other	0
10108015	77	Response	1	2348036	6097	1
10108015	78	Sound	17	2360469	358	1			260		other	0
10108015	78	Response	1	2366595	6484	1
10108015	79	Sound	13	2379668	384	1			260		other	0
10108015	80	Sound	15	2399867	410	1			260		other	0
10108015	81	Sound	16	2416266	305	1			260		other	0
10108015	81	Response	1	2421632	5671	1
10108015	82	Sound	20	2432865	399	1			260		other	0
10108015	82	Response	1	2438431	5965	1
10108015	83	Sound	21	2450663	359	1			260		other	0
10108015	83	Response	1	2456349	6045	1
10108015	84	Sound	18	2478262	283	1			260		other	0
10108015	84	Response	1	2484108	6129	1
10108015	85	Sound	16	2505060	406	1			260		other	0
10108015	85	Response	1	2513386	8732	1
10108015	86	Sound	20	2528258	431	1			260		other	0
10108015	86	Response	1	2533225	5397	1
10108015	87	Sound	19	2548657	324	1			260		other	0
10108015	87	Response	1	2553543	5210	1
10108015	88	Sound	16	2565256	418	1			260		other	0
10108015	88	Response	1	2570822	5984	1
10108015	89	Sound	18	2581655	312	1			260		other	0
10108015	89	Response	1	2587221	5878	1
10108015	90	Sound	18	2602854	338	1			260		other	0
10108015	90	Response	1	2609460	6944	1
10108015	91	Sound	11	2620853	332	1			260		other	0
10108015	92	Sound	12	2648851	322	1			260		other	0
10108015	93	Sound	14	2674649	279	1			260		other	0
10108015	93	Response	1	2678735	4365	1
10108015	94	Sound	17	2699448	404	1			260		other	0
10108015	94	Response	1	2703614	4570	1
10108015	95	Sound	14	2722446	396	1			260		other	0
10108015	96	Sound	19	2749844	286	1			260		other	0
10108015	96	Response	1	2754090	4532	1
10108015	97	Sound	20	2766243	347	1			260		other	0
10108015	97	Response	1	2770729	4832	1
10108015	98	Sound	12	2786642	406	1			260		other	0
10108015	99	Sound	13	2815040	463	1			260		other	0
10108015	100	Sound	11	2840639	387	1			260		other	0
10108015	101	Sound	14	2856438	348	1			260		other	0
10108015	102	Sound	20	2877037	441	1			260		other	0
10108015	102	Response	1	2881442	4846	1
10108015	103	Sound	12	2901835	398	1			260		other	0
10108015	104	Sound	16	2926833	389	1			260		other	0
10108015	105	Sound	11	2951232	447	1			260		other	0
10108015	106	Sound	13	2977830	371	1			260		other	0
10108015	107	Sound	17	3005428	295	1			260		other	0
10108015	107	Response	1	3010554	5420	1
10108015	108	Sound	19	3026827	354	1			260		other	0
10108015	108	Response	1	3032792	6319	1
10108015	109	Sound	12	3053425	278	1			260		other	0
10108015	110	Sound	15	3070824	338	1			260		other	0
10108015	111	Sound	14	3094623	463	1			260		other	0
10108015	112	Sound	17	3109822	324	1			260		other	0
10108015	113	Response	255	3560359	425607	1
10108015	114	Sound	17	3639788	469	1			260		other	0
10108015	114	Response	1	3644033	4714	1
10108015	115	Sound	18	3666987	326	1			260		other	0
10108015	115	Response	1	3671071	4410	1
10108015	116	Sound	20	3684186	353	1			260		other	0
10108015	116	Response	1	3690110	6278	1
10108015	117	Sound	20	3710184	344	1			260		other	0
10108015	117	Response	1	3713949	4108	1
10108015	118	Sound	21	3737982	300	1			260		other	0
10108015	118	Response	1	3741627	3945	1
10108015	119	Sound	13	3759781	426	1			260		other	0
10108015	120	Sound	15	3785979	283	1			260		other	0
10108015	121	Sound	21	3810778	408	1			260		other	0
10108015	121	Response	1	3815062	4692	1
10108015	122	Sound	19	3832776	400	1			260		other	0
10108015	122	Response	1	3838421	6045	1
10108015	123	Sound	16	3851975	427	1			260		other	0
10108015	123	Response	1	3856739	5191	1
10108015	124	Sound	13	3879373	317	1			260		other	0
10108015	125	Sound	18	3902172	275	1			260		other	0
10108015	125	Response	1	3908976	7080	1
10108015	126	Sound	12	3929770	366	1			260		other	0
10108015	127	Sound	20	3956168	423	1			260		other	0
10108015	127	Response	1	3962093	6347	1
10108015	128	Sound	15	3982367	447	1			260		other	0
10108015	129	Sound	16	4004965	372	1			260		other	0
10108015	130	Sound	16	4031964	362	1			260		other	0
10108015	130	Response	1	4036568	4967	1
10108015	131	Sound	13	4058762	320	1			260		other	0
10108015	132	Sound	12	4084560	444	1			260		other	0
10108015	133	Sound	14	4102159	371	1			260		other	0
10108015	134	Sound	21	4123158	363	1			260		other	0
10108015	134	Response	1	4126562	3768	1
10108015	135	Sound	11	4147756	455	1			260		other	0
10108015	136	Sound	19	4169355	380	1			260		other	0
10108015	136	Response	1	4173279	4304	1
10108015	137	Sound	17	4195753	437	1			260		other	0
10108015	138	Sound	15	4216752	263	1			260		other	0
10108015	139	Sound	11	4241950	288	1			260		other	0
10108015	140	Sound	15	4263949	446	1			260		other	0
10108015	141	Sound	21	4284948	439	1			260		other	0
10108015	141	Response	1	4288632	4123	1
10108015	142	Sound	11	4308746	397	1			260		other	0
10108015	143	Sound	16	4336144	287	1			260		other	0
10108015	144	Sound	16	4352143	448	1			260		other	0
10108015	144	Response	1	4358067	6372	1
10108015	145	Sound	18	4380142	438	1			260		other	0
10108015	145	Response	1	4383906	4202	1
10108015	146	Sound	12	4404940	396	1			260		other	0
10108015	147	Sound	21	4427739	355	1			260		other	0
10108015	147	Response	1	4431903	4519	1
10108015	148	Sound	17	4455937	378	1			260		other	0
10108015	148	Response	1	4459901	4342	1
10108015	149	Sound	13	4481335	436	1			260		other	0
10108015	150	Sound	12	4505534	294	1			260		other	0
10108015	151	Sound	13	4530332	418	1			260		other	0
10108015	152	Sound	19	4550931	344	1			260		other	0
10108015	152	Response	1	4554934	4348	1
10108015	153	Sound	14	4566730	305	1			260		other	0
10108015	154	Sound	18	4593928	329	1			260		other	0
10108015	154	Response	1	4598372	4772	1
10108015	155	Sound	20	4620127	353	1			260		other	0
10108015	155	Response	1	4628050	8276	1
10108015	156	Sound	11	4643725	444	1			260		other	0
10108015	157	Sound	17	4661924	471	1			260		other	0
10108015	157	Response	1	4667167	5715	1
10108015	158	Sound	14	4678923	465	1			260		other	0
10108015	159	Sound	18	4699722	425	1			260		other	0
10108015	159	Response	1	4705165	5868	1
10108015	160	Sound	15	4723120	316	1			260		other	0
10108015	160	Response	1	4732523	9719	1
10108015	161	Sound	17	4751118	473	1			260		other	0
10108015	161	Response	1	4756122	5476	1
10108015	162	Sound	19	4771117	299	1			260		other	0
10108015	162	Response	1	4775560	4742	1
10108015	163	Sound	11	4797115	290	1			260		other	0
10108015	164	Sound	14	4813314	317	1			260		other	0
10108015	165	Sound	12	4829913	412	1			260		other	0
10108015	166	Sound	14	4855712	369	1			260		other	0
10108015	167	Sound	19	4881310	293	1			260		other	0
10108015	167	Response	1	4886513	5497	1
10108015	168	Sound	20	4903909	385	1			260		other	0
10108015	168	Response	1	4908352	4828	1
10108015	169	Response	255	5460316	537707	1
10108015	170	Sound	19	5536469	426	1			260		other	0
10108015	170	Response	1	5540951	4909	1
10108015	171	Sound	16	5560667	284	1			260		other	0
10108015	171	Response	1	5565190	4807	1
10108015	172	Sound	18	5585666	276	1			260		other	0
10108015	172	Response	1	5589188	3798	1
10108015	173	Sound	21	5610264	367	1			260		other	0
10108015	173	Response	1	5613267	3369	1
10108015	174	Sound	18	5632663	426	1			260		other	0
10108015	174	Response	1	5635985	3748	1
10108015	175	Sound	11	5651261	352	1			260		other	0
10108015	176	Sound	13	5676660	410	1			260		other	0
10108015	177	Sound	19	5698058	302	1			260		other	0
10108015	177	Response	1	5702781	5024	1
10108015	178	Sound	13	5717457	362	1			260		other	0
10108015	179	Sound	20	5739256	321	1			260		other	0
10108015	179	Response	1	5744298	5363	1
10108015	180	Sound	12	5762054	446	1			260		other	0
10108015	181	Sound	14	5784053	272	1			260		other	0
10108015	181	Response	1	5790375	6594	1
10108015	182	Sound	15	5811051	429	1			260		other	0
10108015	182	Response	1	5816854	6231	1
10108015	183	Sound	12	5831250	455	1			260		other	0
10108015	184	Sound	11	5854449	313	1			260		other	0
10108015	185	Sound	15	5872247	440	1			260		other	0
10108015	185	Response	1	5880209	8402	1
10108015	186	Sound	15	5898846	364	1			260		other	0
10108015	187	Sound	13	5914445	458	1			260		other	0
10108015	188	Sound	14	5931244	419	1			260		other	0
10108015	189	Sound	18	5953042	378	1			260		other	0
10108015	189	Response	1	5957484	4820	1
10108015	190	Sound	17	5978841	336	1			260		other	0
10108015	190	Response	1	5984842	6337	1
10108015	191	Sound	11	6001839	327	1			260		other	0
10108015	192	Sound	17	6024638	286	1			260		other	0
10108015	192	Response	1	6028520	4168	1
10108015	193	Sound	20	6050836	310	1			260		other	0
10108015	193	Response	1	6055398	4872	1
10108015	194	Sound	17	6077435	400	1			260		other	0
10108015	194	Response	1	6082036	5002	1
10108015	195	Sound	21	6105033	324	1			260		other	0
10108015	195	Response	1	6109554	4845	1
10108015	196	Sound	19	6125832	283	1			260		other	0
10108015	196	Response	1	6129633	4085	1
10108015	197	Sound	15	6145830	443	1			260		other	0
10108015	198	Sound	13	6164029	303	1			260		other	0
10108015	199	Sound	21	6186628	395	1			260		other	0
10108015	199	Response	1	6190589	4356	1
10108015	200	Sound	14	6206826	421	1			260		other	0
10108015	201	Sound	17	6231225	312	1			260		other	0
10108015	201	Response	1	6235386	4474	1
10108015	202	Sound	21	6250624	372	1			260		other	0
10108015	202	Response	1	6254185	3934	1
10108015	203	Sound	20	6269422	332	1			260		other	0
10108015	203	Response	1	6273624	4533	1
10108015	204	Sound	20	6289621	358	1			260		other	0
10108015	204	Response	1	6294583	5319	1
10108015	205	Sound	16	6315020	416	1			260		other	0
10108015	206	Sound	12	6336218	442	1			260		other	0
10108015	207	Sound	16	6351617	336	1			260		other	0
10108015	207	Response	1	6357219	5937	1
10108015	208	Sound	14	6378416	293	1			260		other	0
10108015	209	Sound	21	6403214	418	1			260		other	0
10108015	209	Response	1	6408175	5379	1
10108015	210	Sound	15	6424813	343	1			260		other	0
10108015	211	Sound	16	6445411	436	1			260		other	0
10108015	212	Sound	16	6463610	296	1			260		other	0
10108015	213	Sound	12	6481609	456	1			260		other	0
10108015	214	Sound	17	6508407	413	1			260		other	0
10108015	215	Sound	19	6527806	306	1			260		other	0
10108015	216	Sound	18	6553804	464	1			260		other	0
10108015	216	Response	1	6557765	4425	3
10108015	217	Sound	18	6582003	320	1			260		other	0
10108015	217	Response	1	6586644	4962	1
10108015	218	Sound	19	6603601	413	1			260		other	0
10108015	218	Response	1	6608482	5294	1
10108015	219	Sound	14	6622800	273	1			260		other	0
10108015	220	Sound	11	6645799	265	1			260		other	0
10108015	221	Sound	11	6670197	322	1			260		other	0
10108015	222	Sound	20	6698195	313	1			260		other	0
10108015	222	Response	1	6704556	6673	1
10108015	223	Sound	12	6715994	273	1			260		other	0
10108015	224	Sound	13	6731793	401	1			260		other	0
10108015	225	Response	255	6778632	23319	1
10108015	226	Sound	19	6849386	292	1			260		other	0
10108015	226	Response	1	6855986	6893	1
10108015	227	Sound	21	6869985	385	1			260		other	0
10108015	227	Response	1	6874545	4945	1
10108015	228	Sound	20	6888183	411	1			260		other	0
10108015	228	Response	1	6891744	3972	1
10108015	229	Sound	12	6905582	472	1			260		other	0
10108015	230	Sound	16	6924981	365	1			260		other	0
10108015	231	Sound	16	6945180	391	1			260		other	0
10108015	231	Response	1	6950941	6152	1
10108015	232	Sound	14	6962979	351	1			260		other	0
10108015	233	Sound	15	6984577	444	1			260		other	0
10108015	234	Sound	19	7003976	337	1			260		other	0
10108015	234	Response	1	7008617	4978	1
10108015	235	Sound	18	7026575	429	1			260		other	0
10108015	235	Response	1	7029815	3669	1
10108015	236	Sound	11	7044374	389	1			260		other	0
10108015	237	Sound	12	7070772	280	1			260		other	0
10108015	238	Sound	15	7095170	338	1			260		other	0
10108015	238	Response	1	7101731	6898	1
10108015	239	Sound	16	7112769	265	1			260		other	0
10108015	240	Sound	17	7133368	357	1			260		other	0
10108015	241	Sound	18	7160166	314	1			260		other	0
10108015	241	Response	1	7163727	3875	1
10108015	242	Sound	19	7182365	340	1			260		other	0
10108015	242	Response	1	7186205	4180	1
10108015	243	Sound	13	7204164	466	1			260		other	0
10108015	244	Sound	21	7230162	457	1			260		other	0
10108015	244	Response	1	7234522	4817	1
10108015	245	Sound	12	7253160	448	1			260		other	0
10108015	246	Sound	20	7275159	440	1			260		other	0
10108015	246	Response	1	7280839	6121	1
10108015	247	Sound	13	7292358	301	1			260		other	0
10108015	248	Sound	11	7307757	362	1			260		other	0
10108015	249	Sound	19	7331355	287	1			260		other	0
10108015	249	Response	1	7336276	5207	1
10108015	250	Sound	14	7356754	344	1			260		other	0
10108015	251	Sound	15	7384352	268	1			260		other	0
10108015	251	Response	1	7391312	7228	1
10108015	252	Sound	11	7407351	426	1			260		other	0
10108015	253	Sound	19	7430149	385	1			260		other	0
10108015	253	Response	1	7435469	5705	1
10108015	254	Sound	11	7455148	376	1			260		other	0
10108015	255	Sound	21	7482746	300	1			260		other	0
10108015	255	Response	1	7488346	5900	1
10108015	256	Sound	13	7506744	458	1			260		other	0
10108015	257	Sound	18	7531543	415	1			260		other	0
10108015	257	Response	1	7535703	4576	1
10108015	258	Sound	16	7549942	309	1			260		other	0
10108015	258	Response	1	7557781	8149	1
10108015	259	Sound	17	7567941	469	1			260		other	0
10108015	259	Response	1	7573540	6069	1
10108015	260	Sound	14	7594739	426	1			260		other	0
10108015	261	Sound	13	7620737	417	1			260		other	0
10108015	262	Sound	12	7641936	443	1			260		other	0
10108015	263	Sound	17	7664934	435	1			260		other	0
10108015	263	Response	1	7674414	9914	1
10108015	264	Sound	18	7681133	295	1			260		other	0
10108015	264	Response	1	7689293	8455	1
10108015	265	Sound	18	7696333	324	1			260		other	0
10108015	266	Sound	15	7722531	347	1			260		other	0
10108015	267	Sound	14	7743729	373	1			260		other	0
10108015	268	Sound	20	7763328	299	1			260		other	0
10108015	268	Response	1	7767928	4899	1
10108015	269	Sound	17	7780327	460	1			260		other	0
10108015	269	Response	1	7786487	6620	1
10108015	270	Sound	21	7806325	451	1			260		other	0
10108015	270	Response	1	7812245	6371	1
10108015	271	Sound	15	7830724	342	1			260		other	0
10108015	272	Sound	16	7846523	303	1			260		other	0
10108015	273	Sound	13	7867522	296	1			260		other	0
10108015	274	Sound	21	7891320	421	1			260		other	0
10108015	274	Response	1	7895920	5020	1
10108015	275	Sound	20	7915519	279	1			260		other	0
10108015	275	Response	1	7920878	5638	1
10108015	276	Sound	17	7931318	406	1			260		other	0
10108015	277	Sound	20	7947917	334	1			260		other	0
10108015	277	Response	1	7952956	5373	1
10108015	278	Sound	11	7974715	291	1			260		other	0
10108015	279	Sound	12	7998913	316	1			260		other	0
10108015	280	Sound	14	8014712	277	1			260		other	0
10108015	281	Response	255	9202236	1168214	1
10108015	282	Sound	108	9278433	460	1			260		other	0
10108015	282	Response	1	9281911	3938	1
10108015	283	Sound	103	9305831	350	1			260		other	0
10108015	284	Sound	106	9329029	375	1			260		other	0
10108015	284	Response	1	9333027	4373	1
10108015	285	Sound	104	9355428	432	1			260		other	0
10108015	285	Response	1	9359906	4910	1
10108015	286	Sound	111	9375626	459	1			260		other	0
10108015	286	Response	1	9378464	3297	1
10108015	287	Sound	103	9397625	284	1			260		other	0
10108015	288	Sound	111	9424823	474	1			260		other	0
10108015	288	Response	1	9427421	3072	1
10108015	289	Sound	107	9443822	301	1			260		other	0
10108015	289	Response	1	9448380	4858	1
10108015	290	Sound	101	9463821	460	1			260		other	0
10108015	291	Sound	105	9492219	350	1			260		other	0
10108015	291	Response	1	9496057	4188	1
10108015	292	Sound	107	9509818	277	1			260		other	0
10108015	292	Response	1	9513896	4355	1
10108015	293	Sound	109	9531617	403	1			260		other	0
10108015	293	Response	1	9534934	3721	1
10108015	294	Sound	101	9552215	329	1			260		other	0
10108015	295	Sound	101	9575214	320	1			260		other	0
10108015	296	Sound	105	9601212	311	1			260		other	0
10108015	296	Response	1	9604610	3709	1
10108015	297	Sound	104	9619011	438	1			260		other	0
10108015	298	Sound	106	9638010	432	1			260		other	0
10108015	298	Response	1	9641488	3909	1
10108015	299	Sound	102	9654209	292	1			260		other	0
10108015	300	Sound	109	9672208	453	1			260		other	0
10108015	300	Response	1	9674685	2930	1
10108015	301	Sound	106	9693606	345	1			260		other	0
10108015	301	Response	1	9697164	3902	1
10108015	302	Sound	110	9713205	438	1			260		other	0
10108015	302	Response	1	9717083	4316	1
10108015	303	Sound	103	9740203	428	1			260		other	0
10108015	304	Sound	108	9763602	320	1			260		other	0
10108015	304	Response	1	9766200	2918	1
10108015	305	Sound	109	9783201	413	1			260		other	0
10108015	305	Response	1	9786758	3971	1
10108015	306	Sound	103	9801600	473	1			260		other	0
10108015	307	Sound	102	9818199	401	1			260		other	0
10108015	308	Sound	110	9843597	458	1			260		other	0
10108015	308	Response	1	9846434	3296	1
10108015	309	Sound	102	9872595	448	1			260		other	0
10108015	310	Sound	101	9888594	275	1			260		other	0
10108015	311	Sound	107	9916192	366	1			260		other	0
10108015	311	Response	1	9919550	3723	1
10108015	312	Sound	110	9943791	456	1			260		other	0
10108015	312	Response	1	9949308	5973	1
10108015	313	Sound	106	9965789	448	1			260		other	0
10108015	313	Response	1	9968746	3405	1
10108015	314	Sound	109	9994587	405	1			260		other	0
10108015	314	Response	1	9997784	3601	1
10108015	315	Sound	108	10017586	396	1			260		other	0
10108015	315	Response	1	10021623	4433	1
10108015	316	Sound	111	10035785	425	1			260		other	0
10108015	316	Response	1	10039302	3942	1
10108015	317	Sound	104	10061183	314	1			260		other	0
10108015	318	Sound	105	10081982	273	1			260		other	0
10108015	318	Response	1	10086659	4950	1
10108015	319	Sound	109	10104380	333	1			260		other	0
10108015	319	Response	1	10107618	3570	1
10108015	320	Sound	105	10129179	456	1			260		other	0
10108015	320	Response	1	10132736	4014	1
10108015	321	Sound	104	10146778	384	1			260		other	0
10108015	321	Response	1	10151535	5140	1
10108015	322	Sound	102	10168776	376	1			260		other	0
10108015	323	Sound	108	10186775	369	1			260		other	0
10108015	323	Response	1	10189772	3366	1
10108015	324	Sound	111	10212374	294	1			260		other	0
10108015	324	Response	1	10217050	4970	1
10108015	325	Sound	110	10234372	286	1			260		other	0
10108015	325	Response	1	10238489	4402	1
10108015	326	Sound	102	10262571	309	1			260		other	0
10108015	327	Sound	105	10283569	301	1			260		other	0
10108015	327	Response	1	10288326	5058	1
10108015	328	Sound	104	10310768	325	1			260		other	0
10108015	329	Sound	101	10338366	415	1			260		other	0
10108015	330	Sound	106	10362564	273	1			260		other	0
10108015	330	Response	1	10368721	6430	1
10108015	331	Sound	108	10387763	464	1			260		other	0
10108015	332	Sound	107	10403762	292	1			260		other	0
10108015	332	Response	1	10408238	4769	1
10108015	333	Sound	110	10428160	350	1			260		other	0
10108015	333	Response	1	10432476	4666	1
10108015	334	Sound	111	10443959	312	1			260		other	0
10108015	334	Response	1	10447996	4348	1
10108015	335	Sound	103	10466758	436	1			260		other	0
10108015	336	Sound	107	10486556	396	1			260		other	0
10108015	336	Response	1	10489513	3352	1
10108015	337	Response	255	10883728	369312	1
10108015	338	Sound	20	10956327	362	1			260		other	0
10108015	338	Response	1	10960843	4877	1
10108015	339	Sound	15	10972326	356	1			260		other	0
10108015	340	Sound	11	10988525	384	1			260		other	0
10108015	341	Sound	12	11015323	341	1			260		other	0
10108015	342	Sound	15	11037522	366	1			260		other	0
10108015	342	Response	1	11042117	4962	1
10108015	343	Sound	16	11054521	360	1			260		other	0
10108015	343	Response	1	11058276	4116	1
10108015	344	Sound	16	11081919	417	1			260		other	0
10108015	345	Sound	12	11107917	408	1			260		other	0
10108015	346	Sound	18	11126916	401	1			260		other	0
10108015	346	Response	1	11132592	6076	1
10108015	347	Sound	13	11143315	462	1			260		other	0
10108015	348	Sound	16	11163514	321	1			260		other	0
10108015	348	Response	1	11168189	4997	1
10108015	349	Sound	11	11188912	379	1			260		other	0
10108015	350	Sound	18	11214310	270	1			260		other	0
10108015	350	Response	1	11219066	5025	1
10108015	351	Sound	18	11237109	395	1			260		other	0
10108015	351	Response	1	11242025	5311	1
10108015	352	Sound	14	11258708	320	1			260		other	0
10108015	352	Response	1	11266663	8276	1
10108015	353	Sound	17	11281706	312	1			260		other	0
10108015	353	Response	1	11287622	6228	1
10108015	354	Sound	16	11299905	339	1			260		other	0
10108015	354	Response	1	11306660	7094	1
10108015	355	Sound	14	11325503	430	1			260		other	0
10108015	355	Response	1	11330899	5826	1
10108015	356	Sound	15	11343702	290	1			260		other	0
10108015	356	Response	1	11352338	8925	1
10108015	357	Sound	17	11371500	414	1			260		other	0
10108015	357	Response	1	11376336	5249	1
10108015	358	Sound	21	11392099	340	1			260		other	0
10108015	358	Response	1	11396015	4255	1
10108015	359	Sound	12	11414298	365	1			260		other	0
10108015	360	Sound	20	11440296	356	1			260		other	0
10108015	360	Response	1	11445131	5191	1
10108015	361	Sound	15	11460895	448	1			260		other	0
10108015	362	Sound	17	11482894	441	1			260		other	0
10108015	362	Response	1	11487769	5316	1
10108015	363	Sound	13	11505092	299	1			260		other	0
10108015	364	Sound	18	11530091	290	1			260		other	0
10108015	365	Sound	13	11555689	381	1			260		other	0
10108015	366	Sound	13	11576088	441	1			260		other	0
10108015	367	Sound	14	11593287	301	1			260		other	0
10108015	368	Sound	11	11612885	394	1			260		other	0
10108015	369	Sound	14	11640084	418	1			260		other	0
10108015	370	Sound	20	11666882	375	1			260		other	0
10108015	370	Response	1	11671437	4930	1
10108015	371	Sound	17	11687881	368	1			260		other	0
10108015	371	Response	1	11694796	7282	1
10108015	372	Sound	19	11714279	425	1			260		other	0
10108015	372	Response	1	11718874	5020	1
10108015	373	Sound	16	11735478	284	1			260		other	0
10108015	374	Sound	20	11763476	441	1			260		other	0
10108015	374	Response	1	11767991	4956	1
10108015	375	Sound	21	11791674	464	1			260		other	0
10108015	375	Response	1	11795989	4779	1
10108015	376	Sound	15	11819072	354	1			260		other	0
10108015	377	Sound	19	11840271	380	1			260		other	0
10108015	378	Sound	21	11859270	373	1			260		other	0
10108015	378	Response	1	11863905	5008	1
10108015	379	Sound	20	11886068	330	1			260		other	0
10108015	379	Response	1	11890303	4565	1
10108015	380	Sound	17	11913466	387	1			260		other	0
10108015	380	Response	1	11918701	5622	1
10108015	381	Sound	19	11938065	312	1			260		other	0
10108015	382	Sound	19	11957464	371	1			260		other	0
10108015	383	Sound	21	11977262	331	1			260		other	0
10108015	383	Response	1	11981657	4726	1
10108015	384	Sound	13	11997061	457	1			260		other	0
10108015	385	Sound	12	12018260	316	1			260		other	0
10108015	386	Sound	19	12042258	308	1			260		other	0
10108015	386	Response	1	12046773	4822	1
10108015	387	Sound	11	12059857	402	1			260		other	0
10108015	388	Sound	12	12077056	429	1			260		other	0
10108015	389	Sound	11	12094655	356	1			260		other	0
10108015	390	Sound	14	12119253	447	1			260		other	0
10108015	391	Sound	21	12144052	405	1			260		other	0
10108015	391	Response	1	12148126	4480	1
10108015	392	Sound	18	12167450	297	1			260		other	0
10108015	393	Response	255	12311716	128477	1
10108015	394	Sound	13	12382637	420	1			260		other	0
10108015	395	Sound	20	12399036	314	1			260		other	0
10108015	395	Response	1	12402590	3868	1
10108015	396	Sound	15	12425834	271	1			260		other	0
10108015	397	Sound	19	12444233	331	1			260		other	0
10108015	397	Response	1	12448267	4365	1
10108015	398	Sound	18	12465431	357	1			260		other	0
10108015	398	Response	1	12470105	5031	1
10108015	399	Sound	17	12492030	448	1			260		other	0
10108015	399	Response	1	12496504	4921	1
10108015	400	Sound	17	12519228	471	1			260		other	0
10108015	400	Response	1	12522502	3745	1
10108015	401	Sound	12	12536827	398	1			260		other	0
10108015	402	Sound	12	12555426	325	1			260		other	0
10108015	403	Sound	21	12579824	383	1			260		other	0
10108015	403	Response	1	12584738	5297	1
10108015	404	Sound	19	12607622	340	1			260		other	0
10108015	404	Response	1	12612257	4974	1
10108015	405	Sound	11	12633421	297	1			260		other	0
10108015	406	Sound	13	12648620	325	1			260		other	0
10108015	407	Sound	11	12673218	416	1			260		other	0
10108015	408	Sound	12	12699417	274	1			260		other	0
10108015	409	Sound	21	12718416	267	1			260		other	0
10108015	409	Response	1	12723449	5301	1
10108015	410	Sound	20	12746614	290	1			260		other	0
10108015	410	Response	1	12752087	5764	1
10108015	411	Sound	18	12773212	381	1			260		other	0
10108015	411	Response	1	12778966	6134	1
10108015	412	Sound	11	12795411	406	1			260		other	0
10108015	413	Sound	16	12812810	300	1			260		other	0
10108015	414	Sound	19	12833608	426	1			260		other	0
10108015	414	Response	1	12839441	6259	3
10108015	415	Sound	20	12861806	449	1			260		other	0
10108015	415	Response	1	12866560	5203	1
10108015	416	Sound	17	12884605	408	1			260		other	0
10108015	416	Response	1	12889039	4841	1
10108015	417	Sound	11	12900004	302	1			260		other	0
10108015	418	Sound	20	12921003	295	1			260		other	0
10108015	418	Response	1	12925116	4408	1
10108015	419	Sound	19	12949201	318	1			260		other	0
10108015	419	Response	1	12953515	4631	1
10108015	420	Sound	17	12974599	376	1			260		other	0
10108015	420	Response	1	12980793	6569	1
10108015	421	Sound	21	12999598	366	1			260		other	0
10108015	421	Response	1	13004391	5160	1
10108015	422	Sound	15	13019196	293	1			260		other	0
10108015	423	Sound	15	13044195	284	1			260		other	0
10108015	424	Sound	14	13072193	274	1			260		other	0
10108015	425	Sound	19	13092792	367	1			260		other	0
10108015	426	Sound	17	13113391	293	1			260		other	0
10108015	426	Response	1	13117344	4246	1
10108015	427	Sound	16	13132389	286	1			260		other	0
10108015	427	Response	1	13136543	4439	1
10108015	428	Sound	12	13149988	380	1			260		other	0
10108015	429	Sound	13	13177586	303	1			260		other	0
10108015	430	Sound	13	13196385	430	1			260		other	0
10108015	431	Sound	14	13220984	354	1			260		other	0
10108015	432	Sound	18	13238783	315	1			260		other	0
10108015	432	Response	1	13243096	4628	1
10108015	433	Sound	21	13257981	341	1			260		other	0
10108015	433	Response	1	13262614	4974	1
10108015	434	Sound	20	13275780	468	1			260		other	0
10108015	434	Response	1	13280694	5381	1
10108015	435	Sound	16	13294379	395	1			260		other	0
10108015	435	Response	1	13298372	4388	1
10108015	436	Sound	14	13314778	454	1			260		other	0
10108015	437	Sound	14	13339376	379	1			260		other	0
10108015	438	Sound	14	13355175	340	1			260		other	0
10108015	439	Sound	21	13370974	468	1			260		other	0
10108015	439	Response	1	13375327	4821	1
10108015	440	Sound	16	13392773	426	1			260		other	0
10108015	440	Response	1	13401246	8899	1
10108015	441	Sound	15	13419971	450	1			260		other	0
10108015	441	Response	1	13425964	6443	1
10108015	442	Sound	11	13442570	375	1			260		other	0
10108015	443	Sound	13	13463169	301	1			260		other	0
10108015	444	Sound	12	13483567	361	1			260		other	0
10108015	445	Sound	16	13500166	455	1			260		other	0
10108015	445	Response	1	13505879	6168	1
10108015	446	Sound	18	13527764	378	1			260		other	0
10108015	446	Response	1	13532597	5211	1
10108015	447	Sound	15	13547163	438	1			260		other	0
10108015	448	Sound	18	13565562	331	1			260		other	0
10108015	448	Response	1	13571475	6244	1
10108015	449	Response	255	14923788	1341806	1
10108015	450	Sound	105	14989872	390	1			260		other	0
10108015	450	Response	1	14994183	4702	1
10108015	451	Sound	101	15009071	417	1			260		other	0
10108015	452	Sound	107	15028470	310	1			260		other	0
10108015	452	Response	1	15031301	3141	1
10108015	453	Sound	111	15053468	301	1			260		other	0
10108015	453	Response	1	15055939	2772	1
10108015	454	Sound	109	15071067	395	1			260		other	0
10108015	454	Response	1	15074738	4066	1
10108015	455	Sound	106	15092466	454	1			260		other	0
10108015	455	Response	1	15095536	3525	1
10108015	456	Sound	107	15114264	413	1			260		other	0
10108015	456	Response	1	15117135	3284	1
10108015	457	Sound	102	15133863	339	1			260		other	0
10108015	458	Sound	105	15155462	265	1			260		other	0
10108015	458	Response	1	15158413	3216	1
10108015	459	Sound	109	15178460	423	1			260		other	0
10108015	459	Response	1	15182011	3974	1
10108015	460	Sound	105	15194459	417	1			260		other	0
10108015	460	Response	1	15199290	5248	1
10108015	461	Sound	102	15216658	276	1			260		other	0
10108015	462	Sound	103	15237457	402	1			260		other	0
10108015	463	Sound	107	15262855	294	1			260		other	0
10108015	463	Response	1	15266566	4004	1
10108015	464	Sound	109	15285854	452	1			260		other	0
10108015	464	Response	1	15289284	3882	1
10108015	465	Sound	106	15301853	446	1			260		other	0
10108015	465	Response	1	15306483	5076	1
10108015	466	Sound	111	15317852	274	1			260		other	0
10108015	466	Response	1	15320482	2905	1
10108015	467	Sound	109	15334051	468	1			260		other	0
10108015	467	Response	1	15336881	3299	1
10108015	468	Sound	101	15360649	392	1			260		other	0
10108015	469	Sound	102	15380648	384	1			260		other	0
10108015	470	Sound	109	15406046	442	1			260		other	0
10108015	470	Response	1	15410476	4872	1
10108015	471	Sound	102	15428045	434	1			260		other	0
10108015	472	Sound	108	15452443	326	1			260		other	0
10108015	472	Response	1	15455914	3796	1
10108015	473	Sound	111	15477042	417	1			260		other	0
10108015	473	Response	1	15480152	3527	1
10108015	474	Sound	105	15505440	307	1			260		other	0
10108015	474	Response	1	15509670	4537	1
10108015	475	Sound	110	15526038	399	1			260		other	0
10108015	475	Response	1	15529109	3470	1
10108015	476	Sound	103	15553437	456	1			260		other	0
10108015	477	Sound	103	15569636	317	1			260		other	0
10108015	478	Sound	103	15589434	277	1			260		other	0
10108015	479	Sound	111	15613833	335	1			260		other	0
10108015	479	Response	1	15617823	4325	1
10108015	480	Sound	108	15629832	329	1			260		other	0
10108015	480	Response	1	15633502	3999	1
10108015	481	Sound	110	15650631	455	1			260		other	0
10108015	481	Response	1	15654701	4525	1
10108015	482	Sound	104	15673429	413	1			260		other	0
10108015	482	Response	1	15677899	4884	1
10108015	483	Sound	104	15696628	438	1			260		other	0
10108015	484	Sound	110	15716026	332	1			260		other	0
10108015	484	Response	1	15720216	4522	1
10108015	485	Sound	107	15743025	322	1			260		other	0
10108015	485	Response	1	15747335	4632	1
10108015	486	Sound	101	15760624	416	1			260		other	0
10108015	487	Sound	111	15782822	441	1			260		other	0
10108015	487	Response	1	15786212	3831	1
10108015	488	Sound	108	15810620	398	1			260		other	0
10108015	488	Response	1	15815010	4788	1
10108015	489	Sound	102	15827419	359	1			260		other	0
10108015	490	Sound	110	15855218	315	1			260		other	0
10108015	490	Response	1	15858928	4025	1
10108015	491	Sound	108	15872017	443	1			260		other	0
10108015	491	Response	1	15876447	4873	1
10108015	492	Sound	106	15895215	301	1			260		other	0
10108015	492	Response	1	15898925	4011	1
10108015	493	Sound	104	15913414	328	1			260		other	0
10108015	494	Sound	105	15932213	455	1			260		other	0
10108015	494	Response	1	15938043	6284	1
10108015	495	Sound	103	15956811	379	1			260		other	0
10108015	495	Response	1	15964041	7609	1
10108015	496	Sound	108	15981810	370	1			260		other	0
10108015	496	Response	1	15985000	3560	1
10108015	497	Sound	110	15999609	330	1			260		other	0
10108015	497	Response	1	16003558	4280	1
10108015	498	Sound	106	16016607	324	1			260		other	0
10108015	499	Sound	106	16038606	317	1			260		other	0
10108015	499	Response	1	16045715	7426	2
10108015	500	Sound	104	16062405	275	1			260		other	0
10108015	501	Sound	107	16085003	367	1			260		other	0
10108015	501	Response	1	16088753	4116	1
10108015	502	Sound	101	16112201	390	1			260		other	0
10108015	503	Sound	104	16128800	318	1			260		other	0
10108015	504	Sound	101	16146399	411	1			260		other	0
10108015	505	Response	255	16805667	639760	1
10108015	506	Sound	106	16880553	350	1			260		other	0
10108015	507	Sound	107	16896552	344	1			260		other	0
10108015	507	Response	1	16899581	3373	1
10108015	508	Sound	102	16919551	336	1			260		other	0
10108015	509	Sound	103	16948149	426	1			260		other	0
10108015	510	Sound	105	16965348	286	1			260		other	0
10108015	510	Response	1	16969896	4835	1
10108015	511	Sound	102	16992746	343	1			260		other	0
10108015	512	Sound	102	17011145	403	1			260		other	0
10108015	513	Sound	103	17036543	294	1			260		other	0
10108015	514	Sound	107	17062542	452	1			260		other	0
10108015	514	Response	1	17066690	4600	1
10108015	515	Sound	107	17088540	442	1			260		other	0
10108015	515	Response	1	17094048	5951	1
10108015	516	Sound	104	17111738	301	1			260		other	0
10108015	516	Response	1	17118047	6609	1
10108015	517	Sound	105	17128737	461	1			260		other	0
10108015	517	Response	1	17132926	4650	1
10108015	518	Sound	104	17153136	353	1			260		other	0
10108015	519	Sound	106	17174134	345	1			260		other	0
10108015	519	Response	1	17178123	4334	1
10108015	520	Sound	108	17200533	402	1			260		other	0
10108015	520	Response	1	17204521	4391	1
10108015	521	Sound	105	17221731	428	1			260		other	0
10108015	521	Response	1	17225480	4177	1
10108015	522	Sound	109	17240930	288	1			260		other	0
10108015	522	Response	1	17243879	3236	1
10108015	523	Sound	109	17262329	347	1			260		other	0
10108015	523	Response	1	17266597	4615	1
10108015	524	Sound	108	17282128	306	1			260		other	0
10108015	524	Response	1	17286916	5095	1
10108015	525	Sound	110	17299927	434	1			260		other	0
10108015	525	Response	1	17303955	4462	1
10108015	526	Sound	110	17326125	291	1			260		other	0
10108015	526	Response	1	17329073	3239	1
10108015	527	Sound	104	17354123	448	1			260		other	0
10108015	528	Sound	106	17382721	371	1			260		other	0
10108015	528	Response	1	17386510	4159	1
10108015	529	Sound	111	17407120	429	1			260		other	0
10108015	529	Response	1	17410988	4297	1
10108015	530	Sound	109	17435518	319	1			260		other	0
10108015	530	Response	1	17438506	3307	1
10108015	531	Sound	108	17458116	411	1			260		other	0
10108015	531	Response	1	17461625	3919	1
10108015	532	Sound	105	17485315	267	1			260		other	0
10108015	532	Response	1	17489783	4735	1
10108015	533	Sound	110	17504314	427	1			260		other	0
10108015	533	Response	1	17508581	4695	1
10108015	534	Sound	101	17523712	320	1			260		other	0
10108015	535	Sound	101	17550311	411	1			260		other	0
10108015	536	Sound	101	17578509	434	1			260		other	0
10108015	537	Sound	102	17606507	424	1			260		other	0
10108015	538	Sound	108	17622706	285	1			260		other	0
10108015	538	Response	1	17626094	3673	1
10108015	539	Sound	104	17640305	379	1			260		other	0
10108015	539	Response	1	17645773	5846	2
10108015	540	Sound	102	17668103	336	1			260		other	0
10108015	541	Sound	109	17685102	330	1			260		other	0
10108015	541	Response	1	17690810	6037	1
10108015	542	Sound	111	17706701	422	1			260		other	0
10108015	542	Response	1	17710648	4369	1
10108015	543	Sound	103	17732899	446	1			260		other	0
10108015	544	Sound	106	17751698	406	1			260		other	0
10108015	544	Response	1	17755446	4153	1
10108015	545	Sound	111	17769497	366	1			260		other	0
10108015	545	Response	1	17772885	3754	1
10108015	546	Sound	108	17790096	459	1			260		other	0
10108015	546	Response	1	17793043	3407	1
10108015	547	Sound	101	17806095	286	1			260		other	0
10108015	548	Sound	103	17834293	310	1			260		other	0
10108015	549	Sound	104	17857691	368	1			260		other	0
10108015	550	Sound	110	17876090	428	1			260		other	0
10108015	550	Response	1	17879118	3456	1
10108015	551	Sound	103	17899489	320	1			260		other	0
10108015	552	Sound	107	17924487	311	1			260		other	0
10108015	552	Response	1	17929115	4938	1
10108015	553	Sound	107	17949486	469	1			260		other	0
10108015	553	Response	1	17955113	6096	1
10108015	554	Sound	111	17971884	361	1			260		other	0
10108015	554	Response	1	17974791	3268	1
10108015	555	Sound	109	17993483	286	1			260		other	0
10108015	555	Response	1	17997270	4074	1
10108015	556	Sound	101	18019281	410	1			260		other	0
10108015	557	Sound	110	18037480	437	1			260		other	0
10108015	557	Response	1	18041187	4145	1
10108015	558	Sound	106	18055879	331	1			260		other	0
10108015	558	Response	1	18059506	3958	1
10108015	559	Sound	105	18075678	290	1			260		other	0
10108015	559	Response	1	18079585	4197	1
10108015	560	Sound	111	18104276	380	1			260		other	0
10108015	560	Response	1	18107343	3447	1
10108015	561	Response	255	18544435	421787	1
10108015	562	Sound	15	18616644	431	1			260		other	0
10108015	563	Sound	19	18637842	290	1			260		other	0
10108015	563	Response	1	18640989	3436	1
10108015	564	Sound	14	18656241	350	1			260		other	0
10108015	565	Sound	14	18681439	374	1			260		other	0
10108015	566	Sound	15	18706238	332	1			260		other	0
10108015	566	Response	1	18710264	4359	1
10108015	567	Sound	21	18727836	425	1			260		other	0
10108015	567	Response	1	18731223	3811	2
10108015	568	Sound	16	18755035	281	1			260		other	0
10108015	568	Response	1	18759621	4867	2
10108015	569	Sound	11	18774034	275	1			260		other	0
10108015	570	Sound	16	18792232	468	1			260		other	0
10108015	571	Sound	19	18812831	394	1			260		other	0
10108015	571	Response	1	18816817	4380	1
10108015	572	Sound	18	18829230	455	1			260		other	0
10108015	572	Response	1	18834096	5321	1
10108015	573	Sound	19	18853029	413	1			260		other	0
10108015	573	Response	1	18857455	4839	1
10108015	574	Sound	21	18880427	303	1			260		other	0
10108015	574	Response	1	18884813	4690	1
10108015	575	Sound	20	18897426	464	1			260		other	0
10108015	575	Response	1	18902892	5930	1
10108015	576	Sound	21	18921824	355	1			260		other	0
10108015	576	Response	1	18926730	5261	1
10108015	577	Sound	16	18945423	447	1			260		other	0
10108015	577	Response	1	18951209	6233	1
10108015	578	Sound	18	18962222	408	1			260		other	0
10108015	579	Sound	17	18987220	399	1			260		other	0
10108015	579	Response	1	18992006	5185	1
10108015	580	Sound	18	19014418	422	1			260		other	0
10108015	580	Response	1	19019525	5528	1
10108015	581	Sound	19	19036217	381	1			260		other	0
10108015	581	Response	1	19042083	6247	1
10108015	582	Sound	12	19060815	306	1			260		other	0
10108015	583	Sound	16	19077414	400	1			260		other	0
10108015	583	Response	1	19080721	3706	1
10108015	584	Sound	13	19097813	293	1			260		other	0
10108015	585	Sound	21	19125811	283	1			260		other	0
10108015	585	Response	1	19130317	4789	1
10108015	586	Sound	18	19142410	377	1			260		other	0
10108015	586	Response	1	19149516	7483	1
10108015	587	Sound	15	19163609	402	1			260		other	0
10108015	587	Response	1	19171115	7908	1
10108015	588	Sound	11	19187607	394	1			260		other	0
10108015	589	Sound	13	19215406	351	1			260		other	0
10108015	590	Sound	20	19234004	277	1			260		other	0
10108015	590	Response	1	19239750	6023	1
10108015	591	Sound	16	19252203	471	1			260		other	0
10108015	591	Response	1	19259829	8096	1
10108015	592	Sound	12	19273002	430	1			260		other	0
10108015	593	Sound	14	19289001	424	1			260		other	0
10108015	594	Sound	21	19308200	451	1			260		other	0
10108015	594	Response	1	19313106	5357	1
10108015	595	Sound	12	19333998	408	1			260		other	0
10108015	596	Sound	14	19359397	299	1			260		other	0
10108015	597	Sound	13	19384595	324	1			260		other	0
10108015	598	Sound	15	19410393	448	1			260		other	0
10108015	599	Sound	14	19436392	438	1			260		other	0
10108015	600	Sound	17	19462390	429	1			260		other	0
10108015	600	Response	1	19467336	5375	1
10108015	601	Sound	11	19487988	353	1			260		other	0
10108015	602	Sound	18	19508987	346	1			260		other	0
10108015	602	Response	1	19513413	4771	1
10108015	603	Sound	17	19535786	303	1			260		other	0
10108015	603	Response	1	19540771	5288	1
10108015	604	Sound	12	19563784	293	1			260		other	0
10108015	605	Sound	20	19579983	321	1			260		other	0
10108015	605	Response	1	19584688	5026	1
10108015	606	Sound	11	19595182	349	1			260		other	0
10108015	607	Sound	13	19618780	440	1			260		other	0
10108015	608	Sound	11	19636379	367	1			260		other	0
10108015	609	Sound	12	19651778	428	1			260		other	0
10108015	610	Sound	19	19673177	321	1			260		other	0
10108015	610	Response	1	19678602	5746	1
10108015	611	Sound	15	19692576	381	1			260		other	0
10108015	611	Response	1	19697561	5366	1
10108015	612	Sound	13	19714974	439	1			260		other	0
10108015	613	Sound	20	19734173	466	1			260		other	0
10108015	613	Response	1	19739718	6011	1
10108015	614	Sound	20	19761971	423	1			260		other	0
10108015	614	Response	1	19768116	6568	1
10108015	615	Sound	17	19778370	317	1			260		other	0
10108015	615	Response	1	19787555	9501	1
10108015	616	Sound	17	19803169	441	1			260		other	0
10108015	616	Response	1	19809234	6506	1
10108015	617	Response	255	20751973	931827	1
10108015	618	Sound	12	20833904	374	1			260		other	0
10108015	619	Sound	21	20849903	368	1			260		other	0
10108015	619	Response	1	20853807	4272	1
10108015	620	Sound	19	20868501	461	1			260		other	0
10108015	620	Response	1	20872605	4565	1
10108015	621	Sound	12	20887500	288	1			260		other	0
10108015	622	Sound	18	20905499	281	1			260		other	0
10108015	622	Response	1	20909483	4265	1
10108015	623	Sound	12	20926898	340	1			260		other	0
10108015	624	Sound	11	20953896	331	1			260		other	0
10108015	625	Sound	11	20979294	388	1			260		other	0
10108015	625	Response	1	20990758	11852	1
10108015	626	Sound	18	20998893	315	1			260		other	0
10108015	626	Response	1	21003877	5298	1
10108015	627	Sound	14	21020692	440	1			260		other	0
10108015	628	Sound	18	21048090	331	1			260		other	0
10108015	628	Response	1	21052114	4354	1
10108015	629	Sound	14	21066689	424	1			260		other	0
10108015	630	Sound	20	21090887	282	1			260		other	0
10108015	630	Response	1	21095631	5026	1
10108015	631	Sound	17	21110486	375	1			260		other	0
10108015	631	Response	1	21115950	5839	1
10108015	632	Sound	21	21130285	335	1			260		other	0
10108015	632	Response	1	21134268	4318	1
10108015	633	Sound	11	21151284	327	1			260		other	0
10108015	634	Sound	19	21168682	388	1			260		other	0
10108015	634	Response	1	21173386	5091	1
10108015	635	Sound	18	21191281	313	1			260		other	0
10108015	635	Response	1	21196344	5376	1
10108015	636	Sound	14	21216279	304	1			260		other	0
10108015	637	Sound	19	21233278	465	1			260		other	0
10108015	637	Response	1	21238022	5208	1
10108015	638	Sound	19	21250277	459	1			260		other	0
10108015	638	Response	1	21255061	5242	1
10108015	639	Sound	15	21275476	316	1			260		other	0
10108015	639	Response	1	21281539	6380	1
10108015	640	Sound	18	21292075	410	1			260		other	0
10108015	640	Response	1	21297458	5793	1
10108015	641	Sound	21	21309474	471	1			260		other	0
10108015	641	Response	1	21314257	5254	1
10108015	642	Sound	15	21326473	465	1			260		other	0
10108015	643	Sound	17	21354471	455	1			260		other	0
10108015	643	Response	1	21360574	6558	1
10108015	644	Sound	16	21380269	412	1			260		other	0
10108015	644	Response	1	21385292	5435	1
10108015	645	Sound	11	21403268	404	1			260		other	0
10108015	646	Sound	20	21421867	331	1			260		other	0
10108015	646	Response	1	21427450	5914	1
10108015	647	Sound	13	21448265	388	1			260		other	0
10108015	648	Sound	15	21470063	347	1			260		other	0
10108015	649	Sound	11	21497462	404	1			260		other	0
10108015	650	Sound	20	21521860	295	1			260		other	0
10108015	650	Response	1	21526403	4838	1
10108015	651	Sound	13	21547859	286	1			260		other	0
10108015	652	Sound	12	21570657	411	1			260		other	0
10108015	653	Sound	13	21590856	437	1			260		other	0
10108015	654	Sound	17	21617854	427	1			260		other	0
10108015	654	Response	1	21621837	4410	1
10108015	655	Sound	16	21641453	352	1			260		other	0
10108015	655	Response	1	21647355	6255	1
10108015	656	Sound	14	21664251	311	1			260		other	0
10108015	656	Response	1	21671674	7734	1
10108015	657	Sound	17	21692049	434	1			260		other	0
10108015	657	Response	1	21699192	7577	1
10108015	658	Sound	20	21712248	294	1			260		other	0
10108015	658	Response	1	21724070	12116	1
10108015	659	Sound	13	21732247	287	1			260		other	0
10108015	660	Sound	14	21756445	311	1			260		other	0
10108015	661	Sound	16	21781644	336	1			260		other	0
10108015	661	Response	1	21786066	4758	2
10108015	662	Sound	16	21807642	326	1			260		other	0
10108015	662	Response	1	21812945	5629	1
10108015	663	Sound	21	21834441	450	1			260		other	0
10108015	663	Response	1	21839823	5833	1
10108015	664	Sound	13	21853839	343	1			260		other	0
10108015	665	Sound	19	21879238	401	1			260		other	0
10108015	665	Response	1	21883740	4904	1
10108015	666	Sound	16	21901836	326	1			260		other	0
10108015	666	Response	1	21907739	6229	1
10108015	667	Sound	21	21921435	419	1			260		other	0
10108015	667	Response	1	21929177	8162	1
10108015	668	Sound	15	21942034	345	1			260		other	0
10108015	669	Sound	17	21967632	269	1			260		other	0
10108015	669	Response	1	21974374	7012	1
10108015	670	Sound	20	21988231	362	1			260		other	0
10108015	670	Response	1	21994053	6184	1
10108015	671	Sound	12	22005830	456	1			260		other	0
10108015	672	Sound	15	22033828	279	1			260		other	0
10108015	672	Response	1	22039490	5942	1
10108015	673	Response	255	22261396	208762	1
10108015	674	Sound	20	22335409	272	1			260		other	0
10108015	674	Response	1	22339631	4494	1
10108015	675	Sound	15	22358807	330	1			260		other	0
10108015	676	Sound	15	22374406	424	1			260		other	0
10108015	677	Sound	18	22400605	282	1			260		other	0
10108015	677	Response	1	22404747	4424	1
10108015	678	Sound	15	22419404	408	1			260		other	0
10108015	678	Response	1	22423466	4471	1
10108015	679	Sound	17	22435603	436	1			260		other	0
10108015	679	Response	1	22439865	4698	1
10108015	680	Sound	14	22453001	330	1			260		other	0
10108015	681	Sound	16	22481200	353	1			260		other	0
10108015	682	Sound	14	22506598	411	1			260		other	0
10108015	683	Sound	13	22532596	401	1			260		other	0
10108015	684	Sound	20	22552395	361	1			260		other	0
10108015	684	Response	1	22557217	5183	1
10108015	685	Sound	16	22577994	452	1			260		other	0
10108015	685	Response	1	22582495	4954	1
10108015	686	Sound	17	22604992	442	1			260		other	0
10108015	686	Response	1	22610734	6184	1
10108015	687	Sound	11	22629990	434	1			260		other	0
10108015	688	Sound	12	22650789	393	1			260		other	0
10108015	689	Sound	18	22668788	386	1			260		other	0
10108015	689	Response	1	22674250	5848	1
10108015	690	Sound	21	22687987	413	1			260		other	0
10108015	690	Response	1	22696568	8994	1
10108015	691	Sound	19	22706186	273	1			260		other	0
10108015	691	Response	1	22713367	7454	1
10108015	692	Sound	11	22725384	299	1			260		other	0
10108015	693	Sound	12	22741383	294	1			260		other	0
10108015	694	Sound	21	22759782	354	1			260		other	0
10108015	694	Response	1	22764084	4655	1
10108015	695	Sound	15	22777581	314	1			260		other	0
10108015	696	Sound	18	22802579	305	1			260		other	0
10108015	696	Response	1	22808641	6366	1
10108015	697	Sound	16	22826778	330	1			260		other	0
10108015	697	Response	1	22832639	6191	1
10108015	698	Sound	13	22841977	358	1			260		other	0
10108015	699	Sound	14	22869975	348	1			260		other	0
10108015	700	Sound	20	22894374	406	1			260		other	0
10108015	700	Response	1	22900555	6587	1
10108015	701	Sound	11	22921572	429	1			260		other	0
10108015	702	Sound	19	22945570	421	1			260		other	0
10108015	702	Response	1	22951272	6122	1
10108015	703	Sound	12	22964769	281	1			260		other	0
10108015	704	Sound	13	22990967	305	1			260		other	0
10108015	705	Sound	11	23015166	329	1			260		other	0
10108015	706	Sound	19	23037965	455	1			260		other	0
10108015	706	Response	1	23043186	5676	1
10108015	707	Sound	17	23059963	280	1			260		other	0
10108015	707	Response	1	23065024	5341	1
10108015	708	Sound	17	23076362	341	1			260		other	0
10108015	708	Response	1	23081663	5642	1
10108015	709	Sound	13	23092761	402	1			260		other	0
10108015	710	Sound	15	23116160	293	1			260		other	0
10108015	710	Response	1	23123581	7714	1
10108015	711	Sound	14	23133559	354	1			260		other	0
10108015	712	Sound	11	23153157	447	1			260		other	0
10108015	713	Sound	20	23171956	407	1			260		other	0
10108015	713	Response	1	23176697	5148	1
10108015	714	Sound	17	23188155	434	1			260		other	0
10108015	714	Response	1	23194376	6655	1
10108015	715	Sound	21	23206554	328	1			260		other	0
10108015	715	Response	1	23212295	6069	1
10108015	716	Sound	18	23224953	388	1			260		other	0
10108015	716	Response	1	23230854	6289	1
10108015	717	Sound	19	23246151	414	1			260		other	0
10108015	717	Response	1	23251572	5835	1
10108015	718	Sound	13	23263350	441	1			260		other	0
10108015	719	Sound	21	23290949	364	1			260		other	0
10108015	719	Response	1	23295729	5145	1
10108015	720	Sound	20	23316147	389	1			260		other	0
10108015	720	Response	1	23322608	6849	1
10108015	721	Sound	18	23341545	446	1			260		other	0
10108015	721	Response	1	23349486	8387	1
10108015	722	Sound	14	23359544	273	1			260		other	0
10108015	723	Sound	16	23384143	364	1			260		other	0
10108015	723	Response	1	23389244	5465	1
10108015	724	Sound	16	23403541	424	1			260		other	0
10108015	724	Response	1	23411722	8605	1
10108015	725	Sound	12	23426140	349	1			260		other	0
10108015	726	Sound	21	23442939	310	1			260		other	0
10108015	726	Response	1	23447960	5331	1
10108015	727	Sound	19	23460738	437	1			260		other	0
10108015	727	Response	1	23467639	7338	1
10108015	728	Sound	12	23478337	364	1			260		other	0
10108015	729	Response	255	23930489	434764	1
10108015	730	Sound	102	24005104	310	1			260		other	0
10108015	731	Sound	108	24025302	337	1			260		other	0
10108015	731	Response	1	24029282	4317	1
10108015	732	Sound	104	24041101	297	1			260		other	0
10108015	733	Sound	106	24065100	455	1			260		other	0
10108015	733	Response	1	24068560	3915	1
10108015	734	Sound	109	24091698	379	1			260		other	0
10108015	734	Response	1	24094558	3239	1
10108015	735	Sound	102	24111097	439	1			260		other	0
10108015	736	Sound	105	24135495	330	1			260		other	0
10108015	736	Response	1	24138715	3550	1
10108015	737	Sound	104	24158894	388	1			260		other	0
10108015	737	Response	1	24164234	5728	1
10108015	738	Sound	110	24183292	446	1			260		other	0
10108015	738	Response	1	24186312	3466	1
10108015	739	Sound	108	24203891	372	1			260		other	0
10108015	739	Response	1	24206871	3352	1
10108015	740	Sound	102	24228290	430	1			260		other	0
10108015	741	Sound	103	24245288	424	1			260		other	0
10108015	742	Sound	101	24263087	384	1			260		other	0
10108015	743	Sound	104	24290886	341	1			260		other	0
10108015	743	Response	1	24295985	5441	1
10108015	744	Sound	110	24308884	335	1			260		other	0
10108015	744	Response	1	24316304	7754	1
10108015	745	Sound	107	24328683	461	1			260		other	0
10108015	745	Response	1	24332703	4481	1
10108015	746	Sound	108	24349682	287	1			260		other	0
10108015	746	Response	1	24353022	3627	1
10108015	747	Sound	102	24368281	380	1			260		other	0
10108015	748	Sound	107	24385480	407	1			260		other	0
10108015	748	Response	1	24389899	4827	1
10108015	749	Sound	107	24411878	298	1			260		other	0
10108015	749	Response	1	24415657	4078	1
10108015	750	Sound	106	24437276	356	1			260		other	0
10108015	750	Response	1	24440376	3455	1
10108015	751	Sound	101	24456275	349	1			260		other	0
10108015	752	Sound	105	24476274	342	1			260		other	0
10108015	752	Response	1	24479893	3961	1
10108015	753	Sound	106	24498073	467	1			260		other	0
10108015	753	Response	1	24501732	4127	1
10108015	754	Sound	111	24514671	395	1			260		other	0
10108015	754	Response	1	24518531	4254	1
10108015	755	Sound	104	24532670	388	1			260		other	0
10108015	756	Sound	111	24556269	313	1			260		other	0
10108015	756	Response	1	24559408	3452	1
10108015	757	Sound	102	24574268	307	1			260		other	0
10108015	758	Sound	103	24600266	297	1			260		other	0
10108015	759	Sound	110	24617065	425	1			260		other	0
10108015	759	Response	1	24621884	5244	2
10108015	760	Sound	106	24634864	385	1			260		other	0
10108015	760	Response	1	24641563	7084	1
10108015	761	Sound	111	24663262	442	1			260		other	0
10108015	761	Response	1	24667321	4501	1
10108015	762	Sound	103	24680261	436	1			260		other	0
10108015	763	Sound	108	24696460	297	1			260		other	0
10108015	763	Response	1	24701399	5236	1
10108015	764	Sound	104	24722658	321	1			260		other	0
10108015	765	Sound	101	24738857	348	1			260		other	0
10108015	766	Sound	109	24761856	340	1			260		other	0
10108015	766	Response	1	24765635	4119	1
10108015	767	Sound	111	24784654	298	1			260		other	0
10108015	767	Response	1	24788353	3997	1
10108015	768	Sound	107	24806653	291	1			260		other	0
10108015	768	Response	1	24810832	4470	1
10108015	769	Sound	108	24831451	415	1			260		other	0
10108015	769	Response	1	24835550	4514	1
10108015	770	Sound	109	24850650	442	1			260		other	0
10108015	770	Response	1	24854269	4060	1
10108015	771	Sound	105	24866849	469	1			260		other	0
10108015	771	Response	1	24873068	6688	1
10108015	772	Sound	103	24890848	294	1			260		other	0
10108015	773	Sound	107	24917046	318	1			260		other	0
10108015	773	Response	1	24921385	4657	1
10108015	774	Sound	106	24935045	311	1			260		other	0
10108015	774	Response	1	24939704	4970	1
10108015	775	Sound	103	24963443	368	1			260		other	0
10108015	776	Sound	109	24983042	294	1			260		other	0
10108015	776	Response	1	24988421	5673	1
10108015	777	Sound	110	25011040	284	1			260		other	0
10108015	777	Response	1	25015699	4943	1
10108015	778	Sound	105	25036239	309	1			260		other	0
10108015	778	Response	1	25041937	6007	1
10108015	779	Sound	105	25058637	368	1			260		other	0
10108015	779	Response	1	25064416	6146	1
10108015	780	Sound	109	25076236	295	1			260		other	0
10108015	780	Response	1	25080414	4473	1
10108015	781	Sound	101	25104434	318	1			260		other	0
10108015	782	Sound	101	25121433	312	1			260		other	0
10108015	783	Sound	111	25145232	437	1			260		other	0
10108015	783	Response	1	25149210	4415	1
10108015	784	Sound	110	25164230	430	1			260		other	0
10108015	784	Response	1	25167769	3968	1
10108015	785	Response	255	25736373	555154	1
10108015	786	Sound	104	25809190	367	1			260		other	0
10108015	787	Sound	105	25827589	427	1			260		other	0
10108015	787	Response	1	25831566	4404	1
10108015	788	Sound	104	25845187	354	1			260		other	0
10108015	788	Response	1	25849085	4251	1
10108015	789	Sound	106	25872786	444	1			260		other	0
10108015	789	Response	1	25875324	2982	1
10108015	790	Sound	103	25891785	270	1			260		other	0
10108015	791	Sound	108	25908984	298	1			260		other	0
10108015	791	Response	1	25912201	3515	1
10108015	792	Sound	107	25929982	457	1			260		other	0
10108015	792	Response	1	25932920	3395	1
10108015	793	Sound	106	25950981	449	1			260		other	0
10108015	793	Response	1	25954359	3827	1
10108015	794	Sound	101	25979779	406	1			260		other	0
10108015	795	Sound	105	26001978	431	1			260		other	0
10108015	795	Response	1	26006755	5209	1
10108015	796	Sound	101	26025176	456	1			260		other	0
10108015	797	Sound	105	26046175	282	1			260		other	0
10108015	797	Response	1	26050672	4779	1
10108015	798	Sound	111	26065374	309	1			260		other	0
10108015	798	Response	1	26068591	3526	1
10108015	799	Sound	103	26086172	434	1			260		other	0
10108015	800	Sound	107	26102171	429	1			260		other	0
10108015	800	Response	1	26106189	4446	1
10108015	801	Sound	110	26127570	320	1			260		other	0
10108015	801	Response	1	26132187	4937	1
10108015	802	Sound	110	26149568	312	1			260		other	0
10108015	802	Response	1	26152746	3489	1
10108015	803	Sound	104	26176767	335	1			260		other	0
10108015	803	Response	1	26181784	5353	1
10108015	804	Sound	111	26193566	296	1			260		other	0
10108015	804	Response	1	26197943	4673	1
10108015	805	Sound	106	26216764	321	1			260		other	0
10108015	805	Response	1	26220422	3979	1
10108015	806	Sound	111	26245562	444	1			260		other	0
10108015	806	Response	1	26249060	3942	1
10108015	807	Sound	102	26273760	301	1			260		other	0
10108015	808	Sound	106	26293359	394	1			260		other	0
10108015	808	Response	1	26298416	5451	1
10108015	809	Sound	105	26316358	386	1			260		other	0
10108015	809	Response	1	26320495	4523	1
10108015	810	Sound	102	26343356	376	1			260		other	0
10108015	811	Sound	102	26368155	334	1			260		other	0
10108015	812	Sound	101	26385953	461	1			260		other	0
10108015	813	Sound	103	26405952	454	1			260		other	0
10108015	814	Sound	101	26426751	413	1			260		other	0
10108015	815	Sound	111	26449549	372	1			260		other	0
10108015	815	Response	1	26455926	6748	1
10108015	816	Sound	103	26477148	295	1			260		other	0
10108015	817	Sound	109	26493947	423	1			260		other	0
10108015	817	Response	1	26498483	4959	1
10108015	818	Sound	109	26513145	282	1			260		other	0
10108015	818	Response	1	26517682	4819	1
10108015	819	Sound	108	26539344	306	1			260		other	0
10108015	819	Response	1	26543921	4883	1
10108015	820	Sound	108	26562342	298	1			260		other	0
10108015	820	Response	1	26565999	3955	1
10108015	821	Sound	110	26589941	388	1			260		other	0
10108015	821	Response	1	26593118	3565	1
10108015	822	Sound	109	26618539	311	1			260		other	0
10108015	822	Response	1	26621516	3288	1
10108015	823	Sound	109	26639137	404	1			260		other	0
10108015	823	Response	1	26643354	4621	1
10108015	824	Sound	106	26657336	431	1			260		other	0
10108015	824	Response	1	26661433	4528	1
10108015	825	Sound	104	26679935	356	1			260		other	0
10108015	826	Sound	107	26704133	381	1			260		other	0
10108015	826	Response	1	26710150	6397	1
10108015	827	Sound	102	26720932	341	1			260		other	0
10108015	828	Sound	108	26740731	301	1			260		other	0
10108015	828	Response	1	26744868	4438	1
10108015	829	Sound	109	26759330	394	1			260		other	0
10108015	829	Response	1	26763906	4971	1
10108015	830	Sound	105	26781928	320	1			260		other	0
10108015	830	Response	1	26785505	3896	1
10108015	831	Sound	102	26801527	413	1			260		other	0
10108015	832	Sound	103	26820326	373	1			260		other	0
10108015	833	Sound	107	26846724	430	1			260		other	0
10108015	833	Response	1	26852621	6326	1
10108015	834	Sound	108	26866923	289	1			260		other	0
10108015	834	Response	1	26872219	5586	1
10108015	835	Sound	110	26891922	447	1			260		other	0
10108015	835	Response	1	26896298	4824	1
10108015	836	Sound	110	26912720	406	1			260		other	0
10108015	837	Sound	107	26938919	430	1			260		other	0
10108015	838	Sound	104	26967917	420	1			260		other	0
10108015	839	Sound	111	26991715	378	1			260		other	0
10108015	839	Response	1	26994612	3275	1
10108015	840	Sound	101	27009314	305	1			260		other	0
10108015	841	Response	255	27347789	312526	1
10108015	842	Sound	109	27421288	325	1			260		other	0
10108015	842	Response	1	27424504	3541	1
10108015	843	Sound	102	27437087	286	1			260		other	0
10108015	844	Sound	109	27461486	344	1			260		other	0
10108015	844	Response	1	27464421	3280	1
10108015	845	Sound	103	27487284	469	1			260		other	0
10108015	846	Sound	101	27513282	459	1			260		other	0
10108015	847	Sound	104	27532281	285	1			260		other	0
10108015	847	Response	1	27537217	5221	1
10108015	848	Sound	107	27558879	376	1			260		other	0
10108015	848	Response	1	27561855	3352	1
10108015	849	Sound	107	27582478	301	1			260		other	0
10108015	849	Response	1	27585853	3676	1
10108015	850	Sound	106	27608476	291	1			260		other	0
10108015	850	Response	1	27611852	3667	1
10108015	851	Sound	102	27634875	349	1			260		other	0
10108015	852	Sound	103	27661473	439	1			260		other	0
10108015	853	Sound	103	27683672	298	1			260		other	0
10108015	854	Sound	103	27704070	358	1			260		other	0
10108015	855	Sound	101	27728669	449	1			260		other	0
10108015	856	Sound	107	27755067	339	1			260		other	0
10108015	856	Response	1	27761922	7194	1
10108015	857	Sound	110	27775066	332	1			260		other	0
10108015	857	Response	1	27779201	4468	1
10108015	858	Sound	105	27792665	426	1			260		other	0
10108015	858	Response	1	27797360	5121	1
10108015	859	Sound	105	27812864	285	1			260		other	0
10108015	859	Response	1	27817839	5261	1
10108015	860	Sound	105	27836662	410	1			260		other	0
10108015	861	Sound	104	27852861	438	1			260		other	0
10108015	862	Sound	111	27879059	295	1			260		other	0
10108015	862	Response	1	27882715	3950	1
10108015	863	Sound	108	27904858	419	1			260		other	0
10108015	863	Response	1	27908073	3634	1
10108015	864	Sound	104	27932056	443	1			260		other	0
10108015	864	Response	1	27936231	4618	1
10108015	865	Sound	110	27954655	368	1			260		other	0
10108015	865	Response	1	27958790	4503	1
10108015	866	Sound	111	27980653	359	1			260		other	0
10108015	866	Response	1	27983028	2734	1
10108015	867	Sound	108	27998652	353	1			260		other	0
10108015	867	Response	1	28002467	4168	1
10108015	868	Sound	109	28020250	278	1			260		other	0
10108015	868	Response	1	28022546	2573	1
10108015	869	Sound	101	28042449	304	1			260		other	0
10108015	870	Sound	102	28070247	427	1			260		other	0
10108015	871	Sound	104	28092046	386	1			260		other	0
10108015	872	Sound	109	28117044	377	1			260		other	0
10108015	872	Response	1	28119579	2912	1
10108015	873	Sound	106	28139043	369	1			260		other	0
10108015	873	Response	1	28141578	2904	1
10108015	874	Response	1	28163417	236	1
10108015	874	Sound	102	28163641	461	1			260		other	0
10108015	875	Sound	106	28189640	284	1			260		other	0
10108015	875	Response	1	28192934	3579	1
10108015	876	Sound	105	28218238	374	1			260		other	0
10108015	876	Response	1	28221733	3869	1
10108015	877	Sound	111	28239037	333	1			260		other	0
10108015	877	Response	1	28242931	4228	1
10108015	878	Sound	101	28266435	390	1			260		other	0
10108015	879	Sound	111	28283434	385	1			260		other	0
10108015	879	Response	1	28286449	3400	1
10108015	880	Sound	104	28306432	377	1			260		other	0
10108015	880	Response	1	28311967	5912	1
10108015	881	Sound	108	28331231	334	1			260		other	0
10108015	881	Response	1	28335805	4909	1
10108015	882	Sound	108	28353429	359	1			260		other	0
10108015	882	Response	1	28357644	4574	1
10108015	883	Sound	110	28378828	417	1			260		other	0
10108015	883	Response	1	28382362	3952	1
10108015	884	Sound	107	28397627	377	1			260		other	0
10108015	884	Response	1	28401801	4551	1
10108015	885	Sound	101	28421225	469	1			260		other	0
10108015	886	Sound	111	28443424	327	1			260		other	0
10108015	886	Response	1	28447398	4302	1
10108015	887	Sound	109	28471622	351	1			260		other	0
10108015	887	Response	1	28474917	3645	1
10108015	888	Sound	102	28493021	410	1			260		other	0
10108015	889	Sound	106	28516019	401	1			260		other	0
10108015	889	Response	1	28520834	5216	1
10108015	890	Sound	108	28543417	458	1			260		other	0
10108015	890	Response	1	28547472	4513	1
10108015	891	Sound	110	28567616	316	1			260		other	0
10108015	891	Response	1	28572110	4810	1
10108015	892	Sound	106	28585815	343	1			260		other	0
10108015	892	Response	1	28589629	4158	1
10108015	893	Sound	107	28610213	401	1			260		other	0
10108015	893	Response	1	28615148	5335	1
10108015	894	Sound	103	28634012	359	1			260		other	0
10108015	895	Sound	105	28655210	386	1			260		other	0
10108015	895	Response	1	28661305	6480	1
10108015	896	Sound	110	28679409	410	1			260		other	0
10108015	896	Response	1	28685943	6944	1
10108015	897	Response	255	28833613	126359	1
10108015	898	Sound	109	28898195	465	1			260		other	0
10108015	898	Response	1	28902009	4279	1
10108015	899	Sound	110	28921394	323	1			260		other	0
10108015	899	Response	1	28923847	2777	1
10108015	900	Sound	105	28943592	349	1			260		other	0
10108015	900	Response	1	28946326	3083	1
10108015	901	Sound	101	28962791	375	1			260		other	0
10108015	902	Sound	105	28984790	368	1			260		other	0
10108015	902	Response	1	28988483	4061	1
10108015	903	Sound	105	29003388	461	1			260		other	0
10108015	903	Response	1	29006642	3715	1
10108015	904	Sound	103	29027987	386	1			260		other	0
10108015	905	Sound	102	29056385	442	1			260		other	0
10108015	906	Sound	105	29084183	399	1			260		other	0
10108015	906	Response	1	29089837	6052	1
10108015	907	Sound	104	29100182	394	1			260		other	0
10108015	908	Sound	107	29120581	287	1			260		other	0
10108015	908	Response	1	29124795	4500	1
10108015	909	Sound	104	29142580	445	1			260		other	0
10108015	909	Response	1	29149513	7378	1
10108015	910	Sound	107	29162578	271	1			260		other	0
10108015	910	Response	1	29166952	4644	1
10108015	911	Sound	109	29187577	429	1			260		other	0
10108015	911	Response	1	29190791	3642	1
10108015	912	Sound	102	29207775	288	1			260		other	0
10108015	913	Sound	110	29231174	346	1			260		other	0
10108015	913	Response	1	29235348	4520	1
10108015	914	Sound	102	29253973	305	1			260		other	0
10108015	915	Sound	110	29282171	328	1			260		other	0
10108015	915	Response	1	29285824	3982	1
10108015	916	Sound	101	29310969	285	1			260		other	0
10108015	917	Sound	108	29327368	345	1			260		other	0
10108015	917	Response	1	29331022	3999	1
10108015	918	Sound	104	29345167	306	1			260		other	0
10108015	919	Sound	102	29369965	430	1			260		other	0
10108015	920	Sound	103	29394364	321	1			260		other	0
10108015	921	Sound	111	29423162	445	1			260		other	0
10108015	921	Response	1	29426455	3738	1
10108015	922	Sound	109	29445761	370	1			260		other	0
10108015	922	Response	1	29451334	5943	1
10108015	923	Sound	108	29470759	361	1			260		other	0
10108015	923	Response	1	29474532	4134	1
10108015	924	Sound	101	29497957	385	1			260		other	0
10108015	925	Sound	109	29518156	411	1			260		other	0
10108015	925	Response	1	29522609	4864	1
10108015	926	Sound	111	29535155	404	1			260		other	0
10108015	926	Response	1	29538928	4178	1
10108015	927	Sound	104	29562953	361	1			260		other	0
10108015	928	Sound	106	29584152	387	1			260		other	0
10108015	928	Response	1	29589165	5400	1
10108015	929	Sound	101	29612550	444	1			260		other	0
10108015	930	Sound	107	29639148	369	1			260		other	0
10108015	930	Response	1	29644681	5901	1
10108015	931	Sound	109	29662547	426	1			260		other	0
10108015	931	Response	1	29666520	4399	1
10108015	932	Sound	103	29689345	383	1			260		other	0
10108015	933	Sound	102	29709344	376	1			260		other	0
10108015	934	Sound	111	29736342	366	1			260		other	0
10108015	934	Response	1	29739955	3979	1
10108015	935	Sound	105	29757941	459	1			260		other	0
10108015	936	Sound	108	29785539	382	1			260		other	0
10108015	936	Response	1	29790192	5035	1
10108015	937	Sound	110	29812137	306	1			260		other	0
10108015	937	Response	1	29815710	3878	1
10108015	938	Sound	110	29830136	299	1			260		other	0
10108015	938	Response	1	29834269	4432	1
10108015	939	Sound	106	29850735	392	1			260		other	0
10108015	939	Response	1	29854588	4245	1
10108015	940	Sound	103	29875133	450	1			260		other	0
10108015	940	Response	1	29879946	5263	1
10108015	941	Sound	106	29897132	442	1			260		other	0
10108015	941	Response	1	29901785	5095	1
10108015	942	Sound	107	29920131	267	1			260		other	0
10108015	942	Response	1	29924263	4400	1
10108015	943	Sound	108	29945529	325	1			260		other	0
10108015	943	Response	1	29949621	4417	1
10108015	944	Sound	111	29963728	352	1			260		other	0
10108015	944	Response	1	29966661	3285	1
10108015	945	Sound	106	29983127	412	1			260		other	0
10108015	945	Response	1	29987219	4504	1
10108015	946	Sound	107	30009125	402	1			260		other	0
10108015	946	Response	1	30012977	4255	1
10108015	947	Sound	106	30025924	363	1			260		other	0
10108015	947	Response	1	30030656	5095	1
10108015	948	Sound	108	30048522	288	1			260		other	0
10108015	948	Response	1	30053375	5141	1
10108015	949	Sound	104	30068521	281	1			260		other	0
10108015	950	Sound	111	30095520	271	1			260		other	0
10108015	950	Response	1	30099292	4044	1
10108015	951	Sound	103	30117518	430	1			260		other	0
10108015	952	Sound	101	30135717	457	1			260		other	0
10108015	953	Response	255	30183767	23920	1
10108015	954	Sound	108	30258109	313	1			260		other	0
10108015	954	Response	1	30261121	3326	1
10108015	955	Sound	107	30281708	405	1			260		other	0
10108015	955	Response	1	30285840	4537	1
10108015	956	Sound	106	30302907	431	1			260		other	0
10108015	956	Response	1	30306319	3843	1
10108015	957	Sound	106	30323105	290	1			260		other	0
10108015	957	Response	1	30326237	3423	1
10108015	958	Sound	101	30348504	348	1			260		other	0
10108015	958	Response	1	30349356	1200	1
10108015	959	Sound	106	30371102	273	1			260		other	0
10108015	959	Response	1	30373834	3005	1
10108015	960	Sound	108	30388501	334	1			260		other	0
10108015	960	Response	1	30392873	4706	1
10108015	961	Sound	105	30411900	392	1			260		other	0
10108015	961	Response	1	30415592	4084	1
10108015	962	Sound	104	30430498	319	1			260		other	0
10108015	962	Response	1	30434791	4611	1
10108015	963	Sound	109	30449297	279	1			260		other	0
10108015	963	Response	1	30451589	2571	1
10108015	963	Response	1	30473028	24009	1
10108015	964	Sound	111	30475696	336	1			260		other	0
10108015	965	Sound	102	30502294	426	1			260		other	0
10108015	966	Sound	109	30527892	351	1			260		other	0
10108015	966	Response	1	30530704	3163	1
10108015	967	Sound	110	30555091	374	1			260		other	0
10108015	967	Response	1	30557743	3026	1
10108015	968	Sound	107	30575289	401	1			260		other	0
10108015	968	Response	1	30580301	5412	1
10108015	969	Sound	103	30596688	293	1			260		other	0
10108015	970	Sound	111	30614087	353	1			260		other	0
10108015	970	Response	1	30616539	2805	1
10108015	971	Sound	105	30640285	377	1			260		other	0
10108015	972	Sound	105	30660684	270	1			260		other	0
10108015	972	Response	1	30665896	5482	1
10108015	973	Sound	101	30686282	361	1			260		other	0
10108015	974	Sound	111	30710881	452	1			260		other	0
10108015	974	Response	1	30713733	3304	1
10108015	975	Sound	110	30734879	443	1			260		other	0
10108015	975	Response	1	30740371	5935	1
10108015	976	Sound	103	30755278	336	1			260		other	0
10108015	977	Sound	110	30773877	430	1			260		other	0
10108015	977	Response	1	30778848	5401	1
10108015	978	Sound	108	30791076	457	1			260		other	0
10108015	978	Response	1	30797167	6548	1
10108015	979	Sound	111	30812274	316	1			260		other	0
10108015	979	Response	1	30815326	3367	1
10108015	980	Sound	102	30839273	306	1			260		other	0
10108015	981	Sound	103	30863671	364	1			260		other	0
10108015	982	Sound	102	30888470	322	1			260		other	0
10108015	983	Sound	106	30917268	445	1			260		other	0
10108015	983	Response	1	30921719	4896	1
10108015	984	Sound	107	30936867	372	1			260		other	0
10108015	985	Sound	108	30954665	332	1			260		other	0
10108015	985	Response	1	30961477	7143	1
10108015	986	Sound	107	30980264	423	1			260		other	0
10108015	987	Sound	109	31003462	281	1			260		other	0
10108015	987	Response	1	31008833	5652	1
10108015	988	Sound	105	31022461	274	1			260		other	0
10108015	989	Sound	106	31046460	433	1			260		other	0
10108015	989	Response	1	31053391	7364	1
10108015	990	Sound	104	31065258	392	1			260		other	0
10108015	991	Sound	110	31085057	352	1			260		other	0
10108015	991	Response	1	31090988	6283	1
10108015	992	Sound	101	31107056	344	1			260		other	0
10108015	993	Sound	104	31125255	371	1			260		other	0
10108015	994	Sound	104	31149653	430	1			260		other	0
10108015	995	Sound	111	31174452	387	1			260		other	0
10108015	995	Response	1	31177463	3398	1
10108015	996	Sound	109	31196250	346	1			260		other	0
10108015	996	Response	1	31199301	3397	1
10108015	997	Sound	102	31218049	471	1			260		other	0
10108015	998	Sound	110	31245047	461	1			260		other	0
10108015	998	Response	1	31248018	3433	1
10108015	999	Sound	102	31266846	420	1			260		other	0
10108015	1000	Sound	109	31291844	411	1			260		other	0
10108015	1000	Response	1	31295455	4023	1
10108015	1001	Sound	108	31314843	403	1			260		other	0
10108015	1001	Response	1	31318334	3894	1
10108015	1002	Sound	105	31334241	296	1			260		other	0
10108015	1002	Response	1	31338252	4307	1
10108015	1003	Sound	101	31354240	456	1			260		other	0
10108015	1004	Sound	107	31370239	450	1			260		other	0
10108015	1004	Response	1	31374090	4301	1
10108015	1005	Sound	104	31389838	377	1			260		other	0
10108015	1006	Sound	103	31416236	434	1			260		other	0
10108015	1007	Sound	103	31443635	324	1			260		other	0
10108015	1008	Sound	101	31463833	350	1			260		other	0
