Scenario - 
Logfile written - 12/07/2018 14:51:39

Subject	Trial	Event Type	Code	Time	TTime	Uncertainty	Duration	Uncertainty	ReqTime	ReqDur	Stim Type	Pair Index

10108013	1	Response	255	56573	56239	1
10108013	2	Sound	106	127611	320	1			260		other	0
10108013	2	Response	1	132408	5117	1
10108013	3	Sound	108	155209	411	1			260		other	0
10108013	3	Response	1	158166	3368	1
10108013	4	Sound	111	178807	335	1			260		other	0
10108013	4	Response	1	181285	2813	1
10108013	5	Sound	109	198606	295	1			260		other	0
10108013	5	Response	1	201603	3292	1
10108013	6	Sound	102	224604	452	1			260		other	0
10108013	7	Sound	110	249403	410	1			260		other	0
10108013	7	Response	1	252960	3967	1
10108013	8	Sound	102	267002	337	1			260		other	0
10108013	9	Sound	102	283801	298	1			260		other	0
10108013	10	Sound	106	305399	390	1			260		other	0
10108013	10	Response	1	309356	4347	1
10108013	11	Sound	105	324398	384	1			260		other	0
10108013	11	Response	1	328315	4301	1
10108013	12	Sound	105	349997	308	1			260		other	0
10108013	12	Response	1	354073	4385	1
10108013	13	Sound	111	371995	300	1			260		other	0
10108013	13	Response	1	374872	3177	1
10108013	14	Sound	108	394994	292	1			260		other	0
10108013	14	Response	1	398230	3528	1
10108013	15	Sound	105	412393	352	1			260		other	0
10108013	15	Response	1	415909	3869	1
10108013	16	Sound	103	441191	309	1			260		other	0
10108013	17	Sound	103	461990	268	1			260		other	0
10108013	18	Sound	110	488188	459	1			260		other	0
10108013	18	Response	1	491264	3535	1
10108013	19	Sound	106	514186	449	1			260		other	0
10108013	19	Response	1	517263	3526	1
10108013	20	Sound	101	540985	407	1			260		other	0
10108013	21	Sound	106	564983	398	1			260		other	0
10108013	21	Response	1	569020	4435	1
10108013	22	Sound	107	588181	424	1			260		other	0
10108013	22	Response	1	591098	3341	1
10108013	23	Sound	101	604980	384	1			260		other	0
10108013	24	Sound	103	623379	277	1			260		other	0
10108013	24	Response	1	628456	5354	1
10108013	25	Sound	110	645178	403	1			260		other	0
10108013	25	Response	1	648535	3760	1
10108013	26	Sound	109	670776	327	1			260		other	0
10108013	26	Response	1	673893	3444	1
10108013	27	Sound	111	687975	355	1			260		other	0
10108013	27	Response	1	691172	3552	1
10108013	28	Sound	102	707774	314	1			260		other	0
10108013	29	Sound	109	728373	407	1			260		other	0
10108013	29	Response	1	731329	3363	1
10108013	30	Sound	107	750571	265	1			260		other	0
10108013	30	Response	1	753648	3341	1
10108013	31	Sound	105	777370	389	1			260		other	0
10108013	31	Response	1	780926	3945	1
10108013	32	Sound	104	800768	281	1			260		other	0
10108013	32	Response	1	804764	4277	1
10108013	33	Sound	104	827767	438	1			260		other	0
10108013	33	Response	1	828763	1434	1
10108013	34	Sound	102	853965	295	2			260		other	0
10108013	35	Sound	108	869964	456	1			260		other	0
10108013	35	Response	1	873560	4052	1
10108013	36	Sound	108	895762	414	1			260		other	0
10108013	36	Response	1	898438	3090	1
10108013	37	Sound	101	923960	437	1			260		other	0
10108013	38	Sound	110	940359	331	1			260		other	0
10108013	38	Response	1	943235	3207	1
10108013	39	Sound	111	968358	321	1			260		other	0
10108013	39	Response	1	971233	3197	1
10108013	40	Sound	106	988356	314	1			260		other	0
10108013	40	Response	1	991952	3910	1
10108013	41	Sound	101	1007755	374	1			260		other	0
10108013	42	Sound	104	1032354	298	1			260		other	0
10108013	42	Response	1	1036270	4214	1
10108013	43	Sound	111	1058352	456	1			260		other	0
10108013	43	Response	1	1060987	3091	3
10108013	44	Sound	110	1080551	315	1			260		other	0
10108013	44	Response	1	1084826	4590	1
10108013	45	Sound	108	1103949	373	1			260		other	0
10108013	45	Response	1	1106825	3249	1
10108013	46	Sound	109	1120348	267	1			260		other	0
10108013	46	Response	1	1123864	3783	1
10108013	47	Sound	107	1142347	426	1			260		other	0
10108013	47	Response	1	1147062	5142	1
10108013	48	Sound	107	1170745	316	1			260		other	0
10108013	48	Response	1	1174341	3912	1
10108013	49	Sound	101	1190944	342	1			260		other	0
10108013	50	Sound	109	1211542	435	1			260		other	0
10108013	50	Response	1	1214338	3231	1
10108013	51	Sound	103	1239541	425	1			260		other	0
10108013	52	Sound	104	1255539	419	1			260		other	0
10108013	53	Sound	104	1283338	376	1			260		other	0
10108013	54	Sound	103	1306336	368	1			260		other	0
10108013	55	Sound	105	1323135	328	1			260		other	0
10108013	55	Response	1	1328171	5364	1
10108013	56	Sound	107	1344534	387	1			260		other	0
10108013	56	Response	1	1348010	3863	1
10108013	57	Response	255	1431204	68139	1
10108013	58	Sound	109	1501924	398	1			260		other	0
10108013	58	Response	1	1505039	3513	1
10108013	59	Sound	107	1525323	456	1			260		other	0
10108013	59	Response	1	1528638	3771	1
10108013	60	Sound	104	1542721	350	1			260		other	0
10108013	60	Response	1	1547437	5065	1
10108013	61	Sound	104	1568920	374	1			260		other	0
10108013	62	Sound	107	1587319	267	1			260		other	0
10108013	62	Response	1	1590714	3663	1
10108013	63	Sound	108	1609917	359	1			260		other	0
10108013	63	Response	1	1613193	3635	1
10108013	64	Sound	111	1633516	452	1			260		other	0
10108013	64	Response	1	1636151	3087	1
10108013	65	Sound	111	1653714	310	1			260		other	0
10108013	65	Response	1	1656230	2826	1
10108013	66	Sound	108	1679713	301	1			260		other	0
10108013	66	Response	1	1682468	3056	1
10108013	67	Sound	102	1706111	359	1			260		other	0
10108013	68	Sound	103	1730310	383	1			260		other	0
10108013	69	Sound	109	1752908	308	1			260		other	0
10108013	69	Response	1	1755583	2984	1
10108013	70	Sound	101	1769907	302	1			260		other	0
10108013	71	Sound	109	1787706	430	1			260		other	0
10108013	71	Response	1	1789901	2625	1
10108013	72	Sound	105	1805905	290	1			260		other	0
10108013	72	Response	1	1809820	4205	1
10108013	73	Sound	109	1824104	316	1			260		other	0
10108013	73	Response	1	1829659	5871	1
10108013	74	Sound	104	1842103	310	1			260		other	0
10108013	74	Response	1	1848217	6425	1
10108013	75	Sound	110	1863301	336	1			260		other	0
10108013	75	Response	1	1866776	3811	1
10108013	76	Sound	111	1889100	460	1			260		other	0
10108013	76	Response	1	1891495	2855	1
10108013	77	Sound	104	1917498	350	1			260		other	0
10108013	77	Response	1	1922532	5384	1
10108013	78	Sound	107	1945296	473	1			260		other	0
10108013	78	Response	1	1949171	4348	1
10108013	79	Sound	105	1967895	399	1			260		other	0
10108013	79	Response	1	1971249	3754	1
10108013	80	Sound	102	1996493	322	1			260		other	0
10108013	81	Sound	102	2018291	447	1			260		other	0
10108013	82	Sound	108	2042490	472	1			260		other	0
10108013	82	Response	1	2045725	3707	1
10108013	83	Sound	106	2066888	365	1			260		other	0
10108013	83	Response	1	2070203	3679	1
10108013	84	Sound	111	2091687	321	1			260		other	0
10108013	84	Response	1	2094442	3076	1
10108013	85	Sound	106	2117485	445	1			260		other	0
10108013	85	Response	1	2120840	3800	1
10108013	86	Sound	101	2146283	402	1			260		other	0
10108013	87	Sound	107	2168682	294	1			260		other	0
10108013	87	Response	1	2171957	3568	1
10108013	88	Sound	110	2192681	285	1			260		other	0
10108013	88	Response	1	2195955	3560	1
10108013	89	Sound	110	2209079	346	1			260		other	0
10108013	89	Response	1	2212594	3861	1
10108013	90	Sound	101	2225878	307	1			260		other	0
10108013	91	Sound	110	2253877	297	1			260		other	0
10108013	91	Response	1	2256751	3171	1
10108013	92	Sound	103	2272276	357	1			260		other	0
10108013	93	Sound	104	2289674	417	1			260		other	0
10108013	93	Response	1	2293389	4132	1
10108013	94	Sound	105	2308873	444	1			260		other	0
10108013	94	Response	1	2312428	3998	1
10108013	95	Sound	105	2332872	435	1			260		other	0
10108013	95	Response	1	2336426	3989	1
10108013	96	Sound	109	2353470	361	1			260		other	0
10108013	96	Response	1	2356105	2996	1
10108013	97	Sound	108	2377069	453	1			260		other	0
10108013	97	Response	1	2379943	3327	1
10108013	98	Sound	103	2397468	346	1			260		other	0
10108013	99	Sound	103	2420266	304	1			260		other	0
10108013	100	Sound	101	2436265	465	1			260		other	0
10108013	101	Sound	108	2453264	292	1			260		other	0
10108013	101	Response	1	2456338	3366	1
10108013	102	Sound	105	2476863	384	1			260		other	0
10108013	102	Response	1	2481057	4578	1
10108013	103	Sound	102	2496261	277	1			260		other	0
10108013	104	Sound	106	2520660	335	1			260		other	0
10108013	104	Response	1	2524494	4169	1
10108013	105	Sound	101	2537459	296	1			260		other	0
10108013	106	Sound	110	2561057	387	1			260		other	0
10108013	106	Response	1	2564091	3421	1
10108013	107	Sound	111	2588856	344	1			260		other	0
10108013	107	Response	1	2591609	3098	1
10108013	108	Sound	102	2617054	367	1			260		other	0
10108013	109	Sound	106	2644452	424	1			260		other	0
10108013	109	Response	1	2647926	3898	1
10108013	110	Sound	103	2673450	414	1			260		other	0
10108013	111	Sound	106	2695249	373	1			260		other	0
10108013	111	Response	1	2698403	3527	1
10108013	112	Sound	107	2722847	463	1			260		other	0
10108013	112	Response	1	2725681	3297	1
10108013	113	Response	255	2777038	35068	1
10108013	114	Sound	13	2846639	386	1			260		other	0
10108013	115	Sound	18	2872238	310	1			260		other	0
10108013	115	Response	1	2877271	5343	1
10108013	116	Sound	18	2889237	304	1			260		other	0
10108013	116	Response	1	2893510	4577	2
10108013	117	Sound	14	2914035	428	1			260		other	0
10108013	118	Sound	21	2936034	421	1			260		other	0
10108013	118	Response	1	2938707	3094	1
10108013	119	Sound	14	2963232	277	1			260		other	0
10108013	120	Sound	14	2988230	435	1			260		other	0
10108013	121	Sound	21	3013029	393	1			260		other	0
10108013	121	Response	1	3015822	3187	1
10108013	122	Sound	18	3031828	353	1			260		other	0
10108013	122	Response	1	3037181	5706	1
10108013	123	Sound	12	3058426	277	1			260		other	0
10108013	124	Sound	16	3086424	434	1			260		other	0
10108013	124	Response	1	3090297	4307	1
10108013	125	Sound	16	3102023	361	1			260		other	0
10108013	125	Response	1	3105816	4154	1
10108013	126	Sound	14	3128222	385	1			260		other	0
10108013	127	Sound	21	3143621	447	1			260		other	0
10108013	127	Response	1	3145974	2800	1
10108013	128	Sound	15	3161020	340	1			260		other	0
10108013	128	Response	1	3165173	4494	1
10108013	129	Sound	21	3184218	365	1			260		other	0
10108013	129	Response	1	3188371	4519	1
10108013	130	Sound	19	3209416	390	1			260		other	0
10108013	130	Response	1	3214770	5743	1
10108013	131	Sound	16	3228215	350	1			260		other	0
10108013	131	Response	1	3232928	5063	1
10108013	132	Sound	20	3248014	309	1			260		other	0
10108013	132	Response	1	3253247	5542	1
10108013	133	Sound	15	3270413	368	1			260		other	0
10108013	133	Response	1	3275326	5281	1
10108013	134	Sound	12	3297011	459	1			260		other	0
10108013	135	Sound	16	3321009	450	1			260		other	0
10108013	135	Response	1	3324682	4123	1
10108013	136	Sound	15	3342808	409	1			260		other	0
10108013	137	Sound	13	3358207	303	1			260		other	0
10108013	138	Sound	13	3386205	460	1			260		other	0
10108013	139	Sound	17	3406004	420	1			260		other	0
10108013	139	Response	1	3410517	4933	1
10108013	140	Sound	19	3422803	380	1			260		other	0
10108013	140	Response	1	3426676	4253	1
10108013	141	Sound	19	3443002	407	1			260		other	0
10108013	141	Response	1	3446754	4159	1
10108013	142	Sound	13	3461201	267	1			260		other	0
10108013	143	Sound	19	3487999	391	1			260		other	0
10108013	143	Response	1	3491152	3543	1
10108013	144	Sound	11	3514397	281	1			260		other	0
10108013	145	Sound	19	3533796	341	1			260		other	0
10108013	145	Response	1	3538269	4814	1
10108013	146	Sound	18	3559994	365	1			260		other	0
10108013	146	Response	1	3563227	3598	1
10108013	147	Sound	14	3587993	355	1			260		other	0
10108013	148	Sound	12	3614591	279	1			260		other	0
10108013	149	Sound	13	3637989	337	1			260		other	0
10108013	150	Sound	12	3653389	398	1			260		other	0
10108013	151	Sound	20	3678787	456	1			260		other	0
10108013	151	Response	1	3681779	3449	1
10108013	152	Sound	11	3699586	415	1			260		other	0
10108013	153	Sound	20	3717984	309	1			260		other	0
10108013	153	Response	1	3721137	3461	1
10108013	154	Sound	16	3742783	267	1			260		other	0
10108013	155	Sound	17	3770381	357	1			260		other	0
10108013	156	Sound	17	3798179	313	1			260		other	0
10108013	156	Response	1	3801772	3906	1
10108013	157	Sound	21	3822978	271	1			260		other	0
10108013	157	Response	1	3826010	3303	1
10108013	158	Sound	11	3849176	462	1			260		other	0
10108013	159	Sound	15	3873175	453	1			260		other	0
10108013	160	Sound	11	3890973	414	1			260		other	0
10108013	161	Sound	15	3909572	340	1			260		other	0
10108013	162	Sound	11	3926171	434	1			260		other	0
10108013	163	Sound	20	3949770	359	1			260		other	0
10108013	163	Response	1	3953362	3952	1
10108013	164	Sound	12	3966969	387	1			260		other	0
10108013	165	Sound	18	3992367	444	1			260		other	0
10108013	165	Response	1	3996159	4236	1
10108013	166	Sound	20	4010166	404	1			260		other	0
10108013	166	Response	1	4013838	4077	2
10108013	167	Sound	17	4035964	362	1			260		other	0
10108013	167	Response	1	4037037	1434	1
10108013	168	Sound	17	4053563	289	1			260		other	0
10108013	168	Response	1	4058635	5361	1
10108013	169	Response	255	4156469	87777	1
10108013	170	Sound	103	4227752	427	1			260		other	0
10108013	171	Sound	105	4256750	417	1			260		other	0
10108013	171	Response	1	4260702	4369	1
10108013	172	Sound	103	4273949	277	1			260		other	0
10108013	173	Sound	105	4293948	437	1			260		other	0
10108013	173	Response	1	4298700	5189	1
10108013	174	Sound	102	4312947	263	1			260		other	0
10108013	175	Sound	102	4331146	457	1			260		other	0
10108013	176	Sound	101	4349545	350	1			260		other	0
10108013	177	Sound	104	4376143	441	1			260		other	0
10108013	177	Response	1	4381254	5552	1
10108013	178	Sound	107	4393342	301	1			260		other	0
10108013	178	Response	1	4397413	4373	1
10108013	179	Sound	108	4410541	329	1			260		other	0
10108013	179	Response	1	4414212	4000	1
10108013	180	Sound	105	4434739	353	1			260		other	0
10108013	180	Response	1	4439331	4945	1
10108013	181	Sound	104	4457938	378	1			260		other	0
10108013	181	Response	1	4462289	4730	1
10108013	182	Sound	108	4486536	468	1			260		other	0
10108013	182	Response	1	4489407	3340	1
10108013	183	Sound	108	4506335	261	1			260		other	0
10108013	183	Response	1	4509486	3412	1
10108013	184	Sound	107	4527133	387	1			260		other	0
10108013	184	Response	1	4530445	3699	1
10108013	185	Sound	104	4554132	377	1			260		other	0
10108013	185	Response	1	4557963	4209	1
10108013	186	Sound	106	4577530	269	1			260		other	0
10108013	186	Response	1	4580921	3660	1
10108013	187	Sound	101	4604529	426	1			260		other	0
10108013	188	Sound	110	4622727	286	1			260		other	0
10108013	188	Response	1	4625719	3278	1
10108013	189	Sound	106	4647126	344	1			260		other	0
10108013	189	Response	1	4650197	3416	1
10108013	190	Sound	103	4675324	368	1			260		other	0
10108013	191	Sound	111	4703922	457	1			260		other	0
10108013	191	Response	1	4706514	3049	1
10108013	192	Sound	106	4721521	384	1			260		other	0
10108013	192	Response	1	4725552	4416	1
10108013	193	Sound	111	4737720	412	1			260		other	0
10108013	193	Response	1	4740351	3043	1
10108013	194	Sound	107	4757119	305	1			260		other	0
10108013	194	Response	1	4759630	2816	1
10108013	195	Sound	105	4779118	297	1			260		other	0
10108013	195	Response	1	4782749	3928	1
10108013	196	Sound	104	4804916	421	1			260		other	0
10108013	196	Response	1	4808987	4492	1
10108013	197	Sound	109	4831714	378	1			260		other	0
10108013	197	Response	1	4834505	3170	1
10108013	198	Sound	108	4857713	369	1			260		other	0
10108013	198	Response	1	4859224	1880	1
10108013	199	Sound	101	4880111	428	1			260		other	0
10108013	200	Sound	111	4906110	419	1			260		other	0
10108013	200	Response	1	4908820	3129	1
10108013	201	Sound	108	4925108	412	1			260		other	0
10108013	201	Response	1	4928019	3323	1
10108013	202	Sound	102	4953507	302	1			260		other	0
10108013	203	Sound	109	4981705	325	1			260		other	0
10108013	203	Response	1	4984816	3436	1
10108013	204	Sound	102	5004103	384	1			260		other	0
10108013	205	Sound	110	5025102	376	1			260		other	0
10108013	205	Response	1	5028093	3367	1
10108013	206	Sound	106	5047101	369	1			260		other	0
10108013	206	Response	1	5050331	3599	1
10108013	207	Sound	111	5072699	459	1			260		other	0
10108013	207	Response	1	5075450	3210	1
10108013	208	Sound	102	5091698	286	1			260		other	0
10108013	209	Sound	101	5107697	280	1			260		other	0
10108013	210	Sound	109	5130895	305	1			260		other	0
10108013	210	Response	1	5133606	3016	1
10108013	211	Sound	110	5149694	265	1			260		other	0
10108013	211	Response	1	5152805	3376	1
10108013	212	Sound	103	5173293	357	1			260		other	0
10108013	212	Response	1	5180723	7787	1
10108013	213	Sound	107	5189292	351	1			260		other	0
10108013	213	Response	1	5192802	3862	1
10108013	214	Sound	107	5205891	445	1			260		other	0
10108013	214	Response	1	5209121	3676	1
10108013	215	Sound	106	5233089	302	1			260		other	0
10108013	215	Response	1	5236000	3213	1
10108013	216	Sound	109	5261687	392	1			260		other	0
10108013	216	Response	1	5264638	3342	1
10108013	217	Sound	105	5285286	317	1			260		other	0
10108013	217	Response	1	5288876	3907	1
10108013	218	Sound	103	5301285	311	1			260		other	0
10108013	219	Sound	109	5320683	371	1			260		other	0
10108013	219	Response	1	5324074	3761	1
10108013	220	Sound	110	5337282	466	1			260		other	0
10108013	220	Response	1	5340633	3816	1
10108013	221	Sound	101	5366281	455	1			260		other	0
10108013	222	Sound	104	5388879	380	1			260		other	0
10108013	222	Response	1	5392389	3890	1
10108013	223	Sound	110	5416877	370	1			260		other	0
10108013	223	Response	1	5419108	2600	1
10108013	224	Sound	111	5444076	394	1			260		other	0
10108013	224	Response	1	5446626	2944	1
10108013	225	Response	255	5656053	192785	1
10108013	226	Sound	104	5727058	459	1			260		other	0
10108013	226	Response	1	5731408	4809	1
10108013	227	Sound	110	5747057	452	1			260		other	0
10108013	227	Response	1	5749806	3202	1
10108013	228	Sound	110	5770255	311	1			260		other	0
10108013	228	Response	1	5773165	3221	1
10108013	229	Sound	103	5797453	334	1			260		other	0
10108013	229	Response	1	5804603	7484	1
10108013	230	Sound	110	5818252	294	1			260		other	0
10108013	230	Response	1	5821242	3284	1
10108013	231	Sound	110	5843850	384	1			260		other	0
10108013	231	Response	1	5846760	3294	1
10108013	232	Sound	102	5862849	378	1			260		other	0
10108013	233	Sound	107	5890048	401	1			260		other	0
10108013	233	Response	1	5892837	3191	1
10108013	234	Sound	104	5917846	358	1			260		other	0
10108013	235	Sound	101	5942444	449	1			260		other	0
10108013	236	Sound	107	5965443	441	1			260		other	0
10108013	236	Response	1	5968912	3911	1
10108013	237	Sound	102	5988441	433	1			260		other	0
10108013	238	Sound	105	6008840	326	1			260		other	0
10108013	238	Response	1	6011229	2715	1
10108013	239	Sound	102	6026239	386	1			260		other	0
10108013	240	Sound	104	6050637	444	1			260		other	0
10108013	240	Response	1	6056027	5833	1
10108013	241	Sound	102	6073836	303	1			260		other	0
10108013	242	Sound	102	6098434	394	1			260		other	0
10108013	243	Sound	111	6122833	285	1			260		other	0
10108013	243	Response	1	6125942	3394	1
10108013	244	Sound	103	6139832	446	1			260		other	0
10108013	245	Sound	111	6158031	473	1			260		other	0
10108013	245	Response	1	6160660	3102	1
10108013	246	Sound	105	6181229	331	1			260		other	0
10108013	246	Response	1	6186018	5120	1
10108013	247	Sound	108	6205028	289	1			260		other	0
10108013	247	Response	1	6208097	3358	1
10108013	248	Sound	110	6226026	448	1			260		other	0
10108013	248	Response	1	6229056	3478	1
10108013	249	Sound	101	6253225	305	1			260		other	0
10108013	250	Sound	107	6269424	333	1			260		other	0
10108013	250	Response	1	6272093	3002	1
10108013	251	Sound	108	6294422	324	1			260		other	0
10108013	251	Response	1	6297451	3353	1
10108013	252	Sound	106	6314221	450	1			260		other	0
10108013	252	Response	1	6317770	3999	1
10108013	253	Sound	106	6334619	343	1			260		other	0
10108013	253	Response	1	6338249	3972	1
10108013	254	Sound	109	6352218	437	1			260		other	0
10108013	254	Response	1	6355768	3986	1
10108013	255	Sound	108	6373017	396	1			260		other	0
10108013	255	Response	1	6376086	3465	1
10108013	256	Sound	101	6391616	323	1			260		other	0
10108013	257	Sound	104	6410415	449	1			260		other	0
10108013	257	Response	1	6413844	3878	1
10108013	258	Sound	109	6428814	343	1			260		other	0
10108013	258	Response	1	6432163	3692	1
10108013	259	Sound	104	6450212	402	1			260		other	0
10108013	259	Response	1	6454001	4191	1
10108013	260	Sound	109	6471611	461	1			260		other	0
10108013	260	Response	1	6475040	3890	1
10108013	261	Sound	101	6489610	454	1			260		other	0
10108013	262	Sound	105	6508609	448	1			260		other	0
10108013	262	Response	1	6513677	5516	1
10108013	263	Sound	103	6534607	272	1			260		other	0
10108013	263	Response	1	6545595	11260	1
10108013	264	Sound	103	6554806	298	1			260		other	0
10108013	264	Response	1	6560234	5726	1
10108013	265	Sound	106	6575804	457	1			260		other	0
10108013	265	Response	1	6579673	4326	1
10108013	266	Sound	103	6594803	283	1			260		other	0
10108013	267	Sound	107	6615802	276	1			260		other	0
10108013	267	Response	1	6619830	4305	1
10108013	268	Sound	108	6635801	436	1			260		other	0
10108013	268	Response	1	6639269	3904	1
10108013	269	Sound	105	6659199	327	1			260		other	0
10108013	269	Response	1	6662868	3996	1
10108013	270	Sound	111	6679598	387	1			260		other	0
10108013	270	Response	1	6682706	3495	1
10108013	271	Sound	109	6698997	446	1			260		other	0
10108013	271	Response	1	6702865	4315	1
10108013	272	Sound	109	6724395	337	1			260		other	0
10108013	272	Response	1	6727743	3686	1
10108013	273	Sound	106	6744394	330	1			260		other	0
10108013	273	Response	1	6748302	4239	1
10108013	274	Sound	107	6767392	322	1			260		other	0
10108013	274	Response	1	6770301	3231	1
10108013	275	Sound	111	6786791	382	1			260		other	0
10108013	275	Response	1	6789100	2690	1
10108013	276	Sound	108	6809390	474	1			260		other	0
10108013	276	Response	1	6812938	4022	1
10108013	277	Sound	105	6830388	299	1			260		other	0
10108013	277	Response	1	6834377	4288	1
10108013	278	Sound	106	6855387	291	1			260		other	0
10108013	278	Response	1	6859495	4399	1
10108013	279	Sound	111	6873786	351	1			260		other	0
10108013	279	Response	1	6876294	2859	1
10108013	280	Sound	101	6890985	378	1			260		other	0
10108013	281	Response	255	7011085	101893	1
10108013	282	Sound	12	7082572	410	1			260		other	0
10108013	283	Sound	15	7101971	303	1			260		other	0
10108013	284	Sound	15	7118770	430	1			260		other	0
10108013	285	Sound	20	7138569	390	1			260		other	0
10108013	285	Response	1	7141237	3058	1
10108013	286	Sound	18	7156168	317	1			260		other	0
10108013	286	Response	1	7158916	3065	1
10108013	287	Sound	12	7173967	444	1			260		other	0
10108013	287	Response	1	7180754	7232	1
10108013	288	Sound	21	7192565	370	1			260		other	0
10108013	288	Response	1	7195873	3678	1
10108013	289	Sound	15	7213364	330	1			260		other	0
10108013	289	Response	1	7218352	5317	1
10108013	290	Sound	16	7231163	290	1			260		other	0
10108013	290	Response	1	7235151	4278	1
10108013	291	Sound	13	7250962	416	1			260		other	0
10108013	292	Sound	19	7271561	342	1			260		other	0
10108013	292	Response	1	7274908	3690	1
10108013	293	Sound	11	7296159	434	1			260		other	0
10108013	294	Sound	20	7322957	391	1			260		other	0
10108013	294	Response	1	7327145	4578	2
10108013	295	Sound	13	7347156	415	1			260		other	0
10108013	296	Sound	14	7366155	409	1			260		other	0
10108013	297	Sound	11	7383753	336	1			260		other	0
10108013	298	Sound	14	7407952	360	1			260		other	0
10108013	299	Sound	17	7425551	287	1			260		other	0
10108013	299	Response	1	7430258	4995	1
10108013	300	Sound	12	7445550	280	1			260		other	0
10108013	301	Sound	11	7468548	439	1			260		other	0
10108013	302	Sound	18	7485947	333	1			260		other	0
10108013	302	Response	1	7489694	4080	1
10108013	303	Sound	19	7506746	292	1			260		other	0
10108013	303	Response	1	7511533	5079	2
10108013	304	Sound	21	7533744	282	1			260		other	0
10108013	304	Response	1	7538571	5109	1
10108013	305	Sound	16	7556143	341	1			260		other	0
10108013	305	Response	1	7560410	4608	1
10108013	306	Sound	17	7581341	365	1			260		other	0
10108013	306	Response	1	7586008	5032	1
10108013	307	Sound	12	7609339	355	1			260		other	0
10108013	308	Sound	17	7634738	413	1			260		other	0
10108013	308	Response	1	7639045	4720	1
10108013	309	Sound	15	7658936	271	1			260		other	0
10108013	309	Response	1	7664643	5978	1
10108013	310	Sound	19	7677135	464	1			260		other	0
10108013	310	Response	1	7681442	4772	1
10108013	311	Sound	16	7698134	290	1			260		other	0
10108013	311	Response	1	7702881	5037	1
10108013	312	Sound	13	7714333	318	1			260		other	0
10108013	313	Sound	20	7738131	443	1			260		other	0
10108013	313	Response	1	7742158	4470	1
10108013	314	Sound	14	7756130	436	1			260		other	0
10108013	315	Sound	14	7773729	363	1			260		other	0
10108013	316	Sound	16	7798527	321	1			260		other	0
10108013	316	Response	1	7802474	4268	1
10108013	317	Sound	12	7822926	379	1			260		other	0
10108013	318	Sound	16	7842325	439	1			260		other	0
10108013	318	Response	1	7846391	4506	2
10108013	319	Sound	11	7866523	297	1			260		other	0
10108013	320	Sound	19	7885122	390	1			260		other	0
10108013	320	Response	1	7888549	3817	1
10108013	321	Sound	20	7900521	451	1			260		other	0
10108013	321	Response	1	7905828	5758	1
10108013	322	Sound	18	7926119	376	1			260		other	0
10108013	322	Response	1	7930946	5202	1
10108013	323	Sound	21	7945118	369	1			260		other	0
10108013	323	Response	1	7949025	4276	1
10108013	324	Sound	17	7973116	359	1			260		other	0
10108013	324	Response	1	7977903	5146	1
10108013	325	Sound	17	7996115	351	1			260		other	0
10108013	325	Response	1	8002781	7017	1
10108013	326	Sound	18	8013114	345	1			260		other	0
10108013	326	Response	1	8018301	5532	1
10108013	327	Sound	21	8033513	404	1			260		other	0
10108013	327	Response	1	8038139	5031	1
10108013	328	Sound	20	8057311	362	1			260		other	0
10108013	328	Response	1	8061738	4789	1
10108013	329	Sound	21	8079110	321	1			260		other	0
10108013	329	Response	1	8082936	4148	1
10108013	330	Sound	19	8097308	348	1			260		other	0
10108013	330	Response	1	8102135	5174	1
10108013	331	Sound	13	8115507	375	1			260		other	0
10108013	332	Sound	13	8133906	268	1			260		other	0
10108013	333	Sound	11	8153905	428	1			260		other	0
10108013	334	Sound	14	8178703	386	1			260		other	0
10108013	335	Sound	18	8206302	309	1			260		other	0
10108013	335	Response	1	8210528	4536	1
10108013	336	Sound	15	8227100	435	1			260		other	0
10108013	337	Response	255	8613302	360716	1
10108013	338	Sound	17	8683472	339	1			260		other	0
10108013	338	Response	1	8687378	4245	1
10108013	339	Sound	12	8703670	365	1			260		other	0
10108013	340	Sound	20	8727869	390	1			260		other	0
10108013	340	Response	1	8731455	3976	1
10108013	341	Sound	13	8755267	447	1			260		other	0
10108013	342	Sound	20	8783265	270	1			260		other	0
10108013	342	Response	1	8787211	4216	1
10108013	343	Sound	16	8803264	430	1			260		other	0
10108013	343	Response	1	8810569	7735	1
10108013	344	Sound	13	8824463	455	1			260		other	0
10108013	345	Sound	17	8844061	382	1			260		other	0
10108013	345	Response	1	8848567	4887	1
10108013	346	Sound	17	8870660	306	1			260		other	0
10108013	346	Response	1	8874326	3971	1
10108013	347	Sound	12	8892658	464	1			260		other	0
10108013	348	Sound	14	8916457	423	1			260		other	0
10108013	349	Sound	17	8931656	284	1			260		other	0
10108013	349	Response	1	8935762	4390	1
10108013	350	Sound	19	8958454	408	1			260		other	0
10108013	350	Response	1	8962400	4353	1
10108013	351	Sound	20	8978853	300	1			260		other	0
10108013	351	Response	1	8982079	3526	1
10108013	352	Sound	14	8998652	427	1			260		other	0
10108013	353	Sound	21	9015851	454	1			260		other	0
10108013	353	Response	1	9019356	3960	1
10108013	354	Sound	11	9043049	311	1			260		other	0
10108013	355	Sound	18	9068447	368	1			260		other	0
10108013	355	Response	1	9072233	4154	1
10108013	356	Sound	16	9086446	362	1			260		other	0
10108013	356	Response	1	9090792	4708	1
10108013	357	Sound	11	9107845	421	1			260		other	0
10108013	358	Sound	15	9134443	345	1			260		other	0
10108013	358	Response	1	9141028	6930	1
10108013	359	Sound	19	9152642	372	1			260		other	0
10108013	359	Response	1	9155907	3637	1
10108013	360	Sound	14	9170241	299	1			260		other	0
10108013	361	Sound	19	9194239	457	1			260		other	0
10108013	361	Response	1	9197824	4042	1
10108013	362	Sound	15	9210838	384	1			260		other	0
10108013	363	Sound	21	9234837	376	1			260		other	0
10108013	363	Response	1	9237582	3121	1
10108013	364	Sound	15	9261835	366	1			260		other	0
10108013	365	Sound	13	9280034	393	1			260		other	0
10108013	366	Sound	14	9302433	285	1			260		other	0
10108013	367	Sound	18	9323431	444	1			260		other	0
10108013	367	Response	1	9326936	3949	1
10108013	368	Sound	13	9350429	435	1			260		other	0
10108013	369	Sound	15	9369828	328	1			260		other	0
10108013	370	Sound	14	9392427	420	1			260		other	0
10108013	371	Sound	12	9412026	346	1			260		other	0
10108013	372	Sound	16	9439824	303	1			260		other	0
10108013	372	Response	1	9443809	4288	1
10108013	373	Sound	17	9466822	460	1			260		other	0
10108013	373	Response	1	9470287	3925	2
10108013	374	Sound	19	9489621	418	1			260		other	0
10108013	374	Response	1	9493166	3963	1
10108013	375	Sound	21	9511819	277	1			260		other	0
10108013	375	Response	1	9515484	3942	1
10108013	376	Sound	18	9536618	401	1			260		other	0
10108013	376	Response	1	9541243	5026	1
10108013	377	Sound	12	9560016	294	1			260		other	0
10108013	378	Sound	16	9581815	419	1			260		other	0
10108013	379	Sound	16	9604013	277	1			260		other	0
10108013	379	Response	1	9607878	4142	1
10108013	380	Sound	18	9628212	302	1			260		other	0
10108013	380	Response	1	9632117	4207	1
10108013	381	Sound	18	9644211	463	1			260		other	0
10108013	381	Response	1	9648276	4528	1
10108013	382	Sound	21	9660810	391	1			260		other	0
10108013	382	Response	1	9663555	3136	1
10108013	383	Sound	21	9685808	382	1			260		other	0
10108013	383	Response	1	9689553	4126	1
10108013	384	Sound	11	9707207	441	1			260		other	0
10108013	385	Sound	12	9734405	298	1			260		other	0
10108013	386	Sound	20	9759404	456	1			260		other	0
10108013	386	Response	1	9762508	3560	1
10108013	387	Sound	11	9786402	446	1			260		other	0
10108013	388	Sound	11	9803801	340	1			260		other	0
10108013	389	Sound	20	9825000	365	1			260		other	0
10108013	389	Response	1	9827864	3230	1
10108013	390	Sound	19	9841999	359	1			260		other	0
10108013	390	Response	1	9845783	4144	1
10108013	391	Sound	13	9867797	317	1			260		other	0
10108013	392	Sound	15	9885596	444	1			260		other	0
10108013	393	Response	255	10123366	211126	1
10108013	394	Sound	101	10199176	432	1			260		other	0
10108013	395	Sound	101	10215975	393	1			260		other	0
10108013	396	Sound	110	10240973	384	1			260		other	0
10108013	396	Response	1	10243758	3168	1
10108013	397	Sound	104	10260572	310	1			260		other	0
10108013	397	Response	1	10264476	4214	1
10108013	398	Sound	107	10287170	401	1			260		other	0
10108013	398	Response	1	10290714	3945	1
10108013	399	Sound	108	10303569	295	1			260		other	0
10108013	399	Response	1	10306234	2959	1
10108013	400	Sound	104	10322568	288	1			260		other	0
10108013	401	Sound	106	10341567	448	1			260		other	0
10108013	401	Response	1	10344631	3512	1
10108013	402	Sound	110	10362366	407	1			260		other	0
10108013	402	Response	1	10364950	2991	1
10108013	403	Sound	102	10382764	300	1			260		other	0
10108013	404	Sound	101	10404763	459	1			260		other	0
10108013	405	Sound	107	10428162	350	1			260		other	0
10108013	405	Response	1	10432065	4254	1
10108013	406	Sound	111	10446160	345	1			260		other	0
10108013	406	Response	1	10448864	3049	1
10108013	407	Sound	107	10473359	368	1			260		other	0
10108013	407	Response	1	10476623	3631	1
10108013	408	Sound	109	10490958	295	1			260		other	0
10108013	408	Response	1	10493901	3238	1
10108013	409	Sound	104	10515156	319	1			260		other	0
10108013	409	Response	1	10519420	4583	1
10108013	410	Sound	108	10536755	412	1			260		other	0
10108013	410	Response	1	10540859	4516	1
10108013	411	Sound	110	10559353	337	1			260		other	0
10108013	411	Response	1	10562457	3441	1
10108013	412	Sound	110	10581952	429	1			260		other	0
10108013	412	Response	1	10584295	2772	1
10108013	413	Sound	109	10603951	421	1			260		other	0
10108013	413	Response	1	10607014	3485	1
10108013	414	Sound	108	10626349	313	1			260		other	0
10108013	414	Response	1	10629093	3057	1
10108013	415	Sound	103	10651148	438	1			260		other	0
10108013	416	Sound	105	10669746	364	1			260		other	0
10108013	416	Response	1	10673410	4028	1
10108013	417	Sound	104	10689745	357	1			260		other	0
10108013	417	Response	1	10693489	4101	1
10108013	418	Sound	105	10718343	447	1			260		other	0
10108013	418	Response	1	10722127	4230	1
10108013	419	Sound	101	10737342	274	1			260		other	0
10108013	420	Sound	104	10756141	400	1			260		other	0
10108013	420	Response	1	10761244	5504	1
10108013	421	Sound	105	10772540	461	1			260		other	0
10108013	421	Response	1	10776123	4045	1
10108013	422	Sound	105	10794339	420	1			260		other	0
10108013	422	Response	1	10798122	4203	1
10108013	423	Sound	109	10811337	414	1			260		other	0
10108013	423	Response	1	10814521	3597	1
10108013	424	Sound	111	10828336	408	1			260		other	0
10108013	424	Response	1	10831560	3631	1
10108013	425	Sound	106	10848335	401	1			260		other	0
10108013	425	Response	1	10851638	3704	1
10108013	426	Sound	102	10868334	394	1			260		other	0
10108013	427	Sound	111	10890133	352	1			260		other	0
10108013	427	Response	1	10892916	3136	1
10108013	428	Sound	111	10906331	380	1			260		other	0
10108013	428	Response	1	10909155	3203	1
10108013	429	Sound	107	10930130	338	1			260		other	0
10108013	429	Response	1	10932673	2881	1
10108013	430	Sound	109	10954329	363	1			260		other	0
10108013	430	Response	1	10957390	3424	3
10108013	431	Sound	102	10972927	290	1			260		other	0
10108013	432	Sound	103	11000926	446	1			260		other	0
10108013	432	Response	1	11004349	3869	1
10108013	433	Sound	110	11021324	339	1			260		other	0
10108013	433	Response	1	11024267	3282	1
10108013	434	Sound	108	11044723	397	1			260		other	0
10108013	434	Response	1	11048506	4180	1
10108013	435	Sound	106	11065121	457	1			260		other	0
10108013	435	Response	1	11069224	4560	1
10108013	436	Sound	102	11089520	348	1			260		other	0
10108013	437	Sound	109	11107119	442	1			260		other	0
10108013	437	Response	1	11110502	3824	1
10108013	438	Sound	107	11125918	402	1			260		other	0
10108013	438	Response	1	11129061	3545	1
10108013	439	Sound	106	11148516	327	1			260		other	0
10108013	439	Response	1	11151779	3590	1
10108013	440	Sound	111	11164315	288	1			260		other	0
10108013	440	Response	1	11166898	2871	1
10108013	441	Sound	103	11191314	445	1			260		other	0
10108013	442	Sound	108	11211912	371	1			260		other	0
10108013	442	Response	1	11215135	3594	1
10108013	443	Sound	101	11232111	398	1			260		other	0
10108013	444	Sound	103	11259709	321	1			260		other	0
10108013	444	Response	1	11263852	4463	1
10108013	445	Sound	103	11282908	346	1			260		other	0
10108013	445	Response	1	11286331	3768	1
10108013	446	Sound	105	11307706	304	1			260		other	0
10108013	446	Response	1	11311449	4046	1
10108013	447	Sound	106	11333905	328	1			260		other	0
10108013	447	Response	1	11337447	3870	1
10108013	448	Sound	102	11361303	384	1			260		other	0
10108013	449	Response	255	11692224	303218	1
10108013	450	Sound	17	11765077	374	1			260		other	0
10108013	450	Response	1	11768859	4156	1
10108013	451	Sound	20	11784876	333	1			260		other	0
10108013	451	Response	1	11787658	3116	1
10108013	452	Sound	13	11812874	323	1			260		other	0
10108013	453	Sound	21	11828673	451	1			260		other	0
10108013	453	Response	1	11831175	2953	1
10108013	454	Sound	16	11855072	342	1			260		other	0
10108013	454	Response	1	11859573	4843	1
10108013	455	Sound	12	11873071	335	1			260		other	0
10108013	456	Sound	18	11898669	426	1			260		other	0
10108013	456	Response	1	11904131	5888	1
10108013	457	Sound	19	11922067	318	1			260		other	0
10108013	457	Response	1	11925089	3340	1
10108013	458	Sound	11	11940666	411	1			260		other	0
10108013	459	Sound	18	11968865	434	1			260		other	0
10108013	459	Response	1	11972446	4016	1
10108013	460	Sound	18	11988863	428	1			260		other	0
10108013	460	Response	1	11992365	3929	1
10108013	461	Sound	16	12009262	320	1			260		other	0
10108013	462	Sound	19	12034060	278	1			260		other	0
10108013	462	Response	1	12037562	3779	1
10108013	463	Sound	12	12054659	371	1			260		other	0
10108013	464	Sound	15	12076458	330	1			260		other	0
10108013	464	Response	1	12080359	4231	1
10108013	465	Sound	16	12100256	288	1			260		other	0
10108013	465	Response	1	12104678	4709	1
10108013	466	Sound	15	12116655	348	1			260		other	0
10108013	467	Sound	19	12136254	442	1			260		other	0
10108013	467	Response	1	12139796	3983	1
10108013	468	Sound	11	12157253	434	1			260		other	0
10108013	469	Sound	17	12180451	459	1			260		other	0
10108013	469	Response	1	12183953	3961	1
10108013	470	Sound	20	12205250	417	1			260		other	0
10108013	470	Response	1	12208191	3359	1
10108013	471	Sound	14	12222649	311	1			260		other	0
10108013	472	Sound	20	12249247	401	1			260		other	0
10108013	472	Response	1	12252748	3903	1
10108013	473	Sound	17	12271845	326	1			260		other	0
10108013	473	Response	1	12274987	3468	1
10108013	474	Sound	15	12292244	386	1			260		other	0
10108013	475	Sound	21	12309843	313	1			260		other	0
10108013	475	Response	1	12312824	3294	1
10108013	476	Sound	14	12325242	374	1			260		other	0
10108013	477	Sound	11	12347641	433	1			260		other	0
10108013	478	Sound	19	12371039	324	1			260		other	0
10108013	478	Response	1	12374820	4106	1
10108013	479	Sound	11	12395438	382	1			260		other	0
10108013	480	Sound	20	12417636	408	1			260		other	0
10108013	480	Response	1	12420738	3509	1
10108013	481	Sound	15	12433035	302	1			260		other	0
10108013	482	Sound	20	12448634	397	1			260		other	0
10108013	482	Response	1	12451535	3298	1
10108013	483	Sound	17	12472833	421	1			260		other	0
10108013	483	Response	1	12476414	4002	1
10108013	484	Sound	14	12493231	314	1			260		other	0
10108013	485	Sound	19	12513230	307	1			260		other	0
10108013	485	Response	1	12516411	3488	1
10108013	486	Sound	14	12534029	266	1			260		other	0
10108013	486	Response	1	12538650	4887	1
10108013	487	Sound	21	12558227	291	1			260		other	0
10108013	487	Response	1	12561368	3432	1
10108013	488	Sound	16	12581626	349	1			260		other	0
10108013	489	Sound	13	12601425	476	1			260		other	0
10108013	490	Sound	14	12626823	367	1			260		other	0
10108013	491	Sound	12	12652621	324	1			260		other	0
10108013	492	Sound	21	12676620	315	1			260		other	0
10108013	492	Response	1	12679121	2816	1
10108013	493	Sound	12	12703218	406	1			260		other	0
10108013	494	Sound	12	12723617	299	1			260		other	0
10108013	495	Sound	15	12739816	326	1			260		other	0
10108013	496	Sound	17	12768014	350	1			260		other	0
10108013	496	Response	1	12771515	3850	1
10108013	497	Sound	18	12794413	407	1			260		other	0
10108013	497	Response	1	12797993	3988	1
10108013	498	Sound	13	12818611	432	1			260		other	0
10108013	499	Sound	21	12836010	325	1			260		other	0
10108013	499	Response	1	12838791	3106	1
10108013	500	Sound	16	12858009	317	1			260		other	0
10108013	500	Response	1	12861109	3418	1
10108013	501	Sound	13	12884407	375	1			260		other	0
10108013	502	Sound	18	12906205	334	1			260		other	0
10108013	502	Response	1	12909586	3714	1
10108013	503	Sound	13	12926404	360	1			260		other	0
10108013	504	Sound	11	12942403	354	1			260		other	0
10108013	505	Response	255	13324439	360304	1
10108013	506	Sound	12	13408974	288	1			260		other	0
10108013	507	Sound	18	13431972	446	1			260		other	0
10108013	507	Response	1	13435152	3625	2
10108013	508	Sound	16	13459971	436	1			260		other	0
10108013	508	Response	1	13462911	3376	1
10108013	509	Sound	13	13477569	363	1			260		other	0
10108013	509	Response	1	13482349	5143	1
10108013	510	Sound	12	13495168	457	1			260		other	0
10108013	511	Sound	21	13511367	318	1			260		other	0
10108013	511	Response	1	13514427	3378	1
10108013	512	Sound	11	13528566	345	1			260		other	0
10108013	513	Sound	13	13553365	303	1			260		other	0
10108013	514	Sound	11	13571964	396	1			260		other	0
10108013	515	Sound	12	13598962	387	1			260		other	0
10108013	516	Sound	19	13623360	278	1			260		other	0
10108013	516	Response	1	13626500	3418	1
10108013	517	Sound	16	13639959	372	1			260		other	0
10108013	517	Response	1	13645939	6351	1
10108013	518	Sound	17	13662758	331	1			260		other	0
10108013	518	Response	1	13666897	4470	1
10108013	519	Sound	21	13686756	322	1			260		other	0
10108013	519	Response	1	13689856	3422	1
10108013	520	Sound	15	13710555	280	1			260		other	0
10108013	520	Response	1	13714734	4460	1
10108013	521	Sound	14	13725954	341	1			260		other	0
10108013	522	Sound	19	13753752	298	1			260		other	0
10108013	522	Response	1	13757132	3678	1
10108013	523	Sound	15	13775751	457	1			260		other	0
10108013	523	Response	1	13782490	7196	1
10108013	524	Sound	20	13802749	281	1			260		other	0
10108013	524	Response	1	13806728	4260	1
10108013	525	Sound	14	13818748	275	1			260		other	0
10108013	526	Sound	17	13842746	433	1			260		other	0
10108013	526	Response	1	13846726	4412	1
10108013	527	Sound	13	13861945	293	1			260		other	0
10108013	528	Sound	12	13885344	351	1			260		other	0
10108013	529	Sound	20	13905743	411	1			260		other	0
10108013	529	Response	1	13908962	3630	1
10108013	530	Sound	13	13926741	403	1			260		other	0
10108013	531	Sound	11	13947740	396	1			260		other	0
10108013	532	Sound	20	13969938	421	1			260		other	0
10108013	532	Response	1	13973198	3680	1
10108013	533	Sound	14	13995137	445	1			260		other	0
10108013	534	Sound	18	14012336	306	1			260		other	0
10108013	534	Response	1	14015755	3725	1
10108013	535	Sound	19	14036734	364	1			260		other	0
10108013	535	Response	1	14040473	4103	1
10108013	536	Sound	14	14063932	387	1			260		other	0
10108013	537	Sound	21	14083331	447	1			260		other	0
10108013	537	Response	1	14086310	3426	1
10108013	538	Sound	19	14107330	272	1			260		other	0
10108013	538	Response	1	14112069	5011	1
10108013	539	Sound	16	14129528	297	1			260		other	0
10108013	539	Response	1	14133108	3877	1
10108013	540	Sound	11	14153527	456	1			260		other	0
10108013	541	Sound	14	14178325	413	1			260		other	0
10108013	542	Sound	16	14200724	305	1			260		other	0
10108013	542	Response	1	14204463	4044	1
10108013	543	Sound	12	14219123	366	1			260		other	0
10108013	544	Sound	19	14245721	456	1			260		other	0
10108013	544	Response	1	14249260	3995	1
10108013	545	Sound	17	14268920	314	1			260		other	0
10108013	545	Response	1	14272218	3613	1
10108013	546	Sound	21	14293718	272	1			260		other	0
10108013	546	Response	1	14296457	3011	1
10108013	547	Sound	18	14315717	431	1			260		other	0
10108013	547	Response	1	14319415	4130	1
10108013	548	Sound	13	14340315	356	1			260		other	0
10108013	549	Sound	11	14356714	416	1			260		other	0
10108013	550	Sound	18	14377313	342	1			260		other	0
10108013	550	Response	1	14380772	3801	1
10108013	551	Sound	15	14401911	434	1			260		other	0
10108013	552	Sound	15	14423910	426	1			260		other	0
10108013	553	Sound	15	14452108	282	1			260		other	0
10108013	553	Response	1	14456606	4781	1
10108013	554	Sound	20	14468907	410	1			260		other	0
10108013	554	Response	1	14472285	3788	1
10108013	555	Sound	17	14495305	300	1			260		other	0
10108013	555	Response	1	14498763	3758	2
10108013	556	Sound	18	14510904	395	1			260		other	0
10108013	556	Response	1	14514923	4413	1
10108013	557	Sound	20	14536703	352	1			260		other	0
10108013	557	Response	1	14539801	3451	1
10108013	558	Sound	21	14557901	378	1			260		other	0
10108013	558	Response	1	14560520	2997	1
10108013	559	Sound	17	14577300	438	1			260		other	0
10108013	559	Response	1	14581559	4696	1
10108013	560	Sound	16	14593499	299	1			260		other	0
10108013	561	Response	255	14884499	263377	1
10108013	562	Sound	108	14952077	271	1			260		other	0
10108013	562	Response	1	14955295	3489	1
10108013	563	Sound	103	14980275	461	1			260		other	0
10108013	564	Sound	104	15006473	318	1			260		other	0
10108013	564	Response	1	15010331	4176	1
10108013	565	Sound	104	15026072	411	1			260		other	0
10108013	566	Sound	107	15046271	437	1			260		other	0
10108013	566	Response	1	15049448	3615	1
10108013	567	Sound	103	15069869	362	1			260		other	0
10108013	568	Sound	105	15092468	287	1			260		other	0
10108013	568	Response	1	15095526	3345	1
10108013	569	Sound	109	15120066	378	1			260		other	0
10108013	569	Response	1	15123044	3355	1
10108013	570	Sound	109	15138865	338	1			260		other	0
10108013	570	Response	1	15142082	3555	1
10108013	571	Sound	101	15160663	297	1			260		other	0
10108013	572	Sound	111	15178662	457	1			260		other	0
10108013	572	Response	1	15181120	2914	1
10108013	573	Sound	106	15201661	448	1			260		other	0
10108013	573	Response	1	15205358	4146	1
10108013	574	Sound	105	15223259	374	1			260		other	0
10108013	574	Response	1	15227197	4312	1
10108013	575	Sound	108	15242658	267	1			260		other	0
10108013	575	Response	1	15245836	3445	1
10108013	576	Sound	103	15269657	424	1			260		other	0
10108013	577	Sound	106	15288855	451	1			260		other	0
10108013	577	Response	1	15292313	3908	1
10108013	578	Sound	102	15308254	344	1			260		other	0
10108013	579	Sound	101	15330453	369	1			260		other	0
10108013	580	Sound	110	15352651	395	1			260		other	0
10108013	580	Response	1	15355669	3412	1
10108013	581	Sound	101	15377650	386	1			260		other	0
10108013	582	Sound	101	15396449	346	1			260		other	0
10108013	583	Sound	110	15420847	404	1			260		other	0
10108013	583	Response	1	15424304	3861	1
10108013	584	Sound	110	15447245	294	1			260		other	0
10108013	584	Response	1	15449583	2632	1
10108013	585	Sound	105	15466244	288	1			260		other	0
10108013	585	Response	1	15469741	3785	1
10108013	586	Sound	104	15492842	378	1			260		other	0
10108013	586	Response	1	15496540	4075	1
10108013	587	Sound	106	15512641	338	1			260		other	0
10108013	587	Response	1	15515579	3275	1
10108013	588	Sound	109	15535040	396	1			260		other	0
10108013	588	Response	1	15537657	3014	1
10108013	589	Sound	107	15557238	422	1			260		other	0
10108013	589	Response	1	15560535	3719	1
10108013	590	Sound	104	15573437	449	1			260		other	0
10108013	590	Response	1	15577175	4186	1
10108013	591	Sound	105	15600636	473	1			260		other	0
10108013	591	Response	1	15603813	3650	1
10108013	591	Response	1	15624612	24449	1
10108013	592	Sound	102	15627634	297	1			260		other	0
10108013	593	Sound	109	15646033	357	1			260		other	0
10108013	593	Response	1	15649890	4214	1
10108013	594	Sound	103	15670431	415	1			260		other	0
10108013	595	Sound	108	15691830	307	1			260		other	0
10108013	595	Response	1	15694687	3164	1
10108013	596	Sound	106	15717428	398	1			260		other	0
10108013	596	Response	1	15721325	4295	1
10108013	597	Sound	103	15733827	292	1			260		other	0
10108013	598	Sound	111	15751826	286	1			260		other	0
10108013	598	Response	1	15755243	3703	1
10108013	599	Sound	111	15768825	446	1			260		other	0
10108013	599	Response	1	15772042	3663	1
10108013	600	Sound	108	15797623	403	1			260		other	0
10108013	600	Response	1	15801960	4740	1
10108013	601	Sound	109	15821222	328	1			260		other	0
10108013	601	Response	1	15824919	4024	1
10108013	602	Sound	102	15843020	453	1			260		other	0
10108013	603	Sound	111	15860219	314	1			260		other	0
10108013	603	Response	1	15862916	3011	1
10108013	604	Sound	108	15882218	473	1			260		other	0
10108013	604	Response	1	15885635	3889	1
10108013	605	Sound	110	15905417	331	1			260		other	0
10108013	605	Response	1	15908113	3028	1
10108013	606	Sound	106	15922216	458	1			260		other	0
10108013	606	Response	1	15925792	4035	1
10108013	607	Sound	111	15941814	385	1			260		other	0
10108013	607	Response	1	15944351	2921	1
10108013	608	Sound	107	15970412	474	1			260		other	0
10108013	608	Response	1	15974109	4171	1
10108013	609	Sound	102	15999211	264	1			260		other	0
10108013	610	Sound	107	16019809	357	1			260		other	0
10108013	610	Response	1	16023706	4253	1
10108013	611	Sound	107	16035808	351	1			260		other	0
10108013	611	Response	1	16039625	4167	1
10108013	612	Sound	104	16056607	310	1			260		other	0
10108013	613	Sound	102	16075406	437	1			260		other	0
10108013	614	Sound	105	16095005	363	1			260		other	0
10108013	615	Sound	110	16114203	390	1			260		other	0
10108013	615	Response	1	16118260	4446	1
10108013	616	Sound	101	16130202	384	1			260		other	0
10108013	617	Response	255	16537913	386342	1
10108013	618	Sound	108	16601173	383	1			260		other	0
10108013	618	Response	1	16604069	3279	1
10108013	619	Sound	111	16625371	408	1			260		other	0
10108013	619	Response	1	16627907	2943	1
10108013	620	Sound	104	16651570	432	1			260		other	0
10108013	620	Response	1	16655185	4047	1
10108013	621	Sound	102	16680568	421	1			260		other	0
10108013	622	Sound	106	16700166	348	1			260		other	0
10108013	622	Response	1	16703022	3203	1
10108013	623	Sound	107	16723565	406	1			260		other	0
10108013	623	Response	1	16726860	3702	1
10108013	624	Sound	104	16749163	330	1			260		other	0
10108013	624	Response	1	16752379	3546	1
10108013	625	Sound	106	16773562	388	1			260		other	0
10108013	625	Response	1	16776377	3204	1
10108013	626	Sound	111	16795961	447	1			260		other	0
10108013	626	Response	1	16798456	2942	1
10108013	627	Sound	107	16819959	271	1			260		other	0
10108013	627	Response	1	16823174	3487	1
10108013	628	Sound	101	16847157	462	1			260		other	0
10108013	629	Sound	108	16864156	289	1			260		other	0
10108013	629	Response	1	16867491	3625	1
10108013	630	Sound	108	16886155	281	1			260		other	0
10108013	630	Response	1	16888690	2817	1
10108013	631	Sound	110	16915153	438	1			260		other	0
10108013	631	Response	1	16917488	2773	1
10108013	632	Sound	110	16934952	397	1			260		other	0
10108013	632	Response	1	16937647	3092	1
10108013	633	Sound	106	16955950	390	1			260		other	0
10108013	633	Response	1	16959006	3445	1
10108013	634	Sound	103	16981749	347	1			260		other	0
10108013	635	Sound	101	17010347	270	1			260		other	0
10108013	636	Sound	106	17038345	427	1			260		other	0
10108013	636	Response	1	17042280	4362	1
10108013	637	Sound	111	17059544	453	1			260		other	0
10108013	637	Response	1	17062119	3028	1
10108013	638	Sound	105	17076543	447	1			260		other	0
10108013	638	Response	1	17080038	3942	1
10108013	639	Sound	105	17095342	407	1			260		other	0
10108013	639	Response	1	17099237	4302	1
10108013	640	Sound	101	17118740	298	1			260		other	0
10108013	641	Sound	104	17140539	424	1			260		other	0
10108013	642	Sound	102	17159738	284	1			260		other	0
10108013	643	Sound	109	17177336	377	1			260		other	0
10108013	643	Response	1	17181151	4193	1
10108013	644	Sound	103	17194135	338	1			260		other	0
10108013	645	Sound	103	17214534	398	1			260		other	0
10108013	646	Sound	101	17236133	323	1			260		other	0
10108013	647	Sound	109	17251932	284	1			260		other	0
10108013	647	Response	1	17255626	3979	1
10108013	648	Sound	106	17274330	343	1			260		other	0
10108013	648	Response	1	17277545	3558	1
10108013	649	Sound	109	17298129	468	1			260		other	0
10108013	649	Response	1	17300664	3002	1
10108013	650	Sound	110	17314328	329	1			260		other	0
10108013	650	Response	1	17317703	3703	1
10108013	651	Sound	102	17342726	385	1			260		other	0
10108013	651	Response	1	17347861	5520	1
10108013	652	Sound	108	17371324	308	1			260		other	0
10108013	652	Response	1	17374499	3483	1
10108013	653	Sound	103	17396723	366	1			260		other	0
10108013	653	Response	1	17402257	5900	1
10108013	654	Sound	104	17425321	456	1			260		other	0
10108013	654	Response	1	17429775	4910	1
10108013	655	Sound	102	17453719	345	1			260		other	0
10108013	656	Sound	101	17482117	402	1			260		other	0
10108013	657	Sound	111	17511115	392	1			260		other	0
10108013	657	Response	1	17513850	3126	1
10108013	658	Sound	111	17536514	283	1			260		other	0
10108013	658	Response	1	17539208	2977	1
10108013	659	Sound	110	17552513	277	1			260		other	0
10108013	659	Response	1	17556007	3771	1
10108013	660	Sound	103	17571112	370	1			260		other	0
10108013	661	Sound	107	17599910	327	1			260		other	0
10108013	661	Response	1	17601044	1461	1
10108013	662	Sound	107	17628108	350	1			260		other	0
10108013	662	Response	1	17632002	4244	1
10108013	663	Sound	105	17649107	343	1			260		other	0
10108013	663	Response	1	17653041	4277	1
10108013	664	Sound	105	17673905	300	1			260		other	0
10108013	664	Response	1	17677040	3435	1
10108013	665	Sound	104	17689904	461	1			260		other	0
10108013	666	Sound	105	17706503	389	1			260		other	0
10108013	666	Response	1	17709997	3883	1
10108013	667	Sound	107	17732901	279	1			260		other	0
10108013	667	Response	1	17736636	4013	1
10108013	668	Sound	102	17758300	337	1			260		other	0
10108013	669	Sound	110	17782698	395	1			260		other	0
10108013	669	Response	1	17785353	3049	1
10108013	670	Sound	109	17806097	286	1			260		other	0
10108013	670	Response	1	17809831	4021	1
10108013	671	Sound	109	17827295	312	1			260		other	0
10108013	671	Response	1	17830629	3646	1
10108013	672	Sound	108	17853494	336	1			260		other	0
10108013	672	Response	1	17856788	3630	1
10108013	673	Response	255	18176847	304438	1
10108013	674	Sound	11	18254069	294	1			260		other	0
10108013	675	Sound	11	18275867	419	1			260		other	0
10108013	676	Sound	14	18292666	380	1			260		other	0
10108013	677	Sound	17	18309465	340	1			260		other	0
10108013	678	Sound	18	18332664	365	1			260		other	0
10108013	678	Response	1	18336757	4459	1
10108013	679	Sound	11	18358862	389	1			260		other	0
10108013	679	Response	1	18383474	25002	1
10108013	680	Sound	16	18385260	280	1			260		other	0
10108013	681	Sound	12	18406059	406	1			260		other	0
10108013	682	Sound	12	18433657	329	1			260		other	0
10108013	683	Sound	20	18455656	322	1			260		other	0
10108013	683	Response	1	18459069	3735	2
10108013	684	Sound	19	18478055	380	1			260		other	0
10108013	684	Response	1	18481548	3874	1
10108013	685	Sound	16	18497853	340	1			260		other	0
10108013	685	Response	1	18501866	4353	1
10108013	686	Sound	20	18515452	267	1			260		other	0
10108013	686	Response	1	18519145	3960	1
10108013	687	Sound	17	18542251	391	1			260		other	0
10108013	687	Response	1	18546023	4164	1
10108013	688	Sound	17	18560249	384	1			260		other	0
10108013	688	Response	1	18564582	4717	1
10108013	689	Sound	14	18586248	375	1			260		other	0
10108013	690	Sound	12	18612646	432	1			260		other	0
10108013	691	Sound	21	18628645	426	1			260		other	0
10108013	691	Response	1	18631618	3400	1
10108013	692	Sound	20	18648444	386	1			260		other	0
10108013	692	Response	1	18652816	4758	2
10108013	693	Sound	16	18671242	345	1			260		other	0
10108013	693	Response	1	18675295	4398	1
10108013	694	Sound	13	18694241	337	1			260		other	0
10108013	695	Sound	15	18715040	296	1			260		other	0
10108013	696	Sound	21	18733238	323	1			260		other	0
10108013	696	Response	1	18735851	2935	1
10108013	697	Sound	13	18756237	314	1			260		other	0
10108013	698	Sound	21	18772836	409	1			260		other	0
10108013	698	Response	1	18775769	3341	1
10108013	699	Sound	18	18796234	467	1			260		other	0
10108013	699	Response	1	18799607	3840	1
10108013	700	Sound	15	18818833	392	1			260		other	0
10108013	700	Response	1	18824726	6285	1
10108013	701	Sound	12	18835432	320	1			260		other	0
10108013	702	Sound	18	18859230	444	1			260		other	0
10108013	702	Response	1	18863363	4577	2
10108013	703	Sound	17	18874429	306	1			260		other	0
10108013	703	Response	1	18879522	5398	1
10108013	704	Sound	15	18890029	400	1			260		other	0
10108013	705	Sound	13	18909427	293	1			260		other	0
10108013	706	Sound	19	18926826	353	1			260		other	0
10108013	706	Response	1	18929999	3526	1
10108013	707	Sound	11	18954424	444	1			260		other	0
10108013	708	Sound	14	18972623	304	1			260		other	0
10108013	709	Sound	13	19000622	294	1			260		other	0
10108013	710	Sound	19	19019220	387	1			260		other	0
10108013	710	Response	1	19022633	3800	1
10108013	711	Sound	13	19037419	414	1			260		other	0
10108013	712	Sound	15	19061618	439	1			260		other	0
10108013	712	Response	1	19066550	5371	1
10108013	713	Sound	20	19089016	329	1			260		other	0
10108013	713	Response	1	19093189	4502	1
10108013	714	Sound	19	19113414	387	1			260		other	0
10108013	714	Response	1	19117027	4000	1
10108013	715	Sound	15	19136413	379	1			260		other	0
10108013	715	Response	1	19140145	4111	1
10108013	716	Sound	21	19163211	336	1			260		other	0
10108013	716	Response	1	19166544	3668	1
10108013	717	Sound	11	19188210	327	1			260		other	0
10108013	718	Sound	16	19211208	319	1			260		other	0
10108013	718	Response	1	19216621	5731	1
10108013	719	Sound	14	19232207	311	1			260		other	0
10108013	720	Sound	21	19256605	369	1			260		other	0
10108013	720	Response	1	19259418	3182	1
10108013	721	Sound	16	19278204	295	1			260		other	0
10108013	721	Response	1	19282136	4227	1
10108013	722	Sound	14	19293403	323	1			260		other	0
10108013	723	Sound	12	19316402	315	1			260		other	0
10108013	724	Sound	20	19342200	272	1			260		other	0
10108013	724	Response	1	19345492	3564	1
10108013	725	Sound	18	19358999	399	1			260		other	0
10108013	725	Response	1	19363171	4572	1
10108013	726	Sound	19	19383397	291	1			260		other	0
10108013	726	Response	1	19387170	4063	1
10108013	727	Sound	18	19404996	383	1			260		other	0
10108013	727	Response	1	19409488	4875	1
10108013	728	Sound	17	19432794	340	1			260		other	0
10108013	728	Response	1	19436766	4312	1
10108013	729	Response	255	19682351	227643	1
10108013	730	Sound	12	19753974	425	1			260		other	0
10108013	731	Sound	12	19780372	316	1			260		other	0
10108013	732	Sound	21	19805371	307	1			260		other	0
10108013	732	Response	1	19808982	3919	1
10108013	733	Sound	20	19831169	431	1			260		other	0
10108013	733	Response	1	19834981	4243	1
10108013	734	Sound	11	19855368	289	1			260		other	0
10108013	735	Sound	20	19879766	347	1			260		other	0
10108013	735	Response	1	19882818	3399	1
10108013	736	Sound	21	19905564	305	1			260		other	0
10108013	736	Response	1	19908176	2916	1
10108013	737	Sound	16	19927563	297	1			260		other	0
10108013	738	Sound	11	19943762	324	1			260		other	0
10108013	739	Sound	21	19967161	383	1			260		other	0
10108013	739	Response	1	19970412	3634	1
10108013	740	Sound	19	19984560	276	1			260		other	0
10108013	740	Response	1	19988811	4528	1
10108013	741	Sound	15	20009758	467	1			260		other	0
10108013	741	Response	1	20013449	4159	1
10108013	742	Sound	16	20035956	325	1			260		other	0
10108013	742	Response	1	20041448	5816	1
10108013	743	Sound	20	20057155	351	1			260		other	0
10108013	743	Response	1	20061526	4722	1
10108013	744	Sound	14	20079754	443	1			260		other	0
10108013	745	Sound	13	20105352	367	1			260		other	0
10108013	746	Sound	20	20126351	359	1			260		other	0
10108013	746	Response	1	20129682	3690	1
10108013	747	Sound	19	20146149	319	1			260		other	0
10108013	747	Response	1	20150401	4570	2
10108013	748	Sound	11	20169148	477	1			260		other	0
10108013	748	Response	1	20173599	4928	1
10108013	749	Sound	16	20188147	304	1			260		other	0
10108013	749	Response	1	20192558	4715	1
10108013	750	Sound	15	20204946	264	1			260		other	0
10108013	750	Response	1	20209597	4916	1
10108013	751	Sound	13	20226744	390	1			260		other	0
10108013	752	Sound	17	20250743	381	1			260		other	0
10108013	752	Response	1	20254634	4272	1
10108013	753	Sound	21	20270742	374	1			260		other	0
10108013	753	Response	1	20274713	4345	1
10108013	754	Sound	15	20298540	331	1			260		other	0
10108013	755	Sound	14	20323938	389	1			260		other	0
10108013	755	Response	1	20328869	5319	2
10108013	756	Sound	12	20346737	347	1			260		other	0
10108013	757	Sound	18	20367336	440	1			260		other	0
10108013	757	Response	1	20371026	4131	1
10108013	758	Sound	17	20393934	364	1			260		other	0
10108013	759	Sound	15	20410533	458	1			260		other	0
10108013	759	Response	1	20414704	4629	1
10108013	760	Sound	12	20433331	416	1			260		other	0
10108013	761	Sound	13	20450930	344	1			260		other	0
10108013	762	Sound	19	20478928	333	1			260		other	0
10108013	762	Response	1	20483739	5144	1
10108013	763	Sound	13	20499327	393	1			260		other	0
10108013	764	Sound	18	20520726	285	1			260		other	0
10108013	764	Response	1	20525016	4576	1
10108013	765	Sound	11	20545524	410	1			260		other	0
10108013	766	Sound	18	20563923	303	1			260		other	0
10108013	766	Response	1	20567414	3794	1
10108013	767	Sound	18	20584522	396	1			260		other	0
10108013	767	Response	1	20589092	4966	1
10108013	768	Sound	17	20612520	386	1			260		other	0
10108013	768	Response	1	20619650	7516	1
10108013	769	Sound	15	20629119	313	1			260		other	0
10108013	770	Sound	17	20645918	274	1			260		other	0
10108013	770	Response	1	20650688	5044	1
10108013	771	Sound	17	20662917	435	1			260		other	0
10108013	771	Response	1	20667487	5005	1
10108013	772	Sound	20	20681716	395	1			260		other	0
10108013	772	Response	1	20685406	4085	1
10108013	773	Sound	13	20703114	287	1			260		other	0
10108013	774	Sound	18	20726313	312	1			260		other	0
10108013	774	Response	1	20730203	4202	1
10108013	775	Sound	16	20746112	438	1			260		other	0
10108013	775	Response	1	20750522	4849	1
10108013	776	Sound	21	20771310	296	1			260		other	0
10108013	776	Response	1	20771881	866	1
10108013	777	Sound	14	20798508	320	1			260		other	0
10108013	777	Response	1	20803159	4970	1
10108013	778	Sound	16	20814307	281	1			260		other	0
10108013	779	Sound	19	20833506	307	1			260		other	0
10108013	779	Response	1	20836996	3797	1
10108013	780	Sound	14	20853505	467	1			260		other	0
10108013	781	Sound	14	20869704	328	1			260		other	0
10108013	782	Sound	19	20895702	318	1			260		other	0
10108013	782	Response	1	20899472	4088	1
10108013	783	Sound	11	20920101	376	1			260		other	0
10108013	784	Sound	12	20944099	368	1			260		other	0
10108013	785	Response	255	21212492	246341	1
10108013	786	Sound	111	21292277	277	1			260		other	0
10108013	786	Response	1	21295047	3046	1
10108013	787	Sound	105	21319475	300	1			260		other	0
10108013	787	Response	1	21326085	6910	1
10108013	788	Sound	103	21335475	295	1			260		other	0
10108013	789	Sound	106	21360473	286	1			260		other	0
10108013	789	Response	1	21363843	3655	1
10108013	790	Sound	106	21380472	279	1			260		other	0
10108013	790	Response	1	21383921	3728	1
10108013	791	Sound	104	21408670	469	1			260		other	0
10108013	791	Response	1	21413039	4838	1
10108013	792	Sound	111	21435068	359	1			260		other	0
10108013	792	Response	1	21437918	3209	1
10108013	793	Sound	102	21451267	387	1			260		other	0
10108013	794	Sound	102	21479265	377	1			260		other	0
10108013	795	Sound	101	21497264	370	1			260		other	0
10108013	796	Sound	109	21514263	364	1			260		other	0
10108013	796	Response	1	21517673	3774	1
10108013	797	Sound	109	21534462	390	1			260		other	0
10108013	797	Response	1	21537751	3680	1
10108013	798	Sound	102	21553261	350	1			260		other	0
10108013	799	Sound	110	21575059	309	1			260		other	0
10108013	799	Response	1	21578149	3399	1
10108013	800	Sound	110	21592858	437	1			260		other	0
10108013	800	Response	1	21597187	4766	1
10108013	801	Sound	108	21621056	460	1			260		other	0
10108013	801	Response	1	21624706	4109	1
10108013	802	Sound	109	21638255	320	1			260		other	0
10108013	802	Response	1	21641905	3969	1
10108013	803	Sound	107	21659454	346	1			260		other	0
10108013	803	Response	1	21662703	3595	1
10108013	804	Sound	104	21676053	440	1			260		other	0
10108013	804	Response	1	21679502	3889	1
10108013	805	Sound	106	21697452	332	1			260		other	0
10108013	805	Response	1	21701821	4701	1
10108013	806	Sound	111	21723250	457	1			260		other	0
10108013	806	Response	1	21725579	2786	1
10108013	807	Sound	107	21750848	380	1			260		other	0
10108013	807	Response	1	21753977	3509	1
10108013	808	Sound	108	21779047	403	1			260		other	0
10108013	808	Response	1	21781496	2852	1
10108013	809	Sound	105	21796645	330	1			260		other	0
10108013	809	Response	1	21800054	3739	1
10108013	810	Sound	101	21821244	422	1			260		other	0
10108013	811	Sound	104	21846642	312	1			260		other	0
10108013	811	Response	1	21850131	3801	1
10108013	812	Sound	108	21868641	305	1			260		other	0
10108013	812	Response	1	21871730	3394	1
10108013	813	Sound	104	21889840	330	1			260		other	0
10108013	814	Sound	108	21910438	423	1			260		other	0
10108013	814	Response	1	21913247	3232	1
10108013	815	Sound	107	21935637	281	1			260		other	0
10108013	815	Response	1	21938766	3410	2
10108013	816	Sound	111	21955435	407	1			260		other	0
10108013	816	Response	1	21957804	2776	1
10108013	817	Sound	103	21976834	299	1			260		other	0
10108013	818	Sound	101	21995233	360	1			260		other	0
10108013	819	Sound	103	22013232	353	1			260		other	0
10108013	820	Sound	106	22030231	347	1			260		other	0
10108013	820	Response	1	22034279	4396	1
10108013	821	Sound	111	22054829	438	1			260		other	0
10108013	821	Response	1	22057638	3247	1
10108013	822	Sound	105	22077028	297	1			260		other	0
10108013	822	Response	1	22080757	4026	1
10108013	823	Sound	106	22099826	422	1			260		other	0
10108013	823	Response	1	22103475	4071	1
10108013	824	Sound	103	22122225	314	1			260		other	0
10108013	825	Sound	109	22140824	408	1			260		other	0
10108013	825	Response	1	22143872	3456	1
10108013	826	Sound	105	22161222	300	1			260		other	0
10108013	826	Response	1	22164671	3749	1
10108013	827	Sound	101	22180221	460	1			260		other	0
10108013	828	Sound	103	22205220	285	1			260		other	0
10108013	829	Sound	110	22230418	309	1			260		other	0
10108013	829	Response	1	22233227	3118	1
10108013	830	Sound	101	22247417	303	1			260		other	0
10108013	831	Sound	109	22270816	361	1			260		other	0
10108013	831	Response	1	22273864	3410	1
10108013	832	Sound	102	22288614	321	1			260		other	0
10108013	833	Sound	104	22313213	413	1			260		other	0
10108013	833	Response	1	22317381	4581	1
10108013	834	Sound	108	22340211	403	1			260		other	0
10108013	834	Response	1	22344020	4212	1
10108013	835	Sound	105	22367010	360	1			260		other	0
10108013	835	Response	1	22370178	3529	1
10108013	836	Sound	107	22394608	451	1			260		other	0
10108013	836	Response	1	22397936	3779	1
10108013	837	Sound	102	22416606	276	1			260		other	0
10108013	838	Sound	107	22434205	370	1			260		other	0
10108013	838	Response	1	22437533	3698	1
10108013	839	Sound	110	22461604	427	1			260		other	0
10108013	839	Response	1	22464812	3635	1
10108013	840	Sound	110	22481802	453	1			260		other	0
10108013	840	Response	1	22485370	4021	1
10108013	841	Response	255	22730235	229966	1
10108013	842	Sound	18	22809782	336	1			260		other	0
10108013	842	Response	1	22813189	3743	1
10108013	843	Sound	20	22827780	329	1			260		other	0
10108013	843	Response	1	22831348	3897	1
10108013	844	Sound	17	22843180	391	1			260		other	0
10108013	844	Response	1	22847507	4718	1
10108013	845	Sound	14	22869378	414	1			260		other	0
10108013	846	Sound	20	22893176	373	1			260		other	0
10108013	846	Response	1	22896223	3419	2
10108013	847	Sound	15	22911575	433	1			260		other	0
10108013	847	Response	1	22915423	4280	1
10108013	848	Sound	18	22933174	358	1			260		other	0
10108013	848	Response	1	22936221	3406	1
10108013	849	Sound	21	22956372	383	1			260		other	0
10108013	849	Response	1	22959820	3831	1
10108013	850	Sound	14	22975971	310	1			260		other	0
10108013	851	Sound	19	22997570	402	1			260		other	0
10108013	851	Response	1	23001257	4089	1
10108013	852	Sound	16	23014769	429	1			260		other	0
10108013	853	Sound	15	23038567	388	1			260		other	0
10108013	853	Response	1	23041494	3315	1
10108013	854	Sound	13	23063166	312	1			260		other	0
10108013	855	Sound	15	23080165	306	1			260		other	0
10108013	855	Response	1	23083892	4033	1
10108013	856	Sound	21	23102163	465	1			260		other	0
10108013	856	Response	1	23105490	3792	1
10108013	857	Sound	11	23127562	356	1			260		other	0
10108013	858	Sound	21	23146960	415	1			260		other	0
10108013	858	Response	1	23149808	3263	1
10108013	859	Sound	17	23167159	442	1			260		other	0
10108013	859	Response	1	23170606	3889	1
10108013	860	Sound	12	23187358	301	1			260		other	0
10108013	861	Sound	19	23208157	427	1			260		other	0
10108013	861	Response	1	23211244	3514	1
10108013	862	Sound	12	23231155	419	1			260		other	0
10108013	863	Sound	16	23250554	312	1			260		other	0
10108013	863	Response	1	23255321	5079	1
10108013	864	Sound	17	23269353	272	1			260		other	0
10108013	864	Response	1	23273000	3919	1
10108013	865	Sound	17	23287752	332	1			260		other	0
10108013	865	Response	1	23293158	5739	1
10108013	866	Sound	11	23314550	289	1			260		other	0
10108013	867	Sound	16	23331949	350	1			260		other	0
10108013	867	Response	1	23335316	3717	1
10108013	868	Sound	18	23347348	411	1			260		other	0
10108013	868	Response	1	23350755	3818	1
10108013	869	Sound	13	23373346	401	1			260		other	0
10108013	870	Sound	12	23389945	329	1			260		other	0
10108013	871	Sound	19	23413744	287	1			260		other	0
10108013	871	Response	1	23417230	3774	1
10108013	872	Sound	21	23438742	445	1			260		other	0
10108013	872	Response	1	23441869	3572	1
10108013	873	Sound	17	23465340	369	1			260		other	0
10108013	873	Response	1	23469387	4415	1
10108013	874	Sound	12	23489139	327	1			260		other	0
10108013	875	Sound	14	23516137	317	1			260		other	0
10108013	876	Sound	14	23543935	441	1			260		other	0
10108013	877	Sound	15	23560134	302	1			260		other	0
10108013	878	Sound	21	23575333	329	1			260		other	0
10108013	878	Response	1	23577780	2776	1
10108013	879	Sound	20	23596132	455	1			260		other	0
10108013	879	Response	1	23599139	3462	1
10108013	880	Sound	13	23623130	279	1			260		other	0
10108013	881	Sound	15	23639329	307	1			260		other	0
10108013	882	Sound	13	23666728	363	1			260		other	0
10108013	883	Sound	20	23688526	322	1			260		other	0
10108013	883	Response	1	23691373	3169	1
10108013	884	Sound	18	23707925	382	1			260		other	0
10108013	884	Response	1	23711851	4308	1
10108013	885	Sound	11	23733923	373	1			260		other	0
10108013	886	Sound	19	23755722	332	1			260		other	0
10108013	886	Response	1	23759928	4538	1
10108013	887	Sound	14	23778921	357	1			260		other	0
10108013	888	Sound	20	23798519	283	1			260		other	0
10108013	888	Response	1	23801846	3610	1
10108013	889	Sound	11	23817318	410	1			260		other	0
10108013	890	Sound	16	23841517	434	1			260		other	0
10108013	890	Response	1	23846003	4921	1
10108013	891	Sound	11	23859716	461	1			260		other	0
10108013	892	Sound	16	23879514	421	1			260		other	0
10108013	892	Response	1	23883360	4267	1
10108013	893	Sound	18	23894913	315	1			260		other	0
10108013	893	Response	1	23899759	5162	1
10108013	894	Sound	13	23912112	343	1			260		other	0
10108013	895	Sound	19	23930711	436	1			260		other	0
10108013	895	Response	1	23933837	3562	1
10108013	896	Sound	12	23950110	329	1			260		other	0
10108013	897	Response	255	24137824	166457	1
10108013	898	Sound	102	24213293	435	1			260		other	0
10108013	899	Sound	111	24240092	392	1			260		other	0
10108013	899	Response	1	24242937	3238	1
10108013	900	Sound	108	24256290	420	1			260		other	0
10108013	900	Response	1	24259736	3866	1
10108013	901	Sound	105	24277489	446	1			260		other	0
10108013	901	Response	1	24281335	4291	1
10108013	902	Sound	104	24301888	337	1			260		other	0
10108013	902	Response	1	24305173	3623	1
10108013	903	Sound	102	24325286	395	1			260		other	0
10108013	904	Sound	102	24347885	321	1			260		other	0
10108013	905	Sound	105	24364084	348	1			260		other	0
10108013	905	Response	1	24368049	4314	1
10108013	906	Sound	101	24391282	372	1			260		other	0
10108013	907	Sound	110	24407881	299	1			260		other	0
10108013	907	Response	1	24411086	3505	1
10108013	908	Sound	111	24430880	458	1			260		other	0
10108013	908	Response	1	24433565	3143	1
10108013	909	Sound	107	24454878	282	1			260		other	0
10108013	909	Response	1	24458284	3688	1
10108013	910	Sound	106	24479077	474	1			260		other	0
10108013	910	Response	1	24483162	4559	1
10108013	911	Sound	104	24497875	434	1			260		other	0
10108013	911	Response	1	24501721	4279	1
10108013	912	Sound	109	24514274	328	1			260		other	0
10108013	912	Response	1	24517720	3773	1
10108013	913	Sound	107	24533473	354	1			260		other	0
10108013	913	Response	1	24536918	3800	1
10108013	914	Sound	104	24549872	415	1			260		other	0
10108013	914	Response	1	24553717	4261	1
10108013	915	Sound	109	24568471	342	1			260		other	0
10108013	915	Response	1	24570996	2867	1
10108013	916	Sound	101	24586870	402	1			260		other	0
10108013	917	Sound	107	24614868	392	1			260		other	0
10108013	918	Sound	111	24633467	319	1			260		other	0
10108013	918	Response	1	24636112	2964	1
10108013	919	Sound	107	24654465	311	1			260		other	0
10108013	919	Response	1	24657471	3317	1
10108013	920	Sound	107	24683064	401	1			260		other	0
10108013	920	Response	1	24687229	4566	1
10108013	921	Sound	103	24704462	293	1			260		other	0
10108013	922	Sound	103	24733061	383	1			260		other	0
10108013	923	Sound	104	24752059	376	1			260		other	0
10108013	924	Sound	106	24772458	269	1			260		other	0
10108013	925	Sound	105	24789257	397	1			260		other	0
10108013	926	Sound	109	24810856	322	1			260		other	0
10108013	926	Response	1	24814101	3567	1
10108013	927	Sound	110	24838654	446	1			260		other	0
10108013	927	Response	1	24841859	3651	1
10108013	928	Sound	101	24864052	337	1			260		other	0
10108013	929	Sound	109	24888451	394	1			260		other	0
10108013	929	Response	1	24891456	3399	1
10108013	930	Sound	103	24911849	286	1			260		other	0
10108013	931	Sound	101	24940047	309	1			260		other	0
10108013	932	Sound	106	24961246	335	1			260		other	0
10108013	932	Response	1	24965291	4380	1
10108013	933	Sound	110	24987644	392	1			260		other	0
10108013	933	Response	1	24991529	4277	1
10108013	934	Sound	108	25006443	353	1			260		other	0
10108013	934	Response	1	25010088	3997	1
10108013	935	Sound	108	25031042	444	1			260		other	0
10108013	935	Response	1	25034966	4368	1
10108013	936	Sound	106	25060040	433	1			260		other	0
10108013	936	Response	1	25063605	3998	1
10108013	937	Sound	109	25085438	324	1			260		other	0
10108013	937	Response	1	25088243	3129	1
10108013	938	Sound	106	25101637	352	1			260		other	0
10108013	938	Response	1	25104882	3597	1
10108013	939	Sound	110	25124236	444	1			260		other	0
10108013	939	Response	1	25127121	3328	1
10108013	940	Sound	110	25151234	267	1			260		other	0
10108013	940	Response	1	25154479	3512	1
10108013	941	Sound	105	25169633	327	1			260		other	0
10108013	941	Response	1	25174077	4772	1
10108013	942	Sound	103	25191432	286	1			260		other	0
10108013	943	Sound	105	25213830	345	1			260		other	0
10108013	943	Response	1	25217835	4350	1
10108013	944	Sound	111	25235429	439	1			260		other	0
10108013	944	Response	1	25238313	3324	1
10108013	945	Sound	108	25262027	361	1			260		other	0
10108013	945	Response	1	25265672	4006	1
10108013	946	Sound	102	25287826	319	1			260		other	0
10108013	947	Sound	108	25305024	346	1			260		other	0
10108013	947	Response	1	25308629	3950	1
10108013	948	Sound	104	25328423	404	1			260		other	0
10108013	949	Sound	101	25357421	394	1			260		other	0
10108013	950	Sound	102	25378620	420	1			260		other	0
10108013	951	Sound	103	25405818	277	1			260		other	0
10108013	952	Sound	111	25432416	367	1			260		other	0
10108013	952	Response	1	25434941	2891	1
10108013	953	Response	255	25651647	198678	1
10108013	954	Sound	17	25732598	460	1			260		other	0
10108013	955	Sound	19	25760596	450	1			260		other	0
10108013	955	Response	1	25764359	4214	1
10108013	956	Sound	18	25782794	476	1			260		other	0
10108013	956	Response	1	25785718	3399	1
10108013	957	Sound	11	25803393	402	1			260		other	0
10108013	958	Sound	16	25826592	427	1			260		other	0
10108013	958	Response	1	25830115	3950	1
10108013	959	Sound	21	25851790	284	1			260		other	0
10108013	959	Response	1	25854994	3488	1
10108013	960	Sound	20	25870589	411	1			260		other	0
10108013	960	Response	1	25874192	4015	1
10108013	961	Sound	18	25896387	368	1			260		other	0
10108013	961	Response	1	25900431	4412	1
10108013	962	Sound	19	25913986	295	1			260		other	0
10108013	962	Response	1	25916990	3299	1
10108013	963	Sound	16	25933985	288	1			260		other	0
10108013	963	Response	1	25937308	3612	1
10108013	964	Sound	15	25955184	314	1			260		other	0
10108013	964	Response	1	25958987	4118	1
10108013	965	Sound	20	25973982	274	1			260		other	0
10108013	965	Response	1	25977786	4078	1
10108013	966	Sound	17	26000181	298	1			260		other	0
10108013	966	Response	1	26003944	4061	1
10108013	967	Sound	19	26019379	324	1			260		other	0
10108013	967	Response	1	26022743	3688	1
10108013	968	Sound	21	26038378	318	1			260		other	0
10108013	968	Response	1	26041062	3001	1
10108013	969	Sound	12	26056777	378	1			260		other	0
10108013	970	Sound	20	26077576	337	1			260		other	0
10108013	970	Response	1	26081539	4300	1
10108013	971	Sound	12	26096375	464	1			260		other	0
10108013	972	Sound	19	26121373	289	1			260		other	0
10108013	972	Response	1	26124096	3012	1
10108013	973	Sound	15	26146972	379	1			260		other	0
10108013	973	Response	1	26151855	5262	1
10108013	974	Sound	14	26164570	306	1			260		other	0
10108013	975	Sound	21	26186369	432	1			260		other	0
10108013	975	Response	1	26189212	3275	1
10108013	976	Sound	13	26205368	425	1			260		other	0
10108013	977	Sound	11	26225766	318	1			260		other	0
10108013	978	Sound	16	26251965	342	1			260		other	0
10108013	978	Response	1	26256008	4385	1
10108013	979	Sound	11	26277763	299	1			260		other	0
10108013	980	Sound	13	26296762	292	1			260		other	0
10108013	981	Sound	15	26313761	453	1			260		other	0
10108013	982	Sound	15	26337759	278	1			260		other	0
10108013	983	Sound	12	26360758	436	1			260		other	0
10108013	984	Sound	12	26383957	461	1			260		other	0
10108013	985	Sound	19	26406755	420	1			260		other	0
10108013	985	Response	1	26409598	3263	1
10108013	986	Sound	21	26434153	310	1			260		other	0
10108013	986	Response	1	26436716	2873	1
10108013	987	Sound	15	26459752	401	1			260		other	0
10108013	987	Response	1	26463754	4404	1
10108013	988	Sound	13	26477951	428	1			260		other	0
10108013	989	Sound	18	26500149	286	1			260		other	0
10108013	989	Response	1	26503992	4129	1
10108013	990	Sound	17	26517748	380	1			260		other	0
10108013	990	Response	1	26521671	4303	1
10108013	991	Sound	14	26539547	339	1			260		other	0
10108013	992	Sound	12	26565345	296	1			260		other	0
10108013	993	Sound	14	26590743	354	1			260		other	0
10108013	994	Sound	18	26608742	348	1			260		other	0
10108013	994	Response	1	26611665	3270	1
10108013	995	Sound	13	26629741	340	1			260		other	0
10108013	996	Sound	21	26655139	398	1			260		other	0
10108013	996	Response	1	26658222	3481	1
10108013	997	Sound	17	26674538	458	1			260		other	0
10108013	997	Response	1	26678301	4220	1
10108013	998	Sound	11	26696537	450	1			260		other	0
10108013	999	Sound	16	26716536	443	1			260		other	0
10108013	1000	Sound	20	26739934	334	1			260		other	0
10108013	1000	Response	1	26743176	3577	2
10108013	1001	Sound	16	26765732	458	1			260		other	0
10108013	1001	Response	1	26770215	4941	1
10108013	1002	Sound	13	26781331	386	1			260		other	0
10108013	1003	Sound	20	26807730	444	1			260		other	0
10108013	1003	Response	1	26811092	3806	1
10108013	1004	Sound	11	26832328	368	1			260		other	0
10108013	1005	Sound	14	26848327	362	1			260		other	0
10108013	1006	Sound	14	26868126	322	1			260		other	0
10108013	1007	Sound	18	26892724	413	1			260		other	0
10108013	1007	Response	1	26896526	4215	1
10108013	1008	Sound	17	26913323	339	1			260		other	0
10108013	1008	Response	1	26917245	4261	1
