Scenario - 
Logfile written - 02/20/2019 14:19:05

Subject	Trial	Event Type	Code	Time	TTime	Uncertainty	Duration	Uncertainty	ReqTime	ReqDur	Stim Type	Pair Index

10108024	1	Response	255	396618	396285	1
10108024	2	Sound	19	477401	329	1			260		other	0
10108024	2	Response	1	487015	9943	1
10108024	3	Sound	11	503200	453	1			260		other	0
10108024	4	Sound	16	522799	379	1			260		other	0
10108024	5	Sound	12	544398	305	1			260		other	0
10108024	6	Sound	18	566197	431	1			260		other	0
10108024	6	Response	1	568931	3165	1
10108024	7	Sound	13	589996	389	1			260		other	0
10108024	8	Sound	16	617795	346	1			260		other	0
10108024	8	Response	1	621410	3960	1
10108024	9	Sound	15	645594	302	1			260		other	0
10108024	10	Sound	18	668194	394	1			260		other	0
10108024	10	Response	1	671168	3368	1
10108024	11	Sound	21	687593	454	1			260		other	0
10108024	11	Response	1	691327	4188	1
10108024	12	Sound	13	714592	444	1			260		other	0
10108024	13	Sound	20	740191	369	1			260		other	0
10108024	13	Response	1	742845	3023	1
10108024	14	Sound	19	759990	328	1			260		other	0
10108024	14	Response	1	763644	3982	1
10108024	15	Sound	20	786789	285	1			260		other	0
10108024	15	Response	1	789803	3300	1
10108024	16	Sound	20	805389	379	1			260		other	0
10108024	16	Response	1	808603	3593	1
10108024	17	Sound	11	825588	405	1			260		other	0
10108024	18	Sound	13	853587	395	1			260		other	0
10108024	19	Sound	17	876586	387	1			260		other	0
10108024	19	Response	1	879560	3361	1
10108024	20	Sound	21	900185	312	1			260		other	0
10108024	20	Response	1	902999	3126	1
10108024	21	Sound	16	924784	403	1			260		other	0
10108024	21	Response	1	928278	3897	1
10108024	22	Sound	19	949583	361	1			260		other	0
10108024	22	Response	1	952117	2895	1
10108024	23	Sound	15	967182	455	1			260		other	0
10108024	23	Response	1	970437	3709	1
10108024	24	Sound	13	992581	345	1			260		other	0
10108024	25	Sound	16	1018781	370	1			260		other	0
10108024	25	Response	1	1022675	4263	1
10108024	26	Sound	20	1036380	297	1			260		other	0
10108024	26	Response	1	1039474	3391	1
10108024	27	Sound	17	1062179	421	1			260		other	0
10108024	27	Response	1	1065073	3315	1
10108024	28	Sound	14	1086178	412	1			260		other	0
10108024	29	Sound	21	1114577	469	1			260		other	0
10108024	29	Response	1	1116831	2723	1
10108024	30	Sound	11	1131576	463	1			260		other	0
10108024	31	Sound	13	1156776	320	1			260		other	0
10108024	32	Sound	14	1184175	377	1			260		other	0
10108024	33	Sound	21	1201174	371	1			260		other	0
10108024	33	Response	1	1204028	3225	1
10108024	34	Sound	17	1226773	295	1			260		other	0
10108024	35	Sound	12	1248572	421	1			260		other	0
10108024	36	Sound	17	1274571	412	1			260		other	0
10108024	36	Response	1	1278025	3866	1
10108024	37	Sound	16	1290771	273	1			260		other	0
10108024	37	Response	1	1295704	5206	1
10108024	38	Sound	14	1313970	298	1			260		other	0
10108024	39	Sound	19	1340969	455	1			260		other	0
10108024	39	Response	1	1343382	2868	1
10108024	40	Sound	12	1362968	447	1			260		other	0
10108024	40	Response	1	1363461	941	1
10108024	41	Sound	18	1379767	408	1			260		other	0
10108024	41	Response	1	1383541	4181	1
10108024	42	Sound	21	1405766	399	1			260		other	0
10108024	42	Response	1	1408420	3052	1
10108024	43	Sound	12	1421366	326	1			260		other	0
10108024	44	Sound	11	1441965	419	1			260		other	0
10108024	45	Sound	14	1460964	412	1			260		other	0
10108024	45	Response	1	1465698	5146	1
10108024	46	Sound	20	1484563	337	1			260		other	0
10108024	46	Response	1	1487537	3311	1
10108024	47	Sound	14	1509963	395	1			260		other	0
10108024	48	Sound	18	1531362	288	1			260		other	0
10108024	48	Response	1	1534495	3421	1
10108024	49	Sound	17	1550961	380	1			260		other	0
10108024	49	Response	1	1554414	3833	1
10108024	50	Sound	19	1574760	338	1			260		other	0
10108024	50	Response	1	1577773	3352	1
10108024	51	Sound	11	1597159	397	1			260		other	0
10108024	52	Sound	15	1614359	424	1			260		other	0
10108024	52	Response	1	1618571	4637	2
10108024	53	Sound	18	1629758	319	1			260		other	0
10108024	53	Response	1	1633051	3612	1
10108024	54	Sound	15	1649357	412	1			260		other	0
10108024	55	Sound	12	1675156	369	1			260		other	0
10108024	56	Sound	15	1700955	327	1			260		other	0
10108024	57	Response	255	1773446	51231	1
10108024	58	Sound	102	1851950	273	1			260		other	0
10108024	59	Sound	102	1878349	330	1			260		other	0
10108024	60	Sound	102	1900148	290	1			260		other	0
10108024	61	Sound	108	1918147	450	1			260		other	0
10108024	61	Response	1	1923120	5423	1
10108024	62	Sound	110	1939347	309	1			260		other	0
10108024	62	Response	1	1943199	4162	1
10108024	63	Sound	106	1963146	433	1			260		other	0
10108024	63	Response	1	1966559	3847	1
10108024	64	Sound	109	1983945	393	1			260		other	0
10108024	64	Response	1	1986718	3166	1
10108024	65	Sound	107	2010944	384	1			260		other	0
10108024	65	Response	1	2014637	4076	1
10108024	66	Sound	107	2027543	311	1			260		other	0
10108024	66	Response	1	2031276	4043	1
10108024	67	Sound	104	2046343	438	1			260		other	0
10108024	67	Response	1	2050235	4331	1
10108024	68	Sound	103	2065742	330	1			260		other	0
10108024	69	Sound	101	2089141	389	1			260		other	0
10108024	70	Sound	104	2113740	313	1			260		other	0
10108024	70	Response	1	2118633	5206	1
10108024	71	Sound	104	2136339	405	1			260		other	0
10108024	72	Sound	111	2158339	397	1			260		other	0
10108024	72	Response	1	2161671	3730	1
10108024	73	Sound	110	2183738	455	1			260		other	0
10108024	73	Response	1	2187430	4148	1
10108024	74	Sound	102	2204937	314	1			260		other	0
10108024	75	Sound	109	2222336	375	1			260		other	0
10108024	75	Response	1	2226549	4587	1
10108024	76	Sound	106	2245735	433	1			260		other	0
10108024	76	Response	1	2250308	5006	1
10108024	77	Sound	111	2269734	424	1			260		other	0
10108024	77	Response	1	2273027	3717	1
10108024	78	Sound	111	2289934	284	1			260		other	0
10108024	78	Response	1	2292706	3057	1
10108024	79	Sound	107	2312933	276	1			260		other	0
10108024	79	Response	1	2316545	3888	1
10108024	80	Sound	110	2334332	335	1			260		other	0
10108024	80	Response	1	2337505	3507	1
10108024	81	Sound	105	2360331	325	1			260		other	0
10108024	82	Sound	109	2377531	353	1			260		other	0
10108024	82	Response	1	2381183	4005	1
10108024	83	Sound	103	2393730	380	1			260		other	0
10108024	84	Sound	109	2412129	440	1			260		other	0
10108024	84	Response	1	2415502	3813	1
10108024	85	Sound	101	2430329	301	1			260		other	0
10108024	86	Sound	104	2449528	327	1			260		other	0
10108024	87	Sound	101	2472127	419	1			260		other	0
10108024	88	Sound	108	2494926	378	1			260		other	0
10108024	88	Response	1	2498698	4150	1
10108024	89	Sound	104	2515325	438	1			260		other	0
10108024	89	Response	1	2521418	6530	1
10108024	90	Sound	103	2537525	462	1			260		other	0
10108024	91	Sound	103	2561724	321	1			260		other	0
10108024	92	Sound	108	2581523	280	1			260		other	0
10108024	92	Response	1	2585895	4653	1
10108024	93	Sound	105	2607522	438	1			260		other	0
10108024	94	Sound	106	2626721	297	1			260		other	0
10108024	94	Response	1	2631334	4910	1
10108024	95	Sound	105	2645121	358	1			260		other	0
10108024	96	Sound	103	2662720	452	1			260		other	0
10108024	97	Sound	109	2685119	343	1			260		other	0
10108024	97	Response	1	2688532	3756	1
10108024	98	Sound	108	2701918	304	1			260		other	0
10108024	98	Response	1	2706691	5076	1
10108024	99	Sound	105	2723718	430	1			260		other	0
10108024	99	Response	1	2728050	4762	1
10108024	100	Sound	101	2742117	323	1			260		other	0
10108024	101	Sound	107	2769716	413	1			260		other	0
10108024	101	Response	1	2773088	3785	1
10108024	102	Sound	101	2796115	470	1			260		other	0
10108024	103	Sound	108	2815114	297	1			260		other	0
10108024	103	Response	1	2819167	4349	1
10108024	104	Sound	105	2837314	322	1			260		other	0
10108024	104	Response	1	2842126	5134	1
10108024	105	Sound	106	2865712	379	1			260		other	0
10108024	105	Response	1	2869405	4071	1
10108024	106	Sound	107	2889512	337	1			260		other	0
10108024	106	Response	1	2892364	3189	1
10108024	107	Sound	111	2910711	363	1			260		other	0
10108024	107	Response	1	2913083	2735	1
10108024	108	Sound	110	2927710	357	1			260		other	0
10108024	108	Response	1	2931642	4289	1
10108024	109	Sound	110	2944510	318	1			260		other	0
10108024	109	Response	1	2947162	2970	1
10108024	110	Sound	106	2969309	442	1			260		other	0
10108024	110	Response	1	2974681	5814	1
10108024	111	Sound	111	2995908	366	1			260		other	0
10108024	111	Response	1	2998120	2578	1
10108024	112	Sound	102	3017107	392	1			260		other	0
10108024	113	Response	255	3102516	68882	1
10108024	114	Sound	105	3171501	403	1			260		other	0
10108024	114	Response	1	3174993	3895	1
10108024	115	Sound	102	3196700	428	1			260		other	0
10108024	116	Sound	102	3222099	319	1			260		other	0
10108024	117	Sound	105	3247698	410	1			260		other	0
10108024	117	Response	1	3253230	5941	1
10108024	118	Sound	103	3264098	470	1			260		other	0
10108024	119	Sound	107	3283297	330	1			260		other	0
10108024	119	Response	1	3287309	4342	1
10108024	120	Sound	109	3300496	357	1			260		other	0
10108024	120	Response	1	3304588	4449	1
10108024	121	Sound	104	3323896	416	1			260		other	0
10108024	122	Sound	106	3351694	373	1			260		other	0
10108024	122	Response	1	3357226	5904	1
10108024	123	Sound	110	3377694	364	1			260		other	0
10108024	123	Response	1	3381465	4135	1
10108024	124	Sound	104	3395293	457	1			260		other	0
10108024	124	Response	1	3401305	6469	1
10108024	125	Sound	111	3417692	350	1			260		other	0
10108024	125	Response	1	3420584	3242	1
10108024	126	Sound	109	3438891	375	1			260		other	0
10108024	126	Response	1	3442423	3906	1
10108024	127	Sound	101	3459691	334	1			260		other	0
10108024	128	Sound	107	3477090	395	1			260		other	0
10108024	128	Response	1	3480662	3966	1
10108024	129	Sound	102	3502689	319	1			260		other	0
10108024	130	Sound	106	3526488	444	1			260		other	0
10108024	130	Response	1	3531059	5015	1
10108024	131	Sound	106	3551687	468	1			260		other	0
10108024	131	Response	1	3556419	5200	1
10108024	132	Sound	105	3569687	462	1			260		other	0
10108024	133	Sound	108	3597685	452	1			260		other	0
10108024	133	Response	1	3601617	4383	1
10108024	134	Sound	108	3619885	310	1			260		other	0
10108024	134	Response	1	3623296	3722	1
10108024	135	Sound	108	3639284	370	1			260		other	0
10108024	136	Sound	111	3666083	327	1			260		other	0
10108024	136	Response	1	3669134	3379	1
10108024	137	Sound	104	3687882	453	1			260		other	0
10108024	138	Sound	109	3707881	279	1			260		other	0
10108024	138	Response	1	3711933	4330	1
10108024	139	Sound	111	3729081	305	1			260		other	0
10108024	139	Response	1	3732092	3316	1
10108024	140	Sound	104	3749880	264	1			260		other	0
10108024	141	Sound	107	3774879	422	1			260		other	0
10108024	142	Sound	103	3799878	413	1			260		other	0
10108024	143	Sound	105	3820877	406	1			260		other	0
10108024	143	Response	1	3825368	4897	1
10108024	144	Sound	108	3849276	462	1			260		other	0
10108024	144	Response	1	3852407	3593	1
10108024	145	Sound	107	3865276	290	1			260		other	0
10108024	145	Response	1	3869047	4061	1
10108024	146	Sound	111	3884475	316	1			260		other	0
10108024	146	Response	1	3887126	2967	1
10108024	147	Sound	102	3907874	375	1			260		other	0
10108024	148	Sound	103	3927073	401	1			260		other	0
10108024	149	Sound	111	3951472	459	1			260		other	0
10108024	149	Response	1	3955124	4110	1
10108024	150	Sound	101	3974272	418	1			260		other	0
10108024	151	Sound	101	4002871	341	1			260		other	0
10108024	152	Sound	104	4031470	431	1			260		other	0
10108024	153	Sound	107	4050869	324	1			260		other	0
10108024	153	Response	1	4054480	3934	1
10108024	154	Sound	110	4069868	317	1			260		other	0
10108024	154	Response	1	4073279	3728	1
10108024	155	Sound	109	4093867	308	1			260		other	0
10108024	155	Response	1	4097278	3719	1
10108024	156	Sound	101	4110467	402	1			260		other	0
10108024	157	Sound	106	4127666	431	1			260		other	0
10108024	157	Response	1	4131997	4762	1
10108024	158	Sound	108	4148065	322	1			260		other	0
10108024	158	Response	1	4152316	4573	1
10108024	159	Sound	110	4172464	380	1			260		other	0
10108024	159	Response	1	4176395	4311	1
10108024	160	Sound	103	4198863	271	1			260		other	0
10108024	161	Sound	106	4225262	328	1			260		other	0
10108024	162	Sound	101	4246862	421	1			260		other	0
10108024	163	Sound	102	4263861	415	1			260		other	0
10108024	164	Sound	105	4292260	471	1			260		other	0
10108024	165	Sound	109	4310459	331	1			260		other	0
10108024	165	Response	1	4314470	4342	1
10108024	166	Sound	103	4334058	423	1			260		other	0
10108024	167	Sound	110	4362257	446	1			260		other	0
10108024	167	Response	1	4367268	5457	1
10108024	168	Sound	110	4382056	406	1			260		other	0
10108024	168	Response	1	4386707	5056	1
10108024	169	Response	255	4497503	92932	1
10108024	170	Sound	21	4565850	307	1			260		other	0
10108024	170	Response	1	4568460	2917	1
10108024	171	Sound	19	4593249	364	1			260		other	0
10108024	171	Response	1	4597579	4694	1
10108024	172	Sound	15	4613848	290	1			260		other	0
10108024	172	Response	1	4617818	4260	1
10108024	173	Sound	21	4638447	381	1			260		other	0
10108024	173	Response	1	4642537	4471	1
10108024	174	Sound	18	4659046	307	1			260		other	0
10108024	174	Response	1	4661737	2997	1
10108024	175	Sound	13	4685445	364	1			260		other	0
10108024	176	Sound	20	4704645	391	1			260		other	0
10108024	176	Response	1	4707895	3641	1
10108024	177	Sound	21	4728044	449	1			260		other	0
10108024	177	Response	1	4731414	3819	1
10108024	178	Sound	18	4751243	474	1			260		other	0
10108024	178	Response	1	4755493	4725	1
10108024	179	Sound	15	4771642	367	1			260		other	0
10108024	179	Response	1	4776212	4937	1
10108024	180	Sound	21	4798241	291	1			260		other	0
10108024	180	Response	1	4801331	3381	1
10108024	181	Sound	11	4821240	282	1			260		other	0
10108024	182	Sound	20	4847639	340	1			260		other	0
10108024	182	Response	1	4851170	3870	1
10108024	183	Sound	12	4872838	364	1			260		other	0
10108024	184	Sound	17	4888838	358	1			260		other	0
10108024	184	Response	1	4896368	7888	1
10108024	185	Sound	17	4906637	319	1			260		other	0
10108024	185	Response	1	4910607	4289	1
10108024	186	Sound	13	4927436	445	1			260		other	0
10108024	187	Sound	14	4946436	271	1			260		other	0
10108024	188	Sound	19	4969235	397	1			260		other	0
10108024	188	Response	1	4974605	5767	1
10108024	189	Sound	14	4994434	421	1			260		other	0
10108024	190	Sound	15	5013633	447	1			260		other	0
10108024	190	Response	1	5021563	8377	1
10108024	191	Sound	20	5035432	406	1			260		other	0
10108024	191	Response	1	5039482	4456	1
10108024	192	Sound	16	5056232	366	1			260		other	0
10108024	192	Response	1	5059562	3696	1
10108024	193	Sound	14	5075831	459	1			260		other	0
10108024	194	Sound	14	5102630	416	1			260		other	0
10108024	194	Response	1	5107800	5586	1
10108024	195	Sound	11	5120229	343	1			260		other	0
10108024	196	Sound	19	5143628	401	1			260		other	0
10108024	196	Response	1	5147159	3931	1
10108024	197	Sound	12	5167628	393	1			260		other	0
10108024	198	Sound	16	5188827	418	1			260		other	0
10108024	198	Response	1	5192117	3708	1
10108024	199	Sound	12	5207026	278	1			260		other	0
10108024	200	Sound	15	5224425	339	1			260		other	0
10108024	201	Sound	17	5249824	397	1			260		other	0
10108024	201	Response	1	5253314	3886	1
10108024	202	Sound	18	5269224	290	1			260		other	0
10108024	202	Response	1	5272754	3819	1
10108024	203	Sound	12	5286823	383	1			260		other	0
10108024	204	Sound	14	5303823	377	1			260		other	0
10108024	205	Sound	11	5320622	338	1			260		other	0
10108024	206	Sound	13	5344421	296	1			260		other	0
10108024	207	Sound	19	5361820	357	1			260		other	0
10108024	207	Response	1	5365150	3686	1
10108024	208	Sound	11	5384419	449	1			260		other	0
10108024	209	Sound	18	5403619	475	1			260		other	0
10108024	209	Response	1	5406909	3765	1
10108024	210	Sound	16	5428418	433	1			260		other	0
10108024	210	Response	1	5433068	5083	1
10108024	211	Sound	16	5445217	394	1			260		other	0
10108024	211	Response	1	5448347	3523	1
10108024	212	Sound	16	5464617	287	1			260		other	0
10108024	212	Response	1	5468666	4336	1
10108024	213	Sound	17	5479816	315	1			260		other	0
10108024	213	Response	1	5484666	5164	1
10108024	214	Sound	11	5504815	306	1			260		other	0
10108024	215	Sound	21	5533014	329	1			260		other	0
10108024	215	Response	1	5535943	3258	2
10108024	216	Sound	18	5549013	323	1			260		other	0
10108024	216	Response	1	5553863	5173	1
10108024	217	Sound	20	5570613	416	1			260		other	0
10108024	217	Response	1	5573542	3345	1
10108024	218	Sound	12	5586812	443	1			260		other	0
10108024	219	Sound	20	5607411	369	1			260		other	0
10108024	219	Response	1	5610901	3859	1
10108024	220	Sound	13	5635010	293	1			260		other	0
10108024	221	Sound	15	5651010	454	1			260		other	0
10108024	222	Sound	13	5667209	315	1			260		other	0
10108024	223	Sound	19	5691008	439	1			260		other	0
10108024	223	Response	1	5694818	4249	1
10108024	224	Sound	17	5706208	301	1			260		other	0
10108024	225	Response	255	5764015	34187	1
10108024	226	Sound	16	5838203	420	1			260		other	0
10108024	226	Response	1	5841612	3829	2
10108024	227	Sound	15	5863402	445	1			260		other	0
10108024	227	Response	1	5867611	4654	1
10108024	228	Sound	11	5881201	405	1			260		other	0
10108024	229	Sound	20	5898401	432	1			260		other	0
10108024	229	Response	1	5901690	3721	1
10108024	230	Sound	13	5916600	459	1			260		other	0
10108024	231	Sound	20	5932799	320	1			260		other	0
10108024	231	Response	1	5936409	3929	1
10108024	232	Sound	11	5955798	312	1			260		other	0
10108024	233	Sound	14	5977798	304	1			260		other	0
10108024	234	Sound	18	6001597	429	1			260		other	0
10108024	234	Response	1	6004966	3798	1
10108024	235	Sound	18	6022796	288	1			260		other	0
10108024	235	Response	1	6027045	4537	1
10108024	236	Sound	21	6049395	378	1			260		other	0
10108024	236	Response	1	6051924	2907	1
10108024	237	Sound	16	6073194	337	1			260		other	0
10108024	237	Response	1	6077282	4425	2
10108024	238	Sound	21	6099193	327	1			260		other	0
10108024	238	Response	1	6102002	3136	1
10108024	239	Sound	12	6117992	454	1			260		other	0
10108024	240	Sound	18	6138792	413	1			260		other	0
10108024	240	Response	1	6142401	4022	1
10108024	241	Sound	15	6165591	370	1			260		other	0
10108024	241	Response	1	6169279	4059	1
10108024	242	Sound	15	6185190	297	1			260		other	0
10108024	243	Sound	17	6205389	323	1			260		other	0
10108024	243	Response	1	6210078	5012	1
10108024	244	Sound	12	6222189	284	1			260		other	0
10108024	245	Sound	17	6238388	311	1			260		other	0
10108024	245	Response	1	6242397	4320	1
10108024	246	Sound	14	6254187	439	1			260		other	0
10108024	247	Sound	16	6276587	331	1			260		other	0
10108024	247	Response	1	6280475	4220	1
10108024	248	Sound	12	6298386	456	1			260		other	0
10108024	249	Sound	13	6318585	316	1			260		other	0
10108024	250	Sound	14	6335584	310	1			260		other	0
10108024	250	Response	1	6339673	4399	1
10108024	251	Sound	16	6352784	337	1			260		other	0
10108024	251	Response	1	6356872	4425	2
10108024	252	Sound	17	6370583	464	1			260		other	0
10108024	252	Response	1	6373912	3793	1
10108024	253	Sound	14	6395382	422	1			260		other	0
10108024	254	Sound	13	6414382	415	1			260		other	0
10108024	255	Sound	11	6434381	408	1			260		other	0
10108024	256	Sound	19	6451580	435	1			260		other	0
10108024	256	Response	1	6454309	3164	1
10108024	257	Sound	20	6466980	330	1			260		other	0
10108024	257	Response	1	6470308	3658	1
10108024	258	Sound	20	6482379	391	1			260		other	0
10108024	258	Response	1	6485108	3120	1
10108024	259	Sound	21	6503778	283	1			260		other	0
10108024	259	Response	1	6506547	3052	1
10108024	260	Sound	13	6523177	343	1			260		other	0
10108024	261	Sound	11	6541377	370	1			260		other	0
10108024	262	Sound	12	6565776	261	1			260		other	0
10108024	263	Sound	13	6587775	420	1			260		other	0
10108024	264	Sound	18	6604975	447	1			260		other	0
10108024	264	Response	1	6608543	4016	1
10108024	265	Sound	17	6628374	339	1			260		other	0
10108024	265	Response	1	6632142	4107	1
10108024	266	Sound	19	6644773	400	1			260		other	0
10108024	266	Response	1	6648542	4168	1
10108024	267	Sound	12	6670172	457	1			260		other	0
10108024	268	Sound	18	6689971	417	1			260		other	0
10108024	268	Response	1	6694220	4665	1
10108024	269	Sound	15	6710771	376	1			260		other	0
10108024	269	Response	1	6716459	6065	1
10108024	270	Sound	19	6730770	369	1			260		other	0
10108024	270	Response	1	6735498	5098	1
10108024	271	Sound	21	6755369	460	1			260		other	0
10108024	271	Response	1	6759097	4189	1
10108024	272	Sound	19	6778568	319	1			260		other	0
10108024	272	Response	1	6783096	4847	1
10108024	273	Sound	15	6794567	313	1			260		other	0
10108024	274	Sound	11	6811967	374	1			260		other	0
10108024	275	Sound	19	6831766	333	1			260		other	0
10108024	275	Response	1	6835094	3661	1
10108024	276	Sound	14	6849765	327	1			260		other	0
10108024	277	Sound	20	6866965	354	1			260		other	0
10108024	277	Response	1	6870453	3842	1
10108024	278	Sound	21	6893964	344	1			260		other	0
10108024	278	Response	1	6897332	3713	1
10108024	279	Sound	16	6916763	470	1			260		other	0
10108024	279	Response	1	6925331	9038	1
10108024	280	Sound	17	6939362	395	1			260		other	0
10108024	280	Response	1	6943170	4203	1
10108024	281	Response	255	7001728	38673	1
10108024	282	Sound	104	7073957	280	1			260		other	0
10108024	283	Sound	105	7093356	340	1			260		other	0
10108024	284	Sound	110	7113556	366	1			260		other	0
10108024	284	Response	1	7116684	3494	1
10108024	285	Sound	102	7136755	391	1			260		other	0
10108024	286	Sound	106	7160954	416	1			260		other	0
10108024	287	Sound	110	7179553	342	1			260		other	0
10108024	287	Response	1	7183481	4270	1
10108024	288	Sound	109	7207952	399	1			260		other	0
10108024	288	Response	1	7212120	4567	1
10108024	289	Sound	109	7232951	390	1			260		other	0
10108024	289	Response	1	7237239	4678	1
10108024	290	Sound	103	7254750	349	1			260		other	0
10108024	291	Sound	110	7271550	310	1			260		other	0
10108024	291	Response	1	7276118	4878	1
10108024	292	Sound	105	7292349	436	1			260		other	0
10108024	292	Response	1	7298597	6684	1
10108024	293	Sound	109	7314748	328	1			260		other	0
10108024	293	Response	1	7318036	3616	1
10108024	294	Sound	101	7338147	386	1			260		other	0
10108024	295	Sound	102	7358947	345	1			260		other	0
10108024	296	Sound	107	7381746	471	1			260		other	0
10108024	296	Response	1	7385794	4518	1
10108024	297	Sound	109	7410545	427	1			260		other	0
10108024	297	Response	1	7415472	5354	1
10108024	298	Sound	101	7433544	419	1			260		other	0
10108024	299	Sound	106	7449743	280	1			260		other	0
10108024	299	Response	1	7454351	4887	1
10108024	300	Sound	111	7469543	406	1			260		other	0
10108024	300	Response	1	7473150	4014	1
10108024	301	Sound	111	7489742	265	1			260		other	0
10108024	301	Response	1	7494349	4873	2
10108024	302	Sound	105	7512341	357	1			260		other	0
10108024	302	Response	1	7516429	4445	1
10108024	303	Sound	102	7533940	283	1			260		other	0
10108024	304	Sound	104	7554139	309	1			260		other	0
10108024	305	Sound	103	7574139	469	1			260		other	0
10108024	306	Sound	103	7593338	328	1			260		other	0
10108024	307	Sound	107	7611937	422	1			260		other	0
10108024	307	Response	1	7615545	4029	1
10108024	308	Sound	104	7628137	283	1			260		other	0
10108024	308	Response	1	7633464	5610	1
10108024	309	Sound	109	7645736	376	1			260		other	0
10108024	309	Response	1	7649624	4264	1
10108024	310	Sound	107	7671335	301	1			260		other	0
10108024	310	Response	1	7676342	5308	1
10108024	311	Sound	110	7695134	425	1			260		other	0
10108024	311	Response	1	7699062	4353	1
10108024	312	Sound	111	7713334	452	1			260		other	0
10108024	312	Response	1	7716261	3380	1
10108024	313	Sound	101	7731733	346	1			260		other	0
10108024	314	Sound	108	7750732	339	1			260		other	0
10108024	314	Response	1	7754979	4586	1
10108024	315	Sound	101	7773331	431	1			260		other	0
10108024	316	Sound	107	7799930	355	1			260		other	0
10108024	316	Response	1	7803698	4122	1
10108024	317	Sound	103	7823729	313	1			260		other	0
10108024	318	Sound	105	7848329	404	1			260		other	0
10108024	319	Sound	102	7871728	463	1			260		other	0
10108024	320	Sound	103	7897127	353	1			260		other	0
10108024	321	Sound	108	7917926	313	1			260		other	0
10108024	321	Response	1	7922973	5360	1
10108024	322	Sound	110	7946725	436	1			260		other	0
10108024	322	Response	1	7950492	4203	1
10108024	323	Sound	108	7966724	429	1			260		other	0
10108024	323	Response	1	7970092	3796	1
10108024	324	Sound	111	7992723	419	1			260		other	0
10108024	324	Response	1	7995930	3626	1
10108024	325	Sound	101	8009123	314	1			260		other	0
10108024	326	Sound	104	8032122	305	1			260		other	0
10108024	327	Sound	107	8048721	399	1			260		other	0
10108024	327	Response	1	8054888	6567	1
10108024	328	Sound	108	8071720	392	1			260		other	0
10108024	328	Response	1	8076247	4919	1
10108024	329	Sound	105	8090920	418	1			260		other	0
10108024	330	Sound	111	8113919	410	1			260		other	0
10108024	330	Response	1	8117766	4257	1
10108024	331	Sound	102	8132118	436	1			260		other	0
10108024	332	Sound	106	8152317	462	1			260		other	0
10108024	332	Response	1	8158004	6149	1
10108024	333	Sound	106	8181116	419	1			260		other	0
10108024	333	Response	1	8184643	3946	1
10108024	334	Sound	108	8203315	444	1			260		other	0
10108024	334	Response	1	8208482	5611	1
10108024	335	Sound	106	8225515	470	1			260		other	0
10108024	335	Response	1	8229601	4557	1
10108024	336	Sound	104	8248314	428	1			260		other	0
10108024	337	Response	255	8694704	425065	1
10108024	338	Sound	18	8763295	411	1			260		other	0
10108024	339	Sound	14	8784494	437	1			260		other	0
10108024	339	Response	1	8787981	3924	1
10108024	340	Sound	11	8800893	331	1			260		other	0
10108024	341	Sound	16	8826092	356	1			260		other	0
10108024	341	Response	1	8829259	3522	1
10108024	342	Sound	11	8845692	282	1			260		other	0
10108024	343	Sound	18	8862691	443	1			260		other	0
10108024	343	Response	1	8865338	3089	1
10108024	344	Sound	17	8887890	467	1			260		other	0
10108024	344	Response	1	8892376	4953	1
10108024	345	Sound	12	8903890	295	1			260		other	0
10108024	346	Sound	21	8929689	419	1			260		other	0
10108024	346	Response	1	8933015	3745	1
10108024	347	Sound	21	8950088	312	1			260		other	0
10108024	347	Response	1	8952934	3158	1
10108024	348	Sound	15	8975087	303	1			260		other	0
10108024	348	Response	1	8979813	5029	1
10108024	349	Sound	21	9000086	294	1			260		other	0
10108024	349	Response	1	9002692	2900	1
10108024	350	Sound	13	9018085	454	1			260		other	0
10108024	351	Sound	16	9036685	381	1			260		other	0
10108024	352	Sound	20	9061484	338	1			260		other	0
10108024	352	Response	1	9065170	4025	1
10108024	353	Sound	16	9084883	397	1			260		other	0
10108024	353	Response	1	9089249	4763	1
10108024	354	Sound	11	9108682	355	1			260		other	0
10108024	355	Sound	13	9129681	348	1			260		other	0
10108024	356	Sound	19	9147281	275	1			260		other	0
10108024	356	Response	1	9152767	5761	1
10108024	357	Sound	14	9169080	400	1			260		other	0
10108024	358	Sound	18	9187479	294	1			260		other	0
10108024	358	Response	1	9191485	4300	1
10108024	359	Sound	13	9214078	384	1			260		other	0
10108024	360	Sound	14	9232477	278	1			260		other	0
10108024	360	Response	1	9237564	5364	1
10108024	361	Sound	14	9260276	401	1			260		other	0
10108024	362	Sound	17	9284276	393	1			260		other	0
10108024	362	Response	1	9288041	4158	1
10108024	363	Sound	15	9312475	416	1			260		other	0
10108024	363	Response	1	9317080	5022	1
10108024	364	Sound	18	9337874	307	1			260		other	0
10108024	364	Response	1	9341959	4393	1
10108024	365	Sound	21	9355273	367	1			260		other	0
10108024	365	Response	1	9359639	4733	1
10108024	366	Sound	11	9379872	292	1			260		other	0
10108024	367	Sound	12	9401871	451	1			260		other	0
10108024	368	Sound	17	9428270	341	1			260		other	0
10108024	368	Response	1	9431716	3787	1
10108024	369	Sound	16	9452269	333	1			260		other	0
10108024	369	Response	1	9463235	11298	1
10108024	370	Sound	17	9480068	456	1			260		other	0
10108024	371	Sound	17	9500068	282	1			260		other	0
10108024	371	Response	1	9502913	3128	1
10108024	372	Sound	20	9525867	406	1			260		other	0
10108024	372	Response	1	9528912	3452	1
10108024	373	Sound	14	9542066	267	1			260		other	0
10108024	374	Sound	12	9565665	359	1			260		other	0
10108024	375	Sound	19	9593664	349	1			260		other	0
10108024	375	Response	1	9596190	2875	1
10108024	376	Sound	21	9620263	439	1			260		other	0
10108024	376	Response	1	9627229	7405	1
10108024	377	Sound	15	9641462	299	1			260		other	0
10108024	378	Sound	20	9669661	322	1			260		other	0
10108024	378	Response	1	9672667	3328	1
10108024	379	Sound	12	9688661	315	1			260		other	0
10108024	380	Sound	13	9709060	374	1			260		other	0
10108024	381	Sound	13	9733859	332	1			260		other	0
10108024	382	Sound	15	9761658	456	1			260		other	0
10108024	383	Sound	15	9780057	349	1			260		other	0
10108024	384	Sound	16	9798856	309	1			260		other	0
10108024	384	Response	1	9802422	3875	1
10108024	385	Sound	20	9824256	367	1			260		other	0
10108024	385	Response	1	9827141	3252	1
10108024	386	Sound	12	9842855	294	1			260		other	0
10108024	387	Sound	19	9868254	351	1			260		other	0
10108024	387	Response	1	9871460	3557	1
10108024	388	Sound	19	9893853	275	1			260		other	0
10108024	388	Response	1	9897699	4121	1
10108024	389	Sound	20	9910852	436	1			260		other	0
10108024	389	Response	1	9914738	4321	1
10108024	390	Sound	18	9930452	362	1			260		other	0
10108024	390	Response	1	9933297	3208	1
10108024	391	Sound	19	9956451	353	1			260		other	0
10108024	391	Response	1	9959056	2958	1
10108024	392	Sound	11	9973250	314	1			260		other	0
10108024	393	Response	255	10012814	21292	1
10108024	394	Sound	107	10077046	410	1			260		other	0
10108024	394	Response	1	10084491	7855	1
10108024	395	Sound	105	10101045	401	1			260		other	0
10108024	396	Sound	108	10122245	427	1			260		other	0
10108024	396	Response	1	10126409	4592	3
10108024	397	Sound	109	10142044	387	1			260		other	0
10108024	397	Response	1	10145849	4192	1
10108024	398	Sound	104	10169443	444	1			260		other	0
10108024	399	Sound	101	10197642	300	1			260		other	0
10108024	400	Sound	109	10223041	358	1			260		other	0
10108024	400	Response	1	10226646	3963	1
10108024	401	Sound	107	10244640	450	1			260		other	0
10108024	401	Response	1	10248085	3895	1
10108024	402	Sound	102	10270239	375	1			260		other	0
10108024	403	Sound	107	10290038	334	1			260		other	0
10108024	403	Response	1	10294804	5099	1
10108024	404	Sound	102	10309838	294	1			260		other	0
10108024	405	Sound	110	10335837	451	1			260		other	0
10108024	405	Response	1	10341122	5736	1
10108024	406	Sound	107	10356436	377	1			260		other	0
10108024	406	Response	1	10360561	4502	1
10108024	407	Sound	111	10377035	303	1			260		other	0
10108024	407	Response	1	10380240	3508	1
10108024	408	Sound	111	10393835	430	1			260		other	0
10108024	408	Response	1	10396639	3235	1
10108024	409	Sound	111	10420034	288	1			260		other	0
10108024	409	Response	1	10423919	4173	1
10108024	410	Sound	105	10442433	347	1			260		other	0
10108024	411	Sound	107	10459032	274	1			260		other	0
10108024	411	Response	1	10463037	4279	1
10108024	412	Sound	110	10475432	335	1			260		other	0
10108024	412	Response	1	10478716	3619	1
10108024	413	Sound	106	10496231	461	1			260		other	0
10108024	414	Sound	102	10518630	353	1			260		other	0
10108024	415	Sound	103	10538229	446	1			260		other	0
10108024	416	Sound	104	10555629	339	1			260		other	0
10108024	417	Sound	108	10580628	331	1			260		other	0
10108024	417	Response	1	10583833	3535	1
10108024	418	Sound	104	10605827	355	1			260		other	0
10108024	418	Response	1	10610711	5239	1
10108024	419	Sound	111	10622026	383	1			260		other	0
10108024	419	Response	1	10625351	3707	1
10108024	420	Sound	105	10649425	273	1			260		other	0
10108024	421	Sound	110	10671624	465	1			260		other	0
10108024	421	Response	1	10674229	3070	1
10108024	422	Sound	109	10693624	457	1			260		other	0
10108024	422	Response	1	10696948	3781	1
10108024	423	Sound	106	10722023	347	1			260		other	0
10108024	423	Response	1	10726867	5191	1
10108024	424	Sound	106	10748022	337	1			260		other	0
10108024	425	Sound	109	10774821	461	1			260		other	0
10108024	425	Response	1	10781985	7626	1
10108024	426	Sound	106	10798420	386	1			260		other	0
10108024	427	Sound	104	10824019	310	1			260		other	0
10108024	428	Sound	110	10841218	338	1			260		other	0
10108024	428	Response	1	10845742	4862	1
10108024	429	Sound	103	10863217	330	1			260		other	0
10108024	430	Sound	105	10890016	287	1			260		other	0
10108024	431	Sound	101	10907016	448	1			260		other	0
10108024	432	Sound	106	10926215	307	1			260		other	0
10108024	433	Sound	110	10949814	399	1			260		other	0
10108024	433	Response	1	10952779	3363	1
10108024	434	Sound	108	10970813	391	1			260		other	0
10108024	434	Response	1	10974378	3956	1
10108024	435	Sound	103	10998212	282	1			260		other	0
10108024	436	Sound	108	11026011	405	1			260		other	0
10108024	436	Response	1	11029656	4049	1
10108024	437	Sound	103	11042211	433	1			260		other	0
10108024	438	Sound	102	11061810	359	1			260		other	0
10108024	439	Sound	102	11083409	285	1			260		other	0
10108024	440	Sound	109	11108008	376	1			260		other	0
10108024	440	Response	1	11111573	3940	1
10108024	441	Sound	101	11127608	303	1			260		other	0
10108024	442	Sound	104	11144807	329	1			260		other	0
10108024	442	Response	1	11149411	4934	1
10108024	443	Sound	111	11171606	453	1			260		other	0
10108024	443	Response	1	11174290	3138	1
10108024	444	Sound	105	11194605	445	1			260		other	0
10108024	445	Sound	108	11213004	338	1			260		other	0
10108024	445	Response	1	11216209	3543	1
10108024	446	Sound	103	11239803	295	1			260		other	0
10108024	447	Sound	101	11267402	386	1			260		other	0
10108024	448	Sound	101	11294801	443	1			260		other	0
10108024	449	Response	1	11326764	3650	1
10108024	449	Response	255	11373963	50848	1
10108024	450	Sound	14	11453996	419	1			260		other	0
10108024	451	Sound	20	11472795	379	1			260		other	0
10108024	451	Response	1	11475719	3303	1
10108024	452	Sound	11	11491394	306	1			260		other	0
10108024	453	Sound	20	11512193	432	1			260		other	0
10108024	453	Response	1	11514837	3076	1
10108024	454	Sound	19	11533393	458	1			260		other	0
10108024	454	Response	1	11536916	3982	1
10108024	455	Sound	12	11556592	316	1			260		other	0
10108024	456	Sound	21	11579991	374	1			260		other	0
10108024	456	Response	1	11582515	2898	1
10108024	457	Sound	13	11604590	299	1			260		other	0
10108024	458	Sound	14	11626189	391	1			260		other	0
10108024	459	Sound	18	11648588	450	1			260		other	0
10108024	459	Response	1	11651552	3414	1
10108024	460	Sound	18	11674587	274	1			260		other	0
10108024	460	Response	1	11677791	3478	1
10108024	461	Sound	21	11693987	334	1			260		other	0
10108024	461	Response	1	11696590	2937	1
10108024	462	Sound	21	11711586	427	1			260		other	0
10108024	462	Response	1	11715550	4391	1
10108024	463	Sound	17	11735585	419	1			260		other	0
10108024	464	Sound	17	11763384	376	1			260		other	0
10108024	464	Response	1	11769308	6299	1
10108024	465	Sound	16	11778784	270	1			260		other	0
10108024	465	Response	1	11783307	4794	1
10108024	466	Sound	18	11799583	396	1			260		other	0
10108024	466	Response	1	11802986	3800	1
10108024	467	Sound	16	11818982	289	1			260		other	0
10108024	467	Response	1	11822186	3493	1
10108024	468	Sound	13	11836781	416	1			260		other	0
10108024	469	Sound	16	11858781	408	1			260		other	0
10108024	469	Response	1	11861304	2932	1
10108024	470	Sound	13	11876380	335	1			260		other	0
10108024	471	Sound	20	11891979	430	1			260		other	0
10108024	471	Response	1	11895783	4233	1
10108024	472	Sound	12	11910179	457	1			260		other	0
10108024	473	Sound	11	11928178	450	1			260		other	0
10108024	474	Sound	21	11947777	377	1			260		other	0
10108024	474	Response	1	11952581	5180	1
10108024	475	Sound	16	11963977	404	1			260		other	0
10108024	476	Sound	20	11980376	465	1			260		other	0
10108024	477	Sound	14	11995576	326	1			260		other	0
10108024	478	Sound	12	12019575	318	1			260		other	0
10108024	479	Sound	19	12046374	442	1			260		other	0
10108024	479	Response	1	12049377	3445	1
10108024	480	Sound	12	12066173	401	1			260		other	0
10108024	481	Sound	18	12089572	293	1			260		other	0
10108024	481	Response	1	12093295	4016	1
10108024	482	Sound	15	12106971	353	1			260		other	0
10108024	483	Sound	19	12124971	347	1			260		other	0
10108024	483	Response	1	12127374	2750	1
10108024	484	Sound	17	12146570	439	1			260		other	0
10108024	484	Response	1	12150253	4122	1
10108024	485	Sound	14	12174169	362	1			260		other	0
10108024	485	Response	1	12190732	16925	1
10108024	486	Sound	11	12192568	423	1			260		other	0
10108024	487	Sound	15	12212768	282	1			260		other	0
10108024	488	Sound	20	12236967	307	1			260		other	0
10108024	488	Response	1	12242730	6070	1
10108024	489	Sound	16	12264566	397	1			260		other	0
10108024	489	Response	1	12268249	4080	1
10108024	490	Sound	11	12290565	388	1			260		other	0
10108024	491	Sound	15	12311964	447	1			260		other	0
10108024	492	Sound	17	12327763	408	1			260		other	0
10108024	492	Response	1	12330726	3371	1
10108024	493	Sound	17	12343963	435	1			260		other	0
10108024	493	Response	1	12347366	3838	1
10108024	494	Sound	15	12362762	395	1			260		other	0
10108024	495	Sound	14	12377961	423	1			260		other	0
10108024	496	Sound	18	12400161	449	1			260		other	0
10108024	496	Response	1	12403284	3572	1
10108024	497	Sound	12	12415560	343	1			260		other	0
10108024	498	Sound	19	12440159	434	1			260		other	0
10108024	498	Response	1	12443922	4197	1
10108024	499	Sound	19	12456958	395	1			260		other	0
10108024	499	Response	1	12461122	4558	1
10108024	500	Sound	21	12484358	452	1			260		other	0
10108024	500	Response	1	12490880	6975	1
10108024	501	Sound	11	12510357	276	1			260		other	0
10108024	502	Sound	15	12528156	403	1			260		other	0
10108024	502	Response	1	12555758	28005	1
10108024	503	Sound	13	12556155	393	1			260		other	0
10108024	504	Sound	13	12580754	318	1			260		other	0
10108024	505	Response	255	12870306	264115	1
10108024	506	Sound	108	12940341	456	1			260		other	0
10108024	507	Sound	104	12956940	384	1			260		other	0
10108024	508	Sound	109	12975339	277	1			260		other	0
10108024	508	Response	1	12979262	4199	1
10108024	509	Sound	109	13002138	401	1			260		other	0
10108024	509	Response	1	13005261	3523	1
10108024	510	Sound	105	13019738	328	1			260		other	0
10108024	510	Response	1	13024700	5290	1
10108024	511	Sound	111	13048537	284	1			260		other	0
10108024	511	Response	1	13051579	3327	1
10108024	512	Sound	101	13076936	341	1			260		other	0
10108024	513	Sound	103	13094735	468	1			260		other	0
10108024	514	Sound	109	13111934	328	1			260		other	0
10108024	514	Response	1	13115417	3811	1
10108024	515	Sound	104	13139933	318	1			260		other	0
10108024	516	Sound	106	13164932	476	1			260		other	0
10108024	517	Sound	110	13189932	467	1			260		other	0
10108024	518	Sound	105	13208731	427	1			260		other	0
10108024	518	Response	1	13212773	4469	1
10108024	519	Sound	110	13233530	385	1			260		other	0
10108024	519	Response	1	13236372	3227	1
10108024	520	Sound	102	13254929	277	1			260		other	0
10108024	521	Sound	103	13273928	437	1			260		other	0
10108024	522	Sound	104	13290328	331	1			260		other	0
10108024	522	Response	1	13296290	6293	1
10108024	523	Sound	101	13311927	424	1			260		other	0
10108024	524	Sound	108	13332926	416	1			260		other	0
10108024	524	Response	1	13336688	4178	1
10108024	525	Sound	107	13350725	376	1			260		other	0
10108024	525	Response	1	13354607	4258	3
10108024	526	Sound	110	13373325	469	1			260		other	0
10108024	527	Sound	111	13391324	295	1			260		other	0
10108024	527	Response	1	13396286	5257	1
10108024	528	Sound	102	13412723	354	1			260		other	0
10108024	529	Sound	111	13433922	380	1			260		other	0
10108024	530	Sound	111	13457922	372	1			260		other	0
10108024	530	Response	1	13460283	2734	1
10108024	531	Sound	106	13475321	432	1			260		other	0
10108024	531	Response	1	13480203	5314	1
10108024	532	Sound	102	13500120	390	1			260		other	0
10108024	533	Sound	109	13518119	384	1			260		other	0
10108024	533	Response	1	13521721	3986	1
10108024	534	Sound	110	13543119	375	1			260		other	0
10108024	534	Response	1	13547240	4497	1
10108024	535	Sound	107	13564518	434	1			260		other	0
10108024	535	Response	1	13570199	6115	1
10108024	536	Sound	107	13580517	428	1			260		other	0
10108024	536	Response	1	13584840	4750	1
10108024	537	Sound	101	13597116	355	1			260		other	0
10108024	538	Sound	104	13622715	446	1			260		other	0
10108024	539	Sound	111	13649315	370	1			260		other	0
10108024	540	Sound	101	13667714	430	1			260		other	0
10108024	541	Sound	102	13686513	390	1			260		other	0
10108024	542	Sound	106	13714912	280	1			260		other	0
10108024	542	Response	1	13719394	4762	1
10108024	543	Sound	106	13731512	374	1			260		other	0
10108024	543	Response	1	13737073	5936	1
10108024	544	Sound	108	13751111	300	1			260		other	0
10108024	544	Response	1	13754352	3542	1
10108024	545	Sound	105	13773110	293	1			260		other	0
10108024	545	Response	1	13778351	5534	1
10108024	546	Sound	105	13801509	349	1			260		other	0
10108024	546	Response	1	13806990	5831	1
10108024	547	Sound	108	13828508	339	1			260		other	0
10108024	547	Response	1	13831630	3461	1
10108024	548	Sound	102	13857307	296	1			260		other	0
10108024	549	Sound	108	13884506	320	1			260		other	0
10108024	549	Response	1	13888267	4081	1
10108024	550	Sound	106	13912905	376	1			260		other	0
10108024	550	Response	1	13916666	4138	1
10108024	551	Sound	109	13938904	367	1			260		other	0
10108024	551	Response	1	13942185	3648	1
10108024	552	Sound	110	13960503	293	1			260		other	0
10108024	552	Response	1	13965385	5175	1
10108024	553	Sound	107	13976502	453	1			260		other	0
10108024	554	Sound	104	14002901	344	1			260		other	0
10108024	555	Sound	103	14026701	302	1			260		other	0
10108024	556	Sound	107	14046900	328	1			260		other	0
10108024	556	Response	1	14051461	4890	1
10108024	557	Sound	101	14067899	321	1			260		other	0
10108024	558	Sound	105	14093298	379	1			260		other	0
10108024	559	Sound	103	14114097	338	1			260		other	0
10108024	560	Sound	103	14140696	428	1			260		other	0
10108024	561	Response	255	14401368	241180	1
10108024	562	Sound	104	14468884	345	1			260		other	0
10108024	563	Sound	111	14490483	437	1			260		other	0
10108024	563	Response	1	14493125	3078	1
10108024	564	Sound	109	14514683	295	1			260		other	0
10108024	564	Response	1	14517843	3456	1
10108024	565	Sound	105	14542482	418	1			260		other	0
10108024	565	Response	1	14547522	5459	1
10108024	566	Sound	102	14559281	379	1			260		other	0
10108024	567	Sound	102	14587480	402	1			260		other	0
10108024	568	Sound	105	14611079	327	1			260		other	0
10108024	569	Sound	106	14636878	285	1			260		other	0
10108024	570	Sound	110	14662877	442	1			260		other	0
10108024	570	Response	1	14666158	3723	1
10108024	571	Sound	104	14688876	266	1			260		other	0
10108024	572	Sound	110	14716875	423	1			260		other	0
10108024	572	Response	1	14720956	4504	1
10108024	573	Sound	105	14733675	384	1			260		other	0
10108024	574	Sound	107	14758474	341	1			260		other	0
10108024	574	Response	1	14765114	6982	1
10108024	575	Sound	103	14778073	434	1			260		other	0
10108024	576	Sound	111	14802272	459	1			260		other	0
10108024	576	Response	1	14809193	7380	1
10108024	577	Sound	101	14824271	285	1			260		other	0
10108024	578	Sound	107	14849670	342	1			260		other	0
10108024	578	Response	1	14853991	4663	1
10108024	579	Sound	101	14875069	400	1			260		other	0
10108024	580	Sound	110	14893069	394	1			260		other	0
10108024	581	Sound	103	14909668	321	1			260		other	0
10108024	582	Sound	107	14931467	280	1			260		other	0
10108024	582	Response	1	14935508	4320	1
10108024	583	Sound	109	14955466	438	1			260		other	0
10108024	583	Response	1	14959027	3998	1
10108024	584	Sound	102	14979066	363	1			260		other	0
10108024	585	Sound	101	14996665	456	1			260		other	0
10108024	586	Sound	111	15025464	413	1			260		other	0
10108024	586	Response	1	15028064	3013	1
10108024	587	Sound	108	15045263	372	1			260		other	0
10108024	587	Response	1	15048864	3973	1
10108024	588	Sound	106	15070462	397	1			260		other	0
10108024	588	Response	1	15073982	3917	1
10108024	589	Sound	109	15091261	356	1			260		other	0
10108024	589	Response	1	15096942	6036	1
10108024	590	Sound	105	15117060	313	1			260		other	0
10108024	590	Response	1	15126861	10114	1
10108024	591	Sound	104	15134260	341	1			260		other	0
10108024	591	Response	1	15139740	5821	1
10108024	592	Sound	106	15151259	335	1			260		other	0
10108024	593	Sound	104	15173858	427	1			260		other	0
10108024	594	Sound	108	15191258	320	1			260		other	0
10108024	595	Sound	102	15217657	378	1			260		other	0
10108024	595	Response	1	15218137	858	1
10108024	596	Sound	111	15245256	301	1			260		other	0
10108024	596	Response	1	15249576	4621	1
10108024	597	Sound	105	15263055	428	1			260		other	0
10108024	597	Response	1	15280615	17988	1
10108024	598	Sound	107	15288854	386	1			260		other	0
10108024	599	Sound	108	15317453	309	1			260		other	0
10108024	599	Response	1	15321893	4749	1
10108024	600	Sound	106	15343452	466	1			260		other	0
10108024	601	Sound	108	15363051	393	1			260		other	0
10108024	602	Sound	104	15391050	383	1			260		other	0
10108024	602	Response	1	15395730	5063	1
10108024	603	Sound	102	15419849	339	1			260		other	0
10108024	604	Sound	103	15444448	264	1			260		other	0
10108024	605	Sound	101	15460648	291	1			260		other	0
10108024	606	Sound	107	15476647	285	1			260		other	0
10108024	606	Response	1	15480927	4565	1
10108024	607	Sound	108	15498646	444	1			260		other	0
10108024	607	Response	1	15503246	5044	1
10108024	608	Sound	103	15525245	368	1			260		other	0
10108024	609	Sound	111	15550844	292	1			260		other	0
10108024	609	Response	1	15554524	3972	1
10108024	610	Sound	101	15577244	350	1			260		other	0
10108024	611	Sound	109	15595643	410	1			260		other	0
10108024	611	Response	1	15603482	8249	1
10108024	612	Sound	110	15618042	302	1			260		other	0
10108024	613	Sound	103	15646041	459	1			260		other	0
10108024	614	Sound	109	15669440	350	1			260		other	0
10108024	614	Response	1	15672520	3430	1
10108024	615	Sound	106	15693039	275	1			260		other	0
10108024	615	Response	1	15699399	6635	1
10108024	616	Sound	110	15712638	368	1			260		other	0
10108024	617	Response	255	16492329	759305	1
10108024	618	Sound	19	16555207	334	1			260		other	0
10108024	618	Response	1	16558086	3213	1
10108024	619	Sound	13	16579007	292	1			260		other	0
10108024	620	Sound	11	16606006	283	1			260		other	0
10108024	621	Sound	18	16632205	473	1			260		other	0
10108024	621	Response	1	16634963	3232	1
10108024	622	Sound	11	16650004	267	1			260		other	0
10108024	623	Sound	11	16667203	461	1			260		other	0
10108024	624	Sound	18	16695202	284	1			260		other	0
10108024	624	Response	1	16698321	3403	1
10108024	625	Sound	17	16718201	443	1			260		other	0
10108024	625	Response	1	16721520	3762	1
10108024	626	Sound	20	16735001	404	1			260		other	0
10108024	626	Response	1	16738320	3722	1
10108024	627	Sound	13	16753800	363	1			260		other	0
10108024	628	Sound	13	16780199	421	1			260		other	0
10108024	629	Sound	20	16798398	281	1			260		other	0
10108024	629	Response	1	16801437	3320	1
10108024	630	Sound	12	16823598	472	1			260		other	0
10108024	631	Sound	12	16849997	363	1			260		other	0
10108024	632	Sound	18	16865996	357	1			260		other	0
10108024	632	Response	1	16869994	4355	1
10108024	633	Sound	12	16883795	317	1			260		other	0
10108024	634	Sound	11	16911394	407	1			260		other	0
10108024	635	Sound	21	16934393	399	1			260		other	0
10108024	635	Response	1	16937272	3278	1
10108024	636	Sound	19	16960992	323	1			260		other	0
10108024	636	Response	1	16964151	3481	1
10108024	637	Sound	14	16988192	347	1			260		other	0
10108024	638	Sound	15	17012791	271	1			260		other	0
10108024	639	Sound	20	17034590	397	1			260		other	0
10108024	639	Response	1	17041508	7315	1
10108024	640	Sound	17	17059389	354	1			260		other	0
10108024	641	Sound	15	17078988	448	1			260		other	0
10108024	642	Sound	18	17104187	305	1			260		other	0
10108024	643	Sound	17	17122387	332	1			260		other	0
10108024	643	Response	1	17127825	5770	1
10108024	644	Sound	19	17146186	457	1			260		other	0
10108024	644	Response	1	17149664	3935	1
10108024	644	Response	1	17165343	19615	1
10108024	645	Sound	15	17173785	380	1			260		other	0
10108024	645	Response	1	17183903	10498	1
10108024	646	Sound	21	17201384	304	1			260		other	0
10108024	646	Response	1	17204062	2982	1
10108024	647	Sound	14	17221583	330	1			260		other	0
10108024	648	Sound	20	17241182	423	1			260		other	0
10108024	649	Sound	20	17263781	348	1			260		other	0
10108024	649	Response	1	17271099	7666	1
10108024	650	Sound	12	17283581	475	1			260		other	0
10108024	651	Sound	14	17309580	299	1			260		other	0
10108024	652	Sound	12	17333379	423	1			260		other	0
10108024	653	Sound	11	17352178	384	1			260		other	0
10108024	654	Sound	14	17372577	443	1			260		other	0
10108024	655	Sound	21	17397576	434	1			260		other	0
10108024	655	Response	1	17400614	3472	1
10108024	656	Sound	13	17423575	425	1			260		other	0
10108024	657	Sound	18	17439375	386	1			260		other	0
10108024	657	Response	1	17444533	5544	1
10108024	658	Sound	19	17463774	277	1			260		other	0
10108024	658	Response	1	17472932	9435	1
10108024	659	Sound	16	17480773	271	1			260		other	0
10108024	659	Response	1	17484691	4189	1
10108024	660	Sound	21	17496773	265	1			260		other	0
10108024	660	Response	1	17499810	3303	1
10108024	661	Sound	13	17518972	457	1			260		other	0
10108024	662	Sound	16	17535571	385	1			260		other	0
10108024	663	Sound	16	17558970	276	1			260		other	0
10108024	663	Response	1	17562048	3354	1
10108024	664	Sound	14	17581570	368	1			260		other	0
10108024	665	Sound	17	17599369	329	1			260		other	0
10108024	666	Sound	19	17618168	455	1			260		other	0
10108024	667	Sound	21	17634568	349	1			260		other	0
10108024	668	Sound	15	17661567	340	1			260		other	0
10108024	669	Sound	17	17686966	398	1			260		other	0
10108024	669	Response	1	17690043	3475	1
10108024	670	Sound	16	17707765	357	1			260		other	0
10108024	670	Response	1	17711483	4074	1
10108024	671	Sound	16	17728364	449	1			260		other	0
10108024	672	Sound	15	17750563	308	1			260		other	0
10108024	673	Response	255	18556171	786663	1
10108024	674	Sound	16	18624931	396	1			260		other	0
10108024	674	Response	1	18628968	4433	1
10108024	675	Sound	21	18649330	454	1			260		other	0
10108024	675	Response	1	18652087	3211	1
10108024	676	Sound	11	18668330	448	1			260		other	0
10108024	677	Sound	15	18686329	274	1			260		other	0
10108024	677	Response	1	18694005	7951	1
10108024	678	Sound	16	18714528	466	1			260		other	0
10108024	679	Sound	11	18730527	459	1			260		other	0
10108024	680	Sound	13	18753726	317	1			260		other	0
10108024	681	Sound	11	18775326	409	1			260		other	0
10108024	682	Sound	14	18796725	469	1			260		other	0
10108024	683	Sound	19	18814524	262	1			260		other	0
10108024	683	Response	1	18817281	3019	1
10108024	684	Sound	17	18831924	323	1			260		other	0
10108024	684	Response	1	18836000	4399	1
10108024	685	Sound	19	18850323	383	1			260		other	0
10108024	685	Response	1	18854159	4219	1
10108024	686	Sound	16	18876722	273	1			260		other	0
10108024	687	Sound	13	18894121	334	1			260		other	0
10108024	688	Sound	15	18921520	391	1			260		other	0
10108024	688	Response	1	18931036	9907	1
10108024	689	Sound	14	18941519	384	1			260		other	0
10108024	690	Sound	21	18965919	442	1			260		other	0
10108024	690	Response	1	18969515	4038	1
10108024	691	Sound	12	18989318	333	1			260		other	0
10108024	692	Sound	13	19013117	291	1			260		other	0
10108024	693	Sound	14	19038516	349	1			260		other	0
10108024	694	Sound	20	19062115	441	1			260		other	0
10108024	694	Response	1	19066471	4797	1
10108024	695	Sound	11	19084714	366	1			260		other	0
10108024	696	Sound	12	19100314	460	1			260		other	0
10108024	697	Sound	11	19128513	317	1			260		other	0
10108024	698	Sound	17	19147312	277	1			260		other	0
10108024	698	Response	1	19156948	9913	1
10108024	699	Sound	17	19171311	435	1			260		other	0
10108024	699	Response	1	19176387	5511	1
10108024	700	Sound	17	19199510	458	1			260		other	0
10108024	700	Response	1	19203266	4214	1
10108024	701	Sound	12	19215509	453	1			260		other	0
10108024	702	Sound	19	19233909	346	1			260		other	0
10108024	702	Response	1	19237505	3942	1
10108024	703	Sound	16	19251708	306	1			260		other	0
10108024	704	Sound	18	19273307	399	1			260		other	0
10108024	705	Sound	14	19295106	357	1			260		other	0
10108024	706	Sound	21	19311506	418	1			260		other	0
10108024	706	Response	1	19314862	3774	1
10108024	707	Sound	18	19337705	442	1			260		other	0
10108024	707	Response	1	19342141	4878	1
10108024	708	Sound	12	19357104	335	1			260		other	0
10108024	709	Sound	18	19375704	429	1			260		other	0
10108024	710	Sound	18	19395903	288	1			260		other	0
10108024	710	Response	1	19399659	4044	1
10108024	711	Sound	17	19414502	382	1			260		other	0
10108024	711	Response	1	19418378	4258	1
10108024	712	Sound	15	19434101	308	1			260		other	0
10108024	713	Sound	20	19449501	369	1			260		other	0
10108024	714	Sound	20	19476700	393	1			260		other	0
10108024	715	Sound	18	19503099	450	1			260		other	0
10108024	715	Response	1	19506695	4046	1
10108024	716	Sound	13	19526898	408	1			260		other	0
10108024	717	Sound	21	19547497	334	1			260		other	0
10108024	718	Sound	20	19571696	359	1			260		other	0
10108024	719	Sound	14	19595295	450	1			260		other	0
10108024	720	Sound	19	19621494	308	1			260		other	0
10108024	720	Response	1	19625970	4784	1
10108024	721	Sound	15	19648893	365	1			260		other	0
10108024	722	Sound	13	19668893	358	1			260		other	0
10108024	723	Sound	15	19696292	414	1			260		other	0
10108024	724	Sound	19	19714091	375	1			260		other	0
10108024	724	Response	1	19718127	4411	1
10108024	725	Sound	20	19741890	332	1			260		other	0
10108024	725	Response	1	19745406	3847	1
10108024	726	Sound	21	19769889	322	1			260		other	0
10108024	726	Response	1	19774685	5117	1
10108024	727	Sound	16	19787488	415	1			260		other	0
10108024	728	Sound	12	19803488	410	1			260		other	0
10108024	729	Response	255	19876681	52349	1
10108024	730	Sound	110	19943083	293	1			260		other	0
10108024	730	Response	1	19948118	5329	1
10108024	731	Sound	109	19965482	352	1			260		other	0
10108024	731	Response	1	19969077	3947	1
10108024	732	Sound	103	19989281	310	1			260		other	0
10108024	733	Sound	103	20005280	304	1			260		other	0
10108024	734	Sound	104	20022480	332	1			260		other	0
10108024	735	Sound	107	20048479	322	1			260		other	0
10108024	735	Response	1	20052754	4598	1
10108024	736	Sound	111	20067278	449	1			260		other	0
10108024	736	Response	1	20070433	3604	1
10108024	737	Sound	111	20083278	277	1			260		other	0
10108024	737	Response	1	20086833	3832	1
10108024	738	Sound	102	20111476	300	1			260		other	0
10108024	739	Sound	110	20139675	323	1			260		other	0
10108024	739	Response	1	20142991	3638	1
10108024	740	Sound	104	20164674	314	1			260		other	0
10108024	741	Sound	107	20190673	305	1			260		other	0
10108024	742	Sound	102	20218072	362	1			260		other	0
10108024	743	Sound	102	20242072	353	1			260		other	0
10108024	744	Sound	104	20268871	310	1			260		other	0
10108024	744	Response	1	20276265	7705	1
10108024	745	Sound	110	20296070	334	1			260		other	0
10108024	745	Response	1	20300025	4289	1
10108024	746	Sound	109	20324469	391	1			260		other	0
10108024	746	Response	1	20327544	3466	1
10108024	747	Sound	101	20343268	351	1			260		other	0
10108024	748	Sound	102	20361867	444	1			260		other	0
10108024	749	Sound	105	20378667	405	1			260		other	0
10108024	749	Response	1	20383062	4800	1
10108024	750	Sound	106	20406666	395	1			260		other	0
10108024	751	Sound	106	20426065	288	1			260		other	0
10108024	751	Response	1	20432180	6402	1
10108024	752	Sound	101	20445664	381	1			260		other	0
10108024	753	Sound	106	20468863	406	1			260		other	0
10108024	753	Response	1	20472658	4201	1
10108024	754	Sound	106	20487463	332	1			260		other	0
10108024	754	Response	1	20492097	4967	1
10108024	755	Sound	102	20511062	424	1			260		other	0
10108024	755	Response	1	20519616	8979	1
10108024	756	Sound	110	20537261	281	1			260		other	0
10108024	756	Response	1	20541696	4716	1
10108024	757	Sound	110	20561260	273	1			260		other	0
10108024	758	Sound	108	20586059	397	1			260		other	0
10108024	759	Sound	101	20614658	320	1			260		other	0
10108024	760	Sound	108	20636657	313	1			260		other	0
10108024	760	Response	1	20639932	3587	1
10108024	761	Sound	108	20665456	269	1			260		other	0
10108024	761	Response	1	20669211	4024	1
10108024	762	Sound	108	20684655	462	1			260		other	0
10108024	762	Response	1	20689770	5576	1
10108024	763	Sound	109	20708255	387	1			260		other	0
10108024	764	Sound	111	20734654	444	1			260		other	0
10108024	764	Response	1	20737848	3639	1
10108024	765	Sound	101	20758253	369	1			260		other	0
10108024	766	Sound	105	20780252	361	1			260		other	0
10108024	766	Response	1	20784326	4436	1
10108024	767	Sound	107	20802051	320	1			260		other	0
10108024	767	Response	1	20808805	7075	1
10108024	768	Sound	103	20828250	344	1			260		other	0
10108024	769	Sound	103	20854049	302	1			260		other	0
10108024	770	Sound	103	20871048	462	1			260		other	0
10108024	771	Sound	111	20892048	288	1			260		other	0
10108024	771	Response	1	20895282	3523	1
10108024	772	Sound	109	20919647	378	1			260		other	0
10108024	772	Response	1	20923921	4653	1
10108024	773	Sound	107	20944446	336	1			260		other	0
10108024	774	Sound	105	20964645	362	1			260		other	0
10108024	775	Sound	104	20993044	419	1			260		other	0
10108024	775	Response	1	20998398	5773	1
10108024	776	Sound	111	21017243	444	1			260		other	0
10108024	776	Response	1	21021997	5198	1
10108024	777	Sound	104	21035642	337	1			260		other	0
10108024	778	Sound	105	21064041	394	1			260		other	0
10108024	779	Sound	106	21088041	385	1			260		other	0
10108024	780	Sound	105	21116439	442	1			260		other	0
10108024	780	Response	1	21120314	4316	1
10108024	781	Sound	108	21140239	400	1			260		other	0
10108024	781	Response	1	21143273	3434	1
10108024	782	Sound	107	21159238	393	1			260		other	0
10108024	782	Response	1	21162952	4107	1
10108024	783	Sound	101	21182637	451	1			260		other	0
10108024	784	Sound	109	21201036	345	1			260		other	0
10108024	784	Response	1	21204630	3939	1
10108024	785	Response	255	26409553	5184107	1
10108024	786	Sound	12	26476242	364	1			260		other	0
10108024	787	Sound	16	26494841	457	1			260		other	0
10108024	788	Sound	13	26521840	448	1			260		other	0
10108024	789	Sound	15	26549239	338	1			260		other	0
10108024	790	Sound	20	26575238	329	1			260		other	0
10108024	790	Response	1	26578187	3277	1
10108024	791	Sound	19	26596038	288	1			260		other	0
10108024	791	Response	1	26599146	3397	1
10108024	792	Sound	21	26612037	283	1			260		other	0
10108024	792	Response	1	26614666	2911	1
10108024	793	Sound	13	26632036	275	1			260		other	0
10108024	794	Sound	17	26647236	303	1			260		other	0
10108024	794	Response	1	26655064	8131	1
10108024	795	Sound	18	26671835	394	1			260		other	0
10108024	795	Response	1	26675143	3703	1
10108024	796	Sound	19	26687234	456	1			260		other	0
10108024	796	Response	1	26691543	4764	1
10108024	797	Sound	17	26704234	449	1			260		other	0
10108024	797	Response	1	26707302	3518	1
10108024	798	Sound	15	26728833	374	1			260		other	0
10108024	799	Sound	11	26754432	298	1			260		other	0
10108024	800	Sound	12	26774631	324	1			260		other	0
10108024	801	Sound	11	26800630	315	1			260		other	0
10108024	802	Sound	21	26818029	376	1			260		other	0
10108024	802	Response	1	26821298	3644	1
10108024	803	Sound	14	26837829	335	1			260		other	0
10108024	804	Sound	15	26865428	425	1			260		other	0
10108024	805	Sound	13	26886627	451	1			260		other	0
10108024	806	Sound	12	26910226	377	1			260		other	0
10108024	807	Sound	15	26926425	404	1			260		other	0
10108024	807	Response	1	26929454	3432	1
10108024	808	Sound	13	26947225	363	1			260		other	0
10108024	809	Sound	16	26972424	387	1			260		other	0
10108024	810	Sound	19	26991823	280	1			260		other	0
10108024	810	Response	1	26995371	3828	1
10108024	811	Sound	16	27015222	339	1			260		other	0
10108024	811	Response	1	27018330	3447	1
10108024	812	Sound	19	27042421	362	1			260		other	0
10108024	812	Response	1	27046089	4030	1
10108024	813	Sound	21	27066220	321	1			260		other	0
10108024	813	Response	1	27069048	3149	1
10108024	814	Sound	20	27082020	448	1			260		other	0
10108024	814	Response	1	27085208	3636	1
10108024	815	Sound	14	27108819	405	1			260		other	0
10108024	816	Sound	14	27127818	398	1			260		other	0
10108024	817	Sound	17	27147417	325	1			260		other	0
10108024	817	Response	1	27151605	4513	1
10108024	818	Sound	18	27164217	285	1			260		other	0
10108024	818	Response	1	27167765	3833	1
10108024	819	Sound	18	27191216	443	1			260		other	0
10108024	819	Response	1	27194643	3870	1
10108024	820	Sound	12	27207615	337	1			260		other	0
10108024	821	Sound	14	27235414	293	1			260		other	0
10108024	822	Sound	11	27251414	454	1			260		other	0
10108024	823	Sound	11	27274413	446	1			260		other	0
10108024	824	Sound	21	27294612	472	1			260		other	0
10108024	824	Response	1	27297520	3380	1
10108024	825	Sound	13	27312411	433	1			260		other	0
10108024	826	Sound	20	27334010	358	1			260		other	0
10108024	826	Response	1	27337678	4026	1
10108024	827	Sound	16	27358410	416	1			260		other	0
10108024	827	Response	1	27361517	3524	1
10108024	828	Sound	12	27381809	308	1			260		other	0
10108024	829	Sound	21	27401208	368	1			260		other	0
10108024	829	Response	1	27404156	3315	1
10108024	830	Sound	17	27417807	295	1			260		other	0
10108024	830	Response	1	27422875	5363	1
10108024	831	Sound	20	27438407	388	1			260		other	0
10108024	831	Response	1	27441274	3256	1
10108024	832	Sound	16	27463406	379	1			260		other	0
10108024	832	Response	1	27469193	6166	1
10108024	833	Sound	11	27480405	373	1			260		other	0
10108024	834	Sound	15	27500204	332	1			260		other	0
10108024	835	Sound	14	27522604	391	1			260		other	0
10108024	836	Sound	19	27543003	284	1			260		other	0
10108024	836	Response	1	27546550	3831	1
10108024	837	Sound	20	27566802	409	1			260		other	0
10108024	837	Response	1	27569269	2876	1
10108024	838	Sound	18	27592601	366	1			260		other	0
10108024	838	Response	1	27595509	3274	1
10108024	839	Sound	17	27615200	458	1			260		other	0
10108024	839	Response	1	27618388	3646	1
10108024	840	Sound	18	27641599	349	1			260		other	0
10108024	840	Response	1	27644386	3136	1
10108024	841	Response	255	27680465	17294	1
10108024	842	Sound	16	27746395	445	1			260		other	0
10108024	843	Sound	11	27764994	371	1			260		other	0
10108024	844	Sound	17	27792393	428	1			260		other	0
10108024	844	Response	1	27806701	14735	1
10108024	845	Sound	13	27809393	422	1			260		other	0
10108024	846	Sound	14	27832592	447	1			260		other	0
10108024	847	Sound	15	27859191	371	1			260		other	0
10108024	848	Sound	15	27876590	431	1			260		other	0
10108024	849	Sound	15	27901790	456	1			260		other	0
10108024	850	Sound	12	27924789	448	1			260		other	0
10108024	851	Sound	16	27952788	271	1			260		other	0
10108024	851	Response	1	27955655	3138	1
10108024	852	Sound	20	27969187	332	1			260		other	0
10108024	852	Response	1	27972534	3679	1
10108024	853	Sound	19	27990786	424	1			260		other	0
10108024	853	Response	1	27993893	3531	1
10108024	854	Sound	13	28017385	348	1			260		other	0
10108024	855	Sound	11	28042184	306	1			260		other	0
10108024	856	Sound	20	28058584	367	1			260		other	0
10108024	856	Response	1	28061411	3194	1
10108024	857	Sound	21	28076183	460	1			260		other	0
10108024	857	Response	1	28079090	3367	1
10108024	858	Sound	20	28103382	317	1			260		other	0
10108024	858	Response	1	28108849	5784	1
10108024	859	Sound	18	28126181	442	1			260		other	0
10108024	859	Response	1	28129328	3590	1
10108024	860	Sound	13	28152380	300	1			260		other	0
10108024	861	Sound	18	28173979	392	1			260		other	0
10108024	861	Response	1	28177167	3579	1
10108024	862	Sound	16	28197379	284	1			260		other	0
10108024	862	Response	1	28200126	3031	1
10108024	863	Sound	19	28215578	311	1			260		other	0
10108024	863	Response	1	28218445	3178	1
10108024	864	Sound	16	28242377	268	1			260		other	0
10108024	864	Response	1	28245804	3694	1
10108024	865	Sound	18	28258176	395	1			260		other	0
10108024	865	Response	1	28261323	3542	1
10108024	866	Sound	13	28282775	320	1			260		other	0
10108024	867	Sound	11	28309574	444	1			260		other	0
10108024	868	Sound	14	28328974	337	1			260		other	0
10108024	869	Sound	17	28349173	363	1			260		other	0
10108024	869	Response	1	28352360	3550	1
10108024	870	Sound	14	28367572	423	1			260		other	0
10108024	871	Sound	15	28384172	351	1			260		other	0
10108024	872	Sound	19	28402771	277	1			260		other	0
10108024	872	Response	1	28406358	3864	1
10108024	873	Sound	21	28427570	402	1			260		other	0
10108024	873	Response	1	28430356	3188	1
10108024	874	Sound	16	28447969	461	1			260		other	0
10108024	874	Response	1	28453316	5808	1
10108024	875	Sound	14	28476168	318	1			260		other	0
10108024	876	Sound	18	28502967	275	1			260		other	0
10108024	876	Response	1	28506194	3501	1
10108024	877	Sound	17	28521967	435	1			260		other	0
10108024	877	Response	1	28526673	5141	1
10108024	878	Sound	17	28544966	426	1			260		other	0
10108024	878	Response	1	28547472	2933	1
10108024	879	Sound	18	28560965	421	1			260		other	0
10108024	879	Response	1	28564751	4207	1
10108024	880	Sound	20	28579964	414	1			260		other	0
10108024	880	Response	1	28582671	3121	1
10108024	881	Sound	19	28597964	408	1			260		other	0
10108024	881	Response	1	28600510	2954	1
10108024	882	Sound	21	28615363	301	1			260		other	0
10108024	882	Response	1	28618030	2968	1
10108024	883	Sound	21	28636162	427	1			260		other	0
10108024	883	Response	1	28638589	2854	1
10108024	884	Sound	12	28652762	355	1			260		other	0
10108024	885	Sound	12	28672561	314	1			260		other	0
10108024	886	Sound	17	28695760	339	1			260		other	0
10108024	886	Response	1	28698827	3406	1
10108024	887	Sound	19	28715959	365	1			260		other	0
10108024	887	Response	1	28718746	3152	1
10108024	888	Sound	13	28732759	326	1			260		other	0
10108024	889	Sound	21	28747958	354	1			260		other	0
10108024	889	Response	1	28750584	2980	2
10108024	890	Sound	20	28771157	379	1			260		other	0
10108024	890	Response	1	28774024	3245	1
10108024	891	Sound	11	28796757	303	1			260		other	0
10108024	892	Sound	14	28824555	427	1			260		other	0
10108024	892	Response	1	28834262	10133	1
10108024	893	Sound	15	28843555	420	1			260		other	0
10108024	893	Response	1	28846981	3846	1
10108024	894	Sound	12	28863754	446	1			260		other	0
10108024	895	Sound	12	28883553	406	1			260		other	0
10108024	896	Sound	11	28906952	464	1			260		other	0
10108024	897	Response	255	28945457	20883	1
10108024	898	Sound	104	29013149	460	1			260		other	0
10108024	899	Sound	101	29038548	350	1			260		other	0
10108024	900	Sound	105	29062547	342	1			260		other	0
10108024	900	Response	1	29067133	4928	1
10108024	901	Sound	103	29088346	466	1			260		other	0
10108024	902	Sound	106	29108345	292	1			260		other	0
10108024	902	Response	1	29112171	4118	1
10108024	903	Sound	103	29131144	418	1			260		other	0
10108024	904	Sound	109	29152743	343	1			260		other	0
10108024	904	Response	1	29156889	4489	1
10108024	905	Sound	107	29175343	268	1			260		other	0
10108024	905	Response	1	29180488	5414	1
10108024	906	Sound	110	29203941	358	1			260		other	0
10108024	906	Response	1	29206727	3144	1
10108024	907	Sound	105	29222741	318	1			260		other	0
10108024	907	Response	1	29226167	3744	1
10108024	908	Sound	105	29243740	311	1			260		other	0
10108024	908	Response	1	29248006	4577	1
10108024	909	Sound	101	29266939	336	1			260		other	0
10108024	910	Sound	102	29286538	429	1			260		other	0
10108024	911	Sound	106	29303938	322	1			260		other	0
10108024	911	Response	1	29308084	4468	1
10108024	912	Sound	104	29330537	413	1			260		other	0
10108024	913	Sound	103	29346536	407	1			260		other	0
10108024	914	Sound	101	29373935	464	1			260		other	0
10108024	915	Sound	111	29401734	421	1			260		other	0
10108024	915	Response	1	29404880	3566	1
10108024	916	Sound	110	29424333	346	1			260		other	0
10108024	916	Response	1	29427359	3372	1
10108024	917	Sound	105	29442533	373	1			260		other	0
10108024	917	Response	1	29445918	3758	2
10108024	918	Sound	103	29469732	398	1			260		other	0
10108024	918	Response	1	29476077	6743	1
10108024	919	Sound	107	29492931	422	1			260		other	0
10108024	919	Response	1	29496796	4287	1
10108024	920	Sound	110	29510130	449	1			260		other	0
10108024	920	Response	1	29512796	3114	1
10108024	921	Sound	107	29526730	376	1			260		other	0
10108024	921	Response	1	29529995	3642	1
10108024	922	Sound	102	29552729	367	1			260		other	0
10108024	923	Sound	102	29578528	325	1			260		other	0
10108024	924	Sound	108	29595727	352	1			260		other	0
10108024	924	Response	1	29599753	4377	1
10108024	925	Sound	104	29613126	412	1			260		other	0
10108024	926	Sound	104	29642125	402	1			260		other	0
10108024	926	Response	1	29647991	6267	1
10108024	927	Sound	101	29664525	294	1			260		other	0
10108024	928	Sound	105	29687724	319	1			260		other	0
10108024	928	Response	1	29691669	4265	1
10108024	929	Sound	102	29705323	413	1			260		other	0
10108024	930	Sound	109	29722522	273	1			260		other	0
10108024	930	Response	1	29725988	3739	1
10108024	931	Sound	107	29748122	364	1			260		other	0
10108024	931	Response	1	29751747	3989	1
10108024	932	Sound	111	29777120	354	1			260		other	0
10108024	932	Response	1	29779746	2979	1
10108024	933	Sound	109	29804919	310	1			260		other	0
10108024	933	Response	1	29808305	3696	1
10108024	934	Sound	108	29827919	469	1			260		other	0
10108024	934	Response	1	29830864	3414	1
10108024	935	Sound	104	29845318	363	1			260		other	0
10108024	935	Response	1	29849823	4868	1
10108024	936	Sound	101	29871917	453	1			260		other	0
10108024	937	Sound	111	29897916	444	1			260		other	0
10108024	937	Response	1	29903341	5869	1
10108024	938	Sound	111	29917315	337	1			260		other	0
10108024	938	Response	1	29919741	2762	1
10108024	939	Sound	106	29940714	396	1			260		other	0
10108024	939	Response	1	29943740	3421	1
10108024	940	Sound	108	29969113	285	1			260		other	0
10108024	940	Response	1	29972859	4030	1
10108024	941	Sound	107	29989113	445	1			260		other	0
10108024	941	Response	1	29992458	3790	1
10108024	942	Sound	106	30011312	304	1			260		other	0
10108024	942	Response	1	30015177	4169	1
10108024	943	Sound	109	30029311	464	1			260		other	0
10108024	943	Response	1	30031816	2969	1
10108024	944	Sound	111	30049310	457	1			260		other	0
10108024	944	Response	1	30051656	2802	1
10108024	945	Sound	103	30065510	317	1			260		other	0
10108024	946	Sound	110	30091909	375	1			260		other	0
10108024	946	Response	1	30095174	3640	1
10108024	947	Sound	110	30115708	333	1			260		other	0
10108024	947	Response	1	30118533	3158	1
10108024	948	Sound	109	30136307	426	1			260		other	0
10108024	948	Response	1	30139732	3850	1
10108024	949	Sound	108	30152507	287	1			260		other	0
10108024	949	Response	1	30155252	3032	1
10108024	950	Sound	102	30177506	278	1			260		other	0
10108024	951	Sound	106	30197305	404	1			260		other	0
10108024	951	Response	1	30200450	3549	1
10108024	952	Sound	108	30216504	430	1			260		other	0
10108024	952	Response	1	30219889	3815	1
10108024	953	Response	255	30246128	10635	1
10108024	953	Response	1	30279967	44473	1
10108024	954	Sound	105	30312101	330	1			260		other	0
10108024	954	Response	1	30318365	6595	1
10108024	955	Sound	104	30332100	323	1			260		other	0
10108024	956	Sound	108	30347899	284	1			260		other	0
10108024	956	Response	1	30350924	3308	1
10108024	957	Sound	111	30366299	344	1			260		other	0
10108024	957	Response	1	30369483	3528	1
10108024	958	Sound	102	30385098	304	1			260		other	0
10108024	959	Sound	110	30402297	331	1			260		other	0
10108024	959	Response	1	30405322	3355	1
10108024	960	Sound	101	30430696	387	1			260		other	0
10108024	961	Sound	102	30453496	346	1			260		other	0
10108024	962	Sound	109	30476895	404	1			260		other	0
10108024	962	Response	1	30481559	5069	1
10108024	963	Sound	103	30495094	431	1			260		other	0
10108024	964	Sound	103	30513293	291	1			260		other	0
10108024	965	Sound	101	30535292	450	1			260		other	0
10108024	966	Sound	111	30554692	343	1			260		other	0
10108024	966	Response	1	30557396	3048	1
10108024	967	Sound	102	30577491	468	1			260		other	0
10108024	968	Sound	111	30596290	428	1			260		other	0
10108024	968	Response	1	30598915	3053	1
10108024	969	Sound	103	30612290	422	1			260		other	0
10108024	970	Sound	104	30631089	383	1			260		other	0
10108024	971	Sound	102	30653888	341	1			260		other	0
10108024	972	Sound	105	30679487	432	1			260		other	0
10108024	972	Response	1	30683871	4816	1
10108024	973	Sound	107	30705886	323	1			260		other	0
10108024	973	Response	1	30709230	3667	1
10108024	974	Sound	105	30733885	313	1			260		other	0
10108024	974	Response	1	30737390	3817	1
10108024	975	Sound	104	30750684	440	1			260		other	0
10108024	976	Sound	110	30769684	433	1			260		other	0
10108024	976	Response	1	30773388	4137	1
10108024	977	Sound	109	30786683	427	1			260		other	0
10108024	977	Response	1	30790428	4171	1
10108024	978	Sound	106	30803083	322	1			260		other	0
10108024	978	Response	1	30806587	3826	1
10108024	979	Sound	101	30829482	379	1			260		other	0
10108024	980	Sound	103	30851081	304	1			260		other	0
10108024	981	Sound	110	30872080	464	1			260		other	0
10108024	981	Response	1	30874584	2968	1
10108024	982	Sound	111	30895079	455	1			260		other	0
10108024	982	Response	1	30897703	3079	1
10108024	983	Sound	104	30921278	312	1			260		other	0
10108024	983	Response	1	30926102	5137	1
10108024	984	Sound	107	30937478	340	1			260		other	0
10108024	984	Response	1	30941222	4084	1
10108024	985	Sound	111	30953677	367	1			260		other	0
10108024	985	Response	1	30956501	3192	1
10108024	986	Sound	109	30979076	425	1			260		other	0
10108024	986	Response	1	30981780	3129	1
10108024	987	Sound	102	30999675	351	1			260		other	0
10108024	988	Sound	101	31028274	441	1			260		other	0
10108024	989	Sound	107	31044474	468	1			260		other	0
10108024	989	Response	1	31048018	4013	1
10108024	990	Sound	110	31067673	327	1			260		other	0
10108024	990	Response	1	31071137	3791	1
10108024	991	Sound	108	31092472	285	1			260		other	0
10108024	991	Response	1	31096736	4549	1
10108024	992	Sound	105	31119271	408	1			260		other	0
10108024	992	Response	1	31124655	5792	1
10108024	993	Sound	104	31141270	401	1			260		other	0
10108024	994	Sound	108	31158669	461	1			260		other	0
10108024	994	Response	1	31161853	3645	1
10108024	995	Sound	105	31179869	320	1			260		other	0
10108024	995	Response	1	31185213	5664	1
10108024	996	Sound	106	31207068	344	1			260		other	0
10108024	996	Response	1	31210732	4008	1
10108024	997	Sound	101	31231267	368	1			260		other	0
10108024	998	Sound	106	31252466	394	1			260		other	0
10108024	998	Response	1	31256650	4578	1
10108024	999	Sound	107	31268665	422	1			260		other	0
10108024	999	Response	1	31273209	4966	1
10108024	1000	Sound	106	31290465	381	1			260		other	0
10108024	1000	Response	1	31295288	5204	1
10108024	1001	Sound	109	31317664	404	1			260		other	0
10108024	1001	Response	1	31321527	4268	1
10108024	1002	Sound	103	31336663	398	1			260		other	0
10108024	1003	Sound	109	31356662	390	1			260		other	0
10108024	1003	Response	1	31359766	3494	1
10108024	1004	Sound	106	31379461	350	1			260		other	0
10108024	1004	Response	1	31384885	5773	1
10108024	1005	Sound	108	31396261	310	1			260		other	0
10108024	1005	Response	1	31400324	4373	1
10108024	1006	Sound	108	31415860	403	1			260		other	0
10108024	1006	Response	1	31420244	4786	1
10108024	1007	Sound	110	31440259	461	1			260		other	0
10108024	1007	Response	1	31443603	3805	1
10108024	1008	Sound	107	31457459	321	1			260		other	0
10108024	1008	Response	1	31460642	3505	1
