Scenario - 
Logfile written - 09/30/2018 14:25:20

Subject	Trial	Event Type	Code	Time	TTime	Uncertainty	Duration	Uncertainty	ReqTime	ReqDur	Stim Type	Pair Index

10108005	1	Response	255	30416	30250	1
10108005	2	Sound	105	105050	260	1			260		other	0
10108005	3	Sound	103	125390	260	1			260		other	0
10108005	4	Sound	101	144897	260	1			260		other	0
10108005	5	Sound	103	171239	260	1			260		other	0
10108005	6	Sound	108	198582	260	1			260		other	0
10108005	6	Response	1	203215	4893	1
10108005	7	Sound	110	219923	260	1			260		other	0
10108005	7	Response	1	224415	4751	1
10108005	8	Sound	105	247599	260	1			260		other	0
10108005	8	Response	1	251934	4595	1
10108005	9	Sound	110	267440	260	1			260		other	0
10108005	9	Response	1	271134	3954	1
10108005	10	Sound	103	283779	260	1			260		other	0
10108005	11	Sound	101	305953	260	1			260		other	0
10108005	12	Sound	102	325793	260	1			260		other	0
10108005	13	Sound	106	343633	260	1			260		other	0
10108005	13	Response	1	347854	4480	1
10108005	14	Sound	102	371476	260	1			260		other	0
10108005	15	Sound	107	394984	260	1			260		other	0
10108005	15	Response	1	398493	3768	1
10108005	16	Sound	111	417159	260	1			260		other	0
10108005	16	Response	1	419933	3034	1
10108005	17	Sound	109	445835	260	1			260		other	0
10108005	17	Response	1	449853	4277	1
10108005	18	Sound	110	471844	260	1			260		other	0
10108005	18	Response	1	476733	5148	1
10108005	19	Sound	103	500354	260	1			260		other	0
10108005	20	Sound	110	518861	260	1			260		other	0
10108005	20	Response	1	521932	3331	1
10108005	21	Sound	110	547038	260	1			260		other	0
10108005	21	Response	1	550812	4034	1
10108005	22	Sound	102	572046	260	1			260		other	0
10108005	22	Response	1	584651	12865	1
10108005	23	Sound	111	599222	260	1			260		other	0
10108005	23	Response	1	601931	2969	1
10108005	24	Sound	108	625732	260	1			260		other	0
10108005	24	Response	1	630971	5499	1
10108005	25	Sound	104	653908	260	1			260		other	0
10108005	25	Response	1	657611	3962	1
10108005	26	Sound	105	674582	260	1			260		other	0
10108005	26	Response	1	679051	4728	1
10108005	27	Sound	104	695089	260	1			260		other	0
10108005	27	Response	1	699530	4701	1
10108005	28	Sound	106	719264	260	1			260		other	0
10108005	28	Response	1	722730	3725	1
10108005	29	Sound	105	739438	260	1			260		other	0
10108005	30	Sound	106	761613	261	1			260		other	0
10108005	30	Response	1	765770	4417	1
10108005	31	Sound	105	785621	260	1			260		other	0
10108005	31	Response	1	789770	4408	1
10108005	32	Sound	107	810463	260	1			260		other	0
10108005	32	Response	1	813770	3566	1
10108005	33	Sound	104	836813	267	1			260		other	0
10108005	34	Sound	108	865315	260	1			260		other	0
10108005	34	Response	1	869049	3993	1
10108005	35	Sound	101	888157	260	1			260		other	0
10108005	36	Sound	109	909498	260	1			260		other	0
10108005	36	Response	1	912569	3331	1
10108005	37	Sound	107	928004	260	1			260		other	0
10108005	37	Response	1	932648	4904	1
10108005	38	Sound	109	954514	260	1			260		other	0
10108005	38	Response	1	959288	5034	1
10108005	39	Sound	104	973353	260	1			260		other	0
10108005	40	Sound	104	1002212	275	1			260		other	0
10108005	41	Sound	109	1025872	260	1			260		other	0
10108005	41	Response	1	1029448	3836	1
10108005	42	Sound	101	1042711	260	1			260		other	0
10108005	43	Sound	111	1069720	260	1			260		other	0
10108005	43	Response	1	1072887	3427	1
10108005	44	Sound	106	1086226	260	1			260		other	0
10108005	45	Sound	111	1102899	260	1			260		other	0
10108005	45	Response	1	1106087	3448	1
10108005	46	Sound	107	1122739	260	1			260		other	0
10108005	46	Response	1	1127287	4808	1
10108005	47	Sound	106	1147081	260	1			260		other	0
10108005	47	Response	1	1153046	6225	1
10108005	48	Sound	101	1174424	260	1			260		other	0
10108005	49	Sound	107	1194764	260	1			260		other	0
10108005	49	Response	1	1199126	4621	2
10108005	50	Sound	109	1211610	267	1			260		other	0
10108005	50	Response	1	1216406	5063	1
10108005	51	Sound	102	1230943	260	1			260		other	0
10108005	52	Sound	103	1251951	260	1			260		other	0
10108005	53	Sound	102	1275626	260	1			260		other	0
10108005	54	Sound	108	1300810	268	1			260		other	0
10108005	54	Response	1	1305285	4744	2
10108005	55	Sound	108	1325310	260	1			260		other	0
10108005	55	Response	1	1330245	5195	1
10108005	56	Sound	111	1344817	260	1			260		other	0
10108005	56	Response	1	1347685	3128	1
10108005	57	Response	255	1450404	81759	1
10108005	58	Sound	20	1514209	260	1			260		other	0
10108005	58	Response	1	1526643	12694	1
10108005	59	Sound	19	1542052	260	1			260		other	0
10108005	59	Response	1	1544723	2931	1
10108005	60	Sound	15	1561559	260	1			260		other	0
10108005	61	Sound	18	1580566	260	1			260		other	0
10108005	61	Response	1	1583443	3137	1
10108005	62	Sound	20	1598072	260	1			260		other	0
10108005	62	Response	1	1601283	3470	1
10108005	63	Sound	18	1623914	260	1			260		other	0
10108005	63	Response	1	1626642	2988	1
10108005	64	Sound	16	1647923	260	1			260		other	0
10108005	64	Response	1	1652402	4739	1
10108005	65	Sound	19	1663107	272	1			260		other	0
10108005	65	Response	1	1665762	2927	1
10108005	66	Sound	13	1686269	260	1			260		other	0
10108005	67	Sound	11	1709944	260	1			260		other	0
10108005	68	Sound	12	1729451	260	1			260		other	0
10108005	69	Sound	13	1747791	260	1			260		other	0
10108005	70	Sound	19	1770466	260	1			260		other	0
10108005	70	Response	1	1773441	3235	1
10108005	71	Sound	15	1789139	260	1			260		other	0
10108005	71	Response	1	1794641	5762	1
10108005	72	Sound	21	1809146	260	1			260		other	0
10108005	72	Response	1	1811441	2555	1
10108005	73	Sound	14	1830653	260	1			260		other	0
10108005	74	Sound	21	1855328	260	1			260		other	0
10108005	74	Response	1	1858640	3572	1
10108005	75	Sound	17	1877836	260	1			260		other	0
10108005	75	Response	1	1885920	8343	2
10108005	76	Sound	16	1902345	260	1			260		other	0
10108005	76	Response	1	1906240	4155	1
10108005	77	Sound	17	1929855	260	1			260		other	0
10108005	77	Response	1	1932480	2885	1
10108005	78	Sound	12	1948861	260	1			260		other	0
10108005	79	Sound	12	1973705	261	1			260		other	0
10108005	80	Sound	16	2001046	260	1			260		other	0
10108005	80	Response	1	2004399	3613	1
10108005	81	Sound	18	2023554	260	1			260		other	0
10108005	81	Response	1	2027279	3985	1
10108005	82	Sound	15	2042561	260	1			260		other	0
10108005	83	Sound	17	2064235	260	1			260		other	0
10108005	83	Response	1	2066799	2823	1
10108005	84	Sound	11	2087576	260	1			260		other	0
10108005	85	Sound	13	2114753	260	1			260		other	0
10108005	86	Sound	17	2136260	260	1			260		other	0
10108005	86	Response	1	2139598	3598	1
10108005	87	Sound	14	2158435	260	1			260		other	0
10108005	88	Sound	18	2181276	260	1			260		other	0
10108005	88	Response	1	2184397	3381	1
10108005	89	Sound	17	2197115	260	1			260		other	0
10108005	89	Response	1	2200317	3462	1
10108005	90	Sound	13	2217455	260	1			260		other	0
10108005	91	Sound	21	2238796	260	1			260		other	0
10108005	91	Response	1	2241357	2821	1
10108005	92	Sound	16	2254302	260	1			260		other	0
10108005	92	Response	1	2260397	6355	1
10108005	93	Sound	15	2276976	260	1			260		other	0
10108005	94	Sound	14	2292481	260	1			260		other	0
10108005	95	Sound	18	2317323	260	1			260		other	0
10108005	95	Response	1	2320716	3653	1
10108005	96	Sound	14	2336002	265	1			260		other	0
10108005	96	Response	1	2341436	5699	1
10108005	97	Sound	15	2362673	260	1			260		other	0
10108005	97	Response	1	2365916	3503	1
10108005	98	Sound	19	2379512	260	1			260		other	0
10108005	98	Response	1	2382476	3224	1
10108005	99	Sound	20	2397185	260	1			260		other	0
10108005	99	Response	1	2399516	2591	1
10108005	100	Sound	16	2422194	260	1			260		other	0
10108005	100	Response	1	2426155	4221	1
10108005	101	Sound	12	2444368	260	1			260		other	0
10108005	102	Sound	19	2466376	260	1			260		other	0
10108005	102	Response	1	2469195	3079	1
10108005	103	Sound	13	2485382	260	1			260		other	0
10108005	103	Response	1	2504635	19512	1
10108005	104	Sound	11	2514226	260	1			260		other	0
10108005	105	Sound	12	2534066	260	1			260		other	0
10108005	106	Sound	20	2552573	260	1			260		other	0
10108005	106	Response	1	2555274	2962	2
10108005	107	Sound	14	2577748	260	1			260		other	0
10108005	108	Sound	21	2596755	260	1			260		other	0
10108005	108	Response	1	2599194	2699	1
10108005	109	Sound	20	2619263	260	1			260		other	0
10108005	109	Response	1	2623913	4910	2
10108005	110	Sound	11	2638769	260	1			260		other	0
10108005	111	Sound	21	2662945	260	1			260		other	0
10108005	111	Response	1	2666953	4269	1
10108005	112	Sound	11	2684619	260	1			260		other	0
10108005	113	Response	255	2801512	91398	1
10108005	114	Sound	21	2871851	260	1			260		other	0
10108005	114	Response	1	2874472	2880	1
10108005	115	Sound	20	2890524	260	1			260		other	0
10108005	115	Response	1	2894311	4047	1
10108005	116	Sound	11	2910531	260	1			260		other	0
10108005	117	Sound	18	2937707	260	1			260		other	0
10108005	117	Response	1	2940871	3424	1
10108005	118	Sound	15	2965050	260	1			260		other	0
10108005	119	Sound	17	2983898	268	1			260		other	0
10108005	119	Response	1	2988071	4440	1
10108005	120	Sound	14	3009066	260	1			260		other	0
10108005	121	Sound	20	3034574	260	1			260		other	0
10108005	121	Response	1	3037830	3515	1
10108005	122	Sound	14	3062418	260	1			260		other	0
10108005	123	Sound	15	3084259	260	1			260		other	0
10108005	124	Sound	19	3110601	260	1			260		other	0
10108005	124	Response	1	3115429	5088	1
10108005	125	Sound	19	3137777	260	1			260		other	0
10108005	125	Response	1	3142069	4552	1
10108005	126	Sound	17	3156117	260	1			260		other	0
10108005	126	Response	1	3160229	4372	1
10108005	127	Sound	15	3171622	260	1			260		other	0
10108005	127	Response	1	3174389	3026	1
10108005	128	Sound	18	3197965	260	1			260		other	0
10108005	128	Response	1	3201269	3563	1
10108005	129	Sound	13	3215471	260	1			260		other	0
10108005	129	Response	1	3224389	9177	1
10108005	130	Sound	12	3232477	260	1			260		other	0
10108005	130	Response	1	3235988	3771	1
10108005	131	Sound	15	3252484	260	1			260		other	0
10108005	132	Sound	17	3271157	260	1			260		other	0
10108005	133	Sound	12	3295666	260	1			260		other	0
10108005	134	Sound	14	3318174	260	1			260		other	0
10108005	134	Response	1	3323348	5434	1
10108005	135	Sound	12	3345683	260	1			260		other	0
10108005	136	Sound	13	3364857	260	1			260		other	0
10108005	137	Sound	11	3393367	260	1			260		other	0
10108005	138	Sound	13	3408872	260	1			260		other	0
10108005	139	Sound	20	3426045	260	1			260		other	0
10108005	139	Response	1	3429347	3562	1
10108005	140	Sound	13	3441717	260	1			260		other	0
10108005	141	Sound	14	3467895	261	1			260		other	0
10108005	142	Sound	20	3484232	260	1			260		other	0
10108005	142	Response	1	3488306	4334	1
10108005	143	Sound	21	3500571	260	1			260		other	0
10108005	143	Response	1	3504066	3755	1
10108005	144	Sound	16	3525413	260	1			260		other	0
10108005	144	Response	1	3534866	9712	1
10108005	145	Sound	21	3552094	265	1			260		other	0
10108005	145	Response	1	3554946	3116	1
10108005	146	Sound	12	3572763	260	1			260		other	0
10108005	147	Sound	17	3588101	260	1			260		other	0
10108005	147	Response	1	3591425	3583	1
10108005	148	Sound	11	3607775	260	1			260		other	0
10108005	149	Sound	18	3631293	270	1			260		other	0
10108005	149	Response	1	3634865	3842	1
10108005	150	Sound	16	3647622	260	1			260		other	0
10108005	150	Response	1	3656945	9582	1
10108005	151	Sound	21	3671297	260	1			260		other	0
10108005	151	Response	1	3675105	4067	1
10108005	152	Sound	12	3689637	260	1			260		other	0
10108005	153	Sound	19	3716146	260	1			260		other	0
10108005	153	Response	1	3719824	3938	1
10108005	154	Sound	15	3742656	260	1			260		other	0
10108005	155	Sound	16	3764497	260	1			260		other	0
10108005	155	Response	1	3768384	4147	1
10108005	156	Sound	19	3789672	260	1			260		other	0
10108005	156	Response	1	3796063	6651	1
10108005	157	Sound	16	3815681	260	1			260		other	0
10108005	157	Response	1	3824943	9522	1
10108005	158	Sound	13	3835692	264	1			260		other	0
10108005	159	Sound	18	3860864	260	1			260		other	0
10108005	159	Response	1	3864463	3859	1
10108005	160	Sound	19	3880537	260	1			260		other	0
10108005	160	Response	1	3886143	5865	1
10108005	161	Sound	16	3906546	260	1			260		other	0
10108005	161	Response	1	3913422	7136	1
10108005	162	Sound	18	3931722	260	1			260		other	0
10108005	162	Response	1	3935502	4040	1
10108005	163	Sound	11	3947561	260	1			260		other	0
10108005	164	Sound	14	3971903	260	1			260		other	0
10108005	164	Response	1	3979422	7779	1
10108005	165	Sound	11	3998412	260	1			260		other	0
10108005	166	Sound	21	4022420	260	1			260		other	0
10108005	166	Response	1	4025661	3501	2
10108005	167	Sound	17	4042594	260	1			260		other	0
10108005	167	Response	1	4053021	10687	1
10108005	168	Sound	20	4061934	260	1			260		other	0
10108005	168	Response	1	4065021	3347	1
10108005	169	Response	255	4160300	75371	1
10108005	170	Sound	111	4224658	260	1			260		other	0
10108005	170	Response	1	4227740	3342	1
10108005	171	Sound	103	4249666	260	1			260		other	0
10108005	172	Sound	104	4266339	260	1			260		other	0
10108005	173	Sound	101	4291514	260	1			260		other	0
10108005	174	Sound	102	4320691	260	1			260		other	0
10108005	175	Sound	105	4342365	260	1			260		other	0
10108005	175	Response	1	4347259	5153	1
10108005	176	Sound	111	4370209	260	1			260		other	0
10108005	176	Response	1	4373499	3550	1
10108005	177	Sound	104	4394388	264	1			260		other	0
10108005	178	Sound	102	4421727	260	1			260		other	0
10108005	179	Sound	110	4443568	260	1			260		other	0
10108005	179	Response	1	4446858	3550	1
10108005	180	Sound	104	4467242	260	1			260		other	0
10108005	181	Sound	110	4486087	265	1			260		other	0
10108005	181	Response	1	4490537	4715	1
10108005	182	Sound	103	4514759	260	1			260		other	0
10108005	183	Sound	110	4540268	260	1			260		other	0
10108005	183	Response	1	4543657	3649	1
10108005	184	Sound	110	4568278	260	1			260		other	0
10108005	184	Response	1	4575097	7079	1
10108005	185	Sound	107	4592620	260	1			260		other	0
10108005	185	Response	1	4596696	4336	1
10108005	186	Sound	107	4608625	260	1			260		other	0
10108005	186	Response	1	4612696	4331	1
10108005	187	Sound	111	4634301	260	1			260		other	0
10108005	187	Response	1	4637336	3295	1
10108005	188	Sound	106	4650140	260	1			260		other	0
10108005	189	Sound	105	4676986	263	1			260		other	0
10108005	189	Response	1	4680856	4133	1
10108005	190	Sound	104	4703659	260	1			260		other	0
10108005	190	Response	1	4709256	5857	1
10108005	191	Sound	106	4729668	260	1			260		other	0
10108005	191	Response	1	4733495	4087	1
10108005	192	Sound	101	4757511	260	1			260		other	0
10108005	193	Sound	103	4785354	260	1			260		other	0
10108005	194	Sound	108	4809695	260	1			260		other	0
10108005	194	Response	1	4813415	3979	1
10108005	195	Sound	103	4829202	260	1			260		other	0
10108005	196	Sound	101	4854211	260	1			260		other	0
10108005	197	Sound	111	4877886	260	1			260		other	0
10108005	197	Response	1	4880694	3068	1
10108005	198	Sound	106	4903729	260	1			260		other	0
10108005	198	Response	1	4909094	5625	1
10108005	199	Sound	107	4919901	260	1			260		other	0
10108005	199	Response	1	4923974	4332	1
10108005	200	Sound	108	4938574	260	1			260		other	0
10108005	200	Response	1	4943413	5099	1
10108005	201	Sound	103	4961084	262	1			260		other	0
10108005	202	Sound	101	4980589	260	1			260		other	0
10108005	203	Sound	109	5006931	260	1			260		other	0
10108005	203	Response	1	5010933	4261	1
10108005	204	Sound	108	5034441	260	1			260		other	0
10108005	204	Response	1	5040612	6431	1
10108005	205	Sound	104	5054448	260	1			260		other	0
10108005	206	Sound	102	5083125	260	1			260		other	0
10108005	207	Sound	105	5107466	260	1			260		other	0
10108005	208	Sound	108	5126640	260	1			260		other	0
10108005	209	Sound	110	5146314	260	1			260		other	0
10108005	209	Response	1	5150052	3998	1
10108005	210	Sound	108	5170822	260	1			260		other	0
10108005	210	Response	1	5175811	5249	1
10108005	211	Sound	106	5187328	260	1			260		other	0
10108005	211	Response	1	5191571	4503	1
10108005	212	Sound	102	5213837	260	1			260		other	0
10108005	213	Sound	101	5232844	260	1			260		other	0
10108005	214	Sound	107	5251017	260	1			260		other	0
10108005	214	Response	1	5256051	5294	1
10108005	215	Sound	109	5279693	260	1			260		other	0
10108005	215	Response	1	5285250	5817	2
10108005	216	Sound	102	5298867	260	1			260		other	0
10108005	217	Sound	109	5319382	267	1			260		other	0
10108005	217	Response	1	5325010	5896	1
10108005	218	Sound	106	5347884	260	1			260		other	0
10108005	218	Response	1	5352610	4986	1
10108005	219	Sound	109	5368891	260	1			260		other	0
10108005	219	Response	1	5372450	3818	1
10108005	220	Sound	105	5387398	260	1			260		other	0
10108005	221	Sound	107	5412581	267	1			260		other	0
10108005	221	Response	1	5417009	4696	1
10108005	222	Sound	111	5441250	260	1			260		other	0
10108005	222	Response	1	5445409	4419	1
10108005	223	Sound	105	5462758	260	1			260		other	0
10108005	224	Sound	109	5482598	260	1			260		other	0
10108005	224	Response	1	5486289	3951	1
10108005	225	Response	255	5545648	35887	1
10108005	226	Sound	11	5623481	260	1			260		other	0
10108005	227	Sound	16	5646822	260	1			260		other	0
10108005	227	Response	1	5651407	4845	1
10108005	228	Sound	11	5666662	260	1			260		other	0
10108005	229	Sound	21	5690337	260	1			260		other	0
10108005	229	Response	1	5693327	3249	1
10108005	230	Sound	20	5707679	262	1			260		other	0
10108005	230	Response	1	5712367	4950	1
10108005	231	Sound	13	5723849	260	1			260		other	0
10108005	232	Sound	14	5741188	260	1			260		other	0
10108005	233	Sound	15	5759695	260	1			260		other	0
10108005	234	Sound	16	5786204	260	1			260		other	0
10108005	234	Response	1	5793646	7702	1
10108005	235	Sound	19	5813881	260	1			260		other	0
10108005	235	Response	1	5817246	3625	1
10108005	236	Sound	17	5840223	260	1			260		other	0
10108005	236	Response	1	5843246	3282	1
10108005	237	Sound	19	5864398	260	1			260		other	0
10108005	237	Response	1	5867645	3507	1
10108005	238	Sound	13	5885739	260	1			260		other	0
10108005	239	Sound	14	5905413	260	1			260		other	0
10108005	240	Sound	16	5925086	260	1			260		other	0
10108005	240	Response	1	5929485	4659	1
10108005	241	Sound	21	5944593	260	1			260		other	0
10108005	241	Response	1	5948045	3712	1
10108005	242	Sound	21	5961099	260	1			260		other	0
10108005	242	Response	1	5964445	3606	1
10108005	243	Sound	12	5979105	260	1			260		other	0
10108005	244	Sound	15	6001780	260	1			260		other	0
10108005	245	Sound	14	6026955	260	1			260		other	0
10108005	245	Response	1	6032844	6149	1
10108005	246	Sound	20	6045628	260	1			260		other	0
10108005	246	Response	1	6050764	5395	1
10108005	247	Sound	12	6071304	260	1			260		other	0
10108005	248	Sound	11	6093979	260	1			260		other	0
10108005	249	Sound	12	6115153	260	1			260		other	0
10108005	250	Sound	11	6137494	260	1			260		other	0
10108005	251	Sound	15	6161336	260	1			260		other	0
10108005	252	Sound	19	6189179	260	1			260		other	0
10108005	252	Response	1	6192123	3204	1
10108005	253	Sound	12	6212353	260	1			260		other	0
10108005	254	Sound	18	6236195	260	1			260		other	0
10108005	254	Response	1	6240122	4187	1
10108005	255	Sound	19	6262704	260	1			260		other	0
10108005	255	Response	1	6267882	5437	1
10108005	256	Sound	18	6282878	260	1			260		other	0
10108005	256	Response	1	6288842	6223	1
10108005	257	Sound	13	6310388	260	1			260		other	0
10108005	258	Sound	21	6337897	260	1			260		other	0
10108005	258	Response	1	6340841	3204	1
10108005	259	Sound	15	6356070	260	1			260		other	0
10108005	259	Response	1	6364201	8391	1
10108005	260	Sound	18	6375077	260	1			260		other	0
10108005	260	Response	1	6378681	3864	1
10108005	261	Sound	14	6392750	260	1			260		other	0
10108005	262	Sound	13	6417092	260	1			260		other	0
10108005	263	Sound	20	6434264	260	1			260		other	0
10108005	263	Response	1	6437160	3155	2
10108005	264	Sound	21	6456274	261	1			260		other	0
10108005	264	Response	1	6459880	3868	1
10108005	265	Sound	15	6477446	260	1			260		other	0
10108005	266	Sound	17	6505623	260	1			260		other	0
10108005	266	Response	1	6508840	3477	1
10108005	267	Sound	13	6521295	260	1			260		other	0
10108005	268	Sound	14	6545136	260	1			260		other	0
10108005	269	Sound	17	6566310	260	1			260		other	0
10108005	269	Response	1	6576999	10949	1
10108005	270	Sound	16	6582650	260	1			260		other	0
10108005	270	Response	1	6592039	9649	1
10108005	270	Response	1	6601479	19089	1
10108005	271	Sound	18	6609492	260	1			260		other	0
10108005	271	Response	1	6612199	2966	1
10108005	272	Sound	20	6626832	260	1			260		other	0
10108005	272	Response	1	6631799	5227	1
10108005	273	Sound	16	6644004	260	1			260		other	0
10108005	273	Response	1	6649319	5574	1
10108005	274	Sound	20	6663511	260	1			260		other	0
10108005	275	Sound	19	6683185	260	1			260		other	0
10108005	275	Response	1	6687078	4153	1
10108005	276	Sound	17	6701691	260	1			260		other	0
10108005	276	Response	1	6704758	3327	1
10108005	277	Sound	12	6728534	260	1			260		other	0
10108005	278	Sound	18	6756711	260	1			260		other	0
10108005	278	Response	1	6760517	4067	1
10108005	279	Sound	17	6777051	260	1			260		other	0
10108005	279	Response	1	6780838	4046	1
10108005	280	Sound	11	6795391	260	1			260		other	0
10108005	281	Response	255	6915396	102346	1
10108005	282	Sound	16	6994970	269	1			260		other	0
10108005	282	Response	1	6999076	4375	1
10108005	283	Sound	19	7017635	260	1			260		other	0
10108005	283	Response	1	7020435	3060	1
10108005	284	Sound	12	7039476	260	1			260		other	0
10108005	285	Sound	16	7064152	260	1			260		other	0
10108005	285	Response	1	7068275	4383	1
10108005	286	Sound	13	7085993	260	1			260		other	0
10108005	287	Sound	19	7113002	260	1			260		other	0
10108005	287	Response	1	7115715	2972	1
10108005	288	Sound	14	7140512	260	1			260		other	0
10108005	289	Sound	12	7157684	260	1			260		other	0
10108005	290	Sound	21	7183860	260	1			260		other	0
10108005	290	Response	1	7186674	3073	1
10108005	291	Sound	19	7202033	260	1			260		other	0
10108005	291	Response	1	7206114	4340	1
10108005	292	Sound	17	7221707	260	1			260		other	0
10108005	292	Response	1	7227314	5867	1
10108005	293	Sound	18	7245048	260	1			260		other	0
10108005	293	Response	1	7248513	3725	1
10108005	294	Sound	21	7268890	260	1			260		other	0
10108005	294	Response	1	7272113	3483	1
10108005	295	Sound	20	7289568	264	1			260		other	0
10108005	295	Response	1	7293073	3769	1
10108005	296	Sound	18	7312405	260	1			260		other	0
10108005	296	Response	1	7316033	3888	1
10108005	297	Sound	15	7335747	260	1			260		other	0
10108005	298	Sound	20	7353086	260	1			260		other	0
10108005	298	Response	1	7355792	2966	1
10108005	299	Sound	13	7375761	260	1			260		other	0
10108005	300	Sound	13	7400769	260	1			260		other	0
10108005	301	Sound	13	7424111	260	1			260		other	0
10108005	302	Sound	18	7443117	260	1			260		other	0
10108005	302	Response	1	7447072	4214	1
10108005	303	Sound	13	7464291	260	1			260		other	0
10108005	304	Sound	11	7490801	260	1			260		other	0
10108005	305	Sound	20	7514809	260	1			260		other	0
10108005	305	Response	1	7518991	4441	1
10108005	306	Sound	16	7539318	260	1			260		other	0
10108005	306	Response	1	7543391	4333	1
10108005	307	Sound	15	7556324	260	1			260		other	0
10108005	307	Response	1	7560656	4592	22
10108005	308	Sound	12	7574830	260	1			260		other	0
10108005	309	Sound	15	7600172	260	1			260		other	0
10108005	309	Response	1	7604830	4917	1
10108005	310	Sound	14	7617178	260	1			260		other	0
10108005	311	Sound	14	7643521	260	1			260		other	0
10108005	312	Sound	20	7663028	260	1			260		other	0
10108005	312	Response	1	7666670	3902	1
10108005	313	Sound	11	7684202	260	1			260		other	0
10108005	314	Sound	20	7705876	260	1			260		other	0
10108005	314	Response	1	7710509	4893	1
10108005	315	Sound	16	7731385	260	1			260		other	0
10108005	316	Sound	21	7753393	260	1			260		other	0
10108005	316	Response	1	7755789	2656	1
10108005	317	Sound	15	7772733	260	1			260		other	0
10108005	318	Sound	18	7795241	260	1			260		other	0
10108005	318	Response	1	7798828	3847	1
10108005	319	Sound	21	7817248	260	1			260		other	0
10108005	319	Response	1	7820428	3440	1
10108005	320	Sound	14	7838923	260	1			260		other	0
10108005	321	Sound	19	7862097	260	1			260		other	0
10108005	321	Response	1	7864348	2510	1
10108005	322	Sound	14	7881438	260	1			260		other	0
10108005	323	Sound	12	7905446	260	1			260		other	0
10108005	324	Sound	11	7927287	260	1			260		other	0
10108005	325	Sound	17	7948294	260	1			260		other	0
10108005	325	Response	1	7951947	3913	1
10108005	326	Sound	18	7975971	260	1			260		other	0
10108005	326	Response	1	7981867	6156	1
10108005	327	Sound	17	7995311	260	1			260		other	0
10108005	328	Sound	17	8016163	271	1			260		other	0
10108005	328	Response	1	8020347	4455	1
10108005	329	Sound	17	8037492	260	1			260		other	0
10108005	329	Response	1	8041307	4074	1
10108005	330	Sound	19	8056165	260	1			260		other	0
10108005	330	Response	1	8060266	4360	1
10108005	331	Sound	21	8075839	260	1			260		other	0
10108005	331	Response	1	8081226	5647	1
10108005	332	Sound	11	8101515	260	1			260		other	0
10108005	333	Sound	16	8123689	260	1			260		other	0
10108005	333	Response	1	8129945	6515	2
10108005	334	Sound	12	8151699	260	1			260		other	0
10108005	335	Sound	11	8175207	260	1			260		other	0
10108005	336	Sound	15	8194214	260	1			260		other	0
10108005	337	Response	255	8448023	229814	1
10108005	338	Sound	19	8519994	260	1			260		other	0
10108005	338	Response	1	8524502	4768	1
10108005	339	Sound	14	8543002	260	1			260		other	0
10108005	340	Sound	20	8566177	260	1			260		other	0
10108005	340	Response	1	8570822	4904	1
10108005	341	Sound	16	8591186	260	1			260		other	0
10108005	341	Response	1	8595302	4375	1
10108005	342	Sound	20	8608524	260	1			260		other	0
10108005	342	Response	1	8611462	3197	1
10108005	343	Sound	14	8634201	260	1			260		other	0
10108005	344	Sound	19	8655875	260	1			260		other	0
10108005	344	Response	1	8658821	3205	1
10108005	345	Sound	18	8675058	269	1			260		other	0
10108005	345	Response	1	8678501	3712	1
10108005	346	Sound	11	8700724	260	1			260		other	0
10108005	347	Sound	15	8724233	260	1			260		other	0
10108005	347	Response	1	8727461	3488	1
10108005	348	Sound	16	8747758	276	1			260		other	0
10108005	348	Response	1	8754980	7499	1
10108005	349	Sound	14	8770582	260	1			260		other	0
10108005	350	Sound	11	8789589	260	1			260		other	0
10108005	351	Sound	18	8811096	260	1			260		other	0
10108005	351	Response	1	8815220	4383	1
10108005	352	Sound	21	8828102	260	1			260		other	0
10108005	352	Response	1	8830980	3137	1
10108005	353	Sound	19	8855278	260	1			260		other	0
10108005	353	Response	1	8858499	3480	1
10108005	354	Sound	15	8874785	260	1			260		other	0
10108005	355	Sound	21	8900128	260	1			260		other	0
10108005	355	Response	1	8905459	5591	1
10108005	356	Sound	18	8922302	260	1			260		other	0
10108005	357	Sound	12	8944476	260	1			260		other	0
10108005	358	Sound	17	8961649	260	1			260		other	0
10108005	358	Response	1	8964658	3269	1
10108005	359	Sound	13	8978988	260	1			260		other	0
10108005	360	Sound	17	8996995	260	1			260		other	0
10108005	360	Response	1	9003378	6643	1
10108005	361	Sound	13	9017502	260	1			260		other	0
10108005	362	Sound	12	9038676	260	1			260		other	0
10108005	363	Sound	21	9053855	267	1			260		other	0
10108005	363	Response	1	9056658	3069	1
10108005	364	Sound	17	9078023	260	1			260		other	0
10108005	364	Response	1	9082177	4414	1
10108005	365	Sound	11	9100864	260	1			260		other	0
10108005	366	Sound	19	9118871	260	1			260		other	0
10108005	366	Response	1	9121937	3326	1
10108005	367	Sound	16	9146047	260	1			260		other	0
10108005	367	Response	1	9150577	4790	1
10108005	368	Sound	14	9173390	260	1			260		other	0
10108005	369	Sound	16	9189062	260	1			260		other	0
10108005	369	Response	1	9192497	3694	1
10108005	370	Sound	18	9216405	260	1			260		other	0
10108005	370	Response	1	9222656	6511	1
10108005	371	Sound	13	9235078	260	1			260		other	0
10108005	372	Sound	17	9263255	260	1			260		other	0
10108005	372	Response	1	9269456	6461	1
10108005	373	Sound	11	9280094	260	1			260		other	0
10108005	374	Sound	12	9298100	260	1			260		other	0
10108005	375	Sound	21	9320275	260	1			260		other	0
10108005	375	Response	1	9325135	5120	1
10108005	376	Sound	14	9335613	260	1			260		other	0
10108005	377	Sound	13	9358788	260	1			260		other	0
10108005	378	Sound	21	9378128	260	1			260		other	0
10108005	378	Response	1	9384095	6226	1
10108005	379	Sound	15	9397468	260	1			260		other	0
10108005	380	Sound	16	9415653	271	1			260		other	0
10108005	380	Response	1	9419054	3673	1
10108005	381	Sound	12	9434153	265	1			260		other	0
10108005	382	Sound	12	9451154	260	1			260		other	0
10108005	383	Sound	20	9473995	260	1			260		other	0
10108005	384	Response	1	9488974	67	1
10108005	384	Sound	20	9489167	260	1			260		other	0
10108005	384	Response	1	9496174	7267	1
10108005	385	Sound	18	9508007	260	1			260		other	0
10108005	385	Response	1	9512974	5226	1
10108005	386	Sound	19	9525013	260	1			260		other	0
10108005	386	Response	1	9528094	3340	1
10108005	387	Sound	20	9549855	260	1			260		other	0
10108005	387	Response	1	9552733	3138	1
10108005	388	Sound	15	9572196	260	1			260		other	0
10108005	389	Sound	17	9597038	260	1			260		other	0
10108005	389	Response	1	9600333	3555	1
10108005	390	Sound	15	9614211	260	1			260		other	0
10108005	390	Response	1	9620013	6062	1
10108005	391	Sound	11	9635552	260	1			260		other	0
10108005	392	Sound	13	9652224	260	1			260		other	0
10108005	393	Response	255	9721852	48967	1
10108005	394	Sound	106	9797275	260	1			260		other	0
10108005	394	Response	1	9802011	4996	1
10108005	395	Sound	103	9815450	262	1			260		other	0
10108005	396	Sound	104	9842457	260	1			260		other	0
10108005	397	Sound	108	9858796	260	1			260		other	0
10108005	397	Response	1	9862491	3954	1
10108005	398	Sound	104	9878137	260	1			260		other	0
10108005	398	Response	1	9882810	4933	1
10108005	399	Sound	103	9902145	260	1			260		other	0
10108005	400	Sound	103	9921985	260	1			260		other	0
10108005	401	Sound	105	9945327	260	1			260		other	0
10108005	401	Response	1	9949930	4863	1
10108005	402	Sound	107	9962333	260	1			260		other	0
10108005	402	Response	1	9968490	6417	1
10108005	403	Sound	101	9981339	260	1			260		other	0
10108005	404	Sound	101	9998179	260	1			260		other	0
10108005	405	Sound	103	10016018	260	1			260		other	0
10108005	406	Sound	101	10040693	260	1			260		other	0
10108005	407	Sound	110	10066202	260	1			260		other	0
10108005	407	Response	1	10070009	4066	1
10108005	408	Sound	104	10082374	260	1			260		other	0
10108005	409	Sound	106	10101714	260	1			260		other	0
10108005	409	Response	1	10106329	4874	1
10108005	410	Sound	107	10117887	260	1			260		other	0
10108005	410	Response	1	10123368	5741	1
10108005	411	Sound	106	10142562	260	1			260		other	0
10108005	411	Response	1	10148008	5705	1
10108005	412	Sound	102	10159902	260	1			260		other	0
10108005	413	Sound	108	10183910	260	1			260		other	0
10108005	413	Response	1	10187768	4117	1
10108005	414	Sound	110	10205918	260	1			260		other	0
10108005	414	Response	1	10212007	6349	1
10108005	415	Sound	105	10224425	260	1			260		other	0
10108005	416	Sound	103	10252447	273	1			260		other	0
10108005	416	Response	1	10257687	5513	1
10108005	417	Sound	106	10269107	260	1			260		other	0
10108005	417	Response	1	10272967	4120	1
10108005	418	Sound	107	10290614	260	1			260		other	0
10108005	418	Response	1	10295287	4932	1
10108005	419	Sound	101	10318958	260	1			260		other	0
10108005	420	Sound	104	10336630	260	1			260		other	0
10108005	420	Response	1	10342246	5876	1
10108005	421	Sound	109	10354470	260	1			260		other	0
10108005	421	Response	1	10360806	6596	1
10108005	422	Sound	101	10377310	260	1			260		other	0
10108005	423	Sound	111	10400486	260	1			260		other	0
10108005	423	Response	1	10404246	4019	1
10108005	424	Sound	102	10426829	260	1			260		other	0
10108005	425	Sound	102	10454505	260	1			260		other	0
10108005	426	Sound	108	10477846	260	1			260		other	0
10108005	426	Response	1	10482005	4418	1
10108005	427	Sound	102	10505023	260	1			260		other	0
10108005	428	Sound	111	10523863	260	1			260		other	0
10108005	428	Response	1	10527445	3842	1
10108005	429	Sound	110	10546037	260	1			260		other	0
10108005	429	Response	1	10550004	4227	1
10108005	430	Sound	109	10568378	260	1			260		other	0
10108005	430	Response	1	10572484	4366	1
10108005	431	Sound	111	10589219	260	1			260		other	0
10108005	431	Response	1	10592564	3605	1
10108005	432	Sound	105	10609226	260	1			260		other	0
10108005	432	Response	1	10612644	3678	1
10108005	433	Sound	107	10629400	260	1			260		other	0
10108005	433	Response	1	10632964	3824	1
10108005	434	Sound	108	10655244	262	1			260		other	0
10108005	434	Response	1	10658084	3101	1
10108005	435	Sound	109	10679917	260	1			260		other	0
10108005	435	Response	1	10684324	4666	1
10108005	436	Sound	109	10700424	260	1			260		other	0
10108005	436	Response	1	10705283	5119	1
10108005	437	Sound	110	10727767	260	1			260		other	0
10108005	437	Response	1	10731923	4415	1
10108005	438	Sound	105	10747274	260	1			260		other	0
10108005	438	Response	1	10751203	4188	1
10108005	439	Sound	110	10763113	260	1			260		other	0
10108005	439	Response	1	10766003	3150	1
10108005	440	Sound	107	10779952	260	1			260		other	0
10108005	440	Response	1	10782882	3190	1
10108005	441	Sound	108	10808129	260	1			260		other	0
10108005	441	Response	1	10811682	3813	1
10108005	442	Sound	102	10826635	260	1			260		other	0
10108005	443	Sound	109	10844143	262	1			260		other	0
10108005	443	Response	1	10847762	3881	1
10108005	444	Sound	106	10867483	260	1			260		other	0
10108005	445	Sound	111	10885823	260	1			260		other	0
10108005	445	Response	1	10888562	2999	1
10108005	446	Sound	105	10906330	260	1			260		other	0
10108005	447	Sound	104	10923669	260	1			260		other	0
10108005	448	Sound	111	10941175	260	1			260		other	0
10108005	448	Response	1	10945361	4446	1
10108005	449	Response	255	11192639	234971	1
10108005	450	Sound	104	11267790	260	1			260		other	0
10108005	451	Sound	109	11288640	269	1			260		other	0
10108005	451	Response	1	11292465	4095	508
10108005	452	Sound	104	11308304	260	1			260		other	0
10108005	453	Sound	102	11335480	260	1			260		other	0
10108005	454	Sound	106	11364323	260	1			260		other	0
10108005	454	Response	1	11368317	4254	1
10108005	455	Sound	109	11382330	260	1			260		other	0
10108005	455	Response	1	11387277	5207	1
10108005	456	Sound	107	11399169	260	1			260		other	0
10108005	456	Response	1	11403277	4368	1
10108005	457	Sound	108	11416842	260	1			260		other	0
10108005	457	Response	1	11421197	4615	1
10108005	458	Sound	102	11439850	260	1			260		other	0
10108005	459	Sound	109	11459524	260	1			260		other	0
10108005	460	Sound	101	11480039	268	1			260		other	0
10108005	461	Sound	105	11496703	260	1			260		other	0
10108005	461	Response	1	11501596	5153	1
10108005	462	Sound	103	11515043	260	1			260		other	0
10108005	463	Sound	107	11533716	260	1			260		other	0
10108005	463	Response	1	11538076	4619	1
10108005	464	Sound	110	11551389	260	1			260		other	0
10108005	464	Response	1	11556396	5267	1
10108005	465	Sound	110	11579238	265	1			260		other	0
10108005	465	Response	1	11583676	4703	1
10108005	466	Sound	105	11600240	260	1			260		other	0
10108005	466	Response	1	11605515	5536	1
10108005	467	Sound	110	11618579	260	1			260		other	0
10108005	467	Response	1	11622395	4076	1
10108005	468	Sound	101	11635418	260	1			260		other	0
10108005	469	Sound	111	11660594	260	1			260		other	0
10108005	469	Response	1	11663675	3341	1
10108005	470	Sound	102	11676766	260	1			260		other	0
10108005	471	Sound	103	11694272	260	1			260		other	0
10108005	472	Sound	111	11718281	260	1			260		other	0
10108005	472	Response	1	11722234	4213	1
10108005	473	Sound	106	11736454	260	1			260		other	0
10108005	474	Sound	109	11763964	260	1			260		other	0
10108005	474	Response	1	11768074	4370	1
10108005	475	Sound	104	11779802	260	1			260		other	0
10108005	476	Sound	105	11798476	260	1			260		other	0
10108005	477	Sound	110	11820816	260	1			260		other	0
10108005	477	Response	1	11824634	4077	1
10108005	478	Sound	102	11844336	271	1			260		other	0
10108005	479	Sound	107	11869000	260	1			260		other	0
10108005	479	Response	1	11872713	3972	2
10108005	480	Sound	105	11885840	260	1			260		other	0
10108005	481	Sound	107	11903679	260	1			260		other	0
10108005	481	Response	1	11908793	5373	1
10108005	482	Sound	106	11928021	260	1			260		other	0
10108005	482	Response	1	11933672	5911	2
10108005	483	Sound	104	11953363	260	1			260		other	0
10108005	484	Sound	103	11970369	260	1			260		other	0
10108005	485	Sound	101	11998546	260	1			260		other	0
10108005	486	Sound	111	12023555	260	1			260		other	0
10108005	486	Response	1	12026312	3017	1
10108005	487	Sound	101	12051898	260	1			260		other	0
10108005	488	Sound	108	12074739	260	1			260		other	0
10108005	489	Sound	108	12096913	260	1			260		other	0
10108005	489	Response	1	12100951	4297	1
10108005	490	Sound	111	12113586	260	1			260		other	0
10108005	490	Response	1	12118711	5385	1
10108005	491	Sound	102	12135934	267	1			260		other	0
10108005	492	Sound	106	12159435	260	1			260		other	0
10108005	492	Response	1	12164151	4975	1
10108005	493	Sound	104	12183110	260	1			260		other	0
10108005	494	Sound	101	12210453	260	1			260		other	0
10108005	495	Sound	103	12233628	260	1			260		other	0
10108005	496	Sound	111	12258303	260	1			260		other	0
10108005	496	Response	1	12261990	3946	1
10108005	497	Sound	109	12274142	260	1			260		other	0
10108005	497	Response	1	12280550	6667	1
10108005	498	Sound	108	12297317	260	1			260		other	0
10108005	499	Sound	110	12313990	260	1			260		other	0
10108005	499	Response	1	12318789	5059	1
10108005	500	Sound	108	12338665	260	1			260		other	0
10108005	501	Sound	105	12365841	260	1			260		other	0
10108005	502	Sound	107	12387182	260	1			260		other	0
10108005	502	Response	1	12390869	3947	1
10108005	503	Sound	106	12407689	260	1			260		other	0
10108005	504	Sound	103	12430697	260	1			260		other	0
10108005	505	Response	255	12478708	26183	1
10108005	506	Sound	15	12554574	260	1			260		other	0
10108005	507	Sound	19	12579082	260	1			260		other	0
10108005	507	Response	1	12583347	4524	1
10108005	508	Sound	21	12601590	260	1			260		other	0
10108005	508	Response	1	12604707	3376	1
10108005	509	Sound	19	12628766	260	1			260		other	0
10108005	509	Response	1	12632226	3720	1
10108005	510	Sound	21	12648940	260	1			260		other	0
10108005	510	Response	1	12651746	3066	1
10108005	511	Sound	20	12668114	260	1			260		other	0
10108005	511	Response	1	12670706	2852	1
10108005	512	Sound	16	12685620	260	1			260		other	0
10108005	512	Response	1	12689788	4429	516
10108005	513	Sound	11	12705460	260	1			260		other	0
10108005	514	Sound	18	12731302	260	1			260		other	0
10108005	514	Response	1	12734305	3263	1
10108005	515	Sound	13	12755144	260	1			260		other	0
10108005	516	Sound	18	12771150	260	1			260		other	0
10108005	516	Response	1	12774065	3175	1
10108005	517	Sound	13	12792829	265	1			260		other	0
10108005	518	Sound	17	12820000	260	1			260		other	0
10108005	518	Response	1	12823665	3924	1
10108005	519	Sound	19	12845342	260	1			260		other	0
10108005	519	Response	1	12848545	3462	1
10108005	520	Sound	18	12864029	273	1			260		other	0
10108005	520	Response	1	12867985	4229	1
10108005	521	Sound	17	12884689	260	1			260		other	0
10108005	521	Response	1	12890224	5795	1
10108005	521	Response	1	12902064	17634	1
10108005	522	Sound	21	12903196	260	1			260		other	0
10108005	523	Sound	16	12929538	260	1			260		other	0
10108005	523	Response	1	12933264	3985	1
10108005	524	Sound	20	12944728	278	1			260		other	0
10108005	524	Response	1	12948384	3933	1
10108005	525	Sound	15	12961550	260	1			260		other	0
10108005	526	Sound	17	12978055	260	1			260		other	0
10108005	526	Response	1	12981343	3548	1
10108005	527	Sound	17	13001230	260	1			260		other	0
10108005	527	Response	1	13004703	3733	1
10108005	528	Sound	15	13024072	260	1			260		other	0
10108005	528	Response	1	13029423	5611	1
10108005	529	Sound	12	13051081	260	1			260		other	0
10108005	530	Sound	11	13073928	265	1			260		other	0
10108005	531	Sound	12	13089428	260	1			260		other	0
10108005	532	Sound	14	13109435	260	1			260		other	0
10108005	533	Sound	14	13136778	260	1			260		other	0
10108005	534	Sound	16	13152783	260	1			260		other	0
10108005	535	Sound	14	13177459	260	1			260		other	0
10108005	535	Response	1	13183022	5823	1
10108005	536	Sound	18	13194465	260	1			260		other	0
10108005	536	Response	1	13199182	4977	1
10108005	537	Sound	11	13216472	260	1			260		other	0
10108005	538	Sound	12	13235646	260	1			260		other	0
10108005	539	Sound	20	13255819	260	1			260		other	0
10108005	539	Response	1	13259021	3461	1
10108005	540	Sound	14	13271325	260	1			260		other	0
10108005	541	Sound	16	13287664	260	1			260		other	0
10108005	541	Response	1	13292861	5457	1
10108005	542	Sound	20	13303336	260	1			260		other	0
10108005	542	Response	1	13306621	3544	1
10108005	543	Sound	18	13318675	260	1			260		other	0
10108005	543	Response	1	13323661	5245	1
10108005	544	Sound	21	13342016	260	1			260		other	0
10108005	544	Response	1	13345100	3344	1
10108005	545	Sound	15	13369859	260	1			260		other	0
10108005	546	Sound	13	13385698	260	1			260		other	0
10108005	547	Sound	11	13409040	260	1			260		other	0
10108005	548	Sound	20	13425045	260	1			260		other	0
10108005	548	Response	1	13428940	4154	1
10108005	549	Sound	19	13446053	260	1			260		other	0
10108005	549	Response	1	13449899	4106	1
10108005	550	Sound	19	13467560	260	1			260		other	0
10108005	550	Response	1	13470939	3639	1
10108005	551	Sound	12	13492236	260	1			260		other	0
10108005	552	Sound	21	13512909	260	1			260		other	0
10108005	552	Response	1	13515259	2609	1
10108005	553	Sound	14	13537085	260	1			260		other	0
10108005	554	Sound	13	13561260	260	1			260		other	0
10108005	555	Sound	13	13584768	260	1			260		other	0
10108005	556	Sound	17	13607609	260	1			260		other	0
10108005	556	Response	1	13610458	3108	1
10108005	557	Sound	15	13635786	260	1			260		other	0
10108005	558	Sound	16	13657294	260	1			260		other	0
10108005	558	Response	1	13662297	5264	1
10108005	559	Sound	11	13685136	260	1			260		other	0
10108005	560	Sound	12	13712813	260	1			260		other	0
10108005	561	Response	255	13960055	227415	1
10108005	562	Sound	109	14032425	260	1			260		other	0
10108005	562	Response	1	14037574	5409	1
10108005	563	Sound	106	14049764	260	1			260		other	0
10108005	563	Response	1	14054854	5350	1
10108005	564	Sound	108	14073439	260	1			260		other	0
10108005	565	Sound	111	14098120	266	1			260		other	0
10108005	565	Response	1	14101574	3719	1
10108005	566	Sound	102	14116954	260	1			260		other	0
10108005	567	Sound	104	14137295	260	1			260		other	0
10108005	568	Sound	110	14164471	260	1			260		other	0
10108005	568	Response	1	14169493	5282	1
10108005	569	Sound	106	14185145	260	1			260		other	0
10108005	569	Response	1	14189813	4928	1
10108005	570	Sound	105	14207653	260	1			260		other	0
10108005	571	Sound	110	14231828	260	1			260		other	0
10108005	571	Response	1	14235893	4324	1
10108005	572	Sound	103	14253335	260	1			260		other	0
10108005	573	Sound	111	14272676	260	1			260		other	0
10108005	573	Response	1	14275892	3477	1
10108005	574	Sound	102	14295850	260	1			260		other	0
10108005	575	Sound	101	14319692	260	1			260		other	0
10108005	576	Sound	103	14336698	260	1			260		other	0
10108005	577	Sound	110	14364041	260	1			260		other	0
10108005	577	Response	1	14367411	3630	1
10108005	578	Sound	104	14390050	260	1			260		other	0
10108005	579	Sound	102	14416059	260	1			260		other	0
10108005	580	Sound	106	14439901	260	1			260		other	0
10108005	580	Response	1	14446291	6650	1
10108005	581	Sound	107	14461075	260	1			260		other	0
10108005	581	Response	1	14464611	3796	1
10108005	582	Sound	104	14482918	262	1			260		other	0
10108005	583	Sound	108	14502423	260	1			260		other	0
10108005	583	Response	1	14508130	5967	1
10108005	584	Sound	111	14525764	260	1			260		other	0
10108005	584	Response	1	14529490	3986	1
10108005	585	Sound	109	14546271	260	1			260		other	0
10108005	585	Response	1	14552210	6198	1
10108005	586	Sound	105	14565278	260	1			260		other	0
10108005	587	Sound	109	14583784	260	1			260		other	0
10108005	587	Response	1	14589410	5885	1
10108005	588	Sound	111	14603458	260	1			260		other	0
10108005	588	Response	1	14608609	5411	2
10108005	589	Sound	108	14626466	260	1			260		other	0
10108005	589	Response	1	14631969	5763	1
10108005	590	Sound	101	14648317	269	1			260		other	0
10108005	591	Sound	110	14664816	263	1			260		other	0
10108005	591	Response	1	14669729	5176	1
10108005	592	Sound	110	14685320	260	1			260		other	0
10108005	592	Response	1	14689649	4588	1
10108005	593	Sound	108	14707828	260	1			260		other	0
10108005	593	Response	1	14714768	7200	1
10108005	594	Sound	111	14731670	260	1			260		other	0
10108005	594	Response	1	14734848	3438	1
10108005	595	Sound	103	14758512	260	1			260		other	0
10108005	596	Sound	109	14776018	260	1			260		other	0
10108005	596	Response	1	14781648	5889	1
10108005	597	Sound	105	14796192	260	1			260		other	0
10108005	598	Sound	106	14818867	260	1			260		other	0
10108005	599	Sound	103	14839874	260	1			260		other	0
10108005	600	Sound	102	14857215	261	1			260		other	0
10108005	601	Sound	108	14875720	260	1			260		other	0
10108005	601	Response	1	14879885	4425	3
10108005	602	Sound	105	14903230	260	1			260		other	0
10108005	603	Sound	105	14924915	270	1			260		other	0
10108005	603	Response	1	14929966	5322	1
10108005	604	Sound	107	14942744	260	1			260		other	0
10108005	604	Response	1	14948286	5803	1
10108005	605	Sound	106	14968753	260	1			260		other	0
10108005	605	Response	1	14973006	4513	1
10108005	606	Sound	101	14987592	260	1			260		other	0
10108005	607	Sound	104	15006766	260	1			260		other	0
10108005	608	Sound	107	15034276	260	1			260		other	0
10108005	608	Response	1	15038526	4510	1
10108005	609	Sound	102	15053449	260	1			260		other	0
10108005	610	Sound	101	15078958	260	1			260		other	0
10108005	611	Sound	107	15098798	260	1			260		other	0
10108005	611	Response	1	15103405	4867	1
10108005	612	Sound	107	15123974	260	1			260		other	0
10108005	612	Response	1	15128765	5051	1
10108005	613	Sound	101	15152484	260	1			260		other	0
10108005	614	Sound	104	15173324	260	1			260		other	0
10108005	615	Sound	103	15194499	260	1			260		other	0
10108005	616	Sound	109	15218673	260	1			260		other	0
10108005	616	Response	1	15222444	4031	1
10108005	617	Response	255	15442682	207516	1
10108005	618	Sound	11	15516444	260	1			260		other	0
10108005	619	Sound	16	15535785	260	1			260		other	0
10108005	619	Response	1	15540521	4996	1
10108005	620	Sound	13	15553457	260	1			260		other	0
10108005	621	Sound	15	15578800	260	1			260		other	0
10108005	621	Response	1	15582921	4381	1
10108005	622	Sound	14	15599640	260	1			260		other	0
10108005	623	Sound	11	15620314	260	1			260		other	0
10108005	624	Sound	17	15639988	260	1			260		other	0
10108005	624	Response	1	15643400	3672	1
10108005	625	Sound	13	15662162	260	1			260		other	0
10108005	626	Sound	21	15684003	260	1			260		other	0
10108005	626	Response	1	15687080	3336	1
10108005	627	Sound	20	15703343	260	1			260		other	0
10108005	627	Response	1	15707160	4076	1
10108005	628	Sound	15	15722517	260	1			260		other	0
10108005	628	Response	1	15732520	10263	1
10108005	629	Sound	20	15740023	260	1			260		other	0
10108005	629	Response	1	15742599	2836	1
10108005	630	Sound	16	15768209	269	1			260		other	0
10108005	630	Response	1	15771879	3940	1
10108005	631	Sound	20	15784872	260	1			260		other	0
10108005	631	Response	1	15787559	2947	1
10108005	632	Sound	18	15803711	260	1			260		other	0
10108005	632	Response	1	15806599	3147	1
10108005	633	Sound	18	15822552	260	1			260		other	0
10108005	633	Response	1	15825159	2867	1
10108005	634	Sound	17	15844559	260	1			260		other	0
10108005	634	Response	1	15847239	2939	1
10108005	635	Sound	11	15862399	260	1			260		other	0
10108005	636	Sound	18	15888408	260	1			260		other	0
10108005	636	Response	1	15891558	3410	1
10108005	637	Sound	11	15911583	260	1			260		other	0
10108005	638	Sound	13	15935925	260	1			260		other	0
10108005	639	Sound	15	15962934	260	1			260		other	0
10108005	640	Sound	19	15986276	260	1			260		other	0
10108005	640	Response	1	15990117	4101	1
10108005	641	Sound	16	16002615	260	1			260		other	0
10108005	641	Response	1	16007797	5442	1
10108005	642	Sound	21	16018954	260	1			260		other	0
10108005	642	Response	1	16027877	9183	1
10108005	643	Sound	11	16046463	260	1			260		other	0
10108005	644	Sound	21	16062969	260	1			260		other	0
10108005	644	Response	1	16070037	7327	1
10108005	645	Sound	13	16089478	260	1			260		other	0
10108005	646	Sound	14	16113320	260	1			260		other	0
10108005	647	Sound	18	16134494	260	1			260		other	0
10108005	647	Response	1	16138436	4201	1
10108005	648	Sound	18	16159336	260	1			260		other	0
10108005	648	Response	1	16163956	4879	1
10108005	649	Sound	12	16183011	260	1			260		other	0
10108005	650	Sound	17	16205352	260	1			260		other	0
10108005	650	Response	1	16208755	3663	1
10108005	651	Sound	12	16227206	272	1			260		other	0
10108005	652	Sound	16	16244205	266	1			260		other	0
10108005	652	Response	1	16247395	3455	1
10108005	653	Sound	13	16261039	260	1			260		other	0
10108005	654	Sound	19	16276210	260	1			260		other	0
10108005	654	Response	1	16279075	3124	1
10108005	655	Sound	20	16293550	260	1			260		other	0
10108005	655	Response	1	16296355	3064	1
10108005	656	Sound	14	16318559	260	1			260		other	0
10108005	657	Sound	19	16346735	260	1			260		other	0
10108005	657	Response	1	16351634	5159	1
10108005	658	Sound	17	16364242	260	1			260		other	0
10108005	658	Response	1	16367794	3812	1
10108005	659	Sound	12	16389250	260	1			260		other	0
10108005	660	Sound	15	16417093	260	1			260		other	0
10108005	660	Response	1	16421313	4480	1
10108005	661	Sound	19	16434604	264	1			260		other	0
10108005	661	Response	1	16437713	3374	1
10108005	662	Sound	16	16461442	260	1			260		other	0
10108005	662	Response	1	16464993	3811	1
10108005	663	Sound	21	16481949	260	1			260		other	0
10108005	663	Response	1	16484433	2743	1
10108005	664	Sound	12	16507625	260	1			260		other	0
10108005	665	Sound	12	16529633	260	1			260		other	0
10108005	666	Sound	14	16548806	260	1			260		other	0
10108005	667	Sound	21	16574482	260	1			260		other	0
10108005	667	Response	1	16577312	3090	1
10108005	668	Sound	20	16596323	260	1			260		other	0
10108005	668	Response	1	16603312	7249	1
10108005	669	Sound	14	16622165	260	1			260		other	0
10108005	670	Sound	17	16642506	260	1			260		other	0
10108005	670	Response	1	16645872	3626	1
10108005	671	Sound	15	16668348	260	1			260		other	0
10108005	672	Sound	19	16690189	260	1			260		other	0
10108005	672	Response	1	16693951	4022	1
10108005	673	Response	255	16724751	13068	1
10108005	673	Response	1	16758190	46507	1
10108005	674	Sound	101	16795559	260	1			260		other	0
10108005	675	Sound	105	16817567	260	1			260		other	0
10108005	676	Sound	106	16834239	260	1			260		other	0
10108005	676	Response	1	16838110	4130	1
10108005	677	Sound	104	16856581	260	1			260		other	0
10108005	678	Sound	105	16877254	260	1			260		other	0
10108005	679	Sound	109	16899762	260	1			260		other	0
10108005	679	Response	1	16904109	4607	1
10108005	680	Sound	109	16924271	260	1			260		other	0
10108005	680	Response	1	16928589	4578	1
10108005	681	Sound	107	16949113	260	1			260		other	0
10108005	682	Sound	106	16974122	260	1			260		other	0
10108005	682	Response	1	16978988	5126	1
10108005	683	Sound	111	16999964	260	1			260		other	0
10108005	683	Response	1	17002828	3124	1
10108005	684	Sound	101	17028641	260	1			260		other	0
10108005	685	Sound	108	17053482	260	1			260		other	0
10108005	685	Response	1	17059388	6165	1
10108005	686	Sound	107	17075491	260	1			260		other	0
10108005	686	Response	1	17080828	5597	1
10108005	687	Sound	105	17093830	260	1			260		other	0
10108005	688	Sound	103	17116172	260	1			260		other	0
10108005	689	Sound	110	17135678	260	1			260		other	0
10108005	689	Response	1	17139547	4129	1
10108005	690	Sound	106	17160520	260	1			260		other	0
10108005	690	Response	1	17165147	4886	1
10108005	691	Sound	110	17176699	266	1			260		other	0
10108005	691	Response	1	17180907	4474	1
10108005	692	Sound	110	17201368	260	1			260		other	0
10108005	692	Response	1	17206427	5318	1
10108005	693	Sound	111	17224876	260	1			260		other	0
10108005	693	Response	1	17228506	3890	1
10108005	694	Sound	109	17247899	274	1			260		other	0
10108005	694	Response	1	17253386	5762	1
10108005	695	Sound	101	17274898	264	1			260		other	0
10108005	696	Sound	109	17293901	260	1			260		other	0
10108005	696	Response	1	17298826	5185	1
10108005	697	Sound	106	17319576	260	1			260		other	0
10108005	697	Response	1	17323545	4229	1
10108005	698	Sound	106	17349420	260	1			260		other	0
10108005	699	Sound	103	17367760	260	1			260		other	0
10108005	700	Sound	102	17392768	260	1			260		other	0
10108005	701	Sound	103	17418611	260	1			260		other	0
10108005	702	Sound	103	17443619	260	1			260		other	0
10108005	703	Sound	101	17461792	260	1			260		other	0
10108005	704	Sound	104	17487635	260	1			260		other	0
10108005	705	Sound	107	17507975	260	1			260		other	0
10108005	705	Response	1	17513144	5428	1
10108005	706	Sound	102	17526482	260	1			260		other	0
10108005	707	Sound	107	17542821	260	1			260		other	0
10108005	707	Response	1	17551383	8822	1
10108005	708	Sound	103	17559160	260	1			260		other	0
10108005	709	Sound	105	17583835	260	1			260		other	0
10108005	710	Sound	105	17604176	260	1			260		other	0
10108005	710	Response	1	17609463	5547	1
10108005	711	Sound	108	17632852	260	1			260		other	0
10108005	711	Response	1	17636743	4150	1
10108005	712	Sound	104	17649525	260	1			260		other	0
10108005	713	Sound	102	17669532	260	1			260		other	0
10108005	714	Sound	110	17695708	260	1			260		other	0
10108005	714	Response	1	17699062	3614	1
10108005	715	Sound	101	17720550	260	1			260		other	0
10108005	716	Sound	109	17736895	266	1			260		other	0
10108005	716	Response	1	17739702	3073	1
10108005	717	Sound	111	17754395	260	1			260		other	0
10108005	717	Response	1	17757782	3647	1
10108005	718	Sound	104	17778737	260	1			260		other	0
10108005	719	Sound	102	17796076	260	1			260		other	0
10108005	720	Sound	107	17819595	270	1			260		other	0
10108005	721	Sound	102	17845594	261	1			260		other	0
10108005	722	Sound	111	17872770	260	1			260		other	0
10108005	722	Response	1	17876181	3671	1
10108005	723	Sound	108	17898445	260	1			260		other	0
10108005	723	Response	1	17903540	5355	1
10108005	724	Sound	104	17923294	266	1			260		other	0
10108005	725	Sound	108	17941294	260	1			260		other	0
10108005	726	Sound	110	17961968	260	1			260		other	0
10108005	726	Response	1	17965540	3832	1
10108005	727	Sound	108	17978307	260	1			260		other	0
10108005	727	Response	1	17983700	5653	1
10108005	728	Sound	111	17999648	260	1			260		other	0
10108005	728	Response	1	18003380	3992	1
10108005	729	Response	255	18030660	13686	1
10108005	730	Sound	111	18102517	260	1			260		other	0
10108005	730	Response	1	18105779	3521	1
10108005	731	Sound	108	18129693	260	1			260		other	0
10108005	732	Sound	109	18153201	260	1			260		other	0
10108005	732	Response	1	18157378	4437	1
10108005	733	Sound	105	18180892	274	1			260		other	0
10108005	734	Sound	107	18208721	260	1			260		other	0
10108005	734	Response	1	18213298	4837	1
10108005	735	Sound	101	18225393	260	1			260		other	0
10108005	736	Sound	109	18242399	260	1			260		other	0
10108005	736	Response	1	18246258	4118	1
10108005	737	Sound	109	18267408	260	1			260		other	0
10108005	737	Response	1	18273137	5989	1
10108005	738	Sound	103	18296585	260	1			260		other	0
10108005	739	Sound	106	18314091	260	1			260		other	0
10108005	739	Response	1	18318977	5146	1
10108005	740	Sound	107	18330930	260	1			260		other	0
10108005	740	Response	1	18337377	6707	1
10108005	741	Sound	102	18355939	260	1			260		other	0
10108005	742	Sound	101	18383115	260	1			260		other	0
10108005	743	Sound	110	18403122	260	1			260		other	0
10108005	743	Response	1	18409216	6354	1
10108005	744	Sound	108	18431132	260	1			260		other	0
10108005	745	Sound	105	18456307	260	1			260		other	0
10108005	745	Response	1	18460336	4288	1
10108005	746	Sound	104	18475814	260	1			260		other	0
10108005	747	Sound	104	18498155	260	1			260		other	0
10108005	748	Sound	111	18519830	260	1			260		other	0
10108005	748	Response	1	18523295	3725	1
10108005	749	Sound	104	18539003	260	1			260		other	0
10108005	750	Sound	101	18555509	260	1			260		other	0
10108005	751	Sound	102	18574349	260	1			260		other	0
10108005	752	Sound	104	18594189	260	1			260		other	0
10108005	753	Sound	110	18622532	260	1			260		other	0
10108005	753	Response	1	18627214	4942	1
10108005	754	Sound	105	18641706	260	1			260		other	0
10108005	755	Sound	107	18661546	260	1			260		other	0
10108005	756	Sound	109	18681889	262	1			260		other	0
10108005	756	Response	1	18686014	4387	1
10108005	757	Sound	108	18698893	260	1			260		other	0
10108005	757	Response	1	18704974	6341	1
10108005	758	Sound	103	18718233	260	1			260		other	0
10108005	759	Sound	106	18739407	260	1			260		other	0
10108005	760	Sound	103	18758088	268	1			260		other	0
10108005	761	Sound	111	18784088	260	1			260		other	0
10108005	761	Response	1	18787373	3545	1
10108005	762	Sound	107	18804429	260	1			260		other	0
10108005	763	Sound	106	18831288	275	1			260		other	0
10108005	763	Response	1	18836332	5320	1
10108005	764	Sound	111	18849287	269	1			260		other	0
10108005	764	Response	1	18852492	3473	1
10108005	765	Sound	105	18872620	260	1			260		other	0
10108005	766	Sound	109	18888459	260	1			260		other	0
10108005	767	Sound	110	18914134	260	1			260		other	0
10108005	767	Response	1	18918652	4777	1
10108005	768	Sound	108	18937143	260	1			260		other	0
10108005	769	Sound	110	18961651	260	1			260		other	0
10108005	769	Response	1	18964971	3580	1
10108005	770	Sound	110	18986827	260	1			260		other	0
10108005	770	Response	1	18993371	6804	1
10108005	771	Sound	108	19012336	260	1			260		other	0
10108005	771	Response	1	19016731	4655	1
10108005	772	Sound	106	19034686	269	1			260		other	0
10108005	773	Sound	107	19057186	261	1			260		other	0
10108005	773	Response	1	19060651	3726	1
10108005	774	Sound	101	19086028	260	1			260		other	0
10108005	775	Sound	103	19108703	260	1			260		other	0
10108005	776	Sound	102	19131044	260	1			260		other	0
10108005	777	Sound	111	19158887	260	1			260		other	0
10108005	777	Response	1	19162009	3382	1
10108005	778	Sound	104	19182228	260	1			260		other	0
10108005	779	Sound	101	19200235	260	1			260		other	0
10108005	780	Sound	102	19226585	267	1			260		other	0
10108005	781	Sound	103	19248252	260	1			260		other	0
10108005	782	Sound	102	19271760	260	1			260		other	0
10108005	783	Sound	105	19294101	260	1			260		other	0
10108005	784	Sound	106	19319276	260	1			260		other	0
10108005	784	Response	1	19323848	4832	1
10108005	785	Response	255	19362088	14314	1
10108005	786	Sound	21	19432816	260	1			260		other	0
10108005	786	Response	1	19441847	9291	1
10108005	787	Sound	16	19453990	260	1			260		other	0
10108005	788	Sound	16	19476665	260	1			260		other	0
10108005	788	Response	1	19485127	8722	1
10108005	789	Sound	17	19500683	269	1			260		other	0
10108005	789	Response	1	19507207	6793	1
10108005	790	Sound	16	19527683	260	1			260		other	0
10108005	790	Response	1	19534006	6583	1
10108005	791	Sound	11	19544855	260	1			260		other	0
10108005	792	Sound	20	19569531	260	1			260		other	0
10108005	792	Response	1	19573366	4095	1
10108005	793	Sound	12	19594039	260	1			260		other	0
10108005	794	Sound	15	19610545	260	1			260		other	0
10108005	795	Sound	13	19626551	260	1			260		other	0
10108005	796	Sound	14	19650726	260	1			260		other	0
10108005	797	Sound	12	19671900	260	1			260		other	0
10108005	798	Sound	19	19698409	260	1			260		other	0
10108005	798	Response	1	19701125	2975	1
10108005	799	Sound	15	19722751	260	1			260		other	0
10108005	800	Sound	11	19738590	260	1			260		other	0
10108005	801	Sound	13	19760598	260	1			260		other	0
10108005	802	Sound	20	19780438	260	1			260		other	0
10108005	802	Response	1	19783524	3346	1
10108005	803	Sound	15	19801445	260	1			260		other	0
10108005	804	Sound	15	19826787	260	1			260		other	0
10108005	804	Response	1	19839444	12916	1
10108005	805	Sound	13	19846461	260	1			260		other	0
10108005	805	Response	1	19851923	5722	1
10108005	806	Sound	14	19865468	260	1			260		other	0
10108005	807	Sound	18	19886809	260	1			260		other	0
10108005	807	Response	1	19892323	5774	1
10108005	808	Sound	19	19911984	260	1			260		other	0
10108005	808	Response	1	19916563	4839	1
10108005	809	Sound	12	19937660	260	1			260		other	0
10108005	810	Sound	19	19964680	270	1			260		other	0
10108005	810	Response	1	19969842	5433	1
10108005	811	Sound	14	19985343	260	1			260		other	0
10108005	812	Sound	17	20012352	260	1			260		other	0
10108005	812	Response	1	20016162	4069	1
10108005	813	Sound	19	20035527	260	1			260		other	0
10108005	813	Response	1	20039282	4014	1
10108005	814	Sound	20	20054379	271	1			260		other	0
10108005	814	Response	1	20060322	6214	1
10108005	815	Sound	19	20073379	265	1			260		other	0
10108005	815	Response	1	20076482	3367	1
10108005	816	Sound	21	20095215	260	1			260		other	0
10108005	816	Response	1	20097681	2726	1
10108005	817	Sound	18	20114222	260	1			260		other	0
10108005	817	Response	1	20117281	3319	1
10108005	818	Sound	21	20139397	260	1			260		other	0
10108005	818	Response	1	20142001	2864	1
10108005	819	Sound	18	20157236	260	1			260		other	0
10108005	819	Response	1	20162081	5104	1
10108005	820	Sound	14	20178911	260	1			260		other	0
10108005	821	Sound	20	20200585	260	1			260		other	0
10108005	821	Response	1	20205360	5035	1
10108005	822	Sound	16	20223260	260	1			260		other	0
10108005	822	Response	1	20229600	6600	1
10108005	823	Sound	11	20239432	260	1			260		other	0
10108005	824	Sound	11	20264778	263	1			260		other	0
10108005	825	Sound	17	20289616	260	1			260		other	0
10108005	825	Response	1	20293600	4243	1
10108005	826	Sound	13	20315459	260	1			260		other	0
10108005	827	Sound	17	20336477	271	1			260		other	0
10108005	827	Response	1	20339919	3713	1
10108005	828	Sound	16	20356806	260	1			260		other	0
10108005	829	Sound	18	20376313	260	1			260		other	0
10108005	829	Response	1	20379199	3145	1
10108005	830	Sound	15	20399988	260	1			260		other	0
10108005	830	Response	1	20406079	6350	1
10108005	831	Sound	12	20423676	273	1			260		other	0
10108005	832	Sound	14	20446676	265	1			260		other	0
10108005	833	Sound	17	20466512	260	1			260		other	0
10108005	833	Response	1	20471838	5586	1
10108005	834	Sound	21	20482017	260	1			260		other	0
10108005	834	Response	1	20486078	4321	1
10108005	835	Sound	21	20501857	260	1			260		other	0
10108005	835	Response	1	20505518	3920	1
10108005	836	Sound	12	20526032	260	1			260		other	0
10108005	837	Sound	18	20547040	260	1			260		other	0
10108005	837	Response	1	20550718	3937	1
10108005	838	Sound	20	20563379	260	1			260		other	0
10108005	838	Response	1	20566477	3358	1
10108005	839	Sound	13	20583386	260	1			260		other	0
10108005	840	Sound	11	20608895	260	1			260		other	0
10108005	841	Response	255	20710156	84935	1
10108005	842	Sound	14	20773286	260	1			260		other	0
10108005	843	Sound	19	20794626	260	1			260		other	0
10108005	843	Response	1	20798235	3869	1
10108005	844	Sound	20	20820802	260	1			260		other	0
10108005	844	Response	1	20824235	3692	1
10108005	845	Sound	18	20842810	260	1			260		other	0
10108005	845	Response	1	20851275	8725	1
10108005	846	Sound	13	20860316	260	1			260		other	0
10108005	847	Sound	13	20875988	260	1			260		other	0
10108005	848	Sound	12	20891827	260	1			260		other	0
10108005	849	Sound	12	20918837	260	1			260		other	0
10108005	850	Sound	17	20937677	260	1			260		other	0
10108005	850	Response	1	20940634	3217	1
10108005	851	Sound	17	20965520	260	1			260		other	0
10108005	851	Response	1	20969034	3774	1
10108005	852	Sound	21	20986373	272	1			260		other	0
10108005	852	Response	1	20989354	3253	1
10108005	853	Sound	11	21002872	266	1			260		other	0
10108005	854	Sound	21	21025540	260	1			260		other	0
10108005	854	Response	1	21027993	2712	1
10108005	855	Sound	12	21050049	260	1			260		other	0
10108005	856	Sound	21	21072724	260	1			260		other	0
10108005	856	Response	1	21076073	3609	1
10108005	857	Sound	12	21097066	260	1			260		other	0
10108005	858	Sound	13	21122408	260	1			260		other	0
10108005	859	Sound	17	21149584	260	1			260		other	0
10108005	860	Sound	20	21174426	260	1			260		other	0
10108005	860	Response	1	21177032	2866	1
10108005	861	Sound	14	21199435	260	1			260		other	0
10108005	862	Sound	11	21215274	260	1			260		other	0
10108005	863	Sound	14	21236615	260	1			260		other	0
10108005	864	Sound	21	21263457	260	1			260		other	0
10108005	864	Response	1	21266151	2954	1
10108005	865	Sound	18	21291634	260	1			260		other	0
10108005	865	Response	1	21296071	4696	2
10108005	866	Sound	15	21312808	260	1			260		other	0
10108005	867	Sound	12	21332148	260	1			260		other	0
10108005	868	Sound	16	21350655	260	1			260		other	0
10108005	868	Response	1	21353750	3356	1
10108005	869	Sound	16	21378831	260	1			260		other	0
10108005	870	Sound	18	21398338	260	1			260		other	0
10108005	870	Response	1	21400950	2872	1
10108005	871	Sound	15	21423847	260	1			260		other	0
10108005	871	Response	1	21428870	5283	1
10108005	872	Sound	13	21449189	260	1			260		other	0
10108005	873	Sound	11	21475369	264	1			260		other	0
10108005	874	Sound	19	21498540	260	1			260		other	0
10108005	874	Response	1	21501829	3549	1
10108005	875	Sound	21	21515712	260	1			260		other	0
10108005	875	Response	1	21518869	3416	1
10108005	876	Sound	19	21540721	260	1			260		other	0
10108005	876	Response	1	21544709	4248	1
10108005	877	Sound	11	21560395	260	1			260		other	0
10108005	878	Sound	19	21580235	260	1			260		other	0
10108005	878	Response	1	21585109	5133	1
10108005	879	Sound	18	21605077	260	1			260		other	0
10108005	879	Response	1	21608868	4051	1
10108005	880	Sound	14	21626584	260	1			260		other	0
10108005	881	Sound	18	21641923	260	1			260		other	0
10108005	881	Response	1	21645588	3924	1
10108005	882	Sound	15	21665768	263	1			260		other	0
10108005	883	Sound	17	21691941	260	1			260		other	0
10108005	883	Response	1	21696948	5267	1
10108005	884	Sound	19	21714782	260	1			260		other	0
10108005	884	Response	1	21721587	7065	1
10108005	885	Sound	20	21738624	260	1			260		other	0
10108005	885	Response	1	21745667	7303	1
10108005	886	Sound	20	21762467	261	1			260		other	0
10108005	886	Response	1	21767027	4821	1
10108005	887	Sound	11	21782806	260	1			260		other	0
10108005	888	Sound	15	21806814	260	1			260		other	0
10108005	889	Sound	16	21834657	260	1			260		other	0
10108005	889	Response	1	21844786	10389	1
10108005	890	Sound	17	21859833	260	1			260		other	0
10108005	890	Response	1	21868386	8813	1
10108005	891	Sound	13	21877506	260	1			260		other	0
10108005	892	Sound	20	21893178	260	1			260		other	0
10108005	892	Response	1	21897266	4348	1
10108005	893	Sound	16	21909183	260	1			260		other	0
10108005	894	Sound	14	21936366	266	1			260		other	0
10108005	895	Sound	16	21958868	260	1			260		other	0
10108005	895	Response	1	21965425	6817	1
10108005	896	Sound	15	21980375	260	1			260		other	0
10108005	897	Response	255	22659899	659030	1
10108005	898	Sound	104	22729638	260	1			260		other	0
10108005	899	Sound	109	22751812	260	1			260		other	0
10108005	899	Response	1	22757498	5946	1
10108005	900	Sound	105	22776987	260	1			260		other	0
10108005	900	Response	1	22782458	5730	1
10108005	901	Sound	110	22800162	260	1			260		other	0
10108005	901	Response	1	22804058	4156	1
10108005	902	Sound	108	22824004	260	1			260		other	0
10108005	902	Response	1	22828058	4314	1
10108005	903	Sound	109	22843510	260	1			260		other	0
10108005	903	Response	1	22847097	3846	1
10108005	904	Sound	111	22869020	260	1			260		other	0
10108005	904	Response	1	22873737	4977	1
10108005	905	Sound	108	22897196	260	1			260		other	0
10108005	906	Sound	111	22922372	260	1			260		other	0
10108005	906	Response	1	22926777	4665	1
10108005	907	Sound	104	22939378	260	1			260		other	0
10108005	908	Sound	107	22959059	267	1			260		other	0
10108005	908	Response	1	22963257	4465	1
10108005	909	Sound	105	22981225	260	1			260		other	0
10108005	910	Sound	101	23006568	260	1			260		other	0
10108005	911	Sound	111	23027242	260	1			260		other	0
10108005	911	Response	1	23030616	3634	1
10108005	912	Sound	108	23046582	260	1			260		other	0
10108005	913	Sound	105	23072424	260	1			260		other	0
10108005	914	Sound	107	23094431	260	1			260		other	0
10108005	914	Response	1	23098295	4124	1
10108005	915	Sound	103	23115939	260	1			260		other	0
10108005	916	Sound	106	23140615	260	1			260		other	0
10108005	916	Response	1	23146775	6420	1
10108005	917	Sound	102	23158621	260	1			260		other	0
10108005	918	Sound	109	23182963	260	1			260		other	0
10108005	918	Response	1	23188535	5831	1
10108005	919	Sound	101	23205637	260	1			260		other	0
10108005	920	Sound	102	23222310	260	1			260		other	0
10108005	921	Sound	104	23245657	265	1			260		other	0
10108005	922	Sound	109	23263658	260	1			260		other	0
10108005	922	Response	1	23267814	4416	1
10108005	923	Sound	108	23288500	260	1			260		other	0
10108005	923	Response	1	23293174	4934	1
10108005	924	Sound	110	23316843	260	1			260		other	0
10108005	924	Response	1	23321333	4750	1
10108005	925	Sound	106	23344019	260	1			260		other	0
10108005	926	Sound	105	23363693	260	1			260		other	0
10108005	927	Sound	110	23387201	260	1			260		other	0
10108005	927	Response	1	23390133	3191	1
10108005	928	Sound	103	23410709	260	1			260		other	0
10108005	929	Sound	111	23432717	260	1			260		other	0
10108005	929	Response	1	23435812	3355	1
10108005	930	Sound	106	23448722	260	1			260		other	0
10108005	931	Sound	103	23467396	260	1			260		other	0
10108005	932	Sound	107	23485736	260	1			260		other	0
10108005	932	Response	1	23490852	5376	1
10108005	933	Sound	103	23502575	260	1			260		other	0
10108005	934	Sound	108	23529255	264	1			260		other	0
10108005	934	Response	1	23536052	7060	1
10108005	935	Sound	110	23547257	260	1			260		other	0
10108005	935	Response	1	23551571	4574	1
10108005	936	Sound	104	23566097	260	1			260		other	0
10108005	937	Sound	107	23591455	275	1			260		other	0
10108005	937	Response	1	23595971	4792	1
10108005	938	Sound	111	23618282	260	1			260		other	0
10108005	938	Response	1	23623491	5469	1
10108005	939	Sound	101	23634954	260	1			260		other	0
10108005	940	Sound	102	23651127	260	1			260		other	0
10108005	941	Sound	105	23671300	260	1			260		other	0
10108005	941	Response	1	23677410	6370	1
10108005	942	Sound	106	23696154	271	1			260		other	0
10108005	942	Response	1	23700370	4487	2
10108005	943	Sound	101	23712815	260	1			260		other	0
10108005	944	Sound	110	23737990	260	1			260		other	0
10108005	944	Response	1	23741650	3919	1
10108005	945	Sound	102	23761499	260	1			260		other	0
10108005	946	Sound	101	23790009	260	1			260		other	0
10108005	947	Sound	102	23806514	260	1			260		other	0
10108005	948	Sound	106	23835191	260	1			260		other	0
10108005	948	Response	1	23839489	4557	1
10108005	949	Sound	104	23861200	260	1			260		other	0
10108005	950	Sound	103	23880707	260	1			260		other	0
10108005	951	Sound	109	23904382	260	1			260		other	0
10108005	951	Response	1	23909008	4886	1
10108005	952	Sound	107	23929391	260	1			260		other	0
10108005	952	Response	1	23934288	5157	1
10108005	953	Response	255	23964928	16043	1
10108005	954	Sound	110	24031093	260	1			260		other	0
10108005	954	Response	1	24036527	5694	1
10108005	955	Sound	102	24050267	260	1			260		other	0
10108005	956	Sound	102	24066606	260	1			260		other	0
10108005	957	Sound	111	24095449	260	1			260		other	0
10108005	957	Response	1	24099887	4697	1
10108005	958	Sound	111	24117123	260	1			260		other	0
10108005	958	Response	1	24120686	3823	1
10108005	959	Sound	108	24141799	260	1			260		other	0
10108005	960	Sound	108	24170309	260	1			260		other	0
10108005	960	Response	1	24175486	5437	1
10108005	961	Sound	108	24193817	260	1			260		other	0
10108005	961	Response	1	24196926	3369	1
10108005	962	Sound	107	24214324	260	1			260		other	0
10108005	962	Response	1	24218045	3981	1
10108005	963	Sound	111	24237332	260	1			260		other	0
10108005	963	Response	1	24240125	3053	1
10108005	964	Sound	109	24258850	270	1			260		other	0
10108005	964	Response	1	24262685	4105	1
10108005	965	Sound	106	24280514	260	1			260		other	0
10108005	966	Sound	105	24302855	260	1			260		other	0
10108005	966	Response	1	24306765	4169	1
10108005	967	Sound	104	24320360	260	1			260		other	0
10108005	967	Response	1	24324444	4344	1
10108005	968	Sound	110	24346870	260	1			260		other	0
10108005	968	Response	1	24350684	4073	1
10108005	969	Sound	109	24369378	260	1			260		other	0
10108005	969	Response	1	24374284	5165	1
10108005	970	Sound	110	24392720	260	1			260		other	0
10108005	970	Response	1	24398124	5664	1
10108005	971	Sound	107	24420563	260	1			260		other	0
10108005	971	Response	1	24425164	4860	1
10108005	972	Sound	103	24437902	260	1			260		other	0
10108005	973	Sound	107	24459248	265	1			260		other	0
10108005	973	Response	1	24465164	6180	1
10108005	974	Sound	110	24483251	260	1			260		other	0
10108005	974	Response	1	24488523	5531	1
10108005	975	Sound	109	24502925	260	1			260		other	0
10108005	975	Response	1	24506843	4178	1
10108005	976	Sound	104	24523099	260	1			260		other	0
10108005	977	Sound	101	24549448	266	1			260		other	0
10108005	978	Sound	106	24574283	260	1			260		other	0
10108005	978	Response	1	24578282	4258	3
10108005	979	Sound	107	24590622	260	1			260		other	0
10108005	980	Sound	106	24611797	260	1			260		other	0
10108005	980	Response	1	24615642	4105	1
10108005	981	Sound	102	24628469	260	1			260		other	0
10108005	982	Sound	105	24656979	260	1			260		other	0
10108005	982	Response	1	24661082	4362	1
10108005	983	Sound	104	24683822	260	1			260		other	0
10108005	984	Sound	108	24706163	260	1			260		other	0
10108005	984	Response	1	24710041	4138	1
10108005	985	Sound	103	24725503	260	1			260		other	0
10108005	986	Sound	102	24753013	260	1			260		other	0
10108005	987	Sound	109	24779855	260	1			260		other	0
10108005	987	Response	1	24783400	3805	1
10108005	988	Sound	104	24808032	260	1			260		other	0
10108005	989	Sound	105	24825204	260	1			260		other	0
10108005	989	Response	1	24831960	7015	1
10108005	990	Sound	111	24851714	260	1			260		other	0
10108005	990	Response	1	24856600	5146	1
10108005	991	Sound	105	24867720	260	1			260		other	0
10108005	992	Sound	107	24886893	260	1			260		other	0
10108005	993	Sound	105	24910245	271	1			260		other	0
10108005	994	Sound	104	24926907	260	1			260		other	0
10108005	995	Sound	101	24953416	260	1			260		other	0
10108005	996	Sound	108	24974590	260	1			260		other	0
10108005	997	Sound	106	24994264	260	1			260		other	0
10108005	997	Response	1	24999239	5235	1
10108005	998	Sound	102	25014771	260	1			260		other	0
10108005	999	Sound	109	25040780	260	1			260		other	0
10108005	999	Response	1	25045398	4878	1
10108005	1000	Sound	103	25065455	260	1			260		other	0
10108005	1001	Sound	101	25088797	260	1			260		other	0
10108005	1002	Sound	111	25110805	260	1			260		other	0
10108005	1002	Response	1	25115078	4533	1
10108005	1003	Sound	101	25126977	260	1			260		other	0
10108005	1004	Sound	103	25147817	260	1			260		other	0
10108005	1005	Sound	101	25171659	260	1			260		other	0
10108005	1006	Sound	106	25200343	267	1			260		other	0
10108005	1006	Response	1	25204837	4761	1
10108005	1007	Sound	110	25220343	260	1			260		other	0
10108005	1007	Response	1	25224917	4833	1
10108005	1008	Sound	103	25249687	260	1			260		other	0
