Scenario - 
Logfile written - 09/14/2018 18:44:24

Subject	Trial	Event Type	Code	Time	TTime	Uncertainty	Duration	Uncertainty	ReqTime	ReqDur	Stim Type	Pair Index

10108002	1	Response	255	41192	41026	2
10108002	2	Sound	112	114053	260	1			260		other	0
10108002	2	Response	1	119672	5879	1
10108002	3	Sound	101	139395	260	1			260		other	0
10108002	4	Sound	109	159569	260	1			260		other	0
10108002	5	Sound	104	189579	260	1			260		other	0
10108002	6	Sound	101	217755	260	1			260		other	0
10108002	7	Sound	111	233594	260	1			260		other	0
10108002	8	Sound	109	258937	260	1			260		other	0
10108002	8	Response	1	264710	6033	1
10108002	9	Sound	107	276276	260	1			260		other	0
10108002	10	Sound	108	295449	260	1			260		other	0
10108002	11	Sound	106	324126	260	1			260		other	0
10108002	12	Sound	101	346134	260	1			260		other	0
10108002	13	Sound	105	363640	260	1			260		other	0
10108002	14	Sound	111	382647	260	1			260		other	0
10108002	14	Response	1	387909	5522	1
10108002	15	Sound	110	399486	260	1			260		other	0
10108002	15	Response	1	406709	7483	1
10108002	16	Sound	103	423661	260	1			260		other	0
10108002	17	Sound	102	447014	271	1			260		other	0
10108002	18	Sound	110	477346	260	1			260		other	0
10108002	18	Response	1	482948	5862	1
10108002	19	Sound	107	504189	260	1			260		other	0
10108002	19	Response	1	508708	4779	1
10108002	20	Sound	106	527713	276	1			260		other	0
10108002	21	Sound	103	551039	260	1			260		other	0
10108002	22	Sound	110	578715	260	1			260		other	0
10108002	22	Response	1	583187	4732	1
10108002	23	Sound	111	606725	260	1			260		other	0
10108002	23	Response	1	611827	5362	1
10108002	24	Sound	107	629900	260	1			260		other	0
10108002	24	Response	1	638227	8587	1
10108002	25	Sound	107	653408	260	1			260		other	0
10108002	26	Sound	108	680918	260	1			260		other	0
10108002	27	Sound	104	703592	260	1			260		other	0
10108002	28	Sound	106	733936	260	1			260		other	0
10108002	28	Response	1	739186	5510	1
10108002	29	Sound	105	763446	260	1			260		other	0
10108002	30	Sound	112	779285	260	1			260		other	0
10108002	30	Response	1	783106	4080	1
10108002	31	Sound	106	800793	260	1			260		other	0
10108002	32	Sound	102	829469	260	1			260		other	0
10108002	33	Sound	111	855145	260	1			260		other	0
10108002	33	Response	1	859745	4860	1
10108002	34	Sound	103	884656	260	1			260		other	0
10108002	35	Sound	109	901995	260	1			260		other	0
10108002	36	Sound	102	928510	266	1			260		other	0
10108002	37	Sound	108	952846	260	1			260		other	0
10108002	38	Sound	108	974020	260	1			260		other	0
10108002	39	Sound	104	989692	260	1			260		other	0
10108002	40	Sound	101	1015868	260	1			260		other	0
10108002	41	Sound	109	1033541	260	1			260		other	0
10108002	42	Sound	105	1052381	260	1			260		other	0
10108002	43	Sound	112	1074722	260	1			260		other	0
10108002	43	Response	1	1080783	6321	1
10108002	44	Sound	103	1095896	260	1			260		other	0
10108002	45	Sound	112	1124073	260	1			260		other	0
10108002	45	Response	1	1128463	4650	1
10108002	46	Sound	105	1153249	260	1			260		other	0
10108002	47	Sound	102	1172923	260	1			260		other	0
10108002	48	Sound	104	1196765	260	1			260		other	0
10108002	49	Sound	110	1219273	260	1			260		other	0
10108002	49	Response	1	1224542	5529	1
10108002	50	Response	255	1262542	18773	1
10108002	51	Sound	14	1337981	260	1			260		other	0
10108002	52	Sound	13	1359822	260	1			260		other	0
10108002	53	Sound	11	1386498	260	1			260		other	0
10108002	54	Sound	18	1402007	264	1			260		other	0
10108002	55	Sound	16	1431513	260	1			260		other	0
10108002	56	Sound	20	1461691	260	1			260		other	0
10108002	57	Sound	17	1483031	260	1			260		other	0
10108002	58	Sound	17	1511875	260	1			260		other	0
10108002	59	Sound	14	1538551	260	1			260		other	0
10108002	60	Sound	22	1566061	260	1			260		other	0
10108002	60	Response	1	1576299	10498	1
10108002	61	Sound	19	1589735	260	1			260		other	0
10108002	62	Sound	21	1605908	260	1			260		other	0
10108002	62	Response	1	1612938	7290	1
10108002	63	Sound	19	1630416	260	1			260		other	0
10108002	64	Sound	11	1656759	260	1			260		other	0
10108002	65	Sound	13	1676766	260	1			260		other	0
10108002	66	Sound	19	1693772	260	1			260		other	0
10108002	66	Response	1	1705338	11825	1
10108002	67	Sound	13	1711778	260	1			260		other	0
10108002	68	Sound	12	1730451	260	1			260		other	0
10108002	69	Sound	12	1752292	260	1			260		other	0
10108002	70	Sound	20	1782305	261	1			260		other	0
10108002	70	Response	1	1792537	10494	1
10108002	71	Sound	15	1804811	260	1			260		other	0
10108002	72	Sound	12	1821650	260	1			260		other	0
10108002	73	Sound	12	1842991	260	1			260		other	0
10108002	74	Sound	16	1866166	260	1			260		other	0
10108002	75	Sound	22	1892675	260	1			260		other	0
10108002	75	Response	1	1896936	4521	1
10108002	76	Sound	18	1916183	260	1			260		other	0
10108002	76	Response	1	1922936	7012	1
10108002	77	Sound	20	1935356	260	1			260		other	0
10108002	77	Response	1	1939575	4479	1
10108002	78	Sound	16	1959703	265	1			260		other	0
10108002	79	Sound	11	1982206	260	1			260		other	0
10108002	80	Sound	18	1999212	260	1			260		other	0
10108002	81	Sound	19	2020553	260	1			260		other	0
10108002	81	Response	1	2029575	9282	1
10108002	82	Sound	14	2038226	260	1			260		other	0
10108002	83	Sound	17	2063234	260	1			260		other	0
10108002	83	Response	1	2067974	5000	1
10108002	84	Sound	16	2088077	260	1			260		other	0
10108002	85	Sound	11	2113419	260	1			260		other	0
10108002	86	Sound	15	2133092	260	1			260		other	0
10108002	87	Sound	21	2159102	261	1			260		other	0
10108002	87	Response	1	2163254	4412	1
10108002	88	Sound	14	2186944	260	1			260		other	0
10108002	89	Sound	21	2217122	260	1			260		other	0
10108002	89	Response	1	2222453	5591	1
10108002	90	Sound	22	2241964	260	1			260		other	0
10108002	90	Response	1	2245413	3709	1
10108002	91	Sound	15	2264138	260	1			260		other	0
10108002	92	Sound	17	2282311	260	1			260		other	0
10108002	93	Sound	22	2305653	260	1			260		other	0
10108002	93	Response	1	2308932	3540	1
10108002	94	Sound	13	2330161	260	1			260		other	0
10108002	95	Sound	18	2353336	260	1			260		other	0
10108002	95	Response	1	2358532	5456	1
10108002	96	Sound	21	2372176	260	1			260		other	0
10108002	96	Response	1	2378212	6296	1
10108002	97	Sound	20	2390182	260	1			260		other	0
10108002	97	Response	1	2394772	4849	1
10108002	98	Sound	15	2415691	260	1			260		other	0
10108002	99	Response	255	2446771	14087	1
10108002	100	Sound	12	2531232	260	1			260		other	0
10108002	101	Sound	16	2549405	260	1			260		other	0
10108002	102	Sound	17	2569912	260	1			260		other	0
10108002	103	Sound	15	2595754	260	1			260		other	0
10108002	104	Sound	12	2613927	260	1			260		other	0
10108002	105	Sound	15	2640770	260	1			260		other	0
10108002	106	Sound	14	2656109	260	1			260		other	0
10108002	107	Sound	19	2685619	260	1			260		other	0
10108002	108	Sound	21	2709461	260	1			260		other	0
10108002	108	Response	1	2712689	3488	1
10108002	109	Sound	22	2738804	260	1			260		other	0
10108002	109	Response	1	2741489	2944	1
10108002	110	Sound	21	2760812	260	1			260		other	0
10108002	110	Response	1	2764209	3656	1
10108002	111	Sound	16	2783987	260	1			260		other	0
10108002	111	Response	1	2788928	5201	1
10108002	112	Sound	12	2804160	260	1			260		other	0
10108002	113	Sound	18	2826502	260	1			260		other	0
10108002	113	Response	1	2832608	6366	1
10108002	114	Sound	18	2854845	260	1			260		other	0
10108002	114	Response	1	2859248	4662	1
10108002	115	Sound	13	2870517	260	1			260		other	0
10108002	116	Sound	20	2894359	260	1			260		other	0
10108002	116	Response	1	2898127	4028	1
10108002	117	Sound	11	2912865	260	1			260		other	0
10108002	118	Sound	15	2941709	260	1			260		other	0
10108002	119	Sound	18	2964897	273	1			260		other	0
10108002	119	Response	1	2969567	4943	1
10108002	120	Sound	17	2980722	260	1			260		other	0
10108002	120	Response	1	2985967	5504	1
10108002	121	Sound	14	3002897	260	1			260		other	0
10108002	122	Sound	21	3022070	260	1			260		other	0
10108002	122	Response	1	3025486	3676	1
10108002	123	Sound	16	3040577	260	1			260		other	0
10108002	124	Sound	14	3063096	271	1			260		other	0
10108002	125	Sound	16	3085926	260	1			260		other	0
10108002	125	Response	1	3089726	4060	1
10108002	126	Sound	11	3102932	260	1			260		other	0
10108002	127	Sound	13	3118771	260	1			260		other	0
10108002	128	Sound	22	3146947	260	1			260		other	0
10108002	128	Response	1	3151725	5038	1
10108002	129	Sound	15	3169622	260	1			260		other	0
10108002	130	Sound	17	3189962	260	1			260		other	0
10108002	130	Response	1	3194525	4822	1
10108002	131	Sound	11	3210469	260	1			260		other	0
10108002	132	Sound	22	3235978	260	1			260		other	0
10108002	132	Response	1	3239564	3846	1
10108002	133	Sound	11	3256152	260	1			260		other	0
10108002	134	Sound	18	3272158	260	1			260		other	0
10108002	134	Response	1	3279964	8066	1
10108002	135	Sound	19	3302335	260	1			260		other	0
10108002	135	Response	1	3306604	4529	1
10108002	136	Sound	20	3324509	260	1			260		other	0
10108002	136	Response	1	3327803	3554	1
10108002	137	Sound	13	3354353	260	1			260		other	0
10108002	138	Sound	17	3373694	260	1			260		other	0
10108002	138	Response	1	3380923	7490	1
10108002	139	Sound	22	3400202	260	1			260		other	0
10108002	139	Response	1	3406043	6100	1
10108002	140	Sound	19	3419876	260	1			260		other	0
10108002	140	Response	1	3425483	5866	1
10108002	141	Sound	21	3447393	267	1			260		other	0
10108002	141	Response	1	3452762	5637	1
10108002	142	Sound	13	3476229	260	1			260		other	0
10108002	143	Sound	12	3500404	260	1			260		other	0
10108002	144	Sound	19	3526246	260	1			260		other	0
10108002	144	Response	1	3532762	6775	1
10108002	145	Sound	14	3549255	260	1			260		other	0
10108002	145	Response	1	3575801	26807	1
10108002	146	Sound	20	3576264	260	1			260		other	0
10108002	147	Sound	20	3594104	260	1			260		other	0
10108002	147	Response	1	3598441	4597	1
10108002	148	Response	255	3631241	13809	1
10108002	149	Sound	108	3707810	260	1			260		other	0
10108002	149	Response	1	3717320	9770	1
10108002	150	Sound	102	3733152	260	1			260		other	0
10108002	151	Sound	104	3749825	260	1			260		other	0
10108002	152	Sound	104	3779335	260	1			260		other	0
10108002	153	Sound	101	3807178	260	1			260		other	0
10108002	154	Sound	112	3824851	260	1			260		other	0
10108002	154	Response	1	3829399	4808	1
10108002	155	Sound	101	3841357	260	1			260		other	0
10108002	156	Sound	107	3860197	260	1			260		other	0
10108002	157	Sound	112	3877703	260	1			260		other	0
10108002	157	Response	1	3880759	3315	1
10108002	158	Sound	111	3895709	260	1			260		other	0
10108002	158	Response	1	3898839	3389	1
10108002	159	Sound	106	3914049	260	1			260		other	0
10108002	159	Response	1	3917638	3849	1
10108002	160	Sound	105	3943559	260	1			260		other	0
10108002	160	Response	1	3953478	10179	1
10108002	161	Sound	105	3971069	260	1			260		other	0
10108002	161	Response	1	3979238	8429	1
10108002	162	Sound	102	3995244	260	1			260		other	0
10108002	163	Sound	106	4017589	264	1			260		other	0
10108002	164	Sound	110	4038759	260	1			260		other	0
10108002	164	Response	1	4043237	4738	1
10108002	165	Sound	112	4058600	260	1			260		other	0
10108002	166	Sound	102	4075439	260	1			260		other	0
10108002	167	Sound	110	4092945	260	1			260		other	0
10108002	167	Response	1	4097397	4712	1
10108002	168	Sound	110	4115119	260	1			260		other	0
10108002	169	Sound	109	4142629	260	1			260		other	0
10108002	169	Response	1	4151796	9427	3
10108002	170	Sound	109	4170472	260	1			260		other	0
10108002	170	Response	1	4175156	4944	1
10108002	171	Sound	103	4187811	260	1			260		other	0
10108002	172	Sound	104	4210988	262	1			260		other	0
10108002	173	Sound	111	4231660	260	1			260		other	0
10108002	173	Response	1	4236995	5595	1
10108002	174	Sound	112	4249666	260	1			260		other	0
10108002	174	Response	1	4254275	4869	1
10108002	175	Sound	107	4276342	260	1			260		other	0
10108002	175	Response	1	4281155	5073	1
10108002	176	Sound	107	4292515	260	1			260		other	0
10108002	176	Response	1	4296195	3940	1
10108002	177	Sound	105	4308187	260	1			260		other	0
10108002	178	Sound	107	4337864	260	1			260		other	0
10108002	178	Response	1	4347555	9950	1
10108002	179	Sound	110	4362039	260	1			260		other	0
10108002	179	Response	1	4366114	4335	1
10108002	180	Sound	109	4382713	260	1			260		other	0
10108002	180	Response	1	4386434	3981	1
10108002	181	Sound	108	4411556	260	1			260		other	0
10108002	182	Sound	104	4441067	260	1			260		other	0
10108002	183	Sound	102	4469410	260	1			260		other	0
10108002	184	Sound	106	4497086	260	1			260		other	0
10108002	184	Response	1	4501313	4487	1
10108002	185	Sound	108	4524429	260	1			260		other	0
10108002	185	Response	1	4528033	3864	1
10108002	186	Sound	101	4554940	260	1			260		other	0
10108002	186	Response	1	4560113	5433	1
10108002	187	Sound	111	4578281	260	1			260		other	0
10108002	187	Response	1	4581713	3691	1
10108002	188	Sound	111	4606625	260	1			260		other	0
10108002	188	Response	1	4609472	3107	1
10108002	189	Sound	108	4631800	260	1			260		other	0
10108002	189	Response	1	4635712	4172	1
10108002	190	Sound	103	4660310	260	1			260		other	0
10108002	190	Response	1	4664752	4701	1
10108002	191	Sound	106	4682318	260	1			260		other	0
10108002	191	Response	1	4689872	7813	1
10108002	192	Sound	103	4698490	260	1			260		other	0
10108002	193	Sound	101	4722999	260	1			260		other	0
10108002	194	Sound	105	4748841	260	1			260		other	0
10108002	195	Sound	103	4766014	260	1			260		other	0
10108002	196	Sound	109	4782186	260	1			260		other	0
10108002	197	Response	255	7237690	2433342	1
10108002	198	Sound	11	7321241	260	1			260		other	0
10108002	199	Sound	12	7340915	260	1			260		other	0
10108002	200	Sound	12	7357267	272	1			260		other	0
10108002	201	Sound	20	7383766	263	1			260		other	0
10108002	201	Response	1	7390808	7304	1
10108002	202	Sound	20	7403603	260	1			260		other	0
10108002	202	Response	1	7407848	4504	1
10108002	203	Sound	19	7427445	260	1			260		other	0
10108002	203	Response	1	7432088	4902	1
10108002	204	Sound	11	7449286	260	1			260		other	0
10108002	205	Sound	22	7478130	260	1			260		other	0
10108002	205	Response	1	7481687	3817	1
10108002	206	Sound	22	7495302	260	1			260		other	0
10108002	206	Response	1	7498967	3925	1
10108002	207	Sound	14	7523312	260	1			260		other	0
10108002	208	Sound	18	7547320	260	1			260		other	0
10108002	208	Response	1	7552647	5586	1
10108002	209	Sound	18	7563665	265	1			260		other	0
10108002	209	Response	1	7573686	10287	1
10108002	210	Sound	12	7581666	260	1			260		other	0
10108002	211	Sound	15	7598838	260	1			260		other	0
10108002	212	Sound	11	7618179	260	1			260		other	0
10108002	213	Sound	13	7647865	269	1			260		other	0
10108002	214	Sound	17	7666529	260	1			260		other	0
10108002	214	Response	1	7674566	8296	1
10108002	215	Sound	21	7687203	260	1			260		other	0
10108002	215	Response	1	7690085	3142	1
10108002	216	Sound	19	7708544	260	1			260		other	0
10108002	216	Response	1	7712565	4281	1
10108002	217	Sound	16	7725883	260	1			260		other	0
10108002	217	Response	1	7730245	4622	1
10108002	218	Sound	17	7754393	260	1			260		other	0
10108002	218	Response	1	7758005	3871	1
10108002	219	Sound	18	7777401	260	1			260		other	0
10108002	219	Response	1	7784485	7343	1
10108002	220	Sound	19	7793907	260	1			260		other	0
10108002	220	Response	1	7798405	4757	1
10108002	221	Sound	20	7813247	260	1			260		other	0
10108002	221	Response	1	7817204	4217	1
10108002	222	Sound	21	7833254	260	1			260		other	0
10108002	222	Response	1	7842164	9170	1
10108002	222	Response	1	7845204	12210	1
10108002	223	Sound	21	7849763	263	1			260		other	0
10108002	223	Response	1	7854324	4824	1
10108002	224	Sound	14	7879604	260	1			260		other	0
10108002	225	Sound	12	7894942	260	1			260		other	0
10108002	226	Sound	20	7917282	260	1			260		other	0
10108002	226	Response	1	7922724	5701	1
10108002	227	Sound	13	7945627	260	1			260		other	0
10108002	228	Sound	16	7971803	260	1			260		other	0
10108002	228	Response	1	7979123	7580	1
10108002	229	Sound	16	7989309	260	1			260		other	0
10108002	230	Sound	15	8014317	260	1			260		other	0
10108002	231	Sound	18	8039162	262	1			260		other	0
10108002	231	Response	1	8043762	4863	1
10108002	232	Sound	16	8057999	260	1			260		other	0
10108002	233	Sound	22	8078673	260	1			260		other	0
10108002	233	Response	1	8083522	5108	1
10108002	234	Sound	14	8094512	260	1			260		other	0
10108002	235	Sound	19	8110684	260	1			260		other	0
10108002	235	Response	1	8117842	7417	1
10108002	236	Sound	17	8137361	260	1			260		other	0
10108002	236	Response	1	8147522	10421	1
10108002	237	Sound	17	8156200	260	1			260		other	0
10108002	237	Response	1	8168241	12301	1
10108002	238	Sound	15	8183043	260	1			260		other	0
10108002	239	Sound	21	8206885	260	1			260		other	0
10108002	239	Response	1	8212881	6256	1
10108002	240	Sound	22	8225561	262	1			260		other	0
10108002	240	Response	1	8232321	7022	1
10108002	241	Sound	13	8254401	260	1			260		other	0
10108002	242	Sound	13	8282244	260	1			260		other	0
10108002	243	Sound	14	8300584	260	1			260		other	0
10108002	244	Sound	15	8327427	260	1			260		other	0
10108002	245	Sound	11	8350268	260	1			260		other	0
10108002	246	Response	255	8821036	449440	1
10108002	247	Sound	103	8896626	260	1			260		other	0
10108002	248	Sound	101	8918801	260	1			260		other	0
10108002	249	Sound	111	8935640	260	1			260		other	0
10108002	249	Response	1	8949675	14294	1
10108002	250	Sound	107	8956656	268	1			260		other	0
10108002	251	Sound	106	8976988	260	1			260		other	0
10108002	252	Sound	105	9005998	260	1			260		other	0
10108002	253	Sound	109	9033341	260	1			260		other	0
10108002	253	Response	1	9038394	5313	1
10108002	254	Sound	102	9061355	264	1			260		other	0
10108002	255	Sound	105	9077356	260	1			260		other	0
10108002	256	Sound	106	9093362	260	1			260		other	0
10108002	257	Sound	101	9118871	260	1			260		other	0
10108002	258	Sound	107	9141054	269	1			260		other	0
10108002	258	Response	1	9146713	5927	1
10108002	259	Sound	103	9156884	260	1			260		other	0
10108002	260	Sound	111	9179392	260	1			260		other	0
10108002	260	Response	1	9183832	4700	1
10108002	261	Sound	102	9200066	260	1			260		other	0
10108002	262	Sound	112	9227575	260	1			260		other	0
10108002	262	Response	1	9230632	3316	1
10108002	263	Sound	111	9249917	260	1			260		other	0
10108002	263	Response	1	9253352	3695	1
10108002	264	Sound	111	9272091	260	1			260		other	0
10108002	264	Response	1	9275592	3760	1
10108002	265	Sound	105	9294766	260	1			260		other	0
10108002	266	Sound	109	9318953	272	1			260		other	0
10108002	266	Response	1	9324071	5390	1
10108002	267	Sound	108	9347784	260	1			260		other	0
10108002	267	Response	1	9353591	6067	1
10108002	268	Sound	107	9371959	260	1			260		other	0
10108002	268	Response	1	9376071	4371	1
10108002	269	Sound	109	9392800	260	1			260		other	0
10108002	269	Response	1	9396231	3691	1
10108002	270	Sound	108	9408972	260	1			260		other	0
10108002	270	Response	1	9416550	7838	1
10108002	271	Sound	112	9438316	260	1			260		other	0
10108002	271	Response	1	9441670	3614	1
10108002	272	Sound	104	9461157	260	1			260		other	0
10108002	273	Sound	104	9490667	260	1			260		other	0
10108002	274	Sound	108	9516009	260	1			260		other	0
10108002	275	Sound	110	9534852	262	1			260		other	0
10108002	275	Response	1	9538629	4039	1
10108002	276	Sound	109	9565360	260	1			260		other	0
10108002	276	Response	1	9576389	11288	1
10108002	277	Sound	103	9595037	260	1			260		other	0
10108002	278	Sound	103	9624714	260	1			260		other	0
10108002	279	Sound	106	9648056	260	1			260		other	0
10108002	280	Sound	106	9673065	260	1			260		other	0
10108002	281	Sound	104	9694906	260	1			260		other	0
10108002	282	Sound	102	9724416	260	1			260		other	0
10108002	283	Sound	101	9744923	260	1			260		other	0
10108002	284	Sound	112	9763930	260	1			260		other	0
10108002	284	Response	1	9767107	3437	1
10108002	285	Sound	105	9787605	260	1			260		other	0
10108002	286	Sound	101	9813781	260	1			260		other	0
10108002	287	Sound	110	9837289	260	1			260		other	0
10108002	287	Response	1	9841427	4398	1
10108002	288	Sound	110	9860630	260	1			260		other	0
10108002	288	Response	1	9865187	4816	1
10108002	289	Sound	104	9885973	260	1			260		other	0
10108002	290	Sound	110	9903479	260	1			260		other	0
10108002	290	Response	1	9907826	4607	1
10108002	291	Sound	107	9927154	260	1			260		other	0
10108002	291	Response	1	9932306	5412	1
10108002	292	Sound	102	9946994	260	1			260		other	0
10108002	293	Sound	108	9976171	260	1			260		other	0
10108002	294	Sound	112	9994677	260	1			260		other	0
10108002	295	Response	255	10042385	20878	1
10108002	296	Sound	105	10110385	260	1			260		other	0
10108002	297	Sound	108	10130392	260	1			260		other	0
10108002	298	Sound	102	10152900	260	1			260		other	0
10108002	299	Sound	104	10177747	266	1			260		other	0
10108002	300	Sound	109	10199249	260	1			260		other	0
10108002	300	Response	1	10204703	5714	1
10108002	301	Sound	112	10218089	260	1			260		other	0
10108002	301	Response	1	10221743	3914	1
10108002	302	Sound	108	10236429	260	1			260		other	0
10108002	302	Response	1	10239423	3254	1
10108002	303	Sound	101	10258947	270	1			260		other	0
10108002	304	Sound	104	10286279	260	1			260		other	0
10108002	305	Sound	101	10303952	260	1			260		other	0
10108002	306	Sound	108	10334296	260	1			260		other	0
10108002	306	Response	1	10340382	6346	1
10108002	307	Sound	105	10358305	260	1			260		other	0
10108002	308	Sound	106	10374977	260	1			260		other	0
10108002	308	Response	1	10380542	5825	1
10108002	309	Sound	111	10395484	260	1			260		other	0
10108002	309	Response	1	10399982	4757	1
10108002	310	Sound	107	10422327	260	1			260		other	0
10108002	311	Sound	103	10450504	260	1			260		other	0
10108002	312	Sound	110	10478514	260	1			260		other	0
10108002	312	Response	1	10484941	6687	1
10108002	313	Sound	102	10502022	260	1			260		other	0
10108002	314	Sound	109	10528531	260	1			260		other	0
10108002	314	Response	1	10538061	9789	1
10108002	315	Sound	104	10557208	260	1			260		other	0
10108002	316	Sound	103	10573547	260	1			260		other	0
10108002	317	Sound	110	10601057	260	1			260		other	0
10108002	317	Response	1	10605980	5183	1
10108002	318	Sound	108	10626399	260	1			260		other	0
10108002	318	Response	1	10632380	6241	1
10108002	319	Sound	106	10647744	264	1			260		other	0
10108002	319	Response	1	10651660	4180	1
10108002	320	Sound	106	10670081	260	1			260		other	0
10108002	320	Response	1	10674539	4718	1
10108002	321	Sound	111	10685586	260	1			260		other	0
10108002	321	Response	1	10689659	4333	1
10108002	322	Sound	106	10710428	260	1			260		other	0
10108002	323	Sound	110	10735103	260	1			260		other	0
10108002	323	Response	1	10740539	5695	1
10108002	324	Sound	107	10765114	260	1			260		other	0
10108002	324	Response	1	10770699	5845	1
10108002	325	Sound	105	10782120	260	1			260		other	0
10108002	326	Sound	112	10810797	260	1			260		other	0
10108002	326	Response	1	10815258	4721	1
10108002	327	Sound	102	10827469	260	1			260		other	0
10108002	328	Sound	107	10849810	260	1			260		other	0
10108002	329	Sound	109	10865982	260	1			260		other	0
10108002	330	Sound	107	10887990	260	1			260		other	0
10108002	331	Sound	102	10907998	260	1			260		other	0
10108002	332	Sound	105	10931506	260	1			260		other	0
10108002	332	Response	1	10938217	6971	1
10108002	333	Sound	109	10956848	260	1			260		other	0
10108002	333	Response	1	10961657	5069	1
10108002	334	Sound	101	10983857	260	1			260		other	0
10108002	335	Sound	103	11013701	260	1			260		other	0
10108002	336	Sound	103	11033708	260	1			260		other	0
10108002	337	Sound	112	11053715	260	1			260		other	0
10108002	337	Response	1	11057336	3881	1
10108002	338	Sound	112	11078057	260	1			260		other	0
10108002	338	Response	1	11081336	3539	1
10108002	339	Sound	104	11103241	269	1			260		other	0
10108002	340	Sound	101	11121405	260	1			260		other	0
10108002	341	Sound	111	11147081	260	1			260		other	0
10108002	341	Response	1	11153175	6354	1
10108002	342	Sound	110	11163920	260	1			260		other	0
10108002	343	Sound	111	11182941	273	1			260		other	0
10108002	343	Response	1	11189895	7228	1
10108002	344	Response	255	11275974	69719	1
10108002	345	Sound	108	11346317	260	1			260		other	0
10108002	345	Response	1	11351974	5916	1
10108002	346	Sound	109	11376662	260	1			260		other	0
10108002	346	Response	1	11381493	5091	1
10108002	347	Sound	112	11397835	260	1			260		other	0
10108002	347	Response	1	11401173	3597	1
10108002	348	Sound	105	11414508	260	1			260		other	0
10108002	349	Sound	112	11432514	260	1			260		other	0
10108002	349	Response	1	11435653	3398	1
10108002	350	Sound	112	11456356	260	1			260		other	0
10108002	350	Response	1	11459732	3636	1
10108002	351	Sound	107	11484699	260	1			260		other	0
10108002	352	Sound	109	11513376	260	1			260		other	0
10108002	352	Response	1	11519332	6216	1
10108002	353	Sound	110	11543220	260	1			260		other	0
10108002	353	Response	1	11548851	5891	1
10108002	354	Sound	106	11573564	260	1			260		other	0
10108002	355	Sound	101	11599239	260	1			260		other	0
10108002	356	Sound	105	11616079	260	1			260		other	0
10108002	357	Sound	107	11637253	260	1			260		other	0
10108002	358	Sound	112	11655759	260	1			260		other	0
10108002	358	Response	1	11658691	3191	1
10108002	359	Sound	111	11679267	260	1			260		other	0
10108002	360	Sound	106	11706944	260	1			260		other	0
10108002	361	Sound	110	11726617	260	1			260		other	0
10108002	361	Response	1	11731890	5532	1
10108002	362	Sound	106	11749125	260	1			260		other	0
10108002	363	Sound	101	11775301	260	1			260		other	0
10108002	364	Sound	104	11794808	260	1			260		other	0
10108002	365	Sound	105	11814481	260	1			260		other	0
10108002	366	Sound	109	11837323	260	1			260		other	0
10108002	366	Response	1	11849649	12586	1
10108002	367	Sound	104	11862999	260	1			260		other	0
10108002	368	Sound	102	11883506	260	1			260		other	0
10108002	369	Sound	103	11906347	260	1			260		other	0
10108002	370	Sound	109	11935524	260	1			260		other	0
10108002	370	Response	1	11939648	4384	1
10108002	371	Sound	108	11958535	263	1			260		other	0
10108002	371	Response	1	11963008	4736	1
10108002	372	Sound	102	11986542	260	1			260		other	0
10108002	373	Sound	103	12005548	260	1			260		other	0
10108002	374	Sound	105	12028235	272	1			260		other	0
10108002	375	Sound	107	12044235	266	1			260		other	0
10108002	375	Response	1	12049727	5758	1
10108002	376	Sound	111	12065570	260	1			260		other	0
10108002	377	Sound	104	12090245	260	1			260		other	0
10108002	378	Sound	106	12107917	260	1			260		other	0
10108002	379	Sound	108	12129759	260	1			260		other	0
10108002	379	Response	1	12136927	7428	1
10108002	380	Sound	110	12157602	260	1			260		other	0
10108002	381	Sound	102	12185945	260	1			260		other	0
10108002	382	Sound	110	12210120	260	1			260		other	0
10108002	383	Sound	104	12228633	267	1			260		other	0
10108002	384	Sound	103	12252802	260	1			260		other	0
10108002	385	Sound	111	12278310	260	1			260		other	0
10108002	385	Response	1	12281726	3675	1
10108002	386	Sound	103	12302152	260	1			260		other	0
10108002	387	Sound	107	12319492	260	1			260		other	0
10108002	388	Sound	101	12349335	260	1			260		other	0
10108002	389	Sound	111	12373844	260	1			260		other	0
10108002	390	Sound	108	12400020	260	1			260		other	0
10108002	390	Response	1	12406684	6924	1
10108002	391	Sound	101	12428532	262	1			260		other	0
10108002	392	Sound	102	12449537	260	1			260		other	0
10108002	393	Response	255	12518523	41656	1
10108002	394	Sound	105	12580750	260	1			260		other	0
10108002	395	Sound	103	12598089	260	1			260		other	0
10108002	396	Sound	106	12617263	260	1			260		other	0
10108002	397	Sound	103	12639437	260	1			260		other	0
10108002	398	Sound	111	12663631	278	1			260		other	0
10108002	398	Response	1	12671002	7650	1
10108002	399	Sound	101	12684786	260	1			260		other	0
10108002	400	Sound	107	12700292	260	1			260		other	0
10108002	400	Response	1	12705562	5530	1
10108002	401	Sound	103	12728968	260	1			260		other	0
10108002	402	Sound	107	12758312	260	1			260		other	0
10108002	403	Sound	109	12780320	260	1			260		other	0
10108002	403	Response	1	12787641	7581	1
10108002	404	Sound	105	12796659	260	1			260		other	0
10108002	405	Sound	111	12813331	260	1			260		other	0
10108002	405	Response	1	12818921	5849	1
10108002	406	Sound	106	12835672	260	1			260		other	0
10108002	407	Sound	101	12861515	260	1			260		other	0
10108002	408	Sound	104	12889858	260	1			260		other	0
10108002	409	Sound	101	12919035	260	1			260		other	0
10108002	410	Sound	110	12938208	260	1			260		other	0
10108002	410	Response	1	12944279	6331	1
10108002	411	Sound	104	12957382	260	1			260		other	0
10108002	412	Sound	111	12986058	260	1			260		other	0
10108002	412	Response	1	12990359	4560	1
10108002	413	Sound	112	13005065	260	1			260		other	0
10108002	413	Response	1	13010279	5474	1
10108002	414	Sound	103	13027240	260	1			260		other	0
10108002	415	Sound	102	13056428	271	1			260		other	0
10108002	416	Sound	111	13078758	260	1			260		other	0
10108002	416	Response	1	13083239	4741	1
10108002	417	Sound	108	13099932	260	1			260		other	0
10108002	417	Response	1	13119078	19406	1
10108002	418	Sound	105	13125441	260	1			260		other	0
10108002	419	Sound	109	13149616	260	1			260		other	0
10108002	419	Response	1	13155318	5962	1
10108002	420	Sound	102	13179627	260	1			260		other	0
10108002	421	Sound	110	13205135	260	1			260		other	0
10108002	421	Response	1	13213877	9002	1
10108002	422	Sound	107	13227143	260	1			260		other	0
10108002	423	Sound	112	13245316	260	1			260		other	0
10108002	423	Response	1	13250357	5301	1
10108002	424	Sound	109	13267826	262	1			260		other	0
10108002	424	Response	1	13274837	7273	1
10108002	425	Sound	106	13290665	260	1			260		other	0
10108002	426	Sound	104	13317841	260	1			260		other	0
10108002	427	Sound	112	13340849	260	1			260		other	0
10108002	427	Response	1	13345156	4567	1
10108002	428	Sound	110	13360856	260	1			260		other	0
10108002	428	Response	1	13368276	7679	1
10108002	429	Sound	101	13376695	260	1			260		other	0
10108002	430	Sound	105	13400370	260	1			260		other	0
10108002	431	Sound	104	13421544	260	1			260		other	0
10108002	432	Sound	108	13446386	260	1			260		other	0
10108002	432	Response	1	13453715	7589	1
10108002	433	Sound	102	13473729	260	1			260		other	0
10108002	434	Sound	108	13490068	260	1			260		other	0
10108002	435	Sound	112	13516077	260	1			260		other	0
10108002	435	Response	1	13520995	5177	1
10108002	436	Sound	109	13535584	260	1			260		other	0
10108002	436	Response	1	13543075	7750	1
10108002	437	Sound	110	13557092	260	1			260		other	0
10108002	437	Response	1	13561634	4802	1
10108002	438	Sound	107	13587269	260	1			260		other	0
10108002	439	Sound	102	13609277	260	1			260		other	0
10108002	440	Sound	108	13625116	260	1			260		other	0
10108002	440	Response	1	13631954	7098	1
10108002	441	Sound	106	13647624	260	1			260		other	0
10108002	441	Response	1	13654914	7550	1
10108002	442	Response	255	13681793	17010	1
10108002	443	Sound	108	13769666	260	1			260		other	0
10108002	444	Sound	101	13789523	276	1			260		other	0
10108002	445	Sound	110	13809013	260	1			260		other	0
10108002	445	Response	1	13817632	8878	1
10108002	446	Sound	104	13837023	260	1			260		other	0
10108002	447	Sound	104	13858531	260	1			260		other	0
10108002	448	Sound	109	13885374	260	1			260		other	0
10108002	448	Response	1	13895231	10118	1
10108002	449	Sound	103	13912222	266	1			260		other	0
10108002	450	Sound	105	13929056	260	1			260		other	0
10108002	451	Sound	106	13945895	260	1			260		other	0
10108002	452	Sound	112	13976239	260	1			260		other	0
10108002	452	Response	1	13980591	4612	1
10108002	453	Sound	107	13993745	260	1			260		other	0
10108002	454	Sound	107	14016921	262	1			260		other	0
10108002	454	Response	1	14022590	5931	1
10108002	455	Sound	109	14043429	260	1			260		other	0
10108002	456	Sound	103	14067437	260	1			260		other	0
10108002	457	Sound	111	14083776	260	1			260		other	0
10108002	457	Response	1	14090270	6753	1
10108002	458	Sound	102	14111453	260	1			260		other	0
10108002	459	Sound	110	14129459	260	1			260		other	0
10108002	460	Sound	111	14145131	260	1			260		other	0
10108002	460	Response	1	14149709	4838	1
10108002	460	Response	1	14154989	10118	1
10108002	461	Sound	106	14164971	260	1			260		other	0
10108002	462	Sound	111	14184478	260	1			260		other	0
10108002	462	Response	1	14192109	7890	1
10108002	463	Sound	112	14200484	260	1			260		other	0
10108002	463	Response	1	14205228	5004	1
10108002	464	Sound	105	14226993	260	1			260		other	0
10108002	465	Sound	108	14248667	260	1			260		other	0
10108002	466	Sound	105	14279178	260	1			260		other	0
10108002	467	Sound	101	14303353	260	1			260		other	0
10108002	468	Sound	108	14333530	260	1			260		other	0
10108002	469	Sound	106	14361374	260	1			260		other	0
10108002	470	Sound	110	14387219	263	1			260		other	0
10108002	470	Response	1	14392187	5231	1
10108002	471	Sound	101	14416559	260	1			260		other	0
10108002	472	Sound	103	14446903	260	1			260		other	0
10108002	473	Sound	102	14476418	264	1			260		other	0
10108002	474	Sound	112	14500255	260	1			260		other	0
10108002	474	Response	1	14505146	5150	1
10108002	475	Sound	102	14528599	260	1			260		other	0
10108002	476	Sound	105	14550607	260	1			260		other	0
10108002	477	Sound	111	14575118	262	1			260		other	0
10108002	477	Response	1	14580505	5650	1
10108002	478	Sound	109	14602958	260	1			260		other	0
10108002	478	Response	1	14611705	9007	1
10108002	479	Sound	106	14632135	260	1			260		other	0
10108002	480	Sound	108	14661812	260	1			260		other	0
10108002	481	Sound	112	14685821	260	1			260		other	0
10108002	481	Response	1	14690585	5024	1
10108002	482	Sound	109	14702326	260	1			260		other	0
10108002	483	Sound	110	14719499	260	1			260		other	0
10108002	484	Sound	102	14747342	260	1			260		other	0
10108002	485	Sound	107	14771517	260	1			260		other	0
10108002	486	Sound	104	14801694	260	1			260		other	0
10108002	487	Sound	103	14826036	260	1			260		other	0
10108002	488	Sound	107	14849216	264	1			260		other	0
10108002	488	Response	1	14853783	4832	1
10108002	489	Sound	104	14876220	260	1			260		other	0
10108002	490	Sound	101	14903397	260	1			260		other	0
10108002	491	Response	255	15045541	112147	1
10108002	492	Sound	16	15116138	260	1			260		other	0
10108002	493	Sound	13	15133314	263	1			260		other	0
10108002	494	Sound	14	15150983	260	1			260		other	0
10108002	495	Sound	20	15180994	260	1			260		other	0
10108002	495	Response	1	15193940	13206	1
10108002	496	Sound	11	15205669	260	1			260		other	0
10108002	497	Sound	15	15235180	260	1			260		other	0
10108002	497	Response	1	15245220	10300	1
10108002	498	Sound	14	15259021	260	1			260		other	0
10108002	499	Sound	15	15287698	260	1			260		other	0
10108002	500	Sound	15	15315541	260	1			260		other	0
10108002	501	Sound	16	15336215	260	1			260		other	0
10108002	502	Sound	11	15365225	260	1			260		other	0
10108002	503	Sound	18	15382564	260	1			260		other	0
10108002	503	Response	1	15388578	6274	1
10108002	504	Sound	11	15410074	260	1			260		other	0
10108002	505	Sound	20	15426580	260	1			260		other	0
10108002	505	Response	1	15436178	9858	1
10108002	505	Response	255	15436898	10578	1
10108002	506	Sound	21	15456424	260	1			260		other	0
10108002	506	Response	1	15462818	6654	1
10108002	507	Sound	11	15476431	260	1			260		other	0
10108002	508	Sound	22	15502273	260	1			260		other	0
10108002	508	Response	1	15508257	6244	1
10108002	508	Response	255	15508657	6644	1
10108002	509	Sound	21	15524448	260	1			260		other	0
10108002	509	Response	1	15532257	8069	1
10108002	510	Sound	14	15548956	260	1			260		other	0
10108002	511	Sound	12	15578800	260	1			260		other	0
10108002	512	Sound	19	15598974	260	1			260		other	0
10108002	512	Response	1	15603697	4982	1
10108002	513	Sound	21	15615646	260	1			260		other	0
10108002	513	Response	1	15620736	5350	1
10108002	514	Sound	12	15636654	260	1			260		other	0
10108002	515	Sound	17	15655010	277	1			260		other	0
10108002	516	Sound	13	15678510	268	1			260		other	0
10108002	517	Sound	14	15701176	260	1			260		other	0
10108002	518	Sound	17	15722350	260	1			260		other	0
10108002	518	Response	1	15728895	6805	1
10108002	519	Sound	13	15746025	260	1			260		other	0
10108002	520	Sound	16	15761531	260	1			260		other	0
10108002	520	Response	1	15767775	6504	1
10108002	521	Sound	16	15788707	260	1			260		other	0
10108002	521	Response	1	15794015	5568	1
10108002	522	Sound	21	15818050	260	1			260		other	0
10108002	522	Response	1	15822654	4864	1
10108002	523	Sound	12	15847061	260	1			260		other	0
10108002	523	Response	1	15857774	10974	1
10108002	524	Sound	17	15868902	260	1			260		other	0
10108002	524	Response	1	15873694	5052	1
10108002	525	Sound	15	15886741	260	1			260		other	0
10108002	526	Sound	20	15904747	260	1			260		other	0
10108002	526	Response	1	15908894	4406	1
10108002	527	Sound	22	15933591	260	1			260		other	0
10108002	527	Response	1	15939054	5722	1
10108002	528	Sound	17	15960934	260	1			260		other	0
10108002	528	Response	1	15973773	13099	1
10108002	529	Sound	18	15983442	260	1			260		other	0
10108002	529	Response	1	15988173	4991	1
10108002	530	Sound	22	15999781	260	1			260		other	0
10108002	530	Response	1	16005053	5532	1
10108002	531	Sound	20	16027624	260	1			260		other	0
10108002	531	Response	1	16033453	6089	1
10108002	532	Sound	12	16057808	266	1			260		other	0
10108002	533	Sound	18	16076808	260	1			260		other	0
10108002	533	Response	1	16082572	6024	1
10108002	534	Sound	19	16105484	260	1			260		other	0
10108002	534	Response	1	16110732	5507	1
10108002	535	Sound	18	16132327	260	1			260		other	0
10108002	535	Response	1	16141132	9064	1
10108002	536	Sound	19	16153507	265	1			260		other	0
10108002	536	Response	1	16159212	5970	1
10108002	536	Response	1	16161692	8450	1
10108002	537	Sound	22	16180677	260	1			260		other	0
10108002	537	Response	1	16186091	5674	1
10108002	538	Sound	13	16209354	260	1			260		other	0
10108002	539	Sound	19	16233706	270	1			260		other	0
10108002	539	Response	1	16238971	5535	1
10108002	540	Response	255	17588799	1334442	1
10108002	541	Sound	105	17658197	262	1			260		other	0
10108002	541	Response	1	17668318	10383	1
10108002	542	Sound	108	17675367	260	1			260		other	0
10108002	542	Response	1	17680079	4971	1
10108002	543	Sound	106	17699543	260	1			260		other	0
10108002	544	Sound	102	17723217	260	1			260		other	0
10108002	545	Sound	106	17744058	260	1			260		other	0
10108002	546	Sound	106	17767566	260	1			260		other	0
10108002	546	Response	1	17772957	5651	1
10108002	547	Sound	101	17788907	260	1			260		other	0
10108002	547	Response	255	17805997	17350	1
10108002	548	Sound	107	17810415	260	1			260		other	0
10108002	548	Response	1	17815517	5362	1
10108002	549	Sound	104	17826595	268	1			260		other	0
10108002	550	Sound	110	17847095	261	1			260		other	0
10108002	550	Response	1	17850957	4123	1
10108002	551	Sound	106	17871103	260	1			260		other	0
10108002	551	Response	1	17876477	5634	1
10108002	552	Sound	101	17891276	260	1			260		other	0
10108002	553	Sound	104	17917295	269	1			260		other	0
10108002	554	Sound	107	17934124	260	1			260		other	0
10108002	554	Response	1	17940316	6452	1
10108002	555	Sound	104	17959967	260	1			260		other	0
10108002	556	Sound	109	17988644	260	1			260		other	0
10108002	556	Response	1	17992716	4332	1
10108002	557	Sound	112	18015820	260	1			260		other	0
10108002	557	Response	1	18023116	7555	1
10108002	558	Sound	101	18035660	260	1			260		other	0
10108002	559	Sound	112	18055834	260	1			260		other	0
10108002	559	Response	1	18059355	3781	1
10108002	560	Sound	108	18086178	260	1			260		other	0
10108002	560	Response	1	18089915	3997	1
10108002	561	Sound	102	18104851	260	1			260		other	0
10108002	562	Sound	103	18126525	260	1			260		other	0
10108002	563	Sound	108	18145032	260	1			260		other	0
10108002	564	Sound	103	18169374	260	1			260		other	0
10108002	565	Sound	101	18185379	260	1			260		other	0
10108002	566	Sound	105	18204719	260	1			260		other	0
10108002	566	Response	1	18212954	8494	1
10108002	567	Sound	110	18224226	260	1			260		other	0
10108002	567	Response	1	18228874	4907	1
10108002	568	Sound	109	18245734	260	1			260		other	0
10108002	568	Response	1	18249194	3719	1
10108002	569	Sound	111	18266241	260	1			260		other	0
10108002	569	Response	1	18270393	4412	1
10108002	570	Sound	110	18291592	269	1			260		other	0
10108002	570	Response	1	18295513	4190	1
10108002	571	Sound	105	18308256	260	1			260		other	0
10108002	572	Sound	107	18337933	260	1			260		other	0
10108002	572	Response	1	18342473	4800	1
10108002	573	Sound	104	18362608	260	1			260		other	0
10108002	574	Sound	111	18385616	260	1			260		other	0
10108002	574	Response	1	18392712	7356	2
10108002	575	Sound	111	18407292	261	1			260		other	0
10108002	575	Response	1	18412392	5361	1
10108002	576	Sound	112	18432633	260	1			260		other	0
10108002	576	Response	1	18435752	3379	1
10108002	577	Sound	109	18462491	275	1			260		other	0
10108002	578	Sound	111	18483817	260	1			260		other	0
10108002	578	Response	1	18488631	5074	1
10108002	579	Sound	107	18506825	260	1			260		other	0
10108002	579	Response	1	18512231	5665	1
10108002	580	Sound	109	18533334	260	1			260		other	0
10108002	581	Sound	102	18553675	260	1			260		other	0
10108002	582	Sound	110	18583852	260	1			260		other	0
10108002	583	Sound	103	18609028	260	1			260		other	0
10108002	584	Sound	108	18629702	260	1			260		other	0
10108002	584	Response	1	18634070	4628	1
10108002	585	Sound	105	18647390	275	1			260		other	0
10108002	586	Sound	112	18669890	267	1			260		other	0
10108002	586	Response	1	18673430	3807	1
10108002	587	Sound	103	18690390	260	1			260		other	0
10108002	588	Sound	102	18710230	260	1			260		other	0
10108002	589	Response	255	18743989	12432	1
10108002	589	Response	255	18807029	75471	1
10108002	590	Sound	18	18821769	260	1			260		other	0
10108002	590	Response	1	18834628	13119	1
10108002	591	Sound	22	18848788	270	1			260		other	0
10108002	591	Response	1	18852948	4430	1
10108002	592	Sound	14	18877789	260	1			260		other	0
10108002	593	Sound	21	18899296	260	1			260		other	0
10108002	593	Response	1	18905588	6552	1
10108002	594	Sound	12	18923304	260	1			260		other	0
10108002	595	Sound	18	18947813	260	1			260		other	0
10108002	595	Response	1	18955667	8114	2
10108002	596	Sound	15	18976156	260	1			260		other	0
10108002	597	Sound	20	18999164	260	1			260		other	0
10108002	597	Response	1	19007187	8282	1
10108002	598	Sound	12	19019672	260	1			260		other	0
10108002	599	Sound	16	19040345	260	1			260		other	0
10108002	600	Sound	17	19068355	260	1			260		other	0
10108002	600	Response	1	19078226	10131	1
10108002	601	Sound	15	19084194	260	1			260		other	0
10108002	602	Sound	13	19103368	260	1			260		other	0
10108002	603	Sound	19	19129710	260	1			260		other	0
10108002	603	Response	1	19134386	4936	1
10108002	604	Sound	12	19147887	263	1			260		other	0
10108002	605	Sound	19	19176726	260	1			260		other	0
10108002	605	Response	1	19183745	7279	1
10108002	606	Sound	11	19194233	260	1			260		other	0
10108002	607	Sound	14	19224243	260	1			260		other	0
10108002	608	Sound	19	19245917	260	1			260		other	0
10108002	609	Sound	16	19267925	260	1			260		other	0
10108002	609	Response	1	19274145	6479	1
10108002	610	Sound	16	19284264	260	1			260		other	0
10108002	611	Sound	13	19300770	260	1			260		other	0
10108002	612	Sound	21	19321610	260	1			260		other	0
10108002	612	Response	1	19325904	4553	1
10108002	613	Sound	17	19338785	262	1			260		other	0
10108002	614	Sound	11	19363125	260	1			260		other	0
10108002	615	Sound	15	19381798	260	1			260		other	0
10108002	616	Sound	22	19400638	260	1			260		other	0
10108002	616	Response	1	19409343	8965	1
10108002	617	Sound	11	19421985	265	1			260		other	0
10108002	618	Sound	22	19449989	260	1			260		other	0
10108002	618	Response	1	19454383	4654	1
10108002	619	Sound	11	19469162	260	1			260		other	0
10108002	620	Sound	13	19496505	260	1			260		other	0
10108002	621	Sound	17	19525684	262	1			260		other	0
10108002	621	Response	1	19535182	9760	1
10108002	622	Sound	14	19548023	260	1			260		other	0
10108002	623	Sound	20	19573699	260	1			260		other	0
10108002	623	Response	1	19579102	5663	1
10108002	624	Sound	15	19591538	260	1			260		other	0
10108002	625	Sound	17	19614546	260	1			260		other	0
10108002	625	Response	1	19623022	8735	1
10108002	626	Sound	22	19639055	260	1			260		other	0
10108002	626	Response	1	19650781	11986	1
10108002	627	Sound	13	19667898	260	1			260		other	0
10108002	628	Sound	16	19690406	260	1			260		other	0
10108002	628	Response	1	19699901	9754	1
10108002	629	Sound	20	19709413	260	1			260		other	0
10108002	629	Response	1	19717580	8426	2
10108002	630	Sound	18	19738590	260	1			260		other	0
10108002	631	Sound	14	19763098	260	1			260		other	0
10108002	632	Sound	18	19778937	260	1			260		other	0
10108002	633	Sound	20	19795443	260	1			260		other	0
10108002	633	Response	1	19801260	6076	1
10108002	634	Sound	21	19810782	260	1			260		other	0
10108002	634	Response	1	19818780	8257	1
10108002	635	Sound	12	19836291	260	1			260		other	0
10108002	636	Sound	19	19852129	260	1			260		other	0
10108002	636	Response	1	19853020	1150	1
10108002	637	Sound	21	19873137	260	1			260		other	0
10108002	637	Response	1	19877739	4862	1
10108002	638	Response	255	21553085	1650284	1
10108002	639	Sound	103	21626918	260	1			260		other	0
10108002	640	Sound	102	21651926	260	1			260		other	0
10108002	641	Sound	102	21681937	260	1			260		other	0
10108002	642	Sound	110	21700943	260	1			260		other	0
10108002	642	Response	1	21712523	11839	1
10108002	643	Sound	103	21729787	260	1			260		other	0
10108002	644	Sound	111	21753796	260	1			260		other	0
10108002	644	Response	1	21766283	12747	2
10108002	645	Sound	109	21780805	260	1			260		other	0
10108002	645	Response	1	21785723	5177	1
10108002	646	Sound	109	21809148	260	1			260		other	0
10108002	646	Response	1	21812362	3474	1
10108002	647	Sound	110	21833490	260	1			260		other	0
10108002	647	Response	1	21837722	4492	1
10108002	648	Sound	105	21853497	260	1			260		other	0
10108002	649	Sound	101	21873838	260	1			260		other	0
10108002	650	Sound	106	21893678	260	1			260		other	0
10108002	650	Response	1	21898202	4784	1
10108002	651	Sound	106	21914185	260	1			260		other	0
10108002	652	Sound	105	21930024	260	1			260		other	0
10108002	653	Sound	108	21948364	260	1			260		other	0
10108002	653	Response	1	21952841	4737	1
10108002	654	Sound	111	21970538	260	1			260		other	0
10108002	654	Response	1	21975561	5282	1
10108002	655	Sound	106	21987877	260	1			260		other	0
10108002	656	Sound	107	22008218	260	1			260		other	0
10108002	656	Response	1	22012200	4242	1
10108002	657	Sound	110	22036728	260	1			260		other	0
10108002	657	Response	1	22041480	5012	1
10108002	658	Sound	111	22066572	260	1			260		other	0
10108002	658	Response	1	22070520	4208	1
10108002	659	Sound	112	22083911	260	1			260		other	0
10108002	660	Sound	104	22104085	260	1			260		other	0
10108002	661	Sound	107	22132428	260	1			260		other	0
10108002	661	Response	1	22136280	4111	1
10108002	662	Sound	101	22152935	260	1			260		other	0
10108002	663	Sound	109	22182445	260	1			260		other	0
10108002	663	Response	1	22185719	3533	1
10108002	664	Sound	101	22197951	260	1			260		other	0
10108002	665	Sound	103	22225627	260	1			260		other	0
10108002	666	Sound	107	22254137	260	1			260		other	0
10108002	666	Response	1	22263638	9760	2
10108002	667	Sound	104	22276645	260	1			260		other	0
10108002	668	Sound	110	22299320	260	1			260		other	0
10108002	668	Response	1	22308918	9858	1
10108002	669	Sound	104	22325329	260	1			260		other	0
10108002	670	Sound	111	22348003	260	1			260		other	0
10108002	670	Response	1	22355878	8134	1
10108002	671	Sound	112	22367677	260	1			260		other	0
10108002	671	Response	1	22371798	4381	1
10108002	672	Sound	102	22393864	271	1			260		other	0
10108002	673	Sound	103	22423363	260	1			260		other	0
10108002	674	Sound	102	22451206	260	1			260		other	0
10108002	675	Sound	108	22479049	260	1			260		other	0
10108002	675	Response	1	22483637	4847	1
10108002	676	Sound	109	22507726	260	1			260		other	0
10108002	676	Response	1	22515556	8090	1
10108002	677	Sound	107	22534902	260	1			260		other	0
10108002	678	Sound	105	22556910	260	1			260		other	0
10108002	679	Sound	112	22574916	260	1			260		other	0
10108002	679	Response	1	22579316	4659	1
10108002	680	Sound	105	22590922	260	1			260		other	0
10108002	681	Sound	106	22617431	260	1			260		other	0
10108002	682	Sound	112	22646942	260	1			260		other	0
10108002	682	Response	1	22650355	3673	1
10108002	683	Sound	104	22663947	260	1			260		other	0
10108002	684	Sound	108	22680286	260	1			260		other	0
10108002	684	Response	1	22685075	5048	1
10108002	685	Sound	101	22698793	260	1			260		other	0
10108002	686	Sound	108	22719300	260	1			260		other	0
10108002	686	Response	1	22723315	4274	1
10108002	687	Response	255	22766994	18697	1
10108002	688	Sound	15	22831006	260	1			260		other	0
10108002	689	Sound	19	22852861	274	1			260		other	0
10108002	690	Sound	21	22874188	260	1			260		other	0
10108002	690	Response	1	22882993	9065	1
10108002	691	Sound	14	22900697	260	1			260		other	0
10108002	692	Sound	22	22922871	260	1			260		other	0
10108002	692	Response	1	22928193	5581	1
10108002	693	Sound	18	22949381	260	1			260		other	0
10108002	693	Response	1	22957712	8591	1
10108002	694	Sound	15	22972722	260	1			260		other	0
10108002	695	Sound	14	22996397	260	1			260		other	0
10108002	696	Sound	16	23017238	260	1			260		other	0
10108002	697	Sound	21	23033577	260	1			260		other	0
10108002	697	Response	1	23038992	5675	1
10108002	698	Sound	17	23051083	260	1			260		other	0
10108002	699	Sound	16	23075592	260	1			260		other	0
10108002	699	Response	1	23083311	7979	1
10108002	700	Sound	15	23095599	260	1			260		other	0
10108002	701	Sound	20	23113605	260	1			260		other	0
10108002	701	Response	1	23117631	4286	1
10108002	702	Sound	11	23135279	260	1			260		other	0
10108002	703	Sound	13	23159121	260	1			260		other	0
10108002	704	Sound	21	23178461	260	1			260		other	0
10108002	704	Response	1	23182511	4309	1
10108002	705	Sound	13	23201302	260	1			260		other	0
10108002	706	Sound	21	23224811	260	1			260		other	0
10108002	706	Response	1	23229630	5079	1
10108002	707	Sound	18	23244817	260	1			260		other	0
10108002	707	Response	1	23249950	5392	1
10108002	708	Sound	17	23264658	260	1			260		other	0
10108002	708	Response	1	23273390	8992	1
10108002	709	Sound	19	23288833	260	1			260		other	0
10108002	709	Response	1	23292990	4416	1
10108002	710	Sound	22	23313508	260	1			260		other	0
10108002	710	Response	1	23318109	4861	1
10108002	711	Sound	11	23332515	260	1			260		other	0
10108002	712	Sound	20	23348187	260	1			260		other	0
10108002	712	Response	1	23363789	15862	1
10108002	713	Sound	19	23371362	260	1			260		other	0
10108002	713	Response	1	23380589	9487	1
10108002	714	Sound	13	23389702	260	1			260		other	0
10108002	715	Sound	12	23407708	260	1			260		other	0
10108002	715	Response	255	23420028	12580	2
10108002	716	Sound	18	23430216	260	1			260		other	0
10108002	716	Response	1	23437388	7432	1
10108002	717	Sound	11	23455725	260	1			260		other	0
10108002	718	Sound	20	23483401	260	1			260		other	0
10108002	718	Response	1	23489148	6006	1
10108002	719	Sound	16	23503075	260	1			260		other	0
10108002	719	Response	1	23510188	7373	1
10108002	720	Sound	22	23520757	269	1			260		other	0
10108002	720	Response	1	23530028	9540	1
10108002	721	Sound	13	23544423	260	1			260		other	0
10108002	722	Sound	19	23563096	260	1			260		other	0
10108002	722	Response	1	23568667	5831	1
10108002	723	Sound	11	23592773	260	1			260		other	0
10108002	724	Sound	15	23622450	260	1			260		other	0
10108002	725	Sound	17	23645958	260	1			260		other	0
10108002	726	Sound	17	23667632	260	1			260		other	0
10108002	726	Response	1	23678346	10974	1
10108002	727	Sound	16	23683138	260	1			260		other	0
10108002	728	Sound	22	23712481	260	1			260		other	0
10108002	728	Response	1	23715466	3244	1
10108002	729	Sound	18	23731988	260	1			260		other	0
10108002	729	Response	1	23736906	5177	1
10108002	730	Sound	14	23755663	260	1			260		other	0
10108002	731	Sound	12	23785855	274	1			260		other	0
10108002	732	Sound	14	23813183	260	1			260		other	0
10108002	733	Sound	12	23837358	260	1			260		other	0
10108002	734	Sound	12	23857365	260	1			260		other	0
10108002	735	Sound	20	23877206	260	1			260		other	0
10108002	735	Response	1	23882584	5638	1
10108002	736	Response	255	24008423	107722	1
10108002	737	Sound	16	24087946	260	1			260		other	0
10108002	737	Response	1	24093862	6176	1
10108002	738	Sound	22	24115456	260	1			260		other	0
10108002	738	Response	1	24119382	4186	1
10108002	739	Sound	13	24130961	260	1			260		other	0
10108002	740	Sound	20	24157804	260	1			260		other	0
10108002	740	Response	1	24163782	6238	1
10108002	741	Sound	21	24174643	260	1			260		other	0
10108002	741	Response	1	24178822	4439	1
10108002	742	Sound	11	24197318	260	1			260		other	0
10108002	743	Sound	21	24220659	260	1			260		other	0
10108002	743	Response	1	24226021	5622	1
10108002	744	Sound	20	24250003	260	1			260		other	0
10108002	744	Response	1	24255301	5558	1
10108002	745	Sound	15	24268852	269	1			260		other	0
10108002	746	Sound	15	24289517	260	1			260		other	0
10108002	747	Sound	16	24309524	260	1			260		other	0
10108002	748	Sound	14	24336533	260	1			260		other	0
10108002	749	Sound	12	24354039	260	1			260		other	0
10108002	750	Sound	11	24381882	260	1			260		other	0
10108002	751	Sound	22	24397721	260	1			260		other	0
10108002	751	Response	1	24403860	6398	1
10108002	752	Sound	22	24421730	260	1			260		other	0
10108002	752	Response	1	24427860	6389	1
10108002	753	Sound	19	24440070	260	1			260		other	0
10108002	754	Sound	12	24468579	260	1			260		other	0
10108002	755	Sound	20	24486252	260	1			260		other	0
10108002	755	Response	1	24490819	4827	1
10108002	756	Sound	20	24514262	260	1			260		other	0
10108002	756	Response	1	24517859	3857	1
10108002	757	Sound	14	24542950	271	1			260		other	0
10108002	758	Sound	13	24570448	260	1			260		other	0
10108002	759	Sound	17	24589955	260	1			260		other	0
10108002	759	Response	1	24596738	7043	1
10108002	760	Sound	18	24619632	260	1			260		other	0
10108002	761	Sound	11	24638805	260	1			260		other	0
10108002	762	Sound	17	24660980	260	1			260		other	0
10108002	763	Sound	17	24678987	260	1			260		other	0
10108002	764	Sound	11	24705496	260	1			260		other	0
10108002	765	Sound	12	24731838	260	1			260		other	0
10108002	766	Sound	15	24756348	261	1			260		other	0
10108002	767	Sound	21	24773853	260	1			260		other	0
10108002	767	Response	1	24778896	5303	1
10108002	768	Sound	15	24793360	260	1			260		other	0
10108002	769	Sound	18	24822370	260	1			260		other	0
10108002	769	Response	1	24829856	7746	1
10108002	770	Sound	13	24851548	260	1			260		other	0
10108002	771	Sound	19	24867052	260	1			260		other	0
10108002	771	Response	1	24873936	7143	1
10108002	772	Sound	17	24887059	260	1			260		other	0
10108002	773	Sound	18	24915236	260	1			260		other	0
10108002	773	Response	1	24922015	7039	1
10108002	774	Sound	12	24942247	261	1			260		other	0
10108002	775	Sound	16	24964086	260	1			260		other	0
10108002	776	Sound	19	24990762	260	1			260		other	0
10108002	776	Response	1	24994975	4472	1
10108002	777	Sound	13	25013270	260	1			260		other	0
10108002	778	Sound	21	25042947	260	1			260		other	0
10108002	778	Response	1	25047214	4527	1
10108002	779	Sound	14	25064288	260	1			260		other	0
10108002	780	Sound	16	25089146	276	1			260		other	0
10108002	781	Sound	22	25118474	260	1			260		other	0
10108002	781	Response	1	25122094	3880	1
10108002	782	Sound	14	25143816	260	1			260		other	0
10108002	783	Sound	18	25164323	260	1			260		other	0
10108002	783	Response	1	25174733	10670	1
10108002	784	Sound	19	25190832	260	1			260		other	0
10108002	784	Response	1	25196413	5840	1
10108002	785	Response	255	27144956	1935130	1
10108002	786	Sound	13	27224878	260	1			260		other	0
10108002	787	Sound	15	27247052	260	1			260		other	0
10108002	788	Sound	18	27263891	260	1			260		other	0
10108002	788	Response	1	27268395	4763	1
10108002	789	Sound	13	27283899	260	1			260		other	0
10108002	790	Sound	14	27313909	260	1			260		other	0
10108002	791	Sound	16	27332082	260	1			260		other	0
10108002	791	Response	1	27339594	7772	1
10108002	792	Sound	21	27356257	260	1			260		other	0
10108002	792	Response	1	27364314	8316	1
10108002	793	Sound	19	27383933	260	1			260		other	0
10108002	793	Response	1	27389194	5520	1
10108002	794	Sound	18	27399772	260	1			260		other	0
10108002	794	Response	1	27406474	6961	1
10108002	795	Sound	19	27425782	260	1			260		other	0
10108002	795	Response	1	27433593	8072	1
10108002	796	Sound	17	27454291	260	1			260		other	0
10108002	796	Response	1	27459993	5961	1
10108002	797	Sound	19	27470464	260	1			260		other	0
10108002	798	Sound	16	27495139	260	1			260		other	0
10108002	799	Sound	22	27517830	276	1			260		other	0
10108002	799	Response	1	27523593	6039	1
10108002	800	Sound	22	27535653	260	1			260		other	0
10108002	800	Response	1	27543673	8279	1
10108002	801	Sound	20	27555160	260	1			260		other	0
10108002	801	Response	1	27565912	11012	1
10108002	802	Sound	16	27571999	260	1			260		other	0
10108002	803	Sound	21	27587171	260	1			260		other	0
10108002	803	Response	1	27595672	8760	2
10108002	804	Sound	21	27608345	260	1			260		other	0
10108002	804	Response	1	27613752	5666	1
10108002	805	Sound	22	27626685	260	1			260		other	0
10108002	805	Response	1	27631272	4846	1
10108002	806	Sound	20	27654695	260	1			260		other	0
10108002	806	Response	1	27660952	6516	1
10108002	807	Sound	20	27684872	260	1			260		other	0
10108002	807	Response	1	27690871	6259	1
10108002	808	Sound	13	27703712	260	1			260		other	0
10108002	809	Sound	16	27722719	260	1			260		other	0
10108002	809	Response	1	27733911	11451	1
10108002	810	Sound	12	27751229	260	1			260		other	0
10108002	811	Sound	17	27777905	260	1			260		other	0
10108002	811	Response	1	27783750	6105	2
10108002	812	Sound	12	27799746	260	1			260		other	0
10108002	813	Sound	12	27819753	260	1			260		other	0
10108002	814	Sound	17	27845262	260	1			260		other	0
10108002	815	Sound	14	27874939	260	1			260		other	0
10108002	815	Response	1	27880709	6030	1
10108002	816	Sound	11	27897780	260	1			260		other	0
10108002	817	Sound	11	27920127	265	1			260		other	0
10108002	818	Sound	15	27938461	260	1			260		other	0
10108002	818	Response	1	27944309	6108	1
10108002	819	Sound	17	27968138	260	1			260		other	0
10108002	820	Sound	19	27993147	260	1			260		other	0
10108002	820	Response	1	27997588	4701	1
10108002	821	Sound	13	28008485	260	1			260		other	0
10108002	822	Sound	18	28030493	260	1			260		other	0
10108002	823	Sound	20	28057669	260	1			260		other	0
10108002	823	Response	1	28064628	7218	1
10108002	824	Sound	15	28086346	260	1			260		other	0
10108002	825	Sound	12	28114526	263	1			260		other	0
10108002	825	Response	1	28117347	3084	1
10108002	826	Sound	18	28132362	260	1			260		other	0
10108002	826	Response	1	28138707	6605	1
10108002	827	Sound	15	28155204	260	1			260		other	0
10108002	828	Sound	22	28171709	260	1			260		other	0
10108002	828	Response	1	28180467	9017	1
10108002	829	Sound	11	28187882	260	1			260		other	0
10108002	830	Sound	11	28203554	260	1			260		other	0
10108002	831	Sound	21	28228896	260	1			260		other	0
10108002	831	Response	1	28237266	8630	1
10108002	832	Sound	14	28250237	260	1			260		other	0
10108002	833	Sound	14	28278580	260	1			260		other	0
10108002	834	Response	255	29725334	1431094	1
10108002	835	Sound	112	29805781	260	1			260		other	0
10108002	835	Response	1	29810133	4611	1
10108002	836	Sound	102	29823788	260	1			260		other	0
10108002	837	Sound	109	29845129	260	1			260		other	0
10108002	837	Response	1	29850532	5663	1
10108002	838	Sound	111	29872972	260	1			260		other	0
10108002	838	Response	1	29878212	5500	1
10108002	839	Sound	112	29895980	260	1			260		other	0
10108002	839	Response	1	29899652	3932	1
10108002	840	Sound	106	29923823	260	1			260		other	0
10108002	840	Response	1	29939652	16089	1
10108002	841	Sound	103	29954013	273	1			260		other	0
10108002	842	Sound	105	29984344	260	1			260		other	0
10108002	842	Response	1	29989651	5567	1
10108002	843	Sound	105	30009186	260	1			260		other	0
10108002	844	Sound	103	30034212	278	1			260		other	0
10108002	845	Sound	112	30054869	260	1			260		other	0
10108002	845	Response	1	30058051	3442	1
10108002	846	Sound	109	30071875	260	1			260		other	0
10108002	846	Response	1	30076130	4515	1
10108002	847	Sound	111	30099218	260	1			260		other	0
10108002	847	Response	1	30102850	3892	1
10108002	848	Sound	102	30126060	260	1			260		other	0
10108002	849	Sound	106	30149902	260	1			260		other	0
10108002	850	Sound	111	30177745	260	1			260		other	0
10108002	850	Response	1	30182129	4644	1
10108002	851	Sound	109	30193751	260	1			260		other	0
10108002	851	Response	1	30198689	5199	1
10108002	852	Sound	109	30212924	260	1			260		other	0
10108002	853	Sound	106	30235611	272	1			260		other	0
10108002	854	Sound	107	30255272	260	1			260		other	0
10108002	854	Response	1	30260769	5756	1
10108002	855	Sound	106	30277947	260	1			260		other	0
10108002	856	Sound	108	30296953	260	1			260		other	0
10108002	856	Response	1	30301409	4715	1
10108002	857	Sound	104	30314793	260	1			260		other	0
10108002	858	Sound	102	30339468	260	1			260		other	0
10108002	859	Sound	112	30358475	260	1			260		other	0
10108002	859	Response	1	30361888	3673	1
10108002	860	Sound	108	30380149	260	1			260		other	0
10108002	861	Sound	107	30399156	260	1			260		other	0
10108002	861	Response	1	30404928	6031	1
10108002	862	Sound	102	30416495	260	1			260		other	0
10108002	863	Sound	110	30446839	260	1			260		other	0
10108002	863	Response	1	30451887	5308	1
10108002	864	Sound	108	30473682	260	1			260		other	0
10108002	865	Sound	101	30499191	260	1			260		other	0
10108002	866	Sound	105	30526034	260	1			260		other	0
10108002	867	Sound	104	30554877	260	1			260		other	0
10108002	868	Sound	108	30573550	260	1			260		other	0
10108002	869	Sound	103	30595058	260	1			260		other	0
10108002	870	Sound	101	30623234	260	1			260		other	0
10108002	871	Sound	110	30646409	260	1			260		other	0
10108002	871	Response	1	30653965	7816	1
10108002	872	Sound	101	30665416	260	1			260		other	0
10108002	873	Sound	104	30686256	260	1			260		other	0
10108002	874	Sound	107	30716433	260	1			260		other	0
10108002	874	Response	1	30722365	6191	1
10108002	875	Sound	105	30742776	260	1			260		other	0
10108002	875	Response	1	30751165	8648	1
10108002	876	Sound	101	30761283	260	1			260		other	0
10108002	877	Sound	107	30786625	260	1			260		other	0
10108002	877	Response	1	30791164	4799	1
10108002	878	Sound	104	30816807	265	1			260		other	0
10108002	879	Sound	110	30833808	260	1			260		other	0
10108002	879	Response	1	30839884	6335	1
10108002	880	Sound	103	30855649	260	1			260		other	0
10108002	881	Sound	110	30871821	260	1			260		other	0
10108002	881	Response	1	30877004	5442	1
10108002	882	Sound	111	30899331	260	1			260		other	0
10108002	882	Response	1	30903243	4172	1
10108002	883	Response	255	30933403	16746	1
10108002	884	Sound	12	31004534	260	1			260		other	0
10108002	885	Sound	20	31024708	260	1			260		other	0
10108002	885	Response	1	31041082	16634	1
10108002	886	Sound	21	31050051	260	1			260		other	0
10108002	886	Response	1	31054362	4571	1
10108002	887	Sound	14	31073892	260	1			260		other	0
10108002	888	Sound	20	31102405	263	1			260		other	0
10108002	888	Response	1	31106202	4059	1
10108002	889	Sound	21	31119575	260	1			260		other	0
10108002	889	Response	1	31123881	4566	1
10108002	890	Sound	14	31147085	260	1			260		other	0
10108002	891	Sound	22	31174594	260	1			260		other	0
10108002	891	Response	1	31178041	3707	1
10108002	892	Sound	21	31194935	260	1			260		other	0
10108002	892	Response	1	31200521	5846	1
10108002	893	Sound	20	31223111	260	1			260		other	0
10108002	893	Response	1	31231160	8309	1
10108002	894	Sound	13	31252121	260	1			260		other	0
10108002	895	Sound	13	31280965	260	1			260		other	0
10108002	896	Sound	16	31308141	260	1			260		other	0
10108002	896	Response	1	31319160	11279	1
10108002	897	Sound	18	31332316	260	1			260		other	0
10108002	897	Response	1	31337959	5903	1
10108002	898	Sound	18	31358492	260	1			260		other	0
10108002	899	Sound	22	31381003	263	1			260		other	0
10108002	899	Response	1	31386039	5299	1
10108002	900	Sound	11	31400673	260	1			260		other	0
10108002	901	Sound	17	31424848	260	1			260		other	0
10108002	902	Sound	17	31444689	260	1			260		other	0
10108002	903	Sound	21	31467703	266	1			260		other	0
10108002	903	Response	1	31474278	6841	1
10108002	904	Sound	13	31492872	260	1			260		other	0
10108002	905	Sound	16	31516380	260	1			260		other	0
10108002	905	Response	1	31523398	7277	1
10108002	906	Sound	19	31540389	260	1			260		other	0
10108002	907	Sound	15	31558562	260	1			260		other	0
10108002	908	Sound	17	31575068	260	1			260		other	0
10108002	908	Response	1	31580677	5869	1
10108002	909	Sound	16	31598409	260	1			260		other	0
10108002	909	Response	1	31604277	6127	1
10108002	910	Sound	12	31621751	260	1			260		other	0
10108002	911	Sound	18	31638590	260	1			260		other	0
10108002	911	Response	1	31642917	4587	1
10108002	912	Sound	16	31658101	264	1			260		other	0
10108002	912	Response	1	31662597	4760	1
10108002	913	Sound	14	31688107	260	1			260		other	0
10108002	914	Sound	19	31704946	260	1			260		other	0
10108002	914	Response	1	31711956	7269	1
10108002	915	Sound	17	31727954	260	1			260		other	0
10108002	915	Response	1	31735956	8261	1
10108002	916	Sound	11	31748628	260	1			260		other	0
10108002	917	Sound	18	31771803	260	1			260		other	0
10108002	917	Response	1	31776356	4812	1
10108002	918	Sound	20	31797479	260	1			260		other	0
10108002	918	Response	1	31805635	8416	1
10108002	919	Sound	12	31826322	260	1			260		other	0
10108002	920	Sound	19	31855166	260	1			260		other	0
10108002	920	Response	1	31859395	4489	1
10108002	921	Sound	11	31875840	260	1			260		other	0
10108002	922	Sound	15	31904183	260	1			260		other	0
10108002	922	Response	1	31910754	6831	1
10108002	923	Sound	15	31928525	260	1			260		other	0
10108002	924	Sound	15	31954034	260	1			260		other	0
10108002	925	Sound	13	31970539	260	1			260		other	0
10108002	926	Sound	19	31993881	260	1			260		other	0
10108002	926	Response	1	31997234	3612	1
10108002	927	Sound	11	32011554	260	1			260		other	0
10108002	928	Sound	22	32039399	262	1			260		other	0
10108002	928	Response	1	32043073	3936	1
10108002	929	Sound	14	32057570	260	1			260		other	0
10108002	930	Sound	22	32077077	260	1			260		other	0
10108002	930	Response	1	32081313	4496	1
10108002	931	Sound	12	32095417	260	1			260		other	0
10108002	932	Response	255	34146815	2034572	1
10108002	933	Sound	18	34212158	260	1			260		other	0
10108002	934	Sound	19	34228497	260	1			260		other	0
10108002	934	Response	1	34239214	10977	1
10108002	935	Sound	15	34249004	260	1			260		other	0
10108002	936	Sound	16	34270845	260	1			260		other	0
10108002	937	Sound	20	34292352	260	1			260		other	0
10108002	937	Response	1	34296414	4321	1
10108002	938	Sound	11	34318028	260	1			260		other	0
10108002	939	Sound	20	34345538	260	1			260		other	0
10108002	939	Response	1	34348893	3615	1
10108002	940	Sound	21	34372883	262	1			260		other	0
10108002	940	Response	1	34378813	6192	1
10108002	941	Sound	13	34397389	260	1			260		other	0
10108002	942	Sound	12	34422731	260	1			260		other	0
10108002	943	Sound	14	34440904	260	1			260		other	0
10108002	944	Sound	21	34468582	261	1			260		other	0
10108002	944	Response	1	34473852	5531	1
10108002	945	Sound	22	34488254	260	1			260		other	0
10108002	945	Response	1	34492172	4177	1
10108002	946	Sound	11	34506927	260	1			260		other	0
10108002	947	Sound	13	34527601	260	1			260		other	0
10108002	948	Sound	11	34546108	260	1			260		other	0
10108002	949	Sound	15	34571783	260	1			260		other	0
10108002	950	Sound	17	34587289	260	1			260		other	0
10108002	951	Sound	14	34604295	260	1			260		other	0
10108002	952	Sound	22	34624802	260	1			260		other	0
10108002	952	Response	1	34629611	5068	1
10108002	953	Sound	22	34649644	260	1			260		other	0
10108002	953	Response	1	34654010	4626	1
10108002	954	Sound	16	34679821	260	1			260		other	0
10108002	955	Sound	21	34707498	260	1			260		other	0
10108002	955	Response	1	34712410	5172	1
10108002	956	Sound	14	34731840	260	1			260		other	0
10108002	957	Sound	15	34747845	260	1			260		other	0
10108002	958	Sound	17	34768686	260	1			260		other	0
10108002	959	Sound	18	34784191	260	1			260		other	0
10108002	960	Sound	13	34802880	276	1			260		other	0
10108002	960	Response	1	34804329	1725	1
10108002	961	Sound	14	34820380	269	1			260		other	0
10108002	962	Sound	11	34835542	260	1			260		other	0
10108002	963	Sound	12	34855049	260	1			260		other	0
10108002	964	Sound	19	34877224	260	1			260		other	0
10108002	964	Response	1	34882328	5364	1
10108002	965	Sound	12	34893229	260	1			260		other	0
10108002	966	Sound	15	34910235	260	1			260		other	0
10108002	967	Sound	20	34938412	260	1			260		other	0
10108002	967	Response	1	34943288	5136	1
10108002	968	Sound	17	34955918	260	1			260		other	0
10108002	968	Response	1	34963608	7950	1
10108002	969	Sound	22	34984761	260	1			260		other	0
10108002	969	Response	1	34989128	4626	1
10108002	970	Sound	17	35009103	260	1			260		other	0
10108002	970	Response	1	35013367	4524	1
10108002	971	Sound	16	35026779	262	1			260		other	0
10108002	971	Response	1	35032407	5891	1
10108002	972	Sound	20	35044282	260	1			260		other	0
10108002	972	Response	1	35049447	5425	1
10108002	973	Sound	18	35070458	260	1			260		other	0
10108002	973	Response	1	35074167	3969	1
10108002	974	Sound	13	35086297	260	1			260		other	0
10108002	975	Sound	19	35113473	260	1			260		other	0
10108002	975	Response	1	35118007	4793	1
10108002	976	Sound	16	35138815	260	1			260		other	0
10108002	976	Response	1	35144487	5931	1
10108002	977	Sound	12	35155321	260	1			260		other	0
10108002	978	Sound	21	35182831	260	1			260		other	0
10108002	978	Response	1	35186166	3595	1
10108002	979	Sound	19	35207506	260	1			260		other	0
10108002	979	Response	1	35214406	7159	1
10108002	980	Sound	18	35232181	260	1			260		other	0
10108002	980	Response	1	35237766	5844	1
