Scenario - 
Logfile written - 09/21/2018 18:02:42

Subject	Trial	Event Type	Code	Time	TTime	Uncertainty	Duration	Uncertainty	ReqTime	ReqDur	Stim Type	Pair Index

10108004	1	Response	255	54652	54510	1
10108004	2	Sound	21	134560	260	1			260		other	0
10108004	3	Sound	22	158568	260	1			260		other	0
10108004	3	Response	1	161690	3382	1
10108004	4	Sound	18	177575	260	1			260		other	0
10108004	5	Sound	19	198249	260	1			260		other	0
10108004	5	Response	1	201930	3941	1
10108004	6	Sound	12	215922	260	1			260		other	0
10108004	7	Sound	15	238430	260	1			260		other	0
10108004	8	Sound	18	261771	260	1			260		other	0
10108004	8	Response	1	265290	3778	1
10108004	9	Sound	22	280778	260	1			260		other	0
10108004	9	Response	1	284010	3492	1
10108004	10	Sound	16	299618	260	1			260		other	0
10108004	11	Sound	19	321959	260	1			260		other	0
10108004	11	Response	1	324249	2550	1
10108004	12	Sound	20	348968	260	1			260		other	0
10108004	12	Response	1	351369	2660	1
10108004	13	Sound	13	374477	260	1			260		other	0
10108004	14	Sound	16	400320	260	1			260		other	0
10108004	14	Response	1	406409	6349	1
10108004	15	Sound	12	420827	260	1			260		other	0
10108004	16	Sound	15	445169	260	1			260		other	0
10108004	16	Response	1	448568	3659	1
10108004	17	Sound	17	467844	260	1			260		other	0
10108004	17	Response	1	471448	3864	1
10108004	18	Sound	18	495853	260	1			260		other	0
10108004	18	Response	1	499208	3614	1
10108004	19	Sound	16	523863	260	1			260		other	0
10108004	19	Response	1	527608	4004	1
10108004	20	Sound	13	544037	260	1			260		other	0
10108004	21	Sound	19	567213	261	1			260		other	0
10108004	21	Response	1	570407	3455	1
10108004	22	Sound	22	583384	260	1			260		other	0
10108004	22	Response	1	585927	2802	1
10108004	23	Sound	16	600890	260	1			260		other	0
10108004	23	Response	1	604727	4097	1
10108004	24	Sound	12	623913	274	1			260		other	0
10108004	25	Sound	14	643739	260	1			260		other	0
10108004	26	Sound	17	667414	260	1			260		other	0
10108004	26	Response	1	670726	3572	1
10108004	27	Sound	21	690922	260	1			260		other	0
10108004	27	Response	1	693846	3184	1
10108004	28	Sound	11	715097	260	1			260		other	0
10108004	29	Sound	12	741773	260	1			260		other	0
10108004	30	Sound	20	766115	260	1			260		other	0
10108004	30	Response	1	769206	3350	1
10108004	31	Sound	11	782621	260	1			260		other	0
10108004	32	Sound	13	797959	260	1			260		other	0
10108004	33	Sound	15	813298	260	1			260		other	0
10108004	33	Response	1	817765	4727	1
10108004	34	Sound	21	830971	260	1			260		other	0
10108004	34	Response	1	834325	3614	1
10108004	35	Sound	19	852979	260	1			260		other	0
10108004	35	Response	1	856804	4086	1
10108004	36	Sound	20	875987	260	1			260		other	0
10108004	36	Response	1	879125	3398	1
10108004	37	Sound	14	895660	260	1			260		other	0
10108004	38	Sound	11	917501	260	1			260		other	0
10108004	39	Sound	15	937511	262	1			260		other	0
10108004	40	Sound	13	954848	260	1			260		other	0
10108004	41	Sound	21	982024	260	1			260		other	0
10108004	41	Response	1	985044	3279	1
10108004	42	Sound	20	998697	260	1			260		other	0
10108004	42	Response	1	1002083	3647	1
10108004	43	Sound	14	1025710	264	1			260		other	0
10108004	44	Sound	12	1053716	260	1			260		other	0
10108004	45	Sound	17	1074056	260	1			260		other	0
10108004	45	Response	1	1077682	3885	1
10108004	46	Sound	13	1101732	260	1			260		other	0
10108004	47	Sound	22	1122909	262	1			260		other	0
10108004	47	Response	1	1125282	2635	1
10108004	48	Sound	11	1146082	260	1			260		other	0
10108004	49	Sound	19	1162254	260	1			260		other	0
10108004	49	Response	1	1166162	4168	1
10108004	50	Sound	15	1180594	260	1			260		other	0
10108004	51	Sound	16	1200434	260	1			260		other	0
10108004	51	Response	1	1204162	3987	1
10108004	52	Sound	14	1222442	260	1			260		other	0
10108004	52	Response	1	1227121	4939	1
10108004	53	Sound	22	1248451	260	1			260		other	0
10108004	53	Response	1	1251361	3170	1
10108004	54	Sound	14	1264957	260	1			260		other	0
10108004	55	Sound	18	1286631	260	1			260		other	0
10108004	55	Response	1	1291121	4750	1
10108004	56	Sound	17	1306638	260	1			260		other	0
10108004	56	Response	1	1313601	7223	1
10108004	57	Sound	17	1323310	260	1			260		other	0
10108004	57	Response	1	1328481	5430	1
10108004	58	Sound	20	1350487	260	1			260		other	0
10108004	58	Response	1	1354240	4014	1
10108004	59	Sound	21	1375329	260	1			260		other	0
10108004	59	Response	1	1378960	3891	1
10108004	60	Sound	18	1402008	263	1			260		other	0
10108004	60	Response	1	1405600	3855	1
10108004	61	Sound	11	1424179	260	1			260		other	0
10108004	62	Response	255	1569199	121024	1
10108004	63	Sound	112	1639921	260	1			260		other	0
10108004	63	Response	1	1643918	4256	1
10108004	64	Sound	103	1660262	260	1			260		other	0
10108004	65	Sound	111	1681106	263	1			260		other	0
10108004	65	Response	1	1684557	3714	1
10108004	66	Sound	110	1702277	260	1			260		other	0
10108004	66	Response	1	1705917	3900	1
10108004	67	Sound	109	1719783	260	1			260		other	0
10108004	67	Response	1	1723197	3674	1
10108004	68	Sound	105	1741624	260	1			260		other	0
10108004	68	Response	1	1751597	10233	1
10108004	69	Sound	106	1758630	260	1			260		other	0
10108004	69	Response	1	1762957	4587	1
10108004	70	Sound	101	1778970	260	1			260		other	0
10108004	71	Sound	111	1805813	260	1			260		other	0
10108004	71	Response	1	1808876	3323	1
10108004	72	Sound	112	1827654	260	1			260		other	0
10108004	72	Response	1	1830716	3322	1
10108004	73	Sound	102	1848995	260	1			260		other	0
10108004	74	Sound	105	1877172	260	1			260		other	0
10108004	74	Response	1	1881596	4684	1
10108004	75	Sound	104	1896678	260	1			260		other	0
10108004	76	Sound	108	1919853	260	1			260		other	0
10108004	76	Response	1	1923275	3682	1
10108004	77	Sound	112	1935859	260	1			260		other	0
10108004	77	Response	1	1938795	3196	1
10108004	78	Sound	111	1957866	260	1			260		other	0
10108004	78	Response	1	1961755	4148	1
10108004	79	Sound	101	1983209	260	1			260		other	0
10108004	80	Sound	102	2000548	260	1			260		other	0
10108004	81	Sound	107	2022223	260	1			260		other	0
10108004	81	Response	1	2026235	4272	1
10108004	82	Sound	110	2049732	260	1			260		other	0
10108004	82	Response	1	2053274	3802	1
10108004	83	Sound	107	2074907	260	1			260		other	0
10108004	83	Response	1	2079034	4386	1
10108004	84	Sound	104	2094414	260	1			260		other	0
10108004	85	Sound	106	2115755	260	1			260		other	0
10108004	85	Response	1	2119034	3538	1
10108004	86	Sound	107	2139597	260	1			260		other	0
10108004	86	Response	1	2143273	3936	1
10108004	87	Sound	106	2160771	260	1			260		other	0
10108004	87	Response	1	2164233	3722	1
10108004	88	Sound	106	2189114	260	1			260		other	0
10108004	88	Response	1	2192873	4019	1
10108004	89	Sound	112	2214123	260	1			260		other	0
10108004	89	Response	1	2216873	3010	1
10108004	90	Sound	108	2233963	260	1			260		other	0
10108004	90	Response	1	2237033	3329	1
10108004	91	Sound	104	2259639	260	1			260		other	0
10108004	91	Response	1	2263192	3813	1
10108004	92	Sound	110	2287982	260	1			260		other	0
10108004	92	Response	1	2291592	3869	1
10108004	93	Sound	103	2304502	273	1			260		other	0
10108004	94	Sound	107	2321160	260	1			260		other	0
10108004	94	Response	1	2325272	4371	1
10108004	95	Sound	107	2346169	260	1			260		other	0
10108004	95	Response	1	2352551	6642	1
10108004	96	Sound	109	2370178	260	1			260		other	0
10108004	96	Response	1	2373992	4073	1
10108004	97	Sound	104	2394201	274	1			260		other	0
10108004	98	Sound	110	2411026	260	1			260		other	0
10108004	98	Response	1	2415511	4745	1
10108004	99	Sound	112	2427531	260	1			260		other	0
10108004	99	Response	1	2432311	5039	1
10108004	100	Sound	103	2454541	260	1			260		other	0
10108004	101	Sound	109	2475715	260	1			260		other	0
10108004	101	Response	1	2479031	3576	1
10108004	102	Sound	109	2492054	260	1			260		other	0
10108004	102	Response	1	2496550	4756	1
10108004	103	Sound	110	2516729	260	1			260		other	0
10108004	103	Response	1	2520790	4321	1
10108004	104	Sound	105	2541905	260	1			260		other	0
10108004	104	Response	1	2546790	5145	1
10108004	105	Sound	108	2559578	260	1			260		other	0
10108004	105	Response	1	2564070	4752	1
10108004	106	Sound	111	2583253	260	1			260		other	0
10108004	106	Response	1	2586950	3957	1
10108004	107	Sound	105	2609262	260	1			260		other	0
10108004	107	Response	1	2614069	5067	1
10108004	108	Sound	101	2626101	260	1			260		other	0
10108004	109	Sound	108	2643941	260	1			260		other	0
10108004	109	Response	1	2648149	4468	1
10108004	110	Sound	111	2670283	260	1			260		other	0
10108004	110	Response	1	2673669	3646	1
10108004	111	Sound	103	2693625	260	1			260		other	0
10108004	112	Sound	109	2710799	261	1			260		other	0
10108004	112	Response	1	2714308	3771	1
10108004	113	Sound	105	2734639	260	1			260		other	0
10108004	113	Response	1	2739668	5289	1
10108004	114	Sound	104	2757814	260	1			260		other	0
10108004	115	Sound	108	2785998	268	1			260		other	0
10108004	115	Response	1	2790548	4817	1
10108004	116	Sound	101	2810499	260	1			260		other	0
10108004	117	Sound	103	2826838	260	1			260		other	0
10108004	118	Sound	102	2844178	260	1			260		other	0
10108004	119	Sound	101	2869520	260	1			260		other	0
10108004	120	Sound	102	2886698	265	1			260		other	0
10108004	121	Sound	106	2902531	260	1			260		other	0
10108004	121	Response	1	2907427	5155	1
10108004	122	Sound	102	2927707	260	1			260		other	0
10108004	123	Response	255	2996146	47612	1
10108004	124	Sound	22	3079596	263	1			260		other	0
10108004	124	Response	1	3083105	3771	1
10108004	125	Sound	17	3100101	260	1			260		other	0
10108004	125	Response	1	3103825	3984	1
10108004	126	Sound	13	3124776	260	1			260		other	0
10108004	127	Sound	12	3149296	271	1			260		other	0
10108004	128	Sound	11	3164957	260	1			260		other	0
10108004	129	Sound	17	3188298	260	1			260		other	0
10108004	129	Response	1	3193824	5786	1
10108004	130	Sound	11	3216642	260	1			260		other	0
10108004	131	Sound	19	3238995	272	1			260		other	0
10108004	131	Response	1	3242144	3421	1
10108004	132	Sound	14	3262658	260	1			260		other	0
10108004	133	Sound	17	3288500	260	1			260		other	0
10108004	133	Response	1	3294064	5823	1
10108004	134	Sound	17	3313509	260	1			260		other	0
10108004	134	Response	1	3317503	4254	1
10108004	135	Sound	16	3332015	260	1			260		other	0
10108004	136	Sound	12	3348855	260	1			260		other	0
10108004	137	Sound	11	3364360	260	1			260		other	0
10108004	138	Sound	20	3382533	260	1			260		other	0
10108004	138	Response	1	3386302	4029	1
10108004	139	Sound	20	3402207	260	1			260		other	0
10108004	139	Response	1	3406622	4675	1
10108004	140	Sound	20	3421894	274	1			260		other	0
10108004	140	Response	1	3425422	3802	1
10108004	141	Sound	14	3442221	260	1			260		other	0
10108004	142	Sound	15	3469564	260	1			260		other	0
10108004	143	Sound	18	3488904	260	1			260		other	0
10108004	143	Response	1	3492222	3578	1
10108004	144	Sound	13	3514580	260	1			260		other	0
10108004	145	Sound	16	3536921	260	1			260		other	0
10108004	145	Response	1	3541181	4520	1
10108004	146	Sound	22	3562263	260	1			260		other	0
10108004	146	Response	1	3566061	4058	1
10108004	147	Sound	15	3590439	260	1			260		other	0
10108004	148	Sound	18	3610780	260	1			260		other	0
10108004	149	Sound	19	3636622	260	1			260		other	0
10108004	149	Response	1	3640781	4419	1
10108004	150	Sound	18	3655462	260	1			260		other	0
10108004	150	Response	1	3660220	5017	1
10108004	151	Sound	22	3678804	260	1			260		other	0
10108004	151	Response	1	3681660	3116	1
10108004	152	Sound	21	3703492	273	1			260		other	0
10108004	152	Response	1	3706540	3320	1
10108004	153	Sound	18	3720652	260	1			260		other	0
10108004	153	Response	1	3724700	4308	1
10108004	154	Sound	15	3747495	260	1			260		other	0
10108004	154	Response	1	3753740	6505	1
10108004	155	Sound	20	3770169	260	1			260		other	0
10108004	155	Response	1	3773419	3510	1
10108004	156	Sound	12	3792344	260	1			260		other	0
10108004	157	Sound	14	3817019	260	1			260		other	0
10108004	158	Sound	14	3833858	260	1			260		other	0
10108004	158	Response	1	3839099	5500	1
10108004	159	Sound	18	3850197	260	1			260		other	0
10108004	159	Response	1	3853978	4040	2
10108004	160	Sound	16	3870704	260	1			260		other	0
10108004	160	Response	1	3875418	4973	1
10108004	161	Sound	11	3897547	260	1			260		other	0
10108004	162	Sound	21	3924391	260	1			260		other	0
10108004	162	Response	1	3930458	6328	1
10108004	163	Sound	21	3942396	260	1			260		other	0
10108004	163	Response	1	3947738	5601	1
10108004	164	Sound	15	3968591	279	1			260		other	0
10108004	165	Sound	19	3992590	269	1			260		other	0
10108004	165	Response	1	3998617	6296	1
10108004	166	Sound	21	4008420	260	1			260		other	0
10108004	166	Response	1	4014297	6137	1
10108004	167	Sound	13	4029093	260	1			260		other	0
10108004	168	Sound	15	4049267	260	1			260		other	0
10108004	169	Sound	12	4073290	274	1			260		other	0
10108004	170	Sound	16	4093449	260	1			260		other	0
10108004	170	Response	1	4099336	6147	1
10108004	171	Sound	22	4121126	260	1			260		other	0
10108004	171	Response	1	4126856	5990	1
10108004	172	Sound	20	4141466	260	1			260		other	0
10108004	172	Response	1	4147176	5970	1
10108004	173	Sound	14	4163807	260	1			260		other	0
10108004	174	Sound	17	4191317	260	1			260		other	0
10108004	174	Response	1	4197415	6358	1
10108004	175	Sound	19	4206823	260	1			260		other	0
10108004	176	Sound	13	4226163	260	1			260		other	0
10108004	177	Sound	22	4251189	277	1			260		other	0
10108004	177	Response	1	4255095	4183	1
10108004	178	Sound	19	4275013	260	1			260		other	0
10108004	178	Response	1	4281255	6502	1
10108004	179	Sound	11	4302023	260	1			260		other	0
10108004	180	Sound	16	4319195	260	1			260		other	0
10108004	181	Sound	21	4343371	260	1			260		other	0
10108004	181	Response	1	4347494	4383	1
10108004	182	Sound	13	4360710	260	1			260		other	0
10108004	183	Sound	12	4381050	260	1			260		other	0
10108004	184	Response	255	4530532	133823	1
10108004	185	Sound	109	4606129	260	1			260		other	0
10108004	185	Response	1	4612692	6822	1
10108004	186	Sound	105	4633306	260	1			260		other	0
10108004	186	Response	1	4637572	4526	1
10108004	187	Sound	106	4649478	260	1			260		other	0
10108004	187	Response	1	4653092	3873	1
10108004	188	Sound	102	4669486	261	1			260		other	0
10108004	189	Sound	102	4696161	260	1			260		other	0
10108004	190	Sound	104	4719169	260	1			260		other	0
10108004	191	Sound	112	4742511	260	1			260		other	0
10108004	191	Response	1	4745891	3640	1
10108004	192	Sound	103	4768687	260	1			260		other	0
10108004	193	Sound	102	4791028	260	1			260		other	0
10108004	194	Sound	103	4813385	276	1			260		other	0
10108004	195	Sound	104	4841212	260	1			260		other	0
10108004	196	Sound	101	4861386	260	1			260		other	0
10108004	197	Sound	107	4889562	260	1			260		other	0
10108004	197	Response	1	4893169	3867	1
10108004	198	Sound	110	4909236	260	1			260		other	0
10108004	198	Response	1	4913009	4033	1
10108004	199	Sound	106	4934411	260	1			260		other	0
10108004	200	Sound	110	4961588	260	1			260		other	0
10108004	200	Response	1	4965009	3681	1
10108004	201	Sound	107	4989264	260	1			260		other	0
10108004	201	Response	1	4993009	4005	1
10108004	202	Sound	109	5010104	260	1			260		other	0
10108004	202	Response	1	5013728	3884	1
10108004	203	Sound	102	5027944	260	1			260		other	0
10108004	204	Sound	111	5049785	260	1			260		other	0
10108004	204	Response	1	5052608	3083	1
10108004	205	Sound	112	5076294	260	1			260		other	0
10108004	205	Response	1	5079248	3213	1
10108004	206	Sound	101	5096468	260	1			260		other	0
10108004	207	Sound	111	5116142	260	1			260		other	0
10108004	207	Response	1	5119247	3365	1
10108004	208	Sound	104	5140984	260	1			260		other	0
10108004	209	Sound	101	5169494	260	1			260		other	0
10108004	210	Sound	105	5189001	260	1			260		other	0
10108004	211	Sound	108	5210182	267	1			260		other	0
10108004	211	Response	1	5213406	3491	1
10108004	212	Sound	103	5233348	260	1			260		other	0
10108004	213	Sound	105	5251189	260	1			260		other	0
10108004	213	Response	1	5255166	4237	1
10108004	214	Sound	104	5276531	260	1			260		other	0
10108004	215	Sound	112	5301707	260	1			260		other	0
10108004	215	Response	1	5304046	2599	1
10108004	216	Sound	103	5318213	260	1			260		other	0
10108004	217	Sound	102	5338220	260	1			260		other	0
10108004	218	Sound	108	5361728	260	1			260		other	0
10108004	218	Response	1	5364605	3137	1
10108004	219	Sound	105	5379568	260	1			260		other	0
10108004	219	Response	1	5384285	4977	1
10108004	220	Sound	109	5403581	265	1			260		other	0
10108004	220	Response	1	5406285	2969	1
10108004	221	Sound	108	5420248	260	1			260		other	0
10108004	221	Response	1	5423165	3176	1
10108004	222	Sound	110	5440256	260	1			260		other	0
10108004	222	Response	1	5443005	3009	1
10108004	223	Sound	111	5458929	260	1			260		other	0
10108004	223	Response	1	5461565	2896	1
10108004	224	Sound	105	5480103	260	1			260		other	0
10108004	224	Response	1	5484284	4441	1
10108004	225	Sound	101	5504111	260	1			260		other	0
10108004	226	Sound	112	5521784	260	1			260		other	0
10108004	226	Response	1	5524684	3160	1
10108004	227	Sound	110	5548460	260	1			260		other	0
10108004	227	Response	1	5552204	4004	1
10108004	228	Sound	109	5572800	260	1			260		other	0
10108004	228	Response	1	5576043	3503	1
10108004	229	Sound	107	5594810	260	1			260		other	0
10108004	229	Response	1	5599163	4613	1
10108004	230	Sound	111	5622319	260	1			260		other	0
10108004	230	Response	1	5626523	4464	1
10108004	231	Sound	112	5645494	260	1			260		other	0
10108004	231	Response	1	5648363	3128	1
10108004	232	Sound	110	5661333	260	1			260		other	0
10108004	232	Response	1	5665643	4569	1
10108004	233	Sound	108	5677172	260	1			260		other	0
10108004	233	Response	1	5681322	4410	1
10108004	234	Sound	106	5696179	260	1			260		other	0
10108004	234	Response	1	5699882	3964	1
10108004	235	Sound	107	5719353	260	1			260		other	0
10108004	235	Response	1	5723322	4229	1
10108004	236	Sound	107	5742528	260	1			260		other	0
10108004	236	Response	1	5746042	3773	1
10108004	237	Sound	106	5762202	260	1			260		other	0
10108004	237	Response	1	5765482	3540	1
10108004	238	Sound	104	5780041	260	1			260		other	0
10108004	238	Response	1	5784202	4420	1
10108004	239	Sound	109	5803550	260	1			260		other	0
10108004	239	Response	1	5809161	5871	1
10108004	240	Sound	103	5830559	260	1			260		other	0
10108004	241	Sound	108	5847565	260	1			260		other	0
10108004	241	Response	1	5851321	4016	1
10108004	242	Sound	106	5865078	266	1			260		other	0
10108004	243	Sound	101	5885245	260	1			260		other	0
10108004	244	Sound	111	5911088	260	1			260		other	0
10108004	244	Response	1	5914440	3613	1
10108004	245	Response	255	6333397	400648	1
10108004	246	Sound	104	6410930	260	1			260		other	0
10108004	247	Sound	108	6427774	265	1			260		other	0
10108004	247	Response	1	6431956	4447	1
10108004	248	Sound	104	6449777	260	1			260		other	0
10108004	249	Sound	112	6476452	260	1			260		other	0
10108004	249	Response	1	6480036	3843	1
10108004	250	Sound	107	6496793	260	1			260		other	0
10108004	250	Response	1	6501396	4862	1
10108004	251	Sound	111	6517300	260	1			260		other	0
10108004	251	Response	1	6520435	3395	2
10108004	252	Sound	111	6542309	260	1			260		other	0
10108004	252	Response	1	6545315	3266	1
10108004	253	Sound	107	6561815	260	1			260		other	0
10108004	253	Response	1	6565235	3680	1
10108004	254	Sound	110	6580322	260	1			260		other	0
10108004	254	Response	1	6583315	3252	1
10108004	255	Sound	106	6608499	260	1			260		other	0
10108004	255	Response	1	6611714	3475	1
10108004	256	Sound	101	6625838	260	1			260		other	0
10108004	257	Sound	105	6649347	260	1			260		other	0
10108004	257	Response	1	6653874	4787	1
10108004	258	Sound	112	6669187	260	1			260		other	0
10108004	258	Response	1	6672434	3507	1
10108004	259	Sound	102	6696697	260	1			260		other	0
10108004	260	Sound	108	6724040	260	1			260		other	0
10108004	260	Response	1	6727953	4174	1
10108004	261	Sound	103	6740879	260	1			260		other	0
10108004	262	Sound	107	6764220	260	1			260		other	0
10108004	262	Response	1	6767953	3993	1
10108004	263	Sound	104	6781726	260	1			260		other	0
10108004	264	Sound	112	6806572	263	1			260		other	0
10108004	264	Response	1	6809873	3564	1
10108004	265	Sound	102	6835078	260	1			260		other	0
10108004	266	Sound	112	6859420	260	1			260		other	0
10108004	266	Response	1	6862512	3352	1
10108004	267	Sound	107	6886096	260	1			260		other	0
10108004	267	Response	1	6891152	5315	1
10108004	268	Sound	101	6906937	260	1			260		other	0
10108004	269	Sound	105	6934947	260	1			260		other	0
10108004	269	Response	1	6940032	5345	1
10108004	270	Sound	109	6954954	260	1			260		other	0
10108004	270	Response	1	6958592	3897	1
10108004	271	Sound	103	6982970	266	1			260		other	0
10108004	272	Sound	109	7009973	260	1			260		other	0
10108004	272	Response	1	7013471	3758	1
10108004	273	Sound	102	7032148	260	1			260		other	0
10108004	274	Sound	104	7059324	260	1			260		other	0
10108004	275	Sound	106	7076497	260	1			260		other	0
10108004	275	Response	1	7081150	4914	1
10108004	276	Sound	101	7094002	260	1			260		other	0
10108004	277	Sound	105	7114176	260	1			260		other	0
10108004	278	Sound	102	7132016	260	1			260		other	0
10108004	279	Sound	108	7149022	260	1			260		other	0
10108004	279	Response	1	7152830	4067	1
10108004	280	Sound	101	7168029	260	1			260		other	0
10108004	281	Sound	111	7191537	260	1			260		other	0
10108004	281	Response	1	7194989	3712	1
10108004	282	Sound	105	7212544	260	1			260		other	0
10108004	282	Response	1	7217709	5425	1
10108004	283	Sound	101	7238053	260	1			260		other	0
10108004	284	Sound	108	7260895	260	1			260		other	0
10108004	284	Response	1	7264269	3634	1
10108004	285	Sound	110	7279401	260	1			260		other	0
10108004	285	Response	1	7283228	4087	1
10108004	286	Sound	109	7296240	260	1			260		other	0
10108004	286	Response	1	7298989	3008	1
10108004	287	Sound	110	7313246	260	1			260		other	0
10108004	287	Response	1	7316028	3042	1
10108004	288	Sound	111	7341590	260	1			260		other	0
10108004	288	Response	1	7344828	3498	1
10108004	289	Sound	112	7363931	260	1			260		other	0
10108004	289	Response	1	7366508	2837	1
10108004	290	Sound	103	7388606	260	1			260		other	0
10108004	291	Sound	108	7413948	260	1			260		other	0
10108004	291	Response	1	7418267	4579	1
10108004	292	Sound	109	7434289	260	1			260		other	0
10108004	292	Response	1	7438107	4078	1
10108004	293	Sound	103	7457130	260	1			260		other	0
10108004	294	Sound	107	7475970	260	1			260		other	0
10108004	294	Response	1	7479627	3916	1
10108004	295	Sound	106	7495144	260	1			260		other	0
10108004	295	Response	1	7499307	4423	1
10108004	296	Sound	104	7512650	260	1			260		other	0
10108004	297	Sound	111	7534157	260	1			260		other	0
10108004	297	Response	1	7537067	3169	1
10108004	298	Sound	103	7550830	260	1			260		other	0
10108004	299	Sound	105	7579506	260	1			260		other	0
10108004	300	Sound	109	7607016	260	1			260		other	0
10108004	300	Response	1	7610026	3269	1
10108004	301	Sound	102	7625690	260	1			260		other	0
10108004	302	Sound	106	7644866	263	1			260		other	0
10108004	302	Response	1	7648746	4142	1
10108004	303	Sound	110	7672873	260	1			260		other	0
10108004	303	Response	1	7677545	4932	1
10108004	304	Sound	106	7689378	260	1			260		other	0
10108004	304	Response	1	7695225	6106	1
10108004	305	Sound	110	7707718	260	1			260		other	0
10108004	305	Response	1	7712105	4647	1
10108004	306	Response	255	7873704	144491	1
10108004	307	Sound	22	7948970	260	1			260		other	0
10108004	307	Response	1	7951943	3233	1
10108004	308	Sound	14	7967309	260	1			260		other	0
10108004	309	Sound	17	7983815	260	1			260		other	0
10108004	309	Response	1	7988823	5267	1
10108004	310	Sound	13	8010658	260	1			260		other	0
10108004	311	Sound	15	8028998	260	1			260		other	0
10108004	312	Sound	22	8055674	260	1			260		other	0
10108004	312	Response	1	8058742	3328	1
10108004	313	Sound	19	8078682	260	1			260		other	0
10108004	313	Response	1	8084741	6319	1
10108004	314	Sound	15	8096855	260	1			260		other	0
10108004	315	Sound	11	8120697	260	1			260		other	0
10108004	316	Sound	12	8136869	260	1			260		other	0
10108004	317	Sound	16	8157710	260	1			260		other	0
10108004	318	Sound	12	8175063	273	1			260		other	0
10108004	319	Sound	13	8192389	260	1			260		other	0
10108004	320	Sound	16	8209228	260	1			260		other	0
10108004	320	Response	1	8214981	6013	1
10108004	321	Sound	14	8232069	260	1			260		other	0
10108004	322	Sound	16	8257911	260	1			260		other	0
10108004	322	Response	1	8262100	4448	1
10108004	323	Sound	18	8275751	260	1			260		other	0
10108004	323	Response	1	8280020	4529	1
10108004	324	Sound	15	8291090	260	1			260		other	0
10108004	325	Sound	11	8306428	260	1			260		other	0
10108004	326	Sound	22	8332938	260	1			260		other	0
10108004	326	Response	1	8336420	3742	1
10108004	327	Sound	20	8355112	260	1			260		other	0
10108004	327	Response	1	8358019	3167	1
10108004	328	Sound	19	8378453	260	1			260		other	0
10108004	328	Response	1	8381219	3025	1
10108004	329	Sound	15	8396293	260	1			260		other	0
10108004	329	Response	1	8402819	6785	1
10108004	330	Sound	16	8413633	260	1			260		other	0
10108004	331	Sound	17	8437808	260	1			260		other	0
10108004	331	Response	1	8442578	5030	1
10108004	332	Sound	13	8462483	260	1			260		other	0
10108004	333	Sound	17	8489993	260	1			260		other	0
10108004	333	Response	1	8494338	4605	1
10108004	334	Sound	21	8506499	260	1			260		other	0
10108004	334	Response	1	8510258	4019	1
10108004	335	Sound	20	8521671	260	1			260		other	0
10108004	335	Response	1	8524898	3487	1
10108004	336	Sound	17	8548013	260	1			260		other	0
10108004	336	Response	1	8552258	4504	1
10108004	337	Sound	13	8574360	264	1			260		other	0
10108004	338	Sound	14	8600365	260	1			260		other	0
10108004	339	Sound	12	8627875	260	1			260		other	0
10108004	340	Sound	21	8643547	260	1			260		other	0
10108004	340	Response	1	8648817	5530	1
10108004	341	Sound	11	8665221	260	1			260		other	0
10108004	342	Sound	18	8687562	260	1			260		other	0
10108004	342	Response	1	8691136	3834	1
10108004	343	Sound	21	8707069	260	1			260		other	0
10108004	343	Response	1	8710576	3767	1
10108004	344	Sound	14	8723575	260	1			260		other	0
10108004	345	Sound	14	8743915	260	1			260		other	0
10108004	346	Sound	11	8768424	260	1			260		other	0
10108004	347	Sound	22	8789931	260	1			260		other	0
10108004	347	Response	1	8793375	3703	1
10108004	348	Sound	18	8806771	260	1			260		other	0
10108004	349	Sound	13	8827945	260	1			260		other	0
10108004	350	Sound	20	8853120	260	1			260		other	0
10108004	350	Response	1	8857855	4994	1
10108004	351	Sound	19	8880963	260	1			260		other	0
10108004	351	Response	1	8888415	7711	1
10108004	352	Sound	16	8907973	260	1			260		other	0
10108004	352	Response	1	8914175	6461	1
10108004	353	Sound	21	8923812	260	1			260		other	0
10108004	353	Response	1	8930414	6862	1
10108004	354	Sound	12	8949321	260	1			260		other	0
10108004	355	Sound	20	8966494	260	1			260		other	0
10108004	355	Response	1	8970574	4340	1
10108004	356	Sound	17	8993670	260	1			260		other	0
10108004	356	Response	1	8999854	6444	1
10108004	357	Sound	19	9021680	260	1			260		other	0
10108004	357	Response	1	9028012	6592	2
10108004	358	Sound	12	9038185	260	1			260		other	0
10108004	359	Sound	18	9054024	260	1			260		other	0
10108004	359	Response	1	9062573	8809	1
10108004	360	Sound	22	9074531	260	1			260		other	0
10108004	360	Response	1	9080013	5741	1
10108004	361	Sound	19	9094038	260	1			260		other	0
10108004	361	Response	1	9100093	6314	1
10108004	362	Sound	20	9121381	260	1			260		other	0
10108004	362	Response	1	9125053	3931	1
10108004	363	Sound	18	9147057	260	1			260		other	0
10108004	363	Response	1	9151052	4255	1
10108004	364	Sound	15	9167231	260	1			260		other	0
10108004	365	Sound	21	9189238	260	1			260		other	0
10108004	365	Response	1	9193612	4633	1
10108004	366	Sound	11	9208912	260	1			260		other	0
10108004	367	Response	255	9310251	82679	1
10108004	368	Sound	12	9384807	260	1			260		other	0
10108004	369	Sound	22	9410483	260	1			260		other	0
10108004	369	Response	1	9414250	4027	1
10108004	370	Sound	17	9427155	260	1			260		other	0
10108004	371	Sound	22	9448329	260	1			260		other	0
10108004	371	Response	1	9451850	3780	1
10108004	372	Sound	11	9474338	260	1			260		other	0
10108004	373	Sound	20	9495679	260	1			260		other	0
10108004	373	Response	1	9499209	3790	1
10108004	374	Sound	14	9518521	260	1			260		other	0
10108004	375	Sound	21	9535693	260	1			260		other	0
10108004	375	Response	1	9539609	4175	1
10108004	376	Sound	17	9562203	260	1			260		other	0
10108004	377	Sound	18	9590379	260	1			260		other	0
10108004	377	Response	1	9597288	7169	1
10108004	378	Sound	15	9608386	260	1			260		other	0
10108004	379	Sound	21	9623557	260	1			260		other	0
10108004	379	Response	1	9629608	6310	1
10108004	380	Sound	16	9647233	260	1			260		other	0
10108004	381	Sound	14	9665739	260	1			260		other	0
10108004	382	Sound	19	9690081	260	1			260		other	0
10108004	382	Response	1	9694968	5147	1
10108004	383	Sound	22	9715923	260	1			260		other	0
10108004	383	Response	1	9721093	5429	522
10108004	384	Sound	13	9744100	260	1			260		other	0
10108004	385	Sound	13	9761439	260	1			260		other	0
10108004	386	Sound	11	9788115	260	1			260		other	0
10108004	387	Sound	18	9804788	260	1			260		other	0
10108004	387	Response	1	9810727	6199	1
10108004	388	Sound	13	9825795	260	1			260		other	0
10108004	389	Sound	13	9841467	260	1			260		other	0
10108004	390	Sound	12	9866976	260	1			260		other	0
10108004	391	Sound	21	9894653	260	1			260		other	0
10108004	391	Response	1	9899206	4813	1
10108004	392	Sound	16	9919995	260	1			260		other	0
10108004	393	Sound	19	9935351	278	1			260		other	0
10108004	393	Response	1	9944646	9572	1
10108004	394	Sound	22	9954840	260	1			260		other	0
10108004	394	Response	1	9961925	7344	1
10108004	395	Sound	12	9981517	260	1			260		other	0
10108004	396	Sound	17	10009693	260	1			260		other	0
10108004	397	Sound	15	10026699	260	1			260		other	0
10108004	398	Sound	11	10043705	260	1			260		other	0
10108004	399	Sound	18	10070550	262	1			260		other	0
10108004	399	Response	1	10074644	4356	1
10108004	400	Sound	15	10098224	260	1			260		other	0
10108004	401	Sound	20	10115730	260	1			260		other	0
10108004	401	Response	1	10119844	4373	1
10108004	402	Sound	20	10136571	260	1			260		other	0
10108004	402	Response	1	10141444	5132	1
10108004	403	Sound	17	10151910	260	1			260		other	0
10108004	403	Response	1	10156804	5154	1
10108004	404	Sound	21	10168249	260	1			260		other	0
10108004	404	Response	1	10171844	3855	1
10108004	405	Sound	20	10190090	260	1			260		other	0
10108004	405	Response	1	10193043	3213	1
10108004	406	Sound	14	10206595	260	1			260		other	0
10108004	407	Sound	15	10222101	260	1			260		other	0
10108004	407	Response	1	10229043	7202	1
10108004	408	Sound	14	10246110	260	1			260		other	0
10108004	409	Sound	22	10273952	260	1			260		other	0
10108004	409	Response	1	10279523	5830	1
10108004	410	Sound	16	10290292	260	1			260		other	0
10108004	411	Sound	15	10311799	260	1			260		other	0
10108004	411	Response	1	10317122	5583	1
10108004	412	Sound	14	10334307	260	1			260		other	0
10108004	413	Sound	12	10358482	260	1			260		other	0
10108004	414	Sound	17	10381990	260	1			260		other	0
10108004	415	Sound	19	10406999	260	1			260		other	0
10108004	415	Response	1	10411681	4942	1
10108004	416	Sound	18	10425506	260	1			260		other	0
10108004	416	Response	1	10432241	6995	1
10108004	417	Sound	18	10443012	260	1			260		other	0
10108004	417	Response	1	10448001	5249	1
10108004	418	Sound	19	10468854	260	1			260		other	0
10108004	418	Response	1	10471761	3166	1
10108004	419	Sound	16	10486360	260	1			260		other	0
10108004	419	Response	1	10490801	4700	1
10108004	420	Sound	19	10512036	260	1			260		other	0
10108004	420	Response	1	10515440	3664	1
10108004	421	Sound	21	10538379	260	1			260		other	0
10108004	421	Response	1	10541920	3801	1
10108004	422	Sound	12	10553717	260	1			260		other	0
10108004	423	Sound	11	10581561	260	1			260		other	0
10108004	424	Sound	20	10601067	260	1			260		other	0
10108004	424	Response	1	10605280	4472	1
10108004	425	Sound	11	10621907	260	1			260		other	0
10108004	426	Sound	16	10642582	260	1			260		other	0
10108004	427	Sound	13	10670758	260	1			260		other	0
10108004	427	Response	1	10684959	14460	1
10108004	428	Response	255	11409113	718527	1
10108004	429	Sound	110	11483043	260	1			260		other	0
10108004	429	Response	1	11487592	4808	1
10108004	430	Sound	110	11505551	260	1			260		other	0
10108004	430	Response	1	11508952	3660	1
10108004	431	Sound	109	11526740	275	1			260		other	0
10108004	431	Response	1	11529752	3286	1
10108004	432	Sound	106	11547066	260	1			260		other	0
10108004	432	Response	1	11550072	3265	1
10108004	433	Sound	106	11575076	260	1			260		other	0
10108004	433	Response	1	11580391	5575	1
10108004	434	Sound	105	11600251	260	1			260		other	0
10108004	434	Response	1	11604631	4639	1
10108004	435	Sound	112	11620592	260	1			260		other	0
10108004	435	Response	1	11624071	3739	1
10108004	436	Sound	107	11644767	260	1			260		other	0
10108004	436	Response	1	11648391	3883	1
10108004	437	Sound	104	11671110	260	1			260		other	0
10108004	437	Response	1	11678470	7620	1
10108004	438	Sound	103	11692284	260	1			260		other	0
10108004	439	Sound	110	11712958	260	1			260		other	0
10108004	439	Response	1	11716070	3372	1
10108004	440	Sound	107	11732298	260	1			260		other	0
10108004	441	Sound	105	11759641	260	1			260		other	0
10108004	441	Response	1	11763910	4529	1
10108004	442	Sound	108	11780648	260	1			260		other	0
10108004	442	Response	1	11785750	5361	1
10108004	443	Sound	102	11806824	260	1			260		other	0
10108004	444	Sound	101	11824838	268	1			260		other	0
10108004	445	Sound	112	11842838	261	1			260		other	0
10108004	445	Response	1	11846309	3732	1
10108004	446	Sound	110	11859675	260	1			260		other	0
10108004	446	Response	1	11865749	6333	1
10108004	447	Sound	110	11878016	260	1			260		other	0
10108004	447	Response	1	11881668	3913	1
10108004	448	Sound	103	11906859	260	1			260		other	0
10108004	449	Sound	101	11930367	260	1			260		other	0
10108004	450	Sound	107	11948374	260	1			260		other	0
10108004	450	Response	1	11955268	7154	1
10108004	451	Sound	108	11964879	260	1			260		other	0
10108004	452	Sound	103	11988387	260	1			260		other	0
10108004	453	Sound	105	12010895	260	1			260		other	0
10108004	454	Sound	106	12039239	260	1			260		other	0
10108004	454	Response	1	12043107	4128	2
10108004	455	Sound	111	12060580	260	1			260		other	0
10108004	455	Response	1	12063827	3507	1
10108004	456	Sound	112	12088589	260	1			260		other	0
10108004	456	Response	1	12091347	3017	1
10108004	457	Sound	101	12111598	260	1			260		other	0
10108004	458	Sound	106	12131437	260	1			260		other	0
10108004	458	Response	1	12135506	4329	1
10108004	459	Sound	108	12152445	260	1			260		other	0
10108004	459	Response	1	12156226	4041	1
10108004	460	Sound	108	12173786	260	1			260		other	0
10108004	460	Response	1	12177266	3740	1
10108004	461	Sound	107	12201296	260	1			260		other	0
10108004	461	Response	1	12204946	3910	1
10108004	462	Sound	109	12225137	260	1			260		other	0
10108004	462	Response	1	12228145	3267	1
10108004	463	Sound	104	12247312	260	1			260		other	0
10108004	464	Sound	101	12270653	260	1			260		other	0
10108004	465	Sound	111	12299335	265	1			260		other	0
10108004	465	Response	1	12303265	4195	1
10108004	466	Sound	101	12320171	260	1			260		other	0
10108004	467	Sound	102	12345680	260	1			260		other	0
10108004	468	Sound	102	12371189	260	1			260		other	0
10108004	469	Sound	111	12398034	263	1			260		other	0
10108004	469	Response	1	12401584	3812	1
10108004	470	Sound	109	12426708	260	1			260		other	0
10108004	471	Sound	112	12444881	260	1			260		other	0
10108004	471	Response	1	12447904	3282	1
10108004	472	Sound	104	12461554	260	1			260		other	0
10108004	473	Sound	104	12483734	265	1			260		other	0
10108004	474	Sound	105	12504069	260	1			260		other	0
10108004	474	Response	1	12508863	5054	1
10108004	475	Sound	111	12530911	260	1			260		other	0
10108004	475	Response	1	12535903	5251	1
10108004	476	Sound	102	12557254	260	1			260		other	0
10108004	477	Sound	103	12580933	265	1			260		other	0
10108004	477	Response	1	12586623	5954	1
10108004	478	Sound	102	12603604	260	1			260		other	0
10108004	479	Sound	111	12630446	260	1			260		other	0
10108004	479	Response	1	12633982	3795	1
10108004	480	Sound	106	12655288	260	1			260		other	0
10108004	480	Response	1	12659342	4313	1
10108004	481	Sound	105	12680133	262	1			260		other	0
10108004	481	Response	1	12684942	5071	1
10108004	482	Sound	109	12707307	260	1			260		other	0
10108004	482	Response	1	12711741	4694	1
10108004	483	Sound	107	12731815	260	1			260		other	0
10108004	483	Response	1	12737741	6185	1
10108004	484	Sound	109	12759658	260	1			260		other	0
10108004	484	Response	1	12763101	3702	1
10108004	485	Sound	112	12785834	260	1			260		other	0
10108004	485	Response	1	12792861	7286	1
10108004	486	Sound	108	12801673	260	1			260		other	0
10108004	487	Sound	103	12828016	260	1			260		other	0
10108004	488	Sound	104	12844688	260	1			260		other	0
10108004	489	Response	255	13109578	242228	1
10108004	490	Sound	102	13179639	260	1			260		other	0
10108004	491	Sound	106	13201147	260	1			260		other	0
10108004	492	Sound	104	13229829	265	1			260		other	0
10108004	492	Response	1	13234777	5213	1
10108004	493	Sound	108	13255332	260	1			260		other	0
10108004	493	Response	1	13259657	4584	1
10108004	494	Sound	110	13273506	260	1			260		other	0
10108004	494	Response	1	13277816	4571	1
10108004	495	Sound	107	13300015	260	1			260		other	0
10108004	496	Sound	111	13324190	260	1			260		other	0
10108004	496	Response	1	13326696	2766	1
10108004	497	Sound	112	13340195	260	1			260		other	0
10108004	498	Sound	110	13364371	260	1			260		other	0
10108004	498	Response	1	13367575	3465	1
10108004	499	Sound	110	13383044	260	1			260		other	0
10108004	499	Response	1	13387016	4231	1
10108004	500	Sound	107	13403551	260	1			260		other	0
10108004	500	Response	1	13406855	3564	1
10108004	501	Sound	101	13428060	260	1			260		other	0
10108004	502	Sound	104	13444230	260	1			260		other	0
10108004	503	Sound	102	13472409	260	1			260		other	0
10108004	504	Sound	110	13498751	260	1			260		other	0
10108004	504	Response	1	13502135	3643	1
10108004	505	Sound	108	13517091	260	1			260		other	0
10108004	506	Sound	101	13543433	260	1			260		other	0
10108004	507	Sound	104	13565108	260	1			260		other	0
10108004	507	Response	1	13569894	5046	1
10108004	508	Sound	112	13588116	260	1			260		other	0
10108004	508	Response	1	13591494	3638	1
10108004	509	Sound	104	13605289	260	1			260		other	0
10108004	510	Sound	102	13625629	260	1			260		other	0
10108004	511	Sound	103	13645469	260	1			260		other	0
10108004	512	Sound	107	13667310	260	1			260		other	0
10108004	512	Response	1	13672293	5242	1
10108004	513	Sound	101	13692826	266	1			260		other	0
10108004	514	Sound	103	13714994	260	1			260		other	0
10108004	515	Sound	105	13743504	260	1			260		other	0
10108004	515	Response	1	13748772	5528	1
10108004	516	Sound	106	13770025	272	1			260		other	0
10108004	516	Response	1	13774132	4379	1
10108004	517	Sound	111	13798690	260	1			260		other	0
10108004	517	Response	1	13803572	5142	1
10108004	518	Sound	102	13819364	260	1			260		other	0
10108004	519	Sound	102	13845206	260	1			260		other	0
10108004	520	Sound	105	13872716	260	1			260		other	0
10108004	520	Response	1	13877651	5195	1
10108004	521	Sound	101	13889555	260	1			260		other	0
10108004	522	Sound	106	13916565	260	1			260		other	0
10108004	522	Response	1	13921091	4786	1
10108004	523	Sound	108	13942573	260	1			260		other	0
10108004	523	Response	1	13946450	4137	1
10108004	524	Sound	111	13968749	260	1			260		other	0
10108004	524	Response	1	13972210	3720	1
10108004	525	Sound	108	13985089	260	1			260		other	0
10108004	525	Response	1	13989730	4901	1
10108004	526	Sound	108	14013432	260	1			260		other	0
10108004	526	Response	1	14017010	3838	1
10108004	527	Sound	109	14035773	260	1			260		other	0
10108004	527	Response	1	14039570	4056	1
10108004	528	Sound	110	14063449	260	1			260		other	0
10108004	528	Response	1	14067089	3900	1
10108004	529	Sound	103	14083790	260	1			260		other	0
10108004	530	Sound	106	14111633	260	1			260		other	0
10108004	530	Response	1	14114689	3316	1
10108004	531	Sound	103	14127972	260	1			260		other	0
10108004	532	Sound	112	14148980	260	1			260		other	0
10108004	532	Response	1	14152049	3329	1
10108004	533	Sound	103	14171323	262	1			260		other	0
10108004	534	Sound	112	14197997	260	1			260		other	0
10108004	534	Response	1	14200928	3191	1
10108004	535	Sound	105	14226340	260	1			260		other	0
10108004	536	Sound	105	14247022	268	1			260		other	0
10108004	536	Response	1	14251008	4254	1
10108004	537	Sound	109	14265687	260	1			260		other	0
10108004	538	Sound	112	14292530	260	1			260		other	0
10108004	538	Response	1	14296688	4418	1
10108004	539	Sound	104	14314037	260	1			260		other	0
10108004	540	Sound	105	14332044	260	1			260		other	0
10108004	541	Sound	101	14355385	260	1			260		other	0
10108004	542	Sound	106	14377226	260	1			260		other	0
10108004	543	Sound	111	14395233	260	1			260		other	0
10108004	543	Response	1	14398847	3874	1
10108004	544	Sound	107	14414572	260	1			260		other	0
10108004	544	Response	1	14418126	3814	1
10108004	545	Sound	111	14437421	267	1			260		other	0
10108004	545	Response	1	14440206	3052	1
10108004	546	Sound	109	14459922	260	1			260		other	0
10108004	546	Response	1	14463966	4304	1
10108004	547	Sound	107	14482763	260	1			260		other	0
10108004	547	Response	1	14486286	3783	1
10108004	548	Sound	109	14499936	260	1			260		other	0
10108004	548	Response	1	14502846	3169	1
10108004	549	Sound	109	14526620	268	1			260		other	0
10108004	549	Response	1	14529326	2973	1
10108004	550	Response	255	14717804	173365	1
10108004	551	Sound	111	14790205	260	1			260		other	0
10108004	551	Response	1	14793163	3218	1
10108004	552	Sound	109	14817547	260	1			260		other	0
10108004	553	Sound	104	14834720	260	1			260		other	0
10108004	553	Response	1	14839963	5502	1
10108004	554	Sound	101	14850726	260	1			260		other	0
10108004	555	Sound	111	14872900	260	1			260		other	0
10108004	555	Response	1	14877323	4682	1
10108004	556	Sound	102	14891407	260	1			260		other	0
10108004	557	Sound	109	14917918	261	1			260		other	0
10108004	557	Response	1	14922282	4626	1
10108004	558	Sound	110	14942591	260	1			260		other	0
10108004	558	Response	1	14946362	4030	1
10108004	559	Sound	107	14966933	260	1			260		other	0
10108004	559	Response	1	14971241	4568	1
10108004	560	Sound	101	14993117	268	1			260		other	0
10108004	561	Sound	102	15019618	260	1			260		other	0
10108004	562	Sound	106	15044794	260	1			260		other	0
10108004	563	Sound	102	15064817	276	1			260		other	0
10108004	564	Sound	112	15085475	260	1			260		other	0
10108004	564	Response	1	15089160	3945	1
10108004	565	Sound	107	15103648	260	1			260		other	0
10108004	566	Sound	111	15121154	260	1			260		other	0
10108004	566	Response	1	15125000	4106	1
10108004	567	Sound	108	15140994	260	1			260		other	0
10108004	567	Response	1	15144040	3306	1
10108004	568	Sound	104	15167337	260	1			260		other	0
10108004	569	Sound	103	15185843	260	1			260		other	0
10108004	570	Sound	103	15213520	260	1			260		other	0
10108004	571	Sound	110	15241030	260	1			260		other	0
10108004	571	Response	1	15245159	4389	1
10108004	572	Sound	108	15267372	260	1			260		other	0
10108004	572	Response	1	15272038	4926	1
10108004	573	Sound	111	15292548	260	1			260		other	0
10108004	573	Response	1	15298039	5751	1
10108004	574	Sound	107	15315889	260	1			260		other	0
10108004	574	Response	1	15322038	6409	1
10108004	575	Sound	103	15341398	260	1			260		other	0
10108004	576	Sound	109	15367074	260	1			260		other	0
10108004	576	Response	1	15371398	4585	1
10108004	577	Sound	112	15392249	260	1			260		other	0
10108004	577	Response	1	15396358	4369	1
10108004	578	Sound	108	15412256	260	1			260		other	0
10108004	578	Response	1	15416838	4841	1
10108004	579	Sound	101	15437932	260	1			260		other	0
10108004	580	Sound	107	15455105	260	1			260		other	0
10108004	580	Response	1	15458598	3753	1
10108004	581	Sound	105	15473278	260	1			260		other	0
10108004	581	Response	1	15477797	4779	1
10108004	582	Sound	110	15496786	260	1			260		other	0
10108004	582	Response	1	15500517	3991	1
10108004	583	Sound	107	15520294	260	1			260		other	0
10108004	583	Response	1	15524357	4322	2
10108004	584	Sound	104	15548814	269	1			260		other	0
10108004	585	Sound	108	15568813	262	1			260		other	0
10108004	586	Sound	112	15587484	260	1			260		other	0
10108004	586	Response	1	15592756	5531	1
10108004	587	Sound	105	15614994	260	1			260		other	0
10108004	588	Sound	102	15633667	260	1			260		other	0
10108004	589	Sound	109	15655342	260	1			260		other	0
10108004	589	Response	1	15662596	7514	1
10108004	590	Sound	102	15680684	260	1			260		other	0
10108004	591	Sound	106	15706359	260	1			260		other	0
10108004	591	Response	1	15711315	5216	1
10108004	592	Sound	112	15728534	260	1			260		other	0
10108004	592	Response	1	15732755	4481	1
10108004	593	Sound	105	15744873	260	1			260		other	0
10108004	594	Sound	105	15761212	260	1			260		other	0
10108004	594	Response	1	15765315	4363	1
10108004	595	Sound	103	15783387	260	1			260		other	0
10108004	596	Sound	106	15811896	260	1			260		other	0
10108004	597	Sound	104	15834238	260	1			260		other	0
10108004	598	Sound	106	15859413	260	1			260		other	0
10108004	599	Sound	101	15887423	260	1			260		other	0
10108004	600	Sound	111	15908764	260	1			260		other	0
10108004	600	Response	1	15912994	4489	1
10108004	601	Sound	110	15926770	260	1			260		other	0
10108004	601	Response	1	15932673	6163	1
10108004	602	Sound	109	15946277	260	1			260		other	0
10108004	602	Response	1	15950993	4976	1
10108004	603	Sound	106	15971953	260	1			260		other	0
10108004	603	Response	1	15977393	5700	1
10108004	604	Sound	101	15996795	260	1			260		other	0
10108004	605	Sound	110	16025472	260	1			260		other	0
10108004	605	Response	1	16030752	5540	1
10108004	606	Sound	108	16042478	260	1			260		other	0
10108004	606	Response	1	16048832	6615	1
10108004	607	Sound	112	16065486	260	1			260		other	0
10108004	607	Response	1	16069792	4566	1
10108004	608	Sound	104	16087827	260	1			260		other	0
10108004	609	Sound	103	16108001	260	1			260		other	0
10108004	610	Sound	105	16127674	260	1			260		other	0
10108004	611	Response	255	17847617	1694280	1
10108004	612	Sound	21	17917136	260	1			260		other	0
10108004	612	Response	1	17921616	4740	1
10108004	613	Sound	11	17940644	260	1			260		other	0
10108004	614	Sound	14	17958150	260	1			260		other	0
10108004	615	Sound	16	17975156	260	1			260		other	0
10108004	615	Response	1	17979775	4879	1
10108004	616	Sound	20	17996997	260	1			260		other	0
10108004	616	Response	1	18001135	4398	1
10108004	617	Sound	14	18018838	260	1			260		other	0
10108004	618	Sound	18	18044514	260	1			260		other	0
10108004	618	Response	1	18048575	4321	1
10108004	619	Sound	22	18072197	267	1			260		other	0
10108004	619	Response	1	18075615	3684	1
10108004	620	Sound	13	18089863	260	1			260		other	0
10108004	621	Sound	18	18118039	260	1			260		other	0
10108004	621	Response	1	18121294	3514	1
10108004	622	Sound	12	18141714	260	1			260		other	0
10108004	623	Sound	14	18167724	260	1			260		other	0
10108004	624	Sound	21	18183062	260	1			260		other	0
10108004	624	Response	1	18188174	5371	1
10108004	625	Sound	16	18203569	260	1			260		other	0
10108004	626	Sound	12	18229745	260	1			260		other	0
10108004	627	Sound	13	18250596	269	1			260		other	0
10108004	628	Sound	15	18268759	260	1			260		other	0
10108004	628	Response	1	18274413	5914	1
10108004	629	Sound	13	18294601	260	1			260		other	0
10108004	630	Sound	18	18315609	260	1			260		other	0
10108004	630	Response	1	18321612	6263	1
10108004	631	Sound	16	18332281	260	1			260		other	0
10108004	631	Response	1	18336892	4871	1
10108004	632	Sound	20	18351955	260	1			260		other	0
10108004	632	Response	1	18355692	3997	1
10108004	633	Sound	21	18374630	260	1			260		other	0
10108004	633	Response	1	18377772	3402	1
10108004	634	Sound	16	18399638	260	1			260		other	0
10108004	635	Sound	14	18421646	260	1			260		other	0
10108004	636	Sound	12	18438819	260	1			260		other	0
10108004	637	Sound	17	18460326	260	1			260		other	0
10108004	637	Response	1	18465771	5704	1
10108004	638	Sound	22	18481334	260	1			260		other	0
10108004	638	Response	1	18484811	3737	1
10108004	639	Sound	11	18500007	260	1			260		other	0
10108004	640	Sound	20	18525849	260	1			260		other	0
10108004	640	Response	1	18529611	4021	1
10108004	641	Sound	18	18541855	260	1			260		other	0
10108004	642	Sound	22	18559361	260	1			260		other	0
10108004	642	Response	1	18562330	3229	1
10108004	643	Sound	21	18579535	260	1			260		other	0
10108004	643	Response	1	18583530	4255	1
10108004	644	Sound	19	18598375	260	1			260		other	0
10108004	644	Response	1	18601210	3095	1
10108004	645	Sound	15	18616214	260	1			260		other	0
10108004	645	Response	1	18620490	4535	1
10108004	646	Sound	17	18638054	260	1			260		other	0
10108004	646	Response	1	18641850	4055	1
10108004	647	Sound	13	18658729	260	1			260		other	0
10108004	648	Sound	11	18675235	260	1			260		other	0
10108004	649	Sound	22	18695742	260	1			260		other	0
10108004	649	Response	1	18699369	3887	1
10108004	650	Sound	13	18723919	260	1			260		other	0
10108004	651	Sound	15	18747260	260	1			260		other	0
10108004	652	Sound	20	18768935	260	1			260		other	0
10108004	652	Response	1	18773369	4694	1
10108004	653	Sound	15	18795292	275	1			260		other	0
10108004	653	Response	1	18799368	4351	1
10108004	654	Sound	19	18821792	265	1			260		other	0
10108004	654	Response	1	18826648	5121	1
10108004	655	Sound	20	18849796	260	1			260		other	0
10108004	655	Response	1	18855768	6231	1
10108004	656	Sound	11	18870304	260	1			260		other	0
10108004	657	Sound	12	18893812	260	1			260		other	0
10108004	658	Sound	19	18921155	260	1			260		other	0
10108004	658	Response	1	18928487	7592	1
10108004	659	Sound	17	18938661	260	1			260		other	0
10108004	660	Sound	17	18961502	260	1			260		other	0
10108004	660	Response	1	18970407	9164	1
10108004	661	Sound	19	18978842	260	1			260		other	0
10108004	661	Response	1	18986166	7585	1
10108004	662	Sound	12	19004517	260	1			260		other	0
10108004	663	Sound	14	19031360	260	1			260		other	0
10108004	664	Sound	15	19056202	260	1			260		other	0
10108004	665	Sound	22	19079710	260	1			260		other	0
10108004	665	Response	1	19084246	4795	1
10108004	666	Sound	16	19095390	267	1			260		other	0
10108004	667	Sound	19	19121225	260	1			260		other	0
10108004	667	Response	1	19124405	3440	1
10108004	668	Sound	21	19148401	260	1			260		other	0
10108004	668	Response	1	19151925	3784	1
10108004	669	Sound	17	19166908	260	1			260		other	0
10108004	670	Sound	18	19189415	260	1			260		other	0
10108004	670	Response	1	19196085	6929	1
10108004	671	Sound	11	19204589	262	1			260		other	0
10108004	672	Response	255	19264644	36895	1
10108004	673	Sound	18	19339468	260	1			260		other	0
10108004	674	Sound	21	19355807	260	1			260		other	0
10108004	674	Response	1	19361043	5496	1
10108004	675	Sound	13	19372988	269	1			260		other	0
10108004	676	Sound	15	19388652	260	1			260		other	0
10108004	677	Sound	16	19414494	260	1			260		other	0
10108004	678	Sound	17	19435502	260	1			260		other	0
10108004	678	Response	1	19440962	5720	1
10108004	679	Sound	11	19461511	260	1			260		other	0
10108004	680	Sound	12	19477187	264	1			260		other	0
10108004	681	Sound	17	19496857	260	1			260		other	0
10108004	681	Response	1	19501522	4925	2
10108004	682	Sound	15	19518364	260	1			260		other	0
10108004	683	Sound	13	19539038	260	1			260		other	0
10108004	684	Sound	13	19563714	260	1			260		other	0
10108004	685	Sound	22	19583054	260	1			260		other	0
10108004	685	Response	1	19586241	3447	1
10108004	686	Sound	11	19607896	260	1			260		other	0
10108004	687	Sound	20	19635572	260	1			260		other	0
10108004	687	Response	1	19640881	5569	1
10108004	688	Sound	16	19659747	260	1			260		other	0
10108004	689	Sound	22	19679754	260	1			260		other	0
10108004	689	Response	1	19684080	4586	1
10108004	690	Sound	14	19704096	260	1			260		other	0
10108004	691	Sound	20	19725270	260	1			260		other	0
10108004	691	Response	1	19729760	4750	1
10108004	692	Sound	22	19741109	260	1			260		other	0
10108004	692	Response	1	19744640	3791	1
10108004	693	Sound	16	19765786	261	1			260		other	0
10108004	693	Response	1	19772400	6875	1
10108004	694	Sound	15	19782790	260	1			260		other	0
10108004	695	Sound	18	19801130	260	1			260		other	0
10108004	695	Response	1	19805120	4249	1
10108004	696	Sound	21	19823305	260	1			260		other	0
10108004	696	Response	1	19826319	3274	1
10108004	697	Sound	19	19847985	265	1			260		other	0
10108004	697	Response	1	19851199	3479	1
10108004	698	Sound	14	19868987	260	1			260		other	0
10108004	699	Sound	15	19888661	260	1			260		other	0
10108004	700	Sound	17	19905834	260	1			260		other	0
10108004	700	Response	1	19913038	7465	1
10108004	701	Sound	18	19922340	260	1			260		other	0
10108004	701	Response	1	19928959	6879	1
10108004	702	Sound	16	19939512	260	1			260		other	0
10108004	702	Response	1	19945598	6346	1
10108004	703	Sound	13	19955018	260	1			260		other	0
10108004	704	Sound	15	19980527	260	1			260		other	0
10108004	704	Response	1	19985118	4851	1
10108004	705	Sound	22	19998033	260	1			260		other	0
10108004	705	Response	1	20002798	5025	1
10108004	706	Sound	21	20017206	260	1			260		other	0
10108004	706	Response	1	20020718	3772	1
10108004	707	Sound	12	20033884	265	1			260		other	0
10108004	708	Sound	19	20054386	260	1			260		other	0
10108004	708	Response	1	20058957	4832	1
10108004	709	Sound	20	20082229	260	1			260		other	0
10108004	709	Response	1	20086077	4108	1
10108004	710	Sound	17	20101069	260	1			260		other	0
10108004	711	Sound	19	20122243	260	1			260		other	0
10108004	711	Response	1	20125837	3853	1
10108004	712	Sound	22	20145418	260	1			260		other	0
10108004	712	Response	1	20150076	4918	1
10108004	713	Sound	17	20163424	260	1			260		other	0
10108004	713	Response	1	20167516	4352	1
10108004	714	Sound	19	20191434	260	1			260		other	0
10108004	714	Response	1	20198316	7142	1
10108004	715	Sound	11	20213608	260	1			260		other	0
10108004	716	Sound	19	20234782	260	1			260		other	0
10108004	716	Response	1	20241356	6833	1
10108004	717	Sound	12	20259624	260	1			260		other	0
10108004	718	Sound	14	20282132	260	1			260		other	0
10108004	719	Sound	14	20298805	260	1			260		other	0
10108004	720	Sound	13	20314982	264	1			260		other	0
10108004	721	Sound	20	20331150	260	1			260		other	0
10108004	721	Response	1	20336875	5985	1
10108004	722	Sound	18	20347155	260	1			260		other	0
10108004	722	Response	1	20354555	7659	1
10108004	723	Sound	16	20370997	260	1			260		other	0
10108004	724	Sound	18	20390004	260	1			260		other	0
10108004	724	Response	1	20398234	8491	1
10108004	725	Sound	21	20414512	260	1			260		other	0
10108004	725	Response	1	20420074	5822	1
10108004	726	Sound	20	20441689	260	1			260		other	0
10108004	726	Response	1	20447194	5765	1
10108004	727	Sound	11	20467697	260	1			260		other	0
10108004	728	Sound	14	20485381	270	1			260		other	0
10108004	729	Sound	12	20509045	260	1			260		other	0
10108004	730	Sound	11	20532053	260	1			260		other	0
10108004	731	Sound	12	20553728	260	1			260		other	0
10108004	732	Sound	21	20575080	271	1			260		other	0
10108004	732	Response	1	20584793	9984	1
10108004	733	Response	255	21358546	761149	1
10108004	734	Sound	15	21423875	268	1			260		other	0
10108004	735	Sound	14	21443374	261	1			260		other	0
10108004	736	Sound	20	21467382	260	1			260		other	0
10108004	736	Response	1	21471025	3903	1
10108004	737	Sound	18	21484054	260	1			260		other	0
10108004	737	Response	1	21487665	3870	1
10108004	738	Sound	16	21511230	260	1			260		other	0
10108004	739	Sound	18	21528737	260	1			260		other	0
10108004	740	Sound	15	21549577	260	1			260		other	0
10108004	740	Response	1	21552944	3627	1
10108004	741	Sound	13	21567417	260	1			260		other	0
10108004	742	Sound	17	21590092	260	1			260		other	0
10108004	742	Response	1	21593824	3992	1
10108004	743	Sound	19	21616273	266	1			260		other	0
10108004	743	Response	1	21619584	3576	1
10108004	744	Sound	11	21644277	260	1			260		other	0
10108004	745	Sound	12	21663617	260	1			260		other	0
10108004	746	Sound	14	21685959	260	1			260		other	0
10108004	747	Sound	12	21713135	260	1			260		other	0
10108004	748	Sound	12	21730641	260	1			260		other	0
10108004	749	Sound	21	21752148	260	1			260		other	0
10108004	749	Response	1	21755503	3614	1
10108004	750	Sound	16	21776657	260	1			260		other	0
10108004	750	Response	1	21781502	5105	1
10108004	751	Sound	20	21799498	260	1			260		other	0
10108004	751	Response	1	21802622	3383	1
10108004	752	Sound	11	21826508	260	1			260		other	0
10108004	753	Sound	12	21842347	260	1			260		other	0
10108004	754	Sound	21	21865021	260	1			260		other	0
10108004	754	Response	1	21868622	3860	1
10108004	755	Sound	19	21882528	260	1			260		other	0
10108004	755	Response	1	21887421	5154	1
10108004	756	Sound	16	21901034	260	1			260		other	0
10108004	756	Response	1	21909901	9127	1
10108004	757	Sound	12	21924876	260	1			260		other	0
10108004	758	Sound	22	21943549	260	1			260		other	0
10108004	758	Response	1	21947501	4212	1
10108004	759	Sound	17	21961722	260	1			260		other	0
10108004	759	Response	1	21967181	5719	1
10108004	760	Sound	21	21984397	260	1			260		other	0
10108004	760	Response	1	21988541	4404	1
10108004	761	Sound	18	22009739	260	1			260		other	0
10108004	761	Response	1	22013660	4181	1
10108004	762	Sound	22	22027745	260	1			260		other	0
10108004	762	Response	1	22031580	4095	1
10108004	763	Sound	20	22048252	260	1			260		other	0
10108004	763	Response	1	22051020	3027	1
10108004	764	Sound	11	22073928	260	1			260		other	0
10108004	765	Sound	15	22090600	260	1			260		other	0
10108004	766	Sound	17	22113108	260	1			260		other	0
10108004	766	Response	1	22117899	5051	1
10108004	767	Sound	14	22135450	260	1			260		other	0
10108004	768	Sound	18	22151122	260	1			260		other	0
10108004	768	Response	1	22155419	4557	1
10108004	769	Sound	13	22178131	260	1			260		other	0
10108004	770	Sound	22	22196471	260	1			260		other	0
10108004	770	Response	1	22200219	4008	1
10108004	771	Sound	13	22219979	260	1			260		other	0
10108004	772	Sound	11	22239653	260	1			260		other	0
10108004	773	Sound	20	22256159	260	1			260		other	0
10108004	773	Response	1	22260538	4639	1
10108004	774	Sound	17	22281334	260	1			260		other	0
10108004	774	Response	1	22285898	4823	1
10108004	775	Sound	11	22304509	260	1			260		other	0
10108004	776	Sound	19	22321348	260	1			260		other	0
10108004	776	Response	1	22325658	4569	1
10108004	777	Sound	14	22343523	260	1			260		other	0
10108004	778	Sound	21	22371532	260	1			260		other	0
10108004	778	Response	1	22375657	4384	1
10108004	779	Sound	18	22392206	260	1			260		other	0
10108004	779	Response	1	22398777	6830	1
10108004	780	Sound	13	22413714	260	1			260		other	0
10108004	781	Sound	21	22432220	260	1			260		other	0
10108004	781	Response	1	22436137	4176	1
10108004	782	Sound	16	22450560	260	1			260		other	0
10108004	782	Response	1	22457177	6876	1
10108004	783	Sound	16	22470234	260	1			260		other	0
10108004	784	Sound	15	22495409	260	1			260		other	0
10108004	784	Response	1	22501016	5867	1
10108004	785	Sound	17	22510767	280	1			260		other	0
10108004	785	Response	1	22516376	5889	1
10108004	786	Sound	19	22526267	274	1			260		other	0
10108004	786	Response	1	22531016	5022	1
10108004	787	Sound	22	22554267	264	1			260		other	0
10108004	787	Response	1	22558055	4052	1
10108004	788	Sound	15	22580773	260	1			260		other	0
10108004	789	Sound	20	22599946	260	1			260		other	0
10108004	789	Response	1	22603255	3569	1
10108004	790	Sound	14	22623287	260	1			260		other	0
10108004	791	Sound	13	22644961	260	1			260		other	0
10108004	792	Sound	22	22671138	260	1			260		other	0
10108004	792	Response	1	22674535	3657	1
10108004	793	Sound	19	22694979	260	1			260		other	0
10108004	793	Response	1	22700294	5575	1
10108004	794	Response	255	22745894	33922	1
10108004	795	Sound	18	22815365	270	1			260		other	0
10108004	795	Response	1	22825653	10558	1
10108004	796	Sound	18	22833695	260	1			260		other	0
10108004	796	Response	1	22840293	6858	1
10108004	797	Sound	13	22857203	260	1			260		other	0
10108004	798	Sound	17	22874542	260	1			260		other	0
10108004	799	Sound	15	22895383	260	1			260		other	0
10108004	800	Sound	21	22914890	260	1			260		other	0
10108004	800	Response	1	22918692	4062	1
10108004	801	Sound	14	22931396	260	1			260		other	0
10108004	802	Sound	17	22947068	260	1			260		other	0
10108004	803	Sound	12	22965574	260	1			260		other	0
10108004	804	Sound	22	22985081	260	1			260		other	0
10108004	804	Response	1	22988212	3391	1
10108004	805	Sound	16	23004755	260	1			260		other	0
10108004	806	Sound	21	23025595	260	1			260		other	0
10108004	806	Response	1	23029491	4156	1
10108004	807	Sound	12	23048103	260	1			260		other	0
10108004	808	Sound	20	23067110	260	1			260		other	0
10108004	808	Response	1	23071891	5041	1
10108004	809	Sound	12	23082282	260	1			260		other	0
10108004	810	Sound	20	23107963	266	1			260		other	0
10108004	810	Response	1	23111651	3953	1
10108004	811	Sound	17	23131966	260	1			260		other	0
10108004	812	Sound	11	23152640	260	1			260		other	0
10108004	813	Sound	16	23173814	260	1			260		other	0
10108004	813	Response	1	23178050	4496	1
10108004	814	Sound	22	23192987	260	1			260		other	0
10108004	814	Response	1	23199249	6521	1
10108004	815	Sound	11	23219330	260	1			260		other	0
10108004	816	Sound	14	23235335	260	1			260		other	0
10108004	817	Sound	14	23263345	260	1			260		other	0
10108004	818	Sound	19	23279351	260	1			260		other	0
10108004	818	Response	1	23283569	4478	1
10108004	819	Sound	21	23294690	260	1			260		other	0
10108004	819	Response	1	23303009	8579	1
10108004	820	Sound	19	23316531	260	1			260		other	0
10108004	820	Response	1	23321569	5298	1
10108004	821	Sound	16	23337872	260	1			260		other	0
10108004	821	Response	1	23343649	6037	1
10108004	822	Sound	17	23356212	260	1			260		other	0
10108004	823	Sound	18	23384221	260	1			260		other	0
10108004	823	Response	1	23391008	7047	1
10108004	824	Sound	13	23404895	260	1			260		other	0
10108004	825	Sound	13	23422568	260	1			260		other	0
10108004	826	Sound	11	23449744	260	1			260		other	0
10108004	827	Sound	19	23465916	260	1			260		other	0
10108004	827	Response	1	23474688	9031	1
10108004	828	Sound	22	23485423	260	1			260		other	0
10108004	828	Response	1	23490447	5284	1
10108004	829	Sound	13	23510932	260	1			260		other	0
10108004	830	Sound	15	23528439	260	1			260		other	0
10108004	830	Response	1	23533007	4828	1
10108004	831	Sound	20	23551780	260	1			260		other	0
10108004	831	Response	1	23556367	4846	1
10108004	832	Sound	18	23570287	260	1			260		other	0
10108004	832	Response	1	23574927	4900	1
10108004	833	Sound	22	23592461	260	1			260		other	0
10108004	833	Response	1	23595727	3525	1
10108004	834	Sound	16	23618637	260	1			260		other	0
10108004	834	Response	1	23626286	7909	1
10108004	835	Sound	12	23642312	260	1			260		other	0
10108004	836	Sound	15	23661985	260	1			260		other	0
10108004	837	Sound	21	23688828	260	1			260		other	0
10108004	837	Response	1	23692446	3877	1
10108004	838	Sound	14	23713670	260	1			260		other	0
10108004	839	Sound	11	23739346	260	1			260		other	0
10108004	840	Sound	21	23756685	260	1			260		other	0
10108004	840	Response	1	23760445	4020	1
10108004	841	Sound	15	23783528	260	1			260		other	0
10108004	842	Sound	19	23806870	260	1			260		other	0
10108004	842	Response	1	23810685	4075	1
10108004	843	Sound	11	23833879	260	1			260		other	0
10108004	844	Sound	20	23853219	260	1			260		other	0
10108004	844	Response	1	23857644	4685	1
10108004	845	Sound	18	23876894	260	1			260		other	0
10108004	846	Sound	22	23895901	260	1			260		other	0
10108004	846	Response	1	23898523	2881	3
10108004	847	Sound	19	23923077	260	1			260		other	0
10108004	847	Response	1	23929084	6266	1
10108004	848	Sound	14	23946752	260	1			260		other	0
10108004	849	Sound	13	23973762	260	1			260		other	0
10108004	850	Sound	15	23989934	260	1			260		other	0
10108004	851	Sound	17	24013775	260	1			260		other	0
10108004	851	Response	1	24021723	8207	1
10108004	852	Sound	12	24040785	260	1			260		other	0
10108004	853	Sound	16	24062293	260	1			260		other	0
10108004	854	Sound	20	24084300	260	1			260		other	0
10108004	854	Response	1	24088522	4482	1
10108004	855	Response	255	24245641	141847	1
10108004	856	Sound	106	24307379	260	1			260		other	0
10108004	856	Response	1	24311560	4441	1
10108004	857	Sound	106	24334388	260	1			260		other	0
10108004	857	Response	1	24339320	5192	1
10108004	858	Sound	107	24351227	260	1			260		other	0
10108004	858	Response	1	24355080	4112	1
10108004	859	Sound	112	24370234	260	1			260		other	0
10108004	859	Response	1	24373000	3025	1
10108004	860	Sound	105	24387073	260	1			260		other	0
10108004	861	Sound	110	24415583	260	1			260		other	0
10108004	861	Response	1	24418839	3516	1
10108004	862	Sound	108	24436591	260	1			260		other	0
10108004	862	Response	1	24440279	3948	1
10108004	863	Sound	107	24456931	260	1			260		other	0
10108004	863	Response	1	24460599	3928	1
10108004	864	Sound	112	24480454	275	1			260		other	0
10108004	864	Response	1	24483079	2899	1
10108004	865	Sound	105	24500280	260	1			260		other	0
10108004	865	Response	1	24503559	3539	1
10108004	866	Sound	109	24525122	260	1			260		other	0
10108004	866	Response	1	24527638	2776	1
10108004	867	Sound	103	24553298	260	1			260		other	0
10108004	868	Sound	110	24577806	260	1			260		other	0
10108004	868	Response	1	24580518	2972	1
10108004	869	Sound	112	24594813	260	1			260		other	0
10108004	869	Response	1	24598598	4045	1
10108004	870	Sound	102	24618821	260	1			260		other	0
10108004	871	Sound	110	24643163	260	1			260		other	0
10108004	871	Response	1	24646917	4014	1
10108004	872	Sound	105	24666353	275	1			260		other	0
10108004	872	Response	1	24670517	4439	1
10108004	873	Sound	112	24692353	266	1			260		other	0
10108004	873	Response	1	24695157	3070	1
10108004	874	Sound	111	24720690	260	1			260		other	0
10108004	874	Response	1	24724037	3606	1
10108004	875	Sound	109	24749200	260	1			260		other	0
10108004	875	Response	1	24752596	3656	1
10108004	876	Sound	104	24777877	260	1			260		other	0
10108004	877	Sound	101	24797052	261	1			260		other	0
10108004	878	Sound	111	24814057	260	1			260		other	0
10108004	878	Response	1	24817956	4159	1
10108004	879	Sound	111	24831562	260	1			260		other	0
10108004	879	Response	1	24834516	3213	1
10108004	880	Sound	109	24852903	260	1			260		other	0
10108004	880	Response	1	24856195	3552	1
10108004	881	Sound	101	24877752	266	1			260		other	0
10108004	882	Sound	103	24897752	260	1			260		other	0
10108004	883	Sound	101	24920594	260	1			260		other	0
10108004	884	Sound	111	24947603	260	1			260		other	0
10108004	884	Response	1	24952275	4931	1
10108004	885	Sound	110	24964951	268	1			260		other	0
10108004	885	Response	1	24968674	3991	1
10108004	886	Sound	102	24982451	262	1			260		other	0
10108004	887	Sound	107	25004457	260	1			260		other	0
10108004	887	Response	1	25008674	4477	1
10108004	888	Sound	102	25030799	260	1			260		other	0
10108004	889	Sound	107	25055475	260	1			260		other	0
10108004	889	Response	1	25058433	3219	1
10108004	890	Sound	110	25083317	260	1			260		other	0
10108004	890	Response	1	25086834	3776	1
10108004	891	Sound	103	25106159	260	1			260		other	0
10108004	892	Sound	102	25135503	260	1			260		other	0
10108004	893	Sound	108	25164179	260	1			260		other	0
10108004	893	Response	1	25170353	6433	1
10108004	894	Sound	109	25191189	260	1			260		other	0
10108004	894	Response	1	25196273	5344	1
10108004	895	Sound	104	25217365	260	1			260		other	0
10108004	895	Response	1	25221872	4767	1
10108004	896	Sound	101	25241373	260	1			260		other	0
10108004	897	Sound	105	25261880	260	1			260		other	0
10108004	898	Sound	102	25279720	260	1			260		other	0
10108004	899	Sound	104	25302728	260	1			260		other	0
10108004	900	Sound	107	25320067	260	1			260		other	0
10108004	900	Response	1	25323871	4064	1
10108004	901	Sound	103	25338407	260	1			260		other	0
10108004	902	Sound	108	25364249	260	1			260		other	0
10108004	902	Response	1	25368671	4681	1
10108004	903	Sound	108	25390259	260	1			260		other	0
10108004	903	Response	1	25395950	5951	2
10108004	904	Sound	104	25411099	260	1			260		other	0
10108004	905	Sound	109	25429606	260	1			260		other	0
10108004	905	Response	1	25433550	4204	1
10108004	906	Sound	106	25446112	260	1			260		other	0
10108004	907	Sound	112	25471454	260	1			260		other	0
10108004	907	Response	1	25474430	3236	1
10108004	908	Sound	106	25499630	260	1			260		other	0
10108004	908	Response	1	25504990	5619	1
10108004	909	Sound	101	25527974	260	1			260		other	0
10108004	910	Sound	108	25544813	260	1			260		other	0
10108004	910	Response	1	25550430	5876	1
10108004	911	Sound	104	25569488	260	1			260		other	0
10108004	912	Sound	106	25598499	260	1			260		other	0
10108004	912	Response	1	25603709	5470	1
10108004	913	Sound	103	25617839	260	1			260		other	0
10108004	914	Sound	105	25639179	260	1			260		other	0
10108004	914	Response	1	25643069	4149	1
10108004	915	Sound	111	25657186	260	1			260		other	0
10108004	915	Response	1	25661148	4222	1
10108004	916	Response	255	26465702	782186	1
10108004	917	Sound	105	26539341	272	1			260		other	0
10108004	917	Response	1	26544581	5512	1
10108004	918	Sound	111	26558002	260	1			260		other	0
10108004	918	Response	1	26560980	3238	1
10108004	919	Sound	111	26586179	260	1			260		other	0
10108004	919	Response	1	26589140	3221	1
10108004	920	Sound	105	26608520	260	1			260		other	0
10108004	921	Sound	105	26635196	260	1			260		other	0
10108004	921	Response	1	26638980	4044	1
10108004	922	Sound	112	26652869	260	1			260		other	0
10108004	922	Response	1	26658420	5811	1
10108004	923	Sound	101	26678044	260	1			260		other	0
10108004	924	Sound	104	26697051	260	1			260		other	0
10108004	925	Sound	104	26715891	260	1			260		other	0
10108004	926	Sound	112	26734739	268	1			260		other	0
10108004	926	Response	1	26739699	5228	1
10108004	927	Sound	102	26750570	260	1			260		other	0
10108004	928	Sound	107	26774745	260	1			260		other	0
10108004	928	Response	1	26782499	8014	1
10108004	929	Sound	102	26795085	260	1			260		other	0
10108004	930	Sound	108	26816426	260	1			260		other	0
10108004	930	Response	1	26819859	3692	1
10108004	931	Sound	108	26836766	260	1			260		other	0
10108004	932	Sound	104	26857941	260	1			260		other	0
10108004	933	Sound	106	26886117	260	1			260		other	0
10108004	933	Response	1	26891698	5840	1
10108004	934	Sound	111	26903622	260	1			260		other	0
10108004	934	Response	1	26907218	3855	1
10108004	935	Sound	101	26928966	260	1			260		other	0
10108004	936	Sound	111	26949473	260	1			260		other	0
10108004	936	Response	1	26952897	3684	1
10108004	937	Sound	103	26966645	260	1			260		other	0
10108004	938	Sound	106	26992154	260	1			260		other	0
10108004	938	Response	1	26996817	4922	1
10108004	939	Sound	107	27019164	260	1			260		other	0
10108004	939	Response	1	27022817	3913	1
10108004	940	Sound	107	27047507	260	1			260		other	0
10108004	940	Response	1	27051376	4129	1
10108004	941	Sound	103	27069181	260	1			260		other	0
10108004	942	Sound	112	27095191	260	1			260		other	0
10108004	942	Response	1	27099056	4125	1
10108004	943	Sound	103	27119537	264	1			260		other	0
10108004	944	Sound	110	27145875	260	1			260		other	0
10108004	944	Response	1	27149055	3440	1
10108004	945	Sound	109	27170717	260	1			260		other	0
10108004	945	Response	1	27175295	4838	1
10108004	946	Sound	112	27191558	260	1			260		other	0
10108004	946	Response	1	27194495	3197	1
10108004	947	Sound	109	27207897	260	1			260		other	0
10108004	947	Response	1	27211055	3418	1
10108004	948	Sound	106	27233739	260	1			260		other	0
10108004	949	Sound	104	27262416	260	1			260		other	0
10108004	950	Sound	102	27278755	260	1			260		other	0
10108004	951	Sound	104	27301435	266	1			260		other	0
10108004	951	Response	1	27306334	5164	1
10108004	952	Sound	108	27326605	260	1			260		other	0
10108004	952	Response	1	27331054	4709	1
10108004	953	Sound	105	27351447	260	1			260		other	0
10108004	953	Response	1	27357054	5866	1
10108004	954	Sound	103	27377290	260	1			260		other	0
10108004	955	Sound	109	27398464	260	1			260		other	0
10108004	955	Response	1	27402493	4290	1
10108004	956	Sound	101	27416470	260	1			260		other	0
10108004	957	Sound	106	27441478	260	1			260		other	0
10108004	957	Response	1	27447453	6235	1
10108004	958	Sound	107	27461819	260	1			260		other	0
10108004	958	Response	1	27467533	5973	1
10108004	959	Sound	103	27478834	269	1			260		other	0
10108004	960	Sound	102	27496334	263	1			260		other	0
10108004	961	Sound	108	27518506	260	1			260		other	0
10108004	961	Response	1	27523052	4806	1
10108004	962	Sound	110	27535345	260	1			260		other	0
10108004	963	Sound	112	27560534	273	1			260		other	0
10108004	963	Response	1	27564332	4071	1
10108004	964	Sound	107	27588033	263	1			260		other	0
10108004	965	Sound	110	27615373	260	1			260		other	0
10108004	965	Response	1	27618492	3378	1
10108004	966	Sound	110	27640048	260	1			260		other	0
10108004	966	Response	1	27643851	4063	1
10108004	967	Sound	109	27663390	260	1			260		other	0
10108004	967	Response	1	27667211	4081	1
10108004	968	Sound	110	27689566	260	1			260		other	0
10108004	968	Response	1	27692571	3265	1
10108004	969	Sound	109	27707906	260	1			260		other	0
10108004	969	Response	1	27711770	4125	1
10108004	970	Sound	101	27732914	260	1			260		other	0
10108004	971	Sound	101	27750587	260	1			260		other	0
10108004	972	Sound	105	27777932	262	1			260		other	0
10108004	972	Response	1	27782330	4660	1
10108004	973	Sound	108	27794436	260	1			260		other	0
10108004	973	Response	1	27798730	4554	1
10108004	974	Sound	102	27821279	260	1			260		other	0
10108004	975	Sound	111	27849132	270	1			260		other	0
10108004	975	Response	1	27852649	3787	1
10108004	976	Sound	106	27871632	262	1			260		other	0
10108004	977	Response	255	27903369	10245	1
10108004	978	Sound	105	27972165	260	1			260		other	0
10108004	979	Sound	108	27998007	260	1			260		other	0
10108004	979	Response	1	28001448	3700	1
10108004	980	Sound	102	28022350	260	1			260		other	0
10108004	981	Sound	101	28039856	260	1			260		other	0
10108004	982	Sound	109	28063364	260	1			260		other	0
10108004	982	Response	1	28067208	4104	1
10108004	983	Sound	110	28091040	260	1			260		other	0
10108004	984	Sound	110	28114730	275	1			260		other	0
10108004	984	Response	1	28118567	4112	1
10108004	985	Sound	107	28133555	260	1			260		other	0
10108004	986	Sound	108	28162398	260	1			260		other	0
10108004	986	Response	1	28166807	4668	1
10108004	987	Sound	105	28189075	260	1			260		other	0
10108004	988	Sound	104	28217251	260	1			260		other	0
10108004	989	Sound	110	28246094	260	1			260		other	0
10108004	989	Response	1	28250246	4411	1
10108004	990	Sound	109	28273271	260	1			260		other	0
10108004	990	Response	1	28277766	4755	1
10108004	991	Sound	101	28298780	260	1			260		other	0
10108004	992	Sound	102	28326789	260	1			260		other	0
10108004	993	Sound	111	28355966	260	1			260		other	0
10108004	993	Response	1	28359525	3818	1
10108004	994	Sound	108	28379808	260	1			260		other	0
10108004	994	Response	1	28384405	4856	1
10108004	995	Sound	106	28406328	270	1			260		other	0
10108004	996	Sound	107	28433494	260	1			260		other	0
10108004	996	Response	1	28436804	3570	1
10108004	997	Sound	109	28456502	260	1			260		other	0
10108004	997	Response	1	28461044	4802	1
10108004	998	Sound	102	28475008	260	1			260		other	0
10108004	999	Sound	103	28491848	260	1			260		other	0
10108004	1000	Sound	112	28517027	264	1			260		other	0
10108004	1000	Response	1	28520243	3480	1
10108004	1001	Sound	112	28535363	260	1			260		other	0
10108004	1001	Response	1	28539284	4181	1
10108004	1002	Sound	101	28555703	260	1			260		other	0
10108004	1003	Sound	109	28575543	260	1			260		other	0
10108004	1003	Response	1	28578563	3280	1
10108004	1004	Sound	107	28596227	269	1			260		other	0
10108004	1004	Response	1	28601123	5165	1
10108004	1005	Sound	103	28622560	260	1			260		other	0
10108004	1006	Sound	104	28641733	260	1			260		other	0
10108004	1007	Sound	107	28663241	260	1			260		other	0
10108004	1007	Response	1	28666882	3901	1
10108004	1008	Sound	108	28686582	260	1			260		other	0
10108004	1008	Response	1	28691761	5439	1
10108004	1009	Sound	107	28713259	260	1			260		other	0
10108004	1010	Sound	112	28737600	260	1			260		other	0
10108004	1010	Response	1	28740722	3381	1
10108004	1011	Sound	101	28757107	260	1			260		other	0
10108004	1012	Sound	111	28779615	260	1			260		other	0
10108004	1012	Response	1	28782641	3286	1
10108004	1013	Sound	104	28808459	260	1			260		other	0
10108004	1014	Sound	111	28826298	260	1			260		other	0
10108004	1014	Response	1	28830241	4202	1
10108004	1015	Sound	111	28850973	260	1			260		other	0
10108004	1015	Response	1	28855841	5127	1
10108004	1016	Sound	106	28872825	271	1			260		other	0
10108004	1017	Sound	110	28898825	261	1			260		other	0
10108004	1017	Response	1	28901680	3116	1
10108004	1018	Sound	102	28921165	260	1			260		other	0
10108004	1019	Sound	103	28946007	260	1			260		other	0
10108004	1020	Sound	104	28966524	270	1			260		other	0
10108004	1021	Sound	112	28987688	260	1			260		other	0
10108004	1021	Response	1	28990640	3211	1
10108004	1022	Sound	105	29010696	260	1			260		other	0
10108004	1023	Sound	103	29027536	260	1			260		other	0
10108004	1024	Sound	102	29046709	260	1			260		other	0
10108004	1025	Sound	105	29073552	260	1			260		other	0
10108004	1025	Response	1	29077758	4466	2
10108004	1026	Sound	111	29100394	260	1			260		other	0
10108004	1026	Response	1	29107278	7144	1
10108004	1027	Sound	110	29124903	260	1			260		other	0
10108004	1028	Sound	106	29147911	260	1			260		other	0
10108004	1029	Sound	104	29174923	262	1			260		other	0
10108004	1030	Sound	112	29195094	260	1			260		other	0
10108004	1030	Response	1	29197918	3083	1
10108004	1031	Sound	106	29212934	260	1			260		other	0
10108004	1031	Response	1	29222397	9723	1
10108004	1032	Sound	105	29233775	260	1			260		other	0
10108004	1032	Response	1	29237917	4403	1
10108004	1033	Sound	108	29254949	260	1			260		other	0
10108004	1033	Response	1	29257997	3308	1
10108004	1034	Sound	101	29283457	260	1			260		other	0
10108004	1035	Sound	103	29309967	260	1			260		other	0
10108004	1036	Sound	106	29334810	260	1			260		other	0
10108004	1036	Response	1	29340157	5606	1
10108004	1037	Sound	109	29357322	264	1			260		other	0
10108004	1037	Response	1	29361516	4458	1
10108004	1038	Response	255	29417676	44365	1
10108004	1039	Sound	20	29488197	260	1			260		other	0
10108004	1039	Response	1	29491915	3978	1
10108004	1040	Sound	14	29508038	260	1			260		other	0
10108004	1041	Sound	15	29535380	260	1			260		other	0
10108004	1042	Sound	18	29560056	260	1			260		other	0
10108004	1042	Response	1	29564874	5078	1
10108004	1043	Sound	19	29580230	260	1			260		other	0
10108004	1043	Response	1	29584794	4825	1
10108004	1044	Sound	15	29607906	260	1			260		other	0
10108004	1044	Response	1	29612074	4428	1
10108004	1045	Sound	18	29625920	267	1			260		other	0
10108004	1045	Response	1	29629994	4342	1
10108004	1046	Sound	13	29652255	260	1			260		other	0
10108004	1047	Sound	16	29671762	260	1			260		other	0
10108004	1047	Response	1	29676553	5051	1
10108004	1048	Sound	17	29689434	260	1			260		other	0
10108004	1048	Response	1	29693993	4819	1
10108004	1049	Sound	19	29704607	260	1			260		other	0
10108004	1049	Response	1	29709272	4925	2
10108004	1050	Sound	12	29722119	266	1			260		other	0
10108004	1051	Sound	11	29750289	260	1			260		other	0
10108004	1052	Sound	22	29766795	260	1			260		other	0
10108004	1052	Response	1	29770073	3537	1
10108004	1053	Sound	16	29782967	260	1			260		other	0
10108004	1054	Sound	14	29799973	260	1			260		other	0
10108004	1055	Sound	22	29825482	260	1			260		other	0
10108004	1055	Response	1	29828552	3330	1
10108004	1056	Sound	18	29841321	260	1			260		other	0
10108004	1057	Sound	15	29868998	260	1			260		other	0
10108004	1058	Sound	13	29895007	260	1			260		other	0
10108004	1059	Sound	18	29913013	260	1			260		other	0
10108004	1059	Response	1	29916151	3398	1
10108004	1060	Sound	20	29933520	260	1			260		other	0
10108004	1060	Response	1	29936471	3211	1
10108004	1061	Sound	11	29954028	260	1			260		other	0
10108004	1062	Sound	15	29982204	260	1			260		other	0
10108004	1063	Sound	21	30004545	260	1			260		other	0
10108004	1063	Response	1	30007751	3465	1
10108004	1064	Sound	22	30028720	260	1			260		other	0
10108004	1064	Response	1	30035270	6810	1
10108004	1065	Sound	13	30048394	260	1			260		other	0
10108004	1066	Sound	18	30074570	260	1			260		other	0
10108004	1066	Response	1	30079990	5680	1
10108004	1067	Sound	13	30095917	266	1			260		other	0
10108004	1068	Sound	22	30122086	260	1			260		other	0
10108004	1068	Response	1	30127430	5603	1
10108004	1069	Sound	14	30148429	260	1			260		other	0
10108004	1070	Sound	19	30171437	260	1			260		other	0
10108004	1070	Response	1	30177429	6252	1
10108004	1071	Sound	16	30190277	260	1			260		other	0
10108004	1072	Sound	11	30217787	260	1			260		other	0
10108004	1073	Sound	19	30236793	260	1			260		other	0
10108004	1073	Response	1	30240549	4015	1
10108004	1074	Sound	12	30259967	260	1			260		other	0
10108004	1075	Sound	16	30284477	260	1			260		other	0
10108004	1076	Sound	17	30308485	260	1			260		other	0
10108004	1076	Response	1	30313508	5282	1
10108004	1077	Sound	14	30331827	260	1			260		other	0
10108004	1078	Sound	20	30350515	275	1			260		other	0
10108004	1078	Response	1	30353988	3748	1
10108004	1079	Sound	19	30367339	260	1			260		other	0
10108004	1079	Response	1	30372068	4988	1
10108004	1080	Sound	21	30382678	260	1			260		other	0
10108004	1080	Response	1	30386307	3889	1
10108004	1081	Sound	15	30400684	260	1			260		other	0
10108004	1082	Sound	21	30423359	260	1			260		other	0
10108004	1082	Response	1	30426707	3608	1
10108004	1083	Sound	21	30443365	260	1			260		other	0
10108004	1083	Response	1	30447667	4561	1
10108004	1084	Sound	12	30470042	260	1			260		other	0
10108004	1085	Sound	17	30490716	260	1			260		other	0
10108004	1085	Response	1	30495266	4810	1
10108004	1086	Sound	12	30508555	260	1			260		other	0
10108004	1087	Sound	22	30524728	260	1			260		other	0
10108004	1087	Response	1	30528466	3998	1
10108004	1088	Sound	11	30545568	260	1			260		other	0
10108004	1089	Sound	14	30571744	260	1			260		other	0
10108004	1090	Sound	12	30597253	260	1			260		other	0
10108004	1091	Sound	17	30624613	277	1			260		other	0
10108004	1091	Response	1	30629425	5089	1
10108004	1092	Sound	21	30640435	260	1			260		other	0
10108004	1092	Response	1	30644705	4530	1
10108004	1093	Sound	13	30658442	260	1			260		other	0
10108004	1094	Sound	20	30674614	260	1			260		other	0
10108004	1094	Response	1	30678385	4031	1
10108004	1095	Sound	17	30696621	260	1			260		other	0
10108004	1096	Sound	16	30718296	260	1			260		other	0
10108004	1097	Sound	20	30742471	260	1			260		other	0
10108004	1097	Response	1	30751104	8893	1
10108004	1098	Sound	11	30757643	260	1			260		other	0
10108004	1099	Response	255	31489258	705452	1
10108004	1100	Sound	109	31560925	260	1			260		other	0
10108004	1100	Response	1	31563977	3312	1
10108004	1101	Sound	106	31580432	260	1			260		other	0
10108004	1101	Response	1	31584537	4365	1
10108004	1102	Sound	102	31597607	262	1			260		other	0
10108004	1103	Sound	107	31626114	260	1			260		other	0
10108004	1103	Response	1	31629976	4122	1
10108004	1104	Sound	109	31649956	260	1			260		other	0
10108004	1104	Response	1	31652856	3160	1
10108004	1105	Sound	102	31677966	260	1			260		other	0
10108004	1106	Sound	110	31704975	260	1			260		other	0
10108004	1106	Response	1	31708376	3660	1
10108004	1107	Sound	104	31729150	260	1			260		other	0
10108004	1108	Sound	104	31747657	260	1			260		other	0
10108004	1109	Sound	103	31772166	260	1			260		other	0
10108004	1110	Sound	111	31800509	260	1			260		other	0
10108004	1110	Response	1	31803415	3165	1
10108004	1111	Sound	107	31818348	260	1			260		other	0
10108004	1112	Sound	107	31844024	260	1			260		other	0
10108004	1112	Response	1	31847974	4210	1
10108004	1113	Sound	101	31865205	267	1			260		other	0
10108004	1114	Sound	108	31881537	260	1			260		other	0
10108004	1114	Response	1	31885974	4697	1
10108004	1115	Sound	111	31898877	260	1			260		other	0
10108004	1115	Response	1	31902374	3757	1
10108004	1116	Sound	107	31922885	260	1			260		other	0
10108004	1116	Response	1	31926614	3989	1
10108004	1117	Sound	101	31945393	260	1			260		other	0
10108004	1118	Sound	105	31969568	260	1			260		other	0
10108004	1119	Sound	112	31988908	260	1			260		other	0
10108004	1119	Response	1	31992373	3725	1
10108004	1120	Sound	106	32011083	260	1			260		other	0
10108004	1120	Response	1	32017893	7070	1
10108004	1121	Sound	103	32039104	271	1			260		other	0
10108004	1122	Sound	104	32055932	260	1			260		other	0
10108004	1123	Sound	112	32081941	260	1			260		other	0
10108004	1123	Response	1	32084772	3091	2
10108004	1124	Sound	106	32108784	260	1			260		other	0
10108004	1124	Response	1	32114212	5688	1
10108004	1125	Sound	102	32136803	269	1			260		other	0
10108004	1126	Sound	105	32156634	260	1			260		other	0
10108004	1127	Sound	111	32177141	260	1			260		other	0
10108004	1127	Response	1	32180452	3570	1
10108004	1128	Sound	105	32198649	260	1			260		other	0
10108004	1128	Response	1	32202932	4543	1
10108004	1129	Sound	110	32217822	260	1			260		other	0
10108004	1129	Response	1	32221491	3929	1
10108004	1130	Sound	111	32241330	260	1			260		other	0
10108004	1131	Sound	101	32263838	260	1			260		other	0
10108004	1132	Sound	101	32283012	260	1			260		other	0
10108004	1133	Sound	104	32311855	260	1			260		other	0
10108004	1134	Sound	108	32331529	260	1			260		other	0
10108004	1134	Response	1	32334850	3582	1
10108004	1135	Sound	103	32353036	260	1			260		other	0
10108004	1136	Sound	112	32372043	260	1			260		other	0
10108004	1136	Response	1	32374850	3067	1
10108004	1137	Sound	101	32391716	260	1			260		other	0
10108004	1138	Sound	108	32415725	260	1			260		other	0
10108004	1138	Response	1	32419410	3945	1
10108004	1139	Sound	110	32436732	260	1			260		other	0
10108004	1139	Response	1	32440369	3897	1
10108004	1140	Sound	102	32455572	260	1			260		other	0
10108004	1141	Sound	106	32482581	260	1			260		other	0
10108004	1141	Response	1	32486929	4607	1
10108004	1142	Sound	112	32498920	260	1			260		other	0
10108004	1142	Response	1	32502689	4029	1
10108004	1143	Sound	105	32522101	265	1			260		other	0
10108004	1144	Sound	106	32538101	260	1			260		other	0
10108004	1144	Response	1	32543728	5887	1
10108004	1145	Sound	105	32560109	260	1			260		other	0
10108004	1145	Response	1	32564448	4599	1
10108004	1146	Sound	110	32581950	260	1			260		other	0
10108004	1147	Sound	108	32607458	260	1			260		other	0
10108004	1147	Response	1	32611248	4050	1
10108004	1148	Sound	103	32625965	260	1			260		other	0
10108004	1149	Sound	110	32651141	260	1			260		other	0
10108004	1149	Response	1	32655808	4927	1
10108004	1150	Sound	108	32670481	260	1			260		other	0
10108004	1151	Sound	111	32689321	260	1			260		other	0
10108004	1151	Response	1	32693327	4266	1
10108004	1152	Sound	112	32714830	260	1			260		other	0
10108004	1152	Response	1	32718047	3477	1
10108004	1153	Sound	107	32734503	260	1			260		other	0
10108004	1153	Response	1	32742767	8524	1
10108004	1154	Sound	109	32756178	260	1			260		other	0
10108004	1154	Response	1	32759967	4049	1
10108004	1155	Sound	104	32779853	260	1			260		other	0
10108004	1156	Sound	103	32806699	263	1			260		other	0
10108004	1157	Sound	102	32829704	260	1			260		other	0
10108004	1158	Sound	109	32847710	260	1			260		other	0
10108004	1158	Response	1	32851966	4516	1
10108004	1159	Sound	109	32874052	260	1			260		other	0
10108004	1159	Response	1	32878206	4413	1
10108004	1160	Response	255	33292602	392720	1
10108004	1161	Sound	18	33362891	260	1			260		other	0
10108004	1161	Response	1	33367081	4450	2
10108004	1162	Sound	19	33384065	260	1			260		other	0
10108004	1162	Response	1	33387401	3596	1
10108004	1163	Sound	19	33404905	260	1			260		other	0
10108004	1163	Response	1	33407241	2595	1
10108004	1164	Sound	13	33427914	260	1			260		other	0
10108004	1165	Sound	12	33448921	260	1			260		other	0
10108004	1166	Sound	22	33466094	261	1			260		other	0
10108004	1166	Response	1	33469720	3887	1
10108004	1167	Sound	20	33493937	260	1			260		other	0
10108004	1167	Response	1	33497720	4043	1
10108004	1168	Sound	21	33518945	260	1			260		other	0
10108004	1168	Response	1	33522600	3914	1
10108004	1169	Sound	17	33544955	260	1			260		other	0
10108004	1169	Response	1	33548360	3665	1
10108004	1170	Sound	17	33562127	260	1			260		other	0
10108004	1170	Response	1	33566280	4412	1
10108004	1171	Sound	22	33582301	260	1			260		other	0
10108004	1171	Response	1	33584840	2798	1
10108004	1172	Sound	11	33607643	260	1			260		other	0
10108004	1173	Sound	12	33635486	260	1			260		other	0
10108004	1174	Sound	20	33654160	260	1			260		other	0
10108004	1174	Response	1	33657639	3739	1
10108004	1175	Sound	18	33679335	260	1			260		other	0
10108004	1175	Response	1	33683799	4723	1
10108004	1176	Sound	21	33701176	260	1			260		other	0
10108004	1176	Response	1	33704998	4082	1
10108004	1177	Sound	15	33726193	268	1			260		other	0
10108004	1177	Response	1	33730758	4833	1
10108004	1178	Sound	13	33741693	262	1			260		other	0
10108004	1179	Sound	13	33763031	260	1			260		other	0
10108004	1180	Sound	14	33787706	260	1			260		other	0
10108004	1181	Sound	12	33807047	260	1			260		other	0
10108004	1182	Sound	11	33825720	260	1			260		other	0
10108004	1183	Sound	12	33842226	260	1			260		other	0
10108004	1184	Sound	14	33866567	260	1			260		other	0
10108004	1185	Sound	22	33893410	260	1			260		other	0
10108004	1185	Response	1	33896597	3446	1
10108004	1186	Sound	14	33919091	265	1			260		other	0
10108004	1187	Sound	18	33936092	260	1			260		other	0
10108004	1187	Response	1	33942276	6444	1
10108004	1188	Sound	14	33958933	260	1			260		other	0
10108004	1189	Sound	20	33974105	260	1			260		other	0
10108004	1189	Response	1	33980276	6431	1
10108004	1190	Sound	14	33996780	260	1			260		other	0
10108004	1191	Sound	19	34018621	260	1			260		other	0
10108004	1191	Response	1	34024356	5995	1
10108004	1192	Sound	16	34043630	260	1			260		other	0
10108004	1193	Sound	22	34070306	260	1			260		other	0
10108004	1193	Response	1	34073315	3269	1
10108004	1194	Sound	17	34094147	260	1			260		other	0
10108004	1195	Sound	11	34120657	260	1			260		other	0
10108004	1196	Sound	20	34148166	260	1			260		other	0
10108004	1196	Response	1	34151954	4048	1
10108004	1197	Sound	16	34163338	260	1			260		other	0
10108004	1198	Sound	12	34183512	260	1			260		other	0
10108004	1199	Sound	11	34207190	262	1			260		other	0
10108004	1200	Sound	21	34235030	260	1			260		other	0
10108004	1200	Response	1	34238434	3663	1
10108004	1201	Sound	21	34254870	260	1			260		other	0
10108004	1201	Response	1	34258993	4383	1
10108004	1202	Sound	18	34280046	260	1			260		other	0
10108004	1202	Response	1	34283473	3686	2
10108004	1203	Sound	13	34300389	262	1			260		other	0
10108004	1204	Sound	18	34319393	260	1			260		other	0
10108004	1204	Response	1	34324753	5620	1
10108004	1205	Sound	17	34347570	260	1			260		other	0
10108004	1205	Response	1	34351873	4563	1
10108004	1206	Sound	16	34367410	260	1			260		other	0
10108004	1207	Sound	22	34384416	260	1			260		other	0
10108004	1207	Response	1	34387473	3316	1
10108004	1208	Sound	11	34402422	260	1			260		other	0
10108004	1209	Sound	16	34429265	260	1			260		other	0
10108004	1210	Sound	13	34454941	260	1			260		other	0
10108004	1211	Sound	17	34478115	260	1			260		other	0
10108004	1211	Response	1	34482032	4176	1
10108004	1212	Sound	20	34498456	260	1			260		other	0
10108004	1212	Response	1	34501952	3755	1
10108004	1213	Sound	19	34520964	260	1			260		other	0
10108004	1213	Response	1	34524431	3727	1
10108004	1214	Sound	21	34543305	260	1			260		other	0
10108004	1214	Response	1	34547391	4346	2
10108004	1215	Sound	16	34561478	260	1			260		other	0
10108004	1215	Response	1	34566831	5613	1
10108004	1216	Sound	15	34579151	260	1			260		other	0
10108004	1217	Sound	15	34599658	260	1			260		other	0
10108004	1218	Sound	15	34622666	260	1			260		other	0
10108004	1219	Sound	15	34649009	260	1			260		other	0
10108004	1220	Sound	19	34671686	263	1			260		other	0
10108004	1220	Response	1	34675630	4206	1
