Scenario - 
Logfile written - 09/15/2018 13:55:23

Subject	Trial	Event Type	Code	Time	TTime	Uncertainty	Duration	Uncertainty	ReqTime	ReqDur	Stim Type	Pair Index

10108003	1	Response	255	131470	131304	1
10108003	2	Sound	15	205752	260	1			260		other	0
10108003	2	Response	1	206350	858	1
10108003	3	Sound	18	230093	260	1			260		other	0
10108003	3	Response	1	236109	6276	1
10108003	4	Sound	21	246766	260	1			260		other	0
10108003	4	Response	1	249629	3123	1
10108003	5	Sound	13	275943	260	1			260		other	0
10108003	6	Sound	20	303452	260	1			260		other	0
10108003	6	Response	1	306829	3636	1
10108003	6	Response	1	328268	25076	1
10108003	7	Sound	22	331462	260	1			260		other	0
10108003	7	Response	1	346428	15226	2
10108003	8	Sound	17	361640	260	1			260		other	0
10108003	9	Sound	12	377314	262	1			260		other	0
10108003	10	Sound	14	394484	260	1			260		other	0
10108003	10	Response	1	401228	7003	1
10108003	11	Sound	20	416159	260	1			260		other	0
10108003	11	Response	1	419388	3489	1
10108003	12	Sound	11	433498	260	1			260		other	0
10108003	13	Sound	19	451004	260	1			260		other	0
10108003	13	Response	1	454107	3363	1
10108003	14	Sound	17	470177	260	1			260		other	0
10108003	14	Response	1	473547	3630	1
10108003	15	Sound	17	498187	260	1			260		other	0
10108003	15	Response	1	501067	3140	1
10108003	16	Sound	14	514526	260	1			260		other	0
10108003	17	Sound	18	543713	270	1			260		other	0
10108003	17	Response	1	548267	4823	1
10108003	18	Sound	21	562376	260	1			260		other	0
10108003	18	Response	1	566187	4070	1
10108003	19	Sound	13	579049	260	1			260		other	0
10108003	20	Sound	18	601057	260	1			260		other	0
10108003	20	Response	1	605066	4269	1
10108003	21	Sound	15	627899	260	1			260		other	0
10108003	21	Response	1	632986	5346	1
10108003	22	Sound	11	655412	263	1			260		other	0
10108003	23	Sound	15	685253	260	1			260		other	0
10108003	23	Response	1	707705	22712	1
10108003	24	Sound	15	710928	260	1			260		other	0
10108003	25	Sound	19	727101	260	1			260		other	0
10108003	25	Response	1	732665	5824	1
10108003	26	Sound	12	752612	262	1			260		other	0
10108003	27	Sound	21	782453	260	1			260		other	0
10108003	27	Response	1	785705	3511	1
10108003	28	Sound	20	804795	260	1			260		other	0
10108003	28	Response	1	808424	3890	1
10108003	29	Sound	13	823468	260	1			260		other	0
10108003	30	Sound	21	843141	260	1			260		other	0
10108003	30	Response	1	846904	4022	1
10108003	31	Sound	11	870318	260	1			260		other	0
10108003	32	Sound	12	896993	260	1			260		other	0
10108003	33	Sound	11	927171	260	1			260		other	0
10108003	33	Response	1	937063	10152	1
10108003	34	Sound	22	948178	260	1			260		other	0
10108003	34	Response	1	955463	7545	1
10108003	35	Sound	17	967018	260	1			260		other	0
10108003	35	Response	1	974023	7265	1
10108003	36	Sound	19	984524	260	1			260		other	0
10108003	36	Response	1	988663	4398	1
10108003	37	Sound	16	1009533	260	1			260		other	0
10108003	38	Sound	14	1034375	260	1			260		other	0
10108003	39	Sound	14	1053882	260	1			260		other	0
10108003	39	Response	1	1073622	20000	1
10108003	40	Sound	19	1081058	260	1			260		other	0
10108003	40	Response	1	1084742	3943	1
10108003	40	Response	1	1104022	23224	1
10108003	41	Sound	20	1105909	269	1			260		other	0
10108003	41	Response	1	1111622	5981	1
10108003	42	Sound	22	1121409	264	1			260		other	0
10108003	42	Response	1	1124102	2956	1
10108003	43	Sound	16	1145080	260	1			260		other	0
10108003	43	Response	1	1148981	4160	1
10108003	44	Sound	18	1162086	260	1			260		other	0
10108003	44	Response	1	1165861	4035	1
10108003	45	Sound	13	1178259	260	1			260		other	0
10108003	46	Sound	12	1205935	260	1			260		other	0
10108003	47	Sound	16	1236112	260	1			260		other	0
10108003	47	Response	1	1242901	7048	1
10108003	48	Sound	22	1266123	260	1			260		other	0
10108003	48	Response	1	1268740	2877	1
10108003	49	Sound	16	1291965	260	1			260		other	0
10108003	50	Response	255	1543058	235601	1
10108003	51	Sound	11	1618580	260	1			260		other	0
10108003	52	Sound	16	1646106	276	1			260		other	0
10108003	52	Response	1	1650817	4987	1
10108003	53	Sound	22	1668264	260	1			260		other	0
10108003	53	Response	1	1671137	3133	1
10108003	54	Sound	17	1698274	260	1			260		other	0
10108003	55	Sound	14	1728285	260	1			260		other	0
10108003	56	Sound	12	1749125	260	1			260		other	0
10108003	56	Response	1	1749936	1071	1
10108003	57	Sound	19	1771967	260	1			260		other	0
10108003	57	Response	1	1775056	3349	1
10108003	58	Sound	18	1789973	260	1			260		other	0
10108003	58	Response	1	1794736	5023	1
10108003	59	Sound	12	1815482	260	1			260		other	0
10108003	60	Sound	13	1843158	260	1			260		other	0
10108003	61	Sound	11	1858330	260	1			260		other	0
10108003	62	Sound	18	1885340	260	1			260		other	0
10108003	62	Response	1	1888495	3415	1
10108003	63	Sound	21	1906514	260	1			260		other	0
10108003	63	Response	1	1909615	3361	1
10108003	64	Sound	21	1921686	260	1			260		other	0
10108003	64	Response	1	1924975	3549	1
10108003	65	Sound	17	1945027	260	1			260		other	0
10108003	65	Response	1	1948575	3807	1
10108003	66	Sound	13	1972704	260	1			260		other	0
10108003	67	Sound	14	1991043	260	1			260		other	0
10108003	68	Sound	18	2009050	260	1			260		other	0
10108003	68	Response	1	2012094	3304	1
10108003	69	Sound	22	2030224	260	1			260		other	0
10108003	69	Response	1	2033694	3729	1
10108003	70	Sound	15	2049064	260	1			260		other	0
10108003	71	Sound	18	2065403	260	1			260		other	0
10108003	71	Response	1	2069533	4390	1
10108003	72	Sound	19	2085243	260	1			260		other	0
10108003	72	Response	1	2090093	5109	2
10108003	73	Sound	13	2106751	260	1			260		other	0
10108003	73	Response	1	2120013	13522	1
10108003	74	Sound	15	2123757	260	1			260		other	0
10108003	75	Sound	20	2149265	260	1			260		other	0
10108003	75	Response	1	2152973	3967	1
10108003	76	Sound	11	2172440	260	1			260		other	0
10108003	77	Sound	16	2196949	260	1			260		other	0
10108003	77	Response	1	2200652	3963	1
10108003	78	Sound	12	2226459	260	1			260		other	0
10108003	79	Sound	16	2243132	260	1			260		other	0
10108003	79	Response	1	2248252	5380	1
10108003	80	Sound	21	2264306	260	1			260		other	0
10108003	80	Response	1	2267932	3886	1
10108003	81	Sound	14	2293483	260	1			260		other	0
10108003	82	Sound	11	2314157	260	1			260		other	0
10108003	83	Sound	13	2344334	260	1			260		other	0
10108003	84	Sound	14	2374178	260	1			260		other	0
10108003	85	Sound	15	2403021	260	1			260		other	0
10108003	86	Sound	22	2421861	260	1			260		other	0
10108003	86	Response	1	2424570	2969	1
10108003	87	Sound	15	2441535	260	1			260		other	0
10108003	88	Sound	17	2460208	260	1			260		other	0
10108003	88	Response	1	2469530	9582	1
10108003	89	Sound	20	2486717	260	1			260		other	0
10108003	89	Response	1	2490330	3872	1
10108003	90	Sound	20	2513560	260	1			260		other	0
10108003	90	Response	1	2516969	3669	1
10108003	91	Sound	16	2530066	260	1			260		other	0
10108003	91	Response	1	2538169	8363	1
10108003	92	Sound	19	2559909	260	1			260		other	0
10108003	92	Response	1	2563449	3799	1
10108003	93	Sound	20	2580917	260	1			260		other	0
10108003	93	Response	1	2585129	4472	1
10108003	94	Sound	21	2603758	260	1			260		other	0
10108003	94	Response	1	2606969	3470	1
10108003	95	Sound	17	2629600	260	1			260		other	0
10108003	95	Response	1	2632489	3148	1
10108003	96	Sound	22	2652275	260	1			260		other	0
10108003	96	Response	1	2655208	3193	1
10108003	97	Sound	12	2667947	260	1			260		other	0
10108003	98	Sound	19	2689455	260	1			260		other	0
10108003	98	Response	1	2693208	4013	1
10108003	99	Response	255	2873446	162664	1
10108003	100	Sound	103	2941376	260	1			260		other	0
10108003	101	Sound	111	2969219	260	1			260		other	0
10108003	101	Response	1	2973926	4966	1
10108003	102	Sound	109	2990727	260	1			260		other	0
10108003	102	Response	1	2994885	4418	1
10108003	103	Sound	112	3011234	260	1			260		other	0
10108003	103	Response	1	3015205	4231	1
10108003	104	Sound	110	3036910	260	1			260		other	0
10108003	104	Response	1	3040165	3515	1
10108003	105	Sound	109	3054749	260	1			260		other	0
10108003	105	Response	1	3058725	4235	2
10108003	105	Response	1	3078165	23675	1
10108003	106	Sound	103	3081592	260	1			260		other	0
10108003	107	Sound	111	3110102	260	1			260		other	0
10108003	107	Response	1	3114644	4802	1
10108003	108	Sound	110	3140113	260	1			260		other	0
10108003	108	Response	1	3143444	3591	1
10108003	108	Response	1	3157044	17191	1
10108003	109	Sound	106	3162454	260	1			260		other	0
10108003	109	Response	1	3166404	4210	1
10108003	110	Sound	105	3178626	260	1			260		other	0
10108003	111	Sound	109	3206302	260	1			260		other	0
10108003	111	Response	1	3210963	4921	1
10108003	112	Sound	112	3231811	260	1			260		other	0
10108003	112	Response	1	3234963	3411	1
10108003	113	Sound	107	3248484	260	1			260		other	0
10108003	113	Response	1	3252243	4019	1
10108003	114	Sound	109	3266824	260	1			260		other	0
10108003	115	Sound	102	3289832	260	1			260		other	0
10108003	116	Sound	102	3312840	260	1			260		other	0
10108003	116	Response	1	3317362	4782	1
10108003	117	Sound	103	3343194	270	1			260		other	0
10108003	118	Sound	101	3363358	260	1			260		other	0
10108003	119	Sound	111	3391367	260	1			260		other	0
10108003	119	Response	1	3395762	4654	1
10108003	120	Sound	108	3418377	260	1			260		other	0
10108003	120	Response	1	3423122	5005	1
10108003	121	Sound	104	3442385	260	1			260		other	0
10108003	121	Response	1	3449041	6916	1
10108003	122	Sound	101	3463226	260	1			260		other	0
10108003	123	Sound	101	3480232	260	1			260		other	0
10108003	124	Sound	104	3499905	260	1			260		other	0
10108003	124	Response	1	3510481	10835	1
10108003	125	Sound	108	3524247	260	1			260		other	0
10108003	125	Response	1	3528801	4813	1
10108003	126	Sound	104	3540420	260	1			260		other	0
10108003	127	Sound	107	3559926	260	1			260		other	0
10108003	127	Response	1	3564640	4974	1
10108003	128	Sound	112	3586102	260	1			260		other	0
10108003	128	Response	1	3589120	3278	1
10108003	129	Sound	110	3606776	260	1			260		other	0
10108003	129	Response	1	3610320	3804	1
10108003	130	Sound	104	3628617	260	1			260		other	0
10108003	131	Sound	102	3655460	260	1			260		other	0
10108003	132	Sound	106	3681636	260	1			260		other	0
10108003	132	Response	1	3688479	7103	1
10108003	133	Sound	108	3699642	260	1			260		other	0
10108003	133	Response	1	3704239	4857	1
10108003	134	Sound	108	3724984	260	1			260		other	0
10108003	134	Response	1	3729599	4874	1
10108003	135	Sound	103	3740823	260	1			260		other	0
10108003	136	Sound	110	3769500	260	1			260		other	0
10108003	136	Response	1	3773918	4678	1
10108003	137	Sound	105	3788506	260	1			260		other	0
10108003	138	Sound	106	3817517	260	1			260		other	0
10108003	138	Response	1	3822158	4901	1
10108003	139	Sound	105	3845693	260	1			260		other	0
10108003	140	Sound	101	3868701	260	1			260		other	0
10108003	141	Sound	112	3884373	260	1			260		other	0
10108003	141	Response	1	3887918	3804	1
10108003	142	Sound	107	3905390	269	1			260		other	0
10108003	142	Response	1	3911757	6636	1
10108003	143	Sound	102	3920890	264	1			260		other	0
10108003	144	Sound	107	3941060	260	1			260		other	0
10108003	144	Response	1	3950637	9837	1
10108003	145	Sound	111	3965901	260	1			260		other	0
10108003	145	Response	1	3973117	7475	1
10108003	146	Sound	105	3993590	271	1			260		other	0
10108003	147	Sound	106	4014252	260	1			260		other	0
10108003	147	Response	1	4020076	6084	1
10108003	148	Response	255	4356714	324968	1
10108003	149	Sound	11	4432399	260	1			260		other	0
10108003	150	Sound	17	4461586	270	1			260		other	0
10108003	150	Response	1	4466232	4916	1
10108003	151	Sound	16	4486918	260	1			260		other	0
10108003	151	Response	1	4493272	6614	1
10108003	152	Sound	20	4505758	260	1			260		other	0
10108003	152	Response	1	4512472	6974	1
10108003	153	Sound	22	4530766	260	1			260		other	0
10108003	153	Response	1	4536552	6045	1
10108003	154	Sound	16	4549606	260	1			260		other	0
10108003	155	Sound	12	4576616	260	1			260		other	0
10108003	156	Sound	20	4593789	260	1			260		other	0
10108003	156	Response	1	4596391	2862	1
10108003	157	Sound	13	4612295	260	1			260		other	0
10108003	158	Sound	14	4629968	260	1			260		other	0
10108003	158	Response	1	4639431	9723	1
10108003	159	Sound	15	4645485	271	1			260		other	0
10108003	160	Sound	18	4673650	260	1			260		other	0
10108003	160	Response	1	4677031	3640	1
10108003	161	Sound	15	4702827	260	1			260		other	0
10108003	162	Sound	12	4724001	260	1			260		other	0
10108003	163	Sound	13	4753345	260	1			260		other	0
10108003	163	Response	1	4773349	20264	3
10108003	164	Sound	20	4774019	260	1			260		other	0
10108003	165	Sound	19	4789357	260	1			260		other	0
10108003	165	Response	1	4792790	3692	1
10108003	166	Sound	11	4814199	260	1			260		other	0
10108003	166	Response	1	4824709	10770	1
10108003	167	Sound	18	4841042	260	1			260		other	0
10108003	167	Response	1	4844949	4167	1
10108003	168	Sound	14	4858715	260	1			260		other	0
10108003	169	Sound	22	4873887	260	1			260		other	0
10108003	169	Response	1	4876869	3242	1
10108003	170	Sound	21	4900563	260	1			260		other	0
10108003	170	Response	1	4903509	3206	1
10108003	171	Sound	22	4925238	260	1			260		other	0
10108003	171	Response	1	4929748	4770	1
10108003	172	Sound	19	4950747	260	1			260		other	0
10108003	172	Response	1	4953348	2861	1
10108003	173	Sound	11	4966919	260	1			260		other	0
10108003	173	Response	1	4992468	25808	1
10108003	174	Sound	14	4996930	260	1			260		other	0
10108003	174	Response	1	5002068	5398	1
10108003	175	Sound	18	5018771	260	1			260		other	0
10108003	175	Response	1	5023028	4517	1
10108003	176	Sound	17	5036944	260	1			260		other	0
10108003	176	Response	1	5040707	4023	1
10108003	177	Sound	20	5056451	260	1			260		other	0
10108003	177	Response	1	5059267	3076	1
10108003	178	Sound	16	5078625	260	1			260		other	0
10108003	179	Sound	13	5102800	260	1			260		other	0
10108003	180	Sound	15	5125308	260	1			260		other	0
10108003	181	Sound	13	5152651	260	1			260		other	0
10108003	181	Response	1	5169826	17435	1
10108003	182	Sound	11	5173825	260	1			260		other	0
10108003	183	Sound	16	5193999	260	1			260		other	0
10108003	184	Sound	22	5219508	260	1			260		other	0
10108003	184	Response	1	5224866	5618	1
10108003	185	Sound	17	5244850	260	1			260		other	0
10108003	185	Response	1	5249106	4515	1
10108003	186	Sound	19	5260856	260	1			260		other	0
10108003	186	Response	1	5264866	4270	1
10108003	187	Sound	12	5278028	260	1			260		other	0
10108003	188	Sound	14	5306038	260	1			260		other	0
10108003	188	Response	1	5318785	13007	1
10108003	189	Sound	17	5332381	260	1			260		other	0
10108003	189	Response	1	5336065	3944	1
10108003	190	Sound	12	5358056	260	1			260		other	0
10108003	190	Response	1	5364465	6668	1
10108003	191	Sound	18	5373729	260	1			260		other	0
10108003	191	Response	1	5377984	4516	1
10108003	192	Sound	19	5399580	269	1			260		other	0
10108003	192	Response	1	5403344	4033	1
10108003	193	Sound	21	5429415	260	1			260		other	0
10108003	193	Response	1	5433504	4349	1
10108003	194	Sound	21	5456091	260	1			260		other	0
10108003	194	Response	1	5462304	6473	1
10108003	195	Sound	15	5474097	260	1			260		other	0
10108003	195	Response	1	5481584	7746	1
10108003	196	Sound	21	5494271	260	1			260		other	0
10108003	196	Response	1	5499264	5252	1
10108003	197	Response	255	5588383	68616	1
10108003	198	Sound	111	5666831	260	1			260		other	0
10108003	198	Response	1	5670062	3490	1
10108003	199	Sound	102	5696842	260	1			260		other	0
10108003	200	Sound	101	5727186	260	1			260		other	0
10108003	201	Sound	106	5746192	260	1			260		other	0
10108003	202	Sound	106	5769534	260	1			260		other	0
10108003	203	Sound	107	5798211	260	1			260		other	0
10108003	203	Response	1	5802221	4270	1
10108003	204	Sound	111	5814883	260	1			260		other	0
10108003	204	Response	1	5819501	4877	1
10108003	205	Sound	104	5845227	260	1			260		other	0
10108003	206	Sound	102	5864734	260	1			260		other	0
10108003	207	Sound	103	5888409	260	1			260		other	0
10108003	207	Response	1	5893100	4951	1
10108003	208	Sound	103	5914251	260	1			260		other	0
10108003	209	Sound	108	5941928	260	1			260		other	0
10108003	209	Response	1	5945979	4311	1
10108003	210	Sound	110	5961935	260	1			260		other	0
10108003	210	Response	1	5966539	4865	1
10108003	211	Sound	105	5989611	260	1			260		other	0
10108003	211	Response	1	5995579	6228	1
10108003	212	Sound	108	6007951	260	1			260		other	0
10108003	212	Response	1	6011499	3808	1
10108003	213	Sound	104	6038295	260	1			260		other	0
10108003	214	Sound	108	6054134	260	1			260		other	0
10108003	214	Response	1	6058939	5065	1
10108003	215	Sound	106	6082977	260	1			260		other	0
10108003	215	Response	1	6087578	4861	1
10108003	216	Sound	107	6099483	260	1			260		other	0
10108003	216	Response	1	6103898	4675	1
10108003	217	Sound	111	6123991	260	1			260		other	0
10108003	217	Response	1	6127338	3606	1
10108003	218	Sound	110	6140831	260	1			260		other	0
10108003	218	Response	1	6143658	3087	1
10108003	219	Sound	103	6167675	261	1			260		other	0
10108003	220	Sound	109	6192182	260	1			260		other	0
10108003	220	Response	1	6195657	3735	1
10108003	221	Sound	106	6219358	260	1			260		other	0
10108003	221	Response	1	6224937	5839	1
10108003	222	Sound	101	6243533	260	1			260		other	0
10108003	223	Sound	108	6271710	260	1			260		other	0
10108003	223	Response	1	6275817	4367	1
10108003	224	Sound	105	6295218	260	1			260		other	0
10108003	224	Response	1	6299897	4938	1
10108003	225	Sound	102	6323561	260	1			260		other	0
10108003	226	Sound	110	6346569	260	1			260		other	0
10108003	226	Response	1	6350536	4226	1
10108003	227	Sound	107	6374579	260	1			260		other	0
10108003	227	Response	1	6378776	4456	1
10108003	228	Sound	101	6398273	279	1			260		other	0
10108003	229	Sound	109	6420773	271	1			260		other	0
10108003	229	Response	1	6424616	4113	1
10108003	230	Sound	101	6441436	260	1			260		other	0
10108003	231	Sound	105	6463110	260	1			260		other	0
10108003	231	Response	1	6469415	6564	1
10108003	232	Sound	102	6478782	260	1			260		other	0
10108003	233	Sound	112	6496955	260	1			260		other	0
10108003	233	Response	1	6500454	3758	3
10108003	234	Sound	104	6521797	260	1			260		other	0
10108003	235	Sound	105	6546973	260	1			260		other	0
10108003	236	Sound	112	6573649	260	1			260		other	0
10108003	236	Response	1	6577334	3945	1
10108003	237	Sound	112	6598157	260	1			260		other	0
10108003	237	Response	1	6600934	3036	1
10108003	238	Sound	111	6626501	260	1			260		other	0
10108003	238	Response	1	6629334	3093	1
10108003	239	Sound	112	6655178	260	1			260		other	0
10108003	239	Response	1	6657733	2816	1
10108003	240	Sound	103	6682020	260	1			260		other	0
10108003	241	Sound	109	6700360	260	1			260		other	0
10108003	241	Response	1	6703813	3713	1
10108003	242	Sound	104	6725035	260	1			260		other	0
10108003	243	Sound	110	6747877	260	1			260		other	0
10108003	243	Response	1	6750533	2916	1
10108003	244	Sound	109	6775553	260	1			260		other	0
10108003	244	Response	1	6779812	4519	1
10108003	245	Sound	107	6793893	260	1			260		other	0
10108003	245	Response	1	6799012	5379	1
10108003	246	Response	255	6986051	167996	1
10108003	247	Sound	20	7057169	277	1			260		other	0
10108003	247	Response	1	7062050	5158	1
10108003	248	Sound	12	7085328	260	1			260		other	0
10108003	248	Response	1	7093090	8021	1
10108003	249	Sound	19	7109670	260	1			260		other	0
10108003	249	Response	1	7112530	3119	1
10108003	250	Sound	11	7132678	260	1			260		other	0
10108003	250	Response	1	7147489	15071	1
10108003	251	Sound	18	7160355	260	1			260		other	0
10108003	251	Response	1	7163009	2914	1
10108003	252	Sound	18	7187531	260	1			260		other	0
10108003	252	Response	1	7191169	3898	1
10108003	253	Sound	15	7215707	260	1			260		other	0
10108003	253	Response	1	7220209	4761	1
10108003	254	Sound	19	7239216	260	1			260		other	0
10108003	254	Response	1	7241808	2853	1
10108003	255	Sound	15	7266392	260	1			260		other	0
10108003	255	Response	1	7277248	11116	1
10108003	256	Sound	21	7290567	260	1			260		other	0
10108003	256	Response	1	7297088	6781	1
10108003	257	Sound	16	7312908	260	1			260		other	0
10108003	257	Response	1	7317008	4359	1
10108003	258	Sound	21	7332248	260	1			260		other	0
10108003	258	Response	1	7335328	3339	1
10108003	259	Sound	17	7349421	260	1			260		other	0
10108003	259	Response	1	7353487	4326	1
10108003	260	Sound	18	7368928	260	1			260		other	0
10108003	260	Response	1	7372287	3619	1
10108003	261	Sound	14	7390769	260	1			260		other	0
10108003	261	Response	1	7394127	3618	1
10108003	262	Sound	19	7408275	260	1			260		other	0
10108003	262	Response	1	7412207	4192	1
10108003	263	Sound	22	7428615	260	1			260		other	0
10108003	263	Response	1	7432367	4011	1
10108003	264	Sound	12	7443787	260	1			260		other	0
10108003	265	Sound	22	7464795	260	1			260		other	0
10108003	265	Response	1	7467966	3431	1
10108003	266	Sound	21	7484135	260	1			260		other	0
10108003	266	Response	1	7487806	3931	1
10108003	267	Sound	14	7513645	260	1			260		other	0
10108003	268	Sound	16	7540821	260	1			260		other	0
10108003	268	Response	1	7545966	5404	1
10108003	269	Sound	14	7561328	260	1			260		other	0
10108003	270	Sound	17	7582669	260	1			260		other	0
10108003	270	Response	1	7586125	3716	1
10108003	271	Sound	15	7601009	260	1			260		other	0
10108003	271	Response	1	7604925	4176	1
10108003	272	Sound	16	7629865	272	1			260		other	0
10108003	272	Response	1	7634845	5252	1
10108003	273	Sound	17	7646865	266	1			260		other	0
10108003	273	Response	1	7651245	4646	1
10108003	274	Sound	14	7662530	260	1			260		other	0
10108003	274	Response	1	7683965	21694	1
10108003	275	Sound	13	7689540	260	1			260		other	0
10108003	276	Sound	21	7706046	260	1			260		other	0
10108003	276	Response	1	7708924	3138	1
10108003	277	Sound	16	7723052	260	1			260		other	0
10108003	277	Response	1	7728524	5732	1
10108003	278	Sound	12	7746564	264	1			260		other	0
10108003	279	Sound	22	7762399	260	1			260		other	0
10108003	279	Response	1	7768524	6385	1
10108003	280	Sound	20	7783740	260	1			260		other	0
10108003	280	Response	1	7789323	5843	1
10108003	281	Sound	20	7799079	260	1			260		other	0
10108003	281	Response	1	7803243	4425	1
10108003	282	Sound	18	7828589	260	1			260		other	0
10108003	282	Response	1	7831643	3314	1
10108003	283	Sound	19	7848929	260	1			260		other	0
10108003	283	Response	1	7853083	4413	1
10108003	284	Sound	12	7871270	260	1			260		other	0
10108003	285	Sound	15	7898780	260	1			260		other	0
10108003	285	Response	1	7909242	10722	1
10108003	286	Sound	22	7924622	260	1			260		other	0
10108003	286	Response	1	7928442	4080	1
10108003	287	Sound	17	7941963	260	1			260		other	0
10108003	288	Sound	11	7960135	260	1			260		other	0
10108003	288	Response	1	7976042	16167	1
10108003	289	Sound	11	7987978	260	1			260		other	0
10108003	290	Sound	20	8015821	260	1			260		other	0
10108003	290	Response	1	8019322	3760	1
10108003	291	Sound	11	8034994	260	1			260		other	0
10108003	292	Sound	13	8064338	260	1			260		other	0
10108003	293	Sound	13	8092515	260	1			260		other	0
10108003	293	Response	1	8119161	26906	1
10108003	294	Sound	13	8122525	260	1			260		other	0
10108003	295	Response	255	8404678	262159	1
10108003	296	Sound	20	8478483	260	1			260		other	0
10108003	296	Response	1	8479798	1574	1
10108003	296	Response	1	8486357	8134	1
10108003	297	Sound	12	8502825	260	1			260		other	0
10108003	297	Response	1	8507557	4992	1
10108003	298	Sound	14	8529501	260	1			260		other	0
10108003	299	Sound	16	8559011	260	1			260		other	0
10108003	299	Response	1	8563077	4325	1
10108003	300	Sound	21	8578518	260	1			260		other	0
10108003	300	Response	1	8582277	4018	1
10108003	301	Sound	17	8594858	261	1			260		other	0
10108003	301	Response	1	8598196	3599	1
10108003	302	Sound	14	8615865	260	1			260		other	0
10108003	302	Response	1	8643396	27791	1
10108003	303	Sound	16	8645375	260	1			260		other	0
10108003	304	Sound	22	8665715	260	1			260		other	0
10108003	304	Response	1	8668356	2900	1
10108003	305	Sound	18	8692725	260	1			260		other	0
10108003	305	Response	1	8695235	2770	1
10108003	306	Sound	13	8707897	260	1			260		other	0
10108003	307	Sound	12	8724903	260	1			260		other	0
10108003	308	Sound	13	8750412	260	1			260		other	0
10108003	309	Sound	17	8773420	260	1			260		other	0
10108003	309	Response	1	8774515	1355	1
10108003	310	Sound	12	8788758	260	1			260		other	0
10108003	311	Sound	21	8807765	260	1			260		other	0
10108003	311	Response	1	8810114	2609	2
10108003	312	Sound	14	8829440	260	1			260		other	0
10108003	312	Response	1	8849394	20215	1
10108003	313	Sound	17	8852456	269	1			260		other	0
10108003	313	Response	1	8864034	11846	1
10108003	314	Sound	15	8873456	261	1			260		other	0
10108003	315	Sound	19	8891795	260	1			260		other	0
10108003	315	Response	1	8894434	2899	1
10108003	316	Sound	22	8910134	260	1			260		other	0
10108003	316	Response	1	8912754	2879	1
10108003	317	Sound	18	8929808	260	1			260		other	0
10108003	317	Response	1	8932674	3125	1
10108003	318	Sound	22	8950156	267	1			260		other	0
10108003	318	Response	1	8952113	2224	2
10108003	319	Sound	21	8970656	260	1			260		other	0
10108003	319	Response	1	8972833	2437	1
10108003	320	Sound	20	8991496	260	1			260		other	0
10108003	320	Response	1	8992753	1517	1
10108003	321	Sound	18	9012170	260	1			260		other	0
10108003	321	Response	1	9012193	283	1
10108003	322	Sound	19	9029355	272	1			260		other	0
10108003	322	Response	1	9032033	2950	1
10108003	323	Sound	18	9046515	260	1			260		other	0
10108003	323	Response	1	9048912	2657	1
10108003	323	Response	1	9068352	22097	1
10108003	324	Sound	16	9072025	260	1			260		other	0
10108003	325	Sound	20	9094366	260	1			260		other	0
10108003	325	Response	1	9098032	3926	1
10108003	326	Sound	13	9110204	260	1			260		other	0
10108003	327	Sound	15	9132379	260	1			260		other	0
10108003	327	Response	1	9136272	4153	1
10108003	328	Sound	22	9150885	260	1			260		other	0
10108003	328	Response	1	9153550	2924	3
10108003	329	Sound	21	9166057	260	1			260		other	0
10108003	329	Response	1	9169712	3914	1
10108003	330	Sound	12	9190566	260	1			260		other	0
10108003	331	Sound	19	9213074	260	1			260		other	0
10108003	331	Response	1	9216031	3217	1
10108003	332	Sound	13	9239583	260	1			260		other	0
10108003	333	Sound	19	9261924	260	1			260		other	0
10108003	333	Response	1	9264671	3006	1
10108003	334	Sound	11	9290768	260	1			260		other	0
10108003	335	Sound	20	9310108	260	1			260		other	0
10108003	335	Response	1	9313390	3542	1
10108003	336	Sound	11	9334453	263	1			260		other	0
10108003	337	Sound	15	9352790	260	1			260		other	0
10108003	337	Response	1	9357550	5020	1
10108003	338	Sound	17	9373630	260	1			260		other	0
10108003	339	Sound	11	9392470	260	1			260		other	0
10108003	339	Response	1	9398190	5979	1
10108003	340	Sound	15	9412310	260	1			260		other	0
10108003	341	Sound	16	9433652	261	1			260		other	0
10108003	341	Response	1	9437709	4318	1
10108003	342	Sound	11	9454658	260	1			260		other	0
10108003	343	Sound	14	9474165	260	1			260		other	0
10108003	343	Response	1	9487709	13803	1
10108003	344	Response	255	9658987	162327	1
10108003	345	Sound	20	9722086	260	1			260		other	0
10108003	345	Response	1	9726106	4280	2
10108003	346	Sound	17	9745094	260	1			260		other	0
10108003	346	Response	1	9748347	3513	1
10108003	347	Sound	21	9765934	260	1			260		other	0
10108003	347	Response	1	9768906	3232	1
10108003	348	Sound	21	9792950	266	1			260		other	0
10108003	348	Response	1	9795306	2622	1
10108003	349	Sound	15	9812951	260	1			260		other	0
10108003	349	Response	1	9819786	7095	1
10108003	350	Sound	19	9841794	260	1			260		other	0
10108003	350	Response	1	9844266	2731	1
10108003	350	Response	1	9868985	27451	1
10108003	351	Sound	18	9871805	260	1			260		other	0
10108003	352	Sound	11	9894813	260	1			260		other	0
10108003	352	Response	1	9902585	8032	1
10108003	353	Sound	13	9912485	260	1			260		other	0
10108003	354	Sound	11	9929658	260	1			260		other	0
10108003	355	Sound	21	9945330	260	1			260		other	0
10108003	355	Response	1	9950025	4954	1
10108003	356	Sound	13	9963003	260	1			260		other	0
10108003	357	Sound	20	9991180	260	1			260		other	0
10108003	357	Response	1	9994984	4064	1
10108003	358	Sound	18	10006685	260	1			260		other	0
10108003	358	Response	1	10012664	6239	1
10108003	359	Sound	12	10027026	260	1			260		other	0
10108003	360	Sound	15	10043198	260	1			260		other	0
10108003	360	Response	1	10047624	4686	1
10108003	361	Sound	15	10066048	269	1			260		other	0
10108003	362	Sound	12	10081211	260	1			260		other	0
10108003	363	Sound	16	10103886	260	1			260		other	0
10108003	363	Response	1	10107463	3837	1
10108003	364	Sound	17	10128895	260	1			260		other	0
10108003	364	Response	1	10134583	5948	1
10108003	365	Sound	13	10151402	260	1			260		other	0
10108003	366	Sound	19	10177912	260	1			260		other	0
10108003	366	Response	1	10182903	5251	1
10108003	367	Sound	16	10197085	260	1			260		other	0
10108003	367	Response	1	10202103	5277	1
10108003	368	Sound	13	10212757	260	1			260		other	0
10108003	369	Sound	14	10233598	260	1			260		other	0
10108003	369	Response	1	10236582	3243	2
10108003	370	Sound	22	10252605	260	1			260		other	0
10108003	370	Response	1	10256022	3677	1
10108003	371	Sound	18	10277280	260	1			260		other	0
10108003	371	Response	1	10282662	5642	1
10108003	372	Sound	14	10302789	260	1			260		other	0
10108003	372	Response	1	10308502	5972	1
10108003	373	Sound	12	10330465	260	1			260		other	0
10108003	374	Sound	14	10351639	260	1			260		other	0
10108003	375	Sound	22	10367812	260	1			260		other	0
10108003	375	Response	1	10372021	4469	1
10108003	376	Sound	20	10393654	260	1			260		other	0
10108003	376	Response	1	10396981	3586	1
10108003	377	Sound	20	10416662	260	1			260		other	0
10108003	377	Response	1	10419861	3458	1
10108003	378	Sound	22	10433001	260	1			260		other	0
10108003	378	Response	1	10438261	5519	1
10108003	379	Sound	15	10452345	264	1			260		other	0
10108003	379	Response	1	10455460	3379	1
10108003	380	Sound	17	10471515	260	1			260		other	0
10108003	380	Response	1	10474740	3485	1
10108003	381	Sound	11	10501192	260	1			260		other	0
10108003	382	Sound	17	10521366	260	1			260		other	0
10108003	382	Response	1	10525140	4034	1
10108003	383	Sound	14	10546208	260	1			260		other	0
10108003	384	Sound	18	10568715	260	1			260		other	0
10108003	384	Response	1	10572579	4123	1
10108003	385	Sound	22	10593557	260	1			260		other	0
10108003	385	Response	1	10597699	4401	1
10108003	386	Sound	19	10617733	260	1			260		other	0
10108003	386	Response	1	10623059	5586	1
10108003	387	Sound	19	10635744	265	1			260		other	0
10108003	387	Response	1	10640099	4619	1
10108003	388	Sound	16	10664582	260	1			260		other	0
10108003	388	Response	1	10668258	3936	1
10108003	389	Sound	11	10692926	260	1			260		other	0
10108003	390	Sound	21	10715767	260	1			260		other	0
10108003	390	Response	1	10718258	2751	1
10108003	391	Sound	12	10742276	260	1			260		other	0
10108003	392	Sound	16	10759949	260	1			260		other	0
10108003	392	Response	1	10763938	4248	1
10108003	393	Response	255	10858497	73719	1
10108003	394	Sound	102	10943180	260	1			260		other	0
10108003	395	Sound	107	10965855	260	1			260		other	0
10108003	395	Response	1	10972096	6501	1
10108003	396	Sound	111	10992864	260	1			260		other	0
10108003	396	Response	1	10997055	4451	1
10108003	397	Sound	106	11008703	260	1			260		other	0
10108003	397	Response	1	11012976	4532	1
10108003	398	Sound	102	11038213	260	1			260		other	0
10108003	399	Sound	101	11062388	260	1			260		other	0
10108003	400	Sound	111	11085396	260	1			260		other	0
10108003	400	Response	1	11090095	4958	1
10108003	401	Sound	111	11111573	260	1			260		other	0
10108003	401	Response	1	11115455	4142	1
10108003	402	Sound	112	11141583	260	1			260		other	0
10108003	402	Response	1	11144734	3411	1
10108003	403	Sound	112	11163924	260	1			260		other	0
10108003	403	Response	1	11167614	3950	1
10108003	404	Sound	110	11184265	260	1			260		other	0
10108003	404	Response	1	11187934	3929	1
10108003	405	Sound	103	11200440	263	1			260		other	0
10108003	406	Sound	103	11225612	260	1			260		other	0
10108003	407	Sound	109	11244119	260	1			260		other	0
10108003	407	Response	1	11248653	4794	1
10108003	407	Response	1	11263293	19434	1
10108003	408	Sound	106	11267627	260	1			260		other	0
10108003	408	Response	1	11273373	6006	1
10108003	409	Sound	105	11284966	260	1			260		other	0
10108003	409	Response	1	11289134	4427	1
10108003	410	Sound	108	11308308	260	1			260		other	0
10108003	410	Response	1	11311613	3565	1
10108003	411	Sound	110	11332650	260	1			260		other	0
10108003	411	Response	1	11335613	3222	1
10108003	412	Sound	107	11354157	260	1			260		other	0
10108003	412	Response	1	11357693	3795	1
10108003	413	Sound	110	11371163	260	1			260		other	0
10108003	413	Response	1	11376732	5829	1
10108003	414	Sound	104	11397673	260	1			260		other	0
10108003	414	Response	1	11402732	5319	1
10108003	415	Sound	107	11419514	260	1			260		other	0
10108003	415	Response	1	11423692	4438	1
10108003	416	Sound	101	11441688	260	1			260		other	0
10108003	417	Sound	112	11458194	260	1			260		other	0
10108003	417	Response	1	11461452	3518	1
10108003	418	Sound	108	11478201	260	1			260		other	0
10108003	418	Response	1	11482891	4950	1
10108003	419	Sound	105	11495040	260	1			260		other	0
10108003	420	Sound	110	11522050	260	1			260		other	0
10108003	420	Response	1	11525931	4141	1
10108003	421	Sound	112	11539722	260	1			260		other	0
10108003	421	Response	1	11543851	4388	1
10108003	422	Sound	105	11570066	260	1			260		other	0
10108003	423	Sound	103	11595075	260	1			260		other	0
10108003	424	Sound	104	11623918	260	1			260		other	0
10108003	425	Sound	101	11641591	260	1			260		other	0
10108003	425	Response	1	11651050	9718	1
10108003	426	Sound	102	11667100	260	1			260		other	0
10108003	427	Sound	107	11692276	260	1			260		other	0
10108003	427	Response	1	11696329	4313	1
10108003	428	Sound	104	11721786	260	1			260		other	0
10108003	428	Response	1	11725769	4243	1
10108003	429	Sound	109	11738292	260	1			260		other	0
10108003	429	Response	1	11742169	4137	1
10108003	430	Sound	111	11763467	260	1			260		other	0
10108003	430	Response	1	11767529	4321	1
10108003	431	Sound	109	11784808	260	1			260		other	0
10108003	431	Response	1	11788729	4180	1
10108003	432	Sound	108	11807316	260	1			260		other	0
10108003	432	Response	1	11811208	4152	1
10108003	433	Sound	104	11834836	270	1			260		other	0
10108003	434	Sound	105	11861336	260	1			260		other	0
10108003	434	Response	1	11866248	5173	1
10108003	435	Sound	102	11890345	260	1			260		other	0
10108003	436	Sound	109	11920523	260	1			260		other	0
10108003	436	Response	1	11924567	4305	1
10108003	437	Sound	101	11941196	260	1			260		other	0
10108003	438	Sound	106	11965538	260	1			260		other	0
10108003	438	Response	1	11969767	4489	1
10108003	439	Sound	103	11985045	260	1			260		other	0
10108003	440	Sound	106	12009887	260	1			260		other	0
10108003	440	Response	1	12013927	4299	1
10108003	441	Sound	108	12039731	260	1			260		other	0
10108003	441	Response	1	12044327	4855	1
10108003	442	Response	255	12197445	130218	1
10108003	443	Sound	21	12279482	260	1			260		other	0
10108003	443	Response	1	12282644	3422	1
10108003	444	Sound	19	12294654	260	1			260		other	0
10108003	444	Response	1	12298804	4410	1
10108003	445	Sound	13	12322833	262	1			260		other	0
10108003	445	Response	1	12333764	11194	1
10108003	446	Sound	13	12350006	260	1			260		other	0
10108003	446	Response	1	12367604	17857	1
10108003	447	Sound	17	12376182	260	1			260		other	0
10108003	447	Response	1	12380964	5041	1
10108003	448	Sound	12	12399857	260	1			260		other	0
10108003	449	Sound	12	12422198	260	1			260		other	0
10108003	450	Sound	14	12440038	260	1			260		other	0
10108003	450	Response	1	12441683	1905	1
10108003	451	Sound	15	12465047	260	1			260		other	0
10108003	451	Response	1	12469843	5056	1
10108003	452	Sound	17	12487732	270	1			260		other	0
10108003	452	Response	1	12490802	3341	1
10108003	453	Sound	18	12507061	260	1			260		other	0
10108003	453	Response	1	12510002	3201	1
10108003	454	Sound	14	12524734	260	1			260		other	0
10108003	455	Sound	15	12554078	260	1			260		other	0
10108003	456	Sound	16	12580254	260	1			260		other	0
10108003	456	Response	1	12585362	5368	1
10108003	457	Sound	14	12608931	260	1			260		other	0
10108003	458	Sound	19	12624102	260	1			260		other	0
10108003	458	Response	1	12627121	3279	1
10108003	459	Sound	13	12647110	260	1			260		other	0
10108003	460	Sound	11	12662630	274	1			260		other	0
10108003	461	Sound	11	12683457	260	1			260		other	0
10108003	462	Sound	18	12702630	260	1			260		other	0
10108003	462	Response	1	12705761	3391	1
10108003	463	Sound	15	12725138	260	1			260		other	0
10108003	464	Sound	18	12755148	260	1			260		other	0
10108003	464	Response	1	12758160	3272	1
10108003	465	Sound	16	12784992	260	1			260		other	0
10108003	465	Response	1	12788320	3588	1
10108003	466	Sound	19	12813002	260	1			260		other	0
10108003	466	Response	1	12816720	3978	1
10108003	467	Sound	11	12842846	260	1			260		other	0
10108003	468	Sound	15	12870355	260	1			260		other	0
10108003	468	Response	1	12874159	4064	1
10108003	469	Sound	20	12893864	260	1			260		other	0
10108003	469	Response	1	12897119	3515	1
10108003	470	Sound	17	12920373	260	1			260		other	0
10108003	470	Response	1	12924239	4126	1
10108003	471	Sound	22	12935878	260	1			260		other	0
10108003	471	Response	1	12940159	4540	1
10108003	472	Sound	22	12960387	260	1			260		other	0
10108003	472	Response	1	12963758	3631	1
10108003	473	Sound	12	12989064	260	1			260		other	0
10108003	474	Sound	22	13017907	260	1			260		other	0
10108003	474	Response	1	13021198	3551	1
10108003	475	Sound	21	13043249	260	1			260		other	0
10108003	475	Response	1	13047838	4848	1
10108003	476	Sound	21	13071092	260	1			260		other	0
10108003	476	Response	1	13073838	3005	1
10108003	477	Sound	18	13096601	260	1			260		other	0
10108003	477	Response	1	13100717	4376	1
10108003	478	Sound	16	13116442	260	1			260		other	0
10108003	478	Response	1	13119917	3735	1
10108003	479	Sound	11	13143451	260	1			260		other	0
10108003	480	Sound	14	13160627	263	1			260		other	0
10108003	480	Response	1	13160796	432	2
10108003	480	Response	1	13170157	9793	1
10108003	481	Sound	16	13175796	260	1			260		other	0
10108003	481	Response	1	13179357	3821	1
10108003	482	Sound	17	13198637	260	1			260		other	0
10108003	482	Response	1	13208236	9859	1
10108003	483	Sound	20	13228647	260	1			260		other	0
10108003	483	Response	1	13231836	3449	1
10108003	484	Sound	22	13250655	260	1			260		other	0
10108003	484	Response	1	13253436	3040	1
10108003	485	Sound	19	13267161	260	1			260		other	0
10108003	485	Response	1	13272236	5335	1
10108003	486	Sound	20	13291836	260	1			260		other	0
10108003	486	Response	1	13294476	2899	1
10108003	487	Sound	20	13317846	260	1			260		other	0
10108003	487	Response	1	13318955	1370	1
10108003	488	Sound	21	13346026	264	1			260		other	0
10108003	488	Response	1	13349115	3353	1
10108003	489	Sound	13	13371197	260	1			260		other	0
10108003	489	Response	1	13394955	24017	1
10108003	490	Sound	12	13399207	260	1			260		other	0
10108003	491	Response	255	13798231	379530	1
10108003	492	Sound	106	13873707	260	1			260		other	0
10108003	493	Sound	108	13896715	260	1			260		other	0
10108003	493	Response	1	13901350	4895	1
10108003	494	Sound	112	13916388	260	1			260		other	0
10108003	494	Response	1	13919270	3141	1
10108003	495	Sound	102	13938897	260	1			260		other	0
10108003	496	Sound	106	13955902	260	1			260		other	0
10108003	497	Sound	111	13986080	260	1			260		other	0
10108003	497	Response	1	13990710	4890	1
10108003	498	Sound	106	14016257	260	1			260		other	0
10108003	498	Response	1	14020869	4872	1
10108003	499	Sound	101	14032262	260	1			260		other	0
10108003	500	Sound	107	14058271	260	1			260		other	0
10108003	500	Response	1	14061909	3897	1
10108003	501	Sound	109	14076111	260	1			260		other	0
10108003	501	Response	1	14079189	3337	1
10108003	502	Sound	111	14095621	262	1			260		other	0
10108003	502	Response	1	14098628	3270	1
10108003	503	Sound	110	14119626	260	1			260		other	0
10108003	503	Response	1	14124388	5022	1
10108003	504	Sound	101	14140467	260	1			260		other	0
10108003	505	Sound	112	14160307	260	1			260		other	0
10108003	505	Response	1	14162868	2821	1
10108003	506	Sound	103	14177320	267	1			260		other	0
10108003	507	Sound	108	14192985	260	1			260		other	0
10108003	507	Response	1	14196228	3502	1
10108003	508	Sound	104	14222496	260	1			260		other	0
10108003	509	Sound	110	14241336	260	1			260		other	0
10108003	509	Response	1	14244947	3871	1
10108003	510	Sound	101	14265844	260	1			260		other	0
10108003	511	Sound	105	14286185	260	1			260		other	0
10108003	511	Response	1	14289507	3582	1
10108003	512	Sound	103	14312027	260	1			260		other	0
10108003	513	Sound	111	14340037	260	1			260		other	0
10108003	513	Response	1	14343746	3969	1
10108003	514	Sound	111	14359719	268	1			260		other	0
10108003	514	Response	1	14364226	4776	1
10108003	515	Sound	102	14376219	262	1			260		other	0
10108003	516	Sound	105	14397057	260	1			260		other	0
10108003	517	Sound	101	14418731	260	1			260		other	0
10108003	518	Sound	110	14447741	260	1			260		other	0
10108003	518	Response	1	14451185	3704	1
10108003	519	Sound	102	14476751	260	1			260		other	0
10108003	520	Sound	103	14502094	260	1			260		other	0
10108003	521	Sound	102	14530104	260	1			260		other	0
10108003	522	Sound	108	14554118	265	1			260		other	0
10108003	522	Response	1	14558865	5012	1
10108003	523	Sound	107	14569617	260	1			260		other	0
10108003	523	Response	1	14574385	5027	1
10108003	524	Sound	105	14595126	260	1			260		other	0
10108003	524	Response	1	14600624	5758	1
10108003	525	Sound	112	14620468	260	1			260		other	0
10108003	525	Response	1	14623104	2895	2
10108003	526	Sound	106	14649479	260	1			260		other	0
10108003	526	Response	1	14655024	5805	1
10108003	527	Sound	110	14677822	260	1			260		other	0
10108003	527	Response	1	14682064	4501	1
10108003	528	Sound	107	14703831	260	1			260		other	0
10108003	529	Sound	105	14728673	260	1			260		other	0
10108003	530	Sound	112	14754849	260	1			260		other	0
10108003	530	Response	1	14758543	3953	1
10108003	531	Sound	107	14771855	260	1			260		other	0
10108003	532	Sound	109	14790528	260	1			260		other	0
10108003	532	Response	1	14796782	6514	1
10108003	533	Sound	104	14810216	274	1			260		other	0
10108003	534	Sound	109	14829041	260	1			260		other	0
10108003	534	Response	1	14833902	5120	1
10108003	535	Sound	104	14845216	261	1			260		other	0
10108003	536	Sound	109	14862720	260	1			260		other	0
10108003	536	Response	1	14866702	4242	1
10108003	537	Sound	103	14883061	260	1			260		other	0
10108003	538	Sound	108	14907736	260	1			260		other	0
10108003	538	Response	1	14911901	4425	2
10108003	539	Sound	104	14925742	260	1			260		other	0
10108003	540	Response	255	15155739	201667	1
10108003	541	Sound	20	15219513	261	1			260		other	0
10108003	541	Response	1	15226699	7447	1
10108003	542	Sound	13	15236018	260	1			260		other	0
10108003	542	Response	1	15258619	22861	1
10108003	543	Sound	13	15262360	260	1			260		other	0
10108003	544	Sound	12	15286702	260	1			260		other	0
10108003	544	Response	1	15304058	17616	1
10108003	545	Sound	20	15307042	260	1			260		other	0
10108003	546	Sound	22	15336886	260	1			260		other	0
10108003	546	Response	1	15341418	4791	1
10108003	547	Sound	17	15353558	260	1			260		other	0
10108003	547	Response	1	15359338	6039	1
10108003	548	Sound	11	15370231	260	1			260		other	0
10108003	549	Sound	22	15392072	260	1			260		other	0
10108003	549	Response	1	15394457	2645	1
10108003	550	Sound	20	15412079	260	1			260		other	0
10108003	550	Response	1	15415017	3198	1
10108003	551	Sound	18	15428752	260	1			260		other	0
10108003	551	Response	1	15431817	3325	1
10108003	552	Sound	17	15458095	260	1			260		other	0
10108003	552	Response	1	15460697	2861	1
10108003	553	Sound	11	15483771	260	1			260		other	0
10108003	554	Sound	13	15504111	260	1			260		other	0
10108003	555	Sound	14	15532621	260	1			260		other	0
10108003	556	Sound	19	15556811	274	1			260		other	0
10108003	556	Response	1	15560056	3519	1
10108003	557	Sound	12	15572311	268	1			260		other	0
10108003	558	Sound	18	15590475	260	1			260		other	0
10108003	558	Response	1	15593496	3280	1
10108003	559	Sound	16	15619152	260	1			260		other	0
10108003	559	Response	1	15628215	9323	1
10108003	560	Sound	21	15645828	260	1			260		other	0
10108003	560	Response	1	15650535	4967	1
10108003	561	Sound	18	15664010	269	1			260		other	0
10108003	561	Response	1	15668215	4474	1
10108003	562	Sound	22	15683841	260	1			260		other	0
10108003	562	Response	1	15689575	5993	1
10108003	563	Sound	16	15699513	260	1			260		other	0
10108003	564	Sound	11	15719020	260	1			260		other	0
10108003	564	Response	1	15731574	12814	1
10108003	565	Sound	14	15737193	260	1			260		other	0
10108003	566	Sound	12	15760709	268	1			260		other	0
10108003	567	Sound	15	15780375	260	1			260		other	0
10108003	568	Sound	14	15803716	260	1			260		other	0
10108003	569	Sound	15	15824557	260	1			260		other	0
10108003	569	Response	1	15832214	7916	1
10108003	570	Sound	21	15843897	260	1			260		other	0
10108003	570	Response	1	15854773	11136	1
10108003	571	Sound	13	15873408	261	1			260		other	0
10108003	572	Sound	21	15894415	260	1			260		other	0
10108003	572	Response	1	15897093	2938	1
10108003	573	Sound	11	15912921	260	1			260		other	0
10108003	574	Sound	12	15942108	270	1			260		other	0
10108003	575	Sound	16	15959608	263	1			260		other	0
10108003	575	Response	1	15964212	4868	1
10108003	576	Sound	21	15975610	260	1			260		other	0
10108003	576	Response	1	15979492	4142	1
10108003	577	Sound	19	15991449	260	1			260		other	0
10108003	577	Response	1	15995652	4463	1
10108003	578	Sound	22	16011456	260	1			260		other	0
10108003	578	Response	1	16013812	2616	1
10108003	579	Sound	19	16038307	269	1			260		other	0
10108003	579	Response	1	16041332	3293	1
10108003	580	Sound	16	16058307	261	1			260		other	0
10108003	580	Response	1	16081491	23445	1
10108003	581	Sound	15	16084982	260	1			260		other	0
10108003	582	Sound	18	16105989	260	1			260		other	0
10108003	582	Response	1	16110771	5042	1
10108003	582	Response	1	16122771	17041	1
10108003	583	Sound	14	16128507	270	1			260		other	0
10108003	584	Sound	20	16144836	260	1			260		other	0
10108003	584	Response	1	16149411	4835	1
10108003	585	Sound	15	16161008	260	1			260		other	0
10108003	585	Response	1	16165810	5062	1
10108003	586	Sound	17	16176514	260	1			260		other	0
10108003	586	Response	1	16180450	4196	1
10108003	587	Sound	19	16201689	260	1			260		other	0
10108003	587	Response	1	16205170	3741	1
10108003	588	Sound	17	16219695	260	1			260		other	0
10108003	588	Response	1	16225890	6454	1
10108003	589	Response	255	16298209	63188	1
10108003	590	Sound	107	16362912	260	1			260		other	0
10108003	590	Response	1	16367249	4596	1
10108003	591	Sound	102	16391256	260	1			260		other	0
10108003	592	Sound	110	16415097	260	1			260		other	0
10108003	592	Response	1	16418368	3531	1
10108003	593	Sound	105	16439272	260	1			260		other	0
10108003	594	Sound	105	16456278	260	1			260		other	0
10108003	595	Sound	107	16482454	260	1			260		other	0
10108003	595	Response	1	16486286	4092	3
10108003	596	Sound	101	16498960	260	1			260		other	0
10108003	597	Sound	101	16527470	260	1			260		other	0
10108003	598	Sound	108	16547977	260	1			260		other	0
10108003	598	Response	1	16550927	3210	1
10108003	599	Sound	104	16575820	260	1			260		other	0
10108003	600	Sound	105	16600829	260	1			260		other	0
10108003	601	Sound	104	16624671	260	1			260		other	0
10108003	602	Sound	102	16646845	260	1			260		other	0
10108003	603	Sound	112	16674703	274	1			260		other	0
10108003	603	Response	1	16678526	4098	1
10108003	604	Sound	103	16702365	260	1			260		other	0
10108003	605	Sound	106	16730208	260	1			260		other	0
10108003	605	Response	1	16735965	6017	1
10108003	606	Sound	103	16747547	260	1			260		other	0
10108003	607	Sound	110	16771556	260	1			260		other	0
10108003	607	Response	1	16775965	4669	1
10108003	608	Sound	105	16801902	262	1			260		other	0
10108003	609	Sound	109	16829409	260	1			260		other	0
10108003	609	Response	1	16833405	4255	1
10108003	610	Sound	101	16847916	260	1			260		other	0
10108003	611	Sound	103	16865422	260	1			260		other	0
10108003	612	Sound	102	16882761	260	1			260		other	0
10108003	613	Sound	102	16899267	260	1			260		other	0
10108003	614	Sound	107	16925109	260	1			260		other	0
10108003	614	Response	1	16941084	16234	1
10108003	615	Sound	109	16945449	260	1			260		other	0
10108003	616	Sound	112	16974127	260	1			260		other	0
10108003	616	Response	1	16977804	3937	1
10108003	617	Sound	111	17000969	260	1			260		other	0
10108003	617	Response	1	17004443	3734	1
10108003	618	Sound	104	17025978	260	1			260		other	0
10108003	619	Sound	108	17048152	260	1			260		other	0
10108003	619	Response	1	17053802	5909	2
10108003	620	Sound	108	17075500	265	1			260		other	0
10108003	620	Response	1	17080683	5447	1
10108003	621	Sound	110	17092335	260	1			260		other	0
10108003	621	Response	1	17097963	5888	1
10108003	622	Sound	106	17116510	260	1			260		other	0
10108003	622	Response	1	17121082	4832	1
10108003	623	Sound	107	17143019	260	1			260		other	0
10108003	623	Response	1	17148202	5443	1
10108003	624	Sound	108	17172700	263	1			260		other	0
10108003	624	Response	1	17176361	3925	3
10108003	625	Sound	110	17191203	260	1			260		other	0
10108003	625	Response	1	17195402	4459	1
10108003	626	Sound	101	17207375	260	1			260		other	0
10108003	627	Sound	104	17224548	260	1			260		other	0
10108003	627	Response	1	17229880	5592	3
10108003	628	Sound	106	17242887	260	1			260		other	0
10108003	628	Response	1	17248441	5813	1
10108003	629	Sound	112	17261727	260	1			260		other	0
10108003	629	Response	1	17264601	3133	1
10108003	630	Sound	111	17287736	260	1			260		other	0
10108003	630	Response	1	17291081	3604	1
10108003	631	Sound	111	17311411	260	1			260		other	0
10108003	631	Response	1	17315320	4169	1
10108003	632	Sound	106	17339755	260	1			260		other	0
10108003	632	Response	1	17343960	4465	1
10108003	633	Sound	111	17366931	260	1			260		other	0
10108003	633	Response	1	17370840	4169	1
10108003	634	Sound	112	17382436	260	1			260		other	0
10108003	634	Response	1	17386120	3943	1
10108003	635	Sound	109	17406278	260	1			260		other	0
10108003	635	Response	1	17409720	3701	1
10108003	636	Sound	109	17423298	274	1			260		other	0
10108003	636	Response	1	17427400	4375	1
10108003	637	Sound	103	17442298	267	1			260		other	0
10108003	638	Response	255	17543159	74205	1
10108003	639	Sound	106	17623354	260	1			260		other	0
10108003	640	Sound	108	17640360	260	1			260		other	0
10108003	640	Response	1	17643877	3777	2
10108003	641	Sound	104	17668870	260	1			260		other	0
10108003	642	Sound	102	17687043	260	1			260		other	0
10108003	643	Sound	105	17705716	260	1			260		other	0
10108003	644	Sound	107	17724723	260	1			260		other	0
10108003	644	Response	1	17729317	4854	1
10108003	645	Sound	107	17742229	260	1			260		other	0
10108003	645	Response	1	17748917	6947	1
10108003	646	Sound	102	17759402	260	1			260		other	0
10108003	647	Sound	101	17780576	260	1			260		other	0
10108003	648	Sound	107	17800916	260	1			260		other	0
10108003	648	Response	1	17806596	5940	1
10108003	649	Sound	105	17826595	263	1			260		other	0
10108003	650	Sound	110	17849267	260	1			260		other	0
10108003	650	Response	1	17852516	3509	1
10108003	651	Sound	104	17870441	260	1			260		other	0
10108003	652	Sound	105	17891615	260	1			260		other	0
10108003	652	Response	1	17896596	5240	1
10108003	653	Sound	110	17921959	260	1			260		other	0
10108003	653	Response	1	17926115	4416	1
10108003	654	Sound	112	17947134	260	1			260		other	0
10108003	654	Response	1	17950835	3960	1
10108003	655	Sound	108	17969642	260	1			260		other	0
10108003	655	Response	1	17974195	4812	1
10108003	656	Sound	111	17998986	260	1			260		other	0
10108003	656	Response	1	18001715	2989	1
10108003	657	Sound	103	18025162	260	1			260		other	0
10108003	658	Sound	107	18047669	260	1			260		other	0
10108003	658	Response	1	18051714	4304	1
10108003	659	Sound	101	18069510	260	1			260		other	0
10108003	660	Sound	109	18093019	260	1			260		other	0
10108003	660	Response	1	18097394	4635	1
10108003	661	Sound	102	18118694	260	1			260		other	0
10108003	662	Sound	102	18137034	260	1			260		other	0
10108003	663	Sound	112	18156541	260	1			260		other	0
10108003	663	Response	1	18160113	3832	1
10108003	664	Sound	108	18180216	260	1			260		other	0
10108003	664	Response	1	18184513	4557	1
10108003	665	Sound	105	18205393	261	1			260		other	0
10108003	665	Response	1	18215793	10661	1
10108003	666	Sound	112	18230900	260	1			260		other	0
10108003	666	Response	1	18234352	3712	1
10108003	667	Sound	110	18259744	260	1			260		other	0
10108003	667	Response	1	18264672	5188	1
10108003	668	Sound	109	18289254	260	1			260		other	0
10108003	668	Response	1	18292912	3918	1
10108003	669	Sound	108	18307594	260	1			260		other	0
10108003	669	Response	1	18311232	3898	1
10108003	670	Sound	106	18336771	260	1			260		other	0
10108003	670	Response	1	18341152	4641	1
10108003	671	Sound	110	18357111	260	1			260		other	0
10108003	671	Response	1	18360431	3580	1
10108003	672	Sound	109	18382953	260	1			260		other	0
10108003	672	Response	1	18385951	3257	1
10108003	673	Sound	106	18402961	260	1			260		other	0
10108003	673	Response	1	18407391	4690	1
10108003	674	Sound	104	18422468	260	1			260		other	0
10108003	675	Sound	101	18450477	260	1			260		other	0
10108003	676	Sound	103	18480154	260	1			260		other	0
10108003	677	Sound	101	18505496	260	1			260		other	0
10108003	678	Sound	111	18528505	260	1			260		other	0
10108003	678	Response	1	18532750	4505	1
10108003	679	Sound	112	18550012	260	1			260		other	0
10108003	679	Response	1	18554190	4437	1
10108003	680	Sound	104	18576021	260	1			260		other	0
10108003	681	Sound	103	18605031	260	1			260		other	0
10108003	682	Sound	109	18626873	260	1			260		other	0
10108003	682	Response	1	18630829	4216	1
10108003	683	Sound	103	18656716	260	1			260		other	0
10108003	684	Sound	111	18680558	260	1			260		other	0
10108003	684	Response	1	18684349	4050	1
10108003	685	Sound	106	18702732	260	1			260		other	0
10108003	685	Response	1	18708588	6116	1
10108003	686	Sound	111	18728075	260	1			260		other	0
10108003	686	Response	1	18733548	5733	1
10108003	687	Response	255	18851067	99497	1
10108003	688	Sound	104	18927144	260	1			260		other	0
10108003	689	Sound	108	18943488	264	1			260		other	0
10108003	689	Response	1	18948026	4803	1
10108003	690	Sound	109	18960489	260	1			260		other	0
10108003	690	Response	1	18965066	4836	2
10108003	691	Sound	105	18979829	260	1			260		other	0
10108003	692	Sound	105	19006005	260	1			260		other	0
10108003	693	Sound	110	19024345	260	1			260		other	0
10108003	693	Response	1	19028186	4100	1
10108003	694	Sound	101	19054189	260	1			260		other	0
10108003	695	Sound	104	19084700	260	1			260		other	0
10108003	696	Sound	102	19108708	260	1			260		other	0
10108003	697	Sound	112	19130716	260	1			260		other	0
10108003	697	Response	1	19133945	3489	1
10108003	698	Sound	106	19157058	260	1			260		other	0
10108003	699	Sound	112	19182734	260	1			260		other	0
10108003	699	Response	1	19186104	3630	1
10108003	700	Sound	106	19206075	260	1			260		other	0
10108003	701	Sound	107	19235919	260	1			260		other	0
10108003	701	Response	1	19241224	5564	1
10108003	702	Sound	109	19261762	260	1			260		other	0
10108003	702	Response	1	19270504	9002	1
10108003	703	Sound	104	19277600	260	1			260		other	0
10108003	704	Sound	107	19306944	260	1			260		other	0
10108003	704	Response	1	19311943	5259	3
10108003	705	Sound	112	19337288	260	1			260		other	0
10108003	705	Response	1	19341863	4835	1
10108003	706	Sound	105	19356295	260	1			260		other	0
10108003	707	Sound	108	19372634	260	1			260		other	0
10108003	707	Response	1	19375942	3568	1
10108003	708	Sound	105	19398643	260	1			260		other	0
10108003	708	Response	1	19402662	4279	1
10108003	709	Sound	107	19419484	261	1			260		other	0
10108003	709	Response	1	19424262	5038	1
10108003	710	Sound	102	19445659	260	1			260		other	0
10108003	711	Sound	111	19475837	260	1			260		other	0
10108003	711	Response	1	19479542	3965	1
10108003	712	Sound	107	19498845	260	1			260		other	0
10108003	712	Response	1	19503142	4557	1
10108003	713	Sound	103	19522020	260	1			260		other	0
10108003	714	Sound	110	19546361	260	1			260		other	0
10108003	714	Response	1	19549861	3760	1
10108003	715	Sound	108	19573704	260	1			260		other	0
10108003	715	Response	1	19579541	6096	1
10108003	715	Response	1	19592901	19456	1
10108003	716	Sound	101	19594045	260	1			260		other	0
10108003	717	Sound	111	19621721	260	1			260		other	0
10108003	717	Response	1	19625219	3758	4
10108003	718	Sound	111	19651231	260	1			260		other	0
10108003	718	Response	1	19656260	5288	1
10108003	719	Sound	102	19676407	260	1			260		other	0
10108003	720	Sound	111	19706084	260	1			260		other	0
10108003	720	Response	1	19710660	4836	1
10108003	721	Sound	108	19733594	260	1			260		other	0
10108003	721	Response	1	19738579	5245	1
10108003	722	Sound	106	19753434	260	1			260		other	0
10108003	723	Sound	101	19774441	260	1			260		other	0
10108003	724	Sound	103	19802618	260	1			260		other	0
10108003	725	Sound	106	19832962	260	1			260		other	0
10108003	726	Sound	109	19860981	269	1			260		other	0
10108003	726	Response	1	19865298	4587	1
10108003	727	Sound	102	19886147	260	1			260		other	0
10108003	728	Sound	104	19914657	260	1			260		other	0
10108003	729	Sound	110	19940681	274	1			260		other	0
10108003	729	Response	1	19944578	4171	1
10108003	730	Sound	109	19963508	260	1			260		other	0
10108003	730	Response	1	19969937	6690	1
10108003	731	Sound	110	19987016	260	1			260		other	0
10108003	731	Response	1	19992257	5501	1
10108003	732	Sound	112	20009524	260	1			260		other	0
10108003	732	Response	1	20013617	4353	1
10108003	733	Sound	101	20026196	260	1			260		other	0
10108003	734	Sound	103	20048871	260	1			260		other	0
10108003	735	Sound	103	20068380	262	1			260		other	0
10108003	736	Response	255	20153855	55480	2
10108003	737	Sound	14	20235269	260	1			260		other	0
10108003	738	Sound	16	20253943	260	1			260		other	0
10108003	739	Sound	20	20280785	260	1			260		other	0
10108003	739	Response	1	20284335	3809	1
10108003	740	Sound	12	20298458	260	1			260		other	0
10108003	740	Response	1	20314894	16696	1
10108003	741	Sound	20	20317978	273	1			260		other	0
10108003	741	Response	1	20322494	4789	1
10108003	742	Sound	13	20336478	266	1			260		other	0
10108003	743	Sound	20	20354978	260	1			260		other	0
10108003	743	Response	1	20357934	3216	1
10108003	744	Sound	13	20373651	260	1			260		other	0
10108003	744	Response	1	20392254	18862	1
10108003	745	Sound	17	20392658	260	1			260		other	0
10108003	746	Sound	20	20408163	260	1			260		other	0
10108003	746	Response	1	20412974	5070	1
10108003	747	Sound	14	20434506	260	1			260		other	0
10108003	748	Sound	21	20450178	260	1			260		other	0
10108003	748	Response	1	20453133	3215	2
10108003	749	Sound	16	20469352	260	1			260		other	0
10108003	749	Response	1	20474333	5241	1
10108003	750	Sound	18	20486524	260	1			260		other	0
10108003	750	Response	1	20490093	3828	1
10108003	751	Sound	15	20512033	260	1			260		other	0
10108003	752	Sound	12	20534041	260	1			260		other	0
10108003	753	Sound	19	20556049	260	1			260		other	0
10108003	753	Response	1	20558892	3103	1
10108003	754	Sound	18	20584559	260	1			260		other	0
10108003	754	Response	1	20588812	4513	1
10108003	755	Sound	12	20611568	260	1			260		other	0
10108003	755	Response	1	20618732	7424	1
10108003	756	Sound	15	20627240	260	1			260		other	0
10108003	757	Sound	21	20652082	260	1			260		other	0
10108003	757	Response	1	20655691	3869	1
10108003	758	Sound	12	20667754	260	1			260		other	0
10108003	759	Sound	11	20692096	260	1			260		other	0
10108003	760	Sound	13	20716938	260	1			260		other	0
10108003	761	Sound	22	20743948	260	1			260		other	0
10108003	761	Response	1	20747451	3763	1
10108003	762	Sound	19	20771124	260	1			260		other	0
10108003	762	Response	1	20775610	4746	1
10108003	763	Sound	21	20798633	260	1			260		other	0
10108003	763	Response	1	20802890	4516	1
10108003	764	Sound	11	20822308	260	1			260		other	0
10108003	765	Sound	22	20851985	260	1			260		other	0
10108003	765	Response	1	20858410	6684	2
10108003	766	Sound	22	20874493	260	1			260		other	0
10108003	766	Response	1	20877849	3616	1
10108003	767	Sound	15	20904504	260	1			260		other	0
10108003	768	Sound	16	20920843	260	1			260		other	0
10108003	769	Sound	13	20947519	260	1			260		other	0
10108003	770	Sound	22	20971361	260	1			260		other	0
10108003	770	Response	1	20975048	3947	1
10108003	771	Sound	15	21000204	260	1			260		other	0
10108003	772	Sound	14	21027380	260	1			260		other	0
10108003	773	Sound	21	21046554	260	1			260		other	0
10108003	773	Response	1	21050648	4354	1
10108003	774	Sound	16	21076073	269	1			260		other	0
10108003	774	Response	1	21080088	4283	1
10108003	775	Sound	19	21095573	262	1			260		other	0
10108003	775	Response	1	21099768	4456	1
10108003	776	Sound	11	21116578	260	1			260		other	0
10108003	776	Response	1	21125127	8809	1
10108003	777	Sound	18	21135752	260	1			260		other	0
10108003	777	Response	1	21140887	5395	1
10108003	778	Sound	19	21152924	260	1			260		other	0
10108003	778	Response	1	21157047	4382	1
10108003	779	Sound	17	21171772	268	1			260		other	0
10108003	779	Response	1	21176647	5142	1
10108003	780	Sound	17	21190437	260	1			260		other	0
10108003	780	Response	1	21194807	4629	1
10108003	781	Sound	18	21213612	260	1			260		other	0
10108003	781	Response	1	21219047	5694	1
10108003	782	Sound	14	21234119	260	1			260		other	0
10108003	783	Sound	11	21256294	260	1			260		other	0
10108003	783	Response	1	21267366	11332	1
10108003	784	Sound	17	21275300	260	1			260		other	0
10108003	784	Response	1	21278886	3845	1
10108003	785	Response	255	21407605	106642	1
10108003	786	Sound	112	21483207	260	1			260		other	0
10108003	786	Response	1	21486004	3057	1
10108003	787	Sound	102	21507882	260	1			260		other	0
10108003	788	Sound	101	21524888	260	1			260		other	0
10108003	789	Sound	109	21547229	260	1			260		other	0
10108003	789	Response	1	21550884	3914	1
10108003	790	Sound	111	21563235	260	1			260		other	0
10108003	790	Response	1	21567284	4309	1
10108003	791	Sound	103	21585242	260	1			260		other	0
10108003	792	Sound	102	21604082	260	1			260		other	0
10108003	793	Sound	103	21621422	260	1			260		other	0
10108003	794	Sound	106	21639761	260	1			260		other	0
10108003	795	Sound	108	21665771	260	1			260		other	0
10108003	795	Response	1	21670803	5292	1
10108003	796	Sound	111	21695781	260	1			260		other	0
10108003	796	Response	1	21700562	5041	1
10108003	797	Sound	106	21711453	260	1			260		other	0
10108003	798	Sound	109	21729126	260	1			260		other	0
10108003	798	Response	1	21734402	5536	1
10108003	799	Sound	108	21755469	260	1			260		other	0
10108003	799	Response	1	21759282	4073	1
10108003	800	Sound	111	21783645	260	1			260		other	0
10108003	800	Response	1	21787682	4296	1
10108003	801	Sound	111	21805986	260	1			260		other	0
10108003	801	Response	1	21811681	5955	1
10108003	802	Sound	104	21822826	260	1			260		other	0
10108003	803	Sound	106	21842833	260	1			260		other	0
10108003	803	Response	1	21847121	4548	1
10108003	804	Sound	101	21872010	260	1			260		other	0
10108003	805	Sound	103	21896351	260	1			260		other	0
10108003	806	Sound	112	21917192	260	1			260		other	0
10108003	806	Response	1	21920720	3788	1
10108003	807	Sound	102	21936367	261	1			260		other	0
10108003	808	Sound	112	21961874	260	1			260		other	0
10108003	808	Response	1	21965520	3905	1
10108003	809	Sound	101	21990218	260	1			260		other	0
10108003	810	Sound	105	22007390	260	1			260		other	0
10108003	811	Sound	110	22033233	260	1			260		other	0
10108003	811	Response	1	22037119	4147	1
10108003	812	Sound	104	22049905	260	1			260		other	0
10108003	813	Sound	105	22080416	260	1			260		other	0
10108003	814	Sound	101	22097755	260	1			260		other	0
10108003	815	Sound	102	22116595	260	1			260		other	0
10108003	816	Sound	109	22141937	260	1			260		other	0
10108003	816	Response	1	22145919	4241	1
10108003	817	Sound	110	22172281	260	1			260		other	0
10108003	817	Response	1	22176718	4696	1
10108003	818	Sound	107	22190621	260	1			260		other	0
10108003	819	Sound	112	22218631	260	1			260		other	0
10108003	819	Response	1	22222398	4026	1
10108003	820	Sound	109	22242306	260	1			260		other	0
10108003	820	Response	1	22246638	4591	1
10108003	821	Sound	108	22271149	260	1			260		other	0
10108003	821	Response	1	22274637	3748	1
10108003	822	Sound	108	22296325	260	1			260		other	0
10108003	822	Response	1	22299277	3212	1
10108003	823	Sound	104	22318333	260	1			260		other	0
10108003	824	Sound	110	22343175	260	1			260		other	0
10108003	824	Response	1	22346237	3322	1
10108003	825	Sound	107	22369364	274	1			260		other	0
10108003	825	Response	1	22373757	4666	1
10108003	826	Sound	110	22391525	260	1			260		other	0
10108003	826	Response	1	22394956	3691	1
10108003	827	Sound	105	22418868	260	1			260		other	0
10108003	828	Sound	104	22446378	260	1			260		other	0
10108003	829	Sound	103	22466384	260	1			260		other	0
10108003	830	Sound	106	22488726	260	1			260		other	0
10108003	831	Sound	107	22506732	260	1			260		other	0
10108003	831	Response	1	22513835	7363	1
10108003	832	Sound	105	22522571	260	1			260		other	0
10108003	832	Response	1	22528475	6164	1
10108003	833	Sound	107	22551748	260	1			260		other	0
10108003	833	Response	1	22556875	5387	1
10108003	834	Response	255	22945512	365100	1
10108003	835	Sound	21	23028915	260	1			260		other	0
10108003	835	Response	1	23033111	4456	1
10108003	836	Sound	18	23056758	260	1			260		other	0
10108003	836	Response	1	23059751	3252	1
10108003	837	Sound	14	23076765	260	1			260		other	0
10108003	837	Response	1	23099270	22765	2
10108003	838	Sound	12	23100459	279	1			260		other	0
10108003	838	Response	1	23112790	12610	1
10108003	839	Sound	17	23127950	260	1			260		other	0
10108003	839	Response	1	23131190	3500	1
10108003	840	Sound	15	23151291	260	1			260		other	0
10108003	840	Response	1	23154950	3918	1
10108003	841	Sound	16	23176300	260	1			260		other	0
10108003	841	Response	1	23179670	3629	1
10108003	842	Sound	21	23199308	260	1			260		other	0
10108003	842	Response	1	23203029	3981	1
10108003	843	Sound	11	23219315	260	1			260		other	0
10108003	843	Response	1	23225349	6294	1
10108003	844	Sound	20	23235988	260	1			260		other	0
10108003	844	Response	1	23242789	7061	1
10108003	845	Sound	13	23265331	260	1			260		other	0
10108003	846	Sound	17	23286005	260	1			260		other	0
10108003	846	Response	1	23289749	4003	1
10108003	847	Sound	22	23304011	260	1			260		other	0
10108003	847	Response	1	23307669	3917	1
10108003	848	Sound	12	23333688	260	1			260		other	0
10108003	849	Sound	21	23362198	260	1			260		other	0
10108003	849	Response	1	23365588	3649	1
10108003	850	Sound	18	23388708	260	1			260		other	0
10108003	850	Response	1	23393348	4900	1
10108003	851	Sound	19	23405880	260	1			260		other	0
10108003	851	Response	1	23410388	4767	1
10108003	852	Sound	13	23427721	260	1			260		other	0
10108003	853	Sound	14	23447395	260	1			260		other	0
10108003	854	Sound	15	23476905	260	1			260		other	0
10108003	854	Response	1	23484387	7741	1
10108003	854	Response	1	23502787	26141	1
10108003	855	Sound	15	23505749	260	1			260		other	0
10108003	856	Sound	22	23533425	260	1			260		other	0
10108003	856	Response	1	23536386	3221	1
10108003	857	Sound	22	23563602	260	1			260		other	0
10108003	857	Response	1	23566786	3444	1
10108003	858	Sound	17	23590112	260	1			260		other	0
10108003	858	Response	1	23596946	7094	1
10108003	859	Sound	20	23607284	260	1			260		other	0
10108003	859	Response	1	23611346	4321	1
10108003	860	Sound	11	23635127	260	1			260		other	0
10108003	861	Sound	14	23651967	260	1			260		other	0
10108003	862	Sound	19	23677475	260	1			260		other	0
10108003	862	Response	1	23681265	4049	1
10108003	863	Sound	11	23706986	260	1			260		other	0
10108003	864	Sound	12	23727660	260	1			260		other	0
10108003	865	Sound	17	23749667	260	1			260		other	0
10108003	865	Response	1	23754225	4817	1
10108003	866	Sound	20	23769674	260	1			260		other	0
10108003	866	Response	1	23774304	4889	1
10108003	867	Sound	16	23791854	265	1			260		other	0
10108003	867	Response	1	23802464	10875	1
10108003	868	Sound	12	23819859	260	1			260		other	0
10108003	869	Sound	22	23846368	260	1			260		other	0
10108003	869	Response	1	23849424	3315	1
10108003	870	Sound	11	23875045	260	1			260		other	0
10108003	871	Sound	19	23904388	260	1			260		other	0
10108003	871	Response	1	23909263	5135	1
10108003	872	Sound	13	23929231	260	1			260		other	0
10108003	873	Sound	18	23948570	260	1			260		other	0
10108003	873	Response	1	23953183	4872	1
10108003	874	Sound	18	23976253	266	1			260		other	0
10108003	874	Response	1	23980543	4555	1
10108003	875	Sound	16	23992919	260	1			260		other	0
10108003	875	Response	1	23997582	4923	1
10108003	876	Sound	21	24010592	260	1			260		other	0
10108003	876	Response	1	24013742	3410	1
10108003	877	Sound	20	24033267	260	1			260		other	0
10108003	877	Response	1	24035742	2735	1
10108003	878	Sound	15	24053607	260	1			260		other	0
10108003	879	Sound	14	24072453	265	1			260		other	0
10108003	880	Sound	19	24096289	260	1			260		other	0
10108003	880	Response	1	24100861	4833	1
10108003	881	Sound	16	24112795	260	1			260		other	0
10108003	881	Response	1	24117261	4726	1
10108003	882	Sound	13	24142138	260	1			260		other	0
10108003	883	Response	255	24687816	516014	1
10108003	884	Sound	112	24752519	260	1			260		other	0
10108003	884	Response	1	24755576	3317	1
10108003	885	Sound	102	24777194	260	1			260		other	0
10108003	886	Sound	103	24793200	260	1			260		other	0
10108003	887	Sound	106	24817375	260	1			260		other	0
10108003	888	Sound	106	24838716	260	1			260		other	0
10108003	888	Response	1	24843175	4719	1
10108003	889	Sound	112	24856889	260	1			260		other	0
10108003	889	Response	1	24861335	4706	1
10108003	890	Sound	109	24885899	260	1			260		other	0
10108003	890	Response	1	24890615	4975	1
10108003	891	Sound	103	24901905	260	1			260		other	0
10108003	892	Sound	110	24932082	260	1			260		other	0
10108003	892	Response	1	24936694	4872	1
10108003	893	Sound	109	24961759	260	1			260		other	0
10108003	893	Response	1	24967014	5515	1
10108003	894	Sound	105	24981946	274	1			260		other	0
10108003	895	Sound	101	25008108	260	1			260		other	0
10108003	896	Sound	101	25031950	260	1			260		other	0
10108003	897	Sound	103	25055625	260	1			260		other	0
10108003	898	Sound	107	25082801	260	1			260		other	0
10108003	898	Response	1	25087813	5271	1
10108003	899	Sound	107	25098807	260	1			260		other	0
10108003	899	Response	1	25104213	5666	1
10108003	900	Sound	109	25118814	260	1			260		other	0
10108003	900	Response	1	25122772	4218	1
10108003	901	Sound	107	25145323	260	1			260		other	0
10108003	901	Response	1	25149892	4829	1
10108003	902	Sound	104	25174345	272	1			260		other	0
10108003	902	Response	1	25179412	5339	1
10108003	903	Sound	106	25196845	264	1			260		other	0
10108003	904	Sound	104	25213347	260	1			260		other	0
10108003	905	Sound	108	25234688	260	1			260		other	0
10108003	905	Response	1	25240531	6103	1
10108003	906	Sound	110	25254528	260	1			260		other	0
10108003	906	Response	1	25257811	3543	1
10108003	907	Sound	102	25285039	260	1			260		other	0
10108003	908	Sound	104	25305879	260	1			260		other	0
10108003	909	Sound	103	25331722	260	1			260		other	0
10108003	910	Sound	105	25359065	260	1			260		other	0
10108003	911	Sound	101	25382073	260	1			260		other	0
10108003	912	Sound	110	25400246	260	1			260		other	0
10108003	912	Response	1	25405010	5024	1
10108003	913	Sound	101	25419419	260	1			260		other	0
10108003	914	Sound	108	25442427	260	1			260		other	0
10108003	914	Response	1	25446290	4122	1
10108003	915	Sound	111	25465602	260	1			260		other	0
10108003	915	Response	1	25470129	4787	1
10108003	916	Sound	102	25487276	260	1			260		other	0
10108003	917	Sound	104	25517620	260	1			260		other	0
10108003	918	Sound	108	25537143	275	1			260		other	0
10108003	918	Response	1	25540929	4061	1
10108003	919	Sound	111	25565470	260	1			260		other	0
10108003	919	Response	1	25570369	5158	1
10108003	920	Sound	105	25584310	260	1			260		other	0
10108003	921	Sound	111	25602817	260	1			260		other	0
10108003	921	Response	1	25606448	3891	1
10108003	922	Sound	111	25621657	260	1			260		other	0
10108003	923	Sound	106	25638663	260	1			260		other	0
10108003	923	Response	1	25643168	4765	1
10108003	924	Sound	112	25660170	260	1			260		other	0
10108003	924	Response	1	25663488	3577	1
10108003	925	Sound	108	25681011	260	1			260		other	0
10108003	925	Response	1	25685328	4577	1
10108003	926	Sound	102	25710521	260	1			260		other	0
10108003	927	Sound	107	25737364	260	1			260		other	0
10108003	928	Sound	110	25756704	260	1			260		other	0
10108003	928	Response	1	25761087	4643	1
10108003	929	Sound	112	25773043	260	1			260		other	0
10108003	929	Response	1	25777727	4944	1
10108003	930	Sound	105	25796051	260	1			260		other	0
10108003	931	Sound	109	25817392	260	1			260		other	0
10108003	932	Response	255	26311162	474110	1
10108003	933	Sound	102	26385924	260	1			260		other	0
10108003	934	Sound	108	26412100	260	1			260		other	0
10108003	934	Response	1	26416281	4441	1
10108003	935	Sound	105	26441944	260	1			260		other	0
10108003	936	Sound	112	26464285	260	1			260		other	0
10108003	936	Response	1	26467801	3775	1
10108003	937	Sound	105	26493462	260	1			260		other	0
10108003	938	Sound	104	26522806	260	1			260		other	0
10108003	939	Sound	103	26550315	260	1			260		other	0
10108003	940	Sound	109	26565836	275	1			260		other	0
10108003	940	Response	1	26570040	4479	1
10108003	941	Sound	102	26588835	267	1			260		other	0
10108003	942	Sound	110	26608336	260	1			260		other	0
10108003	942	Response	1	26613720	5644	1
10108003	943	Sound	101	26636346	260	1			260		other	0
10108003	944	Sound	102	26652351	260	1			260		other	0
10108003	945	Sound	111	26671358	260	1			260		other	0
10108003	945	Response	1	26674679	3581	1
10108003	946	Sound	101	26687697	260	1			260		other	0
10108003	947	Sound	106	26715373	260	1			260		other	0
10108003	947	Response	1	26719238	4125	1
10108003	948	Sound	106	26734880	260	1			260		other	0
10108003	949	Sound	107	26762723	260	1			260		other	0
10108003	949	Response	1	26767558	5095	1
10108003	950	Sound	108	26783564	260	1			260		other	0
10108003	950	Response	1	26789158	5854	1
10108003	951	Sound	105	26807906	260	1			260		other	0
10108003	951	Response	1	26812518	4872	1
10108003	952	Sound	101	26833248	260	1			260		other	0
10108003	953	Sound	110	26859090	260	1			260		other	0
10108003	953	Response	1	26862757	3927	1
10108003	954	Sound	110	26884099	260	1			260		other	0
10108003	954	Response	1	26887637	3798	1
10108003	955	Sound	105	26908774	260	1			260		other	0
10108003	955	Response	1	26913477	4962	1
10108003	956	Sound	101	26935450	260	1			260		other	0
10108003	957	Sound	107	26961793	260	1			260		other	0
10108003	957	Response	1	26966116	4583	1
10108003	958	Sound	108	26983967	260	1			260		other	0
10108003	958	Response	1	26989716	6009	1
10108003	959	Sound	104	27009976	260	1			260		other	0
10108003	960	Sound	112	27034318	260	1			260		other	0
10108003	960	Response	1	27037956	3897	1
10108003	961	Sound	112	27050832	268	1			260		other	0
10108003	961	Response	1	27054596	4031	1
10108003	962	Sound	109	27072832	260	1			260		other	0
10108003	962	Response	1	27076435	3863	1
10108003	963	Sound	107	27098341	260	1			260		other	0
10108003	963	Response	1	27103315	5234	1
10108003	964	Sound	111	27122032	276	1			260		other	0
10108003	964	Response	1	27125315	3559	1
10108003	965	Sound	108	27152532	265	1			260		other	0
10108003	965	Response	1	27155955	3688	1
10108003	966	Sound	112	27172367	260	1			260		other	0
10108003	966	Response	1	27175395	3288	1
10108003	967	Sound	111	27198209	260	1			260		other	0
10108003	967	Response	1	27201154	3205	1
10108003	968	Sound	110	27217549	260	1			260		other	0
10108003	968	Response	1	27221714	4425	1
10108003	969	Sound	104	27237890	260	1			260		other	0
10108003	970	Sound	106	27259064	260	1			260		other	0
10108003	970	Response	1	27263394	4590	1
10108003	971	Sound	104	27281572	260	1			260		other	0
10108003	972	Sound	102	27312082	260	1			260		other	0
10108003	973	Sound	103	27331089	260	1			260		other	0
10108003	974	Sound	106	27348430	262	1			260		other	0
10108003	975	Sound	109	27373937	260	1			260		other	0
10108003	975	Response	1	27378993	5316	1
10108003	976	Sound	103	27397946	260	1			260		other	0
10108003	977	Sound	107	27423788	260	1			260		other	0
10108003	977	Response	1	27430112	6584	1
10108003	978	Sound	103	27441294	260	1			260		other	0
10108003	979	Sound	109	27464803	260	1			260		other	0
10108003	979	Response	1	27469872	5329	1
10108003	980	Sound	111	27485143	260	1			260		other	0
10108003	980	Response	1	27489712	4829	1
10108003	980	Response	1	27510192	25309	1

The following output port codes were not sent because of a conflict on the port.
Port	Code	Time(ms)
1	1	901219
