Scenario - 
Logfile written - 09/14/2018 12:50:10

Subject	Trial	Event Type	Code	Time	TTime	Uncertainty	Duration	Uncertainty	ReqTime	ReqDur	Stim Type	Pair Index

10108001	1	Response	255	2833589	2833422	1
10108001	2	Sound	107	2901027	260	1			260		other	0
10108001	3	Sound	108	2923702	260	1			260		other	0
10108001	4	Sound	103	2950212	260	1			260		other	0
10108001	5	Sound	109	2973899	272	1			260		other	0
10108001	6	Sound	111	2999229	260	1			260		other	0
10108001	7	Sound	110	3017235	260	1			260		other	0
10108001	8	Sound	103	3042744	260	1			260		other	0
10108001	9	Sound	111	3072254	260	1			260		other	0
10108001	10	Sound	107	3098098	261	1			260		other	0
10108001	11	Sound	112	3120271	260	1			260		other	0
10108001	11	Response	1	3124786	4775	1
10108001	12	Sound	106	3142112	260	1			260		other	0
10108001	13	Sound	109	3158951	260	1			260		other	0
10108001	14	Sound	102	3188798	262	1			260		other	0
10108001	15	Sound	108	3213971	260	1			260		other	0
10108001	16	Sound	101	3241313	260	1			260		other	0
10108001	17	Sound	105	3262497	269	1			260		other	0
10108001	18	Sound	108	3287663	260	1			260		other	0
10108001	19	Sound	110	3312672	260	1			260		other	0
10108001	20	Sound	101	3341515	260	1			260		other	0
10108001	21	Sound	109	3370859	260	1			260		other	0
10108001	22	Sound	111	3398035	260	1			260		other	0
10108001	22	Response	1	3403744	5969	1
10108001	23	Sound	103	3426211	260	1			260		other	0
10108001	24	Sound	111	3453388	260	1			260		other	0
10108001	25	Sound	106	3469226	260	1			260		other	0
10108001	26	Sound	112	3489067	260	1			260		other	0
10108001	26	Response	1	3492223	3416	1
10108001	27	Sound	105	3504906	260	1			260		other	0
10108001	28	Sound	101	3526080	260	1			260		other	0
10108001	29	Sound	101	3549755	260	1			260		other	0
10108001	30	Sound	104	3574597	260	1			260		other	0
10108001	31	Sound	106	3597438	260	1			260		other	0
10108001	32	Sound	107	3616795	276	1			260		other	0
10108001	33	Sound	110	3636785	260	1			260		other	0
10108001	34	Sound	102	3653457	260	1			260		other	0
10108001	35	Sound	105	3678966	260	1			260		other	0
10108001	36	Sound	108	3706643	260	1			260		other	0
10108001	37	Sound	105	3732985	260	1			260		other	0
10108001	38	Sound	109	3754660	260	1			260		other	0
10108001	39	Sound	110	3776167	260	1			260		other	0
10108001	39	Response	1	3782781	6873	1
10108001	40	Sound	112	3797008	260	1			260		other	0
10108001	40	Response	1	3815740	18992	1
10108001	41	Sound	102	3820516	260	1			260		other	0
10108001	42	Sound	104	3838522	260	1			260		other	0
10108001	43	Sound	106	3857029	260	1			260		other	0
10108001	44	Sound	102	3886372	260	1			260		other	0
10108001	45	Sound	104	3903045	260	1			260		other	0
10108001	46	Sound	112	3929221	260	1			260		other	0
10108001	46	Response	1	3932219	3258	3
10108001	47	Sound	104	3948894	260	1			260		other	0
10108001	48	Sound	103	3969902	260	1			260		other	0
10108001	49	Sound	107	3999579	260	1			260		other	0
10108001	50	Response	255	4077738	53330	1
10108001	51	Sound	103	4153133	260	1			260		other	0
10108001	52	Sound	108	4179991	275	1			260		other	0
10108001	53	Sound	111	4200316	260	1			260		other	0
10108001	53	Response	1	4206137	6081	1
10108001	54	Sound	112	4226658	260	1			260		other	0
10108001	54	Response	1	4230857	4458	1
10108001	55	Sound	109	4251500	260	1			260		other	0
10108001	55	Response	1	4255736	4496	1
10108001	56	Sound	102	4272674	260	1			260		other	0
10108001	57	Sound	105	4300351	260	1			260		other	0
10108001	58	Sound	105	4321858	260	1			260		other	0
10108001	59	Sound	110	4338697	260	1			260		other	0
10108001	60	Sound	108	4358871	260	1			260		other	0
10108001	60	Response	1	4363655	5044	1
10108001	61	Sound	110	4384380	260	1			260		other	0
10108001	61	Response	1	4389895	5775	1
10108001	62	Sound	101	4402553	260	1			260		other	0
10108001	63	Sound	112	4421560	260	1			260		other	0
10108001	63	Response	1	4425015	3715	1
10108001	64	Sound	103	4438899	260	1			260		other	0
10108001	65	Sound	108	4464241	260	1			260		other	0
10108001	65	Response	1	4468934	4953	1
10108001	66	Sound	102	4480580	260	1			260		other	0
10108001	67	Sound	102	4510258	260	1			260		other	0
10108001	68	Sound	105	4540435	260	1			260		other	0
10108001	69	Sound	107	4567111	260	1			260		other	0
10108001	69	Response	1	4572694	5843	1
10108001	70	Sound	111	4595454	260	1			260		other	0
10108001	70	Response	1	4599813	4619	1
10108001	71	Sound	102	4624297	260	1			260		other	0
10108001	72	Sound	112	4647305	260	1			260		other	0
10108001	72	Response	1	4650453	3407	1
10108001	73	Sound	101	4668987	267	1			260		other	0
10108001	74	Sound	106	4684652	260	1			260		other	0
10108001	75	Sound	104	4703659	260	1			260		other	0
10108001	76	Sound	106	4733169	260	1			260		other	0
10108001	77	Sound	104	4755010	260	1			260		other	0
10108001	78	Sound	111	4785520	260	1			260		other	0
10108001	78	Response	1	4789892	4631	1
10108001	79	Sound	101	4809029	260	1			260		other	0
10108001	80	Sound	106	4831537	260	1			260		other	0
10108001	81	Sound	108	4851377	260	1			260		other	0
10108001	81	Response	1	4858451	7334	1
10108001	82	Sound	110	4877386	260	1			260		other	0
10108001	82	Response	1	4883571	6445	1
10108001	83	Sound	104	4893225	260	1			260		other	0
10108001	84	Sound	107	4911231	260	1			260		other	0
10108001	85	Sound	105	4927237	260	1			260		other	0
10108001	86	Sound	112	4946410	260	1			260		other	0
10108001	86	Response	1	4949570	3420	1
10108001	87	Sound	106	4968751	260	1			260		other	0
10108001	88	Sound	101	4986591	260	1			260		other	0
10108001	89	Sound	109	5008599	260	1			260		other	0
10108001	89	Response	1	5013090	4751	1
10108001	90	Sound	110	5026772	260	1			260		other	0
10108001	90	Response	1	5031650	5138	1
10108001	91	Sound	103	5047785	266	1			260		other	0
10108001	92	Sound	109	5064118	260	1			260		other	0
10108001	93	Sound	103	5087293	260	1			260		other	0
10108001	94	Sound	109	5117303	260	1			260		other	0
10108001	94	Response	1	5123009	5965	1
10108001	95	Sound	107	5136643	260	1			260		other	0
10108001	96	Sound	104	5154650	260	1			260		other	0
10108001	97	Sound	107	5179825	260	1			260		other	0
10108001	98	Sound	111	5206668	260	1			260		other	0
10108001	98	Response	1	5210848	4440	1
10108001	99	Response	255	7771946	2549285	1
10108001	100	Sound	22	7842090	260	1			260		other	0
10108001	100	Response	1	7847785	5954	1
10108001	101	Sound	21	7860930	260	1			260		other	0
10108001	102	Sound	11	7889274	260	1			260		other	0
10108001	103	Sound	11	7910114	260	1			260		other	0
10108001	104	Sound	19	7926465	272	1			260		other	0
10108001	104	Response	1	7932744	6551	1
10108001	105	Sound	12	7941792	260	1			260		other	0
10108001	106	Sound	11	7968635	260	1			260		other	0
10108001	107	Sound	11	7995144	260	1			260		other	0
10108001	108	Sound	12	8014817	260	1			260		other	0
10108001	109	Sound	22	8044661	260	1			260		other	0
10108001	109	Response	1	8047863	3462	1
10108001	110	Sound	19	8067503	260	1			260		other	0
10108001	110	Response	1	8075783	8540	1
10108001	111	Sound	20	8094178	260	1			260		other	0
10108001	111	Response	1	8097863	3944	1
10108001	112	Sound	17	8118864	270	1			260		other	0
10108001	112	Response	1	8127383	8789	1
10108001	113	Sound	20	8148364	260	1			260		other	0
10108001	113	Response	1	8153543	5438	1
10108001	114	Sound	21	8177374	260	1			260		other	0
10108001	114	Response	1	8181942	4827	1
10108001	115	Sound	22	8196715	260	1			260		other	0
10108001	115	Response	1	8201622	5167	1
10108001	116	Sound	14	8226225	260	1			260		other	0
10108001	117	Sound	18	8247899	260	1			260		other	0
10108001	117	Response	1	8251461	3822	1
10108001	118	Sound	14	8271741	260	1			260		other	0
10108001	118	Response	1	8275941	4460	1
10108001	119	Sound	22	8292081	260	1			260		other	0
10108001	119	Response	1	8295781	3960	1
10108001	120	Sound	15	8316263	266	1			260		other	0
10108001	121	Sound	17	8338097	260	1			260		other	0
10108001	121	Response	1	8341861	4023	1
10108001	122	Sound	16	8367774	260	1			260		other	0
10108001	123	Sound	19	8383947	260	1			260		other	0
10108001	123	Response	1	8387300	3613	1
10108001	124	Sound	17	8406788	260	1			260		other	0
10108001	124	Response	1	8409620	3091	2
10108001	125	Sound	16	8434631	260	1			260		other	0
10108001	126	Sound	12	8449803	260	1			260		other	0
10108001	127	Sound	18	8466162	279	1			260		other	0
10108001	127	Response	1	8471220	5337	1
10108001	128	Sound	20	8482161	273	1			260		other	0
10108001	128	Response	1	8486499	4611	1
10108001	129	Sound	17	8500988	260	1			260		other	0
10108001	129	Response	1	8505539	4811	1
10108001	130	Sound	20	8519995	260	1			260		other	0
10108001	130	Response	1	8523619	3885	1
10108001	131	Sound	14	8547004	260	1			260		other	0
10108001	131	Response	1	8552499	5755	1
10108001	132	Sound	21	8574513	260	1			260		other	0
10108001	132	Response	1	8578019	3765	1
10108001	133	Sound	13	8603690	260	1			260		other	0
10108001	134	Sound	13	8619696	260	1			260		other	0
10108001	135	Sound	18	8636702	260	1			260		other	0
10108001	135	Response	1	8640258	3816	1
10108001	136	Sound	13	8658543	260	1			260		other	0
10108001	137	Sound	14	8680217	260	1			260		other	0
10108001	138	Sound	13	8702560	261	1			260		other	0
10108001	139	Sound	12	8730735	260	1			260		other	0
10108001	139	Response	1	8744897	14422	1
10108001	140	Sound	15	8749241	260	1			260		other	0
10108001	141	Sound	15	8778759	267	1			260		other	0
10108001	142	Sound	15	8797759	261	1			260		other	0
10108001	143	Sound	16	8822934	260	1			260		other	0
10108001	144	Sound	16	8845942	260	1			260		other	0
10108001	144	Response	1	8850256	4574	1
10108001	145	Sound	21	8862948	260	1			260		other	0
10108001	145	Response	1	8866816	4128	1
10108001	146	Sound	19	8881121	260	1			260		other	0
10108001	146	Response	1	8884336	3475	1
10108001	147	Sound	18	8907630	260	1			260		other	0
10108001	147	Response	1	8912016	4645	1
10108001	148	Response	255	8979775	51818	1
10108001	149	Sound	13	9045858	272	1			260		other	0
10108001	150	Sound	19	9067186	260	1			260		other	0
10108001	150	Response	1	9070654	3728	1
10108001	151	Sound	14	9095696	260	1			260		other	0
10108001	152	Sound	21	9120038	260	1			260		other	0
10108001	152	Response	1	9123053	3275	2
10108001	153	Sound	17	9139378	260	1			260		other	0
10108001	154	Sound	22	9164887	260	1			260		other	0
10108001	154	Response	1	9167613	2986	1
10108001	155	Sound	16	9184060	260	1			260		other	0
10108001	156	Sound	18	9212403	260	1			260		other	0
10108001	156	Response	1	9216333	4189	1
10108001	157	Sound	17	9227909	260	1			260		other	0
10108001	157	Response	1	9232333	4684	1
10108001	158	Sound	17	9257086	260	1			260		other	0
10108001	158	Response	1	9261773	4947	1
10108001	159	Sound	13	9285596	260	1			260		other	0
10108001	160	Sound	20	9307437	260	1			260		other	0
10108001	160	Response	1	9311772	4595	1
10108001	161	Sound	19	9336113	260	1			260		other	0
10108001	161	Response	1	9340412	4558	1
10108001	162	Sound	11	9362123	260	1			260		other	0
10108001	163	Sound	11	9385297	260	1			260		other	0
10108001	164	Sound	12	9401470	260	1			260		other	0
10108001	165	Sound	15	9430655	268	1			260		other	0
10108001	165	Response	1	9440891	10504	1
10108001	166	Sound	19	9456489	260	1			260		other	0
10108001	166	Response	1	9459691	3462	1
10108001	167	Sound	21	9484332	260	1			260		other	0
10108001	167	Response	1	9488091	4018	1
10108001	168	Sound	22	9512675	260	1			260		other	0
10108001	168	Response	1	9515611	3195	1
10108001	169	Sound	12	9535854	264	1			260		other	0
10108001	170	Sound	21	9554357	260	1			260		other	0
10108001	170	Response	1	9559290	5193	1
10108001	171	Sound	14	9575197	260	1			260		other	0
10108001	172	Sound	13	9593037	260	1			260		other	0
10108001	173	Sound	18	9610054	271	1			260		other	0
10108001	173	Response	1	9614570	4786	1
10108001	174	Sound	14	9625715	260	1			260		other	0
10108001	175	Sound	18	9642387	260	1			260		other	0
10108001	175	Response	1	9646490	4362	1
10108001	176	Sound	22	9671564	260	1			260		other	0
10108001	176	Response	1	9675289	3985	1
10108001	177	Sound	20	9699407	260	1			260		other	0
10108001	177	Response	1	9704569	5421	1
10108001	178	Sound	11	9726417	260	1			260		other	0
10108001	179	Sound	11	9747924	260	1			260		other	0
10108001	180	Sound	12	9764597	260	1			260		other	0
10108001	181	Sound	20	9794607	260	1			260		other	0
10108001	181	Response	1	9799368	5020	1
10108001	182	Sound	13	9810280	260	1			260		other	0
10108001	183	Sound	16	9834788	260	1			260		other	0
10108001	184	Sound	18	9859964	260	1			260		other	0
10108001	185	Sound	21	9889807	260	1			260		other	0
10108001	185	Response	1	9894007	4460	1
10108001	186	Sound	22	9914816	260	1			260		other	0
10108001	186	Response	1	9918647	4091	1
10108001	187	Sound	19	9940158	260	1			260		other	0
10108001	187	Response	1	9943767	3868	1
10108001	188	Sound	16	9960666	260	1			260		other	0
10108001	189	Sound	12	9989342	260	1			260		other	0
10108001	190	Sound	15	10019520	260	1			260		other	0
10108001	191	Sound	17	10042861	260	1			260		other	0
10108001	192	Sound	14	10066703	260	1			260		other	0
10108001	193	Sound	15	10083209	260	1			260		other	0
10108001	194	Sound	15	10103050	261	1			260		other	0
10108001	195	Sound	20	10127224	260	1			260		other	0
10108001	195	Response	1	10130965	4001	1
10108001	196	Sound	16	10148231	260	1			260		other	0
10108001	196	Response	1	10152885	4914	1
10108001	197	Response	255	10300084	128357	1
10108001	198	Sound	102	10367141	260	1			260		other	0
10108001	199	Sound	108	10383648	261	1			260		other	0
10108001	199	Response	1	10389203	5816	1
10108001	200	Sound	109	10401153	260	1			260		other	0
10108001	200	Response	1	10405603	4709	1
10108001	201	Sound	108	10417992	260	1			260		other	0
10108001	201	Response	1	10422003	4270	1
10108001	202	Sound	102	10443501	260	1			260		other	0
10108001	203	Sound	102	10462508	260	1			260		other	0
10108001	204	Sound	110	10478680	260	1			260		other	0
10108001	204	Response	1	10482962	4541	1
10108001	205	Sound	111	10506857	260	1			260		other	0
10108001	205	Response	1	10510882	4285	1
10108001	206	Sound	108	10537368	260	1			260		other	0
10108001	206	Response	1	10541442	4334	1
10108001	207	Sound	110	10555207	260	1			260		other	0
10108001	207	Response	1	10560242	5294	1
10108001	208	Sound	110	10573547	260	1			260		other	0
10108001	208	Response	1	10576881	3594	1
10108001	209	Sound	101	10600890	260	1			260		other	0
10108001	210	Sound	103	10624898	260	1			260		other	0
10108001	211	Sound	102	10641404	260	1			260		other	0
10108001	212	Sound	104	10665247	261	1			260		other	0
10108001	213	Sound	104	10686253	260	1			260		other	0
10108001	214	Sound	101	10703425	260	1			260		other	0
10108001	215	Sound	107	10724100	260	1			260		other	0
10108001	215	Response	1	10728720	4880	1
10108001	216	Sound	111	10749275	260	1			260		other	0
10108001	216	Response	1	10753840	4824	1
10108001	217	Sound	112	10772783	260	1			260		other	0
10108001	217	Response	1	10775680	3156	1
10108001	218	Sound	103	10796625	260	1			260		other	0
10108001	219	Sound	106	10824301	260	1			260		other	0
10108001	220	Sound	106	10841974	260	1			260		other	0
10108001	221	Sound	112	10865482	260	1			260		other	0
10108001	221	Response	1	10869359	4136	1
10108001	222	Sound	105	10886657	260	1			260		other	0
10108001	223	Sound	105	10907664	260	1			260		other	0
10108001	224	Sound	107	10934673	260	1			260		other	0
10108001	224	Response	1	10938398	3985	1
10108001	225	Sound	107	10962516	260	1			260		other	0
10108001	225	Response	1	10967918	5661	1
10108001	226	Sound	104	10988525	260	1			260		other	0
10108001	227	Sound	109	11018544	268	1			260		other	0
10108001	227	Response	1	11023197	4921	1
10108001	228	Sound	109	11039377	260	1			260		other	0
10108001	228	Response	1	11045197	6080	1
10108001	229	Sound	106	11062552	260	1			260		other	0
10108001	229	Response	1	11070317	8025	1
10108001	230	Sound	107	11091228	260	1			260		other	0
10108001	230	Response	1	11095437	4468	1
10108001	231	Sound	109	11117571	260	1			260		other	0
10108001	231	Response	1	11121677	4366	1
10108001	232	Sound	101	11133076	260	1			260		other	0
10108001	233	Sound	111	11155417	260	1			260		other	0
10108001	233	Response	1	11159516	4359	1
10108001	234	Sound	108	11176591	260	1			260		other	0
10108001	234	Response	1	11181116	4784	1
10108001	235	Sound	105	11199443	270	1			260		other	0
10108001	236	Sound	106	11225275	260	1			260		other	0
10108001	237	Sound	105	11250451	260	1			260		other	0
10108001	238	Sound	101	11276460	260	1			260		other	0
10108001	239	Sound	104	11306470	260	1			260		other	0
10108001	240	Sound	112	11327811	260	1			260		other	0
10108001	240	Response	1	11330715	3164	1
10108001	241	Sound	103	11354154	260	1			260		other	0
10108001	242	Sound	103	11382664	260	1			260		other	0
10108001	243	Sound	110	11404171	260	1			260		other	0
10108001	243	Response	1	11408074	4163	1
10108001	244	Sound	111	11427179	260	1			260		other	0
10108001	244	Response	1	11431194	4274	1
10108001	245	Sound	112	11450854	260	1			260		other	0
10108001	245	Response	1	11453914	3319	1
10108001	246	Response	255	11503753	28237	1
10108001	247	Sound	109	11585068	260	1			260		other	0
10108001	247	Response	1	11588713	3904	1
10108001	248	Sound	102	11606409	260	1			260		other	0
10108001	249	Sound	107	11630417	260	1			260		other	0
10108001	249	Response	1	11634392	4235	1
10108001	250	Sound	101	11649090	260	1			260		other	0
10108001	251	Sound	109	11669440	269	1			260		other	0
10108001	251	Response	1	11673752	4581	1
10108001	252	Sound	107	11691940	261	1			260		other	0
10108001	252	Response	1	11695592	3913	1
10108001	253	Sound	104	11718948	260	1			260		other	0
10108001	253	Response	1	11722871	4183	1
10108001	254	Sound	101	11746958	260	1			260		other	0
10108001	255	Sound	112	11766465	260	1			260		other	0
10108001	255	Response	1	11771111	4906	1
10108001	256	Sound	104	11789473	260	1			260		other	0
10108001	257	Sound	111	11818483	260	1			260		other	0
10108001	257	Response	1	11822951	4727	1
10108001	258	Sound	112	11842658	260	1			260		other	0
10108001	258	Response	1	11846950	4552	1
10108001	259	Sound	109	11860498	260	1			260		other	0
10108001	260	Sound	107	11888674	260	1			260		other	0
10108001	261	Sound	105	11917351	260	1			260		other	0
10108001	261	Response	1	11922310	5219	1
10108001	262	Sound	104	11937358	260	1			260		other	0
10108001	263	Sound	112	11957865	260	1			260		other	0
10108001	263	Response	1	11961829	4224	1
10108001	264	Sound	106	11984374	260	1			260		other	0
10108001	265	Sound	111	12001714	260	1			260		other	0
10108001	265	Response	1	12005989	4535	1
10108001	266	Sound	111	12025055	260	1			260		other	0
10108001	266	Response	1	12029349	4553	1
10108001	267	Sound	102	12048564	260	1			260		other	0
10108001	268	Sound	110	12074906	260	1			260		other	0
10108001	268	Response	1	12079188	4542	1
10108001	269	Sound	108	12095913	260	1			260		other	0
10108001	270	Sound	109	12121589	260	1			260		other	0
10108001	270	Response	1	12127188	5858	1
10108001	271	Sound	110	12145098	260	1			260		other	0
10108001	271	Response	1	12149748	4910	1
10108001	272	Sound	108	12171273	260	1			260		other	0
10108001	272	Response	1	12175508	4494	1
10108001	273	Sound	102	12195281	260	1			260		other	0
10108001	274	Sound	103	12210787	260	1			260		other	0
10108001	275	Sound	102	12239797	260	1			260		other	0
10108001	276	Sound	107	12267307	260	1			260		other	0
10108001	276	Response	1	12272306	5259	2
10108001	277	Sound	105	12295817	260	1			260		other	0
10108001	278	Sound	106	12324160	260	1			260		other	0
10108001	278	Response	1	12328866	4966	1
10108001	279	Sound	103	12349169	260	1			260		other	0
10108001	280	Sound	106	12365008	260	1			260		other	0
10108001	281	Sound	103	12386015	260	1			260		other	0
10108001	282	Sound	101	12411024	260	1			260		other	0
10108001	283	Sound	110	12438867	260	1			260		other	0
10108001	283	Response	1	12444225	5618	1
10108001	284	Sound	112	12464709	260	1			260		other	0
10108001	284	Response	1	12467985	3535	1
10108001	285	Sound	103	12486050	260	1			260		other	0
10108001	286	Sound	106	12510058	260	1			260		other	0
10108001	287	Sound	111	12530899	260	1			260		other	0
10108001	287	Response	1	12537504	6865	1
10108001	288	Sound	108	12554407	260	1			260		other	0
10108001	289	Sound	101	12584251	260	1			260		other	0
10108001	290	Sound	105	12610933	266	1			260		other	0
10108001	291	Sound	108	12635269	260	1			260		other	0
10108001	291	Response	1	12642303	7294	1
10108001	292	Sound	110	12663612	260	1			260		other	0
10108001	292	Response	1	12669183	5831	1
10108001	293	Sound	105	12685120	260	1			260		other	0
10108001	294	Sound	104	12709462	260	1			260		other	0
10108001	295	Response	255	13651575	912949	1
10108001	296	Sound	111	13730986	260	1			260		other	0
10108001	296	Response	1	13735014	4287	1
10108001	297	Sound	111	13759997	260	1			260		other	0
10108001	297	Response	1	13763894	4157	1
10108001	298	Sound	105	13778336	260	1			260		other	0
10108001	299	Sound	110	13798525	275	1			260		other	0
10108001	299	Response	1	13801893	3643	1
10108001	300	Sound	111	13817350	260	1			260		other	0
10108001	300	Response	1	13821093	4003	1
10108001	301	Sound	107	13843692	260	1			260		other	0
10108001	301	Response	1	13848373	4940	1
10108001	302	Sound	103	13861365	260	1			260		other	0
10108001	303	Sound	106	13891376	260	1			260		other	0
10108001	304	Sound	101	13911049	260	1			260		other	0
10108001	305	Sound	108	13933890	260	1			260		other	0
10108001	305	Response	1	13937492	3861	1
10108001	306	Sound	106	13952397	260	1			260		other	0
10108001	307	Sound	101	13981407	260	1			260		other	0
10108001	308	Sound	104	14008584	260	1			260		other	0
10108001	309	Sound	105	14031758	260	1			260		other	0
10108001	310	Sound	110	14049931	260	1			260		other	0
10108001	310	Response	1	14054851	5179	1
10108001	311	Sound	112	14079775	260	1			260		other	0
10108001	311	Response	1	14083251	3735	1
10108001	312	Sound	102	14107618	260	1			260		other	0
10108001	313	Sound	103	14123290	260	1			260		other	0
10108001	314	Sound	102	14147632	260	1			260		other	0
10108001	315	Sound	107	14172808	260	1			260		other	0
10108001	315	Response	1	14176530	3982	1
10108001	316	Sound	106	14188813	260	1			260		other	0
10108001	317	Sound	105	14210323	261	1			260		other	0
10108001	318	Sound	109	14236663	260	1			260		other	0
10108001	318	Response	1	14240769	4366	1
10108001	319	Sound	109	14256337	260	1			260		other	0
10108001	319	Response	1	14260849	4772	1
10108001	320	Sound	101	14285014	260	1			260		other	0
10108001	321	Sound	102	14313023	260	1			260		other	0
10108001	322	Sound	108	14330863	260	1			260		other	0
10108001	322	Response	1	14336849	6245	1
10108001	323	Sound	111	14353371	260	1			260		other	0
10108001	323	Response	1	14358048	4937	1
10108001	324	Sound	106	14381547	260	1			260		other	0
10108001	324	Response	1	14386208	4920	1
10108001	325	Sound	108	14409391	260	1			260		other	0
10108001	325	Response	1	14413328	4197	1
10108001	326	Sound	105	14427063	260	1			260		other	0
10108001	326	Response	1	14431007	4204	1
10108001	327	Sound	104	14446237	260	1			260		other	0
10108001	328	Sound	101	14468745	260	1			260		other	0
10108001	329	Sound	112	14493421	260	1			260		other	0
10108001	329	Response	1	14497647	4487	1
10108001	330	Sound	103	14521930	260	1			260		other	0
10108001	331	Sound	103	14543771	260	1			260		other	0
10108001	332	Sound	109	14563620	269	1			260		other	0
10108001	332	Response	1	14568447	5095	1
10108001	333	Sound	112	14581451	260	1			260		other	0
10108001	333	Response	1	14585486	4295	1
10108001	334	Sound	109	14611461	260	1			260		other	0
10108001	334	Response	1	14616286	5085	1
10108001	335	Sound	108	14626967	260	1			260		other	0
10108001	335	Response	1	14632446	5739	1
10108001	336	Sound	104	14644139	260	1			260		other	0
10108001	337	Sound	102	14663480	260	1			260		other	0
10108001	338	Sound	110	14679819	260	1			260		other	0
10108001	338	Response	1	14684446	4887	1
10108001	339	Sound	104	14703327	260	1			260		other	0
10108001	340	Sound	112	14728169	260	1			260		other	0
10108001	340	Response	1	14731405	3496	1
10108001	341	Sound	107	14757179	260	1			260		other	0
10108001	341	Response	1	14762365	5445	1
10108001	342	Sound	110	14779020	260	1			260		other	0
10108001	342	Response	1	14783405	4644	1
10108001	343	Sound	107	14795026	260	1			260		other	0
10108001	343	Response	1	14801964	7198	1
10108001	344	Response	255	14843004	20649	1
10108001	345	Sound	17	14923571	260	1			260		other	0
10108001	346	Sound	20	14943077	260	1			260		other	0
10108001	346	Response	1	14947643	4825	1
10108001	347	Sound	13	14960250	260	1			260		other	0
10108001	348	Sound	22	14977590	260	1			260		other	0
10108001	348	Response	1	14981723	4393	1
10108001	349	Sound	16	14996763	260	1			260		other	0
10108001	349	Response	1	15002043	5540	1
10108001	350	Sound	13	15019938	260	1			260		other	0
10108001	351	Sound	22	15049115	260	1			260		other	0
10108001	351	Response	1	15052522	3668	1
10108001	352	Sound	22	15078625	260	1			260		other	0
10108001	352	Response	1	15081962	3597	1
10108001	353	Sound	21	15105968	260	1			260		other	0
10108001	353	Response	1	15109082	3374	1
10108001	354	Sound	17	15131316	266	1			260		other	0
10108001	354	Response	1	15134682	3631	1
10108001	355	Sound	15	15150483	260	1			260		other	0
10108001	356	Sound	19	15167489	260	1			260		other	0
10108001	356	Response	1	15172041	4812	1
10108001	357	Sound	19	15188663	260	1			260		other	0
10108001	357	Response	1	15192121	3717	1
10108001	358	Sound	22	15216340	260	1			260		other	0
10108001	358	Response	1	15219401	3321	1
10108001	359	Sound	16	15246517	260	1			260		other	0
10108001	359	Response	1	15249800	3543	1
10108001	360	Sound	20	15264190	260	1			260		other	0
10108001	360	Response	1	15268361	4430	1
10108001	361	Sound	15	15287698	260	1			260		other	0
10108001	361	Response	1	15293000	5562	1
10108001	362	Sound	14	15315875	260	1			260		other	0
10108001	363	Sound	18	15339050	260	1			260		other	0
10108001	363	Response	1	15343720	4930	1
10108001	364	Sound	11	15367059	260	1			260		other	0
10108001	365	Sound	15	15394236	260	1			260		other	0
10108001	366	Sound	21	15409414	266	1			260		other	0
10108001	366	Response	1	15414039	4891	1
10108001	367	Sound	12	15438084	260	1			260		other	0
10108001	368	Sound	20	15459425	260	1			260		other	0
10108001	368	Response	1	15464759	5593	1
10108001	369	Sound	13	15481600	260	1			260		other	0
10108001	370	Sound	14	15508442	260	1			260		other	0
10108001	370	Response	1	15514278	6096	1
10108001	371	Sound	15	15538453	260	1			260		other	0
10108001	371	Response	1	15560838	22645	1
10108001	372	Sound	17	15562794	260	1			260		other	0
10108001	373	Sound	14	15581468	260	1			260		other	0
10108001	374	Sound	11	15598640	260	1			260		other	0
10108001	375	Sound	20	15628818	260	1			260		other	0
10108001	375	Response	1	15634037	5479	1
10108001	376	Sound	16	15654660	260	1			260		other	0
10108001	377	Sound	14	15677668	260	1			260		other	0
10108001	378	Sound	19	15702012	262	1			260		other	0
10108001	378	Response	1	15707877	6126	1
10108001	379	Sound	18	15726685	260	1			260		other	0
10108001	379	Response	1	15732756	6331	1
10108001	380	Sound	13	15754362	260	1			260		other	0
10108001	381	Sound	21	15772701	260	1			260		other	0
10108001	381	Response	1	15777796	5354	1
10108001	382	Sound	16	15789541	260	1			260		other	0
10108001	383	Sound	19	15809214	260	1			260		other	0
10108001	383	Response	1	15818596	9641	1
10108001	384	Sound	12	15830889	260	1			260		other	0
10108001	385	Sound	18	15858732	260	1			260		other	0
10108001	385	Response	1	15864275	5803	1
10108001	386	Sound	21	15881073	260	1			260		other	0
10108001	386	Response	1	15885235	4422	1
10108001	387	Sound	17	15910583	260	1			260		other	0
10108001	387	Response	1	15916035	5711	1
10108001	388	Sound	11	15937926	260	1			260		other	0
10108001	389	Sound	12	15963435	260	1			260		other	0
10108001	390	Sound	11	15992445	260	1			260		other	0
10108001	391	Sound	12	16019455	260	1			260		other	0
10108001	392	Sound	18	16034960	260	1			260		other	0
10108001	393	Response	255	16087553	33766	1
10108001	394	Sound	14	16161171	260	1			260		other	0
10108001	395	Sound	16	16191348	260	1			260		other	0
10108001	396	Sound	20	16214690	260	1			260		other	0
10108001	396	Response	1	16219472	5042	1
10108001	397	Sound	18	16235530	260	1			260		other	0
10108001	397	Response	1	16239392	4122	1
10108001	398	Sound	15	16263373	260	1			260		other	0
10108001	399	Sound	16	16283214	260	1			260		other	0
10108001	399	Response	1	16286992	4038	1
10108001	400	Sound	12	16306722	260	1			260		other	0
10108001	401	Sound	22	16333731	260	1			260		other	0
10108001	401	Response	1	16337631	4160	1
10108001	402	Sound	18	16360741	260	1			260		other	0
10108001	402	Response	1	16365391	4910	1
10108001	403	Sound	20	16383749	260	1			260		other	0
10108001	403	Response	1	16387231	3742	1
10108001	404	Sound	12	16413259	260	1			260		other	0
10108001	405	Sound	14	16440436	260	1			260		other	0
10108001	406	Sound	19	16455941	260	1			260		other	0
10108001	406	Response	1	16458670	2989	1
10108001	407	Sound	16	16480116	260	1			260		other	0
10108001	408	Sound	21	16496288	260	1			260		other	0
10108001	408	Response	1	16499790	3761	1
10108001	409	Sound	17	16518963	260	1			260		other	0
10108001	409	Response	1	16522510	3806	1
10108001	410	Sound	14	16548473	260	1			260		other	0
10108001	411	Sound	12	16569814	260	1			260		other	0
10108001	412	Sound	13	16598824	260	1			260		other	0
10108001	413	Sound	21	16622666	260	1			260		other	0
10108001	413	Response	1	16626029	3622	1
10108001	414	Sound	22	16640339	260	1			260		other	0
10108001	414	Response	1	16643308	3229	1
10108001	415	Sound	11	16659345	260	1			260		other	0
10108001	416	Sound	20	16689189	260	1			260		other	0
10108001	416	Response	1	16692187	3258	2
10108001	417	Sound	13	16705195	260	1			260		other	0
10108001	418	Sound	11	16724705	263	1			260		other	0
10108001	419	Sound	21	16740207	260	1			260		other	0
10108001	419	Response	1	16743307	3360	1
10108001	420	Sound	22	16755879	260	1			260		other	0
10108001	420	Response	1	16759467	3848	1
10108001	421	Sound	19	16772052	260	1			260		other	0
10108001	421	Response	1	16776347	4555	1
10108001	422	Sound	19	16794059	260	1			260		other	0
10108001	422	Response	1	16797707	3908	1
10108001	423	Sound	14	16815233	260	1			260		other	0
10108001	424	Sound	22	16841743	260	1			260		other	0
10108001	424	Response	1	16845307	3824	1
10108001	425	Sound	19	16866251	260	1			260		other	0
10108001	425	Response	1	16870027	4035	1
10108001	426	Sound	12	16882590	260	1			260		other	0
10108001	427	Sound	15	16907099	260	1			260		other	0
10108001	428	Sound	17	16930607	260	1			260		other	0
10108001	428	Response	1	16936186	5838	1
10108001	429	Sound	11	16947446	260	1			260		other	0
10108001	430	Sound	18	16966804	277	1			260		other	0
10108001	430	Response	1	16970986	4459	1
10108001	431	Sound	16	16987627	260	1			260		other	0
10108001	431	Response	1	16992986	5618	1
10108001	432	Sound	13	17007634	260	1			260		other	0
10108001	433	Sound	18	17032310	260	1			260		other	0
10108001	433	Response	1	17038425	6375	1
10108001	434	Sound	17	17058485	260	1			260		other	0
10108001	434	Response	1	17065305	7079	1
10108001	435	Sound	15	17074157	260	1			260		other	0
10108001	435	Response	1	17095065	21167	1
10108001	436	Sound	13	17096832	260	1			260		other	0
10108001	437	Sound	15	17121507	260	1			260		other	0
10108001	438	Sound	11	17141347	260	1			260		other	0
10108001	439	Sound	21	17171191	260	1			260		other	0
10108001	439	Response	1	17175864	4932	1
10108001	440	Sound	17	17189865	260	1			260		other	0
10108001	440	Response	1	17193304	3699	1
10108001	441	Sound	20	17219375	260	1			260		other	0
10108001	441	Response	1	17223063	3948	1
10108001	442	Response	255	18326414	1079542	1
10108001	443	Sound	110	18404457	260	1			260		other	0
10108001	444	Sound	103	18420129	260	1			260		other	0
10108001	445	Sound	107	18445471	260	1			260		other	0
10108001	445	Response	1	18450733	5521	1
10108001	446	Sound	106	18470647	260	1			260		other	0
10108001	446	Response	1	18475452	5066	1
10108001	447	Sound	103	18492154	260	1			260		other	0
10108001	448	Sound	112	18511494	260	1			260		other	0
10108001	448	Response	1	18516093	4859	1
10108001	449	Sound	101	18533669	260	1			260		other	0
10108001	450	Sound	104	18550693	278	1			260		other	0
10108001	451	Sound	104	18580018	260	1			260		other	0
10108001	452	Sound	111	18609195	260	1			260		other	0
10108001	452	Response	1	18615051	6116	1
10108001	453	Sound	110	18633037	260	1			260		other	0
10108001	453	Response	1	18637771	4994	1
10108001	454	Sound	111	18655892	274	1			260		other	0
10108001	454	Response	1	18662171	6553	1
10108001	455	Sound	108	18681721	260	1			260		other	0
10108001	455	Response	1	18687291	5830	1
10108001	456	Sound	105	18710897	260	1			260		other	0
10108001	456	Response	1	18715530	4893	1
10108001	457	Sound	107	18728570	260	1			260		other	0
10108001	458	Sound	111	18753579	260	1			260		other	0
10108001	458	Response	1	18759450	6131	1
10108001	459	Sound	103	18770251	260	1			260		other	0
10108001	460	Sound	106	18798261	260	1			260		other	0
10108001	461	Sound	102	18814267	260	1			260		other	0
10108001	462	Sound	110	18832440	260	1			260		other	0
10108001	462	Response	1	18836969	4789	1
10108001	463	Sound	112	18856115	260	1			260		other	0
10108001	463	Response	1	18859929	4074	1
10108001	464	Sound	101	18874954	260	1			260		other	0
10108001	465	Sound	111	18893795	260	1			260		other	0
10108001	465	Response	1	18897689	4154	1
10108001	466	Sound	102	18910134	260	1			260		other	0
10108001	467	Sound	112	18933642	260	1			260		other	0
10108001	467	Response	1	18938089	4706	1
10108001	468	Sound	103	18958651	260	1			260		other	0
10108001	469	Sound	102	18979992	260	1			260		other	0
10108001	470	Sound	106	19009002	260	1			260		other	0
10108001	470	Response	1	19014328	5586	1
10108001	471	Sound	109	19034011	260	1			260		other	0
10108001	471	Response	1	19038568	4817	1
10108001	472	Sound	101	19052850	260	1			260		other	0
10108001	473	Sound	102	19071190	260	1			260		other	0
10108001	474	Sound	105	19096366	260	1			260		other	0
10108001	474	Response	1	19100647	4541	1
10108001	475	Sound	109	19111871	260	1			260		other	0
10108001	475	Response	1	19116567	4955	1
10108001	476	Sound	112	19138047	260	1			260		other	0
10108001	476	Response	1	19141526	3739	1
10108001	477	Sound	107	19158221	260	1			260		other	0
10108001	478	Sound	108	19184563	260	1			260		other	0
10108001	478	Response	1	19188246	3943	1
10108001	479	Sound	104	19203737	260	1			260		other	0
10108001	480	Sound	110	19225244	260	1			260		other	0
10108001	480	Response	1	19228886	3901	1
10108001	481	Sound	101	19241750	260	1			260		other	0
10108001	482	Sound	105	19263924	260	1			260		other	0
10108001	483	Sound	106	19293768	260	1			260		other	0
10108001	483	Response	1	19297925	4417	1
10108001	484	Sound	108	19316776	260	1			260		other	0
10108001	484	Response	1	19320805	4289	1
10108001	485	Sound	104	19338617	260	1			260		other	0
10108001	486	Sound	109	19366127	260	1			260		other	0
10108001	486	Response	1	19370405	4538	1
10108001	487	Sound	107	19385300	260	1			260		other	0
10108001	487	Response	1	19389685	4644	1
10108001	488	Sound	108	19411143	260	1			260		other	0
10108001	488	Response	1	19415684	4801	1
10108001	489	Sound	109	19429987	264	1			260		other	0
10108001	489	Response	1	19434644	4921	1
10108001	490	Sound	105	19459159	260	1			260		other	0
10108001	491	Response	255	19508244	26756	1
10108001	492	Sound	21	19576867	260	1			260		other	0
10108001	492	Response	1	19582323	5715	1
10108001	493	Sound	15	19601543	260	1			260		other	0
10108001	494	Sound	12	19619549	260	1			260		other	0
10108001	495	Sound	13	19644391	260	1			260		other	0
10108001	496	Sound	18	19668233	260	1			260		other	0
10108001	496	Response	1	19678002	10029	1
10108001	497	Sound	14	19697576	260	1			260		other	0
10108001	498	Sound	12	19721251	260	1			260		other	0
10108001	499	Sound	15	19741758	260	1			260		other	0
10108001	499	Response	1	19747042	5543	1
10108001	500	Sound	15	19768601	260	1			260		other	0
10108001	501	Sound	21	19791285	268	1			260		other	0
10108001	501	Response	1	19795121	4105	1
10108001	502	Sound	22	19807115	260	1			260		other	0
10108001	502	Response	1	19810641	3786	1
10108001	503	Sound	16	19836292	260	1			260		other	0
10108001	503	Response	1	19840961	4929	1
10108001	504	Sound	17	19865969	260	1			260		other	0
10108001	504	Response	1	19872001	6292	1
10108001	505	Sound	13	19894812	260	1			260		other	0
10108001	506	Sound	19	19913985	260	1			260		other	0
10108001	506	Response	1	19918080	4354	1
10108001	507	Sound	17	19931492	260	1			260		other	0
10108001	507	Response	1	19935600	4368	1
10108001	508	Sound	20	19956834	260	1			260		other	0
10108001	508	Response	1	19960479	3905	1
10108001	509	Sound	16	19981683	267	1			260		other	0
10108001	509	Response	1	19986720	5303	1
10108001	510	Sound	13	20007352	260	1			260		other	0
10108001	511	Sound	22	20028192	260	1			260		other	0
10108001	511	Response	1	20031919	3986	1
10108001	512	Sound	13	20047866	260	1			260		other	0
10108001	513	Sound	12	20067373	260	1			260		other	0
10108001	513	Response	1	20068639	1526	1
10108001	514	Sound	11	20087546	260	1			260		other	0
10108001	515	Sound	11	20107720	260	1			260		other	0
10108001	516	Sound	15	20128561	260	1			260		other	0
10108001	517	Sound	22	20155904	260	1			260		other	0
10108001	517	Response	1	20159518	3874	1
10108001	518	Sound	12	20180745	260	1			260		other	0
10108001	519	Sound	22	20204254	260	1			260		other	0
10108001	519	Response	1	20208398	4403	1
10108001	520	Sound	11	20224261	260	1			260		other	0
10108001	521	Sound	17	20243934	260	1			260		other	0
10108001	521	Response	1	20250157	6482	1
10108001	522	Sound	20	20260774	260	1			260		other	0
10108001	522	Response	1	20264957	4443	1
10108001	523	Sound	21	20286283	260	1			260		other	0
10108001	523	Response	1	20290957	4934	1
10108001	524	Sound	18	20315460	260	1			260		other	0
10108001	524	Response	1	20320236	5036	1
10108001	525	Sound	16	20341135	260	1			260		other	0
10108001	525	Response	1	20346476	5601	1
10108001	526	Sound	14	20370481	262	1			260		other	0
10108001	527	Sound	20	20395321	260	1			260		other	0
10108001	527	Response	1	20400396	5335	1
10108001	528	Sound	20	20411326	260	1			260		other	0
10108001	528	Response	1	20416156	5089	1
10108001	529	Sound	17	20426665	260	1			260		other	0
10108001	529	Response	1	20432556	6150	1
10108001	530	Sound	19	20444838	260	1			260		other	0
10108001	530	Response	1	20449115	4537	1
10108001	531	Sound	18	20468680	260	1			260		other	0
10108001	531	Response	1	20475995	7575	1
10108001	532	Sound	21	20484519	260	1			260		other	0
10108001	532	Response	1	20489115	4855	1
10108001	533	Sound	14	20504526	260	1			260		other	0
10108001	534	Sound	19	20532369	260	1			260		other	0
10108001	534	Response	1	20536555	4445	1
10108001	535	Sound	14	20552709	260	1			260		other	0
10108001	536	Sound	16	20579552	260	1			260		other	0
10108001	537	Sound	19	20600059	260	1			260		other	0
10108001	537	Response	1	20605114	5315	1
10108001	538	Sound	18	20615398	260	1			260		other	0
10108001	538	Response	1	20619354	4216	1
10108001	539	Sound	11	20631570	260	1			260		other	0
10108001	540	Response	255	20860312	210081	1
10108001	541	Sound	102	20946014	260	1			260		other	0
10108001	542	Sound	110	20972023	260	1			260		other	0
10108001	542	Response	1	20976231	4467	1
10108001	543	Sound	111	21001366	260	1			260		other	0
10108001	543	Response	1	21005350	4244	1
10108001	544	Sound	112	21017706	260	1			260		other	0
10108001	544	Response	1	21020630	3185	1
10108001	545	Sound	104	21035212	260	1			260		other	0
10108001	546	Sound	104	21062221	260	1			260		other	0
10108001	546	Response	1	21068470	6509	1
10108001	547	Sound	108	21092076	271	1			260		other	0
10108001	547	Response	1	21095510	3704	1
10108001	548	Sound	107	21120241	260	1			260		other	0
10108001	548	Response	1	21123269	3288	1
10108001	549	Sound	106	21136580	260	1			260		other	0
10108001	549	Response	1	21140069	3749	1
10108001	550	Sound	102	21155921	260	1			260		other	0
10108001	551	Sound	111	21181775	272	1			260		other	0
10108001	551	Response	1	21185509	4006	1
10108001	552	Sound	111	21200436	260	1			260		other	0
10108001	552	Response	1	21204309	4132	1
10108001	553	Sound	111	21225945	260	1			260		other	0
10108001	553	Response	1	21229268	3583	1
10108001	554	Sound	103	21242284	260	1			260		other	0
10108001	555	Sound	112	21266126	260	1			260		other	0
10108001	555	Response	1	21269188	3322	1
10108001	556	Sound	109	21295136	260	1			260		other	0
10108001	556	Response	1	21298468	3592	3
10108001	557	Sound	103	21312475	260	1			260		other	0
10108001	558	Sound	106	21331982	260	1			260		other	0
10108001	558	Response	1	21335588	3865	1
10108001	559	Sound	103	21350655	260	1			260		other	0
10108001	560	Sound	104	21376665	260	1			260		other	0
10108001	561	Sound	101	21402674	260	1			260		other	0
10108001	562	Sound	105	21420347	260	1			260		other	0
10108001	562	Response	1	21424947	4860	1
10108001	563	Sound	107	21446522	260	1			260		other	0
10108001	563	Response	1	21450307	4044	1
10108001	564	Sound	102	21462195	260	1			260		other	0
10108001	565	Sound	112	21489538	260	1			260		other	0
10108001	565	Response	1	21492946	3668	1
10108001	566	Sound	105	21519048	260	1			260		other	0
10108001	567	Sound	108	21543223	260	1			260		other	0
10108001	568	Sound	109	21566731	260	1			260		other	0
10108001	568	Response	1	21570706	4234	1
10108001	569	Sound	103	21592073	260	1			260		other	0
10108001	570	Sound	110	21621084	260	1			260		other	0
10108001	570	Response	1	21625105	4281	2
10108001	571	Sound	112	21649260	260	1			260		other	0
10108001	571	Response	1	21653025	4024	1
10108001	572	Sound	107	21673435	260	1			260		other	0
10108001	572	Response	1	21679665	6489	1
10108001	573	Sound	110	21699278	260	1			260		other	0
10108001	573	Response	1	21703504	4486	1
10108001	574	Sound	109	21718451	260	1			260		other	0
10108001	574	Response	1	21722944	4753	1
10108001	575	Sound	102	21747128	260	1			260		other	0
10108001	576	Sound	108	21775638	260	1			260		other	0
10108001	576	Response	1	21781024	5646	1
10108001	577	Sound	107	21796312	260	1			260		other	0
10108001	577	Response	1	21802703	6651	1
10108001	578	Sound	101	21820320	260	1			260		other	0
10108001	579	Sound	106	21847996	260	1			260		other	0
10108001	580	Sound	105	21867503	260	1			260		other	0
10108001	581	Sound	104	21897681	260	1			260		other	0
10108001	582	Sound	110	21923856	260	1			260		other	0
10108001	582	Response	1	21927822	4226	1
10108001	583	Sound	109	21941196	260	1			260		other	0
10108001	583	Response	1	21948382	7446	1
10108001	584	Sound	108	21963370	260	1			260		other	0
10108001	584	Response	1	21967582	4471	1
10108001	585	Sound	106	21993381	260	1			260		other	0
10108001	585	Response	1	22000782	7661	1
10108001	586	Sound	105	22018723	260	1			260		other	0
10108001	587	Sound	101	22049069	262	1			260		other	0
10108001	588	Sound	101	22072742	260	1			260		other	0
10108001	589	Response	255	22669496	581262	1
10108001	590	Sound	109	22739809	260	1			260		other	0
10108001	590	Response	1	22743974	4425	2
10108001	591	Sound	109	22765664	273	1			260		other	0
10108001	591	Response	1	22769095	3704	1
10108001	592	Sound	102	22785992	260	1			260		other	0
10108001	593	Sound	104	22802664	260	1			260		other	0
10108001	594	Sound	103	22828340	260	1			260		other	0
10108001	595	Sound	104	22854182	260	1			260		other	0
10108001	596	Sound	102	22870521	260	1			260		other	0
10108001	597	Sound	103	22894364	260	1			260		other	0
10108001	598	Sound	101	22917871	260	1			260		other	0
10108001	599	Sound	112	22942213	260	1			260		other	0
10108001	599	Response	1	22945653	3700	1
10108001	600	Sound	112	22972724	260	1			260		other	0
10108001	600	Response	1	22976453	3989	1
10108001	601	Sound	106	22990730	260	1			260		other	0
10108001	602	Sound	105	23018573	260	1			260		other	0
10108001	603	Sound	110	23042915	260	1			260		other	0
10108001	603	Response	1	23047653	4997	1
10108001	604	Sound	105	23061421	260	1			260		other	0
10108001	604	Response	1	23068133	6971	1
10108001	605	Sound	106	23080762	260	1			260		other	0
10108001	606	Sound	110	23096434	260	1			260		other	0
10108001	607	Sound	109	23122109	260	1			260		other	0
10108001	607	Response	1	23127332	5482	1
10108001	608	Sound	105	23150620	260	1			260		other	0
10108001	609	Sound	107	23175962	260	1			260		other	0
10108001	609	Response	1	23181732	6030	1
10108001	610	Sound	103	23192801	260	1			260		other	0
10108001	611	Sound	108	23215642	260	1			260		other	0
10108001	611	Response	1	23221331	5949	1
10108001	612	Sound	111	23242985	260	1			260		other	0
10108001	612	Response	1	23248851	6125	1
10108001	613	Sound	107	23263326	260	1			260		other	0
10108001	614	Sound	108	23283333	260	1			260		other	0
10108001	614	Response	1	23289011	5938	1
10108001	615	Sound	108	23303340	260	1			260		other	0
10108001	615	Response	1	23310450	7370	1
10108001	616	Sound	101	23326861	273	1			260		other	0
10108001	617	Sound	110	23349523	260	1			260		other	0
10108001	617	Response	1	23353890	4627	1
10108001	618	Sound	107	23373531	260	1			260		other	0
10108001	618	Response	1	23378610	5338	1
10108001	619	Sound	107	23395705	260	1			260		other	0
10108001	619	Response	1	23399569	4124	1
10108001	620	Sound	106	23423060	272	1			260		other	0
10108001	621	Sound	109	23442222	260	1			260		other	0
10108001	621	Response	1	23445649	3687	1
10108001	622	Sound	104	23472065	260	1			260		other	0
10108001	623	Sound	101	23492073	260	1			260		other	0
10108001	624	Sound	110	23513260	273	1			260		other	0
10108001	624	Response	1	23517089	4102	1
10108001	625	Sound	111	23535759	265	1			260		other	0
10108001	625	Response	1	23540048	4554	1
10108001	626	Sound	112	23556929	260	1			260		other	0
10108001	626	Response	1	23560368	3699	1
10108001	627	Sound	111	23582437	260	1			260		other	0
10108001	627	Response	1	23588528	6350	1
10108001	628	Sound	106	23610959	271	1			260		other	0
10108001	629	Sound	103	23641291	260	1			260		other	0
10108001	630	Sound	102	23660298	260	1			260		other	0
10108001	631	Sound	108	23681305	260	1			260		other	0
10108001	632	Sound	101	23711816	260	1			260		other	0
10108001	633	Sound	111	23727658	263	1			260		other	0
10108001	633	Response	1	23732287	4891	1
10108001	634	Sound	104	23752164	260	1			260		other	0
10108001	635	Sound	102	23775672	260	1			260		other	0
10108001	636	Sound	112	23798180	260	1			260		other	0
10108001	636	Response	1	23801726	3806	1
10108001	637	Sound	105	23816019	260	1			260		other	0
10108001	638	Response	255	23856766	20919	1
10108001	639	Sound	22	23930393	260	1			260		other	0
10108001	639	Response	1	23933645	3512	1
10108001	640	Sound	15	23958903	260	1			260		other	0
10108001	641	Sound	12	23988413	260	1			260		other	0
10108001	642	Sound	14	24013256	261	1			260		other	0
10108001	643	Sound	16	24030595	260	1			260		other	0
10108001	643	Response	1	24035724	5389	1
10108001	644	Sound	17	24054436	260	1			260		other	0
10108001	645	Sound	11	24071275	260	1			260		other	0
10108001	645	Response	1	24094924	23908	1
10108001	646	Sound	21	24100286	260	1			260		other	0
10108001	646	Response	1	24106043	6017	1
10108001	647	Sound	17	24124627	260	1			260		other	0
10108001	647	Response	1	24130043	5675	1
10108001	648	Sound	16	24146302	260	1			260		other	0
10108001	648	Response	1	24151243	5201	1
10108001	649	Sound	17	24162807	260	1			260		other	0
10108001	649	Response	1	24167403	4855	1
10108001	650	Sound	15	24180480	260	1			260		other	0
10108001	651	Sound	16	24202155	260	1			260		other	0
10108001	651	Response	1	24206282	4388	1
10108001	652	Sound	22	24230665	260	1			260		other	0
10108001	652	Response	1	24233802	3397	1
10108001	653	Sound	17	24251172	260	1			260		other	0
10108001	653	Response	1	24255002	4090	1
10108001	654	Sound	20	24266677	260	1			260		other	0
10108001	654	Response	1	24270122	3705	1
10108001	655	Sound	18	24286518	260	1			260		other	0
10108001	655	Response	1	24290442	4184	1
10108001	656	Sound	15	24310525	260	1			260		other	0
10108001	656	Response	1	24315082	4816	1
10108001	657	Sound	11	24331867	260	1			260		other	0
10108001	658	Sound	12	24352707	260	1			260		other	0
10108001	659	Sound	12	24380384	260	1			260		other	0
10108001	660	Sound	14	24406726	260	1			260		other	0
10108001	660	Response	1	24411881	5414	1
10108001	661	Sound	13	24422565	260	1			260		other	0
10108001	662	Sound	12	24441572	260	1			260		other	0
10108001	663	Sound	19	24458744	260	1			260		other	0
10108001	663	Response	1	24463160	4676	1
10108001	664	Sound	22	24477253	262	1			260		other	0
10108001	664	Response	1	24480680	3689	1
10108001	665	Sound	13	24497091	260	1			260		other	0
10108001	665	Response	1	24503160	6328	1
10108001	666	Sound	11	24516431	260	1			260		other	0
10108001	667	Sound	11	24543107	260	1			260		other	0
10108001	668	Sound	20	24572452	261	1			260		other	0
10108001	668	Response	1	24577239	5048	1
10108001	669	Sound	18	24596126	260	1			260		other	0
10108001	669	Response	1	24600599	4733	1
10108001	670	Sound	18	24618634	260	1			260		other	0
10108001	670	Response	1	24627479	9105	1
10108001	671	Sound	20	24645152	268	1			260		other	0
10108001	671	Response	1	24648919	4035	1
10108001	672	Sound	14	24668652	260	1			260		other	0
10108001	672	Response	1	24672039	3647	1
10108001	673	Sound	21	24695994	260	1			260		other	0
10108001	673	Response	1	24700038	4303	2
10108001	674	Sound	14	24721170	260	1			260		other	0
10108001	675	Sound	21	24746179	260	1			260		other	0
10108001	675	Response	1	24749558	3639	1
10108001	676	Sound	20	24773021	260	1			260		other	0
10108001	676	Response	1	24776437	3676	1
10108001	677	Sound	18	24800197	260	1			260		other	0
10108001	677	Response	1	24803557	3620	1
10108001	678	Sound	19	24823206	260	1			260		other	0
10108001	678	Response	1	24826277	3331	1
10108001	679	Sound	21	24846050	263	1			260		other	0
10108001	679	Response	1	24848997	3210	1
10108001	680	Sound	16	24873056	260	1			260		other	0
10108001	680	Response	1	24877397	4600	1
10108001	681	Sound	19	24890396	260	1			260		other	0
10108001	681	Response	1	24895477	5341	1
10108001	682	Sound	13	24911750	273	1			260		other	0
10108001	683	Sound	15	24932410	260	1			260		other	0
10108001	683	Response	1	24938996	6845	1
10108001	684	Sound	19	24951250	260	1			260		other	0
10108001	684	Response	1	24955157	4166	1
10108001	685	Sound	13	24975926	260	1			260		other	0
10108001	685	Response	1	24984676	9010	1
10108001	686	Sound	22	25002768	260	1			260		other	0
10108001	686	Response	1	25006036	3527	1
10108001	687	Response	255	26970579	1948650	1
10108001	688	Sound	101	27051486	260	1			260		other	0
10108001	689	Sound	112	27068835	270	1			260		other	0
10108001	689	Response	1	27072418	3852	1
10108001	690	Sound	105	27095001	260	1			260		other	0
10108001	691	Sound	109	27118676	260	1			260		other	0
10108001	691	Response	1	27124177	5761	1
10108001	692	Sound	101	27139684	260	1			260		other	0
10108001	693	Sound	102	27160358	260	1			260		other	0
10108001	694	Sound	103	27189701	260	1			260		other	0
10108001	695	Sound	110	27216377	260	1			260		other	0
10108001	695	Response	1	27223376	7259	1
10108001	696	Sound	107	27241886	260	1			260		other	0
10108001	696	Response	1	27248016	6390	1
10108001	697	Sound	103	27268062	260	1			260		other	0
10108001	698	Sound	111	27290903	260	1			260		other	0
10108001	698	Response	1	27296736	6092	1
10108001	699	Sound	109	27320580	260	1			260		other	0
10108001	699	Response	1	27325615	5295	1
10108001	700	Sound	102	27347934	270	1			260		other	0
10108001	701	Sound	104	27374433	260	1			260		other	0
10108001	702	Sound	103	27403109	260	1			260		other	0
10108001	703	Sound	106	27433120	260	1			260		other	0
10108001	704	Sound	108	27462297	260	1			260		other	0
10108001	704	Response	1	27466254	4217	1
10108001	705	Sound	111	27487973	260	1			260		other	0
10108001	705	Response	1	27492654	4941	1
10108001	706	Sound	105	27506312	260	1			260		other	0
10108001	706	Response	1	27511934	5881	1
10108001	707	Sound	105	27528653	260	1			260		other	0
10108001	707	Response	1	27533294	4900	1
10108001	708	Sound	106	27545993	260	1			260		other	0
10108001	708	Response	1	27552333	6600	1
10108001	709	Sound	109	27573836	260	1			260		other	0
10108001	709	Response	1	27577853	4277	1
10108001	710	Sound	101	27603846	260	1			260		other	0
10108001	711	Sound	104	27620852	260	1			260		other	0
10108001	711	Response	1	27627933	7340	1
10108001	712	Sound	107	27646361	260	1			260		other	0
10108001	712	Response	1	27651932	5831	1
10108001	713	Sound	107	27670203	260	1			260		other	0
10108001	713	Response	1	27676412	6469	1
10108001	714	Sound	104	27686709	260	1			260		other	0
10108001	715	Sound	105	27717053	260	1			260		other	0
10108001	716	Sound	108	27739894	260	1			260		other	0
10108001	716	Response	1	27745692	6057	1
10108001	717	Sound	101	27767404	260	1			260		other	0
10108001	718	Sound	102	27790078	260	1			260		other	0
10108001	719	Sound	108	27805750	260	1			260		other	0
10108001	719	Response	1	27811211	5720	1
10108001	720	Sound	111	27835928	260	1			260		other	0
10108001	720	Response	1	27840491	4823	1
10108001	721	Sound	106	27862604	260	1			260		other	0
10108001	721	Response	1	27869770	7426	2
10108001	722	Sound	106	27890780	260	1			260		other	0
10108001	723	Sound	110	27912130	268	1			260		other	0
10108001	723	Response	1	27916090	4229	1
10108001	724	Sound	112	27937963	260	1			260		other	0
10108001	724	Response	1	27942250	4546	1
10108001	725	Sound	107	27953969	260	1			260		other	0
10108001	726	Sound	109	27976977	260	1			260		other	0
10108001	726	Response	1	27982010	5293	1
10108001	727	Sound	102	27993329	273	1			260		other	0
10108001	728	Sound	111	28021829	263	1			260		other	0
10108001	728	Response	1	28028329	6763	1
10108001	729	Sound	104	28049002	260	1			260		other	0
10108001	730	Sound	110	28070510	260	1			260		other	0
10108001	730	Response	1	28076649	6399	1
10108001	731	Sound	112	28095685	260	1			260		other	0
10108001	731	Response	1	28099769	4343	1
10108001	732	Sound	108	28115859	260	1			260		other	0
10108001	732	Response	1	28124008	8409	1
10108001	733	Sound	112	28142535	260	1			260		other	0
10108001	733	Response	1	28146728	4453	1
10108001	734	Sound	110	28167877	260	1			260		other	0
10108001	734	Response	1	28172728	5110	1
10108001	735	Sound	103	28183728	272	1			260		other	0
10108001	736	Response	255	28234088	22708	1
10108001	737	Sound	19	28304592	260	1			260		other	0
10108001	737	Response	1	28308647	4314	1
10108001	738	Sound	12	28324099	260	1			260		other	0
10108001	738	Response	1	28338086	14247	1
10108001	739	Sound	20	28347440	260	1			260		other	0
10108001	739	Response	1	28350567	3386	1
10108001	740	Sound	21	28369627	272	1			260		other	0
10108001	740	Response	1	28374166	4811	1
10108001	741	Sound	12	28393456	260	1			260		other	0
10108001	742	Sound	15	28410295	260	1			260		other	0
10108001	743	Sound	20	28438472	260	1			260		other	0
10108001	743	Response	1	28441846	3633	1
10108001	744	Sound	11	28467649	260	1			260		other	0
10108001	745	Sound	17	28489157	260	1			260		other	0
10108001	745	Response	1	28492325	3428	1
10108001	746	Sound	11	28510497	260	1			260		other	0
10108001	747	Sound	14	28526336	260	1			260		other	0
10108001	748	Sound	17	28551178	260	1			260		other	0
10108001	748	Response	1	28555685	4766	1
10108001	749	Sound	22	28577187	260	1			260		other	0
10108001	749	Response	1	28580164	3237	1
10108001	750	Sound	15	28604030	260	1			260		other	0
10108001	750	Response	1	28608324	4554	1
10108001	751	Sound	21	28627038	260	1			260		other	0
10108001	751	Response	1	28630644	3866	1
10108001	752	Sound	14	28642877	260	1			260		other	0
10108001	753	Sound	17	28662384	260	1			260		other	0
10108001	753	Response	1	28666004	3880	1
10108001	754	Sound	11	28687726	260	1			260		other	0
10108001	755	Sound	18	28703899	260	1			260		other	0
10108001	755	Response	1	28708403	4765	1
10108001	756	Sound	20	28728240	260	1			260		other	0
10108001	756	Response	1	28732163	4183	1
10108001	757	Sound	14	28746924	270	1			260		other	0
10108001	758	Sound	16	28771089	260	1			260		other	0
10108001	758	Response	1	28776323	5494	1
10108001	759	Sound	21	28801266	260	1			260		other	0
10108001	759	Response	1	28804962	3956	1
10108001	760	Sound	13	28826775	260	1			260		other	0
10108001	761	Sound	21	28850283	260	1			260		other	0
10108001	761	Response	1	28854082	4059	1
10108001	762	Sound	19	28869290	260	1			260		other	0
10108001	762	Response	1	28873282	4252	1
10108001	763	Sound	22	28889964	260	1			260		other	0
10108001	763	Response	1	28893202	3498	1
10108001	764	Sound	11	28910304	260	1			260		other	0
10108001	765	Sound	22	28935146	260	1			260		other	0
10108001	765	Response	1	28938641	3754	1
10108001	766	Sound	19	28958488	260	1			260		other	0
10108001	766	Response	1	28962881	4653	1
10108001	767	Sound	12	28981329	260	1			260		other	0
10108001	768	Sound	22	29009005	260	1			260		other	0
10108001	768	Response	1	29014001	5255	1
10108001	769	Sound	16	29037849	260	1			260		other	0
10108001	769	Response	1	29046080	8491	1
10108001	770	Sound	14	29068026	260	1			260		other	0
10108001	771	Sound	13	29096369	260	1			260		other	0
10108001	772	Sound	12	29124379	260	1			260		other	0
10108001	773	Sound	15	29149054	260	1			260		other	0
10108001	773	Response	1	29155519	6724	1
10108001	774	Sound	17	29177564	260	1			260		other	0
10108001	774	Response	1	29182640	5335	1
10108001	775	Sound	13	29202240	260	1			260		other	0
10108001	775	Response	1	29207359	5379	1
10108001	776	Sound	15	29219246	260	1			260		other	0
10108001	777	Sound	18	29235418	260	1			260		other	0
10108001	778	Sound	20	29257092	260	1			260		other	0
10108001	778	Response	1	29262159	5326	1
10108001	779	Sound	13	29281601	260	1			260		other	0
10108001	780	Sound	16	29297940	260	1			260		other	0
10108001	781	Sound	18	29313120	268	1			260		other	0
10108001	781	Response	1	29318318	5466	1
10108001	782	Sound	19	29337454	260	1			260		other	0
10108001	782	Response	1	29341438	4244	1
10108001	783	Sound	18	29365797	260	1			260		other	0
10108001	783	Response	1	29369598	4060	1
10108001	784	Sound	16	29392140	260	1			260		other	0
10108001	785	Response	255	29428797	17164	1
10108001	786	Sound	18	29498019	269	1			260		other	0
10108001	786	Response	1	29502876	5126	1
10108001	787	Sound	17	29525019	260	1			260		other	0
10108001	787	Response	1	29529116	4356	1
10108001	788	Sound	21	29547361	260	1			260		other	0
10108001	788	Response	1	29551196	4095	1
10108001	789	Sound	14	29564367	260	1			260		other	0
10108001	790	Sound	13	29586374	260	1			260		other	0
10108001	791	Sound	21	29615718	260	1			260		other	0
10108001	791	Response	1	29620875	5417	1
10108001	792	Sound	21	29636058	260	1			260		other	0
10108001	792	Response	1	29641355	5557	1
10108001	793	Sound	11	29664235	260	1			260		other	0
10108001	794	Sound	12	29680241	260	1			260		other	0
10108001	795	Sound	18	29709251	260	1			260		other	0
10108001	795	Response	1	29715675	6684	1
10108001	796	Sound	13	29734926	260	1			260		other	0
10108001	797	Sound	20	29758935	260	1			260		other	0
10108001	797	Response	1	29764794	6119	1
10108001	798	Sound	16	29779442	260	1			260		other	0
10108001	798	Response	1	29783834	4652	1
10108001	799	Sound	15	29795617	262	1			260		other	0
10108001	800	Sound	22	29821623	260	1			260		other	0
10108001	800	Response	1	29825354	3990	1
10108001	801	Sound	18	29836795	260	1			260		other	0
10108001	801	Response	1	29841914	5378	1
10108001	802	Sound	13	29853301	260	1			260		other	0
10108001	803	Sound	17	29872474	260	1			260		other	0
10108001	803	Response	1	29877753	5538	1
10108001	804	Sound	15	29896316	260	1			260		other	0
10108001	805	Sound	11	29912322	260	1			260		other	0
10108001	806	Sound	22	29930995	260	1			260		other	0
10108001	806	Response	1	29935193	4457	1
10108001	807	Sound	19	29960339	260	1			260		other	0
10108001	807	Response	1	29964712	4633	1
10108001	808	Sound	12	29978679	260	1			260		other	0
10108001	809	Sound	18	30006355	260	1			260		other	0
10108001	809	Response	1	30010792	4697	1
10108001	810	Sound	21	30036199	260	1			260		other	0
10108001	810	Response	1	30039432	3493	1
10108001	811	Sound	11	30054205	260	1			260		other	0
10108001	812	Sound	14	30077046	260	1			260		other	0
10108001	813	Sound	19	30107223	260	1			260		other	0
10108001	813	Response	1	30112151	5187	1
10108001	814	Sound	15	30127064	260	1			260		other	0
10108001	815	Sound	20	30150572	260	1			260		other	0
10108001	815	Response	1	30155191	4878	1
10108001	816	Sound	11	30180082	260	1			260		other	0
10108001	817	Sound	12	30207925	260	1			260		other	0
10108001	818	Sound	16	30232267	260	1			260		other	0
10108001	818	Response	1	30237510	5502	1
10108001	819	Sound	13	30259777	260	1			260		other	0
10108001	820	Sound	19	30282618	260	1			260		other	0
10108001	820	Response	1	30286710	4351	1
10108001	821	Sound	22	30304292	260	1			260		other	0
10108001	821	Response	1	30307429	3397	1
10108001	822	Sound	20	30320798	260	1			260		other	0
10108001	822	Response	1	30324469	3931	1
10108001	823	Sound	17	30341813	267	1			260		other	0
10108001	823	Response	1	30344789	3243	1
10108001	824	Sound	20	30358978	260	1			260		other	0
10108001	824	Response	1	30362469	3750	1
10108001	825	Sound	16	30387155	260	1			260		other	0
10108001	826	Sound	14	30412330	260	1			260		other	0
10108001	827	Sound	16	30439840	260	1			260		other	0
10108001	828	Sound	22	30468850	260	1			260		other	0
10108001	828	Response	1	30472388	3797	1
10108001	829	Sound	14	30488024	260	1			260		other	0
10108001	830	Sound	17	30514199	260	1			260		other	0
10108001	831	Sound	19	30535040	260	1			260		other	0
10108001	831	Response	1	30538387	3607	1
10108001	832	Sound	12	30558048	260	1			260		other	0
10108001	833	Sound	15	30583724	260	1			260		other	0
10108001	834	Response	255	30637507	26953	1
10108001	835	Sound	20	30705433	260	1			260		other	0
10108001	835	Response	1	30709426	4253	1
10108001	836	Sound	17	30731942	260	1			260		other	0
10108001	836	Response	1	30740386	8703	1
10108001	837	Sound	15	30750615	260	1			260		other	0
10108001	837	Response	1	30755026	4670	1
10108001	838	Sound	12	30777125	260	1			260		other	0
10108001	839	Sound	19	30798632	260	1			260		other	0
10108001	839	Response	1	30802865	4492	1
10108001	840	Sound	12	30825310	261	1			260		other	0
10108001	841	Sound	12	30840647	260	1			260		other	0
10108001	842	Sound	16	30863989	260	1			260		other	0
10108001	842	Response	1	30869985	6256	1
10108001	843	Sound	20	30893832	260	1			260		other	0
10108001	843	Response	1	30897904	4331	1
10108001	844	Sound	15	30916174	260	1			260		other	0
10108001	845	Sound	11	30932179	260	1			260		other	0
10108001	846	Sound	12	30961023	260	1			260		other	0
10108001	847	Sound	16	30985364	260	1			260		other	0
10108001	847	Response	1	30990543	5439	1
10108001	848	Sound	11	31005209	264	1			260		other	0
10108001	849	Sound	13	31020877	260	1			260		other	0
10108001	850	Sound	20	31037883	260	1			260		other	0
10108001	850	Response	1	31042543	4920	1
10108001	851	Sound	22	31062391	260	1			260		other	0
10108001	851	Response	1	31065903	3771	1
10108001	852	Sound	20	31086408	268	1			260		other	0
10108001	852	Response	1	31093022	6883	1
10108001	853	Sound	15	31112409	260	1			260		other	0
10108001	853	Response	1	31117902	5753	1
10108001	854	Sound	19	31140252	260	1			260		other	0
10108001	854	Response	1	31147422	7430	1
10108001	855	Sound	11	31157258	260	1			260		other	0
10108001	856	Sound	18	31182267	260	1			260		other	0
10108001	856	Response	1	31188062	6055	1
10108001	857	Sound	21	31204441	260	1			260		other	0
10108001	857	Response	1	31214222	10040	1
10108001	858	Sound	18	31221614	260	1			260		other	0
10108001	858	Response	1	31228621	7267	1
10108001	859	Sound	21	31240954	260	1			260		other	0
10108001	859	Response	1	31245901	5207	1
10108001	860	Sound	18	31269797	260	1			260		other	0
10108001	860	Response	1	31276061	6523	1
10108001	861	Sound	21	31287971	260	1			260		other	0
10108001	861	Response	1	31294381	6670	1
10108001	862	Sound	17	31312312	260	1			260		other	0
10108001	862	Response	1	31320221	8168	1
10108001	863	Sound	19	31337321	260	1			260		other	0
10108001	863	Response	1	31343820	6759	1
10108001	864	Sound	22	31354994	260	1			260		other	0
10108001	864	Response	1	31361260	6526	1
10108001	865	Sound	14	31381337	260	1			260		other	0
10108001	866	Sound	17	31399510	260	1			260		other	0
10108001	866	Response	1	31406700	7450	1
10108001	867	Sound	19	31417349	260	1			260		other	0
10108001	867	Response	1	31421580	4490	1
10108001	868	Sound	14	31433188	260	1			260		other	0
10108001	869	Sound	14	31450527	260	1			260		other	0
10108001	870	Sound	16	31473535	260	1			260		other	0
10108001	870	Response	1	31478139	4864	1
10108001	871	Sound	17	31490041	260	1			260		other	0
10108001	871	Response	1	31496059	6278	1
10108001	872	Sound	14	31507714	260	1			260		other	0
10108001	873	Sound	13	31535891	260	1			260		other	0
10108001	874	Sound	13	31563067	260	1			260		other	0
10108001	875	Sound	13	31582074	260	1			260		other	0
10108001	876	Sound	22	31604248	260	1			260		other	0
10108001	876	Response	1	31607898	3910	1
10108001	877	Sound	16	31625589	260	1			260		other	0
10108001	878	Sound	11	31641928	260	1			260		other	0
10108001	879	Sound	22	31667770	260	1			260		other	0
10108001	879	Response	1	31670777	3267	1
10108001	880	Sound	15	31692445	260	1			260		other	0
10108001	880	Response	1	31697017	4832	1
10108001	881	Sound	18	31717955	260	1			260		other	0
10108001	881	Response	1	31725017	7322	1
10108001	882	Sound	21	31734293	260	1			260		other	0
10108001	882	Response	1	31738937	4903	1
10108001	883	Response	255	31770857	19237	1
10108001	884	Sound	107	31837330	260	1			260		other	0
10108001	884	Response	1	31849096	12026	1
10108001	885	Sound	104	31855669	260	1			260		other	0
10108001	886	Sound	101	31876177	260	1			260		other	0
10108001	887	Sound	104	31893849	260	1			260		other	0
10108001	888	Sound	111	31919859	260	1			260		other	0
10108001	888	Response	1	31923975	4376	1
10108001	889	Sound	108	31941866	260	1			260		other	0
10108001	889	Response	1	31946695	5088	1
10108001	890	Sound	112	31961373	260	1			260		other	0
10108001	890	Response	1	31964375	3262	1
10108001	891	Sound	108	31987882	260	1			260		other	0
10108001	891	Response	1	31991735	4112	1
10108001	892	Sound	101	32009390	260	1			260		other	0
10108001	893	Sound	110	32030564	260	1			260		other	0
10108001	893	Response	1	32034934	4630	1
10108001	894	Sound	103	32057740	260	1			260		other	0
10108001	894	Response	1	32072134	14654	1
10108001	895	Sound	108	32087917	260	1			260		other	0
10108001	895	Response	1	32091974	4316	1
10108001	896	Sound	107	32117261	260	1			260		other	0
10108001	896	Response	1	32120374	3372	1
10108001	897	Sound	102	32139936	260	1			260		other	0
10108001	898	Sound	112	32158442	260	1			260		other	0
10108001	898	Response	1	32161253	3071	1
10108001	899	Sound	102	32185285	260	1			260		other	0
10108001	900	Sound	105	32210794	260	1			260		other	0
10108001	901	Sound	106	32233802	260	1			260		other	0
10108001	901	Response	1	32237493	3951	1
10108001	902	Sound	105	32264146	260	1			260		other	0
10108001	903	Sound	103	32294323	260	1			260		other	0
10108001	904	Sound	110	32310000	264	1			260		other	0
10108001	904	Response	1	32314372	4636	1
10108001	905	Sound	111	32329335	260	1			260		other	0
10108001	905	Response	1	32332932	3856	1
10108001	906	Sound	111	32350509	260	1			260		other	0
10108001	906	Response	1	32354372	4122	1
10108001	907	Sound	103	32366348	260	1			260		other	0
10108001	908	Sound	106	32386189	260	1			260		other	0
10108001	909	Sound	107	32402194	260	1			260		other	0
10108001	909	Response	1	32406131	4196	1
10108001	910	Sound	112	32418200	260	1			260		other	0
10108001	910	Response	1	32421811	3871	1
10108001	911	Sound	105	32445876	260	1			260		other	0
10108001	912	Sound	105	32469551	260	1			260		other	0
10108001	912	Response	1	32474050	4759	3
10108001	913	Sound	108	32496561	260	1			260		other	0
10108001	914	Sound	109	32513066	260	1			260		other	0
10108001	914	Response	1	32517970	5163	1
10108001	915	Sound	103	32530406	260	1			260		other	0
10108001	916	Sound	106	32547078	260	1			260		other	0
10108001	917	Sound	102	32572087	260	1			260		other	0
10108001	918	Sound	104	32594428	260	1			260		other	0
10108001	919	Sound	102	32615769	260	1			260		other	0
10108001	920	Sound	111	32641278	260	1			260		other	0
10108001	920	Response	1	32644689	3671	1
10108001	921	Sound	106	32669788	260	1			260		other	0
10108001	922	Sound	110	32692963	260	1			260		other	0
10108001	922	Response	1	32696449	3746	1
10108001	923	Sound	109	32721306	260	1			260		other	0
10108001	923	Response	1	32724848	3802	1
10108001	924	Sound	112	32744648	260	1			260		other	0
10108001	924	Response	1	32747968	3580	1
10108001	925	Sound	109	32773324	260	1			260		other	0
10108001	925	Response	1	32777008	3943	1
10108001	926	Sound	101	32801167	260	1			260		other	0
10108001	927	Sound	101	32828677	260	1			260		other	0
10108001	928	Sound	107	32847684	260	1			260		other	0
10108001	928	Response	1	32852607	5183	1
10108001	929	Sound	104	32866524	260	1			260		other	0
10108001	930	Sound	110	32884363	260	1			260		other	0
10108001	930	Response	1	32888927	4824	1
10108001	931	Sound	109	32901369	260	1			260		other	0
10108001	932	Response	255	33360123	434425	1
10108001	933	Sound	20	33441725	260	1			260		other	0
10108001	933	Response	1	33445722	4257	1
10108001	934	Sound	16	33461565	260	1			260		other	0
10108001	934	Response	1	33465802	4496	1
10108001	935	Sound	14	33481572	260	1			260		other	0
10108001	936	Sound	16	33511083	260	1			260		other	0
10108001	937	Sound	12	33531257	260	1			260		other	0
10108001	938	Sound	17	33548929	260	1			260		other	0
10108001	938	Response	1	33553881	5211	1
10108001	939	Sound	11	33564435	260	1			260		other	0
10108001	940	Sound	14	33587943	260	1			260		other	0
10108001	941	Sound	20	33615453	260	1			260		other	0
10108001	941	Response	1	33619161	3968	1
10108001	942	Sound	21	33636960	260	1			260		other	0
10108001	942	Response	1	33640120	3420	1
10108001	943	Sound	11	33656299	260	1			260		other	0
10108001	944	Sound	22	33680642	260	1			260		other	0
10108001	944	Response	1	33684520	4137	1
10108001	945	Sound	20	33701816	260	1			260		other	0
10108001	945	Response	1	33706520	4963	1
10108001	946	Sound	18	33727158	260	1			260		other	0
10108001	946	Response	1	33730359	3461	1
10108001	947	Sound	21	33744498	260	1			260		other	0
10108001	947	Response	1	33747639	3401	1
10108001	948	Sound	20	33765172	260	1			260		other	0
10108001	948	Response	1	33768199	3287	1
10108001	949	Sound	11	33783512	260	1			260		other	0
10108001	950	Sound	22	33809854	260	1			260		other	0
10108001	950	Response	1	33813399	3805	1
10108001	951	Sound	13	33830861	260	1			260		other	0
10108001	952	Sound	12	33856871	260	1			260		other	0
10108001	953	Sound	19	33883547	260	1			260		other	0
10108001	954	Sound	21	33904889	262	1			260		other	0
10108001	954	Response	1	33907958	3330	1
10108001	955	Sound	17	33928229	260	1			260		other	0
10108001	955	Response	1	33933318	5349	1
10108001	956	Sound	19	33947903	260	1			260		other	0
10108001	956	Response	1	33952998	5355	1
10108001	957	Sound	14	33964575	260	1			260		other	0
10108001	958	Sound	13	33992089	264	1			260		other	0
10108001	959	Sound	16	34018260	260	1			260		other	0
10108001	959	Response	1	34029397	11396	1
10108001	960	Sound	21	34039101	260	1			260		other	0
10108001	960	Response	1	34045157	6315	1
10108001	961	Sound	18	34065610	260	1			260		other	0
10108001	961	Response	1	34070276	4925	3
10108001	962	Sound	13	34084450	260	1			260		other	0
10108001	963	Sound	17	34100123	260	1			260		other	0
10108001	964	Sound	19	34122297	260	1			260		other	0
10108001	964	Response	1	34128596	6559	1
10108001	965	Sound	15	34142471	260	1			260		other	0
10108001	966	Sound	13	34165479	260	1			260		other	0
10108001	967	Sound	22	34180984	260	1			260		other	0
10108001	967	Response	1	34184756	4031	1
10108001	968	Sound	17	34200324	260	1			260		other	0
10108001	968	Response	1	34204595	4531	1
10108001	969	Sound	12	34222165	260	1			260		other	0
10108001	970	Sound	18	34247174	260	1			260		other	0
10108001	970	Response	1	34252435	5521	1
10108001	971	Sound	15	34276518	260	1			260		other	0
10108001	972	Sound	15	34296358	260	1			260		other	0
10108001	972	Response	1	34307075	10976	1
10108001	973	Sound	19	34316365	260	1			260		other	0
10108001	973	Response	1	34324594	8489	1
10108001	974	Sound	14	34340707	260	1			260		other	0
10108001	975	Sound	22	34361214	260	1			260		other	0
10108001	975	Response	1	34364994	4040	1
10108001	976	Sound	18	34385056	260	1			260		other	0
10108001	976	Response	1	34388354	3558	1
10108001	977	Sound	11	34404396	260	1			260		other	0
10108001	978	Sound	16	34432739	260	1			260		other	0
10108001	978	Response	1	34437073	4594	1
10108001	979	Sound	15	34461916	260	1			260		other	0
10108001	980	Sound	12	34480922	260	1			260		other	0
