Scenario - 
Logfile written - 04/18/2018 16:02:52

Subject	Trial	Event Type	Code	Time	TTime	Uncertainty	Duration	Uncertainty	ReqTime	ReqDur	Stim Type	Pair Index

Eric	1	Response	255	2247898	2247565	1
Eric	2	Sound	25	2316619	260	1			260		other	0
Eric	2	Response	1	2318937	2578	1
Eric	3	Sound	19	2340126	260	1			260		other	0
Eric	3	Response	1	2342456	2589	1
Eric	4	Sound	21	2362134	260	1			260		other	0
Eric	4	Response	1	2364535	2661	1
Eric	5	Sound	17	2379306	260	1			260		other	0
Eric	5	Response	1	2383575	4529	1
Eric	6	Sound	24	2395478	260	1			260		other	0
Eric	6	Response	1	2397735	2516	1
Eric	7	Sound	19	2412651	260	1			260		other	0
Eric	8	Sound	12	2441327	260	1			260		other	0
Eric	9	Sound	15	2471503	260	1			260		other	0
Eric	10	Sound	25	2496178	260	1			260		other	0
Eric	10	Response	1	2498692	2774	1
Eric	11	Sound	15	2517519	260	1			260		other	0
Eric	11	Response	1	2520772	3512	1
Eric	12	Sound	16	2543694	260	1			260		other	0
Eric	12	Response	1	2546931	3497	1
Eric	13	Sound	23	2567369	260	1			260		other	0
Eric	13	Response	1	2570130	3021	1
Eric	14	Sound	15	2596879	260	1			260		other	0
Eric	14	Response	1	2601570	4951	1
Eric	15	Sound	23	2625221	260	1			260		other	0
Eric	15	Response	1	2629089	4128	1
Eric	16	Sound	16	2650730	260	1			260		other	0
Eric	16	Response	1	2653569	3098	1
Eric	17	Sound	22	2673404	260	1			260		other	0
Eric	17	Response	1	2677408	4264	1
Eric	18	Sound	20	2697912	260	1			260		other	0
Eric	18	Response	1	2701648	3995	1
Eric	19	Sound	26	2724259	264	1			260		other	0
Eric	19	Response	1	2729407	5412	1
Eric	20	Sound	19	2748763	260	1			260		other	0
Eric	20	Response	1	2751406	2903	1
Eric	21	Sound	25	2769436	260	1			260		other	0
Eric	21	Response	1	2772366	3189	1
Eric	22	Sound	14	2790777	260	1			260		other	0
Eric	23	Sound	11	2808616	260	1			260		other	0
Eric	23	Response	1	2823085	14728	1
Eric	24	Sound	11	2837959	260	1			260		other	0
Eric	25	Sound	17	2867469	260	1			260		other	0
Eric	25	Response	1	2870284	3074	1
Eric	26	Sound	24	2887476	260	1			260		other	0
Eric	26	Response	1	2892123	4907	1
Eric	27	Sound	25	2912655	264	1			260		other	0
Eric	27	Response	1	2916363	3972	1
Eric	28	Sound	18	2941660	260	1			260		other	0
Eric	28	Response	1	2944522	3121	1
Eric	29	Sound	18	2956832	260	1			260		other	0
Eric	29	Response	1	2960282	3709	1
Eric	30	Sound	13	2980340	260	1			260		other	0
Eric	31	Sound	12	3007015	260	1			260		other	0
Eric	32	Sound	21	3024355	260	1			260		other	0
Eric	32	Response	1	3026680	2585	1
Eric	33	Sound	22	3050697	260	1			260		other	0
Eric	33	Response	1	3053079	2642	1
Eric	34	Sound	11	3074038	260	1			260		other	0
Eric	35	Sound	13	3091544	260	1			260		other	0
Eric	36	Sound	11	3121220	260	1			260		other	0
Eric	37	Sound	19	3145228	260	1			260		other	0
Eric	37	Response	1	3148357	3389	1
Eric	38	Sound	20	3166749	273	1			260		other	0
Eric	38	Response	1	3170436	3961	1
Eric	39	Sound	16	3183249	268	1			260		other	0
Eric	40	Sound	12	3211250	260	1			260		other	0
Eric	41	Sound	14	3229256	260	1			260		other	0
Eric	42	Sound	17	3246595	260	1			260		other	0
Eric	42	Response	1	3249715	3379	1
Eric	43	Sound	21	3262267	260	1			260		other	0
Eric	43	Response	1	3266114	4106	1
Eric	44	Sound	20	3285447	265	1			260		other	0
Eric	44	Response	1	3288194	3012	1
Eric	45	Sound	26	3300947	260	1			260		other	0
Eric	45	Response	1	3303633	2946	1
Eric	46	Sound	23	3322954	260	1			260		other	0
Eric	46	Response	1	3325713	3019	1
Eric	47	Sound	22	3344145	277	1			260		other	0
Eric	47	Response	1	3347792	3924	1
Eric	48	Sound	13	3368645	268	1			260		other	0
Eric	49	Sound	23	3385144	262	1			260		other	0
Eric	49	Response	1	3387791	2910	1
Eric	50	Sound	13	3402981	260	1			260		other	0
Eric	51	Sound	21	3418986	260	1			260		other	0
Eric	51	Response	1	3421391	2664	1
Eric	52	Sound	26	3446495	260	1			260		other	0
Eric	52	Response	1	3448750	2514	1
Eric	53	Sound	22	3463843	268	1			260		other	0
Eric	53	Response	1	3469709	6135	1
Eric	54	Sound	14	3479506	260	1			260		other	0
Eric	55	Sound	24	3509516	260	1			260		other	0
Eric	55	Response	1	3512269	3012	1
Eric	56	Sound	15	3533024	260	1			260		other	0
Eric	57	Sound	24	3553364	260	1			260		other	0
Eric	57	Response	1	3555788	2683	1
Eric	58	Sound	18	3576706	260	1			260		other	0
Eric	59	Sound	26	3595879	260	1			260		other	0
Eric	59	Response	1	3599226	3607	1
Eric	60	Sound	17	3624888	260	1			260		other	0
Eric	61	Sound	14	3640393	260	1			260		other	0
Eric	62	Sound	20	3670403	260	1			260		other	0
Eric	62	Response	1	3674185	4041	1
Eric	63	Sound	12	3690243	260	1			260		other	0
Eric	64	Sound	18	3714251	260	1			260		other	0
Eric	64	Response	1	3718264	4272	1
Eric	65	Sound	16	3736259	260	1			260		other	0
Eric	66	Response	255	3777702	24784	1
Eric	67	Sound	23	3843634	266	1			260		other	0
Eric	67	Response	1	3846501	3133	1
Eric	68	Sound	25	3873304	260	1			260		other	0
Eric	68	Response	1	3875540	2495	1
Eric	69	Sound	23	3891644	260	1			260		other	0
Eric	69	Response	1	3894819	3435	1
Eric	70	Sound	14	3917319	260	1			260		other	0
Eric	71	Sound	25	3944995	260	1			260		other	0
Eric	71	Response	1	3947618	2883	1
Eric	72	Sound	26	3966169	260	1			260		other	0
Eric	72	Response	1	3969298	3389	1
Eric	73	Sound	19	3994512	260	1			260		other	0
Eric	73	Response	1	3997937	3685	1
Eric	74	Sound	13	4012684	260	1			260		other	0
Eric	75	Sound	14	4033191	260	1			260		other	0
Eric	76	Sound	12	4059700	260	1			260		other	0
Eric	77	Sound	21	4080374	260	1			260		other	0
Eric	77	Response	1	4083295	3181	1
Eric	78	Sound	25	4108729	272	1			260		other	0
Eric	78	Response	1	4111935	3478	1
Eric	79	Sound	20	4136726	260	1			260		other	0
Eric	79	Response	1	4139454	2988	1
Eric	80	Sound	17	4153565	260	1			260		other	0
Eric	80	Response	1	4157133	3828	1
Eric	81	Sound	21	4170904	260	1			260		other	0
Eric	81	Response	1	4174173	3529	1
Eric	82	Sound	24	4196746	260	1			260		other	0
Eric	82	Response	1	4199532	3046	1
Eric	83	Sound	16	4217253	260	1			260		other	0
Eric	83	Response	1	4220252	3259	1
Eric	84	Sound	24	4238926	260	1			260		other	0
Eric	84	Response	1	4242091	3425	2
Eric	85	Sound	22	4257766	260	1			260		other	0
Eric	85	Response	1	4264651	7145	1
Eric	86	Sound	22	4278440	260	1			260		other	0
Eric	86	Response	1	4281211	3031	1
Eric	87	Sound	15	4295112	260	1			260		other	0
Eric	88	Sound	20	4318453	260	1			260		other	0
Eric	88	Response	1	4320970	2776	1
Eric	89	Sound	15	4338126	260	1			260		other	0
Eric	90	Sound	18	4354965	260	1			260		other	0
Eric	90	Response	1	4359449	4743	1
Eric	91	Sound	12	4374972	260	1			260		other	0
Eric	92	Sound	23	4402148	260	1			260		other	0
Eric	92	Response	1	4405928	4040	1
Eric	93	Sound	20	4431157	260	1			260		other	0
Eric	93	Response	1	4434807	3909	1
Eric	94	Sound	12	4459667	260	1			260		other	0
Eric	95	Sound	22	4485520	271	1			260		other	0
Eric	95	Response	1	4488726	3477	1
Eric	96	Sound	12	4511184	260	1			260		other	0
Eric	97	Sound	24	4540194	260	1			260		other	0
Eric	97	Response	1	4543124	3190	1
Eric	98	Sound	24	4556532	260	1			260		other	0
Eric	98	Response	1	4561284	5011	1
Eric	99	Sound	25	4586376	260	1			260		other	0
Eric	99	Response	1	4589203	3087	1
Eric	100	Sound	15	4613718	260	1			260		other	0
Eric	100	Response	1	4618083	4624	1
Eric	101	Sound	21	4633058	260	1			260		other	0
Eric	101	Response	1	4638802	6004	1
Eric	102	Sound	19	4651731	260	1			260		other	0
Eric	102	Response	1	4657842	6370	1
Eric	103	Sound	17	4673572	260	1			260		other	0
Eric	104	Sound	20	4691411	260	1			260		other	0
Eric	104	Response	1	4694321	3170	1
Eric	105	Sound	17	4707250	260	1			260		other	0
Eric	106	Sound	11	4736926	260	1			260		other	0
Eric	107	Sound	11	4752765	260	1			260		other	0
Eric	108	Sound	16	4782775	260	1			260		other	0
Eric	108	Response	1	4787359	4844	1
Eric	109	Sound	26	4798614	260	1			260		other	0
Eric	109	Response	1	4802638	4285	1
Eric	110	Sound	13	4813952	260	1			260		other	0
Eric	111	Sound	19	4838627	260	1			260		other	0
Eric	111	Response	1	4841997	3630	1
Eric	112	Sound	18	4861801	260	1			260		other	0
Eric	112	Response	1	4865997	4455	1
Eric	113	Sound	22	4882312	264	1			260		other	0
Eric	113	Response	1	4885276	3228	1
Eric	114	Sound	18	4907816	260	1			260		other	0
Eric	114	Response	1	4911036	3479	1
Eric	115	Sound	19	4926489	260	1			260		other	0
Eric	115	Response	1	4929995	3766	1
Eric	116	Sound	21	4955010	271	1			260		other	0
Eric	116	Response	1	4957755	3016	1
Eric	117	Sound	26	4973505	260	1			260		other	0
Eric	117	Response	1	4976314	3069	1
Eric	118	Sound	11	5000014	260	1			260		other	0
Eric	119	Sound	16	5023021	260	1			260		other	0
Eric	120	Sound	15	5049030	260	1			260		other	0
Eric	121	Sound	14	5071038	260	1			260		other	0
Eric	122	Sound	13	5092545	260	1			260		other	0
Eric	123	Sound	23	5116553	260	1			260		other	0
Eric	123	Response	1	5122071	5778	1
Eric	124	Sound	14	5131724	260	1			260		other	0
Eric	125	Sound	26	5159067	260	1			260		other	0
Eric	125	Response	1	5161990	3183	1
Eric	126	Sound	17	5179907	260	1			260		other	0
Eric	126	Response	1	5185189	5542	1
Eric	127	Sound	16	5199080	260	1			260		other	0
Eric	128	Sound	13	5220254	260	1			260		other	0
Eric	129	Sound	18	5240427	260	1			260		other	0
Eric	129	Response	1	5243748	3580	1
Eric	130	Sound	11	5257933	260	1			260		other	0
Eric	131	Response	255	5450383	169955	1
Eric	132	Sound	19	5524856	260	1			260		other	0
Eric	132	Response	1	5527901	3305	1
Eric	133	Sound	17	5548530	260	1			260		other	0
Eric	133	Response	1	5551981	3710	1
Eric	134	Sound	13	5572372	260	1			260		other	0
Eric	135	Sound	22	5598380	260	1			260		other	0
Eric	135	Response	1	5601340	3219	1
Eric	136	Sound	26	5617220	260	1			260		other	0
Eric	136	Response	1	5620299	3339	1
Eric	137	Sound	22	5646396	260	1			260		other	0
Eric	137	Response	1	5649178	3042	1
Eric	138	Sound	25	5672238	260	1			260		other	0
Eric	138	Response	1	5675818	3839	1
Eric	139	Sound	19	5692412	260	1			260		other	0
Eric	139	Response	1	5695257	3106	1
Eric	140	Sound	15	5709417	260	1			260		other	0
Eric	141	Sound	21	5735593	260	1			260		other	0
Eric	141	Response	1	5738536	3203	1
Eric	142	Sound	12	5762101	260	1			260		other	0
Eric	143	Sound	25	5778941	260	1			260		other	0
Eric	143	Response	1	5781495	2815	1
Eric	144	Sound	18	5795779	260	1			260		other	0
Eric	144	Response	1	5799655	4135	1
Eric	145	Sound	22	5813452	260	1			260		other	0
Eric	145	Response	1	5819975	6782	1
Eric	146	Sound	12	5840461	260	1			260		other	0
Eric	147	Sound	25	5869804	260	1			260		other	0
Eric	147	Response	1	5873973	4429	1
Eric	148	Sound	24	5893990	271	1			260		other	0
Eric	148	Response	1	5896853	3133	1
Eric	149	Sound	20	5912318	260	1			260		other	0
Eric	149	Response	1	5915252	3193	1
Eric	150	Sound	26	5940828	260	1			260		other	0
Eric	150	Response	1	5943811	3243	1
Eric	151	Sound	11	5963169	260	1			260		other	0
Eric	152	Sound	16	5982842	260	1			260		other	0
Eric	152	Response	1	5987330	4748	1
Eric	153	Sound	15	6011852	260	1			260		other	0
Eric	154	Sound	21	6028857	260	1			260		other	0
Eric	154	Response	1	6032289	3692	1
Eric	155	Sound	25	6050031	260	1			260		other	0
Eric	155	Response	1	6055249	5478	1
Eric	156	Sound	14	6065703	260	1			260		other	0
Eric	157	Sound	14	6083042	260	1			260		other	0
Eric	158	Sound	20	6108217	260	1			260		other	0
Eric	158	Response	1	6112287	4330	1
Eric	159	Sound	18	6124723	260	1			260		other	0
Eric	160	Sound	26	6142395	260	1			260		other	0
Eric	160	Response	1	6146367	4231	1
Eric	161	Sound	23	6160584	276	1			260		other	0
Eric	161	Response	1	6176526	16218	1
Eric	162	Sound	24	6186243	260	1			260		other	0
Eric	162	Response	1	6190446	4462	1
Eric	163	Sound	19	6204416	260	1			260		other	0
Eric	163	Response	1	6211645	7489	1
Eric	164	Sound	14	6223422	260	1			260		other	0
Eric	165	Sound	24	6245430	260	1			260		other	0
Eric	165	Response	1	6249484	4315	1
Eric	166	Sound	17	6265282	272	1			260		other	0
Eric	166	Response	1	6270444	5434	1
Eric	167	Sound	17	6283281	265	1			260		other	0
Eric	168	Sound	11	6306116	260	1			260		other	0
Eric	169	Sound	20	6321788	260	1			260		other	0
Eric	169	Response	1	6326123	4594	1
Eric	170	Sound	12	6350298	260	1			260		other	0
Eric	171	Sound	15	6365970	260	1			260		other	0
Eric	172	Sound	21	6385643	260	1			260		other	0
Eric	172	Response	1	6388361	2978	1
Eric	173	Sound	12	6415653	260	1			260		other	0
Eric	174	Sound	17	6439995	260	1			260		other	0
Eric	174	Response	1	6445400	5665	1
Eric	175	Sound	16	6456178	271	1			260		other	0
Eric	175	Response	1	6464199	8293	1
Eric	176	Sound	18	6478174	260	1			260		other	0
Eric	176	Response	1	6482279	4365	1
Eric	177	Sound	11	6494013	260	1			260		other	0
Eric	178	Sound	11	6514186	260	1			260		other	0
Eric	179	Sound	22	6531192	260	1			260		other	0
Eric	179	Response	1	6534998	4066	1
Eric	180	Sound	26	6559534	260	1			260		other	0
Eric	180	Response	1	6565076	5802	2
Eric	181	Sound	13	6588877	260	1			260		other	0
Eric	182	Sound	23	6607717	260	1			260		other	0
Eric	182	Response	1	6611876	4419	1
Eric	183	Sound	16	6632725	260	1			260		other	0
Eric	183	Response	1	6642915	10449	1
Eric	184	Sound	21	6651898	260	1			260		other	0
Eric	184	Response	1	6659075	7436	1
Eric	185	Sound	18	6670238	260	1			260		other	0
Eric	186	Sound	20	6692745	260	1			260		other	0
Eric	186	Response	1	6695554	3068	1
Eric	187	Sound	19	6717754	260	1			260		other	0
Eric	187	Response	1	6720833	3339	1
Eric	188	Sound	23	6732925	260	1			260		other	0
Eric	188	Response	1	6738993	6327	1
Eric	189	Sound	23	6756934	260	1			260		other	0
Eric	189	Response	1	6760192	3519	1
Eric	190	Sound	13	6781108	260	1			260		other	0
Eric	191	Sound	13	6798948	260	1			260		other	0
Eric	192	Sound	24	6815453	260	1			260		other	0
Eric	192	Response	1	6818511	3318	1
Eric	193	Sound	15	6838628	260	1			260		other	0
Eric	194	Sound	14	6867804	260	1			260		other	0
Eric	195	Sound	16	6888978	260	1			260		other	0
Eric	195	Response	1	6893229	4511	1
Eric	196	Response	255	6975387	56579	1
Eric	197	Sound	14	7047865	260	1			260		other	0
Eric	198	Sound	17	7076040	260	1			260		other	0
Eric	199	Sound	26	7091378	260	1			260		other	0
Eric	199	Response	1	7095065	3946	1
Eric	200	Sound	13	7118563	268	1			260		other	0
Eric	201	Sound	23	7142063	260	1			260		other	0
Eric	201	Response	1	7145303	3501	1
Eric	202	Sound	22	7162902	260	1			260		other	0
Eric	202	Response	1	7166743	4100	1
Eric	203	Sound	14	7179575	260	1			260		other	0
Eric	204	Sound	18	7205083	260	1			260		other	0
Eric	204	Response	1	7209062	4238	1
Eric	205	Sound	24	7226257	260	1			260		other	0
Eric	205	Response	1	7228981	2984	1
Eric	206	Sound	19	7253433	260	1			260		other	0
Eric	206	Response	1	7256261	3088	1
Eric	207	Sound	21	7282442	260	1			260		other	0
Eric	207	Response	1	7284900	2717	1
Eric	208	Sound	18	7304950	260	1			260		other	0
Eric	208	Response	1	7307620	2929	1
Eric	209	Sound	12	7324790	260	1			260		other	0
Eric	210	Sound	17	7349798	260	1			260		other	0
Eric	210	Response	1	7353059	3520	1
Eric	211	Sound	24	7369972	260	1			260		other	0
Eric	211	Response	1	7374258	4546	1
Eric	212	Sound	25	7385477	260	1			260		other	0
Eric	212	Response	1	7388898	3681	1
Eric	213	Sound	21	7409657	265	1			260		other	0
Eric	213	Response	1	7414017	4625	1
Eric	214	Sound	12	7434993	260	1			260		other	0
Eric	215	Sound	22	7463336	260	1			260		other	0
Eric	215	Response	1	7464896	1820	1
Eric	216	Sound	21	7487011	260	1			260		other	0
Eric	216	Response	1	7491535	4784	1
Eric	217	Sound	11	7509518	260	1			260		other	0
Eric	218	Sound	15	7539695	260	1			260		other	0
Eric	218	Response	1	7543774	4339	1
Eric	219	Sound	16	7567553	276	1			260		other	0
Eric	220	Sound	19	7596881	260	1			260		other	0
Eric	220	Response	1	7599933	3312	1
Eric	221	Sound	18	7624390	260	1			260		other	0
Eric	221	Response	1	7628332	4202	1
Eric	222	Sound	16	7644897	260	1			260		other	0
Eric	222	Response	1	7649691	5054	1
Eric	223	Sound	22	7662236	260	1			260		other	0
Eric	223	Response	1	7666491	4515	1
Eric	224	Sound	13	7679575	260	1			260		other	0
Eric	225	Sound	11	7704917	260	1			260		other	0
Eric	226	Sound	25	7725924	260	1			260		other	0
Eric	226	Response	1	7728570	2906	1
Eric	227	Sound	25	7746431	260	1			260		other	0
Eric	227	Response	1	7750409	4238	1
Eric	228	Sound	16	7762936	260	1			260		other	0
Eric	229	Sound	12	7790612	260	1			260		other	0
Eric	230	Sound	26	7808451	260	1			260		other	0
Eric	230	Response	1	7810728	2536	1
Eric	231	Sound	23	7827624	260	1			260		other	0
Eric	231	Response	1	7832807	5443	1
Eric	232	Sound	22	7853300	260	1			260		other	0
Eric	232	Response	1	7856327	3287	1
Eric	233	Sound	11	7871306	260	1			260		other	0
Eric	234	Sound	17	7895480	260	1			260		other	0
Eric	235	Sound	13	7917488	260	1			260		other	0
Eric	236	Sound	24	7939829	260	1			260		other	0
Eric	236	Response	1	7943285	3716	1
Eric	237	Sound	14	7956834	260	1			260		other	0
Eric	238	Sound	15	7981344	262	1			260		other	0
Eric	238	Response	1	7985444	4361	1
Eric	239	Sound	26	8011519	260	1			260		other	0
Eric	239	Response	1	8014483	3223	1
Eric	240	Sound	20	8040195	260	1			260		other	0
Eric	240	Response	1	8045282	5346	1
Eric	241	Sound	15	8068372	260	1			260		other	0
Eric	241	Response	1	8073522	5410	1
Eric	242	Sound	19	8085210	260	1			260		other	0
Eric	242	Response	1	8089921	4971	1
Eric	243	Sound	18	8103383	260	1			260		other	0
Eric	243	Response	1	8108481	5357	1
Eric	244	Sound	16	8121389	260	1			260		other	0
Eric	245	Sound	24	8148065	260	1			260		other	0
Eric	245	Response	1	8152800	4995	1
Eric	246	Sound	26	8175907	260	1			260		other	0
Eric	246	Response	1	8179439	3792	1
Eric	247	Sound	23	8204084	260	1			260		other	0
Eric	247	Response	1	8208719	4895	1
Eric	248	Sound	20	8224590	260	1			260		other	0
Eric	248	Response	1	8229918	5587	1
Eric	249	Sound	20	8240929	260	1			260		other	0
Eric	249	Response	1	8248078	7408	1
Eric	250	Sound	19	8262438	262	1			260		other	0
Eric	250	Response	1	8267277	5101	1
Eric	251	Sound	21	8291112	260	1			260		other	0
Eric	251	Response	1	8294316	3464	1
Eric	252	Sound	20	8317455	260	1			260		other	0
Eric	252	Response	1	8321916	4721	1
Eric	253	Sound	14	8340296	260	1			260		other	0
Eric	254	Sound	25	8370139	260	1			260		other	0
Eric	254	Response	1	8372795	2915	1
Eric	255	Sound	23	8400149	260	1			260		other	0
Eric	255	Response	1	8403994	4105	1
Eric	256	Sound	11	8420335	272	1			260		other	0
Eric	257	Sound	15	8440829	260	1			260		other	0
Eric	258	Sound	17	8458502	260	1			260		other	0
Eric	259	Sound	12	8481176	260	1			260		other	0
Eric	260	Sound	13	8505017	260	1			260		other	0
Eric	261	Response	255	8590790	62277	1
Eric	262	Sound	102	8665571	260	1			260		other	0
Eric	263	Sound	116	8682076	260	1			260		other	0
Eric	263	Response	1	8685187	3371	1
Eric	264	Sound	113	8700082	260	1			260		other	0
Eric	264	Response	1	8703747	3924	1
Eric	265	Sound	107	8728592	260	1			260		other	0
Eric	266	Sound	105	8747932	260	1			260		other	0
Eric	267	Sound	104	8768439	260	1			260		other	0
Eric	268	Sound	103	8795281	260	1			260		other	0
Eric	269	Sound	115	8819622	260	1			260		other	0
Eric	269	Response	1	8822544	3182	1
Eric	270	Sound	106	8835461	260	1			260		other	0
Eric	271	Sound	114	8858469	260	1			260		other	0
Eric	271	Response	1	8861263	3054	1
Eric	272	Sound	113	8885478	260	1			260		other	0
Eric	272	Response	1	8888783	3565	1
Eric	273	Sound	112	8909324	265	1			260		other	0
Eric	273	Response	1	8912382	3323	1
Eric	274	Sound	109	8932994	260	1			260		other	0
Eric	274	Response	1	8937021	4288	1
Eric	275	Sound	106	8955168	260	1			260		other	0
Eric	276	Sound	114	8981510	260	1			260		other	0
Eric	276	Response	1	8984860	3610	1
Eric	277	Sound	108	9008352	260	1			260		other	0
Eric	278	Sound	101	9035528	260	1			260		other	0
Eric	279	Sound	110	9051200	260	1			260		other	0
Eric	279	Response	1	9055178	4238	1
Eric	280	Sound	107	9076875	260	1			260		other	0
Eric	281	Sound	103	9097882	260	1			260		other	0
Eric	282	Sound	113	9124391	260	1			260		other	0
Eric	282	Response	1	9127977	3846	1
Eric	283	Sound	116	9152233	260	1			260		other	0
Eric	283	Response	1	9155016	3043	1
Eric	284	Sound	109	9179576	260	1			260		other	0
Eric	284	Response	1	9184056	4740	1
Eric	285	Sound	112	9205584	260	1			260		other	0
Eric	285	Response	1	9209655	4330	1
Eric	286	Sound	108	9227759	260	1			260		other	0
Eric	286	Response	1	9232135	4636	1
Eric	287	Sound	115	9244264	260	1			260		other	0
Eric	287	Response	1	9248134	4130	1
Eric	288	Sound	115	9263271	260	1			260		other	0
Eric	288	Response	1	9267574	4563	1
Eric	289	Sound	106	9285778	260	1			260		other	0
Eric	290	Sound	115	9316122	260	1			260		other	0
Eric	290	Response	1	9319092	3231	1
Eric	291	Sound	104	9345965	260	1			260		other	0
Eric	292	Sound	101	9363471	260	1			260		other	0
Eric	293	Sound	109	9392147	260	1			260		other	0
Eric	293	Response	1	9396450	4563	1
Eric	294	Sound	107	9418989	260	1			260		other	0
Eric	295	Sound	114	9442330	260	1			260		other	0
Eric	295	Response	1	9445328	3258	2
Eric	296	Sound	109	9458336	260	1			260		other	0
Eric	296	Response	1	9463089	5013	1
Eric	297	Sound	105	9474841	260	1			260		other	0
Eric	298	Sound	101	9505018	260	1			260		other	0
Eric	299	Sound	113	9532027	260	1			260		other	0
Eric	299	Response	1	9535807	4040	1
Eric	300	Sound	111	9548032	260	1			260		other	0
Eric	300	Response	1	9554367	6594	1
Eric	301	Sound	107	9572710	262	1			260		other	0
Eric	302	Sound	108	9588546	260	1			260		other	0
Eric	302	Response	1	9593246	4960	1
Eric	303	Sound	110	9618909	279	1			260		other	0
Eric	303	Response	1	9622925	4296	1
Eric	304	Sound	108	9648899	260	1			260		other	0
Eric	304	Response	1	9652925	4285	1
Eric	305	Sound	102	9667572	260	1			260		other	0
Eric	306	Sound	104	9690246	260	1			260		other	0
Eric	307	Sound	106	9716255	260	1			260		other	0
Eric	308	Sound	111	9746265	260	1			260		other	0
Eric	308	Response	1	9750122	4117	1
Eric	309	Sound	111	9769106	260	1			260		other	0
Eric	309	Response	1	9772362	3515	1
Eric	310	Sound	102	9793614	260	1			260		other	0
Eric	311	Sound	110	9822291	260	1			260		other	0
Eric	311	Response	1	9826360	4330	1
Eric	312	Sound	101	9838629	260	1			260		other	0
Eric	313	Sound	103	9868639	260	1			260		other	0
Eric	314	Sound	112	9892314	260	1			260		other	0
Eric	314	Response	1	9897079	5025	1
Eric	315	Sound	110	9913654	260	1			260		other	0
Eric	316	Sound	103	9932502	268	1			260		other	0
Eric	317	Sound	112	9954835	260	1			260		other	0
Eric	317	Response	1	9959158	4582	1
Eric	318	Sound	102	9983844	260	1			260		other	0
Eric	319	Sound	114	10009687	260	1			260		other	0
Eric	319	Response	1	10013796	4369	1
Eric	320	Sound	104	10036200	264	1			260		other	0
Eric	321	Sound	111	10055202	260	1			260		other	0
Eric	321	Response	1	10059875	4933	1
Eric	322	Sound	105	10084045	260	1			260		other	0
Eric	323	Sound	105	10114555	260	1			260		other	0
Eric	324	Sound	116	10132227	260	1			260		other	0
Eric	324	Response	1	10134993	3026	1
Eric	325	Sound	116	10157569	260	1			260		other	0
Eric	325	Response	1	10160353	3043	1
Eric	326	Response	255	10453946	266713	1
Eric	327	Sound	21	10527526	260	1			260		other	0
Eric	327	Response	1	10531064	3798	1
Eric	328	Sound	16	10546699	260	1			260		other	0
Eric	328	Response	1	10550263	3824	1
Eric	329	Sound	15	10562538	260	1			260		other	0
Eric	329	Response	1	10566023	3745	1
Eric	330	Sound	13	10582888	270	1			260		other	0
Eric	331	Sound	24	10607219	260	1			260		other	0
Eric	331	Response	1	10612102	5143	1
Eric	332	Sound	11	10627726	260	1			260		other	0
Eric	333	Sound	13	10654402	260	1			260		other	0
Eric	334	Sound	17	10679910	260	1			260		other	0
Eric	334	Response	1	10684820	5170	1
Eric	335	Sound	26	10709420	260	1			260		other	0
Eric	335	Response	1	10712340	3179	1
Eric	336	Sound	19	10728427	260	1			260		other	0
Eric	336	Response	1	10733299	5132	1
Eric	337	Sound	19	10753784	276	1			260		other	0
Eric	337	Response	1	10756739	3230	1
Eric	338	Sound	18	10782445	260	1			260		other	0
Eric	338	Response	1	10786178	3993	1
Eric	339	Sound	20	10805619	260	1			260		other	0
Eric	339	Response	1	10808897	3538	1
Eric	340	Sound	25	10833295	260	1			260		other	0
Eric	340	Response	1	10836897	3861	1
Eric	341	Sound	15	10852635	260	1			260		other	0
Eric	342	Sound	13	10873142	260	1			260		other	0
Eric	343	Sound	23	10895649	260	1			260		other	0
Eric	343	Response	1	10899375	3986	1
Eric	344	Sound	23	10915656	260	1			260		other	0
Eric	344	Response	1	10920335	4939	1
Eric	345	Sound	14	10935829	260	1			260		other	0
Eric	346	Sound	16	10962505	260	1			260		other	0
Eric	346	Response	1	10966654	4409	1
Eric	347	Sound	26	10985346	260	1			260		other	0
Eric	347	Response	1	10989373	4288	1
Eric	348	Sound	22	11005853	260	1			260		other	0
Eric	348	Response	1	11010333	4740	1
Eric	349	Sound	17	11035696	260	1			260		other	0
Eric	349	Response	1	11040652	5216	1
Eric	350	Sound	18	11054202	260	1			260		other	0
Eric	350	Response	1	11058172	4229	1
Eric	351	Sound	24	11074542	260	1			260		other	0
Eric	351	Response	1	11082811	8529	1
Eric	352	Sound	15	11103052	260	1			260		other	0
Eric	353	Sound	22	11122725	260	1			260		other	0
Eric	353	Response	1	11126570	4104	2
Eric	354	Sound	11	11143065	260	1			260		other	0
Eric	355	Sound	20	11159237	260	1			260		other	0
Eric	355	Response	1	11162809	3832	1
Eric	356	Sound	19	11177077	260	1			260		other	0
Eric	356	Response	1	11181609	4792	1
Eric	357	Sound	22	11201251	260	1			260		other	0
Eric	357	Response	1	11206488	5497	1
Eric	358	Sound	24	11216423	260	1			260		other	0
Eric	358	Response	1	11219848	3685	1
Eric	359	Sound	14	11237774	270	1			260		other	0
Eric	360	Sound	17	11263105	260	1			260		other	0
Eric	360	Response	1	11266966	4121	2
Eric	361	Sound	19	11281611	260	1			260		other	0
Eric	361	Response	1	11286006	4655	1
Eric	362	Sound	16	11297617	260	1			260		other	0
Eric	363	Sound	11	11320958	260	1			260		other	0
Eric	364	Sound	14	11343299	260	1			260		other	0
Eric	365	Sound	25	11361138	260	1			260		other	0
Eric	365	Response	1	11364885	4007	1
Eric	366	Sound	26	11389147	260	1			260		other	0
Eric	366	Response	1	11392404	3516	1
Eric	367	Sound	21	11416823	260	1			260		other	0
Eric	367	Response	1	11421203	4640	1
Eric	368	Sound	18	11443499	260	1			260		other	0
Eric	368	Response	1	11447443	4204	1
Eric	369	Sound	18	11468007	260	1			260		other	0
Eric	369	Response	1	11471922	4175	1
Eric	370	Sound	21	11491515	260	1			260		other	0
Eric	370	Response	1	11495681	4426	1
Eric	371	Sound	13	11521025	260	1			260		other	0
Eric	372	Sound	20	11546533	260	1			260		other	0
Eric	372	Response	1	11553360	7087	1
Eric	373	Sound	14	11566540	260	1			260		other	0
Eric	374	Sound	20	11587880	260	1			260		other	0
Eric	374	Response	1	11590559	2939	1
Eric	375	Sound	22	11613722	260	1			260		other	0
Eric	375	Response	1	11618479	5016	1
Eric	376	Sound	15	11628894	260	1			260		other	0
Eric	377	Sound	25	11650901	260	1			260		other	0
Eric	377	Response	1	11653678	3036	1
Eric	378	Sound	25	11668074	260	1			260		other	0
Eric	378	Response	1	11672637	4823	1
Eric	379	Sound	11	11694764	274	1			260		other	0
Eric	380	Sound	12	11721425	260	1			260		other	0
Eric	381	Sound	12	11736930	260	1			260		other	0
Eric	382	Sound	24	11758771	260	1			260		other	0
Eric	382	Response	1	11761595	3084	1
Eric	383	Sound	23	11782962	276	1			260		other	0
Eric	383	Response	1	11785835	3149	1
Eric	384	Sound	21	11798617	260	1			260		other	0
Eric	384	Response	1	11801514	3156	1
Eric	385	Sound	23	11815123	260	1			260		other	0
Eric	385	Response	1	11817273	2410	2
Eric	386	Sound	12	11839964	260	1			260		other	0
Eric	387	Sound	12	11861805	260	1			260		other	0
Eric	388	Sound	26	11886480	260	1			260		other	0
Eric	388	Response	1	11889352	3132	1
Eric	389	Sound	17	11907821	260	1			260		other	0
Eric	390	Sound	16	11929494	260	1			260		other	0
Eric	390	Response	1	11932631	3397	1
Eric	391	Response	255	12047989	91998	1
Eric	392	Sound	110	12125226	260	1			260		other	0
Eric	392	Response	1	12129186	4220	1
Eric	393	Sound	110	12147734	260	1			260		other	0
Eric	393	Response	1	12150866	3392	1
Eric	394	Sound	106	12165073	260	1			260		other	0
Eric	395	Sound	107	12183413	260	1			260		other	0
Eric	396	Sound	105	12208421	260	1			260		other	0
Eric	397	Sound	107	12227260	260	1			260		other	0
Eric	398	Sound	103	12250768	260	1			260		other	0
Eric	399	Sound	101	12275777	260	1			260		other	0
Eric	400	Sound	106	12300285	260	1			260		other	0
Eric	401	Sound	103	12329295	260	1			260		other	0
Eric	402	Sound	103	12347967	260	1			260		other	0
Eric	403	Sound	110	12365640	260	1			260		other	0
Eric	404	Sound	113	12387649	261	1			260		other	0
Eric	404	Response	1	12390940	3553	1
Eric	405	Sound	101	12409655	260	1			260		other	0
Eric	406	Sound	116	12425493	260	1			260		other	0
Eric	406	Response	1	12428939	3706	1
Eric	407	Sound	103	12454336	260	1			260		other	0
Eric	408	Sound	111	12473347	264	1			260		other	0
Eric	408	Response	1	12477658	4575	1
Eric	409	Sound	106	12492016	260	1			260		other	0
Eric	410	Sound	108	12513856	260	1			260		other	0
Eric	410	Response	1	12519337	5741	1
Eric	411	Sound	115	12540045	273	1			260		other	0
Eric	411	Response	1	12543417	3645	1
Eric	412	Sound	104	12568875	260	1			260		other	0
Eric	413	Sound	102	12588214	260	1			260		other	0
Eric	414	Sound	104	12606221	260	1			260		other	0
Eric	415	Sound	102	12635897	260	1			260		other	0
Eric	416	Sound	105	12654570	260	1			260		other	0
Eric	417	Sound	114	12678745	260	1			260		other	0
Eric	417	Response	1	12683894	5409	1
Eric	418	Sound	114	12704253	260	1			260		other	0
Eric	418	Response	1	12708533	4540	1
Eric	419	Sound	111	12720926	260	1			260		other	0
Eric	420	Sound	115	12738431	260	1			260		other	0
Eric	420	Response	1	12741572	3401	1
Eric	421	Sound	115	12759772	260	1			260		other	0
Eric	421	Response	1	12763812	4300	1
Eric	422	Sound	114	12789282	260	1			260		other	0
Eric	422	Response	1	12793091	4069	1
Eric	423	Sound	115	12819125	260	1			260		other	0
Eric	423	Response	1	12823250	4385	1
Eric	424	Sound	112	12841966	260	1			260		other	0
Eric	424	Response	1	12844850	3144	1
Eric	425	Sound	111	12865140	260	1			260		other	0
Eric	425	Response	1	12869329	4449	1
Eric	425	Response	1	12885089	20208	1
Eric	426	Sound	106	12887481	260	1			260		other	0
Eric	427	Sound	112	12902986	260	1			260		other	0
Eric	427	Response	1	12906048	3322	1
Eric	428	Sound	116	12926837	269	1			260		other	0
Eric	428	Response	1	12929168	2600	1
Eric	429	Sound	107	12952836	260	1			260		other	0
Eric	430	Sound	111	12978511	260	1			260		other	0
Eric	430	Response	1	12983566	5315	1
Eric	431	Sound	105	13007521	260	1			260		other	0
Eric	432	Sound	109	13035864	260	1			260		other	0
Eric	432	Response	1	13041245	5641	1
Eric	433	Sound	104	13059038	260	1			260		other	0
Eric	434	Sound	113	13078378	260	1			260		other	0
Eric	434	Response	1	13085164	7046	1
Eric	435	Sound	107	13097218	260	1			260		other	0
Eric	436	Sound	101	13113390	260	1			260		other	0
Eric	437	Sound	109	13137898	260	1			260		other	0
Eric	437	Response	1	13150043	12405	1
Eric	438	Sound	102	13159905	260	1			260		other	0
Eric	439	Sound	108	13182746	260	1			260		other	0
Eric	440	Sound	114	13209088	260	1			260		other	0
Eric	440	Response	1	13212761	3932	1
Eric	441	Sound	116	13237931	260	1			260		other	0
Eric	441	Response	1	13243081	5409	1
Eric	442	Sound	113	13266441	260	1			260		other	0
Eric	442	Response	1	13270840	4659	1
Eric	443	Sound	110	13293784	260	1			260		other	0
Eric	443	Response	1	13299879	6355	1
Eric	444	Sound	108	13314790	260	1			260		other	0
Eric	445	Sound	112	13340799	260	1			260		other	0
Eric	445	Response	1	13344038	3499	1
Eric	446	Sound	109	13370142	260	1			260		other	0
Eric	446	Response	1	13373957	4075	1
Eric	447	Sound	112	13396151	260	1			260		other	0
Eric	447	Response	1	13399477	3586	1
Eric	448	Sound	109	13413326	263	1			260		other	0
Eric	449	Sound	101	13433330	260	1			260		other	0
Eric	450	Sound	108	13449169	260	1			260		other	0
Eric	450	Response	1	13453236	4327	1
Eric	451	Sound	104	13476845	260	1			260		other	0
Eric	452	Sound	116	13502024	265	1			260		other	0
Eric	452	Response	1	13506354	4595	1
Eric	453	Sound	102	13519359	260	1			260		other	0
Eric	454	Sound	113	13538532	260	1			260		other	0
Eric	454	Response	1	13543473	5201	1
Eric	455	Sound	105	13562373	260	1			260		other	0
Eric	456	Response	255	13685470	95101	1
Eric	457	Sound	104	13771943	260	1			260		other	0
Eric	458	Sound	108	13798952	260	1			260		other	0
Eric	458	Response	1	13802987	4295	1
Eric	459	Sound	114	13826795	260	1			260		other	0
Eric	459	Response	1	13830027	3492	1
Eric	460	Sound	107	13847635	260	1			260		other	0
Eric	460	Response	1	13851946	4571	1
Eric	461	Sound	103	13877316	264	1			260		other	0
Eric	462	Sound	115	13897152	260	1			260		other	0
Eric	462	Response	1	13900185	3293	1
Eric	463	Sound	111	13920326	259	1			260		other	0
Eric	463	Response	1	13924184	4118	1
Eric	464	Sound	105	13945168	260	1			260		other	0
Eric	465	Sound	110	13966508	260	1			260		other	0
Eric	465	Response	1	13970343	4095	1
Eric	466	Sound	116	13982847	260	1			260		other	0
Eric	466	Response	1	13987143	4555	1
Eric	467	Sound	111	14001687	260	1			260		other	0
Eric	467	Response	1	14006343	4916	1
Eric	468	Sound	116	14022360	260	1			260		other	0
Eric	468	Response	1	14025782	3682	1
Eric	469	Sound	109	14050870	260	1			260		other	0
Eric	469	Response	1	14054181	3571	1
Eric	470	Sound	101	14070876	260	1			260		other	0
Eric	471	Sound	103	14089216	260	1			260		other	0
Eric	472	Sound	109	14118059	260	1			260		other	0
Eric	472	Response	1	14121940	4141	1
Eric	473	Sound	113	14139911	271	1			260		other	0
Eric	473	Response	1	14142900	3260	1
Eric	474	Sound	102	14168410	261	1			260		other	0
Eric	475	Sound	105	14185582	260	1			260		other	0
Eric	476	Sound	113	14211423	260	1			260		other	0
Eric	476	Response	1	14215378	4214	1
Eric	477	Sound	108	14228609	273	1			260		other	0
Eric	478	Sound	116	14250436	260	1			260		other	0
Eric	478	Response	1	14255137	4960	1
Eric	479	Sound	110	14271444	260	1			260		other	0
Eric	480	Sound	114	14290950	260	1			260		other	0
Eric	480	Response	1	14294496	3806	1
Eric	481	Sound	106	14311790	260	1			260		other	0
Eric	482	Sound	109	14342306	266	1			260		other	0
Eric	482	Response	1	14348255	6214	1
Eric	483	Sound	108	14357806	260	1			260		other	0
Eric	484	Sound	116	14385315	260	1			260		other	0
Eric	484	Response	1	14388894	3838	1
Eric	485	Sound	114	14404655	260	1			260		other	0
Eric	485	Response	1	14410733	6338	1
Eric	486	Sound	114	14429663	260	1			260		other	0
Eric	486	Response	1	14433853	4449	1
Eric	487	Sound	102	14450337	260	1			260		other	0
Eric	488	Sound	113	14473011	260	1			260		other	0
Eric	488	Response	1	14477132	4381	1
Eric	489	Sound	108	14501854	260	1			260		other	0
Eric	490	Sound	107	14528363	260	1			260		other	0
Eric	490	Response	1	14533690	5587	1
Eric	491	Sound	102	14555038	260	1			260		other	0
Eric	492	Sound	112	14584381	260	1			260		other	0
Eric	492	Response	1	14588729	4607	1
Eric	493	Sound	112	14614225	260	1			260		other	0
Eric	493	Response	1	14618408	4443	1
Eric	494	Sound	105	14635732	260	1			260		other	0
Eric	495	Sound	107	14652404	260	1			260		other	0
Eric	496	Sound	103	14676912	260	1			260		other	0
Eric	497	Sound	112	14698753	260	1			260		other	0
Eric	497	Response	1	14702326	3833	1
Eric	498	Sound	101	14716926	260	1			260		other	0
Eric	499	Sound	101	14747102	260	1			260		other	0
Eric	500	Sound	107	14768109	260	1			260		other	0
Eric	501	Sound	111	14786949	260	1			260		other	0
Eric	501	Response	1	14791204	4515	1
Eric	502	Sound	112	14814125	260	1			260		other	0
Eric	502	Response	1	14818963	5098	1
Eric	503	Sound	111	14837132	260	1			260		other	0
Eric	503	Response	1	14843043	6170	1
Eric	504	Sound	106	14853138	260	1			260		other	0
Eric	505	Sound	109	14868643	260	1			260		other	0
Eric	505	Response	1	14873842	5459	1
Eric	506	Sound	110	14897319	260	1			260		other	0
Eric	506	Response	1	14903122	6062	1
Eric	507	Sound	104	14914658	260	1			260		other	0
Eric	508	Sound	101	14941667	260	1			260		other	0
Eric	509	Sound	106	14967009	260	1			260		other	0
Eric	510	Sound	113	14991692	268	1			260		other	0
Eric	510	Response	1	14995039	3615	1
Eric	511	Sound	106	15009692	261	1			260		other	0
Eric	512	Sound	104	15032698	260	1			260		other	0
Eric	513	Sound	115	15054538	260	1			260		other	0
Eric	513	Response	1	15059918	5639	1
Eric	514	Sound	115	15084715	260	1			260		other	0
Eric	514	Response	1	15090317	5862	1
Eric	515	Sound	104	15102221	260	1			260		other	0
Eric	516	Sound	103	15125062	260	1			260		other	0
Eric	517	Sound	105	15146569	260	1			260		other	0
Eric	518	Sound	102	15168076	260	1			260		other	0
Eric	519	Sound	110	15198088	261	1			260		other	0
Eric	519	Response	1	15204074	6247	1
Eric	520	Sound	115	15222928	260	1			260		other	0
Eric	520	Response	1	15226154	3486	1
Eric	521	Response	255	17244427	2004839	1
Eric	522	Sound	20	17312960	260	1			260		other	0
Eric	522	Response	1	17316505	3805	1
Eric	523	Sound	18	17341969	260	1			260		other	0
Eric	524	Sound	16	17370312	260	1			260		other	0
Eric	525	Sound	23	17396988	260	1			260		other	0
Eric	525	Response	1	17399703	2975	1
Eric	526	Sound	17	17415994	260	1			260		other	0
Eric	527	Sound	24	17441002	260	1			260		other	0
Eric	527	Response	1	17444262	3520	1
Eric	528	Sound	12	17466678	260	1			260		other	0
Eric	529	Sound	22	17489018	260	1			260		other	0
Eric	529	Response	1	17492581	3822	1
Eric	530	Sound	13	17504357	260	1			260		other	0
Eric	531	Sound	12	17522530	260	1			260		other	0
Eric	532	Sound	18	17547371	260	1			260		other	0
Eric	532	Response	1	17552020	4908	1
Eric	533	Sound	12	17574047	260	1			260		other	0
Eric	534	Sound	15	17604224	260	1			260		other	0
Eric	534	Response	1	17610098	6134	1
Eric	535	Sound	22	17629565	260	1			260		other	0
Eric	535	Response	1	17633218	3912	1
Eric	536	Sound	20	17649572	260	1			260		other	0
Eric	536	Response	1	17653777	4465	1
Eric	537	Sound	16	17668412	260	1			260		other	0
Eric	538	Sound	21	17698588	260	1			260		other	0
Eric	538	Response	1	17702096	3767	1
Eric	539	Sound	21	17720933	263	1			260		other	0
Eric	539	Response	1	17726095	5425	2
Eric	540	Sound	14	17745104	260	1			260		other	0
Eric	541	Sound	20	17761776	260	1			260		other	0
Eric	541	Response	1	17764335	2818	1
Eric	542	Sound	19	17791953	260	1			260		other	0
Eric	542	Response	1	17794894	3201	1
Eric	543	Sound	26	17817295	260	1			260		other	0
Eric	543	Response	1	17819373	2338	1
Eric	544	Sound	25	17833467	260	1			260		other	0
Eric	544	Response	1	17836653	3446	1
Eric	545	Sound	15	17858308	260	1			260		other	0
Eric	546	Sound	21	17874981	260	1			260		other	0
Eric	546	Response	1	17878172	3451	1
Eric	547	Sound	23	17898488	260	1			260		other	0
Eric	547	Response	1	17900011	1783	1
Eric	548	Sound	24	17918329	260	1			260		other	0
Eric	548	Response	1	17922251	4182	1
Eric	549	Sound	11	17939002	260	1			260		other	0
Eric	550	Sound	11	17965678	260	1			260		other	0
Eric	551	Sound	22	17985684	260	1			260		other	0
Eric	551	Response	1	17988649	3225	1
Eric	552	Sound	17	18007192	260	1			260		other	0
Eric	552	Response	1	18012249	5317	1
Eric	553	Sound	16	18025364	260	1			260		other	0
Eric	554	Sound	23	18054374	260	1			260		other	0
Eric	554	Response	1	18057288	3173	1
Eric	555	Sound	24	18080725	269	1			260		other	0
Eric	555	Response	1	18083447	2991	1
Eric	556	Sound	15	18105225	260	1			260		other	0
Eric	556	Response	1	18109286	4322	1
Eric	557	Sound	19	18124564	260	1			260		other	0
Eric	557	Response	1	18128486	4181	1
Eric	558	Sound	14	18149572	260	1			260		other	0
Eric	559	Sound	14	18175915	260	1			260		other	0
Eric	560	Sound	25	18192587	260	1			260		other	0
Eric	560	Response	1	18196644	4317	1
Eric	560	Response	1	18220004	27677	1
Eric	561	Sound	21	18221263	260	1			260		other	0
Eric	562	Sound	11	18250121	275	1			260		other	0
Eric	563	Sound	26	18273947	260	1			260		other	0
Eric	563	Response	1	18276802	3115	1
Eric	564	Sound	14	18300790	260	1			260		other	0
Eric	565	Sound	17	18329132	260	1			260		other	0
Eric	565	Response	1	18334241	5368	1
Eric	566	Sound	12	18359309	260	1			260		other	0
Eric	567	Sound	25	18378482	260	1			260		other	0
Eric	567	Response	1	18381920	3697	1
Eric	568	Sound	26	18404491	260	1			260		other	0
Eric	568	Response	1	18408719	4488	1
Eric	569	Sound	11	18422330	260	1			260		other	0
Eric	570	Sound	13	18439336	260	1			260		other	0
Eric	571	Sound	16	18460517	267	1			260		other	0
Eric	572	Sound	18	18486518	260	1			260		other	0
Eric	572	Response	1	18489598	3339	1
Eric	573	Sound	13	18512360	260	1			260		other	0
Eric	574	Sound	13	18531367	260	1			260		other	0
Eric	575	Sound	17	18560877	260	1			260		other	0
Eric	575	Response	1	18564316	3699	1
Eric	576	Sound	23	18580550	260	1			260		other	0
Eric	576	Response	1	18583755	3465	1
Eric	577	Sound	25	18600556	260	1			260		other	0
Eric	577	Response	1	18604075	3778	1
Eric	578	Sound	19	18625231	260	1			260		other	0
Eric	578	Response	1	18628074	3102	1
Eric	579	Sound	22	18652240	260	1			260		other	0
Eric	579	Response	1	18654954	2973	1
Eric	580	Sound	15	18672747	260	1			260		other	0
Eric	581	Sound	26	18697922	260	1			260		other	0
Eric	581	Response	1	18700392	2730	1
Eric	582	Sound	19	18724431	260	1			260		other	0
Eric	582	Response	1	18727912	3740	1
Eric	583	Sound	24	18748111	265	1			260		other	0
Eric	583	Response	1	18751271	3425	2
Eric	584	Sound	20	18763444	260	1			260		other	0
Eric	584	Response	1	18766551	3367	1
Eric	585	Sound	18	18780783	260	1			260		other	0
Eric	585	Response	1	18783831	3307	1
Eric	586	Response	255	18812630	10352	1
Eric	587	Sound	106	18891987	260	1			260		other	0
Eric	588	Sound	106	18911660	260	1			260		other	0
Eric	589	Sound	108	18929333	260	1			260		other	0
Eric	590	Sound	107	18957009	260	1			260		other	0
Eric	590	Response	1	18962066	5317	1
Eric	591	Sound	105	18973514	260	1			260		other	0
Eric	592	Sound	107	18996522	260	1			260		other	0
Eric	593	Sound	109	19017696	260	1			260		other	0
Eric	593	Response	1	19022145	4709	1
Eric	594	Sound	101	19037036	260	1			260		other	0
Eric	595	Sound	114	19056709	260	1			260		other	0
Eric	595	Response	1	19060144	3695	1
Eric	596	Sound	115	19072381	260	1			260		other	0
Eric	596	Response	1	19075904	3783	1
Eric	597	Sound	112	19094721	260	1			260		other	0
Eric	597	Response	1	19101903	7441	1
Eric	598	Sound	104	19123565	260	1			260		other	0
Eric	599	Sound	113	19142071	260	1			260		other	0
Eric	599	Response	1	19145582	3771	1
Eric	600	Sound	101	19167079	260	1			260		other	0
Eric	601	Sound	108	19194588	260	1			260		other	0
Eric	602	Sound	107	19218763	260	1			260		other	0
Eric	603	Sound	111	19241270	260	1			260		other	0
Eric	603	Response	1	19245819	4809	1
Eric	604	Sound	110	19259777	260	1			260		other	0
Eric	604	Response	1	19265099	5582	1
Eric	605	Sound	101	19276782	260	1			260		other	0
Eric	606	Sound	103	19292454	260	1			260		other	0
Eric	607	Sound	114	19312798	264	1			260		other	0
Eric	607	Response	1	19317498	4963	1
Eric	608	Sound	115	19336803	260	1			260		other	0
Eric	608	Response	1	19340618	4075	1
Eric	609	Sound	112	19353141	260	1			260		other	0
Eric	609	Response	1	19357017	4135	1
Eric	610	Sound	102	19374315	260	1			260		other	0
Eric	611	Sound	109	19392997	268	1			260		other	0
Eric	611	Response	1	19397016	4288	1
Eric	612	Sound	105	19411327	260	1			260		other	0
Eric	613	Sound	106	19433835	260	1			260		other	0
Eric	614	Sound	111	19462844	260	1			260		other	0
Eric	614	Response	1	19467574	4990	1
Eric	615	Sound	101	19492854	260	1			260		other	0
Eric	616	Sound	107	19522198	260	1			260		other	0
Eric	617	Sound	113	19543538	260	1			260		other	0
Eric	617	Response	1	19547493	4214	1
Eric	618	Sound	116	19567880	260	1			260		other	0
Eric	618	Response	1	19571812	4192	1
Eric	619	Sound	108	19590554	260	1			260		other	0
Eric	619	Response	1	19595172	4877	1
Eric	620	Sound	104	19618563	260	1			260		other	0
Eric	621	Sound	109	19644905	260	1			260		other	0
Eric	621	Response	1	19648851	4205	1
Eric	622	Sound	112	19668914	260	1			260		other	0
Eric	622	Response	1	19673170	4516	1
Eric	623	Sound	103	19698924	260	1			260		other	0
Eric	624	Sound	104	19714762	260	1			260		other	0
Eric	625	Sound	102	19741104	260	1			260		other	0
Eric	626	Sound	103	19769447	260	1			260		other	0
Eric	627	Sound	110	19799624	260	1			260		other	0
Eric	627	Response	1	19805087	5723	1
Eric	628	Sound	106	19824632	260	1			260		other	0
Eric	629	Sound	102	19840471	260	1			260		other	0
Eric	630	Sound	115	19868147	260	1			260		other	0
Eric	630	Response	1	19871725	3838	1
Eric	631	Sound	114	19894155	260	1			260		other	0
Eric	631	Response	1	19898125	4229	1
Eric	632	Sound	115	19916996	260	1			260		other	0
Eric	632	Response	1	19919964	3227	1
Eric	633	Sound	103	19946173	260	1			260		other	0
Eric	634	Sound	112	19963845	260	1			260		other	0
Eric	634	Response	1	19967803	4217	2
Eric	635	Sound	111	19991688	260	1			260		other	0
Eric	635	Response	1	19995322	3894	1
Eric	636	Sound	108	20020364	260	1			260		other	0
Eric	636	Response	1	20023722	3617	1
Eric	637	Sound	102	20040538	260	1			260		other	0
Eric	638	Sound	114	20060711	260	1			260		other	0
Eric	638	Response	1	20063481	3029	1
Eric	639	Sound	116	20082052	260	1			260		other	0
Eric	639	Response	1	20084680	2888	1
Eric	640	Sound	110	20108560	260	1			260		other	0
Eric	640	Response	1	20112200	3899	1
Eric	641	Sound	113	20127400	260	1			260		other	0
Eric	641	Response	1	20131639	4499	1
Eric	642	Sound	109	20154580	264	1			260		other	0
Eric	642	Response	1	20159158	4843	1
Eric	643	Sound	113	20170581	260	1			260		other	0
Eric	643	Response	1	20176438	6116	1
Eric	644	Sound	116	20190254	260	1			260		other	0
Eric	644	Response	1	20192598	2603	1
Eric	645	Sound	104	20220779	274	1			260		other	0
Eric	646	Sound	110	20247940	260	1			260		other	0
Eric	646	Response	1	20255076	7396	1
Eric	647	Sound	105	20276616	260	1			260		other	0
Eric	648	Sound	116	20304959	260	1			260		other	0
Eric	648	Response	1	20308195	3495	1
Eric	649	Sound	105	20328967	260	1			260		other	0
Eric	650	Sound	111	20358144	260	1			260		other	0
Eric	650	Response	1	20362594	4710	1
Eric	651	Response	255	20458432	78293	1
Eric	652	Sound	112	20537704	260	1			260		other	0
Eric	652	Response	1	20541469	4025	1
Eric	653	Sound	107	20565046	260	1			260		other	0
Eric	654	Sound	112	20586887	260	1			260		other	0
Eric	654	Response	1	20590428	3801	1
Eric	655	Sound	105	20607727	260	1			260		other	0
Eric	656	Sound	102	20630070	261	1			260		other	0
Eric	657	Sound	105	20656910	260	1			260		other	0
Eric	658	Sound	103	20682252	260	1			260		other	0
Eric	659	Sound	104	20701092	260	1			260		other	0
Eric	660	Sound	114	20728434	260	1			260		other	0
Eric	660	Response	1	20731705	3531	1
Eric	661	Sound	107	20758444	260	1			260		other	0
Eric	662	Sound	112	20777784	260	1			260		other	0
Eric	662	Response	1	20781784	4260	1
Eric	663	Sound	101	20806294	260	1			260		other	0
Eric	664	Sound	110	20826800	260	1			260		other	0
Eric	664	Response	1	20830663	4122	1
Eric	665	Sound	113	20842806	260	1			260		other	0
Eric	665	Response	1	20846662	4116	1
Eric	666	Sound	103	20863813	260	1			260		other	0
Eric	667	Sound	106	20893323	260	1			260		other	0
Eric	668	Sound	111	20912996	260	1			260		other	0
Eric	668	Response	1	20917221	4484	1
Eric	669	Sound	111	20932669	260	1			260		other	0
Eric	669	Response	1	20937700	5291	1
Eric	670	Sound	112	20953009	260	1			260		other	0
Eric	670	Response	1	20957620	4870	1
Eric	671	Sound	106	20978684	260	1			260		other	0
Eric	672	Sound	101	20998858	260	1			260		other	0
Eric	673	Sound	113	21016197	260	1			260		other	0
Eric	673	Response	1	21020338	4401	1
Eric	674	Sound	116	21032536	260	1			260		other	0
Eric	674	Response	1	21038018	5742	1
Eric	675	Sound	101	21062546	260	1			260		other	0
Eric	676	Sound	110	21082386	260	1			260		other	0
Eric	677	Sound	104	21105060	260	1			260		other	0
Eric	678	Sound	108	21122899	260	1			260		other	0
Eric	679	Sound	103	21142739	260	1			260		other	0
Eric	680	Sound	106	21168248	260	1			260		other	0
Eric	681	Sound	108	21198758	260	1			260		other	0
Eric	682	Sound	103	21229268	260	1			260		other	0
Eric	683	Sound	109	21254443	260	1			260		other	0
Eric	684	Sound	115	21280786	260	1			260		other	0
Eric	684	Response	1	21284652	4126	1
Eric	685	Sound	116	21301292	260	1			260		other	0
Eric	685	Response	1	21304252	3219	1
Eric	686	Sound	109	21329635	260	1			260		other	0
Eric	687	Sound	105	21357654	269	1			260		other	0
Eric	688	Sound	108	21374654	263	1			260		other	0
Eric	689	Sound	107	21397824	260	1			260		other	0
Eric	690	Sound	106	21417998	260	1			260		other	0
Eric	691	Sound	108	21440339	260	1			260		other	0
Eric	691	Response	1	21449368	9289	1
Eric	692	Sound	111	21468015	260	1			260		other	0
Eric	692	Response	1	21474488	6733	1
Eric	693	Sound	107	21497191	260	1			260		other	0
Eric	694	Sound	115	21525200	260	1			260		other	0
Eric	694	Response	1	21529926	4986	1
Eric	695	Sound	113	21553543	260	1			260		other	0
Eric	695	Response	1	21558566	5282	1
Eric	696	Sound	102	21576718	260	1			260		other	0
Eric	697	Sound	110	21602392	260	1			260		other	0
Eric	697	Response	1	21607924	5792	1
Eric	698	Sound	104	21626401	260	1			260		other	0
Eric	699	Sound	114	21645574	260	1			260		other	0
Eric	700	Sound	111	21662913	260	1			260		other	0
Eric	700	Response	1	21669523	6870	1
Eric	701	Sound	110	21685587	260	1			260		other	0
Eric	701	Response	1	21691602	6275	1
Eric	702	Sound	109	21713930	260	1			260		other	0
Eric	703	Sound	109	21730603	260	1			260		other	0
Eric	704	Sound	102	21750109	260	1			260		other	0
Eric	705	Sound	116	21766948	260	1			260		other	0
Eric	705	Response	1	21770641	3952	1
Eric	706	Sound	115	21785954	260	1			260		other	0
Eric	706	Response	1	21791440	5745	1
Eric	707	Sound	113	21806961	260	1			260		other	0
Eric	707	Response	1	21810880	4178	1
Eric	708	Sound	114	21837144	265	1			260		other	0
Eric	708	Response	1	21841679	4800	1
Eric	709	Sound	115	21853977	260	1			260		other	0
Eric	709	Response	1	21860718	7001	1
Eric	710	Sound	104	21874317	260	1			260		other	0
Eric	711	Sound	105	21891156	260	1			260		other	0
Eric	712	Sound	101	21911842	272	1			260		other	0
Eric	713	Sound	102	21933841	264	1			260		other	0
Eric	714	Sound	114	21954677	260	1			260		other	0
Eric	714	Response	1	21958796	4379	1
Eric	715	Sound	116	21984687	260	1			260		other	0
Eric	715	Response	1	21988236	3808	1
Eric	716	Response	1	40647238	18645892	1
Eric	716	Response	255	40655158	18653811	1
Eric	717	Sound	104	40734952	260	1			260		other	0
Eric	718	Sound	102	40750958	260	1			260		other	0
Eric	719	Sound	104	40771298	260	1			260		other	0
Eric	720	Sound	113	40798140	260	1			260		other	0
Eric	720	Response	1	40801475	3594	1
Eric	721	Sound	106	40822831	276	1			260		other	0
Eric	722	Sound	103	40844656	260	1			260		other	0
Eric	723	Sound	101	40874666	260	1			260		other	0
Eric	724	Sound	113	40903342	260	1			260		other	0
Eric	724	Response	1	40906352	3270	1
Eric	725	Sound	116	40925349	260	1			260		other	0
Eric	725	Response	1	40928671	3582	1
Eric	726	Sound	110	40954028	262	1			260		other	0
Eric	726	Response	1	40959231	5465	1
Eric	727	Sound	109	40970197	260	1			260		other	0
Eric	727	Response	1	40974110	4173	1
Eric	728	Sound	108	40995373	260	1			260		other	0
Eric	728	Response	1	40999230	4117	1
Eric	729	Sound	111	41025049	260	1			260		other	0
Eric	729	Response	1	41028669	3880	1
Eric	730	Sound	101	41055226	260	1			260		other	0
Eric	731	Sound	110	41085069	260	1			260		other	0
Eric	731	Response	1	41088748	3938	1
Eric	732	Sound	102	41114079	260	1			260		other	0
Eric	733	Sound	115	41131751	260	1			260		other	0
Eric	733	Response	1	41135067	3575	1
Eric	734	Sound	103	41155759	260	1			260		other	0
Eric	735	Sound	108	41177600	260	1			260		other	0
Eric	736	Sound	116	41205109	260	1			260		other	0
Eric	736	Response	1	41208505	3655	1
Eric	737	Sound	116	41230451	260	1			260		other	0
Eric	737	Response	1	41233385	3193	1
Eric	738	Sound	112	41250625	260	1			260		other	0
Eric	738	Response	1	41254744	4379	1
Eric	739	Sound	112	41271798	260	1			260		other	0
Eric	739	Response	1	41274904	3365	1
Eric	740	Sound	105	41299808	260	1			260		other	0
Eric	741	Sound	109	41323149	260	1			260		other	0
Eric	741	Response	1	41327942	5053	1
Eric	742	Sound	111	41346156	260	1			260		other	0
Eric	742	Response	1	41349782	3885	1
Eric	743	Sound	111	41364830	260	1			260		other	0
Eric	743	Response	1	41368181	3611	1
Eric	744	Sound	103	41389504	260	1			260		other	0
Eric	745	Sound	104	41412345	260	1			260		other	0
Eric	746	Sound	107	41434519	260	1			260		other	0
Eric	747	Sound	116	41456193	260	1			260		other	0
Eric	747	Response	1	41459059	3126	1
Eric	748	Sound	105	41476200	260	1			260		other	0
Eric	749	Sound	109	41494039	260	1			260		other	0
Eric	749	Response	1	41499858	6079	1
Eric	750	Sound	105	41514379	260	1			260		other	0
Eric	751	Sound	111	41531718	260	1			260		other	0
Eric	751	Response	1	41535457	3999	1
Eric	752	Sound	103	41558394	260	1			260		other	0
Eric	753	Sound	114	41587571	260	1			260		other	0
Eric	753	Response	1	41590735	3425	2
Eric	754	Sound	114	41615580	260	1			260		other	0
Eric	754	Response	1	41618975	3655	1
Eric	755	Sound	114	41636254	260	1			260		other	0
Eric	755	Response	1	41639935	3941	1
Eric	756	Sound	112	41666264	260	1			260		other	0
Eric	756	Response	1	41668974	2970	1
Eric	757	Sound	107	41687271	260	1			260		other	0
Eric	758	Sound	106	41705443	260	1			260		other	0
Eric	759	Sound	102	41735120	260	1			260		other	0
Eric	760	Sound	109	41762295	260	1			260		other	0
Eric	761	Sound	114	41781969	260	1			260		other	0
Eric	761	Response	1	41784972	3262	1
Eric	762	Sound	104	41809478	260	1			260		other	0
Eric	763	Sound	105	41833986	260	1			260		other	0
Eric	764	Sound	101	41854493	260	1			260		other	0
Eric	765	Sound	110	41880835	260	1			260		other	0
Eric	765	Response	1	41885209	4633	1
Eric	766	Sound	110	41898841	260	1			260		other	0
Eric	766	Response	1	41905129	6547	1
Eric	767	Sound	106	41923516	260	1			260		other	0
Eric	768	Sound	108	41942689	260	1			260		other	0
Eric	768	Response	1	41947048	4618	1
Eric	769	Sound	101	41971706	267	1			260		other	0
Eric	770	Sound	107	41990706	260	1			260		other	0
Eric	771	Sound	113	42013713	260	1			260		other	0
Eric	771	Response	1	42017366	3913	1
Eric	772	Sound	108	42035054	260	1			260		other	0
Eric	773	Sound	102	42051904	272	1			260		other	0
Eric	774	Sound	107	42080404	262	1			260		other	0
Eric	775	Sound	115	42105077	260	1			260		other	0
Eric	775	Response	1	42108884	4067	1
Eric	776	Sound	115	42121582	260	1			260		other	0
Eric	776	Response	1	42125763	4441	1
Eric	777	Sound	113	42147258	260	1			260		other	0
Eric	777	Response	1	42150883	3885	1
Eric	778	Sound	112	42164764	260	1			260		other	0
Eric	778	Response	1	42168563	4059	1
Eric	779	Sound	115	42180269	260	1			260		other	0
Eric	779	Response	1	42183602	3593	1
Eric	780	Sound	106	42209779	260	1			260		other	0
Eric	781	Response	255	42251601	19661	1
Eric	782	Sound	19	42318499	277	1			260		other	0
Eric	783	Sound	24	42344498	268	1			260		other	0
Eric	783	Response	1	42347038	2808	1
Eric	784	Sound	11	42368998	260	1			260		other	0
Eric	785	Sound	16	42396508	260	1			260		other	0
Eric	786	Sound	22	42425184	260	1			260		other	0
Eric	786	Response	1	42427837	2912	1
Eric	787	Sound	13	42449359	260	1			260		other	0
Eric	788	Sound	17	42477702	260	1			260		other	0
Eric	788	Response	1	42480475	3033	1
Eric	789	Sound	22	42505544	260	1			260		other	0
Eric	789	Response	1	42507995	2710	1
Eric	790	Sound	19	42521883	260	1			260		other	0
Eric	790	Response	1	42524874	3251	1
Eric	791	Sound	25	42549394	261	1			260		other	0
Eric	791	Response	1	42551913	2781	1
Eric	792	Sound	14	42572400	260	1			260		other	0
Eric	793	Sound	20	42596575	260	1			260		other	0
Eric	793	Response	1	42598872	2558	1
Eric	794	Sound	21	42613414	260	1			260		other	0
Eric	794	Response	1	42616552	3398	1
Eric	795	Sound	16	42631092	266	1			260		other	0
Eric	795	Response	1	42633832	3005	1
Eric	796	Sound	13	42653260	260	1			260		other	0
Eric	797	Sound	12	42675434	260	1			260		other	0
Eric	798	Sound	14	42700776	260	1			260		other	0
Eric	799	Sound	17	42716948	260	1			260		other	0
Eric	800	Sound	20	42740289	260	1			260		other	0
Eric	800	Response	1	42743269	3240	1
Eric	801	Sound	14	42756961	260	1			260		other	0
Eric	802	Sound	18	42777969	260	1			260		other	0
Eric	802	Response	1	42781268	3559	1
Eric	803	Sound	24	42797142	260	1			260		other	0
Eric	803	Response	1	42799908	3026	1
Eric	804	Sound	17	42826818	260	1			260		other	0
Eric	804	Response	1	42830227	3668	1
Eric	805	Sound	15	42852326	260	1			260		other	0
Eric	806	Sound	16	42871000	260	1			260		other	0
Eric	806	Response	1	42874386	3646	1
Eric	807	Sound	21	42886171	260	1			260		other	0
Eric	807	Response	1	42889026	3114	1
Eric	808	Sound	13	42903677	260	1			260		other	0
Eric	809	Sound	22	42931520	260	1			260		other	0
Eric	809	Response	1	42934224	2964	1
Eric	810	Sound	18	42947359	260	1			260		other	0
Eric	810	Response	1	42950784	3685	1
Eric	811	Sound	14	42972534	260	1			260		other	0
Eric	812	Sound	16	42991707	260	1			260		other	0
Eric	812	Response	1	42995823	4376	1
Eric	813	Sound	25	43014047	260	1			260		other	0
Eric	813	Response	1	43016783	2995	1
Eric	814	Sound	20	43035221	260	1			260		other	0
Eric	814	Response	1	43039742	4781	1
Eric	815	Sound	19	43062063	260	1			260		other	0
Eric	815	Response	1	43065261	3458	1
Eric	816	Sound	12	43083082	271	1			260		other	0
Eric	817	Sound	26	43106082	263	1			260		other	0
Eric	817	Response	1	43108541	2722	1
Eric	818	Sound	11	43123417	260	1			260		other	0
Eric	819	Sound	15	43150426	260	1			260		other	0
Eric	820	Sound	26	43168933	260	1			260		other	0
Eric	820	Response	1	43171659	2986	1
Eric	821	Sound	23	43189606	260	1			260		other	0
Eric	821	Response	1	43193978	4632	1
Eric	822	Sound	21	43217282	260	1			260		other	0
Eric	822	Response	1	43220858	3836	1
Eric	823	Sound	11	43241790	260	1			260		other	0
Eric	824	Sound	12	43260963	260	1			260		other	0
Eric	825	Sound	18	43279970	260	1			260		other	0
Eric	825	Response	1	43283096	3386	1
Eric	826	Sound	15	43303811	260	1			260		other	0
Eric	826	Response	1	43308216	4664	1
Eric	827	Sound	24	43326819	260	1			260		other	0
Eric	827	Response	1	43329815	3256	1
Eric	828	Sound	23	43343991	260	1			260		other	0
Eric	828	Response	1	43348215	4484	1
Eric	829	Sound	18	43367832	260	1			260		other	0
Eric	829	Response	1	43371574	4002	1
Eric	830	Sound	24	43397843	260	1			260		other	0
Eric	830	Response	1	43400854	3271	1
Eric	831	Sound	21	43420517	260	1			260		other	0
Eric	831	Response	1	43424213	3956	1
Eric	832	Sound	11	43443524	260	1			260		other	0
Eric	833	Sound	19	43465698	260	1			260		other	0
Eric	833	Response	1	43470532	5093	1
Eric	834	Sound	26	43485038	260	1			260		other	0
Eric	834	Response	1	43489332	4553	1
Eric	835	Sound	26	43507379	260	1			260		other	0
Eric	835	Response	1	43510931	3812	1
Eric	836	Sound	25	43533721	260	1			260		other	0
Eric	836	Response	1	43537171	3709	1
Eric	837	Sound	22	43549072	272	1			260		other	0
Eric	837	Response	1	43553970	5170	1
Eric	838	Sound	13	43577569	260	1			260		other	0
Eric	839	Sound	23	43602578	260	1			260		other	0
Eric	839	Response	1	43606369	4051	1
Eric	840	Sound	17	43625419	260	1			260		other	0
Eric	840	Response	1	43633888	8729	1
Eric	841	Sound	15	43643425	260	1			260		other	0
Eric	842	Sound	12	43665269	264	1			260		other	0
Eric	843	Sound	23	43682604	260	1			260		other	0
Eric	843	Response	1	43685887	3542	1
Eric	844	Sound	20	43706446	260	1			260		other	0
Eric	844	Response	1	43710366	4181	1
Eric	845	Sound	25	43735622	260	1			260		other	0
Eric	845	Response	1	43739886	4523	1
Eric	846	Response	255	43765005	14058	1
Eric	847	Sound	17	43849665	265	1			260		other	0
Eric	848	Sound	12	43878670	260	1			260		other	0
Eric	849	Sound	17	43896009	260	1			260		other	0
Eric	850	Sound	13	43924685	260	1			260		other	0
Eric	851	Sound	11	43940857	260	1			260		other	0
Eric	852	Sound	20	43965199	260	1			260		other	0
Eric	852	Response	1	43969240	4301	1
Eric	853	Sound	18	43989040	260	1			260		other	0
Eric	853	Response	1	43992840	4060	1
Eric	854	Sound	12	44018216	260	1			260		other	0
Eric	855	Sound	15	44047226	260	1			260		other	0
Eric	856	Sound	14	44068900	260	1			260		other	0
Eric	857	Sound	17	44094409	260	1			260		other	0
Eric	857	Response	1	44098117	3968	1
Eric	858	Sound	11	44117250	260	1			260		other	0
Eric	859	Sound	13	44142759	261	1			260		other	0
Eric	860	Sound	26	44162598	260	1			260		other	0
Eric	860	Response	1	44166276	3937	1
Eric	861	Sound	23	44181438	260	1			260		other	0
Eric	861	Response	1	44186995	5817	1
Eric	862	Sound	12	44209114	260	1			260		other	0
Eric	863	Sound	14	44239124	260	1			260		other	0
Eric	864	Sound	11	44265466	260	1			260		other	0
Eric	865	Sound	20	44285806	260	1			260		other	0
Eric	865	Response	1	44289073	3526	1
Eric	866	Sound	25	44303145	260	1			260		other	0
Eric	866	Response	1	44306273	3387	1
Eric	867	Sound	19	44328320	260	1			260		other	0
Eric	867	Response	1	44331872	3811	1
Eric	868	Sound	17	44344325	260	1			260		other	0
Eric	868	Response	1	44348272	4206	1
Eric	869	Sound	26	44371001	260	1			260		other	0
Eric	869	Response	1	44373551	2810	1
Eric	870	Sound	26	44392508	260	1			260		other	0
Eric	870	Response	1	44395230	2982	1
Eric	871	Sound	12	44419353	262	1			260		other	0
Eric	872	Sound	23	44443692	260	1			260		other	0
Eric	872	Response	1	44448909	5477	1
Eric	873	Sound	14	44473869	260	1			260		other	0
Eric	874	Sound	14	44498711	260	1			260		other	0
Eric	874	Response	1	44502667	4217	1
Eric	875	Sound	20	44519718	260	1			260		other	0
Eric	875	Response	1	44523467	4009	1
Eric	876	Sound	21	44535723	260	1			260		other	0
Eric	876	Response	1	44543547	8084	1
Eric	877	Sound	16	44564566	260	1			260		other	0
Eric	878	Sound	20	44581905	260	1			260		other	0
Eric	878	Response	1	44584346	2701	1
Eric	879	Sound	11	44597749	265	1			260		other	0
Eric	880	Sound	24	44617750	260	1			260		other	0
Eric	880	Response	1	44620425	2935	1
Eric	881	Sound	22	44640925	260	1			260		other	0
Eric	881	Response	1	44643385	2720	1
Eric	882	Sound	18	44664099	260	1			260		other	0
Eric	882	Response	1	44666984	3145	1
Eric	883	Sound	21	44692947	265	1			260		other	0
Eric	883	Response	1	44695543	2861	1
Eric	884	Sound	13	44716617	260	1			260		other	0
Eric	885	Sound	22	44740625	260	1			260		other	0
Eric	885	Response	1	44743382	3017	1
Eric	886	Sound	22	44758964	260	1			260		other	0
Eric	886	Response	1	44761942	3237	1
Eric	887	Sound	19	44783139	260	1			260		other	0
Eric	887	Response	1	44785781	2902	1
Eric	888	Sound	21	44810481	260	1			260		other	0
Eric	888	Response	1	44813301	3079	1
Eric	889	Sound	25	44834323	260	1			260		other	0
Eric	889	Response	1	44837140	3077	2
Eric	890	Sound	25	44853162	260	1			260		other	0
Eric	890	Response	1	44856340	3437	1
Eric	891	Sound	21	44872502	260	1			260		other	0
Eric	891	Response	1	44875539	3297	1
Eric	892	Sound	23	44891175	260	1			260		other	0
Eric	892	Response	1	44895459	4543	1
Eric	893	Sound	23	44918684	260	1			260		other	0
Eric	893	Response	1	44921218	2794	1
Eric	894	Sound	24	44943859	260	1			260		other	0
Eric	894	Response	1	44946578	2978	1
Eric	895	Sound	19	44960532	260	1			260		other	0
Eric	895	Response	1	44963377	3105	1
Eric	896	Sound	24	44990375	260	1			260		other	0
Eric	896	Response	1	44993776	3661	1
Eric	897	Sound	15	45016217	260	1			260		other	0
Eric	897	Response	1	45020416	4458	1
Eric	898	Sound	15	45045740	273	1			260		other	0
Eric	899	Sound	26	45066567	260	1			260		other	0
Eric	899	Response	1	45069134	2827	1
Eric	900	Sound	16	45094743	260	1			260		other	0
Eric	901	Sound	22	45117751	260	1			260		other	0
Eric	901	Response	1	45120653	3162	1
Eric	902	Sound	25	45134756	260	1			260		other	0
Eric	902	Response	1	45139213	4716	1
Eric	903	Sound	19	45164766	260	1			260		other	0
Eric	903	Response	1	45170732	6225	1
Eric	904	Sound	13	45192276	260	1			260		other	0
Eric	905	Sound	18	45215617	260	1			260		other	0
Eric	905	Response	1	45219611	4254	1
Eric	906	Sound	24	45232623	260	1			260		other	0
Eric	906	Response	1	45235611	3248	1
Eric	907	Sound	16	45256135	264	1			260		other	0
Eric	907	Response	1	45260011	4140	1
Eric	908	Sound	18	45283139	260	1			260		other	0
Eric	909	Sound	16	45303312	260	1			260		other	0
Eric	909	Response	1	45306809	3757	1
Eric	910	Sound	15	45331322	260	1			260		other	0
Eric	911	Response	255	45358568	10420	1
Eric	912	Sound	13	45421186	260	1			260		other	0
Eric	913	Sound	11	45444527	260	1			260		other	0
Eric	914	Sound	11	45466200	260	1			260		other	0
Eric	915	Sound	23	45487708	260	1			260		other	0
Eric	915	Response	1	45491125	3677	1
Eric	916	Sound	19	45504880	260	1			260		other	0
Eric	916	Response	1	45508884	4264	1
Eric	917	Sound	12	45523553	260	1			260		other	0
Eric	918	Sound	25	45550562	260	1			260		other	0
Eric	918	Response	1	45553843	3541	1
Eric	919	Sound	23	45572069	260	1			260		other	0
Eric	919	Response	1	45574803	2993	1
Eric	920	Sound	12	45590075	260	1			260		other	0
Eric	921	Sound	23	45607081	260	1			260		other	0
Eric	921	Response	1	45610242	3421	1
Eric	922	Sound	24	45627921	260	1			260		other	0
Eric	922	Response	1	45631441	3780	1
Eric	923	Sound	15	45652430	260	1			260		other	0
Eric	923	Response	1	45656321	4151	1
Eric	924	Sound	15	45667601	260	1			260		other	0
Eric	924	Response	1	45673760	6419	1
Eric	925	Sound	24	45696125	274	1			260		other	0
Eric	925	Response	1	45699120	3269	1
Eric	926	Sound	25	45724787	260	1			260		other	0
Eric	926	Response	1	45728399	3872	1
Eric	927	Sound	23	45750462	260	1			260		other	0
Eric	927	Response	1	45753758	3556	1
Eric	928	Sound	19	45776638	260	1			260		other	0
Eric	928	Response	1	45779918	3540	1
Eric	929	Sound	17	45804647	260	1			260		other	0
Eric	929	Response	1	45808317	3930	1
Eric	930	Sound	19	45826823	261	1			260		other	0
Eric	930	Response	1	45831277	4715	1
Eric	931	Sound	13	45841993	260	1			260		other	0
Eric	932	Sound	26	45867001	260	1			260		other	0
Eric	932	Response	1	45869516	2774	1
Eric	933	Sound	17	45882521	275	1			260		other	0
Eric	934	Sound	21	45900179	260	1			260		other	0
Eric	934	Response	1	45904475	4556	1
Eric	935	Sound	12	45926854	260	1			260		other	0
Eric	936	Sound	18	45950362	260	1			260		other	0
Eric	936	Response	1	45954234	4131	1
Eric	937	Sound	25	45970869	260	1			260		other	0
Eric	937	Response	1	45975913	5304	1
Eric	938	Sound	15	45993719	268	1			260		other	0
Eric	939	Sound	19	46016718	260	1			260		other	0
Eric	940	Sound	25	46046728	260	1			260		other	0
Eric	940	Response	1	46049912	3443	1
Eric	941	Sound	17	46069236	260	1			260		other	0
Eric	941	Response	1	46073351	4375	1
Eric	942	Sound	20	46095244	260	1			260		other	0
Eric	942	Response	1	46098631	3646	1
Eric	943	Sound	17	46124587	260	1			260		other	0
Eric	943	Response	1	46128150	3822	1
Eric	944	Sound	12	46141260	260	1			260		other	0
Eric	945	Sound	16	46171436	260	1			260		other	0
Eric	945	Response	1	46174869	3692	1
Eric	946	Sound	20	46197445	260	1			260		other	0
Eric	946	Response	1	46201108	3923	1
Eric	947	Sound	14	46226788	260	1			260		other	0
Eric	948	Sound	11	46242293	260	1			260		other	0
Eric	949	Sound	16	46265968	260	1			260		other	0
Eric	949	Response	1	46269506	3798	1
Eric	950	Sound	21	46287313	264	1			260		other	0
Eric	950	Response	1	46291586	4537	1
Eric	951	Sound	24	46314984	260	1			260		other	0
Eric	951	Response	1	46319505	4781	1
Eric	952	Sound	15	46335325	260	1			260		other	0
Eric	953	Sound	13	46362500	260	1			260		other	0
Eric	954	Sound	22	46392344	260	1			260		other	0
Eric	954	Response	1	46399503	7420	1
Eric	955	Sound	14	46407682	260	1			260		other	0
Eric	956	Sound	18	46427855	260	1			260		other	0
Eric	956	Response	1	46430943	3347	1
Eric	957	Sound	21	46443861	260	1			260		other	0
Eric	957	Response	1	46446622	3021	1
Eric	958	Sound	13	46461033	260	1			260		other	0
Eric	959	Sound	22	46483541	260	1			260		other	0
Eric	959	Response	1	46486221	2940	1
Eric	960	Sound	20	46500713	260	1			260		other	0
Eric	960	Response	1	46503901	3447	1
Eric	961	Sound	11	46521053	260	1			260		other	0
Eric	962	Sound	18	46547894	260	1			260		other	0
Eric	962	Response	1	46551980	4345	1
Eric	963	Sound	16	46565735	260	1			260		other	0
Eric	963	Response	1	46570539	5064	1
Eric	964	Sound	22	46587075	260	1			260		other	0
Eric	964	Response	1	46589739	2923	2
Eric	965	Sound	16	46615752	260	1			260		other	0
Eric	966	Sound	14	46640260	260	1			260		other	0
Eric	967	Sound	22	46656432	260	1			260		other	0
Eric	967	Response	1	46660297	4125	1
Eric	968	Sound	24	46685608	260	1			260		other	0
Eric	968	Response	1	46690697	5348	1
Eric	969	Sound	14	46705115	260	1			260		other	0
Eric	970	Sound	26	46724288	260	1			260		other	0
Eric	970	Response	1	46728056	4028	1
Eric	971	Sound	21	46742803	268	1			260		other	0
Eric	971	Response	1	46747895	5361	1
Eric	972	Sound	18	46768969	260	1			260		other	0
Eric	972	Response	1	46772615	3905	1
Eric	973	Sound	26	46786142	260	1			260		other	0
Eric	973	Response	1	46789654	3772	1
Eric	974	Sound	26	46813651	260	1			260		other	0
Eric	974	Response	1	46818214	4822	1
Eric	975	Sound	20	46838501	268	1			260		other	0
Eric	975	Response	1	46844853	6620	1
Eric	976	Response	255	46911331	57680	1
Eric	977	Sound	14	46984875	260	1			260		other	0
Eric	978	Sound	20	47010550	260	1			260		other	0
Eric	978	Response	1	47013729	3439	1
Eric	979	Sound	24	47025897	268	1			260		other	0
Eric	979	Response	1	47029729	4100	1
Eric	980	Sound	22	47042561	260	1			260		other	0
Eric	980	Response	1	47045648	3347	1
Eric	981	Sound	25	47067403	260	1			260		other	0
Eric	981	Response	1	47070128	2985	1
Eric	982	Sound	12	47093244	260	1			260		other	0
Eric	983	Sound	25	47109417	260	1			260		other	0
Eric	983	Response	1	47112047	2890	1
Eric	984	Sound	25	47131094	264	1			260		other	0
Eric	984	Response	1	47133646	2816	1
Eric	985	Sound	26	47159933	260	1			260		other	0
Eric	985	Response	1	47162286	2612	1
Eric	986	Sound	17	47181607	260	1			260		other	0
Eric	987	Sound	14	47207116	260	1			260		other	0
Eric	988	Sound	21	47234792	260	1			260		other	0
Eric	988	Response	1	47237884	3352	1
Eric	989	Sound	19	47251297	260	1			260		other	0
Eric	989	Response	1	47254443	3406	1
Eric	990	Sound	13	47281140	260	1			260		other	0
Eric	991	Sound	23	47304491	269	1			260		other	0
Eric	991	Response	1	47309082	4860	1
Eric	992	Sound	11	47320654	260	1			260		other	0
Eric	993	Sound	11	47348997	260	1			260		other	0
Eric	994	Sound	11	47369503	260	1			260		other	0
Eric	995	Sound	26	47389677	260	1			260		other	0
Eric	995	Response	1	47392520	3103	1
Eric	996	Sound	13	47411017	260	1			260		other	0
Eric	997	Sound	14	47435859	260	1			260		other	0
Eric	998	Sound	22	47464868	260	1			260		other	0
Eric	998	Response	1	47468118	3510	1
Eric	999	Sound	26	47488043	260	1			260		other	0
Eric	999	Response	1	47490838	3054	1
Eric	1000	Sound	15	47514386	260	1			260		other	0
Eric	1001	Sound	12	47543728	260	1			260		other	0
Eric	1002	Sound	18	47568737	260	1			260		other	0
Eric	1002	Response	1	47573636	5159	1
Eric	1003	Sound	21	47591744	260	1			260		other	0
Eric	1003	Response	1	47595875	4391	1
Eric	1004	Sound	15	47618753	260	1			260		other	0
Eric	1005	Sound	20	47636092	260	1			260		other	0
Eric	1005	Response	1	47639634	3802	1
Eric	1006	Sound	23	47656766	260	1			260		other	0
Eric	1006	Response	1	47661874	5367	1
Eric	1007	Sound	19	47681441	260	1			260		other	0
Eric	1007	Response	1	47700113	18932	1
Eric	1008	Sound	17	47708117	260	1			260		other	0
Eric	1008	Response	1	47712593	4736	1
Eric	1009	Sound	18	47723955	260	1			260		other	0
Eric	1009	Response	1	47727872	4177	1
Eric	1010	Sound	11	47747296	260	1			260		other	0
Eric	1011	Sound	20	47776306	260	1			260		other	0
Eric	1011	Response	1	47780911	4865	1
Eric	1012	Sound	17	47800814	260	1			260		other	0
Eric	1012	Response	1	47807150	6596	1
Eric	1013	Sound	18	47822322	260	1			260		other	0
Eric	1013	Response	1	47825310	3248	1
Eric	1014	Sound	20	47845996	260	1			260		other	0
Eric	1014	Response	1	47849310	3573	1
Eric	1015	Sound	19	47862001	260	1			260		other	0
Eric	1015	Response	1	47866349	4607	1
Eric	1016	Sound	26	47891678	260	1			260		other	0
Eric	1016	Response	1	47894988	3570	1
Eric	1017	Sound	23	47920187	260	1			260		other	0
Eric	1017	Response	1	47923388	3460	1
Eric	1018	Sound	14	47944696	260	1			260		other	0
Eric	1019	Sound	24	47960034	260	1			260		other	0
Eric	1019	Response	1	47963307	3532	1
Eric	1020	Sound	13	47977540	260	1			260		other	0
Eric	1021	Sound	21	47998714	260	1			260		other	0
Eric	1021	Response	1	48002026	3572	1
Eric	1022	Sound	15	48025556	260	1			260		other	0
Eric	1022	Response	1	48032585	7289	1
Eric	1023	Sound	22	48048230	260	1			260		other	0
Eric	1023	Response	1	48051145	3174	1
Eric	1024	Sound	13	48070238	260	1			260		other	0
Eric	1025	Sound	12	48088077	260	1			260		other	0
Eric	1026	Sound	16	48115920	260	1			260		other	0
Eric	1026	Response	1	48120423	4763	1
Eric	1027	Sound	17	48131925	260	1			260		other	0
Eric	1027	Response	1	48136103	4438	1
Eric	1028	Sound	24	48159101	260	1			260		other	0
Eric	1028	Response	1	48162102	3261	1
Eric	1029	Sound	12	48187944	260	1			260		other	0
Eric	1030	Sound	16	48204949	260	1			260		other	0
Eric	1031	Sound	18	48226623	260	1			260		other	0
Eric	1031	Response	1	48230261	3897	1
Eric	1032	Sound	15	48249970	265	1			260		other	0
Eric	1032	Response	1	48256500	6795	1
Eric	1033	Sound	25	48269638	260	1			260		other	0
Eric	1033	Response	1	48272900	3522	1
Eric	1033	Response	1	48294979	25601	1
Eric	1034	Sound	22	48297813	260	1			260		other	0
Eric	1034	Response	1	48302819	5265	1
Eric	1035	Sound	16	48324823	260	1			260		other	0
Eric	1035	Response	1	48328578	4015	1
Eric	1036	Sound	19	48346168	265	1			260		other	0
Eric	1036	Response	1	48350898	4994	1
Eric	1037	Sound	21	48369838	260	1			260		other	0
Eric	1037	Response	1	48372737	3159	1
Eric	1037	Response	1	48388897	19319	1
Eric	1038	Sound	16	48399681	260	1			260		other	0
Eric	1039	Sound	23	48422522	260	1			260		other	0
Eric	1039	Response	1	48426496	4234	1
Eric	1040	Sound	24	48442195	260	1			260		other	0
Eric	1040	Response	1	48447215	5280	1
Eric	1041	Response	255	48504894	44206	1
Eric	1041	Response	1	48539373	78685	1
Eric	1042	Sound	104	48571405	260	1			260		other	0
Eric	1043	Sound	111	48599248	260	1			260		other	0
Eric	1043	Response	1	48603212	4224	1
Eric	1044	Sound	108	48623262	266	1			260		other	0
Eric	1045	Sound	111	48639262	260	1			260		other	0
Eric	1045	Response	1	48643131	4129	1
Eric	1046	Sound	112	48655267	260	1			260		other	0
Eric	1046	Response	1	48658890	3883	1
Eric	1047	Sound	115	48674440	260	1			260		other	0
Eric	1047	Response	1	48677930	3750	1
Eric	1048	Sound	114	48693946	260	1			260		other	0
Eric	1048	Response	1	48697530	3843	1
Eric	1049	Sound	113	48719121	260	1			260		other	0
Eric	1049	Response	1	48722649	3787	1
Eric	1050	Sound	108	48740628	260	1			260		other	0
Eric	1050	Response	1	48744729	4360	1
Eric	1051	Sound	102	48763303	260	1			260		other	0
Eric	1052	Sound	101	48779808	260	1			260		other	0
Eric	1053	Sound	116	48803658	268	1			260		other	0
Eric	1053	Response	1	48807207	3817	1
Eric	1054	Sound	115	48820822	260	1			260		other	0
Eric	1054	Response	1	48824007	3444	1
Eric	1055	Sound	111	48841996	260	1			260		other	0
Eric	1055	Response	1	48845846	4110	1
Eric	1056	Sound	112	48866837	260	1			260		other	0
Eric	1056	Response	1	48870166	3588	1
Eric	1057	Sound	109	48889011	260	1			260		other	0
Eric	1058	Sound	113	48913019	260	1			260		other	0
Eric	1058	Response	1	48916884	4125	1
Eric	1059	Sound	108	48940695	260	1			260		other	0
Eric	1060	Sound	110	48965037	260	1			260		other	0
Eric	1060	Response	1	48969763	4986	1
Eric	1061	Sound	106	48991379	260	1			260		other	0
Eric	1062	Sound	115	49017387	260	1			260		other	0
Eric	1062	Response	1	49021042	3914	1
Eric	1063	Sound	109	49043063	260	1			260		other	0
Eric	1063	Response	1	49051201	8398	1
Eric	1064	Sound	105	49071406	260	1			260		other	0
Eric	1065	Sound	101	49096914	260	1			260		other	0
Eric	1066	Sound	105	49113086	260	1			260		other	0
Eric	1067	Sound	103	49134427	260	1			260		other	0
Eric	1068	Sound	110	49150599	260	1			260		other	0
Eric	1068	Response	1	49155839	5500	1
Eric	1069	Sound	108	49172273	260	1			260		other	0
Eric	1070	Sound	107	49195450	262	1			260		other	0
Eric	1071	Sound	110	49219122	260	1			260		other	0
Eric	1071	Response	1	49223597	4735	1
Eric	1072	Sound	102	49245464	260	1			260		other	0
Eric	1073	Sound	116	49267304	260	1			260		other	0
Eric	1073	Response	1	49270796	3751	1
Eric	1074	Sound	104	49294980	260	1			260		other	0
Eric	1075	Sound	114	49312820	260	1			260		other	0
Eric	1075	Response	1	49316875	4315	1
Eric	1076	Sound	110	49329158	260	1			260		other	0
Eric	1077	Sound	107	49348346	275	1			260		other	0
Eric	1078	Sound	103	49376674	260	1			260		other	0
Eric	1079	Sound	104	49394847	260	1			260		other	0
Eric	1080	Sound	102	49423357	260	1			260		other	0
Eric	1081	Sound	115	49439362	260	1			260		other	0
Eric	1081	Response	1	49443592	4490	1
Eric	1082	Sound	103	49462544	267	1			260		other	0
Eric	1083	Sound	105	49485544	260	1			260		other	0
Eric	1084	Sound	114	49503383	260	1			260		other	0
Eric	1084	Response	1	49507111	3987	1
Eric	1085	Sound	114	49532226	260	1			260		other	0
Eric	1085	Response	1	49536150	4183	1
Eric	1086	Sound	101	49556242	267	1			260		other	0
Eric	1087	Sound	109	49586411	260	1			260		other	0
Eric	1087	Response	1	49592548	6397	1
Eric	1088	Sound	107	49611086	260	1			260		other	0
Eric	1088	Response	1	49618548	7722	1
Eric	1089	Sound	116	49629592	260	1			260		other	0
Eric	1089	Response	1	49632947	3615	1
Eric	1090	Sound	116	49659602	260	1			260		other	0
Eric	1090	Response	1	49662627	3284	1
Eric	1091	Sound	109	49688112	260	1			260		other	0
Eric	1091	Response	1	49693426	5574	1
Eric	1092	Sound	105	49715288	260	1			260		other	0
Eric	1093	Sound	112	49742297	260	1			260		other	0
Eric	1093	Response	1	49746545	4508	1
Eric	1094	Sound	113	49766138	260	1			260		other	0
Eric	1094	Response	1	49772064	6186	1
Eric	1095	Sound	106	49782810	260	1			260		other	0
Eric	1096	Sound	107	49808152	260	1			260		other	0
Eric	1097	Sound	111	49836661	260	1			260		other	0
Eric	1097	Response	1	49841583	5181	1
Eric	1098	Sound	106	49853000	260	1			260		other	0
Eric	1099	Sound	103	49880009	260	1			260		other	0
Eric	1100	Sound	112	49909519	260	1			260		other	0
Eric	1100	Response	1	49913901	4642	1
Eric	1101	Sound	102	49928034	268	1			260		other	0
Eric	1102	Sound	106	49947365	260	1			260		other	0
Eric	1103	Sound	113	49966538	260	1			260		other	0
Eric	1103	Response	1	49970220	3941	1
Eric	1104	Sound	104	49987712	260	1			260		other	0
Eric	1105	Sound	101	50003717	260	1			260		other	0
Eric	1106	Response	255	51328588	1295207	1
Eric	1107	Sound	113	51409020	260	1			260		other	0
Eric	1107	Response	1	51412906	4145	1
Eric	1108	Sound	114	51431201	267	1			260		other	0
Eric	1108	Response	1	51434905	3970	1
Eric	1109	Sound	105	51458870	260	1			260		other	0
Eric	1110	Sound	111	51475876	260	1			260		other	0
Eric	1110	Response	1	51481064	5448	1
Eric	1111	Sound	112	51499884	260	1			260		other	0
Eric	1111	Response	1	51503544	3919	1
Eric	1112	Sound	109	51525559	260	1			260		other	0
Eric	1112	Response	1	51529703	4404	1
Eric	1113	Sound	112	51551234	260	1			260		other	0
Eric	1113	Response	1	51554663	3688	1
Eric	1114	Sound	110	51567573	260	1			260		other	0
Eric	1114	Response	1	51574982	7668	1
Eric	1115	Sound	104	51583912	260	1			260		other	0
Eric	1116	Sound	103	51599751	260	1			260		other	0
Eric	1117	Sound	104	51615597	268	1			260		other	0
Eric	1118	Sound	111	51631597	262	1			260		other	0
Eric	1118	Response	1	51636341	5006	1
Eric	1119	Sound	113	51651268	260	1			260		other	0
Eric	1119	Response	1	51656020	5012	1
Eric	1120	Sound	102	51672775	260	1			260		other	0
Eric	1121	Sound	102	51701118	260	1			260		other	0
Eric	1122	Sound	102	51717623	260	1			260		other	0
Eric	1123	Sound	103	51743298	260	1			260		other	0
Eric	1124	Sound	113	51762472	260	1			260		other	0
Eric	1124	Response	1	51766978	4766	1
Eric	1125	Sound	105	51788980	260	1			260		other	0
Eric	1126	Sound	109	51804493	267	1			260		other	0
Eric	1127	Sound	108	51824159	260	1			260		other	0
Eric	1128	Sound	114	51849668	260	1			260		other	0
Eric	1128	Response	1	51853295	3888	1
Eric	1129	Sound	113	51874192	276	1			260		other	0
Eric	1129	Response	1	51878575	4659	1
Eric	1130	Sound	103	51893682	260	1			260		other	0
Eric	1131	Sound	115	51919357	260	1			260		other	0
Eric	1131	Response	1	51924254	5156	1
Eric	1132	Sound	101	51949201	260	1			260		other	0
Eric	1133	Sound	111	51967540	260	1			260		other	0
Eric	1133	Response	1	51972093	4812	1
Eric	1134	Sound	102	51993049	260	1			260		other	0
Eric	1135	Sound	115	52009554	260	1			260		other	0
Eric	1135	Response	1	52013132	3837	1
Eric	1136	Sound	108	52028394	260	1			260		other	0
Eric	1137	Sound	109	52046733	260	1			260		other	0
Eric	1137	Response	1	52052731	6257	1
Eric	1138	Sound	116	52070241	260	1			260		other	0
Eric	1138	Response	1	52073450	3469	1
Eric	1139	Sound	110	52097417	260	1			260		other	0
Eric	1139	Response	1	52102090	4933	1
Eric	1140	Sound	105	52124092	260	1			260		other	0
Eric	1141	Sound	104	52146600	260	1			260		other	0
Eric	1142	Sound	107	52174785	269	1			260		other	0
Eric	1143	Sound	101	52202119	260	1			260		other	0
Eric	1144	Sound	101	52222959	260	1			260		other	0
Eric	1145	Sound	101	52252302	260	1			260		other	0
Eric	1146	Sound	108	52273142	260	1			260		other	0
Eric	1147	Sound	116	52299151	260	1			260		other	0
Eric	1147	Response	1	52302645	3754	1
Eric	1148	Sound	106	52322992	260	1			260		other	0
Eric	1149	Sound	114	52341181	276	1			260		other	0
Eric	1149	Response	1	52346324	5419	1
Eric	1150	Sound	110	52370008	260	1			260		other	0
Eric	1150	Response	1	52374243	4495	1
Eric	1151	Sound	115	52391015	260	1			260		other	0
Eric	1151	Response	1	52394563	3807	1
Eric	1152	Sound	106	52416190	260	1			260		other	0
Eric	1153	Sound	106	52446700	260	1			260		other	0
Eric	1154	Sound	107	52473209	260	1			260		other	0
Eric	1155	Sound	109	52492049	260	1			260		other	0
Eric	1156	Sound	112	52520392	260	1			260		other	0
Eric	1156	Response	1	52524560	4428	1
Eric	1157	Sound	111	52544566	260	1			260		other	0
Eric	1158	Sound	116	52566907	260	1			260		other	0
Eric	1158	Response	1	52569999	3351	1
Eric	1159	Sound	116	52595917	260	1			260		other	0
Eric	1159	Response	1	52598798	3141	1
Eric	1160	Sound	114	52616590	260	1			260		other	0
Eric	1160	Response	1	52621117	4786	1
Eric	1161	Sound	106	52643766	260	1			260		other	0
Eric	1162	Sound	115	52660274	263	1			260		other	0
Eric	1162	Response	1	52664397	4385	1
Eric	1163	Sound	112	52679278	260	1			260		other	0
Eric	1164	Sound	107	52707787	260	1			260		other	0
Eric	1165	Sound	110	52733630	260	1			260		other	0
Eric	1166	Sound	105	52750635	260	1			260		other	0
Eric	1167	Sound	108	52774810	260	1			260		other	0
Eric	1168	Sound	103	52803986	260	1			260		other	0
Eric	1169	Sound	104	52829828	260	1			260		other	0
Eric	1170	Sound	107	52858004	260	1			260		other	0
Eric	1171	Response	255	52945270	60436	1
Eric	1172	Sound	102	53020726	260	1			260		other	0
Eric	1173	Sound	112	53045234	260	1			260		other	0
Eric	1173	Response	1	53049268	4294	1
Eric	1174	Sound	109	53073577	260	1			260		other	0
Eric	1174	Response	1	53077427	4110	1
Eric	1175	Sound	110	53100419	260	1			260		other	0
Eric	1175	Response	1	53104306	4147	2
Eric	1176	Sound	103	53129929	260	1			260		other	0
Eric	1177	Sound	109	53159105	260	1			260		other	0
Eric	1178	Sound	115	53185963	275	1			260		other	0
Eric	1178	Response	1	53189744	4056	1
Eric	1179	Sound	107	53208122	260	1			260		other	0
Eric	1180	Sound	110	53231629	260	1			260		other	0
Eric	1180	Response	1	53236223	4854	1
Eric	1181	Sound	105	53255137	260	1			260		other	0
Eric	1182	Sound	113	53284480	260	1			260		other	0
Eric	1182	Response	1	53287582	3361	1
Eric	1183	Sound	114	53311323	260	1			260		other	0
Eric	1183	Response	1	53315741	4678	1
Eric	1184	Sound	111	53338999	260	1			260		other	0
Eric	1184	Response	1	53342861	4122	1
Eric	1185	Sound	112	53364841	260	1			260		other	0
Eric	1185	Response	1	53368620	4039	1
Eric	1186	Sound	113	53390682	260	1			260		other	0
Eric	1186	Response	1	53394379	3956	1
Eric	1187	Sound	116	53418359	260	1			260		other	0
Eric	1187	Response	1	53421259	3160	1
Eric	1188	Sound	116	53438032	260	1			260		other	0
Eric	1188	Response	1	53442699	4927	1
Eric	1189	Sound	114	53457205	260	1			260		other	0
Eric	1189	Response	1	53461018	4073	1
Eric	1190	Sound	103	53482713	260	1			260		other	0
Eric	1191	Sound	109	53499556	264	1			260		other	0
Eric	1191	Response	1	53503897	4604	1
Eric	1192	Sound	104	53528395	260	1			260		other	0
Eric	1193	Sound	107	53552737	260	1			260		other	0
Eric	1194	Sound	112	53571755	271	1			260		other	0
Eric	1194	Response	1	53576375	4892	1
Eric	1195	Sound	116	53593754	264	1			260		other	0
Eric	1195	Response	1	53596695	3204	1
Eric	1196	Sound	116	53614424	260	1			260		other	0
Eric	1196	Response	1	53619174	5010	1
Eric	1197	Sound	111	53644767	260	1			260		other	0
Eric	1197	Response	1	53648453	3945	1
Eric	1198	Sound	114	53669609	260	1			260		other	0
Eric	1198	Response	1	53672933	3583	1
Eric	1199	Sound	105	53687115	260	1			260		other	0
Eric	1200	Sound	107	53709289	260	1			260		other	0
Eric	1200	Response	1	53713332	4303	1
Eric	1201	Sound	101	53724961	260	1			260		other	0
Eric	1202	Sound	113	53755471	260	1			260		other	0
Eric	1202	Response	1	53758771	3559	1
Eric	1203	Sound	107	53772977	260	1			260		other	0
Eric	1204	Sound	110	53803154	260	1			260		other	0
Eric	1204	Response	1	53806850	3956	1
Eric	1205	Sound	101	53819159	260	1			260		other	0
Eric	1206	Sound	113	53843834	260	1			260		other	0
Eric	1206	Response	1	53847249	3675	1
Eric	1207	Sound	106	53873344	260	1			260		other	0
Eric	1208	Sound	104	53900186	260	1			260		other	0
Eric	1209	Sound	110	53928196	260	1			260		other	0
Eric	1209	Response	1	53932687	4751	1
Eric	1210	Sound	115	53955538	260	1			260		other	0
Eric	1210	Response	1	53960446	5168	1
Eric	1211	Sound	115	53984548	260	1			260		other	0
Eric	1211	Response	1	53989485	5197	1
Eric	1212	Sound	102	54004388	260	1			260		other	0
Eric	1213	Sound	105	54023227	260	1			260		other	0
Eric	1214	Sound	106	54045068	260	1			260		other	0
Eric	1215	Sound	101	54065908	260	1			260		other	0
Eric	1216	Sound	108	54083081	260	1			260		other	0
Eric	1217	Sound	108	54106422	260	1			260		other	0
Eric	1218	Sound	106	54135442	271	1			260		other	0
Eric	1219	Sound	104	54155438	260	1			260		other	0
Eric	1220	Sound	108	54180113	260	1			260		other	0
Eric	1221	Sound	105	54203121	260	1			260		other	0
Eric	1222	Sound	115	54221794	260	1			260		other	0
Eric	1222	Response	1	54226520	4986	1
Eric	1223	Sound	111	54252137	260	1			260		other	0
Eric	1223	Response	1	54257479	5602	1
Eric	1224	Sound	102	54279980	260	1			260		other	0
Eric	1225	Sound	102	54297819	260	1			260		other	0
Eric	1226	Sound	111	54318659	260	1			260		other	0
Eric	1226	Response	1	54324357	5958	2
Eric	1227	Sound	106	54339833	260	1			260		other	0
Eric	1228	Sound	114	54364175	260	1			260		other	0
Eric	1228	Response	1	54368517	4602	1
Eric	1229	Sound	112	54381180	260	1			260		other	0
Eric	1229	Response	1	54385076	4156	1
Eric	1230	Sound	103	54409037	273	1			260		other	0
Eric	1231	Sound	104	54436036	264	1			260		other	0
Eric	1232	Sound	101	54458873	260	1			260		other	0
Eric	1233	Sound	108	54485548	260	1			260		other	0
Eric	1234	Sound	103	54503888	260	1			260		other	0
Eric	1235	Sound	109	54531734	263	1			260		other	0
Eric	1235	Response	1	54536033	4562	1
Eric	1236	Response	255	54580192	26300	1
Eric	1237	Sound	102	54642768	260	1			260		other	0
Eric	1238	Sound	103	54670610	260	1			260		other	0
Eric	1239	Sound	104	54689450	260	1			260		other	0
Eric	1240	Sound	106	54718626	260	1			260		other	0
Eric	1241	Sound	104	54746136	260	1			260		other	0
Eric	1242	Sound	111	54773811	260	1			260		other	0
Eric	1242	Response	1	54778507	4955	1
Eric	1243	Sound	101	54790317	260	1			260		other	0
Eric	1244	Sound	105	54808657	260	1			260		other	0
Eric	1245	Sound	106	54827996	260	1			260		other	0
Eric	1246	Sound	108	54855339	260	1			260		other	0
Eric	1246	Response	1	54860665	5586	1
Eric	1247	Sound	113	54885349	260	1			260		other	0
Eric	1247	Response	1	54889304	4215	1
Eric	1248	Sound	114	54903855	260	1			260		other	0
Eric	1248	Response	1	54907864	4269	1
Eric	1249	Sound	103	54923862	260	1			260		other	0
Eric	1250	Sound	105	54947703	260	1			260		other	0
Eric	1251	Sound	102	54964225	276	1			260		other	0
Eric	1252	Sound	110	54987883	260	1			260		other	0
Eric	1252	Response	1	54991942	4319	1
Eric	1253	Sound	111	55010057	260	1			260		other	0
Eric	1253	Response	1	55015941	6144	1
Eric	1254	Sound	115	55035732	260	1			260		other	0
Eric	1254	Response	1	55039141	3668	1
Eric	1255	Sound	114	55060074	260	1			260		other	0
Eric	1255	Response	1	55064020	4206	1
Eric	1256	Sound	101	55086749	260	1			260		other	0
Eric	1257	Sound	115	55106256	260	1			260		other	0
Eric	1257	Response	1	55109699	3703	1
Eric	1258	Sound	105	55123929	260	1			260		other	0
Eric	1259	Sound	113	55141268	260	1			260		other	0
Eric	1259	Response	1	55146178	5170	1
Eric	1260	Sound	103	55162275	260	1			260		other	0
Eric	1261	Sound	103	55187450	260	1			260		other	0
Eric	1262	Sound	113	55204122	260	1			260		other	0
Eric	1262	Response	1	55208817	4955	1
Eric	1263	Sound	107	55231465	260	1			260		other	0
Eric	1264	Sound	110	55248137	260	1			260		other	0
Eric	1265	Sound	104	55274312	260	1			260		other	0
Eric	1266	Sound	115	55290151	260	1			260		other	0
Eric	1266	Response	1	55293215	3324	1
Eric	1267	Sound	108	55314826	260	1			260		other	0
Eric	1267	Response	1	55319854	5288	1
Eric	1268	Sound	110	55344502	260	1			260		other	0
Eric	1268	Response	1	55348014	3771	1
Eric	1269	Sound	112	55363509	260	1			260		other	0
Eric	1269	Response	1	55367213	3964	1
Eric	1270	Sound	107	55389517	260	1			260		other	0
Eric	1271	Sound	112	55414526	260	1			260		other	0
Eric	1271	Response	1	55417932	3666	1
Eric	1272	Sound	106	55438714	273	1			260		other	0
Eric	1273	Sound	116	55455873	260	1			260		other	0
Eric	1273	Response	1	55458971	3358	1
Eric	1274	Sound	102	55473714	261	1			260		other	0
Eric	1275	Sound	116	55503722	260	1			260		other	0
Eric	1275	Response	1	55507050	3588	1
Eric	1276	Sound	109	55534066	260	1			260		other	0
Eric	1277	Sound	107	55552572	260	1			260		other	0
Eric	1278	Sound	107	55579247	260	1			260		other	0
Eric	1279	Sound	109	55596920	260	1			260		other	0
Eric	1279	Response	1	55607288	10627	1
Eric	1280	Sound	101	55622610	275	1			260		other	0
Eric	1281	Sound	112	55638767	260	1			260		other	0
Eric	1281	Response	1	55644887	6379	1
Eric	1282	Sound	109	55660774	260	1			260		other	0
Eric	1283	Sound	108	55690451	260	1			260		other	0
Eric	1284	Sound	111	55720961	260	1			260		other	0
Eric	1284	Response	1	55730085	9383	1
Eric	1285	Sound	110	55736467	260	1			260		other	0
Eric	1286	Sound	114	55751972	260	1			260		other	0
Eric	1286	Response	1	55756484	4772	1
Eric	1287	Sound	102	55781815	260	1			260		other	0
Eric	1288	Sound	104	55805490	260	1			260		other	0
Eric	1289	Sound	106	55832832	260	1			260		other	0
Eric	1290	Sound	115	55850838	260	1			260		other	0
Eric	1290	Response	1	55854561	3983	1
Eric	1291	Sound	116	55874846	260	1			260		other	0
Eric	1291	Response	1	55878401	3815	1
Eric	1292	Sound	113	55897854	260	1			260		other	0
Eric	1292	Response	1	55903121	5527	1
Eric	1293	Sound	109	55928031	260	1			260		other	0
Eric	1294	Sound	111	55955873	260	1			260		other	0
Eric	1294	Response	1	55960959	5346	1
Eric	1295	Sound	105	55979548	260	1			260		other	0
Eric	1296	Sound	108	56003723	260	1			260		other	0
Eric	1297	Sound	101	56024730	260	1			260		other	0
Eric	1298	Sound	112	56051072	260	1			260		other	0
Eric	1298	Response	1	56054717	3905	1
Eric	1299	Sound	116	56077914	260	1			260		other	0
Eric	1299	Response	1	56082397	4742	1
Eric	1300	Sound	114	56094920	260	1			260		other	0
Eric	1300	Response	1	56101196	6536	1
