Scenario - 
Logfile written - 03/06/2019 19:31:08

Subject	Trial	Event Type	Code	Time	TTime	Uncertainty	Duration	Uncertainty	ReqTime	ReqDur	Stim Type	Pair Index

10108025_2	1	Response	255	22711	22044	1
10108025_2	3	Sound	30	106009	889	1			260		other	0
10108025_2	4	Sound	31	132008	713	1			260		other	0
10108025_2	4	Response	1	138066	6771	1
10108025_2	5	Sound	34	149508	875	1			260		other	0
10108025_2	5	Response	1	154866	6233	1
10108025_2	6	Sound	33	171007	866	1			260		other	0
10108025_2	6	Response	1	174545	4404	1
10108025_2	7	Sound	39	188006	860	1			260		other	0
10108025_2	7	Response	1	191184	4038	1
10108025_2	8	Sound	38	211005	1018	1			260		other	0
10108025_2	8	Response	1	214303	4316	1
10108025_2	9	Sound	32	229005	1013	1			260		other	0
10108025_2	9	Response	1	233102	5111	1
10108025_2	10	Sound	40	252004	837	1			260		other	0
10108025_2	10	Response	1	254062	2895	1
10108025_2	11	Sound	39	273503	663	1			260		other	0
10108025_2	11	Response	1	276541	3701	1
10108025_2	12	Sound	35	300502	653	1			260		other	0
10108025_2	12	Response	1	305820	5971	1
10108025_2	13	Sound	37	324001	645	1			260		other	0
10108025_2	13	Response	1	327019	3662	1
10108025_2	14	Sound	36	342000	638	1			260		other	0
10108025_2	14	Response	1	345338	3976	1
10108025_2	15	Sound	34	360500	798	1			260		other	0
10108025_2	15	Response	1	363257	3556	1
10108025_2	16	Sound	32	379999	625	1			260		other	0
10108025_2	16	Response	1	381417	2043	1
10108025_2	17	Sound	35	397498	952	1			260		other	0
10108025_2	17	Response	1	399576	3030	1
10108025_2	18	Sound	37	417498	611	1			260		other	0
10108025_2	18	Response	1	417896	1009	1
10108025_2	19	Sound	31	441497	603	1			260		other	0
10108025_2	19	Response	1	445175	4281	1
10108025_2	20	Sound	38	458996	930	1			260		other	0
10108025_2	20	Response	1	461574	3508	1
10108025_2	21	Sound	37	487995	920	1			260		other	0
10108025_2	21	Response	1	491333	4257	1
10108025_2	22	Sound	33	509494	745	1			260		other	0
10108025_2	23	Sound	40	535993	736	1			260		other	0
10108025_2	23	Response	1	538051	2793	1
10108025_2	24	Sound	35	564492	1059	1			260		other	0
10108025_2	24	Response	1	569090	5657	1
10108025_2	25	Sound	35	589991	717	1			260		other	0
10108025_2	25	Response	1	596129	6855	1
10108025_2	26	Sound	39	617990	1040	1			260		other	0
10108025_2	26	Response	1	620608	3658	1
10108025_2	27	Sound	35	636490	1033	1			260		other	0
10108025_2	27	Response	1	639407	3951	1
10108025_2	28	Sound	30	657489	693	1			260		other	0
10108025_2	29	Sound	37	682488	684	1			260		other	0
10108025_2	29	Response	1	686765	4961	1
10108025_2	30	Sound	32	706987	841	1			260		other	0
10108025_2	30	Response	1	711244	5099	1
10108025_2	31	Sound	33	731486	833	1			260		other	0
10108025_2	31	Response	1	734444	3790	1
10108025_2	32	Sound	32	747986	661	1			260		other	0
10108025_2	33	Sound	34	770985	819	1			260		other	0
10108025_2	33	Response	1	775482	5316	1
10108025_2	34	Sound	39	792484	978	1			260		other	0
10108025_2	34	Response	1	795401	3895	1
10108025_2	35	Sound	30	814483	636	1			260		other	0
10108025_2	35	Response	1	819640	5794	1
10108025_2	36	Sound	31	831482	797	1			260		other	0
10108025_2	37	Sound	31	851982	623	1			260		other	0
10108025_2	38	Sound	30	877481	781	1			260		other	0
10108025_2	39	Sound	40	900480	606	1			260		other	0
10108025_2	39	Response	1	902837	2963	1
10108025_2	40	Sound	36	916979	600	1			260		other	0
10108025_2	41	Sound	39	935478	927	1			260		other	0
10108025_2	41	Response	1	939556	5004	1
10108025_2	42	Sound	32	963477	750	1			260		other	0
10108025_2	42	Response	1	969475	6747	1
10108025_2	43	Sound	38	984477	576	1			260		other	0
10108025_2	43	Response	1	988674	4773	1
10108025_2	44	Sound	36	1008476	1068	1			260		other	0
10108025_2	44	Response	1	1011873	4465	1
10108025_2	45	Sound	36	1037475	724	1			260		other	0
10108025_2	45	Response	1	1040672	3921	1
10108025_2	46	Sound	40	1055474	885	1			260		other	0
10108025_2	46	Response	1	1058191	3602	1
10108025_2	47	Sound	38	1072973	711	1			260		other	0
10108025_2	47	Response	1	1077391	5128	1
10108025_2	48	Sound	30	1099972	701	1			260		other	0
10108025_2	49	Sound	33	1124972	860	1			260		other	0
10108025_2	50	Sound	37	1141471	853	1			260		other	0
10108025_2	50	Response	1	1144668	4050	1
10108025_2	51	Sound	40	1162470	680	1			260		other	0
10108025_2	51	Response	1	1164987	3197	1
10108025_2	52	Sound	34	1182469	839	1			260		other	0
10108025_2	52	Response	1	1187226	5596	1
10108025_2	53	Sound	34	1207968	663	1			260		other	0
10108025_2	53	Response	1	1212186	4880	1
10108025_2	54	Sound	36	1226968	823	1			260		other	0
10108025_2	54	Response	1	1232904	6759	2
10108025_2	55	Sound	38	1251467	814	1			260		other	0
10108025_2	55	Response	1	1254584	3931	1
10108025_2	56	Sound	31	1271466	807	1			260		other	0
10108025_2	57	Sound	33	1293465	632	1			260		other	0
10108025_2	57	Response	1	1298022	5189	1
10108025_2	59	Response	255	1336501	14579	1
10108025_2	61	Sound	60	1413461	590	1			260		other	0
10108025_2	61	Response	1	1417058	4186	1
10108025_2	62	Sound	55	1438460	747	1			260		other	0
10108025_2	63	Sound	50	1460459	1073	1			260		other	0
10108025_2	64	Sound	58	1487458	730	1			260		other	0
10108025_2	64	Response	1	1491135	4407	1
10108025_2	65	Sound	57	1507957	1056	1			260		other	0
10108025_2	65	Response	1	1511454	4553	1
10108025_2	66	Sound	60	1524457	717	1			260		other	0
10108025_2	66	Response	1	1526493	2753	1
10108025_2	67	Sound	51	1540956	711	1			260		other	0
10108025_2	68	Sound	58	1569955	1034	1			260		other	0
10108025_2	68	Response	1	1573292	4371	1
10108025_2	69	Sound	55	1590454	693	1			260		other	0
10108025_2	69	Response	1	1593371	3610	1
10108025_2	70	Sound	56	1615953	1017	1			260		other	0
10108025_2	70	Response	1	1618890	3954	1
10108025_2	71	Sound	58	1640952	842	1			260		other	0
10108025_2	71	Response	1	1644649	4538	1
10108025_2	72	Sound	56	1657452	837	1			260		other	0
10108025_2	72	Response	1	1663048	6434	1
10108025_2	73	Sound	51	1686451	992	1			260		other	0
10108025_2	73	Response	1	1691847	6389	1
10108025_2	74	Sound	57	1713950	817	1			260		other	0
10108025_2	74	Response	1	1717686	4554	1
10108025_2	75	Sound	53	1734449	976	1			260		other	0
10108025_2	76	Sound	54	1758448	967	1			260		other	0
10108025_2	76	Response	1	1762885	5403	1
10108025_2	77	Response	1	1782724	568	1
10108025_2	77	Sound	53	1782947	791	1			260		other	0
10108025_2	78	Sound	59	1801447	618	1			260		other	0
10108025_2	78	Response	1	1806563	5735	1
10108025_2	79	Sound	51	1817946	945	1			260		other	0
10108025_2	80	Sound	54	1835945	772	1			260		other	0
10108025_2	80	Response	1	1839521	4349	1
10108025_2	81	Sound	52	1852445	766	1			260		other	0
10108025_2	82	Sound	50	1868944	761	1			260		other	0
10108025_2	82	Response	1	1869040	857	1
10108025_2	83	Sound	53	1886943	587	1			260		other	0
10108025_2	84	Sound	57	1909442	913	1			260		other	0
10108025_2	84	Response	1	1911839	3309	1
10108025_2	85	Sound	58	1934441	737	1			260		other	0
10108025_2	85	Response	1	1937838	4134	1
10108025_2	86	Sound	60	1963940	1060	1			260		other	0
10108025_2	86	Response	1	1965997	3117	1
10108025_2	87	Sound	55	1986940	885	1			260		other	0
10108025_2	88	Sound	52	2015939	875	1			260		other	0
10108025_2	89	Sound	52	2040938	866	1			260		other	0
10108025_2	90	Sound	60	2060937	692	1			260		other	0
10108025_2	90	Response	1	2063433	3188	1
10108025_2	91	Sound	53	2089436	1015	1			260		other	0
10108025_2	91	Response	1	2093832	5411	1
10108025_2	92	Sound	50	2115935	839	1			260		other	0
10108025_2	93	Sound	51	2132434	833	1			260		other	0
10108025_2	94	Sound	57	2151434	660	1			260		other	0
10108025_2	94	Response	1	2155830	5056	1
10108025_2	95	Sound	52	2179933	650	1			260		other	0
10108025_2	95	Response	1	2185589	6306	1
10108025_2	96	Sound	60	2207432	973	1			260		other	0
10108025_2	96	Response	1	2209588	3129	1
10108025_2	97	Sound	54	2226931	800	1			260		other	0
10108025_2	98	Sound	50	2248430	792	1			260		other	0
10108025_2	99	Sound	56	2264929	619	1			260		other	0
10108025_2	99	Response	1	2269426	5115	1
10108025_2	100	Sound	55	2289428	944	1			260		other	0
10108025_2	100	Response	1	2293265	4780	1
10108025_2	101	Sound	57	2306928	771	1			260		other	0
10108025_2	101	Response	1	2310544	4387	1
10108025_2	102	Sound	50	2325427	931	1			260		other	0
10108025_2	103	Sound	52	2344926	924	1			260		other	0
10108025_2	104	Sound	54	2369425	582	1			260		other	0
10108025_2	105	Sound	59	2385925	576	1			260		other	0
10108025_2	105	Response	1	2390701	5352	1
10108025_2	106	Sound	51	2406924	902	1			260		other	0
10108025_2	107	Sound	59	2436423	892	1			260		other	0
10108025_2	107	Response	1	2439579	4047	1
10108025_2	108	Sound	56	2464922	881	1			260		other	0
10108025_2	109	Sound	55	2485921	1040	1			260		other	0
10108025_2	109	Response	1	2488777	3897	1
10108025_2	110	Sound	59	2503421	701	1			260		other	0
10108025_2	110	Response	1	2506857	4137	1
10108025_2	111	Sound	54	2520420	695	1			260		other	0
10108025_2	112	Sound	56	2546419	852	1			260		other	0
10108025_2	112	Response	1	2551655	6088	1
10108025_2	113	Sound	58	2574918	842	1			260		other	0
10108025_2	113	Response	1	2578774	4698	1
10108025_2	114	Sound	59	2594917	835	1			260		other	0
10108025_2	114	Response	1	2598213	4131	1
10108025_2	115	Sound	53	2611916	995	1			260		other	0
10108025_2	117	Response	255	2655651	15641	1
10108025_2	119	Sound	39	2730412	620	1			260		other	0
10108025_2	119	Response	1	2734927	5135	2
10108025_2	120	Sound	36	2748412	614	1			260		other	0
10108025_2	120	Response	1	2753087	5289	1
10108025_2	121	Sound	35	2775911	770	1			260		other	0
10108025_2	122	Sound	36	2794410	764	1			260		other	0
10108025_2	122	Response	1	2801565	7919	1
10108025_2	123	Sound	35	2811909	591	1			260		other	0
10108025_2	123	Response	1	2816685	5366	1
10108025_2	124	Sound	40	2834908	583	1			260		other	0
10108025_2	124	Response	1	2837164	2838	1
10108025_2	125	Sound	35	2862907	739	1			260		other	0
10108025_2	126	Sound	36	2890906	1063	1			260		other	0
10108025_2	126	Response	1	2895082	5238	1
10108025_2	127	Sound	37	2920405	1052	1			260		other	0
10108025_2	127	Response	1	2924761	5408	1
10108025_2	128	Sound	33	2938405	713	1			260		other	0
10108025_2	129	Sound	40	2962404	1037	1			260		other	0
10108025_2	129	Response	1	2965639	4273	1
10108025_2	130	Sound	39	2980903	697	1			260		other	0
10108025_2	130	Response	1	2987238	7033	1
10108025_2	131	Sound	33	3009902	687	1			260		other	0
10108025_2	131	Response	1	3014117	4902	1
10108025_2	132	Sound	30	3032401	1012	1			260		other	0
10108025_2	132	Response	1	3035317	3928	1
10108025_2	133	Sound	34	3060900	669	1			260		other	0
10108025_2	133	Response	1	3066115	5884	1
10108025_2	134	Sound	30	3084399	994	1			260		other	0
10108025_2	134	Response	1	3086675	3269	1
10108025_2	135	Sound	38	3103398	987	1			260		other	0
10108025_2	135	Response	1	3105394	2983	1
10108025_2	136	Sound	37	3128397	811	1			260		other	0
10108025_2	136	Response	1	3133153	5567	1
10108025_2	137	Sound	40	3155397	969	1			260		other	0
10108025_2	137	Response	1	3156752	2324	1
10108025_2	138	Sound	35	3174896	628	1			260		other	0
10108025_2	139	Sound	30	3198395	787	1			260		other	0
10108025_2	139	Response	1	3203070	5462	1
10108025_2	140	Sound	31	3225894	610	1			260		other	0
10108025_2	141	Sound	37	3251393	767	1			260		other	0
10108025_2	141	Response	1	3255308	4683	1
10108025_2	142	Sound	31	3271392	927	1			260		other	0
10108025_2	142	Response	1	3275787	5322	2
10108025_2	143	Sound	31	3298891	584	1			260		other	0
10108025_2	144	Sound	40	3326890	907	1			260		other	0
10108025_2	144	Response	1	3329305	3322	1
10108025_2	145	Sound	30	3345889	567	1			260		other	0
10108025_2	146	Sound	39	3371889	725	1			260		other	0
10108025_2	146	Response	1	3376104	4940	1
10108025_2	147	Sound	37	3396388	883	1			260		other	0
10108025_2	147	Response	1	3402743	7238	1
10108025_2	148	Sound	34	3421387	1040	1			260		other	0
10108025_2	148	Response	1	3424982	4635	1
10108025_2	149	Sound	33	3447886	864	1			260		other	0
10108025_2	149	Response	1	3450821	3799	1
10108025_2	150	Sound	39	3476385	1021	1			260		other	0
10108025_2	151	Sound	38	3502884	678	1			260		other	0
10108025_2	151	Response	1	3507618	5413	1
10108025_2	152	Sound	31	3523383	837	1			260		other	0
10108025_2	153	Sound	39	3546882	662	1			260		other	0
10108025_2	153	Response	1	3551297	5077	2
10108025_2	154	Sound	30	3574381	652	1			260		other	0
10108025_2	155	Sound	38	3591380	813	1			260		other	0
10108025_2	155	Response	1	3599775	9208	1
10108025_2	156	Sound	32	3615379	638	1			260		other	0
10108025_2	157	Sound	35	3639379	963	1			260		other	0
10108025_2	158	Sound	38	3659878	622	1			260		other	0
10108025_2	158	Response	1	3666813	7557	1
10108025_2	159	Sound	36	3676377	949	1			260		other	0
10108025_2	160	Sound	32	3694877	609	1			260		other	0
10108025_2	161	Sound	36	3719376	934	1			260		other	0
10108025_2	161	Response	1	3723210	4769	1
10108025_2	162	Sound	32	3747874	924	1			260		other	0
10108025_2	162	Response	1	3750089	3139	1
10108025_2	163	Sound	38	3764874	584	1			260		other	0
10108025_2	163	Response	1	3770409	6119	1
10108025_2	164	Sound	34	3782373	578	1			260		other	0
10108025_2	164	Response	1	3787208	5413	1
10108025_2	165	Sound	34	3807872	902	1			260		other	0
10108025_2	165	Response	1	3811207	4237	1
10108025_2	166	Sound	33	3833371	1060	1			260		other	0
10108025_2	166	Response	1	3836566	4255	1
10108025_2	167	Sound	37	3852871	886	1			260		other	0
10108025_2	167	Response	1	3856485	4501	1
10108025_2	168	Sound	32	3878870	877	1			260		other	0
10108025_2	168	Response	1	3881604	3612	1
10108025_2	169	Sound	34	3906369	868	1			260		other	0
10108025_2	169	Response	1	3910403	4903	1
10108025_2	170	Sound	31	3925368	694	1			260		other	0
10108025_2	170	Response	1	3929603	4929	1
10108025_2	171	Sound	32	3948867	1019	1			260		other	0
10108025_2	171	Response	1	3953682	5833	2
10108025_2	172	Sound	40	3968366	1012	1			260		other	0
10108025_2	172	Response	1	3971361	4006	1
10108025_2	173	Sound	33	3985866	1006	1			260		other	0
10108025_2	175	Response	255	4021599	14819	1
10108025_2	177	Sound	54	4096862	966	1			260		other	0
10108025_2	177	Response	1	4100476	4581	1
10108025_2	178	Sound	56	4122361	790	1			260		other	0
10108025_2	178	Response	1	4125115	3545	1
10108025_2	179	Sound	57	4148860	614	1			260		other	0
10108025_2	179	Response	1	4151754	3508	1
10108025_2	180	Sound	55	4167859	941	1			260		other	0
10108025_2	181	Sound	58	4184358	935	1			260		other	0
10108025_2	181	Response	1	4188713	5289	1
10108025_2	182	Sound	50	4203358	761	1			260		other	0
10108025_2	183	Sound	52	4228857	586	1			260		other	0
10108025_2	184	Sound	53	4254856	743	1			260		other	0
10108025_2	184	Response	1	4259270	5157	1
10108025_2	185	Sound	60	4273355	570	1			260		other	0
10108025_2	185	Response	1	4276950	4164	1
10108025_2	186	Sound	59	4293354	729	1			260		other	0
10108025_2	186	Response	1	4297269	4644	1
10108025_2	187	Sound	57	4322353	886	1			260		other	0
10108025_2	187	Response	1	4326068	4600	1
10108025_2	188	Sound	54	4348852	1043	1			260		other	0
10108025_2	188	Response	1	4353426	5617	1
10108025_2	189	Sound	58	4374351	700	1			260		other	0
10108025_2	189	Response	1	4377426	3774	1
10108025_2	190	Sound	56	4390851	1028	1			260		other	0
10108025_2	190	Response	1	4395825	6002	1
10108025_2	191	Sound	55	4407850	855	1			260		other	0
10108025_2	191	Response	1	4410864	3869	1
10108025_2	192	Sound	56	4428849	848	1			260		other	0
10108025_2	192	Response	1	4432703	4702	1
10108025_2	193	Sound	55	4454348	1006	1			260		other	0
10108025_2	193	Response	1	4457822	4480	1
10108025_2	194	Sound	55	4475848	998	1			260		other	0
10108025_2	194	Response	1	4478782	3932	1
10108025_2	195	Sound	53	4500847	989	1			260		other	0
10108025_2	195	Response	1	4503901	4043	1
10108025_2	196	Sound	57	4528846	812	1			260		other	0
10108025_2	197	Sound	58	4547845	638	1			260		other	0
10108025_2	197	Response	1	4551739	4533	1
10108025_2	198	Sound	60	4568844	964	1			260		other	0
10108025_2	198	Response	1	4571178	3299	1
10108025_2	199	Sound	52	4590843	957	1			260		other	0
10108025_2	200	Sound	57	4612343	615	1			260		other	0
10108025_2	200	Response	1	4615097	3370	1
10108025_2	201	Sound	59	4641842	938	1			260		other	0
10108025_2	201	Response	1	4646775	5872	1
10108025_2	202	Sound	51	4660341	765	1			260		other	0
10108025_2	203	Sound	59	4680340	591	1			260		other	0
10108025_2	203	Response	1	4686134	6385	1
10108025_2	204	Sound	60	4703339	750	1			260		other	0
10108025_2	204	Response	1	4706613	4024	1
10108025_2	205	Sound	52	4724838	742	1			260		other	0
10108025_2	206	Sound	53	4751838	733	1			260		other	0
10108025_2	207	Sound	60	4776837	890	1			260		other	0
10108025_2	207	Response	1	4779411	3464	1
10108025_2	208	Sound	52	4793836	1051	1			260		other	0
10108025_2	209	Sound	57	4820335	708	1			260		other	0
10108025_2	209	Response	1	4824609	4982	1
10108025_2	210	Sound	50	4839334	701	1			260		other	0
10108025_2	211	Sound	50	4867833	1024	1			260		other	0
10108025_2	212	Sound	59	4884333	852	1			260		other	0
10108025_2	212	Response	1	4888126	4646	1
10108025_2	213	Sound	58	4911332	676	1			260		other	0
10108025_2	213	Response	1	4915725	5069	1
10108025_2	214	Sound	56	4934331	667	1			260		other	0
10108025_2	214	Response	1	4937324	3661	1
10108025_2	215	Sound	58	4960330	992	1			260		other	0
10108025_2	215	Response	1	4963084	3745	1
10108025_2	216	Sound	51	4982329	817	1			260		other	0
10108025_2	216	Response	1	4993002	11490	1
10108025_2	217	Sound	51	4999828	977	1			260		other	0
10108025_2	218	Sound	54	5026827	968	1			260		other	0
10108025_2	219	Sound	53	5050826	792	1			260		other	0
10108025_2	220	Sound	54	5069326	619	1			260		other	0
10108025_2	221	Sound	53	5097325	609	1			260		other	0
10108025_2	222	Sound	56	5121824	600	1			260		other	0
10108025_2	223	Sound	50	5140823	594	1			260		other	0
10108025_2	224	Sound	51	5163322	586	1			260		other	0
10108025_2	225	Sound	51	5192321	742	1			260		other	0
10108025_2	226	Sound	52	5212320	568	1			260		other	0
10108025_2	227	Sound	59	5237819	1059	1			260		other	0
10108025_2	227	Response	1	5243153	6392	1
10108025_2	228	Sound	54	5259319	718	1			260		other	0
10108025_2	229	Sound	50	5285318	709	1			260		other	0
10108025_2	230	Sound	60	5303317	1036	1			260		other	0
10108025_2	230	Response	1	5306910	4629	1
10108025_2	231	Sound	55	5322316	696	1			260		other	0
10108025_2	233	Response	255	5360428	14387	1
10108025_2	235	Sound	19	5437312	988	1			260		other	0
10108025_2	235	Response	1	5441945	5621	1
10108025_2	236	Sound	14	5459311	814	1			260		other	0
10108025_2	236	Response	1	5465304	6806	1
10108025_2	237	Sound	20	5474811	641	1			260		other	0
10108025_2	237	Response	1	5477944	3775	1
10108025_2	238	Sound	16	5494810	634	1			260		other	0
10108025_2	238	Response	1	5498103	3927	1
10108025_2	239	Sound	15	5512309	628	1			260		other	0
10108025_2	240	Sound	16	5533808	954	1			260		other	0
10108025_2	241	Sound	15	5560807	610	1			260		other	0
10108025_2	242	Sound	12	5586807	768	1			260		other	0
10108025_2	243	Sound	15	5608806	593	1			260		other	0
10108025_2	244	Sound	16	5627805	920	1			260		other	0
10108025_2	244	Response	1	5637458	10573	1
10108025_2	245	Sound	17	5656304	743	1			260		other	0
10108025_2	245	Response	1	5661457	5896	1
10108025_2	246	Sound	12	5678303	569	1			260		other	0
10108025_2	247	Sound	14	5694303	1063	1			260		other	0
10108025_2	248	Sound	14	5710302	1057	1			260		other	0
10108025_2	248	Response	1	5715855	6610	1
10108025_2	249	Sound	19	5731301	717	1			260		other	0
10108025_2	249	Response	1	5737934	7350	1
10108025_2	250	Response	1	5757373	113	1
10108025_2	250	Sound	12	5758300	1040	1			260		other	0
10108025_2	251	Sound	19	5777300	1034	1			260		other	0
10108025_2	251	Response	1	5781613	5347	1
10108025_2	252	Sound	10	5805299	690	1			260		other	0
10108025_2	253	Sound	17	5832797	680	1			260		other	0
10108025_2	253	Response	1	5837290	5173	1
10108025_2	254	Sound	12	5853797	1006	1			260		other	0
10108025_2	254	Response	1	5858250	5459	1
10108025_2	255	Sound	18	5880796	663	1			260		other	0
10108025_2	255	Response	1	5885129	4996	1
10108025_2	256	Sound	14	5899795	656	1			260		other	0
10108025_2	256	Response	1	5911768	12629	1
10108025_2	257	Sound	18	5926294	814	1			260		other	0
10108025_2	257	Response	1	5931447	5966	1
10108025_2	258	Sound	17	5948293	973	1			260		other	0
10108025_2	258	Response	1	5951526	4205	1
10108025_2	259	Sound	17	5966792	799	1			260		other	0
10108025_2	259	Response	1	5972725	6732	1
10108025_2	260	Sound	10	5987292	792	1			260		other	0
10108025_2	261	Sound	11	6013791	783	1			260		other	0
10108025_2	262	Sound	10	6037290	774	1			260		other	0
10108025_2	263	Sound	20	6060789	932	1			260		other	0
10108025_2	263	Response	1	6064242	4385	1
10108025_2	264	Sound	11	6078788	926	1			260		other	0
10108025_2	265	Sound	19	6103787	584	1			260		other	0
10108025_2	265	Response	1	6109280	6076	1
10108025_2	266	Sound	11	6121787	744	1			260		other	0
10108025_2	267	Sound	12	6145286	569	1			260		other	0
10108025_2	268	Sound	20	6165285	895	1			260		other	0
10108025_2	268	Response	1	6168878	4488	1
10108025_2	269	Sound	19	6190784	720	1			260		other	0
10108025_2	269	Response	1	6197277	7212	1
10108025_2	270	Sound	13	6210783	712	1			260		other	0
10108025_2	271	Sound	10	6233783	1037	1			260		other	0
10108025_2	272	Sound	13	6257282	1029	1			260		other	0
10108025_2	273	Sound	17	6283781	853	1			260		other	0
10108025_2	274	Sound	14	6308280	677	1			260		other	0
10108025_2	274	Response	1	6313512	5910	1
10108025_2	275	Sound	20	6327279	671	1			260		other	0
10108025_2	275	Response	1	6330312	3703	1
10108025_2	276	Sound	16	6351778	995	1			260		other	0
10108025_2	277	Sound	11	6372778	821	1			260		other	0
10108025_2	278	Sound	18	6399277	645	1			260		other	0
10108025_2	278	Response	1	6403269	4637	1
10108025_2	279	Sound	13	6422276	637	1			260		other	0
10108025_2	280	Sound	16	6441775	796	1			260		other	0
10108025_2	281	Sound	10	6463774	955	1			260		other	0
10108025_2	282	Sound	18	6490273	612	1			260		other	0
10108025_2	282	Response	1	6495025	5365	1
10108025_2	283	Sound	11	6517772	769	1			260		other	0
10108025_2	284	Sound	18	6544771	927	1			260		other	0
10108025_2	284	Response	1	6550303	6459	1
10108025_2	285	Sound	13	6564770	919	1			260		other	0
10108025_2	286	Sound	20	6589769	577	1			260		other	0
10108025_2	286	Response	1	6593102	3909	1
10108025_2	287	Sound	13	6617768	900	1			260		other	0
10108025_2	288	Sound	15	6637268	727	1			260		other	0
10108025_2	289	Sound	15	6659767	1052	1			260		other	0
10108025_2	289	Response	1	6665659	6944	1
10108025_2	291	Response	255	6694698	14396	1
10108025_2	293	Sound	14	6762763	849	1			260		other	0
10108025_2	293	Response	1	6770695	8781	2
10108025_2	294	Sound	20	6783262	1008	1			260		other	0
10108025_2	294	Response	1	6786214	3960	1
10108025_2	295	Sound	11	6811261	831	1			260		other	0
10108025_2	296	Sound	13	6834760	823	1			260		other	0
10108025_2	297	Sound	10	6856760	982	1			260		other	0
10108025_2	298	Sound	10	6882759	806	1			260		other	0
10108025_2	299	Sound	17	6905258	632	1			260		other	0
10108025_2	299	Response	1	6915970	11343	1
10108025_2	300	Sound	19	6924757	791	1			260		other	0
10108025_2	300	Response	1	6928209	4243	1
10108025_2	301	Sound	15	6944756	617	1			260		other	0
10108025_2	302	Sound	11	6969755	775	1			260		other	0
10108025_2	303	Sound	19	6996255	765	1			260		other	0
10108025_2	303	Response	1	7000126	4637	1
10108025_2	304	Sound	14	7016254	925	1			260		other	0
10108025_2	304	Response	1	7020605	5277	1
10108025_2	305	Sound	11	7034253	585	1			260		other	0
10108025_2	306	Sound	16	7052752	745	1			260		other	0
10108025_2	307	Sound	18	7074252	904	1			260		other	0
10108025_2	307	Response	1	7077883	4536	1
10108025_2	308	Sound	20	7090251	899	1			260		other	0
10108025_2	308	Response	1	7094443	5090	2
10108025_2	309	Sound	20	7106750	1059	1			260		other	0
10108025_2	309	Response	1	7109722	4031	1
10108025_2	310	Sound	15	7134249	1050	1			260		other	0
10108025_2	311	Sound	12	7161748	873	1			260		other	0
10108025_2	312	Sound	12	7189747	1030	1			260		other	0
10108025_2	313	Sound	16	7206247	691	1			260		other	0
10108025_2	313	Response	1	7212678	7122	1
10108025_2	314	Sound	20	7232246	1015	1			260		other	0
10108025_2	314	Response	1	7237317	6086	1
10108025_2	315	Sound	17	7257745	672	1			260		other	0
10108025_2	316	Sound	18	7286244	662	1			260		other	0
10108025_2	316	Response	1	7292835	7254	1
10108025_2	317	Sound	17	7304243	656	1			260		other	0
10108025_2	317	Response	1	7312274	8687	1
10108025_2	318	Sound	19	7325242	815	1			260		other	0
10108025_2	318	Response	1	7329954	5526	1
10108025_2	319	Sound	17	7351741	639	1			260		other	0
10108025_2	320	Sound	16	7367741	966	1			260		other	0
10108025_2	320	Response	1	7373632	6858	1
10108025_2	321	Sound	16	7389240	959	1			260		other	0
10108025_2	322	Sound	16	7415239	783	1			260		other	0
10108025_2	323	Sound	19	7439738	941	1			260		other	0
10108025_2	323	Response	1	7443950	5152	1
10108025_2	324	Sound	13	7456738	601	1			260		other	0
10108025_2	325	Sound	18	7484236	758	1			260		other	0
10108025_2	325	Response	1	7488348	4869	1
10108025_2	326	Sound	15	7509735	916	1			260		other	0
10108025_2	326	Response	1	7516267	7447	1
10108025_2	327	Sound	12	7526235	910	1			260		other	0
10108025_2	328	Sound	18	7544234	737	1			260		other	0
10108025_2	328	Response	1	7548585	5088	1
10108025_2	329	Sound	17	7560234	898	1			260		other	0
10108025_2	329	Response	1	7565225	5889	1
10108025_2	330	Sound	14	7578233	1058	1			260		other	0
10108025_2	330	Response	1	7584024	6849	1
10108025_2	331	Sound	11	7603732	715	1			260		other	0
10108025_2	332	Sound	10	7630731	873	1			260		other	0
10108025_2	333	Sound	13	7655230	697	1			260		other	0
10108025_2	333	Response	1	7658021	3489	1
10108025_2	334	Sound	18	7675729	1023	1			260		other	0
10108025_2	334	Response	1	7683381	8674	1
10108025_2	335	Sound	19	7700728	848	1			260		other	0
10108025_2	335	Response	1	7707220	7339	1
10108025_2	336	Sound	14	7718728	675	1			260		other	0
10108025_2	336	Response	1	7724499	6446	1
10108025_2	337	Sound	13	7736227	668	1			260		other	0
10108025_2	338	Sound	15	7764226	658	1			260		other	0
10108025_2	339	Sound	13	7782225	985	1			260		other	0
10108025_2	340	Sound	12	7800225	979	1			260		other	0
10108025_2	340	Response	1	7810976	11730	1
10108025_2	341	Sound	12	7817224	639	1			260		other	0
10108025_2	342	Sound	10	7833223	634	1			260		other	0
10108025_2	343	Sound	20	7856723	959	1			260		other	0
10108025_2	343	Response	1	7863214	7450	1
10108025_2	344	Sound	11	7880722	950	1			260		other	0
10108025_2	345	Sound	10	7908221	940	1			260		other	0
10108025_2	346	Sound	15	7930720	766	1			260		other	0
10108025_2	347	Sound	14	7946719	760	1			260		other	0
10108025_2	349	Response	255	7992249	21868	1
10108025_2	351	Sound	20	8061215	886	1			260		other	0
10108025_2	351	Response	1	8065686	5357	1
10108025_2	352	Sound	17	8085214	877	1			260		other	0
10108025_2	353	Sound	18	8101714	705	1			260		other	0
10108025_2	353	Response	1	8106724	5715	1
10108025_2	354	Sound	16	8125213	863	1			260		other	0
10108025_2	354	Response	1	8131203	6854	1
10108025_2	355	Sound	13	8151712	687	1			260		other	0
10108025_2	356	Sound	20	8172711	846	1			260		other	0
10108025_2	356	Response	1	8176242	4377	1
10108025_2	357	Sound	10	8196210	1004	1			260		other	0
10108025_2	358	Sound	13	8224709	994	1			260		other	0
10108025_2	359	Sound	15	8241708	988	1			260		other	0
10108025_2	360	Sound	15	8264207	647	1			260		other	0
10108025_2	361	Sound	12	8287707	638	1			260		other	0
10108025_2	362	Sound	11	8303706	633	1			260		other	0
10108025_2	363	Sound	10	8321705	959	1			260		other	0
10108025_2	364	Sound	20	8345205	785	1			260		other	0
10108025_2	364	Response	1	8349675	5256	1
10108025_2	365	Sound	14	8368704	776	1			260		other	0
10108025_2	366	Sound	20	8387203	769	1			260		other	0
10108025_2	366	Response	1	8392874	6440	1
10108025_2	367	Sound	16	8414702	593	1			260		other	0
10108025_2	368	Sound	11	8437201	752	1			260		other	0
10108025_2	369	Sound	11	8458200	577	1			260		other	0
10108025_2	370	Sound	15	8484200	735	1			260		other	0
10108025_2	371	Sound	15	8508199	1060	1			260		other	0
10108025_2	372	Sound	19	8536698	883	1			260		other	0
10108025_2	372	Response	1	8544068	8253	1
10108025_2	373	Sound	18	8563696	1040	1			260		other	0
10108025_2	374	Sound	11	8583696	1033	1			260		other	0
10108025_2	375	Sound	17	8608195	1024	1			260		other	0
10108025_2	376	Sound	19	8627694	850	1			260		other	0
10108025_2	377	Sound	13	8652193	842	1			260		other	0
10108025_2	378	Sound	10	8671693	835	1			260		other	0
10108025_2	379	Sound	12	8689192	662	1			260		other	0
10108025_2	380	Sound	12	8713191	820	1			260		other	0
10108025_2	381	Sound	16	8738690	811	1			260		other	0
10108025_2	382	Sound	12	8758689	970	1			260		other	0
10108025_2	383	Sound	18	8784188	795	1			260		other	0
10108025_2	383	Response	1	8789579	6185	1
10108025_2	384	Sound	11	8802188	788	1			260		other	0
10108025_2	385	Sound	17	8821687	781	1			260		other	0
10108025_2	385	Response	1	8827417	6511	1
10108025_2	386	Sound	14	8849686	771	1			260		other	0
10108025_2	386	Response	1	8854936	6022	1
10108025_2	387	Sound	18	8872685	763	1			260		other	0
10108025_2	387	Response	1	8876775	4853	1
10108025_2	388	Sound	19	8896684	588	1			260		other	0
10108025_2	388	Response	1	8899894	3798	1
10108025_2	389	Sound	13	8924683	745	1			260		other	0
10108025_2	389	Response	1	8928933	4995	1
10108025_2	390	Sound	16	8943683	905	1			260		other	0
10108025_2	390	Response	1	8948212	5434	1
10108025_2	390	Response	1	8965892	23114	1
10108025_2	391	Sound	19	8971182	895	1			260		other	0
10108025_2	391	Response	1	8977252	6965	1
10108025_2	392	Sound	19	8991181	888	1			260		other	0
10108025_2	392	Response	1	8994051	3758	1
10108025_2	393	Sound	10	9018180	1045	1			260		other	0
10108025_2	394	Sound	14	9044679	868	1			260		other	0
10108025_2	395	Sound	14	9072678	692	1			260		other	0
10108025_2	396	Sound	16	9090677	1019	1			260		other	0
10108025_2	396	Response	1	9097407	7749	1
10108025_2	397	Sound	20	9107176	846	1			260		other	0
10108025_2	397	Response	1	9110526	4196	1
10108025_2	398	Sound	12	9124176	1007	1			260		other	0
10108025_2	399	Sound	18	9149675	664	1			260		other	0
10108025_2	399	Response	1	9155484	6474	1
10108025_2	400	Sound	15	9165674	825	1			260		other	0
10108025_2	400	Response	1	9172124	7275	1
10108025_2	401	Sound	17	9192173	816	1			260		other	0
10108025_2	401	Response	1	9197883	6526	1
10108025_2	402	Sound	13	9218672	806	1			260		other	0
10108025_2	403	Sound	14	9239672	632	1			260		other	0
10108025_2	404	Sound	10	9264171	623	1			260		other	0
10108025_2	405	Sound	17	9288170	782	1			260		other	0
10108025_2	407	Response	255	9368677	54367	1
10108025_2	409	Sound	13	9440164	894	1			260		other	0
10108025_2	410	Sound	14	9458663	888	1			260		other	0
10108025_2	410	Response	1	9466593	8817	1
10108025_2	411	Sound	13	9480163	1046	1			260		other	0
10108025_2	412	Sound	17	9504662	871	1			260		other	0
10108025_2	412	Response	1	9508911	5121	1
10108025_2	413	Sound	11	9522161	698	1			260		other	0
10108025_2	414	Sound	16	9543160	691	1			260		other	0
10108025_2	414	Response	1	9548910	6440	1
10108025_2	415	Sound	17	9561160	851	1			260		other	0
10108025_2	416	Sound	19	9588659	1008	1			260		other	0
10108025_2	416	Response	1	9593708	6057	1
10108025_2	417	Sound	12	9605658	1002	1			260		other	0
10108025_2	417	Response	1	9619707	15051	1
10108025_2	418	Sound	20	9626657	994	1			260		other	0
10108025_2	418	Response	1	9631707	6044	1
10108025_2	419	Sound	12	9648656	820	1			260		other	0
10108025_2	420	Sound	18	9677155	643	1			260		other	0
10108025_2	420	Response	1	9681545	5032	1
10108025_2	421	Sound	13	9698155	635	1			260		other	0
10108025_2	422	Sound	11	9720154	794	1			260		other	0
10108025_2	423	Sound	12	9744153	952	1			260		other	0
10108025_2	424	Sound	20	9764652	945	1			260		other	0
10108025_2	424	Response	1	9767381	3674	1
10108025_2	425	Sound	10	9791151	769	1			260		other	0
10108025_2	426	Sound	14	9807650	596	1			260		other	0
10108025_2	427	Sound	14	9828650	922	1			260		other	0
10108025_2	428	Sound	10	9854149	913	1			260		other	0
10108025_2	429	Sound	16	9879648	737	1			260		other	0
10108025_2	430	Sound	20	9899647	1064	1			260		other	0
10108025_2	430	Response	1	9903216	4633	1
10108025_2	431	Sound	16	9925146	1055	1			260		other	0
10108025_2	432	Sound	20	9941646	1049	1			260		other	0
10108025_2	432	Response	1	9945375	4778	1
10108025_2	433	Sound	12	9962645	1041	1			260		other	0
10108025_2	434	Sound	10	9982644	701	1			260		other	0
10108025_2	435	Sound	19	10010643	857	1			260		other	0
10108025_2	435	Response	1	10014892	5107	1
10108025_2	436	Sound	18	10036642	1015	1			260		other	0
10108025_2	436	Response	1	10042811	7184	1
10108025_2	437	Sound	11	10064641	1005	1			260		other	0
10108025_2	438	Sound	14	10091640	828	1			260		other	0
10108025_2	438	Response	1	10096569	5758	1
10108025_2	439	Sound	18	10120139	652	1			260		other	0
10108025_2	439	Response	1	10123608	4121	1
10108025_2	440	Sound	17	10142138	977	1			260		other	0
10108025_2	440	Response	1	10145527	4366	1
10108025_2	441	Sound	15	10166637	802	1			260		other	0
10108025_2	441	Response	1	10170646	4811	1
10108025_2	442	Sound	17	10190636	960	1			260		other	0
10108025_2	442	Response	1	10196805	7129	1
10108025_2	443	Sound	19	10213136	785	1			260		other	0
10108025_2	443	Response	1	10216085	3734	1
10108025_2	444	Sound	16	10233135	778	1			260		other	0
10108025_2	444	Response	1	10236164	3807	1
10108025_2	445	Sound	19	10254634	604	1			260		other	0
10108025_2	445	Response	1	10258883	4852	1
10108025_2	446	Sound	13	10277633	762	1			260		other	0
10108025_2	447	Sound	15	10304132	919	1			260		other	0
10108025_2	448	Sound	10	10325131	745	1			260		other	0
10108025_2	449	Sound	11	10345631	905	1			260		other	0
10108025_2	450	Sound	18	10367130	730	1			260		other	0
10108025_2	450	Response	1	10372239	5839	1
10108025_2	451	Sound	14	10384129	891	1			260		other	0
10108025_2	451	Response	1	10388638	5400	1
10108025_2	452	Sound	15	10410128	1048	1			260		other	0
10108025_2	453	Sound	15	10428128	709	1			260		other	0
10108025_2	453	Response	1	10431676	4257	1
10108025_2	454	Sound	17	10454627	866	1			260		other	0
10108025_2	454	Response	1	10460715	6954	1
10108025_2	455	Sound	16	10477126	858	1			260		other	0
10108025_2	455	Response	1	10482954	6686	1
10108025_2	456	Sound	10	10498125	850	1			260		other	0
10108025_2	457	Sound	11	10516124	844	1			260		other	0
10108025_2	458	Sound	19	10533124	838	1			260		other	0
10108025_2	458	Response	1	10538472	6186	2
10108025_2	459	Sound	13	10557623	829	1			260		other	0
10108025_2	459	Response	1	10563191	6397	1
10108025_2	460	Response	1	10583511	42	1
10108025_2	460	Sound	20	10584122	653	1			260		other	0
10108025_2	461	Sound	15	10606121	978	1			260		other	0
10108025_2	461	Response	1	10611190	6047	1
10108025_2	462	Sound	12	10632620	636	1			260		other	0
10108025_2	462	Response	1	10634149	2164	1
10108025_2	463	Sound	18	10651119	629	1			260		other	0
10108025_2	463	Response	1	10654228	3738	1
10108025_2	465	Response	255	10687267	15856	1
10108025_2	467	Sound	52	10764615	589	1			260		other	0
10108025_2	468	Sound	60	10793614	912	1			260		other	0
10108025_2	468	Response	1	10796462	3760	1
10108025_2	469	Sound	55	10819613	736	1			260		other	0
10108025_2	469	Response	1	10825102	6224	1
10108025_2	470	Sound	55	10845612	1060	1			260		other	0
10108025_2	470	Response	1	10849580	5028	1
10108025_2	471	Sound	54	10866111	719	1			260		other	0
10108025_2	472	Sound	56	10890610	877	1			260		other	0
10108025_2	472	Response	1	10894139	4405	1
10108025_2	473	Sound	51	10913610	869	1			260		other	0
10108025_2	473	Response	1	10917258	4517	1
10108025_2	474	Sound	58	10943109	1025	1			260		other	0
10108025_2	474	Response	1	10946057	3973	1
10108025_2	475	Sound	58	10965608	684	1			260		other	0
10108025_2	475	Response	1	10968776	3852	1
10108025_2	476	Sound	51	10993607	840	1			260		other	0
10108025_2	476	Response	1	10997015	4248	1
10108025_2	477	Sound	51	11011606	667	1			260		other	0
10108025_2	477	Response	1	11020134	9195	1
10108025_2	478	Sound	60	11039105	991	1			260		other	0
10108025_2	478	Response	1	11041093	2979	1
10108025_2	479	Sound	60	11066604	981	1			260		other	0
10108025_2	479	Response	1	11069092	3469	1
10108025_2	480	Sound	53	11093603	638	1			260		other	0
10108025_2	481	Sound	55	11120602	795	1			260		other	0
10108025_2	481	Response	1	11124770	4963	1
10108025_2	482	Sound	59	11149101	951	1			260		other	0
10108025_2	482	Response	1	11151407	3258	3
10108025_2	483	Sound	58	11178100	608	1			260		other	0
10108025_2	483	Response	1	11181808	4316	1
10108025_2	484	Sound	55	11195599	601	1			260		other	0
10108025_2	485	Sound	60	11217098	760	1			260		other	0
10108025_2	485	Response	1	11220047	3709	1
10108025_2	486	Sound	54	11237598	920	1			260		other	0
10108025_2	486	Response	1	11240766	4088	1
10108025_2	487	Sound	54	11263597	911	1			260		other	0
10108025_2	487	Response	1	11266525	3838	1
10108025_2	488	Sound	54	11287596	735	1			260		other	0
10108025_2	488	Response	1	11290124	3264	1
10108025_2	489	Sound	52	11315595	725	1			260		other	0
10108025_2	490	Sound	56	11344594	1049	1			260		other	0
10108025_2	490	Response	1	11347162	3617	1
10108025_2	491	Sound	59	11362093	709	1			260		other	0
10108025_2	491	Response	1	11365961	4577	2
10108025_2	492	Sound	51	11386092	1034	1			260		other	0
10108025_2	492	Response	1	11389720	4662	1
10108025_2	493	Sound	59	11410091	692	1			260		other	0
10108025_2	493	Response	1	11414039	4640	1
10108025_2	494	Sound	57	11432590	850	1			260		other	0
10108025_2	494	Response	1	11436278	4538	2
10108025_2	495	Sound	53	11451090	844	1			260		other	0
10108025_2	495	Response	1	11455957	5711	1
10108025_2	496	Sound	55	11477089	668	1			260		other	0
10108025_2	496	Response	1	11479077	2656	1
10108025_2	497	Sound	56	11499588	827	1			260		other	0
10108025_2	497	Response	1	11501796	3035	1
10108025_2	498	Sound	57	11528087	650	1			260		other	0
10108025_2	498	Response	1	11531315	3877	1
10108025_2	499	Sound	52	11556086	640	1			260		other	0
10108025_2	500	Sound	50	11574585	966	1			260		other	0
10108025_2	501	Sound	50	11593084	960	1			260		other	0
10108025_2	501	Response	1	11595072	2948	1
10108025_2	502	Sound	51	11616084	785	1			260		other	0
10108025_2	502	Response	1	11620031	4733	1
10108025_2	503	Sound	53	11639083	610	1			260		other	0
10108025_2	503	Response	1	11643630	5157	1
10108025_2	504	Sound	59	11663082	935	1			260		other	0
10108025_2	504	Response	1	11666270	4123	1
10108025_2	505	Sound	60	11686581	926	1			260		other	0
10108025_2	505	Response	1	11688989	3334	1
10108025_2	506	Sound	57	11713080	750	1			260		other	0
10108025_2	507	Sound	53	11741079	740	1			260		other	0
10108025_2	507	Response	1	11745387	5048	1
10108025_2	508	Sound	57	11766578	898	1			260		other	0
10108025_2	508	Response	1	11770906	5225	1
10108025_2	509	Sound	52	11786077	891	1			260		other	0
10108025_2	510	Sound	52	11811576	715	1			260		other	0
10108025_2	511	Sound	58	11829576	709	1			260		other	0
10108025_2	512	Sound	56	11849075	1036	1			260		other	0
10108025_2	512	Response	1	11854823	6783	1
10108025_2	513	Sound	54	11871074	1027	1			260		other	0
10108025_2	514	Sound	50	11892073	1020	1			260		other	0
10108025_2	515	Sound	50	11921072	1009	1			260		other	0
10108025_2	516	Sound	56	11939072	670	1			260		other	0
10108025_2	516	Response	1	11944819	6417	1
10108025_2	517	Sound	57	11959071	829	1			260		other	0
10108025_2	517	Response	1	11963378	5137	1
10108025_2	518	Sound	50	11979570	989	1			260		other	0
10108025_2	519	Sound	58	11997070	982	1			260		other	0
10108025_2	519	Response	1	12001617	5530	1
10108025_2	520	Sound	59	12013569	643	1			260		other	0
10108025_2	520	Response	1	12018256	5330	2
10108025_2	521	Sound	53	12038068	801	1			260		other	0
10108025_2	521	Response	1	12041855	4588	1
10108025_2	523	Response	255	12076574	11218	1
10108025_2	525	Sound	58	12146564	596	1			260		other	0
10108025_2	525	Response	1	12150411	4443	1
10108025_2	526	Sound	53	12170563	587	1			260		other	0
10108025_2	527	Sound	57	12192062	913	1			260		other	0
10108025_2	527	Response	1	12195370	4220	1
10108025_2	528	Sound	54	12214561	738	1			260		other	0
10108025_2	528	Response	1	12219449	5625	1
10108025_2	529	Sound	57	12237061	897	1			260		other	0
10108025_2	529	Response	1	12240168	4004	1
10108025_2	530	Sound	56	12258060	723	1			260		other	0
10108025_2	530	Response	1	12261127	3790	1
10108025_2	531	Sound	53	12279059	715	1			260		other	0
10108025_2	531	Response	1	12283446	5102	1
10108025_2	532	Sound	60	12308058	872	1			260		other	0
10108025_2	532	Response	1	12308725	1539	1
10108025_2	533	Sound	55	12327557	865	1			260		other	0
10108025_2	534	Sound	54	12344557	692	1			260		other	0
10108025_2	534	Response	1	12350484	6619	1
10108025_2	535	Sound	55	12363056	685	1			260		other	0
10108025_2	535	Response	1	12367043	4672	1
10108025_2	536	Sound	50	12384555	844	1			260		other	0
10108025_2	537	Sound	59	12406054	1003	1			260		other	0
10108025_2	537	Response	1	12410802	5750	1
10108025_2	538	Sound	57	12427054	663	1			260		other	0
10108025_2	539	Sound	57	12450053	988	1			260		other	0
10108025_2	539	Response	1	12455520	6455	1
10108025_2	540	Sound	54	12474052	979	1			260		other	0
10108025_2	541	Sound	59	12502051	636	1			260		other	0
10108025_2	541	Response	1	12506238	4823	1
10108025_2	542	Sound	50	12525550	794	1			260		other	0
10108025_2	542	Response	1	12540076	15320	1
10108025_2	543	Sound	51	12553049	617	1			260		other	0
10108025_2	544	Sound	52	12575048	943	1			260		other	0
10108025_2	545	Sound	55	12601547	767	1			260		other	0
10108025_2	546	Sound	52	12618046	594	1			260		other	0
10108025_2	547	Sound	59	12635046	755	1			260		other	0
10108025_2	547	Response	1	12639033	4742	1
10108025_2	548	Sound	58	12657045	580	1			260		other	0
10108025_2	548	Response	1	12661352	4887	1
10108025_2	549	Sound	52	12684544	737	1			260		other	0
10108025_2	550	Sound	58	12707043	896	1			260		other	0
10108025_2	550	Response	1	12711110	4963	1
10108025_2	551	Sound	50	12735042	719	1			260		other	0
10108025_2	552	Sound	60	12761541	710	1			260		other	0
10108025_2	552	Response	1	12765108	4276	1
10108025_2	553	Sound	54	12785540	868	1			260		other	0
10108025_2	554	Sound	58	12807040	1027	1			260		other	0
10108025_2	554	Response	1	12813826	7814	1
10108025_2	555	Sound	55	12831539	1018	1			260		other	0
10108025_2	555	Response	1	12837425	6905	1
10108025_2	556	Sound	58	12858038	675	1			260		other	0
10108025_2	556	Response	1	12862544	5182	1
10108025_2	557	Sound	59	12876037	836	1			260		other	0
10108025_2	557	Response	1	12879344	4142	1
10108025_2	558	Sound	57	12893536	996	1			260		other	0
10108025_2	558	Response	1	12897263	4723	1
10108025_2	559	Sound	55	12918535	987	1			260		other	0
10108025_2	559	Response	1	12924782	7234	1
10108025_2	560	Sound	51	12947534	977	1			260		other	0
10108025_2	561	Sound	51	12968034	636	1			260		other	0
10108025_2	562	Sound	56	12985533	963	1			260		other	0
10108025_2	562	Response	1	12992300	7730	1
10108025_2	563	Sound	56	13003032	624	1			260		other	0
10108025_2	563	Response	1	13007339	4930	1
10108025_2	564	Sound	53	13030531	614	1			260		other	0
10108025_2	565	Sound	60	13055030	772	1			260		other	0
10108025_2	565	Response	1	13058457	4198	1
10108025_2	566	Sound	54	13074030	932	1			260		other	0
10108025_2	567	Sound	51	13090529	926	1			260		other	0
10108025_2	568	Sound	60	13110028	752	1			260		other	0
10108025_2	568	Response	1	13113255	3979	1
10108025_2	569	Sound	52	13132527	911	1			260		other	0
10108025_2	570	Sound	56	13159527	901	1			260		other	0
10108025_2	571	Sound	59	13180526	1061	1			260		other	0
10108025_2	571	Response	1	13183812	4347	1
10108025_2	572	Sound	52	13203025	720	1			260		other	0
10108025_2	573	Sound	53	13224024	1045	1			260		other	0
10108025_2	574	Sound	50	13251523	868	1			260		other	0
10108025_2	575	Sound	51	13274522	1027	1			260		other	0
10108025_2	576	Sound	56	13293022	854	1			260		other	0
10108025_2	576	Response	1	13297008	4840	1
10108025_2	577	Sound	50	13315521	846	1			260		other	0
10108025_2	578	Sound	53	13343020	669	1			260		other	0
10108025_2	579	Sound	60	13362519	996	1			260		other	0
10108025_2	579	Response	1	13365805	4282	1
10108025_2	581	Response	255	13392044	11602	1
10108025_2	583	Sound	35	13474015	622	1			260		other	0
10108025_2	583	Response	1	13479401	6008	1
10108025_2	584	Sound	32	13498514	614	1			260		other	0
10108025_2	585	Sound	39	13526013	604	1			260		other	0
10108025_2	585	Response	1	13530759	5350	1
10108025_2	586	Sound	32	13546012	930	1			260		other	0
10108025_2	587	Sound	35	13564512	757	1			260		other	0
10108025_2	588	Sound	33	13588011	748	1			260		other	0
10108025_2	588	Response	1	13591877	4615	1
10108025_2	589	Sound	36	13615010	739	1			260		other	0
10108025_2	589	Response	1	13619636	5365	1
10108025_2	590	Sound	31	13639509	730	1			260		other	0
10108025_2	591	Sound	36	13668508	1053	1			260		other	0
10108025_2	592	Sound	39	13688507	1046	1			260		other	0
10108025_2	592	Response	1	13693473	6012	1
10108025_2	593	Sound	38	13714506	703	1			260		other	0
10108025_2	594	Sound	39	13734005	696	1			260		other	0
10108025_2	594	Response	1	13738911	5602	1
10108025_2	595	Sound	39	13753004	689	1			260		other	0
10108025_2	595	Response	1	13758111	5796	1
10108025_2	596	Sound	36	13776504	1015	1			260		other	0
10108025_2	596	Response	1	13780190	4701	1
10108025_2	597	Sound	34	13797503	674	1			260		other	0
10108025_2	597	Response	1	13802269	5440	1
10108025_2	598	Sound	33	13818502	1000	1			260		other	0
10108025_2	598	Response	1	13822348	4845	1
10108025_2	599	Sound	30	13844001	657	1			260		other	0
10108025_2	599	Response	1	13847707	4363	1
10108025_2	600	Sound	35	13871000	981	1			260		other	0
10108025_2	600	Response	1	13874986	4967	1
10108025_2	601	Sound	32	13889999	641	1			260		other	0
10108025_2	602	Sound	40	13908499	968	1			260		other	0
10108025_2	602	Response	1	13911465	3933	1
10108025_2	603	Sound	33	13928998	960	1			260		other	0
10108025_2	604	Sound	32	13948497	787	1			260		other	0
10108025_2	605	Sound	35	13973496	944	1			260		other	0
10108025_2	606	Sound	39	13996496	769	1			260		other	0
10108025_2	606	Response	1	13999301	3575	1
10108025_2	607	Sound	36	14014995	596	1			260		other	0
10108025_2	608	Sound	31	14039994	754	1			260		other	0
10108025_2	608	Response	1	14043620	4380	1
10108025_2	609	Sound	30	14061493	913	1			260		other	0
10108025_2	610	Sound	34	14088992	1070	1			260		other	0
10108025_2	610	Response	1	14092178	4255	1
10108025_2	611	Sound	34	14109991	1062	1			260		other	0
10108025_2	611	Response	1	14113297	4368	1
10108025_2	612	Sound	40	14135491	1054	1			260		other	0
10108025_2	612	Response	1	14139136	4699	1
10108025_2	613	Sound	38	14153490	714	1			260		other	0
10108025_2	613	Response	1	14159215	6440	1
10108025_2	614	Sound	33	14181989	703	1			260		other	0
10108025_2	615	Sound	30	14209988	860	1			260		other	0
10108025_2	616	Sound	30	14231487	1019	1			260		other	0
10108025_2	617	Sound	36	14252986	678	1			260		other	0
10108025_2	618	Sound	37	14274485	1004	1			260		other	0
10108025_2	618	Response	1	14280251	6769	1
10108025_2	619	Sound	31	14300984	827	1			260		other	0
10108025_2	619	Response	1	14306410	6253	1
10108025_2	620	Sound	38	14329983	651	1			260		other	0
10108025_2	620	Response	1	14335528	6196	1
10108025_2	621	Sound	38	14355482	808	1			260		other	0
10108025_2	621	Response	1	14358648	3974	1
10108025_2	622	Sound	37	14371982	969	1			260		other	0
10108025_2	622	Response	1	14376327	5314	1
10108025_2	623	Sound	37	14398981	626	1			260		other	0
10108025_2	623	Response	1	14404086	5731	1
10108025_2	624	Sound	40	14417480	786	1			260		other	0
10108025_2	624	Response	1	14421125	4431	1
10108025_2	625	Sound	40	14440979	611	1			260		other	0
10108025_2	625	Response	1	14443205	2837	1
10108025_2	626	Sound	37	14458478	771	1			260		other	0
10108025_2	626	Response	1	14463284	5576	1
10108025_2	627	Sound	34	14487478	761	1			260		other	0
10108025_2	627	Response	1	14491043	4327	1
10108025_2	628	Sound	40	14508477	754	1			260		other	0
10108025_2	628	Response	1	14511122	3399	1
10108025_2	629	Sound	37	14536476	744	1			260		other	0
10108025_2	629	Response	1	14543041	7309	1
10108025_2	630	Sound	32	14560475	902	1			260		other	0
10108025_2	630	Response	1	14563120	3547	1
10108025_2	631	Sound	38	14580474	728	1			260		other	0
10108025_2	631	Response	1	14583439	3693	1
10108025_2	632	Sound	31	14596973	722	1			260		other	0
10108025_2	633	Sound	33	14618973	1048	1			260		other	0
10108025_2	633	Response	1	14622078	4153	1
10108025_2	634	Sound	31	14648472	1037	1			260		other	0
10108025_2	634	Response	1	14652237	4802	1
10108025_2	635	Sound	30	14667471	864	1			260		other	0
10108025_2	636	Sound	35	14685470	857	1			260		other	0
10108025_2	637	Sound	34	14710469	1015	1			260		other	0
10108025_2	639	Response	255	14753833	24959	1
10108025_2	641	Sound	20	14828465	806	1			260		other	0
10108025_2	641	Response	1	14831990	4331	1
10108025_2	642	Sound	11	14855464	630	1			260		other	0
10108025_2	643	Sound	15	14875463	956	1			260		other	0
10108025_2	644	Sound	18	14901962	780	1			260		other	0
10108025_2	644	Response	1	14912227	11045	1
10108025_2	645	Sound	15	14924461	939	1			260		other	0
10108025_2	645	Response	1	14927506	3983	1
10108025_2	646	Sound	13	14948960	930	1			260		other	0
10108025_2	647	Sound	10	14967960	923	1			260		other	0
10108025_2	648	Sound	10	14988459	749	1			260		other	0
10108025_2	649	Sound	17	15009458	742	1			260		other	0
10108025_2	649	Response	1	15015103	6386	1
10108025_2	650	Sound	14	15031457	567	1			260		other	0
10108025_2	650	Response	1	15037982	7092	1
10108025_2	651	Sound	12	15051957	893	1			260		other	0
10108025_2	652	Sound	10	15070456	1053	1			260		other	0
10108025_2	653	Sound	13	15097955	1043	1			260		other	0
10108025_2	654	Sound	15	15114454	871	1			260		other	0
10108025_2	654	Response	1	15119019	5435	1
10108025_2	655	Sound	11	15142453	694	1			260		other	0
10108025_2	656	Sound	16	15169952	684	1			260		other	0
10108025_2	656	Response	1	15173657	4389	1
10108025_2	657	Sound	14	15194951	1009	1			260		other	0
10108025_2	658	Sound	20	15210951	670	1			260		other	0
10108025_2	658	Response	1	15214535	4254	1
10108025_2	659	Sound	20	15238450	660	1			260		other	0
10108025_2	659	Response	1	15242054	4264	1
10108025_2	660	Sound	19	15259449	986	1			260		other	0
10108025_2	660	Response	1	15267413	8950	1
10108025_2	661	Sound	15	15280448	812	1			260		other	0
10108025_2	661	Response	1	15286133	6496	1
10108025_2	662	Sound	17	15303447	637	1			260		other	0
10108025_2	662	Response	1	15308212	5402	1
10108025_2	663	Response	1	15326371	386	1
10108025_2	663	Sound	14	15326946	962	1			260		other	0
10108025_2	664	Sound	18	15354945	785	1			260		other	0
10108025_2	664	Response	1	15359570	5409	1
10108025_2	665	Sound	17	15374945	611	1			260		other	0
10108025_2	665	Response	1	15379409	5076	1
10108025_2	666	Sound	20	15392444	772	1			260		other	0
10108025_2	666	Response	1	15395408	3736	1
10108025_2	667	Sound	18	15420443	595	1			260		other	0
10108025_2	668	Sound	15	15437442	756	1			260		other	0
10108025_2	669	Sound	14	15461441	580	1			260		other	0
10108025_2	670	Sound	19	15479441	1074	1			260		other	0
10108025_2	671	Sound	13	15495940	902	1			260		other	0
10108025_2	672	Sound	16	15514439	728	1			260		other	0
10108025_2	673	Sound	19	15539439	1053	1			260		other	0
10108025_2	673	Response	1	15549403	11017	1
10108025_2	674	Sound	19	15566937	1043	1			260		other	0
10108025_2	674	Response	1	15572122	6227	1
10108025_2	675	Sound	19	15587937	702	1			260		other	0
10108025_2	675	Response	1	15591801	4566	1
10108025_2	676	Sound	18	15604936	863	1			260		other	0
10108025_2	677	Sound	13	15621935	1023	1			260		other	0
10108025_2	678	Sound	11	15639435	1017	1			260		other	0
10108025_2	679	Sound	12	15667434	840	1			260		other	0
10108025_2	680	Sound	14	15687933	666	1			260		other	0
10108025_2	680	Response	1	15693557	6290	1
10108025_2	681	Sound	17	15712932	824	1			260		other	0
10108025_2	681	Response	1	15719796	7688	1
10108025_2	682	Sound	10	15733931	817	1			260		other	0
10108025_2	683	Sound	16	15760930	807	1			260		other	0
10108025_2	683	Response	1	15766275	6151	2
10108025_2	684	Sound	13	15788929	630	1			260		other	0
10108025_2	685	Sound	12	15817428	787	1			260		other	0
10108025_2	686	Sound	10	15838928	946	1			260		other	0
10108025_2	687	Sound	20	15867426	602	1			260		other	0
10108025_2	687	Response	1	15871791	4966	1
10108025_2	688	Sound	18	15882926	597	1			260		other	0
10108025_2	689	Sound	17	15904425	923	1			260		other	0
10108025_2	689	Response	1	15910509	7007	1
10108025_2	690	Sound	11	15931424	579	1			260		other	0
10108025_2	691	Sound	11	15951423	572	1			260		other	0
10108025_2	692	Sound	12	15972422	898	1			260		other	0
10108025_2	693	Sound	12	15991422	891	1			260		other	0
10108025_2	694	Sound	16	16018421	1048	1			260		other	0
10108025_2	694	Response	1	16023625	6252	1
10108025_2	695	Sound	16	16041920	1040	1			260		other	0
10108025_2	697	Response	255	16088262	24962	1
10108025_2	699	Sound	52	16163415	997	1			260		other	0
10108025_2	700	Sound	52	16182915	656	1			260		other	0
10108025_2	700	Response	1	16188979	6720	1
10108025_2	701	Sound	52	16200914	817	1			260		other	0
10108025_2	702	Sound	55	16228413	807	1			260		other	0
10108025_2	703	Sound	50	16247412	633	1			260		other	0
10108025_2	704	Sound	51	16273411	791	1			260		other	0
10108025_2	705	Sound	59	16292911	617	1			260		other	0
10108025_2	705	Response	1	16296734	4441	1
10108025_2	706	Sound	51	16316910	775	1			260		other	0
10108025_2	707	Sound	57	16334909	602	1			260		other	0
10108025_2	707	Response	1	16339693	5386	1
10108025_2	708	Sound	54	16357908	594	1			260		other	0
10108025_2	709	Sound	57	16380907	753	1			260		other	0
10108025_2	709	Response	1	16385851	5696	1
10108025_2	710	Sound	57	16398407	913	1			260		other	0
10108025_2	710	Response	1	16402010	4517	1
10108025_2	711	Sound	55	16427406	1069	1			260		other	0
10108025_2	712	Sound	60	16449905	1061	1			260		other	0
10108025_2	712	Response	1	16452488	3645	1
10108025_2	713	Sound	51	16479404	1051	1			260		other	0
10108025_2	714	Sound	60	16504903	875	1			260		other	0
10108025_2	714	Response	1	16507926	3899	1
10108025_2	715	Sound	50	16528902	866	1			260		other	0
10108025_2	716	Sound	56	16545401	694	1			260		other	0
10108025_2	717	Sound	58	16562401	855	1			260		other	0
10108025_2	717	Response	1	16566884	5338	1
10108025_2	718	Sound	59	16579400	848	1			260		other	0
10108025_2	718	Response	1	16582004	3452	1
10108025_2	719	Sound	53	16601399	674	1			260		other	0
10108025_2	720	Sound	52	16617899	835	1			260		other	0
10108025_2	721	Sound	58	16643898	992	1			260		other	0
10108025_2	721	Response	1	16648801	5895	1
10108025_2	722	Sound	60	16661397	653	1			260		other	0
10108025_2	722	Response	1	16665440	4696	1
10108025_2	723	Sound	57	16680396	812	1			260		other	0
10108025_2	723	Response	1	16683759	4176	1
10108025_2	724	Sound	53	16704395	971	1			260		other	0
10108025_2	725	Sound	53	16733894	960	1			260		other	0
10108025_2	726	Sound	56	16750394	621	1			260		other	0
10108025_2	726	Response	1	16754797	5024	1
10108025_2	727	Sound	54	16779393	777	1			260		other	0
10108025_2	728	Sound	58	16801392	769	1			260		other	0
10108025_2	728	Response	1	16806555	5933	1
10108025_2	729	Sound	54	16823891	761	1			260		other	0
10108025_2	730	Sound	55	16841390	588	1			260		other	0
10108025_2	730	Response	1	16846714	5912	1
10108025_2	731	Sound	57	16857890	916	1			260		other	0
10108025_2	731	Response	1	16864233	7259	1
10108025_2	732	Sound	60	16886889	1072	1			260		other	0
10108025_2	732	Response	1	16889112	3295	1
10108025_2	733	Sound	50	16915388	729	1			260		other	0
10108025_2	734	Sound	60	16931887	723	1			260		other	0
10108025_2	734	Response	1	16935430	4266	1
10108025_2	735	Sound	59	16957886	713	1			260		other	0
10108025_2	736	Sound	56	16986885	1037	1			260		other	0
10108025_2	737	Sound	50	17009384	695	1			260		other	0
10108025_2	738	Sound	55	17032883	1020	1			260		other	0
10108025_2	738	Response	1	17039186	7323	1
10108025_2	739	Sound	50	17051383	680	1			260		other	0
10108025_2	740	Sound	53	17069382	674	1			260		other	0
10108025_2	741	Sound	54	17094381	998	1			260		other	0
10108025_2	741	Response	1	17099504	6121	1
10108025_2	742	Sound	51	17112880	825	1			260		other	0
10108025_2	743	Sound	59	17133879	651	1			260		other	0
10108025_2	743	Response	1	17138383	5154	1
10108025_2	744	Sound	58	17151879	978	1			260		other	0
10108025_2	745	Sound	54	17173378	970	1			260		other	0
10108025_2	746	Sound	58	17196877	962	1			260		other	0
10108025_2	746	Response	1	17200860	4944	1
10108025_2	747	Sound	51	17216876	621	1			260		other	0
10108025_2	748	Sound	56	17245375	944	1			260		other	0
10108025_2	748	Response	1	17249738	5307	1
10108025_2	749	Sound	52	17274874	934	1			260		other	0
10108025_2	750	Sound	55	17295874	926	1			260		other	0
10108025_2	750	Response	1	17300216	5269	1
10108025_2	751	Sound	56	17322873	917	1			260		other	0
10108025_2	751	Response	1	17328615	6660	1
10108025_2	752	Sound	59	17343372	743	1			260		other	0
10108025_2	752	Response	1	17348054	5425	2
10108025_2	753	Sound	53	17360371	903	1			260		other	0
10108025_2	755	Response	255	17391973	12752	1
10108025_2	757	Sound	36	17466367	866	1			260		other	0
10108025_2	758	Sound	33	17493366	1023	1			260		other	0
10108025_2	758	Response	1	17497888	5545	1
10108025_2	759	Sound	34	17512866	1016	1			260		other	0
10108025_2	760	Sound	34	17541364	1006	1			260		other	0
10108025_2	761	Sound	38	17563864	664	1			260		other	0
10108025_2	762	Sound	31	17587863	989	1			260		other	0
10108025_2	763	Sound	35	17608862	648	1			260		other	0
10108025_2	764	Sound	33	17636361	638	1			260		other	0
10108025_2	765	Sound	34	17662360	796	1			260		other	0
10108025_2	766	Sound	33	17689359	786	1			260		other	0
10108025_2	767	Sound	39	17714358	944	1			260		other	0
10108025_2	767	Response	1	17718760	5346	1
10108025_2	768	Sound	33	17737357	769	1			260		other	0
10108025_2	769	Sound	38	17762856	927	1			260		other	0
10108025_2	769	Response	1	17767958	6029	1
10108025_2	770	Sound	32	17781356	920	1			260		other	0
10108025_2	771	Sound	30	17801855	579	1			260		other	0
10108025_2	772	Sound	31	17830854	902	1			260		other	0
10108025_2	773	Sound	32	17853853	727	1			260		other	0
10108025_2	774	Sound	39	17881852	884	1			260		other	0
10108025_2	774	Response	1	17886354	5386	1
10108025_2	775	Sound	30	17899351	1045	1			260		other	0
10108025_2	776	Sound	37	17919351	704	1			260		other	0
10108025_2	777	Sound	36	17938850	1031	1			260		other	0
10108025_2	778	Sound	38	17956849	857	1			260		other	0
10108025_2	778	Response	1	17961471	5479	1
10108025_2	779	Sound	34	17985848	847	1			260		other	0
10108025_2	780	Sound	30	18004847	1007	1			260		other	0
10108025_2	781	Sound	32	18031846	664	1			260		other	0
10108025_2	782	Sound	35	18055345	989	1			260		other	0
10108025_2	783	Sound	38	18072345	983	1			260		other	0
10108025_2	783	Response	1	18076587	5225	1
10108025_2	784	Sound	37	18100844	806	1			260		other	0
10108025_2	784	Response	1	18107386	7348	1
10108025_2	785	Sound	36	18117843	966	1			260		other	0
10108025_2	785	Response	1	18122265	5389	1
10108025_2	786	Sound	37	18139842	625	1			260		other	0
10108025_2	787	Sound	33	18166341	949	1			260		other	0
10108025_2	787	Response	1	18171623	6231	1
10108025_2	788	Sound	39	18187840	775	1			260		other	0
10108025_2	788	Response	1	18192822	5757	1
10108025_2	789	Sound	31	18207840	601	1			260		other	0
10108025_2	790	Sound	37	18231839	926	1			260		other	0
10108025_2	790	Response	1	18235621	4708	1
10108025_2	791	Sound	38	18256838	917	1			260		other	0
10108025_2	791	Response	1	18259460	3539	1
10108025_2	792	Sound	32	18275837	910	1			260		other	0
10108025_2	792	Response	1	18279299	4372	1
10108025_2	793	Sound	30	18295837	736	1			260		other	0
10108025_2	794	Sound	35	18317336	1062	1			260		other	0
10108025_2	795	Sound	36	18336335	889	1			260		other	0
10108025_2	795	Response	1	18341377	5931	1
10108025_2	796	Sound	36	18363834	879	1			260		other	0
10108025_2	797	Sound	30	18392833	702	1			260		other	0
10108025_2	798	Sound	40	18414332	1028	1			260		other	0
10108025_2	798	Response	1	18417614	4309	1
10108025_2	799	Sound	39	18441331	685	1			260		other	0
10108025_2	799	Response	1	18446173	5527	1
10108025_2	800	Sound	31	18457831	845	1			260		other	0
10108025_2	801	Sound	31	18475330	672	1			260		other	0
10108025_2	802	Sound	40	18496829	665	1			260		other	0
10108025_2	803	Sound	34	18514329	658	1			260		other	0
10108025_2	804	Sound	37	18535828	817	1			260		other	0
10108025_2	804	Response	1	18540809	5799	1
10108025_2	805	Sound	35	18554327	811	1			260		other	0
10108025_2	805	Response	1	18559608	6092	2
10108025_2	806	Sound	40	18573326	971	1			260		other	0
10108025_2	806	Response	1	18577048	4693	1
10108025_2	807	Sound	35	18595825	629	1			260		other	0
10108025_2	808	Sound	40	18613325	957	1			260		other	0
10108025_2	808	Response	1	18619206	6838	1
10108025_2	809	Sound	39	18638324	614	1			260		other	0
10108025_2	810	Sound	32	18660823	773	1			260		other	0
10108025_2	811	Sound	40	18681822	765	1			260		other	0
10108025_2	811	Response	1	18684964	3907	1
10108025_2	813	Response	255	18710483	10507	1
10108025_2	815	Sound	35	18788318	894	1			260		other	0
10108025_2	815	Response	1	18794400	6975	1
10108025_2	816	Sound	39	18812317	1052	1			260		other	0
10108025_2	817	Sound	35	18836317	1044	1			260		other	0
10108025_2	818	Sound	34	18853316	871	1			260		other	0
10108025_2	819	Sound	38	18879315	695	1			260		other	0
10108025_2	819	Response	1	18885676	7056	1
10108025_2	820	Sound	36	18903814	853	1			260		other	0
10108025_2	821	Sound	32	18932313	843	1			260		other	0
10108025_2	822	Sound	32	18950812	836	1			260		other	0
10108025_2	823	Sound	37	18972812	662	1			260		other	0
10108025_2	823	Response	1	18978553	6403	1
10108025_2	824	Sound	34	18999311	986	1			260		other	0
10108025_2	825	Sound	32	19016310	646	1			260		other	0
10108025_2	826	Sound	39	19034809	640	1			260		other	0
10108025_2	827	Sound	39	19059308	797	1			260		other	0
10108025_2	827	Response	1	19066390	7879	1
10108025_2	828	Sound	33	19087307	787	1			260		other	0
10108025_2	829	Sound	30	19108807	613	1			260		other	0
10108025_2	830	Sound	31	19128306	940	1			260		other	0
10108025_2	831	Sound	40	19152805	764	1			260		other	0
10108025_2	831	Response	1	19155266	3225	1
10108025_2	832	Sound	37	19176804	922	1			260		other	0
10108025_2	833	Sound	37	19196303	749	1			260		other	0
10108025_2	834	Sound	37	19220802	573	1			260		other	0
10108025_2	835	Sound	33	19243302	1065	1			260		other	0
10108025_2	835	Response	1	19248543	6306	1
10108025_2	836	Sound	40	19271300	1055	1			260		other	0
10108025_2	836	Response	1	19274781	4536	1
10108025_2	837	Sound	40	19299800	879	1			260		other	0
10108025_2	837	Response	1	19306220	7299	1
10108025_2	838	Sound	32	19323798	1036	1			260		other	0
10108025_2	839	Sound	30	19352297	1026	1			260		other	0
10108025_2	840	Sound	35	19379296	683	1			260		other	0
10108025_2	841	Sound	33	19405296	841	1			260		other	0
10108025_2	842	Sound	40	19431795	831	1			260		other	0
10108025_2	842	Response	1	19435576	4612	1
10108025_2	843	Sound	40	19458794	822	1			260		other	0
10108025_2	843	Response	1	19462214	4242	1
10108025_2	844	Sound	35	19485293	979	1			260		other	0
10108025_2	845	Sound	33	19503792	806	1			260		other	0
10108025_2	846	Sound	31	19523791	965	1			260		other	0
10108025_2	847	Sound	34	19546290	790	1			260		other	0
10108025_2	848	Sound	31	19566790	616	1			260		other	0
10108025_2	849	Sound	32	19592789	941	1			260		other	0
10108025_2	850	Sound	31	19618788	765	1			260		other	0
10108025_2	851	Sound	38	19645787	922	1			260		other	0
10108025_2	852	Sound	36	19670286	746	1			260		other	0
10108025_2	853	Sound	30	19692785	905	1			260		other	0
10108025_2	854	Sound	39	19721784	895	1			260		other	0
10108025_2	855	Sound	34	19746283	886	1			260		other	0
10108025_2	856	Sound	35	19765782	712	1			260		other	0
10108025_2	857	Sound	33	19786281	872	1			260		other	0
10108025_2	858	Sound	38	19804781	865	1			260		other	0
10108025_2	859	Sound	36	19828780	1023	1			260		other	0
10108025_2	859	Response	1	19836360	8604	1
10108025_2	860	Sound	37	19847279	850	1			260		other	0
10108025_2	860	Response	1	19854760	8330	1
10108025_2	861	Sound	31	19871778	674	1			260		other	0
10108025_2	862	Sound	36	19900277	998	1			260		other	0
10108025_2	862	Response	1	19907638	8358	1
10108025_2	863	Sound	34	19920276	824	1			260		other	0
10108025_2	864	Sound	38	19945276	982	1			260		other	0
10108025_2	864	Response	1	19951956	7662	1
10108025_2	865	Sound	30	19963775	808	1			260		other	0
10108025_2	866	Sound	30	19984774	967	1			260		other	0
10108025_2	867	Sound	36	20011773	958	1			260		other	0
10108025_2	867	Response	1	20017074	6258	1
10108025_2	868	Sound	38	20039772	781	1			260		other	0
10108025_2	869	Sound	39	20067771	604	1			260		other	0
10108025_2	869	Response	1	20073871	6705	1

The following output port codes were not sent because of a conflict on the port.
Port	Code	Time(ms)
1	253	2272.73
1	253	133652
1	253	265567
1	253	402162
1	253	536045
1	253	669472
1	253	799227
1	253	936870
1	253	1.06873e+06
1	253	1.20766e+06
1	253	1.33921e+06
1	253	1.47539e+06
1	253	1.60883e+06
1	253	1.7392e+06
1	253	1.87105e+06
1	253	2.00884e+06
