Scenario - 
Logfile written - 11/07/2018 16:28:31

Subject	Trial	Event Type	Code	Time	TTime	Uncertainty	Duration	Uncertainty	ReqTime	ReqDur	Stim Type	Pair Index

10108010_2	1	Response	255	1581596	1581096	1
10108010_2	3	Sound	13	1661682	540	1			260		other	0
10108010_2	4	Sound	11	1688382	563	1			260		other	0
10108010_2	5	Sound	15	1709081	589	1			260		other	0
10108010_2	5	Response	1	1718552	10061	1
10108010_2	6	Sound	12	1729181	516	1			260		other	0
10108010_2	7	Sound	11	1748980	642	1			260		other	0
10108010_2	8	Sound	20	1764280	436	1			260		other	0
10108010_2	8	Response	1	1766871	3028	1
10108010_2	9	Sound	13	1779880	364	1			260		other	0
10108010_2	10	Sound	18	1799979	457	1			260		other	0
10108010_2	10	Response	1	1804391	4868	1
10108010_2	11	Sound	10	1825479	448	1			260		other	0
10108010_2	12	Sound	20	1842278	409	1			260		other	0
10108010_2	12	Response	1	1846390	4520	1
10108010_2	13	Sound	15	1868078	366	1			260		other	0
10108010_2	14	Sound	12	1894477	590	1			260		other	0
10108010_2	14	Response	1	1899268	5381	1
10108010_2	15	Sound	20	1921177	614	1			260		other	0
10108010_2	15	Response	1	1923028	2465	1
10108010_2	16	Sound	15	1940676	440	1			260		other	0
10108010_2	16	Response	1	1944227	3991	1
10108010_2	17	Sound	19	1957476	401	1			260		other	0
10108010_2	17	Response	1	1959987	2912	1
10108010_2	18	Sound	15	1973976	562	1			260		other	0
10108010_2	18	Response	1	1976787	3373	1
10108010_2	19	Sound	17	1991975	389	1			260		other	0
10108010_2	19	Response	1	1994706	3120	1
10108010_2	20	Sound	14	2010275	515	1			260		other	0
10108010_2	20	Response	1	2014786	5026	1
10108010_2	21	Sound	11	2037874	439	1			260		other	0
10108010_2	21	Response	1	2043665	6230	1
10108010_2	22	Sound	11	2055274	499	1			260		other	0
10108010_2	23	Sound	16	2070573	460	1			260		other	0
10108010_2	23	Response	1	2074624	4511	1
10108010_2	24	Sound	17	2094573	452	1			260		other	0
10108010_2	24	Response	1	2097584	3463	1
10108010_2	25	Sound	17	2114373	578	1			260		other	0
10108010_2	25	Response	1	2116784	2989	1
10108010_2	25	Response	1	2137343	23548	1
10108010_2	26	Sound	18	2140172	536	1			260		other	0
10108010_2	26	Response	1	2145422	5786	1
10108010_2	27	Sound	13	2163272	461	1			260		other	0
10108010_2	28	Sound	15	2188771	452	1			260		other	0
10108010_2	28	Response	1	2192142	3822	1
10108010_2	29	Sound	19	2208571	411	1			260		other	0
10108010_2	29	Response	1	2211421	3262	1
10108010_2	30	Sound	19	2227170	505	1			260		other	0
10108010_2	30	Response	1	2229741	3075	1
10108010_2	31	Sound	20	2244570	399	1			260		other	0
10108010_2	31	Response	1	2247020	2849	1
10108010_2	32	Sound	16	2271869	522	1			260		other	0
10108010_2	32	Response	1	2275420	4073	1
10108010_2	33	Sound	14	2299169	479	1			260		other	0
10108010_2	33	Response	1	2304459	5769	1
10108010_2	34	Sound	16	2318068	539	1			260		other	0
10108010_2	34	Response	1	2320859	3329	1
10108010_2	35	Sound	18	2336668	466	1			260		other	0
10108010_2	35	Response	1	2339658	3456	1
10108010_2	36	Sound	10	2359167	458	1			260		other	0
10108010_2	37	Sound	10	2380467	584	1			260		other	0
10108010_2	38	Sound	17	2404166	442	1			260		other	0
10108010_2	38	Response	1	2407336	3612	1
10108010_2	39	Sound	13	2422166	602	1			260		other	0
10108010_2	39	Response	1	2425736	4172	1
10108010_2	40	Sound	18	2438066	496	1			260		other	0
10108010_2	40	Response	1	2441016	3446	1
10108010_2	41	Sound	14	2457565	489	1			260		other	0
10108010_2	41	Response	1	2461735	4659	1
10108010_2	42	Sound	13	2476465	383	1			260		other	0
10108010_2	42	Response	1	2480295	4213	1
10108010_2	43	Sound	18	2504364	439	1			260		other	0
10108010_2	43	Response	1	2507654	3729	1
10108010_2	44	Sound	19	2531364	430	1			260		other	0
10108010_2	44	Response	1	2534454	3520	1
10108010_2	45	Sound	16	2553563	455	1			260		other	0
10108010_2	45	Response	1	2556293	3185	1
10108010_2	46	Sound	12	2574263	648	1			260		other	0
10108010_2	46	Response	1	2578613	4998	1
10108010_2	47	Sound	16	2600662	538	1			260		other	0
10108010_2	48	Sound	12	2622262	464	1			260		other	0
10108010_2	49	Sound	19	2643261	456	1			260		other	0
10108010_2	49	Response	1	2647011	4206	1
10108010_2	50	Sound	10	2664861	382	1			260		other	0
10108010_2	50	Response	1	2680850	16371	1
10108010_2	51	Sound	10	2690960	473	1			260		other	0
10108010_2	52	Sound	20	2719160	663	1			260		other	0
10108010_2	52	Response	1	2721489	2992	1
10108010_2	53	Sound	17	2740759	422	1			260		other	0
10108010_2	53	Response	1	2745729	5391	1
10108010_2	54	Sound	11	2768659	645	1			260		other	0
10108010_2	54	Response	1	2773488	5474	1
10108010_2	55	Sound	14	2787258	405	1			260		other	0
10108010_2	56	Sound	14	2805858	665	1			260		other	0
10108010_2	56	Response	1	2811007	5814	1
10108010_2	57	Sound	12	2826857	658	1			260		other	0
10108010_2	57	Response	1	2831567	5367	1
10108010_2	59	Response	255	2871966	18677	1
10108010_2	61	Sound	36	2938755	518	1			260		other	0
10108010_2	62	Sound	39	2966354	441	1			260		other	0
10108010_2	63	Sound	40	2983454	535	1			260		other	0
10108010_2	63	Response	1	2985803	2884	1
10108010_2	64	Sound	30	3000254	496	1			260		other	0
10108010_2	65	Sound	36	3019753	656	1			260		other	0
10108010_2	66	Sound	31	3040753	483	1			260		other	0
10108010_2	67	Sound	38	3062052	441	1			260		other	0
10108010_2	67	Response	1	3066441	4829	1
10108010_2	68	Sound	35	3087852	565	1			260		other	0
10108010_2	68	Response	1	3091321	4034	1
10108010_2	69	Sound	32	3114851	388	1			260		other	0
10108010_2	70	Sound	35	3131351	549	1			260		other	0
10108010_2	70	Response	1	3135239	4438	1
10108010_2	71	Sound	34	3148750	610	1			260		other	0
10108010_2	71	Response	1	3151398	3258	3
10108010_2	72	Sound	31	3170950	469	1			260		other	0
10108010_2	73	Sound	31	3190749	595	1			260		other	0
10108010_2	73	Response	1	3194598	4443	1
10108010_2	74	Sound	36	3219849	518	1			260		other	0
10108010_2	74	Response	1	3222997	3666	1
10108010_2	75	Sound	38	3248648	474	1			260		other	0
10108010_2	75	Response	1	3252277	4102	1
10108010_2	76	Sound	30	3270848	667	1			260		other	0
10108010_2	76	Response	1	3274116	3935	1
10108010_2	77	Sound	33	3298747	556	1			260		other	0
10108010_2	77	Response	1	3302756	4565	1
10108010_2	78	Sound	32	3327247	546	1			260		other	0
10108010_2	79	Sound	37	3350346	638	1			260		other	0
10108010_2	79	Response	1	3353633	3925	3
10108010_2	80	Sound	36	3374046	663	1			260		other	0
10108010_2	80	Response	1	3377714	4331	1
10108010_2	81	Sound	40	3402845	620	1			260		other	0
10108010_2	81	Response	1	3405233	3008	1
10108010_2	82	Sound	33	3428944	376	1			260		other	0
10108010_2	83	Sound	35	3453244	501	1			260		other	0
10108010_2	84	Sound	34	3479043	459	1			260		other	0
10108010_2	84	Response	1	3483871	5287	1
10108010_2	85	Sound	31	3495243	486	1			260		other	0
10108010_2	85	Response	1	3498751	3994	1
10108010_2	86	Sound	40	3513843	580	1			260		other	0
10108010_2	86	Response	1	3516190	2928	1
10108010_2	87	Sound	40	3536342	405	1			260		other	0
10108010_2	87	Response	1	3538910	2973	1
10108010_2	88	Sound	33	3558842	564	1			260		other	0
10108010_2	88	Response	1	3563149	4871	1
10108010_2	89	Sound	39	3577741	624	1			260		other	0
10108010_2	89	Response	1	3581309	4192	1
10108010_2	90	Sound	31	3596341	550	1			260		other	0
10108010_2	91	Sound	38	3621840	541	1			260		other	0
10108010_2	92	Sound	39	3638940	635	1			260		other	0
10108010_2	92	Response	1	3641548	3243	1
10108010_2	93	Sound	37	3663839	526	1			260		other	0
10108010_2	93	Response	1	3666907	3594	1
10108010_2	94	Sound	35	3683339	519	1			260		other	0
10108010_2	94	Response	1	3686586	3767	1
10108010_2	95	Sound	38	3701639	646	1			260		other	0
10108010_2	95	Response	1	3705386	4394	1
10108010_2	96	Sound	30	3719638	473	1			260		other	0
10108010_2	97	Sound	32	3744238	565	1			260		other	0
10108010_2	97	Response	1	3749065	5392	1
10108010_2	98	Sound	37	3763437	424	1			260		other	0
10108010_2	99	Sound	35	3779937	585	1			260		other	0
10108010_2	99	Response	1	3783784	4432	1
10108010_2	100	Sound	37	3803336	476	1			260		other	0
10108010_2	100	Response	1	3807384	4524	1
10108010_2	101	Sound	33	3819536	671	1			260		other	0
10108010_2	101	Response	1	3824023	5158	1
10108010_2	102	Sound	34	3847135	427	1			260		other	0
10108010_2	102	Response	1	3851543	4835	1
10108010_2	103	Sound	39	3868135	420	1			260		other	0
10108010_2	103	Response	1	3871862	4147	1
10108010_2	104	Sound	30	3894534	644	1			260		other	0
10108010_2	105	Sound	40	3913134	571	1			260		other	0
10108010_2	105	Response	1	3915941	3378	1
10108010_2	106	Sound	34	3933234	664	1			260		other	0
10108010_2	107	Sound	33	3953633	556	1			260		other	0
10108010_2	108	Sound	36	3974333	582	1			260		other	0
10108010_2	108	Response	1	3979540	5789	1
10108010_2	109	Sound	30	3992932	509	1			260		other	0
10108010_2	110	Sound	37	4016932	500	1			260		other	0
10108010_2	110	Response	1	4021219	4787	1
10108010_2	111	Sound	32	4039431	659	1			260		other	0
10108010_2	112	Sound	38	4060431	485	1			260		other	0
10108010_2	113	Sound	39	4077231	445	1			260		other	0
10108010_2	113	Response	1	4082417	5632	1
10108010_2	114	Sound	32	4102730	603	1			260		other	0
10108010_2	115	Sound	34	4125229	596	1			260		other	0
10108010_2	117	Response	255	4164975	21922	1
10108010_2	119	Sound	19	4247327	652	1			260		other	0
10108010_2	120	Sound	16	4267126	611	1			260		other	0
10108010_2	121	Sound	15	4284226	538	1			260		other	0
10108010_2	121	Response	1	4287532	3845	1
10108010_2	122	Sound	16	4301026	666	1			260		other	0
10108010_2	122	Response	1	4304172	3812	1
10108010_2	123	Sound	19	4325025	657	1			260		other	0
10108010_2	123	Response	1	4328412	4044	1
10108010_2	124	Sound	19	4348425	549	1			260		other	0
10108010_2	124	Response	1	4351531	3655	1
10108010_2	125	Sound	17	4376324	605	1			260		other	0
10108010_2	125	Response	1	4379690	3972	1
10108010_2	126	Sound	16	4400624	397	1			260		other	0
10108010_2	126	Response	1	4404650	4423	1
10108010_2	127	Sound	13	4424623	388	1			260		other	0
10108010_2	127	Response	1	4428009	3774	1
10108010_2	128	Sound	17	4442323	415	1			260		other	0
10108010_2	128	Response	1	4445049	3141	1
10108010_2	129	Sound	14	4466322	407	1			260		other	0
10108010_2	130	Sound	19	4486722	466	1			260		other	0
10108010_2	131	Sound	18	4515221	623	1			260		other	0
10108010_2	131	Response	1	4518007	3409	1
10108010_2	132	Sound	15	4538021	581	1			260		other	0
10108010_2	132	Response	1	4542486	5047	1
10108010_2	133	Sound	19	4557520	408	1			260		other	0
10108010_2	133	Response	1	4560566	3453	1
10108010_2	134	Sound	20	4573120	669	1			260		other	0
10108010_2	134	Response	1	4576086	3635	1
10108010_2	135	Sound	10	4589619	663	1			260		other	0
10108010_2	136	Sound	11	4609419	456	1			260		other	0
10108010_2	137	Sound	20	4627719	416	1			260		other	0
10108010_2	137	Response	1	4630244	2941	1
10108010_2	138	Sound	10	4656518	372	1			260		other	0
10108010_2	139	Sound	20	4674218	399	1			260		other	0
10108010_2	139	Response	1	4677043	3225	1
10108010_2	140	Sound	11	4690117	460	1			260		other	0
10108010_2	141	Sound	14	4707817	654	1			260		other	0
10108010_2	141	Response	1	4711363	4200	1
10108010_2	142	Sound	15	4730316	479	1			260		other	0
10108010_2	143	Sound	16	4756116	437	1			260		other	0
10108010_2	143	Response	1	4760481	4802	1
10108010_2	144	Sound	18	4776816	629	1			260		other	0
10108010_2	144	Response	1	4780801	4615	1
10108010_2	145	Sound	13	4802015	487	1			260		other	0
10108010_2	146	Sound	18	4818814	614	1			260		other	0
10108010_2	146	Response	1	4823600	5400	1
10108010_2	147	Sound	20	4834414	542	1			260		other	0
10108010_2	147	Response	1	4838000	4127	1
10108010_2	148	Sound	18	4859914	533	1			260		other	0
10108010_2	148	Response	1	4865359	5978	1
10108010_2	149	Sound	11	4883313	592	1			260		other	0
10108010_2	150	Sound	10	4910013	449	1			260		other	0
10108010_2	151	Sound	17	4938212	638	1			260		other	0
10108010_2	151	Response	1	4944877	7304	1
10108010_2	152	Sound	16	4960712	464	1			260		other	0
10108010_2	152	Response	1	4966077	5829	1
10108010_2	153	Sound	14	4977811	391	1			260		other	0
10108010_2	153	Response	1	4983516	6096	1
10108010_2	154	Sound	14	5005711	448	1			260		other	0
10108010_2	155	Sound	18	5031510	405	1			260		other	0
10108010_2	156	Sound	14	5048010	566	1			260		other	0
10108010_2	157	Sound	15	5064509	393	1			260		other	0
10108010_2	157	Response	1	5070634	6518	1
10108010_2	158	Sound	12	5080409	455	1			260		other	0
10108010_2	158	Response	1	5084234	4279	1
10108010_2	159	Sound	17	5098409	615	1			260		other	0
10108010_2	159	Response	1	5101913	4120	1
10108010_2	160	Sound	11	5124208	405	1			260		other	0
10108010_2	161	Sound	15	5150908	429	1			260		other	0
10108010_2	162	Sound	13	5168607	456	1			260		other	0
10108010_2	163	Sound	10	5186907	583	1			260		other	0
10108010_2	164	Sound	12	5204906	577	1			260		other	0
10108010_2	165	Sound	12	5233106	433	1			260		other	0
10108010_2	166	Sound	13	5255305	459	1			260		other	0
10108010_2	167	Sound	20	5273605	419	1			260		other	0
10108010_2	167	Response	1	5276469	3283	1
10108010_2	168	Sound	10	5291004	646	1			260		other	0
10108010_2	169	Sound	17	5310804	439	1			260		other	0
10108010_2	170	Sound	13	5336603	563	1			260		other	0
10108010_2	170	Response	1	5342228	6187	1
10108010_2	171	Sound	11	5355203	490	1			260		other	0
10108010_2	172	Sound	12	5381002	614	1			260		other	0
10108010_2	172	Response	1	5386547	6158	1
10108010_2	173	Sound	12	5402002	440	1			260		other	0
10108010_2	173	Response	1	5409266	7704	1
10108010_2	175	Response	255	5439186	16703	1
10108010_2	177	Sound	11	5507300	536	1			260		other	0
10108010_2	178	Sound	15	5528599	495	1			260		other	0
10108010_2	179	Sound	20	5553799	519	1			260		other	0
10108010_2	179	Response	1	5556543	3263	1
10108010_2	180	Sound	15	5569999	380	1			260		other	0
10108010_2	180	Response	1	5574862	5244	1
10108010_2	181	Sound	20	5595798	504	1			260		other	0
10108010_2	181	Response	1	5598462	3168	1
10108010_2	182	Sound	16	5621597	461	1			260		other	0
10108010_2	182	Response	1	5626221	5085	1
10108010_2	183	Sound	14	5650097	618	1			260		other	0
10108010_2	184	Sound	11	5675296	476	1			260		other	0
10108010_2	185	Sound	11	5700796	467	1			260		other	0
10108010_2	186	Sound	16	5720595	426	1			260		other	0
10108010_2	186	Response	1	5725579	5410	1
10108010_2	187	Sound	14	5744895	551	1			260		other	0
10108010_2	187	Response	1	5749418	5074	1
10108010_2	188	Sound	13	5771594	575	1			260		other	0
10108010_2	188	Response	1	5775817	4798	1
10108010_2	189	Sound	18	5799493	631	1			260		other	0
10108010_2	189	Response	1	5804217	5355	1
10108010_2	190	Sound	16	5827393	522	1			260		other	0
10108010_2	191	Sound	18	5851092	380	1			260		other	0
10108010_2	191	Response	1	5854216	3503	1
10108010_2	192	Sound	12	5869992	440	1			260		other	0
10108010_2	192	Response	1	5877415	7863	1
10108010_2	193	Sound	12	5891592	532	1			260		other	0
10108010_2	193	Response	1	5895735	4675	1
10108010_2	194	Sound	10	5909591	526	1			260		other	0
10108010_2	195	Sound	19	5937791	382	1			260		other	0
10108010_2	195	Response	1	5941174	3765	1
10108010_2	196	Sound	17	5964190	439	1			260		other	0
10108010_2	196	Response	1	5970453	6702	1
10108010_2	197	Sound	20	5991189	597	1			260		other	0
10108010_2	197	Response	1	5993812	3220	1
10108010_2	198	Sound	14	6017889	620	1			260		other	0
10108010_2	199	Sound	15	6041888	612	1			260		other	0
10108010_2	200	Sound	15	6069788	502	1			260		other	0
10108010_2	201	Sound	19	6094687	393	1			260		other	0
10108010_2	202	Sound	13	6110887	587	1			260		other	0
10108010_2	203	Sound	12	6135786	478	1			260		other	0
10108010_2	204	Sound	11	6155586	438	1			260		other	0
10108010_2	205	Sound	16	6172386	399	1			260		other	0
10108010_2	206	Sound	19	6191885	391	1			260		other	0
10108010_2	206	Response	1	6195488	3994	1
10108010_2	207	Sound	17	6214985	483	1			260		other	0
10108010_2	207	Response	1	6218367	3866	1
10108010_2	208	Sound	12	6232084	411	1			260		other	0
10108010_2	209	Sound	17	6252484	637	1			260		other	0
10108010_2	209	Response	1	6256446	4599	1
10108010_2	210	Sound	15	6273483	462	1			260		other	0
10108010_2	210	Response	1	6277406	4385	1
10108010_2	211	Sound	13	6301683	486	1			260		other	0
10108010_2	212	Sound	11	6317282	580	1			260		other	0
10108010_2	213	Sound	20	6336482	607	1			260		other	0
10108010_2	213	Response	1	6339884	4009	1
10108010_2	214	Sound	18	6353282	401	1			260		other	0
10108010_2	215	Sound	14	6370681	461	1			260		other	0
10108010_2	216	Sound	19	6388981	421	1			260		other	0
10108010_2	216	Response	1	6393163	4604	1
10108010_2	217	Sound	20	6413880	646	1			260		other	0
10108010_2	217	Response	1	6416762	3528	1
10108010_2	218	Sound	19	6430980	406	1			260		other	0
10108010_2	218	Response	1	6435722	5148	1
10108010_2	219	Sound	18	6448980	400	1			260		other	0
10108010_2	219	Response	1	6454362	5782	1
10108010_2	220	Sound	17	6475679	424	1			260		other	0
10108010_2	221	Sound	18	6496379	450	1			260		other	0
10108010_2	221	Response	1	6502201	6272	1
10108010_2	222	Sound	10	6516478	376	1			260		other	0
10108010_2	223	Sound	10	6544678	399	1			260		other	0
10108010_2	224	Sound	14	6571677	556	1			260		other	0
10108010_2	225	Sound	13	6591777	482	1			260		other	0
10108010_2	226	Sound	12	6612176	542	1			260		other	0
10108010_2	227	Sound	13	6636176	533	1			260		other	0
10108010_2	228	Sound	16	6654775	460	1			260		other	0
10108010_2	228	Response	1	6658757	4442	1
10108010_2	229	Sound	10	6678775	451	1			260		other	0
10108010_2	230	Sound	10	6694974	646	1			260		other	0
10108010_2	231	Sound	17	6716874	371	1			260		other	0
10108010_2	231	Response	1	6722595	6092	2
10108010_2	233	Response	255	6757955	13863	1
10108010_2	235	Sound	33	6839271	561	1			260		other	0
10108010_2	236	Sound	31	6861171	620	1			260		other	0
10108010_2	236	Response	1	6865232	4681	1
10108010_2	237	Sound	31	6884870	645	1			260		other	0
10108010_2	237	Response	1	6888352	4126	1
10108010_2	238	Sound	40	6906170	604	1			260		other	0
10108010_2	238	Response	1	6908031	2465	1
10108010_2	239	Sound	32	6934669	594	1			260		other	0
10108010_2	240	Sound	35	6953869	453	1			260		other	0
10108010_2	241	Sound	32	6980568	644	1			260		other	0
10108010_2	242	Sound	31	7005468	368	1			260		other	0
10108010_2	243	Sound	38	7023767	495	1			260		other	0
10108010_2	244	Sound	37	7048667	386	1			260		other	0
10108010_2	244	Response	1	7053787	5507	1
10108010_2	245	Sound	30	7075066	610	1			260		other	0
10108010_2	245	Response	1	7079947	5491	1
10108010_2	246	Sound	35	7096366	569	1			260		other	0
10108010_2	246	Response	1	7100907	5110	1
10108010_2	247	Sound	34	7125465	659	1			260		other	0
10108010_2	247	Response	1	7129306	4500	1
10108010_2	248	Sound	32	7141365	386	1			260		other	0
10108010_2	249	Sound	36	7157864	547	1			260		other	0
10108010_2	249	Response	1	7160825	3508	1
10108010_2	250	Sound	30	7179164	506	1			260		other	0
10108010_2	250	Response	1	7181944	3287	1
10108010_2	251	Sound	30	7196864	533	1			260		other	0
10108010_2	251	Response	1	7200344	4014	1
10108010_2	252	Sound	34	7213963	627	1			260		other	0
10108010_2	252	Response	1	7216904	3568	1
10108010_2	253	Sound	39	7240963	451	1			260		other	0
10108010_2	253	Response	1	7243783	3272	1
10108010_2	254	Sound	32	7260462	611	1			260		other	0
10108010_2	254	Response	1	7263223	3371	1
10108010_2	255	Sound	35	7286862	501	1			260		other	0
10108010_2	256	Sound	33	7308461	427	1			260		other	0
10108010_2	256	Response	1	7312421	4387	1
10108010_2	257	Sound	33	7334861	484	1			260		other	0
10108010_2	257	Response	1	7337941	3564	1
10108010_2	258	Sound	39	7358260	376	1			260		other	0
10108010_2	258	Response	1	7362180	4296	1
10108010_2	259	Sound	36	7376860	470	1			260		other	0
10108010_2	259	Response	1	7380740	4350	1
10108010_2	260	Sound	32	7403859	460	1			260		other	0
10108010_2	261	Sound	39	7422759	519	1			260		other	0
10108010_2	261	Response	1	7426419	4180	1
10108010_2	262	Sound	38	7448858	443	1			260		other	0
10108010_2	262	Response	1	7452658	4243	1
10108010_2	263	Sound	35	7475858	434	1			260		other	0
10108010_2	263	Response	1	7479058	3634	1
10108010_2	264	Sound	40	7502857	424	1			260		other	0
10108010_2	264	Response	1	7507057	4624	1
10108010_2	265	Sound	39	7522357	584	1			260		other	0
10108010_2	265	Response	1	7526257	4484	1
10108010_2	266	Sound	35	7547856	408	1			260		other	0
10108010_2	266	Response	1	7553376	5928	1
10108010_2	267	Sound	36	7566156	535	1			260		other	0
10108010_2	268	Sound	38	7591955	660	1			260		other	0
10108010_2	268	Response	1	7595935	4640	1
10108010_2	269	Sound	34	7609655	520	1			260		other	0
10108010_2	269	Response	1	7613215	4079	1
10108010_2	270	Sound	39	7638754	442	1			260		other	0
10108010_2	270	Response	1	7643534	5222	1
10108010_2	271	Sound	31	7656154	503	1			260		other	0
10108010_2	272	Sound	40	7679553	395	1			260		other	0
10108010_2	272	Response	1	7682413	3254	1
10108010_2	273	Sound	34	7705653	652	1			260		other	0
10108010_2	274	Sound	36	7726652	478	1			260		other	0
10108010_2	275	Sound	37	7744952	438	1			260		other	0
10108010_2	276	Sound	40	7770151	462	1			260		other	0
10108010_2	276	Response	1	7774651	4962	1
10108010_2	277	Sound	33	7798651	619	1			260		other	0
10108010_2	278	Sound	30	7826250	542	1			260		other	0
10108010_2	279	Sound	33	7851149	600	1			260		other	0
10108010_2	280	Sound	36	7867649	594	1			260		other	0
10108010_2	280	Response	1	7870968	3913	1
10108010_2	281	Sound	38	7886549	654	1			260		other	0
10108010_2	281	Response	1	7890648	4753	1
10108010_2	282	Sound	31	7913848	611	1			260		other	0
10108010_2	282	Response	1	7917527	4290	1
10108010_2	283	Sound	40	7936648	403	1			260		other	0
10108010_2	283	Response	1	7939767	3522	1
10108010_2	284	Sound	38	7958547	628	1			260		other	0
10108010_2	284	Response	1	7961366	3448	1
10108010_2	285	Sound	37	7979547	454	1			260		other	0
10108010_2	285	Response	1	7982566	3474	1
10108010_2	286	Sound	34	7997546	615	1			260		other	0
10108010_2	286	Response	1	8000325	3393	1
10108010_2	287	Sound	30	8026646	538	1			260		other	0
10108010_2	288	Sound	37	8053045	595	1			260		other	0
10108010_2	289	Sound	37	8071045	422	1			260		other	0
10108010_2	289	Response	1	8075204	4581	1
10108010_2	291	Response	255	8108243	19367	1
10108010_2	293	Sound	30	8174243	418	1			260		other	0
10108010_2	294	Sound	36	8199142	643	1			260		other	0
10108010_2	294	Response	1	8201921	3421	1
10108010_2	295	Sound	31	8222242	401	1			260		other	0
10108010_2	295	Response	1	8225520	3680	1
10108010_2	296	Sound	34	8247441	592	1			260		other	0
10108010_2	296	Response	1	8249999	3150	1
10108010_2	297	Sound	38	8267841	652	1			260		other	0
10108010_2	297	Response	1	8271199	4010	1
10108010_2	298	Sound	33	8293340	476	1			260		other	0
10108010_2	298	Response	1	8296319	3454	1
10108010_2	299	Sound	39	8313140	602	1			260		other	0
10108010_2	299	Response	1	8315758	3220	1
10108010_2	300	Sound	39	8339839	459	1			260		other	0
10108010_2	300	Response	1	8343037	3657	1
10108010_2	301	Sound	32	8360539	486	1			260		other	0
10108010_2	302	Sound	38	8383938	377	1			260		other	0
10108010_2	302	Response	1	8388876	5315	1
10108010_2	303	Sound	34	8411238	667	1			260		other	0
10108010_2	303	Response	1	8414476	3905	1
10108010_2	304	Sound	32	8432537	459	1			260		other	0
10108010_2	305	Sound	31	8455337	418	1			260		other	0
10108010_2	306	Sound	32	8471836	412	1			260		other	0
10108010_2	307	Sound	31	8494936	504	1			260		other	0
10108010_2	308	Sound	35	8517735	462	1			260		other	0
10108010_2	309	Sound	37	8543235	620	1			260		other	0
10108010_2	310	Sound	33	8570534	577	1			260		other	0
10108010_2	310	Response	1	8573272	3315	1
10108010_2	311	Sound	30	8596633	501	1			260		other	0
10108010_2	312	Sound	40	8624533	391	1			260		other	0
10108010_2	312	Response	1	8626791	2649	1
10108010_2	313	Sound	38	8645232	584	1			260		other	0
10108010_2	313	Response	1	8648870	4221	1
10108010_2	314	Sound	32	8670132	641	1			260		other	0
10108010_2	314	Response	1	8673110	3619	1
10108010_2	315	Sound	30	8694131	633	1			260		other	0
10108010_2	315	Response	1	8696949	3450	1
10108010_2	316	Sound	34	8723231	556	1			260		other	0
10108010_2	316	Response	1	8727508	4833	1
10108010_2	317	Sound	33	8747230	547	1			260		other	0
10108010_2	317	Response	1	8751348	4665	1
10108010_2	318	Sound	36	8764630	441	1			260		other	0
10108010_2	318	Response	1	8768547	4359	1
10108010_2	319	Sound	34	8783830	634	1			260		other	0
10108010_2	319	Response	1	8788707	5512	1
10108010_2	320	Sound	37	8803629	427	1			260		other	0
10108010_2	320	Response	1	8806386	3184	1
10108010_2	321	Sound	39	8830029	651	1			260		other	0
10108010_2	321	Response	1	8833026	3648	1
10108010_2	322	Sound	38	8858828	607	1			260		other	0
10108010_2	322	Response	1	8862945	4725	1
10108010_2	323	Sound	40	8878627	567	1			260		other	0
10108010_2	323	Response	1	8881105	3045	1
10108010_2	324	Sound	37	8896627	561	1			260		other	0
10108010_2	325	Sound	33	8915227	654	1			260		other	0
10108010_2	326	Sound	38	8940426	512	1			260		other	0
10108010_2	327	Sound	31	8956626	539	1			260		other	0
10108010_2	328	Sound	35	8977925	498	1			260		other	0
10108010_2	328	Response	1	8983103	5675	1
10108010_2	329	Sound	30	9005825	555	1			260		other	0
10108010_2	330	Sound	31	9029824	380	1			260		other	0
10108010_2	331	Sound	36	9055324	537	1			260		other	0
10108010_2	331	Response	1	9059980	5194	1
10108010_2	332	Sound	39	9082923	628	1			260		other	0
10108010_2	332	Response	1	9086860	4564	1
10108010_2	333	Sound	35	9100923	621	1			260		other	0
10108010_2	333	Response	1	9104540	4238	1
10108010_2	334	Sound	40	9117722	415	1			260		other	0
10108010_2	334	Response	1	9120459	3152	1
10108010_2	335	Sound	40	9133922	443	1			260		other	0
10108010_2	335	Response	1	9136459	2979	1
10108010_2	336	Sound	37	9158821	667	1			260		other	0
10108010_2	336	Response	1	9163098	4944	1
10108010_2	337	Sound	39	9182221	559	1			260		other	0
10108010_2	337	Response	1	9185338	3675	1
10108010_2	338	Sound	32	9203821	484	1			260		other	0
10108010_2	339	Sound	37	9229620	442	1			260		other	0
10108010_2	339	Response	1	9235177	5998	1
10108010_2	340	Sound	35	9258119	598	1			260		other	0
10108010_2	341	Sound	30	9285119	589	1			260		other	0
10108010_2	342	Sound	35	9307318	614	1			260		other	0
10108010_2	342	Response	1	9310135	3431	1
10108010_2	343	Sound	33	9326518	474	1			260		other	0
10108010_2	344	Sound	34	9348417	533	1			260		other	0
10108010_2	344	Response	1	9351574	3689	1
10108010_2	345	Sound	40	9366417	526	1			260		other	0
10108010_2	345	Response	1	9369333	3443	1
10108010_2	346	Sound	36	9390717	484	1			260		other	0
10108010_2	347	Sound	36	9413516	610	1			260		other	0
10108010_2	349	Response	255	9453411	20252	1
10108010_2	351	Sound	57	9520314	538	1			260		other	0
10108010_2	352	Sound	58	9539513	565	1			260		other	0
10108010_2	352	Response	1	9543649	4701	1
10108010_2	353	Sound	53	9564713	422	1			260		other	0
10108010_2	354	Sound	57	9584812	515	1			260		other	0
10108010_2	354	Response	1	9588608	4311	1
10108010_2	355	Sound	55	9610612	473	1			260		other	0
10108010_2	355	Response	1	9615088	4949	1
10108010_2	356	Sound	51	9637611	463	1			260		other	0
10108010_2	357	Sound	56	9657711	556	1			260		other	0
10108010_2	357	Response	1	9661406	4251	1
10108010_2	358	Sound	56	9681110	614	1			260		other	0
10108010_2	358	Response	1	9684286	3790	1
10108010_2	359	Sound	60	9699710	541	1			260		other	0
10108010_2	359	Response	1	9702206	3037	1
10108010_2	360	Sound	58	9720410	567	1			260		other	0
10108010_2	360	Response	1	9724285	4443	1
10108010_2	361	Sound	53	9744709	525	1			260		other	0
10108010_2	361	Response	1	9748124	3940	1
10108010_2	362	Sound	53	9763609	418	1			260		other	0
10108010_2	362	Response	1	9767724	4534	1
10108010_2	363	Sound	52	9790008	642	1			260		other	0
10108010_2	363	Response	1	9793083	3717	1
10108010_2	364	Sound	60	9810408	535	1			260		other	0
10108010_2	364	Response	1	9813003	3130	1
10108010_2	365	Sound	55	9838607	558	1			260		other	0
10108010_2	365	Response	1	9842922	4873	1
10108010_2	366	Sound	55	9867406	514	1			260		other	0
10108010_2	366	Response	1	9870842	3950	1
10108010_2	366	Response	1	9888361	21469	1
10108010_2	367	Sound	50	9892006	606	1			260		other	0
10108010_2	368	Sound	50	9913905	665	1			260		other	0
10108010_2	369	Sound	52	9937305	556	1			260		other	0
10108010_2	369	Response	1	9942280	5531	1
10108010_2	370	Sound	57	9961904	481	1			260		other	0
10108010_2	370	Response	1	9965879	4456	1
10108010_2	371	Sound	57	9978704	441	1			260		other	0
10108010_2	371	Response	1	9984279	6016	1
10108010_2	372	Sound	52	10000303	367	1			260		other	0
10108010_2	373	Sound	53	10026703	591	1			260		other	0
10108010_2	374	Sound	50	10044102	485	1			260		other	0
10108010_2	375	Sound	51	10069602	642	1			260		other	0
10108010_2	376	Sound	60	10089102	469	1			260		other	0
10108010_2	376	Response	1	10091956	3324	1
10108010_2	377	Sound	58	10110101	461	1			260		other	0
10108010_2	378	Sound	55	10132901	586	1			260		other	0
10108010_2	378	Response	1	10138035	5721	1
10108010_2	379	Sound	54	10152700	546	1			260		other	0
10108010_2	379	Response	1	10156355	4201	1
10108010_2	380	Sound	58	10179100	437	1			260		other	0
10108010_2	380	Response	1	10182354	3691	1
10108010_2	381	Sound	56	10198299	463	1			260		other	0
10108010_2	381	Response	1	10202274	4438	1
10108010_2	382	Sound	56	10215699	524	1			260		other	0
10108010_2	383	Sound	60	10234299	617	1			260		other	0
10108010_2	383	Response	1	10236753	3072	1
10108010_2	384	Sound	51	10257098	409	1			260		other	0
10108010_2	385	Sound	52	10273298	603	1			260		other	0
10108010_2	385	Response	1	10281792	9097	1
10108010_2	386	Sound	53	10298497	627	1			260		other	0
10108010_2	387	Sound	55	10315297	588	1			260		other	0
10108010_2	387	Response	1	10321071	6362	1
10108010_2	388	Sound	54	10337796	580	1			260		other	0
10108010_2	388	Response	1	10342750	5534	1
10108010_2	389	Sound	54	10361196	472	1			260		other	0
10108010_2	389	Response	1	10365230	4506	1
10108010_2	390	Sound	59	10385795	396	1			260		other	0
10108010_2	390	Response	1	10388989	3591	1
10108010_2	391	Sound	51	10407695	622	1			260		other	0
10108010_2	391	Response	1	10413069	5996	2
10108010_2	392	Sound	59	10431994	413	1			260		other	0
10108010_2	392	Response	1	10437069	5487	1
10108010_2	393	Sound	54	10454494	405	1			260		other	0
10108010_2	394	Sound	52	10477893	630	1			260		other	0
10108010_2	395	Sound	60	10506693	420	1			260		other	0
10108010_2	395	Response	1	10509147	2874	1
10108010_2	396	Sound	59	10522892	614	1			260		other	0
10108010_2	396	Response	1	10530346	8068	1
10108010_2	397	Sound	59	10551692	404	1			260		other	0
10108010_2	398	Sound	58	10571791	663	1			260		other	0
10108010_2	399	Sound	59	10589191	390	1			260		other	0
10108010_2	400	Sound	50	10607190	551	1			260		other	0
10108010_2	401	Sound	54	10630890	409	1			260		other	0
10108010_2	401	Response	1	10634983	4502	1
10108010_2	402	Sound	56	10651290	468	1			260		other	0
10108010_2	402	Response	1	10655943	5122	1
10108010_2	403	Sound	57	10673189	527	1			260		other	0
10108010_2	403	Response	1	10676743	4081	1
10108010_2	404	Sound	50	10700188	518	1			260		other	0
10108010_2	405	Sound	51	10717888	378	1			260		other	0
10108010_2	407	Response	255	10768661	24228	1
10108010_2	409	Sound	33	10835786	569	1			260		other	0
10108010_2	410	Sound	37	10852285	563	1			260		other	0
10108010_2	410	Response	1	10857139	5417	1
10108010_2	411	Sound	34	10875985	422	1			260		other	0
10108010_2	411	Response	1	10880498	4935	1
10108010_2	412	Sound	40	10892184	449	1			260		other	0
10108010_2	412	Response	1	10894978	3242	1
10108010_2	413	Sound	32	10918884	640	1			260		other	0
10108010_2	414	Sound	38	10940483	398	1			260		other	0
10108010_2	414	Response	1	10952656	12571	1
10108010_2	415	Sound	34	10964483	390	1			260		other	0
10108010_2	416	Sound	33	10987882	448	1			260		other	0
10108010_2	417	Sound	32	11009482	540	1			260		other	0
10108010_2	418	Sound	39	11031381	433	1			260		other	0
10108010_2	419	Sound	31	11052081	459	1			260		other	0
10108010_2	420	Sound	37	11073080	451	1			260		other	0
10108010_2	421	Sound	30	11094080	444	1			260		other	0
10108010_2	422	Sound	35	11115079	603	1			260		other	0
10108010_2	423	Sound	38	11132779	463	1			260		other	0
10108010_2	424	Sound	32	11161578	419	1			260		other	0
10108010_2	425	Sound	31	11185878	544	1			260		other	0
10108010_2	426	Sound	35	11212577	401	1			260		other	0
10108010_2	426	Response	1	11220010	7834	1
10108010_2	427	Sound	37	11234477	628	1			260		other	0
10108010_2	428	Sound	38	11257877	519	1			260		other	0
10108010_2	429	Sound	30	11284276	576	1			260		other	0
10108010_2	430	Sound	35	11304676	469	1			260		other	0
10108010_2	431	Sound	31	11324475	595	1			260		other	0
10108010_2	432	Sound	39	11351774	385	1			260		other	0
10108010_2	433	Sound	36	11376674	443	1			260		other	0
10108010_2	434	Sound	30	11397374	636	1			260		other	0
10108010_2	435	Sound	37	11422273	527	1			260		other	0
10108010_2	436	Sound	40	11442372	619	1			260		other	0
10108010_2	436	Response	1	11445685	3932	1
10108010_2	437	Sound	36	11470872	443	1			260		other	0
10108010_2	438	Sound	36	11487672	403	1			260		other	0
10108010_2	439	Sound	34	11509571	629	1			260		other	0
10108010_2	440	Sound	40	11527571	622	1			260		other	0
10108010_2	440	Response	1	11530403	3454	1
10108010_2	441	Sound	37	11550970	514	1			260		other	0
10108010_2	442	Sound	38	11578570	438	1			260		other	0
10108010_2	443	Sound	39	11602269	462	1			260		other	0
10108010_2	444	Sound	36	11620269	456	1			260		other	0
10108010_2	445	Sound	40	11639768	616	1			260		other	0
10108010_2	446	Sound	40	11661968	474	1			260		other	0
10108010_2	447	Sound	30	11687167	666	1			260		other	0
10108010_2	448	Sound	38	11704267	593	1			260		other	0
10108010_2	449	Sound	33	11732466	616	1			260		other	0
10108010_2	450	Sound	31	11759766	406	1			260		other	0
10108010_2	451	Sound	33	11776865	500	1			260		other	0
10108010_2	451	Response	1	11783597	7231	1
10108010_2	452	Sound	35	11805365	490	1			260		other	0
10108010_2	453	Sound	39	11834464	580	1			260		other	0
10108010_2	453	Response	1	11838395	4511	1
10108010_2	454	Sound	32	11857864	471	1			260		other	0
10108010_2	455	Sound	32	11874063	499	1			260		other	0
10108010_2	456	Sound	31	11901663	589	1			260		other	0
10108010_2	457	Sound	34	11920562	482	1			260		other	0
10108010_2	458	Sound	30	11941262	675	1			260		other	0
10108010_2	459	Sound	36	11965861	433	1			260		other	0
10108010_2	460	Sound	35	11982361	427	1			260		other	0
10108010_2	461	Sound	34	12007860	584	1			260		other	0
10108010_2	462	Sound	39	12025560	612	1			260		other	0
10108010_2	463	Sound	33	12044160	538	1			260		other	0
10108010_2	465	Response	255	12097749	28706	1
10108010_2	467	Sound	16	12173457	459	1			260		other	0
10108010_2	468	Sound	13	12199856	516	1			260		other	0
10108010_2	469	Sound	17	12215456	444	1			260		other	0
10108010_2	469	Response	1	12221347	6334	1
10108010_2	470	Sound	19	12236156	636	1			260		other	0
10108010_2	470	Response	1	12239746	4227	1
10108010_2	471	Sound	13	12259855	495	1			260		other	0
10108010_2	471	Response	1	12266625	7265	1
10108010_2	472	Sound	12	12287454	585	1			260		other	0
10108010_2	473	Sound	19	12305454	578	1			260		other	0
10108010_2	473	Response	1	12309184	4309	1
10108010_2	474	Sound	16	12332453	569	1			260		other	0
10108010_2	474	Response	1	12335424	3539	1
10108010_2	475	Sound	16	12357953	393	1			260		other	0
10108010_2	475	Response	1	12366223	8663	1
10108010_2	476	Sound	15	12385552	650	1			260		other	0
10108010_2	476	Response	1	12390223	5320	1
10108010_2	477	Sound	18	12406552	476	1			260		other	0
10108010_2	478	Sound	18	12429951	534	1			260		other	0
10108010_2	478	Response	1	12433262	3844	1
10108010_2	479	Sound	18	12457551	457	1			260		other	0
10108010_2	479	Response	1	12461021	3928	1
10108010_2	480	Sound	10	12475550	451	1			260		other	0
10108010_2	481	Sound	16	12491750	645	1			260		other	0
10108010_2	482	Sound	13	12519949	502	1			260		other	0
10108010_2	483	Sound	11	12539749	628	1			260		other	0
10108010_2	484	Sound	14	12559249	454	1			260		other	0
10108010_2	485	Sound	17	12587148	511	1			260		other	0
10108010_2	485	Response	1	12591898	5261	1
10108010_2	486	Sound	18	12608748	437	1			260		other	0
10108010_2	486	Response	1	12613257	4947	1
10108010_2	487	Sound	20	12630947	629	1			260		other	0
10108010_2	487	Response	1	12635737	5419	1
10108010_2	488	Sound	17	12650447	455	1			260		other	0
10108010_2	489	Sound	12	12666046	550	1			260		other	0
10108010_2	490	Sound	15	12684946	443	1			260		other	0
10108010_2	491	Sound	19	12706845	669	1			260		other	0
10108010_2	491	Response	1	12712215	6039	1
10108010_2	492	Sound	15	12722745	563	1			260		other	0
10108010_2	492	Response	1	12730375	8192	1
10108010_2	493	Sound	14	12748244	554	1			260		other	0
10108010_2	494	Sound	11	12770444	579	1			260		other	0
10108010_2	495	Sound	10	12789644	439	1			260		other	0
10108010_2	496	Sound	10	12812143	598	1			260		other	0
10108010_2	497	Sound	20	12836743	522	1			260		other	0
10108010_2	497	Response	1	12843492	7272	1
10108010_2	498	Sound	10	12862542	646	1			260		other	0
10108010_2	499	Sound	16	12887142	571	1			260		other	0
10108010_2	500	Sound	11	12903341	432	1			260		other	0
10108010_2	501	Sound	18	12920141	392	1			260		other	0
10108010_2	502	Sound	19	12947740	483	1			260		other	0
10108010_2	503	Sound	11	12966640	376	1			260		other	0
10108010_2	504	Sound	11	12991239	634	1			260		other	0
10108010_2	505	Sound	20	13011039	427	1			260		other	0
10108010_2	505	Response	1	13014128	3516	1
10108010_2	506	Sound	14	13031438	486	1			260		other	0
10108010_2	507	Sound	15	13048238	447	1			260		other	0
10108010_2	508	Sound	15	13068038	406	1			260		other	0
10108010_2	509	Sound	12	13086337	533	1			260		other	0
10108010_2	510	Sound	17	13107037	559	1			260		other	0
10108010_2	511	Sound	19	13133736	416	1			260		other	0
10108010_2	512	Sound	13	13158936	607	1			260		other	0
10108010_2	513	Sound	12	13177535	368	1			260		other	0
10108010_2	514	Sound	12	13198235	560	1			260		other	0
10108010_2	515	Sound	20	13226134	450	1			260		other	0
10108010_2	515	Response	1	13229083	3399	1
10108010_2	516	Sound	17	13249834	642	1			260		other	0
10108010_2	516	Response	1	13254602	5410	1
10108010_2	517	Sound	10	13275333	632	1			260		other	0
10108010_2	518	Sound	14	13302033	490	1			260		other	0
10108010_2	519	Sound	14	13325432	548	1			260		other	0
10108010_2	520	Sound	20	13353631	404	1			260		other	0
10108010_2	520	Response	1	13356680	3453	1
10108010_2	521	Sound	13	13378831	596	1			260		other	0
10108010_2	523	Response	255	13432198	29875	1
10108010_2	525	Sound	54	13512028	582	1			260		other	0
10108010_2	526	Sound	57	13536928	639	1			260		other	0
10108010_2	527	Sound	51	13555227	599	1			260		other	0
10108010_2	528	Sound	51	13574727	426	1			260		other	0
10108010_2	529	Sound	54	13603226	416	1			260		other	0
10108010_2	529	Response	1	13608514	5703	1
10108010_2	530	Sound	60	13622426	609	1			260		other	0
10108010_2	530	Response	1	13625314	3497	1
10108010_2	531	Sound	58	13647625	633	1			260		other	0
10108010_2	531	Response	1	13652193	5201	1
10108010_2	532	Sound	60	13674325	657	1			260		other	0
10108010_2	532	Response	1	13679072	5404	1
10108010_2	533	Sound	55	13702524	513	1			260		other	0
10108010_2	534	Sound	55	13718724	541	1			260		other	0
10108010_2	535	Sound	50	13737923	567	1			260		other	0
10108010_2	536	Sound	59	13765523	658	1			260		other	0
10108010_2	537	Sound	57	13785622	584	1			260		other	0
10108010_2	538	Sound	59	13813222	507	1			260		other	0
10108010_2	539	Sound	54	13829121	402	1			260		other	0
10108010_2	540	Sound	52	13855821	592	1			260		other	0
10108010_2	541	Sound	60	13872320	419	1			260		other	0
10108010_2	541	Response	1	13880028	8127	1
10108010_2	542	Sound	50	13895420	511	1			260		other	0
10108010_2	543	Sound	50	13919719	469	1			260		other	0
10108010_2	544	Sound	59	13938019	429	1			260		other	0
10108010_2	545	Sound	52	13962319	554	1			260		other	0
10108010_2	546	Sound	60	13986918	479	1			260		other	0
10108010_2	546	Response	1	13994105	7666	1
10108010_2	547	Sound	56	14008517	404	1			260		other	0
10108010_2	548	Sound	60	14031017	563	1			260		other	0
10108010_2	548	Response	1	14040424	9970	1
10108010_2	549	Sound	58	14058316	520	1			260		other	0
10108010_2	550	Sound	53	14082316	511	1			260		other	0
10108010_2	551	Sound	50	14107215	402	1			260		other	0
10108010_2	552	Sound	56	14130315	661	1			260		other	0
10108010_2	553	Sound	53	14155814	652	1			260		other	0
10108010_2	554	Sound	51	14173514	512	1			260		other	0
10108010_2	555	Sound	52	14195113	605	1			260		other	0
10108010_2	556	Sound	54	14221513	495	1			260		other	0
10108010_2	557	Sound	56	14238913	389	1			260		other	0
10108010_2	558	Sound	57	14266812	612	1			260		other	0
10108010_2	559	Sound	52	14290511	637	1			260		other	0
10108010_2	560	Sound	58	14311211	497	1			260		other	0
10108010_2	561	Sound	53	14332211	489	1			260		other	0
10108010_2	562	Sound	57	14355010	447	1			260		other	0
10108010_2	563	Sound	52	14375110	540	1			260		other	0
10108010_2	564	Sound	59	14398809	398	1			260		other	0
10108010_2	565	Sound	55	14417709	625	1			260		other	0
10108010_2	566	Sound	50	14445308	382	1			260		other	0
10108010_2	567	Sound	51	14466308	541	1			260		other	0
10108010_2	568	Sound	56	14494207	431	1			260		other	0
10108010_2	569	Sound	58	14518207	423	1			260		other	0
10108010_2	570	Sound	57	14540706	414	1			260		other	0
10108010_2	571	Sound	56	14560506	541	1			260		other	0
10108010_2	572	Sound	55	14576405	435	1			260		other	0
10108010_2	573	Sound	53	14599805	660	1			260		other	0
10108010_2	574	Sound	58	14620204	553	1			260		other	0
10108010_2	575	Sound	55	14648104	443	1			260		other	0
10108010_2	576	Sound	51	14673903	567	1			260		other	0
10108010_2	577	Sound	59	14703003	490	1			260		other	0
10108010_2	578	Sound	54	14724302	449	1			260		other	0
10108010_2	579	Sound	53	14746202	508	1			260		other	0
10108010_2	581	Response	255	14792326	18710	1
10108010_2	583	Sound	37	14857499	435	1			260		other	0
10108010_2	584	Sound	39	14878799	561	1			260		other	0
10108010_2	585	Sound	31	14902798	385	1			260		other	0
10108010_2	586	Sound	38	14918998	580	1			260		other	0
10108010_2	587	Sound	35	14942397	471	1			260		other	0
10108010_2	587	Response	1	14945203	3276	1
10108010_2	588	Sound	40	14970897	461	1			260		other	0
10108010_2	588	Response	1	14973842	3406	1
10108010_2	589	Sound	38	14995196	419	1			260		other	0
10108010_2	590	Sound	35	15014996	545	1			260		other	0
10108010_2	591	Sound	31	15039895	436	1			260		other	0
10108010_2	592	Sound	34	15061795	662	1			260		other	0
10108010_2	592	Response	1	15070160	9027	1
10108010_2	593	Sound	38	15086394	420	1			260		other	0
10108010_2	594	Sound	33	15107394	412	1			260		other	0
10108010_2	595	Sound	30	15134393	403	1			260		other	0
10108010_2	596	Sound	30	15153893	396	1			260		other	0
10108010_2	597	Sound	32	15174592	422	1			260		other	0
10108010_2	598	Sound	39	15200092	579	1			260		other	0
10108010_2	599	Sound	39	15226191	503	1			260		other	0
10108010_2	600	Sound	35	15247491	462	1			260		other	0
10108010_2	601	Sound	36	15264290	423	1			260		other	0
10108010_2	602	Sound	35	15286490	615	1			260		other	0
10108010_2	602	Response	1	15291434	5559	1
10108010_2	603	Sound	33	15311990	606	1			260		other	0
10108010_2	604	Sound	38	15336889	664	1			260		other	0
10108010_2	604	Response	1	15342313	6088	1
10108010_2	605	Sound	39	15365388	654	1			260		other	0
10108010_2	605	Response	1	15370313	5578	1
10108010_2	606	Sound	32	15390888	478	1			260		other	0
10108010_2	607	Sound	40	15413387	470	1			260		other	0
10108010_2	608	Sound	33	15434387	629	1			260		other	0
10108010_2	608	Response	1	15437591	3833	1
10108010_2	609	Sound	37	15453886	455	1			260		other	0
10108010_2	610	Sound	34	15476686	581	1			260		other	0
10108010_2	610	Response	1	15481270	5165	1
10108010_2	611	Sound	36	15505185	404	1			260		other	0
10108010_2	611	Response	1	15508389	3608	1
10108010_2	612	Sound	32	15522585	631	1			260		other	0
10108010_2	612	Response	1	15526309	4355	1
10108010_2	613	Sound	38	15543585	624	1			260		other	0
10108010_2	613	Response	1	15546149	3188	1
10108010_2	614	Sound	40	15560684	551	1			260		other	0
10108010_2	614	Response	1	15562948	2815	1
10108010_2	615	Sound	34	15587384	408	1			260		other	0
10108010_2	616	Sound	40	15613183	532	1			260		other	0
10108010_2	616	Response	1	15616067	3416	1
10108010_2	617	Sound	30	15635083	424	1			260		other	0
10108010_2	618	Sound	30	15657882	383	1			260		other	0
10108010_2	619	Sound	34	15680082	408	1			260		other	0
10108010_2	619	Response	1	15687905	8232	1
10108010_2	620	Sound	36	15700181	501	1			260		other	0
10108010_2	621	Sound	37	15725681	492	1			260		other	0
10108010_2	621	Response	1	15733344	8155	1
10108010_2	622	Sound	37	15750580	383	1			260		other	0
10108010_2	623	Sound	34	15775180	641	1			260		other	0
10108010_2	624	Sound	31	15799779	565	1			260		other	0
10108010_2	625	Sound	36	15826779	389	1			260		other	0
10108010_2	626	Sound	33	15854678	613	1			260		other	0
10108010_2	627	Sound	31	15883477	402	1			260		other	0
10108010_2	628	Sound	39	15905677	428	1			260		other	0
10108010_2	629	Sound	36	15926076	487	1			260		other	0
10108010_2	630	Sound	40	15943176	581	1			260		other	0
10108010_2	630	Response	1	15945739	3144	1
10108010_2	631	Sound	30	15972275	504	1			260		other	0
10108010_2	632	Sound	35	16000175	561	1			260		other	0
10108010_2	633	Sound	37	16028374	584	1			260		other	0
10108010_2	634	Sound	32	16046074	444	1			260		other	0
10108010_2	635	Sound	33	16062273	639	1			260		other	0
10108010_2	636	Sound	32	16084773	631	1			260		other	0
10108010_2	637	Sound	31	16106073	423	1			260		other	0
10108010_2	639	Response	1	16135095	3356	1
10108010_2	639	Response	255	16153014	21276	1
10108010_2	641	Sound	39	16223070	381	1			260		other	0
10108010_2	642	Sound	33	16239570	375	1			260		other	0
10108010_2	643	Sound	34	16263269	567	1			260		other	0
10108010_2	644	Sound	39	16289369	658	1			260		other	0
10108010_2	645	Sound	30	16313068	516	1			260		other	0
10108010_2	646	Sound	33	16342167	605	1			260		other	0
10108010_2	647	Sound	37	16364367	464	1			260		other	0
10108010_2	648	Sound	30	16381167	592	1			260		other	0
10108010_2	649	Sound	32	16398566	485	1			260		other	0
10108010_2	650	Sound	34	16415366	613	1			260		other	0
10108010_2	651	Sound	38	16437565	638	1			260		other	0
10108010_2	652	Sound	38	16461865	596	1			260		other	0
10108010_2	653	Sound	31	16480764	489	1			260		other	0
10108010_2	654	Sound	38	16497264	483	1			260		other	0
10108010_2	655	Sound	36	16524564	440	1			260		other	0
10108010_2	655	Response	1	16528126	4002	1
10108010_2	656	Sound	37	16541363	568	1			260		other	0
10108010_2	656	Response	1	16544685	3890	1
10108010_2	657	Sound	36	16567763	625	1			260		other	0
10108010_2	658	Sound	32	16595962	482	1			260		other	0
10108010_2	659	Sound	33	16621461	639	1			260		other	0
10108010_2	659	Response	1	16624843	4021	1
10108010_2	660	Sound	40	16648161	663	1			260		other	0
10108010_2	660	Response	1	16650603	3105	1
10108010_2	661	Sound	37	16673060	554	1			260		other	0
10108010_2	661	Response	1	16675962	3456	1
10108010_2	662	Sound	30	16700660	477	1			260		other	0
10108010_2	663	Sound	40	16725259	402	1			260		other	0
10108010_2	663	Response	1	16728441	3584	1
10108010_2	664	Sound	36	16747759	394	1			260		other	0
10108010_2	665	Sound	32	16769358	486	1			260		other	0
10108010_2	665	Response	1	16773640	4768	1
10108010_2	666	Sound	40	16788258	380	1			260		other	0
10108010_2	666	Response	1	16790439	2561	1
10108010_2	667	Sound	35	16806558	673	1			260		other	0
10108010_2	667	Response	1	16811399	5515	1
10108010_2	668	Sound	37	16825457	400	1			260		other	0
10108010_2	668	Response	1	16829319	4261	1
10108010_2	669	Sound	32	16852156	423	1			260		other	0
10108010_2	669	Response	1	16856438	4705	1
10108010_2	670	Sound	31	16880956	380	1			260		other	0
10108010_2	671	Sound	33	16896855	441	1			260		other	0
10108010_2	672	Sound	31	16920255	499	1			260		other	0
10108010_2	673	Sound	40	16946055	457	1			260		other	0
10108010_2	673	Response	1	16949076	3478	1
10108010_2	674	Sound	37	16970054	448	1			260		other	0
10108010_2	674	Response	1	16975075	5469	1
10108010_2	675	Sound	34	16997053	605	1			260		other	0
10108010_2	676	Sound	31	17020453	497	1			260		other	0
10108010_2	677	Sound	34	17036652	524	1			260		other	0
10108010_2	678	Sound	38	17063052	415	1			260		other	0
10108010_2	679	Sound	30	17081052	575	1			260		other	0
10108010_2	680	Sound	38	17107151	666	1			260		other	0
10108010_2	681	Sound	33	17123051	393	1			260		other	0
10108010_2	682	Sound	36	17145250	420	1			260		other	0
10108010_2	683	Sound	35	17166850	511	1			260		other	0
10108010_2	684	Sound	34	17183649	472	1			260		other	0
10108010_2	685	Sound	35	17213049	528	1			260		other	0
10108010_2	686	Sound	30	17236448	586	1			260		other	0
10108010_2	687	Sound	40	17254448	580	1			260		other	0
10108010_2	687	Response	1	17257309	3441	1
10108010_2	688	Sound	36	17271848	641	1			260		other	0
10108010_2	689	Sound	35	17288947	401	1			260		other	0
10108010_2	690	Sound	32	17307847	628	1			260		other	0
10108010_2	691	Sound	31	17332446	385	1			260		other	0
10108010_2	692	Sound	35	17353446	545	1			260		other	0
10108010_2	693	Sound	39	17372345	605	1			260		other	0
10108010_2	694	Sound	39	17389145	565	1			260		other	0
10108010_2	694	Response	1	17393385	4806	1
10108010_2	695	Sound	39	17406545	626	1			260		other	0
10108010_2	695	Response	1	17410585	4666	1
10108010_2	697	Response	255	17443384	15545	1
10108010_2	699	Sound	40	17512442	655	1			260		other	0
10108010_2	699	Response	1	17515462	3675	1
10108010_2	700	Sound	35	17541542	578	1			260		other	0
10108010_2	701	Sound	33	17562241	604	1			260		other	0
10108010_2	702	Sound	36	17580241	430	1			260		other	0
10108010_2	703	Sound	38	17601240	423	1			260		other	0
10108010_2	704	Sound	39	17629440	446	1			260		other	0
10108010_2	705	Sound	39	17652839	671	1			260		other	0
10108010_2	706	Sound	33	17669939	432	1			260		other	0
10108010_2	707	Sound	33	17687639	626	1			260		other	0
10108010_2	708	Sound	37	17711338	484	1			260		other	0
10108010_2	709	Sound	38	17730838	643	1			260		other	0
10108010_2	709	Response	1	17734577	4383	1
10108010_2	710	Sound	34	17755137	601	1			260		other	0
10108010_2	710	Response	1	17759457	4921	1
10108010_2	711	Sound	37	17783337	625	1			260		other	0
10108010_2	711	Response	1	17786976	4264	1
10108010_2	712	Sound	35	17799836	619	1			260		other	0
10108010_2	712	Response	1	17803856	4638	1
10108010_2	713	Sound	32	17824736	510	1			260		other	0
10108010_2	713	Response	1	17829135	4909	2
10108010_2	714	Sound	32	17850535	634	1			260		other	0
10108010_2	714	Response	1	17856255	6354	1
10108010_2	715	Sound	34	17868835	427	1			260		other	0
10108010_2	715	Response	1	17873294	4887	1
10108010_2	716	Sound	30	17896134	384	1			260		other	0
10108010_2	717	Sound	33	17915634	377	1			260		other	0
10108010_2	718	Sound	30	17934833	571	1			260		other	0
10108010_2	718	Response	1	17938413	4150	1
10108010_2	719	Sound	34	17960333	562	1			260		other	0
10108010_2	719	Response	1	17964572	4801	1
10108010_2	720	Sound	31	17981032	421	1			260		other	0
10108010_2	721	Sound	36	18005032	579	1			260		other	0
10108010_2	721	Response	1	18008331	3878	1
10108010_2	722	Sound	37	18027231	605	1			260		other	0
10108010_2	722	Response	1	18031050	4423	1
10108010_2	723	Sound	34	18049431	630	1			260		other	0
10108010_2	723	Response	1	18052410	3609	1
10108010_2	724	Sound	40	18067730	590	1			260		other	0
10108010_2	724	Response	1	18070089	2949	1
10108010_2	725	Sound	32	18087830	516	1			260		other	0
10108010_2	726	Sound	30	18114829	506	1			260		other	0
10108010_2	727	Sound	34	18141829	664	1			260		other	0
10108010_2	727	Response	1	18146168	5002	1
10108010_2	728	Sound	38	18167628	621	1			260		other	0
10108010_2	728	Response	1	18171927	4920	1
10108010_2	729	Sound	35	18184128	448	1			260		other	0
10108010_2	729	Response	1	18188327	4647	1
10108010_2	730	Sound	37	18206028	507	1			260		other	0
10108010_2	730	Response	1	18209926	4406	1
10108010_2	731	Sound	30	18233027	498	1			260		other	0
10108010_2	731	Response	1	18236806	4277	1
10108010_2	732	Sound	36	18262126	587	1			260		other	0
10108010_2	732	Response	1	18266085	4546	1
10108010_2	733	Sound	40	18282826	447	1			260		other	0
10108010_2	733	Response	1	18285924	3545	1
10108010_2	734	Sound	35	18311925	536	1			260		other	0
10108010_2	735	Sound	38	18332325	429	1			260		other	0
10108010_2	735	Response	1	18336883	4987	1
10108010_2	736	Sound	39	18359324	586	1			260		other	0
10108010_2	736	Response	1	18362163	3424	1
10108010_2	737	Sound	32	18377024	613	1			260		other	0
10108010_2	737	Response	1	18380082	3671	1
10108010_2	738	Sound	31	18405523	603	1			260		other	0
10108010_2	739	Sound	37	18428023	428	1			260		other	0
10108010_2	740	Sound	31	18453522	586	1			260		other	0
10108010_2	740	Response	1	18457440	4504	1
10108010_2	741	Sound	40	18473922	645	1			260		other	0
10108010_2	741	Response	1	18476400	3123	1
10108010_2	742	Sound	30	18492221	438	1			260		other	0
10108010_2	743	Sound	40	18516221	597	1			260		other	0
10108010_2	743	Response	1	18519279	3655	1
10108010_2	744	Sound	33	18543520	554	1			260		other	0
10108010_2	745	Sound	38	18572020	377	1			260		other	0
10108010_2	746	Sound	32	18598719	401	1			260		other	0
10108010_2	747	Sound	31	18622119	459	1			260		other	0
10108010_2	748	Sound	39	18650018	516	1			260		other	0
10108010_2	748	Response	1	18653594	4092	3
10108010_2	749	Sound	36	18669218	542	1			260		other	0
10108010_2	749	Response	1	18672155	3480	1
10108010_2	750	Sound	35	18695617	600	1			260		other	0
10108010_2	751	Sound	39	18723816	623	1			260		other	0
10108010_2	751	Response	1	18727674	4480	1
10108010_2	752	Sound	31	18749616	413	1			260		other	0
10108010_2	753	Sound	36	18776615	571	1			260		other	0
10108010_2	753	Response	1	18783113	7068	1
10108010_2	755	Response	255	18850871	51072	1
10108010_2	756	Response	1	18884070	33172	1
10108010_2	757	Sound	54	18923312	551	1			260		other	0
10108010_2	758	Sound	58	18941312	545	1			260		other	0
10108010_2	758	Response	1	18946789	6022	1
10108010_2	759	Sound	56	18960511	571	1			260		other	0
10108010_2	759	Response	1	18965108	5169	1
10108010_2	760	Sound	55	18987211	429	1			260		other	0
10108010_2	760	Response	1	18990868	4086	1
10108010_2	761	Sound	54	19006410	455	1			260		other	0
10108010_2	762	Sound	58	19025910	448	1			260		other	0
10108010_2	762	Response	1	19029507	4045	1
10108010_2	763	Sound	51	19052309	507	1			260		other	0
10108010_2	764	Sound	60	19078109	463	1			260		other	0
10108010_2	764	Response	1	19081106	3460	1
10108010_2	765	Sound	57	19094608	457	1			260		other	0
10108010_2	766	Sound	50	19116808	482	1			260		other	0
10108010_2	767	Sound	60	19138108	608	1			260		other	0
10108010_2	767	Response	1	19140704	3205	1
10108010_2	768	Sound	58	19156107	435	1			260		other	0
10108010_2	768	Response	1	19159984	4312	1
10108010_2	769	Sound	53	19173807	462	1			260		other	0
10108010_2	770	Sound	59	19191506	656	1			260		other	0
10108010_2	770	Response	1	19194463	3612	1
10108010_2	771	Sound	50	19213406	381	1			260		other	0
10108010_2	772	Sound	56	19230205	509	1			260		other	0
10108010_2	772	Response	1	19234222	4525	1
10108010_2	773	Sound	51	19254205	667	1			260		other	0
10108010_2	773	Response	1	19257422	3883	1
10108010_2	774	Sound	59	19279404	524	1			260		other	0
10108010_2	774	Response	1	19282301	3421	1
10108010_2	775	Sound	52	19297404	518	1			260		other	0
10108010_2	776	Sound	51	19320504	610	1			260		other	0
10108010_2	777	Sound	60	19347503	600	1			260		other	0
10108010_2	777	Response	1	19349579	2677	1
10108010_2	778	Sound	56	19364303	394	1			260		other	0
10108010_2	778	Response	1	19369659	5750	1
10108010_2	779	Sound	51	19385002	587	1			260		other	0
10108010_2	779	Response	1	19388699	4283	1
10108010_2	780	Sound	57	19404802	380	1			260		other	0
10108010_2	780	Response	1	19407498	3076	1
10108010_2	781	Sound	51	19433301	370	1			260		other	0
10108010_2	782	Sound	59	19455201	595	1			260		other	0
10108010_2	782	Response	1	19459257	4651	1
10108010_2	783	Sound	53	19478600	487	1			260		other	0
10108010_2	783	Response	1	19483496	5383	1
10108010_2	784	Sound	60	19499600	479	1			260		other	0
10108010_2	784	Response	1	19501576	2455	1
10108010_2	785	Sound	56	19523899	604	1			260		other	0
10108010_2	785	Response	1	19528295	5000	1
10108010_2	786	Sound	57	19545199	397	1			260		other	0
10108010_2	787	Sound	52	19572498	520	1			260		other	0
10108010_2	788	Sound	54	19596798	645	1			260		other	0
10108010_2	788	Response	1	19600534	4381	1
10108010_2	789	Sound	59	19621097	603	1			260		other	0
10108010_2	789	Response	1	19624613	4118	1
10108010_2	790	Sound	55	19648097	426	1			260		other	0
10108010_2	790	Response	1	19653252	5582	1
10108010_2	791	Sound	50	19672396	384	1			260		other	0
10108010_2	792	Sound	59	19693396	544	1			260		other	0
10108010_2	792	Response	1	19697811	4959	1
10108010_2	793	Sound	53	19717095	568	1			260		other	0
10108010_2	794	Sound	58	19740495	460	1			260		other	0
10108010_2	794	Response	1	19746050	6015	1
10108010_2	795	Sound	55	19763294	419	1			260		other	0
10108010_2	795	Response	1	19766370	3494	1
10108010_2	796	Sound	56	19783394	511	1			260		other	0
10108010_2	796	Response	1	19786929	4047	1
10108010_2	797	Sound	53	19802293	571	1			260		other	0
10108010_2	798	Sound	53	19826293	563	1			260		other	0
10108010_2	798	Response	1	19830128	4398	1
10108010_2	799	Sound	50	19848192	622	1			260		other	0
10108010_2	800	Sound	57	19865292	382	1			260		other	0
10108010_2	800	Response	1	19870607	5697	1
10108010_2	801	Sound	57	19886892	475	1			260		other	0
10108010_2	801	Response	1	19889567	3150	1
10108010_2	802	Sound	60	19911791	532	1			260		other	0
10108010_2	802	Response	1	19913806	2548	1
10108010_2	803	Sound	50	19933691	591	1			260		other	0
10108010_2	804	Sound	52	19960690	415	1			260		other	0
10108010_2	805	Sound	55	19983189	407	1			260		other	0
10108010_2	805	Response	1	19987245	4462	1
10108010_2	806	Sound	54	20000289	501	1			260		other	0
10108010_2	806	Response	1	20003804	4016	1
10108010_2	807	Sound	52	20027288	491	1			260		other	0
10108010_2	807	Response	1	20033723	6926	3
10108010_2	808	Sound	55	20044688	552	1			260		other	0
10108010_2	808	Response	1	20047963	3826	1
10108010_2	809	Sound	52	20071987	508	1			260		other	0
10108010_2	810	Sound	54	20092987	501	1			260		other	0
10108010_2	811	Sound	58	20112487	661	1			260		other	0
10108010_2	811	Response	1	20117241	5416	1
10108010_2	813	Response	255	20332596	194682	1
10108010_2	815	Sound	14	20399880	625	1			260		other	0
10108010_2	816	Sound	18	20423880	450	1			260		other	0
10108010_2	816	Response	1	20428674	5244	1
10108010_2	817	Sound	19	20452079	640	1			260		other	0
10108010_2	817	Response	1	20455793	4354	1
10108010_2	818	Sound	14	20469179	567	1			260		other	0
10108010_2	818	Response	1	20473953	5341	1
10108010_2	819	Sound	14	20485979	528	1			260		other	0
10108010_2	819	Response	1	20489473	4021	1
10108010_2	820	Sound	15	20509078	619	1			260		other	0
10108010_2	820	Response	1	20512832	4373	1
10108010_2	821	Sound	14	20537577	609	1			260		other	0
10108010_2	821	Response	1	20541631	4663	1
10108010_2	822	Sound	20	20563377	400	1			260		other	0
10108010_2	822	Response	1	20566351	3374	1
10108010_2	823	Sound	10	20587076	425	1			260		other	0
10108010_2	824	Sound	13	20609876	383	1			260		other	0
10108010_2	824	Response	1	20613950	4457	1
10108010_2	825	Sound	19	20632675	508	1			260		other	0
10108010_2	825	Response	1	20636430	4263	1
10108010_2	826	Sound	16	20649475	469	1			260		other	0
10108010_2	827	Sound	18	20667175	496	1			260		other	0
10108010_2	827	Response	1	20671868	5190	1
10108010_2	828	Sound	20	20692974	454	1			260		other	0
10108010_2	828	Response	1	20696108	3587	1
10108010_2	829	Sound	20	20715174	479	1			260		other	0
10108010_2	829	Response	1	20718347	3653	1
10108010_2	830	Sound	10	20738573	537	1			260		other	0
10108010_2	831	Sound	15	20755373	498	1			260		other	0
10108010_2	831	Response	1	20761626	6752	1
10108010_2	832	Sound	12	20782672	622	1			260		other	0
10108010_2	833	Sound	12	20803672	447	1			260		other	0
10108010_2	834	Sound	19	20824971	407	1			260		other	0
10108010_2	834	Response	1	20829145	4580	1
10108010_2	835	Sound	12	20851971	564	1			260		other	0
10108010_2	836	Sound	17	20867270	525	1			260		other	0
10108010_2	836	Response	1	20872184	5438	1
10108010_2	837	Sound	11	20886770	518	1			260		other	0
10108010_2	837	Response	1	20891783	5531	1
10108010_2	838	Sound	11	20902670	412	1			260		other	0
10108010_2	839	Sound	18	20931469	535	1			260		other	0
10108010_2	840	Sound	17	20956969	526	1			260		other	0
10108010_2	840	Response	1	20964982	8539	1
10108010_2	841	Sound	10	20980068	618	1			260		other	0
10108010_2	842	Sound	10	21004068	610	1			260		other	0
10108010_2	843	Sound	13	21024767	469	1			260		other	0
10108010_2	844	Sound	12	21052066	592	1			260		other	0
10108010_2	845	Sound	14	21079966	482	1			260		other	0
10108010_2	845	Response	1	21088019	8535	1
10108010_2	846	Sound	17	21105765	440	1			260		other	0
10108010_2	846	Response	1	21109378	4052	1
10108010_2	847	Sound	16	21127665	665	1			260		other	0
10108010_2	847	Response	1	21130818	3818	1
10108010_2	848	Sound	19	21151664	490	1			260		other	0
10108010_2	848	Response	1	21154577	3403	1
10108010_2	849	Sound	17	21175664	648	1			260		other	0
10108010_2	849	Response	1	21179537	4521	1
10108010_2	850	Sound	19	21201463	606	1			260		other	0
10108010_2	850	Response	1	21204896	4038	1
10108010_2	851	Sound	18	21229963	595	1			260		other	0
10108010_2	851	Response	1	21233695	4328	1
10108010_2	852	Sound	16	21253662	454	1			260		other	0
10108010_2	853	Sound	10	21281862	477	1			260		other	0
10108010_2	854	Sound	15	21309461	567	1			260		other	0
10108010_2	855	Sound	13	21334960	392	1			260		other	0
10108010_2	856	Sound	20	21360760	516	1			260		other	0
10108010_2	856	Response	1	21363452	3208	1
10108010_2	857	Sound	11	21384159	407	1			260		other	0
10108010_2	858	Sound	12	21403359	434	1			260		other	0
10108010_2	859	Sound	11	21420759	661	1			260		other	0
10108010_2	859	Response	1	21436651	16553	1
10108010_2	860	Sound	20	21448358	418	1			260		other	0
10108010_2	860	Response	1	21450810	2870	1
10108010_2	861	Sound	15	21473257	642	1			260		other	0
10108010_2	861	Response	1	21477689	5074	1
10108010_2	862	Sound	13	21501457	499	1			260		other	0
10108010_2	863	Sound	18	21522756	625	1			260		other	0
10108010_2	863	Response	1	21529928	7796	1
10108010_2	864	Sound	17	21548556	415	1			260		other	0
10108010_2	864	Response	1	21552808	4667	1
10108010_2	865	Sound	13	21576155	506	1			260		other	0
10108010_2	865	Response	1	21579927	4277	1
10108010_2	866	Sound	15	21600455	630	1			260		other	0
10108010_2	866	Response	1	21607927	8102	1
10108010_2	867	Sound	16	21628654	653	1			260		other	0
10108010_2	867	Response	1	21633686	5685	1
10108010_2	868	Sound	16	21654753	411	1			260		other	0
10108010_2	869	Sound	11	21672153	471	1			260		other	0
10108010_2	871	Response	255	21719524	26588	1
10108010_2	873	Sound	10	21799051	659	1			260		other	0
10108010_2	874	Sound	20	21814650	587	1			260		other	0
10108010_2	874	Response	1	21817841	3778	1
10108010_2	875	Sound	13	21838350	445	1			260		other	0
10108010_2	876	Sound	18	21863849	603	1			260		other	0
10108010_2	876	Response	1	21867440	4194	1
10108010_2	877	Sound	18	21885749	495	1			260		other	0
10108010_2	878	Sound	14	21903748	489	1			260		other	0
10108010_2	879	Sound	19	21924148	381	1			260		other	0
10108010_2	879	Response	1	21927679	3913	1
10108010_2	880	Sound	18	21951147	538	1			260		other	0
10108010_2	880	Response	1	21956078	5469	1
10108010_2	881	Sound	15	21968847	565	1			260		other	0
10108010_2	882	Sound	20	21994046	590	1			260		other	0
10108010_2	882	Response	1	21997197	3741	1
10108010_2	883	Sound	14	22017746	448	1			260		other	0
10108010_2	884	Sound	16	22037545	574	1			260		other	0
10108010_2	885	Sound	11	22057945	467	1			260		other	0
10108010_2	886	Sound	19	22080144	492	1			260		other	0
10108010_2	886	Response	1	22086555	6903	1
10108010_2	887	Sound	14	22103244	417	1			260		other	0
10108010_2	888	Sound	14	22119144	478	1			260		other	0
10108010_2	889	Sound	20	22145543	536	1			260		other	0
10108010_2	889	Response	1	22150074	5066	1
10108010_2	890	Sound	11	22166843	495	1			260		other	0
10108010_2	891	Sound	19	22194142	618	1			260		other	0
10108010_2	892	Sound	13	22221741	542	1			260		other	0
10108010_2	893	Sound	16	22240041	502	1			260		other	0
10108010_2	893	Response	1	22244872	5333	1
10108010_2	894	Sound	17	22260141	428	1			260		other	0
10108010_2	895	Sound	12	22280240	521	1			260		other	0
10108010_2	896	Sound	10	22299440	381	1			260		other	0
10108010_2	897	Sound	16	22317139	408	1			260		other	0
10108010_2	897	Response	1	22322630	5898	1
10108010_2	898	Sound	15	22341139	399	1			260		other	0
10108010_2	899	Sound	16	22364838	424	1			260		other	0
10108010_2	900	Sound	18	22388238	483	1			260		other	0
10108010_2	900	Response	1	22392548	4793	1
10108010_2	901	Sound	17	22407737	642	1			260		other	0
10108010_2	901	Response	1	22411828	4733	1
10108010_2	902	Sound	13	22428437	668	1			260		other	0
10108010_2	902	Response	1	22433827	6059	1
10108010_2	903	Sound	13	22456336	392	1			260		other	0
10108010_2	903	Response	1	22460707	4762	1
10108010_2	904	Sound	11	22472836	552	1			260		other	0
10108010_2	905	Sound	20	22492336	545	1			260		other	0
10108010_2	905	Response	1	22496306	4515	1
10108010_2	906	Sound	15	22511235	439	1			260		other	0
10108010_2	907	Sound	17	22529835	532	1			260		other	0
10108010_2	907	Response	1	22536065	6762	1
10108010_2	908	Sound	18	22548734	592	1			260		other	0
10108010_2	908	Response	1	22552224	4082	1
10108010_2	909	Sound	17	22567934	452	1			260		other	0
10108010_2	909	Response	1	22571024	3542	1
10108010_2	910	Sound	12	22588334	511	1			260		other	0
10108010_2	910	Response	1	22592223	4401	1
10108010_2	911	Sound	10	22616233	568	1			260		other	0
10108010_2	912	Sound	10	22632733	562	1			260		other	0
10108010_2	913	Sound	11	22650432	589	1			260		other	0
10108010_2	914	Sound	15	22665732	384	1			260		other	0
10108010_2	915	Sound	12	22690331	475	1			260		other	0
10108010_2	916	Sound	17	22708931	568	1			260		other	0
10108010_2	917	Sound	15	22729031	661	1			260		other	0
10108010_2	918	Sound	20	22746430	388	1			260		other	0
10108010_2	918	Response	1	22751660	5618	1
10108010_2	919	Sound	12	22765930	548	1			260		other	0
10108010_2	920	Sound	10	22782729	509	1			260		other	0
10108010_2	921	Sound	12	22800129	569	1			260		other	0
10108010_2	922	Sound	11	22826528	460	1			260		other	0
10108010_2	923	Sound	16	22849628	385	1			260		other	0
10108010_2	924	Sound	19	22871527	443	1			260		other	0
10108010_2	925	Sound	19	22891027	436	1			260		other	0
10108010_2	926	Sound	14	22906927	498	1			260		other	0
10108010_2	927	Sound	13	22924926	658	1			260		other	0
10108010_2	929	Response	255	22968375	16684	1
10108010_2	931	Sound	57	23041024	550	1			260		other	0
10108010_2	932	Sound	60	23062923	609	1			260		other	0
10108010_2	932	Response	1	23065412	3097	1
10108010_2	933	Sound	55	23079723	569	1			260		other	0
10108010_2	934	Sound	58	23103122	461	1			260		other	0
10108010_2	935	Sound	54	23128022	519	1			260		other	0
10108010_2	935	Response	1	23132451	4947	1
10108010_2	936	Sound	52	23144822	646	1			260		other	0
10108010_2	937	Sound	51	23172721	536	1			260		other	0
10108010_2	938	Sound	55	23195521	495	1			260		other	0
10108010_2	939	Sound	53	23222520	652	1			260		other	0
10108010_2	940	Sound	53	23251019	642	1			260		other	0
10108010_2	941	Sound	55	23269319	602	1			260		other	0
10108010_2	942	Sound	57	23290918	527	1			260		other	0
10108010_2	943	Sound	60	23314318	419	1			260		other	0
10108010_2	943	Response	1	23316607	2707	1
10108010_2	944	Sound	54	23335317	578	1			260		other	0
10108010_2	944	Response	1	23339966	5227	1
10108010_2	945	Sound	57	23361717	469	1			260		other	0
10108010_2	945	Response	1	23365725	4477	1
10108010_2	946	Sound	50	23389916	659	1			260		other	0
10108010_2	947	Sound	51	23412116	518	1			260		other	0
10108010_2	947	Response	1	23415324	3726	1
10108010_2	948	Sound	60	23429515	412	1			260		other	0
10108010_2	948	Response	1	23431724	2620	1
10108010_2	949	Sound	52	23453515	569	1			260		other	0
10108010_2	949	Response	1	23456603	3657	1
10108010_2	950	Sound	56	23473915	629	1			260		other	0
10108010_2	950	Response	1	23478283	4997	1
10108010_2	951	Sound	58	23491314	523	1			260		other	0
10108010_2	951	Response	1	23495482	4691	1
10108010_2	952	Sound	50	23517714	413	1			260		other	0
10108010_2	953	Sound	60	23544413	604	1			260		other	0
10108010_2	953	Response	1	23548361	4552	1
10108010_2	954	Sound	50	23567213	395	1			260		other	0
10108010_2	955	Sound	51	23592712	386	1			260		other	0
10108010_2	956	Sound	59	23616112	445	1			260		other	0
10108010_2	957	Sound	53	23635911	571	1			260		other	0
10108010_2	958	Sound	56	23656311	630	1			260		other	0
10108010_2	958	Response	1	23660038	4358	1
10108010_2	959	Sound	51	23674910	390	1			260		other	0
10108010_2	960	Sound	59	23704010	480	1			260		other	0
10108010_2	960	Response	1	23708277	4748	1
10108010_2	961	Sound	52	23731009	637	1			260		other	0
10108010_2	962	Sound	55	23754108	562	1			260		other	0
10108010_2	962	Response	1	23758516	4970	1
10108010_2	963	Sound	58	23779008	453	1			260		other	0
10108010_2	964	Sound	57	23799108	546	1			260		other	0
10108010_2	965	Sound	56	23817707	639	1			260		other	0
10108010_2	966	Sound	52	23846807	562	1			260		other	0
10108010_2	966	Response	1	23852434	6190	1
10108010_2	967	Sound	59	23866306	555	1			260		other	0
10108010_2	967	Response	1	23870833	5083	1
10108010_2	968	Sound	56	23887006	581	1			260		other	0
10108010_2	968	Response	1	23890673	4248	1
10108010_2	969	Sound	55	23906505	574	1			260		other	0
10108010_2	969	Response	1	23910353	4422	1
10108010_2	970	Sound	52	23926605	501	1			260		other	0
10108010_2	971	Sound	50	23954504	391	1			260		other	0
10108010_2	972	Sound	59	23972804	517	1			260		other	0
10108010_2	972	Response	1	23976351	4064	1
10108010_2	973	Sound	54	23996203	576	1			260		other	0
10108010_2	973	Response	1	23999711	4083	1
10108010_2	974	Sound	53	24024103	633	1			260		other	0
10108010_2	975	Sound	60	24051702	389	1			260		other	0
10108010_2	975	Response	1	24054109	2796	1
10108010_2	976	Sound	56	24072402	582	1			260		other	0
10108010_2	977	Sound	57	24096401	407	1			260		other	0
10108010_2	977	Response	1	24100188	4194	1
10108010_2	978	Sound	59	24124901	397	1			260		other	0
10108010_2	978	Response	1	24128827	4323	1
10108010_2	979	Sound	51	24145900	389	1			260		other	0
10108010_2	980	Sound	54	24173800	446	1			260		other	0
10108010_2	981	Sound	50	24189999	640	1			260		other	0
10108010_2	982	Sound	54	24208599	400	1			260		other	0
10108010_2	983	Sound	58	24226298	594	1			260		other	0
10108010_2	983	Response	1	24230185	4480	1
10108010_2	984	Sound	53	24247298	586	1			260		other	0
10108010_2	985	Sound	58	24269797	411	1			260		other	0
10108010_2	985	Response	1	24274024	4638	1

The following output port codes were not sent because of a conflict on the port.
Port	Code	Time(ms)
1	253	158162
1	253	287199
1	253	416500
1	253	543921
1	253	675798
1	253	810827
1	253	945344
1	253	1.07687e+06
1	253	1.20978e+06
1	253	1.34322e+06
1	253	1.47924e+06
1	253	1.6153e+06
1	253	1.74434e+06
1	253	1.88509e+06
1	253	2.03326e+06
1	253	2.17195e+06
1	253	2.29684e+06
1	253	2.4291e+06
