Scenario - 
Logfile written - 02/01/2019 18:05:15

Subject	Trial	Event Type	Code	Time	TTime	Uncertainty	Duration	Uncertainty	ReqTime	ReqDur	Stim Type	Pair Index

10108019_1	1	Response	255	924669	924002	1
10108019_1	3	Sound	31	995457	577	1			260		other	0
10108019_1	4	Sound	34	1012956	904	1			260		other	0
10108019_1	5	Sound	39	1031455	564	1			260		other	0
10108019_1	5	Response	1	1034342	3451	1
10108019_1	6	Sound	40	1054453	1057	1			260		other	0
10108019_1	6	Response	1	1055941	2544	1
10108019_1	7	Sound	40	1081452	880	1			260		other	0
10108019_1	7	Response	1	1083299	2727	1
10108019_1	8	Sound	30	1098451	1040	1			260		other	0
10108019_1	9	Sound	32	1124449	698	1			260		other	0
10108019_1	10	Sound	37	1148948	691	1			260		other	0
10108019_1	11	Sound	33	1171946	681	1			260		other	0
10108019_1	12	Sound	33	1199945	837	1			260		other	0
10108019_1	13	Sound	31	1226943	994	1			260		other	0
10108019_1	14	Sound	32	1243942	988	1			260		other	0
10108019_1	15	Sound	36	1268940	646	1			260		other	0
10108019_1	16	Sound	40	1296939	636	1			260		other	0
10108019_1	16	Response	1	1299766	3463	1
10108019_1	17	Sound	30	1324437	793	1			260		other	0
10108019_1	18	Sound	38	1347936	785	1			260		other	0
10108019_1	19	Sound	36	1371934	943	1			260		other	0
10108019_1	19	Response	1	1375120	4129	2
10108019_1	20	Sound	31	1395933	601	1			260		other	0
10108019_1	21	Sound	36	1413432	761	1			260		other	0
10108019_1	22	Sound	37	1441430	585	1			260		other	0
10108019_1	23	Sound	30	1470928	908	1			260		other	0
10108019_1	24	Sound	32	1494427	1066	1			260		other	0
10108019_1	25	Sound	30	1514426	892	1			260		other	0
10108019_1	26	Sound	36	1531425	720	1			260		other	0
10108019_1	26	Response	1	1535191	4486	1
10108019_1	27	Sound	33	1550923	879	1			260		other	0
10108019_1	28	Sound	39	1576922	1037	1			260		other	0
10108019_1	28	Response	1	1578708	2823	1
10108019_1	29	Sound	32	1596421	697	1			260		other	0
10108019_1	30	Sound	38	1621919	687	1			260		other	0
10108019_1	30	Response	1	1625665	4433	1
10108019_1	31	Sound	31	1643418	846	1			260		other	0
10108019_1	32	Sound	37	1659917	840	1			260		other	0
10108019_1	32	Response	1	1663903	4827	1
10108019_1	33	Sound	34	1679916	1000	1			260		other	0
10108019_1	34	Sound	37	1697414	827	1			260		other	0
10108019_1	35	Sound	35	1714914	988	1			260		other	0
10108019_1	36	Sound	34	1740412	645	1			260		other	0
10108019_1	36	Response	1	1744938	5171	1
10108019_1	37	Sound	35	1762911	804	1			260		other	0
10108019_1	37	Response	1	1766537	4430	1
10108019_1	38	Sound	40	1791909	793	1			260		other	0
10108019_1	38	Response	1	1793815	2700	1
10108019_1	39	Sound	33	1816907	785	1			260		other	0
10108019_1	40	Sound	38	1839906	944	1			260		other	0
10108019_1	40	Response	1	1843012	4050	1
10108019_1	41	Sound	39	1860905	769	1			260		other	0
10108019_1	41	Response	1	1863571	3435	1
10108019_1	42	Sound	30	1882903	928	1			260		other	0
10108019_1	43	Sound	36	1910402	751	1			260		other	0
10108019_1	43	Response	1	1914448	4797	1
10108019_1	44	Sound	35	1939400	741	1			260		other	0
10108019_1	44	Response	1	1944365	5706	1
10108019_1	45	Sound	39	1964398	732	1			260		other	0
10108019_1	45	Response	1	1966444	2778	1
10108019_1	46	Sound	35	1982397	1059	1			260		other	0
10108019_1	47	Sound	33	2011396	882	1			260		other	0
10108019_1	48	Sound	34	2035894	1040	1			260		other	0
10108019_1	49	Sound	31	2055893	700	1			260		other	0
10108019_1	50	Sound	40	2075892	859	1			260		other	0
10108019_1	50	Response	1	2078518	3485	1
10108019_1	51	Sound	37	2101390	850	1			260		other	0
10108019_1	52	Sound	38	2120389	1010	1			260		other	0
10108019_1	52	Response	1	2124115	4736	1
10108019_1	53	Sound	34	2145388	1001	1			260		other	0
10108019_1	54	Sound	38	2171886	992	1			260		other	0
10108019_1	54	Response	1	2176991	6097	1
10108019_1	55	Sound	32	2199884	649	1			260		other	0
10108019_1	56	Sound	35	2219883	641	1			260		other	0
10108019_1	57	Sound	39	2237882	635	1			260		other	0
10108019_1	57	Response	1	2240107	2860	1
10108019_1	59	Response	255	2724638	470139	1
10108019_1	61	Sound	14	2795348	603	1			260		other	0
10108019_1	62	Sound	14	2811847	931	1			260		other	0
10108019_1	63	Sound	13	2831846	757	1			260		other	0
10108019_1	64	Sound	13	2852845	749	1			260		other	0
10108019_1	65	Sound	16	2877343	1074	1			260		other	0
10108019_1	66	Sound	10	2901842	899	1			260		other	0
10108019_1	67	Sound	18	2919841	725	1			260		other	0
10108019_1	67	Response	1	2923425	4310	1
10108019_1	68	Sound	17	2940840	1051	1			260		other	0
10108019_1	68	Response	1	2945024	5236	1
10108019_1	69	Sound	18	2966338	1042	1			260		other	0
10108019_1	69	Response	1	2966623	1327	1
10108019_1	70	Sound	11	2993336	699	1			260		other	0
10108019_1	70	Response	1	2998141	5504	1
10108019_1	71	Sound	13	3017835	1024	1			260		other	0
10108019_1	72	Sound	10	3044833	1014	1			260		other	0
10108019_1	73	Sound	13	3062832	675	1			260		other	0
10108019_1	74	Sound	14	3082331	834	1			260		other	0
10108019_1	74	Response	1	3089895	8399	1
10108019_1	75	Sound	20	3110829	657	1			260		other	0
10108019_1	75	Response	1	3113654	3482	1
10108019_1	76	Sound	17	3131828	650	1			260		other	0
10108019_1	76	Response	1	3136132	4954	1
10108019_1	77	Sound	11	3152327	809	1			260		other	0
10108019_1	77	Response	1	3164371	12853	1
10108019_1	78	Sound	15	3171326	803	1			260		other	0
10108019_1	79	Sound	18	3190824	629	1			260		other	0
10108019_1	79	Response	1	3195328	5133	1
10108019_1	80	Sound	16	3209823	956	1			260		other	0
10108019_1	80	Response	1	3213247	4380	1
10108019_1	81	Sound	10	3230822	781	1			260		other	0
10108019_1	82	Sound	15	3247321	942	1			260		other	0
10108019_1	82	Response	1	3252125	5746	1
10108019_1	83	Sound	11	3263320	937	1			260		other	0
10108019_1	84	Sound	16	3278819	598	1			260		other	0
10108019_1	84	Response	1	3283164	4942	1
10108019_1	85	Sound	18	3297318	924	1			260		other	0
10108019_1	85	Response	1	3300442	4049	1
10108019_1	86	Sound	15	3315317	751	1			260		other	0
10108019_1	86	Response	1	3319401	4835	1
10108019_1	87	Sound	20	3336316	577	1			260		other	0
10108019_1	87	Response	1	3338440	2701	1
10108019_1	88	Sound	17	3360314	1069	1			260		other	0
10108019_1	88	Response	1	3363798	4553	1
10108019_1	89	Sound	12	3382813	894	1			260		other	0
10108019_1	90	Sound	17	3399312	1055	1			260		other	0
10108019_1	90	Response	1	3402196	3939	1
10108019_1	91	Sound	20	3422810	1047	1			260		other	0
10108019_1	91	Response	1	3425395	3631	1
10108019_1	92	Sound	12	3446309	871	1			260		other	0
10108019_1	92	Response	1	3459472	14035	1
10108019_1	93	Sound	15	3473307	1029	1			260		other	0
10108019_1	93	Response	1	3477791	5512	1
10108019_1	94	Sound	13	3493306	1021	1			260		other	0
10108019_1	94	Response	1	3498110	5825	1
10108019_1	95	Sound	14	3521805	678	1			260		other	0
10108019_1	95	Response	1	3524988	3862	1
10108019_1	96	Sound	20	3539303	1005	1			260		other	0
10108019_1	96	Response	1	3542267	3969	1
10108019_1	97	Sound	16	3565302	662	1			260		other	0
10108019_1	97	Response	1	3569146	4506	1
10108019_1	98	Sound	18	3583301	989	1			260		other	0
10108019_1	98	Response	1	3586825	4513	1
10108019_1	99	Sound	12	3606299	981	1			260		other	0
10108019_1	100	Sound	11	3631298	972	1			260		other	0
10108019_1	101	Sound	10	3650797	632	1			260		other	0
10108019_1	102	Sound	15	3674795	790	1			260		other	0
10108019_1	103	Sound	19	3697794	949	1			260		other	0
10108019_1	103	Response	1	3702177	5332	1
10108019_1	104	Sound	19	3717293	608	1			260		other	0
10108019_1	104	Response	1	3720896	4212	1
10108019_1	105	Sound	12	3741791	766	1			260		other	0
10108019_1	105	Response	1	3748654	7629	1
10108019_1	106	Sound	19	3760290	926	1			260		other	0
10108019_1	106	Response	1	3764174	4810	1
10108019_1	106	Response	1	3785132	25768	1
10108019_1	107	Sound	10	3785789	584	1			260		other	0
10108019_1	108	Sound	19	3813787	907	1			260		other	0
10108019_1	108	Response	1	3817290	4410	2
10108019_1	109	Sound	19	3835785	899	1			260		other	0
10108019_1	109	Response	1	3838889	4003	1
10108019_1	110	Sound	11	3861284	891	1			260		other	0
10108019_1	111	Sound	14	3889782	880	1			260		other	0
10108019_1	112	Sound	20	3906781	708	1			260		other	0
10108019_1	112	Response	1	3907045	971	1
10108019_1	113	Sound	16	3924780	868	1			260		other	0
10108019_1	113	Response	1	3938483	14571	1
10108019_1	114	Sound	17	3944779	694	1			260		other	0
10108019_1	115	Sound	12	3973277	684	1			260		other	0
10108019_1	115	Response	1	3978240	5647	1
10108019_1	117	Response	255	4012798	16118	1
10108019_1	119	Response	1	4091594	298	1
10108019_1	119	Sound	53	4092270	975	1			260		other	0
10108019_1	120	Sound	58	4115269	800	1			260		other	0
10108019_1	120	Response	1	4128071	13602	1
10108019_1	121	Sound	57	4131768	794	1			260		other	0
10108019_1	121	Response	1	4137031	6057	1
10108019_1	122	Sound	52	4151766	787	1			260		other	0
10108019_1	122	Response	1	4175748	24769	1
10108019_1	123	Sound	54	4178265	612	1			260		other	0
10108019_1	124	Sound	54	4205763	768	1			260		other	0
10108019_1	125	Sound	56	4231762	925	1			260		other	0
10108019_1	125	Response	1	4235345	4508	1
10108019_1	126	Sound	57	4253260	584	1			260		other	0
10108019_1	126	Response	1	4256543	3867	1
10108019_1	127	Sound	60	4278259	742	1			260		other	0
10108019_1	127	Response	1	4280142	2625	1
10108019_1	128	Sound	59	4295758	903	1			260		other	0
10108019_1	128	Response	1	4297821	2965	1
10108019_1	129	Sound	57	4312757	896	1			260		other	0
10108019_1	129	Response	1	4316618	4758	2
10108019_1	130	Sound	56	4340755	1053	1			260		other	0
10108019_1	130	Response	1	4345018	5316	1
10108019_1	131	Sound	55	4368753	1043	1			260		other	0
10108019_1	131	Response	1	4373176	5466	1
10108019_1	132	Sound	60	4392252	1035	1			260		other	0
10108019_1	132	Response	1	4393975	2758	3
10108019_1	133	Sound	50	4416750	693	1			260		other	0
10108019_1	134	Sound	55	4443249	1017	1			260		other	0
10108019_1	134	Response	1	4447012	4780	1
10108019_1	134	Response	1	4447490	5258	3
10108019_1	135	Sound	50	4464748	1009	1			260		other	0
10108019_1	136	Sound	55	4486246	1002	1			260		other	0
10108019_1	136	Response	1	4498128	12884	1
10108019_1	137	Sound	55	4515744	991	1			260		other	0
10108019_1	137	Response	1	4519567	4814	1
10108019_1	138	Sound	54	4539243	816	1			260		other	0
10108019_1	138	Response	1	4543166	4738	1
10108019_1	139	Sound	59	4559242	975	1			260		other	0
10108019_1	139	Response	1	4561245	2978	1
10108019_1	140	Sound	53	4582240	967	1			260		other	0
10108019_1	140	Response	1	4585963	4690	1
10108019_1	141	Sound	59	4609239	791	1			260		other	0
10108019_1	141	Response	1	4611322	2874	1
10108019_1	142	Sound	51	4628738	784	1			260		other	0
10108019_1	143	Sound	60	4650736	610	1			260		other	0
10108019_1	143	Response	1	4652599	2472	1
10108019_1	144	Sound	57	4667235	604	1			260		other	0
10108019_1	144	Response	1	4670518	3886	1
10108019_1	145	Sound	51	4689734	762	1			260		other	0
10108019_1	146	Sound	58	4717732	919	1			260		other	0
10108019_1	146	Response	1	4720755	3942	1
10108019_1	147	Sound	52	4734231	913	1			260		other	0
10108019_1	148	Sound	51	4758730	738	1			260		other	0
10108019_1	149	Sound	59	4775729	899	1			260		other	0
10108019_1	149	Response	1	4776590	1760	2000
10108019_1	150	Sound	60	4806227	721	1			260		other	0
10108019_1	150	Response	1	4808109	2603	1
10108019_1	151	Sound	50	4832725	1045	1			260		other	0
10108019_1	152	Sound	60	4858724	1036	1			260		other	0
10108019_1	152	Response	1	4860106	2418	1
10108019_1	152	Response	1	4882185	24497	1
10108019_1	153	Sound	53	4884722	860	1			260		other	0
10108019_1	154	Sound	51	4901721	854	1			260		other	0
10108019_1	154	Response	1	4907943	7075	1
10108019_1	155	Sound	58	4918220	848	1			260		other	0
10108019_1	155	Response	1	4921942	4570	1
10108019_1	156	Sound	52	4945719	1005	1			260		other	0
10108019_1	156	Response	1	4948981	4267	1
10108019_1	157	Sound	52	4973217	661	1			260		other	0
10108019_1	158	Sound	51	4990716	656	1			260		other	0
10108019_1	159	Sound	54	5011215	815	1			260		other	0
10108019_1	159	Response	1	5016497	6096	1
10108019_1	160	Sound	56	5033713	973	1			260		other	0
10108019_1	160	Response	1	5037695	4955	1
10108019_1	161	Sound	55	5052212	800	1			260		other	0
10108019_1	161	Response	1	5055614	4202	1
10108019_1	162	Sound	59	5070711	960	1			260		other	0
10108019_1	162	Response	1	5072893	3142	1
10108019_1	162	Response	1	5090972	21221	1
10108019_1	163	Sound	56	5091710	619	1			260		other	0
10108019_1	164	Sound	57	5113208	945	1			260		other	0
10108019_1	164	Response	1	5115450	3187	1
10108019_1	164	Response	1	5135129	22866	1
10108019_1	165	Sound	52	5138707	602	1			260		other	0
10108019_1	166	Sound	53	5165705	593	1			260		other	0
10108019_1	166	Response	1	5174407	9294	1
10108019_1	167	Sound	54	5188204	918	1			260		other	0
10108019_1	167	Response	1	5192565	5280	1
10108019_1	168	Sound	58	5208703	578	1			260		other	0
10108019_1	168	Response	1	5211765	3639	1
10108019_1	169	Sound	56	5234201	735	1			260		other	0
10108019_1	169	Response	1	5237123	3657	1
10108019_1	170	Sound	50	5252700	895	1			260		other	0
10108019_1	171	Sound	53	5269699	1056	1			260		other	0
10108019_1	172	Sound	58	5289198	1049	1			260		other	0
10108019_1	172	Response	1	5292800	4651	1
10108019_1	173	Sound	50	5314696	1040	1			260		other	0
10108019_1	174	Response	1	5336317	73	1
10108019_1	175	Response	255	5352876	16466	1
10108019_1	176	Response	1	5404872	51974	1
10108019_1	177	Sound	60	5421690	1002	1			260		other	0
10108019_1	177	Response	1	5423671	2984	1
10108019_1	178	Sound	58	5445188	660	1			260		other	0
10108019_1	178	Response	1	5449430	4901	1
10108019_1	179	Sound	59	5468687	652	1			260		other	0
10108019_1	179	Response	1	5470388	2353	1
10108019_1	180	Sound	53	5486686	645	1			260		other	0
10108019_1	180	Response	1	5490547	4507	1
10108019_1	181	Sound	56	5516684	801	1			260		other	0
10108019_1	182	Sound	51	5536183	961	1			260		other	0
10108019_1	183	Sound	54	5564681	784	1			260		other	0
10108019_1	183	Response	1	5568703	4806	1
10108019_1	184	Sound	60	5589180	943	1			260		other	0
10108019_1	184	Response	1	5591021	2784	1
10108019_1	185	Sound	56	5615678	599	1			260		other	0
10108019_1	185	Response	1	5618939	3860	2
10108019_1	186	Sound	51	5642677	757	1			260		other	0
10108019_1	187	Sound	58	5662175	916	1			260		other	0
10108019_1	187	Response	1	5665256	3997	1
10108019_1	188	Sound	60	5688674	907	1			260		other	0
10108019_1	188	Response	1	5691015	3248	1
10108019_1	189	Sound	53	5706173	901	1			260		other	0
10108019_1	189	Response	1	5718373	13101	1
10108019_1	190	Sound	54	5731671	892	1			260		other	0
10108019_1	191	Sound	59	5751170	1051	1			260		other	0
10108019_1	191	Response	1	5753091	2972	1
10108019_1	192	Sound	57	5774169	710	1			260		other	0
10108019_1	192	Response	1	5779089	5630	1
10108019_1	193	Sound	54	5803167	699	1			260		other	0
10108019_1	193	Response	1	5807008	4540	1
10108019_1	194	Sound	60	5827165	858	1			260		other	0
10108019_1	194	Response	1	5829086	2778	1
10108019_1	195	Sound	57	5851664	682	1			260		other	0
10108019_1	195	Response	1	5855565	4583	1
10108019_1	195	Response	1	5877804	26822	1
10108019_1	196	Sound	55	5879162	840	1			260		other	0
10108019_1	197	Sound	52	5896661	833	1			260		other	0
10108019_1	198	Sound	50	5919660	658	1			260		other	0
10108019_1	198	Response	1	5930440	11439	1
10108019_1	199	Sound	50	5948158	648	1			260		other	0
10108019_1	200	Sound	58	5969157	640	1			260		other	0
10108019_1	201	Sound	53	5995655	631	1			260		other	0
10108019_1	202	Sound	51	6022154	622	1			260		other	0
10108019_1	203	Sound	53	6043652	780	1			260		other	0
10108019_1	203	Response	1	6047073	4201	2
10108019_1	204	Sound	52	6073151	937	1			260		other	0
10108019_1	204	Response	1	6090590	18377	1
10108019_1	205	Sound	58	6091649	597	1			260		other	0
10108019_1	206	Sound	55	6109648	590	1			260		other	0
10108019_1	206	Response	1	6113949	4891	1
10108019_1	207	Sound	60	6129647	750	1			260		other	0
10108019_1	207	Response	1	6131628	2731	1
10108019_1	208	Sound	51	6156645	573	1			260		other	0
10108019_1	209	Sound	55	6176144	733	1			260		other	0
10108019_1	209	Response	1	6182985	7574	1
10108019_1	210	Sound	54	6195643	726	1			260		other	0
10108019_1	210	Response	1	6200024	5107	1
10108019_1	211	Sound	50	6223141	1050	1			260		other	0
10108019_1	212	Sound	52	6245640	875	1			260		other	0
10108019_1	213	Sound	54	6269139	867	1			260		other	0
10108019_1	214	Sound	58	6296137	1024	1			260		other	0
10108019_1	214	Response	1	6299618	4504	1
10108019_1	215	Sound	51	6319136	1016	1			260		other	0
10108019_1	216	Sound	52	6347634	672	1			260		other	0
10108019_1	217	Sound	50	6373132	830	1			260		other	0
10108019_1	218	Sound	56	6394131	656	1			260		other	0
10108019_1	218	Response	1	6398971	5495	1
10108019_1	219	Sound	52	6411630	983	1			260		other	0
10108019_1	220	Sound	53	6429129	977	1			260		other	0
10108019_1	221	Sound	57	6448628	803	1			260		other	0
10108019_1	221	Response	1	6454488	6663	1
10108019_1	222	Sound	50	6473626	628	1			260		other	0
10108019_1	223	Sound	59	6501625	784	1			260		other	0
10108019_1	223	Response	1	6504085	3244	1
10108019_1	224	Sound	59	6521123	777	1			260		other	0
10108019_1	224	Response	1	6524164	3818	1
10108019_1	225	Sound	57	6544622	935	1			260		other	0
10108019_1	225	Response	1	6547763	4076	1
10108019_1	226	Sound	55	6563121	762	1			260		other	0
10108019_1	226	Response	1	6568721	6362	1
10108019_1	227	Sound	55	6585620	587	1			260		other	0
10108019_1	227	Response	1	6589040	4007	1
10108019_1	228	Sound	56	6610118	912	1			260		other	0
10108019_1	228	Response	1	6615278	6072	1
10108019_1	229	Sound	57	6634117	904	1			260		other	0
10108019_1	229	Response	1	6636237	3023	1
10108019_1	230	Sound	56	6659115	728	1			260		other	0
10108019_1	230	Response	1	6662475	4088	1
10108019_1	231	Sound	59	6685114	885	1			260		other	0
10108019_1	231	Response	1	6686473	2245	1
10108019_1	233	Response	255	6737350	25367	1
10108019_1	235	Sound	18	6807606	1009	1			260		other	0
10108019_1	235	Response	1	6812306	5708	1
10108019_1	236	Sound	13	6823105	670	1			260		other	0
10108019_1	236	Response	1	6840944	18508	1
10108019_1	237	Sound	18	6844104	662	1			260		other	0
10108019_1	238	Sound	19	6867103	654	1			260		other	0
10108019_1	238	Response	1	6869743	3294	1
10108019_1	239	Sound	19	6895101	977	1			260		other	0
10108019_1	239	Response	1	6897261	3137	1
10108019_1	240	Sound	20	6918599	636	1			260		other	0
10108019_1	240	Response	1	6920619	2655	1
10108019_1	241	Sound	20	6940598	795	1			260		other	0
10108019_1	241	Response	1	6942458	2654	1
10108019_1	242	Sound	10	6959597	955	1			260		other	0
10108019_1	242	Response	1	6968056	9414	1
10108019_1	243	Sound	14	6976096	782	1			260		other	0
10108019_1	244	Sound	17	6998595	774	1			260		other	0
10108019_1	245	Sound	13	7020593	766	1			260		other	0
10108019_1	246	Sound	11	7039592	592	1			260		other	0
10108019_1	247	Sound	12	7057091	753	1			260		other	0
10108019_1	248	Sound	12	7085589	576	1			260		other	0
10108019_1	249	Sound	15	7109088	1068	1			260		other	0
10108019_1	250	Sound	18	7129587	894	1			260		other	0
10108019_1	250	Response	1	7133806	5113	1
10108019_1	251	Sound	13	7146086	721	1			260		other	0
10108019_1	252	Sound	14	7174584	878	1			260		other	0
10108019_1	252	Response	1	7177963	4257	1
10108019_1	253	Sound	16	7193083	1038	1			260		other	0
10108019_1	253	Response	1	7197402	5357	1
10108019_1	254	Sound	16	7217581	696	1			260		other	0
10108019_1	255	Sound	12	7239580	855	1			260		other	0
10108019_1	255	Response	1	7264918	26192	1
10108019_1	256	Sound	12	7267578	845	1			260		other	0
10108019_1	257	Sound	20	7286077	838	1			260		other	0
10108019_1	257	Response	1	7288516	3277	1
10108019_1	258	Sound	12	7302576	999	1			260		other	0
10108019_1	259	Sound	10	7324075	992	1			260		other	0
10108019_1	260	Sound	18	7348574	983	1			260		other	0
10108019_1	260	Response	1	7353792	6201	1
10108019_1	261	Sound	13	7372572	974	1			260		other	0
10108019_1	261	Response	1	7377631	6033	1
10108019_1	262	Sound	10	7391571	634	1			260		other	0
10108019_1	263	Sound	16	7413570	626	1			260		other	0
10108019_1	263	Response	1	7417788	4845	1
10108019_1	264	Sound	10	7434068	619	1			260		other	0
10108019_1	265	Sound	13	7451567	779	1			260		other	0
10108019_1	265	Response	1	7454506	3718	1
10108019_1	266	Sound	16	7476566	937	1			260		other	0
10108019_1	266	Response	1	7480745	5116	1
10108019_1	267	Sound	10	7494065	931	1			260		other	0
10108019_1	268	Sound	15	7516064	756	1			260		other	0
10108019_1	268	Response	1	7519382	4075	1
10108019_1	269	Sound	14	7538562	748	1			260		other	0
10108019_1	269	Response	1	7545381	7567	1
10108019_1	270	Sound	19	7556561	742	1			260		other	0
10108019_1	270	Response	1	7560660	4841	1
10108019_1	271	Sound	20	7577060	901	1			260		other	0
10108019_1	271	Response	1	7580099	3940	1
10108019_1	272	Sound	17	7594059	1062	1			260		other	0
10108019_1	272	Response	1	7598497	5500	1
10108019_1	273	Sound	11	7621057	1052	1			260		other	0
10108019_1	273	Response	1	7630975	10971	1
10108019_1	274	Sound	20	7645056	1044	1			260		other	0
10108019_1	274	Response	1	7647854	3842	1
10108019_1	275	Sound	19	7664554	1037	1			260		other	0
10108019_1	275	Response	1	7667933	4416	1
10108019_1	276	Sound	11	7680554	1031	1			260		other	0
10108019_1	277	Sound	14	7706052	1022	1			260		other	0
10108019_1	277	Response	1	7706571	1541	1
10108019_1	278	Sound	17	7726051	848	1			260		other	0
10108019_1	278	Response	1	7731929	6727	1
10108019_1	279	Sound	15	7746550	1008	1			260		other	0
10108019_1	280	Sound	15	7764548	1001	1			260		other	0
10108019_1	280	Response	1	7768007	4460	1
10108019_1	281	Sound	18	7787047	827	1			260		other	0
10108019_1	281	Response	1	7790006	3785	1
10108019_1	282	Sound	14	7812046	984	1			260		other	0
10108019_1	283	Sound	17	7831544	811	1			260		other	0
10108019_1	283	Response	1	7834403	3669	1
10108019_1	284	Sound	16	7860043	801	1			260		other	0
10108019_1	284	Response	1	7864081	4839	1
10108019_1	285	Sound	19	7878042	794	1			260		other	0
10108019_1	285	Response	1	7881600	4353	1
10108019_1	286	Sound	17	7894541	788	1			260		other	0
10108019_1	286	Response	1	7899039	5287	1
10108019_1	287	Sound	15	7922539	612	1			260		other	0
10108019_1	287	Response	1	7927437	5510	1
10108019_1	288	Sound	11	7939038	939	1			260		other	0
10108019_1	289	Sound	11	7962037	931	1			260		other	0
10108019_1	291	Response	255	8003673	15479	1
10108019_1	293	Sound	55	8088029	1053	1			260		other	0
10108019_1	293	Response	1	8092146	5170	2
10108019_1	294	Sound	55	8106528	880	1			260		other	0
10108019_1	294	Response	1	8109826	4178	1
10108019_1	295	Sound	59	8133526	1037	1			260		other	0
10108019_1	295	Response	1	8134944	2455	1
10108019_1	295	Response	1	8158543	26054	1
10108019_1	296	Sound	54	8159525	861	1			260		other	0
10108019_1	297	Sound	55	8176024	855	1			260		other	0
10108019_1	297	Response	1	8179501	4333	1
10108019_1	298	Sound	59	8195522	1015	1			260		other	0
10108019_1	298	Response	1	8197181	2673	1
10108019_1	299	Sound	53	8223021	838	1			260		other	0
10108019_1	299	Response	1	8225579	3396	1
10108019_1	300	Sound	50	8241520	832	1			260		other	0
10108019_1	301	Sound	54	8270518	988	1			260		other	0
10108019_1	301	Response	1	8274296	4766	1
10108019_1	302	Sound	52	8292517	647	1			260		other	0
10108019_1	302	Response	1	8296374	4504	1
10108019_1	303	Sound	52	8314515	639	1			260		other	0
10108019_1	304	Sound	50	8331514	800	1			260		other	0
10108019_1	305	Sound	58	8356513	791	1			260		other	0
10108019_1	305	Response	1	8360850	5128	1
10108019_1	306	Sound	50	8384011	948	1			260		other	0
10108019_1	307	Sound	57	8405010	773	1			260		other	0
10108019_1	307	Response	1	8408688	4451	1
10108019_1	308	Sound	52	8429008	598	1			260		other	0
10108019_1	309	Sound	57	8451507	590	1			260		other	0
10108019_1	309	Response	1	8455005	4088	1
10108019_1	310	Sound	57	8477006	581	1			260		other	0
10108019_1	310	Response	1	8481643	5218	1
10108019_1	311	Sound	51	8504004	571	1			260		other	0
10108019_1	312	Sound	60	8532002	1062	1			260		other	0
10108019_1	312	Response	1	8534520	3579	1
10108019_1	313	Sound	56	8551501	888	1			260		other	0
10108019_1	313	Response	1	8554839	4225	1
10108019_1	314	Sound	56	8579999	711	1			260		other	0
10108019_1	314	Response	1	8583877	4589	1
10108019_1	315	Sound	58	8607998	868	1			260		other	0
10108019_1	315	Response	1	8610755	3625	1
10108019_1	316	Sound	51	8628496	1027	1			260		other	0
10108019_1	317	Sound	50	8646495	854	1			260		other	0
10108019_1	317	Response	1	8658112	12471	1
10108019_1	318	Sound	57	8671494	1012	1			260		other	0
10108019_1	319	Sound	54	8689493	839	1			260		other	0
10108019_1	319	Response	1	8693310	4656	1
10108019_1	320	Sound	53	8710991	998	1			260		other	0
10108019_1	321	Sound	58	8736490	822	1			260		other	0
10108019_1	321	Response	1	8740027	4359	1
10108019_1	322	Sound	53	8763488	812	1			260		other	0
10108019_1	322	Response	1	8766026	3350	1
10108019_1	323	Sound	51	8781487	973	1			260		other	0
10108019_1	324	Sound	60	8798486	800	1			260		other	0
10108019_1	324	Response	1	8800583	2898	1
10108019_1	325	Sound	52	8822485	958	1			260		other	0
10108019_1	326	Sound	54	8848983	615	1			260		other	0
10108019_1	326	Response	1	8851860	3492	1
10108019_1	327	Sound	55	8871482	941	1			260		other	0
10108019_1	327	Response	1	8875699	5158	1
10108019_1	328	Sound	58	8896980	598	1			260		other	0
10108019_1	328	Response	1	8899937	3555	1
10108019_1	329	Sound	59	8924978	588	1			260		other	0
10108019_1	329	Response	1	8927056	2665	1
10108019_1	330	Sound	53	8949977	579	1			260		other	0
10108019_1	331	Sound	51	8970476	905	1			260		other	0
10108019_1	332	Sound	60	8989475	1065	1			260		other	0
10108019_1	332	Response	1	8991211	2802	1
10108019_1	333	Sound	56	9015473	889	1			260		other	0
10108019_1	333	Response	1	9020970	6386	1
10108019_1	334	Sound	51	9035972	1049	1			260		other	0
10108019_1	335	Sound	56	9052471	710	1			260		other	0
10108019_1	335	Response	1	9056088	4327	1
10108019_1	336	Sound	52	9069970	703	1			260		other	0
10108019_1	336	Response	1	9074006	4740	1
10108019_1	337	Sound	59	9091968	1029	1			260		other	0
10108019_1	337	Response	1	9093925	2986	1
10108019_1	338	Sound	57	9111967	855	1			260		other	0
10108019_1	339	Sound	54	9140465	678	1			260		other	0
10108019_1	339	Response	1	9143922	4135	1
10108019_1	340	Sound	50	9165964	836	1			260		other	0
10108019_1	340	Response	1	9185440	20312	1
10108019_1	341	Sound	60	9192462	826	1			260		other	0
10108019_1	341	Response	1	9195039	3403	1
10108019_1	342	Sound	59	9209461	820	1			260		other	0
10108019_1	342	Response	1	9211838	3197	1
10108019_1	343	Sound	55	9237960	811	1			260		other	0
10108019_1	343	Response	1	9245036	7887	1
10108019_1	344	Sound	58	9262458	802	1			260		other	0
10108019_1	344	Response	1	9266075	4418	1
10108019_1	345	Sound	60	9288457	625	1			260		other	0
10108019_1	345	Response	1	9290713	2882	1
10108019_1	346	Sound	56	9316455	949	1			260		other	0
10108019_1	347	Sound	53	9334954	776	1			260		other	0
10108019_1	347	Response	1	9338550	4372	1
10108019_1	349	Response	255	9374388	18790	1
10108019_1	351	Sound	33	9445447	903	1			260		other	0
10108019_1	352	Sound	35	9462946	897	1			260		other	0
10108019_1	352	Response	1	9467422	5373	1
10108019_1	353	Sound	38	9482445	890	1			260		other	0
10108019_1	353	Response	1	9485980	4425	4
10108019_1	354	Sound	32	9510943	1046	1			260		other	0
10108019_1	355	Sound	34	9531442	1039	1			260		other	0
10108019_1	355	Response	1	9535178	4775	1
10108019_1	356	Sound	40	9555440	864	1			260		other	0
10108019_1	356	Response	1	9557897	3320	1
10108019_1	357	Sound	37	9583439	687	1			260		other	0
10108019_1	357	Response	1	9586935	4183	1
10108019_1	358	Sound	31	9609437	678	1			260		other	0
10108019_1	359	Sound	40	9633436	670	1			260		other	0
10108019_1	359	Response	1	9635172	2406	1
10108019_1	360	Sound	30	9662934	992	1			260		other	0
10108019_1	361	Sound	38	9685933	651	1			260		other	0
10108019_1	361	Response	1	9691089	5807	1
10108019_1	362	Sound	32	9710431	642	1			260		other	0
10108019_1	362	Response	1	9713807	4018	1
10108019_1	363	Sound	35	9727430	636	1			260		other	0
10108019_1	363	Response	1	9730846	4052	1
10108019_1	364	Sound	35	9744429	963	1			260		other	0
10108019_1	364	Response	1	9746605	3139	1
10108019_1	365	Sound	35	9764428	956	1			260		other	0
10108019_1	365	Response	1	9770444	6972	1
10108019_1	366	Sound	32	9788926	781	1			260		other	0
10108019_1	367	Sound	30	9816425	604	1			260		other	0
10108019_1	368	Sound	31	9833424	598	1			260		other	0
10108019_1	369	Sound	39	9851923	758	1			260		other	0
10108019_1	369	Response	1	9853879	2714	1
10108019_1	370	Sound	34	9880921	581	1			260		other	0
10108019_1	370	Response	1	9885557	5217	1
10108019_1	371	Sound	33	9909919	571	1			260		other	0
10108019_1	371	Response	1	9913475	4127	1
10108019_1	372	Sound	32	9933418	729	1			260		other	0
10108019_1	373	Sound	30	9951916	1056	1			260		other	0
10108019_1	373	Response	1	9955632	4772	1
10108019_1	374	Sound	37	9979915	879	1			260		other	0
10108019_1	374	Response	1	9982750	3715	1
10108019_1	375	Sound	36	10000914	1039	1			260		other	0
10108019_1	375	Response	1	10004349	4474	1
10108019_1	376	Sound	40	10023912	697	1			260		other	0
10108019_1	376	Response	1	10027068	3853	1
10108019_1	376	Response	1	10041707	18492	1
10108019_1	377	Sound	38	10052410	687	1			260		other	0
10108019_1	377	Response	1	10055466	3743	1
10108019_1	378	Sound	36	10079409	844	1			260		other	0
10108019_1	378	Response	1	10090664	12099	1
10108019_1	379	Sound	39	10100408	837	1			260		other	0
10108019_1	379	Response	1	10104422	4852	2
10108019_1	380	Sound	36	10127406	994	1			260		other	0
10108019_1	380	Response	1	10131061	4649	1
10108019_1	381	Sound	34	10144905	987	1			260		other	0
10108019_1	382	Sound	30	10166404	813	1			260		other	0
10108019_1	383	Sound	30	10195402	803	1			260		other	0
10108019_1	384	Sound	31	10219900	961	1			260		other	0
10108019_1	385	Sound	33	10244399	619	1			260		other	0
10108019_1	385	Response	1	10247934	4154	1
10108019_1	386	Sound	32	10268397	777	1			260		other	0
10108019_1	387	Sound	40	10288896	936	1			260		other	0
10108019_1	387	Response	1	10291212	3252	1
10108019_1	388	Sound	31	10305395	930	1			260		other	0
10108019_1	389	Sound	39	10330894	754	1			260		other	0
10108019_1	389	Response	1	10332889	2750	1
10108019_1	390	Sound	34	10357892	745	1			260		other	0
10108019_1	391	Sound	34	10386390	735	1			260		other	0
10108019_1	392	Sound	40	10408889	727	1			260		other	0
10108019_1	392	Response	1	10410644	2482	1
10108019_1	393	Sound	36	10429388	1053	1			260		other	0
10108019_1	393	Response	1	10433843	5508	1
10108019_1	394	Sound	33	10448886	713	1			260		other	0
10108019_1	395	Sound	36	10466885	1040	1			260		other	0
10108019_1	395	Response	1	10470961	5115	1
10108019_1	396	Sound	39	10492884	864	1			260		other	0
10108019_1	396	Response	1	10495199	3179	1
10108019_1	397	Sound	38	10514883	689	1			260		other	0
10108019_1	397	Response	1	10518397	4204	1
10108019_1	398	Sound	37	10538881	847	1			260		other	0
10108019_1	398	Response	1	10545196	7162	1
10108019_1	399	Sound	33	10557380	1007	1			260		other	0
10108019_1	399	Response	1	10560555	4182	1
10108019_1	400	Sound	35	10580379	832	1			260		other	0
10108019_1	401	Sound	39	10606877	990	1			260		other	0
10108019_1	401	Response	1	10608792	2905	1
10108019_1	402	Sound	37	10628876	815	1			260		other	0
10108019_1	402	Response	1	10632790	4730	1
10108019_1	403	Sound	38	10647374	642	1			260		other	0
10108019_1	403	Response	1	10650949	4217	1
10108019_1	404	Sound	31	10665373	635	1			260		other	0
10108019_1	405	Sound	37	10682372	629	1			260		other	0
10108019_1	405	Response	1	10685667	3924	1
10108019_1	407	Response	255	10713186	9023	1
10108019_1	408	Response	1	10743584	30366	1
10108019_1	409	Sound	37	10784866	760	1			260		other	0
10108019_1	409	Response	1	10788381	4274	1
10108019_1	410	Sound	35	10808865	918	1			260		other	0
10108019_1	410	Response	1	10812139	4192	1
10108019_1	411	Sound	33	10833863	909	1			260		other	0
10108019_1	412	Sound	34	10855362	901	1			260		other	0
10108019_1	412	Response	1	10859337	4876	1
10108019_1	413	Sound	37	10872861	728	1			260		other	0
10108019_1	413	Response	1	10879015	6883	1
10108019_1	414	Sound	39	10894360	1054	1			260		other	0
10108019_1	414	Response	1	10897094	3788	1
10108019_1	415	Sound	31	10910859	882	1			260		other	0
10108019_1	416	Sound	36	10939357	704	1			260		other	0
10108019_1	416	Response	1	10943411	4758	3
10108019_1	417	Sound	31	10964855	1029	1			260		other	0
10108019_1	418	Sound	30	10988354	1021	1			260		other	0
10108019_1	419	Sound	36	11014852	678	1			260		other	0
10108019_1	419	Response	1	11018367	4192	1
10108019_1	420	Sound	30	11039851	669	1			260		other	0
10108019_1	420	Response	1	11043725	4543	1
10108019_1	421	Sound	34	11067349	826	1			260		other	0
10108019_1	422	Sound	34	11087848	985	1			260		other	0
10108019_1	422	Response	1	11091322	4460	1
10108019_1	423	Sound	40	11110347	644	1			260		other	0
10108019_1	423	Response	1	11112921	3218	1
10108019_1	424	Sound	33	11128345	804	1			260		other	0
10108019_1	425	Sound	32	11152344	795	1			260		other	0
10108019_1	426	Sound	30	11178342	786	1			260		other	0
10108019_1	427	Sound	30	11201341	778	1			260		other	0
10108019_1	428	Sound	35	11220840	771	1			260		other	0
10108019_1	428	Response	1	11225634	5565	1
10108019_1	429	Sound	39	11248338	928	1			260		other	0
10108019_1	429	Response	1	11252752	5342	1
10108019_1	430	Sound	31	11270837	587	1			260		other	0
10108019_1	431	Sound	36	11288836	747	1			260		other	0
10108019_1	432	Sound	33	11314334	904	1			260		other	0
10108019_1	433	Sound	34	11342333	1061	1			260		other	0
10108019_1	434	Sound	36	11363331	1054	1			260		other	0
10108019_1	434	Response	1	11367225	4948	1
10108019_1	435	Sound	39	11392330	710	1			260		other	0
10108019_1	435	Response	1	11394743	3124	1
10108019_1	436	Sound	30	11408829	1038	1			260		other	0
10108019_1	437	Sound	33	11425328	698	1			260		other	0
10108019_1	438	Sound	40	11448326	857	1			260		other	0
10108019_1	438	Response	1	11450420	2951	1
10108019_1	439	Sound	32	11471325	682	1			260		other	0
10108019_1	440	Sound	34	11493323	1007	1			260		other	0
10108019_1	440	Response	1	11497857	5541	1
10108019_1	441	Sound	40	11514322	1000	1			260		other	0
10108019_1	441	Response	1	11517056	3734	1
10108019_1	442	Sound	39	11543320	823	1			260		other	0
10108019_1	443	Sound	35	11572819	980	1			260		other	0
10108019_1	443	Response	1	11576732	4894	1
10108019_1	444	Sound	31	11590318	639	1			260		other	0
10108019_1	445	Sound	32	11617316	963	1			260		other	0
10108019_1	446	Sound	31	11634315	791	1			260		other	0
10108019_1	447	Sound	39	11658814	782	1			260		other	0
10108019_1	447	Response	1	11660567	2535	1
10108019_1	448	Sound	37	11683812	940	1			260		other	0
10108019_1	448	Response	1	11688085	5213	1
10108019_1	449	Sound	38	11701311	600	1			260		other	0
10108019_1	449	Response	1	11704485	3774	1
10108019_1	450	Sound	36	11722810	926	1			260		other	0
10108019_1	450	Response	1	11727443	5559	1
10108019_1	451	Sound	32	11743808	918	1			260		other	0
10108019_1	452	Sound	35	11769307	909	1			260		other	0
10108019_1	452	Response	1	11773040	4643	1
10108019_1	453	Sound	38	11791305	1068	1			260		other	0
10108019_1	453	Response	1	11797519	7281	1
10108019_1	453	Response	1	11817438	27201	1
10108019_1	454	Sound	40	11819804	891	1			260		other	0
10108019_1	455	Sound	40	11837803	885	1			260		other	0
10108019_1	455	Response	1	11839916	2998	1
10108019_1	456	Sound	37	11865801	708	1			260		other	0
10108019_1	456	Response	1	11869194	4102	1
10108019_1	456	Response	1	11887753	22660	1
10108019_1	457	Sound	33	11893299	1032	1			260		other	0
10108019_1	458	Sound	37	11915798	690	1			260		other	0
10108019_1	459	Sound	38	11944296	1014	1			260		other	0
10108019_1	459	Response	1	11947429	4147	1
10108019_1	460	Sound	32	11967795	839	1			260		other	0
10108019_1	461	Sound	35	11991793	663	1			260		other	0
10108019_1	461	Response	1	11996787	5656	1
10108019_1	462	Sound	38	12009292	824	1			260		other	0
10108019_1	462	Response	1	12013986	5517	1
10108019_1	463	Sound	38	12034291	815	1			260		other	0
10108019_1	463	Response	1	12037184	3708	1
10108019_1	465	Response	255	12076302	14571	1
10108019_1	466	Response	1	12132858	56526	2
10108019_1	467	Sound	56	12153284	773	1			260		other	0
10108019_1	468	Sound	55	12177782	931	1			260		other	0
10108019_1	468	Response	1	12181095	4244	1
10108019_1	469	Sound	50	12198781	590	1			260		other	0
10108019_1	470	Sound	51	12217280	750	1			260		other	0
10108019_1	470	Response	1	12225652	9122	1
10108019_1	471	Sound	51	12237778	742	1			260		other	0
10108019_1	471	Response	1	12258210	21174	1
10108019_1	472	Sound	56	12266277	899	1			260		other	0
10108019_1	473	Sound	57	12292775	890	1			260		other	0
10108019_1	473	Response	1	12295408	3523	1
10108019_1	474	Sound	53	12318774	880	1			260		other	0
10108019_1	474	Response	1	12321567	3673	1
10108019_1	475	Sound	60	12345272	704	1			260		other	0
10108019_1	475	Response	1	12347165	2597	1
10108019_1	476	Sound	58	12369271	1029	1			260		other	0
10108019_1	476	Response	1	12373163	4922	1
10108019_1	477	Sound	56	12397769	853	1			260		other	0
10108019_1	477	Response	1	12401562	4645	1
10108019_1	478	Sound	54	12426767	675	1			260		other	0
10108019_1	478	Response	1	12431880	5788	1
10108019_1	479	Sound	54	12444266	669	1			260		other	0
10108019_1	479	Response	1	12447639	4041	1
10108019_1	480	Sound	59	12461265	663	1			260		other	0
10108019_1	480	Response	1	12463798	3196	1
10108019_1	481	Sound	54	12483764	655	1			260		other	0
10108019_1	481	Response	1	12487636	4527	1
10108019_1	481	Response	1	12501795	18687	1
10108019_1	482	Sound	52	12504262	648	1			260		other	0
10108019_1	483	Sound	50	12525261	640	1			260		other	0
10108019_1	484	Sound	60	12549260	798	1			260		other	0
10108019_1	484	Response	1	12551393	2931	1
10108019_1	485	Sound	52	12574758	622	1			260		other	0
10108019_1	486	Sound	52	12602256	613	1			260		other	0
10108019_1	487	Sound	57	12628255	603	1			260		other	0
10108019_1	487	Response	1	12633067	5416	1
10108019_1	488	Sound	51	12650754	762	1			260		other	0
10108019_1	489	Sound	60	12672252	588	1			260		other	0
10108019_1	489	Response	1	12674185	2520	1
10108019_1	490	Sound	50	12688751	915	1			260		other	0
10108019_1	491	Sound	59	12706250	742	1			260		other	0
10108019_1	491	Response	1	12708023	2515	1
10108019_1	492	Sound	50	12728249	901	1			260		other	0
10108019_1	492	Response	1	12735301	7953	1
10108019_1	493	Sound	55	12744748	895	1			260		other	0
10108019_1	493	Response	1	12753860	10007	1
10108019_1	494	Sound	57	12772746	1052	1			260		other	0
10108019_1	494	Response	1	12775939	4244	1
10108019_1	495	Sound	53	12793745	711	1			260		other	0
10108019_1	495	Response	1	12797137	4103	1
10108019_1	496	Sound	58	12817744	869	1			260		other	0
10108019_1	496	Response	1	12820256	3382	1
10108019_1	497	Sound	52	12835742	1030	1			260		other	0
10108019_1	498	Sound	58	12861241	854	1			260		other	0
10108019_1	498	Response	1	12865053	4666	1
10108019_1	499	Sound	53	12879240	1014	1			260		other	0
10108019_1	500	Sound	57	12903238	1006	1			260		other	0
10108019_1	500	Response	1	12906570	4337	1
10108019_1	501	Sound	56	12922237	832	1			260		other	0
10108019_1	501	Response	1	12925769	4364	1
10108019_1	502	Sound	54	12950236	656	1			260		other	0
10108019_1	502	Response	1	12954008	4428	1
10108019_1	503	Sound	53	12972734	648	1			260		other	0
10108019_1	503	Response	1	12977126	5040	1
10108019_1	504	Sound	55	12990733	974	1			260		other	0
10108019_1	504	Response	1	12994405	4646	1
10108019_1	505	Sound	59	13010232	802	1			260		other	0
10108019_1	505	Response	1	13012484	3054	1
10108019_1	506	Sound	60	13038730	791	1			260		other	0
10108019_1	507	Sound	51	13059729	617	1			260		other	0
10108019_1	508	Sound	59	13087227	607	1			260		other	0
10108019_1	508	Response	1	13089439	2818	1
10108019_1	509	Sound	51	13109726	932	1			260		other	0
10108019_1	510	Sound	53	13138724	588	1			260		other	0
10108019_1	511	Sound	50	13164723	912	1			260		other	0
10108019_1	512	Sound	55	13187721	571	1			260		other	0
10108019_1	512	Response	1	13191433	4283	1
10108019_1	513	Sound	55	13209220	730	1			260		other	0
10108019_1	514	Sound	60	13228719	723	1			260		other	0
10108019_1	514	Response	1	13230550	2555	1
10108019_1	515	Sound	54	13249717	1049	1			260		other	0
10108019_1	515	Response	1	13254549	5880	1
10108019_1	516	Sound	59	13276716	1039	1			260		other	0
10108019_1	516	Response	1	13278388	2711	1
10108019_1	516	Response	1	13301746	26070	1
10108019_1	517	Sound	57	13303214	696	1			260		other	0
10108019_1	518	Sound	58	13321713	857	1			260		other	0
10108019_1	518	Response	1	13325105	4249	1
10108019_1	519	Sound	56	13349212	847	1			260		other	0
10108019_1	519	Response	1	13352623	4258	3
10108019_1	520	Sound	52	13371710	1006	1			260		other	0
10108019_1	521	Sound	58	13391209	666	1			260		other	0
10108019_1	521	Response	1	13393901	3358	1
10108019_1	523	Response	255	14001143	585178	1
10108019_1	525	Sound	36	14082667	752	1			260		other	0
10108019_1	525	Response	1	14086338	4423	1
10108019_1	526	Sound	40	14102666	912	1			260		other	0
10108019_1	526	Response	1	14104736	2982	1
10108019_1	527	Sound	37	14121665	738	1			260		other	0
10108019_1	527	Response	1	14125935	5009	1
10108019_1	528	Sound	35	14146163	897	1			260		other	0
10108019_1	529	Sound	36	14165162	723	1			260		other	0
10108019_1	529	Response	1	14170493	6053	1
10108019_1	530	Sound	31	14181661	717	1			260		other	0
10108019_1	531	Sound	39	14202160	877	1			260		other	0
10108019_1	531	Response	1	14203691	2407	1
10108019_1	532	Sound	34	14225159	868	1			260		other	0
10108019_1	532	Response	1	14227929	3639	1
10108019_1	533	Sound	34	14250657	1026	1			260		other	0
10108019_1	534	Sound	30	14279155	1016	1			260		other	0
10108019_1	534	Response	1	14281446	3306	1
10108019_1	535	Sound	40	14301654	1008	1			260		other	0
10108019_1	535	Response	1	14303524	2878	1
10108019_1	536	Sound	37	14322153	1001	1			260		other	0
10108019_1	536	Response	1	14324243	3091	2
10108019_1	537	Sound	37	14346151	992	1			260		other	0
10108019_1	537	Response	1	14350001	4842	1
10108019_1	538	Sound	32	14374650	815	1			260		other	0
10108019_1	539	Sound	40	14392148	809	1			260		other	0
10108019_1	539	Response	1	14394399	3059	1
10108019_1	540	Sound	36	14414147	801	1			260		other	0
10108019_1	540	Response	1	14418397	5051	1
10108019_1	541	Sound	34	14434146	794	1			260		other	0
10108019_1	541	Response	1	14438716	5364	1
10108019_1	542	Sound	33	14462644	951	1			260		other	0
10108019_1	542	Response	1	14469274	7581	1
10108019_1	543	Sound	32	14481643	777	1			260		other	0
10108019_1	543	Response	1	14485433	4567	1
10108019_1	544	Sound	30	14510141	934	1			260		other	0
10108019_1	544	Response	1	14526071	16863	1
10108019_1	545	Sound	33	14536640	757	1			260		other	0
10108019_1	545	Response	1	14541190	5308	1
10108019_1	546	Sound	30	14563138	915	1			260		other	0
10108019_1	547	Sound	38	14589637	905	1			260		other	0
10108019_1	547	Response	1	14594866	6135	1
10108019_1	548	Sound	35	14610135	731	1			260		other	0
10108019_1	549	Sound	40	14634134	723	1			260		other	0
10108019_1	549	Response	1	14636144	2733	1
10108019_1	550	Sound	30	14655133	882	1			260		other	0
10108019_1	550	Response	1	14657583	3332	1
10108019_1	551	Sound	31	14682631	1039	1			260		other	0
10108019_1	552	Sound	35	14699130	1033	1			260		other	0
10108019_1	552	Response	1	14703020	4923	1
10108019_1	553	Sound	40	14721129	859	1			260		other	0
10108019_1	553	Response	1	14723739	3468	1
10108019_1	554	Sound	31	14749127	1015	1			260		other	0
10108019_1	555	Sound	38	14768626	842	1			260		other	0
10108019_1	555	Response	1	14770936	3151	1
10108019_1	556	Sound	39	14785625	1002	1			260		other	0
10108019_1	556	Response	1	14788854	4232	1
10108019_1	557	Sound	30	14810623	660	1			260		other	0
10108019_1	558	Sound	33	14838122	650	1			260		other	0
10108019_1	558	Response	1	14843491	6020	1
10108019_1	559	Sound	34	14857120	643	1			260		other	0
10108019_1	560	Sound	38	14879619	802	1			260		other	0
10108019_1	560	Response	1	14883489	4672	1
10108019_1	561	Sound	31	14907617	959	1			260		other	0
10108019_1	561	Response	1	14911887	5229	1
10108019_1	562	Sound	33	14935616	616	1			260		other	0
10108019_1	562	Response	1	14940925	5925	1
10108019_1	563	Sound	32	14953615	776	1			260		other	0
10108019_1	564	Sound	31	14979113	767	1			260		other	0
10108019_1	565	Sound	38	15007611	756	1			260		other	0
10108019_1	565	Response	1	15010841	3986	1
10108019_1	566	Sound	35	15027610	916	1			260		other	0
10108019_1	566	Response	1	15035479	8785	1
10108019_1	567	Sound	32	15049109	742	1			260		other	0
10108019_1	568	Sound	39	15072607	1067	1			260		other	0
10108019_1	568	Response	1	15074357	2816	1
10108019_1	569	Sound	35	15094606	726	1			260		other	0
10108019_1	569	Response	1	15099715	5835	1
10108019_1	570	Sound	36	15121605	716	1			260		other	0
10108019_1	570	Response	1	15125474	4585	1
10108019_1	571	Sound	38	15138604	878	1			260		other	0
10108019_1	571	Response	1	15142753	5027	1
10108019_1	572	Sound	36	15158602	870	1			260		other	0
10108019_1	573	Sound	37	15188100	1026	1			260		other	0
10108019_1	573	Response	1	15190829	3755	1
10108019_1	574	Sound	32	15215599	1016	1			260		other	0
10108019_1	574	Response	1	15218988	4405	1
10108019_1	575	Sound	39	15241597	840	1			260		other	0
10108019_1	575	Response	1	15243627	2870	1
10108019_1	576	Sound	34	15264096	999	1			260		other	0
10108019_1	577	Sound	33	15286095	824	1			260		other	0
10108019_1	578	Sound	37	15313093	981	1			260		other	0
10108019_1	578	Response	1	15317302	5190	1
10108019_1	579	Sound	39	15337591	806	1			260		other	0
10108019_1	579	Response	1	15340180	3395	1
10108019_1	581	Response	255	15659761	297721	1
10108019_1	583	Sound	50	15737567	830	1			260		other	0
10108019_1	584	Sound	54	15754566	824	1			260		other	0
10108019_1	585	Sound	60	15772065	818	1			260		other	0
10108019_1	586	Sound	51	15800064	975	1			260		other	0
10108019_1	587	Sound	51	15826062	632	1			260		other	0
10108019_1	588	Sound	55	15853060	789	1			260		other	0
10108019_1	589	Sound	53	15881559	946	1			260		other	0
10108019_1	590	Sound	60	15900558	605	1			260		other	0
10108019_1	591	Sound	51	15924556	930	1			260		other	0
10108019_1	592	Sound	55	15947055	922	1			260		other	0
10108019_1	593	Sound	54	15969053	581	1			260		other	0
10108019_1	594	Sound	58	15988552	1074	1			260		other	0
10108019_1	595	Sound	58	16006551	1068	1			260		other	0
10108019_1	596	Sound	60	16024050	895	1			260		other	0
10108019_1	597	Sound	50	16049548	719	1			260		other	0
10108019_1	598	Sound	56	16073547	877	1			260		other	0
10108019_1	599	Sound	56	16097046	1036	1			260		other	0
10108019_1	600	Sound	54	16114545	696	1			260		other	0
10108019_1	601	Sound	58	16135043	689	1			260		other	0
10108019_1	602	Sound	57	16162542	679	1			260		other	0
10108019_1	603	Sound	53	16183040	838	1			260		other	0
10108019_1	604	Sound	53	16206039	997	1			260		other	0
10108019_1	605	Sound	52	16226538	823	1			260		other	0
10108019_1	606	Sound	57	16253536	813	1			260		other	0
10108019_1	607	Sound	53	16278035	638	1			260		other	0
10108019_1	608	Sound	57	16297034	798	1			260		other	0
10108019_1	609	Sound	50	16320532	789	1			260		other	0
10108019_1	610	Sound	50	16341031	949	1			260		other	0
10108019_1	611	Sound	59	16358030	609	1			260		other	0
10108019_1	612	Sound	56	16384028	767	1			260		other	0
10108019_1	613	Sound	54	16409527	758	1			260		other	0
10108019_1	614	Sound	52	16433525	749	1			260		other	0
10108019_1	615	Sound	58	16454524	742	1			260		other	0
10108019_1	616	Sound	60	16479522	733	1			260		other	0
10108019_1	617	Sound	59	16496022	894	1			260		other	0
10108019_1	617	Response	1	16502509	7381	1
10108019_1	618	Sound	53	16515020	887	1			260		other	0
10108019_1	618	Response	1	16518908	4774	1
10108019_1	619	Sound	52	16533019	1047	1			260		other	0
10108019_1	620	Sound	55	16560018	1037	1			260		other	0
10108019_1	621	Sound	59	16584516	863	1			260		other	0
10108019_1	621	Response	1	16587544	3891	1
10108019_1	622	Sound	59	16604015	1022	1			260		other	0
10108019_1	622	Response	1	16608503	5509	1
10108019_1	623	Sound	57	16630013	846	1			260		other	0
10108019_1	623	Response	1	16633621	4453	1
10108019_1	624	Sound	51	16658512	1002	1			260		other	0
10108019_1	625	Sound	56	16686510	659	1			260		other	0
10108019_1	625	Response	1	16690577	4726	1
10108019_1	626	Sound	54	16703509	653	1			260		other	0
10108019_1	627	Sound	56	16722008	980	1			260		other	0
10108019_1	627	Response	1	16725535	4507	1
10108019_1	628	Sound	58	16743007	805	1			260		other	0
10108019_1	628	Response	1	16746974	4773	1
10108019_1	629	Sound	60	16762505	632	1			260		other	0
10108019_1	629	Response	1	16764653	2779	1
10108019_1	630	Sound	55	16791004	788	1			260		other	0
10108019_1	630	Response	1	16794330	4115	1
10108019_1	631	Sound	52	16811003	615	1			260		other	0
10108019_1	632	Sound	52	16840001	771	1			260		other	0
10108019_1	633	Sound	59	16856500	765	1			260		other	0
10108019_1	633	Response	1	16859047	3312	1
10108019_1	634	Sound	55	16880498	923	1			260		other	0
10108019_1	634	Response	1	16886085	6510	1
10108019_1	635	Sound	50	16898497	750	1			260		other	0
10108019_1	636	Sound	57	16918996	576	1			260		other	0
10108019_1	636	Response	1	16922403	3983	1
10108019_1	637	Sound	51	16946994	900	1			260		other	0
10108019_1	639	Response	255	16988559	15210	1
10108019_1	641	Sound	34	17063487	858	1			260		other	0
10108019_1	642	Sound	30	17089486	849	1			260		other	0
10108019_1	643	Sound	40	17105985	1010	1			260		other	0
10108019_1	643	Response	1	17108232	3257	1
10108019_1	644	Sound	31	17131483	1001	1			260		other	0
10108019_1	645	Sound	30	17149482	661	1			260		other	0
10108019_1	645	Response	1	17155669	6847	1
10108019_1	646	Sound	33	17166981	821	1			260		other	0
10108019_1	646	Response	1	17171588	5428	1
10108019_1	647	Sound	38	17183980	982	1			260		other	0
10108019_1	647	Response	1	17186467	3469	1
10108019_1	648	Sound	36	17206479	641	1			260		other	0
10108019_1	648	Response	1	17209425	3587	1
10108019_1	649	Sound	32	17234977	631	1			260		other	0
10108019_1	649	Response	1	17236944	2597	1
10108019_1	650	Sound	34	17259975	788	1			260		other	0
10108019_1	650	Response	1	17262702	3515	1
10108019_1	651	Sound	38	17280474	781	1			260		other	0
10108019_1	651	Response	1	17284141	4448	1
10108019_1	652	Sound	39	17297973	941	1			260		other	0
10108019_1	652	Response	1	17300060	3028	1
10108019_1	653	Sound	38	17314472	769	1			260		other	0
10108019_1	653	Response	1	17318379	4675	1
10108019_1	654	Sound	33	17338471	927	1			260		other	0
10108019_1	654	Response	1	17341577	4033	1
10108019_1	655	Sound	30	17364469	751	1			260		other	0
10108019_1	656	Sound	37	17389468	909	1			260		other	0
10108019_1	656	Response	1	17393094	4535	1
10108019_1	657	Sound	32	17411466	901	1			260		other	0
10108019_1	658	Sound	31	17432965	727	1			260		other	0
10108019_1	658	Response	1	17436772	4533	1
10108019_1	659	Sound	40	17454964	719	1			260		other	0
10108019_1	659	Response	1	17457090	2846	1
10108019_1	660	Sound	30	17482962	876	1			260		other	0
10108019_1	661	Sound	32	17508460	866	1			260		other	0
10108019_1	661	Response	1	17514367	6773	1
10108019_1	662	Sound	40	17530959	1025	1			260		other	0
10108019_1	662	Response	1	17533326	3392	1
10108019_1	663	Sound	37	17556458	1016	1			260		other	0
10108019_1	663	Response	1	17560444	5002	1
10108019_1	664	Sound	36	17586456	1006	1			260		other	0
10108019_1	665	Sound	30	17608454	997	1			260		other	0
10108019_1	666	Sound	35	17628453	990	1			260		other	0
10108019_1	666	Response	1	17629720	2257	1
10108019_1	667	Sound	31	17655451	814	1			260		other	0
10108019_1	668	Sound	34	17682450	638	1			260		other	0
10108019_1	668	Response	1	17685796	3984	1
10108019_1	669	Sound	37	17709948	795	1			260		other	0
10108019_1	669	Response	1	17713314	4160	2
10108019_1	670	Sound	33	17731947	787	1			260		other	0
10108019_1	670	Response	1	17736033	4873	1
10108019_1	671	Sound	36	17753946	612	1			260		other	0
10108019_1	671	Response	1	17757712	4378	1
10108019_1	672	Sound	35	17778944	770	1			260		other	0
10108019_1	672	Response	1	17782990	4816	1
10108019_1	673	Sound	38	17803943	595	1			260		other	0
10108019_1	673	Response	1	17807309	3961	1
10108019_1	674	Sound	36	17826441	753	1			260		other	0
10108019_1	674	Response	1	17830667	4979	2
10108019_1	675	Sound	37	17844440	580	1			260		other	0
10108019_1	676	Sound	34	17868439	572	1			260		other	0
10108019_1	676	Response	1	17873465	5598	1
10108019_1	677	Sound	33	17888937	1064	1			260		other	0
10108019_1	678	Sound	32	17916936	721	1			260		other	0
10108019_1	679	Sound	35	17941934	1046	1			260		other	0
10108019_1	680	Sound	39	17964933	871	1			260		other	0
10108019_1	680	Response	1	17966979	2916	1
10108019_1	681	Sound	39	17992931	694	1			260		other	0
10108019_1	681	Response	1	17995377	3140	1
10108019_1	682	Sound	35	18011930	1021	1			260		other	0
10108019_1	683	Sound	36	18038429	678	1			260		other	0
10108019_1	683	Response	1	18042574	4824	1
10108019_1	684	Sound	40	18066927	668	1			260		other	0
10108019_1	684	Response	1	18069373	3114	1
10108019_1	685	Sound	34	18086925	827	1			260		other	0
10108019_1	686	Sound	33	18103425	655	1			260		other	0
10108019_1	686	Response	1	18107850	5080	1
10108019_1	687	Sound	37	18119923	815	1			260		other	0
10108019_1	687	Response	1	18123129	4021	1
10108019_1	688	Sound	38	18138422	976	1			260		other	0
10108019_1	688	Response	1	18142168	4721	1
10108019_1	689	Sound	31	18158421	802	1			260		other	0
10108019_1	689	Response	1	18161367	3747	1
10108019_1	690	Sound	35	18181920	793	1			260		other	0
10108019_1	690	Response	1	18185205	4079	1
10108019_1	691	Sound	39	18203418	952	1			260		other	0
10108019_1	691	Response	1	18205284	2818	1
10108019_1	692	Sound	32	18226417	944	1			260		other	0
10108019_1	692	Response	1	18230403	4930	1
10108019_1	693	Sound	31	18249416	603	1			260		other	0
10108019_1	694	Sound	39	18272914	761	1			260		other	0
10108019_1	694	Response	1	18274960	2807	1
10108019_1	695	Sound	40	18300413	918	1			260		other	0
10108019_1	695	Response	1	18302238	2743	1
10108019_1	697	Response	255	19174744	851663	1
10108019_1	699	Sound	16	19245855	915	1			260		other	0
10108019_1	699	Response	1	19250500	5559	1
10108019_1	700	Sound	10	19269854	1073	1			260		other	0
10108019_1	701	Sound	17	19288353	900	1			260		other	0
10108019_1	702	Sound	13	19312851	724	1			260		other	0
10108019_1	703	Sound	15	19330850	718	1			260		other	0
10108019_1	703	Response	1	19332895	2762	1
10108019_1	704	Sound	14	19358349	875	1			260		other	0
10108019_1	704	Response	1	19367132	9658	1
10108019_1	704	Response	1	19381612	24138	1
10108019_1	705	Sound	17	19384347	699	1			260		other	0
10108019_1	706	Sound	13	19412845	689	1			260		other	0
10108019_1	706	Response	1	19435928	23771	1
10108019_1	707	Sound	12	19436844	680	1			260		other	0
10108019_1	707	Response	1	19457607	21443	1
10108019_1	708	Sound	10	19461343	1005	1			260		other	0
10108019_1	709	Sound	20	19478841	665	1			260		other	0
10108019_1	709	Response	1	19480725	2549	1
10108019_1	710	Sound	12	19497840	658	1			260		other	0
10108019_1	710	Response	1	19520323	23141	1
10108019_1	711	Sound	15	19523839	983	1			260		other	0
10108019_1	712	Sound	20	19540338	810	1			260		other	0
10108019_1	712	Response	1	19543042	3514	1
10108019_1	713	Sound	17	19562836	635	1			260		other	0
10108019_1	714	Sound	11	19582335	795	1			260		other	0
10108019_1	715	Sound	14	19606334	953	1			260		other	0
10108019_1	715	Response	1	19610477	5097	1
10108019_1	716	Sound	15	19624833	780	1			260		other	0
10108019_1	717	Sound	18	19649331	771	1			260		other	0
10108019_1	717	Response	1	19655035	6475	1
10108019_1	718	Sound	13	19671830	930	1			260		other	0
10108019_1	719	Sound	16	19694828	922	1			260		other	0
10108019_1	719	Response	1	19703352	9445	1
10108019_1	720	Sound	16	19720327	913	1			260		other	0
10108019_1	720	Response	1	19723191	3776	1
10108019_1	721	Sound	10	19742826	904	1			260		other	0
10108019_1	721	Response	1	19746389	4468	1
10108019_1	722	Sound	20	19765824	563	1			260		other	0
10108019_1	722	Response	1	19771028	5766	1
10108019_1	723	Sound	14	19789323	1055	1			260		other	0
10108019_1	724	Sound	19	19807322	1048	1			260		other	0
10108019_1	724	Response	1	19813665	7392	1
10108019_1	725	Sound	14	19826820	1041	1			260		other	0
10108019_1	726	Sound	13	19854319	1031	1			260		other	0
10108019_1	727	Sound	10	19876317	690	1			260		other	0
10108019_1	728	Sound	10	19896316	683	1			260		other	0
10108019_1	728	Response	1	19907819	12186	1
10108019_1	729	Sound	12	19914815	677	1			260		other	0
10108019_1	730	Sound	17	19934314	1003	1			260		other	0
10108019_1	730	Response	1	19937257	3946	1
10108019_1	731	Sound	18	19959812	661	1			260		other	0
10108019_1	731	Response	1	19963736	4584	1
10108019_1	732	Sound	11	19982311	653	1			260		other	0
10108019_1	733	Sound	19	20008310	810	1			260		other	0
10108019_1	733	Response	1	20008533	1034	1
10108019_1	734	Sound	17	20034808	801	1			260		other	0
10108019_1	735	Sound	13	20063306	791	1			260		other	0
10108019_1	735	Response	1	20068769	6254	1
10108019_1	736	Sound	19	20084805	616	1			260		other	0
10108019_1	737	Sound	18	20104804	776	1			260		other	0
10108019_1	738	Sound	15	20130302	933	1			260		other	0
10108019_1	738	Response	1	20133485	4117	1
10108019_1	739	Sound	18	20152801	592	1			260		other	0
10108019_1	739	Response	1	20155723	3514	1
10108019_1	740	Sound	19	20169800	586	1			260		other	0
10108019_1	740	Response	1	20173643	4429	1
10108019_1	741	Sound	16	20198298	909	1			260		other	0
10108019_1	741	Response	1	20202281	4892	1
10108019_1	742	Sound	14	20214797	570	1			260		other	0
10108019_1	743	Sound	11	20232296	897	1			260		other	0
10108019_1	744	Sound	11	20250295	1057	1			260		other	0
10108019_1	745	Sound	11	20267294	1051	1			260		other	0
10108019_1	746	Sound	20	20290293	1043	1			260		other	0
10108019_1	746	Response	1	20297075	7826	1
10108019_1	747	Sound	15	20317291	700	1			260		other	0
10108019_1	748	Sound	20	20341289	858	1			260		other	0
10108019_1	748	Response	1	20345792	5361	1
10108019_1	749	Sound	19	20369288	681	1			260		other	0
10108019_1	749	Response	1	20381630	13024	1
10108019_1	750	Sound	12	20392286	840	1			260		other	0
10108019_1	751	Sound	12	20414785	832	1			260		other	0
10108019_1	752	Sound	16	20439783	990	1			260		other	0
10108019_1	752	Response	1	20441226	2433	1
10108019_1	753	Sound	18	20461282	982	1			260		other	0
10108019_1	753	Response	1	20467465	7165	1
10108019_1	755	Response	255	20531701	47814	1
10108019_1	756	Response	1	20608096	76372	1
10108019_1	757	Sound	17	20611773	595	1			260		other	0
10108019_1	757	Response	1	20616656	5478	1
10108019_1	758	Sound	19	20629272	756	1			260		other	0
10108019_1	758	Response	1	20631935	3418	1
10108019_1	759	Sound	16	20649771	582	1			260		other	0
10108019_1	760	Sound	13	20676769	739	1			260		other	0
10108019_1	760	Response	1	20680892	4861	1
10108019_1	760	Response	1	20692411	16380	1
10108019_1	761	Sound	12	20700768	897	1			260		other	0
10108019_1	762	Sound	14	20724266	1055	1			260		other	0
10108019_1	762	Response	1	20730009	6798	1
10108019_1	763	Sound	14	20750765	879	1			260		other	0
10108019_1	763	Response	1	20754007	4121	1
10108019_1	764	Sound	19	20769764	706	1			260		other	0
10108019_1	764	Response	1	20770646	1588	1
10108019_1	765	Sound	18	20787262	1033	1			260		other	0
10108019_1	765	Response	1	20797924	11695	1
10108019_1	766	Response	1	20814723	819	1
10108019_1	766	Sound	15	20814761	856	1			260		other	0
10108019_1	767	Sound	10	20835760	849	1			260		other	0
10108019_1	768	Sound	18	20852759	676	1			260		other	0
10108019_1	769	Sound	11	20869258	837	1			260		other	0
10108019_1	770	Sound	13	20886257	664	1			260		other	0
10108019_1	771	Sound	10	20902255	658	1			260		other	0
10108019_1	771	Response	1	20904798	3200	1
10108019_1	772	Response	1	20927037	599	1
10108019_1	772	Sound	20	20927254	816	1			260		other	0
10108019_1	773	Sound	16	20953252	807	1			260		other	0
10108019_1	774	Sound	15	20972251	634	1			260		other	0
10108019_1	775	Sound	10	20994250	792	1			260		other	0
10108019_1	775	Response	1	21004791	11334	1
10108019_1	776	Sound	12	21014249	619	1			260		other	0
10108019_1	777	Sound	17	21033248	612	1			260		other	0
10108019_1	778	Sound	15	21061746	602	1			260		other	0
10108019_1	778	Response	1	21066148	5004	1
10108019_1	779	Sound	20	21087744	926	1			260		other	0
10108019_1	779	Response	1	21090466	3648	2
10108019_1	780	Sound	14	21107743	919	1			260		other	0
10108019_1	781	Sound	11	21126742	579	1			260		other	0
10108019_1	781	Response	1	21139183	13020	1
10108019_1	782	Sound	18	21143241	573	1			260		other	0
10108019_1	783	Sound	17	21162240	733	1			260		other	0
10108019_1	784	Sound	18	21182739	725	1			260		other	0
10108019_1	784	Response	1	21187021	5007	1
10108019_1	785	Sound	15	21201738	885	1			260		other	0
10108019_1	786	Sound	20	21218237	713	1			260		other	0
10108019_1	786	Response	1	21223498	5974	1
10108019_1	787	Sound	20	21240735	871	1			260		other	0
10108019_1	787	Response	1	21243097	3233	1
10108019_1	788	Sound	13	21269233	695	1			260		other	0
10108019_1	788	Response	1	21280454	11916	2
10108019_1	789	Sound	14	21293232	686	1			260		other	0
10108019_1	790	Sound	12	21321230	676	1			260		other	0
10108019_1	790	Response	1	21321332	778	1
10108019_1	791	Sound	14	21347729	667	1			260		other	0
10108019_1	792	Sound	11	21371727	658	1			260		other	0
10108019_1	793	Sound	16	21398226	815	1			260		other	0
10108019_1	793	Response	1	21406047	8637	1
10108019_1	794	Sound	17	21413725	643	1			260		other	0
10108019_1	794	Response	1	21420286	7205	1
10108019_1	795	Sound	12	21440223	967	1			260		other	0
10108019_1	795	Response	1	21450444	11188	1
10108019_1	796	Sound	11	21467721	957	1			260		other	0
10108019_1	797	Sound	12	21490220	616	1			260		other	0
10108019_1	797	Response	1	21493001	3397	1
10108019_1	798	Sound	19	21508719	609	1			260		other	0
10108019_1	798	Response	1	21512920	4811	1
10108019_1	799	Sound	11	21530218	768	1			260		other	0
10108019_1	799	Response	1	21534759	5310	1
10108019_1	800	Sound	10	21556716	926	1			260		other	0
10108019_1	801	Sound	10	21581215	917	1			260		other	0
10108019_1	801	Response	1	21591316	11018	1
10108019_1	802	Sound	13	21602213	576	1			260		other	0
10108019_1	802	Response	1	21615554	13917	1
10108019_1	803	Sound	18	21624212	735	1			260		other	0
10108019_1	803	Response	1	21638752	15275	1
10108019_1	804	Sound	17	21644711	1061	1			260		other	0
10108019_1	805	Sound	19	21667709	1053	1			260		other	0
10108019_1	805	Response	1	21671070	4414	1
10108019_1	806	Sound	13	21694208	1043	1			260		other	0
10108019_1	807	Sound	16	21717206	869	1			260		other	0
10108019_1	807	Response	1	21721068	4730	1
10108019_1	808	Sound	16	21745205	859	1			260		other	0
10108019_1	809	Sound	15	21770203	1016	1			260		other	0
10108019_1	809	Response	1	21797943	28756	1
10108019_1	810	Sound	20	21799201	839	1			260		other	0
10108019_1	811	Sound	19	21819200	666	1			260		other	0
10108019_1	811	Response	1	21831781	13246	1
10108019_1	813	Response	255	21883778	49325	1
10108019_1	815	Sound	15	21960192	782	1			260		other	0
10108019_1	816	Sound	13	21982690	774	1			260		other	0
10108019_1	816	Response	1	21986491	4575	1
10108019_1	817	Sound	17	22010189	764	1			260		other	0
10108019_1	817	Response	1	22014649	5225	1
10108019_1	818	Sound	13	22031687	590	1			260		other	0
10108019_1	818	Response	1	22040648	9550	1
10108019_1	819	Sound	15	22058686	580	1			260		other	0
10108019_1	819	Response	1	22068166	10061	1
10108019_1	820	Sound	15	22081184	739	1			260		other	0
10108019_1	821	Sound	14	22097683	733	1			260		other	0
10108019_1	821	Response	1	22111204	14253	1
10108019_1	822	Sound	16	22116182	893	1			260		other	0
10108019_1	823	Sound	17	22138181	719	1			260		other	0
10108019_1	823	Response	1	22140482	3019	1
10108019_1	824	Sound	17	22161180	711	1			260		other	0
10108019_1	824	Response	1	22164480	4011	1
10108019_1	824	Response	1	22185039	24570	1
10108019_1	825	Sound	13	22186178	868	1			260		other	0
10108019_1	826	Sound	16	22203677	1029	1			260		other	0
10108019_1	826	Response	1	22210797	8149	1
10108019_1	827	Sound	19	22225176	854	1			260		other	0
10108019_1	827	Response	1	22232476	8155	1
10108019_1	828	Sound	20	22244175	681	1			260		other	0
10108019_1	828	Response	1	22249275	5781	1
10108019_1	829	Sound	13	22260674	675	1			260		other	0
10108019_1	830	Sound	18	22276673	1003	1			260		other	0
10108019_1	830	Response	1	22281593	5923	1
10108019_1	831	Sound	18	22301671	994	1			260		other	0
10108019_1	831	Response	1	22305831	5154	1
10108019_1	832	Sound	14	22323670	653	1			260		other	0
10108019_1	833	Sound	12	22347168	644	1			260		other	0
10108019_1	833	Response	1	22354948	8424	1
10108019_1	834	Sound	11	22367667	637	1			260		other	0
10108019_1	834	Response	1	22387347	20316	1
10108019_1	835	Sound	14	22391166	962	1			260		other	0
10108019_1	836	Sound	10	22417164	786	1			260		other	0
10108019_1	836	Response	1	22434063	17685	1
10108019_1	837	Sound	18	22441663	944	1			260		other	0
10108019_1	838	Sound	11	22459162	771	1			260		other	0
10108019_1	839	Sound	16	22478660	931	1			260		other	0
10108019_1	840	Sound	11	22503659	755	1			260		other	0
10108019_1	841	Sound	14	22521658	749	1			260		other	0
10108019_1	842	Sound	20	22538157	910	1			260		other	0
10108019_1	842	Response	1	22542217	4970	1
10108019_1	843	Sound	12	22555656	904	1			260		other	0
10108019_1	844	Sound	10	22576155	730	1			260		other	0
10108019_1	845	Sound	15	22593154	890	1			260		other	0
10108019_1	845	Response	1	22597254	4990	1
10108019_1	846	Sound	12	22618652	881	1			260		other	0
10108019_1	847	Sound	17	22642651	706	1			260		other	0
10108019_1	847	Response	1	22657330	15385	1
10108019_1	848	Sound	16	22668149	864	1			260		other	0
10108019_1	849	Sound	10	22689648	856	1			260		other	0
10108019_1	849	Response	1	22697488	8696	1
10108019_1	850	Sound	14	22718146	846	1			260		other	0
10108019_1	851	Sound	19	22740645	838	1			260		other	0
10108019_1	851	Response	1	22749724	9917	1
10108019_1	852	Sound	17	22760144	664	1			260		other	0
10108019_1	852	Response	1	22771563	12083	1
10108019_1	853	Sound	11	22781142	990	1			260		other	0
10108019_1	854	Sound	20	22800641	816	1			260		other	0
10108019_1	854	Response	1	22806281	6456	1
10108019_1	855	Sound	19	22826140	807	1			260		other	0
10108019_1	856	Sound	12	22850138	799	1			260		other	0
10108019_1	857	Sound	20	22867137	959	1			260		other	0
10108019_1	857	Response	1	22873157	6979	1
10108019_1	858	Sound	18	22892636	950	1			260		other	0
10108019_1	859	Sound	20	22918134	608	1			260		other	0
10108019_1	859	Response	1	22924273	6747	1
10108019_1	860	Sound	10	22938133	767	1			260		other	0
10108019_1	861	Sound	19	22955632	761	1			260		other	0
10108019_1	862	Sound	18	22971631	589	1			260		other	0
10108019_1	863	Sound	16	22994629	747	1			260		other	0
10108019_1	864	Sound	11	23018628	905	1			260		other	0
10108019_1	865	Sound	10	23036127	732	1			260		other	0
10108019_1	866	Sound	12	23060625	891	1			260		other	0
10108019_1	866	Response	1	23061625	1890	1
10108019_1	867	Sound	19	23076124	718	1			260		other	0
10108019_1	867	Response	1	23081544	6137	1
10108019_1	868	Sound	13	23093623	1046	1			260		other	0
10108019_1	868	Response	1	23098343	5765	1
10108019_1	869	Sound	15	23110622	706	1			260		other	0

The following output port codes were not sent because of a conflict on the port.
Port	Code	Time(ms)
1	253	92469.1
1	253	272466
1	253	401282
1	253	535290
1	253	673738
1	253	800370
1	253	937441
1	253	1.07132e+06
1	253	1.20763e+06
1	253	1.40012e+06
1	253	1.56598e+06
1	253	1.69886e+06
1	253	1.91748e+06
1	253	2.05317e+06
1	15	2.08148e+06
1	253	2.18838e+06
1	253	2.31292e+06
