Scenario - 
Logfile written - 02/08/2019 12:44:56

Subject	Trial	Event Type	Code	Time	TTime	Uncertainty	Duration	Uncertainty	ReqTime	ReqDur	Stim Type	Pair Index

10108023_1	1	Response	255	37662	36996	1
10108023_1	3	Sound	52	111009	723	1			260		other	0
10108023_1	4	Sound	55	133508	882	1			260		other	0
10108023_1	5	Sound	60	161506	705	1			260		other	0
10108023_1	5	Response	1	164135	3334	1
10108023_1	6	Sound	54	190504	1028	1			260		other	0
10108023_1	6	Response	1	199972	10496	1
10108023_1	7	Sound	53	211503	688	1			260		other	0
10108023_1	8	Sound	58	238502	845	1			260		other	0
10108023_1	8	Response	1	245010	7353	1
10108023_1	9	Sound	60	257500	838	1			260		other	0
10108023_1	9	Response	1	259808	3146	1
10108023_1	10	Sound	51	274499	832	1			260		other	0
10108023_1	10	Response	1	283007	9339	1
10108023_1	11	Sound	53	296998	825	1			260		other	0
10108023_1	12	Sound	60	318997	649	1			260		other	0
10108023_1	12	Response	1	321405	3057	1
10108023_1	13	Sound	59	343995	641	1			260		other	0
10108023_1	14	Sound	57	370494	631	1			260		other	0
10108023_1	14	Response	1	374282	4419	1
10108023_1	15	Sound	53	395992	788	1			260		other	0
10108023_1	15	Response	1	400520	5316	1
10108023_1	16	Sound	57	415991	948	1			260		other	0
10108023_1	16	Response	1	419719	4676	1
10108023_1	17	Sound	50	436990	607	1			260		other	0
10108023_1	18	Sound	51	465988	763	1			260		other	0
10108023_1	19	Sound	54	491486	588	1			260		other	0
10108023_1	20	Sound	50	510985	747	1			260		other	0
10108023_1	21	Sound	58	539984	904	1			260		other	0
10108023_1	21	Response	1	543791	4711	1
10108023_1	22	Sound	59	560482	896	1			260		other	0
10108023_1	22	Response	1	564510	4924	1
10108023_1	23	Sound	50	582981	1055	1			260		other	0
10108023_1	24	Sound	52	610979	878	1			260		other	0
10108023_1	25	Sound	56	637978	869	1			260		other	0
10108023_1	26	Sound	52	656477	1029	1			260		other	0
10108023_1	27	Sound	54	678975	854	1			260		other	0
10108023_1	27	Response	1	689462	11341	1
10108023_1	28	Sound	60	705474	678	1			260		other	0
10108023_1	28	Response	1	708261	3465	1
10108023_1	29	Sound	53	724472	1005	1			260		other	0
10108023_1	30	Sound	56	749971	662	1			260		other	0
10108023_1	30	Response	1	754338	5029	1
10108023_1	31	Sound	55	768970	822	1			260		other	0
10108023_1	31	Response	1	773137	4989	1
10108023_1	32	Sound	50	787969	815	1			260		other	0
10108023_1	33	Sound	56	816967	638	1			260		other	0
10108023_1	33	Response	1	820974	4645	1
10108023_1	34	Sound	53	833966	632	1			260		other	0
10108023_1	35	Sound	54	862464	789	1			260		other	0
10108023_1	36	Sound	55	885963	947	1			260		other	0
10108023_1	36	Response	1	898969	13953	1
10108023_1	37	Sound	58	914961	937	1			260		other	0
10108023_1	37	Response	1	919928	5904	1
10108023_1	38	Sound	52	934960	596	1			260		other	0
10108023_1	38	Response	1	940086	5723	1
10108023_1	39	Sound	55	955459	589	1			260		other	0
10108023_1	39	Response	1	959925	5056	1
10108023_1	40	Sound	58	984457	578	1			260		other	0
10108023_1	40	Response	1	988964	5085	1
10108023_1	41	Sound	57	1010455	736	1			260		other	0
10108023_1	42	Sound	59	1037454	893	1			260		other	0
10108023_1	42	Response	1	1042960	6400	1
10108023_1	43	Sound	51	1060452	1052	1			260		other	0
10108023_1	44	Sound	51	1087451	708	1			260		other	0
10108023_1	45	Sound	54	1112949	866	1			260		other	0
10108023_1	45	Response	1	1117836	5753	1
10108023_1	46	Sound	56	1129948	860	1			260		other	0
10108023_1	47	Sound	52	1148947	687	1			260		other	0
10108023_1	47	Response	1	1154313	6053	1
10108023_1	48	Sound	50	1168446	679	1			260		other	0
10108023_1	49	Sound	59	1194444	1004	1			260		other	0
10108023_1	49	Response	1	1198711	5270	1
10108023_1	50	Sound	51	1216943	662	1			260		other	0
10108023_1	51	Sound	59	1235442	989	1			260		other	0
10108023_1	51	Response	1	1238867	4415	2
10108023_1	52	Sound	57	1263440	812	1			260		other	0
10108023_1	52	Response	1	1268546	5919	1
10108023_1	53	Sound	56	1284939	805	1			260		other	0
10108023_1	53	Response	1	1288465	4331	1
10108023_1	54	Sound	55	1306938	630	1			260		other	0
10108023_1	54	Response	1	1310304	3996	1
10108023_1	55	Sound	58	1327436	956	1			260		other	0
10108023_1	55	Response	1	1332143	5662	1
10108023_1	56	Sound	60	1354435	780	1			260		other	0
10108023_1	56	Response	1	1356861	3206	1
10108023_1	57	Sound	57	1381933	770	1			260		other	0
10108023_1	59	Response	255	1446136	41552	1
10108023_1	61	Sound	38	1522425	720	1			260		other	0
10108023_1	62	Sound	34	1546923	711	1			260		other	0
10108023_1	63	Sound	30	1574921	701	1			260		other	0
10108023_1	64	Sound	32	1594420	1028	1			260		other	0
10108023_1	65	Sound	32	1620419	852	1			260		other	0
10108023_1	66	Sound	35	1649417	1008	1			260		other	0
10108023_1	67	Sound	37	1669416	667	1			260		other	0
10108023_1	68	Sound	37	1686915	661	1			260		other	0
10108023_1	69	Sound	39	1710413	986	1			260		other	0
10108023_1	70	Sound	35	1736912	643	1			260		other	0
10108023_1	71	Sound	40	1756911	970	1			260		other	0
10108023_1	71	Response	1	1759876	3935	1
10108023_1	72	Sound	37	1775909	963	1			260		other	0
10108023_1	73	Sound	30	1798408	955	1			260		other	0
10108023_1	74	Sound	37	1817407	948	1			260		other	0
10108023_1	74	Response	1	1824112	7653	1
10108023_1	75	Sound	33	1842405	606	1			260		other	0
10108023_1	76	Sound	38	1860904	599	1			260		other	0
10108023_1	76	Response	1	1866669	6364	1
10108023_1	77	Sound	30	1880403	759	1			260		other	0
10108023_1	78	Sound	31	1904402	584	1			260		other	0
10108023_1	79	Sound	36	1931400	741	1			260		other	0
10108023_1	80	Sound	34	1948899	901	1			260		other	0
10108023_1	81	Sound	33	1967898	728	1			260		other	0
10108023_1	82	Sound	38	1990897	886	1			260		other	0
10108023_1	83	Sound	33	2008396	880	1			260		other	0
10108023_1	84	Sound	39	2029894	706	1			260		other	0
10108023_1	85	Sound	39	2058392	1029	1			260		other	0
10108023_1	85	Response	1	2063697	6334	1
10108023_1	86	Sound	31	2084891	686	1			260		other	0
10108023_1	87	Sound	34	2111889	1010	1			260		other	0
10108023_1	88	Sound	40	2131388	836	1			260		other	0
10108023_1	88	Response	1	2134253	3701	1
10108023_1	89	Sound	40	2155387	827	1			260		other	0
10108023_1	89	Response	1	2158492	3932	1
10108023_1	90	Sound	32	2179385	986	1			260		other	0
10108023_1	91	Sound	33	2198884	812	1			260		other	0
10108023_1	92	Sound	37	2216383	972	1			260		other	0
10108023_1	92	Response	1	2220568	5157	1
10108023_1	93	Sound	31	2234882	799	1			260		other	0
10108023_1	94	Sound	32	2261880	956	1			260		other	0
10108023_1	95	Sound	38	2289879	779	1			260		other	0
10108023_1	96	Sound	36	2313377	938	1			260		other	0
10108023_1	97	Sound	39	2336876	596	1			260		other	0
10108023_1	97	Response	1	2341760	5481	1
10108023_1	98	Sound	31	2363874	753	1			260		other	0
10108023_1	99	Sound	33	2387873	744	1			260		other	0
10108023_1	100	Sound	38	2406872	738	1			260		other	0
10108023_1	100	Response	1	2412556	6422	1
10108023_1	101	Sound	35	2427870	1064	1			260		other	0
10108023_1	102	Sound	35	2450369	889	1			260		other	0
10108023_1	103	Sound	30	2466868	716	1			260		other	0
10108023_1	104	Sound	39	2488867	876	1			260		other	0
10108023_1	104	Response	1	2494471	6480	1
10108023_1	105	Sound	36	2515365	1032	1			260		other	0
10108023_1	106	Sound	30	2541864	690	1			260		other	0
10108023_1	107	Sound	34	2567362	680	1			260		other	0
10108023_1	108	Sound	40	2587861	673	1			260		other	0
10108023_1	108	Response	1	2590785	3597	1
10108023_1	109	Sound	36	2613859	664	1			260		other	0
10108023_1	110	Sound	31	2635858	656	1			260		other	0
10108023_1	111	Sound	35	2659356	982	1			260		other	0
10108023_1	112	Sound	32	2688355	971	1			260		other	0
10108023_1	113	Sound	36	2712853	628	1			260		other	0
10108023_1	114	Sound	34	2733852	954	1			260		other	0
10108023_1	115	Sound	40	2758351	612	1			260		other	0
10108023_1	117	Response	255	2888287	112796	1
10108023_1	119	Sound	40	2963838	872	1			260		other	0
10108023_1	119	Response	1	2967162	4196	1
10108023_1	120	Sound	37	2988337	697	1			260		other	0
10108023_1	121	Sound	39	3011335	689	1			260		other	0
10108023_1	121	Response	1	3015479	4832	1
10108023_1	122	Sound	33	3040334	1012	1			260		other	0
10108023_1	123	Sound	31	3061332	1004	1			260		other	0
10108023_1	124	Sound	37	3090331	660	1			260		other	0
10108023_1	125	Sound	30	3118329	817	1			260		other	0
10108023_1	126	Sound	33	3134828	978	1			260		other	0
10108023_1	127	Sound	40	3160826	969	1			260		other	0
10108023_1	127	Response	1	3163550	3692	1
10108023_1	128	Sound	31	3180325	795	1			260		other	0
10108023_1	129	Sound	33	3203324	620	1			260		other	0
10108023_1	130	Sound	31	3230822	944	1			260		other	0
10108023_1	131	Sound	33	3254821	768	1			260		other	0
10108023_1	132	Sound	37	3272320	929	1			260		other	0
10108023_1	133	Sound	34	3295318	921	1			260		other	0
10108023_1	134	Sound	30	3313317	914	1			260		other	0
10108023_1	135	Sound	38	3335316	740	1			260		other	0
10108023_1	136	Sound	40	3356815	899	1			260		other	0
10108023_1	136	Response	1	3359458	3542	1
10108023_1	137	Sound	37	3375314	892	1			260		other	0
10108023_1	138	Sound	32	3404312	882	1			260		other	0
10108023_1	139	Sound	38	3433310	705	1			260		other	0
10108023_1	140	Sound	32	3455809	1030	1			260		other	0
10108023_1	141	Sound	38	3479807	1022	1			260		other	0
10108023_1	141	Response	1	3485530	6744	2
10108023_1	142	Sound	30	3499306	1015	1			260		other	0
10108023_1	143	Sound	39	3522805	840	1			260		other	0
10108023_1	143	Response	1	3526807	4842	1
10108023_1	144	Sound	31	3541803	999	1			260		other	0
10108023_1	145	Sound	39	3566802	990	1			260		other	0
10108023_1	145	Response	1	3574884	9073	1
10108023_1	146	Sound	35	3590801	649	1			260		other	0
10108023_1	147	Sound	33	3619799	972	1			260		other	0
10108023_1	148	Sound	30	3648297	961	1			260		other	0
10108023_1	149	Sound	30	3676796	951	1			260		other	0
10108023_1	150	Sound	32	3694794	778	1			260		other	0
10108023_1	151	Sound	32	3711293	772	1			260		other	0
10108023_1	152	Sound	37	3732292	932	1			260		other	0
10108023_1	153	Sound	39	3759291	922	1			260		other	0
10108023_1	154	Sound	34	3782289	580	1			260		other	0
10108023_1	155	Sound	31	3804288	739	1			260		other	0
10108023_1	156	Sound	34	3821787	733	1			260		other	0
10108023_1	157	Sound	35	3847785	1057	1			260		other	0
10108023_1	158	Sound	36	3868284	883	1			260		other	0
10108023_1	159	Sound	32	3888283	709	1			260		other	0
10108023_1	160	Sound	35	3911281	701	1			260		other	0
10108023_1	161	Sound	40	3936780	858	1			260		other	0
10108023_1	161	Response	1	3944221	8300	1
10108023_1	162	Sound	38	3961278	683	1			260		other	0
10108023_1	163	Sound	36	3980777	1009	1			260		other	0
10108023_1	164	Sound	35	4009776	832	1			260		other	0
10108023_1	165	Sound	39	4037774	656	1			260		other	0
10108023_1	165	Response	1	4043015	5897	1
10108023_1	166	Sound	40	4065272	813	1			260		other	0
10108023_1	166	Response	1	4069014	4554	1
10108023_1	167	Sound	36	4084771	639	1			260		other	0
10108023_1	168	Sound	36	4103270	632	1			260		other	0
10108023_1	168	Response	1	4109171	6534	1
10108023_1	169	Sound	34	4121769	959	1			260		other	0
10108023_1	170	Sound	34	4140268	786	1			260		other	0
10108023_1	171	Sound	35	4169266	609	1			260		other	0
10108023_1	171	Response	1	4173808	5150	1
10108023_1	172	Sound	38	4190265	601	1			260		other	0
10108023_1	172	Response	1	4196126	6463	1
10108023_1	173	Sound	36	4214263	593	1			260		other	0
10108023_1	175	Response	255	4257482	21058	1
10108023_1	177	Sound	38	4340256	881	1			260		other	0
10108023_1	177	Response	1	4347957	8582	1
10108023_1	178	Sound	31	4360754	707	1			260		other	0
10108023_1	179	Sound	36	4377753	1034	1			260		other	0
10108023_1	180	Sound	35	4402252	1026	1			260		other	0
10108023_1	181	Sound	34	4422751	1018	1			260		other	0
10108023_1	182	Sound	31	4441750	845	1			260		other	0
10108023_1	183	Sound	39	4465748	836	1			260		other	0
10108023_1	183	Response	1	4471389	6477	1
10108023_1	184	Sound	38	4492746	827	1			260		other	0
10108023_1	185	Sound	32	4510246	654	1			260		other	0
10108023_1	186	Sound	33	4538244	644	1			260		other	0
10108023_1	187	Sound	34	4558243	803	1			260		other	0
10108023_1	188	Sound	30	4580741	628	1			260		other	0
10108023_1	189	Sound	34	4599240	789	1			260		other	0
10108023_1	190	Sound	36	4618739	782	1			260		other	0
10108023_1	191	Sound	30	4646237	605	1			260		other	0
10108023_1	192	Sound	39	4665236	932	1			260		other	0
10108023_1	193	Sound	38	4684735	758	1			260		other	0
10108023_1	194	Sound	32	4707734	583	1			260		other	0
10108023_1	195	Sound	38	4724233	577	1			260		other	0
10108023_1	196	Sound	34	4746731	736	1			260		other	0
10108023_1	197	Sound	31	4769230	1061	1			260		other	0
10108023_1	198	Sound	35	4797728	718	1			260		other	0
10108023_1	199	Sound	39	4820227	877	1			260		other	0
10108023_1	200	Sound	38	4846225	700	1			260		other	0
10108023_1	201	Sound	40	4868224	693	1			260		other	0
10108023_1	201	Response	1	4871284	3753	1
10108023_1	202	Sound	40	4891223	685	1			260		other	0
10108023_1	202	Response	1	4894483	3945	1
10108023_1	203	Sound	35	4913221	677	1			260		other	0
10108023_1	203	Response	1	4918961	6417	2
10108023_1	204	Sound	31	4939720	668	1			260		other	0
10108023_1	205	Sound	37	4962218	826	1			260		other	0
10108023_1	206	Sound	35	4986717	984	1			260		other	0
10108023_1	206	Response	1	4991277	5544	1
10108023_1	207	Sound	36	5010215	809	1			260		other	0
10108023_1	208	Sound	37	5038714	799	1			260		other	0
10108023_1	209	Sound	30	5062212	623	1			260		other	0
10108023_1	210	Sound	35	5084211	782	1			260		other	0
10108023_1	211	Sound	39	5113709	938	1			260		other	0
10108023_1	212	Sound	37	5132208	765	1			260		other	0
10108023_1	213	Sound	34	5155207	924	1			260		other	0
10108023_1	214	Sound	30	5174206	750	1			260		other	0
10108023_1	215	Sound	33	5200704	1074	1			260		other	0
10108023_1	216	Sound	32	5221203	733	1			260		other	0
10108023_1	217	Sound	40	5248701	723	1			260		other	0
10108023_1	217	Response	1	5251661	3683	1
10108023_1	218	Sound	32	5276700	880	1			260		other	0
10108023_1	219	Sound	33	5300198	705	1			260		other	0
10108023_1	220	Sound	31	5317197	1033	1			260		other	0
10108023_1	221	Sound	33	5335196	1026	1			260		other	0
10108023_1	222	Sound	32	5358695	1018	1			260		other	0
10108023_1	223	Sound	40	5387693	1007	1			260		other	0
10108023_1	223	Response	1	5390292	3607	1
10108023_1	224	Sound	39	5410692	666	1			260		other	0
10108023_1	224	Response	1	5420291	10265	1
10108023_1	225	Sound	36	5430190	826	1			260		other	0
10108023_1	226	Sound	40	5459189	815	1			260		other	0
10108023_1	226	Response	1	5461968	3594	1
10108023_1	227	Sound	37	5488187	805	1			260		other	0
10108023_1	228	Sound	37	5511186	963	1			260		other	0
10108023_1	229	Sound	33	5536684	954	1			260		other	0
10108023_1	230	Sound	36	5565682	777	1			260		other	0
10108023_1	231	Sound	30	5586681	936	1			260		other	0
10108023_1	233	Response	255	5949138	345975	1
10108023_1	235	Sound	60	6026655	946	1			260		other	0
10108023_1	235	Response	1	6028813	3105	1
10108023_1	236	Sound	54	6051153	771	1			260		other	0
10108023_1	236	Response	1	6055931	5549	1
10108023_1	237	Sound	50	6079151	594	1			260		other	0
10108023_1	238	Sound	51	6106150	918	1			260		other	0
10108023_1	239	Sound	57	6131148	742	1			260		other	0
10108023_1	239	Response	1	6135846	5440	1
10108023_1	240	Sound	50	6158647	732	1			260		other	0
10108023_1	241	Sound	50	6187645	722	1			260		other	0
10108023_1	242	Sound	59	6210644	880	1			260		other	0
10108023_1	242	Response	1	6215122	5359	1
10108023_1	243	Sound	57	6235642	705	1			260		other	0
10108023_1	244	Sound	57	6260641	863	1			260		other	0
10108023_1	244	Response	1	6264719	4941	1
10108023_1	245	Sound	52	6283139	688	1			260		other	0
10108023_1	246	Sound	52	6305638	1013	1			260		other	0
10108023_1	247	Sound	53	6329636	671	1			260		other	0
10108023_1	247	Response	1	6336794	7829	1
10108023_1	248	Sound	60	6357635	995	1			260		other	0
10108023_1	248	Response	1	6360633	3992	1
10108023_1	249	Sound	52	6381133	819	1			260		other	0
10108023_1	249	Response	1	6389511	9197	1
10108023_1	250	Sound	59	6402132	645	1			260		other	0
10108023_1	250	Response	1	6405830	4343	1
10108023_1	251	Sound	56	6430130	969	1			260		other	0
10108023_1	251	Response	1	6434708	5546	1
10108023_1	252	Sound	55	6447629	629	1			260		other	0
10108023_1	252	Response	1	6451507	4507	1
10108023_1	253	Sound	59	6472628	953	1			260		other	0
10108023_1	253	Response	1	6476866	5191	1
10108023_1	254	Sound	55	6489627	614	1			260		other	0
10108023_1	255	Sound	53	6511126	940	1			260		other	0
10108023_1	256	Sound	51	6540124	929	1			260		other	0
10108023_1	257	Sound	60	6559623	923	1			260		other	0
10108023_1	257	Response	1	6562060	3360	1
10108023_1	258	Sound	50	6578621	749	1			260		other	0
10108023_1	259	Sound	58	6601120	1074	1			260		other	0
10108023_1	259	Response	1	6607258	7212	1
10108023_1	260	Sound	55	6628119	565	1			260		other	0
10108023_1	261	Sound	57	6650617	890	1			260		other	0
10108023_1	261	Response	1	6657975	8248	1
10108023_1	262	Sound	56	6675116	715	1			260		other	0
10108023_1	262	Response	1	6680213	5812	2
10108023_1	263	Sound	59	6699614	873	1			260		other	0
10108023_1	263	Response	1	6702932	4190	1
10108023_1	264	Sound	58	6720113	699	1			260		other	0
10108023_1	264	Response	1	6723890	4476	1
10108023_1	265	Sound	56	6740612	858	1			260		other	0
10108023_1	265	Response	1	6749009	9255	1
10108023_1	266	Sound	52	6761110	850	1			260		other	0
10108023_1	266	Response	1	6764128	3868	1
10108023_1	267	Sound	60	6788609	841	1			260		other	0
10108023_1	267	Response	1	6791166	3398	1
10108023_1	268	Sound	54	6809108	667	1			260		other	0
10108023_1	268	Response	1	6822604	14163	1
10108023_1	269	Sound	55	6838106	823	1			260		other	0
10108023_1	270	Sound	54	6859605	815	1			260		other	0
10108023_1	271	Sound	57	6888603	805	1			260		other	0
10108023_1	272	Sound	51	6915101	796	1			260		other	0
10108023_1	273	Sound	58	6943600	786	1			260		other	0
10108023_1	274	Sound	53	6970598	609	1			260		other	0
10108023_1	275	Sound	58	6992597	935	1			260		other	0
10108023_1	275	Response	1	6996753	5091	4
10108023_1	276	Sound	50	7009596	929	1			260		other	0
10108023_1	277	Sound	52	7038094	919	1			260		other	0
10108023_1	278	Sound	60	7066092	1075	1			260		other	0
10108023_1	278	Response	1	7069229	4212	1
10108023_1	279	Sound	58	7086091	901	1			260		other	0
10108023_1	279	Response	1	7094188	8998	1
10108023_1	280	Sound	54	7115089	891	1			260		other	0
10108023_1	280	Response	1	7119466	5268	1
10108023_1	281	Sound	54	7131588	1052	1			260		other	0
10108023_1	282	Sound	51	7152587	711	1			260		other	0
10108023_1	282	Response	1	7171303	19427	1
10108023_1	283	Sound	56	7179586	868	1			260		other	0
10108023_1	284	Sound	53	7200584	1027	1			260		other	0
10108023_1	284	Response	1	7205781	6224	1
10108023_1	285	Sound	51	7222583	853	1			260		other	0
10108023_1	286	Sound	59	7248581	1010	1			260		other	0
10108023_1	286	Response	1	7255778	8206	1
10108023_1	287	Sound	56	7272580	668	1			260		other	0
10108023_1	287	Response	1	7277216	5304	1
10108023_1	288	Sound	55	7295079	660	1			260		other	0
10108023_1	288	Response	1	7301695	7276	1
10108023_1	289	Sound	53	7316077	986	1			260		other	0
10108023_1	289	Response	1	7322654	7562	1
10108023_1	291	Response	255	10125041	2792364	1
10108023_1	293	Sound	51	10207404	954	1			260		other	0
10108023_1	294	Sound	52	10235902	778	1			260		other	0
10108023_1	295	Sound	58	10252401	605	1			260		other	0
10108023_1	295	Response	1	10257193	5397	1
10108023_1	296	Sound	53	10275400	597	1			260		other	0
10108023_1	296	Response	1	10280311	5508	1
10108023_1	297	Sound	59	10297898	589	1			260		other	0
10108023_1	297	Response	1	10301750	4440	1
10108023_1	298	Sound	52	10314897	916	1			260		other	0
10108023_1	299	Sound	52	10342896	906	1			260		other	0
10108023_1	299	Response	1	10364866	22876	1
10108023_1	300	Sound	55	10367894	565	1			260		other	0
10108023_1	300	Response	1	10375105	7775	1
10108023_1	301	Sound	57	10388393	890	1			260		other	0
10108023_1	301	Response	1	10391745	4241	1
10108023_1	302	Sound	60	10405392	1051	1			260		other	0
10108023_1	302	Response	1	10407903	3562	2
10108023_1	303	Sound	53	10423391	877	1			260		other	0
10108023_1	303	Response	1	10429342	6828	1
10108023_1	304	Sound	59	10442890	704	1			260		other	0
10108023_1	304	Response	1	10448301	6115	1
10108023_1	305	Sound	57	10469888	1028	1			260		other	0
10108023_1	305	Response	1	10471900	3039	1
10108023_1	305	Response	1	10484779	15918	1
10108023_1	306	Sound	50	10494387	685	1			260		other	0
10108023_1	307	Sound	58	10517385	1011	1			260		other	0
10108023_1	307	Response	1	10520216	3842	1
10108023_1	308	Sound	50	10545384	1001	1			260		other	0
10108023_1	309	Sound	52	10561883	828	1			260		other	0
10108023_1	309	Response	1	10564934	3879	1
10108023_1	310	Sound	54	10579382	822	1			260		other	0
10108023_1	310	Response	1	10586133	7573	1
10108023_1	311	Sound	56	10597380	982	1			260		other	0
10108023_1	311	Response	1	10602772	6373	1
10108023_1	312	Sound	59	10613880	809	1			260		other	0
10108023_1	312	Response	1	10617171	4101	1
10108023_1	313	Sound	50	10631878	970	1			260		other	0
10108023_1	314	Sound	60	10658877	627	1			260		other	0
10108023_1	314	Response	1	10661488	3238	1
10108023_1	315	Sound	60	10680375	953	1			260		other	0
10108023_1	315	Response	1	10683326	3904	1
10108023_1	316	Sound	56	10703874	777	1			260		other	0
10108023_1	317	Sound	57	10725873	769	1			260		other	0
10108023_1	317	Response	1	10732523	7420	1
10108023_1	318	Sound	55	10750371	594	1			260		other	0
10108023_1	318	Response	1	10753242	3465	1
10108023_1	319	Sound	58	10773870	919	1			260		other	0
10108023_1	320	Sound	60	10803368	908	1			260		other	0
10108023_1	320	Response	1	10805879	3419	1
10108023_1	321	Sound	55	10830867	1065	1			260		other	0
10108023_1	322	Sound	59	10858865	1056	1			260		other	0
10108023_1	322	Response	1	10860916	3106	1
10108023_1	323	Sound	55	10888363	1045	1			260		other	0
10108023_1	324	Sound	51	10911862	703	1			260		other	0
10108023_1	325	Sound	56	10933360	1029	1			260		other	0
10108023_1	325	Response	1	10937871	5539	1
10108023_1	326	Sound	51	10960859	686	1			260		other	0
10108023_1	327	Sound	54	10986357	844	1			260		other	0
10108023_1	328	Sound	60	11006856	1003	1			260		other	0
10108023_1	328	Response	1	11018186	12333	1
10108023_1	329	Sound	56	11034354	993	1			260		other	0
10108023_1	330	Sound	55	11059353	650	1			260		other	0
10108023_1	331	Sound	58	11076352	978	1			260		other	0
10108023_1	331	Response	1	11080662	5288	1
10108023_1	332	Sound	54	11104350	801	1			260		other	0
10108023_1	333	Sound	53	11125849	793	1			260		other	0
10108023_1	334	Sound	58	11146348	786	1			260		other	0
10108023_1	335	Sound	57	11171346	610	1			260		other	0
10108023_1	336	Sound	53	11198344	934	1			260		other	0
10108023_1	337	Sound	54	11223843	592	1			260		other	0
10108023_1	338	Sound	51	11249341	749	1			260		other	0
10108023_1	339	Sound	50	11276340	740	1			260		other	0
10108023_1	340	Sound	59	11299338	732	1			260		other	0
10108023_1	340	Response	1	11303928	5321	1
10108023_1	341	Sound	57	11324837	723	1			260		other	0
10108023_1	341	Response	1	11329047	4932	1
10108023_1	342	Sound	53	11341336	1050	1			260		other	0
10108023_1	343	Sound	51	11361835	709	1			260		other	0
10108023_1	344	Sound	52	11381834	702	1			260		other	0
10108023_1	344	Response	1	11384803	3672	1
10108023_1	345	Sound	50	11399832	862	1			260		other	0
10108023_1	346	Sound	54	11422831	1021	1			260		other	0
10108023_1	347	Sound	56	11441330	682	1			260		other	0
10108023_1	347	Response	1	11447439	6791	1
10108023_1	349	Response	255	14740436	3271867	1
10108023_1	351	Sound	14	14814628	978	1			260		other	0
10108023_1	352	Sound	12	14837126	636	1			260		other	0
10108023_1	353	Sound	10	14859125	962	1			260		other	0
10108023_1	354	Sound	13	14887123	785	1			260		other	0
10108023_1	354	Response	1	14907146	20808	1
10108023_1	355	Sound	18	14909622	944	1			260		other	0
10108023_1	355	Response	1	14915226	6548	1
10108023_1	356	Sound	11	14928621	770	1			260		other	0
10108023_1	357	Sound	12	14949120	763	1			260		other	0
10108023_1	357	Response	1	14972902	24546	1
10108023_1	358	Sound	17	14975118	754	1			260		other	0
10108023_1	359	Sound	15	14991117	748	1			260		other	0
10108023_1	360	Sound	14	15007116	909	1			260		other	0
10108023_1	360	Response	1	15015700	9492	1
10108023_1	361	Sound	19	15023115	903	1			260		other	0
10108023_1	361	Response	1	15026819	4607	1
10108023_1	362	Sound	16	15045614	728	1			260		other	0
10108023_1	362	Response	1	15048658	3772	1
10108023_1	363	Sound	11	15065612	1055	1			260		other	0
10108023_1	363	Response	1	15076656	12098	1
10108023_1	364	Sound	10	15093111	878	1			260		other	0
10108023_1	365	Sound	14	15111110	1038	1			260		other	0
10108023_1	365	Response	1	15117693	7622	1
10108023_1	366	Sound	15	15129109	1032	1			260		other	0
10108023_1	367	Sound	16	15145108	693	1			260		other	0
10108023_1	367	Response	1	15148731	4317	1
10108023_1	368	Sound	10	15162107	854	1			260		other	0
10108023_1	368	Response	1	15178010	16756	1
10108023_1	369	Sound	13	15190605	1010	1			260		other	0
10108023_1	369	Response	1	15195449	5854	1
10108023_1	370	Sound	19	15209104	670	1			260		other	0
10108023_1	370	Response	1	15214007	5573	1
10108023_1	370	Response	1	15230806	22372	1
10108023_1	371	Sound	20	15232103	995	1			260		other	0
10108023_1	372	Sound	18	15256101	987	1			260		other	0
10108023_1	372	Response	1	15264244	9130	1
10108023_1	373	Sound	14	15278600	645	1			260		other	0
10108023_1	373	Response	1	15282803	4849	1
10108023_1	374	Sound	17	15306098	969	1			260		other	0
10108023_1	374	Response	1	15311441	6312	1
10108023_1	375	Sound	16	15333097	793	1			260		other	0
10108023_1	375	Response	1	15337920	5616	1
10108023_1	376	Sound	19	15354095	785	1			260		other	0
10108023_1	376	Response	1	15356639	3328	1
10108023_1	377	Sound	12	15375094	611	1			260		other	0
10108023_1	377	Response	1	15378717	4234	1
10108023_1	378	Sound	18	15395593	604	1			260		other	0
10108023_1	378	Response	1	15399916	4927	1
10108023_1	379	Sound	14	15414592	597	1			260		other	0
10108023_1	379	Response	1	15417355	3360	1
10108023_1	379	Response	1	15438794	24799	1
10108023_1	380	Sound	12	15440090	588	1			260		other	0
10108023_1	381	Sound	11	15464089	746	1			260		other	0
10108023_1	382	Sound	17	15483588	906	1			260		other	0
10108023_1	383	Sound	13	15504086	898	1			260		other	0
10108023_1	384	Sound	12	15523085	725	1			260		other	0
10108023_1	385	Sound	11	15540584	1052	1			260		other	0
10108023_1	386	Sound	16	15559083	1045	1			260		other	0
10108023_1	386	Response	1	15561986	3948	1
10108023_1	387	Sound	15	15583082	870	1			260		other	0
10108023_1	387	Response	1	15586705	4493	1
10108023_1	388	Sound	17	15610580	860	1			260		other	0
10108023_1	388	Response	1	15613103	3383	1
10108023_1	388	Response	1	15634062	24342	1
10108023_1	389	Sound	13	15638078	684	1			260		other	0
10108023_1	390	Sound	18	15666077	674	1			260		other	0
10108023_1	390	Response	1	15669259	3856	1
10108023_1	391	Sound	10	15688575	832	1			260		other	0
10108023_1	391	Response	1	15698298	10555	1
10108023_1	392	Sound	10	15712574	657	1			260		other	0
10108023_1	393	Sound	20	15739572	981	1			260		other	0
10108023_1	393	Response	1	15742855	4264	1
10108023_1	394	Sound	19	15766570	638	1			260		other	0
10108023_1	394	Response	1	15770613	4681	1
10108023_1	395	Sound	17	15783570	965	1			260		other	0
10108023_1	395	Response	1	15789172	6568	1
10108023_1	396	Sound	15	15802568	792	1			260		other	0
10108023_1	396	Response	1	15807091	5314	1
10108023_1	397	Sound	13	15828067	949	1			260		other	0
10108023_1	398	Sound	20	15853065	607	1			260		other	0
10108023_1	398	Response	1	15856688	4230	1
10108023_1	399	Sound	11	15880564	598	1			260		other	0
10108023_1	400	Sound	20	15900563	924	1			260		other	0
10108023_1	400	Response	1	15903245	3606	1
10108023_1	401	Sound	20	15921061	749	1			260		other	0
10108023_1	401	Response	1	15923483	3172	1
10108023_1	402	Sound	16	15942060	742	1			260		other	0
10108023_1	403	Sound	19	15962559	901	1			260		other	0
10108023_1	403	Response	1	15966121	4464	1
10108023_1	404	Sound	18	15986057	893	1			260		other	0
10108023_1	404	Response	1	15989479	4315	1
10108023_1	405	Sound	15	16012556	884	1			260		other	0
10108023_1	405	Response	1	16015078	3406	1
10108023_1	407	Response	255	16050436	21846	1
10108023_1	408	Response	1	16116432	65970	1
10108023_1	409	Sound	14	16119549	845	1			260		other	0
10108023_1	410	Sound	19	16143548	670	1			260		other	0
10108023_1	410	Response	1	16147630	4752	1
10108023_1	411	Sound	11	16165047	662	1			260		other	0
10108023_1	412	Sound	11	16185545	822	1			260		other	0
10108023_1	413	Sound	16	16206044	648	1			260		other	0
10108023_1	414	Sound	15	16228043	807	1			260		other	0
10108023_1	414	Response	1	16233465	6228	1
10108023_1	415	Sound	12	16244542	968	1			260		other	0
10108023_1	416	Sound	14	16273040	957	1			260		other	0
10108023_1	417	Sound	11	16299539	948	1			260		other	0
10108023_1	418	Sound	14	16320037	774	1			260		other	0
10108023_1	418	Response	1	16329139	9875	1
10108023_1	419	Sound	19	16339536	600	1			260		other	0
10108023_1	419	Response	1	16344258	5322	1
10108023_1	420	Sound	19	16357535	927	1			260		other	0
10108023_1	420	Response	1	16361057	4449	1
10108023_1	421	Sound	10	16383534	751	1			260		other	0
10108023_1	422	Sound	19	16406532	910	1			260		other	0
10108023_1	422	Response	1	16410894	5271	1
10108023_1	423	Sound	11	16434031	900	1			260		other	0
10108023_1	424	Sound	16	16462029	1057	1			260		other	0
10108023_1	424	Response	1	16466570	5598	1
10108023_1	425	Sound	12	16487027	881	1			260		other	0
10108023_1	426	Sound	18	16504026	708	1			260		other	0
10108023_1	426	Response	1	16506728	3410	1
10108023_1	427	Sound	17	16519525	703	1			260		other	0
10108023_1	428	Sound	17	16540024	1029	1			260		other	0
10108023_1	428	Response	1	16543205	4210	1
10108023_1	429	Sound	17	16568023	1019	1			260		other	0
10108023_1	429	Response	1	16571844	4840	1
10108023_1	430	Sound	20	16586521	845	1			260		other	0
10108023_1	430	Response	1	16591923	6247	1
10108023_1	431	Sound	15	16605520	839	1			260		other	0
10108023_1	431	Response	1	16609601	4920	1
10108023_1	432	Sound	18	16623019	999	1			260		other	0
10108023_1	432	Response	1	16626880	4860	1
10108023_1	433	Sound	10	16647518	824	1			260		other	0
10108023_1	434	Sound	11	16664517	651	1			260		other	0
10108023_1	435	Sound	18	16685515	810	1			260		other	0
10108023_1	435	Response	1	16691757	7051	1
10108023_1	436	Sound	16	16712514	634	1			260		other	0
10108023_1	437	Sound	13	16728013	628	1			260		other	0
10108023_1	438	Sound	17	16755511	952	1			260		other	0
10108023_1	439	Sound	20	16778510	777	1			260		other	0
10108023_1	439	Response	1	16785270	7537	1
10108023_1	440	Sound	13	16803008	768	1			260		other	0
10108023_1	441	Sound	16	16827507	760	1			260		other	0
10108023_1	441	Response	1	16837667	10920	1
10108023_1	442	Sound	18	16856005	749	1			260		other	0
10108023_1	442	Response	1	16859986	4730	1
10108023_1	443	Sound	10	16875004	742	1			260		other	0
10108023_1	444	Sound	13	16897503	568	1			260		other	0
10108023_1	445	Sound	14	16916002	895	1			260		other	0
10108023_1	445	Response	1	16920702	5595	1
10108023_1	446	Sound	17	16940500	886	1			260		other	0
10108023_1	446	Response	1	16951501	11886	1
10108023_1	447	Sound	12	16968998	1042	1			260		other	0
10108023_1	448	Sound	15	16990997	868	1			260		other	0
10108023_1	449	Sound	14	17011496	694	1			260		other	0
10108023_1	449	Response	1	17015097	4294	1
10108023_1	450	Sound	13	17032995	1020	1			260		other	0
10108023_1	450	Response	1	17037815	5840	1
10108023_1	451	Sound	18	17058993	677	1			260		other	0
10108023_1	452	Sound	10	17085991	667	1			260		other	0
10108023_1	452	Response	1	17088052	2728	1
10108023_1	453	Sound	13	17106990	826	1			260		other	0
10108023_1	454	Sound	20	17130989	984	1			260		other	0
10108023_1	454	Response	1	17134129	4125	1
10108023_1	455	Sound	16	17154987	809	1			260		other	0
10108023_1	455	Response	1	17158368	4190	1
10108023_1	456	Sound	15	17174486	636	1			260		other	0
10108023_1	456	Response	1	17179326	5476	1
10108023_1	457	Sound	10	17201485	959	1			260		other	0
10108023_1	458	Sound	15	17221483	952	1			260		other	0
10108023_1	458	Response	1	17226924	6392	1
10108023_1	459	Sound	12	17244982	944	1			260		other	0
10108023_1	459	Response	1	17247082	3044	1
10108023_1	460	Sound	20	17268980	602	1			260		other	0
10108023_1	460	Response	1	17274361	5982	1
10108023_1	461	Sound	20	17293979	593	1			260		other	0
10108023_1	461	Response	1	17297719	4333	1
10108023_1	462	Sound	12	17309978	587	1			260		other	0
10108023_1	463	Sound	19	17331477	580	1			260		other	0
10108023_1	465	Response	1	20717669	3362684	1
10108023_1	465	Response	255	20730708	3375723	1
10108023_1	467	Sound	11	20808268	673	1			260		other	0
10108023_1	468	Sound	15	20829267	832	1			260		other	0
10108023_1	469	Sound	17	20847266	992	1			260		other	0
10108023_1	469	Response	1	20852620	6346	1
10108023_1	470	Sound	13	20867265	652	1			260		other	0
10108023_1	470	Response	1	20870779	4166	1
10108023_1	471	Sound	10	20889263	644	1			260		other	0
10108023_1	472	Sound	12	20912262	636	1			260		other	0
10108023_1	472	Response	1	20927096	15469	1
10108023_1	473	Sound	13	20938260	793	1			260		other	0
10108023_1	473	Response	1	20941335	3868	1
10108023_1	473	Response	1	20962294	24826	1
10108023_1	474	Sound	18	20964259	617	1			260		other	0
10108023_1	475	Sound	20	20987257	942	1			260		other	0
10108023_1	475	Response	1	20989172	2857	1
10108023_1	476	Sound	19	21006256	935	1			260		other	0
10108023_1	476	Response	1	21008370	3050	1
10108023_1	477	Sound	16	21032755	593	1			260		other	0
10108023_1	478	Sound	13	21050254	586	1			260		other	0
10108023_1	479	Sound	11	21067753	580	1			260		other	0
10108023_1	479	Response	1	21087486	20313	1
10108023_1	480	Sound	10	21093251	905	1			260		other	0
10108023_1	481	Sound	12	21121749	728	1			260		other	0
10108023_1	481	Response	1	21146682	25660	1
10108023_1	482	Sound	10	21150248	1051	1			260		other	0
10108023_1	483	Sound	11	21176246	875	1			260		other	0
10108023_1	483	Response	1	21177880	2509	1
10108023_1	484	Sound	10	21195245	1035	1			260		other	0
10108023_1	485	Sound	20	21220243	692	1			260		other	0
10108023_1	485	Response	1	21222917	3366	1
10108023_1	486	Sound	19	21236242	1020	1			260		other	0
10108023_1	486	Response	1	21239716	4494	1
10108023_1	487	Sound	16	21256741	679	1			260		other	0
10108023_1	487	Response	1	21260675	4613	1
10108023_1	488	Sound	18	21283240	837	1			260		other	0
10108023_1	488	Response	1	21286913	4510	1
10108023_1	489	Sound	10	21308738	828	1			260		other	0
10108023_1	490	Sound	12	21325737	655	1			260		other	0
10108023_1	491	Sound	17	21345236	648	1			260		other	0
10108023_1	491	Response	1	21349389	4801	1
10108023_1	492	Sound	14	21361735	809	1			260		other	0
10108023_1	493	Sound	11	21378734	969	1			260		other	0
10108023_1	493	Response	1	21385387	7623	1
10108023_1	494	Sound	15	21401733	961	1			260		other	0
10108023_1	494	Response	1	21405946	5175	1
10108023_1	495	Sound	20	21422731	787	1			260		other	0
10108023_1	495	Response	1	21425625	3680	1
10108023_1	496	Sound	20	21444730	612	1			260		other	0
10108023_1	496	Response	1	21448343	4226	1
10108023_1	497	Sound	14	21468229	604	1			260		other	0
10108023_1	497	Response	1	21476022	8397	1
10108023_1	498	Sound	15	21496227	761	1			260		other	0
10108023_1	499	Sound	19	21524225	751	1			260		other	0
10108023_1	500	Sound	14	21549724	908	1			260		other	0
10108023_1	501	Sound	13	21574222	900	1			260		other	0
10108023_1	501	Response	1	21578735	5413	1
10108023_1	502	Sound	20	21592721	1060	1			260		other	0
10108023_1	502	Response	1	21595774	4113	1
10108023_1	503	Sound	12	21614220	719	1			260		other	0
10108023_1	504	Sound	18	21639218	1043	1			260		other	0
10108023_1	504	Response	1	21644011	5836	1
10108023_1	505	Sound	16	21656217	1037	1			260		other	0
10108023_1	506	Sound	17	21673716	864	1			260		other	0
10108023_1	507	Sound	18	21697215	856	1			260		other	0
10108023_1	508	Sound	12	21724713	846	1			260		other	0
10108023_1	509	Sound	17	21745712	1005	1			260		other	0
10108023_1	510	Sound	11	21763711	665	1			260		other	0
10108023_1	511	Sound	18	21787709	823	1			260		other	0
10108023_1	512	Sound	14	21805708	984	1			260		other	0
10108023_1	513	Sound	14	21824707	977	1			260		other	0
10108023_1	513	Response	1	21831200	7470	1
10108023_1	514	Sound	15	21843706	970	1			260		other	0
10108023_1	514	Response	1	21850639	7903	1
10108023_1	515	Sound	19	21868705	961	1			260		other	0
10108023_1	515	Response	1	21872557	4814	1
10108023_1	516	Sound	13	21896703	784	1			260		other	0
10108023_1	516	Response	1	21903755	7837	1
10108023_1	517	Sound	19	21916202	778	1			260		other	0
10108023_1	517	Response	1	21920554	5130	1
10108023_1	518	Sound	16	21938700	770	1			260		other	0
10108023_1	519	Sound	16	21961199	928	1			260		other	0
10108023_1	519	Response	1	21966471	6200	1
10108023_1	520	Sound	15	21986197	586	1			260		other	0
10108023_1	521	Sound	17	22003196	747	1			260		other	0
10108023_1	523	Response	255	22107743	89375	1
10108023_1	525	Sound	58	22181186	850	1			260		other	0
10108023_1	525	Response	1	22185738	5402	1
10108023_1	526	Sound	54	22209684	673	1			260		other	0
10108023_1	526	Response	1	22213496	4485	2
10108023_1	527	Sound	55	22232183	831	1			260		other	0
10108023_1	528	Sound	57	22252182	824	1			260		other	0
10108023_1	528	Response	1	22256294	4936	1
10108023_1	529	Sound	58	22270180	985	1			260		other	0
10108023_1	529	Response	1	22273573	4377	1
10108023_1	530	Sound	52	22286680	645	1			260		other	0
10108023_1	531	Sound	51	22314178	635	1			260		other	0
10108023_1	531	Response	1	22316370	2828	1
10108023_1	532	Sound	53	22337176	627	1			260		other	0
10108023_1	532	Response	1	22342608	6059	1
10108023_1	533	Sound	50	22357175	620	1			260		other	0
10108023_1	534	Sound	52	22374674	948	1			260		other	0
10108023_1	535	Sound	54	22394173	607	1			260		other	0
10108023_1	536	Sound	59	22421671	930	1			260		other	0
10108023_1	536	Response	1	22426683	5942	2
10108023_1	537	Sound	59	22441670	923	1			260		other	0
10108023_1	537	Response	1	22445722	4975	1
10108023_1	538	Sound	59	22469668	580	1			260		other	0
10108023_1	538	Response	1	22473240	4152	1
10108023_1	539	Sound	56	22494667	571	1			260		other	0
10108023_1	540	Sound	53	22520665	1062	1			260		other	0
10108023_1	540	Response	1	22526517	6914	1
10108023_1	541	Sound	59	22544164	1054	1			260		other	0
10108023_1	541	Response	1	22547476	4365	1
10108023_1	542	Sound	55	22561163	881	1			260		other	0
10108023_1	542	Response	1	22565234	4952	1
10108023_1	543	Sound	57	22588661	704	1			260		other	0
10108023_1	543	Response	1	22594273	6315	1
10108023_1	544	Sound	57	22607160	698	1			260		other	0
10108023_1	544	Response	1	22610432	3969	1
10108023_1	545	Sound	51	22624659	1025	1			260		other	0
10108023_1	546	Sound	57	22651158	1015	1			260		other	0
10108023_1	546	Response	1	22655229	5087	1
10108023_1	547	Sound	59	22670656	842	1			260		other	0
10108023_1	547	Response	1	22675068	5253	1
10108023_1	548	Sound	56	22692655	667	1			260		other	0
10108023_1	548	Response	1	22696667	4679	1
10108023_1	549	Sound	50	22709154	662	1			260		other	0
10108023_1	550	Sound	54	22727153	822	1			260		other	0
10108023_1	550	Response	1	22733864	7533	1
10108023_1	551	Sound	56	22753651	812	1			260		other	0
10108023_1	551	Response	1	22756983	4143	1
10108023_1	552	Sound	50	22770651	639	1			260		other	0
10108023_1	553	Sound	60	22792649	632	1			260		other	0
10108023_1	553	Response	1	22795460	3443	1
10108023_1	554	Sound	50	22810148	625	1			260		other	0
10108023_1	555	Sound	54	22839146	948	1			260		other	0
10108023_1	556	Sound	51	22867145	772	1			260		other	0
10108023_1	557	Sound	52	22890643	763	1			260		other	0
10108023_1	558	Sound	53	22919642	753	1			260		other	0
10108023_1	558	Response	1	22924332	5444	1
10108023_1	559	Sound	60	22946640	910	1			260		other	0
10108023_1	559	Response	1	22949211	3481	1
10108023_1	560	Sound	52	22975138	900	1			260		other	0
10108023_1	561	Sound	55	23002636	723	1			260		other	0
10108023_1	561	Response	1	23008167	6254	1
10108023_1	562	Sound	57	23027135	714	1			260		other	0
10108023_1	563	Sound	58	23050134	873	1			260		other	0
10108023_1	563	Response	1	23054085	4824	1
10108023_1	564	Sound	60	23076132	864	1			260		other	0
10108023_1	564	Response	1	23078563	3295	1
10108023_1	565	Sound	53	23100631	855	1			260		other	0
10108023_1	565	Response	1	23108641	8866	1
10108023_1	566	Sound	52	23121129	848	1			260		other	0
10108023_1	567	Sound	54	23145128	1006	1			260		other	0
10108023_1	568	Sound	60	23167627	664	1			260		other	0
10108023_1	568	Response	1	23170717	3755	1
10108023_1	569	Sound	51	23193625	655	1			260		other	0
10108023_1	570	Sound	55	23216624	980	1			260		other	0
10108023_1	570	Response	1	23222714	7071	1
10108023_1	571	Sound	58	23238622	639	1			260		other	0
10108023_1	571	Response	1	23243273	5290	1
10108023_1	571	Response	1	23265739	27755	28
10108023_1	572	Sound	51	23266621	796	1			260		other	0
10108023_1	573	Sound	56	23294119	953	1			260		other	0
10108023_1	574	Sound	55	23315618	945	1			260		other	0
10108023_1	574	Response	1	23332787	18114	1
10108023_1	575	Sound	60	23336617	938	1			260		other	0
10108023_1	576	Sound	50	23362115	928	1			260		other	0
10108023_1	577	Sound	58	23391113	918	1			260		other	0
10108023_1	577	Response	1	23407103	16908	1
10108023_1	578	Sound	56	23410112	578	1			260		other	0
10108023_1	579	Sound	53	23436611	568	1			260		other	0
10108023_1	579	Response	1	23441581	5539	1
10108023_1	581	Response	255	23858835	405708	1
10108023_1	583	Sound	32	23924081	1061	1			260		other	0
10108023_1	584	Sound	31	23947580	886	1			260		other	0
10108023_1	585	Sound	37	23966079	713	1			260		other	0
10108023_1	586	Sound	38	23991077	870	1			260		other	0
10108023_1	587	Sound	39	24020076	1027	1			260		other	0
10108023_1	588	Sound	36	24047074	1017	1			260		other	0
10108023_1	589	Sound	32	24075572	674	1			260		other	0
10108023_1	590	Sound	36	24095071	1000	1			260		other	0
10108023_1	591	Sound	30	24113070	660	1			260		other	0
10108023_1	592	Sound	32	24132569	987	1			260		other	0
10108023_1	593	Sound	30	24151568	647	1			260		other	0
10108023_1	594	Sound	37	24172066	639	1			260		other	0
10108023_1	595	Sound	40	24192065	966	1			260		other	0
10108023_1	595	Response	1	24195214	4115	1
10108023_1	596	Sound	30	24214564	958	1			260		other	0
10108023_1	597	Sound	30	24244062	947	1			260		other	0
10108023_1	598	Sound	34	24263561	607	1			260		other	0
10108023_1	599	Sound	31	24282060	934	1			260		other	0
10108023_1	600	Sound	37	24308558	924	1			260		other	0
10108023_1	600	Response	1	24316647	9013	1
10108023_1	601	Sound	33	24329057	583	1			260		other	0
10108023_1	602	Sound	35	24347556	743	1			260		other	0
10108023_1	603	Sound	32	24367555	570	1			260		other	0
10108023_1	604	Sound	39	24387553	1062	1			260		other	0
10108023_1	604	Response	1	24392642	6151	1
10108023_1	605	Sound	35	24408552	1055	1			260		other	0
10108023_1	606	Sound	38	24437050	1045	1			260		other	0
10108023_1	607	Sound	35	24460049	1036	1			260		other	0
10108023_1	608	Sound	35	24483548	861	1			260		other	0
10108023_1	609	Sound	31	24512046	851	1			260		other	0
10108023_1	610	Sound	38	24538044	842	1			260		other	0
10108023_1	611	Sound	35	24567043	832	1			260		other	0
10108023_1	612	Sound	33	24589541	824	1			260		other	0
10108023_1	613	Sound	36	24618040	814	1			260		other	0
10108023_1	614	Sound	39	24643538	971	1			260		other	0
10108023_1	615	Sound	34	24670036	628	1			260		other	0
10108023_1	616	Sound	31	24687036	956	1			260		other	0
10108023_1	617	Sound	38	24706534	949	1			260		other	0
10108023_1	618	Sound	39	24732533	773	1			260		other	0
10108023_1	619	Sound	30	24761531	596	1			260		other	0
10108023_1	620	Sound	32	24785030	921	1			260		other	0
10108023_1	621	Sound	33	24802529	914	1			260		other	0
10108023_1	622	Sound	40	24823527	907	1			260		other	0
10108023_1	622	Response	1	24826695	4075	1
10108023_1	623	Sound	33	24849026	898	1			260		other	0
10108023_1	624	Sound	38	24866025	1058	1			260		other	0
10108023_1	625	Sound	37	24884523	1052	1			260		other	0
10108023_1	626	Sound	34	24909022	876	1			260		other	0
10108023_1	627	Sound	34	24935521	700	1			260		other	0
10108023_1	628	Sound	33	24957519	693	1			260		other	0
10108023_1	629	Sound	31	24980018	1018	1			260		other	0
10108023_1	630	Sound	34	25007016	1008	1			260		other	0
10108023_1	631	Sound	40	25025015	1002	1			260		other	0
10108023_1	631	Response	1	25028123	4110	2
10108023_1	632	Sound	39	25049514	993	1			260		other	0
10108023_1	633	Sound	37	25074512	984	1			260		other	0
10108023_1	634	Sound	40	25099511	975	1			260		other	0
10108023_1	634	Response	1	25101958	3423	1
10108023_1	635	Sound	36	25126509	632	1			260		other	0
10108023_1	636	Sound	36	25152008	790	1			260		other	0
10108023_1	637	Sound	40	25169006	617	1			260		other	0
10108023_1	637	Response	1	25172034	3644	1
10108023_1	639	Response	255	25451217	261408	1
10108023_1	641	Sound	10	25524485	657	1			260		other	0
10108023_1	642	Sound	16	25540484	651	1			260		other	0
10108023_1	643	Sound	14	25562483	810	1			260		other	0
10108023_1	643	Response	1	25570730	9056	1
10108023_1	644	Sound	20	25582482	636	1			260		other	0
10108023_1	644	Response	1	25585368	3522	2
10108023_1	645	Sound	13	25604980	795	1			260		other	0
10108023_1	645	Response	1	25607847	3661	1
10108023_1	646	Sound	12	25626979	620	1			260		other	0
10108023_1	646	Response	1	25636645	10286	1
10108023_1	647	Sound	12	25652478	944	1			260		other	0
10108023_1	648	Sound	14	25680476	768	1			260		other	0
10108023_1	648	Response	1	25685842	6134	1
10108023_1	649	Sound	18	25696475	595	1			260		other	0
10108023_1	650	Sound	10	25723973	752	1			260		other	0
10108023_1	651	Sound	15	25744972	912	1			260		other	0
10108023_1	651	Response	1	25749598	5538	1
10108023_1	652	Sound	19	25763971	905	1			260		other	0
10108023_1	652	Response	1	25767117	4051	1
10108023_1	653	Sound	19	25780970	732	1			260		other	0
10108023_1	653	Response	1	25785036	4798	1
10108023_1	654	Sound	17	25803468	724	1			260		other	0
10108023_1	654	Response	1	25807915	5170	1
10108023_1	655	Sound	11	25823967	717	1			260		other	0
10108023_1	656	Sound	20	25843966	1043	1			260		other	0
10108023_1	656	Response	1	25846792	3869	1
10108023_1	657	Sound	15	25865965	1035	1			260		other	0
10108023_1	657	Response	1	25870391	5461	1
10108023_1	658	Sound	20	25882464	696	1			260		other	0
10108023_1	658	Response	1	25885670	3902	1
10108023_1	659	Sound	14	25898463	1023	1			260		other	0
10108023_1	660	Sound	10	25921961	1015	1			260		other	0
10108023_1	661	Response	1	25943587	134	1
10108023_1	661	Sound	15	25944460	1007	1			260		other	0
10108023_1	662	Sound	20	25966959	832	1			260		other	0
10108023_1	662	Response	1	25969185	3059	1
10108023_1	663	Sound	13	25984957	826	1			260		other	0
10108023_1	664	Sound	19	26001457	987	1			260		other	0
10108023_1	664	Response	1	26006062	5592	2
10108023_1	665	Sound	12	26026455	644	1			260		other	0
10108023_1	666	Sound	11	26043954	638	1			260		other	0
10108023_1	667	Sound	17	26061953	965	1			260		other	0
10108023_1	668	Sound	16	26082952	624	1			260		other	0
10108023_1	668	Response	1	26087578	5250	1
10108023_1	669	Sound	17	26099951	785	1			260		other	0
10108023_1	669	Response	1	26104777	5611	1
10108023_1	670	Sound	18	26123449	943	1			260		other	0
10108023_1	670	Response	1	26128855	6349	1
10108023_1	671	Sound	13	26139948	937	1			260		other	0
10108023_1	671	Response	1	26145174	6163	1
10108023_1	672	Sound	18	26159447	764	1			260		other	0
10108023_1	673	Sound	17	26184946	588	1			260		other	0
10108023_1	673	Response	1	26189091	4734	1
10108023_1	674	Sound	13	26209444	579	1			260		other	0
10108023_1	674	Response	1	26212290	3424	2
10108023_1	675	Sound	20	26235443	903	1			260		other	0
10108023_1	675	Response	1	26238288	3749	1
10108023_1	676	Sound	15	26261441	727	1			260		other	0
10108023_1	676	Response	1	26264047	3333	2
10108023_1	677	Sound	11	26288939	717	1			260		other	0
10108023_1	678	Sound	19	26309938	710	1			260		other	0
10108023_1	678	Response	1	26315164	5935	1
10108023_1	679	Sound	14	26326437	1037	1			260		other	0
10108023_1	680	Sound	16	26354935	860	1			260		other	0
10108023_1	680	Response	1	26360361	6286	1
10108023_1	681	Sound	12	26372934	854	1			260		other	0
10108023_1	682	Sound	10	26389433	682	1			260		other	0
10108023_1	683	Sound	18	26406432	842	1			260		other	0
10108023_1	683	Response	1	26408198	2608	1
10108023_1	684	Sound	11	26434931	999	1			260		other	0
10108023_1	685	Sound	16	26457929	824	1			260		other	0
10108023_1	685	Response	1	26461075	3969	1
10108023_1	686	Sound	11	26478428	650	1			260		other	0
10108023_1	686	Response	1	26483793	6015	1
10108023_1	687	Sound	15	26504926	640	1			260		other	0
10108023_1	687	Response	1	26514591	10305	1
10108023_1	688	Sound	13	26528425	632	1			260		other	0
10108023_1	688	Response	1	26535310	7517	1
10108023_1	689	Sound	16	26545424	793	1			260		other	0
10108023_1	689	Response	1	26551709	7077	1
10108023_1	690	Sound	19	26571422	950	1			260		other	0
10108023_1	690	Response	1	26574908	4435	1
10108023_1	691	Sound	10	26588921	610	1			260		other	0
10108023_1	692	Sound	18	26610920	769	1			260		other	0
10108023_1	692	Response	1	26614665	4514	1
10108023_1	693	Sound	17	26634919	761	1			260		other	0
10108023_1	693	Response	1	26646743	12585	1
10108023_1	694	Sound	14	26655917	586	1			260		other	0
10108023_1	695	Sound	12	26675416	913	1			260		other	0
10108023_1	697	Response	255	26851211	160623	1
10108023_1	699	Sound	38	26925901	990	1			260		other	0
10108023_1	700	Sound	39	26948900	648	1			260		other	0
10108023_1	700	Response	1	26955844	7592	3
10108023_1	701	Sound	33	26977398	805	1			260		other	0
10108023_1	702	Sound	30	27004396	629	1			260		other	0
10108023_1	703	Sound	40	27024895	621	1			260		other	0
10108023_1	703	Response	1	27028400	4126	1
10108023_1	704	Sound	34	27050394	612	1			260		other	0
10108023_1	705	Sound	39	27075392	770	1			260		other	0
10108023_1	706	Sound	35	27096391	596	1			260		other	0
10108023_1	707	Sound	37	27113390	756	1			260		other	0
10108023_1	708	Sound	35	27132389	750	1			260		other	0
10108023_1	709	Sound	31	27152887	576	1			260		other	0
10108023_1	710	Sound	40	27173386	1068	1			260		other	0
10108023_1	710	Response	1	27177751	5433	1
10108023_1	711	Sound	30	27201885	1058	1			260		other	0
10108023_1	712	Sound	34	27229883	1048	1			260		other	0
10108023_1	713	Sound	34	27257381	872	1			260		other	0
10108023_1	714	Sound	32	27276380	1032	1			260		other	0
10108023_1	715	Sound	39	27293879	859	1			260		other	0
10108023_1	716	Sound	33	27320877	1016	1			260		other	0
10108023_1	717	Sound	32	27342376	1008	1			260		other	0
10108023_1	718	Sound	31	27360875	1002	1			260		other	0
10108023_1	719	Sound	31	27377874	829	1			260		other	0
10108023_1	720	Sound	37	27403872	986	1			260		other	0
10108023_1	721	Sound	32	27428871	811	1			260		other	0
10108023_1	722	Sound	36	27449370	970	1			260		other	0
10108023_1	723	Sound	33	27473868	961	1			260		other	0
10108023_1	724	Sound	36	27498867	619	1			260		other	0
10108023_1	725	Sound	40	27523865	610	1			260		other	0
10108023_1	725	Response	1	27527089	3834	1
10108023_1	726	Sound	33	27547864	935	1			260		other	0
10108023_1	727	Sound	34	27565863	928	1			260		other	0
10108023_1	727	Response	1	27572046	7112	1
10108023_1	728	Sound	31	27593861	585	1			260		other	0
10108023_1	729	Sound	30	27614860	744	1			260		other	0
10108023_1	730	Sound	37	27644358	900	1			260		other	0
10108023_1	731	Sound	36	27668357	1059	1			260		other	0
10108023_1	732	Sound	39	27686355	719	1			260		other	0
10108023_1	732	Response	1	27693319	7682	1
10108023_1	733	Sound	37	27709354	877	1			260		other	0
10108023_1	733	Response	1	27719317	10840	1
10108023_1	734	Sound	37	27726353	1038	1			260		other	0
10108023_1	735	Sound	30	27746852	1031	1			260		other	0
10108023_1	736	Sound	33	27765851	1024	1			260		other	0
10108023_1	737	Sound	30	27794349	680	1			260		other	0
10108023_1	738	Sound	36	27817848	672	1			260		other	0
10108023_1	739	Sound	38	27835347	832	1			260		other	0
10108023_1	740	Sound	35	27863345	822	1			260		other	0
10108023_1	741	Sound	40	27891843	812	1			260		other	0
10108023_1	741	Response	1	27894666	3635	1
10108023_1	742	Sound	35	27912342	638	1			260		other	0
10108023_1	742	Response	1	27920905	9201	1
10108023_1	743	Sound	38	27940340	962	1			260		other	0
10108023_1	743	Response	1	27947543	8165	1
10108023_1	744	Sound	32	27963839	786	1			260		other	0
10108023_1	745	Sound	38	27992837	609	1			260		other	0
10108023_1	746	Sound	39	28018836	934	1			260		other	0
10108023_1	747	Sound	34	28046834	924	1			260		other	0
10108023_1	748	Sound	36	28069332	749	1			260		other	0
10108023_1	749	Sound	32	28090831	908	1			260		other	0
10108023_1	750	Sound	35	28111330	900	1			260		other	0
10108023_1	751	Sound	40	28133829	1059	1			260		other	0
10108023_1	751	Response	1	28136731	3962	1
10108023_1	752	Sound	31	28161827	1049	1			260		other	0
10108023_1	753	Sound	38	28187825	873	1			260		other	0
10108023_1	755	Response	255	31217422	3010384	1
10108023_1	757	Sound	56	31297639	764	1			260		other	0
10108023_1	758	Sound	57	31315138	758	1			260		other	0
10108023_1	759	Sound	55	31332637	751	1			260		other	0
10108023_1	759	Response	1	31337574	5689	1
10108023_1	760	Sound	56	31355135	577	1			260		other	0
10108023_1	760	Response	1	31358533	3974	1
10108023_1	761	Sound	51	31373634	737	1			260		other	0
10108023_1	762	Sound	54	31390133	898	1			260		other	0
10108023_1	762	Response	1	31395891	6655	1
10108023_1	763	Sound	53	31413132	889	1			260		other	0
10108023_1	764	Sound	56	31441130	1046	1			260		other	0
10108023_1	764	Response	1	31444128	4044	1
10108023_1	764	Response	1	31460527	20442	1
10108023_1	765	Sound	54	31467129	1037	1			260		other	0
10108023_1	766	Sound	54	31488627	862	1			260		other	0
10108023_1	766	Response	1	31492445	4680	1
10108023_1	767	Sound	57	31508626	855	1			260		other	0
10108023_1	767	Response	1	31511403	3632	1
10108023_1	768	Sound	60	31537624	1012	1			260		other	0
10108023_1	768	Response	1	31539562	2949	1
10108023_1	769	Sound	52	31562123	670	1			260		other	0
10108023_1	770	Sound	60	31589621	660	1			260		other	0
10108023_1	770	Response	1	31592439	3477	1
10108023_1	771	Sound	55	31607620	653	1			260		other	0
10108023_1	772	Sound	50	31624619	981	1			260		other	0
10108023_1	773	Sound	60	31645118	807	1			260		other	0
10108023_1	773	Response	1	31647715	3404	1
10108023_1	774	Sound	50	31663617	800	1			260		other	0
10108023_1	775	Sound	50	31680616	961	1			260		other	0
10108023_1	776	Sound	59	31705114	785	1			260		other	0
10108023_1	777	Sound	58	31722113	779	1			260		other	0
10108023_1	777	Response	1	31729870	8536	1
10108023_1	778	Sound	59	31751112	936	1			260		other	0
10108023_1	778	Response	1	31754349	4173	1
10108023_1	779	Sound	58	31779610	759	1			260		other	0
10108023_1	779	Response	1	31783387	4535	1
10108023_1	780	Sound	58	31797609	919	1			260		other	0
10108023_1	780	Response	1	31801946	5256	1
10108023_1	781	Sound	59	31822107	577	1			260		other	0
10108023_1	781	Response	1	31825944	4414	1
10108023_1	782	Sound	59	31840106	737	1			260		other	0
10108023_1	782	Response	1	31844103	4734	1
10108023_1	783	Sound	60	31863605	895	1			260		other	0
10108023_1	783	Response	1	31865702	2992	1
10108023_1	784	Sound	58	31890103	1053	1			260		other	0
10108023_1	784	Response	1	31894820	5769	1
10108023_1	785	Sound	55	31914602	877	1			260		other	0
10108023_1	785	Response	1	31916418	2694	1
10108023_1	786	Sound	51	31932101	704	1			260		other	0
10108023_1	786	Response	1	31944817	13420	1
10108023_1	787	Sound	53	31950600	1032	1			260		other	0
10108023_1	788	Sound	58	31978598	688	1			260		other	0
10108023_1	788	Response	1	31981695	3784	1
10108023_1	789	Sound	52	32003597	845	1			260		other	0
10108023_1	790	Sound	50	32032595	835	1			260		other	0
10108023_1	791	Sound	51	32050094	662	1			260		other	0
10108023_1	792	Sound	52	32077092	819	1			260		other	0
10108023_1	793	Sound	54	32103590	810	1			260		other	0
10108023_1	794	Sound	57	32121089	970	1			260		other	0
10108023_1	795	Sound	55	32142088	963	1			260		other	0
10108023_1	796	Sound	53	32168587	786	1			260		other	0
10108023_1	796	Response	1	32173523	5722	1
10108023_1	797	Sound	53	32185086	781	1			260		other	0
10108023_1	797	Response	1	32188562	4257	1
10108023_1	798	Sound	55	32204085	941	1			260		other	0
10108023_1	798	Response	1	32208000	4857	2
10108023_1	799	Sound	52	32231083	931	1			260		other	0
10108023_1	800	Sound	56	32249582	924	1			260		other	0
10108023_1	800	Response	1	32250158	1501	1
10108023_1	801	Sound	50	32274080	582	1			260		other	0
10108023_1	802	Sound	60	32299579	573	1			260		other	0
10108023_1	802	Response	1	32306954	7949	2
10108023_1	803	Sound	51	32326077	897	1			260		other	0
10108023_1	804	Sound	53	32348076	723	1			260		other	0
10108023_1	804	Response	1	32348952	1599	1
10108023_1	805	Sound	51	32374074	880	1			260		other	0
10108023_1	805	Response	1	32392389	19195	1
10108023_1	806	Sound	54	32402573	1036	1			260		other	0
10108023_1	807	Sound	57	32429071	694	1			260		other	0
10108023_1	807	Response	1	32435667	7289	1
10108023_1	808	Sound	52	32447070	687	1			260		other	0
10108023_1	809	Sound	56	32469569	679	1			260		other	0
10108023_1	809	Response	1	32481504	12614	1
10108023_1	810	Sound	59	32493567	837	1			260		other	0
10108023_1	810	Response	1	32499023	6293	1
10108023_1	811	Sound	57	32511066	664	1			260		other	0
10108023_1	811	Response	1	32514462	4060	1
10108023_1	813	Response	255	32558619	21963	1
10108023_1	814	Response	1	32621095	62450	1
10108023_1	815	Sound	13	32631059	955	1			260		other	0
10108023_1	815	Response	1	32640934	10830	2
10108023_1	816	Sound	16	32658557	612	1			260		other	0
10108023_1	816	Response	1	32661493	3547	1
10108023_1	817	Sound	15	32674056	606	1			260		other	0
10108023_1	817	Response	1	32678291	4841	1
10108023_1	818	Sound	13	32691055	767	1			260		other	0
10108023_1	818	Response	1	32696691	6402	1
10108023_1	819	Sound	10	32712554	926	1			260		other	0
10108023_1	819	Response	1	32722049	10421	1
10108023_1	820	Sound	15	32733553	585	1			260		other	0
10108023_1	820	Response	1	32737968	5000	1
10108023_1	821	Sound	15	32760551	909	1			260		other	0
10108023_1	821	Response	1	32764606	4964	1
10108023_1	822	Sound	14	32784550	900	1			260		other	0
10108023_1	822	Response	1	32788605	4955	1
10108023_1	823	Sound	13	32802049	894	1			260		other	0
10108023_1	823	Response	1	32806364	5209	1
10108023_1	824	Sound	20	32824547	886	1			260		other	0
10108023_1	824	Response	1	32827082	3421	1
10108023_1	825	Sound	13	32845546	878	1			260		other	0
10108023_1	826	Sound	17	32864545	1038	1			260		other	0
10108023_1	827	Sound	15	32890043	1029	1			260		other	0
10108023_1	827	Response	1	32893719	4704	1
10108023_1	828	Sound	19	32909542	855	1			260		other	0
10108023_1	828	Response	1	32912517	3831	1
10108023_1	829	Sound	19	32932541	1014	1			260		other	0
10108023_1	829	Response	1	32936516	4989	1
10108023_1	830	Sound	16	32954039	673	1			260		other	0
10108023_1	830	Response	1	32964914	11547	2
10108023_1	831	Sound	19	32976038	998	1			260		other	0
10108023_1	831	Response	1	32981713	6673	1
10108023_1	832	Sound	18	32992537	659	1			260		other	0
10108023_1	832	Response	1	32995952	4074	1
10108023_1	833	Sound	18	33015036	651	1			260		other	0
10108023_1	833	Response	1	33018431	4046	1
10108023_1	834	Sound	12	33035534	810	1			260		other	0
10108023_1	835	Sound	16	33057033	636	1			260		other	0
10108023_1	835	Response	1	33061468	5071	1
10108023_1	836	Sound	10	33074032	797	1			260		other	0
10108023_1	837	Sound	19	33093031	957	1			260		other	0
10108023_1	838	Sound	12	33110030	951	1			260		other	0
10108023_1	838	Response	1	33113705	4626	1
10108023_1	839	Sound	17	33132529	943	1			260		other	0
10108023_1	839	Response	1	33135704	4118	1
10108023_1	840	Sound	10	33154027	768	1			260		other	0
10108023_1	841	Sound	16	33173526	761	1			260		other	0
10108023_1	841	Response	1	33177061	4296	1
10108023_1	842	Sound	11	33190025	589	1			260		other	0
10108023_1	843	Sound	10	33209524	748	1			260		other	0
10108023_1	843	Response	1	33222658	13882	1
10108023_1	844	Sound	12	33226023	576	1			260		other	0
10108023_1	845	Sound	14	33248022	735	1			260		other	0
10108023_1	845	Response	1	33250896	3609	1
10108023_1	846	Sound	11	33273520	892	1			260		other	0
10108023_1	847	Sound	19	33289519	887	1			260		other	0
10108023_1	847	Response	1	33293454	4821	1
10108023_1	848	Sound	18	33308018	880	1			260		other	0
10108023_1	848	Response	1	33312013	4874	1
10108023_1	849	Sound	10	33330017	872	1			260		other	0
10108023_1	850	Sound	17	33349016	699	1			260		other	0
10108023_1	850	Response	1	33352410	4093	1
10108023_1	851	Sound	15	33374014	1023	1			260		other	0
10108023_1	851	Response	1	33378649	5657	1
10108023_1	852	Sound	20	33401513	680	1			260		other	0
10108023_1	852	Response	1	33404887	4054	1
10108023_1	853	Sound	17	33428011	670	1			260		other	0
10108023_1	853	Response	1	33432565	5225	1
10108023_1	854	Sound	11	33455509	661	1			260		other	0
10108023_1	855	Sound	11	33477008	986	1			260		other	0
10108023_1	855	Response	1	33478722	2701	1
10108023_1	856	Sound	20	33504506	643	1			260		other	0
10108023_1	856	Response	1	33508160	4297	1
10108023_1	857	Sound	14	33523505	803	1			260		other	0
10108023_1	858	Sound	20	33540504	964	1			260		other	0
10108023_1	858	Response	1	33542719	3178	1
10108023_1	859	Sound	18	33564503	789	1			260		other	0
10108023_1	859	Response	1	33568237	4523	1
10108023_1	860	Sound	11	33580002	616	1			260		other	0
10108023_1	861	Sound	14	33606500	607	1			260		other	0
10108023_1	861	Response	1	33610394	4501	1
10108023_1	862	Sound	12	33629499	765	1			260		other	0
10108023_1	863	Sound	16	33657997	755	1			260		other	0
10108023_1	863	Response	1	33661512	4269	1
10108023_1	864	Sound	17	33677996	748	1			260		other	0
10108023_1	864	Response	1	33681430	4182	1
10108023_1	865	Sound	18	33699495	740	1			260		other	0
10108023_1	865	Response	1	33703428	4674	1
10108023_1	866	Sound	13	33722493	565	1			260		other	0
10108023_1	866	Response	1	33726147	4219	1
10108023_1	867	Sound	14	33748992	889	1			260		other	0
10108023_1	867	Response	1	33752146	4043	1
10108023_1	868	Sound	20	33766991	716	1			260		other	0
10108023_1	868	Response	1	33770304	4030	1
10108023_1	869	Sound	12	33785990	876	1			260		other	0

The following output port codes were not sent because of a conflict on the port.
Port	Code	Time(ms)
1	253	3768.07
1	253	144616
1	253	288831
1	253	425751
1	253	594916
1	253	1.01251e+06
1	253	1.47405e+06
1	253	1.60505e+06
1	253	2.07307e+06
1	253	2.21078e+06
1	253	2.38589e+06
1	253	2.54512e+06
1	253	2.68512e+06
1	253	3.12174e+06
1	253	3.25586e+06
1	253	3.38099e+06
