Scenario - 
Logfile written - 11/14/2018 18:52:29

Subject	Trial	Event Type	Code	Time	TTime	Uncertainty	Duration	Uncertainty	ReqTime	ReqDur	Stim Type	Pair Index

10108012-IETwo	1	Response	255	826200	825701	1
10108012-IETwo	3	Sound	17	896098	379	1			260		other	0
10108012-IETwo	4	Sound	10	920098	371	1			260		other	0
10108012-IETwo	5	Sound	15	943497	596	1			260		other	0
10108012-IETwo	6	Sound	19	961497	589	1			260		other	0
10108012-IETwo	6	Response	1	965557	4650	1
10108012-IETwo	7	Sound	17	989696	446	1			260		other	0
10108012-IETwo	7	Response	1	996597	7347	1
10108012-IETwo	8	Sound	19	1017896	469	1			260		other	0
10108012-IETwo	8	Response	1	1022116	4690	1
10108012-IETwo	9	Sound	15	1037095	496	1			260		other	0
10108012-IETwo	9	Response	1	1042676	6076	1
10108012-IETwo	10	Sound	10	1063195	420	1			260		other	0
10108012-IETwo	10	Response	1	1068675	5900	1
10108012-IETwo	11	Sound	18	1091694	576	1			260		other	0
10108012-IETwo	11	Response	1	1096594	5477	1
10108012-IETwo	12	Sound	13	1118693	567	1			260		other	0
10108012-IETwo	12	Response	1	1145313	27186	1
10108012-IETwo	13	Sound	18	1146293	657	1			260		other	0
10108012-IETwo	14	Sound	12	1169392	582	1			260		other	0
10108012-IETwo	14	Response	1	1176593	7782	1
10108012-IETwo	15	Sound	14	1184992	510	1			260		other	0
10108012-IETwo	15	Response	1	1194032	9550	1
10108012-IETwo	16	Sound	11	1208091	435	1			260		other	0
10108012-IETwo	17	Sound	13	1226691	528	1			260		other	0
10108012-IETwo	18	Sound	10	1244091	422	1			260		other	0
10108012-IETwo	19	Sound	18	1271990	479	1			260		other	0
10108012-IETwo	19	Response	1	1276430	4919	1
10108012-IETwo	20	Sound	20	1287590	573	1			260		other	0
10108012-IETwo	20	Response	1	1294109	7093	2
10108012-IETwo	21	Sound	16	1306489	633	1			260		other	0
10108012-IETwo	21	Response	1	1320989	15133	1
10108012-IETwo	22	Sound	12	1333189	657	1			260		other	0
10108012-IETwo	23	Sound	17	1351488	617	1			260		other	0
10108012-IETwo	23	Response	1	1356988	6117	1
10108012-IETwo	24	Sound	11	1379088	374	1			260		other	0
10108012-IETwo	25	Sound	14	1400987	433	1			260		other	0
10108012-IETwo	26	Sound	18	1416287	394	1			260		other	0
10108012-IETwo	26	Response	1	1422507	6614	1
10108012-IETwo	27	Sound	16	1439686	452	1			260		other	0
10108012-IETwo	27	Response	1	1446986	7752	1
10108012-IETwo	28	Sound	20	1460986	578	1			260		other	0
10108012-IETwo	28	Response	1	1466186	5778	1
10108012-IETwo	29	Sound	13	1488885	468	1			260		other	0
10108012-IETwo	30	Sound	10	1504485	563	1			260		other	0
10108012-IETwo	31	Sound	11	1528785	521	1			260		other	0
10108012-IETwo	32	Sound	18	1553084	645	1			260		other	0
10108012-IETwo	32	Response	1	1566023	13585	1
10108012-IETwo	33	Sound	20	1573483	538	1			260		other	0
10108012-IETwo	33	Response	1	1578983	6038	1
10108012-IETwo	34	Sound	14	1596283	497	1			260		other	0
10108012-IETwo	35	Sound	15	1620582	621	1			260		other	0
10108012-IETwo	36	Sound	11	1644882	579	1			260		other	0
10108012-IETwo	37	Sound	14	1664681	539	1			260		other	0
10108012-IETwo	38	Sound	16	1687481	664	1			260		other	0
10108012-IETwo	38	Response	1	1695780	8964	1
10108012-IETwo	39	Sound	20	1711181	522	1			260		other	0
10108012-IETwo	39	Response	1	1714180	3522	1
10108012-IETwo	40	Sound	13	1728580	583	1			260		other	0
10108012-IETwo	41	Sound	15	1756779	439	1			260		other	0
10108012-IETwo	42	Sound	14	1774179	500	1			260		other	0
10108012-IETwo	42	Response	1	1779058	5379	1
10108012-IETwo	43	Sound	20	1799679	658	1			260		other	0
10108012-IETwo	43	Response	1	1805058	6037	1
10108012-IETwo	44	Sound	10	1821578	550	1			260		other	0
10108012-IETwo	45	Sound	19	1841678	643	1			260		other	0
10108012-IETwo	45	Response	1	1849857	8822	1
10108012-IETwo	46	Sound	11	1858477	603	1			260		other	0
10108012-IETwo	47	Sound	12	1881277	395	1			260		other	0
10108012-IETwo	48	Sound	17	1908876	652	1			260		other	0
10108012-IETwo	49	Sound	16	1924476	580	1			260		other	0
10108012-IETwo	50	Sound	19	1942475	407	1			260		other	0
10108012-IETwo	50	Response	1	1946814	4746	1
10108012-IETwo	51	Sound	12	1958375	634	1			260		other	0
10108012-IETwo	52	Sound	19	1979075	494	1			260		other	0
10108012-IETwo	52	Response	1	1986094	7513	1
10108012-IETwo	53	Sound	15	2006374	451	1			260		other	0
10108012-IETwo	53	Response	1	2016493	10569	1
10108012-IETwo	54	Sound	16	2022574	645	1			260		other	0
10108012-IETwo	55	Sound	17	2044173	571	1			260		other	0
10108012-IETwo	55	Response	1	2048572	4969	1
10108012-IETwo	56	Sound	12	2060373	598	1			260		other	0
10108012-IETwo	57	Sound	13	2084372	423	1			260		other	0
10108012-IETwo	57	Response	1	2094891	10941	1
10108012-IETwo	59	Response	255	2196249	90712	1
10108012-IETwo	61	Sound	37	2281468	619	1			260		other	0
10108012-IETwo	62	Sound	31	2298268	580	1			260		other	0
10108012-IETwo	63	Sound	30	2324067	538	1			260		other	0
10108012-IETwo	64	Sound	30	2353166	627	1			260		other	0
10108012-IETwo	65	Sound	31	2379266	551	1			260		other	0
10108012-IETwo	66	Sound	39	2398165	445	1			260		other	0
10108012-IETwo	66	Response	1	2402244	4524	1
10108012-IETwo	67	Sound	36	2415265	372	1			260		other	0
10108012-IETwo	67	Response	1	2420163	5270	1
10108012-IETwo	68	Sound	33	2442864	629	1			260		other	0
10108012-IETwo	69	Sound	34	2459664	423	1			260		other	0
10108012-IETwo	70	Sound	37	2484564	647	1			260		other	0
10108012-IETwo	70	Response	1	2488962	5045	1
10108012-IETwo	71	Sound	33	2509763	505	1			260		other	0
10108012-IETwo	72	Sound	36	2535863	596	1			260		other	0
10108012-IETwo	72	Response	1	2542961	7694	1
10108012-IETwo	73	Sound	39	2556562	455	1			260		other	0
10108012-IETwo	73	Response	1	2561520	5412	1
10108012-IETwo	74	Sound	35	2577262	647	1			260		other	0
10108012-IETwo	75	Sound	40	2602761	638	1			260		other	0
10108012-IETwo	75	Response	1	2605839	3716	1
10108012-IETwo	76	Sound	33	2620461	665	1			260		other	0
10108012-IETwo	77	Sound	37	2639060	425	1			260		other	0
10108012-IETwo	78	Sound	38	2662460	484	1			260		other	0
10108012-IETwo	78	Response	1	2666798	4822	1
10108012-IETwo	79	Sound	38	2686459	475	1			260		other	0
10108012-IETwo	79	Response	1	2691917	5933	1
10108012-IETwo	80	Sound	38	2704759	602	1			260		other	0
10108012-IETwo	80	Response	1	2710076	5920	1
10108012-IETwo	81	Sound	39	2727858	527	1			260		other	0
10108012-IETwo	81	Response	1	2734316	6985	1
10108012-IETwo	82	Sound	38	2752458	452	1			260		other	0
10108012-IETwo	83	Sound	33	2775557	543	1			260		other	0
10108012-IETwo	83	Response	1	2791354	16340	1
10108012-IETwo	84	Sound	32	2798957	602	1			260		other	0
10108012-IETwo	85	Sound	30	2821756	560	1			260		other	0
10108012-IETwo	86	Sound	32	2848156	452	1			260		other	0
10108012-IETwo	87	Sound	30	2874855	475	1			260		other	0
10108012-IETwo	88	Sound	35	2891055	503	1			260		other	0
10108012-IETwo	88	Response	1	2895752	5200	1
10108012-IETwo	89	Sound	31	2918354	459	1			260		other	0
10108012-IETwo	90	Sound	32	2939654	418	1			260		other	0
10108012-IETwo	91	Sound	32	2968153	575	1			260		other	0
10108012-IETwo	92	Sound	39	2984653	569	1			260		other	0
10108012-IETwo	92	Response	1	2988790	4706	1
10108012-IETwo	93	Sound	34	3003252	663	1			260		other	0
10108012-IETwo	94	Sound	40	3024552	455	1			260		other	0
10108012-IETwo	94	Response	1	3027909	3812	1
10108012-IETwo	95	Sound	36	3049151	546	1			260		other	0
10108012-IETwo	96	Sound	40	3068051	606	1			260		other	0
10108012-IETwo	96	Response	1	3070948	3503	1
10108012-IETwo	97	Sound	38	3096550	596	1			260		other	0
10108012-IETwo	97	Response	1	3102387	6433	1
10108012-IETwo	98	Sound	40	3119350	388	1			260		other	0
10108012-IETwo	98	Response	1	3123347	4385	1
10108012-IETwo	99	Sound	35	3148449	644	1			260		other	0
10108012-IETwo	100	Sound	35	3167349	537	1			260		other	0
10108012-IETwo	101	Sound	39	3195548	394	1			260		other	0
10108012-IETwo	101	Response	1	3200465	5311	1
10108012-IETwo	102	Sound	37	3222548	384	1			260		other	0
10108012-IETwo	103	Sound	40	3238447	446	1			260		other	0
10108012-IETwo	103	Response	1	3242464	4463	1
10108012-IETwo	104	Sound	34	3255247	573	1			260		other	0
10108012-IETwo	105	Sound	36	3280746	397	1			260		other	0
10108012-IETwo	105	Response	1	3285263	4914	1
10108012-IETwo	106	Sound	31	3300846	490	1			260		other	0
10108012-IETwo	107	Sound	31	3318846	483	1			260		other	0
10108012-IETwo	108	Sound	32	3341945	575	1			260		other	0
10108012-IETwo	109	Sound	33	3371044	665	1			260		other	0
10108012-IETwo	109	Response	1	3375501	5121	1
10108012-IETwo	110	Sound	37	3399844	621	1			260		other	0
10108012-IETwo	111	Sound	34	3418443	381	1			260		other	0
10108012-IETwo	112	Sound	34	3435243	509	1			260		other	0
10108012-IETwo	113	Sound	36	3462242	666	1			260		other	0
10108012-IETwo	114	Sound	30	3486542	624	1			260		other	0
10108012-IETwo	115	Sound	35	3503041	451	1			260		other	0
10108012-IETwo	117	Response	255	3963967	439123	1
10108012-IETwo	119	Sound	51	4038230	627	1			260		other	0
10108012-IETwo	120	Sound	56	4055629	521	1			260		other	0
10108012-IETwo	120	Response	1	4062285	7176	1
10108012-IETwo	121	Sound	53	4074829	381	1			260		other	0
10108012-IETwo	122	Sound	54	4103328	370	1			260		other	0
10108012-IETwo	123	Sound	59	4120728	598	1			260		other	0
10108012-IETwo	123	Response	1	4128443	8313	1
10108012-IETwo	124	Sound	55	4137228	425	1			260		other	0
10108012-IETwo	125	Sound	50	4154327	519	1			260		other	0
10108012-IETwo	126	Sound	54	4171727	580	1			260		other	0
10108012-IETwo	127	Sound	51	4190027	373	1			260		other	0
10108012-IETwo	128	Sound	50	4218226	396	1			260		other	0
10108012-IETwo	129	Sound	59	4247025	519	1			260		other	0
10108012-IETwo	129	Response	1	4251480	4975	1
10108012-IETwo	130	Sound	50	4266825	479	1			260		other	0
10108012-IETwo	131	Sound	59	4290524	504	1			260		other	0
10108012-IETwo	131	Response	1	4294679	4659	1
10108012-IETwo	132	Sound	56	4312424	563	1			260		other	0
10108012-IETwo	132	Response	1	4317159	5298	1
10108012-IETwo	133	Sound	56	4330423	557	1			260		other	0
10108012-IETwo	133	Response	1	4336438	6572	1
10108012-IETwo	134	Sound	58	4346623	584	1			260		other	0
10108012-IETwo	134	Response	1	4355638	9599	1
10108012-IETwo	135	Sound	56	4362823	612	1			260		other	0
10108012-IETwo	135	Response	1	4368998	6787	1
10108012-IETwo	136	Sound	60	4384722	504	1			260		other	0
10108012-IETwo	136	Response	1	4389477	5259	3
10108012-IETwo	137	Sound	56	4403922	530	1			260		other	0
10108012-IETwo	138	Sound	57	4428521	622	1			260		other	0
10108012-IETwo	139	Sound	52	4455221	479	1			260		other	0
10108012-IETwo	140	Sound	58	4472320	406	1			260		other	0
10108012-IETwo	140	Response	1	4477315	5401	1
10108012-IETwo	141	Sound	52	4496020	431	1			260		other	0
10108012-IETwo	142	Sound	57	4517919	490	1			260		other	0
10108012-IETwo	142	Response	1	4524274	6844	1
10108012-IETwo	143	Sound	55	4541319	549	1			260		other	0
10108012-IETwo	143	Response	1	4545473	4703	1
10108012-IETwo	144	Sound	50	4560519	408	1			260		other	0
10108012-IETwo	145	Sound	60	4580618	668	1			260		other	0
10108012-IETwo	145	Response	1	4584353	4402	1
10108012-IETwo	146	Sound	57	4601917	460	1			260		other	0
10108012-IETwo	147	Sound	52	4619317	520	1			260		other	0
10108012-IETwo	148	Sound	55	4643917	612	1			260		other	0
10108012-IETwo	149	Sound	55	4661916	605	1			260		other	0
10108012-IETwo	149	Response	1	4668911	7600	1
10108012-IETwo	150	Sound	53	4680216	565	1			260		other	0
10108012-IETwo	151	Sound	58	4708115	455	1			260		other	0
10108012-IETwo	151	Response	1	4712190	4530	1
10108012-IETwo	152	Sound	58	4729115	448	1			260		other	0
10108012-IETwo	152	Response	1	4736429	7762	1
10108012-IETwo	153	Sound	52	4751014	507	1			260		other	0
10108012-IETwo	154	Sound	54	4777114	597	1			260		other	0
10108012-IETwo	154	Response	1	4786668	10152	1
10108012-IETwo	155	Sound	52	4805313	621	1			260		other	0
10108012-IETwo	156	Sound	57	4829913	379	1			260		other	0
10108012-IETwo	156	Response	1	4834667	5133	1
10108012-IETwo	157	Sound	57	4848512	472	1			260		other	0
10108012-IETwo	157	Response	1	4853465	5425	3
10108012-IETwo	158	Sound	53	4868312	432	1			260		other	0
10108012-IETwo	159	Sound	58	4896811	421	1			260		other	0
10108012-IETwo	159	Response	1	4900425	4036	1
10108012-IETwo	160	Sound	51	4919011	447	1			260		other	0
10108012-IETwo	161	Sound	51	4944810	571	1			260		other	0
10108012-IETwo	162	Sound	51	4964010	431	1			260		other	0
10108012-IETwo	162	Response	1	4972743	9164	1
10108012-IETwo	163	Sound	60	4989509	422	1			260		other	0
10108012-IETwo	163	Response	1	4992663	3575	2
10108012-IETwo	164	Sound	59	5005709	449	1			260		other	0
10108012-IETwo	164	Response	1	5012503	7243	1
10108012-IETwo	165	Sound	59	5023108	510	1			260		other	0
10108012-IETwo	165	Response	1	5028262	5664	1
10108012-IETwo	166	Sound	54	5045308	369	1			260		other	0
10108012-IETwo	167	Sound	54	5065407	461	1			260		other	0
10108012-IETwo	168	Sound	60	5094207	418	1			260		other	0
10108012-IETwo	168	Response	1	5097461	3672	1
10108012-IETwo	169	Sound	53	5110706	579	1			260		other	0
10108012-IETwo	170	Sound	50	5127206	406	1			260		other	0
10108012-IETwo	171	Sound	60	5149406	431	1			260		other	0
10108012-IETwo	171	Response	1	5152739	3765	1
10108012-IETwo	172	Sound	53	5177905	588	1			260		other	0
10108012-IETwo	173	Sound	55	5200705	547	1			260		other	0
10108012-IETwo	173	Response	1	5204498	4340	1
10108012-IETwo	175	Response	255	6277993	1050246	1
10108012-IETwo	177	Sound	37	6341280	407	1			260		other	0
10108012-IETwo	177	Response	1	6348951	8078	1
10108012-IETwo	178	Sound	33	6360779	567	1			260		other	0
10108012-IETwo	179	Sound	31	6385679	458	1			260		other	0
10108012-IETwo	180	Sound	36	6403678	618	1			260		other	0
10108012-IETwo	180	Response	1	6408390	5330	1
10108012-IETwo	181	Sound	39	6421978	578	1			260		other	0
10108012-IETwo	181	Response	1	6426549	5150	1
10108012-IETwo	182	Sound	36	6442377	471	1			260		other	0
10108012-IETwo	183	Sound	35	6464877	630	1			260		other	0
10108012-IETwo	184	Sound	33	6486176	422	1			260		other	0
10108012-IETwo	185	Sound	35	6506876	615	1			260		other	0
10108012-IETwo	186	Sound	36	6530575	473	1			260		other	0
10108012-IETwo	186	Response	1	6537107	7004	1
10108012-IETwo	187	Sound	32	6547975	367	1			260		other	0
10108012-IETwo	188	Sound	39	6575275	657	1			260		other	0
10108012-IETwo	189	Sound	40	6603174	380	1			260		other	0
10108012-IETwo	189	Response	1	6607185	4392	1
10108012-IETwo	190	Sound	38	6627173	539	1			260		other	0
10108012-IETwo	190	Response	1	6633665	7030	1
10108012-IETwo	191	Sound	37	6650273	630	1			260		other	0
10108012-IETwo	192	Sound	34	6668273	457	1			260		other	0
10108012-IETwo	193	Sound	31	6697072	414	1			260		other	0
10108012-IETwo	194	Sound	35	6717171	507	1			260		other	0
10108012-IETwo	195	Sound	30	6738771	599	1			260		other	0
10108012-IETwo	196	Sound	30	6767870	522	1			260		other	0
10108012-IETwo	197	Sound	32	6795770	579	1			260		other	0
10108012-IETwo	198	Sound	37	6822769	402	1			260		other	0
10108012-IETwo	198	Response	1	6828300	5933	1
10108012-IETwo	199	Sound	37	6840169	630	1			260		other	0
10108012-IETwo	200	Sound	30	6862968	421	1			260		other	0
10108012-IETwo	201	Sound	40	6884568	514	1			260		other	0
10108012-IETwo	201	Response	1	6888779	4724	1
10108012-IETwo	202	Sound	36	6913667	603	1			260		other	0
10108012-IETwo	203	Sound	32	6942467	393	1			260		other	0
10108012-IETwo	204	Sound	32	6967666	417	1			260		other	0
10108012-IETwo	205	Sound	40	6984766	511	1			260		other	0
10108012-IETwo	205	Response	1	6988136	3882	1
10108012-IETwo	206	Sound	38	7010865	602	1			260		other	0
10108012-IETwo	207	Sound	31	7029165	562	1			260		other	0
10108012-IETwo	208	Sound	31	7047764	489	1			260		other	0
10108012-IETwo	209	Sound	34	7076264	479	1			260		other	0
10108012-IETwo	209	Response	1	7081254	5469	1
10108012-IETwo	210	Sound	32	7094563	439	1			260		other	0
10108012-IETwo	211	Sound	34	7123363	562	1			260		other	0
10108012-IETwo	212	Sound	40	7143462	655	1			260		other	0
10108012-IETwo	212	Response	1	7146293	3485	1
10108012-IETwo	213	Sound	35	7160262	449	1			260		other	0
10108012-IETwo	213	Response	1	7169492	9679	1
10108012-IETwo	214	Sound	34	7182161	508	1			260		other	0
10108012-IETwo	214	Response	1	7189332	7678	1
10108012-IETwo	215	Sound	30	7208561	398	1			260		other	0
10108012-IETwo	216	Sound	38	7237060	388	1			260		other	0
10108012-IETwo	216	Response	1	7242210	5538	1
10108012-IETwo	217	Sound	33	7257760	414	1			260		other	0
10108012-IETwo	218	Sound	39	7277559	540	1			260		other	0
10108012-IETwo	218	Response	1	7282209	5190	1
10108012-IETwo	219	Sound	35	7301259	398	1			260		other	0
10108012-IETwo	220	Sound	38	7326158	456	1			260		other	0
10108012-IETwo	220	Response	1	7332448	6747	1
10108012-IETwo	221	Sound	36	7346258	549	1			260		other	0
10108012-IETwo	221	Response	1	7351488	5779	1
10108012-IETwo	222	Sound	34	7366057	509	1			260		other	0
10108012-IETwo	223	Sound	31	7388557	668	1			260		other	0
10108012-IETwo	224	Sound	39	7410456	393	1			260		other	0
10108012-IETwo	224	Response	1	7414606	4543	1
10108012-IETwo	225	Sound	40	7433856	618	1			260		other	0
10108012-IETwo	225	Response	1	7437326	4088	1
10108012-IETwo	226	Sound	33	7455755	510	1			260		other	0
10108012-IETwo	227	Sound	38	7480955	368	1			260		other	0
10108012-IETwo	227	Response	1	7488445	7858	1
10108012-IETwo	228	Sound	33	7508854	591	1			260		other	0
10108012-IETwo	229	Sound	37	7527754	651	1			260		other	0
10108012-IETwo	230	Sound	30	7552053	443	1			260		other	0
10108012-IETwo	231	Sound	39	7575753	467	1			260		other	0
10108012-IETwo	231	Response	1	7582363	7077	1
10108012-IETwo	233	Response	255	8499621	899581	1
10108012-IETwo	235	Sound	30	8573831	379	1			260		other	0
10108012-IETwo	236	Sound	35	8599030	570	1			260		other	0
10108012-IETwo	237	Sound	39	8615530	564	1			260		other	0
10108012-IETwo	237	Response	1	8619778	4812	1
10108012-IETwo	238	Sound	40	8635030	557	1			260		other	0
10108012-IETwo	238	Response	1	8637697	3225	1
10108012-IETwo	239	Sound	33	8658429	449	1			260		other	0
10108012-IETwo	239	Response	1	8666097	8117	1
10108012-IETwo	240	Sound	36	8685729	405	1			260		other	0
10108012-IETwo	241	Sound	31	8713928	429	1			260		other	0
10108012-IETwo	242	Sound	35	8738827	653	1			260		other	0
10108012-IETwo	243	Sound	34	8755927	414	1			260		other	0
10108012-IETwo	244	Sound	31	8779327	639	1			260		other	0
10108012-IETwo	245	Sound	31	8805426	396	1			260		other	0
10108012-IETwo	246	Sound	30	8821626	424	1			260		other	0
10108012-IETwo	247	Sound	40	8850425	380	1			260		other	0
10108012-IETwo	247	Response	1	8856572	6528	1
10108012-IETwo	248	Sound	32	8869325	440	1			260		other	0
10108012-IETwo	249	Sound	34	8894224	498	1			260		other	0
10108012-IETwo	250	Sound	37	8910724	659	1			260		other	0
10108012-IETwo	251	Sound	30	8938623	382	1			260		other	0
10108012-IETwo	252	Sound	34	8964122	373	1			260		other	0
10108012-IETwo	253	Sound	32	8989022	431	1			260		other	0
10108012-IETwo	254	Sound	30	9009722	624	1			260		other	0
10108012-IETwo	255	Sound	36	9034321	381	1			260		other	0
10108012-IETwo	255	Response	1	9040088	6149	1
10108012-IETwo	256	Sound	31	9061920	638	1			260		other	0
10108012-IETwo	257	Sound	36	9087720	596	1			260		other	0
10108012-IETwo	257	Response	1	9094007	6883	1
10108012-IETwo	258	Sound	39	9104519	390	1			260		other	0
10108012-IETwo	258	Response	1	9109526	5397	1
10108012-IETwo	259	Sound	33	9132719	580	1			260		other	0
10108012-IETwo	260	Sound	37	9159118	470	1			260		other	0
10108012-IETwo	261	Sound	39	9186418	594	1			260		other	0
10108012-IETwo	261	Response	1	9191684	5861	1
10108012-IETwo	262	Sound	40	9212817	484	1			260		other	0
10108012-IETwo	262	Response	1	9216564	4231	1
10108012-IETwo	263	Sound	32	9241616	607	1			260		other	0
10108012-IETwo	264	Sound	35	9258716	368	1			260		other	0
10108012-IETwo	264	Response	1	9263283	4935	1
10108012-IETwo	265	Sound	40	9274916	396	1			260		other	0
10108012-IETwo	265	Response	1	9278643	4123	1
10108012-IETwo	266	Sound	32	9303415	552	1			260		other	0
10108012-IETwo	267	Sound	34	9322915	545	1			260		other	0
10108012-IETwo	268	Sound	37	9351714	668	1			260		other	0
10108012-IETwo	269	Sound	38	9374214	660	1			260		other	0
10108012-IETwo	269	Response	1	9382560	9007	1
10108012-IETwo	270	Sound	38	9400313	584	1			260		other	0
10108012-IETwo	270	Response	1	9405280	5551	1
10108012-IETwo	271	Sound	39	9428212	474	1			260		other	0
10108012-IETwo	271	Response	1	9432399	4661	1
10108012-IETwo	272	Sound	32	9457012	431	1			260		other	0
10108012-IETwo	273	Sound	30	9481011	589	1			260		other	0
10108012-IETwo	274	Sound	34	9509811	545	1			260		other	0
10108012-IETwo	275	Sound	33	9532610	504	1			260		other	0
10108012-IETwo	276	Sound	39	9561410	627	1			260		other	0
10108012-IETwo	276	Response	1	9568476	7693	1
10108012-IETwo	277	Sound	31	9580309	520	1			260		other	0
10108012-IETwo	278	Sound	33	9597409	447	1			260		other	0
10108012-IETwo	279	Sound	37	9614208	575	1			260		other	0
10108012-IETwo	279	Response	1	9618954	5321	1
10108012-IETwo	280	Sound	40	9635808	667	1			260		other	0
10108012-IETwo	280	Response	1	9639914	4773	1
10108012-IETwo	281	Sound	33	9659807	659	1			260		other	0
10108012-IETwo	282	Sound	35	9686207	549	1			260		other	0
10108012-IETwo	283	Sound	38	9706306	642	1			260		other	0
10108012-IETwo	283	Response	1	9712872	7208	1
10108012-IETwo	284	Sound	38	9726106	602	1			260		other	0
10108012-IETwo	285	Sound	35	9747705	527	1			260		other	0
10108012-IETwo	286	Sound	36	9768105	420	1			260		other	0
10108012-IETwo	286	Response	1	9772711	5026	1
10108012-IETwo	287	Sound	38	9791505	645	1			260		other	0
10108012-IETwo	287	Response	1	9796550	5691	1
10108012-IETwo	288	Sound	36	9814904	537	1			260		other	0
10108012-IETwo	288	Response	1	9819510	5143	1
10108012-IETwo	289	Sound	37	9840403	528	1			260		other	0
10108012-IETwo	289	Response	1	9845269	5394	1
10108012-IETwo	291	Response	255	10107423	242292	1
10108012-IETwo	293	Sound	53	10181496	506	1			260		other	0
10108012-IETwo	293	Response	1	10186461	5471	1
10108012-IETwo	294	Sound	54	10210595	596	1			260		other	0
10108012-IETwo	294	Response	1	10215340	5341	1
10108012-IETwo	295	Sound	58	10233095	588	1			260		other	0
10108012-IETwo	295	Response	1	10240220	7713	1
10108012-IETwo	296	Sound	53	10257094	579	1			260		other	0
10108012-IETwo	297	Sound	59	10275994	639	1			260		other	0
10108012-IETwo	297	Response	1	10280619	5264	1
10108012-IETwo	298	Sound	51	10294294	433	1			260		other	0
10108012-IETwo	299	Sound	60	10323393	523	1			260		other	0
10108012-IETwo	299	Response	1	10326538	3667	1
10108012-IETwo	300	Sound	52	10348592	380	1			260		other	0
10108012-IETwo	301	Sound	60	10374692	637	1			260		other	0
10108012-IETwo	301	Response	1	10377417	3363	1
10108012-IETwo	302	Sound	56	10399891	495	1			260		other	0
10108012-IETwo	303	Sound	50	10424791	386	1			260		other	0
10108012-IETwo	304	Sound	56	10449390	644	1			260		other	0
10108012-IETwo	305	Sound	58	10475490	401	1			260		other	0
10108012-IETwo	305	Response	1	10481174	6086	1
10108012-IETwo	306	Sound	60	10495589	494	1			260		other	0
10108012-IETwo	306	Response	1	10500614	5519	1
10108012-IETwo	307	Sound	59	10516889	453	1			260		other	0
10108012-IETwo	307	Response	1	10521813	5378	1
10108012-IETwo	308	Sound	52	10537588	479	1			260		other	0
10108012-IETwo	309	Sound	50	10560688	404	1			260		other	0
10108012-IETwo	310	Sound	57	10585887	429	1			260		other	0
10108012-IETwo	310	Response	1	10588852	3394	1
10108012-IETwo	311	Sound	50	10613787	485	1			260		other	0
10108012-IETwo	312	Sound	51	10637486	511	1			260		other	0
10108012-IETwo	313	Sound	52	10655486	671	1			260		other	0
10108012-IETwo	314	Sound	54	10671985	665	1			260		other	0
10108012-IETwo	314	Response	1	10676210	4889	1
10108012-IETwo	315	Sound	60	10700485	655	1			260		other	0
10108012-IETwo	315	Response	1	10703329	3499	1
10108012-IETwo	316	Sound	53	10722084	580	1			260		other	0
10108012-IETwo	317	Sound	51	10745784	605	1			260		other	0
10108012-IETwo	318	Sound	54	10774283	428	1			260		other	0
10108012-IETwo	319	Sound	52	10793483	455	1			260		other	0
10108012-IETwo	320	Sound	53	10812382	515	1			260		other	0
10108012-IETwo	321	Sound	55	10829182	642	1			260		other	0
10108012-IETwo	321	Response	1	10842046	13506	1
10108012-IETwo	322	Sound	59	10848681	635	1			260		other	0
10108012-IETwo	322	Response	1	10852766	4720	1
10108012-IETwo	323	Sound	51	10872081	527	1			260		other	0
10108012-IETwo	324	Sound	53	10887981	421	1			260		other	0
10108012-IETwo	325	Sound	51	10912580	512	1			260		other	0
10108012-IETwo	326	Sound	60	10938079	671	1			260		other	0
10108012-IETwo	326	Response	1	10941244	3835	1
10108012-IETwo	327	Sound	56	10956979	563	1			260		other	0
10108012-IETwo	328	Sound	50	10973479	557	1			260		other	0
10108012-IETwo	329	Sound	58	11002578	648	1			260		other	0
10108012-IETwo	329	Response	1	11007402	5471	1
10108012-IETwo	330	Sound	57	11021478	374	1			260		other	0
10108012-IETwo	330	Response	1	11028202	7097	1
10108012-IETwo	331	Sound	50	11050277	663	1			260		other	0
10108012-IETwo	332	Sound	54	11076076	454	1			260		other	0
10108012-IETwo	333	Sound	57	11096176	547	1			260		other	0
10108012-IETwo	333	Response	1	11103080	7451	1
10108012-IETwo	334	Sound	58	11121975	671	1			260		other	0
10108012-IETwo	334	Response	1	11128679	7375	1
10108012-IETwo	335	Sound	55	11138475	665	1			260		other	0
10108012-IETwo	335	Response	1	11143719	5909	1
10108012-IETwo	336	Sound	57	11166375	555	1			260		other	0
10108012-IETwo	336	Response	1	11173878	8059	1
10108012-IETwo	337	Sound	59	11194874	378	1			260		other	0
10108012-IETwo	338	Sound	55	11221573	569	1			260		other	0
10108012-IETwo	339	Sound	55	11246473	627	1			260		other	0
10108012-IETwo	340	Sound	56	11274372	517	1			260		other	0
10108012-IETwo	341	Sound	52	11294172	477	1			260		other	0
10108012-IETwo	342	Sound	57	11318771	568	1			260		other	0
10108012-IETwo	342	Response	1	11325235	7031	1
10108012-IETwo	343	Sound	54	11335271	395	1			260		other	0
10108012-IETwo	344	Sound	59	11361970	419	1			260		other	0
10108012-IETwo	344	Response	1	11368513	6962	1
10108012-IETwo	345	Sound	56	11382970	578	1			260		other	0
10108012-IETwo	346	Sound	55	11400669	605	1			260		other	0
10108012-IETwo	347	Sound	58	11424369	464	1			260		other	0
10108012-IETwo	347	Response	1	11430752	6847	1
10108012-IETwo	349	Response	255	12274012	826019	1
10108012-IETwo	351	Sound	59	12341449	404	1			260		other	0
10108012-IETwo	351	Response	1	12345851	4805	1
10108012-IETwo	352	Sound	60	12369048	494	1			260		other	0
10108012-IETwo	352	Response	1	12371850	3295	1
10108012-IETwo	353	Sound	57	12393348	618	1			260		other	0
10108012-IETwo	353	Response	1	12397370	4640	1
10108012-IETwo	354	Sound	56	12418847	443	1			260		other	0
10108012-IETwo	354	Response	1	12425609	7204	1
10108012-IETwo	355	Sound	57	12436247	503	1			260		other	0
10108012-IETwo	355	Response	1	12442808	7065	1
10108012-IETwo	356	Sound	54	12458747	662	1			260		other	0
10108012-IETwo	356	Response	1	12464888	6803	1
10108012-IETwo	357	Sound	56	12485746	485	1			260		other	0
10108012-IETwo	358	Sound	59	12510345	410	1			260		other	0
10108012-IETwo	359	Sound	53	12538245	467	1			260		other	0
10108012-IETwo	360	Sound	60	12555344	561	1			260		other	0
10108012-IETwo	360	Response	1	12559045	4262	1
10108012-IETwo	361	Sound	53	12583244	451	1			260		other	0
10108012-IETwo	362	Sound	55	12608743	608	1			260		other	0
10108012-IETwo	362	Response	1	12619124	10990	1
10108012-IETwo	363	Sound	59	12631543	567	1			260		other	0
10108012-IETwo	363	Response	1	12641604	10628	1
10108012-IETwo	364	Sound	56	12652242	593	1			260		other	0
10108012-IETwo	364	Response	1	12659283	7634	1
10108012-IETwo	365	Sound	50	12676242	418	1			260		other	0
10108012-IETwo	366	Sound	55	12699341	509	1			260		other	0
10108012-IETwo	367	Sound	52	12720041	369	1			260		other	0
10108012-IETwo	368	Sound	60	12736240	563	1			260		other	0
10108012-IETwo	368	Response	1	12740801	5124	1
10108012-IETwo	369	Sound	53	12754540	523	1			260		other	0
10108012-IETwo	370	Sound	54	12773140	450	1			260		other	0
10108012-IETwo	370	Response	1	12781200	8511	1
10108012-IETwo	371	Sound	57	12793839	642	1			260		other	0
10108012-IETwo	371	Response	1	12799120	5923	1
10108012-IETwo	372	Sound	59	12810939	403	1			260		other	0
10108012-IETwo	372	Response	1	12816160	5624	1
10108012-IETwo	373	Sound	58	12831638	429	1			260		other	0
10108012-IETwo	373	Response	1	12838239	7030	1
10108012-IETwo	374	Sound	56	12852638	588	1			260		other	0
10108012-IETwo	374	Response	1	12860478	8429	1
10108012-IETwo	375	Sound	52	12872137	581	1			260		other	0
10108012-IETwo	376	Sound	56	12888937	375	1			260		other	0
10108012-IETwo	376	Response	1	12898558	9996	1
10108012-IETwo	377	Sound	51	12913536	633	1			260		other	0
10108012-IETwo	378	Sound	50	12938736	491	1			260		other	0
10108012-IETwo	379	Sound	57	12958835	584	1			260		other	0
10108012-IETwo	379	Response	1	12963436	5184	1
10108012-IETwo	380	Sound	51	12981335	576	1			260		other	0
10108012-IETwo	381	Sound	60	12998435	503	1			260		other	0
10108012-IETwo	381	Response	1	13002075	4143	1
10108012-IETwo	382	Sound	53	13020334	562	1			260		other	0
10108012-IETwo	383	Sound	51	13045834	553	1			260		other	0
10108012-IETwo	384	Sound	58	13063833	546	1			260		other	0
10108012-IETwo	385	Sound	53	13081533	573	1			260		other	0
10108012-IETwo	386	Sound	58	13110032	396	1			260		other	0
10108012-IETwo	386	Response	1	13115913	6277	1
10108012-IETwo	387	Sound	54	13134032	555	1			260		other	0
10108012-IETwo	388	Sound	55	13154131	647	1			260		other	0
10108012-IETwo	388	Response	1	13161992	8508	1
10108012-IETwo	389	Sound	50	13172431	608	1			260		other	0
10108012-IETwo	390	Sound	54	13200630	631	1			260		other	0
10108012-IETwo	391	Sound	50	13227330	488	1			260		other	0
10108012-IETwo	392	Sound	51	13251329	479	1			260		other	0
10108012-IETwo	393	Sound	50	13270229	539	1			260		other	0
10108012-IETwo	394	Sound	54	13298128	429	1			260		other	0
10108012-IETwo	395	Sound	52	13324527	653	1			260		other	0
10108012-IETwo	396	Sound	55	13346127	579	1			260		other	0
10108012-IETwo	397	Sound	57	13366227	672	1			260		other	0
10108012-IETwo	397	Response	1	13379106	13552	1
10108012-IETwo	398	Sound	52	13386026	631	1			260		other	0
10108012-IETwo	399	Sound	55	13413626	555	1			260		other	0
10108012-IETwo	399	Response	1	13418626	5555	1
10108012-IETwo	400	Sound	60	13432525	615	1			260		other	0
10108012-IETwo	400	Response	1	13436145	4235	1
10108012-IETwo	401	Sound	51	13449625	543	1			260		other	0
10108012-IETwo	402	Sound	59	13470624	535	1			260		other	0
10108012-IETwo	402	Response	1	13475424	5334	1
10108012-IETwo	403	Sound	52	13492824	394	1			260		other	0
10108012-IETwo	404	Sound	58	13512923	486	1			260		other	0
10108012-IETwo	404	Response	1	13523503	11066	1
10108012-IETwo	405	Sound	58	13533023	579	1			260		other	0
10108012-IETwo	405	Response	1	13539023	6579	1
10108012-IETwo	407	Response	255	15836249	2280551	1
10108012-IETwo	409	Sound	14	15908671	600	1			260		other	0
10108012-IETwo	409	Response	1	15909847	1776	1
10108012-IETwo	410	Sound	18	15924271	528	1			260		other	0
10108012-IETwo	411	Sound	17	15952170	418	1			260		other	0
10108012-IETwo	411	Response	1	15957206	5453	1
10108012-IETwo	412	Sound	15	15971370	611	1			260		other	0
10108012-IETwo	413	Response	1	15997445	11	1
10108012-IETwo	413	Sound	10	15998069	635	1			260		other	0
10108012-IETwo	414	Sound	19	16015769	662	1			260		other	0
10108012-IETwo	415	Sound	13	16034669	555	1			260		other	0
10108012-IETwo	415	Response	1	16043284	9170	1
10108012-IETwo	416	Sound	16	16050868	582	1			260		other	0
10108012-IETwo	417	Sound	12	16073068	441	1			260		other	0
10108012-IETwo	417	Response	1	16074323	1697	1
10108012-IETwo	418	Sound	12	16097067	433	1			260		other	0
10108012-IETwo	419	Sound	14	16115067	593	1			260		other	0
10108012-IETwo	419	Response	1	16121042	6569	1
10108012-IETwo	420	Sound	20	16139966	651	1			260		other	0
10108012-IETwo	420	Response	1	16144002	4686	1
10108012-IETwo	421	Sound	20	16163966	642	1			260		other	0
10108012-IETwo	421	Response	1	16170481	7158	1
10108012-IETwo	422	Sound	17	16186465	468	1			260		other	0
10108012-IETwo	423	Sound	12	16202065	562	1			260		other	0
10108012-IETwo	424	Sound	16	16217965	456	1			260		other	0
10108012-IETwo	425	Sound	13	16233264	417	1			260		other	0
10108012-IETwo	426	Sound	13	16251564	545	1			260		other	0
10108012-IETwo	427	Sound	17	16272263	404	1			260		other	0
10108012-IETwo	428	Sound	20	16300463	594	1			260		other	0
10108012-IETwo	428	Response	1	16304798	4929	1
10108012-IETwo	429	Sound	11	16318462	421	1			260		other	0
10108012-IETwo	430	Sound	10	16339462	413	1			260		other	0
10108012-IETwo	431	Sound	16	16361961	572	1			260		other	0
10108012-IETwo	432	Sound	19	16378461	399	1			260		other	0
10108012-IETwo	432	Response	1	16382956	4894	1
10108012-IETwo	433	Sound	12	16402760	524	1			260		other	0
10108012-IETwo	434	Sound	11	16428260	515	1			260		other	0
10108012-IETwo	435	Sound	18	16448060	474	1			260		other	0
10108012-IETwo	435	Response	1	16453994	6409	1
10108012-IETwo	436	Sound	11	16469359	600	1			260		other	0
10108012-IETwo	437	Sound	15	16491559	626	1			260		other	0
10108012-IETwo	438	Sound	17	16516758	483	1			260		other	0
10108012-IETwo	438	Response	1	16522553	6278	1
10108012-IETwo	439	Sound	18	16533558	611	1			260		other	0
10108012-IETwo	440	Sound	14	16555457	503	1			260		other	0
10108012-IETwo	440	Response	1	16570872	15917	1
10108012-IETwo	441	Sound	20	16577657	528	1			260		other	0
10108012-IETwo	441	Response	1	16583991	6863	1
10108012-IETwo	442	Sound	10	16599556	420	1			260		other	0
10108012-IETwo	443	Sound	18	16623556	579	1			260		other	0
10108012-IETwo	444	Sound	17	16644255	438	1			260		other	0
10108012-IETwo	444	Response	1	16645350	1533	1
10108012-IETwo	444	Response	1	16652550	8732	1
10108012-IETwo	445	Sound	13	16668255	429	1			260		other	0
10108012-IETwo	446	Sound	11	16696154	653	1			260		other	0
10108012-IETwo	447	Sound	13	16721654	477	1			260		other	0
10108012-IETwo	448	Sound	11	16747753	568	1			260		other	0
10108012-IETwo	449	Sound	10	16763653	462	1			260		other	0
10108012-IETwo	450	Sound	20	16782852	489	1			260		other	0
10108012-IETwo	450	Response	1	16786707	4343	1
10108012-IETwo	451	Sound	18	16806852	647	1			260		other	0
10108012-IETwo	452	Sound	10	16829651	605	1			260		other	0
10108012-IETwo	453	Sound	15	16855451	396	1			260		other	0
10108012-IETwo	454	Sound	15	16874350	456	1			260		other	0
10108012-IETwo	454	Response	1	16879104	5210	1
10108012-IETwo	455	Sound	14	16897150	581	1			260		other	0
10108012-IETwo	456	Sound	16	16923249	505	1			260		other	0
10108012-IETwo	457	Sound	14	16942749	498	1			260		other	0
10108012-IETwo	458	Sound	12	16960148	392	1			260		other	0
10108012-IETwo	459	Sound	19	16981148	551	1			260		other	0
10108012-IETwo	459	Response	1	16987022	6425	1
10108012-IETwo	460	Sound	19	17003347	410	1			260		other	0
10108012-IETwo	460	Response	1	17016701	13764	1
10108012-IETwo	461	Sound	15	17028847	567	1			260		other	0
10108012-IETwo	462	Sound	16	17051946	659	1			260		other	0
10108012-IETwo	463	Sound	19	17069946	653	1			260		other	0
10108012-IETwo	463	Response	1	17074140	4847	1
10108012-IETwo	465	Response	255	18944336	1851289	1
10108012-IETwo	467	Sound	11	19019903	458	1			260		other	0
10108012-IETwo	468	Sound	13	19040603	651	1			260		other	0
10108012-IETwo	469	Sound	18	19067602	475	1			260		other	0
10108012-IETwo	469	Response	1	19071213	4086	1
10108012-IETwo	470	Sound	20	19090402	433	1			260		other	0
10108012-IETwo	470	Response	1	19093693	3724	1
10108012-IETwo	471	Sound	14	19108101	627	1			260		other	0
10108012-IETwo	472	Sound	17	19134801	651	1			260		other	0
10108012-IETwo	473	Sound	14	19150701	379	1			260		other	0
10108012-IETwo	474	Sound	19	19174400	570	1			260		other	0
10108012-IETwo	474	Response	1	19178490	4660	1
10108012-IETwo	475	Sound	18	19199299	461	1			260		other	0
10108012-IETwo	476	Sound	10	19219399	387	1			260		other	0
10108012-IETwo	477	Sound	15	19239799	614	1			260		other	0
10108012-IETwo	477	Response	1	19244889	5704	1
10108012-IETwo	478	Sound	11	19265898	538	1			260		other	0
10108012-IETwo	479	Sound	14	19288698	496	1			260		other	0
10108012-IETwo	480	Sound	10	19311797	421	1			260		other	0
10108012-IETwo	481	Sound	10	19330097	381	1			260		other	0
10108012-IETwo	482	Sound	13	19347496	442	1			260		other	0
10108012-IETwo	483	Sound	12	19366096	535	1			260		other	0
10108012-IETwo	484	Sound	18	19386495	428	1			260		other	0
10108012-IETwo	484	Response	1	19390566	4498	1
10108012-IETwo	485	Sound	10	19409895	486	1			260		other	0
10108012-IETwo	486	Sound	17	19426095	514	1			260		other	0
10108012-IETwo	487	Sound	11	19449494	572	1			260		other	0
10108012-IETwo	488	Sound	14	19474993	563	1			260		other	0
10108012-IETwo	489	Sound	20	19492393	624	1			260		other	0
10108012-IETwo	489	Response	1	19496323	4553	2
10108012-IETwo	490	Sound	16	19513693	416	1			260		other	0
10108012-IETwo	491	Sound	19	19540992	540	1			260		other	0
10108012-IETwo	491	Response	1	19550962	10510	1
10108012-IETwo	492	Sound	17	19558992	533	1			260		other	0
10108012-IETwo	493	Sound	15	19575791	661	1			260		other	0
10108012-IETwo	494	Sound	11	19600091	452	1			260		other	0
10108012-IETwo	495	Sound	17	19615990	513	1			260		other	0
10108012-IETwo	495	Response	1	19623440	7963	1
10108012-IETwo	496	Sound	17	19640890	571	1			260		other	0
10108012-IETwo	496	Response	1	19655759	15440	1
10108012-IETwo	497	Sound	10	19660989	497	1			260		other	0
10108012-IETwo	498	Sound	15	19686789	454	1			260		other	0
10108012-IETwo	498	Response	1	19700559	14224	1
10108012-IETwo	499	Sound	11	19704489	481	1			260		other	0
10108012-IETwo	500	Sound	12	19723088	408	1			260		other	0
10108012-IETwo	501	Sound	20	19750987	631	1			260		other	0
10108012-IETwo	501	Response	1	19755437	5081	1
10108012-IETwo	502	Sound	16	19778887	522	1			260		other	0
10108012-IETwo	503	Sound	16	19798686	648	1			260		other	0
10108012-IETwo	504	Sound	15	19815786	575	1			260		other	0
10108012-IETwo	505	Sound	19	19842186	632	1			260		other	0
10108012-IETwo	505	Response	1	19852635	11082	1
10108012-IETwo	506	Sound	13	19868285	390	1			260		other	0
10108012-IETwo	507	Sound	18	19893784	547	1			260		other	0
10108012-IETwo	508	Sound	12	19920184	605	1			260		other	0
10108012-IETwo	509	Sound	16	19937583	665	1			260		other	0
10108012-IETwo	510	Sound	12	19955283	525	1			260		other	0
10108012-IETwo	511	Sound	14	19981382	616	1			260		other	0
10108012-IETwo	512	Sound	16	20003282	508	1			260		other	0
10108012-IETwo	512	Response	1	20008551	5777	1
10108012-IETwo	513	Sound	18	20028781	666	1			260		other	0
10108012-IETwo	513	Response	1	20043510	15395	1
10108012-IETwo	514	Sound	19	20051281	658	1			260		other	0
10108012-IETwo	514	Response	1	20062950	12327	1
10108012-IETwo	515	Sound	15	20070481	518	1			260		other	0
10108012-IETwo	515	Response	1	20087029	17066	1
10108012-IETwo	516	Sound	19	20090280	644	1			260		other	0
10108012-IETwo	516	Response	1	20099909	10273	1
10108012-IETwo	517	Sound	20	20118180	367	1			260		other	0
10108012-IETwo	517	Response	1	20124148	6336	1
10108012-IETwo	518	Sound	20	20133779	629	1			260		other	0
10108012-IETwo	518	Response	1	20138788	5637	1
10108012-IETwo	519	Sound	12	20153279	455	1			260		other	0
10108012-IETwo	520	Sound	13	20179978	645	1			260		other	0
10108012-IETwo	521	Sound	13	20196478	640	1			260		other	0
10108012-IETwo	523	Response	255	21501716	1281790	1
10108012-IETwo	525	Sound	13	21564748	619	1			260		other	0
10108012-IETwo	526	Sound	11	21591447	476	1			260		other	0
10108012-IETwo	527	Sound	20	21609147	671	1			260		other	0
10108012-IETwo	527	Response	1	21614433	5957	1
10108012-IETwo	528	Sound	11	21628647	496	1			260		other	0
10108012-IETwo	529	Sound	12	21648746	422	1			260		other	0
10108012-IETwo	530	Sound	20	21668846	515	1			260		other	0
10108012-IETwo	530	Response	1	21674272	5941	1
10108012-IETwo	531	Sound	15	21697045	538	1			260		other	0
10108012-IETwo	532	Sound	11	21715045	532	1			260		other	0
10108012-IETwo	533	Sound	13	21736644	458	1			260		other	0
10108012-IETwo	534	Sound	12	21759744	549	1			260		other	0
10108012-IETwo	535	Sound	19	21778643	443	1			260		other	0
10108012-IETwo	535	Response	1	21794829	16629	1
10108012-IETwo	536	Sound	16	21801443	568	1			260		other	0
10108012-IETwo	536	Response	1	21808188	7313	1
10108012-IETwo	537	Sound	19	21817642	429	1			260		other	0
10108012-IETwo	537	Response	1	21826988	9775	1
10108012-IETwo	538	Sound	18	21834742	523	1			260		other	0
10108012-IETwo	538	Response	1	21845948	11729	1
10108012-IETwo	539	Sound	17	21861441	546	1			260		other	0
10108012-IETwo	539	Response	1	21868027	7132	1
10108012-IETwo	540	Sound	13	21884841	438	1			260		other	0
10108012-IETwo	541	Sound	11	21904941	531	1			260		other	0
10108012-IETwo	542	Sound	14	21930740	655	1			260		other	0
10108012-IETwo	543	Sound	10	21952639	381	1			260		other	0
10108012-IETwo	544	Sound	10	21980839	571	1			260		other	0
10108012-IETwo	545	Sound	13	21997039	432	1			260		other	0
10108012-IETwo	546	Sound	17	22017738	457	1			260		other	0
10108012-IETwo	546	Response	1	22023544	6263	1
10108012-IETwo	547	Sound	16	22038738	617	1			260		other	0
10108012-IETwo	547	Response	1	22051303	13182	1
10108012-IETwo	548	Sound	16	22056737	610	1			260		other	0
10108012-IETwo	548	Response	1	22062903	6776	1
10108012-IETwo	549	Sound	18	22075337	537	1			260		other	0
10108012-IETwo	550	Sound	16	22094536	397	1			260		other	0
10108012-IETwo	550	Response	1	22102822	8682	1
10108012-IETwo	551	Sound	12	22120036	388	1			260		other	0
10108012-IETwo	552	Sound	10	22136236	415	1			260		other	0
10108012-IETwo	553	Sound	12	22155735	408	1			260		other	0
10108012-IETwo	554	Sound	18	22174635	468	1			260		other	0
10108012-IETwo	554	Response	1	22179780	5614	1
10108012-IETwo	555	Sound	18	22202234	559	1			260		other	0
10108012-IETwo	556	Sound	19	22230433	415	1			260		other	0
10108012-IETwo	556	Response	1	22234339	4321	1
10108012-IETwo	557	Sound	14	22248133	609	1			260		other	0
10108012-IETwo	558	Sound	12	22269433	401	1			260		other	0
10108012-IETwo	559	Sound	19	22289832	461	1			260		other	0
10108012-IETwo	559	Response	1	22296177	6806	1
10108012-IETwo	560	Sound	17	22306632	421	1			260		other	0
10108012-IETwo	560	Response	1	22314497	8287	1
10108012-IETwo	561	Sound	17	22328831	613	1			260		other	0
10108012-IETwo	562	Sound	20	22354031	471	1			260		other	0
10108012-IETwo	562	Response	1	22359136	5576	1
10108012-IETwo	563	Sound	14	22382230	494	1			260		other	0
10108012-IETwo	564	Sound	11	22399930	521	1			260		other	0
10108012-IETwo	565	Sound	18	22420929	514	1			260		other	0
10108012-IETwo	566	Sound	14	22445529	605	1			260		other	0
10108012-IETwo	567	Sound	20	22463228	465	1			260		other	0
10108012-IETwo	567	Response	1	22467853	5091	1
10108012-IETwo	568	Sound	15	22480628	526	1			260		other	0
10108012-IETwo	569	Sound	15	22505827	550	1			260		other	0
10108012-IETwo	570	Sound	16	22521727	611	1			260		other	0
10108012-IETwo	571	Sound	10	22545727	436	1			260		other	0
10108012-IETwo	572	Sound	15	22563426	463	1			260		other	0
10108012-IETwo	573	Sound	19	22581126	490	1			260		other	0
10108012-IETwo	573	Response	1	22590410	9775	1
10108012-IETwo	574	Sound	10	22604525	382	1			260		other	0
10108012-IETwo	575	Sound	20	22621025	376	1			260		other	0
10108012-IETwo	575	Response	1	22626890	6241	1
10108012-IETwo	576	Sound	14	22642324	502	1			260		other	0
10108012-IETwo	577	Sound	17	22667824	659	1			260		other	0
10108012-IETwo	577	Response	1	22681768	14604	1
10108012-IETwo	578	Sound	13	22696323	649	1			260		other	0
10108012-IETwo	579	Sound	15	22723623	606	1			260		other	0
10108012-IETwo	581	Response	255	24097735	1354465	1
10108012-IETwo	583	Sound	58	24170191	524	1			260		other	0
10108012-IETwo	583	Response	1	24174853	5187	1
10108012-IETwo	584	Sound	54	24194791	449	1			260		other	0
10108012-IETwo	585	Sound	53	24216690	675	1			260		other	0
10108012-IETwo	585	Response	1	24222053	6037	1
10108012-IETwo	586	Sound	59	24243390	532	1			260		other	0
10108012-IETwo	586	Response	1	24247572	4714	1
10108012-IETwo	587	Sound	52	24268889	523	1			260		other	0
10108012-IETwo	588	Sound	59	24286589	383	1			260		other	0
10108012-IETwo	588	Response	1	24290611	4405	1
10108012-IETwo	589	Sound	56	24314188	640	1			260		other	0
10108012-IETwo	589	Response	1	24319010	5462	1
10108012-IETwo	590	Sound	55	24333088	366	1			260		other	0
10108012-IETwo	591	Sound	58	24356487	424	1			260		other	0
10108012-IETwo	591	Response	1	24361169	5107	1
10108012-IETwo	592	Sound	54	24374487	418	1			260		other	0
10108012-IETwo	593	Sound	50	24397886	643	1			260		other	0
10108012-IETwo	594	Sound	55	24416486	570	1			260		other	0
10108012-IETwo	595	Sound	54	24437485	396	1			260		other	0
10108012-IETwo	595	Response	1	24442447	5358	1
10108012-IETwo	596	Sound	53	24463585	653	1			260		other	0
10108012-IETwo	597	Sound	57	24485184	412	1			260		other	0
10108012-IETwo	597	Response	1	24492686	7914	1
10108012-IETwo	598	Sound	55	24507684	571	1			260		other	0
10108012-IETwo	599	Sound	51	24532583	462	1			260		other	0
10108012-IETwo	600	Sound	51	24550883	589	1			260		other	0
10108012-IETwo	601	Sound	56	24571582	448	1			260		other	0
10108012-IETwo	602	Sound	52	24596482	506	1			260		other	0
10108012-IETwo	603	Sound	54	24615681	366	1			260		other	0
10108012-IETwo	604	Sound	57	24633081	426	1			260		other	0
10108012-IETwo	605	Sound	54	24652881	386	1			260		other	0
10108012-IETwo	606	Sound	50	24673280	612	1			260		other	0
10108012-IETwo	607	Sound	51	24698180	670	1			260		other	0
10108012-IETwo	608	Sound	53	24714079	397	1			260		other	0
10108012-IETwo	609	Sound	58	24738679	489	1			260		other	0
10108012-IETwo	609	Response	1	24744760	6570	1
10108012-IETwo	610	Sound	59	24760578	547	1			260		other	0
10108012-IETwo	610	Response	1	24771640	11609	1
10108012-IETwo	611	Sound	60	24777078	541	1			260		other	0
10108012-IETwo	611	Response	1	24782759	6223	1
10108012-IETwo	612	Sound	50	24795978	435	1			260		other	0
10108012-IETwo	613	Sound	60	24821477	426	1			260		other	0
10108012-IETwo	613	Response	1	24824918	3867	1
10108012-IETwo	614	Sound	51	24845476	584	1			260		other	0
10108012-IETwo	615	Sound	58	24863476	411	1			260		other	0
10108012-IETwo	615	Response	1	24869957	6891	1
10108012-IETwo	616	Sound	56	24883576	504	1			260		other	0
10108012-IETwo	616	Response	1	24892677	9605	1
10108012-IETwo	617	Sound	60	24909675	428	1			260		other	0
10108012-IETwo	617	Response	1	24913876	4629	1
10108012-IETwo	618	Sound	52	24934574	485	1			260		other	0
10108012-IETwo	619	Sound	53	24952874	445	1			260		other	0
10108012-IETwo	620	Sound	56	24980173	402	1			260		other	0
10108012-IETwo	620	Response	1	24984595	4824	1
10108012-IETwo	621	Sound	58	24998173	396	1			260		other	0
10108012-IETwo	621	Response	1	25004274	6497	1
10108012-IETwo	622	Sound	53	25020373	588	1			260		other	0
10108012-IETwo	623	Sound	51	25043172	380	1			260		other	0
10108012-IETwo	624	Sound	56	25069872	404	1			260		other	0
10108012-IETwo	624	Response	1	25077472	8005	1
10108012-IETwo	625	Sound	57	25087571	431	1			260		other	0
10108012-IETwo	625	Response	1	25091872	4732	1
10108012-IETwo	626	Sound	59	25104071	425	1			260		other	0
10108012-IETwo	626	Response	1	25110672	7026	1
10108012-IETwo	627	Sound	59	25122070	419	1			260		other	0
10108012-IETwo	627	Response	1	25127711	6059	1
10108012-IETwo	628	Sound	55	25146970	643	1			260		other	0
10108012-IETwo	628	Response	1	25152191	5864	1
10108012-IETwo	629	Sound	55	25175469	633	1			260		other	0
10108012-IETwo	629	Response	1	25184110	9273	1
10108012-IETwo	630	Sound	60	25192269	427	1			260		other	0
10108012-IETwo	630	Response	1	25197630	5788	1
10108012-IETwo	631	Sound	52	25216268	585	1			260		other	0
10108012-IETwo	632	Sound	60	25238468	610	1			260		other	0
10108012-IETwo	632	Response	1	25242588	4731	1
10108012-IETwo	633	Sound	57	25264867	668	1			260		other	0
10108012-IETwo	634	Sound	52	25293367	491	1			260		other	0
10108012-IETwo	635	Sound	50	25317366	482	1			260		other	0
10108012-IETwo	636	Sound	57	25335366	476	1			260		other	0
10108012-IETwo	636	Response	1	25339626	4736	1
10108012-IETwo	637	Sound	50	25351565	504	1			260		other	0
10108012-IETwo	639	Response	255	28649309	3276159	1
10108012-IETwo	641	Sound	36	28720792	437	1			260		other	0
10108012-IETwo	641	Response	1	28725147	4792	1
10108012-IETwo	642	Sound	31	28738792	431	1			260		other	0
10108012-IETwo	643	Sound	30	28763091	555	1			260		other	0
10108012-IETwo	644	Sound	38	28784691	648	1			260		other	0
10108012-IETwo	645	Sound	40	28812290	405	1			260		other	0
10108012-IETwo	645	Response	1	28816904	5019	1
10108012-IETwo	646	Sound	36	28838989	428	1			260		other	0
10108012-IETwo	647	Sound	31	28859389	488	1			260		other	0
10108012-IETwo	648	Sound	35	28883688	446	1			260		other	0
10108012-IETwo	649	Sound	33	28904388	472	1			260		other	0
10108012-IETwo	650	Sound	32	28922387	465	1			260		other	0
10108012-IETwo	651	Sound	33	28942187	592	1			260		other	0
10108012-IETwo	652	Sound	34	28964087	651	1			260		other	0
10108012-IETwo	653	Sound	30	28990786	508	1			260		other	0
10108012-IETwo	654	Sound	30	29018685	398	1			260		other	0
10108012-IETwo	655	Sound	40	29038785	657	1			260		other	0
10108012-IETwo	655	Response	1	29041459	3332	1
10108012-IETwo	656	Sound	34	29066384	414	1			260		other	0
10108012-IETwo	657	Sound	31	29088884	573	1			260		other	0
10108012-IETwo	658	Sound	40	29105983	500	1			260		other	0
10108012-IETwo	658	Response	1	29109138	3655	1
10108012-IETwo	659	Sound	39	29131783	624	1			260		other	0
10108012-IETwo	659	Response	1	29136657	5498	1
10108012-IETwo	660	Sound	37	29148883	385	1			260		other	0
10108012-IETwo	660	Response	1	29157697	9199	1
10108012-IETwo	661	Sound	40	29165682	512	1			260		other	0
10108012-IETwo	661	Response	1	29169696	4526	1
10108012-IETwo	662	Sound	38	29187882	538	1			260		other	0
10108012-IETwo	663	Sound	39	29215481	461	1			260		other	0
10108012-IETwo	663	Response	1	29221695	6675	1
10108012-IETwo	664	Sound	30	29237981	453	1			260		other	0
10108012-IETwo	665	Sound	34	29261080	378	1			260		other	0
10108012-IETwo	666	Sound	31	29277880	672	1			260		other	0
10108012-IETwo	667	Sound	30	29303679	463	1			260		other	0
10108012-IETwo	668	Sound	39	29325279	555	1			260		other	0
10108012-IETwo	668	Response	1	29330653	5929	1
10108012-IETwo	669	Sound	37	29352278	379	1			260		other	0
10108012-IETwo	669	Response	1	29358412	6513	1
10108012-IETwo	670	Sound	34	29374478	571	1			260		other	0
10108012-IETwo	671	Sound	32	29400877	462	1			260		other	0
10108012-IETwo	672	Sound	33	29425477	553	1			260		other	0
10108012-IETwo	673	Sound	35	29447376	612	1			260		other	0
10108012-IETwo	674	Sound	36	29470776	503	1			260		other	0
10108012-IETwo	675	Sound	31	29491775	663	1			260		other	0
10108012-IETwo	676	Sound	35	29517575	453	1			260		other	0
10108012-IETwo	676	Response	1	29521848	4727	1
10108012-IETwo	677	Sound	40	29541874	411	1			260		other	0
10108012-IETwo	677	Response	1	29545608	4145	1
10108012-IETwo	678	Sound	33	29564674	537	1			260		other	0
10108012-IETwo	679	Sound	38	29589273	461	1			260		other	0
10108012-IETwo	679	Response	1	29597606	8794	1
10108012-IETwo	680	Sound	34	29617172	518	1			260		other	0
10108012-IETwo	681	Sound	32	29643872	375	1			260		other	0
10108012-IETwo	682	Sound	32	29659771	436	1			260		other	0
10108012-IETwo	683	Sound	39	29681671	495	1			260		other	0
10108012-IETwo	683	Response	1	29685844	4668	1
10108012-IETwo	684	Sound	36	29705371	520	1			260		other	0
10108012-IETwo	684	Response	1	29712084	7233	1
10108012-IETwo	685	Sound	32	29721870	514	1			260		other	0
10108012-IETwo	686	Sound	36	29745270	406	1			260		other	0
10108012-IETwo	687	Sound	35	29768969	597	1			260		other	0
10108012-IETwo	688	Sound	33	29796568	521	1			260		other	0
10108012-IETwo	689	Sound	38	29814568	514	1			260		other	0
10108012-IETwo	690	Sound	39	29833768	541	1			260		other	0
10108012-IETwo	691	Sound	37	29851767	534	1			260		other	0
10108012-IETwo	692	Sound	38	29879067	658	1			260		other	0
10108012-IETwo	693	Sound	35	29894966	386	1			260		other	0
10108012-IETwo	693	Response	1	29902319	7739	1
10108012-IETwo	694	Sound	37	29913566	646	1			260		other	0
10108012-IETwo	694	Response	1	29923359	10439	1
10108012-IETwo	695	Sound	37	29931866	439	1			260		other	0
10108012-IETwo	695	Response	1	29937758	6332	1
10108012-IETwo	697	Response	255	31674198	1722518	1
10108012-IETwo	699	Sound	57	31749526	492	1			260		other	0
10108012-IETwo	699	Response	1	31756356	7322	1
10108012-IETwo	700	Sound	59	31777425	382	1			260		other	0
10108012-IETwo	700	Response	1	31780995	3951	1
10108012-IETwo	701	Sound	57	31804725	506	1			260		other	0
10108012-IETwo	701	Response	1	31807635	3416	1
10108012-IETwo	702	Sound	57	31822424	366	1			260		other	0
10108012-IETwo	702	Response	1	31826034	3976	1
10108012-IETwo	703	Sound	55	31848224	490	1			260		other	0
10108012-IETwo	703	Response	1	31852034	4300	1
10108012-IETwo	704	Sound	56	31874023	447	1			260		other	0
10108012-IETwo	704	Response	1	31878193	4617	1
10108012-IETwo	705	Sound	59	31900723	471	1			260		other	0
10108012-IETwo	705	Response	1	31903552	3301	1
10108012-IETwo	706	Sound	50	31922922	497	1			260		other	0
10108012-IETwo	707	Sound	51	31942422	657	1			260		other	0
10108012-IETwo	708	Sound	60	31961321	383	1			260		other	0
10108012-IETwo	708	Response	1	31964511	3573	1
10108012-IETwo	709	Sound	58	31987421	474	1			260		other	0
10108012-IETwo	709	Response	1	31992671	5724	1
10108012-IETwo	710	Sound	59	32007520	400	1			260		other	0
10108012-IETwo	710	Response	1	32011710	4590	1
10108012-IETwo	711	Sound	52	32034220	424	1			260		other	0
10108012-IETwo	712	Sound	54	32062119	648	1			260		other	0
10108012-IETwo	713	Sound	56	32085218	573	1			260		other	0
10108012-IETwo	713	Response	1	32089868	5222	1
10108012-IETwo	714	Sound	58	32104418	599	1			260		other	0
10108012-IETwo	714	Response	1	32109147	5328	1
10108012-IETwo	715	Sound	52	32131417	589	1			260		other	0
10108012-IETwo	716	Sound	54	32151517	515	1			260		other	0
10108012-IETwo	717	Sound	54	32172517	675	1			260		other	0
10108012-IETwo	718	Sound	60	32198316	632	1			260		other	0
10108012-IETwo	718	Response	1	32201305	3621	1
10108012-IETwo	719	Sound	58	32216316	626	1			260		other	0
10108012-IETwo	720	Sound	58	32235515	485	1			260		other	0
10108012-IETwo	720	Response	1	32240184	5155	1
10108012-IETwo	721	Sound	51	32252315	613	1			260		other	0
10108012-IETwo	722	Sound	51	32269715	507	1			260		other	0
10108012-IETwo	723	Sound	59	32297314	430	1			260		other	0
10108012-IETwo	723	Response	1	32302023	5139	1
10108012-IETwo	724	Sound	59	32325813	420	1			260		other	0
10108012-IETwo	724	Response	1	32331302	5909	1
10108012-IETwo	725	Sound	55	32353713	644	1			260		other	0
10108012-IETwo	726	Sound	60	32379512	434	1			260		other	0
10108012-IETwo	726	Response	1	32383301	4223	1
10108012-IETwo	727	Sound	53	32398412	661	1			260		other	0
10108012-IETwo	728	Sound	52	32414911	488	1			260		other	0
10108012-IETwo	729	Sound	52	32436811	380	1			260		other	0
10108012-IETwo	730	Sound	50	32453011	408	1			260		other	0
10108012-IETwo	731	Sound	57	32469510	402	1			260		other	0
10108012-IETwo	731	Response	1	32474819	5711	1
10108012-IETwo	732	Sound	60	32493210	595	1			260		other	0
10108012-IETwo	732	Response	1	32497778	5163	1
10108012-IETwo	733	Sound	52	32516309	519	1			260		other	0
10108012-IETwo	734	Sound	56	32532509	546	1			260		other	0
10108012-IETwo	735	Sound	55	32556808	504	1			260		other	0
10108012-IETwo	736	Sound	57	32581708	396	1			260		other	0
10108012-IETwo	737	Sound	50	32607807	653	1			260		other	0
10108012-IETwo	738	Sound	53	32629707	378	1			260		other	0
10108012-IETwo	739	Sound	50	32657306	635	1			260		other	0
10108012-IETwo	740	Sound	54	32683406	559	1			260		other	0
10108012-IETwo	741	Sound	56	32700805	620	1			260		other	0
10108012-IETwo	741	Response	1	32705294	5108	1
10108012-IETwo	742	Sound	53	32729605	410	1			260		other	0
10108012-IETwo	742	Response	1	32740413	11217	1
10108012-IETwo	743	Sound	51	32751804	602	1			260		other	0
10108012-IETwo	744	Sound	53	32773104	561	1			260		other	0
10108012-IETwo	745	Sound	55	32800403	518	1			260		other	0
10108012-IETwo	745	Response	1	32804411	4526	1
10108012-IETwo	746	Sound	53	32823502	609	1			260		other	0
10108012-IETwo	746	Response	1	32830251	7358	1
10108012-IETwo	747	Sound	56	32840902	503	1			260		other	0
10108012-IETwo	747	Response	1	32847050	6651	1
10108012-IETwo	748	Sound	54	32866701	461	1			260		other	0
10108012-IETwo	749	Sound	51	32890401	652	1			260		other	0
10108012-IETwo	750	Sound	50	32908401	646	1			260		other	0
10108012-IETwo	751	Sound	55	32928200	439	1			260		other	0
10108012-IETwo	751	Response	1	32931768	4007	1
10108012-IETwo	752	Sound	58	32954600	663	1			260		other	0
10108012-IETwo	752	Response	1	32960167	6230	2
10108012-IETwo	753	Sound	60	32981899	453	1			260		other	0
10108012-IETwo	753	Response	1	32985767	4321	1
10108012-IETwo	755	Response	255	34391014	1386147	1
10108012-IETwo	757	Sound	33	34467767	657	1			260		other	0
10108012-IETwo	758	Sound	35	34489666	383	1			260		other	0
10108012-IETwo	759	Sound	32	34510366	409	1			260		other	0
10108012-IETwo	760	Sound	38	34534965	667	1			260		other	0
10108012-IETwo	760	Response	1	34539331	5032	1
10108012-IETwo	761	Sound	40	34557765	458	1			260		other	0
10108012-IETwo	761	Response	1	34560530	3224	1
10108012-IETwo	762	Sound	33	34580264	450	1			260		other	0
10108012-IETwo	763	Sound	35	34603964	642	1			260		other	0
10108012-IETwo	764	Sound	36	34631563	399	1			260		other	0
10108012-IETwo	765	Sound	30	34647763	593	1			260		other	0
10108012-IETwo	766	Sound	37	34668762	585	1			260		other	0
10108012-IETwo	767	Sound	39	34687362	512	1			260		other	0
10108012-IETwo	767	Response	1	34692927	6077	1
10108012-IETwo	768	Sound	37	34708361	505	1			260		other	0
10108012-IETwo	769	Sound	39	34729361	497	1			260		other	0
10108012-IETwo	770	Sound	30	34751260	389	1			260		other	0
10108012-IETwo	771	Sound	37	34775560	514	1			260		other	0
10108012-IETwo	771	Response	1	34781405	6359	1
10108012-IETwo	772	Sound	30	34797459	406	1			260		other	0
10108012-IETwo	773	Sound	40	34818159	432	1			260		other	0
10108012-IETwo	773	Response	1	34823164	5437	1
10108012-IETwo	774	Sound	34	34835859	459	1			260		other	0
10108012-IETwo	775	Sound	39	34864358	616	1			260		other	0
10108012-IETwo	775	Response	1	34871163	7421	1
10108012-IETwo	776	Sound	30	34888357	441	1			260		other	0
10108012-IETwo	777	Sound	33	34912057	632	1			260		other	0
10108012-IETwo	778	Sound	36	34938156	390	1			260		other	0
10108012-IETwo	779	Sound	35	34961556	448	1			260		other	0
10108012-IETwo	780	Sound	32	34984655	540	1			260		other	0
10108012-IETwo	781	Sound	35	35002355	400	1			260		other	0
10108012-IETwo	781	Response	1	35011400	9445	1
10108012-IETwo	782	Sound	38	35025754	458	1			260		other	0
10108012-IETwo	783	Sound	32	35049454	483	1			260		other	0
10108012-IETwo	784	Sound	31	35076453	640	1			260		other	0
10108012-IETwo	785	Sound	34	35094753	434	1			260		other	0
10108012-IETwo	786	Sound	39	35121752	424	1			260		other	0
10108012-IETwo	786	Response	1	35130276	8948	1
10108012-IETwo	787	Sound	33	35138552	385	1			260		other	0
10108012-IETwo	788	Sound	38	35164951	609	1			260		other	0
10108012-IETwo	789	Sound	34	35186251	401	1			260		other	0
10108012-IETwo	790	Sound	36	35204251	562	1			260		other	0
10108012-IETwo	790	Response	1	35215475	11786	1
10108012-IETwo	791	Sound	31	35222550	522	1			260		other	0
10108012-IETwo	792	Sound	34	35246250	380	1			260		other	0
10108012-IETwo	793	Sound	32	35264849	641	1			260		other	0
10108012-IETwo	794	Sound	34	35292749	530	1			260		other	0
10108012-IETwo	795	Sound	36	35311048	657	1			260		other	0
10108012-IETwo	796	Sound	40	35328448	384	1			260		other	0
10108012-IETwo	796	Response	1	35333392	5328	1
10108012-IETwo	797	Sound	39	35348247	511	1			260		other	0
10108012-IETwo	798	Sound	40	35368347	603	1			260		other	0
10108012-IETwo	798	Response	1	35373871	6127	1
10108012-IETwo	799	Sound	35	35388447	529	1			260		other	0
10108012-IETwo	800	Sound	33	35415146	553	1			260		other	0
10108012-IETwo	801	Sound	37	35444245	643	1			260		other	0
10108012-IETwo	801	Response	1	35453789	10187	1
10108012-IETwo	802	Sound	40	35469745	467	1			260		other	0
10108012-IETwo	802	Response	1	35474989	5711	1
10108012-IETwo	803	Sound	38	35496144	524	1			260		other	0
10108012-IETwo	803	Response	1	35505788	10168	1
10108012-IETwo	804	Sound	32	35514744	451	1			260		other	0
10108012-IETwo	805	Sound	31	35534543	411	1			260		other	0
10108012-IETwo	806	Sound	31	35553143	504	1			260		other	0
10108012-IETwo	807	Sound	37	35570842	364	1			260		other	0
10108012-IETwo	807	Response	1	35576346	5868	1
10108012-IETwo	808	Sound	36	35593642	490	1			260		other	0
10108012-IETwo	809	Sound	38	35619142	647	1			260		other	0
10108012-IETwo	809	Response	1	35622665	4171	1
10108012-IETwo	810	Sound	31	35641341	506	1			260		other	0
10108012-IETwo	811	Sound	30	35664740	397	1			260		other	0
10108012-IETwo	813	Response	255	35731863	40097	1
10108012-IETwo	815	Sound	20	35808137	580	1			260		other	0
10108012-IETwo	815	Response	1	35811381	3823	1
10108012-IETwo	816	Sound	17	35824937	540	1			260		other	0
10108012-IETwo	816	Response	1	35830180	5784	1
10108012-IETwo	817	Sound	19	35841737	501	1			260		other	0
10108012-IETwo	817	Response	1	35848340	7104	1
10108012-IETwo	818	Sound	18	35858536	628	1			260		other	0
10108012-IETwo	818	Response	1	35863140	5232	1
10108012-IETwo	819	Sound	18	35875036	456	1			260		other	0
10108012-IETwo	819	Response	1	35881299	6719	1
10108012-IETwo	820	Sound	14	35895435	515	1			260		other	0
10108012-IETwo	821	Sound	17	35921835	406	1			260		other	0
10108012-IETwo	822	Sound	19	35943134	532	1			260		other	0
10108012-IETwo	822	Response	1	35946818	4215	1
10108012-IETwo	823	Sound	12	35966534	423	1			260		other	0
10108012-IETwo	824	Sound	19	35993833	547	1			260		other	0
10108012-IETwo	824	Response	1	35998576	5290	1
10108012-IETwo	825	Sound	12	36018733	438	1			260		other	0
10108012-IETwo	826	Sound	13	36044832	529	1			260		other	0
10108012-IETwo	826	Response	1	36051935	7632	1
10108012-IETwo	827	Sound	20	36072432	619	1			260		other	0
10108012-IETwo	827	Response	1	36075935	4122	1
10108012-IETwo	828	Sound	14	36100631	476	1			260		other	0
10108012-IETwo	829	Sound	11	36122530	534	1			260		other	0
10108012-IETwo	830	Sound	10	36143530	527	1			260		other	0
10108012-IETwo	831	Sound	20	36166930	586	1			260		other	0
10108012-IETwo	831	Response	1	36172012	5668	1
10108012-IETwo	832	Sound	14	36191229	543	1			260		other	0
10108012-IETwo	833	Sound	11	36207129	604	1			260		other	0
10108012-IETwo	834	Sound	13	36224828	631	1			260		other	0
10108012-IETwo	835	Sound	16	36246128	424	1			260		other	0
10108012-IETwo	836	Sound	15	36271027	648	1			260		other	0
10108012-IETwo	837	Sound	15	36294127	407	1			260		other	0
10108012-IETwo	838	Sound	15	36319626	564	1			260		other	0
10108012-IETwo	838	Response	1	36329369	10307	1
10108012-IETwo	839	Sound	20	36341226	490	1			260		other	0
10108012-IETwo	839	Response	1	36346568	5832	1
10108012-IETwo	840	Sound	16	36365225	648	1			260		other	0
10108012-IETwo	841	Sound	14	36381725	642	1			260		other	0
10108012-IETwo	842	Sound	12	36403324	401	1			260		other	0
10108012-IETwo	843	Sound	13	36420424	495	1			260		other	0
10108012-IETwo	843	Response	1	36429606	9677	1
10108012-IETwo	844	Sound	17	36440524	588	1			260		other	0
10108012-IETwo	844	Response	1	36446166	6230	1
10108012-IETwo	845	Sound	13	36456723	449	1			260		other	0
10108012-IETwo	846	Sound	10	36477723	441	1			260		other	0
10108012-IETwo	847	Sound	11	36505922	464	1			260		other	0
10108012-IETwo	848	Sound	11	36528722	590	1			260		other	0
10108012-IETwo	849	Sound	17	36550621	482	1			260		other	0
10108012-IETwo	849	Response	1	36555203	5064	1
10108012-IETwo	850	Sound	18	36573721	574	1			260		other	0
10108012-IETwo	850	Response	1	36580803	7656	1
10108012-IETwo	851	Sound	18	36595920	599	1			260		other	0
10108012-IETwo	851	Response	1	36602402	7081	1
10108012-IETwo	852	Sound	15	36618420	424	1			260		other	0
10108012-IETwo	852	Response	1	36627922	9926	1
10108012-IETwo	853	Sound	10	36636719	385	1			260		other	0
10108012-IETwo	854	Sound	17	36661619	442	1			260		other	0
10108012-IETwo	854	Response	1	36670081	8904	1
10108012-IETwo	855	Sound	19	36685018	501	1			260		other	0
10108012-IETwo	855	Response	1	36693040	8523	1
10108012-IETwo	856	Sound	11	36707518	659	1			260		other	0
10108012-IETwo	857	Sound	13	36733017	650	1			260		other	0
10108012-IETwo	858	Sound	16	36750417	544	1			260		other	0
10108012-IETwo	858	Response	1	36760959	11086	1
10108012-IETwo	859	Sound	18	36767216	505	1			260		other	0
10108012-IETwo	860	Sound	15	36783716	666	1			260		other	0
10108012-IETwo	860	Response	1	36785038	1987	1
10108012-IETwo	861	Sound	14	36807716	491	1			260		other	0
10108012-IETwo	861	Response	1	36824317	17092	1
10108012-IETwo	862	Sound	10	36829615	383	1			260		other	0
10108012-IETwo	863	Sound	16	36856614	373	1			260		other	0
10108012-IETwo	864	Sound	20	36881814	397	1			260		other	0
10108012-IETwo	864	Response	1	36885516	4099	1
10108012-IETwo	865	Sound	19	36903713	456	1			260		other	0
10108012-IETwo	865	Response	1	36908475	5218	1
10108012-IETwo	866	Sound	10	36921713	616	1			260		other	0
10108012-IETwo	867	Sound	12	36942413	476	1			260		other	0
10108012-IETwo	868	Sound	16	36963412	468	1			260		other	0
10108012-IETwo	869	Sound	12	36991612	659	1			260		other	0

The following output port codes were not sent because of a conflict on the port.
Port	Code	Time(ms)
1	253	82622.4
1	253	219627
1	253	396399
1	253	627802
1	253	849964
1	253	1.01074e+06
1	253	1.2274e+06
1	253	1.58363e+06
1	253	1.89444e+06
1	253	2.15017e+06
1	253	2.40978e+06
1	253	2.86493e+06
1	253	3.16742e+06
1	253	3.4391e+06
1	253	3.57319e+06
1	253	3.70116e+06
