Scenario - 
Logfile written - 10/13/2018 10:32:28

Subject	Trial	Event Type	Code	Time	TTime	Uncertainty	Duration	Uncertainty	ReqTime	ReqDur	Stim Type	Pair Index

10108006_2	1	Response	255	193185	192852	1
10108006_2	3	Sound	34	272606	260	1			260		other	0
10108006_2	4	Sound	36	300782	260	1			260		other	0
10108006_2	4	Response	1	305023	4501	1
10108006_2	5	Sound	40	321956	260	1			260		other	0
10108006_2	5	Response	1	324463	2767	1
10108006_2	6	Sound	38	338795	260	1			260		other	0
10108006_2	6	Response	1	342143	3608	1
10108006_2	6	Response	1	358942	20408	1
10108006_2	7	Sound	34	362303	260	1			260		other	0
10108006_2	8	Sound	36	382643	260	1			260		other	0
10108006_2	8	Response	1	386062	3679	1
10108006_2	9	Sound	34	407652	260	1			260		other	0
10108006_2	9	Response	1	410542	3150	1
10108006_2	10	Sound	33	429659	260	1			260		other	0
10108006_2	10	Response	1	434141	4742	1
10108006_2	11	Sound	33	458169	260	1			260		other	0
10108006_2	12	Sound	31	481677	260	1			260		other	0
10108006_2	13	Sound	35	499683	260	1			260		other	0
10108006_2	13	Response	1	503980	4556	1
10108006_2	14	Sound	39	517856	260	1			260		other	0
10108006_2	14	Response	1	521740	4144	1
10108006_2	15	Sound	35	544031	260	1			260		other	0
10108006_2	15	Response	1	547739	3967	1
10108006_2	16	Sound	37	570373	260	1			260		other	0
10108006_2	16	Response	1	574378	4265	1
10108006_2	17	Sound	40	597883	260	1			260		other	0
10108006_2	17	Response	1	600138	2515	1
10108006_2	18	Sound	31	614722	260	1			260		other	0
10108006_2	19	Sound	30	640064	260	1			260		other	0
10108006_2	20	Sound	30	666740	260	1			260		other	0
10108006_2	20	Response	1	669417	2937	1
10108006_2	21	Sound	30	695083	260	1			260		other	0
10108006_2	22	Sound	31	721425	260	1			260		other	0
10108006_2	23	Sound	39	744600	260	1			260		other	0
10108006_2	23	Response	1	747575	3235	1
10108006_2	24	Sound	32	766941	260	1			260		other	0
10108006_2	25	Sound	32	786781	260	1			260		other	0
10108006_2	25	Response	1	792135	5614	1
10108006_2	26	Sound	38	805287	260	1			260		other	0
10108006_2	26	Response	1	808535	3507	1
10108006_2	27	Sound	33	832963	260	1			260		other	0
10108006_2	27	Response	1	837814	5111	1
10108006_2	28	Sound	38	855137	260	1			260		other	0
10108006_2	28	Response	1	858533	3656	1
10108006_2	29	Sound	37	878815	263	1			260		other	0
10108006_2	29	Response	1	883653	5101	1
10108006_2	30	Sound	38	899486	260	1			260		other	0
10108006_2	30	Response	1	902453	3227	1
10108006_2	31	Sound	35	919326	260	1			260		other	0
10108006_2	31	Response	1	923413	4346	1
10108006_2	32	Sound	34	941334	260	1			260		other	0
10108006_2	32	Response	1	945252	4178	1
10108006_2	33	Sound	36	962174	260	1			260		other	0
10108006_2	33	Response	1	965412	3498	1
10108006_2	34	Sound	33	980347	260	1			260		other	0
10108006_2	34	Response	1	983732	3645	1
10108006_2	35	Sound	30	1005189	260	1			260		other	0
10108006_2	36	Sound	31	1030213	276	1			260		other	0
10108006_2	36	Response	1	1030931	993	1
10108006_2	37	Sound	33	1052872	260	1			260		other	0
10108006_2	37	Response	1	1056450	3838	1
10108006_2	38	Sound	37	1078547	260	1			260		other	0
10108006_2	38	Response	1	1082290	4003	1
10108006_2	39	Sound	39	1101055	260	1			260		other	0
10108006_2	39	Response	1	1103649	2855	1
10108006_2	40	Sound	30	1123562	260	1			260		other	0
10108006_2	41	Sound	40	1142235	260	1			260		other	0
10108006_2	41	Response	1	1144289	2314	1
10108006_2	42	Sound	34	1158908	260	1			260		other	0
10108006_2	42	Response	1	1162608	3960	1
10108006_2	43	Sound	40	1181249	260	1			260		other	0
10108006_2	43	Response	1	1184688	3699	1
10108006_2	44	Sound	38	1199754	259	1			260		other	0
10108006_2	44	Response	1	1204368	4873	1
10108006_2	45	Sound	39	1217261	260	1			260		other	0
10108006_2	45	Response	1	1220767	3766	1
10108006_2	46	Sound	39	1236439	265	1			260		other	0
10108006_2	46	Response	1	1239727	3553	1
10108006_2	47	Sound	35	1261276	260	1			260		other	0
10108006_2	47	Response	1	1266206	5190	1
10108006_2	48	Sound	32	1288117	258	1			260		other	0
10108006_2	48	Response	1	1291966	4108	1
10108006_2	49	Sound	31	1310127	261	1			260		other	0
10108006_2	49	Response	1	1313806	3940	1
10108006_2	50	Sound	32	1327297	258	1			260		other	0
10108006_2	50	Response	1	1331725	4687	1
10108006_2	51	Sound	36	1348805	259	1			260		other	0
10108006_2	51	Response	1	1352285	3739	1
10108006_2	52	Sound	35	1374980	259	1			260		other	0
10108006_2	52	Response	1	1379165	4443	1
10108006_2	53	Sound	32	1391486	259	1			260		other	0
10108006_2	53	Response	1	1395324	4097	1
10108006_2	54	Sound	37	1410159	259	1			260		other	0
10108006_2	54	Response	1	1414044	4144	1
10108006_2	55	Sound	36	1427336	263	1			260		other	0
10108006_2	55	Response	1	1431084	4011	1
10108006_2	55	Response	1	1445724	18651	1
10108006_2	56	Sound	37	1452339	258	1			260		other	0
10108006_2	56	Response	1	1456923	4842	1
10108006_2	57	Sound	40	1473680	258	1			260		other	0
10108006_2	57	Response	1	1476363	2941	1
10108006_2	59	Response	255	1710519	214676	1
10108006_2	61	Sound	39	1776786	261	1			260		other	0
10108006_2	61	Response	1	1780198	3672	1
10108006_2	62	Sound	31	1801960	259	1			260		other	0
10108006_2	63	Sound	37	1820467	260	1			260		other	0
10108006_2	63	Response	1	1824997	4790	1
10108006_2	64	Sound	35	1837805	259	1			260		other	0
10108006_2	65	Sound	36	1866483	260	1			260		other	0
10108006_2	65	Response	1	1870436	4213	1
10108006_2	66	Sound	35	1887491	261	1			260		other	0
10108006_2	67	Sound	37	1914665	259	1			260		other	0
10108006_2	67	Response	1	1917795	3390	1
10108006_2	68	Sound	37	1938007	261	1			260		other	0
10108006_2	68	Response	1	1942515	4768	1
10108006_2	69	Sound	36	1954511	258	1			260		other	0
10108006_2	69	Response	1	1958035	3782	1
10108006_2	70	Sound	35	1981354	259	1			260		other	0
10108006_2	70	Response	1	1985314	4219	1
10108006_2	71	Sound	36	2008697	259	1			260		other	0
10108006_2	71	Response	1	2012594	4156	1
10108006_2	72	Sound	33	2037206	259	1			260		other	0
10108006_2	72	Response	1	2041713	4766	1
10108006_2	73	Sound	33	2065727	270	1			260		other	0
10108006_2	74	Sound	38	2083724	260	1			260		other	0
10108006_2	74	Response	1	2088032	4569	1
10108006_2	75	Sound	34	2100894	258	1			260		other	0
10108006_2	75	Response	1	2105072	4436	1
10108006_2	76	Sound	30	2127925	280	1			260		other	0
10108006_2	76	Response	1	2143231	15586	1
10108006_2	77	Sound	33	2154080	260	1			260		other	0
10108006_2	78	Sound	39	2173925	265	1			260		other	0
10108006_2	78	Response	1	2176911	3250	1
10108006_2	79	Sound	30	2202931	261	1			260		other	0
10108006_2	80	Sound	39	2225106	261	1			260		other	0
10108006_2	80	Response	1	2228910	4065	1
10108006_2	81	Sound	36	2244612	260	1			260		other	0
10108006_2	82	Sound	34	2262450	259	1			260		other	0
10108006_2	83	Sound	33	2284625	260	1			260		other	0
10108006_2	83	Response	1	2288989	4624	1
10108006_2	84	Sound	30	2304132	260	1			260		other	0
10108006_2	85	Sound	39	2331309	261	1			260		other	0
10108006_2	85	Response	1	2334668	3620	1
10108006_2	86	Sound	33	2355322	267	1			260		other	0
10108006_2	87	Sound	31	2374488	259	1			260		other	0
10108006_2	88	Sound	30	2392160	259	1			260		other	0
10108006_2	89	Sound	40	2409169	261	1			260		other	0
10108006_2	89	Response	1	2411707	2799	1
10108006_2	90	Sound	32	2431342	260	1			260		other	0
10108006_2	90	Response	1	2436026	4944	1
10108006_2	91	Sound	39	2452682	259	1			260		other	0
10108006_2	91	Response	1	2456506	4084	1
10108006_2	92	Sound	32	2469688	260	1			260		other	0
10108006_2	93	Sound	40	2489528	260	1			260		other	0
10108006_2	93	Response	1	2492345	3076	2
10108006_2	94	Sound	37	2517704	260	1			260		other	0
10108006_2	95	Sound	40	2539045	260	1			260		other	0
10108006_2	95	Response	1	2541944	3159	1
10108006_2	96	Sound	38	2568387	259	1			260		other	0
10108006_2	96	Response	1	2575144	7015	1
10108006_2	97	Sound	31	2588395	260	1			260		other	0
10108006_2	98	Sound	35	2609570	261	1			260		other	0
10108006_2	99	Sound	37	2628575	259	1			260		other	0
10108006_2	99	Response	1	2631943	3627	1
10108006_2	100	Sound	38	2645581	260	1			260		other	0
10108006_2	101	Sound	34	2666089	260	1			260		other	0
10108006_2	101	Response	1	2669302	3474	1

The following output port codes were not sent because of a conflict on the port.
Port	Code	Time(ms)
1	253	19321.5
1	253	171055
