Scenario - 
Logfile written - 03/06/2019 18:56:37

Subject	Trial	Event Type	Code	Time	TTime	Uncertainty	Duration	Uncertainty	ReqTime	ReqDur	Stim Type	Pair Index

10108025	1	Response	255	316532	315865	1
10108025	3	Sound	57	392001	623	1			260		other	0
10108025	3	Response	1	403409	12031	1
10108025	4	Sound	52	409000	617	1			260		other	0
10108025	5	Sound	54	426000	946	1			260		other	0
10108025	5	Response	1	435327	10273	1
10108025	6	Sound	51	442999	605	1			260		other	0
10108025	7	Sound	60	460498	932	1			260		other	0
10108025	7	Response	1	463086	3520	1
10108025	8	Sound	55	478498	759	1			260		other	0
10108025	8	Response	1	487086	9346	1
10108025	9	Sound	53	499997	584	1			260		other	0
10108025	10	Sound	60	521496	743	1			260		other	0
10108025	10	Response	1	524444	3691	1
10108025	11	Sound	56	550495	733	1			260		other	0
10108025	11	Response	1	554603	4841	1
10108025	12	Sound	53	572494	725	1			260		other	0
10108025	13	Sound	59	589993	1052	1			260		other	0
10108025	13	Response	1	593242	4300	1
10108025	14	Sound	51	610993	1045	1			260		other	0
10108025	15	Sound	50	632992	1037	1			260		other	0
10108025	16	Sound	53	657491	1028	1			260		other	0
10108025	17	Sound	57	677490	688	1			260		other	0
10108025	17	Response	1	681718	4915	1
10108025	18	Sound	55	697490	847	1			260		other	0
10108025	18	Response	1	703397	6755	1
10108025	19	Sound	58	719989	1008	1			260		other	0
10108025	19	Response	1	722996	4015	1
10108025	20	Sound	57	746488	997	1			260		other	0
10108025	20	Response	1	750755	5264	1
10108025	21	Sound	58	770987	655	1			260		other	0
10108025	21	Response	1	773955	3623	1
10108025	22	Sound	50	796486	812	1			260		other	0
10108025	23	Sound	52	817485	638	1			260		other	0
10108025	24	Sound	60	846484	961	1			260		other	0
10108025	24	Response	1	849072	3549	1
10108025	25	Sound	59	870483	619	1			260		other	0
10108025	25	Response	1	875471	5607	1
10108025	26	Sound	54	893982	944	1			260		other	0
10108025	26	Response	1	898910	5872	1
10108025	27	Sound	55	916982	769	1			260		other	0
10108025	27	Response	1	920269	4057	1
10108025	28	Sound	56	936981	929	1			260		other	0
10108025	28	Response	1	939548	3496	1
10108025	29	Sound	51	960980	753	1			260		other	0
10108025	29	Response	1	964668	4441	1
10108025	30	Sound	57	980479	580	1			260		other	0
10108025	30	Response	1	983627	3727	1
10108025	31	Sound	53	1005478	904	1			260		other	0
10108025	31	Response	1	1008346	3772	1
10108025	32	Sound	52	1032477	728	1			260		other	0
10108025	33	Sound	53	1054976	1053	1			260		other	0
10108025	34	Sound	58	1078976	711	1			260		other	0
10108025	34	Response	1	1083063	4799	1
10108025	35	Sound	58	1095475	707	1			260		other	0
10108025	35	Response	1	1098502	3734	1
10108025	36	Sound	60	1124474	1029	1			260		other	0
10108025	36	Response	1	1127141	3697	1
10108025	37	Sound	51	1146973	688	1			260		other	0
10108025	38	Sound	55	1171472	846	1			260		other	0
10108025	38	Response	1	1176340	5714	1
10108025	39	Sound	59	1191471	671	1			260		other	0
10108025	39	Response	1	1194179	3378	1
10108025	40	Sound	56	1215971	829	1			260		other	0
10108025	40	Response	1	1218498	3357	1
10108025	41	Sound	57	1234970	656	1			260		other	0
10108025	41	Response	1	1237457	3143	1
10108025	42	Sound	50	1260469	647	1			260		other	0
10108025	43	Sound	50	1277468	974	1			260		other	0
10108025	44	Sound	59	1306967	963	1			260		other	0
10108025	44	Response	1	1310014	4011	1
10108025	45	Sound	50	1324466	790	1			260		other	0
10108025	46	Sound	59	1346966	616	1			260		other	0
10108025	46	Response	1	1350653	4303	1
10108025	47	Sound	55	1375965	606	1			260		other	0
10108025	47	Response	1	1379052	3693	1
10108025	48	Sound	54	1392964	933	1			260		other	0
10108025	49	Sound	52	1415963	591	1			260		other	0
10108025	49	Response	1	1420090	4718	1
10108025	50	Sound	56	1439962	749	1			260		other	0
10108025	50	Response	1	1443449	4236	1
10108025	51	Sound	58	1465461	573	1			260		other	0
10108025	51	Response	1	1468808	3920	1
10108025	52	Sound	60	1492960	897	1			260		other	0
10108025	52	Response	1	1495447	3384	1
10108025	53	Sound	56	1515959	1056	1			260		other	0
10108025	54	Sound	54	1543958	1047	1			260		other	0
10108025	54	Response	1	1549845	6934	1
10108025	55	Sound	52	1561458	873	1			260		other	0
10108025	56	Sound	51	1586457	1030	1			260		other	0
10108025	57	Sound	54	1607956	689	1			260		other	0
10108025	57	Response	1	1612323	5056	1
10108025	59	Response	255	1673681	41659	1
10108025	61	Sound	58	1751451	638	1			260		other	0
10108025	61	Response	1	1755437	4625	1
10108025	62	Sound	57	1767950	632	1			260		other	0
10108025	62	Response	1	1771997	4679	1
10108025	63	Sound	52	1795949	789	1			260		other	0
10108025	64	Sound	59	1821948	946	1			260		other	0
10108025	64	Response	1	1825755	4753	1
10108025	65	Sound	50	1840947	773	1			260		other	0
10108025	66	Sound	59	1864947	765	1			260		other	0
10108025	66	Response	1	1868793	4611	1
10108025	67	Sound	51	1888946	589	1			260		other	0
10108025	68	Sound	52	1917445	746	1			260		other	0
10108025	69	Sound	54	1933944	573	1			260		other	0
10108025	70	Sound	59	1959443	1064	1			260		other	0
10108025	70	Response	1	1962950	4571	1
10108025	71	Sound	51	1988442	720	1			260		other	0
10108025	72	Sound	56	2006941	1047	1			260		other	0
10108025	72	Response	1	2010548	4654	1
10108025	73	Sound	55	2025441	1041	1			260		other	0
10108025	73	Response	1	2029107	4707	1
10108025	74	Sound	57	2041940	868	1			260		other	0
10108025	74	Response	1	2046387	5315	1
10108025	75	Sound	54	2065939	1026	1			260		other	0
10108025	75	Response	1	2070866	5953	1
10108025	76	Sound	56	2089938	1018	1			260		other	0
10108025	76	Response	1	2092864	3944	1
10108025	77	Sound	59	2110937	1010	1			260		other	0
10108025	77	Response	1	2113664	3737	1
10108025	78	Sound	52	2127437	671	1			260		other	0
10108025	79	Sound	60	2155436	661	1			260		other	0
10108025	79	Response	1	2157982	3207	1
10108025	80	Sound	51	2171935	655	1			260		other	0
10108025	81	Sound	54	2194434	814	1			260		other	0
10108025	81	Response	1	2197501	3880	1
10108025	82	Sound	50	2220933	804	1			260		other	0
10108025	82	Response	1	2225260	5130	1
10108025	83	Sound	52	2242933	630	1			260		other	0
10108025	84	Sound	57	2267432	788	1			260		other	0
10108025	84	Response	1	2270698	4054	1
10108025	85	Sound	52	2293431	945	1			260		other	0
10108025	86	Sound	58	2312930	938	1			260		other	0
10108025	86	Response	1	2316776	4784	1
10108025	87	Sound	60	2329929	932	1			260		other	0
10108025	87	Response	1	2333175	4178	1
10108025	88	Sound	54	2347929	592	1			260		other	0
10108025	88	Response	1	2352375	5039	1
10108025	89	Sound	55	2375928	582	1			260		other	0
10108025	89	Response	1	2381894	6548	1
10108025	90	Sound	53	2393427	909	1			260		other	0
10108025	90	Response	1	2397653	5135	1
10108025	91	Sound	60	2421926	899	1			260		other	0
10108025	91	Response	1	2424532	3506	1
10108025	92	Sound	56	2444425	892	1			260		other	0
10108025	93	Sound	54	2461424	1053	1			260		other	0
10108025	94	Sound	56	2479424	879	1			260		other	0
10108025	94	Response	1	2484770	6225	1
10108025	95	Sound	50	2506923	869	1			260		other	0
10108025	96	Sound	57	2530422	1027	1			260		other	0
10108025	96	Response	1	2533728	4334	1
10108025	97	Sound	55	2556421	851	1			260		other	0
10108025	97	Response	1	2560127	4558	1
10108025	98	Sound	60	2585420	841	1			260		other	0
10108025	98	Response	1	2587886	3307	1
10108025	99	Sound	50	2610419	665	1			260		other	0
10108025	100	Sound	53	2636918	989	1			260		other	0
10108025	101	Sound	51	2662917	813	1			260		other	0
10108025	102	Sound	60	2691916	636	1			260		other	0
10108025	102	Response	1	2694522	3242	1
10108025	103	Sound	55	2712415	796	1			260		other	0
10108025	104	Sound	58	2731414	622	1			260		other	0
10108025	104	Response	1	2737560	6768	1
10108025	105	Sound	51	2759414	779	1			260		other	0
10108025	106	Sound	58	2784413	603	1			260		other	0
10108025	106	Response	1	2788678	4869	1
10108025	107	Sound	58	2812411	927	1			260		other	0
10108025	107	Response	1	2815957	4472	1
10108025	108	Sound	53	2830411	920	1			260		other	0
10108025	109	Sound	57	2857410	577	1			260		other	0
10108025	109	Response	1	2860755	3923	1
10108025	110	Sound	59	2884409	734	1			260		other	0
10108025	110	Response	1	2887395	3720	1
10108025	111	Sound	56	2911408	892	1			260		other	0
10108025	111	Response	1	2914513	3997	1
10108025	112	Sound	55	2938407	715	1			260		other	0
10108025	112	Response	1	2943072	5381	1
10108025	113	Sound	50	2967406	705	1			260		other	0
10108025	114	Sound	53	2987905	697	1			260		other	0
10108025	114	Response	1	2993550	6343	1
10108025	115	Sound	53	3008404	857	1			260		other	0
10108025	117	Response	255	3086827	60027	1
10108025	119	Sound	34	3170898	799	1			260		other	0
10108025	120	Sound	32	3193397	624	1			260		other	0
10108025	121	Sound	31	3216397	616	1			260		other	0
10108025	122	Sound	30	3239396	941	1			260		other	0
10108025	123	Sound	36	3264895	932	1			260		other	0
10108025	124	Sound	33	3289894	756	1			260		other	0
10108025	125	Sound	37	3315893	747	1			260		other	0
10108025	125	Response	1	3321858	6712	1
10108025	126	Sound	38	3345392	903	1			260		other	0
10108025	126	Response	1	3352657	8169	1
10108025	127	Sound	35	3367391	729	1			260		other	0
10108025	128	Sound	38	3387390	1055	1			260		other	0
10108025	128	Response	1	3392175	5840	2
10108025	129	Sound	37	3404890	882	1			260		other	0
10108025	130	Sound	40	3425889	708	1			260		other	0
10108025	130	Response	1	3428734	3553	1
10108025	131	Sound	38	3452888	698	1			260		other	0
10108025	131	Response	1	3457293	5103	1
10108025	132	Sound	35	3476887	1023	1			260		other	0
10108025	132	Response	1	3479772	3908	1
10108025	133	Sound	34	3501386	1014	1			260		other	0
10108025	133	Response	1	3505132	4760	1
10108025	134	Sound	36	3520385	841	1			260		other	0
10108025	134	Response	1	3524170	4626	2
10108025	135	Sound	34	3541885	833	1			260		other	0
10108025	135	Response	1	3544490	3439	1
10108025	136	Sound	30	3568384	657	1			260		other	0
10108025	137	Sound	34	3595883	647	1			260		other	0
10108025	138	Sound	33	3619382	972	1			260		other	0
10108025	139	Sound	38	3641881	964	1			260		other	0
10108025	139	Response	1	3645846	4929	1
10108025	140	Sound	39	3660880	791	1			260		other	0
10108025	140	Response	1	3665045	4956	1
10108025	141	Sound	37	3688879	781	1			260		other	0
10108025	141	Response	1	3693924	5826	1
10108025	142	Sound	33	3713878	772	1			260		other	0
10108025	143	Sound	36	3736377	597	1			260		other	0
10108025	143	Response	1	3743042	7262	1
10108025	144	Sound	31	3760877	922	1			260		other	0
10108025	145	Sound	31	3785876	913	1			260		other	0
10108025	145	Response	1	3789121	4158	1
10108025	146	Sound	33	3802875	907	1			260		other	0
10108025	146	Response	1	3807920	5952	1
10108025	147	Sound	37	3826874	732	1			260		other	0
10108025	147	Response	1	3833439	7296	1
10108025	148	Sound	40	3846873	725	1			260		other	0
10108025	148	Response	1	3849838	3689	1
10108025	149	Sound	36	3867873	884	1			260		other	0
10108025	150	Sound	33	3885372	1044	1			260		other	0
10108025	151	Sound	40	3907871	1036	1			260		other	0
10108025	151	Response	1	3910556	3721	1
10108025	152	Sound	35	3932870	1028	1			260		other	0
10108025	152	Response	1	3938955	7112	1
10108025	153	Sound	39	3954369	686	1			260		other	0
10108025	153	Response	1	3957994	4311	1
10108025	154	Sound	31	3978368	677	1			260		other	0
10108025	155	Sound	40	4002368	669	1			260		other	0
10108025	155	Response	1	4005832	4134	1
10108025	156	Sound	39	4018867	663	1			260		other	0
10108025	157	Sound	30	4042366	988	1			260		other	0
10108025	157	Response	1	4047751	6373	1
10108025	158	Sound	35	4069365	979	1			260		other	0
10108025	158	Response	1	4071830	3443	1
10108025	159	Sound	32	4098364	968	1			260		other	0
10108025	160	Sound	38	4121863	960	1			260		other	0
10108025	160	Response	1	4126868	5964	1
10108025	161	Sound	39	4149862	783	1			260		other	0
10108025	161	Response	1	4155027	5948	1
10108025	162	Sound	36	4168861	943	1			260		other	0
10108025	162	Response	1	4175346	7427	1
10108025	163	Sound	31	4186861	937	1			260		other	0
10108025	163	Response	1	4196945	11021	1
10108025	164	Sound	40	4208360	929	1			260		other	0
10108025	164	Response	1	4214224	6793	1
10108025	165	Sound	39	4233359	920	1			260		other	0
10108025	165	Response	1	4236943	4504	1
10108025	166	Sound	30	4252358	913	1			260		other	0
10108025	167	Sound	32	4279857	903	1			260		other	0
10108025	168	Sound	35	4306856	894	1			260		other	0
10108025	169	Sound	32	4324356	1055	1			260		other	0
10108025	169	Response	1	4329100	5799	1
10108025	170	Sound	34	4350855	1045	1			260		other	0
10108025	170	Response	1	4354699	4889	1
10108025	171	Sound	32	4379354	868	1			260		other	0
10108025	172	Sound	30	4398853	861	1			260		other	0
10108025	173	Sound	37	4420852	853	1			260		other	0
10108025	173	Response	1	4425256	5258	1
10108025	175	Response	255	4467815	25562	1
10108025	177	Sound	54	4539848	644	1			260		other	0
10108025	177	Response	1	4544692	5488	1
10108025	178	Sound	54	4567347	634	1			260		other	0
10108025	178	Response	1	4570691	3978	1
10108025	179	Sound	56	4586846	794	1			260		other	0
10108025	179	Response	1	4590131	4079	1
10108025	180	Sound	54	4604845	954	1			260		other	0
10108025	180	Response	1	4608049	4158	1
10108025	181	Sound	57	4625845	614	1			260		other	0
10108025	181	Response	1	4631649	6418	1
10108025	182	Sound	55	4647844	939	1			260		other	0
10108025	183	Sound	55	4675343	762	1			260		other	0
10108025	183	Response	1	4679727	5146	1
10108025	184	Sound	53	4696842	588	1			260		other	0
10108025	184	Response	1	4701566	5312	1
10108025	185	Sound	58	4715341	581	1			260		other	0
10108025	185	Response	1	4719085	4325	1
10108025	186	Sound	56	4735341	741	1			260		other	0
10108025	186	Response	1	4738524	3925	3
10108025	187	Sound	51	4756840	900	1			260		other	0
10108025	187	Response	1	4762924	6984	1
10108025	188	Sound	53	4786339	1056	1			260		other	0
10108025	189	Sound	59	4812838	713	1			260		other	0
10108025	189	Response	1	4816682	4557	1
10108025	190	Sound	53	4829837	1041	1			260		other	0
10108025	191	Sound	59	4853336	866	1			260		other	0
10108025	191	Response	1	4857080	4610	1
10108025	192	Sound	52	4877335	1024	1			260		other	0
10108025	193	Sound	60	4897334	683	1			260		other	0
10108025	193	Response	1	4900119	3467	1
10108025	194	Sound	52	4923833	674	1			260		other	0
10108025	195	Sound	58	4940333	835	1			260		other	0
10108025	195	Response	1	4944517	5018	1
10108025	196	Sound	55	4963832	826	1			260		other	0
10108025	196	Response	1	4967876	4870	1
10108025	197	Sound	51	4991331	650	1			260		other	0
10108025	198	Sound	58	5011330	976	1			260		other	0
10108025	198	Response	1	5014354	4000	1
10108025	199	Sound	60	5035829	967	1			260		other	0
10108025	199	Response	1	5038433	3571	1
10108025	200	Sound	57	5061328	958	1			260		other	0
10108025	200	Response	1	5066592	6222	1
10108025	201	Sound	57	5078328	785	1			260		other	0
10108025	201	Response	1	5084112	6569	1
10108025	202	Sound	56	5098827	945	1			260		other	0
10108025	202	Response	1	5102431	4548	2
10108025	203	Sound	57	5121826	603	1			260		other	0
10108025	203	Response	1	5124910	3687	1
10108025	204	Sound	59	5151325	926	1			260		other	0
10108025	204	Response	1	5155309	4909	2
10108025	205	Sound	50	5177824	750	1			260		other	0
10108025	206	Sound	56	5204323	574	1			260		other	0
10108025	206	Response	1	5207947	4197	2
10108025	207	Sound	54	5229822	731	1			260		other	0
10108025	208	Sound	53	5252321	1057	1			260		other	0
10108025	208	Response	1	5257305	6040	1
10108025	209	Sound	54	5272821	717	1			260		other	0
10108025	209	Response	1	5276504	4401	1
10108025	210	Sound	60	5295320	876	1			260		other	0
10108025	210	Response	1	5297463	3019	1
10108025	211	Sound	57	5319819	1033	1			260		other	0
10108025	211	Response	1	5323302	4516	1
10108025	212	Sound	50	5336818	693	1			260		other	0
10108025	213	Sound	59	5361317	1018	1			260		other	0
10108025	213	Response	1	5364100	3801	1
10108025	214	Sound	51	5384317	676	1			260		other	0
10108025	215	Sound	59	5400816	670	1			260		other	0
10108025	215	Response	1	5404979	4834	1
10108025	216	Sound	58	5418815	997	1			260		other	0
10108025	216	Response	1	5428978	11161	1
10108025	217	Sound	52	5435315	991	1			260		other	0
10108025	218	Sound	51	5463314	815	1			260		other	0
10108025	219	Sound	60	5491812	804	1			260		other	0
10108025	219	Response	1	5494496	3488	1
10108025	220	Sound	51	5517812	962	1			260		other	0
10108025	221	Sound	50	5534811	956	1			260		other	0
10108025	222	Sound	55	5556310	782	1			260		other	0
10108025	223	Sound	55	5573310	942	1			260		other	0
10108025	224	Sound	50	5599808	766	1			260		other	0
10108025	225	Sound	50	5627308	756	1			260		other	0
10108025	226	Sound	60	5655306	913	1			260		other	0
10108025	226	Response	1	5659210	4816	1
10108025	227	Sound	52	5679805	571	1			260		other	0
10108025	228	Sound	53	5702805	896	1			260		other	0
10108025	229	Sound	56	5719804	890	1			260		other	0
10108025	229	Response	1	5725847	6933	1
10108025	230	Sound	52	5738803	1050	1			260		other	0
10108025	231	Sound	58	5766802	873	1			260		other	0
10108025	231	Response	1	5771766	5836	1
10108025	233	Response	255	5836163	41145	1
10108025	235	Sound	12	5903797	824	1			260		other	0
10108025	236	Sound	18	5931796	814	1			260		other	0
10108025	236	Response	1	5935999	5017	1
10108025	237	Sound	15	5955795	639	1			260		other	0
10108025	237	Response	1	5960078	4922	1
10108025	238	Sound	14	5979794	630	1			260		other	0
10108025	238	Response	1	5983597	4433	1
10108025	239	Sound	16	6006293	788	1			260		other	0
10108025	240	Sound	14	6034292	611	1			260		other	0
10108025	241	Sound	18	6061292	935	1			260		other	0
10108025	241	Response	1	6070794	10437	1
10108025	242	Sound	20	6086790	926	1			260		other	0
10108025	242	Response	1	6090473	4609	1
10108025	243	Sound	17	6107290	918	1			260		other	0
10108025	244	Sound	19	6125789	745	1			260		other	0
10108025	244	Response	1	6130232	5188	1
10108025	245	Sound	18	6151788	1069	1			260		other	0
10108025	245	Response	1	6156871	6152	1
10108025	246	Sound	14	6171287	729	1			260		other	0
10108025	246	Response	1	6176070	5512	1
10108025	247	Sound	10	6196786	720	1			260		other	0
10108025	248	Sound	14	6214286	714	1			260		other	0
10108025	249	Sound	13	6231285	1041	1			260		other	0
10108025	250	Sound	10	6254284	699	1			260		other	0
10108025	251	Sound	10	6274784	692	1			260		other	0
10108025	252	Sound	10	6293783	1019	1			260		other	0
10108025	253	Sound	16	6310782	846	1			260		other	0
10108025	253	Response	1	6315665	5728	1
10108025	254	Sound	11	6334781	837	1			260		other	0
10108025	255	Sound	19	6358281	829	1			260		other	0
10108025	255	Response	1	6363503	6051	1
10108025	256	Sound	20	6380280	654	1			260		other	0
10108025	256	Response	1	6383582	3957	1
10108025	257	Sound	16	6402779	813	1			260		other	0
10108025	258	Sound	19	6427278	804	1			260		other	0
10108025	258	Response	1	6433820	7347	1
10108025	259	Sound	12	6446277	964	1			260		other	0
10108025	260	Sound	17	6472276	788	1			260		other	0
10108025	260	Response	1	6481019	9531	1
10108025	261	Sound	20	6490276	949	1			260		other	0
10108025	261	Response	1	6494378	5051	1
10108025	262	Sound	11	6513275	607	1			260		other	0
10108025	263	Sound	14	6538774	764	1			260		other	0
10108025	264	Sound	19	6565273	922	1			260		other	0
10108025	264	Response	1	6567975	3624	1
10108025	265	Sound	17	6583272	582	1			260		other	0
10108025	265	Response	1	6588534	5844	1
10108025	266	Sound	11	6607771	907	1			260		other	0
10108025	267	Sound	13	6636270	730	1			260		other	0
10108025	268	Sound	10	6658769	888	1			260		other	0
10108025	269	Sound	18	6682269	880	1			260		other	0
10108025	269	Response	1	6687011	5622	1
10108025	270	Sound	19	6702268	873	1			260		other	0
10108025	270	Response	1	6706930	5535	1
10108025	271	Sound	15	6727767	864	1			260		other	0
10108025	272	Sound	20	6746266	857	1			260		other	0
10108025	272	Response	1	6749728	4320	1
10108025	273	Sound	11	6765265	684	1			260		other	0
10108025	274	Sound	18	6785765	843	1			260		other	0
10108025	274	Response	1	6790127	5205	1
10108025	275	Sound	13	6803264	1004	1			260		other	0
10108025	276	Sound	15	6820263	664	1			260		other	0
10108025	277	Sound	15	6841763	656	1			260		other	0
10108025	278	Sound	12	6869762	813	1			260		other	0
10108025	279	Sound	16	6889761	806	1			260		other	0
10108025	280	Sound	13	6909260	966	1			260		other	0
10108025	280	Response	1	6915482	7188	1
10108025	281	Sound	17	6936759	956	1			260		other	0
10108025	281	Response	1	6941481	5678	1
10108025	282	Sound	20	6959258	615	1			260		other	0
10108025	282	Response	1	6961800	3157	1
10108025	283	Sound	11	6984757	772	1			260		other	0
10108025	284	Sound	12	7005757	765	1			260		other	0
10108025	285	Sound	15	7023756	592	1			260		other	0
10108025	286	Sound	17	7044255	751	1			260		other	0
10108025	287	Sound	16	7061255	912	1			260		other	0
10108025	288	Sound	13	7082254	1071	1			260		other	0
10108025	289	Sound	12	7098753	1065	1			260		other	0
10108025	291	Response	255	7219391	98782	1
10108025	293	Sound	40	7292746	996	1			260		other	0
10108025	293	Response	1	7295628	3878	1
10108025	294	Sound	33	7309745	823	1			260		other	0
10108025	295	Sound	38	7332244	982	1			260		other	0
10108025	295	Response	1	7335386	4124	1
10108025	296	Sound	39	7358744	639	1			260		other	0
10108025	296	Response	1	7362025	3920	1
10108025	297	Sound	34	7380743	964	1			260		other	0
10108025	297	Response	1	7383464	3686	1
10108025	298	Sound	35	7401742	957	1			260		other	0
10108025	298	Response	1	7404184	3398	1
10108025	299	Sound	38	7424241	616	1			260		other	0
10108025	299	Response	1	7427783	4157	1
10108025	300	Sound	35	7442240	942	1			260		other	0
10108025	300	Response	1	7445062	3764	1
10108025	301	Sound	38	7470739	932	1			260		other	0
10108025	301	Response	1	7473861	4054	1
10108025	302	Sound	34	7489239	759	1			260		other	0
10108025	302	Response	1	7498100	9620	1
10108025	303	Sound	33	7505738	920	1			260		other	0
10108025	303	Response	1	7510979	6161	1
10108025	303	Response	1	7530899	26080	1
10108025	304	Sound	40	7532237	744	1			260		other	0
10108025	305	Sound	32	7553236	903	1			260		other	0
10108025	306	Sound	39	7582735	1059	1			260		other	0
10108025	306	Response	1	7585697	4021	1
10108025	307	Sound	40	7600735	719	1			260		other	0
10108025	307	Response	1	7603616	3600	1
10108025	308	Sound	31	7621734	712	1			260		other	0
10108025	309	Sound	32	7644733	870	1			260		other	0
10108025	309	Response	1	7656734	12871	1
10108025	310	Sound	37	7667732	862	1			260		other	0
10108025	310	Response	1	7673933	7063	1
10108025	311	Sound	33	7684232	856	1			260		other	0
10108025	311	Response	1	7690093	6717	1
10108025	312	Sound	33	7701731	683	1			260		other	0
10108025	313	Sound	36	7724730	1008	1			260		other	0
10108025	313	Response	1	7731451	7730	1
10108025	314	Sound	40	7752229	832	1			260		other	0
10108025	314	Response	1	7755690	4293	1
10108025	315	Sound	30	7778228	989	1			260		other	0
10108025	316	Sound	31	7796727	983	1			260		other	0
10108025	317	Sound	33	7817226	808	1			260		other	0
10108025	317	Response	1	7820328	3910	1
10108025	318	Sound	30	7841726	633	1			260		other	0
10108025	319	Sound	37	7864225	792	1			260		other	0
10108025	319	Response	1	7869046	5613	1
10108025	320	Sound	37	7887224	950	1			260		other	0
10108025	321	Sound	36	7911223	608	1			260		other	0
10108025	321	Response	1	7916004	5390	1
10108025	322	Sound	38	7935222	600	1			260		other	0
10108025	322	Response	1	7940723	6101	1
10108025	323	Sound	36	7962721	757	1			260		other	0
10108025	324	Sound	31	7983720	916	1			260		other	0
10108025	325	Sound	39	8002720	742	1			260		other	0
10108025	325	Response	1	8006241	4264	1
10108025	326	Sound	31	8027219	567	1			260		other	0
10108025	327	Sound	32	8043718	729	1			260		other	0
10108025	328	Sound	39	8065717	720	1			260		other	0
10108025	328	Response	1	8069758	4761	1
10108025	329	Sound	34	8083717	881	1			260		other	0
10108025	330	Sound	32	8111216	870	1			260		other	0
10108025	331	Sound	35	8129215	697	1			260		other	0
10108025	331	Response	1	8134476	5958	1
10108025	332	Sound	30	8158714	1020	1			260		other	0
10108025	333	Sound	32	8179213	846	1			260		other	0
10108025	334	Sound	38	8203712	838	1			260		other	0
10108025	334	Response	1	8207593	4719	1
10108025	335	Sound	34	8229211	662	1			260		other	0
10108025	336	Sound	36	8257210	819	1			260		other	0
10108025	336	Response	1	8261351	4960	1
10108025	337	Sound	37	8282709	809	1			260		other	0
10108025	337	Response	1	8288230	6330	1
10108025	338	Sound	39	8308708	967	1			260		other	0
10108025	338	Response	1	8312469	4728	1
10108025	339	Sound	35	8335207	791	1			260		other	0
10108025	339	Response	1	8338468	4051	1
10108025	340	Sound	35	8352207	620	1			260		other	0
10108025	340	Response	1	8357508	5920	1
10108025	341	Sound	36	8368706	612	1			260		other	0
10108025	341	Response	1	8373027	4933	1
10108025	342	Sound	37	8387705	939	1			260		other	0
10108025	342	Response	1	8390226	3459	1
10108025	343	Sound	40	8409705	597	1			260		other	0
10108025	343	Response	1	8411906	2798	1
10108025	344	Sound	30	8427204	758	1			260		other	0
10108025	345	Sound	30	8455703	581	1			260		other	0
10108025	346	Sound	34	8475202	907	1			260		other	0
10108025	346	Response	1	8480223	5928	1
10108025	347	Sound	31	8502701	898	1			260		other	0
10108025	349	Response	255	8562620	33894	1
10108025	351	Sound	58	8644196	1014	1			260		other	0
10108025	351	Response	1	8648856	5674	1
10108025	352	Sound	54	8666695	1006	1			260		other	0
10108025	352	Response	1	8670936	5246	1
10108025	353	Sound	55	8686694	999	1			260		other	0
10108025	353	Response	1	8689095	3399	1
10108025	354	Sound	56	8704694	659	1			260		other	0
10108025	354	Response	1	8707414	3379	1
10108025	355	Sound	58	8724193	985	1			260		other	0
10108025	355	Response	1	8726853	3646	1
10108025	356	Sound	51	8749692	643	1			260		other	0
10108025	357	Sound	60	8767191	970	1			260		other	0
10108025	357	Response	1	8769652	3430	1
10108025	358	Sound	54	8788691	796	1			260		other	0
10108025	358	Response	1	8795011	7116	1
10108025	359	Sound	51	8808690	788	1			260		other	0
10108025	359	Response	1	8811410	3509	1
10108025	360	Sound	50	8831689	780	1			260		other	0
10108025	360	Response	1	8834770	3861	1
10108025	361	Sound	53	8860688	603	1			260		other	0
10108025	362	Sound	57	8880187	929	1			260		other	0
10108025	362	Response	1	8885647	6390	1
10108025	363	Sound	58	8901686	922	1			260		other	0
10108025	363	Response	1	8904047	3282	1
10108025	364	Sound	57	8919686	582	1			260		other	0
10108025	364	Response	1	8923246	4142	1
10108025	365	Sound	54	8939685	742	1			260		other	0
10108025	365	Response	1	8942445	3502	1
10108025	366	Sound	57	8962684	733	1			260		other	0
10108025	366	Response	1	8966045	4094	1
10108025	367	Sound	56	8989683	891	1			260		other	0
10108025	367	Response	1	8993564	4771	1
10108025	368	Sound	52	9009682	1050	1			260		other	0
10108025	369	Sound	56	9035682	707	1			260		other	0
10108025	369	Response	1	9039722	4748	1
10108025	370	Sound	59	9062180	1031	1			260		other	0
10108025	370	Response	1	9065241	4091	2
10108025	371	Sound	50	9089179	1022	1			260		other	0
10108025	371	Response	1	9094919	6762	1
10108025	372	Sound	50	9110679	1014	1			260		other	0
10108025	372	Response	1	9115239	5574	1
10108025	373	Sound	50	9128678	841	1			260		other	0
10108025	373	Response	1	9132278	4441	1
10108025	374	Sound	60	9156177	998	1			260		other	0
10108025	374	Response	1	9158277	3098	1
10108025	375	Sound	57	9174676	658	1			260		other	0
10108025	375	Response	1	9181636	7618	1
10108025	376	Sound	51	9198175	649	1			260		other	0
10108025	377	Sound	52	9224675	974	1			260		other	0
10108025	378	Sound	55	9252174	797	1			260		other	0
10108025	378	Response	1	9256593	5217	1
10108025	379	Sound	52	9281172	953	1			260		other	0
10108025	380	Sound	52	9298172	614	1			260		other	0
10108025	381	Sound	53	9317671	774	1			260		other	0
10108025	381	Response	1	9322591	5693	1
10108025	382	Sound	56	9345170	597	1			260		other	0
10108025	383	Sound	60	9368169	755	1			260		other	0
10108025	383	Response	1	9371309	3896	1
10108025	384	Sound	54	9395168	746	1			260		other	0
10108025	385	Sound	54	9417167	572	1			260		other	0
10108025	386	Sound	57	9436167	898	1			260		other	0
10108025	386	Response	1	9442027	6758	1
10108025	386	Response	1	9460826	25557	1
10108025	387	Sound	50	9464166	1055	1			260		other	0
10108025	388	Sound	59	9484665	714	1			260		other	0
10108025	388	Response	1	9489705	5754	1
10108025	389	Sound	55	9508664	705	1			260		other	0
10108025	389	Response	1	9515224	7265	1
10108025	390	Sound	56	9529163	698	1			260		other	0
10108025	390	Response	1	9533143	4678	1
10108025	391	Sound	60	9547663	1025	1			260		other	0
10108025	391	Response	1	9549542	2904	1
10108025	392	Sound	59	9574162	849	1			260		other	0
10108025	392	Response	1	9577461	4148	1
10108025	393	Sound	55	9600661	673	1			260		other	0
10108025	394	Sound	59	9622660	665	1			260		other	0
10108025	394	Response	1	9626180	4184	1
10108025	395	Sound	51	9652159	988	1			260		other	0
10108025	396	Sound	53	9680658	644	1			260		other	0
10108025	397	Sound	51	9702157	803	1			260		other	0
10108025	398	Sound	53	9730656	960	1			260		other	0
10108025	399	Sound	52	9749155	620	1			260		other	0
10108025	400	Sound	59	9766155	947	1			260		other	0
10108025	400	Response	1	9769934	4726	1
10108025	401	Sound	55	9795153	770	1			260		other	0
10108025	402	Sound	60	9815653	762	1			260		other	0
10108025	402	Response	1	9819132	4242	1
10108025	403	Sound	58	9837652	921	1			260		other	0
10108025	403	Response	1	9842011	5281	1
10108025	404	Sound	53	9863151	579	1			260		other	0
10108025	405	Sound	58	9879650	740	1			260		other	0
10108025	405	Response	1	9883530	4619	1
10108025	407	Response	255	9965447	66450	1
10108025	409	Sound	38	10038144	850	1			260		other	0
10108025	409	Response	1	10041444	4149	1
10108025	410	Sound	32	10062644	841	1			260		other	0
10108025	411	Sound	40	10080643	835	1			260		other	0
10108025	411	Response	1	10082962	3154	1
10108025	412	Sound	37	10097142	662	1			260		other	0
10108025	413	Sound	34	10122641	987	1			260		other	0
10108025	413	Response	1	10126001	4346	1
10108025	414	Sound	31	10143640	646	1			260		other	0
10108025	415	Sound	33	10163140	806	1			260		other	0
10108025	416	Sound	33	10182139	965	1			260		other	0
10108025	417	Sound	31	10200639	959	1			260		other	0
10108025	417	Response	1	10207678	7998	1
10108025	418	Sound	31	10222138	618	1			260		other	0
10108025	419	Sound	37	10241637	611	1			260		other	0
10108025	419	Response	1	10246156	5130	1
10108025	420	Sound	38	10260636	771	1			260		other	0
10108025	420	Response	1	10267355	7490	1
10108025	421	Sound	32	10287135	928	1			260		other	0
10108025	421	Response	1	10291594	5387	1
10108025	422	Sound	40	10313634	585	1			260		other	0
10108025	422	Response	1	10316073	3024	1
10108025	423	Sound	31	10337633	576	1			260		other	0
10108025	424	Sound	37	10354133	737	1			260		other	0
10108025	424	Response	1	10359112	5716	1
10108025	425	Sound	38	10378632	728	1			260		other	0
10108025	425	Response	1	10384231	6327	1
10108025	426	Sound	40	10399131	1055	1			260		other	0
10108025	426	Response	1	10401510	3434	1
10108025	427	Sound	30	10418130	881	1			260		other	0
10108025	428	Sound	32	10443629	705	1			260		other	0
10108025	429	Sound	39	10460129	1033	1			260		other	0
10108025	429	Response	1	10465028	5932	1
10108025	430	Sound	33	10489628	1022	1			260		other	0
10108025	431	Sound	34	10518627	845	1			260		other	0
10108025	432	Sound	30	10537626	1005	1			260		other	0
10108025	433	Sound	40	10565125	995	1			260		other	0
10108025	433	Response	1	10567744	3614	1
10108025	434	Sound	35	10581624	656	1			260		other	0
10108025	435	Sound	35	10600124	649	1			260		other	0
10108025	436	Sound	30	10627123	640	1			260		other	0
10108025	437	Sound	34	10646622	800	1			260		other	0
10108025	437	Response	1	10654220	8398	1
10108025	438	Sound	30	10665621	960	1			260		other	0
10108025	438	Response	1	10669740	5078	1
10108025	439	Sound	39	10686120	785	1			260		other	0
10108025	439	Response	1	10691339	6004	1
10108025	440	Sound	39	10702620	780	1			260		other	0
10108025	440	Response	1	10707258	5418	1
10108025	441	Sound	33	10723119	939	1			260		other	0
10108025	442	Sound	35	10751118	929	1			260		other	0
10108025	443	Sound	30	10773117	921	1			260		other	0
10108025	443	Response	1	10776776	4580	1
10108025	444	Sound	32	10799616	578	1			260		other	0
10108025	445	Sound	36	10818116	572	1			260		other	0
10108025	446	Sound	38	10834615	733	1			260		other	0
10108025	446	Response	1	10840533	6651	1
10108025	447	Sound	39	10863114	722	1			260		other	0
10108025	448	Sound	36	10881613	1049	1			260		other	0
10108025	448	Response	1	10887092	6527	1
10108025	449	Sound	38	10903112	875	1			260		other	0
10108025	449	Response	1	10908051	5813	1
10108025	450	Sound	35	10921612	868	1			260		other	0
10108025	451	Sound	34	10942111	861	1			260		other	0
10108025	451	Response	1	10949329	8079	1
10108025	452	Sound	40	10962610	854	1			260		other	0
10108025	452	Response	1	10966609	4852	1
10108025	453	Sound	36	10989109	844	1			260		other	0
10108025	454	Sound	37	11012108	669	1			260		other	0
10108025	455	Sound	34	11035108	661	1			260		other	0
10108025	456	Sound	33	11059107	653	1			260		other	0
10108025	457	Sound	39	11082606	644	1			260		other	0
10108025	457	Response	1	11088684	6722	1
10108025	458	Sound	31	11105105	803	1			260		other	0
10108025	459	Sound	32	11126604	962	1			260		other	0
10108025	460	Sound	35	11145104	622	1			260		other	0
10108025	460	Response	1	11150922	6440	1
10108025	461	Sound	37	11161603	783	1			260		other	0
10108025	461	Response	1	11167561	6741	1
10108025	462	Sound	36	11185102	774	1			260		other	0
10108025	463	Sound	36	11213101	931	1			260		other	0
10108025	465	Response	255	11266517	33094	1
10108025	467	Sound	54	11339596	719	1			260		other	0
10108025	468	Sound	56	11366095	876	1			260		other	0
10108025	469	Sound	60	11394594	700	1			260		other	0
10108025	469	Response	1	11396912	3018	1
10108025	470	Sound	54	11413594	859	1			260		other	0
10108025	471	Sound	59	11431593	854	1			260		other	0
10108025	471	Response	1	11435151	4411	1
10108025	472	Sound	56	11449592	847	1			260		other	0
10108025	473	Sound	50	11470091	839	1			260		other	0
10108025	474	Sound	57	11487591	833	1			260		other	0
10108025	474	Response	1	11492829	6071	1
10108025	475	Sound	58	11515590	824	1			260		other	0
10108025	475	Response	1	11520348	5582	1
10108025	476	Sound	57	11537589	982	1			260		other	0
10108025	476	Response	1	11540427	3820	1
10108025	477	Sound	52	11556088	642	1			260		other	0
10108025	478	Sound	60	11575088	968	1			260		other	0
10108025	478	Response	1	11577786	3667	1
10108025	479	Sound	54	11597087	794	1			260		other	0
10108025	480	Sound	53	11623586	951	1			260		other	0
10108025	481	Sound	55	11649585	775	1			260		other	0
10108025	482	Sound	57	11675084	766	1			260		other	0
10108025	482	Response	1	11678902	4584	1
10108025	483	Sound	58	11697083	591	1			260		other	0
10108025	483	Response	1	11700821	4329	1
10108025	484	Sound	56	11724582	915	1			260		other	0
10108025	484	Response	1	11727860	4193	1
10108025	485	Sound	59	11750581	906	1			260		other	0
10108025	485	Response	1	11753219	3544	1
10108025	486	Sound	50	11770580	1066	1			260		other	0
10108025	487	Sound	51	11794080	890	1			260		other	0
10108025	487	Response	1	11795377	2188	1
10108025	488	Sound	59	11815579	716	1			260		other	0
10108025	488	Response	1	11818336	3474	1
10108025	489	Sound	54	11837578	1042	1			260		other	0
10108025	490	Sound	58	11858077	1034	1			260		other	0
10108025	490	Response	1	11861775	4732	1
10108025	491	Sound	50	11884576	858	1			260		other	0
10108025	492	Sound	51	11911575	1015	1			260		other	0
10108025	493	Sound	60	11928075	676	1			260		other	0
10108025	493	Response	1	11931052	3654	1
10108025	494	Sound	55	11946574	836	1			260		other	0
10108025	495	Sound	60	11968573	828	1			260		other	0
10108025	495	Response	1	11972091	4346	1
10108025	496	Sound	51	11987072	655	1			260		other	0
10108025	497	Sound	53	12004072	815	1			260		other	0
10108025	498	Sound	55	12030571	806	1			260		other	0
10108025	499	Sound	56	12058570	796	1			260		other	0
10108025	499	Response	1	12063207	5434	1
10108025	500	Sound	57	12082569	788	1			260		other	0
10108025	500	Response	1	12085686	3905	1
10108025	501	Sound	53	12103068	947	1			260		other	0
10108025	502	Sound	50	12120567	941	1			260		other	0
10108025	503	Sound	52	12145567	765	1			260		other	0
10108025	504	Sound	53	12172565	589	1			260		other	0
10108025	505	Sound	55	12200564	745	1			260		other	0
10108025	505	Response	1	12204082	4263	1
10108025	506	Sound	50	12226064	736	1			260		other	0
10108025	507	Sound	51	12246563	896	1			260		other	0
10108025	508	Sound	52	12269062	1055	1			260		other	0
10108025	509	Sound	52	12298061	877	1			260		other	0
10108025	510	Sound	59	12324060	1035	1			260		other	0
10108025	510	Response	1	12328157	5132	1
10108025	511	Sound	59	12341059	862	1			260		other	0
10108025	511	Response	1	12344796	4599	1
10108025	512	Sound	56	12358559	1023	1			260		other	0
10108025	512	Response	1	12361996	4460	1
10108025	513	Sound	51	12386058	1013	1			260		other	0
10108025	514	Sound	58	12409557	1004	1			260		other	0
10108025	514	Response	1	12413754	5201	1
10108025	515	Sound	58	12436056	828	1			260		other	0
10108025	515	Response	1	12439992	4765	1
10108025	516	Sound	52	12457555	654	1			260		other	0
10108025	517	Sound	53	12484554	978	1			260		other	0
10108025	518	Sound	57	12508053	636	1			260		other	0
10108025	518	Response	1	12511910	4493	1
10108025	519	Sound	60	12529552	961	1			260		other	0
10108025	519	Response	1	12531989	3398	1
10108025	520	Sound	55	12556051	619	1			260		other	0
10108025	521	Sound	54	12578551	777	1			260		other	0
10108025	523	Response	255	12625666	20137	1
10108025	525	Sound	39	12701046	567	1			260		other	0
10108025	525	Response	1	12706703	6224	1
10108025	526	Sound	38	12719045	894	1			260		other	0
10108025	526	Response	1	12723342	5191	1
10108025	527	Sound	38	12746544	717	1			260		other	0
10108025	527	Response	1	12752141	6314	1
10108025	528	Sound	31	12769044	1043	1			260		other	0
10108025	529	Sound	40	12787043	703	1			260		other	0
10108025	529	Response	1	12790380	4040	1
10108025	530	Sound	33	12809042	695	1			260		other	0
10108025	531	Sound	38	12834541	853	1			260		other	0
10108025	531	Response	1	12838698	5010	1
10108025	532	Sound	37	12861040	676	1			260		other	0
10108025	532	Response	1	12865977	5613	1
10108025	533	Sound	40	12889539	666	1			260		other	0
10108025	533	Response	1	12892856	3983	1
10108025	534	Sound	32	12915038	824	1			260		other	0
10108025	535	Sound	36	12936537	816	1			260		other	0
10108025	536	Sound	34	12963036	807	1			260		other	0
10108025	537	Sound	30	12983536	799	1			260		other	0
10108025	538	Sound	37	13003035	959	1			260		other	0
10108025	539	Sound	32	13024534	785	1			260		other	0
10108025	540	Sound	32	13048533	610	1			260		other	0
10108025	541	Sound	30	13076032	933	1			260		other	0
10108025	542	Sound	30	13105031	756	1			260		other	0
10108025	543	Sound	35	13125530	749	1			260		other	0
10108025	543	Response	1	13133327	8545	1
10108025	544	Sound	37	13144030	909	1			260		other	0
10108025	544	Response	1	13148446	5325	2
10108025	545	Sound	34	13169529	1067	1			260		other	0
10108025	546	Sound	38	13190028	1059	1			260		other	0
10108025	546	Response	1	13194524	5556	1
10108025	547	Sound	39	13210027	1052	1			260		other	0
10108025	548	Sound	35	13236526	1043	1			260		other	0
10108025	548	Response	1	13241083	5599	1
10108025	549	Sound	36	13265525	1032	1			260		other	0
10108025	549	Response	1	13269481	4988	1
10108025	550	Sound	36	13285024	1025	1			260		other	0
10108025	550	Response	1	13289561	5561	1
10108025	551	Sound	36	13307524	851	1			260		other	0
10108025	551	Response	1	13311800	5127	1
10108025	552	Sound	32	13331023	676	1			260		other	0
10108025	552	Response	1	13333879	3532	1
10108025	553	Sound	40	13358522	666	1			260		other	0
10108025	553	Response	1	13361158	3302	1
10108025	554	Sound	30	13383021	990	1			260		other	0
10108025	554	Response	1	13390277	8247	1
10108025	555	Sound	31	13409020	648	1			260		other	0
10108025	555	Response	1	13411636	3264	1
10108025	556	Sound	40	13437019	805	1			260		other	0
10108025	556	Response	1	13441395	5181	1
10108025	557	Sound	34	13460018	630	1			260		other	0
10108025	558	Sound	39	13477017	624	1			260		other	0
10108025	558	Response	1	13481953	5561	1
10108025	559	Sound	35	13499516	782	1			260		other	0
10108025	559	Response	1	13504273	5539	1
10108025	560	Sound	32	13520516	608	1			260		other	0
10108025	561	Sound	30	13545515	932	1			260		other	0
10108025	561	Response	1	13548431	3849	1
10108025	562	Sound	31	13569014	591	1			260		other	0
10108025	562	Response	1	13577230	8807	1
10108025	563	Sound	35	13598513	914	1			260		other	0
10108025	564	Sound	35	13621012	1072	1			260		other	0
10108025	564	Response	1	13627468	7528	1
10108025	565	Sound	40	13644511	1064	1			260		other	0
10108025	565	Response	1	13649547	6100	1
10108025	566	Sound	34	13664010	890	1			260		other	0
10108025	567	Sound	36	13686010	1049	1			260		other	0
10108025	567	Response	1	13690585	5625	1
10108025	568	Sound	39	13709509	1041	1			260		other	0
10108025	568	Response	1	13715065	6597	1
10108025	569	Sound	31	13734008	1032	1			260		other	0
10108025	570	Sound	37	13757007	690	1			260		other	0
10108025	571	Sound	38	13782006	851	1			260		other	0
10108025	571	Response	1	13787782	6627	1
10108025	572	Sound	33	13810505	1005	1			260		other	0
10108025	573	Sound	33	13827504	999	1			260		other	0
10108025	574	Sound	34	13856003	822	1			260		other	0
10108025	575	Sound	33	13879502	813	1			260		other	0
10108025	576	Sound	39	13904002	971	1			260		other	0
10108025	576	Response	1	13908577	5547	1
10108025	577	Sound	31	13928501	962	1			260		other	0
10108025	578	Sound	37	13948500	622	1			260		other	0
10108025	578	Response	1	13954736	6858	1
10108025	579	Sound	33	13965499	783	1			260		other	0
10108025	581	Response	255	13998174	13204	1
10108025	582	Response	1	14075691	77492	1
10108025	583	Sound	15	14076495	743	1			260		other	0
10108025	584	Sound	15	14098994	568	1			260		other	0
10108025	584	Response	1	14103210	4784	1
10108025	585	Sound	10	14122994	893	1			260		other	0
10108025	586	Sound	11	14146493	885	1			260		other	0
10108025	587	Sound	14	14170492	710	1			260		other	0
10108025	588	Sound	20	14189491	703	1			260		other	0
10108025	588	Response	1	14192807	4018	1
10108025	589	Sound	16	14216990	860	1			260		other	0
10108025	589	Response	1	14220566	4435	1
10108025	590	Sound	11	14232989	1021	1			260		other	0
10108025	590	Response	1	14242405	10436	1
10108025	591	Sound	12	14256489	846	1			260		other	0
10108025	592	Sound	10	14272488	1007	1			260		other	0
10108025	593	Sound	18	14296987	665	1			260		other	0
10108025	593	Response	1	14301603	5280	1
10108025	594	Sound	18	14322986	655	1			260		other	0
10108025	594	Response	1	14325842	3511	1
10108025	595	Sound	19	14338986	983	1			260		other	0
10108025	595	Response	1	14343521	5518	1
10108025	596	Sound	12	14359985	975	1			260		other	0
10108025	597	Sound	16	14376484	636	1			260		other	0
10108025	597	Response	1	14386159	10311	1
10108025	598	Sound	18	14395983	629	1			260		other	0
10108025	598	Response	1	14399919	4564	1
10108025	599	Sound	12	14418982	788	1			260		other	0
10108025	600	Sound	19	14445482	945	1			260		other	0
10108025	600	Response	1	14450397	5860	1
10108025	601	Sound	17	14472980	935	1			260		other	0
10108025	601	Response	1	14477036	4990	1
10108025	602	Sound	17	14495980	593	1			260		other	0
10108025	602	Response	1	14499515	4129	1
10108025	603	Sound	16	14512979	587	1			260		other	0
10108025	604	Sound	14	14528978	915	1			260		other	0
10108025	605	Sound	11	14555977	572	1			260		other	0
10108025	606	Sound	14	14580977	730	1			260		other	0
10108025	607	Sound	16	14598476	724	1			260		other	0
10108025	608	Sound	17	14616475	884	1			260		other	0
10108025	608	Response	1	14620310	4719	1
10108025	609	Sound	13	14639974	1042	1			260		other	0
10108025	609	Response	1	14644149	5217	1
10108025	610	Sound	11	14658474	869	1			260		other	0
10108025	611	Sound	12	14682473	1027	1			260		other	0
10108025	611	Response	1	14698067	16622	1
10108025	612	Sound	12	14710472	1017	1			260		other	0
10108025	613	Sound	19	14734971	675	1			260		other	0
10108025	613	Response	1	14739986	5690	1
10108025	614	Sound	10	14754470	1001	1			260		other	0
10108025	615	Sound	13	14772470	995	1			260		other	0
10108025	615	Response	1	14777185	5710	1
10108025	616	Sound	10	14799968	985	1			260		other	0
10108025	617	Sound	14	14828467	641	1			260		other	0
10108025	618	Sound	13	14851967	800	1			260		other	0
10108025	618	Response	1	14856222	5055	1
10108025	619	Sound	15	14880465	956	1			260		other	0
10108025	619	Response	1	14884380	4871	1
10108025	620	Sound	20	14897465	950	1			260		other	0
10108025	620	Response	1	14900380	3865	1
10108025	621	Sound	18	14922464	941	1			260		other	0
10108025	621	Response	1	14926779	5256	1
10108025	622	Sound	18	14948963	932	1			260		other	0
10108025	622	Response	1	14954298	6267	1
10108025	623	Sound	11	14965462	926	1			260		other	0
10108025	624	Sound	19	14992961	583	1			260		other	0
10108025	624	Response	1	14997096	4718	1
10108025	625	Sound	20	15020460	1073	1			260		other	0
10108025	625	Response	1	15023975	4588	1
10108025	626	Sound	17	15048959	1063	1			260		other	0
10108025	626	Response	1	15052614	4718	1
10108025	627	Sound	20	15072958	1054	1			260		other	0
10108025	627	Response	1	15075333	3429	1
10108025	628	Sound	20	15091958	1048	1			260		other	0
10108025	628	Response	1	15095173	4263	1
10108025	629	Sound	19	15111957	1040	1			260		other	0
10108025	629	Response	1	15115972	5055	1
10108025	630	Sound	16	15131456	867	1			260		other	0
10108025	630	Response	1	15136051	5461	1
10108025	631	Sound	15	15150955	693	1			260		other	0
10108025	631	Response	1	15157250	6988	1
10108025	632	Sound	14	15168455	1020	1			260		other	0
10108025	632	Response	1	15173010	5575	1
10108025	632	Response	1	15190689	23254	1
10108025	633	Sound	13	15194454	844	1			260		other	0
10108025	634	Sound	13	15216453	837	1			260		other	0
10108025	635	Sound	15	15243452	994	1			260		other	0
10108025	636	Sound	10	15262451	654	1			260		other	0
10108025	637	Sound	17	15285450	979	1			260		other	0
10108025	639	Response	255	15328764	17537	1
10108025	641	Sound	11	15406946	602	1			260		other	0
10108025	642	Sound	16	15427445	594	1			260		other	0
10108025	642	Response	1	15432280	5429	1
10108025	643	Sound	12	15446945	921	1			260		other	0
10108025	644	Sound	18	15467444	747	1			260		other	0
10108025	644	Response	1	15470918	4221	1
10108025	645	Sound	20	15495443	737	1			260		other	0
10108025	645	Response	1	15498277	3571	1
10108025	646	Sound	10	15522442	727	1			260		other	0
10108025	647	Sound	20	15545441	886	1			260		other	0
10108025	647	Response	1	15547795	3240	1
10108025	648	Sound	17	15565440	1046	1			260		other	0
10108025	648	Response	1	15569875	5480	1
10108025	649	Sound	15	15587439	871	1			260		other	0
10108025	650	Sound	13	15609939	696	1			260		other	0
10108025	651	Sound	12	15630938	855	1			260		other	0
10108025	652	Sound	11	15653437	1014	1			260		other	0
10108025	653	Sound	14	15670436	1008	1			260		other	0
10108025	654	Sound	10	15696935	832	1			260		other	0
10108025	655	Sound	10	15722934	989	1			260		other	0
10108025	656	Sound	19	15748433	647	1			260		other	0
10108025	657	Sound	18	15770433	806	1			260		other	0
10108025	658	Sound	14	15788432	799	1			260		other	0
10108025	659	Sound	20	15813431	957	1			260		other	0
10108025	659	Response	1	15816985	4511	1
10108025	660	Sound	16	15833930	616	1			260		other	0
10108025	661	Sound	14	15857429	941	1			260		other	0
10108025	662	Sound	20	15875429	601	1			260		other	0
10108025	662	Response	1	15878343	3516	1
10108025	663	Sound	20	15895428	594	1			260		other	0
10108025	663	Response	1	15900182	5348	1
10108025	664	Sound	15	15911927	588	1			260		other	0
10108025	665	Sound	19	15937426	579	1			260		other	0
10108025	665	Response	1	15941940	5093	2
10108025	666	Sound	17	15965925	903	1			260		other	0
10108025	667	Sound	16	15991424	1061	1			260		other	0
10108025	668	Sound	17	16017423	884	1			260		other	0
10108025	669	Sound	13	16037923	1044	1			260		other	0
10108025	670	Sound	13	16056922	703	1			260		other	0
10108025	671	Sound	11	16073921	864	1			260		other	0
10108025	672	Sound	18	16091921	1024	1			260		other	0
10108025	673	Sound	18	16109920	851	1			260		other	0
10108025	674	Sound	11	16134419	1009	1			260		other	0
10108025	675	Sound	10	16155418	1002	1			260		other	0
10108025	676	Sound	14	16182417	825	1			260		other	0
10108025	677	Sound	11	16201416	985	1			260		other	0
10108025	678	Sound	12	16217916	813	1			260		other	0
10108025	679	Sound	17	16245415	803	1			260		other	0
10108025	680	Sound	16	16268414	628	1			260		other	0
10108025	681	Sound	19	16296413	618	1			260		other	0
10108025	681	Response	1	16301687	5891	1
10108025	682	Sound	14	16322412	609	1			260		other	0
10108025	683	Sound	15	16339411	769	1			260		other	0
10108025	683	Response	1	16343605	4963	1
10108025	684	Sound	17	16362411	928	1			260		other	0
10108025	684	Response	1	16366804	5322	1
10108025	685	Sound	12	16381410	588	1			260		other	0
10108025	686	Sound	12	16401409	747	1			260		other	0
10108025	687	Sound	15	16429408	1071	1			260		other	0
10108025	687	Response	1	16434242	5904	1
10108025	688	Sound	10	16450407	730	1			260		other	0
10108025	689	Sound	19	16471907	1056	1			260		other	0
10108025	689	Response	1	16477120	6269	1
10108025	690	Sound	13	16493906	881	1			260		other	0
10108025	691	Sound	18	16516905	873	1			260		other	0
10108025	691	Response	1	16520558	4526	1
10108025	692	Sound	15	16540404	865	1			260		other	0
10108025	693	Sound	13	16557403	1025	1			260		other	0
10108025	694	Sound	19	16585902	682	1			260		other	0
10108025	694	Response	1	16591116	5895	1
10108025	695	Sound	16	16609401	1006	1			260		other	0
10108025	695	Response	1	16613435	5040	1
10108025	697	Response	255	16659913	30932	1
10108025	699	Sound	18	16726897	965	1			260		other	0
10108025	700	Sound	20	16754896	955	1			260		other	0
10108025	700	Response	1	16760629	6688	1
10108025	701	Sound	15	16774395	614	1			260		other	0
10108025	702	Sound	14	16798895	772	1			260		other	0
10108025	703	Sound	18	16818894	765	1			260		other	0
10108025	704	Sound	20	16843393	923	1			260		other	0
10108025	704	Response	1	16847986	5516	1
10108025	705	Sound	14	16860892	583	1			260		other	0
10108025	706	Sound	20	16883391	575	1			260		other	0
10108025	706	Response	1	16886705	3889	1
10108025	707	Sound	12	16909390	900	1			260		other	0
10108025	708	Sound	14	16927890	1060	1			260		other	0
10108025	709	Sound	10	16953889	1050	1			260		other	0
10108025	710	Sound	10	16981888	1040	1			260		other	0
10108025	711	Sound	10	17007887	698	1			260		other	0
10108025	712	Sound	16	17028886	1024	1			260		other	0
10108025	713	Sound	16	17052885	1015	1			260		other	0
10108025	714	Sound	14	17068885	1009	1			260		other	0
10108025	715	Sound	12	17088384	669	1			260		other	0
10108025	716	Sound	12	17112883	994	1			260		other	0
10108025	717	Sound	11	17130382	654	1			260		other	0
10108025	718	Sound	17	17158381	977	1			260		other	0
10108025	719	Sound	12	17184880	968	1			260		other	0
10108025	720	Sound	11	17200880	796	1			260		other	0
10108025	721	Sound	16	17220879	622	1			260		other	0
10108025	721	Response	1	17226132	5874	1
10108025	722	Sound	19	17241378	614	1			260		other	0
10108025	722	Response	1	17246051	5287	1
10108025	723	Sound	16	17257378	942	1			260		other	0
10108025	724	Sound	14	17273877	769	1			260		other	0
10108025	724	Response	1	17281010	7902	1
10108025	725	Sound	19	17292376	930	1			260		other	0
10108025	725	Response	1	17296929	5483	1
10108025	726	Sound	13	17310876	923	1			260		other	0
10108025	726	Response	1	17315488	5536	1
10108025	727	Sound	18	17330375	916	1			260		other	0
10108025	727	Response	1	17334048	4589	1
10108025	728	Sound	10	17358374	573	1			260		other	0
10108025	729	Sound	18	17380873	898	1			260		other	0
10108025	729	Response	1	17402845	22870	1
10108025	730	Sound	20	17407372	722	1			260		other	0
10108025	730	Response	1	17414685	8035	1
10108025	731	Sound	13	17430871	714	1			260		other	0
10108025	732	Sound	19	17452370	1039	1			260		other	0
10108025	732	Response	1	17456843	5512	1
10108025	733	Sound	15	17474869	864	1			260		other	0
10108025	734	Sound	17	17501369	1022	1			260		other	0
10108025	735	Sound	12	17529868	678	1			260		other	0
10108025	736	Sound	11	17549367	1005	1			260		other	0
10108025	737	Sound	16	17572366	663	1			260		other	0
10108025	738	Sound	15	17590365	657	1			260		other	0
10108025	739	Sound	10	17617364	647	1			260		other	0
10108025	740	Sound	15	17645363	804	1			260		other	0
10108025	741	Sound	19	17671362	795	1			260		other	0
10108025	741	Response	1	17680755	10187	1
10108025	742	Sound	11	17694861	953	1			260		other	0
10108025	743	Sound	20	17715361	946	1			260		other	0
10108025	743	Response	1	17718753	4338	1
10108025	744	Sound	15	17736360	771	1			260		other	0
10108025	745	Sound	17	17758859	930	1			260		other	0
10108025	745	Response	1	17764431	6502	1
10108025	746	Sound	11	17777858	756	1			260		other	0
10108025	747	Sound	13	17798857	582	1			260		other	0
10108025	747	Response	1	17806350	8075	1
10108025	748	Sound	13	17825856	573	1			260		other	0
10108025	748	Response	1	17831869	6585	1
10108025	749	Sound	17	17848356	565	1			260		other	0
10108025	749	Response	1	17858748	10957	1
10108025	750	Sound	13	17872355	890	1			260		other	0
10108025	751	Sound	17	17889354	1050	1			260		other	0
10108025	751	Response	1	17895226	6922	1
10108025	752	Sound	18	17907854	1044	1			260		other	0
10108025	752	Response	1	17911386	4576	1
10108025	753	Sound	19	17931853	702	1			260		other	0
10108025	753	Response	1	17935465	4314	1
10108025	755	Response	255	17971223	18319	1
10108025	757	Sound	16	18047348	660	1			260		other	0
10108025	758	Sound	13	18066348	820	1			260		other	0
10108025	759	Sound	15	18083347	648	1			260		other	0
10108025	760	Sound	15	18100347	642	1			260		other	0
10108025	761	Sound	15	18121346	634	1			260		other	0
10108025	761	Response	1	18125298	4586	1
10108025	762	Sound	14	18145345	792	1			260		other	0
10108025	763	Sound	18	18168344	617	1			260		other	0
10108025	763	Response	1	18172016	4289	1
10108025	764	Sound	17	18190843	609	1			260		other	0
10108025	764	Response	1	18193855	3621	1
10108025	765	Sound	11	18211342	769	1			260		other	0
10108025	765	Response	1	18219454	8881	1
10108025	766	Sound	20	18237841	926	1			260		other	0
10108025	766	Response	1	18240173	3258	2
10108025	767	Sound	14	18256341	919	1			260		other	0
10108025	768	Sound	11	18273340	580	1			260		other	0
10108025	769	Sound	16	18296839	905	1			260		other	0
10108025	770	Sound	18	18312839	732	1			260		other	0
10108025	771	Sound	19	18328838	727	1			260		other	0
10108025	771	Response	1	18332570	4459	1
10108025	772	Sound	16	18345337	721	1			260		other	0
10108025	772	Response	1	18350729	6112	1
10108025	773	Sound	20	18364337	714	1			260		other	0
10108025	773	Response	1	18366889	3266	1
10108025	774	Sound	20	18385836	873	1			260		other	0
10108025	774	Response	1	18388968	4005	1
10108025	775	Sound	10	18413335	697	1			260		other	0
10108025	776	Sound	13	18434834	1022	1			260		other	0
10108025	776	Response	1	18440246	6434	1
10108025	777	Sound	12	18458833	847	1			260		other	0
10108025	778	Sound	10	18482332	839	1			260		other	0
10108025	779	Sound	11	18510331	662	1			260		other	0
10108025	780	Sound	10	18534830	820	1			260		other	0
10108025	781	Sound	17	18558829	645	1			260		other	0
10108025	781	Response	1	18563281	5096	1
10108025	782	Sound	12	18582829	969	1			260		other	0
10108025	783	Sound	13	18604828	795	1			260		other	0
10108025	784	Sound	18	18629327	620	1			260		other	0
10108025	784	Response	1	18634238	5531	1
10108025	785	Sound	15	18645326	947	1			260		other	0
10108025	785	Response	1	18650878	6499	1
10108025	786	Sound	20	18673825	604	1			260		other	0
10108025	786	Response	1	18676877	3655	2
10108025	787	Sound	17	18695325	596	1			260		other	0
10108025	788	Sound	18	18715824	922	1			260		other	0
10108025	789	Sound	13	18737323	748	1			260		other	0
10108025	790	Sound	13	18760322	906	1			260		other	0
10108025	791	Sound	10	18787821	730	1			260		other	0
10108025	792	Sound	11	18816320	886	1			260		other	0
10108025	793	Sound	12	18838319	712	1			260		other	0
10108025	794	Sound	16	18858818	1038	1			260		other	0
10108025	795	Sound	20	18874318	699	1			260		other	0
10108025	795	Response	1	18877989	4370	1
10108025	796	Sound	16	18893317	692	1			260		other	0
10108025	797	Sound	18	18917316	850	1			260		other	0
10108025	798	Sound	12	18935316	1011	1			260		other	0
10108025	799	Sound	14	18958315	669	1			260		other	0
10108025	800	Sound	14	18976314	996	1			260		other	0
10108025	801	Sound	10	19003313	653	1			260		other	0
10108025	802	Sound	19	19019312	647	1			260		other	0
10108025	802	Response	1	19024384	5719	1
10108025	803	Sound	19	19042812	806	1			260		other	0
10108025	803	Response	1	19047743	5737	1
10108025	804	Sound	17	19062311	965	1			260		other	0
10108025	804	Response	1	19066142	4796	1
10108025	805	Sound	11	19083310	624	1			260		other	0
10108025	806	Sound	19	19106809	783	1			260		other	0
10108025	806	Response	1	19111740	5714	1
10108025	807	Sound	17	19134308	606	1			260		other	0
10108025	807	Response	1	19139259	5557	1
10108025	808	Sound	14	19151808	933	1			260		other	0
10108025	808	Response	1	19156299	5425	1
10108025	809	Sound	15	19169307	594	1			260		other	0
10108025	809	Response	1	19175098	6385	1
10108025	810	Sound	12	19195306	584	1			260		other	0
10108025	811	Sound	19	19221305	908	1			260		other	0
10108025	811	Response	1	19225176	4780	1
10108025	813	Response	255	19255095	13779	1
10108025	814	Response	1	19310133	55016	1
10108025	815	Sound	32	19323801	705	1			260		other	0
10108025	815	Response	1	19328052	4956	1
10108025	816	Sound	34	19347800	1030	1			260		other	0
10108025	816	Response	1	19351171	4401	1
10108025	817	Sound	35	19372799	1021	1			260		other	0
10108025	817	Response	1	19378050	6272	1
10108025	818	Sound	37	19400298	1011	1			260		other	0
10108025	818	Response	1	19402049	2762	1
10108025	819	Sound	32	19422298	670	1			260		other	0
10108025	819	Response	1	19428528	6901	1
10108025	820	Sound	37	19439297	997	1			260		other	0
10108025	820	Response	1	19443328	5028	1
10108025	821	Sound	38	19465296	655	1			260		other	0
10108025	821	Response	1	19477887	13246	2
10108025	822	Sound	37	19486295	814	1			260		other	0
10108025	822	Response	1	19490766	5285	1
10108025	823	Sound	35	19509294	639	1			260		other	0
10108025	823	Response	1	19513085	4430	2
10108025	824	Sound	36	19525794	967	1			260		other	0
10108025	824	Response	1	19529005	4178	1
10108025	825	Sound	31	19545293	626	1			260		other	0
10108025	825	Response	1	19546684	2017	1
10108025	826	Sound	37	19566292	786	1			260		other	0
10108025	826	Response	1	19572683	7176	1
10108025	827	Sound	35	19591291	776	1			260		other	0
10108025	827	Response	1	19595002	4487	1
10108025	828	Sound	37	19611790	602	1			260		other	0
10108025	828	Response	1	19614841	3653	1
10108025	829	Sound	38	19631290	596	1			260		other	0
10108025	829	Response	1	19636440	5746	2
10108025	830	Sound	30	19653789	754	1			260		other	0
10108025	830	Response	1	19657000	3965	1
10108025	831	Sound	33	19673288	581	1			260		other	0
10108025	831	Response	1	19677319	4611	1
10108025	832	Sound	35	19694787	740	1			260		other	0
10108025	832	Response	1	19697878	3830	1
10108025	833	Response	1	19719237	1015	1
10108025	833	Sound	34	19719287	1064	1			260		other	0
10108025	834	Sound	36	19735786	1058	1			260		other	0
10108025	834	Response	1	19739157	4429	1
10108025	835	Sound	39	19754285	888	1			260		other	0
10108025	835	Response	1	19757076	3678	1
10108025	836	Sound	30	19773285	712	1			260		other	0
10108025	836	Response	1	19776035	3462	1
10108025	836	Response	1	19792434	19861	1
10108025	837	Sound	33	19799284	1036	1			260		other	0
10108025	837	Response	1	19816434	18186	1
10108025	838	Sound	36	19828782	1025	1			260		other	0
10108025	838	Response	1	19832833	5076	1
10108025	839	Sound	33	19848282	1018	1			260		other	0
10108025	839	Response	1	19851232	3969	1
10108025	840	Sound	39	19866781	678	1			260		other	0
10108025	840	Response	1	19869552	3449	1
10108025	841	Sound	33	19888780	837	1			260		other	0
10108025	841	Response	1	19892271	4328	1
10108025	842	Sound	39	19913279	995	1			260		other	0
10108025	842	Response	1	19915630	3346	1
10108025	843	Sound	38	19937779	653	1			260		other	0
10108025	843	Response	1	19941229	4103	1
10108025	844	Sound	40	19957278	813	1			260		other	0
10108025	844	Response	1	19958908	2443	1
10108025	845	Sound	31	19974777	973	1			260		other	0
10108025	845	Response	1	19978988	5184	1
10108025	846	Sound	34	20000276	798	1			260		other	0
10108025	846	Response	1	20005627	6148	1
10108025	847	Sound	34	20022775	623	1			260		other	0
10108025	848	Sound	30	20043275	782	1			260		other	0
10108025	848	Response	1	20046025	3532	1
10108025	849	Sound	39	20066774	774	1			260		other	0
10108025	849	Response	1	20071144	5144	1
10108025	850	Sound	30	20091773	931	1			260		other	0
10108025	850	Response	1	20095223	4382	1
10108025	851	Sound	36	20115772	923	1			260		other	0
10108025	851	Response	1	20117302	2453	1
10108025	852	Sound	34	20139771	581	1			260		other	0
10108025	852	Response	1	20143461	4271	1
10108025	853	Sound	33	20163770	572	1			260		other	0
10108025	853	Response	1	20167060	3863	1
10108025	854	Sound	38	20180770	733	1			260		other	0
10108025	854	Response	1	20184740	4703	1
10108025	854	Response	1	20201139	21103	1
10108025	855	Sound	39	20208769	723	1			260		other	0
10108025	856	Sound	30	20230268	1049	1			260		other	0
10108025	856	Response	1	20233458	4239	1
10108025	856	Response	1	20251377	22158	1
10108025	857	Sound	36	20252767	1041	1			260		other	0
10108025	858	Sound	32	20275266	1033	1			260		other	0
10108025	858	Response	1	20275456	1223	1
10108025	859	Sound	31	20302765	1023	1			260		other	0
10108025	859	Response	1	20306655	4913	1
10108025	860	Sound	40	20330764	846	1			260		other	0
10108025	860	Response	1	20334174	4256	1
10108025	861	Sound	40	20356763	1004	1			260		other	0
10108025	861	Response	1	20358653	2894	1
10108025	862	Sound	32	20385262	994	1			260		other	0
10108025	863	Sound	40	20402761	821	1			260		other	0
10108025	863	Response	1	20405371	3431	1
10108025	864	Sound	31	20429260	644	1			260		other	0
10108025	865	Sound	40	20450760	803	1			260		other	0
10108025	865	Response	1	20453210	3254	1
10108025	866	Sound	35	20478259	794	1			260		other	0
10108025	867	Sound	31	20497258	787	1			260		other	0
10108025	868	Sound	38	20519257	946	1			260		other	0
10108025	868	Response	1	20522887	4576	1
10108025	869	Sound	32	20543756	603	1			260		other	0

The following output port codes were not sent because of a conflict on the port.
Port	Code	Time(ms)
1	253	31655.7
1	253	167370
1	253	308685
1	253	446784
1	253	583619
1	253	721941
1	253	856265
1	253	996547
1	253	1.12665e+06
1	253	1.26257e+06
1	253	1.39982e+06
1	253	1.53288e+06
1	253	1.66599e+06
1	253	1.79712e+06
1	253	1.92551e+06
1	34	1.97193e+06
1	253	2.05663e+06
