Scenario - 
Logfile written - 02/03/2019 20:46:49

Subject	Trial	Event Type	Code	Time	TTime	Uncertainty	Duration	Uncertainty	ReqTime	ReqDur	Stim Type	Pair Index

10108020_1	1	Response	255	2315107	2314440	1
10108020_1	3	Sound	56	2394874	912	1			260		other	0
10108020_1	3	Response	1	2403501	9540	1
10108020_1	4	Sound	52	2419372	1070	1			260		other	0
10108020_1	5	Sound	54	2436371	897	1			260		other	0
10108020_1	5	Response	1	2445499	10025	1
10108020_1	6	Sound	53	2458870	1056	1			260		other	0
10108020_1	6	Response	1	2467737	9923	1
10108020_1	7	Sound	55	2483368	714	1			260		other	0
10108020_1	7	Response	1	2486536	3882	1
10108020_1	8	Sound	51	2505367	1039	1			260		other	0
10108020_1	9	Sound	52	2529365	697	1			260		other	0
10108020_1	10	Sound	55	2554864	1022	1			260		other	0
10108020_1	11	Sound	57	2581862	1013	1			260		other	0
10108020_1	11	Response	1	2585970	5120	1
10108020_1	12	Sound	57	2610361	1002	1			260		other	0
10108020_1	12	Response	1	2614528	5170	1
10108020_1	13	Sound	56	2628859	662	1			260		other	0
10108020_1	13	Response	1	2632927	4730	1
10108020_1	14	Sound	60	2652358	654	1			260		other	0
10108020_1	14	Response	1	2654766	3061	1
10108020_1	15	Sound	54	2680856	977	1			260		other	0
10108020_1	15	Response	1	2686844	6964	1
10108020_1	16	Sound	58	2697855	804	1			260		other	0
10108020_1	16	Response	1	2705243	8191	1
10108020_1	17	Sound	60	2714854	631	1			260		other	0
10108020_1	17	Response	1	2718282	4059	1
10108020_1	18	Sound	53	2740853	955	1			260		other	0
10108020_1	19	Sound	51	2757852	783	1			260		other	0
10108020_1	20	Sound	58	2780350	941	1			260		other	0
10108020_1	21	Sound	50	2798849	935	1			260		other	0
10108020_1	22	Sound	56	2823348	759	1			260		other	0
10108020_1	23	Sound	50	2849346	917	1			260		other	0
10108020_1	24	Sound	57	2869845	743	1			260		other	0
10108020_1	24	Response	1	2873392	4290	1
10108020_1	25	Sound	59	2895343	734	1			260		other	0
10108020_1	25	Response	1	2896351	1741	1
10108020_1	26	Sound	58	2912842	727	1			260		other	0
10108020_1	26	Response	1	2917710	5595	1
10108020_1	27	Sound	57	2930341	1055	1			260		other	0
10108020_1	27	Response	1	2934349	5062	1
10108020_1	28	Sound	52	2957340	1045	1			260		other	0
10108020_1	29	Sound	60	2984838	1035	1			260		other	0
10108020_1	29	Response	1	2986985	3182	1
10108020_1	30	Sound	50	3008337	860	1			260		other	0
10108020_1	31	Sound	54	3032335	851	1			260		other	0
10108020_1	32	Sound	58	3054834	677	1			260		other	0
10108020_1	32	Response	1	3058661	4504	1
10108020_1	33	Sound	54	3080832	834	1			260		other	0
10108020_1	33	Response	1	3084179	4181	1
10108020_1	34	Sound	53	3098331	661	1			260		other	0
10108020_1	34	Response	1	3103858	6188	1
10108020_1	35	Sound	55	3117830	822	1			260		other	0
10108020_1	35	Response	1	3123297	6289	1
10108020_1	36	Sound	51	3145828	644	1			260		other	0
10108020_1	37	Sound	51	3167327	637	1			260		other	0
10108020_1	38	Sound	51	3186326	797	1			260		other	0
10108020_1	39	Sound	59	3203325	624	1			260		other	0
10108020_1	39	Response	1	3208491	5790	1
10108020_1	40	Sound	58	3220324	951	1			260		other	0
10108020_1	40	Response	1	3224411	5038	1
10108020_1	41	Sound	53	3243323	776	1			260		other	0
10108020_1	42	Sound	59	3265321	935	1			260		other	0
10108020_1	42	Response	1	3268568	4182	1
10108020_1	43	Sound	60	3283820	595	1			260		other	0
10108020_1	43	Response	1	3287767	4542	1
10108020_1	44	Sound	53	3308319	920	1			260		other	0
10108020_1	45	Sound	54	3325318	747	1			260		other	0
10108020_1	46	Sound	59	3345816	573	1			260		other	0
10108020_1	46	Response	1	3350243	5000	1
10108020_1	47	Sound	50	3367315	1066	1			260		other	0
10108020_1	47	Response	1	3370322	4072	1
10108020_1	48	Sound	55	3389314	891	1			260		other	0
10108020_1	48	Response	1	3394400	5977	2
10108020_1	49	Sound	52	3408813	1051	1			260		other	0
10108020_1	50	Sound	60	3431311	876	1			260		other	0
10108020_1	50	Response	1	3433678	3243	1
10108020_1	51	Sound	56	3452310	869	1			260		other	0
10108020_1	52	Sound	50	3480308	1025	1			260		other	0
10108020_1	53	Sound	57	3508807	848	1			260		other	0
10108020_1	53	Response	1	3512553	4595	1
10108020_1	54	Sound	56	3537305	1005	1			260		other	0
10108020_1	54	Response	1	3541431	5131	1
10108020_1	55	Sound	59	3554304	999	1			260		other	0
10108020_1	55	Response	1	3558630	5325	1
10108020_1	56	Sound	55	3573803	659	1			260		other	0
10108020_1	56	Response	1	3581588	8444	1
10108020_1	57	Sound	52	3591302	652	1			260		other	0
10108020_1	59	Response	255	3636865	21795	1
10108020_1	61	Sound	30	3719294	940	1			260		other	0
10108020_1	62	Sound	30	3736293	767	1			260		other	0
10108020_1	63	Sound	30	3757792	593	1			260		other	0
10108020_1	64	Sound	38	3778290	919	1			260		other	0
10108020_1	65	Sound	33	3796289	579	1			260		other	0
10108020_1	66	Sound	33	3824288	736	1			260		other	0
10108020_1	67	Sound	37	3843786	729	1			260		other	0
10108020_1	68	Sound	31	3872785	719	1			260		other	0
10108020_1	69	Sound	35	3891284	712	1			260		other	0
10108020_1	70	Sound	36	3919282	1036	1			260		other	0
10108020_1	71	Sound	33	3939781	1028	1			260		other	0
10108020_1	72	Sound	31	3963279	853	1			260		other	0
10108020_1	73	Sound	35	3987778	678	1			260		other	0
10108020_1	74	Sound	35	4015276	1001	1			260		other	0
10108020_1	75	Sound	34	4036275	827	1			260		other	0
10108020_1	76	Sound	38	4058273	652	1			260		other	0
10108020_1	77	Sound	35	4083772	810	1			260		other	0
10108020_1	78	Sound	35	4112270	633	1			260		other	0
10108020_1	79	Sound	38	4135769	625	1			260		other	0
10108020_1	80	Sound	37	4155768	784	1			260		other	0
10108020_1	81	Sound	30	4174266	611	1			260		other	0
10108020_1	82	Sound	39	4192265	938	1			260		other	0
10108020_1	83	Sound	32	4220764	928	1			260		other	0
10108020_1	84	Sound	34	4242262	754	1			260		other	0
10108020_1	85	Sound	32	4262261	747	1			260		other	0
10108020_1	86	Sound	32	4278760	574	1			260		other	0
10108020_1	87	Sound	36	4298759	900	1			260		other	0
10108020_1	88	Sound	38	4316258	727	1			260		other	0
10108020_1	89	Sound	40	4343256	884	1			260		other	0
10108020_1	89	Response	1	4348101	5730	1
10108020_1	90	Sound	36	4370755	708	1			260		other	0
10108020_1	91	Sound	31	4397753	1032	1			260		other	0
10108020_1	92	Sound	30	4419752	857	1			260		other	0
10108020_1	93	Sound	39	4444750	681	1			260		other	0
10108020_1	94	Sound	36	4472749	838	1			260		other	0
10108020_1	95	Sound	37	4499247	996	1			260		other	0
10108020_1	96	Sound	31	4525245	987	1			260		other	0
10108020_1	97	Sound	40	4542244	813	1			260		other	0
10108020_1	97	Response	1	4545369	3938	1
10108020_1	98	Sound	33	4569243	971	1			260		other	0
10108020_1	99	Sound	37	4594741	795	1			260		other	0
10108020_1	100	Sound	40	4622240	785	1			260		other	0
10108020_1	100	Response	1	4624645	3190	1
10108020_1	101	Sound	31	4647738	776	1			260		other	0
10108020_1	102	Sound	34	4668737	602	1			260		other	0
10108020_1	103	Sound	39	4686236	595	1			260		other	0
10108020_1	103	Response	1	4696480	10839	1
10108020_1	104	Sound	38	4713234	919	1			260		other	0
10108020_1	105	Sound	34	4731233	579	1			260		other	0
10108020_1	106	Sound	33	4760231	736	1			260		other	0
10108020_1	107	Sound	32	4784730	894	1			260		other	0
10108020_1	108	Sound	32	4808728	719	1			260		other	0
10108020_1	109	Sound	40	4836227	709	1			260		other	0
10108020_1	109	Response	1	4839111	3593	1
10108020_1	110	Sound	40	4856226	1035	1			260		other	0
10108020_1	110	Response	1	4859270	4080	1
10108020_1	111	Sound	36	4885224	691	1			260		other	0
10108020_1	112	Sound	34	4903223	685	1			260		other	0
10108020_1	113	Sound	39	4924221	844	1			260		other	0
10108020_1	113	Response	1	4928706	5328	1
10108020_1	114	Sound	37	4941720	838	1			260		other	0
10108020_1	114	Response	1	4946625	5742	1
10108020_1	115	Sound	39	4959219	665	1			260		other	0
10108020_1	115	Response	1	4963424	4869	1
10108020_1	117	Response	255	5038619	63813	1
10108020_1	119	Sound	30	5117210	775	1			260		other	0
10108020_1	120	Sound	37	5140208	934	1			260		other	0
10108020_1	120	Response	1	5144532	5258	1
10108020_1	121	Sound	34	5163707	925	1			260		other	0
10108020_1	121	Response	1	5167251	4469	1
10108020_1	122	Sound	30	5180206	586	1			260		other	0
10108020_1	123	Sound	36	5197205	747	1			260		other	0
10108020_1	123	Response	1	5200849	4391	1
10108020_1	124	Sound	36	5216704	740	1			260		other	0
10108020_1	125	Sound	38	5238202	732	1			260		other	0
10108020_1	125	Response	1	5243246	5776	1
10108020_1	126	Sound	39	5255701	727	1			260		other	0
10108020_1	127	Sound	38	5278200	884	1			260		other	0
10108020_1	128	Sound	31	5301699	709	1			260		other	0
10108020_1	129	Sound	40	5324197	701	1			260		other	0
10108020_1	129	Response	1	5326920	3425	2
10108020_1	130	Sound	30	5345696	860	1			260		other	0
10108020_1	131	Sound	36	5373194	851	1			260		other	0
10108020_1	132	Sound	33	5391193	1011	1			260		other	0
10108020_1	133	Sound	32	5410692	1004	1			260		other	0
10108020_1	134	Sound	39	5439690	660	1			260		other	0
10108020_1	135	Sound	32	5467689	650	1			260		other	0
10108020_1	135	Response	1	5473952	6914	1
10108020_1	136	Sound	30	5490687	809	1			260		other	0
10108020_1	137	Sound	33	5511186	801	1			260		other	0
10108020_1	138	Sound	37	5540684	958	1			260		other	0
10108020_1	139	Sound	39	5565683	782	1			260		other	0
10108020_1	139	Response	1	5571146	6245	1
10108020_1	140	Sound	34	5588682	607	1			260		other	0
10108020_1	141	Sound	35	5611180	766	1			260		other	0
10108020_1	142	Sound	40	5628179	926	1			260		other	0
10108020_1	142	Response	1	5630982	3730	1
10108020_1	143	Sound	37	5652178	918	1			260		other	0
10108020_1	144	Sound	40	5675676	743	1			260		other	0
10108020_1	144	Response	1	5678419	3486	1
10108020_1	145	Sound	32	5703175	900	1			260		other	0
10108020_1	145	Response	1	5709618	7343	1
10108020_1	146	Sound	32	5726673	725	1			260		other	0
10108020_1	147	Sound	35	5745672	1051	1			260		other	0
10108020_1	147	Response	1	5750895	6274	1
10108020_1	148	Sound	37	5764671	711	1			260		other	0
10108020_1	149	Sound	35	5784170	1037	1			260		other	0
10108020_1	150	Sound	30	5809668	862	1			260		other	0
10108020_1	151	Sound	31	5826167	856	1			260		other	0
10108020_1	152	Sound	36	5852166	847	1			260		other	0
10108020_1	153	Sound	39	5868665	1007	1			260		other	0
10108020_1	153	Response	1	5873047	5390	1
10108020_1	154	Sound	40	5889663	1000	1			260		other	0
10108020_1	154	Response	1	5893366	4703	1
10108020_1	155	Sound	34	5914162	824	1			260		other	0
10108020_1	156	Sound	39	5938660	816	1			260		other	0
10108020_1	156	Response	1	5943603	5758	2
10108020_1	157	Sound	33	5956659	809	1			260		other	0
10108020_1	158	Sound	32	5983658	633	1			260		other	0
10108020_1	159	Sound	38	6004656	626	1			260		other	0
10108020_1	160	Sound	37	6028155	617	1			260		other	0
10108020_1	161	Sound	38	6045654	944	1			260		other	0
10108020_1	161	Response	1	6050396	5687	1
10108020_1	162	Sound	33	6067653	770	1			260		other	0
10108020_1	163	Sound	38	6087151	596	1			260		other	0
10108020_1	164	Sound	34	6112150	587	1			260		other	0
10108020_1	165	Sound	35	6137149	912	1			260		other	0
10108020_1	165	Response	1	6141271	5034	1
10108020_1	166	Sound	35	6158147	737	1			260		other	0
10108020_1	167	Sound	34	6183146	1062	1			260		other	0
10108020_1	167	Response	1	6187348	5264	1
10108020_1	168	Sound	40	6211644	718	1			260		other	0
10108020_1	168	Response	1	6214466	3541	1
10108020_1	169	Sound	31	6229143	1046	1			260		other	0
10108020_1	170	Sound	36	6251642	704	1			260		other	0
10108020_1	171	Sound	31	6274140	696	1			260		other	0
10108020_1	172	Sound	33	6303139	686	1			260		other	0
10108020_1	173	Sound	31	6320137	846	1			260		other	0
10108020_1	175	Response	255	6374377	31499	1
10108020_1	177	Sound	19	6442630	636	1			260		other	0
10108020_1	177	Response	1	6447092	5098	1
10108020_1	178	Sound	12	6460629	963	1			260		other	0
10108020_1	179	Sound	13	6485128	954	1			260		other	0
10108020_1	180	Sound	15	6508126	613	1			260		other	0
10108020_1	180	Response	1	6511728	4214	1
10108020_1	181	Sound	11	6534625	770	1			260		other	0
10108020_1	182	Sound	10	6560123	928	1			260		other	0
10108020_1	183	Sound	18	6587621	751	1			260		other	0
10108020_1	183	Response	1	6591883	5013	1
10108020_1	184	Sound	10	6604620	745	1			260		other	0
10108020_1	185	Sound	17	6629619	903	1			260		other	0
10108020_1	185	Response	1	6634280	5564	1
10108020_1	186	Sound	18	6650118	1062	1			260		other	0
10108020_1	186	Response	1	6655479	6424	1
10108020_1	187	Sound	12	6675616	886	1			260		other	0
10108020_1	188	Sound	15	6700115	878	1			260		other	0
10108020_1	189	Sound	10	6717614	1038	1			260		other	0
10108020_1	190	Sound	12	6733113	699	1			260		other	0
10108020_1	190	Response	1	6736994	4581	1
10108020_1	191	Sound	20	6758611	857	1			260		other	0
10108020_1	191	Response	1	6761873	4118	1
10108020_1	192	Sound	17	6775110	851	1			260		other	0
10108020_1	192	Response	1	6781552	7292	1
10108020_1	193	Sound	20	6795609	677	1			260		other	0
10108020_1	193	Response	1	6800110	5178	1
10108020_1	194	Sound	19	6824107	833	1			260		other	0
10108020_1	194	Response	1	6832669	9395	1
10108020_1	195	Sound	12	6852605	990	1			260		other	0
10108020_1	196	Sound	20	6876604	815	1			260		other	0
10108020_1	196	Response	1	6879786	3996	1
10108020_1	197	Sound	10	6902603	806	1			260		other	0
10108020_1	198	Sound	15	6930101	962	1			260		other	0
10108020_1	198	Response	1	6934902	5764	1
10108020_1	199	Sound	14	6947600	623	1			260		other	0
10108020_1	200	Sound	16	6967599	616	1			260		other	0
10108020_1	200	Response	1	6972660	5677	1
10108020_1	201	Sound	16	6988097	942	1			260		other	0
10108020_1	201	Response	1	6992499	5343	1
10108020_1	202	Sound	19	7011596	600	1			260		other	0
10108020_1	203	Sound	14	7032095	593	1			260		other	0
10108020_1	203	Response	1	7034256	2754	1
10108020_1	204	Sound	14	7047594	587	1			260		other	0
10108020_1	205	Sound	11	7067093	747	1			260		other	0
10108020_1	206	Sound	14	7090091	905	1			260		other	0
10108020_1	206	Response	1	7096972	7786	1
10108020_1	207	Sound	19	7111090	564	1			260		other	0
10108020_1	207	Response	1	7116411	5885	1
10108020_1	208	Sound	16	7133089	723	1			260		other	0
10108020_1	209	Sound	15	7156087	1048	1			260		other	0
10108020_1	210	Sound	11	7180086	873	1			260		other	0
10108020_1	211	Sound	14	7202584	1032	1			260		other	0
10108020_1	212	Sound	16	7230583	688	1			260		other	0
10108020_1	212	Response	1	7235843	5949	1
10108020_1	213	Sound	20	7256581	679	1			260		other	0
10108020_1	213	Response	1	7260802	4900	1
10108020_1	214	Sound	19	7275080	1006	1			260		other	0
10108020_1	215	Sound	11	7296579	832	1			260		other	0
10108020_1	216	Sound	11	7322077	823	1			260		other	0
10108020_1	217	Sound	17	7344576	648	1			260		other	0
10108020_1	217	Response	1	7346877	2949	1
10108020_1	218	Sound	13	7371574	805	1			260		other	0
10108020_1	218	Response	1	7376955	6185	1
10108020_1	219	Sound	15	7396073	796	1			260		other	0
10108020_1	219	Response	1	7400153	4877	1
10108020_1	220	Sound	12	7419571	788	1			260		other	0
10108020_1	221	Sound	18	7443570	946	1			260		other	0
10108020_1	222	Sound	13	7461069	940	1			260		other	0
10108020_1	223	Sound	10	7486067	597	1			260		other	0
10108020_1	224	Sound	16	7512066	755	1			260		other	0
10108020_1	225	Sound	18	7540564	578	1			260		other	0
10108020_1	225	Response	1	7544945	4958	1
10108020_1	226	Sound	17	7561063	904	1			260		other	0
10108020_1	226	Response	1	7568543	8384	1
10108020_1	227	Sound	13	7582062	1063	1			260		other	0
10108020_1	228	Sound	20	7603060	889	1			260		other	0
10108020_1	228	Response	1	7608781	6609	1
10108020_1	229	Sound	17	7627559	1047	1			260		other	0
10108020_1	229	Response	1	7634299	7787	1
10108020_1	230	Sound	18	7646058	707	1			260		other	0
10108020_1	231	Sound	13	7668056	866	1			260		other	0
10108020_1	233	Response	255	7721254	31310	1
10108020_1	235	Sound	56	7793549	821	1			260		other	0
10108020_1	236	Sound	57	7815048	814	1			260		other	0
10108020_1	237	Sound	58	7834546	640	1			260		other	0
10108020_1	237	Response	1	7837647	3740	1
10108020_1	238	Sound	52	7863045	631	1			260		other	0
10108020_1	239	Sound	52	7886043	622	1			260		other	0
10108020_1	240	Sound	54	7915042	945	1			260		other	0
10108020_1	241	Sound	51	7943540	768	1			260		other	0
10108020_1	242	Sound	50	7960039	929	1			260		other	0
10108020_1	243	Sound	51	7986037	586	1			260		other	0
10108020_1	244	Sound	55	8005536	579	1			260		other	0
10108020_1	244	Response	1	8009156	4199	1
10108020_1	245	Sound	55	8027535	905	1			260		other	0
10108020_1	246	Sound	59	8050033	730	1			260		other	0
10108020_1	246	Response	1	8053313	4010	1
10108020_1	247	Sound	60	8071032	722	1			260		other	0
10108020_1	247	Response	1	8074032	3722	1
10108020_1	248	Sound	59	8092031	715	1			260		other	0
10108020_1	248	Response	1	8095231	3915	1
10108020_1	249	Sound	60	8119529	872	1			260		other	0
10108020_1	249	Response	1	8122269	3611	1
10108020_1	250	Sound	56	8137028	699	1			260		other	0
10108020_1	250	Response	1	8141547	5218	1
10108020_1	251	Sound	50	8166027	855	1			260		other	0
10108020_1	252	Sound	57	8185525	848	1			260		other	0
10108020_1	253	Sound	54	8213024	672	1			260		other	0
10108020_1	254	Sound	52	8230023	999	1			260		other	0
10108020_1	255	Sound	55	8252021	991	1			260		other	0
10108020_1	256	Sound	50	8275520	983	1			260		other	0
10108020_1	257	Sound	50	8303018	973	1			260		other	0
10108020_1	258	Sound	56	8329017	964	1			260		other	0
10108020_1	259	Sound	53	8349015	790	1			260		other	0
10108020_1	260	Sound	57	8366514	617	1			260		other	0
10108020_1	260	Response	1	8371133	5236	1
10108020_1	261	Sound	56	8385513	610	1			260		other	0
10108020_1	261	Response	1	8389692	4789	1
10108020_1	262	Sound	54	8405512	603	1			260		other	0
10108020_1	262	Response	1	8411931	7022	1
10108020_1	263	Sound	59	8422011	764	1			260		other	0
10108020_1	263	Response	1	8428090	6843	1
10108020_1	264	Sound	56	8449009	588	1			260		other	0
10108020_1	264	Response	1	8453929	5507	1
10108020_1	265	Sound	60	8470508	747	1			260		other	0
10108020_1	265	Response	1	8473127	3366	1
10108020_1	266	Sound	51	8492507	739	1			260		other	0
10108020_1	267	Sound	55	8519005	563	1			260		other	0
10108020_1	268	Sound	58	8544504	1054	1			260		other	0
10108020_1	268	Response	1	8550002	6552	1
10108020_1	269	Sound	51	8569502	1045	1			260		other	0
10108020_1	270	Sound	58	8591501	703	1			260		other	0
10108020_1	271	Sound	60	8612500	863	1			260		other	0
10108020_1	271	Response	1	8614879	3242	1
10108020_1	272	Sound	60	8635498	1021	1			260		other	0
10108020_1	272	Response	1	8637837	3360	1
10108020_1	273	Sound	53	8652997	1015	1			260		other	0
10108020_1	273	Response	1	8658556	6574	1
10108020_1	274	Sound	59	8670996	1008	1			260		other	0
10108020_1	274	Response	1	8675195	5207	1
10108020_1	275	Sound	58	8694995	833	1			260		other	0
10108020_1	275	Response	1	8699833	5672	1
10108020_1	276	Sound	58	8711494	994	1			260		other	0
10108020_1	276	Response	1	8715352	4853	1
10108020_1	277	Sound	51	8734492	986	1			260		other	0
10108020_1	278	Sound	57	8756991	645	1			260		other	0
10108020_1	278	Response	1	8761670	5323	1
10108020_1	279	Sound	52	8779990	970	1			260		other	0
10108020_1	280	Sound	55	8808488	626	1			260		other	0
10108020_1	281	Sound	53	8837486	616	1			260		other	0
10108020_1	282	Sound	53	8865985	772	1			260		other	0
10108020_1	282	Response	1	8870223	5011	1
10108020_1	283	Sound	50	8891483	596	1			260		other	0
10108020_1	284	Sound	54	8917981	587	1			260		other	0
10108020_1	285	Sound	54	8934980	748	1			260		other	0
10108020_1	286	Sound	59	8958979	572	1			260		other	0
10108020_1	286	Response	1	8964857	6451	1
10108020_1	287	Sound	57	8983977	897	1			260		other	0
10108020_1	288	Sound	52	9010976	887	1			260		other	0
10108020_1	289	Sound	53	9039474	877	1			260		other	0
10108020_1	289	Response	1	9044532	5935	1
10108020_1	291	Response	255	9073810	16461	1
10108020_1	293	Sound	55	9142968	840	1			260		other	0
10108020_1	293	Response	1	9152046	9918	1
10108020_1	294	Sound	54	9164966	666	1			260		other	0
10108020_1	294	Response	1	9170364	6064	1
10108020_1	295	Sound	58	9184465	825	1			260		other	0
10108020_1	295	Response	1	9189163	5523	1
10108020_1	296	Sound	51	9200964	653	1			260		other	0
10108020_1	297	Sound	56	9222463	645	1			260		other	0
10108020_1	298	Sound	50	9244962	637	1			260		other	0
10108020_1	299	Sound	55	9264960	963	1			260		other	0
10108020_1	299	Response	1	9270438	6441	1
10108020_1	300	Sound	56	9288459	788	1			260		other	0
10108020_1	300	Response	1	9293157	5486	1
10108020_1	301	Sound	60	9316457	612	1			260		other	0
10108020_1	301	Response	1	9319555	3710	1
10108020_1	302	Sound	58	9337456	938	1			260		other	0
10108020_1	302	Response	1	9342514	5995	1
10108020_1	303	Sound	54	9362455	929	1			260		other	0
10108020_1	304	Sound	57	9383453	754	1			260		other	0
10108020_1	304	Response	1	9389471	6772	1
10108020_1	305	Sound	56	9409952	578	1			260		other	0
10108020_1	306	Sound	58	9438450	902	1			260		other	0
10108020_1	306	Response	1	9446267	8719	1
10108020_1	307	Sound	54	9455449	1062	1			260		other	0
10108020_1	308	Sound	57	9473448	722	1			260		other	0
10108020_1	309	Sound	50	9490447	716	1			260		other	0
10108020_1	310	Sound	52	9513446	708	1			260		other	0
10108020_1	311	Sound	52	9538944	699	1			260		other	0
10108020_1	312	Sound	51	9559943	691	1			260		other	0
10108020_1	313	Sound	59	9584941	1016	1			260		other	0
10108020_1	313	Response	1	9589779	5853	1
10108020_1	314	Sound	53	9611940	673	1			260		other	0
10108020_1	315	Sound	53	9633438	665	1			260		other	0
10108020_1	316	Sound	52	9657437	990	1			260		other	0
10108020_1	317	Sound	56	9677936	816	1			260		other	0
10108020_1	318	Sound	52	9697934	976	1			260		other	0
10108020_1	319	Sound	53	9719433	968	1			260		other	0
10108020_1	320	Sound	50	9739432	628	1			260		other	0
10108020_1	321	Sound	55	9758431	788	1			260		other	0
10108020_1	321	Response	1	9763048	5405	1
10108020_1	322	Sound	59	9782929	779	1			260		other	0
10108020_1	322	Response	1	9787046	4896	1
10108020_1	323	Sound	58	9805428	937	1			260		other	0
10108020_1	323	Response	1	9812405	7914	1
10108020_1	324	Sound	51	9832426	928	1			260		other	0
10108020_1	325	Sound	58	9850425	922	1			260		other	0
10108020_1	325	Response	1	9855602	6098	1
10108020_1	326	Sound	53	9868424	748	1			260		other	0
10108020_1	327	Sound	59	9886423	575	1			260		other	0
10108020_1	328	Sound	53	9908422	1067	1			260		other	0
10108020_1	328	Response	1	9909839	2485	1
10108020_1	329	Sound	60	9931420	892	1			260		other	0
10108020_1	329	Response	1	9934477	3949	1
10108020_1	330	Sound	54	9955419	884	1			260		other	0
10108020_1	331	Sound	60	9976918	710	1			260		other	0
10108020_1	331	Response	1	9979674	3466	1
10108020_1	332	Sound	57	10001916	867	1			260		other	0
10108020_1	332	Response	1	10008793	7744	1
10108020_1	333	Sound	50	10025415	859	1			260		other	0
10108020_1	334	Sound	55	10045414	1019	1			260		other	0
10108020_1	335	Sound	59	10062413	846	1			260		other	0
10108020_1	335	Response	1	10066869	5303	1
10108020_1	336	Sound	51	10084411	838	1			260		other	0
10108020_1	337	Sound	57	10108910	829	1			260		other	0
10108020_1	338	Sound	56	10126909	989	1			260		other	0
10108020_1	339	Sound	59	10144908	983	1			260		other	0
10108020_1	340	Sound	57	10161906	977	1			260		other	0
10108020_1	341	Sound	55	10178405	638	1			260		other	0
10108020_1	341	Response	1	10181742	3974	1
10108020_1	342	Sound	54	10202904	962	1			260		other	0
10108020_1	343	Sound	52	10230402	953	1			260		other	0
10108020_1	344	Sound	60	10250401	945	1			260		other	0
10108020_1	344	Response	1	10253818	4362	1
10108020_1	345	Sound	60	10268400	772	1			260		other	0
10108020_1	345	Response	1	10272617	4989	1
10108020_1	346	Sound	50	10288899	765	1			260		other	0
10108020_1	347	Sound	51	10311398	924	1			260		other	0
10108020_1	349	Response	255	10351092	16364	1
10108020_1	351	Sound	16	10424391	883	1			260		other	0
10108020_1	351	Response	1	10428607	5099	1
10108020_1	352	Sound	10	10450389	708	1			260		other	0
10108020_1	353	Sound	19	10478887	864	1			260		other	0
10108020_1	353	Response	1	10483004	4980	1
10108020_1	354	Sound	14	10495387	858	1			260		other	0
10108020_1	354	Response	1	10500282	5754	1
10108020_1	355	Sound	20	10520385	682	1			260		other	0
10108020_1	355	Response	1	10525801	6098	1
10108020_1	356	Sound	12	10539884	676	1			260		other	0
10108020_1	357	Sound	17	10562882	834	1			260		other	0
10108020_1	357	Response	1	10568598	6550	1
10108020_1	358	Sound	15	10583381	993	1			260		other	0
10108020_1	359	Sound	17	10606880	818	1			260		other	0
10108020_1	360	Sound	16	10627878	811	1			260		other	0
10108020_1	360	Response	1	10631714	4647	1
10108020_1	361	Sound	19	10655377	968	1			260		other	0
10108020_1	361	Response	1	10660113	5704	1
10108020_1	362	Sound	13	10680875	792	1			260		other	0
10108020_1	363	Sound	13	10708874	949	1			260		other	0
10108020_1	364	Sound	14	10733872	606	1			260		other	0
10108020_1	364	Response	1	10738348	5082	1
10108020_1	365	Sound	10	10762370	596	1			260		other	0
10108020_1	366	Sound	17	10781869	756	1			260		other	0
10108020_1	366	Response	1	10787305	6191	1
10108020_1	367	Sound	19	10799868	916	1			260		other	0
10108020_1	367	Response	1	10806743	7792	1
10108020_1	368	Sound	15	10826367	907	1			260		other	0
10108020_1	368	Response	1	10833382	7922	1
10108020_1	369	Sound	12	10851865	564	1			260		other	0
10108020_1	370	Sound	10	10873364	890	1			260		other	0
10108020_1	371	Sound	16	10897362	1048	1			260		other	0
10108020_1	371	Response	1	10901058	4744	1
10108020_1	372	Sound	18	10916361	875	1			260		other	0
10108020_1	372	Response	1	10921856	6370	1
10108020_1	373	Sound	18	10941860	699	1			260		other	0
10108020_1	373	Response	1	10946975	5814	1
10108020_1	374	Sound	12	10959359	693	1			260		other	0
10108020_1	375	Sound	13	10983857	851	1			260		other	0
10108020_1	376	Sound	18	11003356	844	1			260		other	0
10108020_1	376	Response	1	11007691	5179	1
10108020_1	377	Sound	19	11031354	667	1			260		other	0
10108020_1	377	Response	1	11037849	7162	1
10108020_1	378	Sound	13	11056853	825	1			260		other	0
10108020_1	379	Sound	11	11075851	984	1			260		other	0
10108020_1	380	Sound	14	11100850	809	1			260		other	0
10108020_1	380	Response	1	11105525	5484	1
10108020_1	381	Sound	10	11127348	800	1			260		other	0
10108020_1	382	Sound	17	11152847	624	1			260		other	0
10108020_1	382	Response	1	11158642	6419	1
10108020_1	383	Sound	12	11179845	614	1			260		other	0
10108020_1	384	Sound	16	11198844	774	1			260		other	0
10108020_1	384	Response	1	11204479	6409	1
10108020_1	385	Sound	18	11221343	599	1			260		other	0
10108020_1	386	Sound	15	11247341	590	1			260		other	0
10108020_1	387	Sound	18	11272340	915	1			260		other	0
10108020_1	387	Response	1	11277674	6249	1
10108020_1	388	Sound	11	11299338	905	1			260		other	0
10108020_1	389	Sound	20	11321837	897	1			260		other	0
10108020_1	389	Response	1	11324871	3932	1
10108020_1	390	Sound	15	11346335	1055	1			260		other	0
10108020_1	391	Sound	14	11371834	1046	1			260		other	0
10108020_1	392	Sound	12	11391333	1039	1			260		other	0
10108020_1	393	Sound	14	11413831	864	1			260		other	0
10108020_1	394	Sound	16	11440830	688	1			260		other	0
10108020_1	395	Sound	10	11463328	1013	1			260		other	0
10108020_1	396	Sound	20	11481327	1007	1			260		other	0
10108020_1	396	Response	1	11485662	5341	1
10108020_1	397	Sound	11	11496826	669	1			260		other	0
10108020_1	398	Sound	20	11523825	991	1			260		other	0
10108020_1	398	Response	1	11527339	4506	1
10108020_1	399	Sound	11	11539324	653	1			260		other	0
10108020_1	400	Sound	17	11565322	643	1			260		other	0
10108020_1	400	Response	1	11574296	9618	1
10108020_1	401	Sound	13	11591821	967	1			260		other	0
10108020_1	402	Sound	20	11617319	791	1			260		other	0
10108020_1	402	Response	1	11620853	4326	1
10108020_1	403	Sound	11	11634318	785	1			260		other	0
10108020_1	404	Sound	19	11652817	779	1			260		other	0
10108020_1	404	Response	1	11659091	7053	1
10108020_1	405	Sound	15	11671816	939	1			260		other	0
10108020_1	407	Response	255	12521918	833789	1
10108020_1	409	Sound	57	12607259	772	1			260		other	0
10108020_1	409	Response	1	12617832	11345	1
10108020_1	410	Sound	55	12625758	932	1			260		other	0
10108020_1	410	Response	1	12631111	6285	1
10108020_1	411	Sound	60	12643757	592	1			260		other	0
10108020_1	411	Response	1	12646630	3465	1
10108020_1	412	Sound	56	12667756	750	1			260		other	0
10108020_1	413	Sound	55	12690755	909	1			260		other	0
10108020_1	413	Response	1	12694947	5102	1
10108020_1	414	Sound	60	12709753	569	1			260		other	0
10108020_1	414	Response	1	12712386	3202	1
10108020_1	415	Sound	55	12733252	894	1			260		other	0
10108020_1	416	Sound	53	12755750	719	1			260		other	0
10108020_1	417	Sound	50	12772749	1046	1			260		other	0
10108020_1	418	Sound	58	12795748	872	1			260		other	0
10108020_1	418	Response	1	12801261	6384	1
10108020_1	419	Sound	56	12819247	1030	1			260		other	0
10108020_1	420	Sound	59	12837246	1023	1			260		other	0
10108020_1	420	Response	1	12840618	4396	1
10108020_1	421	Sound	58	12863744	1014	1			260		other	0
10108020_1	421	Response	1	12867497	4767	1
10108020_1	422	Sound	52	12883243	674	1			260		other	0
10108020_1	423	Sound	56	12900242	834	1			260		other	0
10108020_1	423	Response	1	12903735	4327	1
10108020_1	424	Sound	50	12925740	659	1			260		other	0
10108020_1	425	Sound	51	12942239	653	1			260		other	0
10108020_1	426	Sound	60	12958738	647	1			260		other	0
10108020_1	426	Response	1	12962051	3959	1
10108020_1	427	Sound	59	12981237	972	1			260		other	0
10108020_1	427	Response	1	12985409	5145	1
10108020_1	428	Sound	53	13002236	631	1			260		other	0
10108020_1	429	Sound	52	13023234	790	1			260		other	0
10108020_1	430	Sound	58	13040233	784	1			260		other	0
10108020_1	430	Response	1	13045086	5636	1
10108020_1	431	Sound	56	13069232	941	1			260		other	0
10108020_1	431	Response	1	13072844	4553	1
10108020_1	432	Sound	59	13085731	768	1			260		other	0
10108020_1	432	Response	1	13089003	4040	1
10108020_1	433	Sound	51	13108729	593	1			260		other	0
10108020_1	433	Response	1	13114521	6386	1
10108020_1	434	Sound	50	13130228	919	1			260		other	0
10108020_1	435	Sound	51	13157726	576	1			260		other	0
10108020_1	436	Sound	50	13179725	1068	1			260		other	0
10108020_1	437	Sound	56	13206223	892	1			260		other	0
10108020_1	437	Response	1	13212195	6864	1
10108020_1	438	Sound	50	13225722	718	1			260		other	0
10108020_1	439	Sound	53	13243221	712	1			260		other	0
10108020_1	439	Response	1	13249793	7284	1
10108020_1	440	Sound	52	13264720	704	1			260		other	0
10108020_1	441	Sound	57	13286219	863	1			260		other	0
10108020_1	441	Response	1	13291071	5715	1
10108020_1	442	Sound	55	13304718	857	1			260		other	0
10108020_1	442	Response	1	13309389	5529	1
10108020_1	443	Sound	60	13321216	851	1			260		other	0
10108020_1	443	Response	1	13323629	3263	1
10108020_1	444	Sound	54	13340215	844	1			260		other	0
10108020_1	444	Response	1	13346987	7616	1
10108020_1	445	Sound	59	13361714	670	1			260		other	0
10108020_1	446	Sound	53	13382713	996	1			260		other	0
10108020_1	446	Response	1	13386905	5188	1
10108020_1	447	Sound	54	13404711	988	1			260		other	0
10108020_1	447	Response	1	13407943	4220	1
10108020_1	448	Sound	58	13424210	647	1			260		other	0
10108020_1	448	Response	1	13428662	5099	1
10108020_1	449	Sound	57	13445209	641	1			260		other	0
10108020_1	449	Response	1	13449381	4813	1
10108020_1	450	Sound	51	13469208	798	1			260		other	0
10108020_1	451	Sound	55	13493706	789	1			260		other	0
10108020_1	451	Response	1	13497058	4141	1
10108020_1	452	Sound	59	13516205	781	1			260		other	0
10108020_1	452	Response	1	13519776	4353	1
10108020_1	453	Sound	51	13536704	774	1			260		other	0
10108020_1	454	Sound	58	13564202	764	1			260		other	0
10108020_1	454	Response	1	13568254	4816	1
10108020_1	455	Sound	52	13589700	588	1			260		other	0
10108020_1	455	Response	1	13594012	4900	1
10108020_1	456	Sound	52	13616699	746	1			260		other	0
10108020_1	457	Sound	57	13635698	739	1			260		other	0
10108020_1	457	Response	1	13639209	4250	1
10108020_1	458	Sound	60	13661196	896	1			260		other	0
10108020_1	458	Response	1	13663448	3148	1
10108020_1	459	Sound	54	13679195	890	1			260		other	0
10108020_1	460	Sound	54	13702694	882	1			260		other	0
10108020_1	460	Response	1	13706085	4273	1
10108020_1	461	Sound	53	13729192	1039	1			260		other	0
10108020_1	462	Sound	54	13751691	697	1			260		other	0
10108020_1	462	Response	1	13755922	4929	1
10108020_1	463	Sound	57	13779189	854	1			260		other	0
10108020_1	463	Response	1	13782080	3746	1
10108020_1	465	Response	255	13878234	81148	1
10108020_1	467	Sound	37	13948679	794	1			260		other	0
10108020_1	467	Response	1	13952470	4585	1
10108020_1	468	Sound	30	13970677	619	1			260		other	0
10108020_1	469	Sound	37	13989676	946	1			260		other	0
10108020_1	470	Sound	39	14014175	604	1			260		other	0
10108020_1	470	Response	1	14017826	4255	1
10108020_1	471	Sound	33	14040173	928	1			260		other	0
10108020_1	472	Sound	32	14060172	921	1			260		other	0
10108020_1	473	Sound	36	14088170	744	1			260		other	0
10108020_1	473	Response	1	14092061	4635	1
10108020_1	474	Sound	30	14107669	737	1			260		other	0
10108020_1	475	Sound	33	14135168	894	1			260		other	0
10108020_1	476	Sound	31	14161666	885	1			260		other	0
10108020_1	477	Sound	37	14186664	1042	1			260		other	0
10108020_1	478	Sound	38	14204663	1036	1			260		other	0
10108020_1	478	Response	1	14209174	5546	1
10108020_1	479	Sound	39	14226662	1028	1			260		other	0
10108020_1	479	Response	1	14231172	5538	1
10108020_1	480	Sound	30	14252660	1019	1			260		other	0
10108020_1	481	Sound	36	14272659	845	1			260		other	0
10108020_1	481	Response	1	14277490	5676	1
10108020_1	482	Sound	30	14300658	668	1			260		other	0
10108020_1	483	Sound	36	14330156	991	1			260		other	0
10108020_1	484	Sound	40	14349655	818	1			260		other	0
10108020_1	484	Response	1	14352445	3608	1
10108020_1	485	Sound	32	14374653	809	1			260		other	0
10108020_1	486	Sound	35	14398152	800	1			260		other	0
10108020_1	487	Sound	32	14415651	794	1			260		other	0
10108020_1	488	Sound	31	14436149	620	1			260		other	0
10108020_1	489	Sound	39	14463648	610	1			260		other	0
10108020_1	489	Response	1	14470198	7160	1
10108020_1	490	Sound	30	14487646	602	1			260		other	0
10108020_1	491	Sound	40	14516645	591	1			260		other	0
10108020_1	491	Response	1	14519315	3262	1
10108020_1	492	Sound	31	14533144	752	1			260		other	0
10108020_1	493	Sound	38	14553142	579	1			260		other	0
10108020_1	494	Sound	39	14579141	1069	1			260		other	0
10108020_1	494	Response	1	14583951	5879	1
10108020_1	495	Sound	33	14605639	893	1			260		other	0
10108020_1	495	Response	1	14612589	7843	1
10108020_1	496	Sound	38	14628638	1052	1			260		other	0
10108020_1	496	Response	1	14633788	6202	1
10108020_1	497	Sound	32	14654636	709	1			260		other	0
10108020_1	498	Sound	36	14672135	869	1			260		other	0
10108020_1	499	Sound	40	14693634	862	1			260		other	0
10108020_1	499	Response	1	14696264	3491	1
10108020_1	500	Sound	33	14711633	688	1			260		other	0
10108020_1	500	Response	1	14719222	8278	1
10108020_1	501	Sound	36	14736631	680	1			260		other	0
10108020_1	501	Response	1	14741301	5349	1
10108020_1	502	Sound	35	14764130	670	1			260		other	0
10108020_1	502	Response	1	14768980	5520	1
10108020_1	503	Sound	31	14783129	830	1			260		other	0
10108020_1	504	Sound	34	14805627	655	1			260		other	0
10108020_1	504	Response	1	14809857	4885	1
10108020_1	505	Sound	31	14823126	649	1			260		other	0
10108020_1	506	Sound	32	14850625	639	1			260		other	0
10108020_1	507	Sound	37	14867624	800	1			260		other	0
10108020_1	507	Response	1	14873213	6389	1
10108020_1	508	Sound	38	14897122	956	1			260		other	0
10108020_1	508	Response	1	14901371	5205	1
10108020_1	509	Sound	35	14924620	946	1			260		other	0
10108020_1	510	Sound	35	14945619	938	1			260		other	0
10108020_1	510	Response	1	14951848	7168	1
10108020_1	511	Sound	34	14974117	928	1			260		other	0
10108020_1	512	Sound	40	14992616	922	1			260		other	0
10108020_1	512	Response	1	14995526	3831	1
10108020_1	513	Sound	35	15014115	747	1			260		other	0
10108020_1	514	Sound	39	15030614	908	1			260		other	0
10108020_1	515	Sound	40	15054612	733	1			260		other	0
10108020_1	515	Response	1	15056722	2843	1
10108020_1	516	Sound	33	15072111	893	1			260		other	0
10108020_1	516	Response	1	15077681	6463	1
10108020_1	517	Sound	34	15097610	718	1			260		other	0
10108020_1	517	Response	1	15103199	6307	1
10108020_1	518	Sound	38	15127108	1040	1			260		other	0
10108020_1	519	Sound	37	15147607	867	1			260		other	0
10108020_1	520	Sound	34	15166606	860	1			260		other	0
10108020_1	521	Sound	34	15191104	1018	1			260		other	0
10108020_1	523	Response	255	15242150	23142	1
10108020_1	525	Sound	13	15311097	808	1			260		other	0
10108020_1	525	Response	1	15316226	5937	1
10108020_1	526	Sound	14	15332596	800	1			260		other	0
10108020_1	526	Response	1	15337185	5390	1
10108020_1	527	Sound	16	15356594	625	1			260		other	0
10108020_1	528	Sound	10	15376093	785	1			260		other	0
10108020_1	528	Response	1	15401581	26273	1
10108020_1	529	Sound	11	15402591	942	1			260		other	0
10108020_1	530	Sound	19	15430090	599	1			260		other	0
10108020_1	530	Response	1	15434138	4648	1
10108020_1	531	Sound	11	15453588	924	1			260		other	0
10108020_1	532	Sound	10	15471087	918	1			260		other	0
10108020_1	533	Sound	15	15488086	745	1			260		other	0
10108020_1	534	Sound	18	15509085	571	1			260		other	0
10108020_1	534	Response	1	15512774	4260	1
10108020_1	535	Sound	16	15528084	1064	1			260		other	0
10108020_1	535	Response	1	15533333	6313	1
10108020_1	536	Sound	20	15545083	725	1			260		other	0
10108020_1	536	Response	1	15549731	5373	1
10108020_1	537	Sound	12	15571581	715	1			260		other	0
10108020_1	538	Sound	15	15595580	1040	1			260		other	0
10108020_1	539	Sound	17	15622578	1031	1			260		other	0
10108020_1	539	Response	1	15626606	5059	1
10108020_1	540	Sound	19	15644577	856	1			260		other	0
10108020_1	540	Response	1	15648205	4485	1
10108020_1	541	Sound	13	15666575	1015	1			260		other	0
10108020_1	541	Response	1	15670524	4963	1
10108020_1	542	Sound	20	15687574	1007	1			260		other	0
10108020_1	542	Response	1	15691243	4676	1
10108020_1	543	Sound	16	15709573	999	1			260		other	0
10108020_1	543	Response	1	15713801	5228	1
10108020_1	544	Sound	17	15729572	826	1			260		other	0
10108020_1	544	Response	1	15734760	6014	1
10108020_1	545	Sound	13	15756570	649	1			260		other	0
10108020_1	546	Sound	10	15776569	976	1			260		other	0
10108020_1	547	Sound	17	15795568	802	1			260		other	0
10108020_1	547	Response	1	15800916	6150	1
10108020_1	548	Sound	16	15824066	625	1			260		other	0
10108020_1	549	Sound	14	15840065	953	1			260		other	0
10108020_1	550	Sound	10	15857564	947	1			260		other	0
10108020_1	551	Sound	13	15881562	605	1			260		other	0
10108020_1	551	Response	1	15886991	6033	1
10108020_1	552	Sound	13	15910061	595	1			260		other	0
10108020_1	553	Sound	11	15934559	753	1			260		other	0
10108020_1	554	Sound	17	15961558	576	1			260		other	0
10108020_1	554	Response	1	15966026	5045	1
10108020_1	555	Sound	11	15977557	904	1			260		other	0
10108020_1	556	Sound	18	16004055	1061	1			260		other	0
10108020_1	556	Response	1	16008183	5189	1
10108020_1	557	Sound	14	16019554	722	1			260		other	0
10108020_1	558	Sound	12	16042553	881	1			260		other	0
10108020_1	559	Sound	15	16061052	1041	1			260		other	0
10108020_1	559	Response	1	16065220	5209	1
10108020_1	560	Sound	19	16078051	868	1			260		other	0
10108020_1	560	Response	1	16082019	4836	1
10108020_1	561	Sound	12	16101549	1026	1			260		other	0
10108020_1	562	Sound	16	16129548	683	1			260		other	0
10108020_1	563	Sound	18	16155046	1007	1			260		other	0
10108020_1	563	Response	1	16159614	5575	1
10108020_1	564	Sound	19	16180544	832	1			260		other	0
10108020_1	564	Response	1	16184252	4539	1
10108020_1	565	Sound	20	16205043	656	1			260		other	0
10108020_1	565	Response	1	16209371	4984	1
10108020_1	566	Sound	20	16232541	813	1			260		other	0
10108020_1	566	Response	1	16235609	3881	1
10108020_1	567	Sound	14	16253040	639	1			260		other	0
10108020_1	568	Sound	12	16274539	965	1			260		other	0
10108020_1	569	Sound	17	16295538	791	1			260		other	0
10108020_1	569	Response	1	16300245	5498	1
10108020_1	570	Sound	15	16311537	952	1			260		other	0
10108020_1	571	Sound	18	16328536	946	1			260		other	0
10108020_1	572	Sound	20	16352034	604	1			260		other	0
10108020_1	572	Response	1	16354242	2811	1
10108020_1	573	Sound	19	16374033	929	1			260		other	0
10108020_1	574	Sound	11	16391032	923	1			260		other	0
10108020_1	575	Sound	10	16409531	750	1			260		other	0
10108020_1	576	Sound	12	16433529	908	1			260		other	0
10108020_1	577	Sound	18	16454028	1067	1			260		other	0
10108020_1	577	Response	1	16458235	5275	1
10108020_1	578	Sound	14	16479527	725	1			260		other	0
10108020_1	578	Response	1	16485114	6312	1
10108020_1	579	Sound	15	16498525	1052	1			260		other	0
10108020_1	581	Response	255	16641664	117436	1
10108020_1	583	Sound	14	16711513	642	1			260		other	0
10108020_1	584	Sound	14	16733011	801	1			260		other	0
10108020_1	584	Response	1	16739098	6888	1
10108020_1	585	Sound	18	16757010	793	1			260		other	0
10108020_1	585	Response	1	16762937	6720	1
10108020_1	586	Sound	11	16781508	951	1			260		other	0
10108020_1	586	Response	1	16799653	19096	3
10108020_1	587	Sound	13	16807007	775	1			260		other	0
10108020_1	588	Sound	11	16835505	931	1			260		other	0
10108020_1	589	Sound	20	16851504	759	1			260		other	0
10108020_1	589	Response	1	16851811	1066	1
10108020_1	590	Sound	12	16879002	916	1			260		other	0
10108020_1	591	Sound	19	16901001	741	1			260		other	0
10108020_1	591	Response	1	16904928	4668	1
10108020_1	592	Sound	12	16918500	1069	1			260		other	0
10108020_1	592	Response	1	16923887	6455	1
10108020_1	593	Sound	10	16939999	1061	1			260		other	0
10108020_1	594	Sound	17	16956998	888	1			260		other	0
10108020_1	594	Response	1	16961484	5375	1
10108020_1	595	Sound	11	16983496	879	1			260		other	0
10108020_1	596	Sound	10	17006495	871	1			260		other	0
10108020_1	597	Sound	19	17024494	864	1			260		other	0
10108020_1	597	Response	1	17029000	5371	1
10108020_1	598	Sound	10	17041493	691	1			260		other	0
10108020_1	599	Sound	13	17067991	849	1			260		other	0
10108020_1	599	Response	1	17072678	5535	1
10108020_1	600	Sound	13	17086490	1009	1			260		other	0
10108020_1	601	Sound	19	17105489	668	1			260		other	0
10108020_1	601	Response	1	17110675	5855	1
10108020_1	602	Sound	18	17130487	826	1			260		other	0
10108020_1	602	Response	1	17135154	5493	1
10108020_1	603	Sound	17	17148986	653	1			260		other	0
10108020_1	604	Sound	20	17168485	646	1			260		other	0
10108020_1	604	Response	1	17172032	4192	1
10108020_1	605	Sound	19	17194484	970	1			260		other	0
10108020_1	605	Response	1	17199630	6116	1
10108020_1	606	Sound	20	17217482	795	1			260		other	0
10108020_1	606	Response	1	17221868	5182	1
10108020_1	607	Sound	15	17244481	786	1			260		other	0
10108020_1	608	Sound	17	17270479	943	1			260		other	0
10108020_1	608	Response	1	17273865	4329	1
10108020_1	609	Sound	15	17288478	937	1			260		other	0
10108020_1	610	Sound	20	17315976	594	1			260		other	0
10108020_1	610	Response	1	17318663	3280	1
10108020_1	611	Sound	13	17332475	754	1			260		other	0
10108020_1	612	Sound	17	17349974	581	1			260		other	0
10108020_1	612	Response	1	17356020	6627	1
10108020_1	613	Sound	14	17373973	573	1			260		other	0
10108020_1	614	Sound	16	17390472	734	1			260		other	0
10108020_1	615	Sound	10	17415970	891	1			260		other	0
10108020_1	616	Sound	11	17439969	716	1			260		other	0
10108020_1	617	Sound	10	17456468	877	1			260		other	0
10108020_1	618	Sound	18	17483966	700	1			260		other	0
10108020_1	618	Response	1	17489452	6186	1
10108020_1	619	Sound	14	17502965	860	1			260		other	0
10108020_1	619	Response	1	17508011	5906	1
10108020_1	620	Sound	16	17521464	1021	1			260		other	0
10108020_1	620	Response	1	17526810	6366	1
10108020_1	621	Sound	17	17537963	848	1			260		other	0
10108020_1	621	Response	1	17544089	6974	1
10108020_1	622	Sound	14	17561461	673	1			260		other	0
10108020_1	623	Sound	16	17583960	831	1			260		other	0
10108020_1	624	Sound	15	17600459	825	1			260		other	0
10108020_1	625	Sound	16	17619458	985	1			260		other	0
10108020_1	625	Response	1	17630803	12331	1
10108020_1	626	Sound	18	17646456	809	1			260		other	0
10108020_1	627	Sound	11	17673455	966	1			260		other	0
10108020_1	628	Sound	12	17698953	790	1			260		other	0
10108020_1	629	Sound	13	17715452	784	1			260		other	0
10108020_1	630	Sound	15	17743450	608	1			260		other	0
10108020_1	630	Response	1	17747436	4593	1
10108020_1	631	Sound	20	17764449	767	1			260		other	0
10108020_1	631	Response	1	17768635	4952	1
10108020_1	632	Sound	19	17787448	926	1			260		other	0
10108020_1	632	Response	1	17792873	6351	1
10108020_1	633	Sound	12	17809947	918	1			260		other	0
10108020_1	634	Sound	15	17828945	577	1			260		other	0
10108020_1	634	Response	1	17833511	5143	1
10108020_1	635	Sound	16	17852444	736	1			260		other	0
10108020_1	636	Sound	18	17872443	728	1			260		other	0
10108020_1	637	Sound	12	17899441	1052	1			260		other	0
10108020_1	639	Response	255	18177090	260615	1
10108020_1	641	Sound	34	18240921	930	1			260		other	0
10108020_1	641	Response	1	18245725	5735	1
10108020_1	642	Sound	35	18269919	587	1			260		other	0
10108020_1	642	Response	1	18273644	4311	1
10108020_1	643	Sound	30	18296917	577	1			260		other	0
10108020_1	644	Sound	32	18320416	902	1			260		other	0
10108020_1	644	Response	1	18324361	4847	1
10108020_1	645	Sound	40	18342915	727	1			260		other	0
10108020_1	645	Response	1	18345319	3132	1
10108020_1	646	Sound	34	18369413	885	1			260		other	0
10108020_1	646	Response	1	18373957	5429	1
10108020_1	647	Sound	32	18385912	879	1			260		other	0
10108020_1	648	Sound	34	18414910	1035	1			260		other	0
10108020_1	648	Response	1	18418515	4640	1
10108020_1	649	Sound	38	18441409	859	1			260		other	0
10108020_1	649	Response	1	18445153	4604	1
10108020_1	650	Sound	38	18459908	853	1			260		other	0
10108020_1	650	Response	1	18463712	4657	1
10108020_1	651	Sound	40	18481906	845	1			260		other	0
10108020_1	651	Response	1	18484431	3369	1
10108020_1	652	Sound	37	18508905	668	1			260		other	0
10108020_1	652	Response	1	18512189	3953	1
10108020_1	653	Sound	31	18529403	994	1			260		other	0
10108020_1	654	Sound	31	18553402	819	1			260		other	0
10108020_1	654	Response	1	18557386	4803	1
10108020_1	655	Sound	38	18580400	643	1			260		other	0
10108020_1	655	Response	1	18584264	4507	1
10108020_1	656	Sound	37	18598899	970	1			260		other	0
10108020_1	656	Response	1	18602663	4734	1
10108020_1	657	Sound	37	18624897	627	1			260		other	0
10108020_1	657	Response	1	18627942	3671	1
10108020_1	658	Sound	30	18647396	952	1			260		other	0
10108020_1	658	Response	1	18649780	3336	1
10108020_1	659	Sound	36	18665895	612	1			260		other	0
10108020_1	659	Response	1	18671699	6416	1
10108020_1	660	Sound	33	18690894	770	1			260		other	0
10108020_1	661	Sound	38	18710892	596	1			260		other	0
10108020_1	661	Response	1	18714896	4600	1
10108020_1	662	Sound	36	18738391	920	1			260		other	0
10108020_1	663	Sound	36	18766389	743	1			260		other	0
10108020_1	663	Response	1	18771693	6047	1
10108020_1	664	Sound	32	18787888	1069	1			260		other	0
10108020_1	664	Response	1	18792252	5433	1
10108020_1	665	Sound	40	18810886	894	1			260		other	0
10108020_1	665	Response	1	18813210	3218	1
10108020_1	666	Sound	30	18839885	717	1			260		other	0
10108020_1	667	Sound	33	18868383	1040	1			260		other	0
10108020_1	668	Sound	39	18888382	866	1			260		other	0
10108020_1	668	Response	1	18894245	6730	1
10108020_1	669	Sound	34	18917380	1023	1			260		other	0
10108020_1	670	Sound	39	18938379	849	1			260		other	0
10108020_1	670	Response	1	18942323	4793	1
10108020_1	671	Sound	36	18963377	673	1			260		other	0
10108020_1	671	Response	1	18967841	5137	1
10108020_1	672	Sound	39	18981376	1000	1			260		other	0
10108020_1	672	Response	1	18985760	5384	1
10108020_1	673	Sound	37	18999375	994	1			260		other	0
10108020_1	674	Sound	39	19021874	819	1			260		other	0
10108020_1	674	Response	1	19026157	5102	1
10108020_1	675	Sound	39	19047872	809	1			260		other	0
10108020_1	676	Sound	33	19070871	801	1			260		other	0
10108020_1	676	Response	1	19075754	5685	1
10108020_1	677	Sound	33	19087870	962	1			260		other	0
10108020_1	677	Response	1	19093673	6765	1
10108020_1	678	Sound	30	19111368	620	1			260		other	0
10108020_1	679	Sound	37	19140366	610	1			260		other	0
10108020_1	680	Sound	33	19167365	767	1			260		other	0
10108020_1	680	Response	1	19173668	7070	1
10108020_1	681	Sound	31	19185864	760	1			260		other	0
10108020_1	682	Sound	35	19211362	918	1			260		other	0
10108020_1	683	Sound	31	19233361	743	1			260		other	0
10108020_1	684	Sound	35	19252860	903	1			260		other	0
10108020_1	684	Response	1	19256863	4906	1
10108020_1	685	Sound	36	19274858	895	1			260		other	0
10108020_1	685	Response	1	19278702	4739	1
10108020_1	686	Sound	31	19296857	887	1			260		other	0
10108020_1	687	Sound	40	19315856	714	1			260		other	0
10108020_1	687	Response	1	19318699	3557	1
10108020_1	688	Sound	35	19343854	1037	1			260		other	0
10108020_1	688	Response	1	19349017	6201	1
10108020_1	689	Sound	34	19370353	1028	1			260		other	0
10108020_1	689	Response	1	19375896	6571	1
10108020_1	690	Sound	35	19394851	686	1			260		other	0
10108020_1	691	Sound	32	19422350	676	1			260		other	0
10108020_1	692	Sound	38	19446348	668	1			260		other	0
10108020_1	692	Response	1	19451091	5410	1
10108020_1	693	Sound	30	19473346	658	1			260		other	0
10108020_1	694	Sound	32	19497345	649	1			260		other	0
10108020_1	695	Sound	40	19524843	807	1			260		other	0
10108020_1	695	Response	1	19527486	3450	1
10108020_1	697	Response	255	19579723	26264	1
10108020_1	699	Sound	57	19650836	761	1			260		other	0
10108020_1	699	Response	1	19654439	4364	1
10108020_1	700	Sound	59	19674335	586	1			260		other	0
10108020_1	700	Response	1	19677397	3649	1
10108020_1	701	Sound	58	19703833	909	1			260		other	0
10108020_1	701	Response	1	19707075	4152	1
10108020_1	702	Sound	54	19727831	734	1			260		other	0
10108020_1	702	Response	1	19730194	3097	1
10108020_1	703	Sound	51	19744330	895	1			260		other	0
10108020_1	704	Sound	55	19763829	1054	1			260		other	0
10108020_1	704	Response	1	19766672	3897	1
10108020_1	705	Sound	50	19783328	1047	1			260		other	0
10108020_1	706	Sound	56	19805826	706	1			260		other	0
10108020_1	706	Response	1	19809949	4829	1
10108020_1	707	Sound	60	19826825	1032	1			260		other	0
10108020_1	707	Response	1	19829868	4074	1
10108020_1	708	Sound	53	19854824	855	1			260		other	0
10108020_1	709	Sound	60	19878322	847	1			260		other	0
10108020_1	709	Response	1	19880505	3029	1
10108020_1	710	Sound	53	19897321	1007	1			260		other	0
10108020_1	710	Response	1	19901943	5629	1
10108020_1	711	Sound	50	19914320	834	1			260		other	0
10108020_1	712	Sound	58	19938818	825	1			260		other	0
10108020_1	712	Response	1	19942341	4347	1
10108020_1	713	Sound	55	19958317	652	1			260		other	0
10108020_1	714	Sound	56	19985316	975	1			260		other	0
10108020_1	714	Response	1	19988418	4078	1
10108020_1	715	Sound	59	20011314	633	1			260		other	0
10108020_1	715	Response	1	20014816	4135	1
10108020_1	716	Sound	52	20039312	956	1			260		other	0
10108020_1	717	Sound	59	20055811	783	1			260		other	0
10108020_1	717	Response	1	20059373	4345	1
10108020_1	718	Sound	57	20075310	610	1			260		other	0
10108020_1	718	Response	1	20079052	4352	1
10108020_1	719	Sound	50	20103809	933	1			260		other	0
10108020_1	720	Sound	54	20121308	927	1			260		other	0
10108020_1	720	Response	1	20125130	4749	1
10108020_1	721	Sound	59	20144806	585	1			260		other	0
10108020_1	721	Response	1	20150088	5867	1
10108020_1	722	Sound	55	20165805	744	1			260		other	0
10108020_1	723	Sound	51	20189303	903	1			260		other	0
10108020_1	723	Response	1	20192645	4245	1
10108020_1	724	Sound	51	20207302	730	1			260		other	0
10108020_1	725	Sound	58	20229801	721	1			260		other	0
10108020_1	725	Response	1	20234803	5723	1
10108020_1	726	Sound	56	20256299	712	1			260		other	0
10108020_1	726	Response	1	20261281	5694	1
10108020_1	727	Sound	53	20272798	873	1			260		other	0
10108020_1	728	Sound	50	20293297	866	1			260		other	0
10108020_1	729	Sound	56	20311796	692	1			260		other	0
10108020_1	730	Sound	58	20336795	683	1			260		other	0
10108020_1	730	Response	1	20341196	5085	1
10108020_1	731	Sound	60	20357793	676	1			260		other	0
10108020_1	731	Response	1	20361515	4398	1
10108020_1	732	Sound	54	20374792	670	1			260		other	0
10108020_1	733	Sound	51	20395291	662	1			260		other	0
10108020_1	734	Sound	60	20419290	987	1			260		other	0
10108020_1	734	Response	1	20421831	3529	1
10108020_1	735	Sound	52	20446788	644	1			260		other	0
10108020_1	736	Sound	52	20464787	971	1			260		other	0
10108020_1	737	Sound	53	20484286	631	1			260		other	0
10108020_1	738	Sound	54	20503785	624	1			260		other	0
10108020_1	739	Sound	57	20533283	947	1			260		other	0
10108020_1	739	Response	1	20539744	7408	1
10108020_1	740	Sound	55	20559781	771	1			260		other	0
10108020_1	740	Response	1	20564462	5452	1
10108020_1	741	Sound	54	20581780	929	1			260		other	0
10108020_1	742	Sound	57	20610778	586	1			260		other	0
10108020_1	742	Response	1	20614939	4747	1
10108020_1	743	Sound	52	20631277	912	1			260		other	0
10108020_1	744	Sound	56	20658775	735	1			260		other	0
10108020_1	745	Sound	59	20682774	1061	1			260		other	0
10108020_1	745	Response	1	20686135	4422	1
10108020_1	746	Sound	58	20711772	883	1			260		other	0
10108020_1	746	Response	1	20714773	3884	1
10108020_1	747	Sound	55	20728771	877	1			260		other	0
10108020_1	747	Response	1	20734212	6318	1
10108020_1	748	Sound	51	20749270	1036	1			260		other	0
10108020_1	749	Sound	60	20770269	1029	1			260		other	0
10108020_1	749	Response	1	20772370	3130	1
10108020_1	750	Sound	52	20793767	854	1			260		other	0
10108020_1	751	Sound	57	20818766	1012	1			260		other	0
10108020_1	752	Sound	50	20836765	672	1			260		other	0
10108020_1	753	Sound	53	20862763	829	1			260		other	0
10108020_1	753	Response	1	20866764	4830	1
10108020_1	755	Response	255	20907801	26282	1
10108020_1	757	Sound	37	20981756	620	1			260		other	0
10108020_1	757	Response	1	20988436	7301	1
10108020_1	758	Sound	31	21006754	611	1			260		other	0
10108020_1	759	Sound	40	21026253	771	1			260		other	0
10108020_1	759	Response	1	21028594	3112	1
10108020_1	760	Sound	38	21045752	931	1			260		other	0
10108020_1	760	Response	1	21050273	5451	1
10108020_1	761	Sound	39	21067751	923	1			260		other	0
10108020_1	761	Response	1	21070831	4004	1
10108020_1	762	Sound	36	21094249	580	1			260		other	0
10108020_1	762	Response	1	21096990	3321	1
10108020_1	763	Sound	30	21120747	904	1			260		other	0
10108020_1	764	Sound	32	21146746	895	1			260		other	0
10108020_1	765	Sound	36	21169244	720	1			260		other	0
10108020_1	766	Sound	38	21188243	713	1			260		other	0
10108020_1	766	Response	1	21194664	7133	1
10108020_1	767	Sound	40	21205242	707	1			260		other	0
10108020_1	767	Response	1	21208823	4288	1
10108020_1	768	Sound	36	21232241	864	1			260		other	0
10108020_1	769	Sound	39	21260739	1021	1			260		other	0
10108020_1	769	Response	1	21268259	8541	1
10108020_1	770	Sound	40	21277238	681	1			260		other	0
10108020_1	770	Response	1	21280498	3942	1
10108020_1	771	Sound	37	21299237	840	1			260		other	0
10108020_1	771	Response	1	21304097	5701	1
10108020_1	772	Sound	40	21321235	832	1			260		other	0
10108020_1	772	Response	1	21323536	3133	1
10108020_1	773	Sound	36	21341234	826	1			260		other	0
10108020_1	774	Sound	30	21358733	652	1			260		other	0
10108020_1	775	Sound	38	21382732	977	1			260		other	0
10108020_1	775	Response	1	21386652	4898	1
10108020_1	776	Sound	34	21402730	637	1			260		other	0
10108020_1	776	Response	1	21407371	5277	1
10108020_1	777	Sound	39	21427229	628	1			260		other	0
10108020_1	777	Response	1	21431209	4608	1
10108020_1	778	Sound	31	21449228	620	1			260		other	0
10108020_1	779	Sound	31	21472226	612	1			260		other	0
10108020_1	780	Sound	30	21493225	938	1			260		other	0
10108020_1	781	Sound	33	21513724	930	1			260		other	0
10108020_1	782	Sound	31	21531723	591	1			260		other	0
10108020_1	783	Sound	39	21551222	584	1			260		other	0
10108020_1	784	Sound	34	21568721	911	1			260		other	0
10108020_1	784	Response	1	21574720	6911	1
10108020_1	785	Sound	34	21594719	1068	1			260		other	0
10108020_1	786	Sound	38	21620217	1059	1			260		other	0
10108020_1	787	Sound	34	21649216	715	1			260		other	0
10108020_1	787	Response	1	21653995	5495	1
10108020_1	788	Sound	31	21671714	707	1			260		other	0
10108020_1	789	Sound	30	21690713	701	1			260		other	0
10108020_1	790	Sound	33	21707712	1028	1			260		other	0
10108020_1	791	Sound	35	21732211	686	1			260		other	0
10108020_1	792	Sound	30	21760709	842	1			260		other	0
10108020_1	793	Sound	38	21780208	1002	1			260		other	0
10108020_1	794	Sound	32	21796707	830	1			260		other	0
10108020_1	795	Sound	35	21821205	988	1			260		other	0
10108020_1	796	Sound	36	21850204	977	1			260		other	0
10108020_1	797	Sound	32	21874702	802	1			260		other	0
10108020_1	798	Sound	35	21903200	625	1			260		other	0
10108020_1	799	Sound	35	21925699	950	1			260		other	0
10108020_1	800	Sound	34	21950698	775	1			260		other	0
10108020_1	800	Response	1	21955257	5334	2
10108020_1	801	Sound	37	21978696	931	1			260		other	0
10108020_1	802	Sound	40	22003194	589	1			260		other	0
10108020_1	802	Response	1	22005734	3129	1
10108020_1	803	Sound	37	22026693	914	1			260		other	0
10108020_1	804	Sound	32	22055691	570	1			260		other	0
10108020_1	805	Sound	33	22079190	562	1			260		other	0
10108020_1	806	Sound	33	22100689	721	1			260		other	0
10108020_1	807	Sound	32	22121687	714	1			260		other	0
10108020_1	808	Sound	39	22139186	707	1			260		other	0
10108020_1	808	Response	1	22146605	8126	1
10108020_1	809	Sound	33	22155685	702	1			260		other	0
10108020_1	810	Sound	37	22181184	693	1			260		other	0
10108020_1	811	Sound	35	22202682	685	1			260		other	0
10108020_1	813	Response	255	22255638	35889	1
10108020_1	815	Sound	13	22322675	809	1			260		other	0
10108020_1	816	Sound	18	22343674	635	1			260		other	0
10108020_1	816	Response	1	22348673	5633	1
10108020_1	817	Sound	17	22372172	624	1			260		other	0
10108020_1	817	Response	1	22375791	4243	1
10108020_1	818	Sound	10	22395671	949	1			260		other	0
10108020_1	818	Response	1	22404349	9628	1
10108020_1	819	Response	1	22415549	488	1
10108020_1	819	Sound	18	22415669	609	1			260		other	0
10108020_1	820	Sound	16	22434168	936	1			260		other	0
10108020_1	820	Response	1	22437787	4554	1
10108020_1	821	Sound	15	22450667	596	1			260		other	0
10108020_1	822	Sound	10	22470666	923	1			260		other	0
10108020_1	823	Sound	20	22493165	582	1			260		other	0
10108020_1	823	Response	1	22496583	4000	1
10108020_1	824	Sound	13	22510164	1076	1			260		other	0
10108020_1	825	Sound	20	22535662	733	1			260		other	0
10108020_1	825	Response	1	22538501	3571	1
10108020_1	826	Sound	11	22558161	891	1			260		other	0
10108020_1	827	Sound	12	22580660	717	1			260		other	0
10108020_1	828	Sound	10	22596159	711	1			260		other	0
10108020_1	829	Sound	15	22615657	871	1			260		other	0
10108020_1	829	Response	1	22619936	5149	1
10108020_1	830	Sound	18	22635656	864	1			260		other	0
10108020_1	830	Response	1	22639375	4582	1
10108020_1	831	Sound	15	22662155	855	1			260		other	0
10108020_1	831	Response	1	22667133	5833	1
10108020_1	832	Sound	14	22680154	1015	1			260		other	0
10108020_1	832	Response	1	22684412	5273	1
10108020_1	833	Sound	20	22697153	842	1			260		other	0
10108020_1	833	Response	1	22700571	4260	1
10108020_1	834	Sound	19	22717151	668	1			260		other	0
10108020_1	834	Response	1	22721290	4806	1
10108020_1	835	Sound	18	22740150	993	1			260		other	0
10108020_1	835	Response	1	22745608	6452	1
10108020_1	836	Sound	20	22765149	818	1			260		other	0
10108020_1	836	Response	1	22769607	5276	1
10108020_1	837	Sound	14	22784147	644	1			260		other	0
10108020_1	838	Sound	17	22811646	801	1			260		other	0
10108020_1	838	Response	1	22816164	5319	1
10108020_1	839	Sound	14	22827645	795	1			260		other	0
10108020_1	839	Response	1	22832323	5474	1
10108020_1	840	Sound	17	22847144	788	1			260		other	0
10108020_1	840	Response	1	22854322	7966	1
10108020_1	841	Sound	11	22870142	947	1			260		other	0
10108020_1	842	Sound	10	22896141	604	1			260		other	0
10108020_1	843	Sound	14	22913140	932	1			260		other	0
10108020_1	844	Sound	12	22938638	756	1			260		other	0
10108020_1	845	Sound	18	22958137	749	1			260		other	0
10108020_1	845	Response	1	22962955	5567	1
10108020_1	846	Sound	19	22984135	740	1			260		other	0
10108020_1	846	Response	1	22988073	4677	1
10108020_1	847	Sound	15	23007134	1065	1			260		other	0
10108020_1	847	Response	1	23012951	6882	1
10108020_1	848	Sound	13	23024133	1059	1			260		other	0
10108020_1	848	Response	1	23030631	7556	1
10108020_1	849	Sound	20	23046132	1051	1			260		other	0
10108020_1	849	Response	1	23050709	5629	1
10108020_1	850	Sound	13	23067630	877	1			260		other	0
10108020_1	850	Response	1	23073028	6274	1
10108020_1	851	Sound	12	23088629	869	1			260		other	0
10108020_1	852	Sound	11	23112128	861	1			260		other	0
10108020_1	853	Sound	16	23130627	688	1			260		other	0
10108020_1	853	Response	1	23135904	5965	1
10108020_1	854	Sound	12	23154625	845	1			260		other	0
10108020_1	854	Response	1	23159743	5963	1
10108020_1	855	Sound	19	23172624	839	1			260		other	0
10108020_1	855	Response	1	23177422	5637	1
10108020_1	856	Sound	15	23188623	1000	1			260		other	0
10108020_1	856	Response	1	23194461	6838	1
10108020_1	857	Sound	14	23214121	658	1			260		other	0
10108020_1	857	Response	1	23219579	6115	1
10108020_1	858	Sound	10	23231620	818	1			260		other	0
10108020_1	859	Sound	16	23247619	979	1			260		other	0
10108020_1	860	Sound	13	23267118	806	1			260		other	0
10108020_1	861	Sound	12	23293117	963	1			260		other	0
10108020_1	862	Sound	19	23312615	622	1			260		other	0
10108020_1	862	Response	1	23317253	5260	1
10108020_1	863	Sound	11	23335114	781	1			260		other	0
10108020_1	864	Sound	17	23362113	938	1			260		other	0
10108020_1	864	Response	1	23369010	7836	1
10108020_1	865	Sound	11	23384111	597	1			260		other	0
10108020_1	866	Sound	16	23403610	590	1			260		other	0
10108020_1	867	Sound	16	23422609	583	1			260		other	0
10108020_1	867	Response	1	23427566	5540	1
10108020_1	868	Sound	17	23447107	908	1			260		other	0
10108020_1	868	Response	1	23451325	5125	1
10108020_1	869	Sound	19	23470606	566	1			260		other	0
10108020_1	869	Response	1	23475563	5523	1

The following output port codes were not sent because of a conflict on the port.
Port	Code	Time(ms)
1	253	231513
1	253	363689
1	253	503866
1	253	637440
1	253	772128
1	253	907383
1	253	1.03511e+06
1	253	1.25219e+06
1	253	1.38783e+06
1	253	1.52422e+06
1	253	1.66417e+06
1	253	1.81771e+06
1	253	1.95798e+06
1	253	2.09078e+06
1	253	2.22557e+06
1	253	2.34956e+06
