Scenario - 
Logfile written - 12/11/2018 21:58:34

Subject	Trial	Event Type	Code	Time	TTime	Uncertainty	Duration	Uncertainty	ReqTime	ReqDur	Stim Type	Pair Index

10108016_2	1	Response	255	3355717	3355050	1
10108016_2	3	Sound	19	3431802	709	1			260		other	0
10108016_2	4	Sound	18	3450801	703	1			260		other	0
10108016_2	4	Response	1	3454190	4091	2
10108016_2	5	Sound	20	3467300	863	1			260		other	0
10108016_2	5	Response	1	3470829	4393	1
10108016_2	6	Sound	17	3488299	689	1			260		other	0
10108016_2	6	Response	1	3492428	4819	1
10108016_2	7	Sound	20	3514297	680	1			260		other	0
10108016_2	7	Response	1	3518666	5049	1
10108016_2	8	Sound	20	3531296	1007	1			260		other	0
10108016_2	8	Response	1	3534585	4296	1
10108016_2	9	Sound	13	3549795	834	1			260		other	0
10108016_2	10	Sound	11	3566794	828	1			260		other	0
10108016_2	11	Sound	16	3584793	822	1			260		other	0
10108016_2	11	Response	1	3589222	5251	1
10108016_2	12	Sound	10	3611791	979	1			260		other	0
10108016_2	13	Sound	19	3636789	803	1			260		other	0
10108016_2	13	Response	1	3640978	4992	1
10108016_2	14	Sound	12	3655288	796	1			260		other	0
10108016_2	14	Response	1	3659137	4645	1
10108016_2	15	Sound	18	3682787	953	1			260		other	0
10108016_2	15	Response	1	3690095	8262	1
10108016_2	16	Sound	11	3707785	778	1			260		other	0
10108016_2	17	Sound	10	3733283	935	1			260		other	0
10108016_2	18	Sound	12	3758282	593	1			260		other	0
10108016_2	19	Sound	16	3774281	587	1			260		other	0
10108016_2	19	Response	1	3779209	5516	1
10108016_2	19	Response	1	3795608	21915	1
10108016_2	20	Sound	10	3802779	1077	1			260		other	0
10108016_2	21	Sound	17	3830777	734	1			260		other	0
10108016_2	21	Response	1	3835606	5563	1
10108016_2	22	Sound	14	3848776	727	1			260		other	0
10108016_2	23	Sound	13	3872275	886	1			260		other	0
10108016_2	23	Response	1	3877763	6374	1
10108016_2	24	Sound	19	3888274	880	1			260		other	0
10108016_2	24	Response	1	3892402	5009	1
10108016_2	25	Sound	15	3904273	1041	1			260		other	0
10108016_2	25	Response	1	3913601	10369	1
10108016_2	26	Sound	12	3922271	1035	1			260		other	0
10108016_2	26	Response	1	3928880	7643	1
10108016_2	27	Sound	14	3941770	861	1			260		other	0
10108016_2	27	Response	1	3947439	6529	1
10108016_2	28	Sound	20	3957769	1022	1			260		other	0
10108016_2	28	Response	1	3962718	5971	1
10108016_2	29	Sound	14	3974768	849	1			260		other	0
10108016_2	29	Response	1	3979517	5598	1
10108016_2	30	Sound	16	3993267	1009	1			260		other	0
10108016_2	30	Response	1	4000715	8458	1
10108016_2	31	Sound	14	4019765	1000	1			260		other	0
10108016_2	32	Sound	18	4043764	658	1			260		other	0
10108016_2	32	Response	1	4050792	7686	1
10108016_2	33	Sound	18	4063763	651	1			260		other	0
10108016_2	33	Response	1	4069751	6639	1
10108016_2	34	Sound	19	4080261	812	1			260		other	0
10108016_2	34	Response	1	4085030	5580	1
10108016_2	35	Sound	17	4103260	970	1			260		other	0
10108016_2	35	Response	1	4106709	4419	1
10108016_2	36	Sound	15	4124259	963	1			260		other	0
10108016_2	36	Response	1	4127667	4371	1
10108016_2	37	Sound	10	4142757	956	1			260		other	0
10108016_2	38	Sound	10	4169756	613	1			260		other	0
10108016_2	39	Sound	15	4193254	938	1			260		other	0
10108016_2	40	Sound	13	4221253	761	1			260		other	0
10108016_2	40	Response	1	4228541	8050	1
10108016_2	41	Sound	12	4243251	754	1			260		other	0
10108016_2	41	Response	1	4251979	9482	1
10108016_2	42	Sound	15	4263750	913	1			260		other	0
10108016_2	42	Response	1	4269898	7061	1
10108016_2	43	Sound	11	4281749	740	1			260		other	0
10108016_2	43	Response	1	4289497	8488	1
10108016_2	44	Sound	13	4301747	733	1			260		other	0
10108016_2	44	Response	1	4306136	5121	1
10108016_2	45	Sound	12	4324746	1058	1			260		other	0
10108016_2	45	Response	1	4325334	1646	1
10108016_2	46	Sound	13	4341245	1052	1			260		other	0
10108016_2	46	Response	1	4345653	5460	1
10108016_2	47	Sound	19	4359244	879	1			260		other	0
10108016_2	47	Response	1	4363172	4807	1
10108016_2	48	Sound	17	4380742	1038	1			260		other	0
10108016_2	48	Response	1	4384291	4586	1
10108016_2	49	Sound	16	4404241	696	1			260		other	0
10108016_2	49	Response	1	4409409	5864	1
10108016_2	50	Sound	20	4430239	854	1			260		other	0
10108016_2	50	Response	1	4433888	4502	1
10108016_2	51	Sound	16	4455738	678	1			260		other	0
10108016_2	51	Response	1	4459485	4425	2
10108016_2	52	Sound	14	4483736	668	1			260		other	0
10108016_2	52	Response	1	4487644	4576	1
10108016_2	53	Sound	11	4504735	660	1			260		other	0
10108016_2	53	Response	1	4509483	5408	1
10108016_2	54	Sound	18	4528733	985	1			260		other	0
10108016_2	54	Response	1	4528921	1173	1
10108016_2	55	Sound	15	4551232	810	1			260		other	0
10108016_2	56	Response	1	4571719	124	1
10108016_2	56	Sound	17	4572230	636	1			260		other	0
10108016_2	57	Sound	11	4589729	963	1			260		other	0
10108016_2	59	Response	255	4643394	32542	1
10108016_2	61	Sound	55	4715721	752	1			260		other	0
10108016_2	62	Sound	50	4739220	910	1			260		other	0
10108016_2	63	Sound	56	4763218	902	1			260		other	0
10108016_2	64	Sound	52	4790717	725	1			260		other	0
10108016_2	65	Sound	51	4808215	1052	1			260		other	0
10108016_2	66	Sound	50	4833714	1043	1			260		other	0
10108016_2	67	Sound	54	4853213	703	1			260		other	0
10108016_2	68	Sound	54	4872712	1030	1			260		other	0
10108016_2	69	Sound	53	4892210	856	1			260		other	0
10108016_2	70	Sound	60	4908709	1016	1			260		other	0
10108016_2	70	Response	1	4912737	5044	1
10108016_2	71	Sound	60	4935208	840	1			260		other	0
10108016_2	71	Response	1	4937855	3488	1
10108016_2	72	Sound	58	4952706	834	1			260		other	0
10108016_2	73	Sound	56	4975205	826	1			260		other	0
10108016_2	74	Sound	55	5004203	982	1			260		other	0
10108016_2	75	Sound	55	5026202	808	1			260		other	0
10108016_2	75	Response	1	5033769	8375	1
10108016_2	76	Sound	51	5043701	802	1			260		other	0
10108016_2	77	Sound	59	5061700	628	1			260		other	0
10108016_2	77	Response	1	5065447	4375	1
10108016_2	78	Sound	59	5079698	622	1			260		other	0
10108016_2	78	Response	1	5083365	4289	1
10108016_2	79	Sound	57	5105697	779	1			260		other	0
10108016_2	79	Response	1	5109124	4206	1
10108016_2	80	Sound	56	5132195	937	1			260		other	0
10108016_2	81	Sound	54	5161193	593	1			260		other	0
10108016_2	82	Sound	57	5188192	750	1			260		other	0
10108016_2	83	Sound	54	5207690	743	1			260		other	0
10108016_2	84	Sound	55	5232689	901	1			260		other	0
10108016_2	85	Sound	52	5254687	893	1			260		other	0
10108016_2	86	Sound	57	5279686	1052	1			260		other	0
10108016_2	87	Sound	59	5297685	878	1			260		other	0
10108016_2	87	Response	1	5306151	9344	1
10108016_2	88	Sound	52	5320683	870	1			260		other	0
10108016_2	88	Response	1	5325110	5297	1
10108016_2	89	Sound	52	5349681	692	1			260		other	0
10108016_2	90	Sound	60	5371680	851	1			260		other	0
10108016_2	90	Response	1	5375187	4358	1
10108016_2	91	Sound	56	5396678	842	1			260		other	0
10108016_2	92	Sound	53	5422677	833	1			260		other	0
10108016_2	93	Sound	53	5444675	993	1			260		other	0
10108016_2	94	Sound	60	5469674	816	1			260		other	0
10108016_2	94	Response	1	5473661	4803	1
10108016_2	95	Sound	58	5486173	978	1			260		other	0
10108016_2	95	Response	1	5491579	6385	1
10108016_2	96	Sound	50	5504172	804	1			260		other	0
10108016_2	97	Sound	53	5527170	796	1			260		other	0
10108016_2	98	Sound	50	5548669	955	1			260		other	0
10108016_2	99	Sound	51	5568668	948	1			260		other	0
10108016_2	100	Sound	58	5591166	940	1			260		other	0
10108016_2	100	Response	1	5599093	8866	1
10108016_2	101	Sound	52	5610165	766	1			260		other	0
10108016_2	102	Sound	51	5635163	591	1			260		other	0
10108016_2	103	Sound	57	5663662	580	1			260		other	0
10108016_2	104	Sound	58	5681661	907	1			260		other	0
10108016_2	105	Sound	60	5708659	1064	1			260		other	0
10108016_2	105	Response	1	5711805	4211	1
10108016_2	106	Sound	53	5727658	891	1			260		other	0
10108016_2	106	Response	1	5739083	12317	1
10108016_2	107	Sound	56	5751656	716	1			260		other	0
10108016_2	107	Response	1	5756522	5582	1
10108016_2	108	Sound	58	5768655	876	1			260		other	0
10108016_2	108	Response	1	5773561	5783	1
10108016_2	109	Sound	54	5793153	868	1			260		other	0
10108016_2	110	Sound	51	5814152	860	1			260		other	0
10108016_2	110	Response	1	5817479	4187	1
10108016_2	111	Sound	55	5841650	1018	1			260		other	0
10108016_2	111	Response	1	5845477	4845	1
10108016_2	112	Sound	59	5863149	1011	1			260		other	0
10108016_2	112	Response	1	5866435	4297	1
10108016_2	113	Sound	57	5884648	668	1			260		other	0
10108016_2	113	Response	1	5888514	4535	1
10108016_2	114	Sound	50	5910646	992	1			260		other	0
10108016_2	115	Sound	59	5929145	986	1			260		other	0
10108016_2	115	Response	1	5933071	4912	1
10108016_2	117	Response	255	6013626	65214	1
10108016_2	119	Sound	58	6092635	761	1			260		other	0
10108016_2	120	Sound	50	6115633	586	1			260		other	0
10108016_2	121	Sound	58	6145131	909	1			260		other	0
10108016_2	122	Sound	54	6173130	899	1			260		other	0
10108016_2	122	Response	1	6198014	25783	1
10108016_2	123	Sound	55	6201128	1055	1			260		other	0
10108016_2	123	Response	1	6207853	7781	1
10108016_2	124	Sound	53	6218627	1049	1			260		other	0
10108016_2	125	Sound	57	6245125	1040	1			260		other	0
10108016_2	125	Response	1	6255690	11605	1
10108016_2	126	Sound	50	6272123	697	1			260		other	0
10108016_2	127	Sound	53	6298122	854	1			260		other	0
10108016_2	127	Response	1	6302007	4740	1
10108016_2	128	Sound	57	6318120	1015	1			260		other	0
10108016_2	128	Response	1	6322326	5221	1
10108016_2	129	Sound	52	6347618	1003	1			260		other	0
10108016_2	129	Response	1	6354404	7789	1
10108016_2	130	Sound	50	6366617	830	1			260		other	0
10108016_2	131	Sound	52	6388616	822	1			260		other	0
10108016_2	132	Sound	56	6410614	981	1			260		other	0
10108016_2	133	Sound	59	6438113	638	1			260		other	0
10108016_2	133	Response	1	6442238	4763	1
10108016_2	134	Sound	55	6463111	962	1			260		other	0
10108016_2	135	Sound	59	6491609	785	1			260		other	0
10108016_2	135	Response	1	6497275	6450	1
10108016_2	136	Sound	52	6510108	612	1			260		other	0
10108016_2	136	Response	1	6519353	9857	1
10108016_2	137	Sound	56	6535607	936	1			260		other	0
10108016_2	138	Sound	51	6561605	760	1			260		other	0
10108016_2	139	Sound	51	6579604	587	1			260		other	0
10108016_2	140	Sound	60	6602602	746	1			260		other	0
10108016_2	140	Response	1	6605428	3571	1
10108016_2	141	Sound	54	6621101	739	1			260		other	0
10108016_2	142	Sound	55	6640600	899	1			260		other	0
10108016_2	143	Sound	50	6667598	889	1			260		other	0
10108016_2	144	Sound	60	6690097	881	1			260		other	0
10108016_2	144	Response	1	6694140	4925	4
10108016_2	145	Sound	58	6711096	1040	1			260		other	0
10108016_2	146	Sound	50	6729594	867	1			260		other	0
10108016_2	147	Sound	60	6752093	859	1			260		other	0
10108016_2	147	Response	1	6755738	4504	1
10108016_2	148	Sound	56	6773592	685	1			260		other	0
10108016_2	149	Sound	55	6799090	842	1			260		other	0
10108016_2	149	Response	1	6804855	6607	1
10108016_2	150	Sound	60	6823589	667	1			260		other	0
10108016_2	150	Response	1	6825814	2892	1
10108016_2	151	Sound	51	6848587	658	1			260		other	0
10108016_2	152	Sound	57	6870086	984	1			260		other	0
10108016_2	152	Response	1	6875011	5909	1
10108016_2	153	Sound	60	6887085	644	1			260		other	0
10108016_2	153	Response	1	6891569	5129	1
10108016_2	154	Sound	59	6904083	972	1			260		other	0
10108016_2	154	Response	1	6909248	6136	1
10108016_2	155	Sound	56	6926582	964	1			260		other	0
10108016_2	156	Sound	52	6955580	620	1			260		other	0
10108016_2	157	Sound	53	6973579	947	1			260		other	0
10108016_2	158	Sound	55	6991078	941	1			260		other	0
10108016_2	159	Sound	59	7016076	598	1			260		other	0
10108016_2	160	Sound	54	7039075	757	1			260		other	0
10108016_2	161	Sound	58	7061573	915	1			260		other	0
10108016_2	161	Response	1	7066998	6340	1
10108016_2	162	Sound	58	7079072	576	1			260		other	0
10108016_2	162	Response	1	7083797	5300	1
10108016_2	163	Sound	51	7108571	1065	1			260		other	0
10108016_2	164	Sound	57	7131569	891	1			260		other	0
10108016_2	165	Sound	53	7157567	1048	1			260		other	0
10108016_2	165	Response	1	7161792	5272	1
10108016_2	166	Sound	52	7186066	1038	1			260		other	0
10108016_2	166	Response	1	7191310	6282	1
10108016_2	167	Sound	57	7205064	1031	1			260		other	0
10108016_2	167	Response	1	7208509	4476	1
10108016_2	168	Sound	54	7231563	688	1			260		other	0
10108016_2	169	Sound	53	7254561	680	1			260		other	0
10108016_2	170	Sound	59	7272560	840	1			260		other	0
10108016_2	170	Response	1	7276505	4785	1
10108016_2	171	Sound	56	7293059	666	1			260		other	0
10108016_2	171	Response	1	7298103	5711	1
10108016_2	172	Sound	54	7320557	990	1			260		other	0
10108016_2	172	Response	1	7327781	8214	1
10108016_2	173	Sound	51	7339556	816	1			260		other	0
10108016_2	175	Response	255	7450973	95816	1
10108016_2	177	Sound	34	7527044	916	1			260		other	0
10108016_2	178	Sound	40	7549543	908	1			260		other	0
10108016_2	178	Response	1	7552327	3692	1
10108016_2	179	Sound	38	7574541	899	1			260		other	0
10108016_2	180	Sound	30	7593540	893	1			260		other	0
10108016_2	181	Sound	35	7617038	1051	1			260		other	0
10108016_2	182	Sound	40	7643537	1041	1			260		other	0
10108016_2	182	Response	1	7645601	3105	1
10108016_2	183	Sound	35	7661536	701	1			260		other	0
10108016_2	184	Sound	32	7684534	860	1			260		other	0
10108016_2	185	Sound	36	7705033	687	1			260		other	0
10108016_2	185	Response	1	7707437	3091	1
10108016_2	186	Sound	39	7733531	676	1			260		other	0
10108016_2	186	Response	1	7737195	4339	1
10108016_2	187	Sound	36	7750530	1003	1			260		other	0
10108016_2	188	Sound	35	7777528	660	1			260		other	0
10108016_2	189	Sound	34	7799527	986	1			260		other	0
10108016_2	190	Sound	31	7825525	810	1			260		other	0
10108016_2	190	Response	1	7829349	4633	1
10108016_2	191	Sound	34	7850524	801	1			260		other	0
10108016_2	191	Response	1	7853587	3865	1
10108016_2	192	Sound	36	7870522	793	1			260		other	0
10108016_2	192	Response	1	7874306	4577	1
10108016_2	193	Sound	35	7889021	954	1			260		other	0
10108016_2	194	Sound	39	7908020	613	1			260		other	0
10108016_2	194	Response	1	7911904	4497	1
10108016_2	195	Sound	39	7935018	771	1			260		other	0
10108016_2	195	Response	1	7939662	5415	1
10108016_2	196	Sound	38	7963017	761	1			260		other	0
10108016_2	196	Response	1	7969340	7084	1
10108016_2	197	Sound	32	7987015	585	1			260		other	0
10108016_2	197	Response	1	7993579	7149	1
10108016_2	198	Sound	30	8006514	578	1			260		other	0
10108016_2	198	Response	1	8011097	5162	1
10108016_2	199	Sound	40	8029512	737	1			260		other	0
10108016_2	199	Response	1	8032056	3281	1
10108016_2	200	Sound	37	8058511	894	1			260		other	0
10108016_2	200	Response	1	8061334	3717	1
10108016_2	201	Sound	30	8086509	717	1			260		other	0
10108016_2	201	Response	1	8091012	5220	1
10108016_2	202	Sound	37	8110007	875	1			260		other	0
10108016_2	202	Response	1	8113331	4198	1
10108016_2	203	Sound	36	8127506	869	1			260		other	0
10108016_2	203	Response	1	8133169	6532	1
10108016_2	204	Sound	32	8152005	1027	1			260		other	0
10108016_2	204	Response	1	8154368	3390	1
10108016_2	205	Sound	33	8170004	854	1			260		other	0
10108016_2	205	Response	1	8178607	9457	1
10108016_2	206	Sound	36	8187503	847	1			260		other	0
10108016_2	206	Response	1	8202685	16030	1
10108016_2	207	Sound	37	8210501	672	1			260		other	0
10108016_2	207	Response	1	8218124	8295	1
10108016_2	208	Sound	31	8234999	664	1			260		other	0
10108016_2	209	Sound	39	8264498	986	1			260		other	0
10108016_2	209	Response	1	8271241	7729	1
10108016_2	210	Sound	38	8283996	646	1			260		other	0
10108016_2	210	Response	1	8290039	6689	1
10108016_2	211	Sound	30	8309495	971	1			260		other	0
10108016_2	211	Response	1	8313158	4634	1
10108016_2	212	Sound	35	8336493	627	1			260		other	0
10108016_2	212	Response	1	8347716	11850	1
10108016_2	213	Sound	31	8363991	951	1			260		other	0
10108016_2	214	Sound	30	8381490	945	1			260		other	0
10108016_2	214	Response	1	8385233	4688	1
10108016_2	215	Sound	33	8405989	603	1			260		other	0
10108016_2	215	Response	1	8409072	3686	1
10108016_2	216	Sound	40	8426487	929	1			260		other	0
10108016_2	216	Response	1	8428511	2952	1
10108016_2	217	Sound	31	8445986	755	1			260		other	0
10108016_2	217	Response	1	8449469	4238	1
10108016_2	218	Sound	40	8467985	747	1			260		other	0
10108016_2	218	Response	1	8469788	2550	1
10108016_2	219	Sound	34	8492483	1072	1			260		other	0
10108016_2	219	Response	1	8495386	3975	1
10108016_2	220	Sound	39	8509982	732	1			260		other	0
10108016_2	220	Response	1	8513465	4215	1
10108016_2	221	Sound	31	8533481	724	1			260		other	0
10108016_2	222	Sound	33	8561479	881	1			260		other	0
10108016_2	223	Sound	33	8579978	1041	1			260		other	0
10108016_2	224	Sound	38	8599477	700	1			260		other	0
10108016_2	224	Response	1	8604339	5563	1
10108016_2	225	Sound	37	8619975	1027	1			260		other	0
10108016_2	225	Response	1	8622738	3789	1
10108016_2	226	Sound	32	8639474	853	1			260		other	0
10108016_2	227	Sound	38	8663972	844	1			260		other	0
10108016_2	228	Sound	32	8692971	667	1			260		other	0
10108016_2	229	Sound	34	8711969	827	1			260		other	0
10108016_2	229	Response	1	8717052	5910	1
10108016_2	230	Sound	33	8737468	818	1			260		other	0
10108016_2	231	Sound	37	8754967	645	1			260		other	0
10108016_2	233	Response	255	9121826	343751	1
10108016_2	235	Sound	10	9198439	653	1			260		other	0
10108016_2	236	Sound	20	9215438	981	1			260		other	0
10108016_2	236	Response	1	9219260	4803	1
10108016_2	237	Sound	11	9234937	641	1			260		other	0
10108016_2	238	Sound	15	9261435	798	1			260		other	0
10108016_2	239	Sound	19	9278434	958	1			260		other	0
10108016_2	239	Response	1	9289175	11700	1
10108016_2	240	Sound	11	9294933	619	1			260		other	0
10108016_2	241	Sound	13	9312932	613	1			260		other	0
10108016_2	241	Response	1	9318213	5894	1
10108016_2	242	Sound	13	9330931	773	1			260		other	0
10108016_2	243	Sound	15	9346929	934	1			260		other	0
10108016_2	243	Response	1	9353811	7815	1
10108016_2	244	Sound	10	9363928	761	1			260		other	0
10108016_2	245	Sound	16	9380927	755	1			260		other	0
10108016_2	245	Response	1	9388369	8197	1
10108016_2	246	Sound	16	9400426	915	1			260		other	0
10108016_2	246	Response	1	9404048	4537	1
10108016_2	247	Sound	16	9423425	907	1			260		other	0
10108016_2	247	Response	1	9430526	8008	1
10108016_2	248	Sound	20	9445423	565	1			260		other	0
10108016_2	248	Response	1	9448845	3987	1
10108016_2	249	Sound	19	9470422	723	1			260		other	0
10108016_2	249	Response	1	9474843	5145	1
10108016_2	250	Sound	14	9488920	883	1			260		other	0
10108016_2	251	Sound	12	9512419	708	1			260		other	0
10108016_2	252	Sound	19	9535418	700	1			260		other	0
10108016_2	252	Response	1	9542359	7642	1
10108016_2	253	Sound	14	9560916	858	1			260		other	0
10108016_2	254	Sound	13	9586414	1015	1			260		other	0
10108016_2	255	Sound	14	9604913	1009	1			260		other	0
10108016_2	256	Sound	14	9625912	1001	1			260		other	0
10108016_2	257	Sound	11	9647411	994	1			260		other	0
10108016_2	258	Sound	15	9665909	653	1			260		other	0
10108016_2	259	Sound	17	9682408	981	1			260		other	0
10108016_2	259	Response	1	9688269	6842	1
10108016_2	260	Sound	18	9703407	974	1			260		other	0
10108016_2	261	Sound	20	9719406	801	1			260		other	0
10108016_2	261	Response	1	9723627	5022	1
10108016_2	262	Sound	12	9736905	629	1			260		other	0
10108016_2	262	Response	1	9743946	7670	1
10108016_2	263	Sound	10	9753404	622	1			260		other	0
10108016_2	264	Sound	17	9779902	780	1			260		other	0
10108016_2	264	Response	1	9785063	5941	1
10108016_2	265	Sound	11	9802401	772	1			260		other	0
10108016_2	266	Sound	20	9820900	932	1			260		other	0
10108016_2	266	Response	1	9826101	6133	1
10108016_2	267	Sound	18	9840398	925	1			260		other	0
10108016_2	267	Response	1	9850979	11506	1
10108016_2	268	Sound	10	9858897	918	1			260		other	0
10108016_2	269	Sound	15	9875396	579	1			260		other	0
10108016_2	270	Sound	16	9893895	572	1			260		other	0
10108016_2	270	Response	1	9897936	4613	1
10108016_2	271	Sound	12	9920393	896	1			260		other	0
10108016_2	272	Sound	11	9937892	1057	1			260		other	0
10108016_2	273	Sound	10	9959891	882	1			260		other	0
10108016_2	274	Sound	15	9982889	874	1			260		other	0
10108016_2	274	Response	1	9991450	9435	1
10108016_2	275	Sound	18	10000888	1034	1			260		other	0
10108016_2	275	Response	1	10004809	4955	1
10108016_2	276	Sound	17	10018387	694	1			260		other	0
10108016_2	276	Response	1	10022888	5196	1
10108016_2	277	Sound	13	10036886	1021	1			260		other	0
10108016_2	278	Sound	17	10053385	1016	1			260		other	0
10108016_2	278	Response	1	10060726	8357	1
10108016_2	279	Sound	13	10069884	676	1			260		other	0
10108016_2	279	Response	1	10082084	12876	1
10108016_2	280	Sound	20	10096882	833	1			260		other	0
10108016_2	280	Response	1	10101763	5714	2
10108016_2	281	Sound	19	10114381	994	1			260		other	0
10108016_2	281	Response	1	10120562	7174	1
10108016_2	282	Sound	17	10139380	985	1			260		other	0
10108016_2	282	Response	1	10143920	5526	1
10108016_2	283	Sound	12	10155879	812	1			260		other	0
10108016_2	284	Sound	18	10180377	803	1			260		other	0
10108016_2	284	Response	1	10186317	6744	1
10108016_2	285	Sound	16	10196876	631	1			260		other	0
10108016_2	286	Sound	18	10224374	621	1			260		other	0
10108016_2	286	Response	1	10228715	4962	1
10108016_2	287	Sound	19	10244373	781	1			260		other	0
10108016_2	287	Response	1	10253353	9761	1
10108016_2	288	Sound	14	10261372	608	1			260		other	0
10108016_2	289	Sound	12	10286370	766	1			260		other	0
10108016_2	291	Response	255	10325269	19412	1
10108016_2	293	Sound	14	10393363	894	1			260		other	0
10108016_2	294	Sound	10	10416362	886	1			260		other	0
10108016_2	295	Sound	11	10437361	712	1			260		other	0
10108016_2	296	Sound	12	10454360	706	1			260		other	0
10108016_2	297	Sound	15	10477358	1031	1			260		other	0
10108016_2	298	Sound	20	10498357	857	1			260		other	0
10108016_2	298	Response	1	10503257	5757	1
10108016_2	299	Sound	10	10517356	683	1			260		other	0
10108016_2	300	Sound	15	10543354	841	1			260		other	0
10108016_2	301	Sound	17	10560353	668	1			260		other	0
10108016_2	301	Response	1	10566133	6448	1
10108016_2	302	Sound	20	10578852	661	1			260		other	0
10108016_2	302	Response	1	10583412	5221	1
10108016_2	303	Sound	16	10595351	822	1			260		other	0
10108016_2	303	Response	1	10603971	9442	1
10108016_2	304	Response	1	10623170	133	1
10108016_2	304	Sound	19	10623849	812	1			260		other	0
10108016_2	305	Sound	16	10651847	635	1			260		other	0
10108016_2	305	Response	1	10659647	8435	1
10108016_2	306	Sound	11	10679345	625	1			260		other	0
10108016_2	307	Sound	17	10698344	952	1			260		other	0
10108016_2	308	Sound	19	10725843	942	1			260		other	0
10108016_2	309	Sound	10	10742342	770	1			260		other	0
10108016_2	310	Sound	18	10767840	927	1			260		other	0
10108016_2	310	Response	1	10778680	11767	1
10108016_2	311	Sound	20	10795338	751	1			260		other	0
10108016_2	311	Response	1	10802998	8411	1
10108016_2	312	Sound	16	10815837	910	1			260		other	0
10108016_2	312	Response	1	10822597	7670	1
10108016_2	313	Sound	12	10835836	570	1			260		other	0
10108016_2	313	Response	1	10841635	6369	1
10108016_2	314	Sound	13	10852335	731	1			260		other	0
10108016_2	314	Response	1	10861074	9470	1
10108016_2	315	Sound	15	10868334	1058	1			260		other	0
10108016_2	315	Response	1	10874833	7558	1
10108016_2	316	Sound	20	10890332	1050	1			260		other	0
10108016_2	316	Response	1	10890992	1711	1
10108016_2	316	Response	1	10905151	15869	1
10108016_2	317	Sound	19	10909331	877	1			260		other	0
10108016_2	318	Sound	16	10929830	703	1			260		other	0
10108016_2	318	Response	1	10934029	4903	1
10108016_2	319	Sound	19	10951828	695	1			260		other	0
10108016_2	319	Response	1	10956108	4975	1
10108016_2	320	Sound	12	10974827	1020	1			260		other	0
10108016_2	321	Sound	18	11002825	1010	1			260		other	0
10108016_2	321	Response	1	11008745	6930	1
10108016_2	322	Sound	10	11018824	1005	1			260		other	0
10108016_2	323	Sound	14	11043322	996	1			260		other	0
10108016_2	324	Sound	19	11068821	820	1			260		other	0
10108016_2	324	Response	1	11074900	6900	1
10108016_2	325	Sound	18	11091320	646	1			260		other	0
10108016_2	325	Response	1	11095459	4785	1
10108016_2	326	Sound	11	11108818	639	1			260		other	0
10108016_2	327	Sound	18	11133317	964	1			260		other	0
10108016_2	327	Response	1	11138496	6143	1
10108016_2	328	Sound	18	11150816	624	1			260		other	0
10108016_2	329	Sound	16	11175314	782	1			260		other	0
10108016_2	330	Sound	11	11200813	940	1			260		other	0
10108016_2	331	Sound	11	11217812	934	1			260		other	0
10108016_2	332	Sound	13	11234811	928	1			260		other	0
10108016_2	333	Sound	17	11260809	752	1			260		other	0
10108016_2	334	Sound	12	11287307	742	1			260		other	0
10108016_2	335	Sound	13	11302806	570	1			260		other	0
10108016_2	336	Sound	15	11329805	727	1			260		other	0
10108016_2	337	Sound	15	11354303	1052	1			260		other	0
10108016_2	338	Sound	10	11374302	711	1			260		other	0
10108016_2	339	Sound	13	11400300	702	1			260		other	0
10108016_2	340	Sound	20	11420299	1028	1			260		other	0
10108016_2	340	Response	1	11426398	7127	1
10108016_2	341	Sound	17	11436298	689	1			260		other	0
10108016_2	342	Sound	17	11459296	681	1			260		other	0
10108016_2	342	Response	1	11464395	5780	1
10108016_2	343	Sound	14	11475295	675	1			260		other	0
10108016_2	343	Response	1	11479914	5294	1
10108016_2	344	Sound	14	11496294	1001	1			260		other	0
10108016_2	344	Response	1	11500633	5340	1
10108016_2	345	Sound	14	11523292	825	1			260		other	0
10108016_2	346	Sound	12	11549291	649	1			260		other	0
10108016_2	347	Sound	13	11575289	639	1			260		other	0
10108016_2	349	Response	255	11656223	59154	1
10108016_2	351	Sound	36	11726279	919	1			260		other	0
10108016_2	352	Sound	36	11751278	577	1			260		other	0
10108016_2	353	Sound	34	11779276	900	1			260		other	0
10108016_2	354	Sound	30	11800275	1059	1			260		other	0
10108016_2	355	Sound	36	11829273	716	1			260		other	0
10108016_2	356	Sound	32	11848272	1042	1			260		other	0
10108016_2	357	Sound	30	11868770	1035	1			260		other	0
10108016_2	358	Sound	37	11897269	691	1			260		other	0
10108016_2	359	Sound	39	11923267	1015	1			260		other	0
10108016_2	359	Response	1	11927246	4994	1
10108016_2	360	Sound	33	11943266	1008	1			260		other	0
10108016_2	360	Response	1	11949564	7307	1
10108016_2	361	Sound	39	11965264	1001	1			260		other	0
10108016_2	361	Response	1	11968522	4258	3
10108016_2	362	Sound	34	11993763	990	1			260		other	0
10108016_2	362	Response	1	11996521	3749	1
10108016_2	363	Sound	33	12013761	650	1			260		other	0
10108016_2	364	Sound	38	12033260	976	1			260		other	0
10108016_2	365	Sound	35	12057759	968	1			260		other	0
10108016_2	365	Response	1	12066597	9806	1
10108016_2	366	Sound	35	12075258	795	1			260		other	0
10108016_2	366	Response	1	12082996	8533	1
10108016_2	367	Sound	34	12097756	620	1			260		other	0
10108016_2	368	Sound	35	12123254	611	1			260		other	0
10108016_2	368	Response	1	12128273	5629	1
10108016_2	369	Sound	32	12141253	938	1			260		other	0
10108016_2	370	Sound	37	12157752	765	1			260		other	0
10108016_2	371	Sound	34	12179251	924	1			260		other	0
10108016_2	372	Sound	31	12199250	751	1			260		other	0
10108016_2	373	Sound	37	12224248	742	1			260		other	0
10108016_2	374	Sound	30	12250746	899	1			260		other	0
10108016_2	375	Sound	35	12269745	892	1			260		other	0
10108016_2	376	Sound	38	12298244	715	1			260		other	0
10108016_2	377	Sound	38	12320242	874	1			260		other	0
10108016_2	378	Sound	31	12337741	868	1			260		other	0
10108016_2	379	Sound	40	12365739	691	1			260		other	0
10108016_2	379	Response	1	12370737	5689	1
10108016_2	380	Sound	30	12389238	849	1			260		other	0
10108016_2	381	Sound	40	12413736	841	1			260		other	0
10108016_2	381	Response	1	12416574	3679	1
10108016_2	382	Sound	31	12440235	998	1			260		other	0
10108016_2	382	Response	1	12448012	8776	1
10108016_2	383	Sound	39	12465733	989	1			260		other	0
10108016_2	383	Response	1	12469851	5107	1
10108016_2	384	Sound	32	12493231	812	1			260		other	0
10108016_2	385	Sound	37	12510730	806	1			260		other	0
10108016_2	385	Response	1	12516408	6484	1
10108016_2	386	Sound	32	12531229	966	1			260		other	0
10108016_2	386	Response	1	12536966	6703	1
10108016_2	387	Sound	35	12559727	622	1			260		other	0
10108016_2	388	Sound	32	12587225	779	1			260		other	0
10108016_2	389	Sound	33	12606724	939	1			260		other	0
10108016_2	389	Response	1	12612082	6296	1
10108016_2	390	Sound	31	12631722	596	1			260		other	0
10108016_2	390	Response	1	12640240	9114	1
10108016_2	391	Sound	40	12657221	754	1			260		other	0
10108016_2	391	Response	1	12661678	5211	1
10108016_2	392	Sound	40	12674220	915	1			260		other	0
10108016_2	392	Response	1	12677597	4292	1
10108016_2	393	Sound	40	12695218	907	1			260		other	0
10108016_2	393	Response	1	12698556	4244	1
10108016_2	394	Sound	33	12722717	1064	1			260		other	0
10108016_2	395	Sound	39	12750215	1054	1			260		other	0
10108016_2	395	Response	1	12753433	4272	1
10108016_2	396	Sound	30	12766714	1048	1			260		other	0
10108016_2	397	Sound	38	12786713	1041	1			260		other	0
10108016_2	397	Response	1	12792070	6398	1
10108016_2	398	Sound	38	12805211	868	1			260		other	0
10108016_2	399	Sound	34	12833210	858	1			260		other	0
10108016_2	399	Response	1	12836867	4515	1
10108016_2	400	Sound	37	12850709	685	1			260		other	0
10108016_2	400	Response	1	12863745	13722	1
10108016_2	401	Sound	36	12868208	845	1			260		other	0
10108016_2	402	Sound	31	12891206	671	1			260		other	0
10108016_2	403	Sound	36	12917204	828	1			260		other	0
10108016_2	403	Response	1	12921582	5205	1
10108016_2	404	Sound	33	12939203	820	1			260		other	0
10108016_2	404	Response	1	12944540	6157	1
10108016_2	405	Sound	39	12958702	813	1			260		other	0
10108016_2	407	Response	255	13138528	155385	1
10108016_2	409	Sound	38	13214186	1055	1			260		other	0
10108016_2	410	Sound	37	13233684	1048	1			260		other	0
10108016_2	410	Response	1	13238361	5725	1
10108016_2	411	Sound	35	13250183	876	1			260		other	0
10108016_2	411	Response	1	13255399	6092	3
10108016_2	412	Sound	32	13268682	869	1			260		other	0
10108016_2	412	Response	1	13271959	4146	1
10108016_2	413	Sound	39	13289181	1029	1			260		other	0
10108016_2	413	Response	1	13291398	3246	1
10108016_2	414	Sound	35	13317679	1018	1			260		other	0
10108016_2	415	Sound	31	13342678	843	1			260		other	0
10108016_2	416	Sound	34	13369676	667	1			260		other	0
10108016_2	416	Response	1	13377232	8223	1
10108016_2	417	Sound	33	13390175	993	1			260		other	0
10108016_2	418	Sound	37	13418673	816	1			260		other	0
10108016_2	419	Sound	32	13441671	808	1			260		other	0
10108016_2	420	Sound	37	13459170	801	1			260		other	0
10108016_2	421	Sound	37	13485669	959	1			260		other	0
10108016_2	422	Sound	40	13502168	620	1			260		other	0
10108016_2	422	Response	1	13506584	5036	1
10108016_2	423	Sound	34	13530166	609	1			260		other	0
10108016_2	424	Sound	36	13553164	934	1			260		other	0
10108016_2	424	Response	1	13564260	12030	2
10108016_2	425	Sound	40	13580163	925	1			260		other	0
10108016_2	425	Response	1	13583299	4061	1
10108016_2	426	Sound	37	13599161	585	1			260		other	0
10108016_2	427	Sound	33	13616160	912	1			260		other	0
10108016_2	428	Sound	34	13633659	739	1			260		other	0
10108016_2	429	Sound	33	13656158	1065	1			260		other	0
10108016_2	430	Sound	34	13677656	890	1			260		other	0
10108016_2	431	Sound	31	13706155	1047	1			260		other	0
10108016_2	432	Sound	38	13732153	871	1			260		other	0
10108016_2	433	Sound	38	13749152	1031	1			260		other	0
10108016_2	433	Response	1	13754328	6208	1
10108016_2	434	Sound	34	13771151	690	1			260		other	0
10108016_2	435	Sound	40	13793149	849	1			260		other	0
10108016_2	435	Response	1	13795606	3305	1
10108016_2	436	Sound	32	13813148	842	1			260		other	0
10108016_2	437	Sound	39	13834647	1001	1			260		other	0
10108016_2	438	Sound	36	13862645	657	1			260		other	0
10108016_2	439	Sound	32	13885143	816	1			260		other	0
10108016_2	440	Sound	32	13908642	808	1			260		other	0
10108016_2	441	Sound	40	13938140	964	1			260		other	0
10108016_2	441	Response	1	13941516	4340	1
10108016_2	442	Sound	36	13965638	788	1			260		other	0
10108016_2	442	Response	1	13972554	7703	1
10108016_2	443	Sound	31	13992637	778	1			260		other	0
10108016_2	444	Sound	39	14013635	937	1			260		other	0
10108016_2	444	Response	1	14017991	5293	1
10108016_2	445	Sound	39	14031134	931	1			260		other	0
10108016_2	446	Sound	33	14056633	755	1			260		other	0
10108016_2	447	Sound	40	14076131	748	1			260		other	0
10108016_2	447	Response	1	14079587	4204	1
10108016_2	448	Sound	38	14101630	739	1			260		other	0
10108016_2	448	Response	1	14106385	5495	1
10108016_2	449	Sound	30	14129628	729	1			260		other	0
10108016_2	450	Sound	30	14148627	1056	1			260		other	0
10108016_2	451	Sound	31	14175125	1046	1			260		other	0
10108016_2	452	Sound	31	14194624	1039	1			260		other	0
10108016_2	452	Response	1	14199660	6075	1
10108016_2	453	Sound	30	14218622	864	1			260		other	0
10108016_2	454	Sound	30	14235621	691	1			260		other	0
10108016_2	455	Sound	38	14254620	851	1			260		other	0
10108016_2	456	Sound	35	14282118	841	1			260		other	0
10108016_2	457	Sound	35	14301617	668	1			260		other	0
10108016_2	458	Sound	30	14324116	993	1			260		other	0
10108016_2	458	Response	1	14327731	4609	1
10108016_2	459	Sound	33	14348114	984	1			260		other	0
10108016_2	459	Response	1	14353250	6120	1
10108016_2	460	Sound	36	14376112	641	1			260		other	0
10108016_2	461	Sound	35	14392611	635	1			260		other	0
10108016_2	462	Sound	36	14413610	961	1			260		other	0
10108016_2	462	Response	1	14420285	7636	1
10108016_2	463	Sound	39	14436109	953	1			260		other	0
10108016_2	463	Response	1	14440604	5448	1
10108016_2	465	Response	255	16262407	1807832	1
10108016_2	467	Sound	33	16328489	612	1			260		other	0
10108016_2	468	Sound	37	16356988	768	1			260		other	0
10108016_2	469	Sound	34	16380986	593	1			260		other	0
10108016_2	470	Sound	33	16399485	587	1			260		other	0
10108016_2	471	Sound	31	16423983	911	1			260		other	0
10108016_2	472	Sound	37	16447982	569	1			260		other	0
10108016_2	473	Sound	40	16471980	894	1			260		other	0
10108016_2	473	Response	1	16474953	3867	1
10108016_2	474	Sound	39	16498979	885	1			260		other	0
10108016_2	474	Response	1	16502312	4218	1
10108016_2	475	Sound	30	16519477	1044	1			260		other	0
10108016_2	476	Sound	40	16537476	871	1			260		other	0
10108016_2	476	Response	1	16539829	3224	1
10108016_2	477	Sound	39	16554975	1031	1			260		other	0
10108016_2	478	Sound	39	16579974	856	1			260		other	0
10108016_2	478	Response	1	16583106	3988	1
10108016_2	479	Sound	34	16597973	849	1			260		other	0
10108016_2	480	Sound	31	16624971	673	1			260		other	0
10108016_2	481	Sound	40	16644470	833	1			260		other	0
10108016_2	481	Response	1	16647502	3865	1
10108016_2	482	Sound	33	16673968	989	1			260		other	0
10108016_2	482	Response	1	16677020	4041	1
10108016_2	483	Sound	30	16698966	647	1			260		other	0
10108016_2	484	Sound	39	16721465	805	1			260		other	0
10108016_2	484	Response	1	16726617	5958	1
10108016_2	485	Sound	38	16737964	966	1			260		other	0
10108016_2	485	Response	1	16743416	6418	1
10108016_2	486	Sound	40	16756463	793	1			260		other	0
10108016_2	486	Response	1	16758935	3265	1
10108016_2	487	Sound	32	16781461	784	1			260		other	0
10108016_2	488	Sound	36	16798460	944	1			260		other	0
10108016_2	489	Sound	37	16826958	934	1			260		other	0
10108016_2	490	Sound	38	16845457	594	1			260		other	0
10108016_2	490	Response	1	16849809	4947	1
10108016_2	491	Sound	30	16867455	920	1			260		other	0
10108016_2	491	Response	1	16871408	4872	1
10108016_2	492	Sound	40	16885954	913	1			260		other	0
10108016_2	492	Response	1	16889327	4286	1
10108016_2	493	Sound	32	16909453	572	1			260		other	0
10108016_2	494	Sound	31	16937951	895	1			260		other	0
10108016_2	495	Sound	33	16963449	719	1			260		other	0
10108016_2	496	Sound	36	16982948	879	1			260		other	0
10108016_2	497	Sound	31	17005447	1037	1			260		other	0
10108016_2	498	Sound	35	17032445	1028	1			260		other	0
10108016_2	499	Sound	34	17049444	688	1			260		other	0
10108016_2	500	Sound	36	17073443	1013	1			260		other	0
10108016_2	501	Sound	33	17092941	839	1			260		other	0
10108016_2	502	Sound	35	17120939	663	1			260		other	0
10108016_2	503	Sound	34	17138438	990	1			260		other	0
10108016_2	503	Response	1	17144670	7222	1
10108016_2	504	Sound	36	17162437	981	1			260		other	0
10108016_2	505	Sound	31	17184935	808	1			260		other	0
10108016_2	506	Sound	37	17207434	632	1			260		other	0
10108016_2	507	Sound	32	17227933	791	1			260		other	0
10108016_2	508	Sound	35	17249931	950	1			260		other	0
10108016_2	508	Response	1	17251543	2562	1
10108016_2	509	Sound	39	17272430	942	1			260		other	0
10108016_2	509	Response	1	17282501	11013	1
10108016_2	510	Sound	30	17292429	935	1			260		other	0
10108016_2	511	Sound	36	17310927	928	1			260		other	0
10108016_2	512	Sound	38	17337926	752	1			260		other	0
10108016_2	512	Response	1	17342177	5004	1
10108016_2	513	Sound	35	17360424	577	1			260		other	0
10108016_2	514	Sound	32	17388423	901	1			260		other	0
10108016_2	515	Sound	32	17413421	892	1			260		other	0
10108016_2	516	Sound	35	17438919	1050	1			260		other	0
10108016_2	517	Sound	34	17458918	1042	1			260		other	0
10108016_2	518	Sound	38	17476917	1036	1			260		other	0
10108016_2	519	Sound	37	17503415	1027	1			260		other	0
10108016_2	520	Sound	38	17528414	1018	1			260		other	0
10108016_2	520	Response	1	17533125	5729	1
10108016_2	521	Sound	30	17549412	843	1			260		other	0
10108016_2	523	Response	255	17867103	297115	2
10108016_2	525	Sound	54	17940888	704	1			260		other	0
10108016_2	525	Response	1	17947499	7315	1
10108016_2	526	Sound	60	17961886	696	1			260		other	0
10108016_2	526	Response	1	17964697	3507	1
10108016_2	527	Sound	53	17988885	687	1			260		other	0
10108016_2	527	Response	1	18001895	13697	1
10108016_2	528	Sound	58	18010883	1012	1			260		other	0
10108016_2	528	Response	1	18014534	4663	1
10108016_2	529	Sound	58	18034382	1004	1			260		other	0
10108016_2	529	Response	1	18038772	5394	1
10108016_2	530	Sound	50	18059880	995	1			260		other	0
10108016_2	531	Sound	59	18084879	819	1			260		other	0
10108016_2	531	Response	1	18089249	5190	1
10108016_2	532	Sound	54	18106877	811	1			260		other	0
10108016_2	532	Response	1	18117008	10942	1
10108016_2	533	Sound	56	18123376	972	1			260		other	0
10108016_2	534	Sound	60	18146375	964	1			260		other	0
10108016_2	534	Response	1	18149566	4155	1
10108016_2	535	Sound	50	18172373	788	1			260		other	0
10108016_2	535	Response	1	18186043	14458	1
10108016_2	536	Sound	52	18197372	779	1			260		other	0
10108016_2	536	Response	1	18203482	6890	1
10108016_2	537	Sound	57	18215870	939	1			260		other	0
10108016_2	537	Response	1	18221161	6230	1
10108016_2	538	Sound	55	18236369	765	1			260		other	0
10108016_2	538	Response	1	18240200	4596	1
10108016_2	539	Sound	50	18259868	757	1			260		other	0
10108016_2	540	Sound	57	18281866	749	1			260		other	0
10108016_2	541	Sound	57	18302865	908	1			260		other	0
10108016_2	542	Sound	56	18323364	567	1			260		other	0
10108016_2	542	Response	1	18327954	5158	1
10108016_2	543	Sound	53	18347362	892	1			260		other	0
10108016_2	544	Sound	52	18370361	717	1			260		other	0
10108016_2	545	Sound	53	18388360	1045	1			260		other	0
10108016_2	545	Response	1	18393550	6235	1
10108016_2	546	Sound	51	18410358	1037	1			260		other	0
10108016_2	546	Response	1	18414269	4947	1
10108016_2	547	Sound	58	18428857	697	1			260		other	0
10108016_2	547	Response	1	18433707	5547	1
10108016_2	548	Sound	55	18453355	856	1			260		other	0
10108016_2	548	Response	1	18457306	4806	1
10108016_2	549	Sound	58	18481854	1011	1			260		other	0
10108016_2	549	Response	1	18485064	4221	1
10108016_2	550	Sound	59	18499353	1005	1			260		other	0
10108016_2	550	Response	1	18505623	7275	1
10108016_2	551	Sound	57	18525351	662	1			260		other	0
10108016_2	551	Response	1	18539860	15172	1
10108016_2	552	Sound	50	18549349	820	1			260		other	0
10108016_2	552	Response	1	18552980	4450	1
10108016_2	553	Sound	55	18571848	646	1			260		other	0
10108016_2	553	Response	1	18578098	6896	1
10108016_2	554	Sound	54	18591347	639	1			260		other	0
10108016_2	554	Response	1	18596897	6188	1
10108016_2	555	Sound	58	18612845	964	1			260		other	0
10108016_2	555	Response	1	18617215	5334	1
10108016_2	556	Sound	53	18632844	791	1			260		other	0
10108016_2	556	Response	1	18636174	4121	1
10108016_2	557	Sound	59	18651843	784	1			260		other	0
10108016_2	557	Response	1	18655613	4554	1
10108016_2	558	Sound	53	18668842	778	1			260		other	0
10108016_2	558	Response	1	18672652	4588	1
10108016_2	558	Response	1	18677532	9467	1
10108016_2	559	Sound	59	18687841	771	1			260		other	0
10108016_2	559	Response	1	18693451	6381	1
10108016_2	560	Sound	55	18710339	763	1			260		other	0
10108016_2	560	Response	1	18716569	6993	1
10108016_2	561	Sound	52	18729838	589	1			260		other	0
10108016_2	562	Sound	51	18756336	746	1			260		other	0
10108016_2	563	Sound	52	18779335	1072	1			260		other	0
10108016_2	564	Sound	56	18802833	897	1			260		other	0
10108016_2	565	Sound	52	18820332	1057	1			260		other	0
10108016_2	566	Sound	51	18849331	880	1			260		other	0
10108016_2	567	Sound	60	18874329	704	1			260		other	0
10108016_2	567	Response	1	18877999	4374	1
10108016_2	568	Sound	55	18893328	698	1			260		other	0
10108016_2	568	Response	1	18897677	5047	1
10108016_2	569	Sound	57	18917826	1022	1			260		other	0
10108016_2	569	Response	1	18920876	4072	1
10108016_2	570	Sound	60	18944825	846	1			260		other	0
10108016_2	570	Response	1	18947274	3296	1
10108016_2	571	Sound	60	18970323	1004	1			260		other	0
10108016_2	571	Response	1	18972633	3313	1
10108016_2	572	Sound	59	18991822	829	1			260		other	0
10108016_2	572	Response	1	18995991	4999	1
10108016_2	573	Sound	51	19018320	986	1			260		other	0
10108016_2	574	Sound	54	19043818	811	1			260		other	0
10108016_2	575	Sound	51	19068317	635	1			260		other	0
10108016_2	576	Sound	56	19089315	961	1			260		other	0
10108016_2	577	Sound	50	19112314	786	1			260		other	0
10108016_2	578	Sound	54	19132313	946	1			260		other	0
10108016_2	578	Response	1	19136622	5255	1
10108016_2	579	Sound	56	19159311	769	1			260		other	0
10108016_2	579	Response	1	19164380	5839	1
10108016_2	581	Response	255	19276933	95472	1
10108016_2	583	Sound	19	19339300	705	1			260		other	0
10108016_2	584	Sound	12	19367298	862	1			260		other	0
10108016_2	585	Sound	11	19383797	689	1			260		other	0
10108016_2	585	Response	1	19388526	5419	1
10108016_2	586	Sound	20	19410295	1013	1			260		other	0
10108016_2	586	Response	1	19413884	4602	1
10108016_2	587	Sound	14	19430794	1006	1			260		other	0
10108016_2	587	Response	1	19439883	10095	1
10108016_2	588	Sound	10	19453792	665	1			260		other	0
10108016_2	589	Sound	19	19480791	822	1			260		other	0
10108016_2	589	Response	1	19484440	4471	1
10108016_2	590	Sound	19	19505789	646	1			260		other	0
10108016_2	590	Response	1	19510198	5055	1
10108016_2	591	Sound	10	19522288	974	1			260		other	0
10108016_2	592	Sound	19	19539287	634	1			260		other	0
10108016_2	592	Response	1	19543156	4503	1
10108016_2	593	Sound	16	19555786	628	1			260		other	0
10108016_2	593	Response	1	19561315	6157	1
10108016_2	594	Sound	15	19574285	788	1			260		other	0
10108016_2	595	Sound	14	19599283	946	1			260		other	0
10108016_2	595	Response	1	19610031	11694	1
10108016_2	596	Sound	16	19625282	937	1			260		other	0
10108016_2	596	Response	1	19632110	7765	1
10108016_2	597	Sound	16	19650280	928	1			260		other	0
10108016_2	597	Response	1	19655868	6516	1
10108016_2	598	Sound	17	19671279	754	1			260		other	0
10108016_2	598	Response	1	19680827	10302	1
10108016_2	599	Sound	11	19696277	578	1			260		other	0
10108016_2	600	Sound	17	19713776	572	1			260		other	0
10108016_2	600	Response	1	19715945	2741	1
10108016_2	601	Sound	13	19742774	1062	1			260		other	0
10108016_2	602	Sound	17	19769273	1052	1			260		other	0
10108016_2	602	Response	1	19773621	5401	1
10108016_2	603	Sound	13	19789271	712	1			260		other	0
10108016_2	603	Response	1	19794180	5620	1
10108016_2	604	Sound	15	19810270	704	1			260		other	0
10108016_2	605	Sound	10	19833269	1029	1			260		other	0
10108016_2	606	Sound	18	19859767	686	1			260		other	0
10108016_2	606	Response	1	19866255	7175	1
10108016_2	607	Sound	14	19875766	1014	1			260		other	0
10108016_2	608	Sound	15	19896265	840	1			260		other	0
10108016_2	608	Response	1	19901613	6189	1
10108016_2	609	Sound	16	19920763	998	1			260		other	0
10108016_2	609	Response	1	19926571	6806	1
10108016_2	610	Sound	20	19944761	823	1			260		other	0
10108016_2	610	Response	1	19949450	5511	1
10108016_2	611	Sound	12	19963760	816	1			260		other	0
10108016_2	612	Sound	20	19987759	641	1			260		other	0
10108016_2	612	Response	1	19992487	5369	1
10108016_2	613	Sound	12	20011757	799	1			260		other	0
10108016_2	614	Sound	13	20039755	622	1			260		other	0
10108016_2	615	Sound	18	20057254	783	1			260		other	0
10108016_2	616	Sound	12	20075253	776	1			260		other	0
10108016_2	617	Sound	10	20091752	604	1			260		other	0
10108016_2	618	Sound	20	20119750	594	1			260		other	0
10108016_2	618	Response	1	20123119	3962	1
10108016_2	619	Sound	11	20139749	920	1			260		other	0
10108016_2	620	Sound	20	20161748	579	1			260		other	0
10108016_2	620	Response	1	20165916	4747	1
10108016_2	621	Sound	14	20182247	905	1			260		other	0
10108016_2	622	Sound	11	20198245	732	1			260		other	0
10108016_2	623	Sound	13	20214745	727	1			260		other	0
10108016_2	623	Response	1	20223432	9414	1
10108016_2	624	Sound	11	20232743	887	1			260		other	0
10108016_2	625	Sound	18	20259242	1044	1			260		other	0
10108016_2	625	Response	1	20267989	9792	1
10108016_2	626	Sound	17	20287240	1034	1			260		other	0
10108016_2	626	Response	1	20294388	8182	1
10108016_2	627	Sound	16	20306239	861	1			260		other	0
10108016_2	627	Response	1	20313426	8048	1
10108016_2	628	Sound	12	20332737	1018	1			260		other	0
10108016_2	628	Response	1	20333265	1546	1
10108016_2	629	Sound	15	20352236	678	1			260		other	0
10108016_2	629	Response	1	20356864	5305	1
10108016_2	630	Sound	13	20371735	1004	1			260		other	0
10108016_2	631	Sound	19	20394233	830	1			260		other	0
10108016_2	631	Response	1	20401821	8417	1
10108016_2	632	Sound	15	20410732	657	1			260		other	0
10108016_2	633	Sound	17	20430731	650	1			260		other	0
10108016_2	634	Sound	14	20458729	640	1			260		other	0
10108016_2	635	Sound	18	20480728	965	1			260		other	0
10108016_2	635	Response	1	20486615	6853	1
10108016_2	636	Sound	18	20501726	791	1			260		other	0
10108016_2	636	Response	1	20506054	5119	1
10108016_2	637	Sound	10	20528225	948	1			260		other	0
10108016_2	639	Response	255	21603504	1059142	1
10108016_2	641	Sound	54	21677652	705	1			260		other	0
10108016_2	641	Response	1	21683898	6951	1
10108016_2	642	Sound	53	21700651	864	1			260		other	0
10108016_2	642	Response	1	21704377	4590	1
10108016_2	643	Sound	50	21726649	854	1			260		other	0
10108016_2	644	Sound	60	21743148	1015	1			260		other	0
10108016_2	644	Response	1	21745894	3761	1
10108016_2	645	Sound	50	21768146	1006	1			260		other	0
10108016_2	646	Sound	58	21784645	667	1			260		other	0
10108016_2	646	Response	1	21789570	5592	3
10108016_2	647	Sound	55	21804144	994	1			260		other	0
10108016_2	647	Response	1	21813010	9859	1
10108016_2	648	Sound	53	21820643	821	1			260		other	0
10108016_2	649	Sound	58	21837642	648	1			260		other	0
10108016_2	649	Response	1	21842928	5934	1
10108016_2	650	Sound	59	21863641	806	1			260		other	0
10108016_2	650	Response	1	21868446	5612	1
10108016_2	651	Sound	59	21888139	964	1			260		other	0
10108016_2	651	Response	1	21891165	3990	1
10108016_2	652	Sound	53	21909638	956	1			260		other	0
10108016_2	652	Response	1	21913484	4802	1
10108016_2	653	Sound	55	21933636	947	1			260		other	0
10108016_2	653	Response	1	21937722	5033	1
10108016_2	654	Sound	60	21952635	607	1			260		other	0
10108016_2	654	Response	1	21955641	3613	1
10108016_2	655	Sound	57	21972634	600	1			260		other	0
10108016_2	655	Response	1	21980999	8966	1
10108016_2	656	Sound	54	21992632	926	1			260		other	0
10108016_2	656	Response	1	21996278	4572	1
10108016_2	657	Sound	54	22009631	753	1			260		other	0
10108016_2	658	Sound	51	22036630	577	1			260		other	0
10108016_2	659	Sound	59	22061628	1068	1			260		other	0
10108016_2	660	Sound	57	22082127	895	1			260		other	0
10108016_2	660	Response	1	22088032	6800	1
10108016_2	661	Sound	54	22102625	720	1			260		other	0
10108016_2	661	Response	1	22114671	12766	1
10108016_2	662	Sound	56	22130624	710	1			260		other	0
10108016_2	662	Response	1	22135389	5476	1
10108016_2	663	Sound	57	22156122	701	1			260		other	0
10108016_2	663	Response	1	22160108	4687	1
10108016_2	664	Sound	59	22182120	692	1			260		other	0
10108016_2	664	Response	1	22185386	3958	1
10108016_2	664	Response	1	22190026	8597	1
10108016_2	665	Sound	53	22201619	685	1			260		other	0
10108016_2	666	Sound	54	22219118	679	1			260		other	0
10108016_2	666	Response	1	22226263	7824	1
10108016_2	667	Sound	56	22248116	835	1			260		other	0
10108016_2	667	Response	1	22252662	5381	1
10108016_2	668	Sound	60	22264615	996	1			260		other	0
10108016_2	668	Response	1	22268021	4402	1
10108016_2	669	Sound	55	22287114	988	1			260		other	0
10108016_2	670	Sound	56	22310612	813	1			260		other	0
10108016_2	670	Response	1	22322177	12378	2
10108016_2	671	Sound	55	22332611	972	1			260		other	0
10108016_2	671	Response	1	22336336	4697	1
10108016_2	672	Sound	51	22349110	966	1			260		other	0
10108016_2	673	Sound	50	22377108	956	1			260		other	0
10108016_2	674	Sound	58	22397107	615	1			260		other	0
10108016_2	675	Sound	52	22419605	941	1			260		other	0
10108016_2	676	Sound	53	22438604	934	1			260		other	0
10108016_2	677	Sound	55	22457603	927	1			260		other	0
10108016_2	678	Sound	52	22477102	753	1			260		other	0
10108016_2	679	Sound	58	22494601	914	1			260		other	0
10108016_2	679	Response	1	22500646	6959	1
10108016_2	680	Sound	52	22513100	574	1			260		other	0
10108016_2	680	Response	1	22518325	5799	1
10108016_2	680	Response	1	22537763	25238	1
10108016_2	681	Sound	57	22542098	730	1			260		other	0
10108016_2	682	Sound	58	22568096	1055	1			260		other	0
10108016_2	682	Response	1	22573841	6800	1
10108016_2	683	Sound	60	22596594	1044	1			260		other	0
10108016_2	683	Response	1	22599999	4450	1
10108016_2	684	Sound	50	22625093	868	1			260		other	0
10108016_2	685	Sound	52	22643591	694	1			260		other	0
10108016_2	686	Sound	50	22661590	854	1			260		other	0
10108016_2	687	Sound	59	22679589	681	1			260		other	0
10108016_2	687	Response	1	22683914	5006	1
10108016_2	688	Sound	56	22703088	673	1			260		other	0
10108016_2	688	Response	1	22709032	6618	1
10108016_2	689	Sound	52	22730086	664	1			260		other	0
10108016_2	690	Sound	51	22755584	654	1			260		other	0
10108016_2	690	Response	1	22760549	5619	1
10108016_2	691	Sound	57	22775083	814	1			260		other	0
10108016_2	691	Response	1	22781988	7718	1
10108016_2	692	Sound	51	22792082	641	1			260		other	0
10108016_2	692	Response	1	22808866	17425	1
10108016_2	693	Sound	60	22813081	634	1			260		other	0
10108016_2	693	Response	1	22817585	5138	1
10108016_2	694	Sound	51	22831579	794	1			260		other	0
10108016_2	695	Sound	56	22851078	620	1			260		other	0
10108016_2	697	Response	255	22885341	8795	1
10108016_2	699	Sound	34	22961571	581	1			260		other	0
10108016_2	700	Sound	30	22979070	741	1			260		other	0
10108016_2	701	Sound	35	23005069	899	1			260		other	0
10108016_2	701	Response	1	23009173	5003	1
10108016_2	702	Sound	40	23030067	890	1			260		other	0
10108016_2	702	Response	1	23032292	3114	1
10108016_2	703	Sound	32	23059565	879	1			260		other	0
10108016_2	704	Sound	37	23084564	870	1			260		other	0
10108016_2	704	Response	1	23088208	4514	1
10108016_2	705	Sound	31	23104062	863	1			260		other	0
10108016_2	705	Response	1	23107887	4688	1
10108016_2	706	Sound	33	23128061	1022	1			260		other	0
10108016_2	706	Response	1	23132605	5566	1
10108016_2	707	Sound	38	23145060	1015	1			260		other	0
10108016_2	707	Response	1	23152924	8880	1
10108016_2	708	Sound	35	23170058	1007	1			260		other	0
10108016_2	709	Sound	30	23187057	667	1			260		other	0
10108016_2	710	Sound	35	23212055	992	1			260		other	0
10108016_2	711	Sound	34	23238554	982	1			260		other	0
10108016_2	712	Sound	39	23258053	809	1			260		other	0
10108016_2	712	Response	1	23266036	8792	1
10108016_2	713	Sound	34	23285051	799	1			260		other	0
10108016_2	714	Sound	38	23302050	960	1			260		other	0
10108016_2	714	Response	1	23308434	7343	1
10108016_2	715	Sound	35	23321549	619	1			260		other	0
10108016_2	716	Sound	34	23347047	777	1			260		other	0
10108016_2	716	Response	1	23353391	7121	1
10108016_2	717	Sound	33	23364546	604	1			260		other	0
10108016_2	718	Sound	30	23391044	761	1			260		other	0
10108016_2	719	Sound	30	23416043	585	1			260		other	0
10108016_2	720	Sound	39	23443041	743	1			260		other	0
10108016_2	720	Response	1	23447145	4846	1
10108016_2	721	Sound	40	23463040	569	1			260		other	0
10108016_2	721	Response	1	23466823	4352	1
10108016_2	722	Sound	36	23489538	893	1			260		other	0
10108016_2	722	Response	1	23496902	8256	1
10108016_2	723	Sound	36	23515536	883	1			260		other	0
10108016_2	724	Sound	36	23540535	1041	1			260		other	0
10108016_2	724	Response	1	23544099	4605	1
10108016_2	725	Sound	36	23558034	703	1			260		other	0
10108016_2	726	Sound	39	23581532	1027	1			260		other	0
10108016_2	727	Sound	37	23604531	685	1			260		other	0
10108016_2	727	Response	1	23610734	6889	1
10108016_2	728	Sound	32	23621030	846	1			260		other	0
10108016_2	729	Sound	40	23644528	1004	1			260		other	0
10108016_2	729	Response	1	23648092	4568	1
10108016_2	730	Sound	37	23669027	828	1			260		other	0
10108016_2	730	Response	1	23674330	6132	1
10108016_2	731	Sound	33	23695525	986	1			260		other	0
10108016_2	731	Response	1	23699609	5070	1
10108016_2	732	Sound	39	23724523	975	1			260		other	0
10108016_2	732	Response	1	23730007	6459	1
10108016_2	733	Sound	31	23752521	633	1			260		other	0
10108016_2	734	Sound	31	23770020	959	1			260		other	0
10108016_2	735	Sound	34	23798518	616	1			260		other	0
10108016_2	735	Response	1	23806482	8579	1
10108016_2	736	Sound	32	23825517	773	1			260		other	0
10108016_2	736	Response	1	23839919	15175	1
10108016_2	737	Sound	30	23843516	600	1			260		other	0
10108016_2	738	Sound	40	23861015	593	1			260		other	0
10108016_2	738	Response	1	23865438	5017	1
10108016_2	739	Sound	31	23888013	917	1			260		other	0
10108016_2	740	Sound	32	23916511	1074	1			260		other	0
10108016_2	741	Sound	37	23938010	733	1			260		other	0
10108016_2	742	Sound	39	23960008	725	1			260		other	0
10108016_2	743	Sound	38	23988007	1048	1			260		other	0
10108016_2	743	Response	1	23995429	8471	1
10108016_2	744	Sound	33	24007505	1041	1			260		other	0
10108016_2	745	Sound	35	24025504	702	1			260		other	0
10108016_2	746	Sound	36	24049003	693	1			260		other	0
10108016_2	747	Sound	31	24072001	852	1			260		other	0
10108016_2	748	Sound	40	24094500	677	1			260		other	0
10108016_2	748	Response	1	24099423	5600	1
10108016_2	749	Sound	37	24112999	837	1			260		other	0
10108016_2	749	Response	1	24119502	7340	1
10108016_2	750	Sound	32	24137997	661	1			260		other	0
10108016_2	751	Sound	38	24165995	651	1			260		other	0
10108016_2	751	Response	1	24171898	6554	1
10108016_2	752	Sound	38	24183494	979	1			260		other	0
10108016_2	753	Sound	33	24204493	804	1			260		other	0
10108016_2	755	Response	255	24294051	64274	1
10108016_2	757	Sound	19	24357983	916	1			260		other	0
10108016_2	757	Response	1	24368286	11219	1
10108016_2	758	Sound	17	24377482	576	1			260		other	0
10108016_2	758	Response	1	24381645	4739	1
10108016_2	759	Sound	18	24396481	736	1			260		other	0
10108016_2	759	Response	1	24404523	8778	1
10108016_2	760	Sound	16	24413980	897	1			260		other	0
10108016_2	760	Response	1	24417403	4319	1
10108016_2	761	Sound	10	24440978	720	1			260		other	0
10108016_2	762	Sound	18	24463477	1045	1			260		other	0
10108016_2	762	Response	1	24466999	4568	1
10108016_2	763	Sound	12	24488475	703	1			260		other	0
10108016_2	763	Response	1	24490598	2826	1
10108016_2	764	Sound	10	24513473	1028	1			260		other	0
10108016_2	765	Sound	14	24529972	688	1			260		other	0
10108016_2	765	Response	1	24533635	4351	1
10108016_2	766	Sound	19	24556971	679	1			260		other	0
10108016_2	766	Response	1	24561393	5101	2
10108016_2	767	Sound	12	24580969	837	1			260		other	0
10108016_2	768	Sound	13	24602468	829	1			260		other	0
10108016_2	769	Sound	20	24627466	654	1			260		other	0
10108016_2	769	Response	1	24632349	5536	1
10108016_2	770	Sound	18	24655964	643	1			260		other	0
10108016_2	770	Response	1	24660987	5666	1
10108016_2	771	Sound	16	24680463	635	1			260		other	0
10108016_2	771	Response	1	24684825	4997	1
10108016_2	772	Sound	15	24698962	628	1			260		other	0
10108016_2	772	Response	1	24706184	7850	1
10108016_2	773	Sound	12	24722960	786	1			260		other	0
10108016_2	773	Response	1	24726983	4809	1
10108016_2	774	Sound	15	24738959	947	1			260		other	0
10108016_2	774	Response	1	24751621	13609	1
10108016_2	775	Sound	15	24754958	942	1			260		other	0
10108016_2	776	Sound	20	24773457	601	1			260		other	0
10108016_2	776	Response	1	24777219	4364	1
10108016_2	777	Sound	20	24794456	594	1			260		other	0
10108016_2	777	Response	1	24802338	8476	1
10108016_2	778	Sound	15	24818954	752	1			260		other	0
10108016_2	779	Sound	17	24837953	912	1			260		other	0
10108016_2	780	Sound	16	24854452	906	1			260		other	0
10108016_2	780	Response	1	24861934	8388	1
10108016_2	781	Sound	14	24882950	896	1			260		other	0
10108016_2	781	Response	1	24885772	3718	1
10108016_2	782	Sound	10	24903449	722	1			260		other	0
10108016_2	783	Sound	11	24923448	881	1			260		other	0
10108016_2	784	Sound	10	24944946	707	1			260		other	0
10108016_2	785	Sound	11	24970445	1031	1			260		other	0
10108016_2	786	Sound	16	24996943	1022	1			260		other	0
10108016_2	786	Response	1	25002165	6244	1
10108016_2	787	Sound	13	25021941	846	1			260		other	0
10108016_2	787	Response	1	25026003	4908	1
10108016_2	788	Sound	15	25042940	839	1			260		other	0
10108016_2	789	Sound	14	25069938	996	1			260		other	0
10108016_2	790	Sound	17	25092937	988	1			260		other	0
10108016_2	791	Sound	13	25109436	815	1			260		other	0
10108016_2	791	Response	1	25119517	10896	1
10108016_2	792	Sound	11	25126935	809	1			260		other	0
10108016_2	793	Sound	12	25148933	968	1			260		other	0
10108016_2	794	Sound	16	25167432	794	1			260		other	0
10108016_2	794	Response	1	25171914	5276	1
10108016_2	795	Sound	14	25194431	618	1			260		other	0
10108016_2	796	Sound	18	25213429	778	1			260		other	0
10108016_2	797	Sound	19	25236428	937	1			260		other	0
10108016_2	798	Sound	19	25257427	762	1			260		other	0
10108016_2	799	Sound	10	25274425	923	1			260		other	0
10108016_2	800	Sound	13	25301924	580	1			260		other	0
10108016_2	800	Response	1	25308465	7121	1
10108016_2	801	Sound	19	25330922	1070	1			260		other	0
10108016_2	801	Response	1	25336623	6771	1
10108016_2	802	Sound	17	25347921	730	1			260		other	0
10108016_2	802	Response	1	25355182	7992	1
10108016_2	803	Sound	17	25374919	1054	1			260		other	0
10108016_2	803	Response	1	25381660	7795	2
10108016_2	804	Sound	11	25394918	1047	1			260		other	0
10108016_2	804	Response	1	25402139	8268	1
10108016_2	805	Sound	12	25422416	870	1			260		other	0
10108016_2	805	Response	1	25430137	8592	1
10108016_2	806	Sound	11	25444915	695	1			260		other	0
10108016_2	807	Sound	13	25469913	853	1			260		other	0
10108016_2	808	Sound	20	25487912	847	1			260		other	0
10108016_2	808	Response	1	25492613	5548	1
10108016_2	809	Sound	14	25513410	1004	1			260		other	0
10108016_2	809	Response	1	25519012	6606	1
10108016_2	810	Sound	20	25538409	996	1			260		other	0
10108016_2	810	Response	1	25541330	3917	1
10108016_2	811	Sound	18	25566907	819	1			260		other	0
10108016_2	811	Response	1	25571488	5400	1
10108016_2	813	Response	255	26413354	818344	1
10108016_2	815	Sound	55	26493849	988	1			260		other	0
10108016_2	815	Response	1	26501349	8488	1
10108016_2	816	Sound	58	26510848	982	1			260		other	0
10108016_2	816	Response	1	26516388	6522	1
10108016_2	817	Sound	56	26540346	972	1			260		other	0
10108016_2	817	Response	1	26543266	3892	1
10108016_2	818	Sound	56	26561344	798	1			260		other	0
10108016_2	819	Sound	60	26579843	958	1			260		other	0
10108016_2	819	Response	1	26582623	3738	1
10108016_2	820	Sound	52	26608841	614	1			260		other	0
10108016_2	821	Sound	51	26634340	772	1			260		other	0
10108016_2	822	Sound	54	26657838	930	1			260		other	0
10108016_2	822	Response	1	26662138	5230	1
10108016_2	823	Sound	52	26683337	754	1			260		other	0
10108016_2	823	Response	1	26689416	6834	1
10108016_2	824	Sound	50	26709335	745	1			260		other	0
10108016_2	824	Response	1	26713015	4425	1
10108016_2	825	Sound	52	26728834	571	1			260		other	0
10108016_2	826	Sound	60	26746833	898	1			260		other	0
10108016_2	826	Response	1	26749733	3798	1
10108016_2	827	Sound	59	26767331	891	1			260		other	0
10108016_2	828	Sound	50	26790830	882	1			260		other	0
10108016_2	829	Sound	59	26818828	706	1			260		other	0
10108016_2	829	Response	1	26823568	5446	1
10108016_2	830	Sound	55	26843327	1030	1			260		other	0
10108016_2	830	Response	1	26847326	5030	1
10108016_2	831	Sound	57	26860325	858	1			260		other	0
10108016_2	831	Response	1	26864845	5377	1
10108016_2	832	Sound	50	26884824	849	1			260		other	0
10108016_2	833	Sound	59	26909822	673	1			260		other	0
10108016_2	833	Response	1	26917242	8093	3
10108016_2	834	Sound	58	26938321	663	1			260		other	0
10108016_2	834	Response	1	26943240	5583	1
10108016_2	835	Sound	50	26964819	987	1			260		other	0
10108016_2	836	Sound	57	26984818	813	1			260		other	0
10108016_2	837	Sound	58	27006816	639	1			260		other	0
10108016_2	837	Response	1	27012756	6578	1
10108016_2	838	Sound	57	27023815	799	1			260		other	0
10108016_2	838	Response	1	27033234	10219	1
10108016_2	839	Sound	60	27045314	792	1			260		other	0
10108016_2	839	Response	1	27050113	5591	1
10108016_2	840	Sound	56	27068312	617	1			260		other	0
10108016_2	841	Sound	58	27094811	941	1			260		other	0
10108016_2	841	Response	1	27104910	11040	1
10108016_2	842	Sound	57	27115309	767	1			260		other	0
10108016_2	843	Sound	51	27139308	758	1			260		other	0
10108016_2	844	Sound	51	27163306	583	1			260		other	0
10108016_2	845	Sound	50	27188805	574	1			260		other	0
10108016_2	846	Sound	54	27206804	901	1			260		other	0
10108016_2	847	Sound	55	27231802	725	1			260		other	0
10108016_2	848	Sound	58	27250301	885	1			260		other	0
10108016_2	848	Response	1	27254340	4925	1
10108016_2	849	Sound	59	27267300	1046	1			260		other	0
10108016_2	849	Response	1	27277458	11205	1
10108016_2	850	Sound	56	27288798	705	1			260		other	0
10108016_2	850	Response	1	27294257	6164	1
10108016_2	851	Sound	51	27306297	1032	1			260		other	0
10108016_2	851	Response	1	27309777	4511	1
10108016_2	852	Sound	59	27328296	1024	1			260		other	0
10108016_2	852	Response	1	27331615	4343	1
10108016_2	853	Sound	55	27357294	681	1			260		other	0
10108016_2	853	Response	1	27363133	6519	1
10108016_2	854	Sound	54	27374793	1008	1			260		other	0
10108016_2	854	Response	1	27380812	7027	1
10108016_2	855	Sound	54	27399292	666	1			260		other	0
10108016_2	856	Sound	54	27420790	991	1			260		other	0
10108016_2	856	Response	1	27425609	5810	1
10108016_2	857	Sound	53	27441289	984	1			260		other	0
10108016_2	857	Response	1	27445688	5383	1
10108016_2	858	Sound	52	27463287	643	1			260		other	0
10108016_2	858	Response	1	27477766	15121	1
10108016_2	859	Sound	53	27488286	800	1			260		other	0
10108016_2	860	Sound	60	27514284	791	1			260		other	0
10108016_2	860	Response	1	27518403	4910	1
10108016_2	861	Sound	53	27533783	951	1			260		other	0
10108016_2	862	Sound	60	27552782	944	1			260		other	0
10108016_2	862	Response	1	27556401	4563	1
10108016_2	863	Sound	57	27576280	602	1			260		other	0
10108016_2	864	Sound	52	27599279	761	1			260		other	0
10108016_2	865	Sound	55	27617278	921	1			260		other	0
10108016_2	866	Sound	53	27646276	744	1			260		other	0
10108016_2	867	Sound	51	27674774	734	1			260		other	0
10108016_2	868	Sound	53	27703772	724	1			260		other	0
10108016_2	869	Sound	56	27729771	1048	1			260		other	0

The following output port codes were not sent because of a conflict on the port.
Port	Code	Time(ms)
1	253	335573
1	253	464342
1	253	601365
1	253	745100
1	253	912185
1	253	1.03253e+06
1	253	1.16562e+06
1	253	1.31386e+06
1	253	1.62624e+06
1	253	1.78671e+06
1	253	1.9277e+06
1	253	2.16035e+06
1	253	2.28854e+06
1	253	2.42941e+06
1	253	2.64134e+06
1	253	2.77465e+06
