Scenario - 
Logfile written - 02/01/2019 18:47:56

Subject	Trial	Event Type	Code	Time	TTime	Uncertainty	Duration	Uncertainty	ReqTime	ReqDur	Stim Type	Pair Index

10108019_2	1	Response	255	1538843	1538176	1
10108019_2	3	Sound	57	1618919	855	1			260		other	0
10108019_2	4	Sound	58	1642918	847	1			260		other	0
10108019_2	4	Response	1	1646756	4684	1
10108019_2	5	Sound	54	1667917	838	1			260		other	0
10108019_2	5	Response	1	1674033	6955	1
10108019_2	6	Sound	50	1695915	995	1			260		other	0
10108019_2	6	Response	1	1700272	5352	1
10108019_2	7	Sound	53	1720413	819	1			260		other	0
10108019_2	7	Response	1	1727551	7957	1
10108019_2	8	Sound	57	1738912	646	1			260		other	0
10108019_2	8	Response	1	1742910	4643	1
10108019_2	9	Sound	58	1756411	973	1			260		other	0
10108019_2	9	Response	1	1759708	4270	1
10108019_2	10	Sound	56	1784909	630	1			260		other	0
10108019_2	10	Response	1	1785067	787	1
10108019_2	11	Sound	53	1801408	790	1			260		other	0
10108019_2	11	Response	1	1807546	6928	1
10108019_2	12	Sound	50	1828907	781	1			260		other	0
10108019_2	13	Sound	50	1854405	938	1			260		other	0
10108019_2	14	Sound	53	1882904	928	1			260		other	0
10108019_2	14	Response	1	1893380	11405	1
10108019_2	15	Sound	52	1899903	756	1			260		other	0
10108019_2	16	Sound	57	1923401	747	1			260		other	0
10108019_2	16	Response	1	1926818	4164	1
10108019_2	17	Sound	54	1945400	1073	1			260		other	0
10108019_2	18	Sound	55	1963399	900	1			260		other	0
10108019_2	18	Response	1	1966816	4317	1
10108019_2	19	Sound	59	1988897	891	1			260		other	0
10108019_2	19	Response	1	1990814	2808	1
10108019_2	20	Sound	51	2015896	1048	1			260		other	0
10108019_2	21	Sound	56	2039394	873	1			260		other	0
10108019_2	21	Response	1	2043212	4690	1
10108019_2	22	Sound	57	2059393	699	1			260		other	0
10108019_2	22	Response	1	2062490	3796	1
10108019_2	23	Sound	52	2081892	857	1			260		other	0
10108019_2	23	Response	1	2084728	3694	1
10108019_2	24	Sound	54	2105890	682	1			260		other	0
10108019_2	25	Sound	60	2123389	843	1			260		other	0
10108019_2	25	Response	1	2124966	2420	1
10108019_2	26	Sound	58	2147388	667	1			260		other	0
10108019_2	26	Response	1	2148325	1604	1
10108019_2	27	Sound	59	2165387	995	1			260		other	0
10108019_2	27	Response	1	2167123	2731	1
10108019_2	27	Response	1	2186322	21930	2
10108019_2	28	Sound	55	2193885	818	1			260		other	0
10108019_2	28	Response	1	2200961	7894	1
10108019_2	29	Sound	53	2218383	976	1			260		other	0
10108019_2	29	Response	1	2227840	10432	1
10108019_2	30	Sound	55	2246882	965	1			260		other	0
10108019_2	30	Response	1	2248799	2882	1
10108019_2	31	Sound	55	2267880	625	1			260		other	0
10108019_2	31	Response	1	2271917	4661	1
10108019_2	32	Sound	59	2287379	784	1			260		other	0
10108019_2	32	Response	1	2288956	2361	1
10108019_2	33	Sound	56	2307878	777	1			260		other	0
10108019_2	33	Response	1	2310394	3293	1
10108019_2	33	Response	1	2330713	23612	1
10108019_2	34	Sound	60	2336376	934	1			260		other	0
10108019_2	35	Sound	60	2353875	927	1			260		other	0
10108019_2	35	Response	1	2355832	2884	1
10108019_2	35	Response	1	2377031	24083	1
10108019_2	36	Sound	54	2382873	917	1			260		other	0
10108019_2	37	Sound	58	2401872	577	1			260		other	0
10108019_2	37	Response	1	2404709	3413	1
10108019_2	38	Sound	55	2420871	904	1			260		other	0
10108019_2	38	Response	1	2423108	3140	1
10108019_2	38	Response	1	2441427	21459	1
10108019_2	39	Sound	56	2444370	728	1			260		other	0
10108019_2	39	Response	1	2467425	23784	1
10108019_2	40	Sound	52	2473368	885	1			260		other	0
10108019_2	40	Response	1	2494943	22460	1
10108019_2	41	Sound	54	2502866	1041	1			260		other	0
10108019_2	42	Response	1	2524862	697	1
10108019_2	42	Sound	59	2524865	700	1			260		other	0
10108019_2	43	Sound	51	2550863	857	1			260		other	0
10108019_2	43	Response	1	2554779	4773	1
10108019_2	44	Sound	51	2579361	1014	1			260		other	0
10108019_2	45	Sound	51	2607860	1004	1			260		other	0
10108019_2	46	Sound	53	2626859	830	1			260		other	0
10108019_2	47	Sound	50	2650857	988	1			260		other	0
10108019_2	47	Response	1	2672373	22504	1
10108019_2	48	Sound	56	2673356	814	1			260		other	0
10108019_2	49	Sound	59	2695855	972	1			260		other	0
10108019_2	49	Response	1	2697491	2609	1
10108019_2	50	Response	1	2721089	533	1
10108019_2	50	Sound	57	2721353	796	1			260		other	0
10108019_2	51	Sound	51	2741852	623	1			260		other	0
10108019_2	51	Response	1	2743808	2579	1
10108019_2	52	Sound	60	2763850	948	1			260		other	0
10108019_2	52	Response	1	2765407	2504	1
10108019_2	53	Sound	52	2781349	775	1			260		other	0
10108019_2	53	Response	1	2785485	4911	2
10108019_2	54	Sound	50	2806348	600	1			260		other	0
10108019_2	54	Response	1	2817803	12055	1
10108019_2	55	Sound	52	2830846	591	1			260		other	0
10108019_2	56	Sound	58	2852845	917	1			260		other	0
10108019_2	56	Response	1	2855801	3873	1
10108019_2	57	Sound	60	2875344	742	1			260		other	0
10108019_2	57	Response	1	2877480	2878	1
10108019_2	59	Response	255	2908038	10516	1
10108019_2	60	Response	1	2972034	63962	1
10108019_2	61	Sound	11	2988337	868	1			260		other	0
10108019_2	62	Sound	10	3008836	694	1			260		other	0
10108019_2	63	Sound	15	3033334	1019	1			260		other	0
10108019_2	64	Sound	11	3053833	678	1			260		other	0
10108019_2	65	Sound	16	3080331	669	1			260		other	0
10108019_2	66	Sound	17	3105830	993	1			260		other	0
10108019_2	66	Response	1	3111385	6549	1
10108019_2	67	Sound	15	3125829	986	1			260		other	0
10108019_2	67	Response	1	3129304	4462	1
10108019_2	67	Response	1	3148343	23501	2
10108019_2	68	Sound	12	3153327	643	1			260		other	0
10108019_2	69	Sound	17	3174326	802	1			260		other	0
10108019_2	69	Response	1	3178021	4498	1
10108019_2	70	Sound	11	3197324	961	1			260		other	0
10108019_2	71	Sound	12	3218823	786	1			260		other	0
10108019_2	71	Response	1	3241617	23580	1
10108019_2	72	Sound	18	3246321	943	1			260		other	0
10108019_2	73	Sound	20	3266320	603	1			260		other	0
10108019_2	73	Response	1	3268496	2778	1
10108019_2	74	Sound	10	3281819	597	1			260		other	0
10108019_2	75	Sound	12	3304818	922	1			260		other	0
10108019_2	75	Response	1	3306893	2998	1
10108019_2	76	Sound	19	3326816	914	1			260		other	0
10108019_2	77	Sound	14	3353815	1072	1			260		other	0
10108019_2	77	Response	1	3357610	4867	1
10108019_2	78	Sound	19	3374314	1064	1			260		other	0
10108019_2	78	Response	1	3378089	4840	1
10108019_2	79	Sound	16	3397812	722	1			260		other	0
10108019_2	79	Response	1	3400408	3318	1
10108019_2	80	Sound	14	3418811	1049	1			260		other	0
10108019_2	81	Sound	17	3435310	709	1			260		other	0
10108019_2	81	Response	1	3438645	4044	1
10108019_2	82	Sound	20	3457809	701	1			260		other	0
10108019_2	82	Response	1	3459604	2497	1
10108019_2	83	Sound	16	3474308	695	1			260		other	0
10108019_2	84	Sound	18	3492806	1022	1			260		other	0
10108019_2	84	Response	1	3494962	3177	1
10108019_2	85	Sound	14	3520805	846	1			260		other	0
10108019_2	85	Response	1	3524720	4761	1
10108019_2	86	Sound	10	3537804	1006	1			260		other	0
10108019_2	86	Response	1	3547198	10401	1
10108019_2	87	Sound	15	3559802	665	1			260		other	0
10108019_2	87	Response	1	3564477	5340	1
10108019_2	88	Sound	13	3580801	991	1			260		other	0
10108019_2	88	Response	1	3592156	12345	1
10108019_2	89	Sound	11	3602800	816	1			260		other	0
10108019_2	89	Response	1	3620554	18571	1
10108019_2	90	Sound	20	3623798	975	1			260		other	0
10108019_2	90	Response	1	3631913	9090	1
10108019_2	91	Sound	14	3642297	635	1			260		other	0
10108019_2	91	Response	1	3648792	7130	1
10108019_2	92	Sound	10	3657797	630	1			260		other	0
10108019_2	93	Sound	13	3676295	624	1			260		other	0
10108019_2	93	Response	1	3680470	4798	1
10108019_2	94	Sound	16	3695794	616	1			260		other	0
10108019_2	94	Response	1	3700789	5611	1
10108019_2	95	Sound	15	3714793	943	1			260		other	0
10108019_2	95	Response	1	3719508	5658	1
10108019_2	96	Sound	10	3743291	766	1			260		other	0
10108019_2	96	Response	1	3745506	2981	1
10108019_2	97	Sound	17	3768290	591	1			260		other	0
10108019_2	97	Response	1	3770225	2526	1
10108019_2	98	Sound	13	3786789	751	1			260		other	0
10108019_2	98	Response	1	3792303	6265	1
10108019_2	99	Sound	16	3804788	578	1			260		other	0
10108019_2	99	Response	1	3808462	4253	1
10108019_2	100	Sound	19	3825786	737	1			260		other	0
10108019_2	100	Response	1	3826140	1090	2
10108019_2	101	Sound	20	3843785	731	1			260		other	0
10108019_2	101	Response	1	3845820	2765	1
10108019_2	102	Sound	18	3865784	1056	1			260		other	0
10108019_2	102	Response	1	3866139	1411	1
10108019_2	103	Sound	12	3889782	1048	1			260		other	0
10108019_2	104	Sound	18	3912781	1040	1			260		other	0
10108019_2	105	Sound	19	3930280	867	1			260		other	0
10108019_2	105	Response	1	3933175	3761	1
10108019_2	106	Sound	15	3946279	694	1			260		other	0
10108019_2	106	Response	1	3949974	4389	1
10108019_2	107	Sound	12	3962278	855	1			260		other	0
10108019_2	108	Sound	13	3985277	847	1			260		other	0
10108019_2	109	Sound	17	4008275	672	1			260		other	0
10108019_2	109	Response	1	4012930	5326	1
10108019_2	110	Sound	18	4027774	832	1			260		other	0
10108019_2	110	Response	1	4030369	3427	1
10108019_2	111	Sound	19	4056272	988	1			260		other	0
10108019_2	111	Response	1	4058127	2843	1
10108019_2	112	Sound	13	4083271	979	1			260		other	0
10108019_2	112	Response	1	4086765	4473	1
10108019_2	113	Sound	14	4101270	806	1			260		other	0
10108019_2	114	Sound	11	4117269	633	1			260		other	0
10108019_2	114	Response	1	4119723	3088	1
10108019_2	115	Sound	20	4135268	793	1			260		other	0
10108019_2	115	Response	1	4137642	3168	1
10108019_2	117	Response	255	4183319	24425	1
10108019_2	119	Sound	35	4258760	583	1			260		other	0
10108019_2	120	Sound	37	4283759	574	1			260		other	0
10108019_2	121	Sound	35	4313257	1064	1			260		other	0
10108019_2	121	Response	1	4316511	4318	1
10108019_2	122	Sound	37	4335256	889	1			260		other	0
10108019_2	122	Response	1	4340990	6623	1
10108019_2	123	Sound	32	4353255	1049	1			260		other	0
10108019_2	124	Sound	33	4370754	877	1			260		other	0
10108019_2	125	Sound	40	4397752	700	1			260		other	0
10108019_2	125	Response	1	4400186	3134	1
10108019_2	126	Sound	32	4420250	859	1			260		other	0
10108019_2	127	Sound	34	4447249	850	1			260		other	0
10108019_2	127	Response	1	4451064	4664	1
10108019_2	128	Sound	32	4467248	842	1			260		other	0
10108019_2	129	Sound	38	4488746	668	1			260		other	0
10108019_2	129	Response	1	4493460	5382	1
10108019_2	130	Sound	37	4511745	660	1			260		other	0
10108019_2	130	Response	1	4515539	4454	1
10108019_2	131	Sound	39	4535244	985	1			260		other	0
10108019_2	131	Response	1	4536098	1839	1
10108019_2	132	Sound	39	4557742	644	1			260		other	0
10108019_2	132	Response	1	4559856	2758	1
10108019_2	132	Response	1	4579535	22437	1
10108019_2	133	Sound	35	4585740	800	1			260		other	0
10108019_2	134	Sound	30	4608739	958	1			260		other	0
10108019_2	135	Sound	37	4625238	953	1			260		other	0
10108019_2	135	Response	1	4627372	3087	1
10108019_2	136	Sound	39	4648737	778	1			260		other	0
10108019_2	136	Response	1	4650971	3011	1
10108019_2	137	Sound	34	4666736	938	1			260		other	0
10108019_2	138	Sound	31	4686734	931	1			260		other	0
10108019_2	138	Response	1	4690488	4684	1
10108019_2	139	Sound	38	4709733	589	1			260		other	0
10108019_2	139	Response	1	4714327	5183	1
10108019_2	140	Sound	31	4731232	915	1			260		other	0
10108019_2	140	Response	1	4734885	4568	1
10108019_2	141	Sound	32	4750231	575	1			260		other	0
10108019_2	142	Sound	35	4773229	733	1			260		other	0
10108019_2	142	Response	1	4775923	3427	1
10108019_2	143	Sound	37	4791728	894	1			260		other	0
10108019_2	143	Response	1	4795602	4767	2
10108019_2	144	Sound	40	4818226	717	1			260		other	0
10108019_2	144	Response	1	4820240	2731	2
10108019_2	145	Sound	31	4837225	710	1			260		other	0
10108019_2	146	Sound	34	4856224	704	1			260		other	0
10108019_2	147	Sound	35	4885222	860	1			260		other	0
10108019_2	147	Response	1	4897355	12993	1
10108019_2	148	Sound	30	4906721	1019	1			260		other	0
10108019_2	149	Sound	33	4936219	1009	1			260		other	0
10108019_2	149	Response	1	4939113	3902	1
10108019_2	150	Sound	39	4953218	836	1			260		other	0
10108019_2	150	Response	1	4956312	3929	1
10108019_2	151	Sound	36	4974717	662	1			260		other	0
10108019_2	151	Response	1	4978231	4175	1
10108019_2	151	Response	1	4994389	20334	1
10108019_2	152	Sound	31	4998716	987	1			260		other	0
10108019_2	153	Sound	30	5021214	812	1			260		other	0
10108019_2	154	Sound	33	5040713	805	1			260		other	0
10108019_2	154	Response	1	5045906	5998	1
10108019_2	155	Sound	40	5059712	798	1			260		other	0
10108019_2	155	Response	1	5061825	2911	2
10108019_2	156	Sound	33	5088710	954	1			260		other	0
10108019_2	156	Response	1	5092463	4707	1
10108019_2	157	Sound	32	5108209	948	1			260		other	0
10108019_2	157	Response	1	5111902	4641	1
10108019_2	157	Response	1	5129101	21840	1
10108019_2	158	Sound	40	5136707	771	1			260		other	0
10108019_2	158	Response	1	5142700	6764	1
10108019_2	159	Sound	38	5159706	929	1			260		other	0
10108019_2	159	Response	1	5161899	3122	1
10108019_2	160	Sound	34	5176705	756	1			260		other	0
10108019_2	161	Sound	31	5201703	747	1			260		other	0
10108019_2	162	Sound	33	5225202	906	1			260		other	0
10108019_2	163	Sound	30	5245701	732	1			260		other	0
10108019_2	164	Sound	36	5274699	888	1			260		other	0
10108019_2	164	Response	1	5278132	4321	1
10108019_2	165	Sound	38	5294198	881	1			260		other	0
10108019_2	165	Response	1	5297971	4654	1
10108019_2	166	Sound	38	5312697	1041	1			260		other	0
10108019_2	166	Response	1	5316130	4474	1
10108019_2	167	Sound	39	5330195	1035	1			260		other	0
10108019_2	167	Response	1	5331649	2488	1
10108019_2	168	Sound	36	5360194	858	1			260		other	0
10108019_2	168	Response	1	5363967	4631	1
10108019_2	169	Sound	40	5379193	851	1			260		other	0
10108019_2	169	Response	1	5381246	2904	1
10108019_2	170	Sound	36	5395692	1012	1			260		other	0
10108019_2	171	Sound	30	5414690	672	1			260		other	0
10108019_2	172	Sound	36	5431189	999	1			260		other	0
10108019_2	172	Response	1	5434922	4732	1
10108019_2	173	Sound	34	5449188	994	1			260		other	0
10108019_2	173	Response	1	5455721	7527	1
10108019_2	175	Response	255	5480199	9751	1
10108019_2	177	Sound	15	5564181	785	1			260		other	0
10108019_2	178	Sound	12	5584180	945	1			260		other	0
10108019_2	179	Sound	14	5600679	772	1			260		other	0
10108019_2	180	Sound	19	5624178	930	1			260		other	0
10108019_2	180	Response	1	5628030	4783	1
10108019_2	181	Sound	13	5641677	757	1			260		other	0
10108019_2	182	Sound	19	5663675	750	1			260		other	0
10108019_2	182	Response	1	5666908	3982	1
10108019_2	183	Sound	14	5684674	909	1			260		other	0
10108019_2	183	Response	1	5688107	4342	1
10108019_2	184	Sound	16	5709173	900	1			260		other	0
10108019_2	184	Response	1	5712825	4553	1
10108019_2	185	Sound	13	5736171	891	1			260		other	0
10108019_2	186	Sound	10	5756670	1050	1			260		other	0
10108019_2	187	Sound	10	5774169	1044	1			260		other	0
10108019_2	187	Response	1	5774181	1056	1
10108019_2	188	Sound	16	5801667	701	1			260		other	0
10108019_2	188	Response	1	5803220	2253	1
10108019_2	189	Sound	20	5825166	859	1			260		other	0
10108019_2	189	Response	1	5827058	2751	1
10108019_2	190	Sound	14	5846164	851	1			260		other	0
10108019_2	190	Response	1	5850017	4704	1
10108019_2	191	Sound	18	5873163	1009	1			260		other	0
10108019_2	191	Response	1	5875295	3141	1
10108019_2	192	Sound	17	5891662	835	1			260		other	0
10108019_2	192	Response	1	5895614	4788	1
10108019_2	193	Sound	11	5908161	663	1			260		other	0
10108019_2	194	Sound	15	5930659	821	1			260		other	0
10108019_2	195	Sound	20	5953658	980	1			260		other	0
10108019_2	195	Response	1	5956410	3732	1
10108019_2	196	Sound	10	5979656	804	1			260		other	0
10108019_2	197	Sound	16	6007155	961	1			260		other	0
10108019_2	197	Response	1	6023446	17252	1
10108019_2	198	Sound	18	6026653	954	1			260		other	0
10108019_2	199	Sound	17	6045152	614	1			260		other	0
10108019_2	199	Response	1	6048804	4266	1
10108019_2	200	Sound	16	6067151	606	1			260		other	0
10108019_2	200	Response	1	6069923	3378	1
10108019_2	201	Sound	18	6089650	932	1			260		other	0
10108019_2	201	Response	1	6092002	3284	1
10108019_2	202	Sound	17	6118148	755	1			260		other	0
10108019_2	203	Sound	17	6146146	578	1			260		other	0
10108019_2	203	Response	1	6150798	5230	1
10108019_2	204	Sound	18	6169145	737	1			260		other	0
10108019_2	204	Response	1	6172156	3748	1
10108019_2	205	Sound	12	6191144	729	1			260		other	0
10108019_2	206	Sound	17	6211642	1055	1			260		other	0
10108019_2	206	Response	1	6213034	2447	1
10108019_2	207	Sound	11	6232641	1047	1			260		other	0
10108019_2	207	Response	1	6241433	9839	1
10108019_2	208	Sound	20	6258639	1038	1			260		other	0
10108019_2	208	Response	1	6260871	3270	1
10108019_2	209	Sound	20	6274639	866	1			260		other	0
10108019_2	209	Response	1	6277270	3497	1
10108019_2	210	Sound	10	6299637	857	1			260		other	0
10108019_2	211	Sound	20	6318136	850	1			260		other	0
10108019_2	211	Response	1	6320308	3022	1
10108019_2	212	Sound	12	6346134	674	1			260		other	0
10108019_2	213	Sound	12	6363133	668	1			260		other	0
10108019_2	214	Sound	14	6379632	828	1			260		other	0
10108019_2	214	Response	1	6383824	5020	1
10108019_2	215	Sound	10	6396131	656	1			260		other	0
10108019_2	216	Sound	13	6418130	981	1			260		other	0
10108019_2	217	Sound	12	6437129	808	1			260		other	0
10108019_2	218	Sound	11	6461627	799	1			260		other	0
10108019_2	219	Sound	19	6486626	624	1			260		other	0
10108019_2	219	Response	1	6489337	3335	1
10108019_2	220	Sound	15	6514624	614	1			260		other	0
10108019_2	220	Response	1	6520855	6845	1
10108019_2	221	Sound	15	6531123	941	1			260		other	0
10108019_2	221	Response	1	6534773	4592	2
10108019_2	222	Sound	18	6555622	932	1			260		other	0
10108019_2	222	Response	1	6558853	4164	1
10108019_2	223	Sound	11	6575120	592	1			260		other	0
10108019_2	223	Response	1	6590931	16403	1
10108019_2	224	Sound	15	6596119	585	1			260		other	0
10108019_2	225	Sound	11	6618618	743	1			260		other	0
10108019_2	226	Sound	19	6643116	735	1			260		other	0
10108019_2	226	Response	1	6645328	2946	1
10108019_2	227	Sound	13	6663115	894	1			260		other	0
10108019_2	228	Sound	14	6682114	1054	1			260		other	0
10108019_2	228	Response	1	6707164	26104	1
10108019_2	229	Sound	19	6709612	878	1			260		other	0
10108019_2	230	Sound	16	6728111	1038	1			260		other	0
10108019_2	230	Response	1	6732522	5449	1
10108019_2	231	Sound	13	6746110	1031	1			260		other	0
10108019_2	231	Response	1	6749961	4882	1
10108019_2	233	Response	255	6778600	9767	1
10108019_2	235	Sound	51	6847104	662	1			260		other	0
10108019_2	236	Sound	54	6868603	654	1			260		other	0
10108019_2	237	Sound	55	6893601	979	1			260		other	0
10108019_2	237	Response	1	6897632	5010	1
10108019_2	238	Sound	58	6922099	802	1			260		other	0
10108019_2	238	Response	1	6925150	3853	1
10108019_2	239	Sound	52	6951098	792	1			260		other	0
10108019_2	240	Response	1	6973627	315	1
10108019_2	240	Sound	50	6974096	784	1			260		other	0
10108019_2	241	Sound	60	6997095	609	1			260		other	0
10108019_2	241	Response	1	6999226	2739	1
10108019_2	242	Sound	60	7024593	932	1			260		other	0
10108019_2	242	Response	1	7026264	2603	1
10108019_2	243	Sound	60	7052092	922	1			260		other	0
10108019_2	243	Response	1	7054023	2853	1
10108019_2	244	Sound	53	7078590	580	1			260		other	0
10108019_2	244	Response	1	7083541	5530	1
10108019_2	245	Sound	57	7106088	737	1			260		other	0
10108019_2	245	Response	1	7109059	3707	1
10108019_2	246	Sound	56	7134587	726	1			260		other	0
10108019_2	246	Response	1	7138577	4717	1
10108019_2	247	Sound	59	7161085	1050	1			260		other	0
10108019_2	247	Response	1	7163056	3021	1
10108019_2	248	Sound	56	7190083	873	1			260		other	0
10108019_2	248	Response	1	7192334	3124	1
10108019_2	249	Sound	50	7210582	1033	1			260		other	0
10108019_2	249	Response	1	7212173	2624	1
10108019_2	250	Sound	50	7235080	857	1			260		other	0
10108019_2	251	Sound	54	7257579	683	1			260		other	0
10108019_2	251	Response	1	7261530	4633	1
10108019_2	252	Sound	52	7275578	843	1			260		other	0
10108019_2	253	Sound	59	7301577	1000	1			260		other	0
10108019_2	253	Response	1	7303287	2711	1
10108019_2	254	Sound	53	7330075	824	1			260		other	0
10108019_2	254	Response	1	7333845	4594	1
10108019_2	255	Sound	57	7348074	984	1			260		other	0
10108019_2	255	Response	1	7350644	3554	1
10108019_2	256	Sound	51	7375572	641	1			260		other	0
10108019_2	256	Response	1	7379283	4351	1
10108019_2	257	Sound	51	7401571	798	1			260		other	0
10108019_2	258	Sound	54	7420569	791	1			260		other	0
10108019_2	258	Response	1	7424720	4942	1
10108019_2	259	Sound	58	7447068	615	1			260		other	0
10108019_2	259	Response	1	7450078	3625	1
10108019_2	260	Sound	56	7473066	773	1			260		other	0
10108019_2	260	Response	1	7476717	4423	1
10108019_2	261	Sound	53	7497065	598	1			260		other	0
10108019_2	261	Response	1	7501835	5368	1
10108019_2	262	Sound	54	7515564	924	1			260		other	0
10108019_2	262	Response	1	7518874	4234	1
10108019_2	263	Sound	53	7543062	914	1			260		other	0
10108019_2	263	Response	1	7546873	4725	1
10108019_2	264	Sound	52	7562061	574	1			260		other	0
10108019_2	265	Sound	58	7589059	731	1			260		other	0
10108019_2	265	Response	1	7592069	3741	1
10108019_2	266	Sound	54	7614558	1057	1			260		other	0
10108019_2	267	Sound	59	7641556	879	1			260		other	0
10108019_2	267	Response	1	7643346	2670	1
10108019_2	268	Sound	56	7662555	1039	1			260		other	0
10108019_2	268	Response	1	7667664	6148	1
10108019_2	269	Sound	50	7682554	1032	1			260		other	0
10108019_2	270	Sound	52	7703552	691	1			260		other	0
10108019_2	270	Response	1	7709342	6481	1
10108019_2	271	Sound	55	7725551	683	1			260		other	0
10108019_2	271	Response	1	7728781	3913	1
10108019_2	272	Sound	55	7746050	1009	1			260		other	0
10108019_2	272	Response	1	7748860	3819	1
10108019_2	273	Sound	59	7775048	999	1			260		other	0
10108019_2	273	Response	1	7777498	3449	1
10108019_2	274	Sound	52	7798546	823	1			260		other	0
10108019_2	275	Sound	55	7823545	981	1			260		other	0
10108019_2	275	Response	1	7827095	4531	1
10108019_2	276	Sound	51	7851043	805	1			260		other	0
10108019_2	277	Sound	59	7877542	962	1			260		other	0
10108019_2	277	Response	1	7879732	3152	1
10108019_2	278	Sound	51	7902040	620	1			260		other	0
10108019_2	279	Sound	58	7930039	610	1			260		other	0
10108019_2	279	Response	1	7933008	3580	1
10108019_2	280	Sound	60	7959037	933	1			260		other	0
10108019_2	280	Response	1	7960527	2423	1
10108019_2	281	Sound	60	7978536	926	1			260		other	0
10108019_2	281	Response	1	7980445	2836	1
10108019_2	282	Sound	50	8002034	918	1			260		other	0
10108019_2	283	Sound	57	8029033	908	1			260		other	0
10108019_2	283	Response	1	8031802	3678	1
10108019_2	284	Sound	57	8051531	733	1			260		other	0
10108019_2	284	Response	1	8054281	3483	1
10108019_2	285	Sound	55	8069030	1061	1			260		other	0
10108019_2	285	Response	1	8072440	4471	1
10108019_2	286	Sound	56	8095529	884	1			260		other	0
10108019_2	286	Response	1	8097958	3314	1
10108019_2	287	Sound	53	8119527	709	1			260		other	0
10108019_2	287	Response	1	8122437	3619	1
10108019_2	288	Sound	57	8145026	867	1			260		other	0
10108019_2	288	Response	1	8148435	4277	1
10108019_2	289	Sound	58	8166024	693	1			260		other	0
10108019_2	289	Response	1	8169154	3822	1
10108019_2	291	Response	255	8201952	13033	1
10108019_2	293	Sound	10	8269518	989	1			260		other	0
10108019_2	293	Response	1	8276427	7898	1
10108019_2	294	Sound	18	8290517	815	1			260		other	0
10108019_2	294	Response	1	8293866	4164	1
10108019_2	295	Sound	12	8311516	974	1			260		other	0
10108019_2	295	Response	1	8319465	8923	1
10108019_2	296	Sound	19	8333014	800	1			260		other	0
10108019_2	296	Response	1	8335623	3409	1
10108019_2	297	Sound	17	8354013	959	1			260		other	0
10108019_2	297	Response	1	8356342	3288	1
10108019_2	298	Sound	19	8374512	618	1			260		other	0
10108019_2	298	Response	1	8377381	3488	1
10108019_2	299	Sound	17	8402510	775	1			260		other	0
10108019_2	299	Response	1	8405939	4205	1
10108019_2	300	Sound	14	8422009	768	1			260		other	0
10108019_2	300	Response	1	8427618	6377	1
10108019_2	301	Sound	11	8442008	761	1			260		other	0
10108019_2	301	Response	1	8449617	8370	1
10108019_2	302	Sound	20	8467006	752	1			260		other	0
10108019_2	302	Response	1	8469775	3521	1
10108019_2	303	Sound	13	8492005	1077	1			260		other	0
10108019_2	304	Sound	12	8515003	1069	1			260		other	0
10108019_2	304	Response	1	8519772	5838	1
10108019_2	305	Response	1	8540491	49	1
10108019_2	305	Sound	11	8541502	1059	1			260		other	0
10108019_2	305	Response	1	8564570	24127	1
10108019_2	306	Sound	13	8567000	1050	1			260		other	0
10108019_2	306	Response	1	8585768	19818	1
10108019_2	307	Sound	15	8589999	875	1			260		other	0
10108019_2	307	Response	1	8608247	19123	1
10108019_2	308	Sound	16	8614997	700	1			260		other	0
10108019_2	308	Response	1	8634645	20348	1
10108019_2	309	Sound	15	8637996	1025	1			260		other	0
10108019_2	309	Response	1	8654084	17113	1
10108019_2	310	Sound	10	8656495	685	1			260		other	0
10108019_2	310	Response	1	8672483	16673	1
10108019_2	311	Sound	20	8677493	677	1			260		other	0
10108019_2	311	Response	1	8683842	7026	1
10108019_2	312	Sound	12	8704492	668	1			260		other	0
10108019_2	313	Sound	18	8720491	829	1			260		other	0
10108019_2	313	Response	1	8725519	5857	2
10108019_2	314	Sound	17	8748489	652	1			260		other	0
10108019_2	314	Response	1	8751998	4161	1
10108019_2	315	Sound	16	8776488	642	1			260		other	0
10108019_2	315	Response	1	8780556	4711	1
10108019_2	316	Sound	19	8800986	967	1			260		other	0
10108019_2	316	Response	1	8805275	5256	1
10108019_2	317	Sound	15	8819485	960	1			260		other	0
10108019_2	317	Response	1	8824073	5549	1
10108019_2	318	Sound	11	8838484	787	1			260		other	0
10108019_2	319	Sound	18	8860982	779	1			260		other	0
10108019_2	319	Response	1	8865990	5787	1
10108019_2	320	Sound	11	8887981	936	1			260		other	0
10108019_2	320	Response	1	8902069	15024	1
10108019_2	321	Sound	10	8910979	761	1			260		other	0
10108019_2	322	Sound	10	8931478	587	1			260		other	0
10108019_2	323	Sound	10	8956477	912	1			260		other	0
10108019_2	323	Response	1	8979184	23619	1
10108019_2	324	Sound	13	8980475	570	1			260		other	0
10108019_2	324	Response	1	9001023	21117	1
10108019_2	325	Sound	13	9006474	727	1			260		other	0
10108019_2	325	Response	1	9021741	15995	1
10108019_2	326	Sound	17	9028972	1053	1			260		other	0
10108019_2	326	Response	1	9045340	17420	1
10108019_2	327	Sound	18	9050471	1045	1			260		other	0
10108019_2	327	Response	1	9070058	20632	1
10108019_2	328	Sound	16	9076469	702	1			260		other	0
10108019_2	329	Sound	19	9098968	861	1			260		other	0
10108019_2	329	Response	1	9099096	989	1
10108019_2	330	Sound	14	9126966	851	1			260		other	0
10108019_2	330	Response	1	9129655	3539	1
10108019_2	331	Sound	14	9152965	1008	1			260		other	0
10108019_2	331	Response	1	9157173	5217	1
10108019_2	332	Sound	18	9174963	667	1			260		other	0
10108019_2	332	Response	1	9178612	4315	1
10108019_2	333	Sound	20	9194962	827	1			260		other	0
10108019_2	333	Response	1	9198050	3915	1
10108019_2	334	Sound	15	9212961	654	1			260		other	0
10108019_2	334	Response	1	9231009	18701	1
10108019_2	335	Sound	12	9236960	645	1			260		other	0
10108019_2	335	Response	1	9254127	17812	1
10108019_2	336	Sound	20	9261958	636	1			260		other	0
10108019_2	336	Response	1	9265487	4164	1
10108019_2	337	Sound	19	9283457	795	1			260		other	0
10108019_2	337	Response	1	9287165	4503	1
10108019_2	338	Sound	14	9302956	621	1			260		other	0
10108019_2	338	Response	1	9308524	6189	1
10108019_2	339	Sound	16	9325954	780	1			260		other	0
10108019_2	339	Response	1	9327162	1988	1
10108019_2	340	Sound	14	9347953	772	1			260		other	0
10108019_2	340	Response	1	9352681	5500	1
10108019_2	341	Sound	16	9371452	764	1			260		other	0
10108019_2	341	Response	1	9374759	4071	1
10108019_2	342	Sound	15	9399450	921	1			260		other	0
10108019_2	343	Sound	11	9422449	912	1			260		other	0
10108019_2	344	Sound	17	9443447	1072	1			260		other	0
10108019_2	345	Sound	13	9466446	730	1			260		other	0
10108019_2	346	Sound	20	9482945	724	1			260		other	0
10108019_2	346	Response	1	9485713	3492	1
10108019_2	347	Sound	12	9502444	884	1			260		other	0
10108019_2	349	Response	255	9540109	12129	1
10108019_2	351	Sound	11	9609937	846	1			260		other	0
10108019_2	352	Sound	12	9630436	672	1			260		other	0
10108019_2	353	Sound	17	9647935	832	1			260		other	0
10108019_2	353	Response	1	9659622	12519	1
10108019_2	354	Sound	10	9676433	822	1			260		other	0
10108019_2	355	Sound	13	9695932	982	1			260		other	0
10108019_2	355	Response	1	9699140	4190	1
10108019_2	356	Sound	16	9717431	807	1			260		other	0
10108019_2	356	Response	1	9721378	4755	1
10108019_2	357	Sound	18	9742429	799	1			260		other	0
10108019_2	357	Response	1	9746337	4706	1
10108019_2	358	Sound	19	9762428	791	1			260		other	0
10108019_2	358	Response	1	9765935	4298	1
10108019_2	359	Sound	12	9787926	616	1			260		other	0
10108019_2	360	Sound	18	9810925	941	1			260		other	0
10108019_2	360	Response	1	9814653	4668	1
10108019_2	361	Sound	10	9834424	599	1			260		other	0
10108019_2	362	Sound	14	9854922	592	1			260		other	0
10108019_2	363	Sound	10	9882421	915	1			260		other	0
10108019_2	364	Sound	19	9909419	906	1			260		other	0
10108019_2	364	Response	1	9912726	4213	1
10108019_2	365	Sound	20	9935418	730	1			260		other	0
10108019_2	365	Response	1	9937685	2997	1
10108019_2	366	Sound	15	9962916	887	1			260		other	0
10108019_2	367	Sound	13	9981915	713	1			260		other	0
10108019_2	367	Response	1	9994881	13680	1
10108019_2	368	Sound	11	10009413	1037	1			260		other	0
10108019_2	369	Sound	18	10026912	864	1			260		other	0
10108019_2	369	Response	1	10030319	4271	1
10108019_2	370	Sound	15	10047911	857	1			260		other	0
10108019_2	371	Sound	13	10074409	847	1			260		other	0
10108019_2	371	Response	1	10078956	5394	1
10108019_2	372	Sound	16	10096908	839	1			260		other	0
10108019_2	372	Response	1	10101275	5206	1
10108019_2	373	Sound	15	10119407	998	1			260		other	0
10108019_2	373	Response	1	10123113	4704	2
10108019_2	374	Sound	19	10143405	656	1			260		other	0
10108019_2	374	Response	1	10146472	3723	1
10108019_2	375	Sound	14	10168903	813	1			260		other	0
10108019_2	375	Response	1	10172230	4140	1
10108019_2	376	Sound	17	10186902	807	1			260		other	0
10108019_2	377	Sound	17	10209401	966	1			260		other	0
10108019_2	377	Response	1	10222707	14272	1
10108019_2	378	Sound	16	10237399	622	1			260		other	0
10108019_2	378	Response	1	10241506	4729	1
10108019_2	379	Sound	20	10265898	779	1			260		other	0
10108019_2	379	Response	1	10266225	1106	1
10108019_2	380	Sound	20	10286396	938	1			260		other	0
10108019_2	380	Response	1	10288943	3485	1
10108019_2	381	Sound	14	10309895	930	1			260		other	0
10108019_2	382	Sound	10	10328894	590	1			260		other	0
10108019_2	383	Sound	14	10356892	913	1			260		other	0
10108019_2	384	Sound	10	10380891	738	1			260		other	0
10108019_2	385	Sound	12	10405389	729	1			260		other	0
10108019_2	386	Sound	19	10423388	723	1			260		other	0
10108019_2	386	Response	1	10426935	4270	1
10108019_2	387	Sound	17	10447387	881	1			260		other	0
10108019_2	387	Response	1	10451253	4748	1
10108019_2	388	Sound	15	10474385	705	1			260		other	0
10108019_2	388	Response	1	10478531	4851	1
10108019_2	389	Sound	17	10494384	698	1			260		other	0
10108019_2	389	Response	1	10497730	4044	1
10108019_2	390	Sound	12	10518382	1022	1			260		other	0
10108019_2	391	Sound	18	10543381	1014	1			260		other	0
10108019_2	391	Response	1	10547088	4720	1
10108019_2	392	Sound	14	10558880	675	1			260		other	0
10108019_2	393	Sound	11	10575379	1002	1			260		other	0
10108019_2	393	Response	1	10596284	21908	1
10108019_2	394	Sound	18	10598377	994	1			260		other	0
10108019_2	394	Response	1	10621563	24179	1
10108019_2	395	Sound	11	10623376	818	1			260		other	0
10108019_2	396	Response	1	10650841	942	1
10108019_2	396	Sound	13	10650874	975	1			260		other	0
10108019_2	397	Sound	20	10674873	967	1			260		other	0
10108019_2	397	Response	1	10677079	3173	1
10108019_2	398	Sound	19	10696372	959	1			260		other	0
10108019_2	398	Response	1	10701798	6385	1
10108019_2	399	Sound	11	10718370	785	1			260		other	0
10108019_2	399	Response	1	10723637	6051	1
10108019_2	400	Sound	12	10739369	777	1			260		other	0
10108019_2	400	Response	1	10749635	11043	1
10108019_2	401	Sound	15	10756368	771	1			260		other	0
10108019_2	401	Response	1	10775153	19556	1
10108019_2	402	Sound	13	10783866	594	1			260		other	0
10108019_2	403	Sound	16	10803365	754	1			260		other	0
10108019_2	404	Sound	20	10821364	581	1			260		other	0
10108019_2	404	Response	1	10823630	2848	1
10108019_2	405	Sound	16	10840363	1075	1			260		other	0
10108019_2	405	Response	1	10844189	4900	1
10108019_2	407	Response	255	10874987	15780	1
10108019_2	409	Sound	31	10952856	868	1			260		other	0
10108019_2	410	Sound	37	10973355	861	1			260		other	0
10108019_2	411	Sound	39	10994354	1020	1			260		other	0
10108019_2	411	Response	1	10996660	3326	1
10108019_2	412	Sound	33	11014352	1013	1			260		other	0
10108019_2	413	Sound	40	11041851	670	1			260		other	0
10108019_2	413	Response	1	11046497	5315	1
10108019_2	414	Sound	30	11063849	995	1			260		other	0
10108019_2	415	Sound	40	11091848	818	1			260		other	0
10108019_2	415	Response	1	11093614	2584	1
10108019_2	416	Sound	36	11109347	645	1			260		other	0
10108019_2	416	Response	1	11112652	3951	1
10108019_2	417	Sound	34	11128346	639	1			260		other	0
10108019_2	418	Sound	39	11155344	962	1			260		other	0
10108019_2	418	Response	1	11156970	2588	1
10108019_2	419	Sound	35	11181842	953	1			260		other	0
10108019_2	419	Response	1	11184328	3439	1
10108019_2	420	Sound	30	11206841	777	1			260		other	0
10108019_2	420	Response	1	11209447	3383	1
10108019_2	421	Sound	31	11232839	935	1			260		other	0
10108019_2	421	Response	1	11234725	2821	1
10108019_2	422	Sound	38	11249838	762	1			260		other	0
10108019_2	422	Response	1	11254004	4928	1
10108019_2	423	Sound	36	11272837	921	1			260		other	0
10108019_2	424	Sound	39	11300835	744	1			260		other	0
10108019_2	424	Response	1	11302721	2629	1
10108019_2	425	Sound	35	11319334	737	1			260		other	0
10108019_2	426	Sound	30	11338333	897	1			260		other	0
10108019_2	427	Sound	34	11357832	725	1			260		other	0
10108019_2	427	Response	1	11361277	4171	1
10108019_2	428	Sound	34	11378330	716	1			260		other	0
10108019_2	429	Sound	32	11397329	876	1			260		other	0
10108019_2	429	Response	1	11401035	4582	1
10108019_2	430	Sound	32	11416828	703	1			260		other	0
10108019_2	431	Sound	35	11435327	863	1			260		other	0
10108019_2	431	Response	1	11439912	5448	1
10108019_2	432	Sound	34	11459826	687	1			260		other	0
10108019_2	433	Sound	37	11484824	678	1			260		other	0
10108019_2	433	Response	1	11487909	3764	1
10108019_2	434	Sound	33	11506323	837	1			260		other	0
10108019_2	435	Sound	33	11528821	663	1			260		other	0
10108019_2	436	Sound	40	11554820	988	1			260		other	0
10108019_2	436	Response	1	11556945	3114	1
10108019_2	437	Sound	31	11576819	646	1			260		other	0
10108019_2	438	Sound	38	11604817	969	1			260		other	0
10108019_2	438	Response	1	11608702	4854	1
10108019_2	439	Sound	31	11632815	626	1			260		other	0
10108019_2	440	Sound	38	11652814	952	1			260		other	0
10108019_2	440	Response	1	11655259	3397	1
10108019_2	441	Sound	34	11676812	943	1			260		other	0
10108019_2	442	Sound	36	11703311	601	1			260		other	0
10108019_2	443	Sound	32	11726309	592	1			260		other	0
10108019_2	443	Response	1	11731494	5777	1
10108019_2	444	Sound	30	11744808	586	1			260		other	0
10108019_2	444	Response	1	11768372	24150	1
10108019_2	445	Sound	39	11771307	743	1			260		other	0
10108019_2	446	Sound	36	11792805	736	1			260		other	0
10108019_2	446	Response	1	11796370	4301	1
10108019_2	447	Sound	33	11818304	726	1			260		other	0
10108019_2	447	Response	1	11822129	4551	1
10108019_2	448	Sound	33	11845302	717	1			260		other	0
10108019_2	448	Response	1	11849247	4662	1
10108019_2	449	Sound	31	11862801	1044	1			260		other	0
10108019_2	449	Response	1	11866046	4289	1
10108019_2	450	Sound	37	11890799	1034	1			260		other	0
10108019_2	450	Response	1	11894204	4439	1
10108019_2	451	Sound	40	11916298	1025	1			260		other	0
10108019_2	451	Response	1	11918283	3010	1
10108019_2	452	Sound	37	11937797	684	1			260		other	0
10108019_2	452	Response	1	11942761	5648	1
10108019_2	453	Sound	38	11963795	841	1			260		other	0
10108019_2	453	Response	1	11968040	5086	1
10108019_2	454	Sound	38	11988294	666	1			260		other	0
10108019_2	454	Response	1	11991878	4251	1
10108019_2	455	Sound	32	12013292	824	1			260		other	0
10108019_2	455	Response	1	12017237	4769	1
10108019_2	456	Sound	35	12037791	648	1			260		other	0
10108019_2	456	Response	1	12041875	4733	1
10108019_2	457	Sound	32	12057289	975	1			260		other	0
10108019_2	457	Response	1	12061314	4999	1
10108019_2	458	Sound	36	12081288	966	1			260		other	0
10108019_2	458	Response	1	12084913	4591	1
10108019_2	459	Sound	37	12099287	626	1			260		other	0
10108019_2	459	Response	1	12101552	2891	1
10108019_2	460	Sound	30	12128285	616	1			260		other	0
10108019_2	460	Response	1	12130350	2681	1
10108019_2	461	Sound	39	12154783	773	1			260		other	0
10108019_2	461	Response	1	12156108	2098	1
10108019_2	462	Sound	40	12171283	934	1			260		other	0
10108019_2	462	Response	1	12173387	3038	1
10108019_2	463	Sound	35	12190282	594	1			260		other	0
10108019_2	463	Response	1	12193945	4258	3
10108019_2	465	Response	255	12230424	16149	1
10108019_2	467	Sound	31	12304775	1053	1			260		other	0
10108019_2	468	Sound	30	12330273	878	1			260		other	0
10108019_2	469	Sound	33	12349772	704	1			260		other	0
10108019_2	470	Sound	35	12377770	1027	1			260		other	0
10108019_2	470	Response	1	12380895	4152	1
10108019_2	471	Sound	36	12403269	852	1			260		other	0
10108019_2	471	Response	1	12406013	3596	1
10108019_2	472	Sound	38	12423267	678	1			260		other	0
10108019_2	472	Response	1	12426172	3582	1
10108019_2	473	Sound	35	12443766	671	1			260		other	0
10108019_2	473	Response	1	12447770	4674	1
10108019_2	474	Sound	33	12470764	661	1			260		other	0
10108019_2	474	Response	1	12471129	1025	1
10108019_2	474	Response	1	12488168	18064	1
10108019_2	475	Sound	34	12494763	819	1			260		other	0
10108019_2	475	Response	1	12500647	6703	1
10108019_2	476	Sound	39	12518762	977	1			260		other	0
10108019_2	476	Response	1	12520966	3182	1
10108019_2	477	Sound	38	12541260	969	1			260		other	0
10108019_2	477	Response	1	12544724	4433	1
10108019_2	478	Sound	30	12562259	795	1			260		other	0
10108019_2	479	Sound	40	12586257	786	1			260		other	0
10108019_2	479	Response	1	12588402	2931	1
10108019_2	480	Sound	32	12609256	778	1			260		other	0
10108019_2	480	Response	1	12612240	3762	1
10108019_2	481	Sound	39	12632255	937	1			260		other	0
10108019_2	481	Response	1	12634075	2758	9
10108019_2	482	Sound	37	12650754	597	1			260		other	0
10108019_2	483	Sound	39	12672252	589	1			260		other	0
10108019_2	483	Response	1	12674716	3053	1
10108019_2	484	Sound	38	12694751	748	1			260		other	0
10108019_2	484	Response	1	12698555	4552	1
10108019_2	485	Sound	34	12713750	575	1			260		other	0
10108019_2	486	Sound	36	12741248	898	1			260		other	0
10108019_2	486	Response	1	12744152	3802	1
10108019_2	487	Sound	36	12767747	722	1			260		other	0
10108019_2	488	Sound	31	12784745	1049	1			260		other	0
10108019_2	488	Response	1	12786789	3093	1
10108019_2	489	Sound	40	12806744	1041	1			260		other	0
10108019_2	489	Response	1	12808868	3165	1
10108019_2	490	Sound	32	12830243	867	1			260		other	0
10108019_2	491	Sound	32	12855241	1024	1			260		other	0
10108019_2	492	Sound	33	12873240	1018	1			260		other	0
10108019_2	492	Response	1	12876144	3922	1
10108019_2	493	Sound	34	12890239	845	1			260		other	0
10108019_2	493	Response	1	12894463	5068	1
10108019_2	494	Sound	36	12910738	838	1			260		other	0
10108019_2	494	Response	1	12914382	4481	1
10108019_2	495	Sound	39	12934237	663	1			260		other	0
10108019_2	495	Response	1	12936220	2646	1
10108019_2	496	Sound	30	12953235	989	1			260		other	0
10108019_2	497	Sound	34	12979734	980	1			260		other	0
10108019_2	497	Response	1	12982937	4183	1
10108019_2	498	Sound	37	13009232	969	1			260		other	0
10108019_2	498	Response	1	13013735	5472	1
10108019_2	499	Sound	38	13037730	792	1			260		other	0
10108019_2	499	Response	1	13041014	4076	1
10108019_2	500	Sound	30	13066728	616	1			260		other	0
10108019_2	501	Sound	40	13090227	774	1			260		other	0
10108019_2	501	Response	1	13092370	2917	1
10108019_2	502	Sound	31	13110726	600	1			260		other	0
10108019_2	503	Sound	32	13136224	591	1			260		other	0
10108019_2	503	Response	1	13139568	3934	1
10108019_2	504	Sound	31	13152723	752	1			260		other	0
10108019_2	505	Sound	37	13179722	909	1			260		other	0
10108019_2	506	Sound	33	13200720	1068	1			260		other	0
10108019_2	506	Response	1	13206604	6951	1
10108019_2	507	Sound	32	13218219	728	1			260		other	0
10108019_2	508	Sound	38	13238718	721	1			260		other	0
10108019_2	508	Response	1	13242921	4924	1
10108019_2	509	Sound	40	13267716	878	1			260		other	0
10108019_2	509	Response	1	13269960	3121	1
10108019_2	510	Sound	40	13294715	1034	1			260		other	0
10108019_2	510	Response	1	13297078	3398	1
10108019_2	511	Sound	35	13322713	858	1			260		other	0
10108019_2	511	Response	1	13326356	4501	1
10108019_2	512	Sound	37	13345712	1016	1			260		other	0
10108019_2	512	Response	1	13349235	4539	1
10108019_2	513	Sound	39	13374210	1006	1			260		other	0
10108019_2	513	Response	1	13376113	2909	1
10108019_2	514	Sound	35	13403708	996	1			260		other	0
10108019_2	514	Response	1	13405871	3159	1
10108019_2	515	Sound	35	13431207	652	1			260		other	0
10108019_2	515	Response	1	13435149	4595	1
10108019_2	516	Sound	30	13448705	646	1			260		other	0
10108019_2	517	Sound	34	13468704	973	1			260		other	0
10108019_2	517	Response	1	13472427	4695	1
10108019_2	518	Sound	36	13490203	965	1			260		other	0
10108019_2	518	Response	1	13494506	5268	1
10108019_2	519	Sound	37	13516701	789	1			260		other	0
10108019_2	519	Response	1	13520984	5072	1
10108019_2	520	Sound	31	13543700	779	1			260		other	0
10108019_2	521	Sound	33	13570198	603	1			260		other	0
10108019_2	523	Response	255	14865061	1267378	1
10108019_2	525	Sound	37	14942615	948	1			260		other	0
10108019_2	525	Response	1	14946496	4829	1
10108019_2	526	Sound	37	14962614	774	1			260		other	0
10108019_2	526	Response	1	14966415	4575	1
10108019_2	527	Sound	35	14985613	599	1			260		other	0
10108019_2	527	Response	1	14989134	4120	1
10108019_2	528	Sound	34	15008611	758	1			260		other	0
10108019_2	528	Response	1	15023611	15758	1
10108019_2	529	Sound	40	15037110	581	1			260		other	0
10108019_2	529	Response	1	15039370	2842	1
10108019_2	530	Sound	40	15059608	740	1			260		other	0
10108019_2	530	Response	1	15061369	2501	1
10108019_2	531	Sound	32	15080607	899	1			260		other	0
10108019_2	532	Sound	30	15108105	1056	1			260		other	0
10108019_2	533	Sound	31	15131604	714	1			260		other	0
10108019_2	534	Sound	38	15148603	708	1			260		other	0
10108019_2	535	Sound	39	15176601	865	1			260		other	0
10108019_2	535	Response	1	15178482	2745	2
10108019_2	536	Sound	38	15193600	1025	1			260		other	0
10108019_2	536	Response	1	15196641	4066	1
10108019_2	537	Sound	36	15216599	851	1			260		other	0
10108019_2	537	Response	1	15221280	5531	1
10108019_2	538	Sound	33	15241097	675	1			260		other	0
10108019_2	539	Sound	33	15269095	665	1			260		other	0
10108019_2	539	Response	1	15275676	7246	1
10108019_2	540	Sound	33	15297094	822	1			260		other	0
10108019_2	540	Response	1	15318074	21802	1
10108019_2	541	Sound	39	15325592	645	1			260		other	0
10108019_2	541	Response	1	15328553	3606	1
10108019_2	542	Sound	39	15348591	804	1			260		other	0
10108019_2	542	Response	1	15350391	2604	1
10108019_2	543	Sound	30	15375089	628	1			260		other	0
10108019_2	543	Response	1	15378550	4088	1
10108019_2	544	Sound	32	15399088	786	1			260		other	0
10108019_2	545	Sound	37	15420586	611	1			260		other	0
10108019_2	546	Sound	31	15447585	602	1			260		other	0
10108019_2	547	Sound	40	15468584	928	1			260		other	0
10108019_2	547	Response	1	15470304	2648	1
10108019_2	548	Sound	40	15491082	920	1			260		other	0
10108019_2	548	Response	1	15493663	3500	1
10108019_2	549	Sound	37	15512581	912	1			260		other	0
10108019_2	549	Response	1	15516861	5192	1
10108019_2	550	Sound	39	15541079	902	1			260		other	0
10108019_2	550	Response	1	15542860	2682	1
10108019_2	551	Sound	36	15569077	892	1			260		other	0
10108019_2	551	Response	1	15573418	5232	1
10108019_2	552	Sound	38	15595076	883	1			260		other	0
10108019_2	552	Response	1	15597257	3063	1
10108019_2	553	Sound	31	15618074	1041	1			260		other	0
10108019_2	554	Sound	34	15642073	699	1			260		other	0
10108019_2	554	Response	1	15646373	4999	1
10108019_2	555	Sound	35	15670071	1023	1			260		other	0
10108019_2	555	Response	1	15672852	3803	1
10108019_2	556	Sound	34	15693070	681	1			260		other	0
10108019_2	556	Response	1	15695730	3341	1
10108019_2	557	Sound	33	15714069	840	1			260		other	0
10108019_2	557	Response	1	15717568	4340	1
10108019_2	558	Sound	36	15738567	998	1			260		other	0
10108019_2	558	Response	1	15741647	4078	1
10108019_2	559	Sound	39	15758066	825	1			260		other	0
10108019_2	559	Response	1	15760206	2964	2
10108019_2	560	Sound	35	15778565	651	1			260		other	0
10108019_2	560	Response	1	15783964	6050	1
10108019_2	561	Sound	35	15806563	807	1			260		other	0
10108019_2	561	Response	1	15809323	3567	1
10108019_2	562	Sound	32	15831062	632	1			260		other	0
10108019_2	563	Sound	31	15847561	960	1			260		other	0
10108019_2	563	Response	1	15850841	4239	1
10108019_2	564	Sound	36	15868559	618	1			260		other	0
10108019_2	565	Sound	32	15892058	610	1			260		other	0
10108019_2	565	Response	1	15895398	3950	1
10108019_2	566	Sound	34	15912557	769	1			260		other	0
10108019_2	566	Response	1	15917236	5449	1
10108019_2	567	Sound	34	15931056	596	1			260		other	0
10108019_2	568	Sound	37	15950554	923	1			260		other	0
10108019_2	568	Response	1	15954194	4562	1
10108019_2	569	Sound	30	15971553	915	1			260		other	0
10108019_2	570	Sound	30	15991552	575	1			260		other	0
10108019_2	571	Sound	35	16015550	1066	1			260		other	0
10108019_2	571	Response	1	16016190	1706	1
10108019_2	572	Sound	38	16044549	723	1			260		other	0
10108019_2	572	Response	1	16047868	4042	1
10108019_2	573	Sound	32	16074047	1045	1			260		other	0
10108019_2	574	Sound	38	16101545	702	1			260		other	0
10108019_2	574	Response	1	16104905	4062	1
10108019_2	575	Sound	30	16126044	1027	1			260		other	0
10108019_2	575	Response	1	16134343	9326	1
10108019_2	576	Sound	36	16144043	854	1			260		other	0
10108019_2	576	Response	1	16147462	4273	1
10108019_2	577	Sound	31	16165041	680	1			260		other	0
10108019_2	578	Sound	33	16189040	671	1			260		other	0
10108019_2	578	Response	1	16193139	4770	2
10108019_2	579	Sound	40	16207039	998	1			260		other	0
10108019_2	581	Response	255	16245136	14341	1
10108019_2	583	Sound	20	16319032	625	1			260		other	0
10108019_2	583	Response	1	16321612	3204	1
10108019_2	584	Sound	20	16342031	783	1			260		other	0
10108019_2	584	Response	1	16344490	3243	1
10108019_2	585	Sound	19	16361030	777	1			260		other	0
10108019_2	585	Response	1	16364809	4556	1
10108019_2	586	Sound	20	16379029	603	1			260		other	0
10108019_2	586	Response	1	16381688	3263	1
10108019_2	587	Sound	18	16396027	931	1			260		other	0
10108019_2	587	Response	1	16398727	3630	1
10108019_2	588	Sound	16	16421026	589	1			260		other	0
10108019_2	588	Response	1	16426405	5968	1
10108019_2	589	Sound	15	16448024	912	1			260		other	0
10108019_2	589	Response	1	16451523	4411	1
10108019_2	590	Sound	15	16471023	737	1			260		other	0
10108019_2	590	Response	1	16474242	3957	1
10108019_2	591	Sound	11	16496021	728	1			260		other	0
10108019_2	592	Sound	13	16518520	1054	1			260		other	0
10108019_2	593	Sound	18	16545518	878	1			260		other	0
10108019_2	593	Response	1	16549838	5197	1
10108019_2	594	Sound	19	16561518	705	1			260		other	0
10108019_2	594	Response	1	16565836	5024	1
10108019_2	595	Sound	18	16585016	1030	1			260		other	0
10108019_2	595	Response	1	16587835	3849	1
10108019_2	596	Sound	11	16601515	1024	1			260		other	0
10108019_2	596	Response	1	16614474	13983	1
10108019_2	597	Sound	17	16623514	1016	1			260		other	0
10108019_2	597	Response	1	16628233	5736	1
10108019_2	598	Sound	10	16640513	844	1			260		other	0
10108019_2	598	Response	1	16651431	11762	1
10108019_2	599	Sound	14	16656512	1005	1			260		other	0
10108019_2	599	Response	1	16676310	20803	1
10108019_2	600	Sound	14	16678510	830	1			260		other	0
10108019_2	601	Sound	13	16702009	989	1			260		other	0
10108019_2	601	Response	1	16706068	5048	1
10108019_2	602	Sound	19	16718008	650	1			260		other	0
10108019_2	602	Response	1	16723987	6628	1
10108019_2	603	Sound	13	16743007	807	1			260		other	0
10108019_2	603	Response	1	16754305	12106	1
10108019_2	604	Sound	17	16770505	797	1			260		other	0
10108019_2	605	Sound	16	16796503	788	1			260		other	0
10108019_2	605	Response	1	16800222	4507	1
10108019_2	606	Sound	12	16813502	782	1			260		other	0
10108019_2	606	Response	1	16827901	15181	1
10108019_2	607	Sound	15	16838501	940	1			260		other	0
10108019_2	607	Response	1	16842779	5219	1
10108019_2	608	Sound	18	16863999	598	1			260		other	0
10108019_2	608	Response	1	16868778	5376	1
10108019_2	609	Sound	10	16882998	591	1			260		other	0
10108019_2	610	Sound	13	16905497	583	1			260		other	0
10108019_2	610	Response	1	16911335	6421	1
10108019_2	611	Sound	20	16926996	742	1			260		other	0
10108019_2	611	Response	1	16931654	5401	1
10108019_2	612	Sound	10	16942995	736	1			260		other	0
10108019_2	613	Sound	17	16968993	1060	1			260		other	0
10108019_2	613	Response	1	16974291	6358	1
10108019_2	614	Sound	18	16991991	719	1			260		other	0
10108019_2	614	Response	1	16996370	5097	1
10108019_2	615	Sound	10	17018990	1043	1			260		other	0
10108019_2	616	Sound	12	17037489	1036	1			260		other	0
10108019_2	617	Sound	10	17060987	694	1			260		other	0
10108019_2	618	Sound	12	17086986	852	1			260		other	0
10108019_2	618	Response	1	17095484	9350	1
10108019_2	619	Sound	16	17103485	679	1			260		other	0
10108019_2	619	Response	1	17107563	4757	1
10108019_2	620	Sound	17	17127983	670	1			260		other	0
10108019_2	620	Response	1	17132202	4889	1
10108019_2	621	Sound	12	17150482	996	1			260		other	0
10108019_2	621	Response	1	17159720	10234	1
10108019_2	622	Sound	15	17178980	986	1			260		other	0
10108019_2	623	Sound	19	17206979	809	1			260		other	0
10108019_2	623	Response	1	17210597	4427	1
10108019_2	624	Sound	11	17229977	967	1			260		other	0
10108019_2	624	Response	1	17239476	10466	1
10108019_2	625	Sound	11	17253476	626	1			260		other	0
10108019_2	625	Response	1	17273073	20223	1
10108019_2	626	Sound	15	17277974	617	1			260		other	0
10108019_2	627	Sound	20	17299973	609	1			260		other	0
10108019_2	627	Response	1	17302191	2827	1
10108019_2	628	Sound	17	17320472	602	1			260		other	0
10108019_2	628	Response	1	17332110	12240	1
10108019_2	629	Sound	13	17345970	759	1			260		other	0
10108019_2	629	Response	1	17352188	6977	1
10108019_2	630	Sound	19	17372969	750	1			260		other	0
10108019_2	630	Response	1	17377066	4848	1
10108019_2	631	Sound	14	17394467	742	1			260		other	0
10108019_2	631	Response	1	17400665	6940	1
10108019_2	632	Sound	16	17421966	732	1			260		other	0
10108019_2	632	Response	1	17426024	4790	1
10108019_2	633	Sound	16	17445964	724	1			260		other	0
10108019_2	633	Response	1	17450022	4782	1
10108019_2	634	Sound	14	17471963	714	1			260		other	0
10108019_2	634	Response	1	17474981	3733	1
10108019_2	635	Sound	11	17487962	709	1			260		other	0
10108019_2	635	Response	1	17497219	9966	1
10108019_2	636	Sound	12	17516460	865	1			260		other	0
10108019_2	636	Response	1	17529137	13543	1
10108019_2	637	Sound	14	17536459	1025	1			260		other	0
10108019_2	639	Response	255	17564095	12077	1
10108019_2	641	Sound	51	17631453	991	1			260		other	0
10108019_2	642	Sound	56	17648952	818	1			260		other	0
10108019_2	643	Sound	55	17672451	643	1			260		other	0
10108019_2	643	Response	1	17675688	3881	1
10108019_2	644	Sound	55	17695449	968	1			260		other	0
10108019_2	644	Response	1	17698167	3686	1
10108019_2	644	Response	1	17719366	24885	1
10108019_2	645	Sound	56	17720948	626	1			260		other	0
10108019_2	645	Response	1	17744484	24162	1
10108019_2	646	Sound	59	17746946	783	1			260		other	0
10108019_2	647	Sound	55	17770944	775	1			260		other	0
10108019_2	647	Response	1	17773122	2953	1
10108019_2	648	Sound	52	17793443	767	1			260		other	0
10108019_2	648	Response	1	17796721	4045	1
10108019_2	649	Sound	51	17811442	927	1			260		other	0
10108019_2	649	Response	1	17814399	3885	1
10108019_2	650	Sound	53	17836941	751	1			260		other	0
10108019_2	650	Response	1	17838398	2209	1
10108019_2	650	Response	1	17864876	28687	1
10108019_2	651	Sound	58	17865939	908	1			260		other	0
10108019_2	652	Response	1	17894795	255	1
10108019_2	652	Sound	59	17895437	897	1			260		other	0
10108019_2	653	Sound	60	17922935	1054	1			260		other	0
10108019_2	653	Response	1	17924073	2192	1
10108019_2	653	Response	1	17947191	25310	1
10108019_2	654	Sound	55	17949934	1045	1			260		other	0
10108019_2	654	Response	1	17972550	23661	1
10108019_2	655	Sound	60	17974432	702	1			260		other	0
10108019_2	655	Response	1	17996148	22418	1
10108019_2	656	Sound	51	18002930	692	1			260		other	0
10108019_2	657	Sound	52	18023429	685	1			260		other	0
10108019_2	657	Response	1	18024947	2202	1
10108019_2	658	Sound	58	18047928	843	1			260		other	0
10108019_2	658	Response	1	18052065	4981	1
10108019_2	659	Sound	50	18076926	666	1			260		other	0
10108019_2	659	Response	1	18096862	20602	1
10108019_2	660	Sound	59	18098425	658	1			260		other	0
10108019_2	661	Sound	55	18125923	982	1			260		other	0
10108019_2	661	Response	1	18129821	4879	1
10108019_2	661	Response	1	18147499	22558	1
10108019_2	662	Sound	57	18150922	640	1			260		other	0
10108019_2	663	Sound	52	18174420	965	1			260		other	0
10108019_2	663	Response	1	18177657	4202	1
10108019_2	664	Sound	50	18201919	788	1			260		other	0
10108019_2	664	Response	1	18204936	3805	1
10108019_2	665	Sound	57	18229417	945	1			260		other	0
10108019_2	665	Response	1	18232054	3582	1
10108019_2	666	Sound	54	18253915	936	1			260		other	0
10108019_2	667	Sound	58	18273914	929	1			260		other	0
10108019_2	667	Response	1	18276211	3226	1
10108019_2	668	Sound	53	18295413	755	1			260		other	0
10108019_2	668	Response	1	18295811	1153	1
10108019_2	669	Sound	59	18318411	747	1			260		other	0
10108019_2	669	Response	1	18320769	3104	1
10108019_2	670	Sound	50	18347910	1070	1			260		other	0
10108019_2	670	Response	1	18351567	4727	1
10108019_2	671	Sound	58	18368408	896	1			260		other	0
10108019_2	671	Response	1	18372045	4533	1
10108019_2	672	Sound	54	18397907	718	1			260		other	0
10108019_2	672	Response	1	18401804	4615	1
10108019_2	673	Sound	53	18415906	879	1			260		other	0
10108019_2	674	Response	1	18434362	829	1
10108019_2	674	Sound	54	18434404	872	1			260		other	0
10108019_2	675	Sound	51	18452403	1032	1			260		other	0
10108019_2	676	Sound	57	18476402	690	1			260		other	0
10108019_2	676	Response	1	18479079	3367	1
10108019_2	677	Sound	50	18503400	1014	1			260		other	0
10108019_2	677	Response	1	18506437	4051	1
10108019_2	678	Sound	56	18530899	671	1			260		other	0
10108019_2	678	Response	1	18533715	3488	1
10108019_2	679	Sound	52	18553897	996	1			260		other	0
10108019_2	680	Sound	54	18577396	655	1			260		other	0
10108019_2	680	Response	1	18582032	5291	1
10108019_2	681	Sound	50	18602394	646	1			260		other	0
10108019_2	682	Sound	53	18620893	972	1			260		other	0
10108019_2	682	Response	1	18637229	17308	1
10108019_2	683	Sound	54	18641392	632	1			260		other	0
10108019_2	684	Sound	58	18668890	955	1			260		other	0
10108019_2	684	Response	1	18671547	3612	1
10108019_2	685	Sound	53	18686389	616	1			260		other	0
10108019_2	685	Response	1	18699545	13772	1
10108019_2	686	Sound	57	18703888	943	1			260		other	0
10108019_2	687	Sound	56	18730387	767	1			260		other	0
10108019_2	687	Response	1	18734903	5283	1
10108019_2	688	Sound	60	18752885	759	1			260		other	0
10108019_2	688	Response	1	18755222	3095	1
10108019_2	689	Sound	60	18775384	751	1			260		other	0
10108019_2	689	Response	1	18778180	3547	1
10108019_2	690	Sound	56	18799382	576	1			260		other	0
10108019_2	690	Response	1	18802659	3852	1
10108019_2	691	Sound	59	18827881	1065	1			260		other	0
10108019_2	691	Response	1	18829297	2482	1
10108019_2	692	Sound	60	18855379	722	1			260		other	0
10108019_2	692	Response	1	18857216	2559	1
10108019_2	692	Response	1	18878014	23357	1
10108019_2	693	Sound	57	18882377	879	1			260		other	0
10108019_2	694	Sound	52	18909876	870	1			260		other	0
10108019_2	694	Response	1	18912252	3246	1
10108019_2	695	Sound	51	18938874	859	1			260		other	0
10108019_2	697	Response	255	18982168	21733	1
10108019_2	699	Sound	60	19061867	815	1			260		other	0
10108019_2	699	Response	1	19064562	3511	1
10108019_2	700	Sound	52	19087865	806	1			260		other	0
10108019_2	701	Sound	53	19116363	796	1			260		other	0
10108019_2	702	Response	1	19140078	670	1
10108019_2	702	Sound	52	19140362	954	1			260		other	0
10108019_2	703	Sound	55	19157861	781	1			260		other	0
10108019_2	703	Response	1	19162156	5077	2
10108019_2	704	Sound	55	19184359	605	1			260		other	0
10108019_2	704	Response	1	19187515	3761	1
10108019_2	705	Sound	60	19206858	764	1			260		other	0
10108019_2	705	Response	1	19208714	2620	1
10108019_2	705	Response	1	19221193	15099	1
10108019_2	706	Sound	58	19230356	589	1			260		other	0
10108019_2	706	Response	1	19234072	4304	1
10108019_2	707	Sound	57	19255355	747	1			260		other	0
10108019_2	707	Response	1	19257831	3222	1
10108019_2	708	Sound	55	19276354	572	1			260		other	0
10108019_2	708	Response	1	19279270	3488	1
10108019_2	709	Sound	55	19293853	900	1			260		other	0
10108019_2	709	Response	1	19296548	3595	1
10108019_2	710	Sound	52	19313352	1059	1			260		other	0
10108019_2	711	Sound	51	19339850	883	1			260		other	0
10108019_2	712	Sound	57	19360349	876	1			260		other	0
10108019_2	712	Response	1	19363824	4352	1
10108019_2	713	Sound	54	19377347	1036	1			260		other	0
10108019_2	713	Response	1	19381263	4952	1
10108019_2	713	Response	1	19402222	25911	1
10108019_2	714	Sound	57	19406346	859	1			260		other	0
10108019_2	715	Sound	54	19426845	1019	1			260		other	0
10108019_2	715	Response	1	19436780	10954	1
10108019_2	716	Sound	56	19444843	1013	1			260		other	0
10108019_2	717	Sound	53	19471342	1003	1			260		other	0
10108019_2	718	Sound	59	19495840	828	1			260		other	0
10108019_2	718	Response	1	19498136	3123	1
10108019_2	719	Sound	59	19522839	651	1			260		other	0
10108019_2	719	Response	1	19525014	2827	1
10108019_2	720	Sound	56	19548837	642	1			260		other	0
10108019_2	720	Response	1	19554053	5857	1
10108019_2	721	Sound	57	19574836	800	1			260		other	0
10108019_2	721	Response	1	19579811	5775	1
10108019_2	722	Sound	50	19600834	957	1			260		other	0
10108019_2	722	Response	1	19604769	4892	1
10108019_2	723	Sound	51	19627332	614	1			260		other	0
10108019_2	724	Sound	50	19646831	607	1			260		other	0
10108019_2	725	Sound	54	19669830	932	1			260		other	0
10108019_2	726	Sound	51	19686829	593	1			260		other	0
10108019_2	727	Sound	53	19708828	919	1			260		other	0
10108019_2	728	Sound	58	19725326	746	1			260		other	0
10108019_2	728	Response	1	19729482	4901	1
10108019_2	728	Response	1	19744761	20180	1
10108019_2	729	Sound	60	19745825	905	1			260		other	0
10108019_2	730	Sound	54	19762324	733	1			260		other	0
10108019_2	730	Response	1	19765079	3488	1
10108019_2	731	Sound	53	19789323	890	1			260		other	0
10108019_2	731	Response	1	19793478	5045	1
10108019_2	732	Sound	57	19815821	1047	1			260		other	0
10108019_2	732	Response	1	19818996	4222	1
10108019_2	733	Sound	50	19841319	871	1			260		other	0
10108019_2	733	Response	1	19844114	3666	1
10108019_2	734	Sound	56	19858819	865	1			260		other	0
10108019_2	734	Response	1	19878033	20079	1
10108019_2	735	Sound	54	19881317	1024	1			260		other	0
10108019_2	735	Response	1	19902031	21738	1
10108019_2	736	Sound	55	19908315	847	1			260		other	0
10108019_2	736	Response	1	19924990	17522	1
10108019_2	737	Sound	59	19929814	1006	1			260		other	0
10108019_2	738	Sound	60	19952813	998	1			260		other	0
10108019_2	738	Response	1	19954668	2853	1
10108019_2	739	Sound	59	19975311	657	1			260		other	0
10108019_2	739	Response	1	19976986	2332	1
10108019_2	740	Sound	58	19994310	650	1			260		other	0
10108019_2	741	Sound	53	20018309	808	1			260		other	0
10108019_2	741	Response	1	20042743	25242	1
10108019_2	742	Sound	51	20046807	798	1			260		other	0
10108019_2	743	Sound	58	20066306	625	1			260		other	0
10108019_2	743	Response	1	20069781	4099	1
10108019_2	744	Sound	56	20088305	950	1			260		other	0
10108019_2	744	Response	1	20091220	3865	1
10108019_2	745	Sound	50	20108803	776	1			260		other	0
10108019_2	746	Sound	52	20134802	600	1			260		other	0
10108019_2	747	Sound	50	20153801	593	1			260		other	0
10108019_2	747	Response	1	20175534	22327	1
10108019_2	748	Sound	59	20179299	751	1			260		other	0
10108019_2	749	Sound	51	20196798	912	1			260		other	0
10108019_2	749	Response	1	20212252	16365	1
10108019_2	750	Sound	60	20220797	903	1			260		other	0
10108019_2	750	Response	1	20226411	6517	1
10108019_2	751	Sound	52	20238796	730	1			260		other	0
10108019_2	752	Sound	56	20255795	724	1			260		other	0
10108019_2	752	Response	1	20258969	3899	1
10108019_2	753	Sound	58	20273794	1051	1			260		other	0
10108019_2	753	Response	1	20277127	4385	2
10108019_2	755	Response	255	20310086	17424	1
10108019_2	757	Sound	30	20384287	678	1			260		other	0
10108019_2	757	Response	1	20385921	2313	1
10108019_2	758	Sound	30	20403786	838	1			260		other	0
10108019_2	758	Response	1	20407920	4972	1
10108019_2	759	Sound	30	20428784	662	1			260		other	0
10108019_2	759	Response	1	20438078	9957	1
10108019_2	760	Sound	35	20452783	654	1			260		other	0
10108019_2	761	Sound	36	20470782	981	1			260		other	0
10108019_2	761	Response	1	20473276	3475	1
10108019_2	761	Response	1	20493594	23794	1
10108019_2	762	Sound	30	20498780	637	1			260		other	0
10108019_2	763	Sound	33	20517279	631	1			260		other	0
10108019_2	763	Response	1	20520473	3825	1
10108019_2	764	Sound	39	20538277	790	1			260		other	0
10108019_2	764	Response	1	20539912	2424	4
10108019_2	765	Sound	38	20558276	950	1			260		other	0
10108019_2	765	Response	1	20564550	7223	1
10108019_2	766	Sound	32	20581275	775	1			260		other	0
10108019_2	766	Response	1	20600148	19648	1
10108019_2	767	Sound	34	20605273	599	1			260		other	0
10108019_2	768	Sound	36	20621772	927	1			260		other	0
10108019_2	768	Response	1	20635106	14261	1
10108019_2	769	Sound	37	20649271	584	1			260		other	0
10108019_2	770	Sound	34	20677769	740	1			260		other	0
10108019_2	770	Response	1	20678623	1595	1
10108019_2	771	Sound	35	20694768	901	1			260		other	0
10108019_2	772	Sound	38	20722766	1058	1			260		other	0
10108019_2	772	Response	1	20725980	4272	1
10108019_2	773	Sound	34	20751265	714	1			260		other	0
10108019_2	774	Sound	37	20775763	872	1			260		other	0
10108019_2	774	Response	1	20778857	3966	1
10108019_2	775	Sound	32	20800262	697	1			260		other	0
10108019_2	775	Response	1	20805254	5689	2
10108019_2	776	Sound	38	20818261	690	1			260		other	0
10108019_2	776	Response	1	20821415	3844	1
10108019_2	777	Sound	33	20846759	847	1			260		other	0
10108019_2	777	Response	1	20851413	5501	1
10108019_2	778	Sound	32	20871757	1005	1			260		other	0
10108019_2	779	Sound	33	20890256	665	1			260		other	0
10108019_2	779	Response	1	20893330	3739	1
10108019_2	780	Sound	37	20906755	826	1			260		other	0
10108019_2	780	Response	1	20909489	3559	1
10108019_2	781	Sound	37	20936253	982	1			260		other	0
10108019_2	781	Response	1	20939167	3895	1
10108019_2	782	Sound	35	20963752	806	1			260		other	0
10108019_2	782	Response	1	20967166	4219	1
10108019_2	783	Sound	38	20984250	798	1			260		other	0
10108019_2	783	Response	1	20987884	4432	1
10108019_2	784	Sound	39	21000750	625	1			260		other	0
10108019_2	784	Response	1	21003643	3519	1
10108019_2	785	Sound	39	21024248	784	1			260		other	0
10108019_2	785	Response	1	21025882	2417	1
10108019_2	786	Sound	31	21044747	943	1			260		other	0
10108019_2	787	Sound	40	21067745	768	1			260		other	0
10108019_2	787	Response	1	21070439	3462	1
10108019_2	788	Sound	30	21093744	926	1			260		other	0
10108019_2	789	Sound	40	21121242	916	1			260		other	0
10108019_2	789	Response	1	21123156	2830	1
10108019_2	790	Sound	32	21150240	572	1			260		other	0
10108019_2	791	Sound	32	21176739	896	1			260		other	0
10108019_2	791	Response	1	21190832	14989	1
10108019_2	792	Sound	33	21202737	1054	1			260		other	0
10108019_2	792	Response	1	21206751	5068	1
10108019_2	793	Sound	36	21225236	880	1			260		other	0
10108019_2	794	Sound	34	21250234	703	1			260		other	0
10108019_2	794	Response	1	21256348	6817	1
10108019_2	795	Sound	31	21275733	1028	1			260		other	0
10108019_2	795	Response	1	21279306	4601	1
10108019_2	796	Sound	33	21294732	854	1			260		other	0
10108019_2	797	Sound	31	21314231	847	1			260		other	0
10108019_2	798	Sound	31	21331230	674	1			260		other	0
10108019_2	799	Sound	31	21353728	666	1			260		other	0
10108019_2	800	Sound	35	21371227	827	1			260		other	0
10108019_2	800	Response	1	21377860	7460	1
10108019_2	801	Sound	34	21396226	651	1			260		other	0
10108019_2	802	Sound	35	21414725	645	1			260		other	0
10108019_2	803	Sound	39	21443723	968	1			260		other	0
10108019_2	803	Response	1	21445936	3181	1
10108019_2	804	Sound	40	21462222	961	1			260		other	0
10108019_2	804	Response	1	21464095	2834	1
10108019_2	805	Sound	39	21480221	788	1			260		other	0
10108019_2	805	Response	1	21482254	2821	1
10108019_2	806	Sound	37	21500219	614	1			260		other	0
10108019_2	806	Response	1	21504092	4487	1
10108019_2	807	Sound	40	21525218	605	1			260		other	0
10108019_2	807	Response	1	21527051	2438	1
10108019_2	808	Sound	36	21544217	932	1			260		other	0
10108019_2	808	Response	1	21547530	4245	1
10108019_2	809	Sound	40	21567215	757	1			260		other	0
10108019_2	809	Response	1	21569848	3390	1
10108019_2	810	Sound	38	21593214	748	1			260		other	0
10108019_2	810	Response	1	21596487	4021	1
10108019_2	811	Sound	36	21618212	739	1			260		other	0
10108019_2	811	Response	1	21620965	3492	1
10108019_2	813	Response	255	21655923	13696	1
10108019_2	815	Sound	60	21740205	1029	1			260		other	0
10108019_2	815	Response	1	21742798	3622	1
10108019_2	816	Sound	58	21758704	1022	1			260		other	0
10108019_2	816	Response	1	21763596	5915	1
10108019_2	817	Sound	60	21785202	679	1			260		other	0
10108019_2	817	Response	1	21787194	2672	1
10108019_2	818	Sound	51	21804701	672	1			260		other	0
10108019_2	819	Sound	53	21823200	833	1			260		other	0
10108019_2	820	Sound	52	21840699	993	1			260		other	0
10108019_2	821	Sound	50	21869697	816	1			260		other	0
10108019_2	822	Sound	59	21897195	806	1			260		other	0
10108019_2	822	Response	1	21899428	3039	1
10108019_2	823	Sound	53	21915694	800	1			260		other	0
10108019_2	824	Sound	58	21943193	623	1			260		other	0
10108019_2	824	Response	1	21946385	3815	1
10108019_2	825	Sound	56	21968191	948	1			260		other	0
10108019_2	825	Response	1	21971504	4260	1
10108019_2	826	Sound	53	21986690	774	1			260		other	0
10108019_2	827	Sound	59	22007189	767	1			260		other	0
10108019_2	827	Response	1	22009101	2680	1
10108019_2	828	Sound	57	22034687	924	1			260		other	0
10108019_2	828	Response	1	22037500	3737	1
10108019_2	829	Sound	50	22057686	583	1			260		other	0
10108019_2	830	Sound	52	22080184	741	1			260		other	0
10108019_2	831	Sound	54	22110183	897	1			260		other	0
10108019_2	831	Response	1	22113095	3810	1
10108019_2	832	Sound	51	22139181	720	1			260		other	0
10108019_2	832	Response	1	22159812	21352	1
10108019_2	833	Sound	53	22161680	1046	1			260		other	0
10108019_2	834	Sound	55	22183678	1038	1			260		other	0
10108019_2	835	Sound	59	22204177	697	1			260		other	0
10108019_2	835	Response	1	22207249	3769	1
10108019_2	836	Sound	52	22222176	691	1			260		other	0
10108019_2	837	Sound	57	22248174	848	1			260		other	0
10108019_2	837	Response	1	22253085	5759	3
10108019_2	838	Sound	55	22268673	841	1			260		other	0
10108019_2	838	Response	1	22273245	5413	1
10108019_2	839	Sound	58	22286172	1001	1			260		other	0
10108019_2	839	Response	1	22288924	3753	1
10108019_2	840	Sound	54	22306671	994	1			260		other	0
10108019_2	840	Response	1	22310123	4446	1
10108019_2	841	Sound	56	22333669	651	1			260		other	0
10108019_2	841	Response	1	22336521	3503	1
10108019_2	841	Response	1	22356840	23822	1
10108019_2	842	Sound	58	22361667	974	1			260		other	0
10108019_2	843	Sound	60	22383666	800	1			260		other	0
10108019_2	843	Response	1	22385478	2612	1
10108019_2	844	Sound	57	22411664	790	1			260		other	0
10108019_2	844	Response	1	22415156	4281	1
10108019_2	845	Sound	52	22430163	950	1			260		other	0
10108019_2	846	Sound	55	22459661	939	1			260		other	0
10108019_2	846	Response	1	22463873	5151	1
10108019_2	847	Response	1	22486432	368	1
10108019_2	847	Sound	50	22486660	596	1			260		other	0
10108019_2	848	Sound	59	22504159	757	1			260		other	0
10108019_2	848	Response	1	22506271	2869	1
10108019_2	849	Sound	51	22523658	917	1			260		other	0
10108019_2	849	Response	1	22537309	14568	1
10108019_2	850	Sound	56	22541656	744	1			260		other	0
10108019_2	851	Sound	50	22564655	735	1			260		other	0
10108019_2	851	Response	1	22567227	3307	1
10108019_2	851	Response	1	22585546	21626	1
10108019_2	852	Sound	54	22591153	726	1			260		other	0
10108019_2	852	Response	1	22606744	16317	1
10108019_2	853	Sound	52	22614652	718	1			260		other	0
10108019_2	854	Sound	57	22635151	1044	1			260		other	0
10108019_2	854	Response	1	22638422	4315	1
10108019_2	855	Sound	58	22662649	1035	1			260		other	0
10108019_2	855	Response	1	22665540	3925	2
10108019_2	856	Sound	60	22679648	862	1			260		other	0
10108019_2	856	Response	1	22682100	3314	1
10108019_2	857	Sound	53	22705647	1019	1			260		other	0
10108019_2	857	Response	1	22709218	4590	1
10108019_2	858	Sound	54	22723145	1012	1			260		other	0
10108019_2	859	Sound	56	22751144	1002	1			260		other	0
10108019_2	859	Response	1	22754175	4034	1
10108019_2	860	Sound	60	22772143	662	1			260		other	0
10108019_2	860	Response	1	22774094	2613	1
10108019_2	861	Sound	59	22800141	985	1			260		other	0
10108019_2	861	Response	1	22801853	2697	1
10108019_2	862	Sound	51	22819140	645	1			260		other	0
10108019_2	863	Sound	55	22838639	805	1			260		other	0
10108019_2	863	Response	1	22842490	4656	1
10108019_2	864	Sound	54	22863137	963	1			260		other	0
10108019_2	865	Sound	55	22890635	786	1			260		other	0
10108019_2	866	Sound	50	22917134	610	1			260		other	0
10108019_2	867	Sound	57	22937633	603	1			260		other	0
10108019_2	867	Response	1	22942084	5054	1
10108019_2	868	Sound	51	22964631	593	1			260		other	0
10108019_2	869	Sound	56	22981630	754	1			260		other	0
10108019_2	869	Response	1	22985761	4885	1

The following output port codes were not sent because of a conflict on the port.
Port	Code	Time(ms)
1	253	153886
1	59	252486
1	253	290807
1	253	418334
1	253	548023
1	1	577418
1	253	677863
1	253	820198
1	253	954013
1	13	1.06509e+06
1	253	1.0875e+06
1	253	1.22305e+06
1	253	1.48651e+06
1	253	1.62452e+06
1	253	1.75641e+06
1	54	1.84344e+06
1	253	1.89822e+06
1	253	2.03101e+06
1	253	2.16559e+06
1	253	2.30102e+06
