Scenario - 
Logfile written - 02/03/2019 21:23:23

Subject	Trial	Event Type	Code	Time	TTime	Uncertainty	Duration	Uncertainty	ReqTime	ReqDur	Stim Type	Pair Index

10108020_2	1	Response	255	340861	340195	1
10108020_2	3	Sound	52	407992	785	1			260		other	0
10108020_2	4	Sound	59	426991	778	1			260		other	0
10108020_2	4	Response	1	430856	4643	1
10108020_2	5	Sound	53	453489	602	1			260		other	0
10108020_2	6	Sound	53	470988	929	1			260		other	0
10108020_2	6	Response	1	474773	4714	1
10108020_2	7	Sound	55	487987	590	1			260		other	0
10108020_2	8	Sound	58	512986	581	1			260		other	0
10108020_2	8	Response	1	517330	4925	3
10108020_2	9	Sound	58	541484	737	1			260		other	0
10108020_2	9	Response	1	546609	5862	1
10108020_2	10	Sound	57	563483	729	1			260		other	0
10108020_2	10	Response	1	567407	4654	1
10108020_2	11	Sound	58	587981	1054	1			260		other	0
10108020_2	12	Sound	54	607980	1047	1			260		other	0
10108020_2	12	Response	1	612845	5912	1
10108020_2	13	Sound	52	629479	873	1			260		other	0
10108020_2	14	Sound	60	655477	864	1			260		other	0
10108020_2	14	Response	1	659322	4709	1
10108020_2	15	Sound	54	672476	858	1			260		other	0
10108020_2	15	Response	1	679240	7623	1
10108020_2	16	Sound	58	694975	849	1			260		other	0
10108020_2	16	Response	1	699319	5194	1
10108020_2	17	Sound	52	712974	1010	1			260		other	0
10108020_2	18	Sound	53	731973	1004	1			260		other	0
10108020_2	19	Sound	51	760471	659	1			260		other	0
10108020_2	20	Sound	56	781970	818	1			260		other	0
10108020_2	20	Response	1	787154	6003	1
10108020_2	21	Sound	56	810968	808	1			260		other	0
10108020_2	21	Response	1	816192	6032	1
10108020_2	22	Sound	54	834466	634	1			260		other	0
10108020_2	23	Sound	57	853965	793	1			260		other	0
10108020_2	24	Sound	59	882963	782	1			260		other	0
10108020_2	24	Response	1	886106	3925	3
10108020_2	25	Sound	56	911462	772	1			260		other	0
10108020_2	25	Response	1	915386	4696	1
10108020_2	26	Sound	60	932461	932	1			260		other	0
10108020_2	26	Response	1	935225	3696	1
10108020_2	27	Sound	52	959459	755	1			260		other	0
10108020_2	28	Sound	59	978458	915	1			260		other	0
10108020_2	28	Response	1	980662	3119	1
10108020_2	29	Sound	54	997457	742	1			260		other	0
10108020_2	29	Response	1	1005540	8825	1
10108020_2	30	Sound	59	1026455	898	1			260		other	0
10108020_2	30	Response	1	1030019	4462	1
10108020_2	31	Sound	50	1051953	722	1			260		other	0
10108020_2	32	Sound	50	1079952	1046	1			260		other	0
10108020_2	33	Sound	51	1099950	1039	1			260		other	0
10108020_2	33	Response	1	1107614	8702	1
10108020_2	34	Sound	55	1122449	697	1			260		other	0
10108020_2	34	Response	1	1128093	6341	1
10108020_2	35	Sound	50	1150447	1020	1			260		other	0
10108020_2	35	Response	255	1154811	5384	1
10108020_2	36	Sound	54	1166946	1015	1			260		other	0
10108020_2	36	Response	1	1170890	4958	1
10108020_2	37	Sound	51	1194445	671	1			260		other	0
10108020_2	37	Response	1	1199128	5355	1
10108020_2	38	Sound	51	1216443	830	1			260		other	0
10108020_2	38	Response	1	1235606	19993	1
10108020_2	39	Sound	56	1237442	823	1			260		other	0
10108020_2	40	Sound	50	1257441	649	1			260		other	0
10108020_2	41	Sound	51	1274440	976	1			260		other	0
10108020_2	42	Sound	55	1296939	635	1			260		other	0
10108020_2	43	Sound	57	1319437	627	1			260		other	0
10108020_2	44	Sound	60	1341936	785	1			260		other	0
10108020_2	44	Response	1	1344799	3649	1
10108020_2	45	Sound	58	1361935	612	1			260		other	0
10108020_2	45	Response	1	1370398	9075	1
10108020_2	46	Sound	60	1383433	771	1			260		other	0
10108020_2	46	Response	1	1385677	3014	1
10108020_2	47	Sound	57	1404932	763	1			260		other	0
10108020_2	47	Response	1	1410795	6626	1
10108020_2	48	Sound	52	1429431	588	1			260		other	0
10108020_2	49	Sound	55	1447929	581	1			260		other	0
10108020_2	49	Response	1	1452953	5604	2
10108020_2	50	Sound	55	1469928	1073	1			260		other	0
10108020_2	50	Response	1	1475031	6177	1
10108020_2	51	Sound	53	1498427	896	1			260		other	0
10108020_2	52	Sound	56	1515925	1057	1			260		other	0
10108020_2	52	Response	1	1519989	5120	1
10108020_2	53	Sound	60	1544924	713	1			260		other	0
10108020_2	53	Response	1	1547267	3056	1
10108020_2	54	Sound	59	1562423	707	1			260		other	0
10108020_2	54	Response	1	1566306	4590	1
10108020_2	55	Sound	53	1588921	697	1			260		other	0
10108020_2	55	Response	1	1593584	5361	1
10108020_2	56	Sound	50	1612420	689	1			260		other	0
10108020_2	57	Sound	57	1638418	1013	1			260		other	0
10108020_2	57	Response	1	1642541	5136	1
10108020_2	59	Response	255	1679259	24269	1
10108020_2	61	Sound	31	1754911	972	1			260		other	0
10108020_2	61	Response	1	1759654	5714	1
10108020_2	62	Sound	33	1773910	798	1			260		other	0
10108020_2	63	Sound	31	1792409	792	1			260		other	0
10108020_2	64	Sound	32	1816407	950	1			260		other	0
10108020_2	64	Response	1	1820370	4913	1
10108020_2	65	Sound	39	1845906	940	1			260		other	0
10108020_2	66	Sound	37	1872904	930	1			260		other	0
10108020_2	67	Sound	32	1897402	754	1			260		other	0
10108020_2	68	Sound	36	1914401	915	1			260		other	0
10108020_2	69	Sound	40	1931400	575	1			260		other	0
10108020_2	69	Response	1	1935723	4898	1
10108020_2	70	Sound	32	1958899	1066	1			260		other	0
10108020_2	70	Response	1	1966041	8208	1
10108020_2	71	Sound	33	1987397	722	1			260		other	0
10108020_2	71	Response	1	1992679	6004	1
10108020_2	72	Sound	36	2014395	712	1			260		other	0
10108020_2	72	Response	1	2020038	6355	1
10108020_2	73	Sound	35	2031894	706	1			260		other	0
10108020_2	74	Sound	36	2055393	698	1			260		other	0
10108020_2	74	Response	1	2063715	9020	1
10108020_2	75	Sound	30	2078392	690	1			260		other	0
10108020_2	76	Sound	39	2097890	849	1			260		other	0
10108020_2	76	Response	1	2102833	5792	1
10108020_2	77	Sound	30	2124889	840	1			260		other	0
10108020_2	78	Sound	30	2143388	666	1			260		other	0
10108020_2	79	Sound	32	2171886	823	1			260		other	0
10108020_2	80	Sound	36	2199884	980	1			260		other	0
10108020_2	81	Sound	35	2227883	803	1			260		other	0
10108020_2	81	Response	1	2232105	5025	1
10108020_2	82	Sound	33	2245381	630	1			260		other	0
10108020_2	82	Response	1	2252183	7432	1
10108020_2	83	Sound	38	2261881	791	1			260		other	0
10108020_2	83	Response	1	2266423	5333	1
10108020_2	84	Sound	35	2289379	782	1			260		other	0
10108020_2	85	Sound	37	2309378	607	1			260		other	0
10108020_2	86	Sound	39	2325877	601	1			260		other	0
10108020_2	86	Response	1	2330658	5383	1
10108020_2	87	Sound	38	2348875	760	1			260		other	0
10108020_2	88	Sound	37	2371374	752	1			260		other	0
10108020_2	89	Sound	31	2388373	746	1			260		other	0
10108020_2	90	Sound	40	2406872	573	1			260		other	0
10108020_2	90	Response	1	2409694	3394	1
10108020_2	91	Sound	37	2428371	1065	1			260		other	0
10108020_2	91	Response	1	2433692	6387	1
10108020_2	92	Sound	30	2456869	888	1			260		other	0
10108020_2	92	Response	1	2461451	5470	1
10108020_2	93	Sound	35	2477868	714	1			260		other	0
10108020_2	94	Sound	36	2502866	1038	1			260		other	0
10108020_2	94	Response	1	2509128	7300	1
10108020_2	95	Sound	31	2529364	862	1			260		other	0
10108020_2	95	Response	1	2535286	6784	1
10108020_2	96	Sound	38	2554863	686	1			260		other	0
10108020_2	96	Response	1	2562164	7988	1
10108020_2	97	Sound	32	2579361	1011	1			260		other	0
10108020_2	98	Sound	33	2597860	671	1			260		other	0
10108020_2	99	Sound	34	2622859	996	1			260		other	0
10108020_2	99	Response	1	2626800	4937	1
10108020_2	100	Sound	39	2642858	823	1			260		other	0
10108020_2	100	Response	1	2647599	5564	1
10108020_2	101	Sound	31	2665856	647	1			260		other	0
10108020_2	102	Sound	38	2688855	639	1			260		other	0
10108020_2	102	Response	1	2693916	5700	1
10108020_2	103	Sound	40	2708354	632	1			260		other	0
10108020_2	103	Response	1	2711355	3633	1
10108020_2	104	Sound	40	2726353	625	1			260		other	0
10108020_2	104	Response	1	2729754	4027	1
10108020_2	105	Sound	38	2748351	784	1			260		other	0
10108020_2	106	Sound	34	2769850	777	1			260		other	0
10108020_2	107	Sound	34	2788849	936	1			260		other	0
10108020_2	108	Sound	39	2816347	760	1			260		other	0
10108020_2	108	Response	1	2821028	5441	1
10108020_2	109	Sound	34	2836346	586	1			260		other	0
10108020_2	110	Sound	33	2858845	578	1			260		other	0
10108020_2	111	Sound	30	2886343	902	1			260		other	0
10108020_2	112	Sound	34	2904842	895	1			260		other	0
10108020_2	113	Sound	40	2931340	719	1			260		other	0
10108020_2	113	Response	1	2934141	3520	1
10108020_2	114	Sound	35	2960339	875	1			260		other	0
10108020_2	114	Response	1	2967179	7716	1
10108020_2	115	Sound	37	2987337	699	1			260		other	0
10108020_2	117	Response	255	3109331	94938	1
10108020_2	119	Sound	56	3177825	798	1			260		other	0
10108020_2	119	Response	1	3182766	5739	1
10108020_2	120	Sound	56	3201824	622	1			260		other	0
10108020_2	120	Response	1	3205885	4683	1
10108020_2	121	Sound	55	3220323	783	1			260		other	0
10108020_2	121	Response	1	3223404	3863	1
10108020_2	122	Sound	50	3247321	606	1			260		other	0
10108020_2	122	Response	1	3252042	5327	1
10108020_2	123	Sound	56	3272820	597	1			260		other	0
10108020_2	124	Sound	52	3290319	758	1			260		other	0
10108020_2	125	Sound	56	3316817	915	1			260		other	0
10108020_2	125	Response	1	3321478	5575	1
10108020_2	126	Sound	57	3335816	741	1			260		other	0
10108020_2	126	Response	1	3340676	5602	1
10108020_2	127	Sound	57	3353815	568	1			260		other	0
10108020_2	128	Sound	52	3374814	728	1			260		other	0
10108020_2	129	Sound	55	3398812	719	1			260		other	0
10108020_2	130	Sound	60	3422311	877	1			260		other	0
10108020_2	130	Response	1	3424991	3558	1
10108020_2	131	Sound	50	3440810	704	1			260		other	0
10108020_2	132	Sound	54	3462808	1030	1			260		other	0
10108020_2	132	Response	1	3467389	5610	1
10108020_2	133	Sound	59	3486307	688	1			260		other	0
10108020_2	133	Response	1	3490507	4888	1
10108020_2	134	Sound	58	3507806	1014	1			260		other	0
10108020_2	134	Response	1	3511306	4514	1
10108020_2	135	Sound	55	3533804	671	1			260		other	0
10108020_2	135	Response	1	3539704	6571	1
10108020_2	136	Sound	53	3556303	996	1			260		other	0
10108020_2	137	Sound	53	3573302	824	1			260		other	0
10108020_2	138	Sound	51	3602800	981	1			260		other	0
10108020_2	139	Sound	51	3619299	640	1			260		other	0
10108020_2	140	Sound	58	3645297	798	1			260		other	0
10108020_2	140	Response	1	3648897	4398	1
10108020_2	141	Sound	51	3667796	790	1			260		other	0
10108020_2	141	Response	1	3686015	19009	1
10108020_2	142	Sound	59	3689795	615	1			260		other	0
10108020_2	143	Sound	57	3715793	606	1			260		other	0
10108020_2	143	Response	1	3720333	5146	1
10108020_2	144	Sound	55	3741791	597	1			260		other	0
10108020_2	145	Sound	51	3764790	755	1			260		other	0
10108020_2	146	Sound	57	3782289	582	1			260		other	0
10108020_2	146	Response	1	3793289	11582	1
10108020_2	147	Sound	58	3805288	574	1			260		other	0
10108020_2	147	Response	1	3809687	4974	1
10108020_2	148	Sound	58	3826786	1067	1			260		other	0
10108020_2	148	Response	1	3831126	5406	1
10108020_2	149	Sound	56	3855785	889	1			260		other	0
10108020_2	149	Response	1	3861204	6309	1
10108020_2	150	Sound	58	3879783	1048	1			260		other	0
10108020_2	150	Response	1	3885043	6307	1
10108020_2	151	Sound	54	3905782	705	1			260		other	0
10108020_2	151	Response	1	3918241	13164	1
10108020_2	152	Sound	57	3933280	695	1			260		other	0
10108020_2	153	Sound	54	3956279	854	1			260		other	0
10108020_2	153	Response	1	3962798	7373	1
10108020_2	154	Sound	54	3977277	847	1			260		other	0
10108020_2	155	Sound	60	3995776	840	1			260		other	0
10108020_2	155	Response	1	3999036	4100	1
10108020_2	156	Sound	50	4013775	1000	1			260		other	0
10108020_2	157	Sound	52	4034774	826	1			260		other	0
10108020_2	158	Sound	59	4058273	817	1			260		other	0
10108020_2	158	Response	1	4062632	5177	1
10108020_2	159	Sound	52	4086271	974	1			260		other	0
10108020_2	160	Sound	60	4111769	965	1			260		other	0
10108020_2	160	Response	1	4113989	3184	1
10108020_2	161	Sound	50	4138268	789	1			260		other	0
10108020_2	162	Sound	54	4163766	613	1			260		other	0
10108020_2	163	Sound	50	4189765	604	1			260		other	0
10108020_2	164	Sound	59	4215763	928	1			260		other	0
10108020_2	164	Response	1	4221902	7067	1
10108020_2	165	Sound	60	4232762	588	1			260		other	0
10108020_2	165	Response	1	4235901	3727	1
10108020_2	166	Sound	51	4258260	913	1			260		other	0
10108020_2	167	Sound	53	4274760	574	1			260		other	0
10108020_2	167	Response	1	4280459	6273	1
10108020_2	168	Sound	60	4295758	899	1			260		other	0
10108020_2	168	Response	1	4298297	3439	1
10108020_2	169	Sound	53	4319757	1058	1			260		other	0
10108020_2	170	Sound	59	4339256	1051	1			260		other	0
10108020_2	170	Response	1	4343335	5130	1
10108020_2	171	Sound	53	4365254	708	1			260		other	0
10108020_2	172	Sound	52	4382753	868	1			260		other	0
10108020_2	173	Sound	55	4410251	692	1			260		other	0
10108020_2	175	Response	255	4455408	19260	1
10108020_2	176	Response	1	4529003	73573	1
10108020_2	177	Sound	20	4533244	981	1			260		other	0
10108020_2	177	Response	1	4538363	6100	1
10108020_2	178	Sound	18	4555243	974	1			260		other	0
10108020_2	178	Response	1	4559161	4893	1
10108020_2	179	Sound	15	4575241	800	1			260		other	0
10108020_2	179	Response	1	4580600	6158	1
10108020_2	180	Sound	17	4597740	625	1			260		other	0
10108020_2	181	Sound	15	4624239	782	1			260		other	0
10108020_2	181	Response	1	4631637	8180	1
10108020_2	182	Sound	16	4645237	775	1			260		other	0
10108020_2	183	Sound	14	4671236	599	1			260		other	0
10108020_2	183	Response	1	4676434	5797	1
10108020_2	184	Sound	14	4698734	922	1			260		other	0
10108020_2	185	Sound	20	4719233	582	1			260		other	0
10108020_2	185	Response	1	4722511	3860	1
10108020_2	186	Sound	11	4740732	574	1			260		other	0
10108020_2	187	Sound	10	4758230	734	1			260		other	0
10108020_2	188	Sound	10	4779729	727	1			260		other	0
10108020_2	189	Sound	15	4802728	885	1			260		other	0
10108020_2	189	Response	1	4808186	6343	1
10108020_2	190	Sound	17	4820227	712	1			260		other	0
10108020_2	191	Sound	11	4841725	871	1			260		other	0
10108020_2	192	Sound	14	4863724	697	1			260		other	0
10108020_2	193	Sound	19	4884223	856	1			260		other	0
10108020_2	193	Response	1	4887461	4094	1
10108020_2	194	Sound	13	4911721	846	1			260		other	0
10108020_2	194	Response	1	4916979	6104	1
10108020_2	195	Sound	13	4935220	1005	1			260		other	0
10108020_2	195	Response	1	4941218	7003	1
10108020_2	196	Sound	19	4955719	998	1			260		other	0
10108020_2	196	Response	1	4960017	5296	1
10108020_2	197	Sound	15	4977717	656	1			260		other	0
10108020_2	197	Response	1	4982735	5674	1
10108020_2	198	Sound	17	4999716	982	1			260		other	0
10108020_2	199	Sound	16	5026714	972	1			260		other	0
10108020_2	200	Sound	20	5047713	965	1			260		other	0
10108020_2	200	Response	1	5051771	5023	1
10108020_2	201	Sound	17	5068212	957	1			260		other	0
10108020_2	201	Response	1	5071370	4115	1
10108020_2	202	Sound	14	5085211	618	1			260		other	0
10108020_2	202	Response	1	5092329	7736	1
10108020_2	203	Sound	16	5102710	612	1			260		other	0
10108020_2	203	Response	1	5107848	5750	1
10108020_2	204	Sound	18	5118209	606	1			260		other	0
10108020_2	204	Response	1	5123607	6004	1
10108020_2	205	Sound	19	5144207	597	1			260		other	0
10108020_2	205	Response	1	5149845	6235	1
10108020_2	206	Sound	16	5161706	757	1			260		other	0
10108020_2	206	Response	1	5166884	5935	1
10108020_2	207	Sound	10	5180205	917	1			260		other	0
10108020_2	208	Sound	14	5206203	741	1			260		other	0
10108020_2	209	Sound	12	5231202	899	1			260		other	0
10108020_2	210	Sound	18	5251201	725	1			260		other	0
10108020_2	210	Response	1	5255359	4883	1
10108020_2	211	Sound	10	5267700	719	1			260		other	0
10108020_2	212	Sound	15	5283699	714	1			260		other	0
10108020_2	213	Sound	13	5310697	1038	1			260		other	0
10108020_2	214	Sound	16	5328696	698	1			260		other	0
10108020_2	215	Sound	12	5353195	1022	1			260		other	0
10108020_2	216	Sound	12	5370694	683	1			260		other	0
10108020_2	217	Sound	10	5399192	839	1			260		other	0
10108020_2	218	Sound	20	5415191	1000	1			260		other	0
10108020_2	218	Response	1	5418068	3878	1
10108020_2	219	Sound	19	5434190	660	1			260		other	0
10108020_2	220	Sound	13	5454689	820	1			260		other	0
10108020_2	221	Sound	13	5475687	979	1			260		other	0
10108020_2	222	Sound	11	5499686	970	1			260		other	0
10108020_2	223	Sound	12	5527184	960	1			260		other	0
10108020_2	224	Sound	20	5549183	619	1			260		other	0
10108020_2	224	Response	1	5552380	3817	1
10108020_2	225	Sound	18	5567682	946	1			260		other	0
10108020_2	225	Response	1	5571659	4924	1
10108020_2	226	Sound	11	5590680	938	1			260		other	0
10108020_2	227	Sound	17	5618179	761	1			260		other	0
10108020_2	228	Sound	19	5642677	919	1			260		other	0
10108020_2	228	Response	1	5647174	5416	1
10108020_2	229	Sound	11	5665176	745	1			260		other	0
10108020_2	230	Sound	12	5683675	1071	1			260		other	0
10108020_2	230	Response	1	5701811	19208	1
10108020_2	231	Sound	18	5705173	897	1			260		other	0
10108020_2	233	Response	255	5762527	36831	1
10108020_2	235	Sound	37	5835666	1017	1			260		other	0
10108020_2	235	Response	1	5840922	6274	1
10108020_2	236	Sound	30	5862164	1008	1			260		other	0
10108020_2	237	Sound	34	5889663	831	1			260		other	0
10108020_2	237	Response	1	5895799	6968	1
10108020_2	238	Sound	37	5908661	658	1			260		other	0
10108020_2	239	Sound	37	5937659	647	1			260		other	0
10108020_2	240	Sound	39	5962658	805	1			260		other	0
10108020_2	240	Response	1	5966754	4902	1
10108020_2	241	Sound	38	5990656	962	1			260		other	0
10108020_2	242	Sound	39	6018655	785	1			260		other	0
10108020_2	242	Response	1	6023151	5282	1
10108020_2	243	Sound	38	6037154	612	1			260		other	0
10108020_2	243	Response	1	6042590	6048	1
10108020_2	244	Sound	38	6059152	604	1			260		other	0
10108020_2	244	Response	1	6065549	7001	1
10108020_2	245	Sound	34	6079151	930	1			260		other	0
10108020_2	246	Sound	36	6105649	921	1			260		other	0
10108020_2	247	Sound	35	6134148	911	1			260		other	0
10108020_2	247	Response	1	6140024	6787	1
10108020_2	248	Sound	33	6152147	571	1			260		other	0
10108020_2	249	Sound	31	6170645	564	1			260		other	0
10108020_2	249	Response	1	6182181	12100	1
10108020_2	250	Sound	40	6198144	721	1			260		other	0
10108020_2	250	Response	1	6201860	4438	1
10108020_2	251	Sound	33	6219642	880	1			260		other	0
10108020_2	251	Response	1	6227138	8376	1
10108020_2	252	Sound	32	6248641	1037	1			260		other	0
10108020_2	253	Sound	39	6267140	1030	1			260		other	0
10108020_2	253	Response	1	6273216	7106	1
10108020_2	254	Sound	31	6284139	1024	1			260		other	0
10108020_2	255	Sound	40	6311637	681	1			260		other	0
10108020_2	255	Response	1	6314733	3777	1
10108020_2	256	Sound	38	6329636	674	1			260		other	0
10108020_2	257	Sound	35	6351635	667	1			260		other	0
10108020_2	257	Response	1	6356251	5283	1
10108020_2	258	Sound	30	6378633	824	1			260		other	0
10108020_2	258	Response	1	6390569	12759	1
10108020_2	259	Sound	40	6406131	647	1			260		other	0
10108020_2	259	Response	1	6409127	3643	1
10108020_2	260	Sound	36	6424130	807	1			260		other	0
10108020_2	260	Response	1	6428326	5003	1
10108020_2	261	Sound	34	6444129	634	1			260		other	0
10108020_2	262	Sound	33	6462628	794	1			260		other	0
10108020_2	263	Sound	31	6484627	953	1			260		other	0
10108020_2	263	Response	1	6487523	3849	1
10108020_2	264	Sound	37	6510625	943	1			260		other	0
10108020_2	265	Sound	34	6539623	933	1			260		other	0
10108020_2	266	Sound	36	6567622	589	1			260		other	0
10108020_2	266	Response	1	6573837	6805	1
10108020_2	267	Sound	32	6584621	583	1			260		other	0
10108020_2	268	Sound	35	6608619	1075	1			260		other	0
10108020_2	268	Response	1	6612235	4691	1
10108020_2	269	Sound	33	6628618	734	1			260		other	0
10108020_2	270	Sound	39	6656616	725	1			260		other	0
10108020_2	270	Response	1	6660952	5060	1
10108020_2	271	Sound	31	6683115	1049	1			260		other	0
10108020_2	272	Sound	30	6709113	1039	1			260		other	0
10108020_2	273	Sound	40	6730112	865	1			260		other	0
10108020_2	273	Response	1	6732387	3141	1
10108020_2	274	Sound	30	6753110	1023	1			260		other	0
10108020_2	275	Sound	35	6780609	847	1			260		other	0
10108020_2	275	Response	1	6784624	4863	1
10108020_2	276	Sound	35	6797608	1008	1			260		other	0
10108020_2	277	Sound	32	6820606	666	1			260		other	0
10108020_2	278	Sound	39	6849105	656	1			260		other	0
10108020_2	278	Response	1	6855580	7131	1
10108020_2	279	Sound	36	6868604	816	1			260		other	0
10108020_2	279	Response	1	6876619	8831	1
10108020_2	280	Sound	31	6891602	807	1			260		other	0
10108020_2	281	Sound	32	6914101	966	1			260		other	0
10108020_2	282	Sound	33	6938099	791	1			260		other	0
10108020_2	283	Sound	37	6961598	616	1			260		other	0
10108020_2	284	Sound	30	6986596	940	1			260		other	0
10108020_2	285	Sound	38	7015095	930	1			260		other	0
10108020_2	286	Sound	36	7034094	757	1			260		other	0
10108020_2	287	Sound	34	7057092	582	1			260		other	0
10108020_2	287	Response	1	7062447	5937	1
10108020_2	288	Sound	32	7082091	739	1			260		other	0
10108020_2	289	Sound	40	7099090	733	1			260		other	0
10108020_2	289	Response	1	7102445	4088	1
10108020_2	291	Response	255	7178040	60265	1
10108020_2	293	Sound	31	7255080	845	1			260		other	0
10108020_2	294	Sound	31	7275079	1005	1			260		other	0
10108020_2	295	Sound	34	7295078	997	1			260		other	0
10108020_2	295	Response	1	7299953	5872	1
10108020_2	296	Sound	37	7318576	655	1			260		other	0
10108020_2	296	Response	1	7322831	4910	1
10108020_2	297	Sound	39	7337075	815	1			260		other	0
10108020_2	297	Response	1	7342110	5850	1
10108020_2	298	Sound	32	7364574	805	1			260		other	0
10108020_2	299	Sound	33	7384573	798	1			260		other	0
10108020_2	300	Sound	32	7402571	792	1			260		other	0
10108020_2	300	Response	1	7408506	6726	1
10108020_2	301	Sound	37	7425570	617	1			260		other	0
10108020_2	302	Sound	38	7442569	944	1			260		other	0
10108020_2	303	Sound	34	7469567	601	1			260		other	0
10108020_2	304	Sound	35	7496066	926	1			260		other	0
10108020_2	304	Response	1	7501140	6000	1
10108020_2	305	Sound	38	7515065	752	1			260		other	0
10108020_2	305	Response	1	7520099	5786	1
10108020_2	306	Sound	40	7535063	911	1			260		other	0
10108020_2	306	Response	1	7538018	3866	1
10108020_2	307	Sound	35	7551562	906	1			260		other	0
10108020_2	308	Sound	40	7578561	896	1			260		other	0
10108020_2	308	Response	1	7581295	3630	1
10108020_2	309	Sound	30	7604059	1054	1			260		other	0
10108020_2	310	Sound	37	7623558	713	1			260		other	0
10108020_2	311	Sound	32	7648557	1038	1			260		other	0
10108020_2	312	Sound	37	7677555	1027	1			260		other	0
10108020_2	313	Sound	33	7697554	1020	1			260		other	0
10108020_2	314	Sound	34	7726052	1010	1			260		other	0
10108020_2	314	Response	1	7729606	4564	1
10108020_2	315	Sound	35	7743051	1004	1			260		other	0
10108020_2	316	Sound	38	7762550	997	1			260		other	0
10108020_2	317	Sound	40	7787048	989	1			260		other	0
10108020_2	317	Response	1	7790082	4023	1
10108020_2	318	Sound	31	7808547	814	1			260		other	0
10108020_2	319	Sound	31	7833046	972	1			260		other	0
10108020_2	319	Response	1	7836639	4566	1
10108020_2	320	Sound	36	7856544	630	1			260		other	0
10108020_2	321	Sound	36	7883042	954	1			260		other	0
10108020_2	322	Sound	33	7908041	612	1			260		other	0
10108020_2	323	Sound	34	7937039	935	1			260		other	0
10108020_2	324	Sound	37	7954038	595	1			260		other	0
10108020_2	325	Sound	38	7974537	921	1			260		other	0
10108020_2	326	Sound	39	7992536	915	1			260		other	0
10108020_2	327	Sound	40	8012035	908	1			260		other	0
10108020_2	327	Response	1	8014468	3342	1
10108020_2	328	Sound	34	8041033	1064	1			260		other	0
10108020_2	329	Sound	36	8065032	889	1			260		other	0
10108020_2	330	Sound	40	8083530	883	1			260		other	0
10108020_2	330	Response	1	8086544	3896	1
10108020_2	331	Sound	35	8107029	708	1			260		other	0
10108020_2	332	Sound	30	8132527	865	1			260		other	0
10108020_2	333	Sound	33	8151026	1025	1			260		other	0
10108020_2	334	Sound	31	8169525	1019	1			260		other	0
10108020_2	335	Sound	30	8197024	1009	1			260		other	0
10108020_2	336	Sound	30	8226022	665	1			260		other	0
10108020_2	337	Sound	33	8246521	824	1			260		other	0
10108020_2	338	Sound	38	8265519	818	1			260		other	0
10108020_2	338	Response	1	8270693	5991	1
10108020_2	339	Sound	39	8283019	645	1			260		other	0
10108020_2	339	Response	1	8288372	5998	1
10108020_2	340	Sound	39	8302517	804	1			260		other	0
10108020_2	340	Response	1	8307171	5458	1
10108020_2	341	Sound	35	8328516	795	1			260		other	0
10108020_2	342	Sound	30	8357514	952	1			260		other	0
10108020_2	343	Sound	36	8381512	943	1			260		other	0
10108020_2	343	Response	1	8386686	6116	1
10108020_2	344	Sound	32	8400011	936	1			260		other	0
10108020_2	345	Sound	36	8421510	929	1			260		other	0
10108020_2	345	Response	1	8428203	7622	1
10108020_2	346	Sound	32	8443009	588	1			260		other	0
10108020_2	347	Sound	39	8467007	579	1			260		other	0
10108020_2	347	Response	1	8475560	9132	1
10108020_2	349	Response	255	8526437	40757	1
10108020_2	351	Sound	14	8608999	1029	1			260		other	0
10108020_2	352	Sound	10	8628498	688	1			260		other	0
10108020_2	353	Sound	14	8650996	1014	1			260		other	0
10108020_2	354	Sound	19	8673995	672	1			260		other	0
10108020_2	354	Response	1	8678268	4945	1
10108020_2	355	Sound	10	8697494	664	1			260		other	0
10108020_2	356	Sound	14	8714992	657	1			260		other	0
10108020_2	356	Response	1	8719145	4810	1
10108020_2	357	Sound	12	8732991	651	1			260		other	0
10108020_2	358	Sound	15	8758490	809	1			260		other	0
10108020_2	358	Response	1	8762822	5141	1
10108020_2	359	Sound	17	8775989	802	1			260		other	0
10108020_2	360	Sound	14	8798987	961	1			260		other	0
10108020_2	361	Sound	20	8816486	955	1			260		other	0
10108020_2	361	Response	1	8819619	4087	1
10108020_2	362	Sound	17	8839485	947	1			260		other	0
10108020_2	362	Response	1	8844497	5959	1
10108020_2	363	Sound	19	8865983	770	1			260		other	0
10108020_2	363	Response	1	8871376	6163	1
10108020_2	364	Sound	15	8891482	928	1			260		other	0
10108020_2	365	Sound	19	8913980	920	1			260		other	0
10108020_2	365	Response	1	8917453	4392	1
10108020_2	366	Sound	16	8935979	745	1			260		other	0
10108020_2	366	Response	1	8945851	10617	1
10108020_2	367	Sound	10	8962478	903	1			260		other	0
10108020_2	368	Sound	13	8987476	894	1			260		other	0
10108020_2	369	Sound	19	9008475	886	1			260		other	0
10108020_2	369	Response	1	9012967	5378	1
10108020_2	370	Sound	15	9034973	877	1			260		other	0
10108020_2	371	Sound	11	9053472	870	1			260		other	0
10108020_2	372	Sound	16	9075971	1029	1			260		other	0
10108020_2	372	Response	1	9079363	4421	1
10108020_2	373	Sound	16	9092970	689	1			260		other	0
10108020_2	374	Sound	10	9111969	849	1			260		other	0
10108020_2	375	Sound	20	9140467	839	1			260		other	0
10108020_2	375	Response	1	9143599	3971	1
10108020_2	376	Sound	12	9157466	1000	1			260		other	0
10108020_2	376	Response	1	9164718	8252	1
10108020_2	377	Sound	17	9175465	660	1			260		other	0
10108020_2	378	Sound	20	9201463	817	1			260		other	0
10108020_2	378	Response	1	9205995	5349	1
10108020_2	379	Sound	20	9228462	808	1			260		other	0
10108020_2	379	Response	1	9233753	6099	1
10108020_2	380	Sound	10	9256460	631	1			260		other	0
10108020_2	380	Response	1	9266791	10962	1
10108020_2	381	Sound	16	9279459	956	1			260		other	0
10108020_2	381	Response	1	9283830	5328	1
10108020_2	382	Sound	13	9307957	946	1			260		other	0
10108020_2	383	Sound	12	9336455	936	1			260		other	0
10108020_2	383	Response	1	9343427	7907	1
10108020_2	384	Sound	18	9362453	593	1			260		other	0
10108020_2	384	Response	1	9366385	4525	1
10108020_2	385	Sound	17	9381452	586	1			260		other	0
10108020_2	386	Sound	13	9396951	581	1			260		other	0
10108020_2	387	Sound	11	9425450	904	1			260		other	0
10108020_2	388	Sound	14	9448448	1063	1			260		other	0
10108020_2	389	Sound	19	9476947	1053	1			260		other	0
10108020_2	389	Response	1	9482378	6484	1
10108020_2	390	Sound	12	9496945	1046	1			260		other	0
10108020_2	391	Sound	12	9520444	870	1			260		other	0
10108020_2	392	Sound	20	9536443	1031	1			260		other	0
10108020_2	392	Response	1	9539814	4403	1
10108020_2	393	Sound	18	9560942	856	1			260		other	0
10108020_2	393	Response	1	9574772	14686	1
10108020_2	394	Sound	18	9583440	681	1			260		other	0
10108020_2	395	Sound	11	9605439	840	1			260		other	0
10108020_2	396	Sound	15	9633937	663	1			260		other	0
10108020_2	396	Response	1	9650768	17494	1
10108020_2	397	Sound	13	9659936	654	1			260		other	0
10108020_2	398	Sound	18	9676435	981	1			260		other	0
10108020_2	398	Response	1	9680686	5233	1
10108020_2	399	Sound	11	9696933	974	1			260		other	0
10108020_2	399	Response	1	9718524	22564	1
10108020_2	400	Sound	18	9725432	797	1			260		other	0
10108020_2	401	Sound	11	9745930	623	1			260		other	0
10108020_2	402	Sound	13	9773429	947	1			260		other	0
10108020_2	402	Response	1	9780120	7638	1
10108020_2	403	Sound	15	9793428	940	1			260		other	0
10108020_2	404	Sound	17	9811427	933	1			260		other	0
10108020_2	404	Response	1	9815478	4984	1
10108020_2	405	Sound	16	9836425	758	1			260		other	0
10108020_2	405	Response	1	9841236	5569	1
10108020_2	407	Response	255	9872514	18928	1
10108020_2	409	Sound	11	9946418	719	1			260		other	0
10108020_2	409	Response	1	9950669	4969	1
10108020_2	410	Sound	20	9971917	1043	1			260		other	0
10108020_2	410	Response	1	9974908	4034	1
10108020_2	411	Sound	14	9998915	866	1			260		other	0
10108020_2	411	Response	1	10005306	7257	1
10108020_2	412	Sound	15	10026414	857	1			260		other	0
10108020_2	412	Response	1	10030424	4867	1
10108020_2	413	Sound	13	10051412	1015	1			260		other	0
10108020_2	414	Sound	17	10069411	675	1			260		other	0
10108020_2	415	Sound	19	10088910	834	1			260		other	0
10108020_2	415	Response	1	10092021	3945	1
10108020_2	416	Sound	20	10106409	828	1			260		other	0
10108020_2	416	Response	1	10110179	4599	1
10108020_2	417	Sound	18	10126408	988	1			260		other	0
10108020_2	417	Response	1	10130498	5078	1
10108020_2	418	Sound	19	10142906	815	1			260		other	0
10108020_2	418	Response	1	10147057	4966	1
10108020_2	419	Sound	11	10159906	976	1			260		other	0
10108020_2	420	Sound	10	10179404	635	1			260		other	0
10108020_2	421	Sound	15	10199903	628	1			260		other	0
10108020_2	421	Response	1	10206493	7218	1
10108020_2	422	Sound	12	10224402	619	1			260		other	0
10108020_2	423	Sound	10	10243901	946	1			260		other	0
10108020_2	424	Sound	10	10262899	939	1			260		other	0
10108020_2	425	Sound	17	10280398	599	1			260		other	0
10108020_2	425	Response	1	10285369	5570	1
10108020_2	426	Sound	20	10301897	758	1			260		other	0
10108020_2	426	Response	1	10305447	4309	1
10108020_2	427	Sound	11	10323896	917	1			260		other	0
10108020_2	428	Sound	12	10349894	741	1			260		other	0
10108020_2	429	Sound	11	10374893	1066	1			260		other	0
10108020_2	430	Sound	13	10399891	890	1			260		other	0
10108020_2	431	Sound	16	10425890	1048	1			260		other	0
10108020_2	432	Sound	17	10442388	708	1			260		other	0
10108020_2	433	Sound	15	10457888	703	1			260		other	0
10108020_2	434	Sound	14	10479386	695	1			260		other	0
10108020_2	435	Sound	16	10500885	854	1			260		other	0
10108020_2	436	Sound	10	10520884	680	1			260		other	0
10108020_2	437	Sound	12	10542883	673	1			260		other	0
10108020_2	438	Sound	20	10567881	830	1			260		other	0
10108020_2	438	Response	1	10570871	3820	1
10108020_2	439	Sound	15	10584880	824	1			260		other	0
10108020_2	440	Sound	18	10604379	651	1			260		other	0
10108020_2	440	Response	1	10607749	4020	1
10108020_2	441	Sound	17	10629877	641	1			260		other	0
10108020_2	441	Response	1	10634227	4991	1
10108020_2	442	Sound	19	10646376	636	1			260		other	0
10108020_2	442	Response	1	10649906	4165	1
10108020_2	443	Sound	12	10663375	963	1			260		other	0
10108020_2	444	Sound	16	10682874	623	1			260		other	0
10108020_2	444	Response	1	10685984	3732	1
10108020_2	445	Sound	11	10710372	613	1			260		other	0
10108020_2	445	Response	1	10716142	6382	1
10108020_2	446	Sound	19	10733871	938	1			260		other	0
10108020_2	446	Response	1	10738141	5208	1
10108020_2	447	Sound	12	10755870	597	1			260		other	0
10108020_2	448	Sound	13	10774369	590	1			260		other	0
10108020_2	448	Response	1	10778618	4839	1
10108020_2	449	Sound	14	10792867	917	1			260		other	0
10108020_2	449	Response	1	10797817	5866	1
10108020_2	450	Sound	14	10815366	742	1			260		other	0
10108020_2	451	Sound	18	10836865	901	1			260		other	0
10108020_2	451	Response	1	10860293	24330	1
10108020_2	452	Sound	18	10863863	891	1			260		other	0
10108020_2	453	Sound	16	10883862	718	1			260		other	0
10108020_2	453	Response	1	10888451	5307	1
10108020_2	454	Sound	17	10909860	875	1			260		other	0
10108020_2	454	Response	1	10914450	5464	1
10108020_2	455	Sound	18	10936859	699	1			260		other	0
10108020_2	455	Response	1	10940688	4528	1
10108020_2	456	Sound	13	10965357	1022	1			260		other	0
10108020_2	456	Response	1	10968847	4511	1
10108020_2	457	Sound	10	10987356	847	1			260		other	0
10108020_2	458	Sound	15	11015854	837	1			260		other	0
10108020_2	458	Response	1	11021243	6227	1
10108020_2	459	Sound	13	11038853	662	1			260		other	0
10108020_2	460	Sound	14	11063351	987	1			260		other	0
10108020_2	461	Sound	19	11091350	644	1			260		other	0
10108020_2	461	Response	1	11094679	3973	1
10108020_2	462	Sound	16	11106849	638	1			260		other	0
10108020_2	462	Response	1	11114358	8147	1
10108020_2	463	Sound	20	11132347	796	1			260		other	0
10108020_2	463	Response	1	11136356	4805	1
10108020_2	465	Response	255	11877991	718184	1
10108020_2	467	Sound	54	11950298	838	1			260		other	0
10108020_2	467	Response	1	11955506	6046	1
10108020_2	468	Sound	53	11977796	662	1			260		other	0
10108020_2	468	Response	1	11982384	5250	1
10108020_2	469	Sound	55	11997795	987	1			260		other	0
10108020_2	469	Response	1	12000943	4135	1
10108020_2	470	Sound	54	12015294	648	1			260		other	0
10108020_2	470	Response	1	12019102	4456	1
10108020_2	470	Response	1	12036781	22135	1
10108020_2	471	Sound	57	12038293	640	1			260		other	0
10108020_2	472	Sound	59	12063291	964	1			260		other	0
10108020_2	472	Response	1	12068459	6132	1
10108020_2	473	Sound	60	12085290	789	1			260		other	0
10108020_2	473	Response	1	12087738	3237	1
10108020_2	474	Sound	57	12113288	946	1			260		other	0
10108020_2	474	Response	1	12118536	6194	1
10108020_2	475	Sound	52	12133787	606	1			260		other	0
10108020_2	476	Sound	60	12161285	763	1			260		other	0
10108020_2	476	Response	1	12163253	2730	1
10108020_2	477	Sound	50	12184784	754	1			260		other	0
10108020_2	478	Sound	58	12201783	581	1			260		other	0
10108020_2	478	Response	1	12206130	4929	1
10108020_2	479	Sound	54	12221781	1074	1			260		other	0
10108020_2	479	Response	1	12225729	5022	1
10108020_2	480	Sound	50	12239780	1068	1			260		other	0
10108020_2	481	Sound	51	12260279	727	1			260		other	0
10108020_2	481	Response	1	12263967	4415	1
10108020_2	482	Sound	55	12283778	719	1			260		other	0
10108020_2	482	Response	1	12288205	5147	1
10108020_2	483	Sound	58	12307776	710	1			260		other	0
10108020_2	483	Response	1	12311564	4498	1
10108020_2	484	Sound	52	12329775	702	1			260		other	0
10108020_2	485	Sound	60	12356773	1026	1			260		other	0
10108020_2	485	Response	1	12358761	3014	1
10108020_2	486	Sound	53	12382272	1017	1			260		other	0
10108020_2	486	Response	1	12386519	5264	1
10108020_2	487	Sound	57	12404770	1009	1			260		other	0
10108020_2	487	Response	1	12408598	4836	1
10108020_2	488	Sound	52	12433769	999	1			260		other	0
10108020_2	488	Response	1	12437396	4626	1
10108020_2	489	Sound	51	12457267	824	1			260		other	0
10108020_2	490	Sound	55	12480766	815	1			260		other	0
10108020_2	490	Response	1	12483313	3363	1
10108020_2	491	Sound	50	12498265	809	1			260		other	0
10108020_2	491	Response	1	12507952	10496	1
10108020_2	492	Sound	59	12522263	634	1			260		other	0
10108020_2	493	Sound	50	12549762	957	1			260		other	0
10108020_2	494	Sound	54	12568761	784	1			260		other	0
10108020_2	494	Response	1	12572188	4211	1
10108020_2	495	Sound	58	12585760	611	1			260		other	0
10108020_2	495	Response	1	12590107	4958	1
10108020_2	496	Sound	53	12611758	602	1			260		other	0
10108020_2	497	Sound	59	12630257	595	1			260		other	0
10108020_2	497	Response	1	12633544	3882	1
10108020_2	498	Sound	56	12658255	585	1			260		other	0
10108020_2	498	Response	1	12662822	5152	1
10108020_2	499	Sound	55	12687754	908	1			260		other	0
10108020_2	499	Response	1	12691221	4375	1
10108020_2	500	Sound	58	12704753	735	1			260		other	0
10108020_2	500	Response	1	12709619	5602	1
10108020_2	501	Sound	59	12726251	728	1			260		other	0
10108020_2	501	Response	1	12729298	3775	1
10108020_2	502	Sound	51	12743750	888	1			260		other	0
10108020_2	503	Sound	56	12760749	883	1			260		other	0
10108020_2	503	Response	1	12764176	4309	1
10108020_2	504	Sound	58	12778248	1043	1			260		other	0
10108020_2	504	Response	1	12783455	6249	1
10108020_2	505	Sound	53	12798247	869	1			260		other	0
10108020_2	505	Response	1	12801374	3996	1
10108020_2	506	Sound	59	12820246	861	1			260		other	0
10108020_2	506	Response	1	12823612	4228	1
10108020_2	507	Sound	56	12841744	686	1			260		other	0
10108020_2	507	Response	1	12846091	5033	1
10108020_2	508	Sound	52	12860743	1013	1			260		other	0
10108020_2	508	Response	1	12864730	5000	1
10108020_2	509	Sound	54	12879242	1007	1			260		other	0
10108020_2	510	Sound	51	12898241	1000	1			260		other	0
10108020_2	511	Sound	51	12925239	823	1			260		other	0
10108020_2	512	Sound	60	12949738	982	1			260		other	0
10108020_2	512	Response	1	12952324	3568	1
10108020_2	513	Sound	56	12968237	641	1			260		other	0
10108020_2	514	Sound	57	12986736	635	1			260		other	0
10108020_2	514	Response	1	12991602	5501	1
10108020_2	515	Sound	50	13007234	961	1			260		other	0
10108020_2	516	Sound	57	13031733	785	1			260		other	0
10108020_2	516	Response	1	13035519	4572	1
10108020_2	517	Sound	52	13058231	943	1			260		other	0
10108020_2	517	Response	1	13063677	6389	1
10108020_2	518	Sound	56	13076230	936	1			260		other	0
10108020_2	518	Response	1	13080476	5183	1
10108020_2	519	Sound	53	13104728	926	1			260		other	0
10108020_2	519	Response	1	13109995	6192	1
10108020_2	520	Sound	60	13129227	751	1			260		other	0
10108020_2	520	Response	1	13131193	2717	1
10108020_2	521	Sound	55	13151726	743	1			260		other	0
10108020_2	521	Response	1	13156312	5329	1
10108020_2	523	Response	255	13192150	13245	1
10108020_2	525	Sound	54	13267719	868	1			260		other	0
10108020_2	526	Sound	56	13287217	1028	1			260		other	0
10108020_2	526	Response	1	13289984	3794	1
10108020_2	527	Sound	52	13311216	853	1			260		other	0
10108020_2	527	Response	1	13314462	4099	1
10108020_2	528	Sound	51	13329215	680	1			260		other	0
10108020_2	529	Sound	53	13358713	1002	1			260		other	0
10108020_2	529	Response	1	13363419	5708	1
10108020_2	530	Sound	59	13378212	829	1			260		other	0
10108020_2	530	Response	1	13382858	5475	1
10108020_2	531	Sound	60	13402711	987	1			260		other	0
10108020_2	531	Response	1	13405736	4013	1
10108020_2	532	Sound	50	13426709	978	1			260		other	0
10108020_2	533	Sound	55	13454207	802	1			260		other	0
10108020_2	533	Response	1	13458853	5447	1
10108020_2	534	Sound	55	13474706	961	1			260		other	0
10108020_2	534	Response	1	13480452	6707	1
10108020_2	535	Sound	58	13500705	952	1			260		other	0
10108020_2	535	Response	1	13504530	4777	1
10108020_2	536	Sound	56	13520703	778	1			260		other	0
10108020_2	536	Response	1	13525489	5564	1
10108020_2	537	Sound	53	13542202	770	1			260		other	0
10108020_2	538	Sound	57	13566701	761	1			260		other	0
10108020_2	539	Sound	60	13589199	587	1			260		other	0
10108020_2	539	Response	1	13591885	3273	1
10108020_2	540	Sound	59	13618698	910	1			260		other	0
10108020_2	540	Response	1	13623963	6175	1
10108020_2	541	Sound	59	13635696	570	1			260		other	0
10108020_2	541	Response	1	13640602	5476	1
10108020_2	542	Sound	53	13665195	1060	1			260		other	0
10108020_2	543	Sound	60	13689693	718	1			260		other	0
10108020_2	543	Response	1	13692359	3383	1
10108020_2	544	Sound	53	13712692	709	1			260		other	0
10108020_2	545	Sound	53	13729691	1037	1			260		other	0
10108020_2	546	Sound	56	13758689	1026	1			260		other	0
10108020_2	546	Response	1	13763794	6132	1
10108020_2	547	Sound	58	13776188	1020	1			260		other	0
10108020_2	547	Response	1	13780433	5265	1
10108020_2	548	Sound	50	13803187	1011	1			260		other	0
10108020_2	549	Sound	56	13824185	836	1			260		other	0
10108020_2	549	Response	1	13829310	5962	1
10108020_2	550	Sound	54	13845684	829	1			260		other	0
10108020_2	551	Sound	56	13873682	985	1			260		other	0
10108020_2	552	Sound	50	13894181	978	1			260		other	0
10108020_2	553	Sound	52	13911180	972	1			260		other	0
10108020_2	554	Sound	55	13929679	632	1			260		other	0
10108020_2	555	Sound	58	13947178	626	1			260		other	0
10108020_2	556	Sound	52	13970676	951	1			260		other	0
10108020_2	557	Sound	58	13999674	774	1			260		other	0
10108020_2	557	Response	1	14003859	4959	1
10108020_2	558	Sound	57	14018173	767	1			260		other	0
10108020_2	559	Sound	54	14044172	925	1			260		other	0
10108020_2	560	Sound	57	14065671	583	1			260		other	0
10108020_2	560	Response	1	14071775	6688	1
10108020_2	561	Sound	51	14087169	743	1			260		other	0
10108020_2	562	Sound	55	14104668	1070	1			260		other	0
10108020_2	562	Response	1	14110253	6655	1
10108020_2	563	Sound	60	14133667	893	1			260		other	0
10108020_2	563	Response	1	14136651	3878	1
10108020_2	564	Sound	50	14163165	1049	1			260		other	0
10108020_2	565	Sound	52	14185663	1041	1			260		other	0
10108020_2	566	Sound	54	14202662	701	1			260		other	0
10108020_2	567	Sound	59	14219161	862	1			260		other	0
10108020_2	567	Response	1	14223606	5307	1
10108020_2	568	Sound	52	14241160	688	1			260		other	0
10108020_2	569	Sound	51	14263659	846	1			260		other	0
10108020_2	570	Sound	58	14283158	839	1			260		other	0
10108020_2	570	Response	1	14296161	13843	1
10108020_2	571	Sound	59	14307156	998	1			260		other	0
10108020_2	571	Response	1	14310801	4642	1
10108020_2	572	Sound	55	14325655	991	1			260		other	0
10108020_2	573	Sound	51	14344654	984	1			260		other	0
10108020_2	574	Sound	57	14368652	809	1			260		other	0
10108020_2	575	Sound	60	14387651	802	1			260		other	0
10108020_2	575	Response	1	14389596	2746	1
10108020_2	576	Sound	51	14404650	796	1			260		other	0
10108020_2	577	Sound	50	14421149	790	1			260		other	0
10108020_2	578	Sound	54	14444148	782	1			260		other	0
10108020_2	579	Sound	57	14466646	941	1			260		other	0
10108020_2	581	Response	255	14495989	12698	1
10108020_2	583	Sound	40	14571140	1070	1			260		other	0
10108020_2	583	Response	1	14573345	3274	1
10108020_2	584	Sound	35	14591139	730	1			260		other	0
10108020_2	584	Response	1	14597343	6934	1
10108020_2	585	Sound	32	14614138	1055	1			260		other	0
10108020_2	586	Sound	35	14642636	878	1			260		other	0
10108020_2	586	Response	1	14648460	6702	1
10108020_2	587	Sound	37	14665635	870	1			260		other	0
10108020_2	588	Sound	34	14685633	1029	1			260		other	0
10108020_2	589	Sound	39	14703132	856	1			260		other	0
10108020_2	590	Sound	31	14727131	848	1			260		other	0
10108020_2	591	Sound	37	14751629	1006	1			260		other	0
10108020_2	591	Response	1	14755253	4630	1
10108020_2	592	Sound	39	14769628	666	1			260		other	0
10108020_2	593	Sound	34	14791127	825	1			260		other	0
10108020_2	594	Sound	34	14815626	650	1			260		other	0
10108020_2	595	Sound	31	14841124	974	1			260		other	0
10108020_2	596	Sound	32	14860123	967	1			260		other	0
10108020_2	597	Sound	33	14877622	961	1			260		other	0
10108020_2	597	Response	1	14882845	6184	1
10108020_2	598	Sound	34	14895121	955	1			260		other	0
10108020_2	599	Sound	36	14917119	947	1			260		other	0
10108020_2	600	Sound	39	14935118	774	1			260		other	0
10108020_2	601	Sound	34	14962117	597	1			260		other	0
10108020_2	602	Sound	35	14980616	757	1			260		other	0
10108020_2	603	Sound	30	15000114	917	1			260		other	0
10108020_2	604	Sound	40	15029113	1074	1			260		other	0
10108020_2	604	Response	1	15031396	3357	1
10108020_2	605	Sound	38	15053611	1065	1			260		other	0
10108020_2	605	Response	1	15058035	5488	1
10108020_2	606	Sound	32	15082609	721	1			260		other	0
10108020_2	607	Sound	40	15107608	712	1			260		other	0
10108020_2	607	Response	1	15111151	4256	1
10108020_2	608	Sound	36	15124607	1040	1			260		other	0
10108020_2	609	Sound	33	15144106	699	1			260		other	0
10108020_2	610	Sound	39	15162105	1026	1			260		other	0
10108020_2	610	Response	1	15167948	6869	1
10108020_2	611	Sound	37	15189603	683	1			260		other	0
10108020_2	612	Sound	31	15213602	1008	1			260		other	0
10108020_2	613	Sound	31	15232600	834	1			260		other	0
10108020_2	614	Sound	38	15254099	993	1			260		other	0
10108020_2	614	Response	1	15258103	4997	1
10108020_2	615	Sound	30	15279098	984	1			260		other	0
10108020_2	616	Sound	30	15297096	811	1			260		other	0
10108020_2	617	Sound	38	15322095	636	1			260		other	0
10108020_2	617	Response	1	15327138	5679	1
10108020_2	618	Sound	37	15349593	626	1			260		other	0
10108020_2	619	Sound	38	15371592	618	1			260		other	0
10108020_2	620	Sound	40	15393091	610	1			260		other	0
10108020_2	620	Response	1	15397054	4573	1
10108020_2	621	Sound	38	15418589	935	1			260		other	0
10108020_2	621	Response	1	15423532	5878	1
10108020_2	622	Sound	37	15443588	592	1			260		other	0
10108020_2	623	Sound	40	15468086	583	1			260		other	0
10108020_2	623	Response	1	15471129	3627	1
10108020_2	624	Sound	33	15487585	743	1			260		other	0
10108020_2	625	Sound	36	15505584	904	1			260		other	0
10108020_2	626	Sound	36	15528583	895	1			260		other	0
10108020_2	626	Response	1	15535365	7678	1
10108020_2	627	Sound	31	15552581	887	1			260		other	0
10108020_2	628	Sound	33	15569080	714	1			260		other	0
10108020_2	629	Sound	35	15591579	873	1			260		other	0
10108020_2	630	Sound	35	15613578	865	1			260		other	0
10108020_2	631	Sound	33	15633576	691	1			260		other	0
10108020_2	631	Response	1	15639119	6234	1
10108020_2	632	Sound	39	15661075	1015	1			260		other	0
10108020_2	632	Response	1	15665277	5218	1
10108020_2	633	Sound	30	15686573	672	1			260		other	0
10108020_2	634	Sound	32	15713072	663	1			260		other	0
10108020_2	635	Sound	30	15738570	654	1			260		other	0
10108020_2	636	Sound	32	15762069	645	1			260		other	0
10108020_2	637	Sound	36	15790567	802	1			260		other	0
10108020_2	637	Response	1	15795909	6144	1
10108020_2	639	Response	255	15825027	15677	1
10108020_2	641	Sound	32	15894061	765	1			260		other	0
10108020_2	642	Sound	38	15912060	592	1			260		other	0
10108020_2	643	Sound	32	15936558	750	1			260		other	0
10108020_2	644	Sound	31	15964556	573	1			260		other	0
10108020_2	645	Sound	33	15985055	899	1			260		other	0
10108020_2	645	Response	1	15990137	5981	1
10108020_2	646	Sound	33	16012553	890	1			260		other	0
10108020_2	647	Sound	33	16039052	880	1			260		other	0
10108020_2	647	Response	1	16044054	5882	1
10108020_2	648	Sound	38	16062551	1038	1			260		other	0
10108020_2	649	Sound	37	16087549	696	1			260		other	0
10108020_2	650	Sound	30	16108048	1022	1			260		other	0
10108020_2	651	Sound	40	16124547	683	1			260		other	0
10108020_2	651	Response	1	16128609	4745	1
10108020_2	652	Sound	37	16144046	843	1			260		other	0
10108020_2	653	Sound	40	16170044	1001	1			260		other	0
10108020_2	653	Response	1	16173006	3963	2
10108020_2	654	Sound	35	16186543	828	1			260		other	0
10108020_2	655	Sound	33	16213041	818	1			260		other	0
10108020_2	656	Sound	31	16235040	810	1			260		other	0
10108020_2	657	Sound	39	16251539	804	1			260		other	0
10108020_2	657	Response	1	16258841	8106	1
10108020_2	658	Sound	35	16276538	962	1			260		other	0
10108020_2	659	Sound	32	16297036	788	1			260		other	0
10108020_2	660	Sound	37	16315535	948	1			260		other	0
10108020_2	661	Sound	30	16333034	942	1			260		other	0
10108020_2	662	Sound	36	16352533	768	1			260		other	0
10108020_2	663	Sound	34	16379032	926	1			260		other	0
10108020_2	664	Sound	39	16397530	585	1			260		other	0
10108020_2	665	Sound	38	16414029	913	1			260		other	0
10108020_2	666	Sound	39	16438528	571	1			260		other	0
10108020_2	667	Sound	34	16457527	731	1			260		other	0
10108020_2	668	Sound	40	16479025	723	1			260		other	0
10108020_2	668	Response	1	16483147	4845	1
10108020_2	669	Sound	39	16502524	882	1			260		other	0
10108020_2	669	Response	1	16506505	4863	1
10108020_2	670	Sound	37	16524023	1041	1			260		other	0
10108020_2	671	Sound	30	16553021	1030	1			260		other	0
10108020_2	672	Sound	34	16572520	857	1			260		other	0
10108020_2	673	Sound	36	16592019	1016	1			260		other	0
10108020_2	674	Sound	35	16612517	842	1			260		other	0
10108020_2	675	Sound	34	16636016	834	1			260		other	0
10108020_2	676	Sound	31	16655015	661	1			260		other	0
10108020_2	677	Sound	37	16674514	820	1			260		other	0
10108020_2	678	Sound	35	16701512	644	1			260		other	0
10108020_2	679	Sound	32	16722011	970	1			260		other	0
10108020_2	680	Sound	36	16747509	961	1			260		other	0
10108020_2	681	Sound	36	16765508	955	1			260		other	0
10108020_2	682	Sound	40	16792507	945	1			260		other	0
10108020_2	682	Response	1	16795288	3726	1
10108020_2	683	Sound	38	16810506	939	1			260		other	0
10108020_2	684	Sound	30	16836004	596	1			260		other	0
10108020_2	685	Sound	34	16854003	756	1			260		other	0
10108020_2	686	Sound	31	16872502	583	1			260		other	0
10108020_2	687	Sound	35	16902000	906	1			260		other	0
10108020_2	688	Sound	39	16920999	899	1			260		other	0
10108020_2	688	Response	1	16927679	7580	1
10108020_2	689	Sound	38	16945997	1057	1			260		other	0
10108020_2	690	Sound	40	16971996	1048	1			260		other	0
10108020_2	690	Response	1	16975277	4329	1
10108020_2	691	Sound	30	16997994	872	1			260		other	0
10108020_2	692	Sound	32	17022993	1029	1			260		other	0
10108020_2	693	Sound	33	17048491	687	1			260		other	0
10108020_2	694	Sound	36	17067990	847	1			260		other	0
10108020_2	695	Sound	31	17090489	672	1			260		other	0
10108020_2	697	Response	255	17124947	17212	1
10108020_2	699	Sound	14	17189983	636	1			260		other	0
10108020_2	699	Response	1	17195023	5677	1
10108020_2	700	Sound	18	17206982	964	1			260		other	0
10108020_2	700	Response	1	17211422	5404	1
10108020_2	701	Sound	19	17232480	788	1			260		other	0
10108020_2	701	Response	1	17237020	5328	1
10108020_2	702	Sound	11	17249479	615	1			260		other	0
10108020_2	703	Sound	11	17272978	773	1			260		other	0
10108020_2	704	Sound	12	17292476	766	1			260		other	0
10108020_2	705	Sound	16	17309975	927	1			260		other	0
10108020_2	705	Response	1	17313896	4847	1
10108020_2	706	Sound	18	17325475	588	1			260		other	0
10108020_2	706	Response	1	17330295	5408	1
10108020_2	707	Sound	16	17341474	582	1			260		other	0
10108020_2	707	Response	1	17345974	5082	1
10108020_2	708	Sound	18	17357473	910	1			260		other	0
10108020_2	709	Sound	16	17377471	903	1			260		other	0
10108020_2	710	Sound	14	17399970	895	1			260		other	0
10108020_2	711	Sound	15	17422469	720	1			260		other	0
10108020_2	712	Sound	17	17447967	711	1			260		other	0
10108020_2	712	Response	1	17452607	5351	1
10108020_2	713	Sound	18	17464966	1039	1			260		other	0
10108020_2	713	Response	1	17469646	5719	1
10108020_2	714	Sound	14	17485465	698	1			260		other	0
10108020_2	714	Response	1	17490205	5438	1
10108020_2	715	Sound	17	17511463	688	1			260		other	0
10108020_2	716	Sound	16	17531962	681	1			260		other	0
10108020_2	716	Response	1	17537562	6281	1
10108020_2	717	Sound	17	17552961	840	1			260		other	0
10108020_2	717	Response	1	17557641	5520	1
10108020_2	718	Sound	19	17572460	667	1			260		other	0
10108020_2	718	Response	1	17577959	6166	1
10108020_2	719	Sound	19	17595458	659	1			260		other	0
10108020_2	720	Sound	15	17613457	652	1			260		other	0
10108020_2	721	Sound	12	17629456	646	1			260		other	0
10108020_2	722	Sound	12	17646955	974	1			260		other	0
10108020_2	723	Sound	19	17672454	798	1			260		other	0
10108020_2	723	Response	1	17676033	4378	1
10108020_2	724	Sound	13	17695452	623	1			260		other	0
10108020_2	725	Sound	20	17721451	780	1			260		other	0
10108020_2	725	Response	1	17724750	4080	1
10108020_2	726	Sound	10	17748449	771	1			260		other	0
10108020_2	727	Sound	20	17773947	928	1			260		other	0
10108020_2	727	Response	1	17776747	3728	1
10108020_2	728	Sound	11	17794446	588	1			260		other	0
10108020_2	729	Sound	15	17814445	914	1			260		other	0
10108020_2	729	Response	1	17820025	6493	1
10108020_2	730	Sound	13	17836944	906	1			260		other	0
10108020_2	730	Response	1	17861302	25264	2
10108020_2	731	Sound	20	17865442	896	1			260		other	0
10108020_2	732	Sound	11	17884941	889	1			260		other	0
10108020_2	733	Sound	12	17910939	880	1			260		other	0
10108020_2	734	Sound	13	17932438	872	1			260		other	0
10108020_2	735	Sound	13	17952437	698	1			260		other	0
10108020_2	736	Sound	20	17974436	857	1			260		other	0
10108020_2	736	Response	1	17978575	4996	1
10108020_2	737	Sound	13	18000934	847	1			260		other	0
10108020_2	738	Sound	17	18017933	1008	1			260		other	0
10108020_2	738	Response	1	18023612	6687	1
10108020_2	739	Sound	14	18037932	834	1			260		other	0
10108020_2	739	Response	1	18043691	6593	1
10108020_2	740	Sound	20	18054931	661	1			260		other	0
10108020_2	740	Response	1	18058730	4461	1
10108020_2	741	Sound	10	18082429	652	1			260		other	0
10108020_2	742	Sound	10	18104928	977	1			260		other	0
10108020_2	743	Sound	10	18126926	802	1			260		other	0
10108020_2	744	Sound	11	18153425	626	1			260		other	0
10108020_2	745	Sound	17	18176423	618	1			260		other	0
10108020_2	746	Sound	18	18203422	775	1			260		other	0
10108020_2	746	Response	1	18207521	4874	1
10108020_2	747	Sound	19	18230920	765	1			260		other	0
10108020_2	747	Response	1	18235039	4884	1
10108020_2	748	Sound	14	18259418	922	1			260		other	0
10108020_2	749	Sound	15	18284417	580	1			260		other	0
10108020_2	749	Response	1	18287676	3838	1
10108020_2	750	Sound	12	18306416	905	1			260		other	0
10108020_2	751	Sound	16	18322915	733	1			260		other	0
10108020_2	752	Sound	10	18341913	892	1			260		other	0
10108020_2	753	Sound	15	18366412	717	1			260		other	0
10108020_2	755	Response	255	18395829	14049	1
10108020_2	757	Sound	56	18481405	1009	1			260		other	0
10108020_2	757	Response	1	18486064	5668	1
10108020_2	758	Sound	52	18497904	837	1			260		other	0
10108020_2	759	Sound	54	18519403	829	1			260		other	0
10108020_2	759	Response	1	18523581	5008	1
10108020_2	760	Sound	60	18537402	656	1			260		other	0
10108020_2	760	Response	1	18540860	4115	1
10108020_2	761	Sound	59	18562900	814	1			260		other	0
10108020_2	761	Response	1	18565979	3892	1
10108020_2	762	Sound	55	18581899	807	1			260		other	0
10108020_2	762	Response	1	18586697	5605	1
10108020_2	763	Sound	58	18602398	966	1			260		other	0
10108020_2	763	Response	1	18606856	5425	1
10108020_2	764	Sound	58	18627396	791	1			260		other	0
10108020_2	764	Response	1	18635014	8409	1
10108020_2	765	Sound	52	18656395	780	1			260		other	0
10108020_2	766	Sound	58	18679393	939	1			260		other	0
10108020_2	766	Response	1	18685011	6557	1
10108020_2	767	Sound	54	18708391	929	1			260		other	0
10108020_2	767	Response	1	18713249	5787	1
10108020_2	768	Sound	53	18733390	753	1			260		other	0
10108020_2	769	Sound	57	18754889	579	1			260		other	0
10108020_2	770	Sound	56	18782387	736	1			260		other	0
10108020_2	770	Response	1	18787085	5434	1
10108020_2	771	Sound	53	18809385	726	1			260		other	0
10108020_2	772	Sound	55	18830384	885	1			260		other	0
10108020_2	773	Sound	51	18852883	877	1			260		other	0
10108020_2	774	Sound	54	18869882	704	1			260		other	0
10108020_2	775	Sound	55	18896380	1028	1			260		other	0
10108020_2	776	Sound	51	18918379	854	1			260		other	0
10108020_2	777	Sound	51	18943377	678	1			260		other	0
10108020_2	778	Sound	59	18965876	837	1			260		other	0
10108020_2	778	Response	1	18969634	4595	1
10108020_2	779	Sound	57	18986375	830	1			260		other	0
10108020_2	779	Response	1	18991952	6407	1
10108020_2	780	Sound	55	19005873	822	1			260		other	0
10108020_2	780	Response	1	19010751	5700	1
10108020_2	781	Sound	53	19034372	646	1			260		other	0
10108020_2	782	Sound	53	19060370	970	1			260		other	0
10108020_2	782	Response	1	19065148	5747	1
10108020_2	783	Sound	56	19077369	797	1			260		other	0
10108020_2	783	Response	1	19083067	6494	1
10108020_2	784	Sound	59	19103868	788	1			260		other	0
10108020_2	784	Response	1	19110745	7665	1
10108020_2	785	Sound	60	19124866	613	1			260		other	0
10108020_2	785	Response	1	19128264	4011	1
10108020_2	786	Sound	50	19149365	771	1			260		other	0
10108020_2	787	Sound	50	19176863	595	1			260		other	0
10108020_2	788	Sound	59	19193862	755	1			260		other	0
10108020_2	789	Sound	51	19210861	916	1			260		other	0
10108020_2	790	Sound	54	19235860	907	1			260		other	0
10108020_2	791	Sound	55	19263858	897	1			260		other	0
10108020_2	792	Sound	50	19288857	1055	1			260		other	0
10108020_2	793	Sound	57	19313855	1046	1			260		other	0
10108020_2	793	Response	1	19319612	6803	1
10108020_2	794	Sound	60	19332854	1039	1			260		other	0
10108020_2	794	Response	1	19336011	4197	1
10108020_2	795	Sound	60	19353853	865	1			260		other	0
10108020_2	795	Response	1	19356730	3742	1
10108020_2	796	Sound	52	19378351	856	1			260		other	0
10108020_2	797	Sound	58	19396850	850	1			260		other	0
10108020_2	798	Sound	52	19423848	840	1			260		other	0
10108020_2	799	Sound	59	19449847	998	1			260		other	0
10108020_2	799	Response	1	19453924	5075	1
10108020_2	800	Sound	51	19470846	990	1			260		other	0
10108020_2	801	Sound	50	19492844	649	1			260		other	0
10108020_2	802	Sound	54	19520843	806	1			260		other	0
10108020_2	803	Sound	60	19548341	629	1			260		other	0
10108020_2	803	Response	1	19550718	3006	1
10108020_2	804	Sound	57	19564840	623	1			260		other	0
10108020_2	805	Sound	58	19586839	615	1			260		other	0
10108020_2	805	Response	1	19594635	8412	1
10108020_2	806	Sound	57	19606337	608	1			260		other	0
10108020_2	807	Sound	50	19623336	936	1			260		other	0
10108020_2	808	Sound	52	19649835	760	1			260		other	0
10108020_2	809	Sound	56	19671333	585	1			260		other	0
10108020_2	809	Response	1	19675910	5162	1
10108020_2	810	Sound	53	19696832	910	1			260		other	0
10108020_2	811	Sound	56	19723830	733	1			260		other	0
10108020_2	811	Response	1	19729187	6090	1
10108020_2	813	Response	255	19760385	15535	1
10108020_2	815	Sound	11	19827324	1030	1			260		other	0
10108020_2	816	Sound	20	19843823	1024	1			260		other	0
10108020_2	816	Response	1	19847580	4780	1
10108020_2	817	Sound	20	19870822	1014	1			260		other	0
10108020_2	817	Response	1	19874698	4891	1
10108020_2	818	Sound	13	19899320	671	1			260		other	0
10108020_2	818	Response	1	19905496	6847	1
10108020_2	819	Sound	19	19914819	665	1			260		other	0
10108020_2	819	Response	1	19922535	8381	1
10108020_2	820	Sound	18	19936817	657	1			260		other	0
10108020_2	820	Response	1	19942134	5974	1
10108020_2	821	Sound	10	19960316	649	1			260		other	0
10108020_2	822	Sound	19	19986814	973	1			260		other	0
10108020_2	823	Sound	12	20004313	967	1			260		other	0
10108020_2	824	Sound	14	20032812	957	1			260		other	0
10108020_2	825	Sound	15	20057810	614	1			260		other	0
10108020_2	826	Sound	18	20086309	771	1			260		other	0
10108020_2	826	Response	1	20092045	6507	1
10108020_2	827	Sound	19	20111307	595	1			260		other	0
10108020_2	827	Response	1	20116443	5731	1
10108020_2	828	Sound	12	20128806	922	1			260		other	0
10108020_2	829	Sound	20	20148305	749	1			260		other	0
10108020_2	829	Response	1	20151241	3685	1
10108020_2	830	Sound	10	20164804	743	1			260		other	0
10108020_2	831	Sound	16	20189302	901	1			260		other	0
10108020_2	831	Response	1	20196198	7797	1
10108020_2	832	Sound	17	20210801	726	1			260		other	0
10108020_2	832	Response	1	20217637	7562	1
10108020_2	833	Sound	14	20232800	885	1			260		other	0
10108020_2	834	Sound	14	20257298	710	1			260		other	0
10108020_2	835	Sound	17	20273297	704	1			260		other	0
10108020_2	835	Response	1	20278113	5520	1
10108020_2	836	Sound	17	20291296	1031	1			260		other	0
10108020_2	837	Sound	11	20312295	690	1			260		other	0
10108020_2	838	Sound	16	20337793	1014	1			260		other	0
10108020_2	838	Response	1	20342749	5970	1
10108020_2	839	Sound	13	20358792	1007	1			260		other	0
10108020_2	840	Sound	15	20379291	833	1			260		other	0
10108020_2	840	Response	1	20384267	5809	1
10108020_2	841	Sound	11	20399790	826	1			260		other	0
10108020_2	842	Sound	12	20415789	820	1			260		other	0
10108020_2	842	Response	1	20420104	5136	1
10108020_2	843	Sound	13	20440287	978	1			260		other	0
10108020_2	844	Sound	14	20468286	968	1			260		other	0
10108020_2	845	Sound	11	20495784	791	1			260		other	0
10108020_2	846	Sound	18	20519282	950	1			260		other	0
10108020_2	846	Response	1	20523858	5525	1
10108020_2	847	Sound	18	20547781	773	1			260		other	0
10108020_2	847	Response	1	20554896	7888	1
10108020_2	848	Sound	15	20567780	766	1			260		other	0
10108020_2	849	Sound	14	20590278	591	1			260		other	0
10108020_2	850	Sound	11	20610277	917	1			260		other	0
10108020_2	851	Sound	13	20638775	907	1			260		other	0
10108020_2	851	Response	1	20643771	5902	1
10108020_2	852	Sound	10	20662274	899	1			260		other	0
10108020_2	853	Sound	17	20689772	722	1			260		other	0
10108020_2	853	Response	1	20695127	6077	1
10108020_2	854	Sound	19	20717771	712	1			260		other	0
10108020_2	854	Response	1	20721526	4468	1
10108020_2	855	Sound	20	20733270	707	1			260		other	0
10108020_2	855	Response	1	20736805	4242	1
10108020_2	856	Sound	17	20758768	1031	1			260		other	0
10108020_2	856	Response	1	20765443	7706	1
10108020_2	857	Sound	13	20786266	854	1			260		other	0
10108020_2	858	Sound	18	20811265	1012	1			260		other	0
10108020_2	858	Response	1	20814800	4548	1
10108020_2	859	Sound	15	20835763	1004	1			260		other	0
10108020_2	860	Sound	16	20864262	994	1			260		other	0
10108020_2	860	Response	1	20869037	5769	1
10108020_2	861	Sound	10	20888760	818	1			260		other	0
10108020_2	862	Sound	16	20905259	979	1			260		other	0
10108020_2	862	Response	1	20909594	5314	1
10108020_2	863	Sound	15	20933758	969	1			260		other	0
10108020_2	863	Response	1	20939352	6563	1
10108020_2	864	Sound	10	20959756	959	1			260		other	0
10108020_2	865	Sound	19	20987254	783	1			260		other	0
10108020_2	865	Response	1	20991509	5038	1
10108020_2	866	Sound	16	21013753	773	1			260		other	0
10108020_2	867	Sound	12	21031252	601	1			260		other	0
10108020_2	868	Sound	20	21059750	757	1			260		other	0
10108020_2	868	Response	1	21062545	3552	1
10108020_2	869	Sound	12	21075749	751	1			260		other	0

The following output port codes were not sent because of a conflict on the port.
Port	Code	Time(ms)
1	253	34087.8
1	253	167928
1	253	310935
1	253	445543
1	253	576256
1	253	717806
1	253	852646
1	253	987254
1	253	1.1878e+06
1	253	1.31922e+06
1	253	1.4496e+06
1	253	1.58251e+06
1	253	1.7125e+06
1	253	1.83958e+06
1	253	1.97604e+06
1	253	2.10996e+06
