Scenario - 
Logfile written - 12/12/2018 20:57:58

Subject	Trial	Event Type	Code	Time	TTime	Uncertainty	Duration	Uncertainty	ReqTime	ReqDur	Stim Type	Pair Index

10108017_1	1	Response	255	1047770	1047103	1
10108017_1	3	Sound	51	1119445	697	1			260		other	0
10108017_1	4	Sound	57	1138944	691	1			260		other	0
10108017_1	5	Sound	58	1157443	850	1			260		other	0
10108017_1	6	Sound	52	1182441	842	1			260		other	0
10108017_1	7	Sound	53	1204440	667	1			260		other	0
10108017_1	8	Sound	56	1220939	994	1			260		other	0
10108017_1	8	Response	1	1226718	6774	1
10108017_1	9	Sound	55	1238438	655	1			260		other	0
10108017_1	10	Sound	53	1260436	813	1			260		other	0
10108017_1	11	Sound	60	1279935	640	1			260		other	0
10108017_1	11	Response	1	1281995	2699	1
10108017_1	12	Sound	60	1307433	964	1			260		other	0
10108017_1	12	Response	1	1309913	3443	1
10108017_1	13	Sound	55	1324432	791	1			260		other	0
10108017_1	14	Sound	59	1348431	782	1			260		other	0
10108017_1	14	Response	1	1352070	4422	1
10108017_1	15	Sound	59	1375429	772	1			260		other	0
10108017_1	15	Response	1	1378709	4052	1
10108017_1	16	Sound	60	1398928	598	1			260		other	0
10108017_1	16	Response	1	1401427	3097	1
10108017_1	17	Sound	50	1423426	922	1			260		other	0
10108017_1	18	Sound	56	1443425	582	1			260		other	0
10108017_1	19	Sound	58	1471923	738	1			260		other	0
10108017_1	19	Response	1	1475983	4798	1
10108017_1	20	Sound	52	1498421	895	1			260		other	0
10108017_1	21	Sound	57	1515420	723	1			260		other	0
10108017_1	21	Response	1	1518780	4082	1
10108017_1	22	Sound	57	1534919	1049	1			260		other	0
10108017_1	22	Response	1	1538218	4348	1
10108017_1	23	Sound	52	1561417	873	1			260		other	0
10108017_1	24	Sound	58	1582416	1032	1			260		other	0
10108017_1	24	Response	1	1586056	4672	1
10108017_1	25	Sound	56	1599915	692	1			260		other	0
10108017_1	26	Sound	54	1624413	850	1			260		other	0
10108017_1	27	Sound	53	1641912	1011	1			260		other	0
10108017_1	28	Sound	53	1668911	668	1			260		other	0
10108017_1	29	Sound	54	1693409	826	1			260		other	0
10108017_1	30	Sound	58	1722407	649	1			260		other	0
10108017_1	30	Response	1	1725806	4048	1
10108017_1	31	Sound	60	1741906	642	1			260		other	0
10108017_1	31	Response	1	1745085	3821	1
10108017_1	32	Sound	50	1769904	632	1			260		other	0
10108017_1	33	Sound	52	1796902	956	1			260		other	0
10108017_1	34	Sound	50	1823901	613	1			260		other	0
10108017_1	35	Sound	54	1852899	769	1			260		other	0
10108017_1	35	Response	1	1857318	5188	1
10108017_1	36	Sound	51	1873898	929	1			260		other	0
10108017_1	37	Sound	55	1896396	587	1			260		other	0
10108017_1	37	Response	1	1901235	5425	4
10108017_1	38	Sound	51	1920395	745	1			260		other	0
10108017_1	39	Sound	55	1944893	903	1			260		other	0
10108017_1	40	Sound	59	1962892	1063	1			260		other	0
10108017_1	40	Response	1	1969631	7802	1
10108017_1	41	Sound	54	1984391	722	1			260		other	0
10108017_1	42	Sound	55	2003390	1049	1			260		other	0
10108017_1	42	Response	1	2007388	5047	1
10108017_1	43	Sound	59	2026388	1040	1			260		other	0
10108017_1	43	Response	1	2035386	10039	1
10108017_1	44	Sound	58	2051386	698	1			260		other	0
10108017_1	44	Response	1	2056585	5897	1
10108017_1	45	Sound	53	2080885	854	1			260		other	0
10108017_1	45	Response	1	2085383	5353	1
10108017_1	46	Sound	57	2105383	845	1			260		other	0
10108017_1	47	Sound	50	2133881	835	1			260		other	0
10108017_1	48	Sound	52	2160380	826	1			260		other	0
10108017_1	49	Sound	51	2177879	987	1			260		other	0
10108017_1	50	Sound	51	2202877	978	1			260		other	0
10108017_1	51	Sound	57	2224376	636	1			260		other	0
10108017_1	52	Sound	56	2249874	627	1			260		other	0
10108017_1	53	Sound	59	2266873	955	1			260		other	0
10108017_1	53	Response	1	2269771	3853	1
10108017_1	54	Sound	56	2289371	780	1			260		other	0
10108017_1	55	Sound	50	2317870	937	1			260		other	0
10108017_1	56	Sound	54	2340368	928	1			260		other	0
10108017_1	57	Sound	60	2368866	919	1			260		other	0
10108017_1	57	Response	1	2372405	4457	1
10108017_1	59	Response	255	2404723	11854	1
10108017_1	61	Sound	37	2477860	879	1			260		other	0
10108017_1	62	Sound	32	2499858	1038	1			260		other	0
10108017_1	63	Sound	33	2521357	1031	1			260		other	0
10108017_1	64	Sound	31	2546355	688	1			260		other	0
10108017_1	65	Sound	38	2566854	681	1			260		other	0
10108017_1	66	Sound	35	2588853	673	1			260		other	0
10108017_1	67	Sound	30	2612851	831	1			260		other	0
10108017_1	68	Sound	31	2641849	821	1			260		other	0
10108017_1	69	Sound	40	2669847	811	1			260		other	0
10108017_1	69	Response	1	2673185	4149	1
10108017_1	70	Sound	38	2688346	971	1			260		other	0
10108017_1	71	Sound	39	2704845	965	1			260		other	0
10108017_1	72	Sound	32	2726344	791	1			260		other	0
10108017_1	73	Sound	35	2748842	616	1			260		other	0
10108017_1	74	Sound	40	2774341	940	1			260		other	0
10108017_1	74	Response	1	2777658	4258	2
10108017_1	75	Sound	34	2802339	764	1			260		other	0
10108017_1	76	Sound	36	2830837	754	1			260		other	0
10108017_1	77	Sound	39	2857336	744	1			260		other	0
10108017_1	77	Response	1	2861733	5142	1
10108017_1	78	Sound	32	2879834	903	1			260		other	0
10108017_1	79	Sound	36	2899333	896	1			260		other	0
10108017_1	80	Sound	33	2924331	720	1			260		other	0
10108017_1	81	Sound	31	2946830	1046	1			260		other	0
10108017_1	82	Sound	31	2972828	869	1			260		other	0
10108017_1	83	Sound	35	2989827	697	1			260		other	0
10108017_1	84	Sound	34	3010826	1023	1			260		other	0
10108017_1	85	Sound	37	3031325	682	1			260		other	0
10108017_1	86	Sound	31	3055323	673	1			260		other	0
10108017_1	87	Sound	30	3075822	666	1			260		other	0
10108017_1	88	Sound	33	3101820	990	1			260		other	0
10108017_1	89	Sound	33	3123319	816	1			260		other	0
10108017_1	90	Sound	39	3152317	972	1			260		other	0
10108017_1	90	Response	1	3156594	5249	1
10108017_1	91	Sound	34	3175816	797	1			260		other	0
10108017_1	92	Sound	30	3201814	788	1			260		other	0
10108017_1	93	Sound	30	3224812	780	1			260		other	0
10108017_1	94	Sound	40	3247311	771	1			260		other	0
10108017_1	94	Response	1	3250108	3569	1
10108017_1	95	Sound	34	3264810	932	1			260		other	0
10108017_1	96	Sound	37	3286309	758	1			260		other	0
10108017_1	97	Sound	32	3312307	748	1			260		other	0
10108017_1	98	Sound	40	3341305	905	1			260		other	0
10108017_1	98	Response	1	3343622	3222	1
10108017_1	99	Sound	38	3369803	728	1			260		other	0
10108017_1	100	Sound	35	3391302	887	1			260		other	0
10108017_1	101	Sound	39	3418800	879	1			260		other	0
10108017_1	102	Sound	37	3442799	702	1			260		other	0
10108017_1	103	Sound	36	3467797	860	1			260		other	0
10108017_1	104	Sound	32	3486796	1020	1			260		other	0
10108017_1	105	Sound	36	3512294	844	1			260		other	0
10108017_1	106	Sound	35	3538793	667	1			260		other	0
10108017_1	107	Sound	30	3565291	825	1			260		other	0
10108017_1	108	Sound	39	3589290	816	1			260		other	0
10108017_1	109	Sound	33	3611288	808	1			260		other	0
10108017_1	110	Sound	37	3628787	802	1			260		other	0
10108017_1	111	Sound	38	3649286	628	1			260		other	0
10108017_1	112	Sound	34	3669285	954	1			260		other	0
10108017_1	113	Sound	38	3693783	779	1			260		other	0
10108017_1	114	Sound	40	3722781	769	1			260		other	0
10108017_1	114	Response	1	3726557	4545	1
10108017_1	115	Sound	36	3746780	760	1			260		other	0
10108017_1	117	Response	255	3797993	24052	1
10108017_1	119	Sound	58	3870772	716	1			260		other	0
10108017_1	119	Response	1	3875108	5052	1
10108017_1	120	Sound	57	3891770	708	1			260		other	0
10108017_1	120	Response	1	3895187	4124	1
10108017_1	121	Sound	54	3910269	868	1			260		other	0
10108017_1	122	Sound	51	3928768	862	1			260		other	0
10108017_1	123	Sound	58	3945267	1023	1			260		other	0
10108017_1	124	Sound	55	3963766	683	1			260		other	0
10108017_1	125	Sound	54	3984265	842	1			260		other	0
10108017_1	126	Sound	55	4012263	665	1			260		other	0
10108017_1	127	Sound	51	4029262	826	1			260		other	0
10108017_1	128	Sound	56	4050761	652	1			260		other	0
10108017_1	129	Sound	50	4079259	975	1			260		other	0
10108017_1	130	Sound	57	4099257	634	1			260		other	0
10108017_1	131	Sound	52	4121256	960	1			260		other	0
10108017_1	132	Sound	51	4147254	951	1			260		other	0
10108017_1	133	Sound	53	4165253	611	1			260		other	0
10108017_1	134	Sound	54	4185752	937	1			260		other	0
10108017_1	135	Sound	53	4211750	594	1			260		other	0
10108017_1	135	Response	1	4216686	5530	1
10108017_1	136	Sound	60	4233249	587	1			260		other	0
10108017_1	136	Response	1	4236845	4182	1
10108017_1	137	Sound	54	4258747	744	1			260		other	0
10108017_1	138	Sound	55	4287746	567	1			260		other	0
10108017_1	139	Sound	53	4310244	727	1			260		other	0
10108017_1	140	Sound	55	4333243	1051	1			260		other	0
10108017_1	141	Sound	60	4356741	876	1			260		other	0
10108017_1	141	Response	1	4359317	3451	1
10108017_1	142	Sound	59	4381240	700	1			260		other	0
10108017_1	142	Response	1	4386915	6376	1
10108017_1	143	Sound	52	4407738	1024	1			260		other	0
10108017_1	144	Sound	59	4429237	1017	1			260		other	0
10108017_1	144	Response	1	4432512	4292	1
10108017_1	145	Sound	50	4447736	677	1			260		other	0
10108017_1	146	Sound	57	4473734	834	1			260		other	0
10108017_1	147	Sound	54	4495732	660	1			260		other	0
10108017_1	147	Response	1	4501788	6715	1
10108017_1	148	Sound	57	4523231	983	1			260		other	0
10108017_1	148	Response	1	4526026	3779	1
10108017_1	149	Sound	51	4548729	807	1			260		other	0
10108017_1	150	Sound	58	4569728	800	1			260		other	0
10108017_1	150	Response	1	4572743	3816	1
10108017_1	151	Sound	56	4586727	961	1			260		other	0
10108017_1	151	Response	1	4590662	4896	1
10108017_1	152	Sound	60	4613225	784	1			260		other	0
10108017_1	152	Response	1	4615140	2699	1
10108017_1	153	Sound	58	4635224	776	1			260		other	0
10108017_1	153	Response	1	4639139	4692	1
10108017_1	154	Sound	59	4660722	601	1			260		other	0
10108017_1	154	Response	1	4663457	3336	1
10108017_1	155	Sound	55	4688720	591	1			260		other	0
10108017_1	155	Response	1	4692496	4366	1
10108017_1	156	Sound	50	4713719	582	1			260		other	0
10108017_1	157	Sound	56	4732718	742	1			260		other	0
10108017_1	157	Response	1	4736813	4837	1
10108017_1	158	Sound	56	4758216	1066	1			260		other	0
10108017_1	158	Response	1	4762171	5021	1
10108017_1	159	Sound	51	4783714	1057	1			260		other	0
10108017_1	160	Sound	60	4811213	1047	1			260		other	0
10108017_1	160	Response	1	4813928	3762	1
10108017_1	161	Sound	52	4839711	870	1			260		other	0
10108017_1	162	Sound	58	4866209	695	1			260		other	0
10108017_1	162	Response	1	4870084	4569	1
10108017_1	163	Sound	52	4894207	851	1			260		other	0
10108017_1	164	Sound	59	4912706	844	1			260		other	0
10108017_1	164	Response	1	4916161	4299	1
10108017_1	165	Sound	59	4930205	838	1			260		other	0
10108017_1	165	Response	1	4933440	4073	1
10108017_1	166	Sound	53	4949204	664	1			260		other	0
10108017_1	166	Response	1	4952399	3859	1
10108017_1	167	Sound	50	4968203	824	1			260		other	0
10108017_1	168	Sound	53	4996701	981	1			260		other	0
10108017_1	169	Sound	57	5020199	973	1			260		other	0
10108017_1	169	Response	1	5025194	5967	1
10108017_1	170	Sound	60	5047698	963	1			260		other	0
10108017_1	170	Response	1	5049593	2858	1
10108017_1	171	Sound	56	5072196	621	1			260		other	0
10108017_1	172	Sound	50	5095195	946	1			260		other	0
10108017_1	173	Sound	52	5121193	936	1			260		other	0
10108017_1	175	Response	255	5159506	17663	1
10108017_1	177	Sound	12	5232686	897	1			260		other	0
10108017_1	178	Sound	10	5258184	721	1			260		other	0
10108017_1	179	Sound	19	5281683	1046	1			260		other	0
10108017_1	179	Response	1	5285577	4940	1
10108017_1	180	Sound	13	5309681	703	1			260		other	0
10108017_1	181	Sound	18	5337679	1026	1			260		other	0
10108017_1	182	Sound	15	5365178	849	1			260		other	0
10108017_1	183	Sound	16	5382177	843	1			260		other	0
10108017_1	184	Sound	16	5397676	671	1			260		other	0
10108017_1	185	Sound	14	5422674	996	1			260		other	0
10108017_1	185	Response	1	5429248	7570	1
10108017_1	186	Sound	10	5441673	822	1			260		other	0
10108017_1	187	Sound	12	5460172	982	1			260		other	0
10108017_1	188	Sound	18	5486170	640	1			260		other	0
10108017_1	188	Response	1	5490444	4914	1
10108017_1	189	Sound	10	5505669	799	1			260		other	0
10108017_1	190	Sound	14	5532667	790	1			260		other	0
10108017_1	191	Sound	13	5558665	780	1			260		other	0
10108017_1	192	Sound	20	5578664	940	1			260		other	0
10108017_1	192	Response	1	5582838	5114	1
10108017_1	193	Sound	19	5602163	598	1			260		other	0
10108017_1	193	Response	1	5611476	9912	1
10108017_1	194	Sound	19	5628161	589	1			260		other	0
10108017_1	194	Response	1	5636115	8543	1
10108017_1	195	Sound	12	5650660	748	1			260		other	0
10108017_1	196	Sound	12	5675658	1072	1			260		other	0
10108017_1	197	Sound	15	5691657	733	1			260		other	0
10108017_1	198	Sound	20	5711156	893	1			260		other	0
10108017_1	198	Response	1	5714350	4086	1
10108017_1	199	Sound	15	5735654	717	1			260		other	0
10108017_1	200	Sound	20	5751653	1045	1			260		other	0
10108017_1	200	Response	1	5755387	4779	1
10108017_1	201	Sound	17	5772152	1038	1			260		other	0
10108017_1	201	Response	1	5779865	8751	1
10108017_1	202	Sound	11	5792651	864	1			260		other	0
10108017_1	203	Sound	17	5812650	690	1			260		other	0
10108017_1	203	Response	1	5818103	6144	1
10108017_1	204	Sound	19	5832648	849	1			260		other	0
10108017_1	204	Response	1	5836662	4863	1
10108017_1	205	Sound	18	5850147	1010	1			260		other	0
10108017_1	205	Response	1	5853701	4564	1
10108017_1	206	Sound	15	5866146	671	1			260		other	0
10108017_1	206	Response	1	5870100	4624	1
10108017_1	207	Sound	11	5891645	829	1			260		other	0
10108017_1	208	Sound	10	5913143	987	1			260		other	0
10108017_1	209	Sound	17	5939141	645	1			260		other	0
10108017_1	209	Response	1	5943935	5438	1
10108017_1	210	Sound	13	5964640	636	1			260		other	0
10108017_1	211	Sound	16	5983639	629	1			260		other	0
10108017_1	211	Response	1	5988012	5002	1
10108017_1	212	Sound	12	6003137	622	1			260		other	0
10108017_1	213	Sound	11	6022636	615	1			260		other	0
10108017_1	214	Sound	14	6040135	775	1			260		other	0
10108017_1	215	Sound	20	6055634	603	1			260		other	0
10108017_1	215	Response	1	6059447	4416	1
10108017_1	216	Sound	16	6081633	761	1			260		other	0
10108017_1	216	Response	1	6087686	6814	1
10108017_1	217	Sound	11	6102631	753	1			260		other	0
10108017_1	218	Sound	13	6129630	577	1			260		other	0
10108017_1	219	Sound	10	6147128	571	1			260		other	0
10108017_1	220	Sound	20	6168627	1063	1			260		other	0
10108017_1	220	Response	1	6173040	5476	1
10108017_1	221	Sound	15	6190126	722	1			260		other	0
10108017_1	222	Sound	13	6211124	715	1			260		other	0
10108017_1	223	Sound	17	6238623	705	1			260		other	0
10108017_1	224	Sound	14	6254622	866	1			260		other	0
10108017_1	225	Sound	18	6276120	858	1			260		other	0
10108017_1	225	Response	1	6282473	7211	1
10108017_1	226	Sound	14	6295119	851	1			260		other	0
10108017_1	227	Sound	16	6319118	676	1			260		other	0
10108017_1	228	Sound	18	6345116	833	1			260		other	0
10108017_1	228	Response	1	6348709	4427	1
10108017_1	229	Sound	17	6367615	659	1			260		other	0
10108017_1	229	Response	1	6372947	5991	1
10108017_1	230	Sound	19	6383614	820	1			260		other	0
10108017_1	230	Response	1	6387107	4313	1
10108017_1	231	Sound	11	6399613	981	1			260		other	0
10108017_1	233	Response	255	6823159	400106	1
10108017_1	235	Sound	11	6901581	802	1			260		other	0
10108017_1	236	Sound	12	6928079	792	1			260		other	0
10108017_1	237	Sound	19	6955078	782	1			260		other	0
10108017_1	237	Response	1	6960350	6055	1
10108017_1	238	Sound	17	6974076	942	1			260		other	0
10108017_1	238	Response	1	6976909	3775	1
10108017_1	239	Sound	10	6991575	769	1			260		other	0
10108017_1	240	Sound	13	7018574	593	1			260		other	0
10108017_1	241	Sound	18	7035572	754	1			260		other	0
10108017_1	241	Response	1	7039144	4326	1
10108017_1	242	Sound	10	7057571	746	1			260		other	0
10108017_1	243	Sound	11	7079070	572	1			260		other	0
10108017_1	244	Sound	19	7103068	896	1			260		other	0
10108017_1	244	Response	1	7106260	4088	1
10108017_1	245	Sound	19	7123567	889	1			260		other	0
10108017_1	245	Response	1	7127619	4941	1
10108017_1	246	Sound	14	7146565	881	1			260		other	0
10108017_1	247	Sound	16	7165564	1041	1			260		other	0
10108017_1	248	Sound	12	7192063	698	1			260		other	0
10108017_1	249	Sound	14	7217061	1023	1			260		other	0
10108017_1	250	Sound	16	7242559	847	1			260		other	0
10108017_1	251	Sound	16	7258559	841	1			260		other	0
10108017_1	252	Sound	15	7277057	668	1			260		other	0
10108017_1	252	Response	1	7282089	5699	1
10108017_1	253	Sound	20	7297056	827	1			260		other	0
10108017_1	253	Response	1	7301048	4819	1
10108017_1	254	Sound	14	7316055	820	1			260		other	0
10108017_1	255	Sound	17	7339553	979	1			260		other	0
10108017_1	255	Response	1	7344325	5750	1
10108017_1	256	Sound	17	7367052	636	1			260		other	0
10108017_1	256	Response	1	7372323	5907	1
10108017_1	257	Sound	17	7395550	625	1			260		other	0
10108017_1	257	Response	1	7398721	3797	1
10108017_1	258	Sound	15	7424048	782	1			260		other	0
10108017_1	259	Sound	11	7449046	940	1			260		other	0
10108017_1	260	Sound	19	7465046	601	1			260		other	0
10108017_1	260	Response	1	7469277	4832	1
10108017_1	261	Sound	13	7484044	928	1			260		other	0
10108017_1	261	Response	1	7490876	7759	1
10108017_1	262	Sound	16	7501043	754	1			260		other	0
10108017_1	263	Sound	13	7524042	913	1			260		other	0
10108017_1	264	Sound	19	7545540	905	1			260		other	0
10108017_1	264	Response	1	7549432	4797	1
10108017_1	265	Sound	12	7562039	733	1			260		other	0
10108017_1	266	Sound	17	7581538	892	1			260		other	0
10108017_1	266	Response	1	7585269	4624	1
10108017_1	267	Sound	18	7605037	884	1			260		other	0
10108017_1	267	Response	1	7607988	3835	1
10108017_1	268	Sound	13	7622536	711	1			260		other	0
10108017_1	269	Sound	10	7638035	706	1			260		other	0
10108017_1	270	Sound	20	7656533	1032	1			260		other	0
10108017_1	271	Sound	15	7677032	692	1			260		other	0
10108017_1	272	Sound	10	7701031	850	1			260		other	0
10108017_1	273	Sound	10	7721529	843	1			260		other	0
10108017_1	274	Sound	11	7748528	666	1			260		other	0
10108017_1	275	Sound	16	7766027	994	1			260		other	0
10108017_1	276	Sound	12	7782026	988	1			260		other	0
10108017_1	277	Sound	20	7809024	645	1			260		other	0
10108017_1	277	Response	1	7812695	4316	1
10108017_1	278	Sound	13	7826523	805	1			260		other	0
10108017_1	279	Sound	20	7854521	795	1			260		other	0
10108017_1	279	Response	1	7857412	3686	1
10108017_1	280	Sound	20	7880519	952	1			260		other	0
10108017_1	281	Sound	14	7905518	610	1			260		other	0
10108017_1	282	Sound	18	7923017	604	1			260		other	0
10108017_1	282	Response	1	7928447	6035	1
10108017_1	283	Sound	18	7949015	762	1			260		other	0
10108017_1	283	Response	1	7961645	13392	1
10108017_1	284	Sound	15	7975513	919	1			260		other	0
10108017_1	285	Sound	14	7998512	577	1			260		other	0
10108017_1	286	Sound	15	8014511	905	1			260		other	0
10108017_1	287	Sound	11	8032510	732	1			260		other	0
10108017_1	288	Sound	12	8048509	726	1			260		other	0
10108017_1	289	Sound	18	8068008	1052	1			260		other	0
10108017_1	291	Response	255	8109556	13846	1
10108017_1	293	Sound	14	8180000	846	1			260		other	0
10108017_1	294	Sound	19	8205999	1003	1			260		other	0
10108017_1	294	Response	1	8210029	5034	1
10108017_1	295	Sound	18	8224498	830	1			260		other	0
10108017_1	296	Sound	16	8243496	990	1			260		other	0
10108017_1	296	Response	1	8247387	4880	1
10108017_1	297	Sound	13	8265995	648	1			260		other	0
10108017_1	298	Sound	18	8283494	642	1			260		other	0
10108017_1	298	Response	1	8287784	4933	1
10108017_1	299	Sound	10	8306992	634	1			260		other	0
10108017_1	300	Sound	10	8330491	959	1			260		other	0
10108017_1	301	Sound	13	8346490	786	1			260		other	0
10108017_1	302	Sound	13	8366489	779	1			260		other	0
10108017_1	303	Sound	18	8392487	770	1			260		other	0
10108017_1	304	Sound	17	8416486	928	1			260		other	0
10108017_1	304	Response	1	8425615	10058	1
10108017_1	305	Sound	16	8435484	755	1			260		other	0
10108017_1	305	Response	1	8440655	5925	1
10108017_1	306	Sound	18	8461983	745	1			260		other	0
10108017_1	307	Sound	19	8481981	1071	1			260		other	0
10108017_1	307	Response	1	8488971	8061	1
10108017_1	308	Sound	20	8505480	896	1			260		other	0
10108017_1	308	Response	1	8508410	3827	1
10108017_1	309	Sound	14	8532478	887	1			260		other	0
10108017_1	310	Sound	11	8557477	878	1			260		other	0
10108017_1	311	Sound	12	8581475	869	1			260		other	0
10108017_1	312	Sound	17	8603474	861	1			260		other	0
10108017_1	312	Response	1	8605364	2751	1
10108017_1	313	Sound	17	8630472	852	1			260		other	0
10108017_1	313	Response	1	8634402	4782	1
10108017_1	314	Sound	15	8658470	675	1			260		other	0
10108017_1	314	Response	1	8663040	5245	1
10108017_1	315	Sound	15	8679469	667	1			260		other	0
10108017_1	316	Sound	16	8707467	824	1			260		other	0
10108017_1	316	Response	1	8712877	6234	1
10108017_1	317	Sound	10	8727466	817	1			260		other	0
10108017_1	318	Sound	20	8746965	977	1			260		other	0
10108017_1	318	Response	1	8749754	3767	1
10108017_1	319	Sound	19	8771963	634	1			260		other	0
10108017_1	319	Response	1	8776633	5304	1
10108017_1	320	Sound	15	8797462	625	1			260		other	0
10108017_1	321	Sound	11	8824460	949	1			260		other	0
10108017_1	322	Sound	12	8847958	774	1			260		other	0
10108017_1	323	Sound	13	8875957	764	1			260		other	0
10108017_1	324	Sound	11	8898955	756	1			260		other	0
10108017_1	325	Sound	14	8925453	580	1			260		other	0
10108017_1	326	Sound	20	8945452	739	1			260		other	0
10108017_1	326	Response	1	8950942	6229	1
10108017_1	327	Sound	19	8960951	567	1			260		other	0
10108017_1	328	Sound	16	8986450	1058	1			260		other	0
10108017_1	329	Sound	18	9003949	1052	1			260		other	0
10108017_1	329	Response	1	9009978	7081	1
10108017_1	330	Sound	12	9030947	1042	1			260		other	0
10108017_1	331	Sound	14	9049946	869	1			260		other	0
10108017_1	332	Sound	15	9077444	1026	1			260		other	0
10108017_1	333	Sound	13	9097943	1018	1			260		other	0
10108017_1	334	Sound	10	9114442	679	1			260		other	0
10108017_1	335	Sound	12	9138940	837	1			260		other	0
10108017_1	336	Sound	15	9157939	664	1			260		other	0
10108017_1	337	Sound	19	9185437	654	1			260		other	0
10108017_1	338	Sound	17	9212935	644	1			260		other	0
10108017_1	339	Sound	12	9231934	971	1			260		other	0
10108017_1	340	Sound	20	9248933	964	1			260		other	0
10108017_1	341	Sound	20	9272932	789	1			260		other	0
10108017_1	342	Sound	11	9290430	616	1			260		other	0
10108017_1	343	Sound	11	9315929	941	1			260		other	0
10108017_1	344	Sound	10	9333928	768	1			260		other	0
10108017_1	345	Sound	16	9353926	760	1			260		other	0
10108017_1	346	Sound	14	9379925	751	1			260		other	0
10108017_1	347	Sound	17	9395424	579	1			260		other	0
10108017_1	349	Response	255	9555383	141119	1
10108017_1	351	Sound	34	9624409	831	1			260		other	0
10108017_1	352	Sound	39	9650908	654	1			260		other	0
10108017_1	352	Response	1	9658256	8003	1
10108017_1	353	Sound	40	9676406	645	1			260		other	0
10108017_1	353	Response	1	9679215	3454	1
10108017_1	354	Sound	32	9701405	970	1			260		other	0
10108017_1	355	Sound	34	9726903	961	1			260		other	0
10108017_1	356	Sound	40	9754401	617	1			260		other	0
10108017_1	356	Response	1	9757450	3666	1
10108017_1	357	Sound	36	9780400	775	1			260		other	0
10108017_1	358	Sound	39	9805898	766	1			260		other	0
10108017_1	358	Response	1	9810086	4954	1
10108017_1	359	Sound	38	9826397	758	1			260		other	0
10108017_1	359	Response	1	9831925	6287	1
10108017_1	360	Sound	38	9851895	916	1			260		other	0
10108017_1	361	Sound	37	9872394	742	1			260		other	0
10108017_1	361	Response	1	9876242	4590	1
10108017_1	362	Sound	31	9895892	900	1			260		other	0
10108017_1	362	Response	1	9899841	4849	1
10108017_1	363	Sound	33	9914891	894	1			260		other	0
10108017_1	364	Sound	32	9940390	718	1			260		other	0
10108017_1	365	Sound	38	9960388	711	1			260		other	0
10108017_1	365	Response	1	9965356	5679	1
10108017_1	366	Sound	32	9984387	1036	1			260		other	0
10108017_1	367	Sound	35	10012385	692	1			260		other	0
10108017_1	367	Response	1	10016073	4380	1
10108017_1	368	Sound	34	10034884	1018	1			260		other	0
10108017_1	368	Response	1	10038152	4286	1
10108017_1	369	Sound	34	10059382	675	1			260		other	0
10108017_1	370	Sound	30	10079881	1002	1			260		other	0
10108017_1	371	Sound	35	10099380	828	1			260		other	0
10108017_1	372	Sound	37	10123378	986	1			260		other	0
10108017_1	373	Sound	30	10148876	977	1			260		other	0
10108017_1	374	Sound	40	10172875	802	1			260		other	0
10108017_1	374	Response	1	10176383	4309	1
10108017_1	375	Sound	32	10195874	627	1			260		other	0
10108017_1	376	Sound	39	10224372	617	1			260		other	0
10108017_1	376	Response	1	10228380	4624	1
10108017_1	377	Sound	40	10241371	944	1			260		other	0
10108017_1	377	Response	1	10244139	3712	1
10108017_1	378	Sound	35	10269369	767	1			260		other	0
10108017_1	379	Sound	31	10290368	760	1			260		other	0
10108017_1	380	Sound	40	10313866	585	1			260		other	0
10108017_1	380	Response	1	10317494	4212	1
10108017_1	381	Sound	30	10336365	577	1			260		other	0
10108017_1	382	Sound	38	10365863	900	1			260		other	0
10108017_1	382	Response	1	10370370	5407	1
10108017_1	383	Sound	33	10386861	1059	1			260		other	0
10108017_1	384	Sound	31	10409360	1051	1			260		other	0
10108017_1	385	Sound	31	10434858	708	1			260		other	0
10108017_1	386	Sound	36	10461357	699	1			260		other	0
10108017_1	387	Sound	36	10479856	1026	1			260		other	0
10108017_1	388	Sound	30	10502354	851	1			260		other	0
10108017_1	389	Sound	36	10522353	1011	1			260		other	0
10108017_1	390	Sound	32	10539852	837	1			260		other	0
10108017_1	391	Sound	33	10565350	662	1			260		other	0
10108017_1	392	Sound	35	10587849	987	1			260		other	0
10108017_1	393	Sound	39	10611347	645	1			260		other	0
10108017_1	393	Response	1	10615715	5013	1
10108017_1	394	Sound	33	10631846	805	1			260		other	0
10108017_1	395	Sound	36	10655844	629	1			260		other	0
10108017_1	396	Sound	37	10684343	619	1			260		other	0
10108017_1	396	Response	1	10688830	5106	1
10108017_1	397	Sound	30	10703342	946	1			260		other	0
10108017_1	398	Sound	31	10732340	602	1			260		other	0
10108017_1	399	Sound	34	10753838	594	1			260		other	0
10108017_1	400	Sound	39	10778337	586	1			260		other	0
10108017_1	401	Sound	37	10806835	1076	1			260		other	0
10108017_1	402	Sound	38	10829334	1068	1			260		other	0
10108017_1	403	Sound	33	10846833	729	1			260		other	0
10108017_1	404	Sound	35	10867331	721	1			260		other	0
10108017_1	405	Sound	37	10888330	713	1			260		other	0
10108017_1	407	Response	255	11286552	375848	1
10108017_1	409	Sound	19	11358800	879	1			260		other	0
10108017_1	410	Sound	18	11382299	870	1			260		other	0
10108017_1	411	Sound	15	11407797	695	1			260		other	0
10108017_1	411	Response	1	11411264	4161	1
10108017_1	412	Sound	14	11424796	1022	1			260		other	0
10108017_1	413	Sound	12	11440795	1016	1			260		other	0
10108017_1	413	Response	1	11447261	7482	1
10108017_1	414	Sound	13	11465293	841	1			260		other	0
10108017_1	415	Sound	20	11493292	831	1			260		other	0
10108017_1	415	Response	1	11496458	3997	1
10108017_1	416	Sound	13	11516790	822	1			260		other	0
10108017_1	417	Sound	15	11541789	647	1			260		other	0
10108017_1	418	Sound	20	11566287	638	1			260		other	0
10108017_1	418	Response	1	11569653	4004	1
10108017_1	419	Sound	11	11587286	797	1			260		other	0
10108017_1	420	Sound	14	11610784	956	1			260		other	0
10108017_1	421	Sound	18	11634783	614	1			260		other	0
10108017_1	421	Response	1	11638609	4440	1
10108017_1	422	Sound	18	11653282	940	1			260		other	0
10108017_1	422	Response	1	11657008	4666	1
10108017_1	423	Sound	12	11669781	934	1			260		other	0
10108017_1	424	Sound	10	11694279	926	1			260		other	0
10108017_1	425	Sound	11	11715778	918	1			260		other	0
10108017_1	426	Sound	18	11736276	577	1			260		other	0
10108017_1	426	Response	1	11740682	4983	1
10108017_1	427	Sound	14	11763775	901	1			260		other	0
10108017_1	427	Response	1	11768600	5727	1
10108017_1	428	Sound	15	11787773	1059	1			260		other	0
10108017_1	429	Sound	17	11815272	883	1			260		other	0
10108017_1	429	Response	1	11821077	6688	1
10108017_1	430	Sound	12	11841770	706	1			260		other	0
10108017_1	431	Sound	10	11865268	865	1			260		other	0
10108017_1	432	Sound	16	11883267	692	1			260		other	0
10108017_1	432	Response	1	11888513	5937	1
10108017_1	433	Sound	14	11900266	1019	1			260		other	0
10108017_1	433	Response	1	11903792	4545	1
10108017_1	434	Sound	18	11915765	680	1			260		other	0
10108017_1	434	Response	1	11918911	3826	1
10108017_1	435	Sound	20	11942764	837	1			260		other	0
10108017_1	435	Response	1	11945549	3623	1
10108017_1	436	Sound	10	11964262	663	1			260		other	0
10108017_1	437	Sound	20	11989261	654	1			260		other	0
10108017_1	437	Response	1	11991866	3260	1
10108017_1	438	Sound	13	12016759	978	1			260		other	0
10108017_1	439	Sound	11	12033758	638	1			260		other	0
10108017_1	440	Sound	19	12050257	966	1			260		other	0
10108017_1	440	Response	1	12057142	7851	1
10108017_1	441	Sound	16	12073255	957	1			260		other	0
10108017_1	441	Response	1	12078581	6283	1
10108017_1	442	Sound	17	12091254	951	1			260		other	0
10108017_1	442	Response	1	12095219	4916	1
10108017_1	443	Sound	16	12118752	608	1			260		other	0
10108017_1	443	Response	1	12122258	4113	1
10108017_1	444	Sound	17	12138251	934	1			260		other	0
10108017_1	445	Sound	14	12159750	593	1			260		other	0
10108017_1	446	Sound	16	12186248	750	1			260		other	0
10108017_1	446	Response	1	12191293	5796	1
10108017_1	447	Sound	10	12209247	575	1			260		other	0
10108017_1	448	Sound	17	12226746	903	1			260		other	0
10108017_1	449	Sound	11	12246244	896	1			260		other	0
10108017_1	450	Sound	19	12272243	886	1			260		other	0
10108017_1	450	Response	1	12279128	7771	1
10108017_1	451	Sound	12	12300241	876	1			260		other	0
10108017_1	452	Sound	19	12320240	869	1			260		other	0
10108017_1	452	Response	1	12325205	5834	1
10108017_1	453	Sound	12	12342238	1028	1			260		other	0
10108017_1	454	Sound	13	12361737	854	1			260		other	0
10108017_1	455	Sound	15	12379236	848	1			260		other	0
10108017_1	455	Response	1	12383761	5373	1
10108017_1	456	Sound	15	12395235	676	1			260		other	0
10108017_1	457	Sound	13	12412734	669	1			260		other	0
10108017_1	458	Sound	17	12431733	663	1			260		other	0
10108017_1	458	Response	1	12435918	4848	1
10108017_1	459	Sound	16	12452731	655	1			260		other	0
10108017_1	459	Response	1	12457596	5520	1
10108017_1	460	Sound	19	12469730	649	1			260		other	0
10108017_1	460	Response	1	12473995	4914	1
10108017_1	461	Sound	20	12497229	806	1			260		other	0
10108017_1	461	Response	1	12499914	3491	1
10108017_1	462	Sound	11	12519727	965	1			260		other	0
10108017_1	463	Sound	10	12536226	959	1			260		other	0
10108017_1	465	Response	255	12884369	326515	1
10108017_1	467	Sound	57	12954700	976	1			260		other	0
10108017_1	467	Response	1	12960844	7120	1
10108017_1	468	Sound	50	12979698	967	1			260		other	0
10108017_1	469	Sound	55	13006197	791	1			260		other	0
10108017_1	470	Sound	57	13034695	614	1			260		other	0
10108017_1	470	Response	1	13038199	4119	1
10108017_1	471	Sound	58	13052694	941	1			260		other	0
10108017_1	471	Response	1	13055877	4125	1
10108017_1	472	Sound	50	13074192	934	1			260		other	0
10108017_1	473	Sound	59	13096191	592	1			260		other	0
10108017_1	473	Response	1	13100035	4437	1
10108017_1	474	Sound	52	13115190	919	1			260		other	0
10108017_1	475	Sound	51	13136688	912	1			260		other	0
10108017_1	476	Sound	59	13157187	737	1			260		other	0
10108017_1	476	Response	1	13160511	4062	1
10108017_1	477	Sound	52	13186685	1060	1			260		other	0
10108017_1	478	Sound	55	13215683	883	1			260		other	0
10108017_1	479	Sound	51	13238182	709	1			260		other	0
10108017_1	480	Sound	53	13260681	867	1			260		other	0
10108017_1	481	Sound	53	13280679	860	1			260		other	0
10108017_1	482	Sound	59	13302178	686	1			260		other	0
10108017_1	482	Response	1	13305542	4050	1
10108017_1	483	Sound	50	13329176	1009	1			260		other	0
10108017_1	484	Sound	57	13348675	1002	1			260		other	0
10108017_1	485	Sound	52	13369674	995	1			260		other	0
10108017_1	485	Response	1	13373057	4379	1
10108017_1	486	Sound	51	13395172	986	1			260		other	0
10108017_1	487	Sound	54	13424670	975	1			260		other	0
10108017_1	488	Sound	54	13443169	802	1			260		other	0
10108017_1	489	Sound	60	13469667	626	1			260		other	0
10108017_1	489	Response	1	13472891	3850	1
10108017_1	490	Sound	55	13494166	951	1			260		other	0
10108017_1	491	Sound	57	13516664	776	1			260		other	0
10108017_1	491	Response	1	13521368	5479	1
10108017_1	492	Sound	53	13535663	603	1			260		other	0
10108017_1	493	Sound	51	13561162	927	1			260		other	0
10108017_1	494	Sound	56	13578660	587	1			260		other	0
10108017_1	494	Response	1	13583844	5771	1
10108017_1	495	Sound	59	13605659	577	1			260		other	0
10108017_1	495	Response	1	13609842	4761	1
10108017_1	496	Sound	54	13623158	905	1			260		other	0
10108017_1	497	Sound	51	13651656	1061	1			260		other	0
10108017_1	498	Sound	52	13671655	721	1			260		other	0
10108017_1	499	Sound	58	13692653	1047	1			260		other	0
10108017_1	499	Response	1	13696556	4950	1
10108017_1	500	Sound	50	13719652	1037	1			260		other	0
10108017_1	501	Sound	56	13746650	861	1			260		other	0
10108017_1	501	Response	1	13752233	6444	1
10108017_1	502	Sound	59	13773648	851	1			260		other	0
10108017_1	502	Response	1	13777831	5034	1
10108017_1	503	Sound	58	13798147	842	1			260		other	0
10108017_1	503	Response	1	13800790	3485	1
10108017_1	504	Sound	56	13815646	669	1			260		other	0
10108017_1	505	Sound	60	13835144	829	1			260		other	0
10108017_1	505	Response	1	13837427	3112	1
10108017_1	506	Sound	60	13855143	989	1			260		other	0
10108017_1	506	Response	1	13857586	3432	1
10108017_1	507	Sound	53	13871642	983	1			260		other	0
10108017_1	508	Sound	58	13888641	643	1			260		other	0
10108017_1	508	Response	1	13896464	8466	1
10108017_1	509	Sound	55	13913639	968	1			260		other	0
10108017_1	510	Sound	60	13935138	793	1			260		other	0
10108017_1	510	Response	1	13937901	3557	1
10108017_1	511	Sound	58	13959136	951	1			260		other	0
10108017_1	512	Sound	60	13977135	612	1			260		other	0
10108017_1	512	Response	1	13979418	2895	1
10108017_1	513	Sound	50	13999634	937	1			260		other	0
10108017_1	514	Sound	56	14025132	761	1			260		other	0
10108017_1	514	Response	1	14028775	4404	1
10108017_1	515	Sound	57	14052131	918	1			260		other	0
10108017_1	515	Response	1	14056373	5161	1
10108017_1	516	Sound	52	14073129	744	1			260		other	0
10108017_1	517	Sound	54	14090128	905	1			260		other	0
10108017_1	518	Sound	54	14112127	730	1			260		other	0
10108017_1	519	Sound	56	14133625	1056	1			260		other	0
10108017_1	519	Response	1	14138928	6359	1
10108017_1	520	Sound	55	14153624	1049	1			260		other	0
10108017_1	520	Response	1	14158527	5951	1
10108017_1	521	Sound	53	14177623	873	1			260		other	0
10108017_1	523	Response	255	14370913	169410	1
10108017_1	525	Sound	32	14447606	610	1			260		other	0
10108017_1	526	Sound	39	14472104	935	1			260		other	0
10108017_1	526	Response	1	14476426	5257	1
10108017_1	527	Sound	39	14497103	593	1			260		other	0
10108017_1	527	Response	1	14501545	5035	1
10108017_1	528	Sound	34	14521601	918	1			260		other	0
10108017_1	529	Sound	32	14540600	577	1			260		other	0
10108017_1	530	Sound	39	14562599	1070	1			260		other	0
10108017_1	530	Response	1	14566820	5292	1
10108017_1	531	Sound	31	14587597	894	1			260		other	0
10108017_1	532	Sound	34	14616095	884	1			260		other	0
10108017_1	533	Sound	33	14636594	710	1			260		other	0
10108017_1	534	Sound	38	14657593	702	1			260		other	0
10108017_1	534	Response	1	14663134	6244	1
10108017_1	535	Sound	36	14681591	860	1			260		other	0
10108017_1	536	Sound	33	14700590	854	1			260		other	0
10108017_1	537	Sound	37	14722089	1013	1			260		other	0
10108017_1	537	Response	1	14727130	6055	1
10108017_1	538	Sound	30	14738587	840	1			260		other	0
10108017_1	539	Sound	34	14768086	996	1			260		other	0
10108017_1	540	Sound	36	14787084	656	1			260		other	0
10108017_1	541	Sound	37	14810583	648	1			260		other	0
10108017_1	542	Sound	32	14837081	638	1			260		other	0
10108017_1	543	Sound	35	14856580	965	1			260		other	0
10108017_1	544	Sound	33	14878579	957	1			260		other	0
10108017_1	545	Sound	40	14899077	783	1			260		other	0
10108017_1	545	Response	1	14903439	5144	1
10108017_1	546	Sound	36	14927076	773	1			260		other	0
10108017_1	547	Sound	38	14954074	597	1			260		other	0
10108017_1	548	Sound	36	14972573	924	1			260		other	0
10108017_1	549	Sound	39	14994571	749	1			260		other	0
10108017_1	550	Sound	37	15014570	908	1			260		other	0
10108017_1	551	Sound	34	15032069	735	1			260		other	0
10108017_1	552	Sound	38	15058567	1059	1			260		other	0
10108017_1	553	Sound	32	15087065	883	1			260		other	0
10108017_1	554	Sound	35	15103564	710	1			260		other	0
10108017_1	555	Sound	30	15121063	704	1			260		other	0
10108017_1	556	Sound	39	15144062	1029	1			260		other	0
10108017_1	556	Response	1	15148063	5030	1
10108017_1	557	Sound	40	15162561	856	1			260		other	0
10108017_1	557	Response	1	15165342	3637	1
10108017_1	558	Sound	31	15179560	683	1			260		other	0
10108017_1	559	Sound	31	15199558	842	1			260		other	0
10108017_1	560	Sound	40	15222557	1001	1			260		other	0
10108017_1	560	Response	1	15225018	3462	1
10108017_1	561	Sound	35	15244056	993	1			260		other	0
10108017_1	562	Sound	37	15272554	817	1			260		other	0
10108017_1	563	Sound	40	15292552	809	1			260		other	0
10108017_1	563	Response	1	15295094	3351	1
10108017_1	564	Sound	30	15317051	800	1			260		other	0
10108017_1	565	Sound	40	15336050	794	1			260		other	0
10108017_1	565	Response	1	15338771	3515	1
10108017_1	566	Sound	34	15361048	785	1			260		other	0
10108017_1	567	Sound	30	15379047	612	1			260		other	0
10108017_1	568	Sound	36	15407545	935	1			260		other	0
10108017_1	568	Response	1	15411326	4716	1
10108017_1	569	Sound	35	15426544	595	1			260		other	0
10108017_1	570	Sound	38	15447043	754	1			260		other	0
10108017_1	571	Sound	38	15469541	913	1			260		other	0
10108017_1	572	Sound	30	15496040	737	1			260		other	0
10108017_1	573	Sound	32	15519038	1062	1			260		other	0
10108017_1	574	Sound	37	15544037	886	1			260		other	0
10108017_1	575	Sound	31	15561536	880	1			260		other	0
10108017_1	576	Sound	33	15583534	705	1			260		other	0
10108017_1	577	Sound	33	15605533	864	1			260		other	0
10108017_1	578	Sound	35	15634531	1021	1			260		other	0
10108017_1	579	Sound	31	15653530	847	1			260		other	0
10108017_1	581	Response	255	16226954	556353	1
10108017_1	583	Sound	32	16306989	781	1			260		other	0
10108017_1	584	Sound	40	16323488	942	1			260		other	0
10108017_1	584	Response	1	16326547	4001	1
10108017_1	585	Sound	33	16352986	931	1			260		other	0
10108017_1	586	Sound	34	16369485	592	1			260		other	0
10108017_1	587	Sound	39	16389983	751	1			260		other	0
10108017_1	588	Sound	34	16416482	908	1			260		other	0
10108017_1	589	Sound	39	16433481	902	1			260		other	0
10108017_1	590	Sound	32	16452479	896	1			260		other	0
10108017_1	591	Sound	36	16469978	1056	1			260		other	0
10108017_1	592	Sound	40	16487477	883	1			260		other	0
10108017_1	592	Response	1	16492377	5783	1
10108017_1	593	Sound	40	16508976	876	1			260		other	0
10108017_1	593	Response	1	16512455	4355	1
10108017_1	594	Sound	34	16526975	702	1			260		other	0
10108017_1	595	Sound	40	16548973	861	1			260		other	0
10108017_1	595	Response	1	16552693	4581	1
10108017_1	596	Sound	35	16571472	1020	1			260		other	0
10108017_1	597	Sound	33	16599970	843	1			260		other	0
10108017_1	598	Sound	32	16620969	669	1			260		other	0
10108017_1	599	Sound	39	16638468	996	1			260		other	0
10108017_1	599	Response	1	16645967	8495	1
10108017_1	600	Sound	36	16659466	988	1			260		other	0
10108017_1	601	Sound	35	16688465	645	1			260		other	0
10108017_1	602	Sound	34	16713463	636	1			260		other	0
10108017_1	603	Sound	30	16741961	792	1			260		other	0
10108017_1	604	Sound	32	16766460	617	1			260		other	0
10108017_1	605	Sound	30	16794458	607	1			260		other	0
10108017_1	606	Sound	40	16811957	768	1			260		other	0
10108017_1	606	Response	1	16814596	3407	1
10108017_1	607	Sound	33	16835955	592	1			260		other	0
10108017_1	608	Sound	31	16861454	916	1			260		other	0
10108017_1	609	Sound	35	16880453	910	1			260		other	0
10108017_1	610	Sound	31	16909951	899	1			260		other	0
10108017_1	611	Sound	35	16934949	1057	1			260		other	0
10108017_1	612	Sound	35	16962947	1047	1			260		other	0
10108017_1	613	Sound	37	16981946	707	1			260		other	0
10108017_1	614	Sound	30	17007445	1031	1			260		other	0
10108017_1	615	Sound	37	17025943	858	1			260		other	0
10108017_1	616	Sound	33	17044442	684	1			260		other	0
10108017_1	617	Sound	31	17069441	1009	1			260		other	0
10108017_1	618	Sound	32	17098439	832	1			260		other	0
10108017_1	619	Sound	36	17117938	658	1			260		other	0
10108017_1	620	Sound	36	17141436	983	1			260		other	0
10108017_1	621	Sound	39	17165935	641	1			260		other	0
10108017_1	622	Sound	36	17190933	966	1			260		other	0
10108017_1	623	Sound	30	17210432	792	1			260		other	0
10108017_1	624	Sound	33	17231430	951	1			260		other	0
10108017_1	625	Sound	37	17250429	778	1			260		other	0
10108017_1	626	Sound	38	17267928	938	1			260		other	0
10108017_1	627	Sound	39	17296426	928	1			260		other	0
10108017_1	628	Sound	37	17313925	755	1			260		other	0
10108017_1	629	Sound	30	17333424	748	1			260		other	0
10108017_1	630	Sound	38	17349923	909	1			260		other	0
10108017_1	631	Sound	34	17371422	568	1			260		other	0
10108017_1	632	Sound	37	17400420	891	1			260		other	0
10108017_1	633	Sound	38	17416919	719	1			260		other	0
10108017_1	634	Sound	38	17435918	878	1			260		other	0
10108017_1	635	Sound	31	17453916	705	1			260		other	0
10108017_1	636	Sound	31	17473915	1031	1			260		other	0
10108017_1	637	Sound	38	17499914	1022	1			260		other	0
10108017_1	639	Response	255	20702346	3182202	1
10108017_1	641	Sound	38	20777707	687	1			260		other	0
10108017_1	642	Sound	35	20801706	1012	1			260		other	0
10108017_1	643	Sound	38	20823204	1004	1			260		other	0
10108017_1	644	Sound	33	20840703	831	1			260		other	0
10108017_1	645	Sound	32	20860702	824	1			260		other	0
10108017_1	646	Sound	38	20890200	980	1			260		other	0
10108017_1	647	Sound	39	20906699	641	1			260		other	0
10108017_1	648	Sound	34	20928198	633	1			260		other	0
10108017_1	649	Sound	37	20949696	792	1			260		other	0
10108017_1	650	Sound	36	20972695	951	1			260		other	0
10108017_1	651	Sound	33	20993194	610	1			260		other	0
10108017_1	652	Sound	38	21011692	770	1			260		other	0
10108017_1	652	Response	1	21018246	7323	1
10108017_1	653	Sound	39	21035691	595	1			260		other	0
10108017_1	654	Sound	37	21054690	921	1			260		other	0
10108017_1	655	Sound	31	21080188	912	1			260		other	0
10108017_1	656	Sound	33	21106186	736	1			260		other	0
10108017_1	657	Sound	30	21125685	1063	1			260		other	0
10108017_1	658	Sound	40	21146684	722	1			260		other	0
10108017_1	658	Response	1	21150157	4195	1
10108017_1	659	Sound	34	21172682	1046	1			260		other	0
10108017_1	660	Sound	36	21202180	1036	1			260		other	0
10108017_1	660	Response	1	21208233	7089	1
10108017_1	661	Sound	37	21227679	693	1			260		other	0
10108017_1	661	Response	1	21235112	8126	1
10108017_1	662	Sound	31	21245178	687	1			260		other	0
10108017_1	663	Sound	36	21274176	843	1			260		other	0
10108017_1	664	Sound	34	21297174	668	1			260		other	0
10108017_1	665	Sound	33	21313673	662	1			260		other	0
10108017_1	666	Sound	39	21340172	653	1			260		other	0
10108017_1	667	Sound	40	21358171	813	1			260		other	0
10108017_1	667	Response	1	21362304	4946	1
10108017_1	668	Sound	32	21375169	640	1			260		other	0
10108017_1	669	Sound	32	21401168	964	1			260		other	0
10108017_1	670	Sound	39	21425166	956	1			260		other	0
10108017_1	670	Response	1	21430619	6409	1
10108017_1	671	Sound	32	21447665	948	1			260		other	0
10108017_1	672	Sound	35	21465164	775	1			260		other	0
10108017_1	673	Sound	30	21485662	934	1			260		other	0
10108017_1	674	Sound	38	21513661	591	1			260		other	0
10108017_1	674	Response	1	21519334	6264	1
10108017_1	675	Sound	31	21538159	916	1			260		other	0
10108017_1	676	Sound	30	21555158	909	1			260		other	0
10108017_1	677	Sound	37	21574157	1069	1			260		other	0
10108017_1	678	Sound	36	21591156	897	1			260		other	0
10108017_1	679	Sound	36	21616154	888	1			260		other	0
10108017_1	680	Sound	40	21643653	711	1			260		other	0
10108017_1	680	Response	1	21646445	3504	1
10108017_1	681	Sound	31	21660651	872	1			260		other	0
10108017_1	682	Sound	33	21686650	1029	1			260		other	0
10108017_1	683	Sound	40	21708648	855	1			260		other	0
10108017_1	683	Response	1	21711321	3528	1
10108017_1	684	Sound	37	21727147	848	1			260		other	0
10108017_1	685	Sound	30	21755146	672	1			260		other	0
10108017_1	686	Sound	35	21772144	832	1			260		other	0
10108017_1	687	Sound	35	21794643	991	1			260		other	0
10108017_1	688	Sound	30	21816642	816	1			260		other	0
10108017_1	689	Sound	34	21837140	642	1			260		other	0
10108017_1	690	Sound	31	21860639	801	1			260		other	0
10108017_1	691	Sound	40	21881638	626	1			260		other	0
10108017_1	691	Response	1	21885630	4619	1
10108017_1	692	Sound	32	21904136	952	1			260		other	0
10108017_1	693	Sound	35	21923635	611	1			260		other	0
10108017_1	694	Sound	34	21942134	605	1			260		other	0
10108017_1	695	Sound	39	21960633	598	1			260		other	0
10108017_1	695	Response	1	21965785	5750	1
10108017_1	697	Response	255	22013622	34168	1
10108017_1	699	Sound	52	22083125	721	1			260		other	0
10108017_1	700	Sound	57	22109623	712	1			260		other	0
10108017_1	701	Sound	53	22126622	706	1			260		other	0
10108017_1	702	Sound	55	22143121	1033	1			260		other	0
10108017_1	703	Sound	58	22171119	1023	1			260		other	0
10108017_1	704	Sound	58	22195618	848	1			260		other	0
10108017_1	705	Sound	59	22215117	1008	1			260		other	0
10108017_1	705	Response	1	22218969	4860	1
10108017_1	706	Sound	55	22236115	667	1			260		other	0
10108017_1	706	Response	1	22239527	4078	1
10108017_1	707	Sound	57	22256614	659	1			260		other	0
10108017_1	707	Response	1	22259606	3651	1
10108017_1	708	Sound	59	22279112	985	1			260		other	0
10108017_1	708	Response	1	22284484	6357	1
10108017_1	709	Sound	51	22298611	644	1			260		other	0
10108017_1	710	Sound	60	22325110	635	1			260		other	0
10108017_1	710	Response	1	22328002	3527	1
10108017_1	711	Sound	58	22345608	628	1			260		other	0
10108017_1	712	Sound	59	22372607	785	1			260		other	0
10108017_1	712	Response	1	22375598	3776	1
10108017_1	713	Sound	52	22393605	777	1			260		other	0
10108017_1	714	Sound	55	22421103	934	1			260		other	0
10108017_1	714	Response	1	22425595	5425	3
10108017_1	715	Sound	56	22444602	592	1			260		other	0
10108017_1	715	Response	1	22449434	5424	1
10108017_1	716	Sound	56	22466601	751	1			260		other	0
10108017_1	717	Sound	60	22491599	1076	1			260		other	0
10108017_1	717	Response	1	22494231	3707	1
10108017_1	718	Sound	54	22518097	899	1			260		other	0
10108017_1	719	Sound	55	22543096	724	1			260		other	0
10108017_1	719	Response	1	22548387	6015	1
10108017_1	720	Sound	60	22566594	715	1			260		other	0
10108017_1	720	Response	1	22568946	3067	1
10108017_1	721	Sound	60	22584093	1043	1			260		other	0
10108017_1	721	Response	1	22586385	3334	1
10108017_1	722	Sound	50	22610092	1033	1			260		other	0
10108017_1	723	Sound	52	22629091	1027	1			260		other	0
10108017_1	724	Sound	51	22647089	853	1			260		other	0
10108017_1	725	Sound	51	22665088	847	1			260		other	0
10108017_1	726	Sound	53	22688587	672	1			260		other	0
10108017_1	727	Sound	56	22709085	831	1			260		other	0
10108017_1	727	Response	1	22712857	4603	1
10108017_1	728	Sound	50	22731584	824	1			260		other	0
10108017_1	729	Sound	57	22752583	983	1			260		other	0
10108017_1	730	Sound	57	22770582	976	1			260		other	0
10108017_1	731	Sound	57	22797080	800	1			260		other	0
10108017_1	731	Response	1	22801811	5531	1
10108017_1	732	Sound	55	22822578	624	1			260		other	0
10108017_1	733	Sound	59	22844577	783	1			260		other	0
10108017_1	734	Sound	59	22870075	607	1			260		other	0
10108017_1	734	Response	1	22872766	3298	1
10108017_1	735	Sound	50	22898573	930	1			260		other	0
10108017_1	736	Sound	56	22919072	590	1			260		other	0
10108017_1	736	Response	1	22923643	5161	1
10108017_1	737	Sound	50	22938571	916	1			260		other	0
10108017_1	738	Sound	54	22966069	1073	1			260		other	0
10108017_1	738	Response	1	22970200	5204	1
10108017_1	739	Sound	53	22992068	897	1			260		other	0
10108017_1	739	Response	1	22996439	5268	1
10108017_1	740	Sound	52	23012066	1057	1			260		other	0
10108017_1	741	Sound	52	23039565	714	1			260		other	0
10108017_1	742	Sound	60	23056064	874	1			260		other	0
10108017_1	742	Response	1	23058674	3485	1
10108017_1	743	Sound	58	23073063	1035	1			260		other	0
10108017_1	744	Sound	51	23090561	1029	1			260		other	0
10108017_1	745	Sound	50	23109060	689	1			260		other	0
10108017_1	746	Sound	54	23135559	679	1			260		other	0
10108017_1	747	Sound	56	23153557	1006	1			260		other	0
10108017_1	748	Sound	53	23172556	833	1			260		other	0
10108017_1	749	Sound	54	23190555	659	1			260		other	0
10108017_1	750	Sound	51	23207554	987	1			260		other	0
10108017_1	751	Sound	53	23230053	812	1			260		other	0
10108017_1	752	Sound	58	23247551	973	1			260		other	0
10108017_1	752	Response	1	23255302	8723	1
10108017_1	753	Sound	54	23274550	796	1			260		other	0
10108017_1	755	Response	255	23445770	148929	1
10108017_1	757	Sound	11	23522534	1041	1			260		other	0
10108017_1	758	Sound	14	23551032	1031	1			260		other	0
10108017_1	759	Sound	10	23578531	688	1			260		other	0
10108017_1	760	Sound	11	23602529	680	1			260		other	0
10108017_1	761	Sound	13	23625528	1005	1			260		other	0
10108017_1	762	Sound	12	23653026	661	1			260		other	0
10108017_1	763	Sound	13	23669025	656	1			260		other	0
10108017_1	764	Sound	10	23693023	814	1			260		other	0
10108017_1	765	Sound	15	23715022	639	1			260		other	0
10108017_1	766	Sound	15	23731021	967	1			260		other	0
10108017_1	767	Sound	12	23754020	625	1			260		other	0
10108017_1	768	Sound	18	23776518	951	1			260		other	0
10108017_1	769	Sound	20	23800017	775	1			260		other	0
10108017_1	769	Response	1	23803107	3866	1
10108017_1	770	Sound	11	23824515	600	1			260		other	0
10108017_1	771	Sound	16	23841014	761	1			260		other	0
10108017_1	772	Sound	19	23861013	587	1			260		other	0
10108017_1	772	Response	1	23864303	3877	1
10108017_1	773	Sound	16	23883011	746	1			260		other	0
10108017_1	774	Sound	10	23903510	739	1			260		other	0
10108017_1	775	Sound	14	23920009	900	1			260		other	0
10108017_1	776	Sound	16	23939008	1060	1			260		other	0
10108017_1	776	Response	1	23944457	6509	1
10108017_1	777	Sound	10	23960507	1052	1			260		other	0
10108017_1	778	Sound	12	23986005	876	1			260		other	0
10108017_1	779	Sound	20	24003004	870	1			260		other	0
10108017_1	779	Response	1	24006294	4160	1
10108017_1	780	Sound	20	24031002	693	1			260		other	0
10108017_1	780	Response	1	24034452	4143	1
10108017_1	781	Sound	18	24057500	1017	1			260		other	0
10108017_1	781	Response	1	24061970	5486	1
10108017_1	782	Sound	13	24074999	677	1			260		other	0
10108017_1	783	Sound	19	24100498	835	1			260		other	0
10108017_1	783	Response	1	24103887	4225	1
10108017_1	784	Sound	18	24122996	827	1			260		other	0
10108017_1	784	Response	1	24127086	4917	1
10108017_1	785	Sound	17	24144495	653	1			260		other	0
10108017_1	785	Response	1	24148284	4442	1
10108017_1	786	Sound	15	24162494	646	1			260		other	0
10108017_1	786	Response	1	24167723	5876	1
10108017_1	787	Sound	12	24184992	805	1			260		other	0
10108017_1	788	Sound	11	24202491	632	1			260		other	0
10108017_1	789	Sound	19	24222990	625	1			260		other	0
10108017_1	789	Response	1	24226199	3834	1
10108017_1	790	Sound	15	24249988	782	1			260		other	0
10108017_1	790	Response	1	24253718	4511	1
10108017_1	791	Sound	19	24271487	774	1			260		other	0
10108017_1	791	Response	1	24276916	6203	1
10108017_1	792	Sound	10	24291486	934	1			260		other	0
10108017_1	793	Sound	19	24312984	759	1			260		other	0
10108017_1	793	Response	1	24316674	4448	1
10108017_1	794	Sound	17	24332483	919	1			260		other	0
10108017_1	794	Response	1	24338112	6548	1
10108017_1	795	Sound	16	24358981	576	1			260		other	0
10108017_1	795	Response	1	24362111	3705	1
10108017_1	796	Sound	20	24387480	899	1			260		other	0
10108017_1	796	Response	1	24390509	3929	1
10108017_1	797	Sound	14	24410978	891	1			260		other	0
10108017_1	798	Sound	16	24434477	716	1			260		other	0
10108017_1	798	Response	1	24438986	5225	1
10108017_1	799	Sound	18	24449976	710	1			260		other	0
10108017_1	799	Response	1	24454265	5000	1
10108017_1	800	Sound	17	24473974	1035	1			260		other	0
10108017_1	800	Response	1	24478343	5404	1
10108017_1	801	Sound	20	24489973	1029	1			260		other	0
10108017_1	801	Response	1	24493622	4679	1
10108017_1	802	Sound	13	24515472	854	1			260		other	0
10108017_1	803	Sound	11	24532471	1014	1			260		other	0
10108017_1	804	Sound	13	24557969	1005	1			260		other	0
10108017_1	805	Sound	12	24574968	833	1			260		other	0
10108017_1	806	Sound	15	24599966	824	1			260		other	0
10108017_1	806	Response	1	24605215	6072	1
10108017_1	807	Sound	17	24628464	813	1			260		other	0
10108017_1	807	Response	1	24633373	5722	1
10108017_1	808	Sound	17	24643964	641	1			260		other	0
10108017_1	808	Response	1	24649372	6050	1
10108017_1	809	Sound	14	24667962	633	1			260		other	0
10108017_1	810	Sound	14	24685961	626	1			260		other	0
10108017_1	811	Sound	18	24706460	785	1			260		other	0
10108017_1	811	Response	1	24711608	5934	1
10108017_1	813	Response	255	25158780	429685	1
10108017_1	815	Sound	51	25235926	930	1			260		other	0
10108017_1	816	Sound	52	25253925	757	1			260		other	0
10108017_1	817	Sound	56	25277424	749	1			260		other	0
10108017_1	818	Sound	53	25306922	905	1			260		other	0
10108017_1	819	Sound	59	25333920	728	1			260		other	0
10108017_1	819	Response	1	25337248	4057	1
10108017_1	820	Sound	57	25362418	718	1			260		other	0
10108017_1	820	Response	1	25366526	4826	1
10108017_1	821	Sound	54	25380917	712	1			260		other	0
10108017_1	822	Sound	60	25403916	1037	1			260		other	0
10108017_1	822	Response	1	25406284	3405	1
10108017_1	823	Sound	50	25430914	1027	1			260		other	0
10108017_1	824	Sound	54	25454412	852	1			260		other	0
10108017_1	825	Sound	51	25476411	1011	1			260		other	0
10108017_1	826	Sound	59	25499410	669	1			260		other	0
10108017_1	826	Response	1	25504357	5617	1
10108017_1	827	Sound	55	25528408	659	1			260		other	0
10108017_1	827	Response	1	25535795	8047	1
10108017_1	828	Sound	50	25551906	984	1			260		other	0
10108017_1	829	Sound	54	25569905	644	1			260		other	0
10108017_1	829	Response	1	25574033	4772	1
10108017_1	830	Sound	59	25589904	804	1			260		other	0
10108017_1	830	Response	1	25592992	3892	1
10108017_1	831	Sound	53	25617902	794	1			260		other	0
10108017_1	832	Sound	55	25635401	954	1			260		other	0
10108017_1	833	Sound	58	25657400	780	1			260		other	0
10108017_1	833	Response	1	25661387	4767	1
10108017_1	834	Sound	53	25682398	938	1			260		other	0
10108017_1	835	Sound	60	25707397	762	1			260		other	0
10108017_1	835	Response	1	25709864	3230	1
10108017_1	836	Sound	57	25735895	585	1			260		other	0
10108017_1	837	Sound	58	25757393	1078	1			260		other	0
10108017_1	838	Sound	54	25777392	904	1			260		other	0
10108017_1	839	Sound	50	25800891	1062	1			260		other	0
10108017_1	840	Sound	56	25828389	886	1			260		other	0
10108017_1	840	Response	1	25833056	5553	1
10108017_1	841	Sound	59	25850888	711	1			260		other	0
10108017_1	841	Response	1	25856015	5838	1
10108017_1	842	Sound	58	25874886	869	1			260		other	0
10108017_1	842	Response	1	25878493	4476	1
10108017_1	843	Sound	59	25895385	695	1			260		other	0
10108017_1	843	Response	1	25898412	3722	1
10108017_1	844	Sound	56	25913883	688	1			260		other	0
10108017_1	845	Sound	57	25937382	1014	1			260		other	0
10108017_1	845	Response	1	25940729	4361	1
10108017_1	846	Sound	51	25965380	670	1			260		other	0
10108017_1	847	Sound	53	25994878	993	1			260		other	0
10108017_1	847	Response	1	25999765	5880	1
10108017_1	848	Sound	60	26018377	818	1			260		other	0
10108017_1	848	Response	1	26020484	2924	3
10108017_1	849	Sound	55	26037376	978	1			260		other	0
10108017_1	850	Sound	51	26059374	803	1			260		other	0
10108017_1	851	Sound	56	26081373	628	1			260		other	0
10108017_1	852	Sound	55	26097872	956	1			260		other	0
10108017_1	853	Sound	52	26122870	780	1			260		other	0
10108017_1	854	Sound	56	26140869	774	1			260		other	0
10108017_1	854	Response	1	26144316	4221	1
10108017_1	855	Sound	53	26169867	764	1			260		other	0
10108017_1	856	Sound	51	26190366	590	1			260		other	0
10108017_1	857	Sound	58	26217864	913	1			260		other	0
10108017_1	857	Response	1	26221431	4480	1
10108017_1	858	Sound	57	26243863	904	1			260		other	0
10108017_1	858	Response	1	26248789	5831	1
10108017_1	859	Sound	58	26265861	1063	1			260		other	0
10108017_1	859	Response	1	26269108	4310	1
10108017_1	860	Sound	54	26282360	890	1			260		other	0
10108017_1	860	Response	1	26288307	6837	1
10108017_1	861	Sound	50	26300859	884	1			260		other	0
10108017_1	862	Sound	57	26327357	708	1			260		other	0
10108017_1	863	Sound	60	26347356	1034	1			260		other	0
10108017_1	863	Response	1	26349903	3581	1
10108017_1	864	Sound	52	26374854	857	1			260		other	0
10108017_1	865	Sound	52	26391353	851	1			260		other	0
10108017_1	866	Sound	55	26411352	1011	1			260		other	0
10108017_1	867	Sound	52	26436851	1002	1			260		other	0
10108017_1	868	Sound	50	26464349	659	1			260		other	0
10108017_1	869	Sound	60	26487347	651	1			260		other	0
10108017_1	869	Response	1	26490773	4077	2

The following output port codes were not sent because of a conflict on the port.
Port	Code	Time(ms)
1	253	104779
1	253	240475
1	253	379802
1	253	515953
1	253	682318
1	253	810958
1	253	955541
1	253	1.12866e+06
1	253	1.28844e+06
1	253	1.43709e+06
1	253	1.6227e+06
1	253	2.07024e+06
1	253	2.20136e+06
1	253	2.34458e+06
1	253	2.51588e+06
1	253	2.65083e+06
