Scenario - 
Logfile written - 10/14/2018 14:55:53

Subject	Trial	Event Type	Code	Time	TTime	Uncertainty	Duration	Uncertainty	ReqTime	ReqDur	Stim Type	Pair Index

10108009	1	Response	255	107652	107319	1
10108009	3	Sound	15	189214	396	1			260		other	0
10108009	4	Sound	10	205614	457	1			260		other	0
10108009	5	Sound	18	229413	415	1			260		other	0
10108009	5	Response	1	234369	5371	1
10108009	6	Sound	10	253813	307	1			260		other	0
10108009	7	Sound	19	274612	266	1			260		other	0
10108009	7	Response	1	277409	3062	1
10108009	8	Sound	20	292412	393	1			260		other	0
10108009	8	Response	1	296608	4589	1
10108009	9	Sound	17	314612	418	1			260		other	0
10108009	9	Response	1	318208	4014	1
10108009	10	Sound	17	340611	409	1			260		other	0
10108009	10	Response	1	343568	3365	1
10108009	11	Sound	19	360211	335	1			260		other	0
10108009	11	Response	1	363487	3611	1
10108009	12	Sound	13	388011	292	1			260		other	0
10108009	12	Response	1	392767	5048	1
10108009	13	Sound	17	406610	385	1			260		other	0
10108009	13	Response	1	410207	3982	1
10108009	14	Sound	16	430210	310	1			260		other	0
10108009	14	Response	1	433166	3266	1
10108009	15	Sound	13	450010	436	1			260		other	0
10108009	15	Response	1	455406	5832	1
10108009	16	Sound	18	472009	429	1			260		other	0
10108009	16	Response	1	474685	3104	1
10108009	17	Sound	19	490209	289	1			260		other	0
10108009	17	Response	1	493405	3485	1
10108009	18	Sound	14	508809	382	1			260		other	0
10108009	18	Response	1	512684	4258	2
10108009	19	Sound	20	528608	342	1			260		other	0
10108009	19	Response	1	531644	3378	1
10108009	20	Sound	11	549008	401	1			260		other	0
10108009	21	Sound	18	573208	426	1			260		other	0
10108009	21	Response	1	581483	8702	1
10108009	22	Sound	17	595407	451	1			260		other	0
10108009	22	Response	1	599643	4687	1
10108009	23	Sound	12	615607	311	1			260		other	0
10108009	24	Sound	13	643407	434	1			260		other	0
10108009	25	Sound	10	662206	394	1			260		other	0
10108009	26	Sound	15	687606	452	1			260		other	0
10108009	26	Response	1	691802	4647	1
10108009	27	Sound	11	709606	444	1			260		other	0
10108009	28	Sound	14	729405	404	1			260		other	0
10108009	28	Response	1	736601	7599	1
10108009	29	Sound	19	747605	430	1			260		other	0
10108009	29	Response	1	751640	4466	1
10108009	30	Sound	11	764805	457	1			260		other	0
10108009	30	Response	1	772200	7853	1
10108009	31	Sound	16	790804	281	1			260		other	0
10108009	31	Response	1	794919	4396	1
10108009	32	Sound	16	818004	472	1			260		other	0
10108009	32	Response	1	821959	4427	1
10108009	33	Sound	13	841604	397	1			260		other	0
10108009	33	Response	1	845798	4592	2
10108009	34	Sound	10	860803	423	1			260		other	0
10108009	35	Sound	20	877003	284	1			260		other	0
10108009	35	Response	1	880998	4279	1
10108009	36	Sound	13	894003	445	1			260		other	0
10108009	37	Sound	20	916202	303	1			260		other	0
10108009	37	Response	1	919238	3339	1
10108009	38	Sound	19	942602	361	1			260		other	0
10108009	38	Response	1	946757	4516	1
10108009	39	Sound	15	965002	419	1			260		other	0
10108009	39	Response	1	968597	4015	1
10108009	40	Sound	16	992001	410	1			260		other	0
10108009	40	Response	1	995636	4045	1
10108009	41	Sound	15	1009001	404	1			260		other	0
10108009	41	Response	1	1012676	4078	1
10108009	42	Sound	12	1035000	394	1			260		other	0
10108009	43	Sound	14	1050600	322	1			260		other	0
10108009	43	Response	1	1054835	4557	1
10108009	44	Sound	16	1070000	382	1			260		other	0
10108009	44	Response	1	1074995	5377	1
10108009	45	Sound	11	1094000	373	1			260		other	0
10108009	46	Sound	12	1112399	267	1			260		other	0
10108009	47	Sound	14	1135799	325	1			260		other	0
10108009	47	Response	1	1139634	4160	1
10108009	48	Sound	11	1155799	318	1			260		other	0
10108009	49	Sound	18	1182398	408	1			260		other	0
10108009	49	Response	1	1188753	6763	1
10108009	50	Sound	12	1198798	303	1			260		other	0
10108009	50	Response	1	1207792	9297	1
10108009	51	Sound	20	1219598	428	1			260		other	0
10108009	51	Response	1	1223713	4543	1
10108009	52	Sound	17	1246197	352	1			260		other	0
10108009	52	Response	1	1250832	4987	1
10108009	53	Sound	10	1273597	409	1			260		other	0
10108009	54	Sound	18	1301996	466	1			260		other	0
10108009	54	Response	1	1305391	3860	1
10108009	55	Sound	14	1321396	359	1			260		other	0
10108009	55	Response	1	1334270	13233	1
10108009	56	Sound	15	1346995	283	1			260		other	0
10108009	57	Sound	12	1371595	374	1			260		other	0
10108009	57	Response	1	1375310	4089	1
10108009	59	Response	255	1414189	24382	1
10108009	61	Sound	51	1484393	301	1			260		other	0
10108009	62	Sound	52	1510393	291	1			260		other	0
10108009	63	Sound	50	1535392	449	1			260		other	0
10108009	64	Sound	50	1554392	442	1			260		other	0
10108009	65	Sound	55	1578192	400	1			260		other	0
10108009	66	Sound	54	1596392	427	1			260		other	0
10108009	66	Response	1	1601866	5901	1
10108009	67	Sound	53	1621391	418	1			260		other	0
10108009	67	Response	1	1625225	4252	1
10108009	68	Sound	59	1649591	275	1			260		other	0
10108009	68	Response	1	1652745	3429	1
10108009	69	Sound	50	1672390	400	1			260		other	0
10108009	70	Sound	54	1698790	291	1			260		other	0
10108009	71	Sound	50	1726789	447	1			260		other	0
10108009	72	Sound	52	1746789	273	1			260		other	0
10108009	72	Response	1	1751303	4787	1
10108009	73	Sound	54	1767389	366	1			260		other	0
10108009	73	Response	1	1771781	4759	4
10108009	74	Sound	58	1789388	358	1			260		other	0
10108009	74	Response	1	1792982	3952	1
10108009	75	Sound	55	1813388	350	1			260		other	0
10108009	75	Response	1	1817702	4664	1
10108009	76	Sound	53	1839588	374	1			260		other	0
10108009	76	Response	1	1843222	4008	1
10108009	77	Sound	56	1859987	433	1			260		other	0
10108009	77	Response	1	1863381	3827	1
10108009	78	Sound	60	1887387	323	1			260		other	0
10108009	78	Response	1	1889781	2717	1
10108009	79	Sound	56	1910387	315	1			260		other	0
10108009	79	Response	1	1914260	4189	1
10108009	80	Sound	57	1927186	442	1			260		other	0
10108009	80	Response	1	1930180	3436	1
10108009	81	Sound	51	1949586	334	1			260		other	0
10108009	81	Response	1	1954660	5408	1
10108009	82	Sound	53	1974786	359	1			260		other	0
10108009	82	Response	1	1978659	4232	1
10108009	83	Sound	57	1996385	284	1			260		other	0
10108009	83	Response	1	2000739	4638	1
10108009	84	Sound	58	2015585	478	1			260		other	0
10108009	84	Response	1	2019138	4031	1
10108009	85	Sound	50	2043984	367	1			260		other	0
10108009	86	Sound	51	2071984	357	1			260		other	0
10108009	87	Sound	56	2091384	417	1			260		other	0
10108009	87	Response	1	2095137	4171	1
10108009	88	Sound	57	2114383	409	1			260		other	0
10108009	88	Response	1	2118896	4922	1
10108009	89	Sound	60	2138783	468	1			260		other	0
10108009	89	Response	1	2141457	3141	1
10108009	90	Sound	60	2160783	460	1			260		other	0
10108009	90	Response	1	2164336	4013	1
10108009	91	Sound	55	2185782	450	1			260		other	0
10108009	91	Response	1	2191455	6123	1
10108009	92	Sound	60	2202782	444	1			260		other	0
10108009	92	Response	1	2205215	2878	1
10108009	93	Sound	52	2227982	302	1			260		other	0
10108009	94	Sound	58	2253381	359	1			260		other	0
10108009	94	Response	1	2256574	3552	1
10108009	95	Sound	53	2278581	384	1			260		other	0
10108009	95	Response	1	2282334	4137	1
10108009	96	Sound	51	2305980	440	1			260		other	0
10108009	96	Response	1	2310733	5193	1
10108009	97	Sound	59	2331980	431	1			260		other	0
10108009	97	Response	1	2335853	4304	1
10108009	98	Sound	59	2359980	421	1			260		other	0
10108009	98	Response	1	2364652	5094	1
10108009	99	Sound	54	2376579	349	1			260		other	0
10108009	99	Response	1	2381532	5301	1
10108009	100	Sound	52	2394979	409	1			260		other	0
10108009	100	Response	1	2400732	6162	1
10108009	101	Sound	55	2420578	333	1			260		other	0
10108009	101	Response	1	2424971	4726	1
10108009	102	Sound	52	2437778	360	1			260		other	0
10108009	102	Response	1	2449691	12273	1
10108009	103	Sound	56	2465978	383	1			260		other	0
10108009	103	Response	1	2470011	4416	1
10108009	104	Sound	51	2482978	379	1			260		other	0
10108009	105	Sound	55	2508377	435	1			260		other	0
10108009	105	Response	1	2514090	6148	1
10108009	106	Sound	59	2530177	394	1			260		other	0
10108009	106	Response	1	2534889	5106	1
10108009	107	Sound	53	2554576	452	1			260		other	0
10108009	107	Response	1	2558009	3884	1
10108009	108	Sound	57	2576576	444	1			260		other	0
10108009	108	Response	1	2580329	4196	1
10108009	109	Sound	57	2594776	304	1			260		other	0
10108009	109	Response	1	2598888	4416	1
10108009	110	Sound	59	2621375	395	1			260		other	0
10108009	110	Response	1	2625928	4947	1
10108009	111	Sound	54	2646575	419	1			260		other	0
10108009	111	Response	1	2664807	18651	1
10108009	112	Sound	58	2667575	411	1			260		other	0
10108009	113	Sound	56	2693974	302	1			260		other	0
10108009	113	Response	1	2698007	4334	1
10108009	114	Sound	58	2717974	293	1			260		other	0
10108009	114	Response	1	2722726	5046	1
10108009	115	Sound	60	2744973	284	1			260		other	0
10108009	115	Response	1	2747446	2756	1
10108009	117	Response	255	2786485	20208	1
10108009	119	Sound	17	2856972	410	1			260		other	0
10108009	119	Response	1	2861044	4483	1
10108009	120	Sound	14	2884971	400	1			260		other	0
10108009	120	Response	1	2888083	3513	1
10108009	121	Sound	13	2908171	425	1			260		other	0
10108009	121	Response	1	2912083	4337	1
10108009	122	Sound	14	2923371	287	1			260		other	0
10108009	122	Response	1	2929123	6039	1
10108009	123	Sound	17	2951370	443	1			260		other	0
10108009	123	Response	1	2954482	3555	1
10108009	124	Sound	14	2972370	436	1			260		other	0
10108009	124	Response	1	2980482	8548	1
10108009	125	Sound	19	2990570	463	1			260		other	0
10108009	125	Response	1	2994481	4374	1
10108009	126	Sound	10	3015769	320	1			260		other	0
10108009	127	Sound	19	3041369	411	1			260		other	0
10108009	127	Response	1	3044960	4003	1
10108009	128	Sound	18	3063168	370	1			260		other	0
10108009	128	Response	1	3066800	4002	1
10108009	129	Sound	20	3089568	261	1			260		other	0
10108009	129	Response	1	3094560	5252	1
10108009	130	Sound	16	3106568	421	1			260		other	0
10108009	131	Sound	12	3130767	279	1			260		other	0
10108009	132	Sound	14	3148967	473	1			260		other	0
10108009	133	Sound	20	3166567	400	1			260		other	0
10108009	133	Response	1	3170558	4391	1
10108009	134	Sound	20	3185166	327	1			260		other	0
10108009	134	Response	1	3189758	4918	1
10108009	135	Sound	16	3212966	283	1			260		other	0
10108009	135	Response	1	3220158	7475	1
10108009	136	Sound	13	3228166	311	1			260		other	0
10108009	137	Sound	11	3246965	438	1			260		other	0
10108009	138	Sound	15	3266165	298	1			260		other	0
10108009	138	Response	1	3271916	6049	1
10108009	139	Sound	15	3282565	358	1			260		other	0
10108009	139	Response	1	3289356	7150	1
10108009	140	Sound	19	3302965	418	1			260		other	0
10108009	140	Response	1	3307916	5369	1
10108009	141	Sound	18	3328164	275	1			260		other	0
10108009	141	Response	1	3332635	4747	1
10108009	142	Sound	18	3347564	335	1			260		other	0
10108009	142	Response	1	3354715	7486	1
10108009	143	Sound	14	3365364	462	1			260		other	0
10108009	143	Response	1	3373274	8373	1
10108009	144	Sound	15	3382363	289	1			260		other	0
10108009	144	Response	1	3392715	10641	1
10108009	145	Sound	12	3408563	313	1			260		other	0
10108009	146	Sound	16	3426363	440	1			260		other	0
10108009	146	Response	1	3432714	6792	1
10108009	147	Sound	10	3443962	367	1			260		other	0
10108009	148	Sound	17	3461362	428	1			260		other	0
10108009	149	Sound	16	3480762	321	1			260		other	0
10108009	149	Response	1	3487993	7552	1
10108009	150	Sound	19	3503161	380	1			260		other	0
10108009	150	Response	1	3508473	5691	1
10108009	151	Sound	20	3519761	307	1			260		other	0
10108009	151	Response	1	3525752	6298	1
10108009	152	Sound	11	3545161	365	1			260		other	0
10108009	153	Sound	12	3562361	392	1			260		other	0
10108009	153	Response	1	3578871	16902	1
10108009	154	Sound	18	3582360	385	1			260		other	0
10108009	154	Response	1	3591911	9935	1
10108009	155	Sound	17	3600760	445	1			260		other	0
10108009	155	Response	1	3610951	10636	1
10108009	156	Sound	11	3625559	403	1			260		other	0
10108009	157	Sound	15	3643559	396	1			260		other	0
10108009	157	Response	1	3649589	6426	2
10108009	158	Sound	11	3664559	389	1			260		other	0
10108009	158	Response	1	3672950	8779	1
10108009	159	Sound	12	3686958	447	1			260		other	0
10108009	159	Response	1	3697909	11398	1
10108009	160	Sound	10	3706158	307	1			260		other	0
10108009	161	Sound	13	3729358	332	1			260		other	0
10108009	161	Response	1	3736309	7283	1
10108009	162	Sound	12	3751357	325	1			260		other	0
10108009	163	Sound	15	3779157	281	1			260		other	0
10108009	163	Response	1	3783748	4872	1
10108009	164	Sound	16	3798157	274	1			260		other	0
10108009	164	Response	1	3804947	7065	1
10108009	165	Sound	10	3826356	298	1			260		other	0
10108009	166	Sound	13	3853356	455	1			260		other	0
10108009	167	Sound	17	3877356	446	1			260		other	0
10108009	167	Response	1	3881346	4437	1
10108009	168	Sound	18	3896555	306	1			260		other	0
10108009	168	Response	1	3903666	7416	1
10108009	169	Sound	20	3921555	464	1			260		other	0
10108009	169	Response	1	3924865	3774	1
10108009	170	Sound	19	3944754	322	1			260		other	0
10108009	170	Response	1	3949745	5312	1
10108009	171	Sound	11	3971354	412	1			260		other	0
10108009	172	Sound	13	3993554	438	1			260		other	0
10108009	173	Sound	10	4010153	365	1			260		other	0
10108009	175	Response	255	4074063	36185	1
10108009	177	Sound	18	4136951	287	1			260		other	0
10108009	178	Sound	19	4164551	377	1			260		other	0
10108009	178	Response	1	4167741	3567	1
10108009	179	Sound	14	4180951	438	1			260		other	0
10108009	179	Response	1	4190060	9547	1
10108009	180	Sound	13	4208150	295	1			260		other	0
10108009	180	Response	1	4212780	4925	1
10108009	181	Sound	16	4233150	452	1			260		other	0
10108009	181	Response	1	4237660	4963	1
10108009	182	Sound	18	4250150	280	1			260		other	0
10108009	182	Response	1	4253819	3949	1
10108009	183	Sound	10	4265349	308	1			260		other	0
10108009	184	Sound	17	4288749	366	1			260		other	0
10108009	184	Response	1	4294219	5836	1
10108009	185	Sound	14	4307949	392	1			260		other	0
10108009	185	Response	1	4312378	4822	1
10108009	186	Sound	19	4332748	350	1			260		other	0
10108009	186	Response	1	4336378	3980	1
10108009	187	Sound	14	4354548	309	1			260		other	0
10108009	187	Response	1	4359098	4859	1
10108009	188	Sound	13	4380947	366	1			260		other	0
10108009	188	Response	1	4386857	6275	1
10108009	189	Sound	15	4402547	459	1			260		other	0
10108009	189	Response	1	4406537	4448	1
10108009	190	Sound	10	4418347	420	1			260		other	0
10108009	191	Sound	15	4441547	278	1			260		other	0
10108009	191	Response	1	4447176	5907	1
10108009	192	Sound	12	4466146	369	1			260		other	0
10108009	192	Response	1	4473416	7639	1
10108009	193	Sound	20	4487746	461	1			260		other	0
10108009	193	Response	1	4492375	5091	1
10108009	194	Sound	18	4504746	455	1			260		other	0
10108009	194	Response	1	4509895	5605	1
10108009	195	Sound	16	4525545	415	1			260		other	0
10108009	195	Response	1	4531255	6124	1
10108009	196	Sound	13	4540945	476	1			260		other	0
10108009	197	Sound	11	4568345	366	1			260		other	0
10108009	198	Sound	13	4595744	423	1			260		other	0
10108009	199	Sound	18	4617944	282	1			260		other	0
10108009	199	Response	1	4622613	4951	1
10108009	200	Sound	12	4643943	272	1			260		other	0
10108009	200	Response	1	4648373	4702	1
10108009	201	Sound	18	4662743	399	1			260		other	0
10108009	201	Response	1	4667812	5468	1
10108009	202	Sound	12	4686743	390	1			260		other	0
10108009	202	Response	1	4691412	5060	1
10108009	203	Sound	20	4713342	314	1			260		other	0
10108009	203	Response	1	4718691	5663	1
10108009	204	Sound	11	4728942	409	1			260		other	0
10108009	205	Sound	11	4748942	402	1			260		other	0
10108009	206	Sound	11	4776741	358	1			260		other	0
10108009	207	Sound	17	4794741	352	1			260		other	0
10108009	207	Response	1	4801249	6860	2
10108009	208	Sound	12	4821541	309	1			260		other	0
10108009	209	Sound	16	4839540	469	1			260		other	0
10108009	209	Response	1	4849809	10738	1
10108009	210	Sound	10	4856340	430	1			260		other	0
10108009	211	Sound	20	4881340	421	1			260		other	0
10108009	211	Response	1	4886688	5770	1
10108009	212	Sound	15	4907339	412	1			260		other	0
10108009	212	Response	1	4914687	7759	2
10108009	213	Sound	12	4935339	402	1			260		other	0
10108009	213	Response	1	4949807	14870	1
10108009	214	Sound	10	4955538	261	1			260		other	0
10108009	215	Sound	19	4974938	321	1			260		other	0
10108009	215	Response	1	4981967	7350	1
10108009	216	Sound	13	4996738	280	1			260		other	0
10108009	216	Response	1	5009486	13028	1
10108009	217	Sound	17	5012938	307	1			260		other	0
10108009	218	Sound	20	5040737	431	1			260		other	0
10108009	218	Response	1	5045326	5019	1
10108009	219	Sound	14	5066737	421	1			260		other	0
10108009	219	Response	1	5073885	7570	1
10108009	220	Sound	19	5092936	445	1			260		other	0
10108009	220	Response	1	5098844	6354	1
10108009	221	Sound	17	5117936	436	1			260		other	0
10108009	221	Response	1	5125644	8145	1
10108009	222	Sound	14	5145735	393	1			260		other	0
10108009	223	Sound	16	5168135	452	1			260		other	0
10108009	223	Response	1	5175883	8200	1
10108009	224	Sound	20	5187535	345	1			260		other	0
10108009	224	Response	1	5194282	7093	2
10108009	225	Sound	16	5208334	471	1			260		other	0
10108009	226	Sound	10	5233534	328	1			260		other	0
10108009	227	Sound	17	5261334	285	1			260		other	0
10108009	227	Response	1	5267241	6193	1
10108009	227	Response	1	5285561	24513	2
10108009	228	Sound	15	5287733	342	1			260		other	0
10108009	229	Sound	11	5308133	402	1			260		other	0
10108009	230	Sound	15	5328932	361	1			260		other	0
10108009	230	Response	1	5337560	8989	1
10108009	231	Sound	19	5356932	351	1			260		other	0
10108009	231	Response	1	5363160	6579	1
10108009	233	Response	255	5592756	217589	1
10108009	235	Sound	36	5663127	275	1			260		other	0
10108009	235	Response	1	5670915	8063	1
10108009	236	Sound	37	5685527	334	1			260		other	0
10108009	236	Response	1	5690354	5161	1
10108009	237	Sound	38	5705727	360	1			260		other	0
10108009	237	Response	1	5709154	3788	1
10108009	238	Sound	31	5721526	321	1			260		other	0
10108009	239	Sound	38	5738326	449	1			260		other	0
10108009	239	Response	1	5742353	4476	1
10108009	240	Sound	39	5766326	272	1			260		other	0
10108009	240	Response	1	5769873	3819	1
10108009	241	Sound	38	5794525	462	1			260		other	0
10108009	241	Response	1	5798273	4209	1
10108009	242	Sound	37	5813925	355	1			260		other	0
10108009	242	Response	1	5820112	6542	1
10108009	243	Sound	34	5831325	415	1			260		other	0
10108009	243	Response	1	5836272	5362	1
10108009	244	Sound	38	5856524	439	1			260		other	0
10108009	244	Response	1	5860352	4267	1
10108009	245	Sound	32	5874724	466	1			260		other	0
10108009	246	Sound	33	5899124	358	1			260		other	0
10108009	247	Sound	40	5921923	316	1			260		other	0
10108009	247	Response	1	5924990	3383	1
10108009	248	Sound	31	5946723	441	1			260		other	0
10108009	249	Sound	36	5971522	398	1			260		other	0
10108009	250	Sound	35	5996922	456	1			260		other	0
10108009	250	Response	1	6003629	7163	1
10108009	251	Sound	31	6016322	349	1			260		other	0
10108009	252	Sound	34	6040721	407	1			260		other	0
10108009	253	Sound	39	6066921	431	1			260		other	0
10108009	253	Response	1	6070268	3778	1
10108009	254	Sound	30	6086721	391	1			260		other	0
10108009	255	Sound	34	6103320	319	1			260		other	0
10108009	255	Response	1	6110427	7426	1
10108009	256	Sound	40	6131920	408	1			260		other	0
10108009	256	Response	1	6135387	3874	1
10108009	257	Sound	39	6153120	267	1			260		other	0
10108009	258	Sound	32	6171119	427	1			260		other	0
10108009	259	Sound	35	6190119	420	1			260		other	0
10108009	259	Response	1	6198906	9207	1
10108009	260	Sound	40	6213519	479	1			260		other	0
10108009	260	Response	1	6219226	6186	1
10108009	261	Sound	32	6238518	470	1			260		other	0
10108009	262	Sound	37	6265718	327	1			260		other	0
10108009	262	Response	1	6270104	4713	1
10108009	263	Sound	38	6290117	385	1			260		other	0
10108009	263	Response	1	6297224	7491	1
10108009	264	Sound	37	6317917	341	1			260		other	0
10108009	264	Response	1	6323863	6288	1
10108009	265	Sound	36	6339917	334	1			260		other	0
10108009	266	Sound	39	6367716	457	1			260		other	0
10108009	266	Response	1	6371942	4683	1
10108009	267	Sound	30	6383716	451	1			260		other	0
10108009	268	Sound	33	6402516	411	1			260		other	0
10108009	268	Response	1	6407142	5038	2
10108009	269	Sound	34	6424915	303	1			260		other	0
10108009	270	Sound	32	6447315	362	1			260		other	0
10108009	271	Sound	34	6467915	454	1			260		other	0
10108009	271	Response	1	6476981	9521	1
10108009	272	Sound	37	6487714	414	1			260		other	0
10108009	273	Sound	35	6514514	371	1			260		other	0
10108009	273	Response	1	6521780	7638	1
10108009	274	Sound	36	6530714	399	1			260		other	0
10108009	274	Response	1	6536420	6105	1
10108009	275	Sound	31	6554713	390	1			260		other	0
10108009	276	Sound	33	6582113	447	1			260		other	0
10108009	276	Response	1	6587299	5633	1
10108009	277	Sound	40	6609512	337	1			260		other	0
10108009	277	Response	1	6612258	3083	1
10108009	278	Sound	39	6636112	428	1			260		other	0
10108009	278	Response	1	6640818	5134	1
10108009	279	Sound	33	6654112	421	1			260		other	0
10108009	280	Sound	30	6682111	411	1			260		other	0
10108009	281	Sound	30	6707311	269	1			260		other	0
10108009	282	Sound	35	6735510	292	1			260		other	0
10108009	282	Response	1	6740256	5038	1
10108009	283	Sound	31	6756510	451	1			260		other	0
10108009	284	Sound	35	6784710	308	1			260		other	0
10108009	285	Sound	32	6804509	434	1			260		other	0
10108009	286	Sound	36	6832509	424	1			260		other	0
10108009	286	Response	1	6837054	4970	1
10108009	287	Sound	33	6859308	381	1			260		other	0
10108009	288	Sound	40	6879708	441	1			260		other	0
10108009	288	Response	1	6884174	4906	1
10108009	289	Sound	30	6907708	431	1			260		other	0
10108009	291	Response	255	6948173	19308	1
10108009	293	Sound	54	7018706	391	1			260		other	0
10108009	293	Response	1	7022891	4577	1
10108009	294	Sound	53	7046105	281	1			260		other	0
10108009	294	Response	1	7051130	5306	1
10108009	295	Sound	55	7064305	308	1			260		other	0
10108009	295	Response	1	7068970	4973	1
10108009	296	Sound	54	7084305	301	1			260		other	0
10108009	296	Response	1	7087370	3366	1
10108009	297	Sound	58	7105704	360	1			260		other	0
10108009	297	Response	1	7111130	5785	1
10108009	298	Sound	57	7131304	451	1			260		other	0
10108009	298	Response	1	7134569	3716	1
10108009	299	Sound	53	7150104	411	1			260		other	0
10108009	300	Sound	52	7177103	401	1			260		other	0
10108009	300	Response	1	7180009	3307	1
10108009	301	Sound	58	7194103	395	1			260		other	0
10108009	301	Response	1	7199448	5740	1
10108009	302	Sound	56	7220703	319	1			260		other	0
10108009	302	Response	1	7226968	6584	1
10108009	303	Sound	56	7247102	376	1			260		other	0
10108009	303	Response	1	7252967	6241	1
10108009	304	Sound	54	7265302	403	1			260		other	0
10108009	304	Response	1	7273447	8548	1
10108009	305	Sound	51	7290301	394	1			260		other	0
10108009	306	Sound	51	7309701	454	1			260		other	0
10108009	307	Sound	59	7335701	445	1			260		other	0
10108009	307	Response	1	7340966	5710	1
10108009	308	Sound	51	7357300	370	1			260		other	0
10108009	309	Sound	57	7373900	464	1			260		other	0
10108009	309	Response	1	7380485	7049	1
10108009	310	Sound	60	7399900	288	1			260		other	0
10108009	310	Response	1	7403685	4073	1
10108009	311	Sound	51	7421299	347	1			260		other	0
10108009	312	Sound	55	7447499	371	1			260		other	0
10108009	312	Response	1	7453444	6316	1
10108009	313	Sound	53	7465299	332	1			260		other	0
10108009	314	Sound	56	7482699	392	1			260		other	0
10108009	314	Response	1	7488643	6337	1
10108009	315	Sound	50	7507898	417	1			260		other	0
10108009	316	Sound	51	7535698	373	1			260		other	0
10108009	316	Response	1	7541522	6198	1
10108009	317	Sound	54	7556897	399	1			260		other	0
10108009	318	Sound	55	7583297	290	1			260		other	0
10108009	319	Sound	52	7599297	451	1			260		other	0
10108009	320	Sound	60	7624696	341	1			260		other	0
10108009	320	Response	1	7628880	4526	1
10108009	321	Sound	59	7648896	366	1			260		other	0
10108009	321	Response	1	7654880	6350	1
10108009	322	Sound	50	7670096	392	1			260		other	0
10108009	323	Sound	50	7689095	385	1			260		other	0
10108009	324	Sound	59	7716495	442	1			260		other	0
10108009	324	Response	1	7722639	6586	1
10108009	325	Sound	60	7742694	466	1			260		other	0
10108009	325	Response	1	7747039	4810	1
10108009	326	Sound	60	7771694	456	1			260		other	0
10108009	326	Response	1	7776318	5080	1
10108009	327	Sound	56	7789694	283	1			260		other	0
10108009	328	Sound	57	7807693	276	1			260		other	0
10108009	328	Response	1	7815037	7620	1
10108009	329	Sound	50	7835893	299	1			260		other	0
10108009	330	Sound	52	7862893	456	1			260		other	0
10108009	331	Sound	55	7880692	417	1			260		other	0
10108009	331	Response	1	7885356	5081	1
10108009	332	Sound	59	7903092	476	1			260		other	0
10108009	332	Response	1	7906956	4339	1
10108009	333	Sound	56	7920292	336	1			260		other	0
10108009	334	Sound	54	7947891	426	1			260		other	0
10108009	334	Response	1	7952875	5410	1
10108009	335	Sound	58	7974491	350	1			260		other	0
10108009	335	Response	1	7977995	3854	1
10108009	336	Sound	57	7996890	408	1			260		other	0
10108009	336	Response	1	8000474	3992	1
10108009	337	Sound	57	8014290	302	1			260		other	0
10108009	337	Response	1	8019674	5686	1
10108009	338	Sound	55	8041490	326	1			260		other	0
10108009	338	Response	1	8045033	3870	1
10108009	339	Sound	58	8060289	453	1			260		other	0
10108009	339	Response	1	8064953	5116	1
10108009	340	Sound	52	8087489	310	1			260		other	0
10108009	341	Sound	50	8106689	336	1			260		other	0
10108009	342	Sound	60	8123888	363	1			260		other	0
10108009	342	Response	1	8126952	3427	1
10108009	343	Sound	53	8150488	287	1			260		other	0
10108009	344	Sound	53	8171288	413	1			260		other	0
10108009	344	Response	1	8175671	4796	1
10108009	345	Sound	59	8190287	406	1			260		other	0
10108009	345	Response	1	8194711	4829	1
10108009	346	Sound	58	8217487	430	1			260		other	0
10108009	346	Response	1	8225670	8613	1
10108009	347	Sound	52	8239287	389	1			260		other	0
10108009	347	Response	1	8245990	7092	1
10108009	349	Response	255	8294069	29749	1
10108009	351	Sound	36	8376284	340	1			260		other	0
10108009	351	Response	1	8380548	4603	1
10108009	352	Sound	40	8393684	400	1			260		other	0
10108009	352	Response	1	8397427	4143	1
10108009	353	Sound	31	8419884	424	1			260		other	0
10108009	354	Sound	34	8443083	283	1			260		other	0
10108009	355	Sound	34	8463683	375	1			260		other	0
10108009	355	Response	1	8469026	5718	1
10108009	356	Sound	32	8491083	432	1			260		other	0
10108009	356	Response	1	8495906	5255	1
10108009	357	Sound	34	8515682	357	1			260		other	0
10108009	357	Response	1	8520625	5300	1
10108009	358	Sound	35	8542482	314	1			260		other	0
10108009	358	Response	1	8547504	5336	2
10108009	359	Sound	37	8564881	372	1			260		other	0
10108009	359	Response	1	8568464	3955	1
10108009	360	Sound	38	8590281	430	1			260		other	0
10108009	360	Response	1	8592944	3093	1
10108009	361	Sound	38	8610881	356	1			260		other	0
10108009	361	Response	1	8614143	3619	1
10108009	362	Sound	33	8633080	381	1			260		other	0
10108009	362	Response	1	8635743	3044	1
10108009	363	Sound	32	8652880	341	1			260		other	0
10108009	363	Response	1	8655183	2644	1
10108009	364	Sound	38	8672680	467	1			260		other	0
10108009	364	Response	1	8677022	4810	1
10108009	365	Sound	36	8693079	360	1			260		other	0
10108009	365	Response	1	8696222	3503	1
10108009	366	Sound	30	8717079	351	1			260		other	0
10108009	367	Sound	39	8733679	445	1			260		other	0
10108009	367	Response	1	8737741	4508	1
10108009	368	Sound	30	8755678	438	1			260		other	0
10108009	369	Sound	31	8780878	295	1			260		other	0
10108009	370	Sound	40	8807878	286	1			260		other	0
10108009	370	Response	1	8811180	3588	1
10108009	371	Sound	39	8833077	310	1			260		other	0
10108009	372	Sound	34	8851877	437	1			260		other	0
10108009	372	Response	1	8856779	5339	1
10108009	373	Sound	35	8878276	327	1			260		other	0
10108009	373	Response	1	8886299	8349	1
10108009	374	Sound	30	8902276	319	1			260		other	0
10108009	375	Sound	40	8929076	442	1			260		other	0
10108009	375	Response	1	8932138	3505	1
10108009	376	Sound	31	8954475	333	1			260		other	0
10108009	377	Sound	31	8972275	294	1			260		other	0
10108009	378	Sound	32	8998875	384	1			260		other	0
10108009	379	Sound	35	9025274	441	1			260		other	0
10108009	380	Sound	38	9050274	432	1			260		other	0
10108009	381	Sound	36	9067473	460	1			260		other	0
10108009	382	Sound	37	9087073	386	1			260		other	0
10108009	382	Response	1	9097975	11288	1
10108009	383	Sound	37	9110473	444	1			260		other	0
10108009	384	Sound	40	9132272	403	1			260		other	0
10108009	384	Response	1	9136854	4985	1
10108009	385	Sound	36	9155672	295	1			260		other	0
10108009	386	Sound	33	9178272	387	1			260		other	0
10108009	387	Sound	35	9199071	346	1			260		other	0
10108009	388	Sound	33	9225871	303	1			260		other	0
10108009	389	Sound	37	9250471	394	1			260		other	0
10108009	390	Sound	36	9270070	321	1			260		other	0
10108009	391	Sound	33	9295270	345	1			260		other	0
10108009	392	Sound	40	9323669	401	1			260		other	0
10108009	392	Response	1	9327331	4063	1
10108009	393	Sound	30	9352069	291	1			260		other	0
10108009	394	Sound	39	9380069	281	1			260		other	0
10108009	394	Response	1	9385010	5223	1
10108009	395	Sound	37	9399868	408	1			260		other	0
10108009	395	Response	1	9407330	7869	1
10108009	396	Sound	33	9421068	433	1			260		other	0
10108009	397	Sound	32	9437268	461	1			260		other	0
10108009	398	Sound	38	9454267	455	1			260		other	0
10108009	399	Sound	31	9473467	315	1			260		other	0
10108009	400	Sound	35	9492467	308	1			260		other	0
10108009	401	Sound	39	9519266	432	1			260		other	0
10108009	401	Response	1	9523727	4893	1
10108009	402	Sound	39	9536466	292	1			260		other	0
10108009	402	Response	1	9541407	5233	1
10108009	403	Sound	32	9558866	351	1			260		other	0
10108009	404	Sound	30	9578665	310	1			260		other	0
10108009	405	Sound	34	9599665	303	1			260		other	0
10108009	405	Response	1	9606286	6924	1
10108009	407	Response	255	10567949	951668	1
10108009	409	Sound	34	10638249	365	1			260		other	0
10108009	410	Sound	40	10659048	325	1			260		other	0
10108009	410	Response	1	10662108	3384	1
10108009	411	Sound	30	10678448	384	1			260		other	0
10108009	412	Sound	38	10702848	442	1			260		other	0
10108009	412	Response	1	10707707	5302	1
10108009	413	Sound	39	10719647	403	1			260		other	0
10108009	413	Response	1	10723467	4222	1
10108009	414	Sound	38	10739847	429	1			260		other	0
10108009	415	Sound	31	10765647	387	1			260		other	0
10108009	416	Sound	31	10782446	347	1			260		other	0
10108009	417	Sound	38	10801046	441	1			260		other	0
10108009	417	Response	1	10805785	5180	1
10108009	418	Sound	30	10819446	334	1			260		other	0
10108009	419	Sound	40	10847245	458	1			260		other	0
10108009	419	Response	1	10852104	5317	1
10108009	420	Sound	32	10871445	315	1			260		other	0
10108009	421	Sound	34	10893045	408	1			260		other	0
10108009	422	Sound	37	10910844	368	1			260		other	0
10108009	422	Response	1	10915943	5467	1
10108009	423	Sound	35	10931644	327	1			260		other	0
10108009	424	Sound	35	10954644	319	1			260		other	0
10108009	425	Sound	30	10971044	380	1			260		other	0
10108009	426	Sound	33	10993043	372	1			260		other	0
10108009	427	Sound	35	11014643	464	1			260		other	0
10108009	427	Response	1	11020582	6403	1
10108009	428	Sound	39	11034242	391	1			260		other	0
10108009	429	Sound	37	11060842	315	1			260		other	0
10108009	430	Sound	37	11082642	274	1			260		other	0
10108009	431	Sound	31	11098841	301	1			260		other	0
10108009	432	Sound	38	11116841	461	1			260		other	0
10108009	433	Sound	30	11144841	451	1			260		other	0
10108009	434	Sound	37	11161040	312	1			260		other	0
10108009	435	Sound	37	11188440	369	1			260		other	0
10108009	435	Response	1	11193379	5308	1
10108009	436	Sound	40	11213840	427	1			260		other	0
10108009	436	Response	1	11218018	4605	1
10108009	437	Sound	32	11238639	385	1			260		other	0
10108009	438	Sound	34	11259439	344	1			260		other	0
10108009	439	Sound	34	11281639	370	1			260		other	0
10108009	440	Sound	38	11302038	428	1			260		other	0
10108009	440	Response	1	11307777	6167	1
10108009	441	Sound	36	11322238	288	1			260		other	0
10108009	442	Sound	36	11344238	280	1			260		other	0
10108009	443	Sound	40	11373237	436	1			260		other	0
10108009	443	Response	1	11376415	3615	1
10108009	444	Sound	32	11393437	296	1			260		other	0
10108009	445	Sound	36	11420036	386	1			260		other	0
10108009	446	Sound	33	11440436	446	1			260		other	0
10108009	447	Sound	33	11459836	339	1			260		other	0
10108009	448	Sound	32	11486035	363	1			260		other	0
10108009	449	Sound	39	11509835	321	1			260		other	0
10108009	449	Response	1	11514253	4739	1
10108009	450	Sound	31	11533635	446	1			260		other	0
10108009	451	Sound	33	11554834	305	1			260		other	0
10108009	452	Sound	31	11578634	430	1			260		other	0
10108009	453	Sound	30	11604833	454	1			260		other	0
10108009	454	Sound	32	11629833	278	1			260		other	0
10108009	455	Sound	36	11651833	270	1			260		other	0
10108009	455	Response	1	11658890	7328	1
10108009	456	Sound	34	11674032	462	1			260		other	0
10108009	457	Sound	40	11701032	453	1			260		other	0
10108009	457	Response	1	11704729	4150	1
10108009	458	Sound	35	11730031	442	1			260		other	0
10108009	459	Sound	39	11755031	433	1			260		other	0
10108009	459	Response	1	11760248	5651	1
10108009	460	Sound	36	11777231	459	1			260		other	0
10108009	460	Response	1	11787128	10356	1
10108009	461	Sound	35	11794430	319	1			260		other	0
10108009	461	Response	1	11799128	5017	1
10108009	462	Sound	33	11820630	343	1			260		other	0
10108009	463	Sound	39	11839430	303	1			260		other	0
10108009	463	Response	1	11845447	6320	1
10108009	465	Response	255	11918166	61287	1
10108009	467	Sound	31	11994427	415	1			260		other	0
10108009	468	Sound	40	12023227	371	1			260		other	0
10108009	468	Response	1	12026724	3868	1
10108009	469	Sound	33	12042627	431	1			260		other	0
10108009	470	Sound	31	12062826	457	1			260		other	0
10108009	471	Sound	38	12087026	315	1			260		other	0
10108009	471	Response	1	12092243	5532	1
10108009	472	Sound	34	12106226	341	1			260		other	0
10108009	473	Sound	34	12130625	399	1			260		other	0
10108009	474	Sound	30	12159225	322	1			260		other	0
10108009	475	Sound	31	12185024	447	1			260		other	0
10108009	476	Sound	37	12209024	438	1			260		other	0
10108009	477	Sound	37	12237624	361	1			260		other	0
10108009	478	Sound	36	12261223	287	1			260		other	0
10108009	479	Sound	39	12285423	311	1			260		other	0
10108009	479	Response	1	12289999	4887	1
10108009	480	Sound	39	12309822	369	1			260		other	0
10108009	480	Response	1	12316639	7185	1
10108009	481	Sound	38	12334422	460	1			260		other	0
10108009	482	Sound	38	12357422	452	1			260		other	0
10108009	482	Response	1	12362078	5108	1
10108009	483	Sound	39	12374021	379	1			260		other	0
10108009	484	Sound	37	12390621	306	1			260		other	0
10108009	485	Sound	32	12414821	331	1			260		other	0
10108009	486	Sound	30	12443620	454	1			260		other	0
10108009	487	Sound	34	12470420	411	1			260		other	0
10108009	488	Sound	35	12496619	435	1			260		other	0
10108009	489	Sound	36	12516619	429	1			260		other	0
10108009	490	Sound	35	12535419	388	1			260		other	0
10108009	491	Sound	30	12553819	448	1			260		other	0
10108009	492	Sound	40	12570418	376	1			260		other	0
10108009	492	Response	1	12574155	4112	1
10108009	493	Sound	33	12588818	436	1			260		other	0
10108009	494	Sound	33	12605018	296	1			260		other	0
10108009	495	Sound	34	12625617	389	1			260		other	0
10108009	496	Sound	38	12648217	314	1			260		other	0
10108009	496	Response	1	12654153	6251	1
10108009	497	Sound	30	12665817	408	1			260		other	0
10108009	498	Sound	32	12686216	301	1			260		other	0
10108009	499	Sound	32	12710416	325	1			260		other	0
10108009	500	Sound	33	12735616	350	1			260		other	0
10108009	501	Sound	36	12755015	410	1			260		other	0
10108009	501	Response	1	12761351	6745	1
10108009	502	Sound	31	12772215	437	1			260		other	0
10108009	503	Sound	36	12789415	298	1			260		other	0
10108009	504	Sound	36	12806814	358	1			260		other	0
10108009	504	Response	1	12813190	6734	1
10108009	505	Sound	39	12831414	449	1			260		other	0
10108009	506	Sound	35	12848814	343	1			260		other	0
10108009	507	Sound	31	12865613	470	1			260		other	0
10108009	508	Sound	37	12890413	428	1			260		other	0
10108009	508	Response	1	12895509	5524	1
10108009	509	Sound	38	12906813	322	1			260		other	0
10108009	509	Response	1	12915349	8858	1
10108009	510	Sound	40	12924213	383	1			260		other	0
10108009	510	Response	1	12928468	4638	1
10108009	511	Sound	33	12940812	310	1			260		other	0
10108009	512	Sound	37	12967612	434	1			260		other	0
10108009	512	Response	1	12972868	5689	1
10108009	513	Sound	34	12984212	361	1			260		other	0
10108009	514	Sound	39	13003411	388	1			260		other	0
10108009	515	Sound	32	13021611	414	1			260		other	0
10108009	516	Sound	35	13048811	438	1			260		other	0
10108009	516	Response	1	13053426	5054	1
10108009	517	Sound	32	13072410	363	1			260		other	0
10108009	518	Sound	40	13101010	453	1			260		other	0
10108009	518	Response	1	13104785	4228	1
10108009	519	Sound	40	13118209	313	1			260		other	0
10108009	519	Response	1	13122705	4808	1
10108009	520	Sound	30	13144209	304	1			260		other	0
10108009	521	Sound	35	13162409	331	1			260		other	0
10108009	523	Response	255	13336302	145800	1
10108009	525	Sound	35	13408005	343	1			260		other	0
10108009	526	Sound	32	13425605	437	1			260		other	0
10108009	527	Sound	31	13447404	396	1			260		other	0
10108009	528	Sound	40	13473004	320	1			260		other	0
10108009	528	Response	1	13477019	4335	1
10108009	529	Sound	34	13492804	280	1			260		other	0
10108009	530	Sound	39	13516003	305	1			260		other	0
10108009	530	Response	1	13519818	4120	1
10108009	531	Sound	38	13536003	297	1			260		other	0
10108009	532	Sound	37	13560403	355	1			260		other	0
10108009	533	Sound	39	13584002	447	1			260		other	0
10108009	533	Response	1	13590377	6822	1
10108009	534	Sound	32	13612002	437	1			260		other	0
10108009	535	Sound	31	13634801	395	1			260		other	0
10108009	536	Sound	38	13662401	319	1			260		other	0
10108009	536	Response	1	13666855	4773	1
10108009	537	Sound	34	13681401	312	1			260		other	0
10108009	538	Sound	39	13708000	403	1			260		other	0
10108009	538	Response	1	13717974	10377	1
10108009	539	Sound	39	13726200	430	1			260		other	0
10108009	539	Response	1	13731095	5324	1
10108009	540	Sound	35	13743200	423	1			260		other	0
10108009	541	Sound	31	13764799	349	1			260		other	0
10108009	541	Response	1	13780853	16403	1
10108009	542	Sound	31	13789999	373	1			260		other	0
10108009	543	Sound	40	13807799	334	1			260		other	0
10108009	543	Response	1	13813013	5548	2
10108009	544	Sound	36	13832198	392	1			260		other	0
10108009	545	Sound	40	13856598	450	1			260		other	0
10108009	545	Response	1	13859972	3824	1
10108009	546	Sound	39	13872598	444	1			260		other	0
10108009	546	Response	1	13878132	5978	1
10108009	547	Sound	34	13898797	301	1			260		other	0
10108009	548	Sound	37	13923997	326	1			260		other	0
10108009	549	Sound	35	13942197	352	1			260		other	0
10108009	549	Response	1	13947811	5966	1
10108009	550	Sound	37	13966196	344	1			260		other	0
10108009	551	Sound	33	13983196	338	1			260		other	0
10108009	552	Sound	38	14002596	397	1			260		other	0
10108009	553	Sound	37	14027395	356	1			260		other	0
10108009	553	Response	1	14032289	5250	1
10108009	554	Sound	38	14050195	314	1			260		other	0
10108009	554	Response	1	14055729	5848	1
10108009	555	Sound	34	14067795	408	1			260		other	0
10108009	556	Sound	36	14090994	266	1			260		other	0
10108009	557	Sound	30	14114594	358	1			260		other	0
10108009	558	Sound	36	14135393	317	1			260		other	0
10108009	559	Sound	33	14161593	341	1			260		other	0
10108009	560	Sound	40	14180393	301	1			260		other	0
10108009	560	Response	1	14184606	4514	1
10108009	561	Sound	36	14204392	292	1			260		other	0
10108009	562	Sound	31	14232992	382	1			260		other	0
10108009	563	Sound	30	14249592	309	1			260		other	0
10108009	564	Sound	34	14266991	370	1			260		other	0
10108009	565	Sound	36	14287791	329	1			260		other	0
10108009	566	Sound	30	14313591	453	1			260		other	0
10108009	567	Sound	33	14342190	376	1			260		other	0
10108009	568	Sound	30	14367790	300	1			260		other	0
10108009	569	Sound	30	14385190	361	1			260		other	0
10108009	570	Sound	32	14413789	284	1			260		other	0
10108009	571	Sound	35	14431589	411	1			260		other	0
10108009	572	Sound	35	14452789	270	1			260		other	0
10108009	572	Response	1	14458522	6003	1
10108009	573	Sound	33	14477788	428	1			260		other	0
10108009	574	Sound	38	14497388	354	1			260		other	0
10108009	574	Response	1	14505081	8048	1
10108009	575	Sound	32	14524187	311	1			260		other	0
10108009	576	Sound	40	14540387	339	1			260		other	0
10108009	576	Response	1	14545000	4952	1
10108009	577	Sound	32	14562787	397	1			260		other	0
10108009	578	Sound	37	14590586	354	1			260		other	0
10108009	579	Sound	33	14612186	280	1			260		other	0
10108009	581	Response	255	15931056	1302398	1
10108009	583	Sound	12	16008164	281	1			260		other	0
10108009	584	Sound	11	16031764	373	1			260		other	0
10108009	584	Response	1	16044894	13503	1
10108009	585	Sound	16	16053163	265	1			260		other	0
10108009	585	Response	1	16056734	3836	1
10108009	586	Sound	17	16070363	293	1			260		other	0
10108009	586	Response	1	16074413	4343	1
10108009	587	Sound	14	16095763	350	1			260		other	0
10108009	587	Response	1	16098653	3240	1
10108009	588	Sound	15	16114362	277	1			260		other	0
10108009	588	Response	1	16117853	3767	1
10108009	589	Sound	19	16133762	337	1			260		other	0
10108009	589	Response	1	16136652	3227	1
10108009	590	Sound	18	16152962	363	1			260		other	0
10108009	590	Response	1	16155852	3254	1
10108009	591	Sound	19	16177761	321	1			260		other	0
10108009	591	Response	1	16181212	3771	1
10108009	592	Sound	10	16200961	346	1			260		other	0
10108009	593	Sound	20	16226760	470	1			260		other	0
10108009	593	Response	1	16230171	3880	1
10108009	594	Sound	15	16252760	294	1			260		other	0
10108009	595	Sound	15	16275760	453	1			260		other	0
10108009	595	Response	1	16280810	5503	1
10108009	596	Sound	18	16298759	278	1			260		other	0
10108009	596	Response	1	16304010	5528	1
10108009	597	Sound	16	16320559	403	1			260		other	0
10108009	597	Response	1	16326889	6733	1
10108009	598	Sound	12	16341359	363	1			260		other	0
10108009	598	Response	1	16345689	4692	1
10108009	599	Sound	11	16359958	289	1			260		other	0
10108009	599	Response	1	16364088	4419	1
10108009	600	Sound	10	16382358	348	1			260		other	0
10108009	601	Sound	10	16401558	374	1			260		other	0
10108009	602	Sound	13	16420957	434	1			260		other	0
10108009	602	Response	1	16426087	5564	1
10108009	603	Sound	17	16439957	427	1			260		other	0
10108009	603	Response	1	16444887	5357	1
10108009	604	Sound	15	16462157	286	1			260		other	0
10108009	604	Response	1	16466966	5096	1
10108009	605	Sound	14	16488156	277	1			260		other	0
10108009	605	Response	1	16498646	10766	1
10108009	606	Sound	14	16514156	434	1			260		other	0
10108009	606	Response	1	16520486	6764	1
10108009	607	Sound	20	16534356	294	1			260		other	0
10108009	607	Response	1	16539685	5623	1
10108009	608	Sound	12	16559355	285	1			260		other	0
10108009	608	Response	1	16566565	7495	1
10108009	609	Sound	16	16581955	377	1			260		other	0
10108009	609	Response	1	16586245	4666	1
10108009	610	Sound	19	16604154	402	1			260		other	0
10108009	610	Response	1	16608484	4732	1
10108009	611	Sound	13	16619954	363	1			260		other	0
10108009	611	Response	1	16624884	5293	1
10108009	612	Sound	20	16640754	322	1			260		other	0
10108009	612	Response	1	16645204	4772	1
10108009	613	Sound	17	16656554	283	1			260		other	0
10108009	613	Response	1	16660963	4693	1
10108009	614	Sound	18	16674353	410	1			260		other	0
10108009	614	Response	1	16679923	5980	1
10108009	615	Sound	13	16700953	334	1			260		other	0
10108009	615	Response	1	16705523	4904	1
10108009	616	Sound	16	16723353	393	1			260		other	0
10108009	616	Response	1	16728002	5042	1
10108009	617	Sound	14	16742952	319	1			260		other	0
10108009	617	Response	1	16747442	4809	1
10108009	618	Sound	11	16759352	380	1			260		other	0
10108009	618	Response	1	16763602	4629	1
10108009	619	Sound	12	16780352	373	1			260		other	0
10108009	619	Response	1	16785441	5462	1
10108009	620	Sound	17	16805351	364	1			260		other	0
10108009	620	Response	1	16810321	5333	1
10108009	621	Sound	18	16826951	289	1			260		other	0
10108009	621	Response	1	16830240	3579	1
10108009	622	Sound	20	16854351	346	1			260		other	0
10108009	622	Response	1	16859280	5275	1
10108009	623	Sound	10	16872550	373	1			260		other	0
10108009	624	Sound	20	16900750	396	1			260		other	0
10108009	624	Response	1	16905599	5245	1
10108009	625	Sound	12	16925949	421	1			260		other	0
10108009	626	Sound	11	16946149	280	1			260		other	0
10108009	627	Sound	14	16973149	437	1			260		other	0
10108009	627	Response	1	16978958	6246	1
10108009	628	Sound	19	16995948	395	1			260		other	0
10108009	628	Response	1	17002557	7004	1
10108009	629	Sound	18	17018148	421	1			260		other	0
10108009	629	Response	1	17025757	8030	1
10108009	630	Sound	19	17036548	314	1			260		other	0
10108009	630	Response	1	17041437	5204	1
10108009	631	Sound	17	17059947	373	1			260		other	0
10108009	631	Response	1	17063116	3542	1
10108009	632	Sound	11	17077547	300	1			260		other	0
10108009	633	Sound	13	17102747	324	1			260		other	0
10108009	633	Response	1	17107196	4773	1
10108009	634	Sound	15	17122346	417	1			260		other	0
10108009	634	Response	1	17127755	5826	1
10108009	635	Sound	13	17143146	376	1			260		other	0
10108009	635	Response	1	17153515	10745	1
10108009	636	Sound	10	17166146	368	1			260		other	0
10108009	637	Sound	16	17184745	461	1			260		other	0
10108009	637	Response	1	17190474	6190	1
10108009	639	Response	255	17275673	63799	1
10108009	641	Sound	59	17350143	302	1			260		other	0
10108009	641	Response	1	17354711	4871	1
10108009	642	Sound	55	17377542	359	1			260		other	0
10108009	643	Sound	56	17393742	387	1			260		other	0
10108009	643	Response	1	17397350	3995	1
10108009	644	Sound	53	17421542	343	1			260		other	0
10108009	645	Sound	60	17437341	305	1			260		other	0
10108009	645	Response	1	17440150	3113	1
10108009	646	Sound	58	17465941	394	1			260		other	0
10108009	646	Response	1	17475109	9563	1
10108009	647	Sound	54	17495140	417	1			260		other	0
10108009	648	Sound	51	17517340	443	1			260		other	0
10108009	649	Sound	60	17542940	367	1			260		other	0
10108009	649	Response	1	17545908	3335	1
10108009	650	Sound	59	17568539	291	1			260		other	0
10108009	651	Sound	58	17588739	317	1			260		other	0
10108009	651	Response	1	17592867	4445	1
10108009	652	Sound	56	17611539	276	1			260		other	0
10108009	652	Response	1	17618387	7124	1
10108009	653	Sound	56	17629538	436	1			260		other	0
10108009	653	Response	1	17633666	4564	1
10108009	654	Sound	50	17647538	430	1			260		other	0
10108009	655	Sound	54	17665938	323	1			260		other	0
10108009	655	Response	1	17670146	4531	1
10108009	656	Sound	59	17691337	381	1			260		other	0
10108009	656	Response	1	17693985	3029	1
10108009	657	Sound	60	17714937	305	1			260		other	0
10108009	657	Response	1	17718465	3833	1
10108009	658	Sound	51	17739736	430	1			260		other	0
10108009	659	Sound	50	17758536	390	1			260		other	0
10108009	660	Sound	53	17782936	448	1			260		other	0
10108009	661	Sound	52	17799936	275	1			260		other	0
10108009	662	Sound	53	17824135	300	1			260		other	0
10108009	663	Sound	57	17843535	360	1			260		other	0
10108009	663	Response	1	17848462	5287	1
10108009	664	Sound	58	17863535	352	1			260		other	0
10108009	664	Response	1	17867902	4720	1
10108009	665	Sound	51	17891534	342	1			260		other	0
10108009	666	Sound	58	17910534	336	1			260		other	0
10108009	666	Response	1	17915261	5063	1
10108009	667	Sound	57	17932933	394	1			260		other	0
10108009	668	Sound	52	17955333	286	1			260		other	0
10108009	669	Sound	52	17973733	346	1			260		other	0
10108009	670	Sound	55	17997332	438	1			260		other	0
10108009	670	Response	1	18003980	7086	1
10108009	671	Sound	50	18017532	464	1			260		other	0
10108009	672	Sound	50	18044932	354	1			260		other	0
10108009	673	Sound	55	18068731	312	1			260		other	0
10108009	673	Response	1	18074539	6120	1
10108009	674	Sound	57	18088931	339	1			260		other	0
10108009	674	Response	1	18093498	4906	1
10108009	675	Sound	55	18117531	429	1			260		other	0
10108009	675	Response	1	18121898	4796	1
10108009	676	Sound	54	18143730	452	1			260		other	0
10108009	676	Response	1	18150297	7020	1
10108009	676	Response	1	18169097	25819	1
10108009	677	Sound	53	18169530	410	1			260		other	0
10108009	678	Sound	51	18186129	337	1			260		other	0
10108009	679	Sound	53	18212729	428	1			260		other	0
10108009	679	Response	1	18217416	5115	1
10108009	680	Sound	60	18233129	320	1			260		other	0
10108009	680	Response	1	18236615	3807	1
10108009	681	Sound	54	18257128	312	1			260		other	0
10108009	681	Response	1	18269815	12999	1
10108009	682	Sound	54	18275328	339	1			260		other	0
10108009	683	Sound	55	18293128	299	1			260		other	0
10108009	683	Response	1	18297815	4986	1
10108009	684	Sound	57	18313528	359	1			260		other	0
10108009	684	Response	1	18317014	3845	1
10108009	685	Sound	56	18338727	383	1			260		other	0
10108009	685	Response	1	18343014	4670	1
10108009	686	Sound	52	18361127	275	1			260		other	0
10108009	686	Response	1	18367253	6401	1
10108009	687	Sound	51	18385526	333	1			260		other	0
10108009	688	Sound	52	18408726	358	1			260		other	0
10108009	689	Sound	50	18433126	416	1			260		other	0
10108009	690	Sound	57	18453925	375	1			260		other	0
10108009	690	Response	1	18460292	6742	1
10108009	691	Sound	59	18473325	435	1			260		other	0
10108009	691	Response	1	18477971	5081	1
10108009	692	Sound	59	18497924	359	1			260		other	0
10108009	692	Response	1	18504851	7286	1
10108009	693	Sound	56	18521524	451	1			260		other	0
10108009	693	Response	1	18528211	7137	1
10108009	694	Sound	60	18549124	374	1			260		other	0
10108009	694	Response	1	18552690	3941	1
10108009	695	Sound	58	18575123	365	1			260		other	0
10108009	695	Response	1	18584130	9372	1
10108009	697	Response	255	18677008	81997	1
10108009	699	Sound	15	18743921	438	1			260		other	0
10108009	699	Response	1	18756927	13444	1
10108009	700	Sound	11	18763320	331	1			260		other	0
10108009	701	Sound	12	18784520	357	1			260		other	0
10108009	701	Response	1	18793646	9483	1
10108009	702	Sound	19	18807120	449	1			260		other	0
10108009	702	Response	1	18810446	3775	1
10108009	703	Sound	10	18823519	343	1			260		other	0
10108009	704	Sound	16	18848319	301	1			260		other	0
10108009	704	Response	1	18851325	3307	1
10108009	705	Sound	16	18875719	358	1			260		other	0
10108009	705	Response	1	18878845	3484	1
10108009	706	Sound	16	18900718	349	1			260		other	0
10108009	706	Response	1	18903964	3595	1
10108009	707	Sound	11	18927518	306	1			260		other	0
10108009	708	Sound	14	18945517	299	1			260		other	0
10108009	708	Response	1	18949403	4185	1
10108009	709	Sound	14	18972517	290	1			260		other	0
10108009	709	Response	1	18978283	6056	1
10108009	710	Sound	14	18991317	417	1			260		other	0
10108009	711	Sound	10	19014516	442	1			260		other	0
10108009	712	Sound	17	19039916	332	1			260		other	0
10108009	712	Response	1	19045322	5738	1
10108009	713	Sound	16	19056316	393	1			260		other	0
10108009	713	Response	1	19063641	7719	1
10108009	714	Sound	20	19074115	353	1			260		other	0
10108009	714	Response	1	19079401	5639	1
10108009	715	Sound	11	19098715	445	1			260		other	0
10108009	716	Sound	20	19116715	272	1			260		other	0
10108009	716	Response	1	19121801	5357	1
10108009	717	Sound	14	19137114	331	1			260		other	0
10108009	718	Sound	18	19157914	457	1			260		other	0
10108009	718	Response	1	19163240	5782	1
10108009	719	Sound	12	19181914	282	1			260		other	0
10108009	719	Response	1	19191239	9607	1
10108009	720	Sound	19	19201713	408	1			260		other	0
10108009	721	Sound	13	19221713	401	1			260		other	0
10108009	722	Sound	15	19246513	359	1			260		other	0
10108009	722	Response	1	19253318	7164	1
10108009	723	Sound	13	19272112	283	1			260		other	0
10108009	724	Sound	20	19296112	274	1			260		other	0
10108009	724	Response	1	19299797	3960	1
10108009	725	Sound	10	19317112	433	1			260		other	0
10108009	726	Sound	12	19336711	360	1			260		other	0
10108009	727	Sound	12	19359511	318	1			260		other	0
10108009	728	Sound	18	19382911	377	1			260		other	0
10108009	728	Response	1	19388516	5982	1
10108009	729	Sound	16	19409510	467	1			260		other	0
10108009	729	Response	1	19421955	12912	1
10108009	730	Sound	19	19436110	391	1			260		other	0
10108009	730	Response	1	19440915	5196	1
10108009	731	Sound	15	19458709	316	1			260		other	0
10108009	731	Response	1	19468434	10041	1
10108009	732	Sound	19	19477309	410	1			260		other	0
10108009	732	Response	1	19484834	7935	1
10108009	733	Sound	14	19504709	467	1			260		other	0
10108009	733	Response	1	19510834	6592	1
10108009	734	Sound	17	19521908	327	1			260		other	0
10108009	734	Response	1	19527473	5892	1
10108009	735	Sound	17	19548308	384	1			260		other	0
10108009	735	Response	1	19554113	6189	1
10108009	736	Sound	13	19570708	443	1			260		other	0
10108009	736	Response	1	19571793	1528	1
10108009	737	Sound	19	19588307	370	1			260		other	0
10108009	737	Response	1	19591872	3935	1
10108009	738	Sound	10	19610507	395	1			260		other	0
10108009	739	Sound	13	19626707	423	1			260		other	0
10108009	740	Sound	10	19649306	348	1			260		other	0
10108009	741	Sound	18	19665906	276	1			260		other	0
10108009	741	Response	1	19669631	4000	1
10108009	742	Sound	18	19689706	400	1			260		other	0
10108009	742	Response	1	19694110	4805	1
10108009	743	Sound	17	19713705	392	1			260		other	0
10108009	743	Response	1	19717950	4636	1
10108009	744	Sound	15	19730105	286	1			260		other	0
10108009	745	Sound	13	19756505	343	1			260		other	0
10108009	745	Response	1	19762669	6508	1
10108009	746	Sound	11	19779104	435	1			260		other	0
10108009	746	Response	1	19787629	8960	1
10108009	747	Sound	11	19797504	328	1			260		other	0
10108009	748	Sound	20	19823904	386	1			260		other	0
10108009	748	Response	1	19827788	4271	1
10108009	749	Sound	18	19842503	312	1			260		other	0
10108009	749	Response	1	19848587	6397	1
10108009	750	Sound	12	19858503	307	1			260		other	0
10108009	751	Sound	17	19882903	365	1			260		other	0
10108009	751	Response	1	19891627	9089	1
10108009	752	Sound	20	19908302	422	1			260		other	0
10108009	752	Response	1	19912586	4706	1
10108009	753	Sound	15	19931902	347	1			260		other	0
10108009	755	Response	255	19971306	22332	1
10108009	757	Sound	38	20045900	473	1			260		other	0
10108009	757	Response	1	20051064	5637	1
10108009	758	Sound	36	20069100	332	1			260		other	0
10108009	758	Response	1	20072904	4136	1
10108009	759	Sound	34	20088299	358	1			260		other	0
10108009	759	Response	1	20092743	4802	1
10108009	760	Sound	32	20113699	416	1			260		other	0
10108009	760	Response	1	20116583	3299	1
10108009	761	Sound	30	20130099	310	1			260		other	0
10108009	762	Sound	39	20146898	437	1			260		other	0
10108009	762	Response	1	20151142	4681	1
10108009	763	Sound	33	20174298	327	1			260		other	0
10108009	763	Response	1	20178662	4691	1
10108009	764	Sound	34	20197098	453	1			260		other	0
10108009	764	Response	1	20201382	4737	1
10108009	765	Sound	31	20214697	380	1			260		other	0
10108009	766	Sound	34	20243097	436	1			260		other	0
10108009	766	Response	1	20247221	4560	1
10108009	767	Sound	37	20261097	430	1			260		other	0
10108009	768	Sound	39	20289496	319	1			260		other	0
10108009	768	Response	1	20294180	5003	1
10108009	769	Sound	40	20314296	277	1			260		other	0
10108009	769	Response	1	20319777	5759	4
10108009	770	Sound	37	20331496	305	1			260		other	0
10108009	771	Sound	35	20354295	430	1			260		other	0
10108009	772	Sound	32	20372095	390	1			260		other	0
10108009	773	Sound	30	20396695	315	1			260		other	0
10108009	774	Sound	33	20416894	341	1			260		other	0
10108009	775	Sound	35	20434494	435	1			260		other	0
10108009	775	Response	1	20440977	6918	1
10108009	776	Sound	38	20452494	428	1			260		other	0
10108009	776	Response	1	20457137	5072	1
10108009	777	Sound	33	20479293	385	1			260		other	0
10108009	778	Sound	31	20503893	310	1			260		other	0
10108009	779	Sound	38	20528492	401	1			260		other	0
10108009	779	Response	1	20535136	7044	1
10108009	780	Sound	33	20549092	327	1			260		other	0
10108009	781	Sound	31	20565092	321	1			260		other	0
10108009	782	Sound	36	20583692	415	1			260		other	0
10108009	782	Response	1	20588895	5618	1
10108009	783	Sound	32	20605891	273	1			260		other	0
10108009	784	Sound	36	20622691	401	1			260		other	0
10108009	785	Sound	30	20639891	428	1			260		other	0
10108009	786	Sound	31	20665290	319	1			260		other	0
10108009	787	Sound	34	20689690	377	1			260		other	0
10108009	788	Sound	32	20717089	267	1			260		other	0
10108009	789	Sound	33	20739289	459	1			260		other	0
10108009	790	Sound	40	20759489	318	1			260		other	0
10108009	790	Response	1	20762732	3561	1
10108009	791	Sound	40	20779089	411	1			260		other	0
10108009	791	Response	1	20782411	3734	1
10108009	792	Sound	37	20805888	369	1			260		other	0
10108009	793	Sound	38	20828888	360	1			260		other	0
10108009	793	Response	1	20836411	7883	1
10108009	794	Sound	36	20855887	351	1			260		other	0
10108009	795	Sound	37	20872087	378	1			260		other	0
10108009	795	Response	1	20879610	7901	1
10108009	796	Sound	34	20898087	369	1			260		other	0
10108009	797	Sound	32	20915486	429	1			260		other	0
10108009	798	Sound	39	20937886	321	1			260		other	0
10108009	798	Response	1	20943608	6044	1
10108009	799	Sound	39	20965885	311	1			260		other	0
10108009	799	Response	1	20977688	12114	1
10108009	800	Sound	31	20992485	402	1			260		other	0
10108009	801	Sound	40	21009885	462	1			260		other	0
10108009	801	Response	1	21015287	5865	1
10108009	802	Sound	37	21026885	290	1			260		other	0
10108009	803	Sound	35	21048084	315	1			260		other	0
10108009	804	Sound	30	21076084	472	1			260		other	0
10108009	805	Sound	38	21097683	398	1			260		other	0
10108009	805	Response	1	21105765	8480	1
10108009	806	Sound	39	21123883	422	1			260		other	0
10108009	807	Sound	35	21141083	282	1			260		other	0
10108009	808	Sound	35	21166082	273	1			260		other	0
10108009	808	Response	1	21170645	4835	1
10108009	809	Sound	36	21190682	364	1			260		other	0
10108009	809	Response	1	21200964	10646	1
10108009	810	Sound	30	21208682	358	1			260		other	0
10108009	811	Sound	40	21228681	351	1			260		other	0
10108009	811	Response	1	21232883	4553	1
10108009	813	Response	255	21298163	48078	1
10108009	815	Sound	57	21371479	433	1			260		other	0
10108009	815	Response	1	21379921	8875	1
10108009	816	Sound	60	21397679	291	1			260		other	0
10108009	816	Response	1	21400401	3013	1
10108009	817	Sound	57	21415878	317	1			260		other	0
10108009	818	Sound	57	21436478	410	1			260		other	0
10108009	818	Response	1	21441040	4972	1
10108009	819	Sound	55	21465078	333	1			260		other	0
10108009	819	Response	1	21469440	4695	1
10108009	820	Sound	58	21482677	427	1			260		other	0
10108009	820	Response	1	21486479	4229	1
10108009	821	Sound	52	21504077	319	1			260		other	0
10108009	821	Response	1	21509199	5441	1
10108009	822	Sound	59	21520877	281	1			260		other	0
10108009	822	Response	1	21524479	3883	1
10108009	823	Sound	60	21549076	470	1			260		other	0
10108009	823	Response	1	21551598	2992	1
10108009	824	Sound	55	21566476	364	1			260		other	0
10108009	825	Sound	58	21590076	288	1			260		other	0
10108009	825	Response	1	21596557	6770	1
10108009	826	Sound	58	21612075	447	1			260		other	0
10108009	826	Response	1	21618477	6849	1
10108009	827	Sound	52	21634275	306	1			260		other	0
10108009	828	Sound	58	21662075	430	1			260		other	0
10108009	828	Response	1	21668876	7231	1
10108009	829	Sound	55	21689074	420	1			260		other	0
10108009	829	Response	1	21693116	4461	1
10108009	830	Sound	60	21713674	344	1			260		other	0
10108009	830	Response	1	21718235	4906	1
10108009	831	Sound	54	21742073	401	1			260		other	0
10108009	832	Sound	52	21767073	392	1			260		other	0
10108009	833	Sound	50	21791273	417	1			260		other	0
10108009	834	Sound	53	21811272	410	1			260		other	0
10108009	835	Sound	57	21837672	300	1			260		other	0
10108009	836	Sound	51	21866271	390	1			260		other	0
10108009	837	Sound	55	21892871	314	1			260		other	0
10108009	837	Response	1	21900712	8155	2
10108009	838	Sound	51	21913671	440	1			260		other	0
10108009	839	Sound	53	21937270	365	1			260		other	0
10108009	840	Sound	50	21959470	390	1			260		other	0
10108009	841	Sound	59	21976670	417	1			260		other	0
10108009	841	Response	1	21981030	4778	1
10108009	842	Sound	56	21998069	309	1			260		other	0
10108009	842	Response	1	22006150	8390	1
10108009	843	Sound	51	22015469	370	1			260		other	0
10108009	844	Sound	50	22034469	363	1			260		other	0
10108009	845	Sound	52	22051668	390	1			260		other	0
10108009	845	Response	1	22057109	5831	1
10108009	846	Sound	51	22079468	347	1			260		other	0
10108009	847	Sound	56	22103868	405	1			260		other	0
10108009	847	Response	1	22109268	5806	1
10108009	848	Sound	55	22127067	430	1			260		other	0
10108009	849	Sound	51	22150067	422	1			260		other	0
10108009	850	Sound	56	22175866	379	1			260		other	0
10108009	850	Response	1	22181347	5860	1
10108009	851	Sound	60	22202466	470	1			260		other	0
10108009	851	Response	1	22205827	3831	1
10108009	852	Sound	59	22228866	360	1			260		other	0
10108009	853	Sound	53	22248865	353	1			260		other	0
10108009	854	Sound	50	22276465	444	1			260		other	0
10108009	855	Sound	58	22300664	301	1			260		other	0
10108009	855	Response	1	22309585	9222	1
10108009	856	Sound	57	22325664	459	1			260		other	0
10108009	857	Sound	54	22346664	452	1			260		other	0
10108009	858	Sound	56	22369863	310	1			260		other	0
10108009	858	Response	1	22376703	7150	1
10108009	859	Sound	59	22392263	369	1			260		other	0
10108009	859	Response	1	22399583	7689	1
10108009	860	Sound	54	22414263	361	1			260		other	0
10108009	861	Sound	59	22431862	288	1			260		other	0
10108009	861	Response	1	22440463	8888	1
10108009	862	Sound	60	22459062	312	1			260		other	0
10108009	862	Response	1	22462942	4191	1
10108009	863	Sound	50	22479462	371	1			260		other	0
10108009	864	Sound	53	22495661	399	1			260		other	0
10108009	865	Sound	54	22517061	458	1			260		other	0
10108009	865	Response	1	22522141	5538	1
10108009	866	Sound	53	22538061	450	1			260		other	0
10108009	867	Sound	54	22565660	374	1			260		other	0
10108009	867	Response	1	22573100	7813	1
10108009	868	Sound	56	22588260	300	1			260		other	0
10108009	869	Sound	52	22610460	324	1			260		other	0
10108009	871	Response	255	22648219	17330	1
10108009	873	Sound	17	22720258	418	1			260		other	0
10108009	873	Response	1	22723978	4138	1
10108009	874	Sound	12	22746857	342	1			260		other	0
10108009	874	Response	1	22750697	4182	1
10108009	875	Sound	20	22769457	434	1			260		other	0
10108009	875	Response	1	22773177	4154	1
10108009	876	Sound	13	22785857	328	1			260		other	0
10108009	877	Sound	12	22809656	286	1			260		other	0
10108009	877	Response	1	22814456	5086	1
10108009	878	Sound	12	22834656	444	1			260		other	0
10108009	878	Response	1	22842216	8004	1
10108009	879	Sound	13	22855456	404	1			260		other	0
10108009	879	Response	1	22860295	5243	1
10108009	880	Sound	11	22871055	331	1			260		other	0
10108009	880	Response	1	22878215	7490	1
10108009	881	Sound	20	22899255	354	1			260		other	0
10108009	881	Response	1	22903335	4434	1
10108009	882	Sound	12	22918855	281	1			260		other	0
10108009	883	Sound	19	22939254	340	1			260		other	0
10108009	884	Sound	20	22959054	300	1			260		other	0
10108009	884	Response	1	22962773	4019	1
10108009	885	Sound	17	22977254	327	1			260		other	0
10108009	886	Sound	15	23000653	385	1			260		other	0
10108009	886	Response	1	23009333	9064	1
10108009	887	Sound	10	23018453	345	1			260		other	0
10108009	888	Sound	16	23034853	406	1			260		other	0
10108009	888	Response	1	23040292	5845	1
10108009	889	Sound	14	23062452	329	1			260		other	0
10108009	890	Sound	18	23079852	390	1			260		other	0
10108009	890	Response	1	23084931	5469	1
10108009	891	Sound	15	23098052	417	1			260		other	0
10108009	891	Response	1	23105411	7776	1
10108009	892	Sound	16	23124451	307	1			260		other	0
10108009	892	Response	1	23139970	15826	1
10108009	893	Sound	13	23150651	331	1			260		other	0
10108009	894	Sound	19	23178851	354	1			260		other	0
10108009	894	Response	1	23183649	5153	1
10108009	895	Sound	17	23194650	316	1			260		other	0
10108009	895	Response	1	23199329	4995	1
10108009	896	Sound	16	23212650	309	1			260		other	0
10108009	896	Response	1	23219009	6668	1
10108009	897	Sound	10	23239650	466	1			260		other	0
10108009	897	Response	1	23254848	15665	1
10108009	898	Sound	18	23259649	459	1			260		other	0
10108009	898	Response	1	23265088	5898	1
10108009	899	Sound	14	23275649	287	1			260		other	0
10108009	899	Response	1	23281248	5886	1
10108009	900	Sound	18	23303249	377	1			260		other	0
10108009	900	Response	1	23306847	3976	1
10108009	901	Sound	10	23328848	468	1			260		other	0
10108009	902	Sound	10	23352048	326	1			260		other	0
10108009	903	Sound	15	23371648	419	1			260		other	0
10108009	903	Response	1	23375646	4418	1
10108009	904	Sound	11	23394447	378	1			260		other	0
10108009	905	Sound	19	23414247	337	1			260		other	0
10108009	905	Response	1	23417166	3256	1
10108009	906	Sound	19	23431447	364	1			260		other	0
10108009	906	Response	1	23437885	6803	1
10108009	907	Sound	18	23453846	423	1			260		other	0
10108009	907	Response	1	23461245	7821	1
10108009	908	Sound	14	23480446	347	1			260		other	0
10108009	909	Sound	20	23495845	408	1			260		other	0
10108009	909	Response	1	23497084	1647	1
10108009	910	Sound	19	23515645	368	1			260		other	0
10108009	911	Sound	14	23537245	293	1			260		other	0
10108009	912	Sound	20	23559645	352	1			260		other	0
10108009	912	Response	1	23566603	7310	1
10108009	913	Sound	15	23581844	377	1			260		other	0
10108009	914	Sound	14	23599244	438	1			260		other	0
10108009	914	Response	1	23605242	6436	1
10108009	915	Sound	11	23618644	331	1			260		other	0
10108009	916	Sound	16	23636043	391	1			260		other	0
10108009	916	Response	1	23641082	5429	1
10108009	917	Sound	10	23653043	385	1			260		other	0
10108009	918	Sound	11	23678443	276	1			260		other	0
10108009	919	Sound	13	23700842	335	1			260		other	0
10108009	919	Response	1	23707240	6733	1
10108009	920	Sound	17	23719842	328	1			260		other	0
10108009	920	Response	1	23729080	9566	1
10108009	921	Sound	13	23747242	385	1			260		other	0
10108009	921	Response	1	23752920	6063	1
10108009	922	Sound	18	23763841	312	1			260		other	0
10108009	922	Response	1	23768439	4910	1
10108009	923	Sound	16	23783841	472	1			260		other	0
10108009	923	Response	1	23791159	7790	1
10108009	924	Sound	12	23811841	295	1			260		other	0
10108009	924	Response	1	23818039	6493	1
10108009	925	Sound	15	23829440	389	1			260		other	0
10108009	925	Response	1	23835078	6027	1
10108009	926	Sound	17	23853040	314	1			260		other	0
10108009	926	Response	1	23859318	6592	1
10108009	927	Sound	11	23880040	304	1			260		other	0
10108009	929	Response	255	24247471	344981	1
10108009	931	Sound	30	24317833	448	1			260		other	0
10108009	932	Sound	39	24334832	275	1			260		other	0
10108009	933	Sound	32	24360632	399	1			260		other	0
10108009	934	Sound	34	24387032	457	1			260		other	0
10108009	935	Sound	36	24414031	280	1			260		other	0
10108009	935	Response	1	24420748	6997	1
10108009	936	Sound	34	24438631	371	1			260		other	0
10108009	937	Sound	33	24457030	265	1			260		other	0
10108009	938	Sound	36	24480230	290	1			260		other	0
10108009	939	Sound	35	24499430	316	1			260		other	0
10108009	939	Response	1	24505227	6113	1
10108009	940	Sound	30	24519229	443	1			260		other	0
10108009	941	Sound	33	24538229	436	1			260		other	0
10108009	942	Sound	37	24556629	329	1			260		other	0
10108009	943	Sound	31	24574828	356	1			260		other	0
10108009	944	Sound	39	24597028	382	1			260		other	0
10108009	944	Response	1	24602504	5858	1
10108009	945	Sound	39	24616828	341	1			260		other	0
10108009	945	Response	1	24624745	8258	1
10108009	946	Sound	37	24635628	302	1			260		other	0
10108009	947	Sound	34	24662827	325	1			260		other	0
10108009	947	Response	1	24668184	5681	1
10108009	948	Sound	38	24683027	351	1			260		other	0
10108009	949	Sound	36	24703627	444	1			260		other	0
10108009	950	Sound	37	24722626	437	1			260		other	0
10108009	951	Sound	34	24744226	362	1			260		other	0
10108009	951	Response	1	24748582	4719	1
10108009	952	Sound	36	24766026	321	1			260		other	0
10108009	953	Sound	30	24790425	379	1			260		other	0
10108009	954	Sound	30	24807225	340	1			260		other	0
10108009	955	Sound	40	24832825	431	1			260		other	0
10108009	955	Response	1	24838819	6426	3
10108009	956	Sound	33	24856224	322	1			260		other	0
10108009	957	Sound	31	24882224	313	1			260		other	0
10108009	958	Sound	31	24902823	406	1			260		other	0
10108009	959	Sound	36	24919623	366	1			260		other	0
10108009	959	Response	1	24927539	8283	1
10108009	960	Sound	37	24949223	456	1			260		other	0
10108009	961	Sound	35	24975222	447	1			260		other	0
10108009	962	Sound	33	24995822	372	1			260		other	0
10108009	963	Sound	38	25013822	366	1			260		other	0
10108009	964	Sound	40	25032221	426	1			260		other	0
10108009	964	Response	1	25037377	5582	1
10108009	965	Sound	40	25060421	283	1			260		other	0
10108009	965	Response	1	25067137	6999	1
10108009	966	Sound	35	25076821	344	1			260		other	0
10108009	967	Sound	32	25093420	438	1			260		other	0
10108009	968	Sound	38	25111620	298	1			260		other	0
10108009	968	Response	1	25118016	6694	1
10108009	969	Sound	33	25140220	388	1			260		other	0
10108009	970	Sound	39	25166619	278	1			260		other	0
10108009	970	Response	1	25172655	6314	1
10108009	971	Sound	37	25189619	437	1			260		other	0
10108009	972	Sound	40	25207018	330	1			260		other	0
10108009	972	Response	1	25210814	4126	1
10108009	973	Sound	32	25230818	289	1			260		other	0
10108009	974	Sound	38	25249818	449	1			260		other	0
10108009	975	Sound	32	25267618	409	1			260		other	0
10108009	976	Sound	32	25290017	301	1			260		other	0
10108009	977	Sound	35	25309217	327	1			260		other	0
10108009	978	Sound	31	25337016	284	1			260		other	0
10108009	979	Sound	34	25353816	411	1			260		other	0
10108009	980	Sound	38	25371616	372	1			260		other	0
10108009	981	Sound	31	25391216	465	1			260		other	0
10108009	982	Sound	30	25414815	390	1			260		other	0
10108009	983	Sound	40	25434215	283	1			260		other	0
10108009	983	Response	1	25438490	4557	1
10108009	984	Sound	39	25457415	474	1			260		other	0
10108009	985	Sound	35	25480414	466	1			260		other	0


The following output port codes were not sent because of a conflict on the port.
Port	Code	Time(ms)
1	253	10767
1	253	141421
1	253	278652
1	253	407409
1	253	559278
1	253	694820
1	253	829410
1	253	1.0568e+06
1	253	1.19182e+06
1	253	1.33363e+06
1	253	1.59311e+06
1	253	1.72757e+06
1	253	1.8677e+06
1	253	1.99713e+06
1	253	2.12982e+06
1	253	2.26482e+06
1	253	2.42475e+06
1	253	2.72844e+06
