Scenario - 
Logfile written - 12/11/2018 21:11:21

Subject	Trial	Event Type	Code	Time	TTime	Uncertainty	Duration	Uncertainty	ReqTime	ReqDur	Stim Type	Pair Index

10108016_1	1	Response	255	2984168	2983501	1
10108016_1	3	Sound	39	3066825	672	1			260		other	0
10108016_1	4	Sound	34	3093823	996	1			260		other	0
10108016_1	5	Sound	35	3114822	655	1			260		other	0
10108016_1	6	Sound	35	3139320	980	1			260		other	0
10108016_1	7	Sound	31	3160319	639	1			260		other	0
10108016_1	8	Sound	34	3186317	963	1			260		other	0
10108016_1	9	Sound	37	3207816	622	1			260		other	0
10108016_1	10	Sound	39	3226315	949	1			260		other	0
10108016_1	11	Sound	35	3251813	940	1			260		other	0
10108016_1	12	Sound	32	3278811	763	1			260		other	0
10108016_1	13	Sound	30	3303810	921	1			260		other	0
10108016_1	14	Sound	32	3320809	749	1			260		other	0
10108016_1	15	Sound	40	3342307	741	1			260		other	0
10108016_1	15	Response	1	3346144	4578	1
10108016_1	16	Sound	40	3363806	733	1			260		other	0
10108016_1	16	Response	1	3366863	3790	1
10108016_1	17	Sound	36	3393304	1056	1			260		other	0
10108016_1	17	Response	1	3399821	7573	1
10108016_1	18	Sound	34	3421302	879	1			260		other	0
10108016_1	19	Sound	33	3447801	703	1			260		other	0
10108016_1	20	Sound	38	3469799	863	1			260		other	0
10108016_1	20	Response	1	3477816	8880	1
10108016_1	21	Sound	33	3488798	688	1			260		other	0
10108016_1	22	Sound	38	3511297	680	1			260		other	0
10108016_1	23	Sound	36	3536795	1005	1			260		other	0
10108016_1	23	Response	1	3542932	7142	1
10108016_1	24	Sound	35	3553794	999	1			260		other	0
10108016_1	25	Sound	31	3574293	658	1			260		other	0
10108016_1	26	Sound	30	3600791	815	1			260		other	0
10108016_1	27	Sound	40	3625789	640	1			260		other	0
10108016_1	27	Response	1	3628766	3616	1
10108016_1	28	Sound	33	3652788	963	1			260		other	0
10108016_1	29	Sound	38	3671786	790	1			260		other	0
10108016_1	30	Sound	40	3700285	780	1			260		other	0
10108016_1	30	Response	1	3703081	3576	1
10108016_1	31	Sound	33	3719284	606	1			260		other	0
10108016_1	32	Sound	32	3744782	930	1			260		other	0
10108016_1	33	Sound	34	3771780	587	1			260		other	0
10108016_1	34	Sound	36	3799778	577	1			260		other	0
10108016_1	35	Sound	37	3829277	1067	1			260		other	0
10108016_1	35	Response	1	3835873	7664	1
10108016_1	36	Sound	30	3849275	727	1			260		other	0
10108016_1	37	Sound	38	3874774	717	1			260		other	0
10108016_1	37	Response	1	3880670	6614	1
10108016_1	38	Sound	32	3900772	708	1			260		other	0
10108016_1	39	Sound	40	3918771	702	1			260		other	0
10108016_1	39	Response	1	3922348	4279	1
10108016_1	40	Sound	30	3947269	692	1			260		other	0
10108016_1	41	Sound	32	3965768	1018	1			260		other	0
10108016_1	42	Sound	34	3985267	1012	1			260		other	0
10108016_1	43	Sound	31	4005266	1005	1			260		other	0
10108016_1	44	Sound	36	4025764	998	1			260		other	0
10108016_1	44	Response	1	4035940	11175	1
10108016_1	45	Sound	36	4044763	990	1			260		other	0
10108016_1	46	Sound	31	4067762	816	1			260		other	0
10108016_1	47	Sound	33	4089760	974	1			260		other	0
10108016_1	48	Sound	37	4112259	800	1			260		other	0
10108016_1	48	Response	1	4117855	6396	1
10108016_1	49	Sound	39	4134257	958	1			260		other	0
10108016_1	50	Sound	37	4152756	952	1			260		other	0
10108016_1	51	Sound	37	4181254	942	1			260		other	0
10108016_1	52	Sound	38	4199253	935	1			260		other	0
10108016_1	52	Response	1	4203930	5611	1
10108016_1	53	Sound	39	4227252	759	1			260		other	0
10108016_1	54	Sound	35	4248250	918	1			260		other	0
10108016_1	55	Sound	39	4274249	908	1			260		other	0
10108016_1	56	Sound	31	4293747	1068	1			260		other	0
10108016_1	57	Sound	30	4310746	729	1			260		other	0
10108016_1	59	Response	255	4343521	16085	1
10108016_1	61	Sound	53	4416240	1025	1			260		other	0
10108016_1	62	Sound	50	4434239	1018	1			260		other	0
10108016_1	63	Sound	60	4451737	678	1			260		other	0
10108016_1	63	Response	1	4455113	4054	1
10108016_1	64	Sound	57	4470736	838	1			260		other	0
10108016_1	64	Response	1	4481112	11214	1
10108016_1	65	Sound	59	4494235	997	1			260		other	0
10108016_1	65	Response	1	4498790	5552	1
10108016_1	66	Sound	51	4520733	654	1			260		other	0
10108016_1	67	Sound	54	4545732	645	1			260		other	0
10108016_1	68	Sound	50	4569230	970	1			260		other	0
10108016_1	69	Sound	54	4587729	963	1			260		other	0
10108016_1	70	Sound	55	4612727	621	1			260		other	0
10108016_1	71	Sound	59	4633226	947	1			260		other	0
10108016_1	71	Response	1	4637102	4823	1
10108016_1	72	Sound	58	4662224	770	1			260		other	0
10108016_1	72	Response	1	4667660	6206	1
10108016_1	73	Sound	55	4685223	595	1			260		other	0
10108016_1	73	Response	1	4696058	11430	1
10108016_1	74	Sound	56	4702722	589	1			260		other	0
10108016_1	74	Response	1	4707017	4884	1
10108016_1	75	Sound	52	4722220	582	1			260		other	0
10108016_1	76	Sound	58	4742719	908	1			260		other	0
10108016_1	76	Response	1	4747415	5604	1
10108016_1	77	Sound	59	4766718	733	1			260		other	0
10108016_1	77	Response	1	4770533	4549	1
10108016_1	78	Sound	59	4789216	725	1			260		other	0
10108016_1	78	Response	1	4792212	3720	1
10108016_1	79	Sound	53	4810215	884	1			260		other	0
10108016_1	79	Response	1	4817090	7759	2
10108016_1	80	Sound	59	4829214	1044	1			260		other	0
10108016_1	80	Response	1	4833489	5319	1
10108016_1	81	Sound	50	4851712	1036	1			260		other	0
10108016_1	82	Sound	54	4880210	692	1			260		other	0
10108016_1	83	Sound	52	4903209	851	1			260		other	0
10108016_1	84	Sound	58	4925707	1009	1			260		other	0
10108016_1	85	Sound	58	4945706	669	1			260		other	0
10108016_1	86	Sound	57	4966705	995	1			260		other	0
10108016_1	87	Sound	51	4991703	986	1			260		other	0
10108016_1	88	Sound	57	5009202	980	1			260		other	0
10108016_1	89	Sound	50	5026201	807	1			260		other	0
10108016_1	90	Sound	50	5043700	967	1			260		other	0
10108016_1	91	Sound	53	5072698	957	1			260		other	0
10108016_1	92	Sound	51	5096197	782	1			260		other	0
10108016_1	93	Sound	54	5115696	608	1			260		other	0
10108016_1	94	Sound	60	5135194	768	1			260		other	0
10108016_1	94	Response	1	5147389	12963	1
10108016_1	95	Sound	55	5159193	926	1			260		other	0
10108016_1	96	Sound	55	5179691	919	1			260		other	0
10108016_1	96	Response	1	5183386	4614	1
10108016_1	97	Sound	52	5196190	580	1			260		other	0
10108016_1	98	Sound	58	5221689	737	1			260		other	0
10108016_1	98	Response	1	5227304	6352	1
10108016_1	99	Sound	53	5247687	1061	1			260		other	0
10108016_1	100	Sound	51	5265686	721	1			260		other	0
10108016_1	101	Sound	60	5287185	1047	1			260		other	0
10108016_1	101	Response	1	5290420	4282	1
10108016_1	102	Sound	57	5307683	1040	1			260		other	0
10108016_1	103	Sound	56	5328182	699	1			260		other	0
10108016_1	104	Sound	56	5350181	691	1			260		other	0
10108016_1	105	Sound	56	5369680	1018	1			260		other	0
10108016_1	106	Sound	57	5396678	841	1			260		other	0
10108016_1	107	Sound	51	5418176	667	1			260		other	0
10108016_1	108	Sound	60	5447175	824	1			260		other	0
10108016_1	108	Response	1	5451849	5498	1
10108016_1	109	Sound	55	5469673	816	1			260		other	0
10108016_1	110	Sound	54	5493672	974	1			260		other	0
10108016_1	111	Sound	53	5518170	798	1			260		other	0
10108016_1	112	Sound	56	5536169	792	1			260		other	0
10108016_1	112	Response	1	5540802	5425	3
10108016_1	113	Sound	52	5556168	618	1			260		other	0
10108016_1	114	Sound	52	5583666	941	1			260		other	0
10108016_1	114	Response	1	5587281	4556	1
10108016_1	115	Sound	60	5606665	600	1			260		other	0
10108016_1	115	Response	1	5608959	2894	1
10108016_1	117	Response	255	5632558	8241	1
10108016_1	119	Sound	54	5707158	897	1			260		other	0
10108016_1	120	Sound	54	5731157	722	1			260		other	0
10108016_1	121	Sound	56	5752655	881	1			260		other	0
10108016_1	122	Sound	59	5772654	707	1			260		other	0
10108016_1	122	Response	1	5776948	5002	1
10108016_1	123	Sound	58	5792153	1034	1			260		other	0
10108016_1	123	Response	1	5796387	5268	1
10108016_1	124	Sound	53	5821151	1023	1			260		other	0
10108016_1	125	Sound	58	5847649	681	1			260		other	0
10108016_1	125	Response	1	5853583	6614	1
10108016_1	126	Sound	53	5864148	1008	1			260		other	0
10108016_1	126	Response	1	5874782	11642	1
10108016_1	127	Sound	53	5884147	667	1			260		other	0
10108016_1	128	Sound	56	5904146	827	1			260		other	0
10108016_1	128	Response	1	5907980	4661	1
10108016_1	129	Sound	57	5929144	652	1			260		other	0
10108016_1	129	Response	1	5933338	4845	1
10108016_1	130	Sound	52	5950643	977	1			260		other	0
10108016_1	130	Response	1	5956937	7271	1
10108016_1	131	Sound	56	5978641	967	1			260		other	0
10108016_1	131	Response	1	5982215	4541	1
10108016_1	132	Sound	59	6003140	792	1			260		other	0
10108016_1	132	Response	1	6006294	3946	1
10108016_1	133	Sound	60	6029138	616	1			260		other	0
10108016_1	133	Response	1	6031812	3290	1
10108016_1	134	Sound	53	6051637	775	1			260		other	0
10108016_1	135	Sound	51	6072635	600	1			260		other	0
10108016_1	136	Sound	51	6096634	758	1			260		other	0
10108016_1	137	Sound	60	6113133	586	1			260		other	0
10108016_1	137	Response	1	6116606	4060	1
10108016_1	138	Sound	55	6141131	743	1			260		other	0
10108016_1	139	Sound	57	6162130	735	1			260		other	0
10108016_1	140	Sound	54	6180628	1062	1			260		other	0
10108016_1	141	Sound	58	6203627	1054	1			260		other	0
10108016_1	142	Sound	50	6229125	711	1			260		other	0
10108016_1	143	Sound	52	6258124	868	1			260		other	0
10108016_1	144	Sound	55	6283622	859	1			260		other	0
10108016_1	145	Sound	57	6304621	1018	1			260		other	0
10108016_1	146	Sound	55	6324119	844	1			260		other	0
10108016_1	146	Response	1	6330673	7397	1
10108016_1	147	Sound	57	6345118	1003	1			260		other	0
10108016_1	148	Sound	60	6372616	827	1			260		other	0
10108016_1	148	Response	1	6375630	3840	1
10108016_1	149	Sound	50	6395615	985	1			260		other	0
10108016_1	150	Sound	51	6417113	644	1			260		other	0
10108016_1	151	Sound	55	6442612	969	1			260		other	0
10108016_1	152	Sound	56	6467610	626	1			260		other	0
10108016_1	153	Sound	54	6492109	951	1			260		other	0
10108016_1	154	Sound	51	6518107	775	1			260		other	0
10108016_1	155	Sound	52	6547105	598	1			260		other	0
10108016_1	156	Sound	50	6567104	591	1			260		other	0
10108016_1	157	Sound	53	6595102	747	1			260		other	0
10108016_1	158	Sound	50	6617601	906	1			260		other	0
10108016_1	159	Sound	58	6642599	731	1			260		other	0
10108016_1	160	Sound	59	6662098	1057	1			260		other	0
10108016_1	161	Sound	58	6681597	1050	1			260		other	0
10108016_1	161	Response	1	6691930	11383	1
10108016_1	162	Sound	51	6705095	875	1			260		other	0
10108016_1	162	Response	1	6710488	6268	1
10108016_1	163	Sound	52	6724594	1035	1			260		other	0
10108016_1	164	Sound	60	6744593	694	1			260		other	0
10108016_1	164	Response	1	6747206	3307	1
10108016_1	165	Sound	54	6774091	1017	1			260		other	0
10108016_1	166	Sound	60	6796090	842	1			260		other	0
10108016_1	166	Response	1	6798562	3315	1
10108016_1	167	Sound	59	6818088	1001	1			260		other	0
10108016_1	167	Response	1	6824561	7474	1
10108016_1	168	Sound	59	6836087	828	1			260		other	0
10108016_1	168	Response	1	6847039	11780	1
10108016_1	169	Sound	55	6854586	988	1			260		other	0
10108016_1	169	Response	1	6860559	6961	1
10108016_1	170	Sound	57	6875085	647	1			260		other	0
10108016_1	171	Sound	56	6896083	973	1			260		other	0
10108016_1	172	Sound	52	6912582	968	1			260		other	0
10108016_1	173	Sound	50	6941580	957	1			260		other	0
10108016_1	175	Response	255	6975031	8821	1
10108016_1	177	Sound	50	7051074	585	1			260		other	0
10108016_1	178	Sound	57	7067573	912	1			260		other	0
10108016_1	179	Sound	53	7093071	1070	1			260		other	0
10108016_1	180	Sound	59	7120069	1060	1			260		other	0
10108016_1	181	Sound	56	7148567	883	1			260		other	0
10108016_1	181	Response	1	7162219	14535	1
10108016_1	182	Sound	53	7178066	1040	1			260		other	0
10108016_1	182	Response	1	7184778	7752	1
10108016_1	183	Sound	58	7206564	863	1			260		other	0
10108016_1	183	Response	1	7213336	7635	1
10108016_1	184	Sound	56	7227062	855	1			260		other	0
10108016_1	184	Response	1	7232135	5928	1
10108016_1	185	Sound	53	7247561	1015	1			260		other	0
10108016_1	186	Sound	60	7276059	671	1			260		other	0
10108016_1	186	Response	1	7279092	3703	1
10108016_1	187	Sound	60	7300058	663	1			260		other	0
10108016_1	187	Response	1	7303570	4175	1
10108016_1	188	Sound	51	7320057	822	1			260		other	0
10108016_1	189	Sound	52	7347555	979	1			260		other	0
10108016_1	190	Sound	51	7371553	804	1			260		other	0
10108016_1	191	Sound	50	7390052	964	1			260		other	0
10108016_1	192	Sound	54	7417551	787	1			260		other	0
10108016_1	193	Sound	55	7443049	612	1			260		other	0
10108016_1	194	Sound	50	7463048	938	1			260		other	0
10108016_1	195	Sound	54	7480546	765	1			260		other	0
10108016_1	195	Response	1	7494518	14736	1
10108016_1	196	Sound	51	7508045	922	1			260		other	0
10108016_1	197	Sound	59	7531043	914	1			260		other	0
10108016_1	197	Response	1	7539955	9825	1
10108016_1	198	Sound	57	7554042	572	1			260		other	0
10108016_1	198	Response	1	7557874	4404	1
10108016_1	199	Sound	54	7578040	730	1			260		other	0
10108016_1	200	Sound	50	7598539	1056	1			260		other	0
10108016_1	201	Sound	55	7616038	717	1			260		other	0
10108016_1	202	Sound	52	7640036	1042	1			260		other	0
10108016_1	202	Response	1	7646508	7513	1
10108016_1	203	Sound	55	7666535	865	1			260		other	0
10108016_1	203	Response	1	7669947	4277	1
10108016_1	204	Sound	56	7693033	689	1			260		other	0
10108016_1	204	Response	1	7702665	10321	1
10108016_1	205	Sound	52	7712532	1016	1			260		other	0
10108016_1	206	Sound	56	7731531	675	1			260		other	0
10108016_1	206	Response	1	7738102	7247	1
10108016_1	207	Sound	57	7761029	998	1			260		other	0
10108016_1	208	Sound	60	7784027	823	1			260		other	0
10108016_1	208	Response	1	7787219	4015	1
10108016_1	209	Sound	59	7812026	647	1			260		other	0
10108016_1	209	Response	1	7816737	5358	1
10108016_1	210	Sound	60	7841024	970	1			260		other	0
10108016_1	210	Response	1	7843775	3721	1
10108016_1	211	Sound	58	7868022	960	1			260		other	0
10108016_1	212	Sound	53	7887021	787	1			260		other	0
10108016_1	213	Sound	52	7909020	612	1			260		other	0
10108016_1	214	Sound	59	7935018	936	1			260		other	0
10108016_1	215	Sound	54	7956516	929	1			260		other	0
10108016_1	216	Sound	51	7974515	923	1			260		other	0
10108016_1	217	Sound	53	8002014	579	1			260		other	0
10108016_1	217	Response	1	8007605	6170	1
10108016_1	218	Sound	51	8021013	572	1			260		other	0
10108016_1	219	Sound	50	8049011	896	1			260		other	0
10108016_1	220	Sound	55	8078009	885	1			260		other	0
10108016_1	220	Response	1	8086240	9116	1
10108016_1	221	Sound	60	8095508	712	1			260		other	0
10108016_1	221	Response	1	8099599	4804	1
10108016_1	222	Sound	58	8120006	704	1			260		other	0
10108016_1	222	Response	1	8129757	10455	1
10108016_1	223	Sound	52	8147504	1027	1			260		other	0
10108016_1	224	Sound	58	8167503	1020	1			260		other	0
10108016_1	224	Response	1	8171434	4951	1
10108016_1	225	Sound	57	8196502	843	1			260		other	0
10108016_1	225	Response	1	8204872	9214	1
10108016_1	226	Sound	57	8219500	668	1			260		other	0
10108016_1	226	Response	1	8223911	5079	1
10108016_1	227	Sound	56	8237499	995	1			260		other	0
10108016_1	228	Sound	58	8258997	821	1			260		other	0
10108016_1	228	Response	1	8264948	6772	1
10108016_1	229	Sound	55	8286996	978	1			260		other	0
10108016_1	230	Sound	54	8306994	804	1			260		other	0
10108016_1	231	Sound	59	8324493	964	1			260		other	0
10108016_1	233	Response	255	13172153	4831038	1
10108016_1	235	Sound	33	13247183	709	1			260		other	0
10108016_1	236	Sound	36	13264682	870	1			260		other	0
10108016_1	237	Sound	31	13287180	862	1			260		other	0
10108016_1	238	Sound	40	13307679	688	1			260		other	0
10108016_1	238	Response	1	13310704	3712	1
10108016_1	239	Sound	39	13325678	1015	1			260		other	0
10108016_1	239	Response	1	13333182	8519	1
10108016_1	240	Sound	34	13345677	841	1			260		other	0
10108016_1	241	Sound	30	13365676	1001	1			260		other	0
10108016_1	242	Sound	31	13387174	826	1			260		other	0
10108016_1	243	Sound	36	13411673	984	1			260		other	0
10108016_1	244	Sound	30	13440671	640	1			260		other	0
10108016_1	245	Sound	37	13461170	800	1			260		other	0
10108016_1	245	Response	1	13467494	7124	1
10108016_1	246	Sound	32	13482168	959	1			260		other	0
10108016_1	247	Sound	32	13506167	617	1			260		other	0
10108016_1	248	Sound	36	13523166	611	1			260		other	0
10108016_1	249	Sound	40	13552664	934	1			260		other	0
10108016_1	249	Response	1	13555568	3838	1
10108016_1	250	Sound	38	13574662	759	1			260		other	0
10108016_1	250	Response	1	13579327	5423	1
10108016_1	251	Sound	33	13593161	919	1			260		other	0
10108016_1	252	Sound	37	13618660	577	1			260		other	0
10108016_1	253	Sound	39	13638658	737	1			260		other	0
10108016_1	253	Response	1	13642923	5001	1
10108016_1	254	Sound	39	13662657	728	1			260		other	0
10108016_1	254	Response	1	13667641	5712	1
10108016_1	255	Sound	30	13683156	887	1			260		other	0
10108016_1	255	Response	1	13690360	8091	1
10108016_1	256	Sound	31	13700654	881	1			260		other	0
10108016_1	257	Sound	35	13729153	704	1			260		other	0
10108016_1	257	Response	1	13736437	7988	1
10108016_1	258	Sound	35	13751151	1030	1			260		other	0
10108016_1	258	Response	1	13760675	10553	1
10108016_1	259	Sound	38	13770150	856	1			260		other	0
10108016_1	259	Response	1	13779474	10180	1
10108016_1	260	Sound	34	13794149	681	1			260		other	0
10108016_1	261	Sound	33	13815647	1007	1			260		other	0
10108016_1	262	Sound	37	13836646	999	1			260		other	0
10108016_1	263	Sound	35	13863644	656	1			260		other	0
10108016_1	264	Sound	35	13891142	646	1			260		other	0
10108016_1	265	Sound	33	13916141	637	1			260		other	0
10108016_1	266	Sound	40	13941639	795	1			260		other	0
10108016_1	266	Response	1	13944823	3979	1
10108016_1	267	Sound	30	13962138	788	1			260		other	0
10108016_1	268	Sound	39	13986136	613	1			260		other	0
10108016_1	268	Response	1	13993300	7776	1
10108016_1	269	Sound	34	14008135	771	1			260		other	0
10108016_1	270	Sound	39	14035633	595	1			260		other	0
10108016_1	270	Response	1	14040497	5459	1
10108016_1	271	Sound	36	14057132	754	1			260		other	0
10108016_1	272	Sound	37	14077131	580	1			260		other	0
10108016_1	272	Response	1	14084814	8264	1
10108016_1	273	Sound	33	14102129	571	1			260		other	0
10108016_1	274	Sound	31	14121628	731	1			260		other	0
10108016_1	275	Sound	37	14139127	891	1			260		other	0
10108016_1	276	Sound	38	14159126	718	1			260		other	0
10108016_1	277	Sound	30	14184624	875	1			260		other	0
10108016_1	278	Sound	40	14203623	1035	1			260		other	0
10108016_1	278	Response	1	14207126	4539	1
10108016_1	279	Sound	35	14231621	1025	1			260		other	0
10108016_1	280	Sound	34	14249620	685	1			260		other	0
10108016_1	280	Response	1	14259123	10188	1
10108016_1	281	Sound	38	14276618	1009	1			260		other	0
10108016_1	281	Response	1	14281841	6232	1
10108016_1	282	Sound	32	14303616	666	1			260		other	0
10108016_1	283	Sound	40	14325615	992	1			260		other	0
10108016_1	283	Response	1	14330398	5775	1
10108016_1	284	Sound	32	14348114	817	1			260		other	0
10108016_1	285	Sound	34	14366112	810	1			260		other	0
10108016_1	286	Sound	38	14384111	971	1			260		other	0
10108016_1	286	Response	1	14390874	7734	1
10108016_1	287	Sound	32	14410110	795	1			260		other	0
10108016_1	288	Sound	31	14434108	953	1			260		other	0
10108016_1	288	Response	1	14438951	5796	1
10108016_1	289	Sound	36	14460607	610	1			260		other	0
10108016_1	291	Response	255	14507267	20516	1
10108016_1	293	Sound	51	14574099	903	1			260		other	0
10108016_1	294	Sound	59	14596098	728	1			260		other	0
10108016_1	294	Response	1	14601901	6531	1
10108016_1	295	Sound	53	14620096	720	1			260		other	0
10108016_1	296	Sound	51	14643095	878	1			260		other	0
10108016_1	297	Sound	60	14669593	702	1			260		other	0
10108016_1	297	Response	1	14673096	4205	1
10108016_1	298	Sound	50	14693592	860	1			260		other	0
10108016_1	299	Sound	60	14718590	851	1			260		other	0
10108016_1	299	Response	1	14721333	3594	1
10108016_1	300	Sound	54	14744589	1009	1			260		other	0
10108016_1	301	Sound	52	14762587	836	1			260		other	0
10108016_1	302	Sound	54	14789586	993	1			260		other	0
10108016_1	303	Sound	50	14808584	652	1			260		other	0
10108016_1	304	Sound	50	14832583	644	1			260		other	0
10108016_1	305	Sound	50	14849582	638	1			260		other	0
10108016_1	306	Sound	57	14871081	964	1			260		other	0
10108016_1	307	Sound	56	14890079	623	1			260		other	0
10108016_1	308	Sound	52	14914578	782	1			260		other	0
10108016_1	309	Sound	58	14936077	774	1			260		other	0
10108016_1	309	Response	1	14941319	6016	1
10108016_1	310	Sound	51	14955575	600	1			260		other	0
10108016_1	311	Sound	59	14980574	591	1			260		other	0
10108016_1	311	Response	1	14985476	5494	1
10108016_1	312	Sound	56	15000072	918	1			260		other	0
10108016_1	313	Sound	52	15023571	576	1			260		other	0
10108016_1	314	Sound	59	15042070	569	1			260		other	0
10108016_1	314	Response	1	15046192	4692	1
10108016_1	315	Sound	54	15065068	728	1			260		other	0
10108016_1	316	Sound	56	15090567	1052	1			260		other	0
10108016_1	317	Sound	53	15114065	1044	1			260		other	0
10108016_1	317	Response	1	15121787	8766	1
10108016_1	318	Sound	57	15131064	871	1			260		other	0
10108016_1	318	Response	1	15135546	5353	1
10108016_1	319	Sound	54	15150063	864	1			260		other	0
10108016_1	320	Sound	55	15176061	688	1			260		other	0
10108016_1	321	Sound	52	15193060	682	1			260		other	0
10108016_1	322	Sound	57	15219059	1006	1			260		other	0
10108016_1	323	Sound	58	15239057	666	1			260		other	0
10108016_1	323	Response	1	15243859	5468	1
10108016_1	324	Sound	57	15255556	660	1			260		other	0
10108016_1	325	Sound	55	15275055	653	1			260		other	0
10108016_1	325	Response	1	15282337	7935	1
10108016_1	326	Sound	53	15303053	810	1			260		other	0
10108016_1	326	Response	1	15307215	4971	1
10108016_1	327	Sound	53	15327052	634	1			260		other	0
10108016_1	327	Response	1	15332334	5916	1
10108016_1	328	Sound	58	15356050	791	1			260		other	0
10108016_1	328	Response	1	15359852	4593	1
10108016_1	329	Sound	50	15380049	782	1			260		other	0
10108016_1	330	Sound	57	15405047	607	1			260		other	0
10108016_1	330	Response	1	15413609	9168	1
10108016_1	331	Sound	51	15432045	930	1			260		other	0
10108016_1	332	Sound	54	15453044	923	1			260		other	0
10108016_1	332	Response	1	15457286	5165	1
10108016_1	333	Sound	60	15479042	580	1			260		other	0
10108016_1	333	Response	1	15482404	3942	1
10108016_1	334	Sound	56	15498541	907	1			260		other	0
10108016_1	335	Sound	60	15524040	898	1			260		other	0
10108016_1	335	Response	1	15527841	4699	1
10108016_1	336	Sound	55	15552538	1055	1			260		other	0
10108016_1	337	Sound	55	15577036	880	1			260		other	0
10108016_1	338	Sound	58	15601535	703	1			260		other	0
10108016_1	338	Response	1	15606236	5405	1
10108016_1	339	Sound	52	15627033	861	1			260		other	0
10108016_1	340	Sound	53	15648532	686	1			260		other	0
10108016_1	341	Sound	58	15672530	845	1			260		other	0
10108016_1	341	Response	1	15680791	9106	1
10108016_1	342	Sound	51	15698528	835	1			260		other	0
10108016_1	342	Response	1	15711989	14296	1
10108016_1	343	Sound	59	15727527	825	1			260		other	0
10108016_1	343	Response	1	15732308	5606	1
10108016_1	344	Sound	59	15750525	817	1			260		other	0
10108016_1	344	Response	1	15755267	5558	1
10108016_1	345	Sound	60	15776523	641	1			260		other	0
10108016_1	345	Response	1	15780785	4902	1
10108016_1	346	Sound	55	15801022	965	1			260		other	0
10108016_1	346	Response	1	15805904	5847	1
10108016_1	347	Sound	56	15823520	957	1			260		other	0
10108016_1	347	Response	1	15827102	4539	1
10108016_1	349	Response	255	17375643	1530660	1
10108016_1	351	Sound	58	17457417	875	1			260		other	0
10108016_1	352	Sound	60	17475417	702	1			260		other	0
10108016_1	352	Response	1	17478756	4041	1
10108016_1	353	Sound	57	17491915	696	1			260		other	0
10108016_1	353	Response	1	17496435	5215	1
10108016_1	354	Sound	54	17517414	854	1			260		other	0
10108016_1	355	Sound	51	17533913	848	1			260		other	0
10108016_1	356	Sound	60	17561411	671	1			260		other	0
10108016_1	356	Response	1	17564350	3610	2
10108016_1	357	Sound	52	17586909	829	1			260		other	0
10108016_1	358	Sound	52	17610908	653	1			260		other	0
10108016_1	359	Sound	53	17631907	979	1			260		other	0
10108016_1	360	Sound	55	17657905	803	1			260		other	0
10108016_1	361	Sound	54	17679403	962	1			260		other	0
10108016_1	361	Response	1	17689302	10861	1
10108016_1	362	Sound	59	17705402	953	1			260		other	0
10108016_1	362	Response	1	17715301	10852	1
10108016_1	363	Sound	50	17731900	944	1			260		other	0
10108016_1	364	Sound	50	17748399	938	1			260		other	0
10108016_1	365	Sound	55	17767398	764	1			260		other	0
10108016_1	366	Sound	52	17786397	758	1			260		other	0
10108016_1	367	Sound	59	17813395	581	1			260		other	0
10108016_1	367	Response	1	17818174	5360	1
10108016_1	368	Sound	58	17829894	742	1			260		other	0
10108016_1	369	Sound	57	17847393	736	1			260		other	0
10108016_1	370	Sound	57	17866892	896	1			260		other	0
10108016_1	371	Sound	50	17891890	720	1			260		other	0
10108016_1	372	Sound	56	17912889	713	1			260		other	0
10108016_1	373	Sound	58	17930388	873	1			260		other	0
10108016_1	373	Response	1	17942886	13371	1
10108016_1	374	Sound	53	17949886	699	1			260		other	0
10108016_1	375	Sound	55	17975885	857	1			260		other	0
10108016_1	376	Sound	57	18002383	681	1			260		other	0
10108016_1	377	Sound	54	18025882	839	1			260		other	0
10108016_1	377	Response	1	18029841	4798	1
10108016_1	378	Sound	58	18045381	665	1			260		other	0
10108016_1	379	Sound	59	18064379	992	1			260		other	0
10108016_1	379	Response	1	18068558	5171	1
10108016_1	380	Sound	56	18084878	985	1			260		other	0
10108016_1	380	Response	1	18088397	4503	1
10108016_1	381	Sound	51	18101877	812	1			260		other	0
10108016_1	382	Sound	55	18121876	638	1			260		other	0
10108016_1	383	Sound	51	18139875	798	1			260		other	0
10108016_1	383	Response	1	18143913	4837	1
10108016_1	384	Sound	54	18162373	791	1			260		other	0
10108016_1	385	Sound	54	18182372	783	1			260		other	0
10108016_1	386	Sound	51	18211370	606	1			260		other	0
10108016_1	387	Sound	57	18235869	931	1			260		other	0
10108016_1	387	Response	1	18242387	7449	1
10108016_1	388	Sound	53	18262867	588	1			260		other	0
10108016_1	389	Sound	53	18287365	912	1			260		other	0
10108016_1	390	Sound	56	18316863	902	1			260		other	0
10108016_1	391	Sound	52	18343362	726	1			260		other	0
10108016_1	391	Response	1	18349180	6544	1
10108016_1	392	Sound	60	18369860	716	1			260		other	0
10108016_1	392	Response	1	18371898	2754	1
10108016_1	393	Sound	59	18397858	1040	1			260		other	0
10108016_1	393	Response	1	18401016	4198	1
10108016_1	394	Sound	50	18425357	863	1			260		other	0
10108016_1	394	Response	1	18428055	3561	1
10108016_1	395	Sound	55	18446355	1023	1			260		other	0
10108016_1	395	Response	1	18455173	9841	1
10108016_1	396	Sound	51	18465354	1016	1			260		other	0
10108016_1	396	Response	1	18474132	9794	1
10108016_1	397	Sound	56	18482353	676	1			260		other	0
10108016_1	397	Response	1	18490131	8454	1
10108016_1	398	Sound	53	18506352	668	1			260		other	0
10108016_1	399	Sound	58	18524350	661	1			260		other	0
10108016_1	399	Response	1	18529648	5959	1
10108016_1	400	Sound	50	18549849	985	1			260		other	0
10108016_1	401	Sound	52	18570348	978	1			260		other	0
10108016_1	402	Sound	59	18598346	968	1			260		other	0
10108016_1	403	Sound	60	18614845	962	1			260		other	0
10108016_1	403	Response	1	18619403	5520	1
10108016_1	404	Sound	56	18634843	622	1			260		other	0
10108016_1	405	Sound	60	18663841	778	1			260		other	0
10108016_1	405	Response	1	18669239	6176	1
10108016_1	407	Response	255	18697398	10747	1
10108016_1	409	Sound	30	18766335	742	1			260		other	0
10108016_1	410	Sound	31	18793833	1065	1			260		other	0
10108016_1	411	Sound	37	18817832	890	1			260		other	0
10108016_1	411	Response	1	18821470	4528	1
10108016_1	412	Sound	36	18847330	1046	1			260		other	0
10108016_1	413	Sound	35	18875828	1036	1			260		other	0
10108016_1	414	Sound	31	18895827	695	1			260		other	0
10108016_1	415	Sound	40	18922325	686	1			260		other	0
10108016_1	415	Response	1	18925863	4223	1
10108016_1	416	Sound	33	18943824	1012	1			260		other	0
10108016_1	417	Sound	35	18971322	835	1			260		other	0
10108016_1	418	Sound	39	18999820	992	1			260		other	0
10108016_1	418	Response	1	19006098	7269	1
10108016_1	419	Sound	35	19023319	983	1			260		other	0
10108016_1	420	Sound	35	19050317	974	1			260		other	0
10108016_1	421	Sound	36	19072316	966	1			260		other	0
10108016_1	422	Sound	30	19097314	624	1			260		other	0
10108016_1	423	Sound	38	19113813	951	1			260		other	0
10108016_1	423	Response	1	19125770	12908	1
10108016_1	424	Sound	33	19130812	945	1			260		other	0
10108016_1	425	Sound	31	19151811	604	1			260		other	0
10108016_1	426	Sound	34	19179809	927	1			260		other	0
10108016_1	426	Response	1	19188646	9764	1
10108016_1	427	Sound	37	19198308	754	1			260		other	0
10108016_1	428	Sound	33	19215307	748	1			260		other	0
10108016_1	429	Sound	38	19243805	1071	1			260		other	0
10108016_1	430	Sound	40	19261304	732	1			260		other	0
10108016_1	430	Response	1	19266001	5429	1
10108016_1	431	Sound	31	19285802	723	1			260		other	0
10108016_1	432	Sound	38	19308301	715	1			260		other	0
10108016_1	432	Response	1	19314478	6892	1
10108016_1	433	Sound	37	19335799	872	1			260		other	0
10108016_1	434	Sound	30	19356298	1031	1			260		other	0
10108016_1	435	Sound	36	19376797	1024	1			260		other	0
10108016_1	435	Response	1	19389433	13661	1
10108016_1	436	Sound	33	19393795	684	1			260		other	0
10108016_1	437	Sound	32	19420794	1008	1			260		other	0
10108016_1	438	Sound	31	19446292	832	1			260		other	0
10108016_1	439	Sound	30	19474290	656	1			260		other	0
10108016_1	440	Sound	40	19496789	814	1			260		other	0
10108016_1	440	Response	1	19499506	3531	1
10108016_1	441	Sound	39	19524787	971	1			260		other	0
10108016_1	442	Sound	36	19547286	796	1			260		other	0
10108016_1	443	Sound	30	19571284	955	1			260		other	0
10108016_1	443	Response	1	19584700	14370	1
10108016_1	444	Sound	33	19589283	615	1			260		other	0
10108016_1	445	Sound	39	19618281	938	1			260		other	0
10108016_1	446	Sound	32	19642280	929	1			260		other	0
10108016_1	447	Sound	34	19668278	753	1			260		other	0
10108016_1	448	Sound	40	19692777	744	1			260		other	0
10108016_1	448	Response	1	19696773	4741	1
10108016_1	449	Sound	40	19710275	1072	1			260		other	0
10108016_1	449	Response	1	19713812	4608	1
10108016_1	450	Sound	32	19739274	728	1			260		other	0
10108016_1	451	Sound	39	19760772	720	1			260		other	0
10108016_1	451	Response	1	19777408	17356	1
10108016_1	452	Sound	35	19782271	713	1			260		other	0
10108016_1	453	Sound	32	19801770	872	1			260		other	0
10108016_1	454	Sound	37	19830268	1029	1			260		other	0
10108016_1	455	Sound	37	19859266	852	1			260		other	0
10108016_1	456	Sound	32	19880265	844	1			260		other	0
10108016_1	457	Sound	34	19898764	671	1			260		other	0
10108016_1	458	Sound	36	19926262	661	1			260		other	0
10108016_1	459	Sound	38	19953760	651	1			260		other	0
10108016_1	460	Sound	34	19974259	978	1			260		other	0
10108016_1	461	Sound	34	19996257	636	1			260		other	0
10108016_1	462	Sound	39	20021756	627	1			260		other	0
10108016_1	463	Sound	38	20042255	787	1			260		other	0
10108016_1	465	Response	255	24632216	4571162	1
10108016_1	467	Sound	38	24710460	789	1			260		other	0
10108016_1	468	Sound	31	24731459	782	1			260		other	0
10108016_1	469	Sound	39	24755458	773	1			260		other	0
10108016_1	469	Response	1	24759568	4883	1
10108016_1	470	Sound	32	24772456	600	1			260		other	0
10108016_1	471	Sound	36	24791955	594	1			260		other	0
10108016_1	472	Sound	30	24810454	920	1			260		other	0
10108016_1	473	Sound	30	24826953	748	1			260		other	0
10108016_1	474	Sound	38	24845452	741	1			260		other	0
10108016_1	474	Response	1	24851482	6771	1
10108016_1	475	Sound	40	24865951	900	1			260		other	0
10108016_1	475	Response	1	24868361	3311	1
10108016_1	476	Sound	38	24894949	890	1			260		other	0
10108016_1	476	Response	1	24899159	5100	1
10108016_1	477	Sound	37	24923447	713	1			260		other	0
10108016_1	478	Sound	39	24950945	1037	1			260		other	0
10108016_1	478	Response	1	24958995	9087	1
10108016_1	479	Sound	32	24978943	694	1			260		other	0
10108016_1	480	Sound	37	25007942	683	1			260		other	0
10108016_1	480	Response	1	25012032	4773	1
10108016_1	481	Sound	33	25029440	1009	1			260		other	0
10108016_1	481	Response	1	25036750	8319	1
10108016_1	482	Sound	35	25048939	668	1			260		other	0
10108016_1	482	Response	1	25054909	6638	1
10108016_1	483	Sound	40	25066438	996	1			260		other	0
10108016_1	483	Response	1	25068428	2986	1
10108016_1	483	Response	1	25093786	28344	1
10108016_1	484	Sound	37	25095436	652	1			260		other	0
10108016_1	485	Sound	33	25118435	977	1			260		other	0
10108016_1	485	Response	1	25122184	4727	1
10108016_1	486	Sound	33	25137933	804	1			260		other	0
10108016_1	486	Response	1	25143783	6653	1
10108016_1	487	Sound	34	25161932	628	1			260		other	0
10108016_1	487	Response	1	25167142	5838	1
10108016_1	488	Sound	40	25181431	621	1			260		other	0
10108016_1	488	Response	1	25185700	4891	1
10108016_1	489	Sound	39	25197930	782	1			260		other	0
10108016_1	489	Response	1	25202579	5432	1
10108016_1	490	Sound	31	25221928	774	1			260		other	0
10108016_1	490	Response	1	25229617	8463	1
10108016_1	491	Sound	40	25244427	932	1			260		other	0
10108016_1	491	Response	1	25246256	2762	1
10108016_1	492	Sound	34	25272425	589	1			260		other	0
10108016_1	493	Sound	39	25298423	913	1			260		other	0
10108016_1	493	Response	1	25303053	5543	1
10108016_1	494	Sound	36	25315922	907	1			260		other	0
10108016_1	495	Sound	34	25339921	1065	1			260		other	0
10108016_1	495	Response	1	25343850	4995	1
10108016_1	496	Sound	33	25357420	892	1			260		other	0
10108016_1	497	Sound	32	25377418	1052	1			260		other	0
10108016_1	498	Sound	37	25397917	878	1			260		other	0
10108016_1	499	Sound	30	25415416	1038	1			260		other	0
10108016_1	500	Sound	38	25431915	699	1			260		other	0
10108016_1	501	Sound	30	25455913	857	1			260		other	0
10108016_1	502	Sound	31	25479412	682	1			260		other	0
10108016_1	503	Sound	35	25501410	841	1			260		other	0
10108016_1	504	Sound	35	25519409	1001	1			260		other	0
10108016_1	505	Sound	32	25540408	827	1			260		other	0
10108016_1	506	Sound	39	25559407	820	1			260		other	0
10108016_1	507	Sound	35	25587905	643	1			260		other	0
10108016_1	507	Response	1	25591834	4572	1
10108016_1	508	Sound	32	25616403	800	1			260		other	0
10108016_1	509	Sound	34	25640902	791	1			260		other	0
10108016_1	509	Response	1	25646870	6759	3
10108016_1	510	Sound	36	25666900	615	1			260		other	0
10108016_1	511	Sound	37	25684899	608	1			260		other	0
10108016_1	512	Sound	36	25706898	601	1			260		other	0
10108016_1	512	Response	1	25711987	5690	1
10108016_1	513	Sound	31	25725396	928	1			260		other	0
10108016_1	514	Sound	36	25745895	920	1			260		other	0
10108016_1	515	Sound	35	25772893	744	1			260		other	0
10108016_1	516	Sound	38	25799392	1068	1			260		other	0
10108016_1	516	Response	1	25803661	5337	1
10108016_1	517	Sound	33	25819890	727	1			260		other	0
10108016_1	518	Sound	34	25837889	721	1			260		other	0
10108016_1	519	Sound	30	25855388	881	1			260		other	0
10108016_1	520	Sound	40	25871887	1042	1			260		other	0
10108016_1	520	Response	1	25877096	6251	1
10108016_1	521	Sound	31	25897385	699	1			260		other	0
10108016_1	523	Response	255	25927733	8293	1
10108016_1	525	Sound	16	26011878	659	1			260		other	0
10108016_1	525	Response	1	26017327	6107	1
10108016_1	526	Sound	13	26040377	648	1			260		other	0
10108016_1	527	Sound	13	26063375	640	1			260		other	0
10108016_1	528	Sound	15	26079874	968	1			260		other	0
10108016_1	529	Sound	10	26105872	625	1			260		other	0
10108016_1	530	Sound	19	26121371	620	1			260		other	0
10108016_1	530	Response	1	26128040	7288	1
10108016_1	531	Sound	12	26140370	613	1			260		other	0
10108016_1	532	Sound	17	26158869	606	1			260		other	0
10108016_1	533	Sound	12	26175868	600	1			260		other	0
10108016_1	534	Sound	10	26191367	595	1			260		other	0
10108016_1	535	Sound	20	26216865	752	1			260		other	0
10108016_1	535	Response	1	26221314	5201	1
10108016_1	536	Sound	13	26235364	912	1			260		other	0
10108016_1	537	Sound	12	26258363	1071	1			260		other	0
10108016_1	537	Response	1	26272430	15139	1
10108016_1	538	Sound	12	26280361	896	1			260		other	0
10108016_1	539	Sound	17	26304860	888	1			260		other	0
10108016_1	540	Sound	13	26321859	715	1			260		other	0
10108016_1	541	Sound	20	26344357	707	1			260		other	0
10108016_1	541	Response	1	26348666	5015	1
10108016_1	542	Sound	11	26371356	864	1			260		other	0
10108016_1	543	Sound	20	26388854	691	1			260		other	0
10108016_1	543	Response	1	26393462	5299	2
10108016_1	544	Sound	15	26417353	1014	1			260		other	0
10108016_1	544	Response	1	26421621	5282	1
10108016_1	545	Sound	18	26444351	838	1			260		other	0
10108016_1	545	Response	1	26448979	5466	1
10108016_1	546	Sound	16	26470849	995	1			260		other	0
10108016_1	546	Response	1	26476257	6403	1
10108016_1	547	Sound	18	26491348	821	1			260		other	0
10108016_1	547	Response	1	26495296	4769	1
10108016_1	548	Sound	10	26519346	644	1			260		other	0
10108016_1	549	Sound	17	26539845	970	1			260		other	0
10108016_1	549	Response	1	26544173	5299	1
10108016_1	550	Sound	16	26563343	629	1			260		other	0
10108016_1	550	Response	1	26568011	5297	1
10108016_1	551	Sound	14	26579343	790	1			260		other	0
10108016_1	551	Response	1	26585050	6497	1
10108016_1	552	Sound	14	26599341	949	1			260		other	0
10108016_1	552	Response	1	26603209	4817	1
10108016_1	553	Sound	10	26617340	943	1			260		other	0
10108016_1	554	Sound	13	26642339	934	1			260		other	0
10108016_1	554	Response	1	26646886	5482	1
10108016_1	555	Sound	19	26665337	592	1			260		other	0
10108016_1	555	Response	1	26669125	4380	1
10108016_1	556	Sound	14	26682336	920	1			260		other	0
10108016_1	556	Response	1	26687284	5867	1
10108016_1	557	Sound	11	26705335	578	1			260		other	0
10108016_1	557	Response	1	26712162	7405	1
10108016_1	558	Sound	19	26724833	738	1			260		other	0
10108016_1	558	Response	1	26732241	8145	1
10108016_1	559	Sound	11	26748832	1063	1			260		other	0
10108016_1	559	Response	1	26754800	7030	1
10108016_1	560	Sound	14	26774330	887	1			260		other	0
10108016_1	560	Response	1	26781198	7754	1
10108016_1	561	Sound	10	26801829	877	1			260		other	0
10108016_1	562	Sound	17	26818327	704	1			260		other	0
10108016_1	562	Response	1	26822955	5332	1
10108016_1	563	Sound	15	26839826	863	1			260		other	0
10108016_1	563	Response	1	26846954	7991	1
10108016_1	564	Sound	11	26861325	856	1			260		other	0
10108016_1	564	Response	1	26878231	17762	2
10108016_1	565	Sound	15	26887323	1013	1			260		other	0
10108016_1	565	Response	1	26893910	7600	1
10108016_1	566	Sound	16	26905822	673	1			260		other	0
10108016_1	567	Sound	15	26925321	1000	1			260		other	0
10108016_1	568	Sound	16	26951319	657	1			260		other	0
10108016_1	568	Response	1	26955747	5084	1
10108016_1	569	Sound	11	26969318	984	1			260		other	0
10108016_1	570	Sound	20	26992316	809	1			260		other	0
10108016_1	570	Response	1	26993744	2237	1
10108016_1	571	Sound	18	27018315	966	1			260		other	0
10108016_1	571	Response	1	27025182	7834	1
10108016_1	572	Sound	12	27046313	623	1			260		other	0
10108016_1	573	Sound	14	27062312	784	1			260		other	0
10108016_1	573	Response	1	27066939	5411	1
10108016_1	574	Sound	18	27080811	777	1			260		other	0
10108016_1	574	Response	1	27085738	5705	1
10108016_1	575	Sound	17	27108309	768	1			260		other	0
10108016_1	575	Response	1	27112377	4835	1
10108016_1	576	Sound	20	27131808	593	1			260		other	0
10108016_1	576	Response	1	27136375	5160	1
10108016_1	577	Sound	19	27151806	585	1			260		other	0
10108016_1	577	Response	1	27161093	9872	2
10108016_1	578	Sound	19	27175305	910	1			260		other	0
10108016_1	578	Response	1	27178772	4378	2
10108016_1	579	Sound	18	27198303	902	1			260		other	0
10108016_1	579	Response	1	27205170	7769	1
10108016_1	581	Response	255	28579402	1361915	1
10108016_1	583	Sound	13	28648712	885	1			260		other	0
10108016_1	583	Response	1	28652837	5011	1
10108016_1	584	Sound	20	28674710	1043	1			260		other	0
10108016_1	584	Response	1	28677716	4048	1
10108016_1	585	Sound	20	28697709	868	1			260		other	0
10108016_1	585	Response	1	28700674	3833	1
10108016_1	586	Sound	18	28717708	694	1			260		other	0
10108016_1	586	Response	1	28722272	5259	2
10108016_1	587	Sound	14	28737207	1020	1			260		other	0
10108016_1	587	Response	1	28742352	6166	1
10108016_1	588	Sound	11	28753206	848	1			260		other	0
10108016_1	589	Sound	17	28774704	674	1			260		other	0
10108016_1	589	Response	1	28776189	2159	1
10108016_1	590	Sound	17	28795703	1000	1			260		other	0
10108016_1	590	Response	1	28800908	6204	1
10108016_1	591	Sound	15	28820701	824	1			260		other	0
10108016_1	592	Sound	15	28841700	650	1			260		other	0
10108016_1	592	Response	1	28845705	4655	1
10108016_1	593	Sound	10	28859699	810	1			260		other	0
10108016_1	594	Sound	16	28883197	968	1			260		other	0
10108016_1	594	Response	1	28888022	5793	1
10108016_1	595	Sound	11	28904696	627	1			260		other	0
10108016_1	596	Sound	16	28927694	786	1			260		other	0
10108016_1	596	Response	1	28932179	5271	1
10108016_1	597	Sound	16	28956193	776	1			260		other	0
10108016_1	598	Sound	10	28975191	602	1			260		other	0
10108016_1	599	Sound	19	28992190	929	1			260		other	0
10108016_1	599	Response	1	28997055	5794	1
10108016_1	600	Sound	14	29012689	755	1			260		other	0
10108016_1	600	Response	1	29024174	12240	1
10108016_1	601	Sound	16	29033688	748	1			260		other	0
10108016_1	601	Response	1	29037693	4753	1
10108016_1	602	Sound	12	29051187	742	1			260		other	0
10108016_1	602	Response	1	29056731	6287	1
10108016_1	603	Sound	10	29067686	903	1			260		other	0
10108016_1	603	Response	1	29070650	3867	1
10108016_1	604	Response	1	29087530	907	1
10108016_1	604	Sound	19	29087684	1062	1			260		other	0
10108016_1	605	Sound	17	29103683	1056	1			260		other	0
10108016_1	605	Response	1	29107368	4741	1
10108016_1	606	Sound	13	29121682	717	1			260		other	0
10108016_1	606	Response	1	29125527	4561	1
10108016_1	607	Sound	11	29141181	1043	1			260		other	0
10108016_1	608	Sound	11	29167679	700	1			260		other	0
10108016_1	609	Sound	12	29185178	1027	1			260		other	0
10108016_1	610	Sound	15	29201677	855	1			260		other	0
10108016_1	611	Sound	20	29225676	679	1			260		other	0
10108016_1	611	Response	1	29230560	5564	1
10108016_1	612	Sound	16	29245174	1006	1			260		other	0
10108016_1	613	Sound	15	29268173	998	1			260		other	0
10108016_1	614	Sound	10	29286172	825	1			260		other	0
10108016_1	614	Response	1	29287117	1770	1
10108016_1	615	Sound	17	29310670	816	1			260		other	0
10108016_1	616	Sound	10	29334169	974	1			260		other	0
10108016_1	617	Sound	18	29361667	798	1			260		other	0
10108016_1	617	Response	1	29369511	8642	1
10108016_1	618	Sound	20	29382666	623	1			260		other	0
10108016_1	618	Response	1	29385670	3628	1
10108016_1	619	Sound	11	29400165	617	1			260		other	0
10108016_1	620	Sound	12	29420663	943	1			260		other	0
10108016_1	621	Sound	12	29439162	770	1			260		other	0
10108016_1	622	Sound	13	29460661	762	1			260		other	0
10108016_1	623	Sound	20	29477160	590	1			260		other	0
10108016_1	623	Response	1	29481104	4534	1
10108016_1	624	Sound	14	29497159	916	1			260		other	0
10108016_1	625	Sound	19	29525157	739	1			260		other	0
10108016_1	626	Sound	17	29544156	733	1			260		other	0
10108016_1	627	Sound	19	29562154	893	1			260		other	0
10108016_1	627	Response	1	29565259	3997	1
10108016_1	628	Sound	14	29579153	887	1			260		other	0
10108016_1	628	Response	1	29587497	9231	1
10108016_1	629	Sound	18	29599652	1046	1			260		other	0
10108016_1	630	Sound	13	29618651	873	1			260		other	0
10108016_1	631	Sound	18	29642649	864	1			260		other	0
10108016_1	631	Response	1	29648693	6908	1
10108016_1	632	Sound	18	29660148	858	1			260		other	0
10108016_1	633	Sound	14	29687647	1015	1			260		other	0
10108016_1	633	Response	1	29692131	5499	1
10108016_1	634	Sound	13	29711645	1006	1			260		other	0
10108016_1	635	Sound	15	29727644	1001	1			260		other	0
10108016_1	635	Response	1	29739727	13084	1
10108016_1	636	Sound	19	29748143	827	1			260		other	0
10108016_1	636	Response	1	29751567	4251	1
10108016_1	637	Sound	12	29770641	985	1			260		other	0
10108016_1	637	Response	1	29774045	4389	1
10108016_1	639	Response	1	29793244	1002	1
10108016_1	639	Response	255	29965873	173630	1
10108016_1	641	Sound	14	30040624	889	1			260		other	0
10108016_1	641	Response	1	30050347	10612	1
10108016_1	642	Sound	11	30059623	716	1			260		other	0
10108016_1	643	Sound	10	30085121	1040	1			260		other	0
10108016_1	644	Sound	15	30108120	865	1			260		other	0
10108016_1	645	Sound	13	30126119	858	1			260		other	0
10108016_1	646	Sound	14	30152617	849	1			260		other	0
10108016_1	646	Response	1	30162900	11132	1
10108016_1	647	Sound	11	30177116	840	1			260		other	0
10108016_1	648	Sound	20	30193615	668	1			260		other	0
10108016_1	648	Response	1	30197138	4191	1
10108016_1	649	Sound	20	30216113	826	1			260		other	0
10108016_1	649	Response	1	30219217	3930	1
10108016_1	650	Sound	13	30234112	987	1			260		other	0
10108016_1	651	Sound	16	30250611	647	1			260		other	0
10108016_1	652	Sound	12	30272110	640	1			260		other	0
10108016_1	653	Sound	12	30296608	964	1			260		other	0
10108016_1	654	Sound	12	30323606	788	1			260		other	0
10108016_1	655	Sound	11	30348105	779	1			260		other	0
10108016_1	656	Sound	16	30365604	773	1			260		other	0
10108016_1	657	Sound	17	30391102	764	1			260		other	0
10108016_1	658	Sound	19	30407101	925	1			260		other	0
10108016_1	659	Sound	18	30431100	750	1			260		other	0
10108016_1	660	Sound	16	30451598	909	1			260		other	0
10108016_1	660	Response	1	30460801	10112	1
10108016_1	661	Sound	17	30474097	735	1			260		other	0
10108016_1	662	Sound	17	30492596	1061	1			260		other	0
10108016_1	662	Response	1	30497999	6464	1
10108016_1	663	Sound	17	30511095	888	1			260		other	0
10108016_1	663	Response	1	30514318	4111	1
10108016_1	664	Sound	12	30529593	1048	1			260		other	0
10108016_1	665	Sound	11	30558092	871	1			260		other	0
10108016_1	666	Sound	13	30585090	695	1			260		other	0
10108016_1	667	Sound	13	30611588	852	1			260		other	0
10108016_1	668	Sound	15	30633087	844	1			260		other	0
10108016_1	669	Sound	10	30655086	1003	1			260		other	0
10108016_1	670	Sound	18	30675084	996	1			260		other	0
10108016_1	670	Response	1	30680547	6459	1
10108016_1	671	Sound	13	30693583	990	1			260		other	0
10108016_1	671	Response	1	30699826	7232	1
10108016_1	672	Sound	17	30713082	649	1			260		other	0
10108016_1	672	Response	1	30717265	4832	1
10108016_1	673	Sound	15	30741580	639	1			260		other	0
10108016_1	673	Response	1	30749583	8642	1
10108016_1	674	Sound	14	30760079	799	1			260		other	0
10108016_1	674	Response	1	30766861	7582	1
10108016_1	675	Sound	19	30776578	793	1			260		other	0
10108016_1	675	Response	1	30781741	5956	1
10108016_1	676	Sound	15	30793577	787	1			260		other	0
10108016_1	677	Sound	19	30821075	777	1			260		other	0
10108016_1	677	Response	1	30826938	6640	1
10108016_1	678	Sound	19	30848073	601	1			260		other	0
10108016_1	678	Response	1	30857335	9863	1
10108016_1	679	Sound	20	30863572	596	1			260		other	0
10108016_1	679	Response	1	30867975	4998	1
10108016_1	680	Sound	12	30890571	753	1			260		other	0
10108016_1	680	Response	1	30891813	1995	2
10108016_1	681	Sound	11	30907070	914	1			260		other	0
10108016_1	682	Sound	18	30935568	903	1			260		other	0
10108016_1	683	Sound	10	30953567	730	1			260		other	0
10108016_1	684	Sound	18	30973566	723	1			260		other	0
10108016_1	685	Sound	14	30996564	715	1			260		other	0
10108016_1	686	Sound	14	31019063	1040	1			260		other	0
10108016_1	687	Sound	20	31040561	866	1			260		other	0
10108016_1	687	Response	1	31046443	6748	1
10108016_1	688	Sound	16	31066060	857	1			260		other	0
10108016_1	689	Sound	18	31094058	680	1			260		other	0
10108016_1	689	Response	1	31100600	7222	1
10108016_1	690	Sound	16	31114057	1006	1			260		other	0
10108016_1	690	Response	1	31119399	6349	1
10108016_1	691	Sound	10	31140055	997	1			260		other	0
10108016_1	692	Sound	20	31167053	654	1			260		other	0
10108016_1	692	Response	1	31171635	5236	1
10108016_1	693	Sound	15	31184052	815	1			260		other	0
10108016_1	693	Response	1	31189794	6557	1
10108016_1	694	Sound	19	31206551	640	1			260		other	0
10108016_1	694	Response	1	31212033	6122	1
10108016_1	695	Sound	10	31229049	965	1			260		other	0
10108016_1	697	Response	255	33705553	2457049	1
10108016_1	699	Sound	19	33773389	1059	1			260		other	0
10108016_1	699	Response	1	33777148	4817	1
10108016_1	700	Sound	12	33795388	884	1			260		other	0
10108016_1	700	Response	1	33799227	4723	1
10108016_1	701	Sound	13	33822386	708	1			260		other	0
10108016_1	701	Response	1	33827864	6186	1
10108016_1	702	Sound	20	33844384	1033	1			260		other	0
10108016_1	702	Response	1	33847943	4591	2
10108016_1	703	Sound	18	33870383	690	1			260		other	0
10108016_1	703	Response	1	33875702	6009	1
10108016_1	704	Sound	13	33887882	851	1			260		other	0
10108016_1	704	Response	1	33892740	5710	1
10108016_1	705	Sound	16	33905881	1011	1			260		other	0
10108016_1	705	Response	1	33910419	5550	1
10108016_1	706	Sound	11	33927879	1003	1			260		other	0
10108016_1	707	Sound	11	33954877	660	1			260		other	0
10108016_1	708	Sound	12	33976376	819	1			260		other	0
10108016_1	709	Sound	14	33996875	645	1			260		other	0
10108016_1	709	Response	1	34001773	5544	1
10108016_1	710	Sound	11	34018873	971	1			260		other	0
10108016_1	710	Response	1	34022732	4830	1
10108016_1	711	Sound	19	34046872	961	1			260		other	0
10108016_1	711	Response	1	34051530	5620	1
10108016_1	712	Sound	10	34067870	954	1			260		other	0
10108016_1	713	Sound	12	34092869	611	1			260		other	0
10108016_1	714	Sound	15	34117367	603	1			260		other	0
10108016_1	714	Response	1	34127125	10361	1
10108016_1	715	Sound	17	34139866	594	1			260		other	0
10108016_1	715	Response	1	34143924	4653	1
10108016_1	716	Sound	14	34159865	587	1			260		other	0
10108016_1	716	Response	1	34163202	3925	2
10108016_1	717	Sound	14	34180363	913	1			260		other	0
10108016_1	717	Response	1	34183922	4472	1
10108016_1	718	Sound	11	34199862	740	1			260		other	0
10108016_1	718	Response	1	34208160	9038	1
10108016_1	719	Sound	20	34226860	1064	1			260		other	0
10108016_1	719	Response	1	34230239	4442	1
10108016_1	720	Sound	15	34249359	889	1			260		other	0
10108016_1	720	Response	1	34254237	5767	1
10108016_1	721	Sound	17	34269358	882	1			260		other	0
10108016_1	721	Response	1	34274156	5680	1
10108016_1	722	Sound	19	34287857	875	1			260		other	0
10108016_1	722	Response	1	34294634	7653	1
10108016_1	723	Sound	18	34304356	703	1			260		other	0
10108016_1	723	Response	1	34320873	17220	1
10108016_1	724	Sound	15	34325354	862	1			260		other	0
10108016_1	725	Sound	15	34352852	1019	1			260		other	0
10108016_1	725	Response	1	34357351	5517	1
10108016_1	726	Sound	16	34379351	1009	1			260		other	0
10108016_1	726	Response	1	34384629	6287	1
10108016_1	727	Sound	17	34399350	669	1			260		other	0
10108016_1	727	Response	1	34403667	4987	1
10108016_1	728	Sound	18	34425348	993	1			260		other	0
10108016_1	728	Response	1	34429426	5071	1
10108016_1	729	Sound	20	34446847	652	1			260		other	0
10108016_1	729	Response	1	34451904	5710	1
10108016_1	730	Sound	17	34469345	810	1			260		other	0
10108016_1	730	Response	1	34473823	5288	1
10108016_1	731	Sound	10	34489344	637	1			260		other	0
10108016_1	732	Sound	16	34516342	960	1			260		other	0
10108016_1	732	Response	1	34522060	6678	1
10108016_1	733	Sound	15	34537841	619	1			260		other	0
10108016_1	733	Response	1	34543498	6277	1
10108016_1	734	Sound	12	34563339	777	1			260		other	0
10108016_1	734	Response	1	34567897	5335	1
10108016_1	735	Sound	10	34583838	603	1			260		other	0
10108016_1	736	Sound	17	34604837	762	1			260		other	0
10108016_1	736	Response	1	34611174	7100	1
10108016_1	737	Sound	18	34622336	756	1			260		other	0
10108016_1	737	Response	1	34626693	5114	1
10108016_1	737	Response	1	34645492	23912	1
10108016_1	738	Sound	14	34647334	914	1			260		other	0
10108016_1	738	Response	1	34662531	16111	1
10108016_1	739	Sound	10	34666833	740	1			260		other	0
10108016_1	739	Response	1	34677170	11077	1
10108016_1	740	Sound	16	34692331	898	1			260		other	0
10108016_1	740	Response	1	34700129	8695	1
10108016_1	741	Sound	20	34712330	890	1			260		other	0
10108016_1	741	Response	1	34716927	5488	1
10108016_1	742	Sound	19	34735828	1049	1			260		other	0
10108016_1	742	Response	1	34740286	5506	1
10108016_1	743	Sound	16	34752327	1043	1			260		other	0
10108016_1	743	Response	1	34758845	7560	1
10108016_1	744	Sound	14	34777826	700	1			260		other	0
10108016_1	744	Response	1	34779403	2278	1
10108016_1	745	Sound	11	34804824	857	1			260		other	0
10108016_1	746	Sound	13	34832322	681	1			260		other	0
10108016_1	747	Sound	12	34854821	673	1			260		other	0
10108016_1	747	Response	1	34863478	9330	1
10108016_1	748	Sound	13	34878819	664	1			260		other	0
10108016_1	748	Response	1	34882677	4522	1
10108016_1	749	Sound	18	34900318	823	1			260		other	0
10108016_1	749	Response	1	34904515	5021	1
10108016_1	750	Sound	19	34928316	647	1			260		other	0
10108016_1	750	Response	1	34932514	4844	1
10108016_1	751	Sound	10	34944315	641	1			260		other	0
10108016_1	752	Sound	13	34965314	800	1			260		other	0
10108016_1	753	Sound	20	34989312	625	1			260		other	0
10108016_1	753	Response	1	34992110	3422	1
10108016_1	755	Response	255	35024668	13561	1
10108016_1	757	Sound	15	35089306	756	1			260		other	0
10108016_1	758	Sound	15	35105805	750	1			260		other	0
10108016_1	759	Sound	18	35124804	910	1			260		other	0
10108016_1	759	Response	1	35128421	4527	1
10108016_1	760	Sound	10	35146302	736	1			260		other	0
10108016_1	761	Sound	18	35170801	894	1			260		other	0
10108016_1	762	Sound	15	35194799	885	1			260		other	0
10108016_1	762	Response	1	35199457	5542	1
10108016_1	763	Sound	11	35216798	877	1			260		other	0
10108016_1	764	Sound	20	35242796	1035	1			260		other	0
10108016_1	764	Response	1	35246413	4652	1
10108016_1	765	Sound	14	35262295	694	1			260		other	0
10108016_1	766	Sound	11	35277794	689	1			260		other	0
10108016_1	767	Sound	12	35304792	679	1			260		other	0
10108016_1	768	Sound	14	35321791	1006	1			260		other	0
10108016_1	769	Sound	16	35341790	833	1			260		other	0
10108016_1	770	Sound	16	35359289	993	1			260		other	0
10108016_1	770	Response	1	35367606	9310	1
10108016_1	771	Sound	12	35386787	650	1			260		other	0
10108016_1	772	Sound	17	35414286	974	1			260		other	0
10108016_1	772	Response	1	35419842	6530	1
10108016_1	773	Sound	17	35430284	968	1			260		other	0
10108016_1	773	Response	1	35441281	11964	1
10108016_1	774	Sound	14	35448283	795	1			260		other	0
10108016_1	774	Response	1	35452800	5312	1
10108016_1	775	Sound	18	35474782	952	1			260		other	0
10108016_1	775	Response	1	35482078	8249	1
10108016_1	776	Sound	20	35502780	609	1			260		other	0
10108016_1	776	Response	1	35506317	4145	1
10108016_1	777	Sound	10	35525278	767	1			260		other	0
10108016_1	778	Sound	15	35546777	926	1			260		other	0
10108016_1	779	Sound	11	35575275	749	1			260		other	0
10108016_1	780	Sound	13	35593274	910	1			260		other	0
10108016_1	781	Sound	13	35612773	736	1			260		other	0
10108016_1	782	Sound	19	35637771	894	1			260		other	0
10108016_1	782	Response	1	35645268	8390	1
10108016_1	783	Sound	13	35659770	719	1			260		other	0
10108016_1	783	Response	1	35670386	11335	1
10108016_1	784	Sound	10	35681769	711	1			260		other	0
10108016_1	785	Sound	14	35698268	872	1			260		other	0
10108016_1	786	Sound	17	35715766	866	1			260		other	0
10108016_1	786	Response	1	35721503	6603	1
10108016_1	787	Sound	16	35732766	860	1			260		other	0
10108016_1	787	Response	1	35740302	8396	1
10108016_1	788	Sound	11	35761264	850	1			260		other	0
10108016_1	788	Response	1	35769340	8926	1
10108016_1	789	Sound	13	35778762	843	1			260		other	0
10108016_1	789	Response	1	35786619	8700	1
10108016_1	790	Sound	10	35795761	671	1			260		other	0
10108016_1	790	Response	1	35809577	14487	1
10108016_1	791	Sound	19	35817760	663	1			260		other	0
10108016_1	791	Response	1	35826776	9679	1
10108016_1	792	Sound	18	35844758	653	1			260		other	0
10108016_1	792	Response	1	35849974	5869	1
10108016_1	793	Sound	20	35871757	644	1			260		other	0
10108016_1	793	Response	1	35876853	5740	1
10108016_1	794	Sound	16	35893755	803	1			260		other	0
10108016_1	794	Response	1	35902131	9179	1
10108016_1	795	Sound	20	35909754	630	1			260		other	0
10108016_1	795	Response	1	35915250	6126	1
10108016_1	796	Sound	15	35933753	955	1			260		other	0
10108016_1	796	Response	1	35949808	17010	1
10108016_1	797	Sound	17	35959751	946	1			260		other	0
10108016_1	798	Sound	11	35980750	605	1			260		other	0
10108016_1	799	Sound	12	36006748	762	1			260		other	0
10108016_1	800	Sound	19	36023747	923	1			260		other	0
10108016_1	801	Sound	19	36039746	750	1			260		other	0
10108016_1	801	Response	1	36044362	5366	1
10108016_1	802	Sound	14	36066244	908	1			260		other	0
10108016_1	803	Sound	20	36092243	1065	1			260		other	0
10108016_1	803	Response	1	36097479	6301	1
10108016_1	804	Sound	16	36117241	890	1			260		other	0
10108016_1	805	Sound	12	36144239	1047	1			260		other	0
10108016_1	806	Sound	18	36161238	874	1			260		other	0
10108016_1	806	Response	1	36177634	17269	1
10108016_1	807	Sound	12	36179737	701	1			260		other	0
10108016_1	808	Sound	19	36205236	1025	1			260		other	0
10108016_1	809	Sound	13	36225234	851	1			260		other	0
10108016_1	810	Sound	17	36248233	843	1			260		other	0
10108016_1	810	Response	1	36261308	13918	1
10108016_1	811	Sound	10	36271231	835	1			260		other	0
10108016_1	813	Response	1	36306505	10854	1
10108016_1	813	Response	255	36313465	17814	1
10108016_1	815	Sound	34	36378725	630	1			260		other	0
10108016_1	816	Sound	40	36401723	955	1			260		other	0
10108016_1	816	Response	1	36404979	4211	1
10108016_1	817	Sound	30	36424222	780	1			260		other	0
10108016_1	818	Sound	37	36451720	604	1			260		other	0
10108016_1	819	Sound	39	36472719	930	1			260		other	0
10108016_1	819	Response	1	36481694	9905	1
10108016_1	820	Sound	32	36495717	755	1			260		other	0
10108016_1	821	Sound	36	36514216	581	1			260		other	0
10108016_1	821	Response	1	36524251	10617	1
10108016_1	822	Sound	35	36532215	742	1			260		other	0
10108016_1	823	Sound	40	36561213	731	1			260		other	0
10108016_1	823	Response	1	36565128	4647	1
10108016_1	824	Sound	40	36582212	725	1			260		other	0
10108016_1	824	Response	1	36586327	4840	1
10108016_1	825	Sound	31	36606710	716	1			260		other	0
10108016_1	826	Sound	35	36631209	706	1			260		other	0
10108016_1	826	Response	1	36638564	8061	1
10108016_1	827	Sound	38	36652707	1032	1			260		other	0
10108016_1	828	Sound	39	36671706	858	1			260		other	0
10108016_1	829	Sound	37	36694205	851	1			260		other	0
10108016_1	829	Response	1	36701440	8086	1
10108016_1	830	Sound	39	36721703	841	1			260		other	0
10108016_1	830	Response	1	36732638	11776	1
10108016_1	831	Sound	33	36750201	831	1			260		other	0
10108016_1	831	Response	1	36756716	7346	1
10108016_1	832	Sound	35	36767200	991	1			260		other	0
10108016_1	833	Sound	36	36786699	984	1			260		other	0
10108016_1	834	Sound	33	36813197	808	1			260		other	0
10108016_1	835	Sound	40	36836196	967	1			260		other	0
10108016_1	835	Response	1	36840391	5162	1
10108016_1	836	Sound	31	36861194	624	1			260		other	0
10108016_1	836	Response	1	36867429	6859	1
10108016_1	837	Sound	39	36888693	781	1			260		other	0
10108016_1	837	Response	1	36892548	4636	1
10108016_1	838	Sound	30	36916691	938	1			260		other	0
10108016_1	838	Response	1	36923826	8073	1
10108016_1	839	Sound	37	36937189	597	1			260		other	0
10108016_1	840	Sound	31	36960688	589	1			260		other	0
10108016_1	840	Response	1	36970143	10043	1
10108016_1	841	Sound	32	36987686	746	1			260		other	0
10108016_1	842	Sound	40	37007185	906	1			260		other	0
10108016_1	842	Response	1	37010540	4261	1
10108016_1	843	Sound	36	37033183	1063	1			260		other	0
10108016_1	843	Response	1	37038058	5938	1
10108016_1	844	Sound	38	37058682	1054	1			260		other	0
10108016_1	844	Response	1	37065576	7949	1
10108016_1	845	Sound	34	37081180	1046	1			260		other	0
10108016_1	845	Response	1	37087015	6881	1
10108016_1	846	Sound	32	37097679	707	1			260		other	0
10108016_1	847	Sound	34	37118678	866	1			260		other	0
10108016_1	848	Sound	30	37145676	1023	1			260		other	0
10108016_1	848	Response	1	37152291	7637	1
10108016_1	849	Sound	36	37175174	1012	1			260		other	0
10108016_1	849	Response	1	37180689	6527	1
10108016_1	850	Sound	36	37192673	1006	1			260		other	0
10108016_1	850	Response	1	37199488	7821	1
10108016_1	851	Sound	35	37220672	663	1			260		other	0
10108016_1	852	Sound	32	37240170	823	1			260		other	0
10108016_1	853	Sound	31	37266669	980	1			260		other	0
10108016_1	854	Sound	38	37293167	804	1			260		other	0
10108016_1	855	Sound	35	37314166	963	1			260		other	0
10108016_1	855	Response	1	37321160	7957	1
10108016_1	856	Sound	38	37342664	619	1			260		other	0
10108016_1	856	Response	1	37349958	7913	1
10108016_1	857	Sound	38	37362163	779	1			260		other	0
10108016_1	857	Response	1	37368357	6973	1
10108016_1	858	Sound	37	37382661	605	1			260		other	0
10108016_1	858	Response	1	37386676	4619	1
10108016_1	859	Sound	34	37400660	932	1			260		other	0
10108016_1	859	Response	1	37404355	4626	1
10108016_1	860	Sound	31	37424659	590	1			260		other	0
10108016_1	861	Sound	33	37448657	748	1			260		other	0
10108016_1	862	Sound	37	37472656	740	1			260		other	0
10108016_1	862	Response	1	37477310	5394	1
10108016_1	863	Sound	30	37493654	732	1			260		other	0
10108016_1	863	Response	1	37501389	8467	1
10108016_1	864	Sound	39	37512153	1059	1			260		other	0
10108016_1	864	Response	1	37516907	5813	1
10108016_1	865	Sound	33	37540151	1050	1			260		other	0
10108016_1	865	Response	1	37545306	6204	1
10108016_1	866	Sound	33	37559650	875	1			260		other	0
10108016_1	867	Sound	30	37585149	700	1			260		other	0
10108016_1	868	Sound	34	37612647	856	1			260		other	0
10108016_1	868	Response	1	37616901	5110	1
10108016_1	869	Sound	32	37631646	683	1			260		other	0
10108016_1	869	Response	1	37636820	5857	1

The following output port codes were not sent because of a conflict on the port.
Port	Code	Time(ms)
1	253	298419
1	253	434355
1	253	563258
1	253	697505
1	253	1.31722e+06
1	253	1.45073e+06
1	253	1.73757e+06
1	253	1.86974e+06
1	253	2.46322e+06
1	253	2.59278e+06
1	253	2.85794e+06
1	253	2.99659e+06
1	253	3.37056e+06
1	253	3.50247e+06
1	253	3.63135e+06
1	253	3.76579e+06
