Scenario - 
Logfile written - 12/10/2018 21:29:23

Subject	Trial	Event Type	Code	Time	TTime	Uncertainty	Duration	Uncertainty	ReqTime	ReqDur	Stim Type	Pair Index

10108015_2	1	Response	255	464863	464196	1
10108015_2	3	Sound	37	530487	745	1			260		other	0
10108015_2	3	Response	1	537338	7596	1
10108015_2	4	Sound	32	552486	1071	1			260		other	0
10108015_2	5	Sound	38	574484	896	1			260		other	0
10108015_2	6	Sound	38	599983	721	1			260		other	0
10108015_2	7	Sound	37	624481	713	1			260		other	0
10108015_2	8	Sound	35	652479	1035	1			260		other	0
10108015_2	9	Sound	39	680978	1026	1			260		other	0
10108015_2	10	Sound	30	697477	853	1			260		other	0
10108015_2	11	Sound	40	714975	846	1			260		other	0
10108015_2	11	Response	1	719967	5837	1
10108015_2	12	Sound	36	735974	839	1			260		other	0
10108015_2	13	Sound	39	763972	663	1			260		other	0
10108015_2	14	Sound	33	788971	653	1			260		other	0
10108015_2	15	Sound	34	812969	645	1			260		other	0
10108015_2	15	Response	1	819320	6995	1
10108015_2	16	Sound	31	835468	803	1			260		other	0
10108015_2	17	Sound	38	864966	960	1			260		other	0
10108015_2	17	Response	1	869397	5390	1
10108015_2	18	Sound	35	891964	783	1			260		other	0
10108015_2	19	Sound	30	919463	607	1			260		other	0
10108015_2	20	Sound	39	939961	766	1			260		other	0
10108015_2	21	Sound	38	958460	593	1			260		other	0
10108015_2	21	Response	1	964431	6563	1
10108015_2	22	Sound	40	978959	919	1			260		other	0
10108015_2	22	Response	1	982750	4710	1
10108015_2	23	Sound	32	1001457	744	1			260		other	0
10108015_2	24	Sound	31	1023956	569	1			260		other	0
10108015_2	25	Sound	30	1052454	726	1			260		other	0
10108015_2	26	Sound	30	1080952	716	1			260		other	0
10108015_2	27	Sound	33	1108951	706	1			260		other	0
10108015_2	28	Sound	34	1131449	698	1			260		other	0
10108015_2	28	Response	1	1136100	5349	1
10108015_2	29	Sound	37	1159448	1022	1			260		other	0
10108015_2	30	Sound	37	1186946	846	1			260		other	0
10108015_2	31	Sound	31	1213944	668	1			260		other	0
10108015_2	32	Sound	40	1230943	996	1			260		other	0
10108015_2	32	Response	1	1235053	5106	1
10108015_2	33	Sound	39	1252442	821	1			260		other	0
10108015_2	34	Sound	38	1275440	813	1			260		other	0
10108015_2	35	Sound	33	1293439	641	1			260		other	0
10108015_2	36	Sound	33	1314438	799	1			260		other	0
10108015_2	37	Sound	39	1340936	956	1			260		other	0
10108015_2	38	Sound	35	1369934	946	1			260		other	0
10108015_2	39	Sound	35	1395933	770	1			260		other	0
10108015_2	40	Sound	30	1424931	760	1			260		other	0
10108015_2	40	Response	1	1434480	10309	1
10108015_2	41	Sound	36	1444430	586	1			260		other	0
10108015_2	42	Sound	31	1466428	912	1			260		other	0
10108015_2	43	Sound	36	1489427	903	1			260		other	0
10108015_2	44	Sound	36	1513925	728	1			260		other	0
10108015_2	45	Sound	40	1540424	1053	1			260		other	0
10108015_2	45	Response	1	1545433	6063	1
10108015_2	46	Sound	35	1557923	879	1			260		other	0
10108015_2	47	Sound	36	1585421	703	1			260		other	0
10108015_2	48	Sound	32	1604919	1029	1			260		other	0
10108015_2	49	Sound	32	1632418	853	1			260		other	0
10108015_2	50	Sound	34	1650917	679	1			260		other	0
10108015_2	51	Sound	34	1675915	670	1			260		other	0
10108015_2	52	Sound	34	1703413	827	1			260		other	0
10108015_2	53	Sound	40	1729911	818	1			260		other	0
10108015_2	53	Response	1	1733981	4887	1
10108015_2	54	Sound	37	1756410	808	1			260		other	0
10108015_2	55	Sound	32	1785908	965	1			260		other	0
10108015_2	56	Sound	33	1810406	622	1			260		other	0
10108015_2	57	Sound	31	1832905	614	1			260		other	0
10108015_2	59	Response	255	1914850	56138	1
10108015_2	61	Sound	32	1980896	895	1			260		other	0
10108015_2	62	Sound	34	2006894	886	1			260		other	0
10108015_2	63	Sound	33	2027393	878	1			260		other	0
10108015_2	64	Sound	35	2054391	869	1			260		other	0
10108015_2	64	Response	1	2060280	6758	1
10108015_2	65	Sound	38	2072890	695	1			260		other	0
10108015_2	66	Sound	37	2101388	1019	1			260		other	0
10108015_2	67	Sound	31	2124387	844	1			260		other	0
10108015_2	68	Sound	36	2150885	834	1			260		other	0
10108015_2	69	Sound	39	2178383	658	1			260		other	0
10108015_2	69	Response	1	2183712	5987	1
10108015_2	70	Sound	32	2204882	815	1			260		other	0
10108015_2	71	Sound	36	2221381	642	1			260		other	0
10108015_2	71	Response	1	2228270	7531	1
10108015_2	72	Sound	34	2245879	634	1			260		other	0
10108015_2	72	Response	1	2252108	6862	1
10108015_2	73	Sound	38	2272377	624	1			260		other	0
10108015_2	73	Response	1	2279226	7473	1
10108015_2	74	Sound	32	2297876	782	1			260		other	0
10108015_2	75	Sound	33	2315875	775	1			260		other	0
10108015_2	76	Sound	36	2335873	935	1			260		other	0
10108015_2	77	Sound	40	2362372	592	1			260		other	0
10108015_2	77	Response	1	2366341	4561	1
10108015_2	78	Sound	30	2386870	583	1			260		other	0
10108015_2	79	Sound	31	2409869	742	1			260		other	0
10108015_2	80	Sound	30	2427368	1069	1			260		other	0
10108015_2	81	Sound	37	2445366	1064	1			260		other	0
10108015_2	82	Sound	38	2473865	886	1			260		other	0
10108015_2	83	Sound	39	2492863	712	1			260		other	0
10108015_2	84	Sound	31	2517362	1037	1			260		other	0
10108015_2	85	Sound	35	2539360	696	1			260		other	0
10108015_2	86	Sound	32	2560359	855	1			260		other	0
10108015_2	87	Sound	34	2588357	845	1			260		other	0
10108015_2	88	Sound	40	2608356	838	1			260		other	0
10108015_2	88	Response	1	2612325	4806	1
10108015_2	89	Sound	35	2626355	832	1			260		other	0
10108015_2	90	Sound	37	2642854	825	1			260		other	0
10108015_2	91	Sound	36	2667352	650	1			260		other	0
10108015_2	92	Sound	40	2696351	973	1			260		other	0
10108015_2	92	Response	1	2700319	4942	1
10108015_2	93	Sound	34	2717349	966	1			260		other	0
10108015_2	94	Sound	30	2734348	626	1			260		other	0
10108015_2	95	Sound	34	2757347	618	1			260		other	0
10108015_2	96	Sound	33	2781345	609	1			260		other	0
10108015_2	97	Sound	37	2808844	933	1			260		other	0
10108015_2	98	Sound	33	2834342	591	1			260		other	0
10108015_2	99	Sound	40	2862840	580	1			260		other	0
10108015_2	99	Response	1	2866788	4529	1
10108015_2	100	Sound	37	2890838	904	1			260		other	0
10108015_2	101	Sound	31	2916337	895	1			260		other	0
10108015_2	102	Sound	35	2943835	885	1			260		other	0
10108015_2	103	Sound	38	2966334	710	1			260		other	0
10108015_2	104	Sound	39	2983332	704	1			260		other	0
10108015_2	105	Sound	33	3006331	863	1			260		other	0
10108015_2	106	Sound	39	3030329	687	1			260		other	0
10108015_2	107	Sound	30	3054828	679	1			260		other	0
10108015_2	108	Sound	35	3073827	1005	1			260		other	0
10108015_2	109	Sound	39	3101325	829	1			260		other	0
10108015_2	110	Sound	36	3127823	653	1			260		other	0
10108015_2	111	Sound	30	3156822	642	1			260		other	0
10108015_2	112	Sound	31	3185820	632	1			260		other	0
10108015_2	113	Sound	38	3202819	792	1			260		other	0
10108015_2	114	Sound	40	3222318	786	1			260		other	0
10108015_2	114	Response	1	3225885	4353	1
10108015_2	115	Sound	32	3249816	776	1			260		other	0
10108015_2	117	Response	255	3336678	69720	1
10108015_2	119	Sound	40	3411805	718	1			260		other	0
10108015_2	119	Response	1	3414433	3346	1
10108015_2	120	Sound	40	3436804	709	1			260		other	0
10108015_2	120	Response	1	3439552	3457	1
10108015_2	121	Sound	33	3462302	1033	1			260		other	0
10108015_2	122	Sound	32	3490301	690	1			260		other	0
10108015_2	123	Sound	38	3514799	848	1			260		other	0
10108015_2	124	Sound	31	3535298	1007	1			260		other	0
10108015_2	125	Sound	38	3561796	831	1			260		other	0
10108015_2	126	Sound	30	3580795	658	1			260		other	0
10108015_2	127	Sound	37	3609293	647	1			260		other	0
10108015_2	128	Sound	40	3629292	974	1			260		other	0
10108015_2	128	Response	1	3632819	4501	1
10108015_2	129	Sound	30	3658290	964	1			260		other	0
10108015_2	130	Sound	36	3675289	957	1			260		other	0
10108015_2	131	Sound	34	3692288	618	1			260		other	0
10108015_2	132	Sound	39	3708787	779	1			260		other	0
10108015_2	133	Sound	30	3729286	605	1			260		other	0
10108015_2	134	Sound	40	3758284	761	1			260		other	0
10108015_2	134	Response	1	3761291	3768	1
10108015_2	135	Sound	38	3786282	751	1			260		other	0
10108015_2	136	Sound	33	3806281	911	1			260		other	0
10108015_2	137	Sound	31	3832279	901	1			260		other	0
10108015_2	138	Sound	30	3861277	1058	1			260		other	0
10108015_2	139	Sound	33	3889775	1048	1			260		other	0
10108015_2	140	Sound	37	3915774	872	1			260		other	0
10108015_2	141	Sound	35	3944272	695	1			260		other	0
10108015_2	142	Sound	36	3973770	851	1			260		other	0
10108015_2	143	Sound	31	3993769	1010	1			260		other	0
10108015_2	144	Sound	34	4010268	671	1			260		other	0
10108015_2	145	Sound	35	4028267	832	1			260		other	0
10108015_2	146	Sound	31	4057265	988	1			260		other	0
10108015_2	147	Sound	40	4083263	645	1			260		other	0
10108015_2	147	Response	1	4087830	5212	1
10108015_2	148	Sound	37	4100262	973	1			260		other	0
10108015_2	149	Sound	38	4122261	631	1			260		other	0
10108015_2	150	Sound	33	4150259	788	1			260		other	0
10108015_2	151	Sound	37	4175257	946	1			260		other	0
10108015_2	152	Sound	35	4201756	936	1			260		other	0
10108015_2	153	Sound	39	4222754	929	1			260		other	0
10108015_2	154	Sound	33	4251753	918	1			260		other	0
10108015_2	155	Sound	32	4280751	908	1			260		other	0
10108015_2	156	Sound	39	4305749	566	1			260		other	0
10108015_2	156	Response	1	4310695	5512	1
10108015_2	157	Sound	31	4331248	723	1			260		other	0
10108015_2	158	Sound	39	4349747	717	1			260		other	0
10108015_2	159	Sound	38	4370245	710	1			260		other	0
10108015_2	160	Sound	34	4390244	1036	1			260		other	0
10108015_2	161	Sound	36	4414242	861	1			260		other	0
10108015_2	162	Sound	34	4437241	686	1			260		other	0
10108015_2	163	Sound	34	4456240	679	1			260		other	0
10108015_2	164	Sound	39	4483238	1003	1			260		other	0
10108015_2	165	Sound	36	4512236	826	1			260		other	0
10108015_2	166	Sound	32	4540234	649	1			260		other	0
10108015_2	167	Sound	35	4567233	806	1			260		other	0
10108015_2	168	Sound	32	4592231	630	1			260		other	0
10108015_2	169	Sound	35	4615730	955	1			260		other	0
10108015_2	170	Sound	37	4643728	612	1			260		other	0
10108015_2	171	Sound	36	4670226	602	1			260		other	0
10108015_2	172	Sound	30	4690225	929	1			260		other	0
10108015_2	173	Sound	32	4718223	752	1			260		other	0
10108015_2	175	Response	255	4864820	121261	1
10108015_2	177	Sound	13	4945709	671	1			260		other	0
10108015_2	178	Sound	15	4966707	663	1			260		other	0
10108015_2	178	Response	1	4971453	5409	1
10108015_2	179	Sound	13	4993206	654	1			260		other	0
10108015_2	180	Sound	13	5014705	646	1			260		other	0
10108015_2	180	Response	1	5019930	5872	1
10108015_2	181	Sound	15	5034203	806	1			260		other	0
10108015_2	181	Response	1	5038969	5571	1
10108015_2	182	Sound	19	5062202	963	1			260		other	0
10108015_2	182	Response	1	5067127	5888	1
10108015_2	183	Sound	20	5078700	790	1			260		other	0
10108015_2	183	Response	1	5083286	5376	1
10108015_2	184	Sound	15	5102699	615	1			260		other	0
10108015_2	185	Sound	13	5127197	606	1			260		other	0
10108015_2	186	Sound	11	5145696	933	1			260		other	0
10108015_2	187	Sound	18	5173195	923	1			260		other	0
10108015_2	187	Response	1	5176560	4289	1
10108015_2	188	Sound	12	5193693	916	1			260		other	0
10108015_2	188	Response	1	5199279	6501	1
10108015_2	189	Sound	20	5209692	744	1			260		other	0
10108015_2	189	Response	1	5213917	4969	1
10108015_2	190	Sound	11	5226691	737	1			260		other	0
10108015_2	191	Sound	20	5254689	561	1			260		other	0
10108015_2	191	Response	1	5258235	4106	1
10108015_2	192	Sound	16	5282688	884	1			260		other	0
10108015_2	192	Response	1	5288873	7069	1
10108015_2	193	Sound	12	5309686	875	1			260		other	0
10108015_2	194	Sound	10	5325685	702	1			260		other	0
10108015_2	195	Sound	10	5344184	1029	1			260		other	0
10108015_2	196	Sound	14	5366182	688	1			260		other	0
10108015_2	197	Sound	14	5387181	1014	1			260		other	0
10108015_2	198	Sound	14	5410180	672	1			260		other	0
10108015_2	199	Sound	17	5428178	666	1			260		other	0
10108015_2	199	Response	1	5432384	4871	1
10108015_2	200	Sound	14	5445677	659	1			260		other	0
10108015_2	201	Sound	16	5466176	819	1			260		other	0
10108015_2	202	Sound	17	5483675	646	1			260		other	0
10108015_2	203	Sound	11	5505174	638	1			260		other	0
10108015_2	203	Response	1	5510778	6243	1
10108015_2	204	Sound	16	5530672	629	1			260		other	0
10108015_2	205	Sound	10	5548671	789	1			260		other	0
10108015_2	206	Sound	19	5573669	947	1			260		other	0
10108015_2	206	Response	1	5578534	5812	1
10108015_2	207	Sound	17	5601167	937	1			260		other	0
10108015_2	208	Sound	17	5628666	594	1			260		other	0
10108015_2	208	Response	1	5632931	4859	1
10108015_2	209	Sound	11	5652664	919	1			260		other	0
10108015_2	210	Sound	19	5669663	579	1			260		other	0
10108015_2	210	Response	1	5674368	5284	1
10108015_2	211	Sound	19	5693162	738	1			260		other	0
10108015_2	211	Response	1	5697566	5142	1
10108015_2	212	Sound	10	5721160	1061	1			260		other	0
10108015_2	213	Sound	13	5743659	886	1			260		other	0
10108015_2	213	Response	1	5749323	6551	1
10108015_2	214	Sound	15	5763157	880	1			260		other	0
10108015_2	215	Sound	10	5785156	705	1			260		other	0
10108015_2	216	Sound	15	5803655	1032	1			260		other	0
10108015_2	216	Response	1	5809159	6536	1
10108015_2	217	Sound	18	5821654	692	1			260		other	0
10108015_2	218	Sound	17	5849652	1015	1			260		other	0
10108015_2	219	Sound	18	5876150	1007	1			260		other	0
10108015_2	219	Response	1	5888034	12891	1
10108015_2	220	Sound	14	5901649	830	1			260		other	0
10108015_2	221	Sound	20	5924147	655	1			260		other	0
10108015_2	221	Response	1	5929552	6060	1
10108015_2	222	Sound	11	5944646	815	1			260		other	0
10108015_2	223	Sound	18	5963645	975	1			260		other	0
10108015_2	223	Response	1	5969469	6799	1
10108015_2	224	Sound	12	5980144	636	1			260		other	0
10108015_2	225	Sound	16	6006642	626	1			260		other	0
10108015_2	226	Sound	20	6034640	616	1			260		other	0
10108015_2	226	Response	1	6038985	4960	1
10108015_2	227	Sound	16	6062639	940	1			260		other	0
10108015_2	228	Sound	18	6090637	763	1			260		other	0
10108015_2	229	Sound	12	6119135	919	1			260		other	0
10108015_2	230	Sound	19	6146133	576	1			260		other	0
10108015_2	230	Response	1	6151457	5900	1
10108015_2	231	Sound	12	6171632	901	1			260		other	0
10108015_2	233	Response	255	6452158	256173	1
10108015_2	235	Sound	16	6518110	610	1			260		other	0
10108015_2	235	Response	1	6523913	6414	1
10108015_2	236	Sound	14	6543608	768	1			260		other	0
10108015_2	237	Sound	16	6571106	591	1			260		other	0
10108015_2	237	Response	1	6577190	6675	1
10108015_2	238	Sound	15	6596105	749	1			260		other	0
10108015_2	238	Response	1	6601668	6312	1
10108015_2	239	Sound	15	6617104	908	1			260		other	0
10108015_2	240	Sound	20	6640102	1067	1			260		other	0
10108015_2	240	Response	1	6647105	8070	1
10108015_2	241	Sound	20	6666100	724	1			260		other	0
10108015_2	241	Response	1	6672224	6848	1
10108015_2	242	Sound	16	6693599	1048	1			260		other	0
10108015_2	243	Sound	10	6709098	709	1			260		other	0
10108015_2	244	Sound	19	6725097	870	1			260		other	0
10108015_2	244	Response	1	6729900	5673	1
10108015_2	245	Sound	14	6744596	1030	1			260		other	0
10108015_2	246	Sound	16	6771094	1020	1			260		other	0
10108015_2	247	Sound	10	6796592	678	1			260		other	0
10108015_2	248	Sound	11	6823091	835	1			260		other	0
10108015_2	249	Sound	11	6842589	828	1			260		other	0
10108015_2	250	Sound	18	6868088	819	1			260		other	0
10108015_2	250	Response	1	6873411	6142	1
10108015_2	251	Sound	20	6887586	812	1			260		other	0
10108015_2	251	Response	1	6891330	4556	1
10108015_2	252	Sound	11	6906085	805	1			260		other	0
10108015_2	253	Sound	20	6933583	629	1			260		other	0
10108015_2	253	Response	1	6938687	5732	1
10108015_2	254	Sound	10	6957582	620	1			260		other	0
10108015_2	255	Sound	13	6985580	777	1			260		other	0
10108015_2	256	Sound	12	7003079	938	1			260		other	0
10108015_2	257	Sound	11	7031577	594	1			260		other	0
10108015_2	258	Sound	13	7055576	919	1			260		other	0
10108015_2	259	Sound	19	7083074	742	1			260		other	0
10108015_2	260	Sound	12	7110573	733	1			260		other	0
10108015_2	261	Sound	17	7136571	890	1			260		other	0
10108015_2	262	Sound	15	7152570	884	1			260		other	0
10108015_2	263	Sound	15	7174068	877	1			260		other	0
10108015_2	264	Sound	20	7192067	703	1			260		other	0
10108015_2	264	Response	1	7196510	5146	1
10108015_2	265	Sound	18	7210066	864	1			260		other	0
10108015_2	266	Sound	16	7229065	1024	1			260		other	0
10108015_2	267	Sound	19	7251564	1016	1			260		other	0
10108015_2	268	Sound	10	7270562	842	1			260		other	0
10108015_2	269	Sound	17	7294561	834	1			260		other	0
10108015_2	270	Sound	13	7313560	660	1			260		other	0
10108015_2	271	Sound	18	7334058	653	1			260		other	0
10108015_2	272	Sound	12	7354057	812	1			260		other	0
10108015_2	273	Sound	12	7378556	637	1			260		other	0
10108015_2	274	Sound	12	7398054	797	1			260		other	0
10108015_2	275	Sound	18	7415053	791	1			260		other	0
10108015_2	276	Sound	18	7433552	617	1			260		other	0
10108015_2	277	Sound	19	7459550	775	1			260		other	0
10108015_2	278	Sound	15	7483549	599	1			260		other	0
10108015_2	279	Sound	17	7500548	760	1			260		other	0
10108015_2	280	Sound	17	7523046	919	1			260		other	0
10108015_2	281	Sound	14	7539545	746	1			260		other	0
10108015_2	282	Sound	11	7563544	571	1			260		other	0
10108015_2	283	Sound	10	7590542	728	1			260		other	0
10108015_2	284	Sound	14	7611541	1054	1			260		other	0
10108015_2	285	Sound	17	7637039	711	1			260		other	0
10108015_2	286	Sound	19	7661538	869	1			260		other	0
10108015_2	286	Response	1	7668560	7891	1
10108015_2	287	Sound	13	7684036	695	1			260		other	0
10108015_2	288	Sound	13	7703035	1021	1			260		other	0
10108015_2	289	Sound	14	7725534	680	1			260		other	0
10108015_2	291	Response	255	7934783	184675	1
10108015_2	293	Sound	51	8013515	577	1			260		other	0
10108015_2	294	Sound	60	8035014	1070	1			260		other	0
10108015_2	294	Response	1	8038776	4831	1
10108015_2	295	Sound	55	8056513	1062	1			260		other	0
10108015_2	296	Sound	55	8076511	1055	1			260		other	0
10108015_2	297	Sound	52	8099510	880	1			260		other	0
10108015_2	298	Sound	53	8116009	707	1			260		other	0
10108015_2	299	Sound	55	8137508	866	1			260		other	0
10108015_2	300	Sound	50	8160506	858	1			260		other	0
10108015_2	301	Sound	57	8182505	684	1			260		other	0
10108015_2	302	Sound	56	8209003	674	1			260		other	0
10108015_2	303	Sound	50	8233002	999	1			260		other	0
10108015_2	304	Sound	50	8258000	990	1			260		other	0
10108015_2	305	Sound	59	8277999	983	1			260		other	0
10108015_2	306	Sound	55	8299998	642	1			260		other	0
10108015_2	307	Sound	54	8320996	968	1			260		other	0
10108015_2	308	Sound	57	8345995	792	1			260		other	0
10108015_2	309	Sound	53	8369993	617	1			260		other	0
10108015_2	310	Sound	60	8395991	608	1			260		other	0
10108015_2	310	Response	1	8400113	4729	1
10108015_2	311	Sound	56	8423490	764	1			260		other	0
10108015_2	312	Sound	53	8442988	757	1			260		other	0
10108015_2	313	Sound	57	8463487	750	1			260		other	0
10108015_2	314	Sound	51	8486986	742	1			260		other	0
10108015_2	315	Sound	54	8515984	898	1			260		other	0
10108015_2	316	Sound	59	8533483	892	1			260		other	0
10108015_2	317	Sound	59	8552981	1053	1			260		other	0
10108015_2	318	Sound	56	8581980	875	1			260		other	0
10108015_2	319	Sound	50	8605978	866	1			260		other	0
10108015_2	320	Sound	56	8629477	858	1			260		other	0
10108015_2	321	Sound	56	8654475	682	1			260		other	0
10108015_2	322	Sound	60	8675474	842	1			260		other	0
10108015_2	322	Response	1	8679455	4823	1
10108015_2	323	Sound	54	8691973	1002	1			260		other	0
10108015_2	324	Sound	60	8717471	660	1			260		other	0
10108015_2	324	Response	1	8720972	4161	1
10108015_2	325	Sound	52	8739970	818	1			260		other	0
10108015_2	326	Sound	51	8763468	810	1			260		other	0
10108015_2	327	Sound	60	8789967	634	1			260		other	0
10108015_2	327	Response	1	8793527	4195	1
10108015_2	328	Sound	50	8806466	795	1			260		other	0
10108015_2	329	Sound	53	8831964	619	1			260		other	0
10108015_2	330	Sound	57	8850963	612	1			260		other	0
10108015_2	331	Sound	58	8868462	606	1			260		other	0
10108015_2	332	Sound	58	8895960	596	1			260		other	0
10108015_2	333	Sound	52	8924458	752	1			260		other	0
10108015_2	334	Sound	51	8945957	745	1			260		other	0
10108015_2	335	Sound	54	8972955	902	1			260		other	0
10108015_2	336	Sound	58	8998954	1060	1			260		other	0
10108015_2	337	Sound	52	9020452	1053	1			260		other	0
10108015_2	338	Sound	57	9045450	709	1			260		other	0
10108015_2	339	Sound	59	9061949	1037	1			260		other	0
10108015_2	340	Sound	53	9086448	1028	1			260		other	0
10108015_2	341	Sound	54	9108447	1020	1			260		other	0
10108015_2	342	Sound	59	9125446	848	1			260		other	0
10108015_2	343	Sound	58	9148944	1006	1			260		other	0
10108015_2	344	Sound	55	9166943	833	1			260		other	0
10108015_2	345	Sound	58	9192441	657	1			260		other	0
10108015_2	346	Sound	52	9214940	816	1			260		other	0
10108015_2	347	Sound	51	9242938	639	1			260		other	0
10108015_2	349	Response	255	10211836	950285	1
10108015_2	351	Sound	52	10280873	769	1			260		other	0
10108015_2	352	Sound	51	10299371	762	1			260		other	0
10108015_2	353	Sound	59	10326370	586	1			260		other	0
10108015_2	353	Response	1	10331348	5564	1
10108015_2	354	Sound	50	10346868	745	1			260		other	0
10108015_2	355	Sound	60	10374867	1069	1			260		other	0
10108015_2	355	Response	1	10378465	4668	1
10108015_2	356	Sound	50	10402365	726	1			260		other	0
10108015_2	357	Sound	58	10428363	716	1			260		other	0
10108015_2	358	Sound	50	10449362	709	1			260		other	0
10108015_2	359	Sound	50	10473361	867	1			260		other	0
10108015_2	360	Sound	55	10497859	691	1			260		other	0
10108015_2	361	Sound	56	10521358	850	1			260		other	0
10108015_2	362	Sound	53	10543356	1009	1			260		other	0
10108015_2	363	Sound	58	10566855	834	1			260		other	0
10108015_2	364	Sound	60	10591353	992	1			260		other	0
10108015_2	364	Response	1	10594932	4570	1
10108015_2	365	Sound	53	10613852	984	1			260		other	0
10108015_2	366	Sound	55	10643350	973	1			260		other	0
10108015_2	367	Sound	51	10666348	798	1			260		other	0
10108015_2	368	Sound	57	10694846	788	1			260		other	0
10108015_2	368	Response	1	10700285	6226	1
10108015_2	369	Sound	51	10722345	945	1			260		other	0
10108015_2	370	Sound	56	10739344	605	1			260		other	0
10108015_2	371	Sound	54	10755843	766	1			260		other	0
10108015_2	372	Sound	55	10781841	590	1			260		other	0
10108015_2	373	Sound	54	10810839	747	1			260		other	0
10108015_2	374	Sound	59	10834338	738	1			260		other	0
10108015_2	375	Sound	60	10859336	729	1			260		other	0
10108015_2	375	Response	1	10862754	4147	1
10108015_2	376	Sound	54	10884835	887	1			260		other	0
10108015_2	377	Sound	60	10912333	710	1			260		other	0
10108015_2	377	Response	1	10915871	4248	1
10108015_2	378	Sound	55	10939331	701	1			260		other	0
10108015_2	379	Sound	60	10959830	694	1			260		other	0
10108015_2	379	Response	1	10963068	3932	1
10108015_2	380	Sound	58	10983828	852	1			260		other	0
10108015_2	380	Response	1	10988826	5850	1
10108015_2	381	Sound	56	11012827	841	1			260		other	0
10108015_2	382	Sound	59	11035325	833	1			260		other	0
10108015_2	383	Sound	58	11061823	824	1			260		other	0
10108015_2	384	Sound	52	11087322	982	1			260		other	0
10108015_2	385	Sound	56	11104821	975	1			260		other	0
10108015_2	386	Sound	57	11122320	802	1			260		other	0
10108015_2	387	Sound	59	11139818	796	1			260		other	0
10108015_2	388	Sound	55	11164317	787	1			260		other	0
10108015_2	389	Sound	51	11192815	610	1			260		other	0
10108015_2	390	Sound	57	11210314	604	1			260		other	0
10108015_2	391	Sound	54	11231313	930	1			260		other	0
10108015_2	392	Sound	53	11251311	590	1			260		other	0
10108015_2	393	Sound	51	11280310	579	1			260		other	0
10108015_2	394	Sound	57	11304808	904	1			260		other	0
10108015_2	395	Sound	56	11327307	896	1			260		other	0
10108015_2	396	Sound	57	11349305	1056	1			260		other	0
10108015_2	397	Sound	52	11370304	714	1			260		other	0
10108015_2	398	Sound	54	11398802	1037	1			260		other	0
10108015_2	399	Sound	59	11416301	864	1			260		other	0
10108015_2	400	Sound	52	11445299	687	1			260		other	0
10108015_2	401	Sound	52	11471298	844	1			260		other	0
10108015_2	402	Sound	58	11490796	671	1			260		other	0
10108015_2	403	Sound	53	11516795	995	1			260		other	0
10108015_2	404	Sound	50	11533294	823	1			260		other	0
10108015_2	405	Sound	53	11558292	980	1			260		other	0
10108015_2	407	Response	255	12448412	867680	1
10108015_2	409	Sound	16	12528231	801	1			260		other	0
10108015_2	409	Response	1	12532327	4897	1
10108015_2	410	Sound	11	12547730	627	1			260		other	0
10108015_2	411	Sound	15	12570228	619	1			260		other	0
10108015_2	411	Response	1	12574244	4635	1
10108015_2	412	Sound	17	12587727	613	1			260		other	0
10108015_2	413	Sound	16	12609226	772	1			260		other	0
10108015_2	414	Sound	10	12634224	596	1			260		other	0
10108015_2	415	Sound	10	12660723	921	1			260		other	0
10108015_2	416	Sound	15	12679221	747	1			260		other	0
10108015_2	417	Sound	16	12698220	1074	1			260		other	0
10108015_2	418	Sound	15	12722719	732	1			260		other	0
10108015_2	419	Sound	19	12745717	1057	1			260		other	0
10108015_2	420	Sound	15	12762716	884	1			260		other	0
10108015_2	421	Sound	18	12788715	875	1			260		other	0
10108015_2	422	Sound	14	12816213	1032	1			260		other	0
10108015_2	423	Sound	15	12843711	855	1			260		other	0
10108015_2	424	Sound	14	12859210	683	1			260		other	0
10108015_2	425	Sound	20	12875709	677	1			260		other	0
10108015_2	425	Response	1	12886384	11352	1
10108015_2	426	Sound	12	12901708	668	1			260		other	0
10108015_2	427	Sound	14	12918206	662	1			260		other	0
10108015_2	428	Sound	20	12938705	822	1			260		other	0
10108015_2	428	Response	1	12945180	7297	1
10108015_2	429	Sound	19	12964204	812	1			260		other	0
10108015_2	430	Sound	12	12991202	803	1			260		other	0
10108015_2	431	Sound	16	13019700	793	1			260		other	0
10108015_2	432	Sound	13	13036199	620	1			260		other	0
10108015_2	433	Sound	11	13055198	947	1			260		other	0
10108015_2	434	Sound	13	13078696	771	1			260		other	0
10108015_2	435	Sound	16	13099195	764	1			260		other	0
10108015_2	436	Sound	12	13124693	589	1			260		other	0
10108015_2	437	Sound	18	13144192	915	1			260		other	0
10108015_2	438	Sound	13	13172190	738	1			260		other	0
10108015_2	439	Sound	19	13196689	729	1			260		other	0
10108015_2	440	Sound	10	13213688	1057	1			260		other	0
10108015_2	441	Sound	13	13239686	881	1			260		other	0
10108015_2	442	Sound	11	13256685	875	1			260		other	0
10108015_2	443	Sound	13	13279184	700	1			260		other	0
10108015_2	444	Sound	20	13304682	1024	1			260		other	0
10108015_2	444	Response	1	13316756	13099	1
10108015_2	445	Sound	10	13323681	684	1			260		other	0
10108015_2	446	Sound	18	13342180	844	1			260		other	0
10108015_2	447	Sound	12	13366178	836	1			260		other	0
10108015_2	448	Sound	11	13385677	662	1			260		other	0
10108015_2	449	Sound	20	13412175	986	1			260		other	0
10108015_2	449	Response	1	13416590	5401	1
10108015_2	450	Sound	19	13427674	647	1			260		other	0
10108015_2	450	Response	1	13435789	8762	1
10108015_2	451	Sound	17	13451673	972	1			260		other	0
10108015_2	452	Sound	17	13471171	965	1			260		other	0
10108015_2	453	Sound	20	13495170	956	1			260		other	0
10108015_2	453	Response	1	13503945	9731	1
10108015_2	454	Sound	18	13516669	949	1			260		other	0
10108015_2	455	Sound	17	13536667	942	1			260		other	0
10108015_2	456	Sound	12	13560166	600	1			260		other	0
10108015_2	457	Sound	10	13578165	593	1			260		other	0
10108015_2	458	Sound	14	13598663	919	1			260		other	0
10108015_2	459	Sound	11	13626662	743	1			260		other	0
10108015_2	460	Sound	19	13652660	733	1			260		other	0
10108015_2	461	Sound	14	13670159	727	1			260		other	0
10108015_2	461	Response	1	13679533	10101	1
10108015_2	462	Sound	17	13692158	719	1			260		other	0
10108015_2	463	Sound	18	13712156	879	1			260		other	0
10108015_2	465	Response	255	14144863	407665	1
10108015_2	467	Sound	10	14222624	697	1			260		other	0
10108015_2	468	Sound	12	14250622	1020	1			260		other	0
10108015_2	469	Sound	19	14268621	681	1			260		other	0
10108015_2	469	Response	1	14274135	6194	1
10108015_2	470	Sound	13	14287120	841	1			260		other	0
10108015_2	471	Sound	18	14311619	832	1			260		other	0
10108015_2	471	Response	1	14316292	5506	1
10108015_2	472	Sound	18	14337117	656	1			260		other	0
10108015_2	473	Sound	11	14358116	815	1			260		other	0
10108015_2	474	Sound	20	14374615	976	1			260		other	0
10108015_2	474	Response	1	14377888	4250	1
10108015_2	475	Sound	20	14394113	803	1			260		other	0
10108015_2	475	Response	1	14397807	4496	1
10108015_2	476	Sound	13	14415612	795	1			260		other	0
10108015_2	477	Sound	17	14436111	787	1			260		other	0
10108015_2	478	Sound	11	14462609	778	1			260		other	0
10108015_2	479	Sound	14	14484108	937	1			260		other	0
10108015_2	480	Sound	11	14509106	762	1			260		other	0
10108015_2	481	Sound	15	14532105	587	1			260		other	0
10108015_2	482	Sound	16	14557103	578	1			260		other	0
10108015_2	483	Sound	19	14581102	903	1			260		other	0
10108015_2	484	Sound	12	14605600	1061	1			260		other	0
10108015_2	485	Sound	11	14630599	718	1			260		other	0
10108015_2	486	Sound	10	14655097	709	1			260		other	0
10108015_2	487	Sound	10	14674596	1036	1			260		other	0
10108015_2	488	Sound	12	14697094	695	1			260		other	0
10108015_2	489	Sound	10	14721593	853	1			260		other	0
10108015_2	490	Sound	19	14746591	1010	1			260		other	0
10108015_2	491	Sound	13	14772589	834	1			260		other	0
10108015_2	492	Sound	16	14797088	826	1			260		other	0
10108015_2	493	Sound	15	14825086	816	1			260		other	0
10108015_2	494	Sound	17	14845085	642	1			260		other	0
10108015_2	495	Sound	14	14871083	799	1			260		other	0
10108015_2	496	Sound	17	14890582	626	1			260		other	0
10108015_2	497	Sound	12	14913581	784	1			260		other	0
10108015_2	498	Sound	17	14936079	943	1			260		other	0
10108015_2	499	Sound	15	14958078	935	1			260		other	0
10108015_2	500	Sound	19	14973577	596	1			260		other	0
10108015_2	500	Response	1	14977930	4949	1
10108015_2	501	Sound	20	14995076	755	1			260		other	0
10108015_2	501	Response	1	14998248	3928	1
10108015_2	502	Sound	10	15023574	578	1			260		other	0
10108015_2	503	Sound	11	15047572	736	1			260		other	0
10108015_2	504	Sound	16	15074570	1060	1			260		other	0
10108015_2	505	Sound	15	15098569	1051	1			260		other	0
10108015_2	506	Sound	16	15122068	710	1			260		other	0
10108015_2	507	Sound	14	15140066	703	1			260		other	0
10108015_2	508	Sound	12	15164565	695	1			260		other	0
10108015_2	509	Sound	20	15190563	852	1			260		other	0
10108015_2	509	Response	1	15196396	6685	1
10108015_2	510	Sound	13	15216062	1010	1			260		other	0
10108015_2	511	Sound	18	15233560	837	1			260		other	0
10108015_2	512	Sound	18	15255059	829	1			260		other	0
10108015_2	513	Sound	15	15273058	823	1			260		other	0
10108015_2	514	Sound	20	15300556	980	1			260		other	0
10108015_2	514	Response	1	15303909	4332	1
10108015_2	515	Sound	13	15325555	804	1			260		other	0
10108015_2	516	Sound	16	15352053	795	1			260		other	0
10108015_2	517	Sound	19	15372052	621	1			260		other	0
10108015_2	518	Sound	14	15398050	945	1			260		other	0
10108015_2	519	Sound	17	15419049	770	1			260		other	0
10108015_2	520	Sound	18	15438048	930	1			260		other	0
10108015_2	521	Sound	14	15459046	590	1			260		other	0
10108015_2	523	Response	255	16052501	568123	1
10108015_2	525	Sound	30	16124504	1019	1			260		other	0
10108015_2	526	Sound	33	16150503	843	1			260		other	0
10108015_2	527	Sound	31	16172501	835	1			260		other	0
10108015_2	528	Sound	30	16196000	827	1			260		other	0
10108015_2	529	Sound	30	16224998	983	1			260		other	0
10108015_2	530	Sound	40	16244497	976	1			260		other	0
10108015_2	530	Response	1	16248008	4488	1
10108015_2	531	Sound	32	16265495	635	1			260		other	0
10108015_2	532	Sound	31	16290994	626	1			260		other	0
10108015_2	533	Sound	34	16314992	951	1			260		other	0
10108015_2	534	Sound	34	16343990	941	1			260		other	0
10108015_2	535	Sound	35	16368489	599	1			260		other	0
10108015_2	536	Sound	31	16385488	593	1			260		other	0
10108015_2	537	Sound	36	16412986	750	1			260		other	0
10108015_2	538	Sound	37	16441484	906	1			260		other	0
10108015_2	539	Sound	37	16465983	897	1			260		other	0
10108015_2	540	Sound	40	16490981	722	1			260		other	0
10108015_2	540	Response	1	16495432	5173	1
10108015_2	541	Sound	31	16512980	881	1			260		other	0
10108015_2	542	Sound	33	16538478	1038	1			260		other	0
10108015_2	543	Sound	33	16557977	865	1			260		other	0
10108015_2	544	Sound	39	16574476	859	1			260		other	0
10108015_2	545	Sound	35	16591475	687	1			260		other	0
10108015_2	546	Sound	33	16608474	680	1			260		other	0
10108015_2	547	Sound	39	16631472	672	1			260		other	0
10108015_2	548	Sound	31	16657971	829	1			260		other	0
10108015_2	549	Sound	37	16686969	985	1			260		other	0
10108015_2	550	Sound	40	16704468	646	1			260		other	0
10108015_2	550	Response	1	16708458	4636	1
10108015_2	551	Sound	32	16731966	802	1			260		other	0
10108015_2	552	Sound	30	16752965	628	1			260		other	0
10108015_2	553	Sound	35	16781463	951	1			260		other	0
10108015_2	554	Sound	39	16799962	778	1			260		other	0
10108015_2	555	Sound	32	16817961	772	1			260		other	0
10108015_2	556	Sound	36	16841459	597	1			260		other	0
10108015_2	557	Sound	35	16861458	590	1			260		other	0
10108015_2	558	Sound	39	16883457	582	1			260		other	0
10108015_2	559	Sound	40	16911955	1072	1			260		other	0
10108015_2	559	Response	1	16916205	5322	1
10108015_2	560	Sound	34	16928454	732	1			260		other	0
10108015_2	561	Sound	33	16955952	890	1			260		other	0
10108015_2	562	Sound	35	16980950	714	1			260		other	0
10108015_2	563	Sound	34	16999949	874	1			260		other	0
10108015_2	564	Sound	36	17026948	697	1			260		other	0
10108015_2	565	Sound	38	17043446	692	1			260		other	0
10108015_2	566	Sound	37	17067945	1016	1			260		other	0
10108015_2	567	Sound	30	17091943	1007	1			260		other	0
10108015_2	568	Sound	40	17115442	666	1			260		other	0
10108015_2	568	Response	1	17119952	5176	1
10108015_2	569	Sound	38	17140940	657	1			260		other	0
10108015_2	570	Sound	38	17163439	649	1			260		other	0
10108015_2	571	Sound	37	17183937	975	1			260		other	0
10108015_2	572	Sound	32	17205936	633	1			260		other	0
10108015_2	573	Sound	39	17228435	959	1			260		other	0
10108015_2	574	Sound	32	17247934	619	1			260		other	0
10108015_2	575	Sound	38	17266432	779	1			260		other	0
10108015_2	576	Sound	36	17293431	602	1			260		other	0
10108015_2	577	Sound	34	17321429	759	1			260		other	0
10108015_2	578	Sound	38	17342428	918	1			260		other	0
10108015_2	579	Sound	36	17370926	908	1			260		other	0
10108015_2	581	Response	255	18876879	1481274	1
10108015_2	583	Sound	51	18955326	843	1			260		other	0
10108015_2	584	Sound	53	18972825	1004	1			260		other	0
10108015_2	585	Sound	53	18999823	661	1			260		other	0
10108015_2	585	Response	1	19003991	4828	1
10108015_2	586	Sound	57	19017822	822	1			260		other	0
10108015_2	586	Response	1	19021510	4510	1
10108015_2	587	Sound	50	19046820	811	1			260		other	0
10108015_2	588	Sound	54	19072819	801	1			260		other	0
10108015_2	589	Sound	58	19092817	794	1			260		other	0
10108015_2	590	Sound	58	19116316	953	1			260		other	0
10108015_2	591	Sound	50	19141314	610	1			260		other	0
10108015_2	592	Sound	55	19164313	769	1			260		other	0
10108015_2	593	Sound	54	19188811	760	1			260		other	0
10108015_2	594	Sound	56	19210310	752	1			260		other	0
10108015_2	594	Response	1	19215657	6100	1
10108015_2	595	Sound	54	19238308	742	1			260		other	0
10108015_2	596	Sound	60	19265306	733	1			260		other	0
10108015_2	596	Response	1	19274933	10360	1
10108015_2	597	Sound	50	19291305	724	1			260		other	0
10108015_2	598	Sound	52	19315803	715	1			260		other	0
10108015_2	599	Sound	54	19340302	873	1			260		other	0
10108015_2	600	Sound	60	19362300	698	1			260		other	0
10108015_2	600	Response	1	19365967	4365	1
10108015_2	601	Sound	53	19384799	690	1			260		other	0
10108015_2	602	Sound	57	19403298	684	1			260		other	0
10108015_2	603	Sound	59	19427796	842	1			260		other	0
10108015_2	604	Sound	51	19453295	666	1			260		other	0
10108015_2	605	Sound	55	19481793	822	1			260		other	0
10108015_2	606	Sound	56	19506291	980	1			260		other	0
10108015_2	607	Sound	59	19528290	972	1			260		other	0
10108015_2	608	Sound	53	19548289	632	1			260		other	0
10108015_2	609	Sound	56	19573787	956	1			260		other	0
10108015_2	610	Sound	52	19596285	781	1			260		other	0
10108015_2	611	Sound	54	19621784	939	1			260		other	0
10108015_2	612	Sound	60	19648282	930	1			260		other	0
10108015_2	612	Response	1	19651949	4597	1
10108015_2	613	Sound	57	19673281	754	1			260		other	0
10108015_2	614	Sound	58	19693279	580	1			260		other	0
10108015_2	615	Sound	56	19713278	907	1			260		other	0
10108015_2	616	Sound	51	19741776	1063	1			260		other	0
10108015_2	617	Sound	57	19770774	719	1			260		other	0
10108015_2	618	Sound	55	19789773	879	1			260		other	0
10108015_2	619	Sound	58	19816272	703	1			260		other	0
10108015_2	620	Sound	60	19833271	1030	1			260		other	0
10108015_2	620	Response	1	19836097	3857	1
10108015_2	621	Sound	53	19856769	1022	1			260		other	0
10108015_2	622	Sound	55	19880268	1014	1			260		other	0
10108015_2	623	Sound	52	19906266	838	1			260		other	0
10108015_2	624	Sound	52	19931264	995	1			260		other	0
10108015_2	625	Sound	57	19955263	987	1			260		other	0
10108015_2	626	Sound	59	19983761	643	1			260		other	0
10108015_2	627	Sound	56	20012759	800	1			260		other	0
10108015_2	628	Sound	50	20036758	958	1			260		other	0
10108015_2	629	Sound	59	20065756	781	1			260		other	0
10108015_2	630	Sound	58	20091754	771	1			260		other	0
10108015_2	631	Sound	55	20115753	596	1			260		other	0
10108015_2	632	Sound	60	20139251	755	1			260		other	0
10108015_2	632	Response	1	20142318	3821	1
10108015_2	633	Sound	51	20161750	913	1			260		other	0
10108015_2	634	Sound	51	20183748	739	1			260		other	0
10108015_2	635	Sound	50	20209747	896	1			260		other	0
10108015_2	636	Sound	59	20231745	722	1			260		other	0
10108015_2	637	Sound	52	20257244	879	1			260		other	0
10108015_2	639	Response	255	20296548	18597	1
10108015_2	641	Sound	40	20378736	669	1			260		other	0
10108015_2	641	Response	1	20383262	5195	1
10108015_2	642	Sound	37	20403235	994	1			260		other	0
10108015_2	643	Sound	36	20424233	986	1			260		other	0
10108015_2	644	Sound	38	20442232	647	1			260		other	0
10108015_2	645	Sound	39	20470230	803	1			260		other	0
10108015_2	646	Sound	33	20496229	794	1			260		other	0
10108015_2	647	Sound	34	20522227	951	1			260		other	0
10108015_2	648	Sound	34	20546726	776	1			260		other	0
10108015_2	649	Sound	33	20573224	766	1			260		other	0
10108015_2	650	Sound	38	20600722	590	1			260		other	0
10108015_2	651	Sound	38	20623221	915	1			260		other	0
10108015_2	652	Sound	38	20647719	740	1			260		other	0
10108015_2	653	Sound	30	20664218	567	1			260		other	0
10108015_2	654	Sound	30	20686217	726	1			260		other	0
10108015_2	655	Sound	35	20712715	1050	1			260		other	0
10108015_2	656	Sound	30	20738214	708	1			260		other	0
10108015_2	657	Sound	32	20757712	867	1			260		other	0
10108015_2	658	Sound	36	20778711	860	1			260		other	0
10108015_2	659	Sound	33	20805709	1017	1			260		other	0
10108015_2	660	Sound	37	20825708	1010	1			260		other	0
10108015_2	661	Sound	34	20843707	670	1			260		other	0
10108015_2	662	Sound	32	20871205	994	1			260		other	0
10108015_2	663	Sound	40	20899203	817	1			260		other	0
10108015_2	663	Response	1	20905309	6922	1
10108015_2	664	Sound	31	20924202	975	1			260		other	0
10108015_2	665	Sound	39	20944200	634	1			260		other	0
10108015_2	665	Response	1	20951386	7819	1
10108015_2	666	Sound	37	20960700	795	1			260		other	0
10108015_2	667	Sound	34	20977699	789	1			260		other	0
10108015_2	668	Sound	33	21000697	781	1			260		other	0
10108015_2	669	Sound	31	21020196	607	1			260		other	0
10108015_2	670	Sound	35	21039195	600	1			260		other	0
10108015_2	671	Sound	36	21055693	928	1			260		other	0
10108015_2	672	Sound	32	21082692	751	1			260		other	0
10108015_2	673	Sound	39	21105190	910	1			260		other	0
10108015_2	674	Sound	36	21131189	567	1			260		other	0
10108015_2	675	Sound	39	21149188	728	1			260		other	0
10108015_2	676	Sound	40	21171686	720	1			260		other	0
10108015_2	677	Sound	31	21200684	876	1			260		other	0
10108015_2	678	Sound	32	21229683	866	1			260		other	0
10108015_2	679	Sound	35	21252181	691	1			260		other	0
10108015_2	680	Sound	33	21276680	1016	1			260		other	0
10108015_2	681	Sound	37	21304678	839	1			260		other	0
10108015_2	682	Sound	36	21328676	830	1			260		other	0
10108015_2	683	Sound	30	21353175	822	1			260		other	0
10108015_2	684	Sound	38	21371174	648	1			260		other	0
10108015_2	685	Sound	31	21398172	805	1			260		other	0
10108015_2	686	Sound	40	21416171	632	1			260		other	0
10108015_2	686	Response	1	21420155	4617	1
10108015_2	687	Sound	30	21440169	957	1			260		other	0
10108015_2	688	Sound	35	21456668	618	1			260		other	0
10108015_2	689	Sound	39	21484667	941	1			260		other	0
10108015_2	689	Response	1	21490711	6986	1
10108015_2	690	Sound	34	21512665	931	1			260		other	0
10108015_2	691	Sound	37	21532663	758	1			260		other	0
10108015_2	692	Sound	31	21555662	583	1			260		other	0
10108015_2	693	Sound	32	21584160	906	1			260		other	0
10108015_2	694	Sound	40	21610159	897	1			260		other	0
10108015_2	694	Response	1	21614623	5361	1
10108015_2	695	Sound	35	21634157	1055	1			260		other	0
10108015_2	697	Response	255	22076594	418237	1
10108015_2	699	Sound	57	22158624	701	1			260		other	0
10108015_2	700	Sound	53	22177623	694	1			260		other	0
10108015_2	701	Sound	58	22195122	1021	1			260		other	0
10108015_2	702	Sound	52	22220120	679	1			260		other	0
10108015_2	703	Sound	59	22248618	1002	1			260		other	0
10108015_2	703	Response	1	22252422	4806	1
10108015_2	704	Sound	58	22267617	662	1			260		other	0
10108015_2	705	Sound	53	22286616	655	1			260		other	0
10108015_2	706	Sound	56	22314114	812	1			260		other	0
10108015_2	707	Sound	52	22338113	971	1			260		other	0
10108015_2	708	Sound	55	22357612	797	1			260		other	0
10108015_2	709	Sound	54	22385610	953	1			260		other	0
10108015_2	710	Sound	52	22412608	777	1			260		other	0
10108015_2	711	Sound	56	22436607	769	1			260		other	0
10108015_2	712	Sound	55	22456105	928	1			260		other	0
10108015_2	713	Sound	58	22483104	752	1			260		other	0
10108015_2	714	Sound	53	22507102	910	1			260		other	0
10108015_2	715	Sound	57	22523601	904	1			260		other	0
10108015_2	716	Sound	59	22549599	1062	1			260		other	0
10108015_2	717	Sound	57	22575098	1052	1			260		other	0
10108015_2	718	Sound	54	22602596	876	1			260		other	0
10108015_2	719	Sound	58	22627594	1034	1			260		other	0
10108015_2	720	Sound	50	22645093	861	1			260		other	0
10108015_2	721	Sound	52	22671092	685	1			260		other	0
10108015_2	722	Sound	52	22689591	845	1			260		other	0
10108015_2	723	Sound	53	22714089	836	1			260		other	0
10108015_2	724	Sound	51	22731088	664	1			260		other	0
10108015_2	725	Sound	50	22757086	821	1			260		other	0
10108015_2	726	Sound	55	22776585	814	1			260		other	0
10108015_2	727	Sound	56	22801084	639	1			260		other	0
10108015_2	728	Sound	51	22826582	963	1			260		other	0
10108015_2	729	Sound	60	22855080	953	1			260		other	0
10108015_2	729	Response	1	22859263	5135	1
10108015_2	730	Sound	60	22881079	943	1			260		other	0
10108015_2	730	Response	1	22885501	5366	1
10108015_2	731	Sound	56	22897577	771	1			260		other	0
10108015_2	732	Sound	50	22918076	930	1			260		other	0
10108015_2	733	Sound	59	22947074	586	1			260		other	0
10108015_2	734	Sound	54	22972073	578	1			260		other	0
10108015_2	735	Sound	57	22996571	902	1			260		other	0
10108015_2	736	Sound	53	23023069	1059	1			260		other	0
10108015_2	737	Sound	56	23045568	885	1			260		other	0
10108015_2	738	Sound	60	23064067	711	1			260		other	0
10108015_2	738	Response	1	23075729	12373	1
10108015_2	739	Sound	60	23088066	870	1			260		other	0
10108015_2	739	Response	1	23097808	10612	1
10108015_2	740	Sound	60	23110564	862	1			260		other	0
10108015_2	740	Response	1	23117886	8184	1
10108015_2	741	Sound	50	23136062	852	1			260		other	0
10108015_2	742	Sound	57	23163561	843	1			260		other	0
10108015_2	743	Sound	55	23180560	670	1			260		other	0
10108015_2	744	Sound	59	23198059	997	1			260		other	0
10108015_2	745	Sound	50	23226557	653	1			260		other	0
10108015_2	746	Sound	55	23245055	813	1			260		other	0
10108015_2	747	Sound	51	23269054	805	1			260		other	0
10108015_2	748	Sound	54	23297052	629	1			260		other	0
10108015_2	749	Sound	51	23324551	785	1			260		other	0
10108015_2	750	Sound	59	23349049	776	1			260		other	0
10108015_2	751	Sound	58	23373047	935	1			260		other	0
10108015_2	752	Sound	54	23392546	928	1			260		other	0
10108015_2	753	Sound	51	23416045	753	1			260		other	0
10108015_2	755	Response	255	23601295	166417	1
10108015_2	757	Sound	50	23674529	994	1			260		other	0
10108015_2	758	Sound	53	23701027	651	1			260		other	0
10108015_2	759	Sound	60	23729025	974	1			260		other	0
10108015_2	759	Response	1	23731927	3876	1
10108015_2	760	Sound	58	23758023	797	1			260		other	0
10108015_2	761	Sound	50	23775522	958	1			260		other	0
10108015_2	762	Sound	55	23794021	785	1			260		other	0
10108015_2	763	Sound	52	23819019	609	1			260		other	0
10108015_2	764	Sound	51	23840018	768	1			260		other	0
10108015_2	765	Sound	53	23859517	928	1			260		other	0
10108015_2	766	Sound	55	23880516	754	1			260		other	0
10108015_2	767	Sound	55	23897514	581	1			260		other	0
10108015_2	768	Sound	58	23919513	573	1			260		other	0
10108015_2	769	Sound	52	23942512	898	1			260		other	0
10108015_2	770	Sound	60	23964510	724	1			260		other	0
10108015_2	770	Response	1	23968711	4925	4
10108015_2	771	Sound	58	23991508	714	1			260		other	0
10108015_2	772	Sound	53	24009007	1042	1			260		other	0
10108015_2	773	Sound	57	24026506	868	1			260		other	0
10108015_2	774	Sound	59	24053005	1025	1			260		other	0
10108015_2	775	Sound	51	24080503	1016	1			260		other	0
10108015_2	776	Sound	51	24097502	843	1			260		other	0
10108015_2	777	Sound	60	24125000	666	1			260		other	0
10108015_2	777	Response	1	24129101	4768	1
10108015_2	778	Sound	59	24152998	990	1			260		other	0
10108015_2	779	Sound	59	24170997	650	1			260		other	0
10108015_2	780	Sound	52	24198496	807	1			260		other	0
10108015_2	781	Sound	56	24215494	634	1			260		other	0
10108015_2	782	Sound	51	24233493	961	1			260		other	0
10108015_2	783	Sound	57	24253492	954	1			260		other	0
10108015_2	784	Sound	54	24273991	780	1			260		other	0
10108015_2	785	Sound	55	24302489	603	1			260		other	0
10108015_2	786	Sound	60	24327487	928	1			260		other	0
10108015_2	786	Response	1	24330928	4368	1
10108015_2	787	Sound	56	24345986	588	1			260		other	0
10108015_2	788	Sound	53	24366985	580	1			260		other	0
10108015_2	789	Sound	52	24391483	905	1			260		other	0
10108015_2	790	Sound	57	24417482	729	1			260		other	0
10108015_2	791	Sound	59	24446980	1052	1			260		other	0
10108015_2	792	Sound	56	24464979	712	1			260		other	0
10108015_2	793	Sound	52	24482478	873	1			260		other	0
10108015_2	794	Sound	57	24507976	863	1			260		other	0
10108015_2	795	Sound	57	24536974	853	1			260		other	0
10108015_2	796	Sound	50	24554973	680	1			260		other	0
10108015_2	797	Sound	56	24577972	838	1			260		other	0
10108015_2	798	Sound	51	24603970	829	1			260		other	0
10108015_2	799	Sound	54	24624969	988	1			260		other	0
10108015_2	800	Sound	59	24643967	982	1			260		other	0
10108015_2	801	Sound	58	24667466	640	1			260		other	0
10108015_2	802	Sound	53	24695964	796	1			260		other	0
10108015_2	803	Sound	54	24713463	957	1			260		other	0
10108015_2	804	Sound	58	24741961	947	1			260		other	0
10108015_2	805	Sound	50	24760960	773	1			260		other	0
10108015_2	806	Sound	55	24779959	766	1			260		other	0
10108015_2	807	Sound	54	24798958	759	1			260		other	0
10108015_2	808	Sound	54	24828456	916	1			260		other	0
10108015_2	809	Sound	56	24857454	739	1			260		other	0
10108015_2	810	Sound	50	24881453	730	1			260		other	0
10108015_2	811	Sound	60	24910951	1053	1			260		other	0
10108015_2	811	Response	1	24915851	5953	1
10108015_2	813	Response	255	24966328	26675	1
10108015_2	815	Sound	11	25041442	840	1			260		other	0
10108015_2	816	Sound	12	25057941	1001	1			260		other	0
10108015_2	817	Sound	18	25081440	825	1			260		other	0
10108015_2	817	Response	1	25086479	5865	2
10108015_2	818	Sound	19	25106938	650	1			260		other	0
10108015_2	818	Response	1	25111198	4909	1
10108015_2	819	Sound	15	25134936	640	1			260		other	0
10108015_2	819	Response	1	25139116	4820	1
10108015_2	820	Sound	16	25154435	633	1			260		other	0
10108015_2	820	Response	1	25158555	4753	1
10108015_2	821	Sound	10	25182434	956	1			260		other	0
10108015_2	822	Sound	19	25198432	950	1			260		other	0
10108015_2	822	Response	1	25202232	4750	1
10108015_2	823	Sound	20	25219931	943	1			260		other	0
10108015_2	823	Response	1	25224071	5082	1
10108015_2	824	Sound	12	25245429	934	1			260		other	0
10108015_2	825	Sound	17	25261429	761	1			260		other	0
10108015_2	826	Sound	10	25284427	753	1			260		other	0
10108015_2	827	Sound	14	25302426	913	1			260		other	0
10108015_2	828	Sound	12	25326425	1072	1			260		other	0
10108015_2	829	Sound	12	25343423	899	1			260		other	0
10108015_2	830	Sound	17	25370922	1056	1			260		other	0
10108015_2	831	Sound	14	25398920	879	1			260		other	0
10108015_2	832	Sound	16	25418419	705	1			260		other	0
10108015_2	833	Sound	15	25434918	1033	1			260		other	0
10108015_2	834	Sound	10	25453916	1026	1			260		other	0
10108015_2	835	Sound	16	25476915	684	1			260		other	0
10108015_2	836	Sound	17	25496414	1011	1			260		other	0
10108015_2	837	Sound	19	25524912	1001	1			260		other	0
10108015_2	838	Sound	13	25545911	993	1			260		other	0
10108015_2	839	Sound	15	25564909	820	1			260		other	0
10108015_2	840	Sound	20	25590908	644	1			260		other	0
10108015_2	840	Response	1	25594367	4103	1
10108015_2	841	Sound	17	25612906	969	1			260		other	0
10108015_2	842	Sound	19	25634905	628	1			260		other	0
10108015_2	843	Sound	18	25656904	787	1			260		other	0
10108015_2	844	Sound	18	25677402	779	1			260		other	0
10108015_2	845	Sound	11	25696901	606	1			260		other	0
10108015_2	846	Sound	11	25715900	599	1			260		other	0
10108015_2	847	Sound	18	25740398	924	1			260		other	0
10108015_2	848	Sound	13	25758897	584	1			260		other	0
10108015_2	849	Sound	10	25774896	745	1			260		other	0
10108015_2	850	Sound	10	25795395	904	1			260		other	0
10108015_2	851	Sound	11	25815394	730	1			260		other	0
10108015_2	852	Sound	13	25841892	1054	1			260		other	0
10108015_2	853	Sound	15	25868890	711	1			260		other	0
10108015_2	854	Sound	20	25890889	703	1			260		other	0
10108015_2	854	Response	1	25896428	6242	1
10108015_2	855	Sound	17	25906888	1031	1			260		other	0
10108015_2	856	Sound	19	25935886	1021	1			260		other	0
10108015_2	857	Sound	16	25958385	846	1			260		other	0
10108015_2	858	Sound	14	25976383	673	1			260		other	0
10108015_2	859	Sound	16	25994382	666	1			260		other	0
10108015_2	860	Sound	13	26022381	990	1			260		other	0
10108015_2	861	Sound	14	26039380	650	1			260		other	0
10108015_2	862	Sound	12	26065378	641	1			260		other	0
10108015_2	863	Sound	18	26086376	967	1			260		other	0
10108015_2	864	Sound	13	26104875	794	1			260		other	0
10108015_2	865	Sound	14	26126374	953	1			260		other	0
10108015_2	866	Sound	20	26143873	613	1			260		other	0
10108015_2	866	Response	1	26149211	5952	1
10108015_2	867	Sound	20	26171871	937	1			260		other	0
10108015_2	867	Response	1	26177770	6835	1
10108015_2	868	Sound	11	26194370	762	1			260		other	0
10108015_2	869	Sound	15	26215868	921	1			260		other	0

The following output port codes were not sent because of a conflict on the port.
Port	Code	Time(ms)
1	253	46488.1
1	253	191487
1	253	333671
1	253	486484
1	253	645218
1	253	793481
1	253	1.02119e+06
1	253	1.24484e+06
1	253	1.41449e+06
1	253	1.60525e+06
1	253	1.88769e+06
1	253	2.02966e+06
1	253	2.20766e+06
1	253	2.36013e+06
1	253	2.49664e+06
1	253	2.62401e+06
