Scenario - 
Logfile written - 09/21/2018 18:33:59

Subject	Trial	Event Type	Code	Time	TTime	Uncertainty	Duration	Uncertainty	ReqTime	ReqDur	Stim Type	Pair Index

10108004	1	Response	255	76668	76502	1
10108004	3	Sound	23	149913	274	1			260		other	0
10108004	3	Response	1	153147	3508	1
10108004	4	Sound	21	172073	260	1			260		other	0
10108004	5	Sound	22	198249	260	1			260		other	0
10108004	6	Sound	23	218923	260	1			260		other	0
10108004	6	Response	1	221706	3043	1
10108004	7	Sound	21	243598	260	1			260		other	0
10108004	8	Sound	20	261612	267	1			260		other	0
10108004	9	Sound	23	280444	260	1			260		other	0
10108004	9	Response	1	283306	3121	1
10108004	10	Sound	23	304620	260	1			260		other	0
10108004	10	Response	1	307546	3186	1
10108004	11	Sound	22	324960	260	1			260		other	0
10108004	12	Sound	21	353637	260	1			260		other	0
10108004	13	Sound	21	373644	260	1			260		other	0
10108004	14	Sound	21	392150	260	1			260		other	0
10108004	15	Sound	23	409323	260	1			260		other	0
10108004	15	Response	1	412185	3122	1
10108004	16	Sound	21	427663	260	1			260		other	0
10108004	17	Sound	22	446336	260	1			260		other	0
10108004	18	Sound	22	475013	260	1			260		other	0
10108004	19	Sound	22	497020	260	1			260		other	0
10108004	20	Sound	21	513193	260	1			260		other	0
10108004	21	Sound	22	533533	260	1			260		other	0
10108004	22	Sound	23	562043	260	1			260		other	0
10108004	22	Response	1	564904	3120	1
10108004	23	Sound	20	587719	260	1			260		other	0
10108004	24	Sound	23	609393	260	1			260		other	0
10108004	24	Response	1	612743	3610	1
10108004	25	Sound	20	627399	260	1			260		other	0
10108004	26	Sound	20	655909	260	1			260		other	0
10108004	27	Sound	20	684919	260	1			260		other	0
10108004	28	Sound	22	704760	260	1			260		other	0
10108004	29	Sound	20	723100	260	1			260		other	0
10108004	30	Sound	20	747442	260	1			260		other	0
10108004	31	Sound	23	764114	260	1			260		other	0
10108004	31	Response	1	767622	3767	1
10108004	32	Sound	22	786789	260	1			260		other	0
10108004	33	Sound	21	806962	260	1			260		other	0
10108004	34	Sound	22	825135	260	1			260		other	0
10108004	35	Sound	23	844642	260	1			260		other	0
10108004	35	Response	1	847381	2999	1
10108004	36	Sound	21	867150	260	1			260		other	0
10108004	37	Sound	23	888324	260	1			260		other	0
10108004	37	Response	1	891461	3396	1
10108004	38	Sound	21	906008	270	1			260		other	0
10108004	39	Sound	21	923170	260	1			260		other	0
10108004	40	Sound	22	939342	260	1			260		other	0
10108004	41	Sound	21	957349	260	1			260		other	0
10108004	42	Sound	20	981690	260	1			260		other	0
10108004	43	Sound	20	1001864	260	1			260		other	0
10108004	44	Sound	22	1028207	260	1			260		other	0
10108004	45	Sound	22	1051715	260	1			260		other	0
10108004	46	Sound	20	1080392	260	1			260		other	0
10108004	47	Sound	23	1108735	260	1			260		other	0
10108004	47	Response	1	1111859	3384	1
10108004	48	Sound	22	1130075	260	1			260		other	0
10108004	49	Sound	21	1155918	260	1			260		other	0
10108004	50	Sound	21	1174088	260	1			260		other	0
10108004	51	Sound	22	1199434	260	1			260		other	0
10108004	52	Sound	20	1225442	260	1			260		other	0
10108004	53	Sound	21	1245116	260	1			260		other	0
10108004	54	Sound	20	1264456	260	1			260		other	0
10108004	55	Sound	20	1282129	260	1			260		other	0
10108004	56	Sound	22	1304637	260	1			260		other	0
10108004	57	Sound	22	1327312	260	1			260		other	0
10108004	58	Sound	21	1355321	260	1			260		other	0
10108004	59	Sound	23	1379830	260	1			260		other	0
10108004	59	Response	1	1383456	3886	1
10108004	60	Sound	20	1404672	260	1			260		other	0
10108004	61	Sound	20	1432848	260	1			260		other	0
10108004	62	Sound	22	1460525	260	1			260		other	0
10108004	63	Sound	20	1478865	260	1			260		other	0
10108004	64	Sound	20	1496371	260	1			260		other	0
10108004	65	Sound	23	1521213	260	1			260		other	0
10108004	65	Response	1	1524575	3622	1
10108004	66	Sound	23	1537385	260	1			260		other	0
10108004	66	Response	1	1540895	3770	1
10108004	67	Sound	23	1557726	260	1			260		other	0
10108004	67	Response	1	1561055	3589	1
10108004	68	Sound	23	1578733	260	1			260		other	0
10108004	68	Response	1	1582015	3541	1
10108004	69	Sound	23	1595906	260	1			260		other	0
10108004	69	Response	1	1598815	3169	1
10108004	70	Sound	21	1613579	260	1			260		other	0
10108004	72	Response	255	1918892	285319	1
10108004	74	Sound	12	1990878	260	1			260		other	0
10108004	75	Sound	13	2006717	260	1			260		other	0
10108004	75	Response	1	2009931	3474	1
10108004	76	Sound	12	2036727	260	1			260		other	0
10108004	76	Response	1	2040971	4503	1
10108004	77	Sound	12	2064237	260	1			260		other	0
10108004	77	Response	1	2068731	4754	1
10108004	78	Sound	11	2092080	260	1			260		other	0
10108004	79	Sound	13	2114921	260	1			260		other	0
10108004	79	Response	1	2117610	2948	1
10108004	80	Sound	10	2139099	263	1			260		other	0
10108004	81	Sound	10	2162438	260	1			260		other	0
10108004	82	Sound	12	2188947	260	1			260		other	0
10108004	82	Response	1	2193449	4762	1
10108004	83	Sound	13	2208954	260	1			260		other	0
10108004	83	Response	1	2212009	3315	1
10108004	84	Sound	10	2228795	260	1			260		other	0
10108004	85	Sound	11	2251303	260	1			260		other	0
10108004	85	Response	1	2255529	4486	1
10108004	86	Sound	10	2270643	260	1			260		other	0
10108004	87	Sound	12	2293984	260	1			260		other	0
10108004	88	Sound	11	2318660	260	1			260		other	0
10108004	89	Sound	11	2345669	260	1			260		other	0
10108004	90	Sound	12	2361841	260	1			260		other	0
10108004	91	Sound	11	2381515	260	1			260		other	0
10108004	92	Sound	10	2404856	260	1			260		other	0
10108004	93	Sound	10	2431366	260	1			260		other	0
10108004	94	Sound	11	2450539	260	1			260		other	0
10108004	95	Sound	13	2474881	260	1			260		other	0
10108004	95	Response	1	2477846	3225	2
10108004	96	Sound	13	2491053	260	1			260		other	0
10108004	96	Response	1	2494727	3933	1
10108004	97	Sound	11	2517397	261	1			260		other	0
10108004	98	Sound	11	2534402	260	1			260		other	0
10108004	98	Response	1	2538566	4424	1
10108004	99	Sound	12	2559911	260	1			260		other	0
10108004	100	Sound	13	2583919	260	1			260		other	0
10108004	100	Response	1	2587126	3466	1
10108004	101	Sound	13	2599258	260	1			260		other	0
10108004	101	Response	1	2602166	3168	1
10108004	102	Sound	12	2619264	260	1			260		other	0
10108004	103	Sound	12	2642940	260	1			260		other	0
10108004	104	Sound	13	2670283	260	1			260		other	0
10108004	104	Response	1	2673365	3342	1
10108004	105	Sound	10	2691296	265	1			260		other	0
10108004	106	Sound	13	2712964	260	1			260		other	0
10108004	106	Response	1	2715765	3061	1
10108004	107	Sound	13	2734639	260	1			260		other	0
10108004	107	Response	1	2737845	3466	1
10108004	108	Sound	13	2751645	260	1			260		other	0
10108004	108	Response	1	2754245	2860	1
10108004	109	Sound	10	2773819	260	1			260		other	0
10108004	110	Sound	11	2797495	261	1			260		other	0
10108004	111	Sound	12	2823837	260	1			260		other	0
10108004	112	Sound	11	2851195	275	1			260		other	0
10108004	113	Sound	13	2878523	260	1			260		other	0
10108004	113	Response	1	2883284	5021	1
10108004	114	Sound	12	2904032	260	1			260		other	0
10108004	115	Sound	10	2924372	260	1			260		other	0
10108004	116	Sound	13	2947894	273	1			260		other	0
10108004	116	Response	1	2953203	5582	2
10108004	117	Sound	11	2967387	260	1			260		other	0
10108004	118	Sound	11	2988561	260	1			260		other	0
10108004	119	Sound	12	3014404	260	1			260		other	0
10108004	120	Sound	11	3038579	260	1			260		other	0
10108004	121	Sound	10	3054093	269	1			260		other	0
10108004	122	Sound	12	3071924	260	1			260		other	0
10108004	123	Sound	13	3096432	260	1			260		other	0
10108004	123	Response	1	3099362	3189	1
10108004	124	Sound	10	3118774	260	1			260		other	0
10108004	125	Sound	12	3135946	260	1			260		other	0
10108004	125	Response	1	3140881	5194	1
10108004	126	Sound	12	3161288	260	1			260		other	0
10108004	126	Response	1	3165361	4332	1
10108004	127	Sound	13	3187464	260	1			260		other	0
10108004	127	Response	1	3190241	3036	1
10108004	128	Sound	10	3204304	260	1			260		other	0
10108004	129	Sound	10	3228992	273	1			260		other	0
10108004	130	Sound	11	3253321	260	1			260		other	0
10108004	131	Sound	10	3276662	260	1			260		other	0
10108004	132	Sound	11	3299504	260	1			260		other	0
10108004	133	Sound	13	3321511	260	1			260		other	0
10108004	133	Response	1	3324800	3548	1
10108004	134	Sound	10	3345520	260	1			260		other	0
10108004	135	Sound	12	3363026	260	1			260		other	0
10108004	136	Sound	11	3389535	260	1			260		other	0
10108004	137	Sound	10	3409209	260	1			260		other	0
10108004	138	Sound	12	3429049	260	1			260		other	0
10108004	138	Response	1	3433839	5049	1
10108004	139	Sound	10	3455558	260	1			260		other	0
10108004	140	Sound	11	3473231	260	1			260		other	0
10108004	141	Sound	13	3488570	260	1			260		other	0
10108004	141	Response	1	3491278	2968	1
10108004	143	Response	255	3535598	19198	1
10108004	145	Sound	20	3617115	260	1			260		other	0
10108004	146	Sound	22	3641957	260	1			260		other	0
10108004	147	Sound	21	3664798	260	1			260		other	0
10108004	148	Sound	23	3686640	260	1			260		other	0
10108004	148	Response	1	3689836	3457	1
10108004	149	Sound	22	3711315	260	1			260		other	0
10108004	150	Sound	22	3739992	260	1			260		other	0
10108004	151	Sound	20	3757498	260	1			260		other	0
10108004	152	Sound	22	3785174	260	1			260		other	0
10108004	153	Sound	21	3807688	266	1			260		other	0
10108004	154	Sound	21	3829356	260	1			260		other	0
10108004	155	Sound	23	3854198	260	1			260		other	0
10108004	155	Response	1	3857595	3656	1
10108004	156	Sound	21	3872205	260	1			260		other	0
10108004	157	Sound	21	3901548	260	1			260		other	0
10108004	158	Sound	23	3929058	260	1			260		other	0
10108004	158	Response	1	3932314	3516	1
10108004	159	Sound	20	3948065	260	1			260		other	0
10108004	160	Sound	22	3972406	260	1			260		other	0
10108004	161	Sound	21	4000087	264	1			260		other	0
10108004	162	Sound	21	4017089	260	1			260		other	0
10108004	163	Sound	21	4041097	260	1			260		other	0
10108004	164	Sound	22	4057603	260	1			260		other	0
10108004	165	Sound	22	4076610	260	1			260		other	0
10108004	166	Sound	23	4094286	264	1			260		other	0
10108004	166	Response	1	4097913	3890	1
10108004	167	Sound	23	4111288	260	1			260		other	0
10108004	167	Response	1	4115353	4324	1
10108004	168	Sound	21	4138631	260	1			260		other	0
10108004	169	Sound	21	4163140	260	1			260		other	0
10108004	170	Sound	23	4186148	260	1			260		other	0
10108004	171	Sound	20	4210823	260	1			260		other	0
10108004	172	Sound	20	4226996	260	1			260		other	0
10108004	173	Sound	20	4248170	260	1			260		other	0
10108004	174	Sound	21	4268344	260	1			260		other	0
10108004	175	Sound	21	4285685	262	1			260		other	0
10108004	176	Sound	21	4311692	260	1			260		other	0
10108004	177	Sound	23	4330866	260	1			260		other	0
10108004	177	Response	1	4334951	4345	1
10108004	178	Sound	23	4359709	260	1			260		other	0
10108004	178	Response	1	4363591	4142	1
10108004	179	Sound	20	4379216	260	1			260		other	0
10108004	180	Sound	23	4405392	260	1			260		other	0
10108004	180	Response	1	4408550	3418	1
10108004	181	Sound	20	4425899	260	1			260		other	0
10108004	182	Sound	21	4449407	260	1			260		other	0
10108004	183	Sound	22	4477917	260	1			260		other	0
10108004	184	Sound	20	4502926	260	1			260		other	0
10108004	185	Sound	20	4521266	260	1			260		other	0
10108004	186	Sound	23	4546608	260	1			260		other	0
10108004	186	Response	1	4549909	3561	1
10108004	187	Sound	20	4568449	260	1			260		other	0
10108004	188	Sound	22	4595292	260	1			260		other	0
10108004	189	Sound	23	4619133	260	1			260		other	0
10108004	189	Response	1	4622228	3355	1
10108004	190	Sound	23	4640808	260	1			260		other	0
10108004	190	Response	1	4643588	3040	1
10108004	191	Sound	22	4663148	260	1			260		other	0
10108004	192	Sound	23	4684156	260	1			260		other	0
10108004	192	Response	1	4687268	3371	1
10108004	193	Sound	22	4710165	260	1			260		other	0
10108004	194	Sound	20	4735007	260	1			260		other	0
10108004	195	Sound	23	4763851	260	1			260		other	0
10108004	195	Response	1	4767027	3436	1
10108004	196	Sound	23	4782191	260	1			260		other	0
10108004	196	Response	1	4785586	3655	2
10108004	197	Sound	20	4809867	260	1			260		other	0
10108004	198	Sound	23	4837043	260	1			260		other	0
10108004	198	Response	1	4841266	4483	1
10108004	199	Sound	21	4860551	260	1			260		other	0
10108004	200	Sound	20	4884560	260	1			260		other	0
10108004	201	Sound	22	4911403	260	1			260		other	0
10108004	202	Sound	21	4934244	260	1			260		other	0
10108004	203	Sound	20	4954418	260	1			260		other	0
10108004	204	Sound	23	4978926	260	1			260		other	0
10108004	204	Response	1	4982465	3799	1
10108004	205	Sound	22	5000434	260	1			260		other	0
10108004	206	Sound	21	5028944	260	1			260		other	0
10108004	207	Sound	22	5055620	260	1			260		other	0
10108004	208	Sound	22	5075293	260	1			260		other	0
10108004	209	Sound	22	5102803	260	1			260		other	0
10108004	210	Sound	22	5119809	260	1			260		other	0
10108004	211	Sound	20	5143651	260	1			260		other	0
10108004	212	Sound	20	5160990	260	1			260		other	0
10108004	214	Response	255	5219663	33010	1
10108004	216	Sound	10	5293703	260	1			260		other	0
10108004	217	Sound	10	5311543	260	1			260		other	0
10108004	218	Sound	10	5337219	260	1			260		other	0
10108004	219	Sound	11	5357893	260	1			260		other	0
10108004	220	Sound	11	5376232	260	1			260		other	0
10108004	221	Sound	11	5403909	260	1			260		other	0
10108004	222	Sound	11	5432085	260	1			260		other	0
10108004	223	Sound	12	5451759	260	1			260		other	0
10108004	223	Response	1	5457101	5602	1
10108004	224	Sound	10	5469599	260	1			260		other	0
10108004	225	Sound	11	5497441	260	1			260		other	0
10108004	226	Sound	11	5517449	260	1			260		other	0
10108004	226	Response	1	5522621	5432	1
10108004	227	Sound	10	5540457	260	1			260		other	0
10108004	228	Sound	13	5562464	260	1			260		other	0
10108004	228	Response	1	5565660	3455	1
10108004	229	Sound	10	5577803	260	1			260		other	0
10108004	230	Sound	10	5597644	260	1			260		other	0
10108004	231	Sound	13	5616817	260	1			260		other	0
10108004	231	Response	1	5620540	3983	1
10108004	232	Sound	13	5644493	260	1			260		other	0
10108004	232	Response	1	5647419	3186	1
10108004	233	Sound	11	5663833	260	1			260		other	0
10108004	234	Sound	10	5679676	263	1			260		other	0
10108004	235	Sound	11	5702013	260	1			260		other	0
10108004	236	Sound	12	5720353	260	1			260		other	0
10108004	236	Response	1	5727338	7245	1
10108004	237	Sound	11	5743528	260	1			260		other	0
10108004	238	Sound	13	5760375	268	1			260		other	0
10108004	238	Response	1	5763578	3471	1
10108004	239	Sound	10	5782208	260	1			260		other	0
10108004	240	Sound	10	5800715	260	1			260		other	0
10108004	241	Sound	10	5818888	260	1			260		other	0
10108004	242	Sound	13	5840896	260	1			260		other	0
10108004	242	Response	1	5843978	3342	1
10108004	243	Sound	10	5858902	260	1			260		other	0
10108004	244	Sound	11	5880909	260	1			260		other	0
10108004	245	Sound	13	5901584	260	1			260		other	0
10108004	245	Response	1	5905177	3854	1
10108004	246	Sound	12	5926092	260	1			260		other	0
10108004	246	Response	1	5933817	7985	1
10108004	247	Sound	10	5948933	260	1			260		other	0
10108004	248	Sound	10	5976110	260	1			260		other	0
10108004	249	Sound	12	5993449	260	1			260		other	0
10108004	250	Sound	13	6019625	260	1			260		other	0
10108004	250	Response	1	6023336	3971	1
10108004	251	Sound	11	6039632	260	1			260		other	0
10108004	252	Sound	12	6065641	260	1			260		other	0
10108004	253	Sound	12	6091150	260	1			260		other	0
10108004	254	Sound	12	6107673	277	1			260		other	0
10108004	255	Sound	12	6133331	260	1			260		other	0
10108004	255	Response	1	6139975	6903	1
10108004	256	Sound	13	6149337	260	1			260		other	0
10108004	256	Response	1	6154215	5138	1
10108004	257	Sound	11	6169843	260	1			260		other	0
10108004	258	Sound	12	6188184	260	1			260		other	0
10108004	259	Sound	12	6215860	260	1			260		other	0
10108004	259	Response	1	6219735	4134	1
10108004	260	Sound	13	6232866	260	1			260		other	0
10108004	260	Response	1	6235894	3288	1
10108004	261	Sound	12	6248538	260	1			260		other	0
10108004	262	Sound	12	6267545	260	1			260		other	0
10108004	262	Response	1	6271094	3809	1
10108004	263	Sound	12	6288052	260	1			260		other	0
10108004	264	Sound	10	6305392	260	1			260		other	0
10108004	265	Sound	10	6323231	260	1			260		other	0
10108004	266	Sound	13	6350074	260	1			260		other	0
10108004	266	Response	1	6353653	3839	1
10108004	267	Sound	12	6369081	260	1			260		other	0
10108004	268	Sound	13	6385253	260	1			260		other	0
10108004	268	Response	1	6388372	3379	2
10108004	269	Sound	13	6401259	260	1			260		other	0
10108004	269	Response	1	6403653	2653	1
10108004	270	Sound	11	6429271	262	1			260		other	0
10108004	271	Sound	11	6455278	260	1			260		other	0
10108004	272	Sound	10	6470616	260	1			260		other	0
10108004	273	Sound	11	6493124	260	1			260		other	0
10108004	273	Response	1	6499572	6707	1
10108004	274	Sound	13	6512298	260	1			260		other	0
10108004	274	Response	1	6516212	4174	1
10108004	275	Sound	11	6539141	260	1			260		other	0
10108004	275	Response	1	6543732	4851	1
10108004	276	Sound	13	6560148	260	1			260		other	0
10108004	276	Response	1	6562691	2803	1
10108004	277	Sound	13	6577654	260	1			260		other	0
10108004	277	Response	1	6580611	3217	1
10108004	278	Sound	12	6599828	260	1			260		other	0
10108004	278	Response	1	6605331	5762	1
10108004	279	Sound	11	6624671	260	1			260		other	0
10108004	280	Sound	12	6644844	260	1			260		other	0
10108004	281	Sound	13	6670369	276	1			260		other	0
10108004	281	Response	1	6674371	4277	1
10108004	282	Sound	13	6696369	266	1			260		other	0
10108004	282	Response	1	6699490	3387	1
10108004	283	Sound	12	6714869	260	1			260		other	0
10108004	285	Response	255	6760210	20845	1
10108004	287	Sound	33	6822740	260	1			260		other	0
10108004	287	Response	1	6827249	4769	1
10108004	288	Sound	31	6841747	260	1			260		other	0
10108004	289	Sound	31	6869768	271	1			260		other	0
10108004	290	Sound	33	6888930	260	1			260		other	0
10108004	290	Response	1	6892369	3698	1
10108004	291	Sound	32	6916440	260	1			260		other	0
10108004	292	Sound	32	6935113	260	1			260		other	0
10108004	293	Sound	31	6952286	260	1			260		other	0
10108004	294	Sound	30	6975794	260	1			260		other	0
10108004	295	Sound	31	6995968	260	1			260		other	0
10108004	296	Sound	32	7015641	260	1			260		other	0
10108004	297	Sound	33	7039483	260	1			260		other	0
10108004	297	Response	1	7043727	4504	1
10108004	298	Sound	32	7060824	260	1			260		other	0
10108004	299	Sound	32	7076829	260	1			260		other	0
10108004	300	Sound	32	7095169	260	1			260		other	0
10108004	301	Sound	30	7115843	260	1			260		other	0
10108004	302	Sound	32	7142185	260	1			260		other	0
10108004	302	Response	1	7147726	5801	1
10108004	303	Sound	30	7161692	260	1			260		other	0
10108004	304	Sound	32	7189869	260	1			260		other	0
10108004	304	Response	1	7194046	4437	1
10108004	305	Sound	33	7206375	260	1			260		other	0
10108004	305	Response	1	7209966	3851	1
10108004	306	Sound	30	7231217	260	1			260		other	0
10108004	307	Sound	30	7253225	260	1			260		other	0
10108004	308	Sound	31	7273065	260	1			260		other	0
10108004	309	Sound	33	7295906	260	1			260		other	0
10108004	309	Response	1	7299085	3439	1
10108004	310	Sound	33	7316913	260	1			260		other	0
10108004	310	Response	1	7320925	4271	1
10108004	311	Sound	33	7335087	260	1			260		other	0
10108004	311	Response	1	7337565	2738	1
10108004	312	Sound	31	7354927	260	1			260		other	0
10108004	313	Sound	30	7373934	260	1			260		other	0
10108004	314	Sound	33	7392273	260	1			260		other	0
10108004	314	Response	1	7395644	3631	1
10108004	315	Sound	30	7413948	260	1			260		other	0
10108004	316	Sound	30	7434788	260	1			260		other	0
10108004	317	Sound	31	7456296	260	1			260		other	0
10108004	318	Sound	30	7482638	260	1			260		other	0
10108004	319	Sound	31	7508814	260	1			260		other	0
10108004	320	Sound	33	7525320	260	1			260		other	0
10108004	320	Response	1	7529803	4743	1
10108004	321	Sound	33	7551996	260	1			260		other	0
10108004	321	Response	1	7554443	2706	1
10108004	322	Sound	33	7575171	260	1			260		other	0
10108004	322	Response	1	7578043	3132	1
10108004	323	Sound	30	7592343	260	1			260		other	0
10108004	324	Sound	32	7614185	260	1			260		other	0
10108004	325	Sound	30	7641863	261	1			260		other	0
10108004	326	Sound	32	7670037	260	1			260		other	0
10108004	326	Response	1	7677882	8104	1
10108004	327	Sound	30	7692045	260	1			260		other	0
10108004	328	Sound	31	7715062	269	1			260		other	0
10108004	329	Sound	31	7734894	260	1			260		other	0
10108004	330	Sound	33	7756234	260	1			260		other	0
10108004	330	Response	1	7759399	3425	3
10108004	331	Sound	32	7779762	280	1			260		other	0
10108004	332	Sound	31	7795582	260	1			260		other	0
10108004	333	Sound	32	7816756	260	1			260		other	0
10108004	334	Sound	32	7838763	260	1			260		other	0
10108004	335	Sound	31	7856103	260	1			260		other	0
10108004	336	Sound	30	7884461	275	1			260		other	0
10108004	337	Sound	30	7910122	260	1			260		other	0
10108004	338	Sound	33	7932963	260	1			260		other	0
10108004	338	Response	1	7936119	3416	1
10108004	339	Sound	31	7959139	260	1			260		other	0
10108004	340	Sound	30	7977979	260	1			260		other	0
10108004	341	Sound	33	8003488	260	1			260		other	0
10108004	341	Response	1	8006439	3211	1
10108004	342	Sound	33	8027496	260	1			260		other	0
10108004	342	Response	1	8030519	3282	1
10108004	343	Sound	30	8045002	260	1			260		other	0
10108004	344	Sound	33	8074013	260	1			260		other	0
10108004	344	Response	1	8076998	3246	1
10108004	345	Sound	32	8100522	260	1			260		other	0
10108004	346	Sound	30	8116361	260	1			260		other	0
10108004	347	Sound	31	8142870	260	1			260		other	0
10108004	348	Sound	31	8171380	260	1			260		other	0
10108004	349	Sound	32	8191887	260	1			260		other	0
10108004	350	Sound	31	8211727	260	1			260		other	0
10108004	351	Sound	32	8239237	260	1			260		other	0
10108004	351	Response	1	8251157	12179	1
10108004	352	Sound	31	8267414	260	1			260		other	0
10108004	353	Sound	33	8287421	260	1			260		other	0
10108004	353	Response	1	8290436	3275	1
10108004	354	Sound	32	8309595	260	1			260		other	0
10108004	356	Response	255	8374116	38024	1
10108004	358	Sound	32	8447477	260	1			260		other	0
10108004	358	Response	1	8455155	7938	1
10108004	359	Sound	31	8463316	260	1			260		other	0
10108004	360	Sound	33	8486157	260	1			260		other	0
10108004	360	Response	1	8488995	3097	1
10108004	361	Sound	32	8514000	260	1			260		other	0
10108004	361	Response	1	8518754	5014	1
10108004	362	Sound	31	8532507	260	1			260		other	0
10108004	363	Sound	30	8559016	260	1			260		other	0
10108004	364	Sound	32	8578023	260	1			260		other	0
10108004	365	Sound	31	8606200	260	1			260		other	0
10108004	366	Sound	31	8633375	260	1			260		other	0
10108004	366	Response	1	8639313	6198	1
10108004	367	Sound	31	8654716	260	1			260		other	0
10108004	368	Sound	33	8671889	260	1			260		other	0
10108004	368	Response	1	8674673	3044	1
10108004	369	Sound	33	8689895	260	1			260		other	0
10108004	369	Response	1	8692593	2957	1
10108004	370	Sound	30	8709402	260	1			260		other	0
10108004	371	Sound	31	8729076	260	1			260		other	0
10108004	372	Sound	32	8747582	260	1			260		other	0
10108004	372	Response	1	8751792	4470	1
10108004	373	Sound	30	8774925	260	1			260		other	0
10108004	374	Sound	32	8790931	260	1			260		other	0
10108004	375	Sound	32	8812272	260	1			260		other	0
10108004	375	Response	1	8818672	6660	1
10108004	376	Sound	30	8835113	260	1			260		other	0
10108004	377	Sound	33	8856120	260	1			260		other	0
10108004	377	Response	1	8859712	3851	1
10108004	378	Sound	33	8881463	260	1			260		other	0
10108004	378	Response	1	8884191	2988	1
10108004	379	Sound	30	8903804	260	1			260		other	0
10108004	380	Sound	32	8920810	260	1			260		other	0
10108004	380	Response	1	8936831	16281	1
10108004	381	Sound	33	8943483	260	1			260		other	0
10108004	381	Response	1	8947951	4727	1
10108004	382	Sound	33	8965826	260	1			260		other	0
10108004	382	Response	1	8970030	4464	1
10108004	383	Sound	33	8981998	260	1			260		other	0
10108004	383	Response	1	8986190	4452	1
10108004	384	Sound	33	9002672	260	1			260		other	0
10108004	384	Response	1	9005630	3218	1
10108004	385	Sound	31	9021845	260	1			260		other	0
10108004	386	Sound	30	9045854	260	1			260		other	0
10108004	387	Sound	32	9072196	260	1			260		other	0
10108004	387	Response	1	9080110	8173	1
10108004	388	Sound	31	9097872	260	1			260		other	0
10108004	389	Sound	33	9115211	260	1			260		other	0
10108004	389	Response	1	9118829	3878	1
10108004	390	Sound	33	9136053	260	1			260		other	0
10108004	390	Response	1	9139149	3357	1
10108004	391	Sound	32	9162728	260	1			260		other	0
10108004	392	Sound	31	9179567	260	1			260		other	0
10108004	393	Sound	33	9198407	260	1			260		other	0
10108004	393	Response	1	9201388	3241	1
10108004	394	Sound	31	9225252	262	1			260		other	0
10108004	395	Sound	31	9250426	260	1			260		other	0
10108004	395	Response	1	9257068	6902	1
10108004	396	Sound	33	9269432	260	1			260		other	0
10108004	396	Response	1	9274588	5415	1
10108004	397	Sound	31	9293441	260	1			260		other	0
10108004	398	Sound	30	9318951	262	1			260		other	0
10108004	399	Sound	30	9335289	260	1			260		other	0
10108004	400	Sound	30	9359297	260	1			260		other	0
10108004	401	Sound	31	9382472	260	1			260		other	0
10108004	402	Sound	32	9404651	264	1			260		other	0
10108004	403	Sound	33	9420485	260	1			260		other	0
10108004	403	Response	1	9424666	4441	1
10108004	404	Sound	31	9448162	260	1			260		other	0
10108004	405	Sound	30	9470669	260	1			260		other	0
10108004	406	Sound	33	9488843	260	1			260		other	0
10108004	406	Response	1	9492586	4003	1
10108004	407	Sound	32	9512517	260	1			260		other	0
10108004	407	Response	1	9520346	8088	1
10108004	408	Sound	30	9531357	260	1			260		other	0
10108004	409	Sound	32	9552198	260	1			260		other	0
10108004	410	Sound	30	9577707	260	1			260		other	0
10108004	411	Sound	31	9593879	260	1			260		other	0
10108004	412	Sound	30	9622556	260	1			260		other	0
10108004	413	Sound	32	9646731	260	1			260		other	0
10108004	414	Sound	30	9672740	260	1			260		other	0
10108004	415	Sound	30	9700584	260	1			260		other	0
10108004	416	Sound	32	9721924	260	1			260		other	0
10108004	416	Response	1	9726584	4919	1
10108004	417	Sound	30	9741598	260	1			260		other	0
10108004	418	Sound	33	9763272	260	1			260		other	0
10108004	418	Response	1	9766104	3091	1
10108004	419	Sound	32	9786280	260	1			260		other	0
10108004	419	Response	1	9790743	4723	1
10108004	420	Sound	30	9809955	260	1			260		other	0
10108004	421	Sound	32	9832296	260	1			260		other	0
10108004	421	Response	1	9838423	6386	1
10108004	422	Sound	32	9853470	260	1			260		other	0
10108004	423	Sound	31	9874978	260	1			260		other	0
10108004	424	Sound	31	9891317	260	1			260		other	0
10108004	425	Sound	33	9917660	260	1			260		other	0
10108004	425	Response	1	9922022	4622	1
10108004	427	Response	1	9945862	10541	1

The following output port codes were not sent because of a conflict on the port.
Port	Code	Time(ms)
1	253	7666.88
1	253	191889
1	253	353560
1	253	521966
1	253	676021
1	253	837412
1	253	993532
