Scenario - 
Logfile written - 02/07/2019 19:39:57

Subject	Trial	Event Type	Code	Time	TTime	Uncertainty	Duration	Uncertainty	ReqTime	ReqDur	Stim Type	Pair Index

10108022_1	1	Response	255	600071	599405	1
10108022_1	3	Sound	37	672474	855	1			260		other	0
10108022_1	4	Sound	33	700472	1012	1			260		other	0
10108022_1	5	Sound	34	723471	670	1			260		other	0
10108022_1	6	Sound	38	742470	997	1			260		other	0
10108022_1	7	Sound	36	771468	821	1			260		other	0
10108022_1	8	Sound	39	797966	810	1			260		other	0
10108022_1	8	Response	1	809818	12662	1
10108022_1	9	Sound	38	824465	634	1			260		other	0
10108022_1	10	Sound	38	846463	793	1			260		other	0
10108022_1	11	Sound	35	869962	618	1			260		other	0
10108022_1	11	Response	1	874054	4710	1
10108022_1	12	Sound	40	886961	612	1			260		other	0
10108022_1	12	Response	1	890613	4264	1
10108022_1	13	Sound	33	907960	771	1			260		other	0
10108022_1	14	Sound	37	935458	928	1			260		other	0
10108022_1	15	Sound	37	954957	588	1			260		other	0
10108022_1	16	Sound	40	973456	748	1			260		other	0
10108022_1	16	Response	1	976928	4220	1
10108022_1	17	Sound	30	992955	908	1			260		other	0
10108022_1	18	Sound	35	1016953	1066	1			260		other	0
10108022_1	18	Response	1	1026045	10158	1
10108022_1	19	Sound	35	1038952	724	1			260		other	0
10108022_1	20	Sound	35	1062450	1049	1			260		other	0
10108022_1	21	Sound	39	1085449	875	1			260		other	0
10108022_1	21	Response	1	1090041	5467	1
10108022_1	22	Sound	30	1113447	698	1			260		other	0
10108022_1	23	Sound	30	1136946	689	1			260		other	0
10108022_1	24	Sound	39	1162444	847	1			260		other	0
10108022_1	24	Response	1	1166276	4679	1
10108022_1	25	Sound	30	1181943	840	1			260		other	0
10108022_1	26	Sound	32	1201442	666	1			260		other	0
10108022_1	27	Sound	40	1224441	992	1			260		other	0
10108022_1	27	Response	1	1227472	4023	1
10108022_1	28	Sound	31	1241939	819	1			260		other	0
10108022_1	29	Sound	34	1261938	978	1			260		other	0
10108022_1	29	Response	1	1266110	5150	1
10108022_1	30	Sound	37	1278437	972	1			260		other	0
10108022_1	31	Sound	33	1299436	965	1			260		other	0
10108022_1	32	Sound	35	1325934	622	1			260		other	0
10108022_1	33	Sound	40	1351933	613	1			260		other	0
10108022_1	33	Response	1	1354585	3264	1
10108022_1	34	Sound	33	1380431	769	1			260		other	0
10108022_1	35	Sound	31	1409929	925	1			260		other	0
10108022_1	36	Sound	30	1431428	751	1			260		other	0
10108022_1	37	Sound	31	1458926	908	1			260		other	0
10108022_1	38	Sound	36	1475425	902	1			260		other	0
10108022_1	38	Response	1	1480417	5894	1
10108022_1	39	Sound	37	1499924	1060	1			260		other	0
10108022_1	39	Response	1	1505296	6432	1
10108022_1	40	Sound	36	1520423	886	1			260		other	0
10108022_1	41	Sound	34	1537922	713	1			260		other	0
10108022_1	42	Sound	38	1562420	1038	1			260		other	0
10108022_1	43	Sound	32	1586419	863	1			260		other	0
10108022_1	44	Sound	34	1602918	857	1			260		other	0
10108022_1	45	Sound	39	1626916	848	1			260		other	0
10108022_1	45	Response	1	1630488	4420	1
10108022_1	46	Sound	36	1643915	842	1			260		other	0
10108022_1	47	Sound	38	1662914	836	1			260		other	0
10108022_1	47	Response	1	1667605	5527	1
10108022_1	48	Sound	39	1685413	660	1			260		other	0
10108022_1	48	Response	1	1691684	6932	1
10108022_1	49	Sound	32	1707412	653	1			260		other	0
10108022_1	50	Sound	32	1734410	976	1			260		other	0
10108022_1	51	Sound	31	1759409	801	1			260		other	0
10108022_1	52	Sound	33	1782907	626	1			260		other	0
10108022_1	53	Sound	31	1807906	617	1			260		other	0
10108022_1	54	Sound	36	1834404	608	1			260		other	0
10108022_1	55	Sound	34	1859402	598	1			260		other	0
10108022_1	56	Sound	40	1879401	925	1			260		other	0
10108022_1	56	Response	1	1881672	3196	1
10108022_1	57	Sound	32	1906900	915	1			260		other	0
10108022_1	59	Response	255	2352443	426206	1
10108022_1	61	Sound	58	2417869	733	1			260		other	0
10108022_1	61	Response	1	2433238	16102	2
10108022_1	62	Sound	56	2443367	724	1			260		other	0
10108022_1	62	Response	1	2454037	11393	1
10108022_1	63	Sound	57	2471866	713	1			260		other	0
10108022_1	63	Response	1	2478275	7123	1
10108022_1	64	Sound	54	2497864	1037	1			260		other	0
10108022_1	64	Response	1	2512114	15287	1
10108022_1	65	Sound	51	2521863	862	1			260		other	0
10108022_1	66	Sound	56	2539862	689	1			260		other	0
10108022_1	66	Response	1	2543792	4619	1
10108022_1	67	Sound	52	2558360	683	1			260		other	0
10108022_1	68	Sound	55	2586859	1006	1			260		other	0
10108022_1	68	Response	1	2590749	4896	1
10108022_1	69	Sound	56	2604858	999	1			260		other	0
10108022_1	70	Sound	55	2626856	992	1			260		other	0
10108022_1	70	Response	1	2629866	4001	1
10108022_1	71	Sound	60	2646855	651	1			260		other	0
10108022_1	71	Response	1	2650825	4621	1
10108022_1	72	Sound	51	2671854	976	1			260		other	0
10108022_1	73	Sound	59	2690353	969	1			260		other	0
10108022_1	73	Response	1	2694262	4879	1
10108022_1	74	Sound	51	2719351	625	1			260		other	0
10108022_1	75	Sound	60	2738850	952	1			260		other	0
10108022_1	75	Response	1	2741939	4041	1
10108022_1	76	Sound	52	2766348	942	1			260		other	0
10108022_1	77	Sound	58	2788847	934	1			260		other	0
10108022_1	77	Response	1	2793216	5303	1
10108022_1	78	Sound	60	2810845	592	1			260		other	0
10108022_1	78	Response	1	2814015	3762	1
10108022_1	79	Sound	57	2839844	916	1			260		other	0
10108022_1	79	Response	1	2843933	5005	1
10108022_1	80	Sound	59	2866842	906	1			260		other	0
10108022_1	80	Response	1	2875371	9435	1
10108022_1	81	Sound	58	2893840	730	1			260		other	0
10108022_1	81	Response	1	2899450	6339	1
10108022_1	82	Sound	54	2920839	1053	1			260		other	0
10108022_1	82	Response	1	2924968	5183	1
10108022_1	83	Sound	55	2944337	711	1			260		other	0
10108022_1	83	Response	1	2947447	3821	1
10108022_1	84	Sound	53	2970336	702	1			260		other	0
10108022_1	84	Response	1	2974805	5172	1
10108022_1	85	Sound	57	2990835	1028	1			260		other	0
10108022_1	85	Response	1	2995284	5478	1
10108022_1	86	Sound	52	3016833	686	1			260		other	0
10108022_1	87	Sound	54	3037832	845	1			260		other	0
10108022_1	87	Response	1	3043361	6374	1
10108022_1	88	Sound	55	3066330	668	1			260		other	0
10108022_1	88	Response	1	3071359	5697	1
10108022_1	89	Sound	58	3085829	994	1			260		other	0
10108022_1	89	Response	1	3090078	5244	2
10108022_1	90	Sound	52	3104328	988	1			260		other	0
10108022_1	91	Sound	50	3121826	815	1			260		other	0
10108022_1	92	Sound	57	3142325	641	1			260		other	0
10108022_1	92	Response	1	3147114	5430	1
10108022_1	93	Sound	56	3162824	967	1			260		other	0
10108022_1	93	Response	1	3167193	5336	1
10108022_1	94	Sound	58	3184823	793	1			260		other	0
10108022_1	94	Response	1	3187752	3722	1
10108022_1	95	Sound	57	3201822	953	1			260		other	0
10108022_1	95	Response	1	3204791	3922	1
10108022_1	96	Sound	54	3229320	777	1			260		other	0
10108022_1	97	Sound	55	3252319	602	1			260		other	0
10108022_1	97	Response	1	3256308	4591	1
10108022_1	98	Sound	53	3279817	592	1			260		other	0
10108022_1	98	Response	1	3286466	7240	1
10108022_1	99	Sound	53	3305816	583	1			260		other	0
10108022_1	100	Sound	59	3325814	742	1			260		other	0
10108022_1	100	Response	1	3331503	6431	1
10108022_1	101	Sound	50	3351313	733	1			260		other	0
10108022_1	102	Sound	59	3377311	1057	1			260		other	0
10108022_1	102	Response	1	3382140	5886	1
10108022_1	103	Sound	54	3394310	1051	1			260		other	0
10108022_1	104	Sound	50	3417809	1043	1			260		other	0
10108022_1	105	Sound	59	3440807	1035	1			260		other	0
10108022_1	105	Response	1	3444456	4683	1
10108022_1	106	Sound	56	3460306	1028	1			260		other	0
10108022_1	106	Response	1	3466455	7176	1
10108022_1	107	Sound	51	3489305	684	1			260		other	0
10108022_1	108	Sound	60	3517303	674	1			260		other	0
10108022_1	108	Response	1	3519971	3342	1
10108022_1	109	Sound	53	3542301	832	1			260		other	0
10108022_1	110	Sound	53	3560300	992	1			260		other	0
10108022_1	111	Sound	52	3586799	982	1			260		other	0
10108022_1	112	Sound	50	3611797	807	1			260		other	0
10108022_1	113	Sound	60	3640795	796	1			260		other	0
10108022_1	113	Response	1	3644524	4525	1
10108022_1	114	Sound	51	3668294	620	1			260		other	0
10108022_1	115	Sound	50	3685793	947	1			260		other	0
10108022_1	117	Response	255	3763157	56058	1
10108022_1	119	Sound	59	3838783	1059	1			260		other	0
10108022_1	119	Response	1	3851391	13667	1
10108022_1	120	Sound	54	3855283	720	1			260		other	0
10108022_1	120	Response	1	3860350	5788	1
10108022_1	121	Sound	52	3880781	878	1			260		other	0
10108022_1	122	Sound	54	3906779	868	1			260		other	0
10108022_1	122	Response	1	3911467	5556	1
10108022_1	123	Sound	58	3935278	1026	1			260		other	0
10108022_1	123	Response	1	3938746	4494	1
10108022_1	124	Sound	54	3957276	1017	1			260		other	0
10108022_1	125	Sound	56	3981775	842	1			260		other	0
10108022_1	125	Response	1	3982663	1730	1
10108022_1	126	Sound	50	4002774	667	1			260		other	0
10108022_1	127	Sound	51	4022272	994	1			260		other	0
10108022_1	128	Sound	55	4046271	985	1			260		other	0
10108022_1	129	Sound	60	4064270	979	1			260		other	0
10108022_1	129	Response	1	4068098	4807	1
10108022_1	130	Sound	52	4088768	803	1			260		other	0
10108022_1	131	Sound	54	4108267	630	1			260		other	0
10108022_1	132	Sound	51	4133766	787	1			260		other	0
10108022_1	133	Sound	59	4153765	947	1			260		other	0
10108022_1	133	Response	1	4157612	4795	1
10108022_1	134	Sound	52	4175763	939	1			260		other	0
10108022_1	135	Sound	57	4195762	598	1			260		other	0
10108022_1	135	Response	1	4200010	4846	1
10108022_1	136	Sound	51	4212761	759	1			260		other	0
10108022_1	137	Sound	57	4233260	919	1			260		other	0
10108022_1	137	Response	1	4238647	6306	1
10108022_1	138	Sound	59	4251759	912	1			260		other	0
10108022_1	138	Response	1	4258326	7479	1
10108022_1	139	Sound	58	4269258	572	1			260		other	0
10108022_1	139	Response	1	4273365	4680	1
10108022_1	140	Sound	56	4299256	1062	1			260		other	0
10108022_1	141	Sound	59	4318255	1055	1			260		other	0
10108022_1	141	Response	1	4321922	4722	1
10108022_1	142	Sound	50	4341753	713	1			260		other	0
10108022_1	143	Sound	52	4363752	872	1			260		other	0
10108022_1	144	Sound	56	4391750	1029	1			260		other	0
10108022_1	144	Response	1	4395518	4796	1
10108022_1	145	Sound	57	4410249	689	1			260		other	0
10108022_1	145	Response	1	4416716	7156	1
10108022_1	146	Sound	53	4429748	849	1			260		other	0
10108022_1	147	Sound	58	4448747	1008	1			260		other	0
10108022_1	147	Response	1	4452554	4815	1
10108022_1	148	Sound	55	4475245	832	1			260		other	0
10108022_1	149	Sound	50	4499744	990	1			260		other	0
10108022_1	150	Sound	58	4516743	651	1			260		other	0
10108022_1	150	Response	1	4520870	4778	1
10108022_1	151	Sound	53	4534242	644	1			260		other	0
10108022_1	152	Sound	56	4563740	967	1			260		other	0
10108022_1	152	Response	1	4570066	7294	1
10108022_1	153	Sound	57	4591238	624	1			260		other	0
10108022_1	153	Response	1	4597825	7211	1
10108022_1	154	Sound	55	4618737	781	1			260		other	0
10108022_1	154	Response	1	4624223	6268	1
10108022_1	155	Sound	51	4641235	940	1			260		other	0
10108022_1	155	Response	1	4660941	20646	2
10108022_1	156	Sound	60	4670233	763	1			260		other	0
10108022_1	156	Response	1	4675580	6109	1
10108022_1	157	Sound	50	4692732	755	1			260		other	0
10108022_1	158	Sound	60	4712731	581	1			260		other	0
10108022_1	158	Response	1	4715498	3348	1
10108022_1	159	Sound	53	4741729	904	1			260		other	0
10108022_1	160	Sound	60	4759728	1064	1			260		other	0
10108022_1	160	Response	1	4762055	3391	1
10108022_1	161	Sound	59	4781227	890	1			260		other	0
10108022_1	162	Sound	54	4809725	1046	1			260		other	0
10108022_1	162	Response	1	4816212	7533	1
10108022_1	163	Sound	55	4833724	704	1			260		other	0
10108022_1	163	Response	1	4838050	5031	1
10108022_1	164	Sound	53	4861222	1028	1			260		other	0
10108022_1	165	Sound	53	4885221	686	1			260		other	0
10108022_1	166	Sound	57	4901720	847	1			260		other	0
10108022_1	166	Response	1	4905966	5093	1
10108022_1	167	Sound	50	4919219	840	1			260		other	0
10108022_1	168	Sound	55	4938217	834	1			260		other	0
10108022_1	169	Sound	52	4959716	659	1			260		other	0
10108022_1	170	Sound	58	4985215	650	1			260		other	0
10108022_1	170	Response	1	4989641	5077	1
10108022_1	171	Sound	60	5009713	975	1			260		other	0
10108022_1	171	Response	1	5013239	4501	1
10108022_1	172	Sound	56	5028712	801	1			260		other	0
10108022_1	172	Response	1	5036438	8527	1
10108022_1	173	Sound	51	5057210	791	1			260		other	0
10108022_1	175	Response	255	7018556	1945719	1
10108022_1	177	Sound	15	7092588	1065	1			260		other	0
10108022_1	178	Sound	15	7118087	1056	1			260		other	0
10108022_1	178	Response	1	7121830	4799	1
10108022_1	179	Sound	14	7137085	1050	1			260		other	0
10108022_1	179	Response	1	7143268	7232	1
10108022_1	180	Sound	16	7162584	874	1			260		other	0
10108022_1	180	Response	1	7165747	4037	1
10108022_1	181	Sound	18	7182582	866	1			260		other	0
10108022_1	181	Response	1	7186065	4349	1
10108022_1	182	Sound	18	7204581	692	1			260		other	0
10108022_1	182	Response	1	7207504	3615	1
10108022_1	183	Sound	19	7228580	1017	1			260		other	0
10108022_1	183	Response	1	7231103	3540	1
10108022_1	184	Sound	17	7244579	844	1			260		other	0
10108022_1	184	Response	1	7247902	4167	1
10108022_1	185	Sound	17	7268077	669	1			260		other	0
10108022_1	185	Response	1	7271020	3612	1
10108022_1	185	Response	1	7291179	23771	1
10108022_1	186	Sound	11	7293576	827	1			260		other	0
10108022_1	187	Sound	16	7318074	818	1			260		other	0
10108022_1	187	Response	1	7321497	4241	1
10108022_1	188	Sound	20	7346573	641	1			260		other	0
10108022_1	188	Response	1	7349016	3084	1
10108022_1	189	Sound	14	7368571	800	1			260		other	0
10108022_1	190	Sound	11	7391570	792	1			260		other	0
10108022_1	191	Sound	15	7412069	951	1			260		other	0
10108022_1	191	Response	1	7415651	4534	1
10108022_1	192	Sound	10	7432068	777	1			260		other	0
10108022_1	193	Sound	12	7458066	769	1			260		other	0
10108022_1	194	Sound	17	7477065	761	1			260		other	0
10108022_1	194	Response	1	7480287	3984	1
10108022_1	195	Sound	16	7502063	752	1			260		other	0
10108022_1	195	Response	1	7505646	4335	1
10108022_1	196	Sound	11	7530062	743	1			260		other	0
10108022_1	196	Response	1	7530364	1045	1
10108022_1	197	Sound	15	7548061	736	1			260		other	0
10108022_1	197	Response	1	7552203	4879	1
10108022_1	198	Sound	12	7572559	727	1			260		other	0
10108022_1	199	Sound	13	7595058	719	1			260		other	0
10108022_1	200	Sound	15	7617056	878	1			260		other	0
10108022_1	201	Sound	19	7635555	872	1			260		other	0
10108022_1	201	Response	1	7639318	4634	1
10108022_1	202	Sound	13	7655554	1031	1			260		other	0
10108022_1	203	Sound	13	7683053	855	1			260		other	0
10108022_1	203	Response	1	7687395	5197	1
10108022_1	204	Sound	14	7701551	681	1			260		other	0
10108022_1	205	Sound	14	7722050	1008	1			260		other	0
10108022_1	205	Response	1	7726752	5710	1
10108022_1	206	Sound	20	7743049	1000	1			260		other	0
10108022_1	206	Response	1	7746351	4302	1
10108022_1	207	Sound	10	7768547	824	1			260		other	0
10108022_1	208	Sound	20	7790046	650	1			260		other	0
10108022_1	208	Response	1	7793548	4152	1
10108022_1	209	Sound	19	7812545	808	1			260		other	0
10108022_1	210	Sound	10	7830544	969	1			260		other	0
10108022_1	211	Sound	12	7857542	626	1			260		other	0
10108022_1	212	Sound	19	7879041	951	1			260		other	0
10108022_1	212	Response	1	7882662	4573	1
10108022_1	213	Sound	12	7901039	944	1			260		other	0
10108022_1	214	Sound	18	7929538	934	1			260		other	0
10108022_1	214	Response	1	7933780	5175	1
10108022_1	215	Sound	11	7948037	593	1			260		other	0
10108022_1	216	Sound	17	7967035	587	1			260		other	0
10108022_1	216	Response	1	7972897	6448	1
10108022_1	217	Sound	13	7985534	580	1			260		other	0
10108022_1	217	Response	1	7993696	8742	1
10108022_1	218	Sound	18	8003533	574	1			260		other	0
10108022_1	218	Response	1	8015294	12335	1
10108022_1	219	Sound	17	8024032	1067	1			260		other	0
10108022_1	219	Response	1	8027934	4968	1
10108022_1	220	Sound	16	8052530	890	1			260		other	0
10108022_1	220	Response	1	8056572	4931	1
10108022_1	221	Sound	12	8069029	1050	1			260		other	0
10108022_1	221	Response	1	8076011	8032	1
10108022_1	222	Sound	20	8095028	708	1			260		other	0
10108022_1	222	Response	1	8097449	3129	1
10108022_1	223	Sound	18	8123526	1031	1			260		other	0
10108022_1	223	Response	1	8128247	5752	1
10108022_1	224	Sound	10	8144525	857	1			260		other	0
10108022_1	225	Sound	20	8172523	680	1			260		other	0
10108022_1	225	Response	1	8175845	4002	1
10108022_1	226	Sound	11	8190522	1007	1			260		other	0
10108022_1	227	Sound	14	8206521	1001	1			260		other	0
10108022_1	228	Sound	10	8225520	661	1			260		other	0
10108022_1	229	Sound	16	8244519	654	1			260		other	0
10108022_1	229	Response	1	8249440	5576	1
10108022_1	230	Sound	13	8269517	812	1			260		other	0
10108022_1	230	Response	1	8273039	4334	1
10108022_1	231	Sound	19	8293516	970	1			260		other	0
10108022_1	231	Response	1	8296157	3612	1
10108022_1	233	Response	255	8339035	21235	1
10108022_1	235	Sound	53	8418008	759	1			260		other	0
10108022_1	236	Sound	50	8441007	751	1			260		other	0
10108022_1	237	Sound	52	8469005	741	1			260		other	0
10108022_1	238	Sound	51	8494504	901	1			260		other	0
10108022_1	239	Sound	55	8514003	725	1			260		other	0
10108022_1	240	Sound	56	8531002	887	1			260		other	0
10108022_1	241	Sound	51	8556500	1043	1			260		other	0
10108022_1	242	Sound	50	8584998	700	1			260		other	0
10108022_1	243	Sound	50	8607997	1025	1			260		other	0
10108022_1	244	Sound	51	8625496	852	1			260		other	0
10108022_1	245	Sound	51	8651994	676	1			260		other	0
10108022_1	246	Sound	56	8670993	1002	1			260		other	0
10108022_1	246	Response	1	8683252	13261	3
10108022_1	247	Sound	57	8693492	994	1			260		other	0
10108022_1	248	Sound	54	8715990	653	1			260		other	0
10108022_1	248	Response	1	8723651	8313	1
10108022_1	249	Sound	50	8739989	978	1			260		other	0
10108022_1	250	Sound	54	8760488	804	1			260		other	0
10108022_1	251	Sound	60	8789486	627	1			260		other	0
10108022_1	251	Response	1	8793566	4707	1
10108022_1	252	Sound	53	8814485	951	1			260		other	0
10108022_1	253	Sound	52	8830983	945	1			260		other	0
10108022_1	254	Sound	60	8851982	771	1			260		other	0
10108022_1	254	Response	1	8855403	4192	1
10108022_1	255	Sound	60	8868481	932	1			260		other	0
10108022_1	255	Response	1	8872201	4652	1
10108022_1	256	Sound	60	8889480	758	1			260		other	0
10108022_1	256	Response	1	8891880	3158	1
10108022_1	257	Sound	53	8910479	917	1			260		other	0
10108022_1	258	Sound	59	8936477	908	1			260		other	0
10108022_1	258	Response	1	8943999	8429	516
10108022_1	259	Sound	58	8965475	897	1			260		other	0
10108022_1	259	Response	1	8969396	4818	1
10108022_1	260	Sound	59	8991474	1055	1			260		other	0
10108022_1	260	Response	1	8994114	3695	1
10108022_1	261	Sound	58	9012973	713	1			260		other	0
10108022_1	261	Response	1	9017713	5454	1
10108022_1	262	Sound	57	9034971	873	1			260		other	0
10108022_1	262	Response	1	9037791	3693	1
10108022_1	263	Sound	54	9055970	865	1			260		other	0
10108022_1	263	Response	1	9058350	3245	1
10108022_1	264	Sound	57	9075469	691	1			260		other	0
10108022_1	264	Response	1	9078429	3651	1
10108022_1	265	Sound	52	9095968	684	1			260		other	0
10108022_1	265	Response	1	9101388	6104	1
10108022_1	266	Sound	52	9116966	1010	1			260		other	0
10108022_1	267	Sound	58	9138965	1003	1			260		other	0
10108022_1	267	Response	1	9143785	5823	1
10108022_1	268	Sound	59	9167463	992	1			260		other	0
10108022_1	268	Response	1	9174103	7632	1
10108022_1	269	Sound	58	9189962	817	1			260		other	0
10108022_1	270	Sound	52	9219460	973	1			260		other	0
10108022_1	271	Sound	60	9238959	800	1			260		other	0
10108022_1	271	Response	1	9242499	4339	1
10108022_1	272	Sound	55	9265457	790	1			260		other	0
10108022_1	273	Sound	51	9282456	784	1			260		other	0
10108022_1	273	Response	1	9299295	17623	1
10108022_1	274	Sound	53	9301955	610	1			260		other	0
10108022_1	275	Sound	57	9329454	601	1			260		other	0
10108022_1	275	Response	1	9333373	4520	1
10108022_1	276	Sound	56	9351952	759	1			260		other	0
10108022_1	277	Sound	56	9368951	753	1			260		other	0
10108022_1	277	Response	1	9372651	4453	1
10108022_1	278	Sound	54	9397449	743	1			260		other	0
10108022_1	278	Response	1	9403449	6742	1
10108022_1	279	Sound	56	9418448	735	1			260		other	0
10108022_1	279	Response	1	9423528	5815	1
10108022_1	280	Sound	50	9436947	729	1			260		other	0
10108022_1	281	Sound	55	9453446	723	1			260		other	0
10108022_1	281	Response	1	9458086	5363	1
10108022_1	282	Sound	53	9473445	883	1			260		other	0
10108022_1	283	Sound	55	9497943	874	1			260		other	0
10108022_1	283	Response	1	9505683	8613	1
10108022_1	284	Sound	59	9523942	698	1			260		other	0
10108022_1	284	Response	1	9529761	6517	1
10108022_1	285	Sound	55	9544941	1024	1			260		other	0
10108022_1	286	Sound	58	9572939	847	1			260		other	0
10108022_1	286	Response	1	9576878	4787	1
10108022_1	287	Sound	54	9596438	1005	1			260		other	0
10108022_1	288	Sound	59	9615936	832	1			260		other	0
10108022_1	288	Response	1	9619756	4651	1
10108022_1	289	Sound	57	9636435	658	1			260		other	0
10108022_1	289	Response	1	9643514	7737	1
10108022_1	291	Response	255	10518820	854121	1
10108022_1	293	Sound	34	10593878	983	1			260		other	0
10108022_1	294	Sound	30	10618876	641	1			260		other	0
10108022_1	295	Sound	39	10645375	631	1			260		other	0
10108022_1	296	Sound	37	10670373	956	1			260		other	0
10108022_1	297	Sound	38	10694872	780	1			260		other	0
10108022_1	298	Sound	36	10724370	936	1			260		other	0
10108022_1	299	Sound	31	10741869	597	1			260		other	0
10108022_1	300	Sound	37	10760368	924	1			260		other	0
10108022_1	301	Sound	34	10785366	748	1			260		other	0
10108022_1	302	Sound	35	10802865	742	1			260		other	0
10108022_1	303	Sound	40	10831863	898	1			260		other	0
10108022_1	303	Response	1	10835361	4396	1
10108022_1	304	Sound	38	10849362	725	1			260		other	0
10108022_1	305	Sound	32	10875361	717	1			260		other	0
10108022_1	306	Sound	33	10892860	876	1			260		other	0
10108022_1	307	Sound	32	10914858	1035	1			260		other	0
10108022_1	308	Sound	32	10931357	696	1			260		other	0
10108022_1	309	Sound	35	10957356	687	1			260		other	0
10108022_1	310	Sound	39	10984854	1010	1			260		other	0
10108022_1	311	Sound	33	11002853	838	1			260		other	0
10108022_1	312	Sound	36	11025352	829	1			260		other	0
10108022_1	313	Sound	34	11052350	986	1			260		other	0
10108022_1	314	Sound	30	11080848	976	1			260		other	0
10108022_1	315	Sound	39	11097847	803	1			260		other	0
10108022_1	316	Sound	33	11119346	963	1			260		other	0
10108022_1	317	Sound	36	11143845	953	1			260		other	0
10108022_1	317	Response	1	11151901	9010	1
10108022_1	318	Sound	32	11170843	777	1			260		other	0
10108022_1	319	Sound	37	11191842	770	1			260		other	0
10108022_1	320	Sound	30	11210340	596	1			260		other	0
10108022_1	321	Sound	38	11236839	587	1			260		other	0
10108022_1	322	Sound	35	11264337	744	1			260		other	0
10108022_1	323	Sound	39	11285836	903	1			260		other	0
10108022_1	323	Response	1	11295412	10479	1
10108022_1	324	Sound	31	11305335	1063	1			260		other	0
10108022_1	325	Sound	37	11333833	719	1			260		other	0
10108022_1	326	Sound	32	11358832	1044	1			260		other	0
10108022_1	327	Sound	31	11379330	870	1			260		other	0
10108022_1	328	Sound	38	11406329	1026	1			260		other	0
10108022_1	328	Response	1	11412685	7383	1
10108022_1	329	Sound	40	11424828	687	1			260		other	0
10108022_1	329	Response	1	11429964	5823	1
10108022_1	330	Sound	31	11445826	846	1			260		other	0
10108022_1	331	Sound	40	11462325	1007	1			260		other	0
10108022_1	331	Response	1	11465562	4244	1
10108022_1	332	Sound	36	11484824	998	1			260		other	0
10108022_1	333	Sound	36	11505323	991	1			260		other	0
10108022_1	334	Sound	40	11531821	981	1			260		other	0
10108022_1	334	Response	1	11535238	4398	1
10108022_1	335	Sound	30	11555320	806	1			260		other	0
10108022_1	336	Sound	37	11573319	967	1			260		other	0
10108022_1	337	Sound	39	11594317	959	1			260		other	0
10108022_1	337	Response	1	11598594	5236	1
10108022_1	338	Sound	40	11612317	953	1			260		other	0
10108022_1	338	Response	1	11615393	4029	1
10108022_1	339	Sound	34	11631315	779	1			260		other	0
10108022_1	340	Sound	38	11654314	938	1			260		other	0
10108022_1	340	Response	1	11659550	6174	1
10108022_1	341	Sound	33	11672313	765	1			260		other	0
10108022_1	342	Sound	34	11697811	923	1			260		other	0
10108022_1	342	Response	1	11703466	6578	2
10108022_1	343	Sound	35	11716810	582	1			260		other	0
10108022_1	344	Sound	31	11738809	908	1			260		other	0
10108022_1	345	Sound	30	11764807	732	1			260		other	0
10108022_1	346	Sound	35	11792806	722	1			260		other	0
10108022_1	347	Sound	33	11819804	1046	1			260		other	0
10108022_1	349	Response	255	12427983	589138	1
10108022_1	351	Sound	13	12497763	970	1			260		other	0
10108022_1	352	Sound	18	12523762	794	1			260		other	0
10108022_1	353	Sound	20	12542260	954	1			260		other	0
10108022_1	353	Response	1	12545735	4429	1
10108022_1	354	Sound	15	12562259	947	1			260		other	0
10108022_1	355	Sound	12	12590258	937	1			260		other	0
10108022_1	356	Sound	13	12618256	927	1			260		other	0
10108022_1	356	Response	1	12624371	7042	1
10108022_1	357	Sound	14	12645254	918	1			260		other	0
10108022_1	358	Sound	14	12670753	909	1			260		other	0
10108022_1	359	Sound	16	12693252	901	1			260		other	0
10108022_1	359	Response	1	12696926	4576	1
10108022_1	360	Sound	19	12716250	892	1			260		other	0
10108022_1	360	Response	1	12718925	3567	1
10108022_1	361	Sound	15	12733749	719	1			260		other	0
10108022_1	362	Sound	20	12760247	1043	1			260		other	0
10108022_1	362	Response	1	12762442	3238	1
10108022_1	363	Sound	10	12787746	867	1			260		other	0
10108022_1	364	Sound	17	12813744	858	1			260		other	0
10108022_1	364	Response	1	12817878	4992	1
10108022_1	365	Sound	16	12830743	851	1			260		other	0
10108022_1	365	Response	1	12844117	14225	1
10108022_1	366	Sound	20	12853742	843	1			260		other	0
10108022_1	366	Response	1	12855956	3058	1
10108022_1	367	Sound	18	12882240	1000	1			260		other	0
10108022_1	367	Response	1	12884995	3754	1
10108022_1	368	Sound	13	12910738	823	1			260		other	0
10108022_1	369	Sound	17	12934237	981	1			260		other	0
10108022_1	369	Response	1	12939151	5895	1
10108022_1	370	Sound	12	12956236	640	1			260		other	0
10108022_1	371	Sound	14	12984234	797	1			260		other	0
10108022_1	371	Response	1	12988508	5071	1
10108022_1	372	Sound	20	13004233	790	1			260		other	0
10108022_1	372	Response	1	13007547	4104	1
10108022_1	373	Sound	10	13024232	616	1			260		other	0
10108022_1	374	Sound	18	13043230	609	1			260		other	0
10108022_1	374	Response	1	13047304	4683	1
10108022_1	375	Sound	13	13064229	601	1			260		other	0
10108022_1	376	Sound	18	13090228	759	1			260		other	0
10108022_1	377	Sound	17	13116226	583	1			260		other	0
10108022_1	377	Response	1	13122820	7177	2
10108022_1	378	Sound	11	13137225	742	1			260		other	0
10108022_1	379	Sound	12	13156224	902	1			260		other	0
10108022_1	379	Response	1	13163058	7736	1
10108022_1	380	Sound	11	13182222	1059	1			260		other	0
10108022_1	381	Sound	16	13201721	719	1			260		other	0
10108022_1	381	Response	1	13206335	5333	1
10108022_1	382	Sound	13	13228219	710	1			260		other	0
10108022_1	382	Response	1	13232493	4983	1
10108022_1	383	Sound	15	13248218	1036	1			260		other	0
10108022_1	383	Response	1	13251772	4590	1
10108022_1	384	Sound	10	13270717	694	1			260		other	0
10108022_1	385	Sound	14	13294715	686	1			260		other	0
10108022_1	386	Sound	14	13320214	677	1			260		other	0
10108022_1	386	Response	1	13325127	5591	1
10108022_1	387	Sound	15	13345212	835	1			260		other	0
10108022_1	387	Response	1	13348246	3868	1
10108022_1	388	Sound	16	13372711	658	1			260		other	0
10108022_1	388	Response	1	13375844	3792	1
10108022_1	389	Sound	11	13391210	652	1			260		other	0
10108022_1	390	Sound	15	13414208	977	1			260		other	0
10108022_1	391	Sound	17	13433207	970	1			260		other	0
10108022_1	391	Response	1	13437841	5603	1
10108022_1	392	Sound	10	13457706	795	1			260		other	0
10108022_1	393	Sound	12	13479704	787	1			260		other	0
10108022_1	394	Sound	10	13504703	945	1			260		other	0
10108022_1	395	Sound	19	13531701	601	1			260		other	0
10108022_1	395	Response	1	13536794	5694	2
10108022_1	396	Sound	17	13551700	928	1			260		other	0
10108022_1	396	Response	1	13556873	6101	1
10108022_1	397	Sound	19	13574198	920	1			260		other	0
10108022_1	397	Response	1	13578552	5273	1
10108022_1	398	Sound	18	13595197	912	1			260		other	0
10108022_1	398	Response	1	13599030	4745	1
10108022_1	399	Sound	11	13616696	905	1			260		other	0
10108022_1	400	Sound	19	13643694	728	1			260		other	0
10108022_1	400	Response	1	13647347	4381	1
10108022_1	401	Sound	19	13662693	721	1			260		other	0
10108022_1	401	Response	1	13666546	4575	1
10108022_1	402	Sound	12	13679192	716	1			260		other	0
10108022_1	403	Sound	16	13704691	873	1			260		other	0
10108022_1	403	Response	1	13711743	7926	2
10108022_1	404	Sound	20	13731689	1030	1			260		other	0
10108022_1	404	Response	1	13734302	3643	1
10108022_1	405	Sound	11	13749188	1024	1			260		other	0
10108022_1	407	Response	255	13832376	66460	1
10108022_1	409	Sound	31	13902679	636	1			260		other	0
10108022_1	410	Sound	40	13924677	628	1			260		other	0
10108022_1	410	Response	1	13929090	5041	1
10108022_1	411	Sound	40	13943676	621	1			260		other	0
10108022_1	411	Response	1	13946849	3794	1
10108022_1	412	Sound	30	13965175	947	1			260		other	0
10108022_1	413	Sound	30	13992173	604	1			260		other	0
10108022_1	414	Sound	37	14017672	928	1			260		other	0
10108022_1	415	Sound	39	14045170	918	1			260		other	0
10108022_1	416	Sound	36	14068669	743	1			260		other	0
10108022_1	417	Sound	40	14087668	736	1			260		other	0
10108022_1	417	Response	1	14091160	4229	1
10108022_1	418	Sound	33	14109666	895	1			260		other	0
10108022_1	419	Sound	36	14136165	886	1			260		other	0
10108022_1	420	Sound	39	14159163	1044	1			260		other	0
10108022_1	421	Sound	33	14187162	701	1			260		other	0
10108022_1	422	Sound	32	14212160	859	1			260		other	0
10108022_1	423	Sound	31	14237159	683	1			260		other	0
10108022_1	424	Sound	30	14256658	843	1			260		other	0
10108022_1	425	Sound	35	14277656	1002	1			260		other	0
10108022_1	426	Sound	38	14301655	660	1			260		other	0
10108022_1	427	Sound	31	14324653	985	1			260		other	0
10108022_1	428	Sound	37	14353152	975	1			260		other	0
10108022_1	429	Sound	36	14381150	798	1			260		other	0
10108022_1	430	Sound	32	14410148	621	1			260		other	0
10108022_1	431	Sound	38	14426647	782	1			260		other	0
10108022_1	432	Sound	30	14448646	941	1			260		other	0
10108022_1	433	Sound	39	14466145	768	1			260		other	0
10108022_1	434	Sound	33	14487644	760	1			260		other	0
10108022_1	435	Sound	32	14512642	585	1			260		other	0
10108022_1	436	Sound	34	14541141	908	1			260		other	0
10108022_1	437	Sound	32	14566139	566	1			260		other	0
10108022_1	438	Sound	37	14595137	722	1			260		other	0
10108022_1	439	Sound	34	14616136	1048	1			260		other	0
10108022_1	440	Sound	33	14639635	1040	1			260		other	0
10108022_1	441	Sound	32	14660633	699	1			260		other	0
10108022_1	442	Sound	33	14677132	693	1			260		other	0
10108022_1	443	Sound	36	14694131	853	1			260		other	0
10108022_1	444	Sound	35	14721130	844	1			260		other	0
10108022_1	445	Sound	38	14739128	837	1			260		other	0
10108022_1	446	Sound	31	14761627	663	1			260		other	0
10108022_1	447	Sound	38	14779126	656	1			260		other	0
10108022_1	448	Sound	35	14796125	984	1			260		other	0
10108022_1	449	Sound	37	14820124	642	1			260		other	0
10108022_1	450	Sound	35	14839123	635	1			260		other	0
10108022_1	451	Sound	31	14859121	794	1			260		other	0
10108022_1	452	Sound	40	14880120	954	1			260		other	0
10108022_1	452	Response	1	14883911	4745	1
10108022_1	453	Sound	39	14901119	946	1			260		other	0
10108022_1	453	Response	1	14907510	7337	1
10108022_1	454	Sound	34	14918118	774	1			260		other	0
10108022_1	455	Sound	39	14942616	598	1			260		other	0
10108022_1	456	Sound	34	14959115	759	1			260		other	0
10108022_1	457	Sound	34	14977114	586	1			260		other	0
10108022_1	458	Sound	40	15003613	910	1			260		other	0
10108022_1	458	Response	1	15007584	4881	1
10108022_1	459	Sound	36	15023111	736	1			260		other	0
10108022_1	460	Sound	37	15043610	895	1			260		other	0
10108022_1	461	Sound	38	15070109	719	1			260		other	0
10108022_1	462	Sound	30	15086608	880	1			260		other	0
10108022_1	463	Sound	35	15114106	870	1			260		other	0
10108022_1	465	Response	255	17033379	1891888	1
10108022_1	467	Sound	20	17111986	824	1			260		other	0
10108022_1	467	Response	1	17116174	5012	1
10108022_1	468	Sound	12	17130485	651	1			260		other	0
10108022_1	469	Sound	13	17153983	976	1			260		other	0
10108022_1	470	Sound	10	17171482	636	1			260		other	0
10108022_1	471	Sound	11	17189481	963	1			260		other	0
10108022_1	472	Sound	19	17205480	791	1			260		other	0
10108022_1	472	Response	1	17211208	6519	1
10108022_1	473	Sound	19	17233979	781	1			260		other	0
10108022_1	473	Response	1	17237606	4408	1
10108022_1	474	Sound	14	17261477	604	1			260		other	0
10108022_1	474	Response	1	17267124	6252	1
10108022_1	475	Sound	19	17279976	764	1			260		other	0
10108022_1	475	Response	1	17283284	4072	1
10108022_1	476	Sound	14	17295975	592	1			260		other	0
10108022_1	477	Sound	19	17322973	749	1			260		other	0
10108022_1	477	Response	1	17326321	4096	1
10108022_1	478	Sound	13	17340972	909	1			260		other	0
10108022_1	478	Response	1	17347040	6977	1
10108022_1	479	Sound	10	17362471	902	1			260		other	0
10108022_1	480	Sound	17	17388469	726	1			260		other	0
10108022_1	480	Response	1	17393357	5613	1
10108022_1	481	Sound	20	17405468	719	1			260		other	0
10108022_1	481	Response	1	17414316	9567	1
10108022_1	482	Sound	18	17431467	1044	1			260		other	0
10108022_1	482	Response	1	17441434	11011	1
10108022_1	483	Sound	11	17459465	700	1			260		other	0
10108022_1	484	Sound	16	17486463	857	1			260		other	0
10108022_1	484	Response	1	17494311	8705	1
10108022_1	485	Sound	17	17508462	849	1			260		other	0
10108022_1	485	Response	1	17512630	5017	1
10108022_1	486	Sound	10	17526961	676	1			260		other	0
10108022_1	487	Sound	18	17545960	1003	1			260		other	0
10108022_1	487	Response	1	17549107	4150	1
10108022_1	488	Sound	13	17573458	660	1			260		other	0
10108022_1	489	Sound	20	17594957	985	1			260		other	0
10108022_1	489	Response	1	17597824	3853	1
10108022_1	490	Sound	17	17613956	979	1			260		other	0
10108022_1	491	Sound	16	17633955	805	1			260		other	0
10108022_1	492	Sound	18	17654453	798	1			260		other	0
10108022_1	492	Response	1	17659180	5524	1
10108022_1	493	Sound	12	17678452	789	1			260		other	0
10108022_1	494	Sound	11	17701951	780	1			260		other	0
10108022_1	495	Sound	15	17730449	937	1			260		other	0
10108022_1	496	Sound	14	17747448	931	1			260		other	0
10108022_1	497	Sound	14	17775946	754	1			260		other	0
10108022_1	497	Response	1	17781333	6141	1
10108022_1	498	Sound	15	17796945	580	1			260		other	0
10108022_1	499	Sound	17	17823443	737	1			260		other	0
10108022_1	499	Response	1	17827650	4944	1
10108022_1	500	Sound	10	17845442	1063	1			260		other	0
10108022_1	501	Sound	15	17871440	1053	1			260		other	0
10108022_1	501	Response	1	17875007	4620	1
10108022_1	502	Sound	10	17888439	714	1			260		other	0
10108022_1	503	Sound	13	17916938	1037	1			260		other	0
10108022_1	503	Response	1	17921564	5664	1
10108022_1	504	Sound	12	17935436	1031	1			260		other	0
10108022_1	505	Sound	12	17951936	1025	1			260		other	0
10108022_1	506	Sound	18	17979434	681	1			260		other	0
10108022_1	506	Response	1	17983160	4408	1
10108022_1	507	Sound	16	18004932	672	1			260		other	0
10108022_1	507	Response	1	18010039	5779	1
10108022_1	508	Sound	11	18029931	664	1			260		other	0
10108022_1	509	Sound	20	18057429	987	1			260		other	0
10108022_1	509	Response	1	18060916	4473	1
10108022_1	510	Sound	14	18074928	647	1			260		other	0
10108022_1	511	Sound	16	18094427	807	1			260		other	0
10108022_1	511	Response	1	18107473	13853	1
10108022_1	512	Sound	20	18120425	631	1			260		other	0
10108022_1	512	Response	1	18122912	3117	2
10108022_1	513	Sound	12	18138924	625	1			260		other	0
10108022_1	514	Sound	18	18159923	784	1			260		other	0
10108022_1	514	Response	1	18166669	7530	1
10108022_1	515	Sound	11	18187921	774	1			260		other	0
10108022_1	516	Sound	15	18214920	931	1			260		other	0
10108022_1	516	Response	1	18219706	5717	1
10108022_1	517	Sound	15	18238918	922	1			260		other	0
10108022_1	518	Sound	13	18264417	580	1			260		other	0
10108022_1	519	Sound	17	18284916	1073	1			260		other	0
10108022_1	519	Response	1	18289222	5379	1
10108022_1	520	Sound	19	18308914	731	1			260		other	0
10108022_1	520	Response	1	18314500	6316	1
10108022_1	521	Sound	16	18330913	889	1			260		other	0
10108022_1	521	Response	1	18338098	8075	1
10108022_1	523	Response	255	18427053	68608	1
10108022_1	525	Sound	59	18494903	664	1			260		other	0
10108022_1	525	Response	1	18507848	13609	1
10108022_1	526	Sound	51	18517402	823	1			260		other	0
10108022_1	527	Sound	51	18543400	814	1			260		other	0
10108022_1	528	Sound	55	18567899	805	1			260		other	0
10108022_1	528	Response	1	18572484	5391	1
10108022_1	529	Sound	54	18592397	796	1			260		other	0
10108022_1	529	Response	1	18597203	5602	1
10108022_1	530	Sound	57	18613396	789	1			260		other	0
10108022_1	530	Response	1	18617282	4674	2
10108022_1	531	Sound	60	18639394	613	1			260		other	0
10108022_1	531	Response	1	18641520	2739	1
10108022_1	532	Sound	53	18661893	938	1			260		other	0
10108022_1	533	Sound	58	18687391	929	1			260		other	0
10108022_1	533	Response	1	18691517	5054	1
10108022_1	534	Sound	51	18710390	921	1			260		other	0
10108022_1	535	Sound	53	18735888	912	1			260		other	0
10108022_1	535	Response	1	18740074	5097	1
10108022_1	536	Sound	53	18760387	903	1			260		other	0
10108022_1	537	Sound	55	18777886	730	1			260		other	0
10108022_1	537	Response	1	18781751	4595	1
10108022_1	538	Sound	50	18804384	721	1			260		other	0
10108022_1	539	Sound	59	18829883	878	1			260		other	0
10108022_1	539	Response	1	18836628	7623	1
10108022_1	540	Sound	57	18848382	1038	1			260		other	0
10108022_1	540	Response	1	18856947	9603	1
10108022_1	541	Sound	58	18866381	865	1			260		other	0
10108022_1	541	Response	1	18875666	10150	1
10108022_1	542	Sound	50	18894379	855	1			260		other	0
10108022_1	543	Sound	60	18913878	848	1			260		other	0
10108022_1	543	Response	1	18916143	3114	1
10108022_1	544	Sound	56	18930877	842	1			260		other	0
10108022_1	545	Sound	55	18958375	832	1			260		other	0
10108022_1	546	Sound	56	18977874	992	1			260		other	0
10108022_1	547	Sound	53	18999373	651	1			260		other	0
10108022_1	547	Response	1	19008297	9575	1
10108022_1	548	Sound	51	19021871	810	1			260		other	0
10108022_1	549	Sound	57	19046870	634	1			260		other	0
10108022_1	549	Response	1	19052215	5979	1
10108022_1	550	Sound	51	19072368	958	1			260		other	0
10108022_1	551	Sound	57	19090367	618	1			260		other	0
10108022_1	551	Response	1	19094772	5023	1
10108022_1	552	Sound	56	19107866	612	1			260		other	0
10108022_1	552	Response	1	19112931	5677	1
10108022_1	553	Sound	50	19127365	772	1			260		other	0
10108022_1	554	Sound	59	19145864	599	1			260		other	0
10108022_1	554	Response	1	19150528	5263	1
10108022_1	555	Sound	56	19171862	591	1			260		other	0
10108022_1	556	Sound	60	19193361	582	1			260		other	0
10108022_1	556	Response	1	19195726	2947	1
10108022_1	557	Sound	52	19213360	741	1			260		other	0
10108022_1	558	Sound	59	19237858	733	1			260		other	0
10108022_1	558	Response	1	19244443	7317	1
10108022_1	559	Sound	60	19264857	723	1			260		other	0
10108022_1	559	Response	1	19267561	3427	1
10108022_1	560	Sound	54	19284355	716	1			260		other	0
10108022_1	561	Sound	55	19309854	1040	1			260		other	0
10108022_1	562	Sound	54	19333352	698	1			260		other	0
10108022_1	562	Response	1	19345156	12502	1
10108022_1	563	Sound	55	19360851	689	1			260		other	0
10108022_1	564	Sound	60	19383849	680	1			260		other	0
10108022_1	564	Response	1	19386834	3665	1
10108022_1	565	Sound	58	19405348	1006	1			260		other	0
10108022_1	566	Sound	58	19431347	664	1			260		other	0
10108022_1	566	Response	1	19440990	10307	1
10108022_1	567	Sound	54	19457845	821	1			260		other	0
10108022_1	567	Response	1	19462669	5645	1
10108022_1	568	Sound	53	19477344	647	1			260		other	0
10108022_1	568	Response	1	19481228	4531	1
10108022_1	569	Sound	56	19500343	806	1			260		other	0
10108022_1	569	Response	1	19503947	4410	1
10108022_1	570	Sound	58	19521341	631	1			260		other	0
10108022_1	570	Response	1	19524266	3556	2
10108022_1	571	Sound	59	19543840	957	1			260		other	0
10108022_1	571	Response	1	19546344	3461	1
10108022_1	572	Sound	57	19572338	780	1			260		other	0
10108022_1	572	Response	1	19575142	3584	1
10108022_1	573	Sound	50	19593837	606	1			260		other	0
10108022_1	574	Sound	50	19618335	597	1			260		other	0
10108022_1	575	Sound	54	19647834	753	1			260		other	0
10108022_1	575	Response	1	19656177	9097	1
10108022_1	576	Sound	52	19670332	912	1			260		other	0
10108022_1	577	Sound	52	19699830	1068	1			260		other	0
10108022_1	578	Sound	52	19719329	1061	1			260		other	0
10108022_1	579	Sound	52	19741328	720	1			260		other	0
10108022_1	581	Response	255	20701633	932603	1
10108022_1	583	Sound	38	20776766	684	1			260		other	0
10108022_1	584	Sound	33	20793265	1011	1			260		other	0
10108022_1	585	Sound	40	20811764	838	1			260		other	0
10108022_1	585	Response	1	20814986	4060	1
10108022_1	586	Sound	32	20835262	829	1			260		other	0
10108022_1	587	Sound	36	20851761	990	1			260		other	0
10108022_1	588	Sound	36	20871260	983	1			260		other	0
10108022_1	589	Sound	33	20888259	644	1			260		other	0
10108022_1	590	Sound	36	20909758	636	1			260		other	0
10108022_1	591	Sound	38	20927757	796	1			260		other	0
10108022_1	592	Sound	33	20947256	790	1			260		other	0
10108022_1	593	Sound	30	20974254	946	1			260		other	0
10108022_1	594	Sound	32	20997753	771	1			260		other	0
10108022_1	595	Sound	33	21015751	765	1			260		other	0
10108022_1	596	Sound	37	21039250	590	1			260		other	0
10108022_1	597	Sound	39	21057249	918	1			260		other	0
10108022_1	598	Sound	33	21083747	907	1			260		other	0
10108022_1	599	Sound	37	21109746	898	1			260		other	0
10108022_1	600	Sound	36	21131744	724	1			260		other	0
10108022_1	601	Sound	34	21152743	883	1			260		other	0
10108022_1	602	Sound	40	21180242	1040	1			260		other	0
10108022_1	602	Response	1	21183763	4561	1
10108022_1	603	Sound	39	21202240	865	1			260		other	0
10108022_1	604	Sound	35	21226739	856	1			260		other	0
10108022_1	605	Sound	39	21253737	847	1			260		other	0
10108022_1	605	Response	1	21259119	6229	1
10108022_1	606	Sound	32	21275236	1006	1			260		other	0
10108022_1	607	Sound	30	21300234	997	1			260		other	0
10108022_1	608	Sound	34	21327233	654	1			260		other	0
10108022_1	609	Sound	31	21354231	644	1			260		other	0
10108022_1	610	Sound	30	21370730	805	1			260		other	0
10108022_1	611	Sound	30	21387229	966	1			260		other	0
10108022_1	612	Sound	40	21407728	792	1			260		other	0
10108022_1	612	Response	1	21413349	6413	1
10108022_1	613	Sound	38	21429227	618	1			260		other	0
10108022_1	614	Sound	30	21447226	611	1			260		other	0
10108022_1	615	Sound	36	21471724	936	1			260		other	0
10108022_1	616	Sound	32	21491723	762	1			260		other	0
10108022_1	617	Sound	34	21521721	918	1			260		other	0
10108022_1	618	Sound	35	21550719	1074	1			260		other	0
10108022_1	619	Sound	39	21568718	1068	1			260		other	0
10108022_1	620	Sound	40	21588717	1061	1			260		other	0
10108022_1	620	Response	1	21591978	4322	1
10108022_1	621	Sound	40	21613216	1052	1			260		other	0
10108022_1	621	Response	1	21616937	4773	1
10108022_1	622	Sound	38	21630714	712	1			260		other	0
10108022_1	623	Sound	37	21655713	870	1			260		other	0
10108022_1	624	Sound	35	21680712	861	1			260		other	0
10108022_1	625	Sound	31	21706710	852	1			260		other	0
10108022_1	626	Sound	31	21725209	1012	1			260		other	0
10108022_1	627	Sound	38	21743208	1006	1			260		other	0
10108022_1	628	Sound	34	21761707	999	1			260		other	0
10108022_1	629	Sound	31	21787705	990	1			260		other	0
10108022_1	630	Sound	34	21805704	817	1			260		other	0
10108022_1	630	Response	1	21812444	7557	1
10108022_1	631	Sound	37	21825203	643	1			260		other	0
10108022_1	632	Sound	31	21845702	969	1			260		other	0
10108022_1	633	Sound	32	21867700	628	1			260		other	0
10108022_1	634	Sound	37	21896699	784	1			260		other	0
10108022_1	635	Sound	39	21914697	611	1			260		other	0
10108022_1	636	Sound	35	21938196	603	1			260		other	0
10108022_1	637	Sound	35	21965694	926	1			260		other	0
10108022_1	639	Response	255	22170663	187476	1
10108022_1	641	Sound	10	22249177	825	1			260		other	0
10108022_1	642	Sound	13	22267176	652	1			260		other	0
10108022_1	643	Sound	10	22283675	646	1			260		other	0
10108022_1	644	Sound	10	22301174	973	1			260		other	0
10108022_1	645	Sound	18	22327173	630	1			260		other	0
10108022_1	646	Sound	16	22349671	622	1			260		other	0
10108022_1	647	Sound	20	22377670	779	1			260		other	0
10108022_1	647	Response	1	22382969	6079	1
10108022_1	648	Sound	11	22400168	938	1			260		other	0
10108022_1	649	Sound	12	22422167	930	1			260		other	0
10108022_1	650	Sound	12	22445166	755	1			260		other	0
10108022_1	651	Sound	14	22469164	580	1			260		other	0
10108022_1	652	Sound	11	22493663	738	1			260		other	0
10108022_1	653	Sound	18	22517661	1063	1			260		other	0
10108022_1	654	Sound	10	22538660	1055	1			260		other	0
10108022_1	655	Sound	11	22566658	712	1			260		other	0
10108022_1	656	Sound	13	22588157	1037	1			260		other	0
10108022_1	657	Sound	14	22612656	1029	1			260		other	0
10108022_1	658	Sound	13	22640154	685	1			260		other	0
10108022_1	659	Sound	15	22658653	679	1			260		other	0
10108022_1	659	Response	1	22663432	5458	1
10108022_1	660	Sound	17	22679152	672	1			260		other	0
10108022_1	660	Response	1	22687271	8791	1
10108022_1	661	Sound	15	22696651	665	1			260		other	0
10108022_1	661	Response	1	22701670	5685	1
10108022_1	662	Sound	18	22723149	989	1			260		other	0
10108022_1	662	Response	1	22726148	3989	1
10108022_1	663	Sound	20	22749147	813	1			260		other	0
10108022_1	663	Response	1	22751907	3572	1
10108022_1	664	Sound	14	22767146	807	1			260		other	0
10108022_1	665	Sound	15	22792645	631	1			260		other	0
10108022_1	665	Response	1	22798624	6610	1
10108022_1	666	Sound	16	22821143	788	1			260		other	0
10108022_1	666	Response	1	22824622	4267	1
10108022_1	667	Sound	17	22847642	778	1			260		other	0
10108022_1	667	Response	1	22850461	3598	1
10108022_1	668	Sound	12	22870140	937	1			260		other	0
10108022_1	668	Response	1	22875979	6776	1
10108022_1	669	Sound	17	22894139	762	1			260		other	0
10108022_1	669	Response	1	22897578	4201	1
10108022_1	670	Sound	11	22914137	588	1			260		other	0
10108022_1	671	Sound	14	22936636	913	1			260		other	0
10108022_1	671	Response	1	22941095	5372	1
10108022_1	672	Sound	17	22962134	570	1			260		other	0
10108022_1	672	Response	1	22966854	5290	1
10108022_1	673	Sound	15	22980633	897	1			260		other	0
10108022_1	673	Response	1	22986052	6316	1
10108022_1	674	Sound	10	23001632	890	1			260		other	0
10108022_1	675	Sound	17	23029631	713	1			260		other	0
10108022_1	675	Response	1	23033489	4572	1
10108022_1	676	Sound	20	23057129	704	1			260		other	0
10108022_1	676	Response	1	23061008	4582	1
10108022_1	677	Sound	11	23082127	695	1			260		other	0
10108022_1	678	Sound	18	23108126	1019	1			260		other	0
10108022_1	678	Response	1	23112524	5417	1
10108022_1	679	Sound	12	23134124	843	1			260		other	0
10108022_1	680	Sound	14	23153123	669	1			260		other	0
10108022_1	680	Response	1	23158202	5748	1
10108022_1	681	Sound	16	23172622	996	1			260		other	0
10108022_1	681	Response	1	23182440	10814	1
10108022_1	682	Sound	20	23196121	987	1			260		other	0
10108022_1	682	Response	1	23199319	4186	1
10108022_1	683	Sound	12	23222119	978	1			260		other	0
10108022_1	684	Sound	19	23242618	971	1			260		other	0
10108022_1	684	Response	1	23249556	7909	1
10108022_1	685	Sound	19	23259617	798	1			260		other	0
10108022_1	685	Response	1	23269155	10336	1
10108022_1	686	Sound	15	23275616	792	1			260		other	0
10108022_1	687	Sound	19	23296615	618	1			260		other	0
10108022_1	687	Response	1	23301953	5956	1
10108022_1	688	Sound	13	23316113	944	1			260		other	0
10108022_1	689	Sound	19	23340112	936	1			260		other	0
10108022_1	689	Response	1	23344750	5574	1
10108022_1	690	Sound	18	23364110	927	1			260		other	0
10108022_1	690	Response	1	23368828	5645	1
10108022_1	691	Sound	19	23383109	754	1			260		other	0
10108022_1	691	Response	1	23388028	5672	1
10108022_1	692	Sound	20	23411108	910	1			260		other	0
10108022_1	692	Response	1	23414026	3829	1
10108022_1	693	Sound	16	23429107	904	1			260		other	0
10108022_1	693	Response	1	23436105	7902	1
10108022_1	694	Sound	16	23451105	896	1			260		other	0
10108022_1	694	Response	1	23455703	5494	1
10108022_1	695	Sound	13	23475604	887	1			260		other	0
10108022_1	697	Response	255	23569137	73667	1
10108022_1	699	Sound	31	23646593	660	1			260		other	0
10108022_1	700	Sound	40	23675592	649	1			260		other	0
10108022_1	700	Response	1	23679450	4507	1
10108022_1	701	Sound	39	23702590	806	1			260		other	0
10108022_1	702	Sound	40	23728088	964	1			260		other	0
10108022_1	702	Response	1	23731206	4082	1
10108022_1	703	Sound	35	23754587	621	1			260		other	0
10108022_1	703	Response	1	23765044	11079	2
10108022_1	704	Sound	34	23775586	614	1			260		other	0
10108022_1	705	Sound	32	23796584	773	1			260		other	0
10108022_1	706	Sound	31	23819583	598	1			260		other	0
10108022_1	707	Sound	38	23838082	591	1			260		other	0
10108022_1	708	Sound	36	23867080	748	1			260		other	0
10108022_1	709	Sound	32	23895079	571	1			260		other	0
10108022_1	710	Sound	37	23924577	894	1			260		other	0
10108022_1	711	Sound	38	23950575	1052	1			260		other	0
10108022_1	712	Sound	36	23974574	876	1			260		other	0
10108022_1	713	Sound	40	23992573	703	1			260		other	0
10108022_1	713	Response	1	23996150	4280	1
10108022_1	714	Sound	39	24022071	1026	1			260		other	0
10108022_1	715	Sound	33	24039070	686	1			260		other	0
10108022_1	716	Sound	30	24062068	1012	1			260		other	0
10108022_1	717	Sound	34	24088067	836	1			260		other	0
10108022_1	718	Sound	31	24109066	828	1			260		other	0
10108022_1	719	Sound	33	24130564	987	1			260		other	0
10108022_1	720	Sound	35	24147563	981	1			260		other	0
10108022_1	721	Sound	32	24172062	973	1			260		other	0
10108022_1	722	Sound	35	24193061	798	1			260		other	0
10108022_1	723	Sound	34	24215059	790	1			260		other	0
10108022_1	724	Sound	33	24244058	780	1			260		other	0
10108022_1	725	Sound	32	24262057	774	1			260		other	0
10108022_1	726	Sound	39	24280055	767	1			260		other	0
10108022_1	727	Sound	39	24298054	761	1			260		other	0
10108022_1	728	Sound	30	24324053	918	1			260		other	0
10108022_1	729	Sound	30	24341052	745	1			260		other	0
10108022_1	730	Sound	36	24362050	738	1			260		other	0
10108022_1	731	Sound	33	24390549	895	1			260		other	0
10108022_1	732	Sound	31	24416547	885	1			260		other	0
10108022_1	733	Sound	38	24437046	878	1			260		other	0
10108022_1	734	Sound	40	24456045	705	1			260		other	0
10108022_1	734	Response	1	24460121	4781	1
10108022_1	735	Sound	38	24483543	1028	1			260		other	0
10108022_1	736	Sound	40	24509542	685	1			260		other	0
10108022_1	736	Response	1	24513238	4382	1
10108022_1	737	Sound	39	24528041	845	1			260		other	0
10108022_1	738	Sound	37	24546539	672	1			260		other	0
10108022_1	739	Sound	37	24571538	663	1			260		other	0
10108022_1	740	Sound	30	24593037	822	1			260		other	0
10108022_1	741	Sound	38	24612535	815	1			260		other	0
10108022_1	742	Sound	37	24635534	807	1			260		other	0
10108022_1	743	Sound	36	24660533	965	1			260		other	0
10108022_1	744	Sound	30	24683531	623	1			260		other	0
10108022_1	745	Sound	35	24706030	782	1			260		other	0
10108022_1	746	Sound	32	24732528	772	1			260		other	0
10108022_1	747	Sound	36	24749027	600	1			260		other	0
10108022_1	748	Sound	37	24777525	589	1			260		other	0
10108022_1	749	Sound	35	24804024	580	1			260		other	0
10108022_1	750	Sound	31	24832022	904	1			260		other	0
10108022_1	751	Sound	34	24861020	726	1			260		other	0
10108022_1	752	Sound	34	24885519	1053	1			260		other	0
10108022_1	753	Sound	33	24903518	1045	1			260		other	0
10108022_1	755	Response	255	25960989	1033928	1
10108022_1	757	Sound	16	26028950	643	1			260		other	0
10108022_1	758	Sound	13	26050449	635	1			260		other	0
10108022_1	759	Sound	14	26074448	961	1			260		other	0
10108022_1	760	Sound	10	26092946	954	1			260		other	0
10108022_1	761	Sound	14	26108446	615	1			260		other	0
10108022_1	762	Sound	19	26126445	942	1			260		other	0
10108022_1	762	Response	1	26131859	6356	1
10108022_1	763	Sound	15	26154443	598	1			260		other	0
10108022_1	763	Response	1	26158737	4892	1
10108022_1	764	Sound	18	26178941	923	1			260		other	0
10108022_1	764	Response	1	26182095	4077	2
10108022_1	765	Sound	18	26196440	583	1			260		other	0
10108022_1	765	Response	1	26201294	5437	1
10108022_1	766	Sound	15	26223939	1074	1			260		other	0
10108022_1	766	Response	1	26227053	4188	1
10108022_1	767	Sound	17	26251937	730	1			260		other	0
10108022_1	767	Response	1	26254811	3604	1
10108022_1	768	Sound	10	26270436	1057	1			260		other	0
10108022_1	769	Sound	18	26287435	1051	1			260		other	0
10108022_1	769	Response	1	26291289	4905	1
10108022_1	770	Sound	10	26302934	712	1			260		other	0
10108022_1	771	Sound	11	26328432	703	1			260		other	0
10108022_1	772	Sound	20	26354431	694	1			260		other	0
10108022_1	772	Response	1	26357684	3947	1
10108022_1	773	Sound	20	26371430	1021	1			260		other	0
10108022_1	773	Response	1	26374563	4155	1
10108022_1	774	Sound	15	26396928	1012	1			260		other	0
10108022_1	774	Response	1	26403122	7205	1
10108022_1	775	Sound	17	26416427	1005	1			260		other	0
10108022_1	775	Response	1	26419521	4099	1
10108022_1	776	Sound	12	26434426	665	1			260		other	0
10108022_1	777	Sound	14	26462424	655	1			260		other	0
10108022_1	778	Sound	17	26479423	983	1			260		other	0
10108022_1	778	Response	1	26485277	6836	1
10108022_1	779	Sound	11	26501422	975	1			260		other	0
10108022_1	780	Sound	10	26519421	635	1			260		other	0
10108022_1	781	Sound	12	26547419	958	1			260		other	0
10108022_1	782	Sound	20	26572918	782	1			260		other	0
10108022_1	782	Response	1	26576791	4656	1
10108022_1	783	Sound	18	26599916	606	1			260		other	0
10108022_1	783	Response	1	26604949	5639	1
10108022_1	784	Sound	16	26628914	596	1			260		other	0
10108022_1	784	Response	1	26635107	6789	1
10108022_1	785	Sound	20	26655413	920	1			260		other	0
10108022_1	785	Response	1	26657826	3333	1
10108022_1	786	Sound	19	26675911	579	1			260		other	0
10108022_1	786	Response	1	26683184	7852	2
10108022_1	787	Sound	13	26696410	905	1			260		other	0
10108022_1	788	Sound	16	26716909	564	1			260		other	0
10108022_1	789	Sound	17	26735408	1058	1			260		other	0
10108022_1	789	Response	1	26743901	9551	1
10108022_1	790	Sound	18	26759906	1049	1			260		other	0
10108022_1	790	Response	1	26763100	4243	1
10108022_1	791	Sound	16	26777405	710	1			260		other	0
10108022_1	791	Response	1	26781499	4803	1
10108022_1	792	Sound	11	26801904	1034	1			260		other	0
10108022_1	793	Sound	12	26821403	1027	1			260		other	0
10108022_1	794	Sound	14	26849901	1017	1			260		other	0
10108022_1	794	Response	1	26854454	5570	1
10108022_1	795	Sound	10	26869400	1010	1			260		other	0
10108022_1	796	Sound	19	26891898	835	1			260		other	0
10108022_1	796	Response	1	26896851	5788	1
10108022_1	797	Sound	11	26908897	663	1			260		other	0
10108022_1	798	Sound	13	26929396	655	1			260		other	0
10108022_1	798	Response	1	26933329	4588	1
10108022_1	799	Sound	12	26948895	815	1			260		other	0
10108022_1	800	Sound	15	26965394	976	1			260		other	0
10108022_1	801	Sound	12	26987893	968	1			260		other	0
10108022_1	802	Sound	15	27004892	628	1			260		other	0
10108022_1	803	Sound	11	27030890	619	1			260		other	0
10108022_1	804	Sound	19	27048889	613	1			260		other	0
10108022_1	804	Response	1	27054762	6486	1
10108022_1	805	Sound	13	27074388	604	1			260		other	0
10108022_1	806	Sound	14	27090387	598	1			260		other	0
10108022_1	807	Sound	17	27113385	923	1			260		other	0
10108022_1	807	Response	1	27117878	5416	1
10108022_1	808	Sound	16	27136384	915	1			260		other	0
10108022_1	809	Sound	13	27153383	576	1			260		other	0
10108022_1	809	Response	1	27172034	19227	1
10108022_1	810	Sound	20	27178381	733	1			260		other	0
10108022_1	810	Response	1	27191713	14065	1
10108022_1	811	Sound	19	27206380	723	1			260		other	0
10108022_1	811	Response	1	27211632	5976	1
10108022_1	813	Response	255	28219010	994435	1
10108022_1	815	Sound	55	28300814	1000	1			260		other	0
10108022_1	816	Sound	50	28318313	827	1			260		other	0
10108022_1	817	Sound	55	28336312	820	1			260		other	0
10108022_1	818	Sound	60	28358811	812	1			260		other	0
10108022_1	818	Response	1	28363241	5243	1
10108022_1	819	Sound	54	28387809	802	1			260		other	0
10108022_1	820	Sound	51	28407807	961	1			260		other	0
10108022_1	821	Sound	54	28430306	787	1			260		other	0
10108022_1	822	Sound	60	28458804	610	1			260		other	0
10108022_1	822	Response	1	28461955	3760	2
10108022_1	823	Sound	60	28475803	937	1			260		other	0
10108022_1	823	Response	1	28478354	3488	1
10108022_1	824	Sound	50	28497302	763	1			260		other	0
10108022_1	825	Sound	54	28520301	588	1			260		other	0
10108022_1	826	Sound	54	28540799	747	1			260		other	0
10108022_1	827	Sound	51	28565298	905	1			260		other	0
10108022_1	828	Sound	53	28593296	1062	1			260		other	0
10108022_1	829	Sound	52	28617795	886	1			260		other	0
10108022_1	830	Sound	53	28637294	1046	1			260		other	0
10108022_1	831	Sound	58	28663792	870	1			260		other	0
10108022_1	832	Sound	56	28684791	1029	1			260		other	0
10108022_1	833	Sound	52	28707790	854	1			260		other	0
10108022_1	834	Sound	51	28730788	680	1			260		other	0
10108022_1	835	Sound	57	28749787	1006	1			260		other	0
10108022_1	836	Sound	56	28766786	833	1			260		other	0
10108022_1	837	Sound	55	28785785	993	1			260		other	0
10108022_1	838	Sound	53	28813783	817	1			260		other	0
10108022_1	839	Sound	57	28839782	807	1			260		other	0
10108022_1	839	Response	1	28845931	6957	1
10108022_1	840	Sound	58	28856781	968	1			260		other	0
10108022_1	840	Response	1	28861051	5238	1
10108022_1	841	Sound	54	28884279	625	1			260		other	0
10108022_1	842	Sound	53	28906278	950	1			260		other	0
10108022_1	843	Sound	57	28928276	776	1			260		other	0
10108022_1	843	Response	1	28932646	5146	1
10108022_1	844	Sound	60	28948275	935	1			260		other	0
10108022_1	844	Response	1	28951285	3945	1
10108022_1	845	Sound	59	28968774	595	1			260		other	0
10108022_1	845	Response	1	28973123	4945	1
10108022_1	846	Sound	58	28990772	587	1			260		other	0
10108022_1	846	Response	1	28993602	3417	1
10108022_1	847	Sound	52	29018271	910	1			260		other	0
10108022_1	847	Response	1	29022881	5520	1
10108022_1	848	Sound	56	29042269	902	1			260		other	0
10108022_1	848	Response	1	29044559	3192	1
10108022_1	849	Sound	52	29068268	1059	1			260		other	0
10108022_1	850	Sound	50	29089267	885	1			260		other	0
10108022_1	851	Sound	51	29107266	879	1			260		other	0
10108022_1	852	Sound	56	29131264	703	1			260		other	0
10108022_1	852	Response	1	29135593	5033	1
10108022_1	853	Sound	56	29155763	695	1			260		other	0
10108022_1	853	Response	1	29159192	4124	1
10108022_1	854	Sound	57	29172762	855	1			260		other	0
10108022_1	854	Response	1	29179511	7605	1
10108022_1	855	Sound	59	29196260	680	1			260		other	0
10108022_1	855	Response	1	29199430	3850	1
10108022_1	856	Sound	59	29212759	1008	1			260		other	0
10108022_1	856	Response	1	29216869	5117	1
10108022_1	857	Sound	57	29231258	1001	1			260		other	0
10108022_1	857	Response	1	29237427	7171	1
10108022_1	858	Sound	50	29256756	658	1			260		other	0
10108022_1	859	Sound	58	29280255	817	1			260		other	0
10108022_1	859	Response	1	29284144	4706	1
10108022_1	860	Sound	53	29307253	974	1			260		other	0
10108022_1	861	Sound	59	29332752	965	1			260		other	0
10108022_1	861	Response	1	29336141	4354	1
10108022_1	862	Sound	55	29359250	622	1			260		other	0
10108022_1	863	Sound	51	29382249	614	1			260		other	0
10108022_1	864	Sound	52	29407247	605	1			260		other	0
10108022_1	865	Sound	55	29434746	595	1			260		other	0
10108022_1	865	Response	1	29442535	8384	1
10108022_1	866	Sound	58	29457244	920	1			260		other	0
10108022_1	866	Response	1	29461094	4769	1
10108022_1	867	Sound	60	29478243	913	1			260		other	0
10108022_1	867	Response	1	29480932	3602	1
10108022_1	868	Sound	50	29506742	903	1			260		other	0
10108022_1	869	Sound	59	29533740	726	1			260		other	0
10108022_1	869	Response	1	29537089	4075	1

The following output port codes were not sent because of a conflict on the port.
Port	Code	Time(ms)
1	253	60009.7
1	253	235246
1	253	376318
1	253	701858
1	253	833906
1	253	1.05188e+06
1	253	1.2428e+06
1	253	1.38324e+06
1	253	1.70334e+06
1	253	1.84271e+06
1	253	2.07017e+06
1	253	2.21707e+06
1	253	2.35692e+06
1	253	2.5961e+06
1	253	2.8219e+06
1	253	2.9552e+06
