Scenario - 
Logfile written - 01/29/2019 20:43:38

Subject	Trial	Event Type	Code	Time	TTime	Uncertainty	Duration	Uncertainty	ReqTime	ReqDur	Stim Type	Pair Index

10108018_2	1	Response	255	637739	637073	1
10108018_2	3	Sound	51	705974	846	1			260		other	0
10108018_2	4	Sound	57	723973	673	1			260		other	0
10108018_2	4	Response	1	728614	5314	1
10108018_2	5	Sound	56	744472	832	1			260		other	0
10108018_2	5	Response	1	747892	4253	1
10108018_2	6	Sound	50	762971	993	1			260		other	0
10108018_2	7	Sound	53	791469	982	1			260		other	0
10108018_2	7	Response	1	794850	4363	1
10108018_2	8	Sound	57	809968	642	1			260		other	0
10108018_2	8	Response	1	813568	4243	1
10108018_2	9	Sound	60	831466	635	1			260		other	0
10108018_2	9	Response	1	835647	4815	1
10108018_2	10	Sound	59	857465	625	1			260		other	0
10108018_2	10	Response	1	860764	3925	3
10108018_2	11	Sound	52	877464	618	1			260		other	0
10108018_2	11	Response	1	881724	4879	1
10108018_2	12	Sound	58	905962	608	1			260		other	0
10108018_2	12	Response	1	909963	4609	1
10108018_2	13	Sound	55	928961	767	1			260		other	0
10108018_2	13	Response	1	932441	4247	1
10108018_2	14	Sound	54	948959	593	1			260		other	0
10108018_2	14	Response	1	953160	4793	1
10108018_2	15	Sound	51	965458	920	1			260		other	0
10108018_2	15	Response	1	969559	5021	1
10108018_2	15	Response	1	973319	8781	1
10108018_2	16	Sound	51	984957	747	1			260		other	0
10108018_2	17	Sound	51	1003956	740	1			260		other	0
10108018_2	17	Response	1	1008036	4820	1
10108018_2	18	Sound	58	1032954	1063	1			260		other	0
10108018_2	18	Response	1	1036435	4544	1
10108018_2	19	Sound	57	1060453	888	1			260		other	0
10108018_2	19	Response	1	1064193	4628	1
10108018_2	20	Sound	53	1078452	880	1			260		other	0
10108018_2	21	Sound	50	1104950	871	1			260		other	0
10108018_2	22	Sound	51	1127449	1030	1			260		other	0
10108018_2	22	Response	1	1136029	9610	1
10108018_2	23	Sound	58	1156447	686	1			260		other	0
10108018_2	23	Response	1	1160027	4266	1
10108018_2	24	Sound	60	1173446	1013	1			260		other	0
10108018_2	24	Response	1	1176186	3753	1
10108018_2	25	Sound	56	1192945	673	1			260		other	0
10108018_2	25	Response	1	1196105	3833	1
10108018_2	26	Sound	56	1212944	999	1			260		other	0
10108018_2	26	Response	1	1215944	3999	1
10108018_2	27	Sound	55	1233942	658	1			260		other	0
10108018_2	27	Response	1	1236502	3218	1
10108018_2	28	Sound	54	1255441	651	1			260		other	0
10108018_2	28	Response	1	1258581	3790	1
10108018_2	29	Sound	52	1277440	810	1			260		other	0
10108018_2	29	Response	1	1281540	4911	1
10108018_2	30	Sound	50	1303938	967	1			260		other	0
10108018_2	31	Sound	60	1329436	958	1			260		other	0
10108018_2	31	Response	1	1332817	4338	1
10108018_2	32	Sound	60	1347935	618	1			260		other	0
10108018_2	32	Response	1	1351215	3898	1
10108018_2	33	Sound	50	1372434	609	1			260		other	0
10108018_2	34	Sound	58	1394932	768	1			260		other	0
10108018_2	34	Response	1	1398812	4647	1
10108018_2	35	Sound	52	1423931	757	1			260		other	0
10108018_2	36	Sound	55	1453429	914	1			260		other	0
10108018_2	36	Response	1	1457529	5013	1
10108018_2	37	Sound	54	1471428	907	1			260		other	0
10108018_2	37	Response	1	1476328	5807	1
10108018_2	38	Sound	52	1497426	1065	1			260		other	0
10108018_2	38	Response	1	1504726	8364	1
10108018_2	39	Sound	57	1516425	724	1			260		other	0
10108018_2	39	Response	1	1520245	4544	1
10108018_2	40	Sound	56	1543923	881	1			260		other	0
10108018_2	40	Response	1	1548003	4961	1
10108018_2	41	Sound	59	1564922	1041	1			260		other	0
10108018_2	41	Response	1	1568322	4440	1
10108018_2	42	Sound	55	1593420	697	1			260		other	0
10108018_2	42	Response	1	1596480	3757	1
10108018_2	43	Sound	59	1614919	689	1			260		other	0
10108018_2	43	Response	1	1618799	4569	1
10108018_2	44	Sound	53	1635918	849	1			260		other	0
10108018_2	44	Response	1	1639998	4928	1
10108018_2	45	Sound	53	1652417	1009	1			260		other	0
10108018_2	45	Response	1	1658556	7149	1
10108018_2	46	Sound	56	1681415	666	1			260		other	0
10108018_2	46	Response	1	1685435	4685	1
10108018_2	47	Sound	53	1699914	993	1			260		other	0
10108018_2	47	Response	1	1704634	5712	1
10108018_2	48	Sound	55	1721413	985	1			260		other	0
10108018_2	49	Sound	54	1740912	978	1			260		other	0
10108018_2	49	Response	1	1745271	5337	1
10108018_2	50	Sound	57	1761910	970	1			260		other	0
10108018_2	50	Response	1	1766470	5530	1
10108018_2	51	Sound	54	1778409	631	1			260		other	0
10108018_2	51	Response	1	1782629	4851	1
10108018_2	52	Sound	60	1794908	625	1			260		other	0
10108018_2	52	Response	1	1798148	3865	1
10108018_2	53	Sound	59	1823407	782	1			260		other	0
10108018_2	53	Response	1	1826946	4321	1
10108018_2	54	Sound	50	1841406	609	1			260		other	0
10108018_2	55	Sound	59	1864404	934	1			260		other	0
10108018_2	55	Response	1	1868464	4993	1
10108018_2	56	Sound	58	1884903	760	1			260		other	0
10108018_2	56	Response	1	1889022	4879	1
10108018_2	57	Sound	52	1908902	751	1			260		other	0
10108018_2	59	Response	255	1964378	31974	1
10108018_2	61	Sound	33	2035894	706	1			260		other	0
10108018_2	62	Sound	34	2062392	1030	1			260		other	0
10108018_2	62	Response	1	2066131	4769	1
10108018_2	63	Sound	40	2090891	1020	1			260		other	0
10108018_2	63	Response	1	2093890	4019	1
10108018_2	64	Sound	35	2109889	680	1			260		other	0
10108018_2	65	Sound	36	2134388	671	1			260		other	0
10108018_2	65	Response	1	2138687	4970	1
10108018_2	66	Sound	33	2156386	997	1			260		other	0
10108018_2	67	Sound	38	2180885	821	1			260		other	0
10108018_2	67	Response	1	2184284	4220	1
10108018_2	68	Sound	30	2209383	644	1			260		other	0
10108018_2	69	Sound	31	2228882	638	1			260		other	0
10108018_2	70	Sound	32	2253381	962	1			260		other	0
10108018_2	70	Response	1	2256600	4181	1
10108018_2	71	Sound	39	2278879	620	1			260		other	0
10108018_2	72	Sound	34	2297878	780	1			260		other	0
10108018_2	73	Sound	32	2319377	772	1			260		other	0
10108018_2	73	Response	1	2322356	3751	1
10108018_2	74	Sound	39	2347875	929	1			260		other	0
10108018_2	74	Response	1	2351394	4448	1
10108018_2	75	Sound	33	2375873	585	1			260		other	0
10108018_2	76	Sound	40	2396372	745	1			260		other	0
10108018_2	76	Response	1	2399071	3443	1
10108018_2	77	Sound	36	2421871	569	1			260		other	0
10108018_2	78	Sound	40	2442869	895	1			260		other	0
10108018_2	78	Response	1	2445388	3413	1
10108018_2	79	Sound	31	2460368	1055	1			260		other	0
10108018_2	80	Sound	37	2482367	881	1			260		other	0
10108018_2	80	Response	1	2486425	4939	1
10108018_2	81	Sound	33	2501866	1040	1			260		other	0
10108018_2	82	Sound	39	2519365	868	1			260		other	0
10108018_2	83	Sound	37	2546863	858	1			260		other	0
10108018_2	83	Response	1	2551301	5296	1
10108018_2	84	Sound	35	2566362	684	1			260		other	0
10108018_2	84	Response	1	2571380	5702	1
10108018_2	85	Sound	38	2587361	677	1			260		other	0
10108018_2	85	Response	1	2593219	6535	1
10108018_2	86	Sound	39	2607859	1003	1			260		other	0
10108018_2	86	Response	1	2610898	4041	1
10108018_2	87	Sound	37	2630858	828	1			260		other	0
10108018_2	87	Response	1	2634736	4706	1
10108018_2	88	Sound	39	2657856	819	1			260		other	0
10108018_2	88	Response	1	2662495	5457	1
10108018_2	89	Sound	32	2684855	642	1			260		other	0
10108018_2	90	Sound	32	2704354	969	1			260		other	0
10108018_2	91	Sound	38	2722852	962	1			260		other	0
10108018_2	91	Response	1	2725611	3720	1
10108018_2	92	Sound	37	2746851	620	1			260		other	0
10108018_2	92	Response	1	2750489	4258	3
10108018_2	93	Sound	37	2771849	778	1			260		other	0
10108018_2	93	Response	1	2775608	4536	1
10108018_2	94	Sound	35	2789348	772	1			260		other	0
10108018_2	95	Sound	36	2806847	765	1			260		other	0
10108018_2	95	Response	1	2810805	4723	1
10108018_2	96	Sound	30	2824346	592	1			260		other	0
10108018_2	97	Sound	40	2849345	750	1			260		other	0
10108018_2	97	Response	1	2852324	3729	1
10108018_2	98	Sound	31	2875343	574	1			260		other	0
10108018_2	99	Sound	31	2900842	899	1			260		other	0
10108018_2	100	Sound	35	2925340	890	1			260		other	0
10108018_2	101	Sound	38	2952839	713	1			260		other	0
10108018_2	101	Response	1	2956716	4591	1
10108018_2	102	Sound	40	2969837	708	1			260		other	0
10108018_2	102	Response	1	2974635	5505	1
10108018_2	103	Sound	33	2994336	699	1			260		other	0
10108018_2	103	Response	1	2998234	4596	1
10108018_2	104	Sound	38	3017335	690	1			260		other	0
10108018_2	104	Response	1	3021353	4708	1
10108018_2	105	Sound	35	3043333	1015	1			260		other	0
10108018_2	105	Response	1	3046951	4632	1
10108018_2	106	Sound	30	3060832	675	1			260		other	0
10108018_2	107	Sound	30	3087830	999	1			260		other	0
10108018_2	107	Response	1	3091028	4196	1
10108018_2	108	Sound	34	3115829	989	1			260		other	0
10108018_2	109	Sound	31	3137327	814	1			260		other	0
10108018_2	110	Sound	36	3155327	808	1			260		other	0
10108018_2	111	Sound	34	3177825	967	1			260		other	0
10108018_2	112	Sound	34	3198324	793	1			260		other	0
10108018_2	113	Sound	36	3224822	617	1			260		other	0
10108018_2	113	Response	1	3231500	7294	1
10108018_2	114	Sound	30	3244321	610	1			260		other	0
10108018_2	115	Sound	32	3264820	769	1			260		other	0
10108018_2	117	Response	255	4340951	1055648	1
10108018_2	118	Response	255	4383908	42934	1
10108018_2	119	Sound	54	4419250	858	1			260		other	0
10108018_2	120	Sound	59	4442749	1017	1			260		other	0
10108018_2	120	Response	1	4446065	4333	1
10108018_2	121	Sound	54	4467747	674	1			260		other	0
10108018_2	121	Response	1	4471583	4510	1
10108018_2	122	Sound	53	4492246	666	1			260		other	0
10108018_2	122	Response	1	4495822	4242	1
10108018_2	123	Sound	50	4513744	991	1			260		other	0
10108018_2	124	Sound	57	4540743	815	1			260		other	0
10108018_2	124	Response	1	4544139	4211	1
10108018_2	125	Sound	58	4557242	809	1			260		other	0
10108018_2	125	Response	1	4561818	5385	1
10108018_2	126	Sound	60	4574241	636	1			260		other	0
10108018_2	126	Response	1	4578457	4852	1
10108018_2	127	Sound	50	4594740	796	1			260		other	0
10108018_2	128	Sound	58	4611739	623	1			260		other	0
10108018_2	128	Response	1	4615094	3979	1
10108018_2	129	Sound	52	4639737	947	1			260		other	0
10108018_2	129	Response	1	4643973	5182	1
10108018_2	130	Sound	51	4657736	940	1			260		other	0
10108018_2	131	Sound	52	4678734	599	1			260		other	0
10108018_2	132	Sound	56	4704733	590	1			260		other	0
10108018_2	132	Response	1	4709089	4946	1
10108018_2	133	Sound	59	4729231	581	1			260		other	0
10108018_2	133	Response	1	4733487	4837	1
10108018_2	134	Sound	54	4747230	575	1			260		other	0
10108018_2	134	Response	1	4752766	6110	1
10108018_2	135	Sound	53	4765229	569	1			260		other	0
10108018_2	135	Response	1	4768445	3784	1
10108018_2	136	Sound	53	4785728	895	1			260		other	0
10108018_2	137	Sound	60	4806727	887	1			260		other	0
10108018_2	137	Response	1	4809962	4122	1
10108018_2	138	Sound	51	4825226	880	1			260		other	0
10108018_2	139	Sound	58	4842725	1041	1			260		other	0
10108018_2	139	Response	1	4850360	8676	1
10108018_2	140	Sound	59	4860224	1035	1			260		other	0
10108018_2	140	Response	1	4863959	4770	1
10108018_2	141	Sound	55	4879722	694	1			260		other	0
10108018_2	141	Response	1	4883398	4370	1
10108018_2	142	Sound	55	4896721	1022	1			260		other	0
10108018_2	142	Response	1	4899957	4257	1
10108018_2	143	Sound	55	4921220	846	1			260		other	0
10108018_2	143	Response	1	4924835	4462	1
10108018_2	144	Sound	60	4948718	1003	1			260		other	0
10108018_2	144	Response	1	4951554	3839	1
10108018_2	145	Sound	57	4967217	830	1			260		other	0
10108018_2	145	Response	1	4970752	4365	1
10108018_2	146	Sound	59	4995215	653	1			260		other	0
10108018_2	146	Response	1	4998671	4109	1
10108018_2	147	Sound	51	5014214	980	1			260		other	0
10108018_2	148	Sound	53	5031713	974	1			260		other	0
10108018_2	148	Response	1	5036748	6009	1
10108018_2	149	Sound	55	5059212	630	1			260		other	0
10108018_2	149	Response	1	5063147	4566	1
10108018_2	150	Sound	53	5084210	622	1			260		other	0
10108018_2	150	Response	1	5087865	4277	1
10108018_2	151	Sound	50	5102209	782	1			260		other	0
10108018_2	152	Sound	56	5122708	608	1			260		other	0
10108018_2	152	Response	1	5125623	3523	1
10108018_2	153	Sound	60	5150706	765	1			260		other	0
10108018_2	153	Response	1	5153781	3840	1
10108018_2	154	Sound	51	5177704	922	1			260		other	0
10108018_2	155	Sound	56	5194703	582	1			260		other	0
10108018_2	155	Response	1	5198579	4457	1
10108018_2	156	Sound	52	5211202	743	1			260		other	0
10108018_2	156	Response	1	5214737	4278	1
10108018_2	157	Sound	51	5230201	570	1			260		other	0
10108018_2	158	Sound	50	5254200	728	1			260		other	0
10108018_2	159	Sound	60	5272699	1055	1			260		other	0
10108018_2	159	Response	1	5275454	3810	1
10108018_2	160	Sound	57	5301697	711	1			260		other	0
10108018_2	160	Response	1	5305852	4866	1
10108018_2	161	Sound	54	5324695	869	1			260		other	0
10108018_2	161	Response	1	5329210	5384	1
10108018_2	162	Sound	58	5353694	859	1			260		other	0
10108018_2	162	Response	1	5356969	4134	1
10108018_2	163	Sound	58	5377692	850	1			260		other	0
10108018_2	163	Response	1	5380727	3885	1
10108018_2	164	Sound	55	5401691	842	1			260		other	0
10108018_2	164	Response	1	5405206	4357	1
10108018_2	165	Sound	54	5425189	667	1			260		other	0
10108018_2	165	Response	1	5427924	3402	1
10108018_2	166	Sound	57	5449688	992	1			260		other	0
10108018_2	166	Response	1	5452403	3706	1
10108018_2	167	Sound	56	5478686	814	1			260		other	0
10108018_2	167	Response	1	5481921	4049	1
10108018_2	168	Sound	52	5500185	640	1			260		other	0
10108018_2	168	Response	1	5504640	5095	1
10108018_2	169	Sound	56	5521684	966	1			260		other	0
10108018_2	169	Response	1	5524718	4001	1
10108018_2	170	Sound	57	5545182	624	1			260		other	0
10108018_2	170	Response	1	5548077	3519	1
10108018_2	171	Sound	52	5570181	615	1			260		other	0
10108018_2	171	Response	1	5578635	9070	1
10108018_2	172	Sound	50	5591679	608	1			260		other	0
10108018_2	173	Sound	59	5611178	767	1			260		other	0
10108018_2	173	Response	1	5614473	4062	1
10108018_2	175	Response	255	5653351	14184	1
10108018_2	177	Sound	39	5739171	722	1			260		other	0
10108018_2	177	Response	1	5743585	5136	1
10108018_2	178	Sound	34	5768169	1045	1			260		other	0
10108018_2	179	Sound	32	5795667	1035	1			260		other	0
10108018_2	180	Sound	39	5812166	1029	1			260		other	0
10108018_2	181	Sound	36	5832165	689	1			260		other	0
10108018_2	182	Sound	32	5858163	679	1			260		other	0
10108018_2	183	Sound	37	5878662	1005	1			260		other	0
10108018_2	184	Sound	39	5901661	997	1			260		other	0
10108018_2	185	Sound	34	5925159	655	1			260		other	0
10108018_2	186	Sound	33	5944158	815	1			260		other	0
10108018_2	187	Sound	40	5969157	973	1			260		other	0
10108018_2	187	Response	1	5972291	4107	1
10108018_2	188	Sound	32	5987156	634	1			260		other	0
10108018_2	189	Sound	30	6010154	625	1			260		other	0
10108018_2	190	Sound	31	6038652	782	1			260		other	0
10108018_2	191	Sound	40	6066151	939	1			260		other	0
10108018_2	191	Response	1	6068845	3633	1
10108018_2	192	Sound	37	6084650	599	1			260		other	0
10108018_2	193	Sound	32	6106148	925	1			260		other	0
10108018_2	194	Sound	37	6129647	583	1			260		other	0
10108018_2	195	Sound	38	6153645	908	1			260		other	0
10108018_2	196	Sound	36	6173144	734	1			260		other	0
10108018_2	197	Sound	38	6200643	1057	1			260		other	0
10108018_2	197	Response	1	6205556	5971	1
10108018_2	198	Sound	35	6225141	1049	1			260		other	0
10108018_2	198	Response	1	6229795	5703	1
10108018_2	199	Sound	31	6253639	872	1			260		other	0
10108018_2	200	Sound	36	6280638	1029	1			260		other	0
10108018_2	200	Response	1	6283552	3943	1
10108018_2	201	Sound	39	6309136	1019	1			260		other	0
10108018_2	202	Sound	32	6329635	1012	1			260		other	0
10108018_2	203	Sound	34	6353134	670	1			260		other	0
10108018_2	204	Sound	33	6373632	663	1			260		other	0
10108018_2	205	Sound	35	6391131	823	1			260		other	0
10108018_2	205	Response	1	6396904	6596	1
10108018_2	206	Sound	40	6412630	815	1			260		other	0
10108018_2	206	Response	1	6417703	5889	1
10108018_2	207	Sound	34	6436628	974	1			260		other	0
10108018_2	208	Sound	40	6457127	800	1			260		other	0
10108018_2	209	Sound	30	6475626	793	1			260		other	0
10108018_2	210	Sound	33	6504124	616	1			260		other	0
10108018_2	211	Sound	36	6531623	940	1			260		other	0
10108018_2	212	Sound	31	6553621	765	1			260		other	0
10108018_2	213	Sound	33	6582120	922	1			260		other	0
10108018_2	214	Sound	33	6598619	749	1			260		other	0
10108018_2	215	Sound	30	6626617	1073	1			260		other	0
10108018_2	216	Sound	40	6653615	1063	1			260		other	0
10108018_2	216	Response	1	6657129	4576	1
10108018_2	217	Sound	31	6682613	886	1			260		other	0
10108018_2	218	Sound	38	6701612	713	1			260		other	0
10108018_2	219	Sound	38	6726111	1037	1			260		other	0
10108018_2	219	Response	1	6730484	5410	1
10108018_2	220	Sound	31	6745610	1030	1			260		other	0
10108018_2	221	Sound	35	6773108	1020	1			260		other	0
10108018_2	222	Sound	30	6797607	845	1			260		other	0
10108018_2	223	Sound	39	6821605	1003	1			260		other	0
10108018_2	223	Response	1	6826398	5796	1
10108018_2	224	Sound	36	6840104	830	1			260		other	0
10108018_2	225	Sound	35	6868602	820	1			260		other	0
10108018_2	226	Sound	37	6887601	813	1			260		other	0
10108018_2	227	Sound	35	6912600	804	1			260		other	0
10108018_2	227	Response	1	6917273	5477	1
10108018_2	228	Sound	34	6930598	798	1			260		other	0
10108018_2	229	Sound	30	6955597	622	1			260		other	0
10108018_2	230	Sound	37	6972596	783	1			260		other	0
10108018_2	231	Sound	38	6990595	610	1			260		other	0
10108018_2	231	Response	1	6994628	4642	1
10108018_2	233	Response	1	7010787	4050	1
10108018_2	233	Response	255	8872112	1865375	1
10108018_2	235	Sound	36	8949477	912	1			260		other	0
10108018_2	235	Response	1	8955307	6742	1
10108018_2	236	Sound	38	8969976	572	1			260		other	0
10108018_2	237	Sound	40	8991474	1064	1			260		other	0
10108018_2	237	Response	1	8993945	3535	1
10108018_2	238	Sound	32	9018973	888	1			260		other	0
10108018_2	239	Sound	35	9043971	879	1			260		other	0
10108018_2	239	Response	1	9049221	6129	1
10108018_2	240	Sound	36	9071969	702	1			260		other	0
10108018_2	240	Response	1	9077219	5952	1
10108018_2	241	Sound	39	9089468	863	1			260		other	0
10108018_2	241	Response	1	9093138	4533	1
10108018_2	242	Sound	32	9107967	1023	1			260		other	0
10108018_2	242	Response	1	9112337	5393	1
10108018_2	243	Sound	31	9130466	848	1			260		other	0
10108018_2	244	Sound	33	9157964	838	1			260		other	0
10108018_2	245	Sound	37	9176463	998	1			260		other	0
10108018_2	245	Response	1	9179853	4388	1
10108018_2	246	Sound	30	9202961	655	1			260		other	0
10108018_2	247	Sound	34	9226960	647	1			260		other	0
10108018_2	248	Sound	38	9255458	970	1			260		other	0
10108018_2	248	Response	1	9259368	4880	1
10108018_2	249	Sound	35	9278957	962	1			260		other	0
10108018_2	250	Sound	30	9302455	787	1			260		other	0
10108018_2	251	Sound	30	9321954	946	1			260		other	0
10108018_2	252	Sound	37	9340453	606	1			260		other	0
10108018_2	252	Response	1	9345843	5996	1
10108018_2	253	Sound	32	9358952	767	1			260		other	0
10108018_2	253	Response	1	9365762	7576	1
10108018_2	254	Sound	32	9377951	593	1			260		other	0
10108018_2	254	Response	1	9382801	5443	1
10108018_2	255	Sound	36	9405949	583	1			260		other	0
10108018_2	255	Response	1	9410958	5592	3
10108018_2	256	Sound	37	9424948	743	1			260		other	0
10108018_2	256	Response	1	9429518	5313	1
10108018_2	257	Sound	38	9447947	1068	1			260		other	0
10108018_2	257	Response	1	9451836	4958	1
10108018_2	258	Sound	38	9476945	891	1			260		other	0
10108018_2	259	Sound	30	9498444	884	1			260		other	0
10108018_2	260	Sound	35	9515442	1044	1			260		other	0
10108018_2	260	Response	1	9520632	6234	1
10108018_2	261	Sound	35	9538441	703	1			260		other	0
10108018_2	261	Response	1	9542231	4492	1
10108018_2	262	Sound	37	9567439	692	1			260		other	0
10108018_2	263	Sound	40	9590438	851	1			260		other	0
10108018_2	263	Response	1	9593828	4241	1
10108018_2	264	Sound	37	9616936	1008	1			260		other	0
10108018_2	264	Response	1	9620706	4778	1
10108018_2	265	Sound	34	9642435	832	1			260		other	0
10108018_2	265	Response	1	9646464	4862	1
10108018_2	266	Sound	36	9670933	822	1			260		other	0
10108018_2	267	Sound	35	9698931	812	1			260		other	0
10108018_2	268	Sound	31	9716930	973	1			260		other	0
10108018_2	269	Sound	38	9735429	966	1			260		other	0
10108018_2	270	Sound	32	9753928	626	1			260		other	0
10108018_2	271	Sound	40	9782426	949	1			260		other	0
10108018_2	271	Response	1	9786296	4818	1
10108018_2	272	Sound	31	9805425	774	1			260		other	0
10108018_2	273	Sound	39	9830924	932	1			260		other	0
10108018_2	273	Response	1	9834133	4141	1
10108018_2	274	Sound	31	9856922	589	1			260		other	0
10108018_2	275	Sound	40	9878921	915	1			260		other	0
10108018_2	275	Response	1	9881490	3485	1
10108018_2	276	Sound	30	9903919	573	1			260		other	0
10108018_2	277	Sound	34	9922918	899	1			260		other	0
10108018_2	277	Response	1	9925807	3788	1
10108018_2	278	Sound	39	9951916	1056	1			260		other	0
10108018_2	278	Response	1	9956205	5345	1
10108018_2	279	Sound	33	9977915	713	1			260		other	0
10108018_2	280	Sound	33	10002913	1037	1			260		other	0
10108018_2	280	Response	1	10006442	4566	1
10108018_2	281	Sound	31	10022412	1031	1			260		other	0
10108018_2	282	Sound	33	10044411	1023	1			260		other	0
10108018_2	282	Response	1	10048360	4972	1
10108018_2	283	Sound	39	10070909	680	1			260		other	0
10108018_2	283	Response	1	10074598	4369	1
10108018_2	284	Sound	33	10096408	671	1			260		other	0
10108018_2	284	Response	1	10100996	5260	1
10108018_2	285	Sound	34	10122906	661	1			260		other	0
10108018_2	286	Sound	36	10148404	819	1			260		other	0
10108018_2	286	Response	1	10153473	5888	1
10108018_2	287	Sound	40	10172403	977	1			260		other	0
10108018_2	287	Response	1	10175712	4286	1
10108018_2	288	Sound	39	10200901	967	1			260		other	0
10108018_2	289	Sound	34	10224900	792	1			260		other	0
10108018_2	291	Response	255	10261147	13785	1
10108018_2	293	Sound	12	10335393	586	1			260		other	0
10108018_2	293	Response	1	10340262	5454	1
10108018_2	294	Sound	19	10358892	911	1			260		other	0
10108018_2	294	Response	1	10362980	4999	1
10108018_2	295	Sound	11	10377391	571	1			260		other	0
10108018_2	296	Sound	16	10396889	897	1			260		other	0
10108018_2	296	Response	1	10400498	4506	1
10108018_2	297	Sound	14	10424888	887	1			260		other	0
10108018_2	297	Response	1	10429376	5376	1
10108018_2	298	Sound	12	10452386	1044	1			260		other	0
10108018_2	298	Response	1	10457294	5952	1
10108018_2	299	Sound	15	10471385	1037	1			260		other	0
10108018_2	299	Response	1	10476093	5746	1
10108018_2	300	Response	1	10493772	751	1
10108018_2	300	Sound	17	10493883	863	1			260		other	0
10108018_2	301	Sound	11	10515382	855	1			260		other	0
10108018_2	302	Sound	10	10540381	846	1			260		other	0
10108018_2	303	Sound	16	10557880	840	1			260		other	0
10108018_2	303	Response	1	10561928	4888	1
10108018_2	304	Sound	15	10578878	665	1			260		other	0
10108018_2	305	Sound	16	10598377	992	1			260		other	0
10108018_2	305	Response	1	10603206	5820	1
10108018_2	306	Sound	13	10618876	818	1			260		other	0
10108018_2	306	Response	1	10623764	5707	1
10108018_2	307	Sound	11	10634875	812	1			260		other	0
10108018_2	308	Sound	14	10651874	806	1			260		other	0
10108018_2	308	Response	1	10659762	8694	1
10108018_2	309	Sound	12	10676872	964	1			260		other	0
10108018_2	309	Response	1	10680801	4893	1
10108018_2	310	Sound	18	10701871	955	1			260		other	0
10108018_2	310	Response	1	10705679	4764	1
10108018_2	311	Sound	19	10729869	945	1			260		other	0
10108018_2	311	Response	1	10734717	5793	1
10108018_2	312	Sound	15	10747368	772	1			260		other	0
10108018_2	313	Sound	13	10766367	599	1			260		other	0
10108018_2	313	Response	1	10770315	4547	1
10108018_2	314	Sound	18	10784366	926	1			260		other	0
10108018_2	314	Response	1	10788874	5434	1
10108018_2	315	Sound	13	10807865	751	1			260		other	0
10108018_2	315	Response	1	10812953	5839	1
10108018_2	316	Sound	16	10827363	744	1			260		other	0
10108018_2	316	Response	1	10831751	5132	1
10108018_2	317	Sound	20	10846362	570	1			260		other	0
10108018_2	317	Response	1	10849590	3799	1
10108018_2	318	Sound	19	10865361	1064	1			260		other	0
10108018_2	318	Response	1	10868629	4332	1
10108018_2	319	Sound	14	10893859	887	1			260		other	0
10108018_2	320	Sound	19	10914858	879	1			260		other	0
10108018_2	320	Response	1	10918226	4247	1
10108018_2	321	Sound	17	10943356	869	1			260		other	0
10108018_2	322	Sound	10	10959355	864	1			260		other	0
10108018_2	323	Sound	15	10981354	1022	1			260		other	0
10108018_2	323	Response	1	10985262	4930	1
10108018_2	324	Sound	12	11003853	681	1			260		other	0
10108018_2	324	Response	1	11008621	5449	1
10108018_2	325	Sound	17	11027851	672	1			260		other	0
10108018_2	325	Response	1	11031179	4000	1
10108018_2	326	Sound	12	11049850	998	1			260		other	0
10108018_2	326	Response	1	11054058	5206	1
10108018_2	327	Sound	20	11074848	656	1			260		other	0
10108018_2	327	Response	1	11077256	3063	1
10108018_2	328	Sound	14	11101347	980	1			260		other	0
10108018_2	328	Response	1	11104775	4407	1
10108018_2	329	Sound	14	11118346	640	1			260		other	0
10108018_2	329	Response	1	11125733	8028	1
10108018_2	330	Sound	17	11137345	967	1			260		other	0
10108018_2	330	Response	1	11140132	3755	1
10108018_2	331	Sound	20	11159343	959	1			260		other	0
10108018_2	331	Response	1	11161971	3587	1
10108018_2	332	Sound	10	11177842	953	1			260		other	0
10108018_2	333	Sound	11	11201341	777	1			260		other	0
10108018_2	334	Sound	20	11223339	603	1			260		other	0
10108018_2	334	Response	1	11226207	3470	1
10108018_2	335	Sound	17	11240339	597	1			260		other	0
10108018_2	335	Response	1	11245006	5264	1
10108018_2	336	Sound	16	11262837	922	1			260		other	0
10108018_2	336	Response	1	11266605	4690	1
10108018_2	337	Sound	15	11285836	914	1			260		other	0
10108018_2	337	Response	1	11289963	5042	1
10108018_2	338	Sound	13	11312334	738	1			260		other	0
10108018_2	339	Sound	11	11338832	1062	1			260		other	0
10108018_2	340	Sound	18	11366331	885	1			260		other	0
10108018_2	340	Response	1	11370598	5153	1
10108018_2	341	Sound	10	11385830	1045	1			260		other	0
10108018_2	342	Sound	13	11408828	703	1			260		other	0
10108018_2	342	Response	1	11414916	6791	1
10108018_2	343	Sound	19	11437326	860	1			260		other	0
10108018_2	343	Response	1	11441634	5167	1
10108018_2	344	Sound	10	11459825	852	1			260		other	0
10108018_2	345	Sound	18	11481324	678	1			260		other	0
10108018_2	345	Response	1	11486351	5705	1
10108018_2	346	Sound	18	11509822	668	1			260		other	0
10108018_2	346	Response	1	11514109	4955	1
10108018_2	347	Sound	20	11526821	661	1			260		other	0
10108018_2	347	Response	1	11529868	3709	1
10108018_2	349	Response	255	11580745	28498	1
10108018_2	351	Sound	31	11650814	617	1			260		other	0
10108018_2	352	Sound	32	11677312	941	1			260		other	0
10108018_2	352	Response	1	11682499	6128	1
10108018_2	353	Sound	33	11703810	598	1			260		other	0
10108018_2	354	Sound	34	11728309	923	1			260		other	0
10108018_2	355	Sound	37	11747308	916	1			260		other	0
10108018_2	356	Sound	33	11776306	573	1			260		other	0
10108018_2	357	Sound	39	11804304	1063	1			260		other	0
10108018_2	357	Response	1	11807691	4450	1
10108018_2	358	Sound	38	11820803	890	1			260		other	0
10108018_2	359	Sound	31	11841302	883	1			260		other	0
10108018_2	360	Sound	37	11863301	708	1			260		other	0
10108018_2	361	Sound	30	11890299	865	1			260		other	0
10108018_2	362	Sound	33	11911298	858	1			260		other	0
10108018_2	363	Sound	40	11936796	1016	1			260		other	0
10108018_2	363	Response	1	11940083	4302	1
10108018_2	364	Sound	38	11959295	841	1			260		other	0
10108018_2	364	Response	1	11962562	4108	1
10108018_2	365	Sound	38	11984294	665	1			260		other	0
10108018_2	365	Response	1	11989040	5412	1
10108018_2	366	Sound	30	12002292	992	1			260		other	0
10108018_2	367	Sound	35	12020291	652	1			260		other	0
10108018_2	367	Response	1	12026397	6759	3
10108018_2	368	Sound	35	12041290	812	1			260		other	0
10108018_2	368	Response	1	12045357	4878	1
10108018_2	369	Sound	34	12057789	972	1			260		other	0
10108018_2	369	Response	1	12060876	4059	1
10108018_2	370	Sound	36	12075788	966	1			260		other	0
10108018_2	370	Response	1	12079674	4853	1
10108018_2	371	Sound	40	12097787	625	1			260		other	0
10108018_2	371	Response	1	12100233	3071	1
10108018_2	372	Sound	36	12122785	949	1			260		other	0
10108018_2	372	Response	1	12125992	4156	1
10108018_2	373	Sound	34	12150784	939	1			260		other	0
10108018_2	373	Response	1	12154390	4546	1
10108018_2	374	Sound	32	12170282	766	1			260		other	0
10108018_2	375	Sound	39	12186781	760	1			260		other	0
10108018_2	375	Response	1	12190868	4846	1
10108018_2	376	Sound	37	12210780	751	1			260		other	0
10108018_2	376	Response	1	12214866	4837	2
10108018_2	377	Sound	32	12237778	908	1			260		other	0
10108018_2	377	Response	1	12241345	4475	1
10108018_2	378	Sound	40	12263777	899	1			260		other	0
10108018_2	378	Response	1	12267343	4466	1
10108018_2	379	Sound	33	12287275	724	1			260		other	0
10108018_2	380	Sound	30	12306274	1051	1			260		other	0
10108018_2	380	Response	1	12310780	5557	1
10108018_2	381	Sound	37	12324773	877	1			260		other	0
10108018_2	381	Response	1	12328459	4564	1
10108018_2	382	Sound	37	12349771	702	1			260		other	0
10108018_2	382	Response	1	12353578	4508	1
10108018_2	383	Sound	36	12376770	1026	1			260		other	0
10108018_2	383	Response	1	12381336	5592	2
10108018_2	384	Sound	30	12401768	850	1			260		other	0
10108018_2	384	Response	1	12404454	3536	1
10108018_2	385	Sound	35	12418267	844	1			260		other	0
10108018_2	386	Sound	33	12435266	838	1			260		other	0
10108018_2	387	Sound	34	12457765	663	1			260		other	0
10108018_2	388	Sound	31	12483763	654	1			260		other	0
10108018_2	389	Sound	35	12504762	647	1			260		other	0
10108018_2	390	Sound	39	12533260	970	1			260		other	0
10108018_2	390	Response	1	12537486	5196	1
10108018_2	391	Sound	40	12557259	628	1			260		other	0
10108018_2	391	Response	1	12560685	4054	1
10108018_2	392	Sound	39	12573758	789	1			260		other	0
10108018_2	393	Sound	39	12596757	781	1			260		other	0
10108018_2	393	Response	1	12601962	5986	1
10108018_2	394	Sound	31	12625755	937	1			260		other	0
10108018_2	395	Sound	38	12647254	596	1			260		other	0
10108018_2	396	Sound	34	12669752	921	1			260		other	0
10108018_2	396	Response	1	12674438	5607	1
10108018_2	397	Sound	32	12696251	912	1			260		other	0
10108018_2	398	Sound	30	12723749	735	1			260		other	0
10108018_2	399	Sound	40	12740748	1063	1			260		other	0
10108018_2	399	Response	1	12743474	3789	1
10108018_2	400	Sound	36	12760747	889	1			260		other	0
10108018_2	401	Sound	32	12784745	714	1			260		other	0
10108018_2	402	Sound	36	12807244	873	1			260		other	0
10108018_2	402	Response	1	12812109	5738	1
10108018_2	403	Sound	31	12826743	699	1			260		other	0
10108018_2	404	Sound	35	12855741	1022	1			260		other	0
10108018_2	404	Response	1	12859466	4747	1
10108018_2	405	Sound	38	12873740	849	1			260		other	0
10108018_2	407	Response	255	12926742	30264	1
10108018_2	409	Sound	50	13001732	636	1			260		other	0
10108018_2	410	Sound	59	13026731	961	1			260		other	0
10108018_2	410	Response	1	13030096	4326	1
10108018_2	411	Sound	51	13044229	954	1			260		other	0
10108018_2	412	Sound	54	13071728	945	1			260		other	0
10108018_2	413	Sound	60	13091227	938	1			260		other	0
10108018_2	413	Response	1	13094092	3803	1
10108018_2	414	Sound	56	13117725	595	1			260		other	0
10108018_2	415	Sound	57	13139724	587	1			260		other	0
10108018_2	415	Response	1	13143689	4552	1
10108018_2	416	Sound	52	13157723	747	1			260		other	0
10108018_2	416	Response	1	13161128	4153	1
10108018_2	417	Sound	58	13184721	738	1			260		other	0
10108018_2	417	Response	1	13188486	4503	2
10108018_2	418	Sound	60	13213719	894	1			260		other	0
10108018_2	418	Response	1	13216245	3419	1
10108018_2	419	Sound	58	13237718	719	1			260		other	0
10108018_2	419	Response	1	13242003	5004	1
10108018_2	420	Sound	58	13266216	875	1			260		other	0
10108018_2	420	Response	1	13269761	4421	1
10108018_2	421	Sound	51	13282715	870	1			260		other	0
10108018_2	422	Sound	55	13300214	697	1			260		other	0
10108018_2	423	Sound	60	13327213	687	1			260		other	0
10108018_2	423	Response	1	13329998	3472	1
10108018_2	424	Sound	51	13345211	681	1			260		other	0
10108018_2	425	Sound	54	13374710	1004	1			260		other	0
10108018_2	425	Response	1	13379194	5489	1
10108018_2	426	Sound	58	13404208	993	1			260		other	0
10108018_2	426	Response	1	13408633	5418	1
10108018_2	427	Sound	53	13431206	817	1			260		other	0
10108018_2	428	Sound	52	13450205	810	1			260		other	0
10108018_2	429	Sound	55	13467704	804	1			260		other	0
10108018_2	429	Response	1	13471749	4849	1
10108018_2	430	Sound	56	13495202	961	1			260		other	0
10108018_2	430	Response	1	13499107	4865	1
10108018_2	431	Sound	53	13518701	952	1			260		other	0
10108018_2	431	Response	1	13523105	5357	1
10108018_2	432	Sound	56	13539200	778	1			260		other	0
10108018_2	432	Response	1	13542304	3883	1
10108018_2	433	Sound	60	13555699	772	1			260		other	0
10108018_2	433	Response	1	13558943	4017	1
10108018_2	434	Sound	52	13573198	599	1			260		other	0
10108018_2	435	Sound	60	13592697	926	1			260		other	0
10108018_2	435	Response	1	13595181	3411	1
10108018_2	436	Sound	54	13611695	752	1			260		other	0
10108018_2	436	Response	1	13616860	5917	1
10108018_2	437	Sound	50	13635194	744	1			260		other	0
10108018_2	438	Sound	56	13662692	901	1			260		other	0
10108018_2	438	Response	1	13667097	5306	1
10108018_2	439	Sound	50	13681191	895	1			260		other	0
10108018_2	440	Sound	50	13697690	889	1			260		other	0
10108018_2	441	Sound	59	13720189	1047	1			260		other	0
10108018_2	441	Response	1	13723893	4752	1
10108018_2	442	Sound	58	13739688	1041	1			260		other	0
10108018_2	442	Response	1	13742852	4205	1
10108018_2	443	Sound	54	13765186	1031	1			260		other	0
10108018_2	443	Response	1	13769330	5175	1
10108018_2	444	Sound	51	13786685	857	1			260		other	0
10108018_2	445	Sound	52	13808183	1016	1			260		other	0
10108018_2	445	Response	1	13813008	5840	1
10108018_2	446	Sound	53	13830182	841	1			260		other	0
10108018_2	447	Sound	53	13848681	668	1			260		other	0
10108018_2	448	Sound	57	13868680	828	1			260		other	0
10108018_2	448	Response	1	13872204	4352	1
10108018_2	449	Sound	56	13893178	986	1			260		other	0
10108018_2	449	Response	1	13899962	7770	1
10108018_2	450	Sound	57	13914177	645	1			260		other	0
10108018_2	450	Response	1	13917402	3869	1
10108018_2	451	Sound	50	13932676	638	1			260		other	0
10108018_2	452	Sound	59	13958674	629	1			260		other	0
10108018_2	452	Response	1	13961959	3913	1
10108018_2	453	Sound	53	13985673	619	1			260		other	0
10108018_2	453	Response	1	13989717	4663	1
10108018_2	454	Sound	51	14010171	610	1			260		other	0
10108018_2	455	Sound	52	14026670	771	1			260		other	0
10108018_2	455	Response	1	14032114	6215	1
10108018_2	456	Sound	55	14044669	932	1			260		other	0
10108018_2	456	Response	1	14049153	5416	1
10108018_2	457	Sound	59	14071168	756	1			260		other	0
10108018_2	457	Response	1	14074912	4500	1
10108018_2	458	Sound	59	14098166	913	1			260		other	0
10108018_2	458	Response	1	14102190	4937	1
10108018_2	459	Sound	54	14115165	740	1			260		other	0
10108018_2	459	Response	1	14118109	3684	1
10108018_2	460	Sound	57	14138664	1065	1			260		other	0
10108018_2	460	Response	1	14141948	4349	1
10108018_2	461	Sound	55	14168162	1054	1			260		other	0
10108018_2	462	Sound	57	14185661	882	1			260		other	0
10108018_2	462	Response	1	14189144	4365	1
10108018_2	463	Sound	55	14209659	1040	1			260		other	0
10108018_2	463	Response	1	14214023	5403	1
10108018_2	465	Response	255	14255301	22260	1
10108018_2	467	Sound	18	14336152	994	1			260		other	0
10108018_2	467	Response	1	14339855	4698	1
10108018_2	468	Sound	19	14353151	989	1			260		other	0
10108018_2	468	Response	1	14357374	5212	1
10108018_2	469	Sound	15	14381149	812	1			260		other	0
10108018_2	469	Response	1	14384893	4556	1
10108018_2	470	Sound	18	14400648	805	1			260		other	0
10108018_2	470	Response	1	14403851	4009	1
10108018_2	471	Sound	10	14426646	796	1			260		other	0
10108018_2	472	Sound	11	14445145	789	1			260		other	0
10108018_2	473	Sound	19	14473643	946	1			260		other	0
10108018_2	473	Response	1	14477047	4349	1
10108018_2	474	Sound	17	14497642	604	1			260		other	0
10108018_2	474	Response	1	14503045	6007	1
10108018_2	475	Sound	11	14526140	760	1			260		other	0
10108018_2	475	Response	1	14530964	5584	1
10108018_2	476	Sound	19	14550639	751	1			260		other	0
10108018_2	476	Response	1	14553682	3795	1
10108018_2	477	Sound	11	14566638	913	1			260		other	0
10108018_2	478	Sound	17	14586636	905	1			260		other	0
10108018_2	478	Response	1	14590000	4269	1
10108018_2	479	Sound	20	14613135	729	1			260		other	0
10108018_2	479	Response	1	14616878	4472	1
10108018_2	480	Sound	12	14629134	1057	1			260		other	0
10108018_2	481	Sound	11	14655632	714	1			260		other	0
10108018_2	482	Sound	18	14682631	1038	1			260		other	0
10108018_2	482	Response	1	14686554	4961	1
10108018_2	483	Sound	10	14702130	864	1			260		other	0
10108018_2	484	Sound	19	14726128	689	1			260		other	0
10108018_2	484	Response	1	14731511	6072	1
10108018_2	485	Sound	17	14744627	682	1			260		other	0
10108018_2	485	Response	1	14748550	4606	1
10108018_2	486	Sound	12	14766626	841	1			260		other	0
10108018_2	487	Sound	17	14793624	832	1			260		other	0
10108018_2	487	Response	1	14796867	4075	1
10108018_2	488	Sound	13	14815123	657	1			260		other	0
10108018_2	488	Response	1	14818706	4240	1
10108018_2	489	Sound	13	14835121	817	1			260		other	0
10108018_2	489	Response	1	14835905	1600	1
10108018_2	490	Sound	15	14862120	807	1			260		other	0
10108018_2	490	Response	1	14866943	5630	1
10108018_2	491	Sound	17	14887118	798	1			260		other	0
10108018_2	491	Response	1	14893821	7501	1
10108018_2	492	Sound	10	14910117	957	1			260		other	0
10108018_2	493	Sound	16	14937115	614	1			260		other	0
10108018_2	493	Response	1	14941418	4917	1
10108018_2	494	Sound	15	14956114	607	1			260		other	0
10108018_2	495	Sound	20	14978613	766	1			260		other	0
10108018_2	495	Response	1	14981656	3809	1
10108018_2	496	Sound	11	15007111	922	1			260		other	0
10108018_2	497	Sound	14	15035110	912	1			260		other	0
10108018_2	498	Sound	19	15060108	903	1			260		other	0
10108018_2	498	Response	1	15063331	4126	1
10108018_2	499	Sound	18	15085606	1061	1			260		other	0
10108018_2	499	Response	1	15089329	4784	1
10108018_2	500	Sound	16	15111105	885	1			260		other	0
10108018_2	500	Response	1	15115088	4868	1
10108018_2	501	Sound	16	15129104	712	1			260		other	0
10108018_2	501	Response	1	15133647	5255	1
10108018_2	502	Response	1	15153565	166	1
10108018_2	502	Sound	16	15154102	703	1			260		other	0
10108018_2	503	Sound	14	15175101	696	1			260		other	0
10108018_2	503	Response	1	15178684	4279	1
10108018_2	504	Sound	15	15203099	686	1			260		other	0
10108018_2	504	Response	1	15206602	4188	1
10108018_2	505	Sound	12	15220598	680	1			260		other	0
10108018_2	505	Response	1	15227161	7242	1
10108018_2	506	Sound	16	15248097	670	1			260		other	0
10108018_2	506	Response	1	15251399	3972	1
10108018_2	507	Sound	13	15264096	664	1			260		other	0
10108018_2	508	Sound	10	15280595	825	1			260		other	0
10108018_2	509	Sound	14	15303093	817	1			260		other	0
10108018_2	509	Response	1	15306436	4160	1
10108018_2	510	Sound	10	15325092	976	1			260		other	0
10108018_2	511	Sound	15	15344591	802	1			260		other	0
10108018_2	511	Response	1	15348193	4405	1
10108018_2	512	Sound	20	15369589	793	1			260		other	0
10108018_2	512	Response	1	15373071	4275	1
10108018_2	513	Sound	12	15397088	950	1			260		other	0
10108018_2	513	Response	1	15401710	5572	1
10108018_2	514	Sound	20	15416086	943	1			260		other	0
10108018_2	514	Response	1	15418749	3606	1
10108018_2	515	Sound	18	15432085	771	1			260		other	0
10108018_2	515	Response	1	15436908	5593	1
10108018_2	516	Sound	14	15455584	929	1			260		other	0
10108018_2	516	Response	1	15460426	5772	1
10108018_2	517	Sound	14	15482082	753	1			260		other	0
10108018_2	517	Response	1	15486424	5095	1
10108018_2	518	Sound	13	15503081	912	1			260		other	0
10108018_2	518	Response	1	15506343	4175	1
10108018_2	519	Sound	13	15522580	1072	1			260		other	0
10108018_2	519	Response	1	15530582	9074	1
10108018_2	520	Sound	20	15546579	1064	1			260		other	0
10108018_2	520	Response	1	15549141	3626	1
10108018_2	521	Sound	12	15568077	723	1			260		other	0
10108018_2	523	Response	255	15609457	19349	1
10108018_2	525	Sound	36	15683070	681	1			260		other	0
10108018_2	525	Response	1	15687212	4824	1
10108018_2	526	Sound	31	15701069	1009	1			260		other	0
10108018_2	526	Response	1	15705771	5711	1
10108018_2	527	Sound	31	15730568	998	1			260		other	0
10108018_2	527	Response	1	15733929	4360	1
10108018_2	528	Sound	40	15750566	991	1			260		other	0
10108018_2	528	Response	1	15752968	3393	1
10108018_2	529	Sound	40	15767065	652	1			260		other	0
10108018_2	529	Response	1	15770247	3834	1
10108018_2	530	Sound	35	15795064	642	1			260		other	0
10108018_2	531	Sound	36	15814062	802	1			260		other	0
10108018_2	531	Response	1	15817604	4344	1
10108018_2	532	Sound	30	15840561	959	1			260		other	0
10108018_2	532	Response	1	15843603	4001	1
10108018_2	533	Sound	30	15862060	951	1			260		other	0
10108018_2	534	Sound	40	15884558	610	1			260		other	0
10108018_2	534	Response	1	15887760	3812	1
10108018_2	535	Sound	30	15910557	601	1			260		other	0
10108018_2	536	Sound	33	15932055	760	1			260		other	0
10108018_2	537	Sound	38	15949054	587	1			260		other	0
10108018_2	537	Response	1	15953916	5449	1
10108018_2	538	Sound	40	15970053	746	1			260		other	0
10108018_2	538	Response	1	15975115	5808	1
10108018_2	539	Sound	33	15993052	738	1			260		other	0
10108018_2	539	Response	1	15997193	4880	1
10108018_2	540	Sound	32	16010051	732	1			260		other	0
10108018_2	541	Sound	39	16035049	723	1			260		other	0
10108018_2	542	Sound	34	16056548	715	1			260		other	0
10108018_2	543	Sound	34	16081546	706	1			260		other	0
10108018_2	544	Sound	33	16101545	866	1			260		other	0
10108018_2	545	Sound	32	16119544	693	1			260		other	0
10108018_2	546	Sound	33	16137543	1020	1			260		other	0
10108018_2	546	Response	1	16142224	5701	1
10108018_2	547	Sound	35	16163041	844	1			260		other	0
10108018_2	548	Sound	37	16181040	1004	1			260		other	0
10108018_2	548	Response	1	16185902	5866	1
10108018_2	549	Sound	33	16199039	831	1			260		other	0
10108018_2	550	Sound	31	16217038	658	1			260		other	0
10108018_2	550	Response	1	16223259	6879	1
10108018_2	551	Sound	36	16237537	651	1			260		other	0
10108018_2	551	Response	1	16243098	6212	1
10108018_2	552	Sound	31	16262535	975	1			260		other	0
10108018_2	552	Response	1	16266057	4497	1
10108018_2	553	Sound	32	16290534	799	1			260		other	0
10108018_2	554	Sound	35	16319532	788	1			260		other	0
10108018_2	555	Sound	37	16344530	613	1			260		other	0
10108018_2	556	Sound	37	16366029	605	1			260		other	0
10108018_2	556	Response	1	16372690	7266	1
10108018_2	557	Sound	37	16395527	928	1			260		other	0
10108018_2	557	Response	1	16400448	5849	1
10108018_2	558	Sound	38	16424026	751	1			260		other	0
10108018_2	559	Sound	40	16451024	908	1			260		other	0
10108018_2	559	Response	1	16453965	3849	1
10108018_2	560	Sound	32	16480522	898	1			260		other	0
10108018_2	561	Sound	38	16504021	889	1			260		other	0
10108018_2	561	Response	1	16510522	7390	1
10108018_2	562	Sound	34	16528019	714	1			260		other	0
10108018_2	563	Sound	32	16548018	1040	1			260		other	0
10108018_2	564	Sound	39	16570517	699	1			260		other	0
10108018_2	565	Sound	38	16590516	859	1			260		other	0
10108018_2	565	Response	1	16598356	8700	1
10108018_2	566	Sound	36	16607015	1020	1			260		other	0
10108018_2	567	Sound	30	16632513	1010	1			260		other	0
10108018_2	568	Sound	35	16650512	1004	1			260		other	0
10108018_2	568	Response	1	16654913	5405	1
10108018_2	569	Sound	34	16678010	994	1			260		other	0
10108018_2	570	Sound	36	16703509	818	1			260		other	0
10108018_2	570	Response	1	16708829	6139	1
10108018_2	571	Sound	34	16728007	643	1			260		other	0
10108018_2	572	Sound	31	16746506	636	1			260		other	0
10108018_2	573	Sound	37	16770005	961	1			260		other	0
10108018_2	573	Response	1	16775225	6182	1
10108018_2	574	Sound	39	16789003	955	1			260		other	0
10108018_2	574	Response	1	16793384	5335	1
10108018_2	575	Sound	39	16818002	944	1			260		other	0
10108018_2	575	Response	1	16822662	5605	1
10108018_2	576	Sound	39	16835501	771	1			260		other	0
10108018_2	576	Response	1	16840581	5852	1
10108018_2	577	Sound	30	16853500	765	1			260		other	0
10108018_2	578	Sound	35	16877998	756	1			260		other	0
10108018_2	578	Response	1	16887938	10696	1
10108018_2	579	Sound	38	16896997	583	1			260		other	0
10108018_2	581	Response	255	16938415	19248	1
10108018_2	583	Sound	19	17005490	877	1			260		other	0
10108018_2	583	Response	1	17011371	6758	1
10108018_2	584	Sound	14	17028989	1036	1			260		other	0
10108018_2	584	Response	1	17032330	4376	1
10108018_2	585	Sound	20	17051488	861	1			260		other	0
10108018_2	585	Response	1	17054408	3782	1
10108018_2	586	Sound	10	17069987	854	1			260		other	0
10108018_2	587	Sound	14	17094485	1012	1			260		other	0
10108018_2	588	Sound	15	17114484	1005	1			260		other	0
10108018_2	588	Response	1	17118404	4925	2
10108018_2	589	Sound	18	17134983	831	1			260		other	0
10108018_2	589	Response	1	17138323	4172	1
10108018_2	590	Sound	13	17161481	822	1			260		other	0
10108018_2	590	Response	1	17166241	5582	1
10108018_2	591	Sound	11	17180480	815	1			260		other	0
10108018_2	592	Sound	13	17201979	807	1			260		other	0
10108018_2	592	Response	1	17206879	5707	1
10108018_2	593	Sound	10	17222477	633	1			260		other	0
10108018_2	594	Sound	19	17246476	958	1			260		other	0
10108018_2	594	Response	1	17252796	7278	1
10108018_2	595	Sound	19	17265975	951	1			260		other	0
10108018_2	595	Response	1	17270875	5851	1
10108018_2	596	Sound	11	17283974	611	1			260		other	0
10108018_2	596	Response	1	17290153	6791	1
10108018_2	597	Sound	16	17305972	604	1			260		other	0
10108018_2	597	Response	1	17308872	3504	1
10108018_2	598	Sound	20	17327971	929	1			260		other	0
10108018_2	598	Response	1	17331431	4389	1
10108018_2	599	Sound	17	17354470	586	1			260		other	0
10108018_2	599	Response	1	17356710	2826	1
10108018_2	600	Sound	10	17381968	743	1			260		other	0
10108018_2	601	Sound	18	17398467	571	1			260		other	0
10108018_2	601	Response	1	17402627	4731	1
10108018_2	602	Sound	11	17419466	897	1			260		other	0
10108018_2	603	Sound	14	17443964	1055	1			260		other	0
10108018_2	604	Sound	14	17464463	1047	1			260		other	0
10108018_2	604	Response	1	17467903	4487	1
10108018_2	605	Sound	17	17492461	704	1			260		other	0
10108018_2	605	Response	1	17495661	3904	1
10108018_2	606	Sound	12	17508960	1032	1			260		other	0
10108018_2	607	Sound	12	17532959	690	1			260		other	0
10108018_2	608	Sound	16	17552458	849	1			260		other	0
10108018_2	608	Response	1	17556857	5249	1
10108018_2	609	Sound	12	17571456	1009	1			260		other	0
10108018_2	610	Sound	11	17588955	670	1			260		other	0
10108018_2	610	Response	1	17594855	6569	1
10108018_2	611	Sound	16	17612454	661	1			260		other	0
10108018_2	611	Response	1	17616214	4421	1
10108018_2	612	Sound	13	17635952	653	1			260		other	0
10108018_2	612	Response	1	17642932	7632	1
10108018_2	613	Sound	11	17653951	813	1			260		other	0
10108018_2	614	Sound	19	17673450	639	1			260		other	0
10108018_2	614	Response	1	17678050	5239	1
10108018_2	615	Sound	13	17690949	800	1			260		other	0
10108018_2	615	Response	1	17695088	4939	1
10108018_2	616	Sound	18	17716448	958	1			260		other	0
10108018_2	616	Response	1	17719327	3837	1
10108018_2	617	Sound	17	17736446	617	1			260		other	0
10108018_2	617	Response	1	17739646	3817	1
10108018_2	618	Sound	17	17760445	609	1			260		other	0
10108018_2	618	Response	1	17763884	4048	1
10108018_2	619	Sound	12	17786443	933	1			260		other	0
10108018_2	619	Response	1	17790363	4852	1
10108018_2	620	Sound	15	17803442	593	1			260		other	0
10108018_2	621	Sound	13	17830441	750	1			260		other	0
10108018_2	621	Response	1	17835320	5630	1
10108018_2	622	Sound	19	17850440	577	1			260		other	0
10108018_2	622	Response	1	17854759	4896	1
10108018_2	623	Sound	12	17866439	737	1			260		other	0
10108018_2	624	Sound	20	17888437	1063	1			260		other	0
10108018_2	624	Response	1	17891237	3862	1
10108018_2	625	Sound	15	17910936	722	1			260		other	0
10108018_2	625	Response	1	17920115	9901	1
10108018_2	626	Sound	20	17928935	882	1			260		other	0
10108018_2	626	Response	1	17932114	4061	1
10108018_2	627	Sound	17	17945434	710	1			260		other	0
10108018_2	627	Response	1	17948513	3789	1
10108018_2	628	Sound	14	17972432	1033	1			260		other	0
10108018_2	629	Sound	10	18000931	690	1			260		other	0
10108018_2	630	Sound	10	18023929	848	1			260		other	0
10108018_2	631	Sound	15	18047928	1006	1			260		other	0
10108018_2	632	Sound	15	18066926	833	1			260		other	0
10108018_2	632	Response	1	18071225	5132	1
10108018_2	633	Sound	16	18091925	991	1			260		other	0
10108018_2	633	Response	1	18097224	6290	1
10108018_2	634	Sound	18	18117923	648	1			260		other	0
10108018_2	634	Response	1	18122582	5307	1
10108018_2	635	Sound	20	18144422	972	1			260		other	0
10108018_2	635	Response	1	18147461	4011	1
10108018_2	636	Sound	16	18162921	632	1			260		other	0
10108018_2	637	Sound	18	18180920	625	1			260		other	0
10108018_2	637	Response	1	18184419	4124	1
10108018_2	639	Response	255	18213937	16558	1
10108018_2	641	Sound	14	18277914	924	1			260		other	0
10108018_2	641	Response	1	18281373	4383	1
10108018_2	642	Sound	17	18305412	581	1			260		other	0
10108018_2	642	Response	1	18309131	4300	1
10108018_2	643	Sound	17	18323411	575	1			260		other	0
10108018_2	643	Response	1	18327050	4213	1
10108018_2	644	Sound	10	18345910	900	1			260		other	0
10108018_2	645	Sound	12	18367908	726	1			260		other	0
10108018_2	645	Response	1	18371207	4024	1
10108018_2	646	Sound	10	18393407	883	1			260		other	0
10108018_2	647	Sound	18	18410406	711	1			260		other	0
10108018_2	647	Response	1	18416404	6709	1
10108018_2	648	Sound	10	18430905	703	1			260		other	0
10108018_2	649	Sound	16	18454403	1028	1			260		other	0
10108018_2	649	Response	1	18461601	8227	1
10108018_2	650	Sound	14	18479401	853	1			260		other	0
10108018_2	651	Sound	17	18496401	847	1			260		other	0
10108018_2	651	Response	1	18499839	4285	1
10108018_2	652	Sound	15	18514900	1007	1			260		other	0
10108018_2	652	Response	1	18521038	7145	1
10108018_2	653	Sound	11	18535398	833	1			260		other	0
10108018_2	654	Sound	16	18559897	824	1			260		other	0
10108018_2	654	Response	1	18563595	4522	1
10108018_2	655	Sound	17	18584895	982	1			260		other	0
10108018_2	655	Response	1	18590473	6560	1
10108018_2	656	Sound	10	18602394	642	1			260		other	0
10108018_2	657	Sound	13	18625893	800	1			260		other	0
10108018_2	657	Response	1	18630071	4979	1
10108018_2	658	Sound	13	18649891	959	1			260		other	0
10108018_2	658	Response	1	18653589	4657	1
10108018_2	659	Sound	15	18677890	949	1			260		other	0
10108018_2	659	Response	1	18683108	6167	1
10108018_2	660	Sound	11	18703888	773	1			260		other	0
10108018_2	660	Response	1	18709746	6631	1
10108018_2	661	Sound	13	18722387	933	1			260		other	0
10108018_2	662	Sound	12	18743386	925	1			260		other	0
10108018_2	662	Response	1	18749264	6803	1
10108018_2	663	Sound	13	18759885	919	1			260		other	0
10108018_2	663	Response	1	18766783	7817	1
10108018_2	664	Sound	14	18780883	745	1			260		other	0
10108018_2	664	Response	1	18791661	11523	1
10108018_2	665	Sound	11	18801882	571	1			260		other	0
10108018_2	665	Response	1	18808060	6749	1
10108018_2	666	Sound	20	18830380	728	1			260		other	0
10108018_2	666	Response	1	18835338	5685	1
10108018_2	667	Sound	16	18857879	1051	1			260		other	0
10108018_2	667	Response	1	18863337	6509	1
10108018_2	668	Sound	19	18875378	712	1			260		other	0
10108018_2	668	Response	1	18880615	5949	1
10108018_2	669	Sound	20	18897376	1037	1			260		other	0
10108018_2	669	Response	1	18900454	4115	1
10108018_2	670	Sound	19	18924875	861	1			260		other	0
10108018_2	670	Response	1	18928453	4439	1
10108018_2	671	Sound	15	18942374	1021	1			260		other	0
10108018_2	671	Response	1	18948051	6699	1
10108018_2	672	Sound	11	18963872	847	1			260		other	0
10108018_2	672	Response	1	18968370	5345	1
10108018_2	673	Sound	19	18980371	841	1			260		other	0
10108018_2	673	Response	1	18984129	4599	1
10108018_2	674	Sound	11	19002370	833	1			260		other	0
10108018_2	675	Sound	10	19030868	990	1			260		other	0
10108018_2	676	Sound	14	19049867	650	1			260		other	0
10108018_2	677	Sound	18	19075366	640	1			260		other	0
10108018_2	677	Response	1	19079403	4678	1
10108018_2	678	Sound	17	19103864	964	1			260		other	0
10108018_2	678	Response	1	19115001	12101	1
10108018_2	679	Sound	20	19123363	623	1			260		other	0
10108018_2	679	Response	1	19127400	4661	1
10108018_2	680	Sound	20	19142362	617	1			260		other	0
10108018_2	680	Response	1	19145799	4054	1
10108018_2	681	Sound	12	19162360	610	1			260		other	0
10108018_2	681	Response	1	19167798	6047	1
10108018_2	682	Sound	16	19185859	934	1			260		other	0
10108018_2	682	Response	1	19192276	7352	1
10108018_2	683	Sound	13	19206358	594	1			260		other	0
10108018_2	683	Response	1	19212835	7071	1
10108018_2	684	Sound	15	19229856	752	1			260		other	0
10108018_2	684	Response	1	19233554	4450	1
10108018_2	685	Sound	20	19254355	577	1			260		other	0
10108018_2	685	Response	1	19258272	4494	1
10108018_2	686	Sound	15	19281853	733	1			260		other	0
10108018_2	686	Response	1	19286190	5071	1
10108018_2	687	Sound	19	19301852	893	1			260		other	0
10108018_2	687	Response	1	19305869	4911	1
10108018_2	688	Sound	14	19327850	1051	1			260		other	0
10108018_2	688	Response	1	19332508	5708	1
10108018_2	689	Sound	19	19348849	710	1			260		other	0
10108018_2	689	Response	1	19352667	4527	1
10108018_2	690	Sound	12	19369848	869	1			260		other	0
10108018_2	691	Sound	18	19392846	861	1			260		other	0
10108018_2	692	Sound	18	19412345	854	1			260		other	0
10108018_2	692	Response	1	19418822	7331	1
10108018_2	693	Sound	16	19436344	1012	1			260		other	0
10108018_2	693	Response	1	19446341	11009	1
10108018_2	694	Sound	12	19464342	1002	1			260		other	0
10108018_2	695	Sound	18	19480841	829	1			260		other	0
10108018_2	697	Response	255	19547055	43456	1
10108018_2	699	Sound	55	19618333	780	1			260		other	0
10108018_2	700	Sound	53	19644831	938	1			260		other	0
10108018_2	700	Response	1	19649688	5795	1
10108018_2	701	Sound	57	19673829	927	1			260		other	0
10108018_2	701	Response	1	19678086	5184	1
10108018_2	702	Sound	54	19690829	921	1			260		other	0
10108018_2	702	Response	1	19695366	5458	1
10108018_2	703	Sound	54	19707828	915	1			260		other	0
10108018_2	703	Response	1	19714404	7492	1
10108018_2	704	Sound	50	19725326	576	1			260		other	0
10108018_2	705	Sound	59	19749325	901	1			260		other	0
10108018_2	705	Response	1	19757442	9017	1
10108018_2	706	Sound	51	19776823	725	1			260		other	0
10108018_2	707	Sound	51	19794822	718	1			260		other	0
10108018_2	708	Sound	53	19823320	874	1			260		other	0
10108018_2	709	Sound	58	19846319	1033	1			260		other	0
10108018_2	709	Response	1	19850876	5590	1
10108018_2	710	Sound	59	19866318	692	1			260		other	0
10108018_2	710	Response	1	19870794	5169	1
10108018_2	711	Sound	56	19888317	684	1			260		other	0
10108018_2	711	Response	1	19895033	7401	1
10108018_2	712	Sound	56	19914815	1008	1			260		other	0
10108018_2	712	Response	1	19919672	5865	1
10108018_2	713	Sound	53	19938314	1000	1			260		other	0
10108018_2	714	Sound	57	19961812	658	1			260		other	0
10108018_2	714	Response	1	19969269	8115	1
10108018_2	715	Sound	59	19985311	816	1			260		other	0
10108018_2	715	Response	1	19990067	5573	1
10108018_2	716	Sound	56	20003310	644	1			260		other	0
10108018_2	716	Response	1	20007746	5081	1
10108018_2	717	Sound	51	20020809	971	1			260		other	0
10108018_2	718	Sound	55	20048307	627	1			260		other	0
10108018_2	718	Response	1	20053823	6144	1
10108018_2	719	Sound	54	20068806	954	1			260		other	0
10108018_2	720	Sound	60	20096804	610	1			260		other	0
10108018_2	720	Response	1	20100141	3947	1
10108018_2	721	Sound	60	20115303	770	1			260		other	0
10108018_2	721	Response	1	20118939	4406	1
10108018_2	722	Sound	58	20134302	763	1			260		other	0
10108018_2	722	Response	1	20138378	4840	1
10108018_2	723	Sound	59	20155800	589	1			260		other	0
10108018_2	723	Response	1	20159337	4126	1
10108018_2	724	Sound	50	20183299	746	1			260		other	0
10108018_2	725	Sound	53	20205798	905	1			260		other	0
10108018_2	725	Response	1	20211734	6841	1
10108018_2	726	Sound	59	20223296	565	1			260		other	0
10108018_2	726	Response	1	20227893	5161	1
10108018_2	727	Sound	53	20247795	1057	1			260		other	0
10108018_2	728	Sound	58	20265794	717	1			260		other	0
10108018_2	728	Response	1	20271810	6733	2
10108018_2	729	Sound	52	20291792	1041	1			260		other	0
10108018_2	730	Sound	50	20308291	702	1			260		other	0
10108018_2	731	Sound	57	20326290	695	1			260		other	0
10108018_2	731	Response	1	20331646	6051	1
10108018_2	732	Sound	55	20348789	687	1			260		other	0
10108018_2	732	Response	1	20356125	8023	1
10108018_2	733	Sound	52	20375287	1011	1			260		other	0
10108018_2	734	Sound	55	20393286	1005	1			260		other	0
10108018_2	734	Response	1	20399002	6721	1
10108018_2	735	Sound	52	20416285	996	1			260		other	0
10108018_2	735	Response	1	20421641	6352	1
10108018_2	736	Sound	50	20439283	822	1			260		other	0
10108018_2	737	Sound	54	20466782	645	1			260		other	0
10108018_2	737	Response	1	20472358	6221	1
10108018_2	738	Sound	57	20494780	969	1			260		other	0
10108018_2	738	Response	1	20498756	4944	1
10108018_2	739	Sound	50	20516279	627	1			260		other	0
10108018_2	740	Sound	51	20541777	785	1			260		other	0
10108018_2	741	Sound	60	20559276	946	1			260		other	0
10108018_2	741	Response	1	20562832	4501	1
10108018_2	742	Sound	51	20578275	939	1			260		other	0
10108018_2	743	Sound	57	20594774	600	1			260		other	0
10108018_2	743	Response	1	20599950	5775	1
10108018_2	744	Sound	60	20614273	592	1			260		other	0
10108018_2	744	Response	1	20618909	5228	1
10108018_2	745	Sound	52	20631272	753	1			260		other	0
10108018_2	746	Sound	60	20652770	579	1			260		other	0
10108018_2	746	Response	1	20656906	4715	1
10108018_2	747	Sound	56	20671769	905	1			260		other	0
10108018_2	748	Sound	58	20694768	897	1			260		other	0
10108018_2	749	Sound	58	20720266	722	1			260		other	0
10108018_2	749	Response	1	20725062	5518	1
10108018_2	750	Sound	52	20740265	1048	1			260		other	0
10108018_2	751	Sound	54	20762764	706	1			260		other	0
10108018_2	751	Response	1	20769859	7802	1
10108018_2	752	Sound	55	20785263	1032	1			260		other	0
10108018_2	752	Response	1	20791938	7707	1
10108018_2	753	Sound	56	20813761	855	1			260		other	0
10108018_2	755	Response	255	20857454	21128	1
10108018_2	757	Sound	50	20931254	980	1			260		other	0
10108018_2	758	Sound	50	20958252	637	1			260		other	0
10108018_2	759	Sound	54	20987250	794	1			260		other	0
10108018_2	759	Response	1	20991606	5149	1
10108018_2	760	Sound	51	21012749	951	1			260		other	0
10108018_2	761	Sound	59	21030748	778	1			260		other	0
10108018_2	761	Response	1	21034403	4433	1
10108018_2	761	Response	1	21051202	21232	1
10108018_2	762	Sound	55	21057746	768	1			260		other	0
10108018_2	763	Sound	56	21076245	761	1			260		other	0
10108018_2	763	Response	1	21080240	4757	1
10108018_2	764	Sound	51	21097744	587	1			260		other	0
10108018_2	764	Response	1	21105839	8682	1
10108018_2	765	Sound	54	21121742	579	1			260		other	0
10108018_2	766	Sound	50	21142241	571	1			260		other	0
10108018_2	767	Sound	52	21167739	729	1			260		other	0
10108018_2	768	Sound	53	21192238	720	1			260		other	0
10108018_2	769	Sound	60	21209737	714	1			260		other	0
10108018_2	769	Response	1	21212872	3849	1
10108018_2	770	Sound	51	21229736	873	1			260		other	0
10108018_2	771	Sound	57	21256734	864	1			260		other	0
10108018_2	771	Response	1	21260309	4439	1
10108018_2	772	Sound	50	21279233	856	1			260		other	0
10108018_2	773	Sound	50	21305231	680	1			260		other	0
10108018_2	774	Sound	55	21327230	839	1			260		other	0
10108018_2	774	Response	1	21333025	6634	1
10108018_2	775	Sound	54	21347728	665	1			260		other	0
10108018_2	775	Response	1	21353743	6680	1
10108018_2	776	Sound	56	21371727	656	1			260		other	0
10108018_2	776	Response	1	21374942	3871	1
10108018_2	777	Sound	55	21390726	649	1			260		other	0
10108018_2	777	Response	1	21393981	3904	1
10108018_2	778	Sound	54	21414724	974	1			260		other	0
10108018_2	778	Response	1	21419499	5749	1
10108018_2	779	Sound	60	21439723	632	1			260		other	0
10108018_2	779	Response	1	21442858	3767	1
10108018_2	780	Sound	59	21460722	791	1			260		other	0
10108018_2	780	Response	1	21464297	4366	1
10108018_2	781	Sound	51	21486220	949	1			260		other	0
10108018_2	781	Response	1	21490535	5264	1
10108018_2	782	Sound	52	21508219	941	1			260		other	0
10108018_2	782	Response	1	21514133	6856	1
10108018_2	783	Sound	58	21525218	935	1			260		other	0
10108018_2	783	Response	1	21529573	5290	1
10108018_2	784	Sound	59	21545217	594	1			260		other	0
10108018_2	784	Response	1	21548371	3749	1
10108018_2	785	Sound	57	21562216	922	1			260		other	0
10108018_2	785	Response	1	21566290	4996	1
10108018_2	786	Sound	53	21588214	913	1			260		other	0
10108018_2	787	Sound	55	21606713	906	1			260		other	0
10108018_2	787	Response	1	21610848	5041	1
10108018_2	788	Sound	58	21625212	732	1			260		other	0
10108018_2	788	Response	1	21629006	4527	1
10108018_2	789	Sound	56	21653210	1056	1			260		other	0
10108018_2	789	Response	1	21656525	4371	1
10108018_2	790	Sound	53	21678708	716	1			260		other	0
10108018_2	790	Response	1	21683403	5410	1
10108018_2	791	Sound	60	21703707	1038	1			260		other	0
10108018_2	791	Response	1	21706522	3853	1
10108018_2	792	Sound	53	21721206	1032	1			260		other	0
10108018_2	792	Response	1	21724920	4746	1
10108018_2	793	Sound	58	21748704	1022	1			260		other	0
10108018_2	793	Response	1	21751959	4277	1
10108018_2	794	Sound	57	21774203	679	1			260		other	0
10108018_2	794	Response	1	21777557	4034	1
10108018_2	795	Sound	56	21795202	839	1			260		other	0
10108018_2	796	Sound	55	21811701	666	1			260		other	0
10108018_2	796	Response	1	21815315	4281	1
10108018_2	797	Sound	51	21838199	823	1			260		other	0
10108018_2	798	Sound	56	21860697	815	1			260		other	0
10108018_2	798	Response	1	21865392	5510	1
10108018_2	799	Sound	54	21888696	805	1			260		other	0
10108018_2	799	Response	1	21892030	4140	1
10108018_2	800	Sound	60	21909695	631	1			260		other	0
10108018_2	800	Response	1	21912988	3925	3
10108018_2	801	Sound	59	21930693	791	1			260		other	0
10108018_2	801	Response	1	21935068	5165	1
10108018_2	802	Sound	52	21949192	784	1			260		other	0
10108018_2	803	Sound	58	21974191	775	1			260		other	0
10108018_2	803	Response	1	21978505	5089	1
10108018_2	804	Sound	52	21995189	601	1			260		other	0
10108018_2	805	Sound	57	22011688	595	1			260		other	0
10108018_2	805	Response	1	22015863	4769	1
10108018_2	806	Sound	57	22035187	586	1			260		other	0
10108018_2	806	Response	1	22039701	5101	1
10108018_2	807	Sound	52	22057686	912	1			260		other	0
10108018_2	808	Sound	53	22082684	570	1			260		other	0
10108018_2	809	Sound	60	22100183	1063	1			260		other	0
10108018_2	809	Response	1	22103857	4738	1
10108018_2	810	Sound	59	22122682	722	1			260		other	0
10108018_2	810	Response	1	22126416	4456	1
10108018_2	811	Sound	58	22146180	714	1			260		other	0
10108018_2	811	Response	1	22150014	4548	1
10108018_2	813	Response	255	22198891	25170	1
10108018_2	815	Sound	16	22268173	837	1			260		other	0
10108018_2	815	Response	1	22275607	8271	1
10108018_2	816	Sound	13	22290672	829	1			260		other	0
10108018_2	816	Response	1	22299605	9763	1
10108018_2	817	Sound	19	22309171	656	1			260		other	0
10108018_2	817	Response	1	22314244	5729	1
10108018_2	818	Sound	14	22335169	980	1			260		other	0
10108018_2	818	Response	1	22339122	4933	1
10108018_2	819	Sound	17	22358167	972	1			260		other	0
10108018_2	819	Response	1	22362561	5365	1
10108018_2	820	Sound	10	22380666	797	1			260		other	0
10108018_2	821	Sound	20	22401165	956	1			260		other	0
10108018_2	821	Response	1	22408158	7950	1
10108018_2	822	Sound	14	22426663	614	1			260		other	0
10108018_2	823	Sound	19	22452662	938	1			260		other	0
10108018_2	823	Response	1	22458235	6512	1
10108018_2	824	Sound	11	22480160	761	1			260		other	0
10108018_2	825	Sound	18	22502159	920	1			260		other	0
10108018_2	825	Response	1	22506712	5474	1
10108018_2	826	Sound	16	22528157	744	1			260		other	0
10108018_2	826	Response	1	22534471	7058	1
10108018_2	827	Sound	20	22550656	1070	1			260		other	0
10108018_2	827	Response	1	22554069	4484	1
10108018_2	828	Sound	17	22568655	897	1			260		other	0
10108018_2	828	Response	1	22573348	5590	1
10108018_2	829	Sound	14	22586654	890	1			260		other	0
10108018_2	829	Response	1	22593667	7903	1
10108018_2	830	Sound	15	22607652	1049	1			260		other	0
10108018_2	830	Response	1	22612386	5783	1
10108018_2	831	Sound	20	22628151	1042	1			260		other	0
10108018_2	831	Response	1	22632065	4956	1
10108018_2	832	Sound	16	22644150	870	1			260		other	0
10108018_2	832	Response	1	22652863	9583	1
10108018_2	833	Sound	16	22661149	1030	1			260		other	0
10108018_2	833	Response	1	22667262	7144	1
10108018_2	834	Sound	19	22684148	1022	1			260		other	0
10108018_2	834	Response	1	22689501	6376	1
10108018_2	835	Sound	13	22701647	683	1			260		other	0
10108018_2	835	Response	1	22710060	9096	1
10108018_2	836	Sound	17	22729145	840	1			260		other	0
10108018_2	836	Response	1	22736938	8633	1
10108018_2	837	Sound	20	22757643	996	1			260		other	0
10108018_2	837	Response	1	22760936	4289	1
10108018_2	838	Sound	15	22774642	657	1			260		other	0
10108018_2	839	Sound	17	22790642	651	1			260		other	0
10108018_2	839	Response	1	22796534	6544	1
10108018_2	840	Sound	18	22807140	812	1			260		other	0
10108018_2	840	Response	1	22812053	5725	1
10108018_2	841	Sound	15	22822640	640	1			260		other	0
10108018_2	841	Response	1	22825812	3812	1
10108018_2	842	Sound	14	22843638	632	1			260		other	0
10108018_2	842	Response	1	22851571	8565	1
10108018_2	843	Sound	15	22870137	623	1			260		other	0
10108018_2	843	Response	1	22875889	6375	1
10108018_2	844	Sound	15	22897135	613	1			260		other	0
10108018_2	844	Response	1	22901408	4886	1
10108018_2	845	Sound	11	22919134	772	1			260		other	0
10108018_2	846	Sound	11	22945632	596	1			260		other	0
10108018_2	847	Sound	10	22966631	588	1			260		other	0
10108018_2	848	Sound	16	22994129	912	1			260		other	0
10108018_2	848	Response	1	22999242	6025	1
10108018_2	849	Sound	18	23021128	736	1			260		other	0
10108018_2	850	Sound	12	23043626	894	1			260		other	0
10108018_2	851	Sound	19	23068125	719	1			260		other	0
10108018_2	851	Response	1	23073317	5911	1
10108018_2	852	Sound	12	23087624	879	1			260		other	0
10108018_2	853	Sound	10	23109622	1038	1			260		other	0
10108018_2	854	Sound	12	23134621	862	1			260		other	0
10108018_2	855	Sound	11	23152120	689	1			260		other	0
10108018_2	856	Sound	13	23168119	683	1			260		other	0
10108018_2	857	Sound	17	23194117	1007	1			260		other	0
10108018_2	858	Sound	10	23211616	834	1			260		other	0
10108018_2	859	Sound	12	23239614	824	1			260		other	0
10108018_2	860	Sound	13	23265613	648	1			260		other	0
10108018_2	861	Sound	20	23294111	972	1			260		other	0
10108018_2	861	Response	1	23299224	6084	1
10108018_2	862	Sound	10	23311610	799	1			260		other	0
10108018_2	863	Sound	12	23337109	623	1			260		other	0
10108018_2	863	Response	1	23343781	7296	1
10108018_2	864	Sound	11	23358607	782	1			260		other	0
10108018_2	865	Sound	18	23376606	776	1			260		other	0
10108018_2	865	Response	1	23381138	5308	1
10108018_2	866	Sound	19	23402105	933	1			260		other	0
10108018_2	866	Response	1	23407537	6366	1
10108018_2	867	Sound	18	23419104	761	1			260		other	0
10108018_2	867	Response	1	23425456	7113	1
10108018_2	868	Sound	14	23445602	918	1			260		other	0
10108018_2	868	Response	1	23451214	6530	1
10108018_2	869	Sound	13	23473100	908	1			260		other	0
10108018_2	869	Response	1	23478332	6140	1

The following output port codes were not sent because of a conflict on the port.
Port	Code	Time(ms)
1	253	63775.6
1	253	196440
1	253	434097
1	253	565337
1	253	887214
1	253	1.02612e+06
1	253	1.15808e+06
1	253	1.29268e+06
1	253	1.42553e+06
1	253	1.56095e+06
1	253	1.69384e+06
1	253	1.8214e+06
1	253	1.95471e+06
1	253	2.08575e+06
1	253	2.21989e+06
1	253	2.34896e+06
