Scenario - 
Logfile written - 10/14/2018 15:33:26

Subject	Trial	Event Type	Code	Time	TTime	Uncertainty	Duration	Uncertainty	ReqTime	ReqDur	Stim Type	Pair Index

10108009_2	1	Response	255	52447	51947	1
10108009_2	3	Sound	15	128116	486	1			260		other	0
10108009_2	3	Response	1	135246	7616	1
10108009_2	4	Sound	17	144916	447	1			260		other	0
10108009_2	4	Response	1	148366	3896	1
10108009_2	5	Sound	13	162015	541	1			260		other	0
10108009_2	5	Response	1	165885	4410	1
10108009_2	6	Sound	10	179115	468	1			260		other	0
10108009_2	7	Sound	11	199815	660	1			260		other	0
10108009_2	7	Response	1	209724	10570	1
10108009_2	8	Sound	11	217815	487	1			260		other	0
10108009_2	8	Response	1	222684	5357	1
10108009_2	9	Sound	14	236414	414	1			260		other	0
10108009_2	9	Response	1	240764	4764	1
10108009_2	10	Sound	14	257414	407	1			260		other	0
10108009_2	10	Response	1	260684	3676	1
10108009_2	11	Sound	10	279014	666	1			260		other	0
10108009_2	11	Response	1	291643	13295	1
10108009_2	12	Sound	18	302413	557	1			260		other	0
10108009_2	12	Response	1	308683	6827	1
10108009_2	13	Sound	20	322513	650	1			260		other	0
10108009_2	13	Response	1	326202	4340	1
10108009_2	14	Sound	16	347113	575	1			260		other	0
10108009_2	14	Response	1	353722	7184	1
10108009_2	15	Sound	15	369312	433	1			260		other	0
10108009_2	15	Response	1	372921	4043	1
10108009_2	16	Sound	18	397212	490	1			260		other	0
10108009_2	16	Response	1	402841	6119	1
10108009_2	17	Sound	17	413711	484	1			260		other	0
10108009_2	17	Response	1	417481	4253	1
10108009_2	18	Sound	12	437711	476	1			260		other	0
10108009_2	18	Response	1	441720	4485	1
10108009_2	19	Sound	12	453611	537	1			260		other	0
10108009_2	19	Response	1	458360	5286	1
10108009_2	20	Sound	15	479410	494	1			260		other	0
10108009_2	20	Response	1	483080	4163	1
10108009_2	21	Sound	17	499210	620	1			260		other	0
10108009_2	21	Response	1	502919	4330	1
10108009_2	22	Sound	16	516910	481	1			260		other	0
10108009_2	22	Response	1	521959	5530	1
10108009_2	23	Sound	10	541210	439	1			260		other	0
10108009_2	23	Response	1	545959	5188	1
10108009_2	24	Sound	18	556509	400	1			260		other	0
10108009_2	24	Response	1	560119	4009	1
10108009_2	25	Sound	18	581109	658	1			260		other	0
10108009_2	25	Response	1	585478	5027	1
10108009_2	26	Sound	20	609008	381	1			260		other	0
10108009_2	26	Response	1	613237	4610	1
10108009_2	27	Sound	19	635708	405	1			260		other	0
10108009_2	27	Response	1	640997	5694	1
10108009_2	28	Sound	13	655208	565	1			260		other	0
10108009_2	28	Response	1	666117	11474	1
10108009_2	29	Sound	17	682207	388	1			260		other	0
10108009_2	29	Response	1	689716	7897	1
10108009_2	30	Sound	12	704407	581	1			260		other	0
10108009_2	30	Response	1	709796	5969	1
10108009_2	31	Sound	16	729606	605	1			260		other	0
10108009_2	31	Response	1	734035	5034	1
10108009_2	32	Sound	14	749106	598	1			260		other	0
10108009_2	32	Response	1	754595	6087	1
10108009_2	33	Sound	13	776106	589	1			260		other	0
10108009_2	33	Response	1	779475	3958	1
10108009_2	34	Sound	19	802505	479	1			260		other	0
10108009_2	34	Response	1	805474	3448	1
10108009_2	35	Sound	11	828605	403	1			260		other	0
10108009_2	35	Response	1	838274	10071	1
10108009_2	36	Sound	19	844505	631	1			260		other	0
10108009_2	36	Response	1	848033	4159	1
10108009_2	37	Sound	11	870304	588	1			260		other	0
10108009_2	37	Response	1	879553	9836	1
10108009_2	38	Sound	16	891004	614	1			260		other	0
10108009_2	38	Response	1	894833	4443	1
10108009_2	39	Sound	10	913804	406	1			260		other	0
10108009_2	40	Sound	20	934203	465	1			260		other	0
10108009_2	40	Response	1	937872	4134	1
10108009_2	41	Sound	12	962403	656	1			260		other	0
10108009_2	42	Sound	19	987302	546	1			260		other	0
10108009_2	42	Response	1	990751	3995	1
10108009_2	43	Sound	12	1003202	441	1			260		other	0
10108009_2	44	Sound	20	1022702	434	1			260		other	0
10108009_2	44	Response	1	1025710	3442	1
10108009_2	45	Sound	16	1049401	457	1			260		other	0
10108009_2	45	Response	1	1053230	4286	1
10108009_2	46	Sound	15	1071901	616	1			260		other	0
10108009_2	46	Response	1	1076109	4824	1
10108009_2	47	Sound	13	1088101	644	1			260		other	0
10108009_2	48	Sound	18	1104301	505	1			260		other	0
10108009_2	48	Response	1	1107789	3993	1
10108009_2	49	Sound	10	1128000	529	1			260		other	0
10108009_2	50	Sound	14	1146600	456	1			260		other	0
10108009_2	50	Response	1	1151948	5804	1
10108009_2	51	Sound	19	1174200	380	1			260		other	0
10108009_2	51	Response	1	1177708	3888	1
10108009_2	52	Sound	14	1202399	570	1			260		other	0
10108009_2	52	Response	1	1207387	5558	1
10108009_2	53	Sound	11	1220999	496	1			260		other	0
10108009_2	54	Sound	17	1244399	555	1			260		other	0
10108009_2	54	Response	1	1248746	4902	1
10108009_2	55	Sound	13	1263898	381	1			260		other	0
10108009_2	55	Response	1	1270986	7469	1
10108009_2	56	Sound	20	1292998	471	1			260		other	0
10108009_2	56	Response	1	1297626	5099	1
10108009_2	57	Sound	15	1317897	529	1			260		other	0
10108009_2	57	Response	1	1322745	5377	1
10108009_2	59	Response	255	1361864	20407	1
10108009_2	61	Sound	55	1436395	486	1			260		other	0
10108009_2	61	Response	1	1441623	5714	1
10108009_2	62	Sound	52	1457695	445	1			260		other	0
10108009_2	63	Sound	53	1486195	435	1			260		other	0
10108009_2	63	Response	1	1494502	8743	1
10108009_2	64	Sound	59	1511994	559	1			260		other	0
10108009_2	64	Response	1	1515862	4427	1
10108009_2	65	Sound	60	1529994	553	1			260		other	0
10108009_2	65	Response	1	1533141	3700	1
10108009_2	66	Sound	58	1555194	577	1			260		other	0
10108009_2	66	Response	1	1560021	5405	1
10108009_2	67	Sound	58	1577993	536	1			260		other	0
10108009_2	67	Response	1	1582501	5043	1
10108009_2	68	Sound	56	1595393	596	1			260		other	0
10108009_2	68	Response	1	1600420	5624	1
10108009_2	69	Sound	55	1622092	620	1			260		other	0
10108009_2	69	Response	1	1627940	6467	1
10108009_2	70	Sound	57	1646392	411	1			260		other	0
10108009_2	70	Response	1	1652179	6199	1
10108009_2	71	Sound	50	1670392	403	1			260		other	0
10108009_2	72	Sound	59	1695891	394	1			260		other	0
10108009_2	72	Response	1	1700019	4521	1
10108009_2	73	Sound	60	1720191	518	1			260		other	0
10108009_2	73	Response	1	1724898	5225	1
10108009_2	74	Sound	50	1745691	509	1			260		other	0
10108009_2	75	Sound	59	1770590	567	1			260		other	0
10108009_2	75	Response	1	1775857	5834	1
10108009_2	76	Sound	60	1798790	590	1			260		other	0
10108009_2	76	Response	1	1802257	4057	1
10108009_2	77	Sound	56	1816489	451	1			260		other	0
10108009_2	78	Sound	54	1833889	511	1			260		other	0
10108009_2	79	Sound	56	1855789	571	1			260		other	0
10108009_2	79	Response	1	1860577	5359	1
10108009_2	80	Sound	50	1881588	527	1			260		other	0
10108009_2	81	Sound	54	1904088	519	1			260		other	0
10108009_2	81	Response	1	1908655	5086	1
10108009_2	82	Sound	60	1922688	446	1			260		other	0
10108009_2	82	Response	1	1926336	4094	1
10108009_2	83	Sound	54	1939787	373	1			260		other	0
10108009_2	84	Sound	51	1958687	600	1			260		other	0
10108009_2	85	Sound	50	1979087	659	1			260		other	0
10108009_2	86	Sound	50	1997387	453	1			260		other	0
10108009_2	87	Sound	53	2014486	547	1			260		other	0
10108009_2	88	Sound	57	2040886	437	1			260		other	0
10108009_2	89	Sound	53	2058586	464	1			260		other	0
10108009_2	90	Sound	55	2076285	658	1			260		other	0
10108009_2	90	Response	1	2080812	5184	1
10108009_2	91	Sound	58	2096685	551	1			260		other	0
10108009_2	91	Response	1	2104571	8437	2
10108009_2	92	Sound	51	2118285	476	1			260		other	0
10108009_2	93	Sound	52	2142284	468	1			260		other	0
10108009_2	93	Response	1	2152251	10434	1
10108009_2	94	Sound	52	2164484	493	1			260		other	0
10108009_2	94	Response	1	2169290	5300	1
10108009_2	95	Sound	53	2192684	516	1			260		other	0
10108009_2	96	Sound	58	2209483	644	1			260		other	0
10108009_2	96	Response	1	2215369	6530	1
10108009_2	97	Sound	57	2229583	571	1			260		other	0
10108009_2	97	Response	1	2235209	6197	1
10108009_2	98	Sound	54	2258682	660	1			260		other	0
10108009_2	99	Sound	56	2285382	517	1			260		other	0
10108009_2	100	Sound	59	2305782	576	1			260		other	0
10108009_2	100	Response	1	2309928	4722	1
10108009_2	101	Sound	55	2331581	533	1			260		other	0
10108009_2	101	Response	1	2337208	6160	1
10108009_2	102	Sound	57	2359781	557	1			260		other	0
10108009_2	102	Response	1	2363927	4703	1
10108009_2	103	Sound	60	2384380	648	1			260		other	0
10108009_2	103	Response	1	2387527	3794	1
10108009_2	104	Sound	59	2403880	641	1			260		other	0
10108009_2	104	Response	1	2408006	4767	1
10108009_2	105	Sound	56	2427580	666	1			260		other	0
10108009_2	105	Response	1	2432486	5572	1
10108009_2	106	Sound	51	2451879	457	1			260		other	0
10108009_2	107	Sound	58	2477379	615	1			260		other	0
10108009_2	107	Response	1	2482325	5561	1
10108009_2	108	Sound	53	2493579	476	1			260		other	0
10108009_2	108	Response	1	2499765	6662	1
10108009_2	109	Sound	54	2519378	433	1			260		other	0
10108009_2	109	Response	1	2525124	6179	1
10108009_2	110	Sound	52	2542778	491	1			260		other	0
10108009_2	110	Response	1	2548244	5957	1
10108009_2	111	Sound	55	2563778	651	1			260		other	0
10108009_2	111	Response	1	2568403	5276	1
10108009_2	112	Sound	52	2583577	610	1			260		other	0
10108009_2	113	Sound	57	2601577	604	1			260		other	0
10108009_2	113	Response	1	2605523	4550	1
10108009_2	114	Sound	51	2630377	560	1			260		other	0
10108009_2	114	Response	1	2637602	7786	1
10108009_2	115	Sound	51	2646576	588	1			260		other	0
10108009_2	117	Response	255	2687601	18692	1
10108009_2	119	Sound	60	2759675	481	1			260		other	0
10108009_2	119	Response	1	2763200	4006	1
10108009_2	120	Sound	54	2786074	538	1			260		other	0
10108009_2	121	Sound	50	2807374	664	1			260		other	0
10108009_2	122	Sound	54	2830773	555	1			260		other	0
10108009_2	123	Sound	58	2855073	513	1			260		other	0
10108009_2	123	Response	1	2860878	6318	1
10108009_2	124	Sound	60	2874273	540	1			260		other	0
10108009_2	124	Response	1	2877918	4185	1
10108009_2	125	Sound	57	2894972	566	1			260		other	0
10108009_2	125	Response	1	2899517	5111	1
10108009_2	126	Sound	56	2923172	589	1			260		other	0
10108009_2	126	Response	1	2928157	5574	1
10108009_2	127	Sound	58	2947472	380	1			260		other	0
10108009_2	127	Response	1	2951277	4185	1
10108009_2	128	Sound	50	2965171	574	1			260		other	0
10108009_2	129	Sound	53	2982571	634	1			260		other	0
10108009_2	130	Sound	59	3005371	593	1			260		other	0
10108009_2	130	Response	1	3009436	4658	1
10108009_2	131	Sound	59	3029370	418	1			260		other	0
10108009_2	131	Response	1	3033675	4723	1
10108009_2	132	Sound	51	3053670	543	1			260		other	0
10108009_2	133	Sound	52	3071970	503	1			260		other	0
10108009_2	133	Response	1	3076474	5007	1
10108009_2	134	Sound	52	3097769	460	1			260		other	0
10108009_2	135	Sound	60	3123569	584	1			260		other	0
10108009_2	135	Response	1	3126714	3729	1
10108009_2	136	Sound	52	3146068	576	1			260		other	0
10108009_2	137	Sound	60	3167068	402	1			260		other	0
10108009_2	137	Response	1	3170633	3967	1
10108009_2	138	Sound	53	3190468	461	1			260		other	0
10108009_2	139	Sound	55	3210268	587	1			260		other	0
10108009_2	140	Sound	60	3232767	579	1			260		other	0
10108009_2	140	Response	1	3237512	5323	1
10108009_2	141	Sound	51	3258567	536	1			260		other	0
10108009_2	142	Sound	52	3279266	562	1			260		other	0
10108009_2	143	Sound	50	3298466	422	1			260		other	0
10108009_2	144	Sound	59	3325166	612	1			260		other	0
10108009_2	144	Response	1	3329910	5357	1
10108009_2	145	Sound	56	3353965	402	1			260		other	0
10108009_2	145	Response	1	3362630	9066	1
10108009_2	146	Sound	59	3379165	426	1			260		other	0
10108009_2	146	Response	1	3382709	3971	1
10108009_2	147	Sound	58	3397764	520	1			260		other	0
10108009_2	148	Sound	55	3425964	376	1			260		other	0
10108009_2	148	Response	1	3430148	4560	1
10108009_2	149	Sound	50	3443964	370	1			260		other	0
10108009_2	150	Sound	55	3467663	395	1			260		other	0
10108009_2	150	Response	1	3472788	5519	1
10108009_2	151	Sound	54	3489563	455	1			260		other	0
10108009_2	151	Response	1	3493907	4799	1
10108009_2	152	Sound	57	3512063	445	1			260		other	0
10108009_2	152	Response	1	3516467	4850	1
10108009_2	153	Sound	51	3539362	569	1			260		other	0
10108009_2	154	Sound	53	3561862	561	1			260		other	0
10108009_2	155	Sound	58	3582262	621	1			260		other	0
10108009_2	155	Response	1	3587026	5384	1
10108009_2	156	Sound	54	3608961	478	1			260		other	0
10108009_2	156	Response	1	3617585	9102	1
10108009_2	157	Sound	51	3634161	502	1			260		other	0
10108009_2	158	Sound	50	3656960	627	1			260		other	0
10108009_2	158	Response	1	3658864	2531	1
10108009_2	159	Sound	53	3673460	621	1			260		other	0
10108009_2	160	Sound	54	3697760	412	1			260		other	0
10108009_2	161	Sound	56	3725059	369	1			260		other	0
10108009_2	161	Response	1	3732063	7373	1
10108009_2	162	Sound	57	3749659	461	1			260		other	0
10108009_2	162	Response	1	3754143	4944	1
10108009_2	163	Sound	57	3768859	654	1			260		other	0
10108009_2	163	Response	1	3773342	5138	1
10108009_2	164	Sound	52	3794358	478	1			260		other	0
10108009_2	164	Response	1	3802862	8982	1
10108009_2	165	Sound	55	3810858	639	1			260		other	0
10108009_2	165	Response	1	3816781	6562	1
10108009_2	166	Sound	56	3833358	631	1			260		other	0
10108009_2	166	Response	1	3836461	3735	1
10108009_2	167	Sound	51	3858557	655	1			260		other	0
10108009_2	168	Sound	59	3883757	513	1			260		other	0
10108009_2	168	Response	1	3888860	5616	2
10108009_2	169	Sound	53	3904757	505	1			260		other	0
10108009_2	169	Response	1	3910060	5809	1
10108009_2	170	Sound	56	3923356	599	1			260		other	0
10108009_2	170	Response	1	3928460	5702	1
10108009_2	171	Sound	58	3948256	657	1			260		other	0
10108009_2	171	Response	1	3952059	4460	1
10108009_2	172	Sound	55	3965356	584	1			260		other	0
10108009_2	172	Response	1	3969499	4727	1
10108009_2	173	Sound	57	3990855	408	1			260		other	0
10108009_2	173	Response	1	3994379	3931	1
10108009_2	175	Response	255	4035658	22123	1
10108009_2	177	Sound	38	4111453	465	1			260		other	0
10108009_2	178	Sound	38	4127953	459	1			260		other	0
10108009_2	179	Sound	39	4145053	386	1			260		other	0
10108009_2	179	Response	1	4148616	3949	1
10108009_2	180	Sound	39	4172952	610	1			260		other	0
10108009_2	180	Response	1	4175975	3633	1
10108009_2	181	Sound	36	4198452	434	1			260		other	0
10108009_2	181	Response	1	4203015	4997	1
10108009_2	182	Sound	34	4226351	657	1			260		other	0
10108009_2	183	Sound	36	4255151	447	1			260		other	0
10108009_2	183	Response	1	4261174	6470	1
10108009_2	184	Sound	40	4281851	638	1			260		other	0
10108009_2	184	Response	1	4285573	4360	1
10108009_2	185	Sound	31	4307350	462	1			260		other	0
10108009_2	186	Sound	34	4332550	486	1			260		other	0
10108009_2	186	Response	1	4336693	4629	1
10108009_2	187	Sound	40	4361049	643	1			260		other	0
10108009_2	187	Response	1	4364052	3645	1
10108009_2	188	Sound	36	4383549	634	1			260		other	0
10108009_2	189	Sound	33	4401549	461	1			260		other	0
10108009_2	190	Sound	33	4422248	654	1			260		other	0
10108009_2	190	Response	1	4425811	4217	1
10108009_2	191	Sound	35	4447448	512	1			260		other	0
10108009_2	191	Response	1	4456611	9674	1
10108009_2	192	Sound	32	4472048	436	1			260		other	0
10108009_2	192	Response	1	4476930	5319	1
10108009_2	193	Sound	38	4493047	595	1			260		other	0
10108009_2	194	Sound	39	4522147	518	1			260		other	0
10108009_2	194	Response	1	4528723	7095	345
10108009_2	195	Sound	37	4545846	543	1			260		other	0
10108009_2	195	Response	1	4553649	8346	1
10108009_2	196	Sound	31	4567446	469	1			260		other	0
10108009_2	197	Sound	37	4590546	561	1			260		other	0
10108009_2	198	Sound	30	4616045	385	1			260		other	0
10108009_2	199	Sound	30	4641545	376	1			260		other	0
10108009_2	200	Sound	36	4670344	499	1			260		other	0
10108009_2	201	Sound	33	4689244	559	1			260		other	0
10108009_2	202	Sound	39	4717744	549	1			260		other	0
10108009_2	203	Sound	40	4739943	407	1			260		other	0
10108009_2	203	Response	1	4743486	3949	1
10108009_2	204	Sound	37	4758543	501	1			260		other	0
10108009_2	204	Response	1	4762285	4243	1
10108009_2	205	Sound	35	4785843	624	1			260		other	0
10108009_2	206	Sound	31	4808342	449	1			260		other	0
10108009_2	207	Sound	31	4828742	509	1			260		other	0
10108009_2	208	Sound	32	4844642	403	1			260		other	0
10108009_2	209	Sound	34	4864141	563	1			260		other	0
10108009_2	209	Response	1	4870363	6785	1
10108009_2	210	Sound	35	4881841	423	1			260		other	0
10108009_2	210	Response	1	4889643	8225	1
10108009_2	211	Sound	36	4898641	384	1			260		other	0
10108009_2	212	Sound	35	4922340	409	1			260		other	0
10108009_2	213	Sound	40	4950840	399	1			260		other	0
10108009_2	213	Response	1	4954522	4080	1
10108009_2	214	Sound	30	4971540	424	1			260		other	0
10108009_2	215	Sound	32	4994639	517	1			260		other	0
10108009_2	216	Sound	33	5011739	443	1			260		other	0
10108009_2	217	Sound	32	5033039	569	1			260		other	0
10108009_2	218	Sound	39	5054638	495	1			260		other	0
10108009_2	218	Response	1	5070680	16536	1
10108009_2	219	Sound	38	5080138	653	1			260		other	0
10108009_2	220	Sound	34	5108938	610	1			260		other	0
10108009_2	221	Sound	34	5135637	466	1			260		other	0
10108009_2	222	Sound	30	5151837	494	1			260		other	0
10108009_2	223	Sound	40	5179736	550	1			260		other	0
10108009_2	223	Response	1	5184998	5812	1
10108009_2	224	Sound	33	5201636	609	1			260		other	0
10108009_2	225	Sound	30	5218136	437	1			260		other	0
10108009_2	226	Sound	32	5240636	429	1			260		other	0
10108009_2	227	Sound	35	5265835	620	1			260		other	0
10108009_2	227	Response	1	5270356	5141	1
10108009_2	228	Sound	31	5283835	613	1			260		other	0
10108009_2	229	Sound	37	5305134	406	1			260		other	0
10108009_2	229	Response	1	5310995	6266	1
10108009_2	230	Sound	38	5331234	663	1			260		other	0
10108009_2	230	Response	1	5335875	5304	1
10108009_2	231	Sound	37	5355834	587	1			260		other	0
10108009_2	231	Response	1	5359315	4068	1
10108009_2	233	Response	255	5399714	15878	1
10108009_2	235	Sound	20	5470432	647	1			260		other	0
10108009_2	235	Response	1	5474433	4647	1
10108009_2	236	Sound	11	5497431	470	1			260		other	0
10108009_2	236	Response	1	5503712	6751	1
10108009_2	237	Sound	11	5513931	631	1			260		other	0
10108009_2	238	Sound	16	5533731	424	1			260		other	0
10108009_2	238	Response	1	5537072	3765	1
10108009_2	239	Sound	10	5558030	382	1			260		other	0
10108009_2	240	Sound	12	5581430	440	1			260		other	0
10108009_2	240	Response	1	5589711	8721	1
10108009_2	241	Sound	17	5597930	434	1			260		other	0
10108009_2	242	Sound	10	5622829	492	1			260		other	0
10108009_2	243	Sound	20	5638729	553	1			260		other	0
10108009_2	243	Response	1	5642190	4014	1
10108009_2	244	Sound	14	5655529	514	1			260		other	0
10108009_2	245	Sound	12	5677428	573	1			260		other	0
10108009_2	245	Response	1	5685229	8373	1
10108009_2	246	Sound	15	5696028	499	1			260		other	0
10108009_2	247	Sound	13	5723028	490	1			260		other	0
10108009_2	248	Sound	14	5741928	550	1			260		other	0
10108009_2	248	Response	1	5749228	7850	1
10108009_2	249	Sound	17	5758727	510	1			260		other	0
10108009_2	250	Sound	11	5782427	368	1			260		other	0
10108009_2	250	Response	1	5789867	7809	1
10108009_2	251	Sound	20	5806127	393	1			260		other	0
10108009_2	251	Response	1	5810587	4854	1
10108009_2	252	Sound	17	5827726	652	1			260		other	0
10108009_2	253	Sound	18	5847826	578	1			260		other	0
10108009_2	253	Response	1	5853386	6139	1
10108009_2	254	Sound	18	5870626	537	1			260		other	0
10108009_2	255	Sound	15	5892825	396	1			260		other	0
10108009_2	255	Response	1	5910665	18236	1
10108009_2	256	Sound	13	5915025	421	1			260		other	0
10108009_2	257	Sound	12	5943524	411	1			260		other	0
10108009_2	257	Response	1	5949784	6671	1
10108009_2	258	Sound	10	5959424	472	1			260		other	0
10108009_2	259	Sound	16	5981624	497	1			260		other	0
10108009_2	260	Sound	10	5997223	592	1			260		other	0
10108009_2	261	Sound	15	6015823	519	1			260		other	0
10108009_2	262	Sound	16	6037123	644	1			260		other	0
10108009_2	262	Response	1	6043063	6584	1
10108009_2	263	Sound	19	6058723	571	1			260		other	0
10108009_2	263	Response	1	6065062	6911	1
10108009_2	264	Sound	19	6083022	528	1			260		other	0
10108009_2	264	Response	1	6086742	4248	1
10108009_2	265	Sound	16	6102522	521	1			260		other	0
10108009_2	265	Response	1	6107062	5061	1
10108009_2	266	Sound	12	6122922	414	1			260		other	0
10108009_2	266	Response	1	6127541	5033	1
10108009_2	267	Sound	17	6144521	506	1			260		other	0
10108009_2	267	Response	1	6149621	5606	1
10108009_2	268	Sound	19	6161021	500	1			260		other	0
10108009_2	268	Response	1	6166261	5740	1
10108009_2	269	Sound	17	6188621	590	1			260		other	0
10108009_2	269	Response	1	6192260	4230	1
10108009_2	270	Sound	13	6213820	448	1			260		other	0
10108009_2	270	Response	1	6219540	6167	1
10108009_2	271	Sound	10	6238420	539	1			260		other	0
10108009_2	272	Sound	13	6257319	599	1			260		other	0
10108009_2	272	Response	1	6260579	3859	1
10108009_2	273	Sound	18	6277719	658	1			260		other	0
10108009_2	273	Response	1	6282259	5198	1
10108009_2	274	Sound	14	6295719	652	1			260		other	0
10108009_2	274	Response	1	6308258	13191	1
10108009_2	275	Sound	19	6313719	479	1			260		other	0
10108009_2	275	Response	1	6318738	5498	1
10108009_2	276	Sound	19	6340718	636	1			260		other	0
10108009_2	276	Response	1	6343377	3295	1
10108009_2	277	Sound	12	6365018	427	1			260		other	0
10108009_2	277	Response	1	6383137	18546	1
10108009_2	278	Sound	15	6388417	652	1			260		other	0
10108009_2	279	Sound	11	6414817	543	1			260		other	0
10108009_2	279	Response	1	6420736	6462	1
10108009_2	280	Sound	20	6442716	599	1			260		other	0
10108009_2	280	Response	1	6448256	6139	1
10108009_2	281	Sound	18	6467916	624	1			260		other	0
10108009_2	281	Response	1	6477295	10003	1
10108009_2	282	Sound	13	6483516	552	1			260		other	0
10108009_2	283	Sound	14	6504515	544	1			260		other	0
10108009_2	283	Response	1	6511375	7403	1
10108009_2	284	Sound	14	6529415	602	1			260		other	0
10108009_2	284	Response	1	6534334	5521	1
10108009_2	285	Sound	15	6556715	559	1			260		other	0
10108009_2	285	Response	1	6563614	7458	1
10108009_2	286	Sound	20	6575914	585	1			260		other	0
10108009_2	286	Response	1	6582573	7244	1
10108009_2	287	Sound	18	6600814	476	1			260		other	0
10108009_2	287	Response	1	6607693	7355	1
10108009_2	288	Sound	11	6620614	436	1			260		other	0
10108009_2	289	Sound	16	6639213	529	1			260		other	0
10108009_2	289	Response	1	6646812	8128	1
10108009_2	291	Response	255	6777690	119753	1
10108009_2	293	Sound	35	6850710	621	1			260		other	0
10108009_2	294	Sound	39	6867810	381	1			260		other	0
10108009_2	295	Sound	35	6885209	441	1			260		other	0
10108009_2	295	Response	1	6889526	4758	3
10108009_2	296	Sound	39	6908609	666	1			260		other	0
10108009_2	296	Response	1	6912008	4065	1
10108009_2	297	Sound	38	6926609	660	1			260		other	0
10108009_2	298	Sound	32	6950008	385	1			260		other	0
10108009_2	299	Sound	38	6968308	512	1			260		other	0
10108009_2	300	Sound	33	6988708	571	1			260		other	0
10108009_2	300	Response	1	6992646	4510	1
10108009_2	301	Sound	34	7006108	465	1			260		other	0
10108009_2	302	Sound	32	7031607	456	1			260		other	0
10108009_2	303	Sound	36	7056507	514	1			260		other	0
10108009_2	304	Sound	38	7082306	471	1			260		other	0
10108009_2	305	Sound	33	7099106	432	1			260		other	0
10108009_2	306	Sound	30	7115906	392	1			260		other	0
10108009_2	307	Sound	34	7143505	649	1			260		other	0
10108009_2	308	Sound	34	7171105	573	1			260		other	0
10108009_2	308	Response	1	7175923	5391	2
10108009_2	309	Sound	39	7200204	496	1			260		other	0
10108009_2	310	Sound	40	7222704	654	1			260		other	0
10108009_2	310	Response	1	7225282	3233	1
10108009_2	311	Sound	31	7250904	511	1			260		other	0
10108009_2	312	Sound	36	7275203	469	1			260		other	0
10108009_2	312	Response	1	7279921	5187	1
10108009_2	313	Sound	37	7298003	427	1			260		other	0
10108009_2	313	Response	1	7302161	4585	1
10108009_2	314	Sound	40	7320803	386	1			260		other	0
10108009_2	314	Response	1	7324000	3584	1
10108009_2	315	Sound	32	7344802	544	1			260		other	0
10108009_2	316	Sound	35	7372402	634	1			260		other	0
10108009_2	317	Sound	33	7389802	528	1			260		other	0
10108009_2	318	Sound	37	7414401	453	1			260		other	0
10108009_2	318	Response	1	7421439	7490	1
10108009_2	319	Sound	30	7434801	512	1			260		other	0
10108009_2	320	Sound	33	7459700	403	1			260		other	0
10108009_2	321	Sound	33	7481000	529	1			260		other	0
10108009_2	322	Sound	37	7502900	588	1			260		other	0
10108009_2	322	Response	1	7508397	6085	1
10108009_2	323	Sound	31	7521799	648	1			260		other	0
10108009_2	324	Sound	32	7546699	539	1			260		other	0
10108009_2	325	Sound	39	7568299	631	1			260		other	0
10108009_2	326	Sound	35	7595898	388	1			260		other	0
10108009_2	327	Sound	37	7614798	448	1			260		other	0
10108009_2	328	Sound	31	7639998	472	1			260		other	0
10108009_2	329	Sound	40	7659497	465	1			260		other	0
10108009_2	329	Response	1	7664155	5123	1
10108009_2	330	Sound	35	7681097	391	1			260		other	0
10108009_2	331	Sound	32	7703297	416	1			260		other	0
10108009_2	331	Response	1	7714154	11273	1
10108009_2	332	Sound	31	7727596	541	1			260		other	0
10108009_2	333	Sound	31	7751296	399	1			260		other	0
10108009_2	334	Sound	40	7771695	458	1			260		other	0
10108009_2	334	Response	1	7775352	4115	1
10108009_2	335	Sound	30	7799295	382	1			260		other	0
10108009_2	336	Sound	34	7816995	576	1			260		other	0
10108009_2	337	Sound	36	7833795	536	1			260		other	0
10108009_2	337	Response	1	7838872	5613	1
10108009_2	338	Sound	39	7850594	664	1			260		other	0
10108009_2	338	Response	1	7856391	6460	1
10108009_2	339	Sound	30	7867694	424	1			260		other	0
10108009_2	340	Sound	38	7887494	551	1			260		other	0
10108009_2	341	Sound	36	7911193	409	1			260		other	0
10108009_2	342	Sound	34	7928593	469	1			260		other	0
10108009_2	343	Sound	36	7946893	429	1			260		other	0
10108009_2	344	Sound	40	7969692	554	1			260		other	0
10108009_2	344	Response	1	7972389	3251	1
10108009_2	345	Sound	37	7987392	415	1			260		other	0
10108009_2	346	Sound	30	8003892	576	1			260		other	0
10108009_2	347	Sound	38	8021292	636	1			260		other	0
10108009_2	347	Response	1	8027909	7253	1
10108009_2	349	Response	255	8066788	17209	1
10108009_2	351	Sound	10	8144290	592	1			260		other	0
10108009_2	352	Sound	12	8162589	386	1			260		other	0
10108009_2	353	Sound	15	8188689	477	1			260		other	0
10108009_2	354	Sound	20	8213288	401	1			260		other	0
10108009_2	354	Response	1	8216865	3977	1
10108009_2	355	Sound	10	8231288	561	1			260		other	0
10108009_2	356	Sound	11	8259188	618	1			260		other	0
10108009_2	357	Sound	17	8281387	643	1			260		other	0
10108009_2	357	Response	1	8286944	6199	1
10108009_2	358	Sound	14	8307487	567	1			260		other	0
10108009_2	358	Response	1	8314703	7783	1
10108009_2	359	Sound	17	8328787	526	1			260		other	0
10108009_2	359	Response	1	8332863	4602	1
10108009_2	360	Sound	18	8352486	551	1			260		other	0
10108009_2	360	Response	1	8356222	4287	1
10108009_2	361	Sound	13	8371086	644	1			260		other	0
10108009_2	361	Response	1	8374542	4101	1
10108009_2	362	Sound	13	8387286	672	1			260		other	0
10108009_2	363	Sound	15	8408286	665	1			260		other	0
10108009_2	363	Response	1	8412382	4761	1
10108009_2	364	Sound	19	8434385	422	1			260		other	0
10108009_2	364	Response	1	8438141	4178	1
10108009_2	365	Sound	19	8457185	380	1			260		other	0
10108009_2	365	Response	1	8463021	6216	1
10108009_2	366	Sound	14	8474284	474	1			260		other	0
10108009_2	366	Response	1	8480460	6650	1
10108009_2	367	Sound	20	8492884	401	1			260		other	0
10108009_2	367	Response	1	8497740	5257	1
10108009_2	368	Sound	18	8515984	493	1			260		other	0
10108009_2	368	Response	1	8522620	7129	1
10108009_2	369	Sound	15	8540583	584	1			260		other	0
10108009_2	369	Response	1	8546939	6940	1
10108009_2	370	Sound	12	8563083	409	1			260		other	0
10108009_2	370	Response	1	8571819	9145	1
10108009_2	371	Sound	17	8578683	670	1			260		other	0
10108009_2	371	Response	1	8586219	8206	1
10108009_2	372	Sound	16	8605982	627	1			260		other	0
10108009_2	372	Response	1	8611978	6623	1
10108009_2	373	Sound	19	8623382	521	1			260		other	0
10108009_2	373	Response	1	8629737	6877	1
10108009_2	374	Sound	14	8646182	480	1			260		other	0
10108009_2	374	Response	1	8651337	5635	1
10108009_2	375	Sound	12	8662981	440	1			260		other	0
10108009_2	376	Sound	13	8679781	401	1			260		other	0
10108009_2	376	Response	1	8686537	7157	1
10108009_2	377	Sound	12	8697781	561	1			260		other	0
10108009_2	377	Response	1	8703496	6277	1
10108009_2	378	Sound	15	8722080	519	1			260		other	0
10108009_2	378	Response	1	8726216	4655	1
10108009_2	379	Sound	10	8749080	510	1			260		other	0
10108009_2	379	Response	1	8762935	14365	1
10108009_2	380	Sound	20	8765880	470	1			260		other	0
10108009_2	380	Response	1	8775655	10245	1
10108009_2	381	Sound	19	8791979	394	1			260		other	0
10108009_2	381	Response	1	8797255	5670	1
10108009_2	382	Sound	11	8819579	651	1			260		other	0
10108009_2	383	Sound	12	8844779	676	1			260		other	0
10108009_2	383	Response	1	8853574	9471	1
10108009_2	384	Sound	10	8861878	436	1			260		other	0
10108009_2	385	Sound	16	8881378	429	1			260		other	0
10108009_2	386	Sound	11	8908078	453	1			260		other	0
10108009_2	387	Sound	20	8927277	646	1			260		other	0
10108009_2	387	Response	1	8930293	3661	1
10108009_2	388	Sound	17	8945877	573	1			260		other	0
10108009_2	388	Response	1	8952132	6828	1
10108009_2	389	Sound	11	8962077	600	1			260		other	0
10108009_2	389	Response	1	8966772	5295	1
10108009_2	390	Sound	18	8980076	594	1			260		other	0
10108009_2	390	Response	1	8983171	3689	1
10108009_2	391	Sound	16	9008276	617	1			260		other	0
10108009_2	391	Response	1	9011571	3912	1
10108009_2	392	Sound	17	9025976	644	1			260		other	0
10108009_2	393	Sound	10	9042476	638	1			260		other	0
10108009_2	394	Sound	16	9064075	564	1			260		other	0
10108009_2	394	Response	1	9067250	3739	1
10108009_2	395	Sound	13	9091075	554	1			260		other	0
10108009_2	395	Response	1	9096770	6249	1
10108009_2	396	Sound	18	9118974	611	1			260		other	0
10108009_2	396	Response	1	9123169	4806	1
10108009_2	397	Sound	16	9139974	437	1			260		other	0
10108009_2	397	Response	1	9144769	5232	1
10108009_2	398	Sound	18	9156174	464	1			260		other	0
10108009_2	398	Response	1	9161009	5299	1
10108009_2	399	Sound	14	9173873	658	1			260		other	0
10108009_2	399	Response	1	9177568	4353	1
10108009_2	400	Sound	19	9190673	452	1			260		other	0
10108009_2	400	Response	1	9193728	3507	1
10108009_2	401	Sound	14	9208073	512	1			260		other	0
10108009_2	401	Response	1	9211008	3447	1
10108009_2	402	Sound	13	9232973	404	1			260		other	0
10108009_2	402	Response	1	9237407	4838	1
10108009_2	403	Sound	15	9258472	561	1			260		other	0
10108009_2	403	Response	1	9261647	3736	1
10108009_2	404	Sound	20	9277972	387	1			260		other	0
10108009_2	404	Response	1	9281966	4382	1
10108009_2	405	Sound	11	9301371	446	1			260		other	0
10108009_2	407	Response	255	9443004	125159	1
10108009_2	409	Sound	55	9526968	632	1			260		other	0
10108009_2	409	Response	1	9542202	15866	1
10108009_2	410	Sound	55	9549467	457	1			260		other	0
10108009_2	411	Sound	50	9574367	515	1			260		other	0
10108009_2	412	Sound	57	9598967	606	1			260		other	0
10108009_2	413	Sound	52	9626866	663	1			260		other	0
10108009_2	414	Sound	58	9646366	489	1			260		other	0
10108009_2	414	Response	1	9650520	4643	1
10108009_2	415	Sound	58	9670065	514	1			260		other	0
10108009_2	415	Response	1	9673880	4328	1
10108009_2	416	Sound	51	9690765	373	1			260		other	0
10108009_2	417	Sound	51	9716565	498	1			260		other	0
10108009_2	418	Sound	60	9740265	523	1			260		other	0
10108009_2	418	Response	1	9743158	3416	1
10108009_2	419	Sound	54	9768164	579	1			260		other	0
10108009_2	420	Sound	56	9792764	504	1			260		other	0
10108009_2	420	Response	1	9797717	5457	1
10108009_2	421	Sound	52	9811363	430	1			260		other	0
10108009_2	422	Sound	50	9829963	524	1			260		other	0
10108009_2	423	Sound	59	9854263	482	1			260		other	0
10108009_2	423	Response	1	9858276	4495	1
10108009_2	424	Sound	51	9877062	607	1			260		other	0
10108009_2	425	Sound	54	9895062	601	1			260		other	0
10108009_2	426	Sound	53	9921762	458	1			260		other	0
10108009_2	426	Response	1	9929075	7771	1
10108009_2	427	Sound	57	9939161	518	1			260		other	0
10108009_2	427	Response	1	9942995	4352	1
10108009_2	428	Sound	57	9958961	644	1			260		other	0
10108009_2	428	Response	1	9962915	4598	1
10108009_2	429	Sound	59	9978461	637	1			260		other	0
10108009_2	429	Response	1	9982354	4531	2
10108009_2	430	Sound	54	10004260	428	1			260		other	0
10108009_2	430	Response	1	10008594	4762	1
10108009_2	431	Sound	60	10026760	420	1			260		other	0
10108009_2	431	Response	1	10029953	3613	1
10108009_2	432	Sound	53	10050760	411	1			260		other	0
10108009_2	433	Sound	56	10073559	537	1			260		other	0
10108009_2	433	Response	1	10081712	8690	1
10108009_2	434	Sound	53	10095459	429	1			260		other	0
10108009_2	434	Response	1	10102032	7002	1
10108009_2	435	Sound	50	10124558	519	1			260		other	0
10108009_2	436	Sound	59	10151558	509	1			260		other	0
10108009_2	436	Response	1	10155391	4342	1
10108009_2	437	Sound	57	10169858	469	1			260		other	0
10108009_2	437	Response	1	10176511	7122	1
10108009_2	438	Sound	58	10192057	495	1			260		other	0
10108009_2	438	Response	1	10207150	15587	1
10108009_2	439	Sound	53	10216657	586	1			260		other	0
10108009_2	440	Sound	52	10240356	444	1			260		other	0
10108009_2	441	Sound	56	10258056	471	1			260		other	0
10108009_2	441	Response	1	10262829	5244	1
10108009_2	442	Sound	58	10280256	496	1			260		other	0
10108009_2	443	Sound	56	10304855	421	1			260		other	0
10108009_2	443	Response	1	10310668	6234	1
10108009_2	444	Sound	58	10331255	478	1			260		other	0
10108009_2	444	Response	1	10336908	6131	1
10108009_2	445	Sound	50	10358555	602	1			260		other	0
10108009_2	446	Sound	54	10386454	492	1			260		other	0
10108009_2	446	Response	1	10391307	5344	1
10108009_2	447	Sound	51	10411054	583	1			260		other	0
10108009_2	447	Response	1	10415067	4596	1
10108009_2	448	Sound	59	10438053	573	1			260		other	0
10108009_2	448	Response	1	10441546	4066	1
10108009_2	449	Sound	55	10459053	566	1			260		other	0
10108009_2	450	Sound	59	10483653	490	1			260		other	0
10108009_2	450	Response	1	10486985	3823	1
10108009_2	451	Sound	60	10510052	381	1			260		other	0
10108009_2	451	Response	1	10512265	2594	1
10108009_2	452	Sound	52	10527752	575	1			260		other	0
10108009_2	453	Sound	50	10548752	567	1			260		other	0
10108009_2	454	Sound	60	10567351	494	1			260		other	0
10108009_2	454	Response	1	10570184	3326	1
10108009_2	455	Sound	54	10585951	587	1			260		other	0
10108009_2	455	Response	1	10594184	8820	1
10108009_2	456	Sound	56	10609951	412	1			260		other	0
10108009_2	456	Response	1	10615223	5685	1
10108009_2	457	Sound	55	10629150	438	1			260		other	0
10108009_2	457	Response	1	10634423	5711	1
10108009_2	458	Sound	53	10648350	465	1			260		other	0
10108009_2	459	Sound	51	10670550	490	1			260		other	0
10108009_2	460	Sound	55	10692449	549	1			260		other	0
10108009_2	460	Response	1	10699702	7801	1
10108009_2	461	Sound	60	10717049	474	1			260		other	0
10108009_2	461	Response	1	10720500	3925	3
10108009_2	462	Sound	52	10734149	401	1			260		other	0
10108009_2	463	Sound	57	10755748	493	1			260		other	0
10108009_2	465	Response	255	10800660	18316	1
10108009_2	467	Sound	40	10868547	586	1			260		other	0
10108009_2	467	Response	1	10870819	2858	1
10108009_2	468	Sound	36	10888046	579	1			260		other	0
10108009_2	469	Sound	38	10906046	573	1			260		other	0
10108009_2	469	Response	1	10910738	5265	1
10108009_2	470	Sound	37	10932446	463	1			260		other	0
10108009_2	471	Sound	35	10952545	390	1			260		other	0
10108009_2	472	Sound	33	10971745	583	1			260		other	0
10108009_2	473	Sound	40	10993645	642	1			260		other	0
10108009_2	473	Response	1	10996417	3414	1
10108009_2	474	Sound	40	11019444	432	1			260		other	0
10108009_2	474	Response	1	11024576	5564	1
10108009_2	475	Sound	35	11041344	658	1			260		other	0
10108009_2	476	Sound	37	11063843	650	1			260		other	0
10108009_2	477	Sound	38	11084543	509	1			260		other	0
10108009_2	478	Sound	36	11113343	632	1			260		other	0
10108009_2	479	Sound	34	11137642	590	1			260		other	0
10108009_2	480	Sound	39	11159842	449	1			260		other	0
10108009_2	481	Sound	30	11180242	508	1			260		other	0
10108009_2	482	Sound	33	11204541	633	1			260		other	0
10108009_2	483	Sound	33	11226141	392	1			260		other	0
10108009_2	484	Sound	32	11248341	584	1			260		other	0
10108009_2	485	Sound	32	11268740	477	1			260		other	0
10108009_2	486	Sound	39	11297840	566	1			260		other	0
10108009_2	486	Response	1	11309851	12578	1
10108009_2	487	Sound	40	11324839	557	1			260		other	0
10108009_2	487	Response	1	11328010	3728	1
10108009_2	488	Sound	33	11342539	584	1			260		other	0
10108009_2	489	Sound	31	11359939	477	1			260		other	0
10108009_2	490	Sound	40	11382739	436	1			260		other	0
10108009_2	490	Response	1	11385850	3547	1
10108009_2	491	Sound	34	11405838	528	1			260		other	0
10108009_2	492	Sound	37	11434038	551	1			260		other	0
10108009_2	492	Response	1	11440489	7002	1
10108009_2	493	Sound	30	11453837	511	1			260		other	0
10108009_2	494	Sound	35	11480237	401	1			260		other	0
10108009_2	495	Sound	38	11497337	495	1			260		other	0
10108009_2	495	Response	1	11505848	9006	1
10108009_2	496	Sound	31	11517136	622	1			260		other	0
10108009_2	497	Sound	32	11543236	545	1			260		other	0
10108009_2	498	Sound	35	11562136	439	1			260		other	0
10108009_2	499	Sound	33	11583135	431	1			260		other	0
10108009_2	500	Sound	39	11611035	655	1			260		other	0
10108009_2	500	Response	1	11616326	5945	1
10108009_2	501	Sound	37	11629635	581	1			260		other	0
10108009_2	502	Sound	38	11655434	372	1			260		other	0
10108009_2	503	Sound	34	11674934	532	1			260		other	0
10108009_2	504	Sound	30	11699234	656	1			260		other	0
10108009_2	505	Sound	36	11723533	448	1			260		other	0
10108009_2	506	Sound	34	11740633	542	1			260		other	0
10108009_2	507	Sound	31	11758032	602	1			260		other	0
10108009_2	508	Sound	39	11774532	430	1			260		other	0
10108009_2	508	Response	1	11779123	5020	1
10108009_2	509	Sound	30	11799132	521	1			260		other	0
10108009_2	510	Sound	38	11820132	513	1			260		other	0
10108009_2	510	Response	1	11830642	11024	1
10108009_2	511	Sound	39	11842931	638	1			260		other	0
10108009_2	512	Sound	35	11869031	562	1			260		other	0
10108009_2	513	Sound	31	11888231	422	1			260		other	0
10108009_2	514	Sound	32	11908030	382	1			260		other	0
10108009_2	514	Response	1	11934640	26992	1
10108009_2	515	Sound	30	11935930	605	1			260		other	0
10108009_2	516	Sound	31	11958729	397	1			260		other	0
10108009_2	517	Sound	36	11987229	387	1			260		other	0
10108009_2	517	Response	1	11993839	6997	1
10108009_2	518	Sound	37	12005229	548	1			260		other	0
10108009_2	519	Sound	34	12033128	437	1			260		other	0
10108009_2	520	Sound	36	12058028	662	1			260		other	0
10108009_2	521	Sound	32	12079328	621	1			260		other	0
10108009_2	523	Response	255	12122717	22423	1
10108009_2	525	Sound	56	12197526	612	1			260		other	0
10108009_2	526	Sound	54	12214925	672	1			260		other	0
10108009_2	526	Response	1	12226475	12222	1
10108009_2	527	Sound	57	12234425	499	1			260		other	0
10108009_2	527	Response	1	12238955	5028	1
10108009_2	528	Sound	53	12254825	558	1			260		other	0
10108009_2	528	Response	1	12260315	6048	1
10108009_2	529	Sound	53	12283924	648	1			260		other	0
10108009_2	529	Response	1	12288554	5277	1
10108009_2	530	Sound	50	12305524	406	1			260		other	0
10108009_2	531	Sound	54	12328624	498	1			260		other	0
10108009_2	532	Sound	52	12349023	391	1			260		other	0
10108009_2	532	Response	1	12353833	5201	1
10108009_2	533	Sound	55	12368223	417	1			260		other	0
10108009_2	533	Response	1	12372152	4347	1
10108009_2	534	Sound	55	12386223	411	1			260		other	0
10108009_2	534	Response	1	12389432	3621	1
10108009_2	535	Sound	58	12406622	471	1			260		other	0
10108009_2	535	Response	1	12409992	3841	1
10108009_2	536	Sound	52	12435122	627	1			260		other	0
10108009_2	536	Response	1	12438391	3896	1
10108009_2	537	Sound	57	12458221	385	1			260		other	0
10108009_2	537	Response	1	12461511	3675	1
10108009_2	538	Sound	58	12474421	580	1			260		other	0
10108009_2	538	Response	1	12478791	4949	1
10108009_2	539	Sound	60	12492421	406	1			260		other	0
10108009_2	539	Response	1	12496070	4056	1
10108009_2	540	Sound	57	12513121	599	1			260		other	0
10108009_2	540	Response	1	12521590	9069	1
10108009_2	541	Sound	53	12532320	459	1			260		other	0
10108009_2	541	Response	1	12536710	4848	1
10108009_2	542	Sound	56	12559320	449	1			260		other	0
10108009_2	542	Response	1	12563109	4239	1
10108009_2	543	Sound	51	12587820	606	1			260		other	0
10108009_2	544	Sound	60	12604919	533	1			260		other	0
10108009_2	544	Response	1	12607428	3042	1
10108009_2	545	Sound	54	12627119	559	1			260		other	0
10108009_2	545	Response	1	12634148	7588	1
10108009_2	546	Sound	52	12649019	451	1			260		other	0
10108009_2	547	Sound	51	12665218	478	1			260		other	0
10108009_2	548	Sound	59	12682918	505	1			260		other	0
10108009_2	548	Response	1	12686787	4374	1
10108009_2	549	Sound	55	12704218	464	1			260		other	0
10108009_2	550	Sound	60	12723117	524	1			260		other	0
10108009_2	550	Response	1	12726546	3953	1
10108009_2	551	Sound	52	12740217	451	1			260		other	0
10108009_2	552	Sound	51	12759717	611	1			260		other	0
10108009_2	553	Sound	52	12781316	370	1			260		other	0
10108009_2	554	Sound	59	12799616	497	1			260		other	0
10108009_2	554	Response	1	12804705	5586	1
10108009_2	555	Sound	60	12815516	391	1			260		other	0
10108009_2	555	Response	1	12821105	5980	1
10108009_2	556	Sound	58	12843715	581	1			260		other	0
10108009_2	557	Sound	56	12867115	473	1			260		other	0
10108009_2	557	Response	1	12871344	4702	1
10108009_2	558	Sound	59	12884215	567	1			260		other	0
10108009_2	558	Response	1	12890384	6735	1
10108009_2	559	Sound	55	12904914	593	1			260		other	0
10108009_2	559	Response	1	12911743	7421	1
10108009_2	560	Sound	57	12928014	518	1			260		other	0
10108009_2	561	Sound	50	12946914	578	1			260		other	0
10108009_2	561	Response	1	12947823	1486	1
10108009_2	562	Sound	59	12965813	638	1			260		other	0
10108009_2	563	Sound	51	12987413	396	1			260		other	0
10108009_2	564	Sound	50	13012013	654	1			260		other	0
10108009_2	565	Sound	55	13030012	481	1			260		other	0
10108009_2	566	Sound	54	13054012	639	1			260		other	0
10108009_2	566	Response	1	13062701	9328	1
10108009_2	567	Sound	58	13075612	398	1			260		other	0
10108009_2	567	Response	1	13079500	4287	1
10108009_2	568	Sound	51	13095411	525	1			260		other	0
10108009_2	569	Sound	53	13117311	583	1			260		other	0
10108009_2	569	Response	1	13121020	4292	1
10108009_2	570	Sound	60	13141011	442	1			260		other	0
10108009_2	570	Response	1	13144219	3650	1
10108009_2	571	Sound	59	13159610	368	1			260		other	0
10108009_2	572	Sound	54	13178210	462	1			260		other	0
10108009_2	573	Sound	56	13206410	652	1			260		other	0
10108009_2	574	Sound	50	13230709	610	1			260		other	0
10108009_2	575	Sound	57	13255309	367	1			260		other	0
10108009_2	575	Response	1	13264777	9835	1
10108009_2	576	Sound	53	13276009	393	1			260		other	0
10108009_2	576	Response	1	13280297	4682	1
10108009_2	577	Sound	58	13297908	619	1			260		other	0
10108009_2	577	Response	1	13303016	5727	1
10108009_2	578	Sound	50	13318008	378	1			260		other	0
10108009_2	579	Sound	56	13342908	436	1			260		other	0
10108009_2	579	Response	1	13347816	5344	1
10108009_2	581	Response	255	13383815	24091	1
10108009_2	583	Sound	56	13468606	591	1			260		other	0
10108009_2	583	Response	1	13472053	4039	1
10108009_2	584	Sound	60	13497105	581	1			260		other	0
10108009_2	584	Response	1	13499413	2889	1
10108009_2	585	Sound	52	13517205	507	1			260		other	0
10108009_2	586	Sound	58	13539704	499	1			260		other	0
10108009_2	587	Sound	54	13555604	394	1			260		other	0
10108009_2	588	Sound	51	13571804	588	1			260		other	0
10108009_2	588	Response	1	13580692	9475	1
10108009_2	589	Sound	54	13600003	611	1			260		other	0
10108009_2	590	Sound	55	13618603	538	1			260		other	0
10108009_2	590	Response	1	13623491	5425	3
10108009_2	591	Sound	57	13640503	430	1			260		other	0
10108009_2	591	Response	1	13646210	6137	1
10108009_2	592	Sound	59	13667502	587	1			260		other	0
10108009_2	592	Response	1	13672210	5295	1
10108009_2	593	Sound	53	13687902	646	1			260		other	0
10108009_2	593	Response	1	13694449	7194	1
10108009_2	594	Sound	51	13708602	506	1			260		other	0
10108009_2	595	Sound	55	13725102	500	1			260		other	0
10108009_2	596	Sound	50	13743701	593	1			260		other	0
10108009_2	597	Sound	58	13761401	453	1			260		other	0
10108009_2	597	Response	1	13766528	5581	1
10108009_2	598	Sound	57	13787501	377	1			260		other	0
10108009_2	598	Response	1	13793407	6284	1
10108009_2	599	Sound	52	13806100	638	1			260		other	0
10108009_2	600	Sound	60	13831900	595	1			260		other	0
10108009_2	600	Response	1	13835327	4022	1
10108009_2	601	Sound	52	13860999	518	1			260		other	0
10108009_2	602	Sound	52	13885299	476	1			260		other	0
10108009_2	603	Sound	56	13908099	434	1			260		other	0
10108009_2	603	Response	1	13913326	5661	1
10108009_2	604	Sound	51	13933598	592	1			260		other	0
10108009_2	605	Sound	55	13956098	417	1			260		other	0
10108009_2	605	Response	1	13962045	6364	1
10108009_2	606	Sound	51	13972598	578	1			260		other	0
10108009_2	607	Sound	54	13992997	637	1			260		other	0
10108009_2	608	Sound	58	14016097	563	1			260		other	0
10108009_2	608	Response	1	14019724	4189	1
10108009_2	609	Sound	53	14035597	390	1			260		other	0
10108009_2	610	Sound	53	14060196	480	1			260		other	0
10108009_2	611	Sound	50	14076696	474	1			260		other	0
10108009_2	612	Sound	53	14099496	599	1			260		other	0
10108009_2	613	Sound	60	14122895	491	1			260		other	0
10108009_2	613	Response	1	14126762	4358	1
10108009_2	614	Sound	60	14145995	416	1			260		other	0
10108009_2	614	Response	1	14149962	4383	1
10108009_2	615	Sound	55	14167595	508	1			260		other	0
10108009_2	616	Sound	56	14184694	602	1			260		other	0
10108009_2	617	Sound	58	14209594	493	1			260		other	0
10108009_2	618	Sound	52	14233293	518	1			260		other	0
10108009_2	619	Sound	59	14259393	442	1			260		other	0
10108009_2	619	Response	1	14263960	5009	1
10108009_2	620	Sound	59	14283993	534	1			260		other	0
10108009_2	620	Response	1	14287959	4500	1
10108009_2	621	Sound	56	14304092	460	1			260		other	0
10108009_2	621	Response	1	14309399	5766	1
10108009_2	622	Sound	57	14331092	617	1			260		other	0
10108009_2	622	Response	1	14334998	4523	1
10108009_2	623	Sound	50	14354492	508	1			260		other	0
10108009_2	624	Sound	50	14379991	666	1			260		other	0
10108009_2	625	Sound	53	14409091	589	1			260		other	0
10108009_2	625	Response	1	14415797	7295	1
10108009_2	626	Sound	60	14438190	512	1			260		other	0
10108009_2	626	Response	1	14442436	4758	1
10108009_2	627	Sound	56	14455290	606	1			260		other	0
10108009_2	628	Sound	54	14476290	431	1			260		other	0
10108009_2	629	Sound	57	14495489	458	1			260		other	0
10108009_2	630	Sound	54	14520389	516	1			260		other	0
10108009_2	631	Sound	50	14548588	539	1			260		other	0
10108009_2	632	Sound	59	14571088	531	1			260		other	0
10108009_2	632	Response	1	14578354	7797	1
10108009_2	633	Sound	51	14589988	424	1			260		other	0
10108009_2	634	Sound	58	14606787	385	1			260		other	0
10108009_2	634	Response	1	14621153	14751	1
10108009_2	635	Sound	57	14627487	411	1			260		other	0
10108009_2	635	Response	1	14631393	4317	1
10108009_2	636	Sound	55	14655387	468	1			260		other	0
10108009_2	636	Response	1	14663073	8153	1
10108009_2	637	Sound	59	14676387	627	1			260		other	0
10108009_2	637	Response	1	14679872	4112	1
10108009_2	639	Response	255	14712432	14918	1
10108009_2	641	Sound	18	14785885	588	1			260		other	0
10108009_2	641	Response	1	14790190	4893	1
10108009_2	642	Sound	16	14806284	480	1			260		other	0
10108009_2	642	Response	1	14813550	7746	1
10108009_2	643	Sound	16	14822784	474	1			260		other	0
10108009_2	643	Response	1	14827310	5000	1
10108009_2	644	Sound	18	14848284	632	1			260		other	0
10108009_2	644	Response	1	14854190	6538	1
10108009_2	645	Sound	12	14866283	626	1			260		other	0
10108009_2	645	Response	1	14872989	7331	1
10108009_2	646	Sound	16	14894183	516	1			260		other	0
10108009_2	646	Response	1	14903788	10121	1
10108009_2	647	Sound	12	14913083	576	1			260		other	0
10108009_2	648	Sound	17	14931082	402	1			260		other	0
10108009_2	648	Response	1	14954668	23988	1
10108009_2	649	Sound	13	14955982	627	1			260		other	0
10108009_2	650	Sound	15	14976082	553	1			260		other	0
10108009_2	650	Response	1	14982027	6498	1
10108009_2	651	Sound	15	15001281	577	1			260		other	0
10108009_2	651	Response	1	15006666	5963	1
10108009_2	652	Sound	16	15018081	538	1			260		other	0
10108009_2	653	Sound	14	15038181	464	1			260		other	0
10108009_2	654	Sound	17	15064880	488	1			260		other	0
10108009_2	654	Response	1	15068506	4113	1
10108009_2	655	Sound	18	15080480	582	1			260		other	0
10108009_2	656	Sound	19	15103880	474	1			260		other	0
10108009_2	656	Response	1	15109145	5739	1
10108009_2	657	Sound	12	15130279	531	1			260		other	0
10108009_2	658	Sound	15	15156679	588	1			260		other	0
10108009_2	658	Response	1	15166184	10094	3
10108009_2	659	Sound	13	15177979	381	1			260		other	0
10108009_2	660	Sound	10	15198678	407	1			260		other	0
10108009_2	661	Sound	20	15223578	631	1			260		other	0
10108009_2	661	Response	1	15228374	5427	353
10108009_2	662	Sound	14	15241577	458	1			260		other	0
10108009_2	663	Sound	12	15265877	416	1			260		other	0
10108009_2	664	Sound	17	15285077	609	1			260		other	0
10108009_2	664	Response	1	15290262	5794	1
10108009_2	665	Sound	20	15305477	502	1			260		other	0
10108009_2	665	Response	1	15310582	5607	1
10108009_2	666	Sound	17	15321676	363	1			260		other	0
10108009_2	667	Sound	11	15343576	589	1			260		other	0
10108009_2	668	Sound	15	15365176	514	1			260		other	0
10108009_2	668	Response	1	15376740	12079	1
10108009_2	669	Sound	20	15386475	473	1			260		other	0
10108009_2	669	Response	1	15390100	4098	1
10108009_2	670	Sound	16	15411375	531	1			260		other	0
10108009_2	670	Response	1	15423059	12215	1
10108009_2	671	Sound	10	15435074	389	1			260		other	0
10108009_2	672	Sound	19	15456674	481	1			260		other	0
10108009_2	672	Response	1	15462179	5986	1
10108009_2	673	Sound	17	15476174	641	1			260		other	0
10108009_2	674	Sound	20	15491774	402	1			260		other	0
10108009_2	674	Response	1	15495378	4007	1
10108009_2	675	Sound	18	15513973	594	1			260		other	0
10108009_2	676	Sound	13	15537973	419	1			260		other	0
10108009_2	677	Sound	13	15565872	643	1			260		other	0
10108009_2	677	Response	1	15573377	8147	1
10108009_2	678	Sound	19	15590472	400	1			260		other	0
10108009_2	678	Response	1	15594736	4665	1
10108009_2	679	Sound	12	15616572	491	1			260		other	0
10108009_2	680	Sound	11	15636071	484	1			260		other	0
10108009_2	681	Sound	14	15660371	609	1			260		other	0
10108009_2	681	Response	1	15665535	5773	1
10108009_2	682	Sound	19	15688870	599	1			260		other	0
10108009_2	682	Response	1	15693557	5286	164
10108009_2	683	Sound	10	15711670	390	1			260		other	0
10108009_2	684	Sound	10	15733870	582	1			260		other	0
10108009_2	685	Sound	13	15750369	410	1			260		other	0
10108009_2	685	Response	1	15757533	7573	1
10108009_2	686	Sound	10	15770769	636	1			260		other	0
10108009_2	687	Sound	14	15793269	461	1			260		other	0
10108009_2	687	Response	1	15800973	8165	1
10108009_2	688	Sound	20	15814869	387	1			260		other	0
10108009_2	688	Response	1	15819292	4811	1
10108009_2	689	Sound	18	15841268	444	1			260		other	0
10108009_2	690	Sound	14	15866168	669	1			260		other	0
10108009_2	690	Response	1	15873052	7553	1
10108009_2	691	Sound	11	15891367	526	1			260		other	0
10108009_2	692	Response	1	15906731	385	1
10108009_2	692	Sound	15	15906967	621	1			260		other	0
10108009_2	693	Sound	19	15924967	448	1			260		other	0
10108009_2	693	Response	1	15927930	3411	1
10108009_2	694	Sound	11	15943567	541	1			260		other	0
10108009_2	695	Sound	11	15961866	501	1			260		other	0
10108009_2	695	Response	1	15983369	22004	1
10108009_2	697	Response	255	16024889	34934	1
10108009_2	699	Sound	53	16100464	385	1			260		other	0
10108009_2	700	Sound	50	16122064	477	1			260		other	0
10108009_2	701	Sound	50	16139163	404	1			260		other	0
10108009_2	702	Sound	50	16166163	395	1			260		other	0
10108009_2	703	Sound	54	16192863	419	1			260		other	0
10108009_2	703	Response	1	16200086	7642	1
10108009_2	704	Sound	54	16210862	579	1			260		other	0
10108009_2	705	Sound	55	16228262	639	1			260		other	0
10108009_2	705	Response	1	16231525	3902	1
10108009_2	706	Sound	53	16245062	433	1			260		other	0
10108009_2	706	Response	1	16253605	8976	1
10108009_2	707	Sound	59	16261861	561	1			260		other	0
10108009_2	707	Response	1	16268005	6704	1
10108009_2	708	Sound	56	16287361	552	1			260		other	0
10108009_2	708	Response	1	16304084	17275	1
10108009_2	709	Sound	55	16308661	511	1			260		other	0
10108009_2	709	Response	1	16313924	5774	1
10108009_2	710	Sound	52	16334160	502	1			260		other	0
10108009_2	710	Response	1	16339203	5545	1
10108009_2	711	Sound	54	16358160	493	1			260		other	0
10108009_2	712	Sound	55	16386359	516	1			260		other	0
10108009_2	713	Sound	51	16409159	641	1			260		other	0
10108009_2	714	Sound	57	16433759	566	1			260		other	0
10108009_2	714	Response	1	16438882	5689	1
10108009_2	715	Sound	52	16452658	626	1			260		other	0
10108009_2	716	Sound	57	16473658	452	1			260		other	0
10108009_2	717	Sound	52	16498258	376	1			260		other	0
10108009_2	718	Sound	56	16522857	634	1			260		other	0
10108009_2	719	Sound	51	16545657	593	1			260		other	0
10108009_2	720	Sound	51	16566957	552	1			260		other	0
10108009_2	721	Sound	51	16586156	412	1			260		other	0
10108009_2	722	Sound	60	16602956	539	1			260		other	0
10108009_2	722	Response	1	16606639	4222	1
10108009_2	723	Sound	57	16621256	666	1			260		other	0
10108009_2	723	Response	1	16631998	11408	1
10108009_2	724	Sound	53	16644055	624	1			260		other	0
10108009_2	724	Response	1	16650318	6887	1
10108009_2	725	Sound	52	16664455	517	1			260		other	0
10108009_2	726	Sound	54	16692955	507	1			260		other	0
10108009_2	726	Response	1	16699437	6989	1
10108009_2	727	Sound	58	16710954	501	1			260		other	0
10108009_2	727	Response	1	16717197	6743	1
10108009_2	728	Sound	57	16735254	625	1			260		other	0
10108009_2	728	Response	1	16742316	7687	1
10108009_2	729	Sound	50	16753554	585	1			260		other	0
10108009_2	730	Sound	56	16771853	545	1			260		other	0
10108009_2	731	Sound	58	16799753	602	1			260		other	0
10108009_2	731	Response	1	16804955	5804	1
10108009_2	732	Sound	59	16824053	393	1			260		other	0
10108009_2	733	Sound	57	16842652	654	1			260		other	0
10108009_2	733	Response	1	16849354	7356	1
10108009_2	734	Sound	55	16869652	644	1			260		other	0
10108009_2	735	Sound	58	16893051	535	1			260		other	0
10108009_2	735	Response	1	16897834	5318	1
10108009_2	736	Sound	58	16919751	559	1			260		other	0
10108009_2	736	Response	1	16924233	5041	1
10108009_2	737	Sound	56	16948851	482	1			260		other	0
10108009_2	738	Sound	50	16976450	572	1			260		other	0
10108009_2	739	Sound	60	16993550	666	1			260		other	0
10108009_2	739	Response	1	16996152	3268	1
10108009_2	740	Sound	58	17015150	592	1			260		other	0
10108009_2	741	Sound	54	17032549	486	1			260		other	0
10108009_2	742	Sound	52	17057149	577	1			260		other	0
10108009_2	743	Sound	59	17076048	470	1			260		other	0
10108009_2	743	Response	1	17079990	4412	1
10108009_2	744	Sound	55	17096148	396	1			260		other	0
10108009_2	745	Sound	56	17115948	523	1			260		other	0
10108009_2	746	Sound	60	17143548	446	1			260		other	0
10108009_2	746	Response	1	17146869	3768	1
10108009_2	747	Sound	53	17166047	604	1			260		other	0
10108009_2	747	Response	1	17171349	5906	1
10108009_2	748	Sound	60	17186747	630	1			260		other	0
10108009_2	748	Response	1	17189429	3312	1
10108009_2	749	Sound	53	17208946	489	1			260		other	0
10108009_2	750	Sound	51	17230546	581	1			260		other	0
10108009_2	751	Sound	59	17253046	407	1			260		other	0
10108009_2	751	Response	1	17257827	5188	1
10108009_2	752	Sound	60	17273745	433	1			260		other	0
10108009_2	752	Response	1	17277027	3714	1
10108009_2	753	Sound	59	17291445	460	1			260		other	0
10108009_2	753	Response	1	17297587	6601	1

The following output port codes were not sent because of a conflict on the port.
Port	Code	Time(ms)
1	253	5246.26
1	253	136189
1	253	268763
1	253	403568
1	253	539974
1	253	677771
1	253	806681
1	253	944302
1	253	1.08007e+06
1	253	1.21227e+06
1	253	1.33838e+06
1	253	1.47125e+06
1	253	1.60249e+06
1	253	1.73143e+06
