Scenario - 
Logfile written - 12/09/2018 18:22:19

Subject	Trial	Event Type	Code	Time	TTime	Uncertainty	Duration	Uncertainty	ReqTime	ReqDur	Stim Type	Pair Index

10108014	1	Response	255	490239	489739	1
10108014	3	Sound	34	569682	429	1			260		other	0
10108014	4	Sound	34	591880	454	1			260		other	0
10108014	5	Sound	32	614079	479	1			260		other	0
10108014	6	Sound	35	637178	404	1			260		other	0
10108014	7	Sound	40	660276	663	1			260		other	0
10108014	7	Response	1	663027	3414	1
10108014	8	Sound	31	680375	589	1			260		other	0
10108014	9	Sound	37	701074	615	1			260		other	0
10108014	10	Sound	30	726572	606	1			260		other	0
10108014	11	Sound	35	753570	430	1			260		other	0
10108014	12	Sound	32	781168	520	1			260		other	0
10108014	13	Sound	36	807267	445	1			260		other	0
10108014	14	Sound	31	827665	670	1			260		other	0
10108014	15	Sound	39	845364	531	1			260		other	0
10108014	16	Sound	32	873263	587	1			260		other	0
10108014	17	Sound	37	892161	480	1			260		other	0
10108014	18	Sound	37	917960	604	1			260		other	0
10108014	19	Sound	33	940158	464	1			260		other	0
10108014	20	Sound	40	961757	556	1			260		other	0
10108014	20	Response	1	964448	3247	1
10108014	21	Sound	35	985756	547	1			260		other	0
10108014	22	Sound	33	1013954	405	1			260		other	0
10108014	23	Sound	39	1032553	664	1			260		other	0
10108014	24	Sound	36	1051751	524	1			260		other	0
10108014	24	Response	1	1057962	6735	1
10108014	25	Sound	32	1077550	481	1			260		other	0
10108014	26	Sound	35	1094949	375	1			260		other	0
10108014	27	Sound	30	1115947	534	1			260		other	0
10108014	28	Sound	38	1134546	627	1			260		other	0
10108014	28	Response	1	1138517	4598	1
10108014	29	Sound	31	1156445	519	1			260		other	0
10108014	30	Sound	40	1175344	413	1			260		other	0
10108014	30	Response	1	1178114	3184	1
10108014	31	Sound	33	1197842	571	1			260		other	0
10108014	32	Sound	30	1221541	596	1			260		other	0
10108014	33	Sound	39	1239840	557	1			260		other	0
10108014	33	Response	1	1243630	4347	1
10108014	34	Sound	34	1262938	482	1			260		other	0
10108014	35	Sound	31	1290836	372	1			260		other	0
10108014	36	Sound	38	1312435	464	1			260		other	0
10108014	37	Sound	39	1337033	555	1			260		other	0
10108014	37	Response	1	1340824	4346	1
10108014	38	Sound	30	1359532	547	1			260		other	0
10108014	39	Sound	36	1381131	639	1			260		other	0
10108014	40	Sound	35	1398230	400	1			260		other	0
10108014	40	Response	1	1403300	5470	1
10108014	41	Sound	38	1420428	426	1			260		other	0
10108014	41	Response	1	1424738	4736	1
10108014	42	Sound	36	1442027	518	1			260		other	0
10108014	43	Sound	38	1458826	479	1			260		other	0
10108014	43	Response	1	1463616	5269	1
10108014	44	Sound	38	1487924	568	1			260		other	0
10108014	44	Response	1	1492414	5058	1
10108014	45	Sound	32	1510122	594	1			260		other	0
10108014	46	Sound	40	1533821	618	1			260		other	0
10108014	46	Response	1	1536331	3129	1
10108014	47	Sound	33	1554220	511	1			260		other	0
10108014	48	Sound	31	1575218	671	1			260		other	0
10108014	49	Sound	30	1592317	598	1			260		other	0
10108014	50	Sound	36	1609116	558	1			260		other	0
10108014	50	Response	1	1612806	4248	1
10108014	51	Sound	40	1637015	448	1			260		other	0
10108014	51	Response	1	1639844	3278	1
10108014	52	Sound	33	1660113	540	1			260		other	0
10108014	53	Sound	37	1680212	633	1			260		other	0
10108014	54	Sound	39	1708110	523	1			260		other	0
10108014	54	Response	1	1712640	5053	1
10108014	55	Sound	34	1730609	516	1			260		other	0
10108014	56	Sound	37	1759407	471	1			260		other	0
10108014	56	Response	1	1763517	4581	1
10108014	57	Sound	34	1781605	663	1			260		other	0
10108014	59	Response	255	2405475	604448	1
10108014	61	Sound	51	2484461	646	1			260		other	0
10108014	61	Response	1	2496190	12375	1
10108014	62	Sound	58	2512059	570	1			260		other	0
10108014	62	Response	1	2517148	5658	1
10108014	63	Sound	59	2539958	627	1			260		other	0
10108014	63	Response	1	2544026	4695	1
10108014	64	Sound	60	2560656	653	1			260		other	0
10108014	64	Response	1	2562985	2981	1
10108014	65	Sound	52	2580155	479	1			260		other	0
10108014	65	Response	1	2584664	4988	1
10108014	66	Sound	55	2600254	572	1			260		other	0
10108014	66	Response	1	2605382	5700	1
10108014	67	Sound	57	2624552	530	1			260		other	0
10108014	67	Response	1	2628101	4078	1
10108014	67	Response	1	2644260	20237	1
10108014	68	Sound	54	2652151	453	1			260		other	0
10108014	69	Sound	55	2676749	378	1			260		other	0
10108014	69	Response	1	2683138	6766	1
10108014	70	Sound	58	2703447	568	1			260		other	0
10108014	70	Response	1	2707376	4497	1
10108014	71	Sound	54	2731946	558	1			260		other	0
10108014	71	Response	1	2734894	3507	1
10108014	72	Sound	53	2753544	484	1			260		other	0
10108014	72	Response	1	2760252	7192	1
10108014	73	Sound	57	2771543	477	1			260		other	0
10108014	73	Response	1	2775131	4066	1
10108014	74	Sound	52	2788942	538	1			260		other	0
10108014	75	Sound	56	2815940	528	1			260		other	0
10108014	75	Response	1	2819049	3637	1
10108014	76	Sound	51	2834239	488	1			260		other	0
10108014	76	Response	1	2838648	4897	1
10108014	77	Sound	55	2862137	378	1			260		other	0
10108014	77	Response	1	2866166	4407	1
10108014	78	Sound	50	2886736	636	1			260		other	0
10108014	79	Sound	50	2909834	395	1			260		other	0
10108014	80	Sound	54	2929033	589	1			260		other	0
10108014	80	Response	1	2932642	4197	1
10108014	81	Sound	50	2951832	547	1			260		other	0
10108014	81	Response	1	2959440	8155	1
10108014	82	Sound	58	2969531	407	1			260		other	0
10108014	82	Response	1	2973039	3915	1
10108014	83	Sound	58	2989329	533	1			260		other	0
10108014	83	Response	1	2992478	3681	1
10108014	84	Sound	57	3018127	656	1			260		other	0
10108014	84	Response	1	3021516	4045	1
10108014	85	Sound	60	3040926	615	1			260		other	0
10108014	85	Response	1	3044234	3923	1
10108014	86	Sound	52	3065524	373	1			260		other	0
10108014	86	Response	1	3069752	4601	1
10108014	87	Sound	57	3084723	399	1			260		other	0
10108014	88	Sound	60	3105422	593	1			260		other	0
10108014	88	Response	1	3108230	3401	1
10108014	89	Sound	51	3132420	582	1			260		other	0
10108014	90	Sound	59	3159119	441	1			260		other	0
10108014	90	Response	1	3161987	3309	1
10108014	91	Sound	55	3185517	497	1			260		other	0
10108014	91	Response	1	3189265	4245	1
10108014	92	Sound	51	3210415	554	1			260		other	0
10108014	92	Response	1	3213503	3642	1
10108014	93	Sound	53	3238914	544	1			260		other	0
10108014	93	Response	1	3241902	3532	1
10108014	94	Sound	52	3261112	403	1			260		other	0
10108014	94	Response	1	3265100	4391	1
10108014	95	Sound	56	3284511	461	1			260		other	0
10108014	95	Response	1	3288859	4809	1
10108014	96	Sound	60	3312709	485	1			260		other	0
10108014	96	Response	1	3315497	3272	1
10108014	97	Sound	56	3337007	443	1			260		other	0
10108014	97	Response	1	3342215	5650	1
10108014	98	Sound	51	3363406	500	1			260		other	0
10108014	98	Response	1	3371413	8507	1
10108014	99	Sound	56	3383804	559	1			260		other	0
10108014	100	Sound	50	3407203	451	1			260		other	0
10108014	101	Sound	53	3426102	511	1			260		other	0
10108014	102	Sound	59	3453100	501	1			260		other	0
10108014	102	Response	1	3457728	5129	1
10108014	103	Sound	50	3473199	427	1			260		other	0
10108014	104	Sound	54	3498097	485	1			260		other	0
10108014	105	Sound	58	3519096	644	1			260		other	0
10108014	105	Response	1	3522843	4392	1
10108014	106	Sound	59	3544294	502	1			260		other	0
10108014	106	Response	1	3547722	3930	1
10108014	107	Sound	52	3566193	561	1			260		other	0
10108014	108	Sound	59	3586592	620	1			260		other	0
10108014	108	Response	1	3590119	4148	1
10108014	109	Sound	56	3613890	577	1			260		other	0
10108014	110	Sound	57	3632789	470	1			260		other	0
10108014	111	Sound	53	3651388	564	1			260		other	0
10108014	111	Response	1	3656275	5451	1
10108014	112	Sound	53	3678986	487	1			260		other	0
10108014	112	Response	1	3682753	4255	1
10108014	113	Sound	54	3698485	647	1			260		other	0
10108014	113	Response	1	3702352	4514	1
10108014	114	Sound	60	3723983	471	1			260		other	0
10108014	114	Response	1	3726190	2679	1
10108014	115	Sound	55	3744082	564	1			260		other	0
10108014	115	Response	1	3748909	5391	1
10108014	117	Response	255	4819080	1053810	1
10108014	119	Sound	39	4891810	622	1			260		other	0
10108014	120	Sound	35	4914308	614	1			260		other	0
10108014	121	Sound	38	4934407	540	1			260		other	0
10108014	121	Response	1	4938513	4646	1
10108014	122	Sound	33	4951506	634	1			260		other	0
10108014	123	Sound	30	4971304	427	1			260		other	0
10108014	124	Sound	39	4989603	554	1			260		other	0
10108014	125	Sound	40	5010602	546	1			260		other	0
10108014	125	Response	1	5012988	2932	1
10108014	126	Sound	39	5029501	606	1			260		other	0
10108014	126	Response	1	5041626	12731	1
10108014	127	Sound	35	5046600	533	1			260		other	0
10108014	128	Sound	33	5069398	659	1			260		other	0
10108014	129	Sound	33	5086797	552	1			260		other	0
10108014	130	Sound	31	5114395	476	1			260		other	0
10108014	131	Sound	30	5135994	401	1			260		other	0
10108014	132	Sound	31	5162992	559	1			260		other	0
10108014	133	Sound	36	5189691	416	1			260		other	0
10108014	133	Response	1	5194096	4821	1
10108014	134	Sound	37	5216089	640	1			260		other	0
10108014	135	Sound	36	5238588	632	1			260		other	0
10108014	135	Response	1	5243453	5497	1
10108014	136	Sound	36	5264686	389	1			260		other	0
10108014	137	Sound	35	5286585	615	1			260		other	0
10108014	137	Response	1	5292650	6680	1
10108014	138	Sound	30	5315383	571	1			260		other	0
10108014	139	Sound	38	5342981	495	1			260		other	0
10108014	140	Sound	39	5363680	520	1			260		other	0
10108014	141	Sound	34	5381979	647	1			260		other	0
10108014	141	Response	1	5386963	5632	1
10108014	142	Sound	40	5408677	504	1			260		other	0
10108014	142	Response	1	5412322	4149	1
10108014	143	Sound	37	5425776	431	1			260		other	0
10108014	143	Response	1	5430481	5137	1
10108014	144	Sound	38	5445275	591	1			260		other	0
10108014	144	Response	1	5449280	4596	1
10108014	145	Sound	34	5470173	482	1			260		other	0
10108014	146	Sound	30	5487272	410	1			260		other	0
10108014	147	Sound	34	5507371	503	1			260		other	0
10108014	148	Sound	32	5528969	428	1			260		other	0
10108014	149	Sound	35	5554168	619	1			260		other	0
10108014	149	Response	1	5557193	3644	1
10108014	150	Sound	32	5579966	577	1			260		other	0
10108014	151	Sound	32	5600365	636	1			260		other	0
10108014	152	Sound	31	5617164	597	1			260		other	0
10108014	153	Sound	37	5643862	454	1			260		other	0
10108014	154	Sound	30	5662761	514	1			260		other	0
10108014	155	Sound	33	5684659	573	1			260		other	0
10108014	156	Sound	31	5705358	432	1			260		other	0
10108014	157	Sound	36	5727557	457	1			260		other	0
10108014	158	Sound	37	5751255	649	1			260		other	0
10108014	159	Sound	34	5778254	639	1			260		other	0
10108014	160	Sound	40	5804052	597	1			260		other	0
10108014	160	Response	1	5806856	3401	1
10108014	161	Sound	36	5832850	553	1			260		other	0
10108014	162	Sound	39	5853549	412	1			260		other	0
10108014	162	Response	1	5858373	5237	1
10108014	163	Sound	38	5880247	436	1			260		other	0
10108014	163	Response	1	5884852	5041	1
10108014	164	Sound	34	5903046	395	1			260		other	0
10108014	165	Sound	37	5922244	421	1			260		other	0
10108014	166	Sound	40	5941743	581	1			260		other	0
10108014	166	Response	1	5944688	3526	1
10108014	167	Sound	33	5958842	508	1			260		other	0
10108014	168	Sound	38	5976541	535	1			260		other	0
10108014	169	Sound	32	5999940	427	1			260		other	0
10108014	170	Sound	31	6025438	585	1			260		other	0
10108014	171	Sound	32	6043137	612	1			260		other	0
10108014	171	Response	1	6046921	4396	1
10108014	172	Sound	40	6066235	537	1			260		other	0
10108014	172	Response	1	6069160	3461	1
10108014	173	Sound	35	6083334	464	1			260		other	0
10108014	175	Response	255	6322344	218887	1
10108014	177	Sound	50	6388415	622	1			260		other	0
10108014	178	Sound	57	6416613	645	1			260		other	0
10108014	178	Response	1	6420017	4049	1
10108014	179	Sound	50	6433412	439	1			260		other	0
10108014	180	Sound	50	6454411	432	1			260		other	0
10108014	180	Response	1	6471134	17155	1
10108014	181	Sound	60	6472110	625	1			260		other	0
10108014	182	Sound	56	6494308	484	1			260		other	0
10108014	182	Response	1	6499532	5708	1
10108014	183	Sound	55	6521907	408	1			260		other	0
10108014	183	Response	1	6524810	3311	1
10108014	184	Sound	58	6547705	365	1			260		other	0
10108014	184	Response	1	6551289	3949	1
10108014	185	Sound	55	6576503	655	1			260		other	0
10108014	185	Response	1	6582487	6638	1
10108014	186	Sound	56	6595702	515	1			260		other	0
10108014	186	Response	1	6599126	3938	1
10108014	187	Sound	52	6612501	642	1			260		other	0
10108014	187	Response	1	6616405	4546	1
10108014	188	Sound	57	6633200	501	1			260		other	0
10108014	188	Response	1	6636243	3545	1
10108014	189	Sound	57	6651499	461	1			260		other	0
10108014	189	Response	1	6655442	4405	1
10108014	190	Sound	59	6679997	451	1			260		other	0
10108014	190	Response	1	6682960	3415	1
10108014	191	Sound	58	6705795	409	1			260		other	0
10108014	191	Response	1	6710318	4932	1
10108014	192	Sound	50	6724694	469	1			260		other	0
10108014	193	Sound	58	6747192	461	1			260		other	0
10108014	193	Response	1	6749836	3104	1
10108014	194	Sound	60	6765791	554	1			260		other	0
10108014	194	Response	1	6768395	3157	1
10108014	195	Sound	54	6784390	647	1			260		other	0
10108014	196	Sound	51	6811688	604	1			260		other	0
10108014	196	Response	1	6816712	5628	1
10108014	197	Sound	53	6829987	398	1			260		other	0
10108014	198	Sound	56	6846786	525	1			260		other	0
10108014	198	Response	1	6850550	4288	1
10108014	199	Sound	51	6865985	551	1			260		other	0
10108014	200	Sound	53	6883384	612	1			260		other	0
10108014	200	Response	1	6886530	3758	202
10108014	201	Sound	59	6901983	372	1			260		other	0
10108014	201	Response	1	6905346	3735	1
10108014	202	Sound	59	6921782	498	1			260		other	0
10108014	202	Response	1	6925265	3981	1
10108014	203	Sound	51	6946380	590	1			260		other	0
10108014	203	Response	1	6949263	3473	1
10108014	204	Sound	51	6973678	546	1			260		other	0
10108014	204	Response	1	6977661	4530	1
10108014	205	Sound	59	6997077	605	1			260		other	0
10108014	205	Response	1	6999740	3268	1
10108014	206	Sound	55	7013876	399	1			260		other	0
10108014	206	Response	1	7017659	4182	1
10108014	207	Sound	59	7032774	625	1			260		other	0
10108014	207	Response	1	7035978	3829	1
10108014	208	Sound	58	7061273	449	1			260		other	0
10108014	208	Response	1	7064616	3792	1
10108014	209	Sound	60	7077472	476	1			260		other	0
10108014	209	Response	1	7080135	3139	1
10108014	210	Sound	57	7096670	503	1			260		other	0
10108014	210	Response	1	7099974	3806	1
10108014	211	Sound	54	7119169	495	1			260		other	0
10108014	211	Response	1	7122292	3618	1
10108014	212	Sound	55	7138968	621	1			260		other	0
10108014	213	Sound	50	7166266	578	1			260		other	0
10108014	214	Sound	60	7194164	635	1			260		other	0
10108014	214	Response	1	7196367	2838	1
10108014	215	Sound	57	7211563	528	1			260		other	0
10108014	215	Response	1	7220606	9571	1
10108014	216	Sound	55	7229862	489	1			260		other	0
10108014	216	Response	1	7233645	4271	1
10108014	217	Sound	52	7248761	382	1			260		other	0
10108014	217	Response	1	7252284	3905	1
10108014	218	Sound	58	7271859	640	1			260		other	0
10108014	218	Response	1	7274282	3063	1
10108014	219	Sound	52	7299158	430	1			260		other	0
10108014	220	Sound	54	7326156	421	1			260		other	0
10108014	221	Sound	54	7345955	547	1			260		other	0
10108014	221	Response	1	7349637	4230	1
10108014	222	Sound	56	7370553	639	1			260		other	0
10108014	222	Response	1	7374996	5082	1
10108014	223	Sound	53	7392152	564	1			260		other	0
10108014	223	Response	1	7396434	4846	1
10108014	224	Sound	52	7410751	491	1			260		other	0
10108014	224	Response	1	7426592	16332	1
10108014	225	Sound	52	7438649	547	1			260		other	0
10108014	225	Response	1	7443151	5050	1
10108014	226	Sound	51	7455448	508	1			260		other	0
10108014	227	Sound	54	7477347	400	1			260		other	0
10108014	228	Sound	56	7498945	493	1			260		other	0
10108014	228	Response	1	7504507	6055	1
10108014	229	Sound	53	7518744	619	1			260		other	0
10108014	230	Sound	60	7542142	677	1			260		other	0
10108014	230	Response	1	7544505	3040	1
10108014	231	Sound	53	7561041	404	1			260		other	0
10108014	233	Response	255	7868484	287261	1
10108014	235	Sound	59	7940817	402	1			260		other	0
10108014	235	Response	1	7944479	4064	1
10108014	236	Sound	60	7969015	592	1			260		other	0
10108014	236	Response	1	7971757	3333	1
10108014	237	Sound	50	7993314	383	1			260		other	0
10108014	238	Sound	58	8017012	575	1			260		other	0
10108014	238	Response	1	8020074	3636	1
10108014	239	Sound	59	8046111	498	1			260		other	0
10108014	239	Response	1	8049992	4379	1
10108014	240	Sound	59	8065010	391	1			260		other	0
10108014	240	Response	1	8071431	6813	1
10108014	241	Sound	57	8084508	550	1			260		other	0
10108014	241	Response	1	8088470	4512	1
10108014	242	Sound	57	8111806	507	1			260		other	0
10108014	242	Response	1	8114868	3569	1
10108014	243	Sound	51	8138505	531	1			260		other	0
10108014	243	Response	1	8143666	5693	1
10108014	244	Sound	55	8158604	457	1			260		other	0
10108014	244	Response	1	8162465	4319	1
10108014	245	Sound	55	8183502	515	1			260		other	0
10108014	245	Response	1	8187583	4597	1
10108014	246	Sound	52	8204201	541	1			260		other	0
10108014	247	Sound	51	8231799	465	1			260		other	0
10108014	248	Sound	54	8259397	388	1			260		other	0
10108014	249	Sound	59	8285196	512	1			260		other	0
10108014	249	Response	1	8288777	4094	1
10108014	250	Sound	54	8308294	605	1			260		other	0
10108014	250	Response	1	8313176	5486	1
10108014	251	Sound	56	8327193	497	1			260		other	0
10108014	251	Response	1	8332214	5519	1
10108014	252	Sound	54	8346692	657	1			260		other	0
10108014	252	Response	1	8350773	4738	1
10108014	253	Sound	57	8374290	414	1			260		other	0
10108014	253	Response	1	8377651	3775	1
10108014	254	Sound	52	8394689	640	1			260		other	0
10108014	254	Response	1	8399090	5041	1
10108014	255	Sound	59	8412988	433	1			260		other	0
10108014	255	Response	1	8417169	4614	1
10108014	256	Sound	58	8436986	592	1			260		other	0
10108014	256	Response	1	8440127	3733	1
10108014	257	Sound	53	8458285	384	1			260		other	0
10108014	257	Response	1	8463486	5585	1
10108014	258	Sound	54	8484683	441	1			260		other	0
10108014	259	Sound	58	8511381	632	1			260		other	0
10108014	259	Response	1	8514602	3853	1
10108014	260	Sound	55	8530880	458	1			260		other	0
10108014	260	Response	1	8536681	6259	3
10108014	261	Sound	53	8558778	515	1			260		other	0
10108014	261	Response	1	8561560	3296	1
10108014	262	Sound	52	8575277	509	1			260		other	0
10108014	262	Response	1	8579478	4710	1
10108014	263	Sound	51	8593276	502	1			260		other	0
10108014	263	Response	1	8598037	5263	1
10108014	264	Sound	50	8612175	396	1			260		other	0
10108014	265	Sound	50	8639173	553	1			260		other	0
10108014	266	Sound	60	8659572	612	1			260		other	0
10108014	266	Response	1	8662273	3313	1
10108014	267	Sound	57	8681771	638	1			260		other	0
10108014	267	Response	1	8686751	5618	1
10108014	268	Sound	58	8698870	398	1			260		other	0
10108014	268	Response	1	8705550	7079	1
10108014	269	Sound	60	8715068	593	1			260		other	0
10108014	269	Response	1	8718189	3714	1
10108014	270	Sound	52	8738467	484	1			260		other	0
10108014	270	Response	1	8741388	3405	1
10108014	271	Sound	56	8760666	509	1			260		other	0
10108014	271	Response	1	8765146	4990	1
10108014	272	Sound	53	8786764	600	1			260		other	0
10108014	272	Response	1	8790905	4741	1
10108014	273	Sound	50	8804463	460	1			260		other	0
10108014	274	Sound	58	8823062	554	1			260		other	0
10108014	274	Response	1	8826742	4234	1
10108014	275	Sound	51	8851560	377	1			260		other	0
10108014	276	Sound	56	8868959	438	1			260		other	0
10108014	276	Response	1	8879219	10698	1
10108014	277	Sound	57	8887558	531	1			260		other	0
10108014	277	Response	1	8892258	5231	1
10108014	278	Sound	52	8909456	590	1			260		other	0
10108014	279	Sound	54	8929555	516	1			260		other	0
10108014	279	Response	1	8934255	5216	1
10108014	280	Sound	60	8950854	475	1			260		other	0
10108014	280	Response	1	8954334	3955	1
10108014	281	Sound	60	8977552	499	1			260		other	0
10108014	281	Response	1	8980093	3040	1
10108014	282	Sound	53	8996451	559	1			260		other	0
10108014	283	Sound	53	9017449	385	1			260		other	0
10108014	283	Response	1	9020730	3666	1
10108014	284	Sound	50	9037248	511	1			260		other	0
10108014	285	Sound	55	9066046	634	1			260		other	0
10108014	285	Response	1	9070567	5154	1
10108014	286	Sound	51	9093045	458	1			260		other	0
10108014	287	Sound	55	9109544	618	1			260		other	0
10108014	288	Sound	56	9136242	642	1			260		other	0
10108014	288	Response	1	9142402	6803	1
10108014	289	Sound	56	9156641	535	1			260		other	0
10108014	291	Response	255	10430079	1247386	1
10108014	293	Sound	31	10512555	552	1			260		other	0
10108014	294	Sound	32	10532954	611	1			260		other	0
10108014	294	Response	1	10540872	8529	1
10108014	295	Sound	37	10550653	638	1			260		other	0
10108014	295	Response	1	10554871	4857	1
10108014	296	Sound	38	10575851	663	1			260		other	0
10108014	296	Response	1	10579990	4801	1
10108014	297	Sound	38	10592350	656	1			260		other	0
10108014	297	Response	1	10600308	8615	1
10108014	298	Sound	32	10611249	383	1			260		other	0
10108014	299	Sound	34	10628348	477	1			260		other	0
10108014	300	Sound	31	10646347	637	1			260		other	0
10108014	301	Sound	35	10665546	664	1			260		other	0
10108014	302	Sound	30	10692244	521	1			260		other	0
10108014	303	Sound	32	10717142	412	1			260		other	0
10108014	304	Sound	31	10743841	603	1			260		other	0
10108014	305	Sound	39	10766039	628	1			260		other	0
10108014	305	Response	1	10777897	12486	1
10108014	306	Sound	34	10783738	655	1			260		other	0
10108014	307	Sound	36	10812836	578	1			260		other	0
10108014	308	Sound	36	10829035	606	1			260		other	0
10108014	309	Sound	33	10854234	463	1			260		other	0
10108014	309	Response	1	10860692	6921	1
10108014	310	Sound	40	10873732	623	1			260		other	0
10108014	310	Response	1	10876371	3261	1
10108014	311	Sound	30	10899231	614	1			260		other	0
10108014	312	Sound	39	10916030	408	1			260		other	0
10108014	313	Sound	30	10939128	500	1			260		other	0
10108014	314	Sound	36	10959227	426	1			260		other	0
10108014	315	Sound	36	10983226	584	1			260		other	0
10108014	315	Response	1	10987563	4922	1
10108014	316	Sound	35	11000624	644	1			260		other	0
10108014	316	Response	1	11007002	7022	1
10108014	317	Sound	35	11019523	538	1			260		other	0
10108014	318	Sound	37	11038722	397	1			260		other	0
10108014	318	Response	1	11044120	5795	1
10108014	319	Sound	34	11061821	489	1			260		other	0
10108014	320	Sound	31	11091219	545	1			260		other	0
10108014	321	Sound	37	11111017	505	1			260		other	0
10108014	322	Sound	38	11138316	629	1			260		other	0
10108014	323	Sound	37	11162314	620	1			260		other	0
10108014	324	Sound	32	11185413	545	1			260		other	0
10108014	325	Sound	31	11213611	568	1			260		other	0
10108014	325	Response	1	11220829	7786	1
10108014	326	Sound	35	11236110	394	1			260		other	0
10108014	327	Sound	30	11252609	388	1			260		other	0
10108014	328	Sound	38	11270307	582	1			260		other	0
10108014	329	Sound	40	11298806	571	1			260		other	0
10108014	329	Response	1	11302343	4109	1
10108014	330	Sound	33	11318604	364	1			260		other	0
10108014	331	Sound	40	11339003	424	1			260		other	0
10108014	331	Response	1	11342341	3761	1
10108014	332	Sound	40	11358802	550	1			260		other	0
10108014	332	Response	1	11363299	5047	1
10108014	333	Sound	37	11382800	542	1			260		other	0
10108014	334	Sound	40	11407399	466	1			260		other	0
10108014	334	Response	1	11410256	3323	1
10108014	335	Sound	38	11426898	459	1			260		other	0
10108014	335	Response	1	11434255	7816	1
10108014	336	Sound	39	11455396	616	1			260		other	0
10108014	336	Response	1	11460493	5713	1
10108014	337	Sound	39	11477294	508	1			260		other	0
10108014	337	Response	1	11481452	4665	1
10108014	338	Sound	36	11497993	534	1			260		other	0
10108014	338	Response	1	11503050	5591	1
10108014	339	Sound	32	11519892	426	1			260		other	0
10108014	340	Sound	39	11541190	552	1			260		other	0
10108014	340	Response	1	11546807	6169	1
10108014	341	Sound	35	11569689	542	1			260		other	0
10108014	341	Response	1	11575606	6458	1
10108014	342	Sound	34	11589187	534	1			260		other	0
10108014	342	Response	1	11595044	6392	1
10108014	343	Sound	34	11613186	527	1			260		other	0
10108014	343	Response	1	11620163	7503	1
10108014	344	Sound	33	11639884	550	1			260		other	0
10108014	345	Sound	30	11659383	543	1			260		other	0
10108014	346	Sound	33	11685481	467	1			260		other	0
10108014	347	Sound	33	11707980	625	1			260		other	0
10108014	349	Response	255	11962701	238762	1
10108014	351	Sound	18	12043659	539	1			260		other	0
10108014	352	Sound	11	12069157	530	1			260		other	0
10108014	353	Sound	16	12095555	587	1			260		other	0
10108014	354	Sound	15	12119254	612	1			260		other	0
10108014	355	Sound	13	12136353	539	1			260		other	0
10108014	356	Sound	17	12163651	496	1			260		other	0
10108014	356	Response	1	12168688	5533	1
10108014	357	Sound	19	12179550	391	1			260		other	0
10108014	357	Response	1	12184207	5047	1
10108014	358	Sound	18	12200249	583	1			260		other	0
10108014	358	Response	1	12204045	4380	1
10108014	359	Sound	12	12227247	574	1			260		other	0
10108014	359	Response	1	12232044	5370	1
10108014	360	Sound	10	12250046	366	1			260		other	0
10108014	361	Sound	14	12274044	524	1			260		other	0
10108014	361	Response	1	12280520	7000	1
10108014	362	Sound	14	12291143	618	1			260		other	0
10108014	362	Response	1	12295559	5034	1
10108014	363	Sound	16	12310342	477	1			260		other	0
10108014	363	Response	1	12313718	3854	1
10108014	364	Sound	17	12338540	501	1			260		other	0
10108014	364	Response	1	12344116	6077	1
10108014	365	Sound	10	12357139	427	1			260		other	0
10108014	366	Sound	16	12379038	486	1			260		other	0
10108014	366	Response	1	12383154	4602	1
10108014	367	Sound	19	12400036	646	1			260		other	0
10108014	367	Response	1	12403072	3682	1
10108014	368	Sound	13	12425535	636	1			260		other	0
10108014	368	Response	1	12428591	3693	1
10108014	369	Sound	18	12444133	396	1			260		other	0
10108014	369	Response	1	12447630	3892	1
10108014	370	Sound	15	12464532	622	1			260		other	0
10108014	370	Response	1	12468588	4678	1
10108014	371	Sound	19	12481631	383	1			260		other	0
10108014	372	Sound	10	12507729	640	1			260		other	0
10108014	372	Response	1	12517945	10856	1
10108014	373	Sound	16	12523928	501	1			260		other	0
10108014	373	Response	1	12528904	5477	1
10108014	374	Sound	15	12545227	460	1			260		other	0
10108014	374	Response	1	12549863	5096	1
10108014	375	Sound	17	12569226	452	1			260		other	0
10108014	376	Sound	12	12587224	445	1			260		other	0
10108014	377	Sound	11	12611523	403	1			260		other	0
10108014	378	Sound	14	12632522	396	1			260		other	0
10108014	379	Sound	14	12651120	656	1			260		other	0
10108014	379	Response	1	12655536	5072	1
10108014	380	Sound	13	12674219	581	1			260		other	0
10108014	381	Sound	20	12698217	572	1			260		other	0
10108014	381	Response	1	12701453	3808	1
10108014	382	Sound	18	12715616	466	1			260		other	0
10108014	382	Response	1	12720252	5102	1
10108014	383	Sound	14	12739915	424	1			260		other	0
10108014	383	Response	1	12743131	3640	1
10108014	384	Sound	15	12757914	418	1			260		other	0
10108014	384	Response	1	12761530	4034	1
10108014	385	Sound	19	12780412	576	1			260		other	0
10108014	385	Response	1	12784008	4172	1
10108014	386	Sound	20	12806811	467	1			260		other	0
10108014	386	Response	1	12809606	3263	1
10108014	387	Sound	10	12834109	591	1			260		other	0
10108014	388	Sound	10	12855708	516	1			260		other	0
10108014	389	Sound	16	12876106	576	1			260		other	0
10108014	389	Response	1	12879922	4391	1
10108014	390	Sound	17	12901005	634	1			260		other	0
10108014	390	Response	1	12905040	4669	1
10108014	391	Sound	20	12921103	559	1			260		other	0
10108014	391	Response	1	12923999	3455	1
10108014	392	Sound	12	12949302	416	1			260		other	0
10108014	393	Sound	17	12975700	473	1			260		other	0
10108014	393	Response	1	12980155	4929	1
10108014	394	Sound	18	12991299	401	1			260		other	0
10108014	394	Response	1	12995434	4537	1
10108014	395	Sound	13	13011698	461	1			260		other	0
10108014	395	Response	1	13017513	6276	1
10108014	396	Sound	11	13035396	486	1			260		other	0
10108014	397	Sound	13	13059095	677	1			260		other	0
10108014	398	Sound	11	13077694	604	1			260		other	0
10108014	399	Sound	11	13096892	630	1			260		other	0
10108014	399	Response	1	13099428	3166	1
10108014	400	Sound	19	13118491	389	1			260		other	0
10108014	400	Response	1	13121506	3404	1
10108014	401	Sound	15	13140090	648	1			260		other	0
10108014	401	Response	1	13143825	4383	1
10108014	402	Sound	20	13164088	473	1			260		other	0
10108014	402	Response	1	13166543	2928	1
10108014	403	Sound	12	13179687	567	1			260		other	0
10108014	404	Sound	20	13202786	492	1			260		other	0
10108014	404	Response	1	13206301	4008	1
10108014	405	Sound	12	13225884	418	1			260		other	0
10108014	407	Response	255	14154720	912835	1
10108014	409	Sound	37	14227521	427	1			260		other	0
10108014	410	Sound	38	14245520	587	1			260		other	0
10108014	411	Sound	33	14272818	378	1			260		other	0
10108014	412	Sound	39	14301916	468	1			260		other	0
10108014	413	Sound	40	14329215	424	1			260		other	0
10108014	413	Response	1	14332948	4158	1
10108014	414	Sound	33	14348114	651	1			260		other	0
10108014	415	Sound	40	14366712	411	1			260		other	0
10108014	415	Response	1	14370546	4245	1
10108014	416	Sound	34	14394910	601	1			260		other	0
10108014	417	Sound	33	14412309	661	1			260		other	0
10108014	418	Sound	39	14432108	454	1			260		other	0
10108014	418	Response	1	14436062	4408	1
10108014	419	Sound	31	14453107	447	1			260		other	0
10108014	420	Sound	40	14470506	507	1			260		other	0
10108014	420	Response	1	14473019	3021	1
10108014	421	Sound	36	14499304	464	1			260		other	0
10108014	422	Sound	37	14523303	455	1			260		other	0
10108014	423	Sound	35	14544301	448	1			260		other	0
10108014	424	Sound	31	14561400	542	1			260		other	0
10108014	425	Sound	38	14582999	467	1			260		other	0
10108014	425	Response	1	14588132	5600	1
10108014	426	Sound	32	14600998	461	1			260		other	0
10108014	427	Sound	30	14617797	588	1			260		other	0
10108014	428	Sound	37	14640595	380	1			260		other	0
10108014	429	Sound	38	14665494	605	1			260		other	0
10108014	430	Sound	36	14682892	498	1			260		other	0
10108014	431	Sound	31	14702691	458	1			260		other	0
10108014	432	Sound	40	14723090	517	1			260		other	0
10108014	432	Response	1	14727003	4431	1
10108014	433	Sound	32	14747988	575	1			260		other	0
10108014	434	Sound	30	14767187	435	1			260		other	0
10108014	435	Sound	35	14787886	461	1			260		other	0
10108014	436	Sound	35	14804085	655	1			260		other	0
10108014	437	Sound	32	14823584	648	1			260		other	0
10108014	438	Sound	39	14844282	507	1			260		other	0
10108014	438	Response	1	14848675	4900	1
10108014	439	Sound	32	14866481	533	1			260		other	0
10108014	440	Sound	35	14891679	390	1			260		other	0
10108014	441	Sound	36	14915678	382	1			260		other	0
10108014	442	Sound	34	14943576	439	1			260		other	0
10108014	443	Sound	38	14971174	529	1			260		other	0
10108014	444	Sound	30	14989173	522	1			260		other	0
10108014	445	Sound	39	15012572	581	1			260		other	0
10108014	446	Sound	37	15040470	638	1			260		other	0
10108014	447	Sound	31	15069568	560	1			260		other	0
10108014	448	Sound	34	15098366	517	1			260		other	0
10108014	448	Response	1	15104259	6409	1
10108014	449	Sound	36	15123265	408	1			260		other	0
10108014	450	Sound	34	15152363	497	1			260		other	0
10108014	451	Sound	35	15170362	658	1			260		other	0
10108014	452	Sound	33	15187461	585	1			260		other	0
10108014	453	Sound	34	15215959	408	1			260		other	0
10108014	454	Sound	33	15244457	565	1			260		other	0
10108014	455	Sound	30	15262156	425	1			260		other	0
10108014	456	Sound	31	15288854	449	1			260		other	0
10108014	457	Sound	38	15308653	408	1			260		other	0
10108014	458	Sound	39	15329052	635	1			260		other	0
10108014	458	Response	1	15334484	6067	1
10108014	459	Sound	40	15346151	562	1			260		other	0
10108014	459	Response	1	15349363	3774	1
10108014	460	Sound	32	15363849	422	1			260		other	0
10108014	461	Sound	37	15382748	649	1			260		other	0
10108014	462	Sound	30	15411547	605	1			260		other	0
10108014	463	Sound	36	15434345	564	1			260		other	0
10108014	465	Response	255	15753737	296035	1
10108014	467	Sound	56	15827620	390	1			260		other	0
10108014	467	Response	1	15831252	4022	1
10108014	468	Sound	53	15845619	550	1			260		other	0
10108014	468	Response	1	15850291	5222	1
10108014	469	Sound	58	15866318	576	1			260		other	0
10108014	469	Response	1	15869489	3748	1
10108014	470	Sound	52	15890016	434	1			260		other	0
10108014	470	Response	1	15892848	3266	1
10108014	471	Sound	58	15914315	559	1			260		other	0
10108014	471	Response	1	15918206	4451	1
10108014	472	Sound	52	15942513	582	1			260		other	0
10108014	473	Sound	58	15967112	507	1			260		other	0
10108014	473	Response	1	15971083	4479	1
10108014	474	Sound	60	15984510	568	1			260		other	0
10108014	474	Response	1	15987402	3459	1
10108014	475	Sound	59	16004909	460	1			260		other	0
10108014	475	Response	1	16009081	4632	1
10108014	476	Sound	56	16028907	452	1			260		other	0
10108014	476	Response	1	16031559	3103	1
10108014	477	Sound	54	16047506	545	1			260		other	0
10108014	477	Response	1	16051638	4676	1
10108014	478	Sound	57	16070605	470	1			260		other	0
10108014	478	Response	1	16074356	4222	1
10108014	479	Sound	60	16091004	530	1			260		other	0
10108014	479	Response	1	16094035	3561	1
10108014	480	Sound	57	16118902	586	1			260		other	0
10108014	480	Response	1	16122673	4358	1
10108014	481	Sound	57	16142600	444	1			260		other	0
10108014	481	Response	1	16146672	4516	1
10108014	482	Sound	60	16170799	634	1			260		other	0
10108014	482	Response	1	16175070	4906	1
10108014	483	Sound	54	16192997	493	1			260		other	0
10108014	484	Sound	55	16210396	554	1			260		other	0
10108014	484	Response	1	16215067	5225	1
10108014	485	Sound	53	16229595	580	1			260		other	0
10108014	486	Sound	53	16253593	405	1			260		other	0
10108014	487	Sound	50	16271892	365	1			260		other	0
10108014	488	Sound	51	16297091	556	1			260		other	0
10108014	489	Sound	55	16320789	415	1			260		other	0
10108014	489	Response	1	16325380	5006	1
10108014	490	Sound	52	16340288	407	1			260		other	0
10108014	490	Response	1	16344179	4298	1
10108014	491	Sound	57	16357387	668	1			260		other	0
10108014	491	Response	1	16362258	5539	1
10108014	492	Sound	60	16382285	559	1			260		other	0
10108014	492	Response	1	16385856	4130	1
10108014	493	Sound	59	16400284	386	1			260		other	0
10108014	493	Response	1	16405055	5157	1
10108014	494	Sound	55	16420983	578	1			260		other	0
10108014	494	Response	1	16426494	6089	1
10108014	495	Sound	59	16441382	471	1			260		other	0
10108014	495	Response	1	16445052	4142	1
10108014	496	Sound	51	16467180	429	1			260		other	0
10108014	497	Sound	52	16491178	420	1			260		other	0
10108014	497	Response	1	16501209	10451	1
10108014	498	Sound	51	16509177	414	1			260		other	0
10108014	499	Sound	50	16532576	472	1			260		other	0
10108014	500	Sound	54	16559874	429	1			260		other	0
10108014	500	Response	1	16565445	6000	1
10108014	501	Sound	51	16578773	489	1			260		other	0
10108014	502	Sound	50	16603371	414	1			260		other	0
10108014	503	Sound	56	16626770	638	1			260		other	0
10108014	504	Sound	60	16645069	432	1			260		other	0
10108014	504	Response	1	16647600	2963	1
10108014	505	Sound	56	16662168	526	1			260		other	0
10108014	506	Sound	50	16689766	616	1			260		other	0
10108014	507	Sound	58	16708065	576	1			260		other	0
10108014	507	Response	1	16712635	5147	1
10108014	508	Sound	50	16728464	469	1			260		other	0
10108014	509	Sound	52	16750362	528	1			260		other	0
10108014	509	Response	1	16755673	5838	1
10108014	510	Sound	55	16772561	553	1			260		other	0
10108014	511	Sound	59	16801659	643	1			260		other	0
10108014	511	Response	1	16812069	11053	1
10108014	512	Sound	55	16818458	604	1			260		other	0
10108014	512	Response	1	16829508	11653	1
10108014	513	Sound	53	16840956	429	1			260		other	0
10108014	514	Sound	53	16858055	523	1			260		other	0
10108014	515	Sound	54	16883854	480	1			260		other	0
10108014	516	Sound	59	16909352	638	1			260		other	0
10108014	517	Sound	58	16929451	397	1			260		other	0
10108014	517	Response	1	16933101	4048	1
10108014	518	Sound	57	16954349	455	1			260		other	0
10108014	518	Response	1	16958219	4325	1
10108014	519	Sound	56	16981948	379	1			260		other	0
10108014	519	Response	1	16986778	5209	1
10108014	520	Sound	54	17005646	570	1			260		other	0
10108014	520	Response	1	17009496	4420	1
10108014	521	Sound	51	17033544	627	1			260		other	0
10108014	523	Response	255	18169182	1115512	1
10108014	525	Sound	38	18250268	493	1			260		other	0
10108014	526	Sound	40	18278766	483	1			260		other	0
10108014	526	Response	1	18281894	3611	1
10108014	527	Sound	38	18301564	442	1			260		other	0
10108014	528	Sound	32	18328263	632	1			260		other	0
10108014	529	Sound	31	18346862	559	1			260		other	0
10108014	530	Sound	34	18370560	417	1			260		other	0
10108014	531	Sound	36	18396058	408	1			260		other	0
10108014	532	Sound	32	18416757	600	1			260		other	0
10108014	533	Sound	36	18444655	490	1			260		other	0
10108014	534	Sound	35	18466254	583	1			260		other	0
10108014	534	Response	1	18469562	3891	1
10108014	535	Sound	40	18486653	476	1			260		other	0
10108014	535	Response	1	18489481	3304	1
10108014	536	Sound	39	18505852	669	1			260		other	0
10108014	536	Response	1	18509800	4617	1
10108014	537	Sound	40	18534650	625	1			260		other	0
10108014	537	Response	1	18537318	3293	1
10108014	538	Sound	36	18563448	415	1			260		other	0
10108014	539	Sound	38	18589246	372	1			260		other	0
10108014	539	Response	1	18594754	5880	1
10108014	540	Sound	38	18606945	399	1			260		other	0
10108014	541	Sound	39	18624944	560	1			260		other	0
10108014	542	Sound	30	18646843	452	1			260		other	0
10108014	543	Sound	32	18666341	445	1			260		other	0
10108014	544	Sound	37	18687940	537	1			260		other	0
10108014	544	Response	1	18693228	5825	1
10108014	545	Sound	31	18706839	430	1			260		other	0
10108014	546	Sound	30	18729337	422	1			260		other	0
10108014	547	Sound	35	18747036	449	1			260		other	0
10108014	548	Sound	34	18766535	609	1			260		other	0
10108014	549	Sound	30	18783934	503	1			260		other	0
10108014	550	Sound	31	18805233	462	1			260		other	0
10108014	551	Sound	37	18825031	588	1			260		other	0
10108014	552	Sound	33	18848430	647	1			260		other	0
10108014	553	Sound	40	18872728	438	1			260		other	0
10108014	553	Response	1	18875456	3166	1
10108014	554	Sound	39	18895827	530	1			260		other	0
10108014	554	Response	1	18901454	6157	1
10108014	555	Sound	38	18915026	390	1			260		other	0
10108014	556	Sound	37	18939024	381	1			260		other	0
10108014	557	Sound	36	18961823	506	1			260		other	0
10108014	557	Response	1	18965451	4134	1
10108014	558	Sound	33	18987321	497	1			260		other	0
10108014	559	Sound	35	19004420	424	1			260		other	0
10108014	560	Sound	34	19026019	516	1			260		other	0
10108014	561	Sound	39	19044918	577	1			260		other	0
10108014	561	Response	1	19051685	7345	1
10108014	562	Sound	32	19069516	668	1			260		other	0
10108014	563	Sound	40	19086915	395	1			260		other	0
10108014	563	Response	1	19089683	3162	1
10108014	564	Sound	33	19110313	620	1			260		other	0
10108014	565	Sound	35	19138812	610	1			260		other	0
10108014	566	Sound	35	19162210	668	1			260		other	0
10108014	566	Response	1	19166638	5096	1
10108014	567	Sound	31	19182609	394	1			260		other	0
10108014	568	Sound	37	19198808	588	1			260		other	0
10108014	569	Sound	33	19219507	614	1			260		other	0
10108014	569	Response	1	19225354	6462	1
10108014	570	Sound	32	19236305	575	1			260		other	0
10108014	571	Sound	36	19263004	432	1			260		other	0
10108014	572	Sound	34	19285202	624	1			260		other	0
10108014	573	Sound	30	19301701	452	1			260		other	0
10108014	574	Sound	31	19330799	541	1			260		other	0
10108014	575	Sound	37	19350898	467	1			260		other	0
10108014	576	Sound	34	19373997	392	1			260		other	0
10108014	577	Sound	30	19395595	485	1			260		other	0
10108014	578	Sound	39	19423494	541	1			260		other	0
10108014	578	Response	1	19428541	5588	1
10108014	579	Sound	33	19452292	664	1			260		other	0
10108014	581	Response	255	20095218	618337	1
10108014	583	Sound	17	20170747	408	1			260		other	0
10108014	584	Sound	12	20195945	599	1			260		other	0
10108014	584	Response	1	20202011	6665	1
10108014	585	Sound	19	20216044	526	1			260		other	0
10108014	585	Response	1	20219690	4172	1
10108014	586	Sound	12	20236742	385	1			260		other	0
10108014	586	Response	1	20244808	8451	1
10108014	587	Sound	14	20263741	375	1			260		other	0
10108014	587	Response	1	20267527	4161	1
10108014	588	Sound	17	20285939	401	1			260		other	0
10108014	588	Response	1	20290085	4547	1
10108014	589	Sound	16	20310538	492	1			260		other	0
10108014	589	Response	1	20313604	3558	1
10108014	590	Sound	20	20333036	484	1			260		other	0
10108014	590	Response	1	20335922	3370	1
10108014	591	Sound	11	20360335	607	1			260		other	0
10108014	591	Response	1	20367360	7633	1
10108014	592	Sound	10	20375934	535	1			260		other	0
10108014	593	Sound	20	20404132	559	1			260		other	0
10108014	593	Response	1	20406878	3304	1
10108014	594	Sound	14	20424830	418	1			260		other	0
10108014	594	Response	1	20429836	5424	1
10108014	595	Sound	17	20446129	544	1			260		other	0
10108014	595	Response	1	20449915	4330	1
10108014	596	Sound	10	20471628	368	1			260		other	0
10108014	597	Sound	19	20495326	559	1			260		other	0
10108014	597	Response	1	20504552	9785	1
10108014	598	Sound	18	20515725	619	1			260		other	0
10108014	598	Response	1	20518951	3845	1
10108014	599	Sound	13	20534924	479	1			260		other	0
10108014	599	Response	1	20541669	7224	1
10108014	600	Sound	20	20555322	538	1			260		other	0
10108014	600	Response	1	20558308	3524	1
10108014	601	Sound	12	20573321	532	1			260		other	0
10108014	601	Response	1	20578147	5357	1
10108014	602	Sound	20	20592520	391	1			260		other	0
10108014	602	Response	1	20595426	3297	1
10108014	603	Sound	15	20611419	451	1			260		other	0
10108014	603	Response	1	20615984	5017	1
10108014	604	Sound	13	20634817	510	1			260		other	0
10108014	604	Response	1	20646302	11995	1
10108014	605	Sound	10	20661516	533	1			260		other	0
10108014	606	Sound	16	20680414	427	1			260		other	0
10108014	606	Response	1	20685180	5192	1
10108014	607	Sound	18	20699913	420	1			260		other	0
10108014	607	Response	1	20705739	6245	1
10108014	608	Sound	14	20723612	445	1			260		other	0
10108014	608	Response	1	20728857	5690	1
10108014	609	Sound	15	20742211	538	1			260		other	0
10108014	609	Response	1	20746776	5104	1
10108014	610	Sound	19	20770109	595	1			260		other	0
10108014	610	Response	1	20774294	4780	1
10108014	611	Sound	18	20794107	586	1			260		other	0
10108014	611	Response	1	20797893	4371	1
10108014	612	Sound	15	20820806	610	1			260		other	0
10108014	612	Response	1	20824131	3935	1
10108014	613	Sound	18	20839404	537	1			260		other	0
10108014	614	Sound	13	20862503	462	1			260		other	0
10108014	614	Response	1	20869967	7926	3
10108014	615	Sound	10	20878702	489	1			260		other	0
10108014	616	Sound	17	20904500	613	1			260		other	0
10108014	616	Response	1	20909725	5839	1
10108014	617	Sound	15	20922199	474	1			260		other	0
10108014	618	Sound	12	20948298	565	1			260		other	0
10108014	618	Response	1	20952763	5030	2
10108014	619	Sound	18	20967496	424	1			260		other	0
10108014	619	Response	1	20982281	15209	1
10108014	620	Sound	11	20984895	651	1			260		other	0
10108014	621	Sound	11	21001694	612	1			260		other	0
10108014	621	Response	1	21007639	6557	1
10108014	622	Sound	17	21021193	605	1			260		other	0
10108014	623	Sound	20	21039792	532	1			260		other	0
10108014	623	Response	1	21043237	3977	1
10108014	624	Sound	16	21061090	491	1			260		other	0
10108014	625	Sound	16	21088989	548	1			260		other	0
10108014	626	Sound	14	21105788	508	1			260		other	0
10108014	626	Response	1	21110753	5473	1
10108014	627	Sound	14	21123187	402	1			260		other	0
10108014	627	Response	1	21129311	6527	1
10108014	628	Sound	13	21139086	630	1			260		other	0
10108014	629	Sound	10	21156784	657	1			260		other	0
10108014	630	Sound	19	21181383	415	1			260		other	0
10108014	630	Response	1	21187387	6419	1
10108014	631	Sound	19	21208381	572	1			260		other	0
10108014	631	Response	1	21212746	4937	1
10108014	632	Sound	13	21223980	500	1			260		other	0
10108014	633	Sound	11	21251578	590	1			260		other	0
10108014	633	Response	1	21257943	6955	1
10108014	634	Sound	12	21268077	584	1			260		other	0
10108014	635	Sound	16	21284576	411	1			260		other	0
10108014	636	Sound	11	21305875	370	1			260		other	0
10108014	637	Sound	15	21322074	565	1			260		other	0
10108014	639	Response	255	21681516	342421	1
10108014	641	Sound	52	21747147	513	1			260		other	0
10108014	642	Sound	59	21776845	536	1			260		other	0
10108014	642	Response	1	21781749	5440	1
10108014	643	Sound	53	21800844	527	1			260		other	0
10108014	643	Response	1	21804948	4631	1
10108014	644	Sound	58	21819143	654	1			260		other	0
10108014	644	Response	1	21823027	4538	1
10108014	645	Sound	53	21844941	445	1			260		other	0
10108014	646	Sound	60	21873739	401	1			260		other	0
10108014	646	Response	1	21876543	3205	1
10108014	647	Sound	56	21890838	495	1			260		other	0
10108014	647	Response	1	21895822	5479	1
10108014	648	Sound	60	21918136	619	1			260		other	0
10108014	648	Response	1	21920460	2943	1
10108014	649	Sound	50	21940335	644	1			260		other	0
10108014	650	Sound	60	21962834	636	1			260		other	0
10108014	650	Response	1	21965498	3300	1
10108014	651	Sound	51	21988932	394	1			260		other	0
10108014	652	Sound	59	22006931	387	1			260		other	0
10108014	652	Response	1	22010455	3911	1
10108014	653	Sound	58	22027029	647	1			260		other	0
10108014	653	Response	1	22031653	5270	1
10108014	654	Sound	50	22046828	440	1			260		other	0
10108014	655	Sound	60	22070827	431	1			260		other	0
10108014	655	Response	1	22073411	3015	1
10108014	656	Sound	55	22094825	422	1			260		other	0
10108014	656	Response	1	22103329	8926	1
10108014	657	Sound	52	22120324	413	1			260		other	0
10108014	658	Sound	58	22148522	603	1			260		other	0
10108014	658	Response	1	22152686	4767	1
10108014	659	Sound	56	22170120	529	1			260		other	0
10108014	659	Response	1	22174524	4933	1
10108014	660	Sound	52	22187819	389	1			260		other	0
10108014	661	Sound	58	22210318	381	1			260		other	0
10108014	661	Response	1	22214682	4745	1
10108014	662	Sound	57	22227117	509	1			260		other	0
10108014	662	Response	1	22231720	5112	1
10108014	663	Sound	59	22253815	532	1			260		other	0
10108014	663	Response	1	22257959	4676	1
10108014	664	Sound	52	22277814	524	1			260		other	0
10108014	665	Sound	55	22294313	518	1			260		other	0
10108014	665	Response	1	22298596	4802	1
10108014	666	Sound	57	22312012	378	1			260		other	0
10108014	666	Response	1	22320435	8802	1
10108014	667	Sound	55	22336910	436	1			260		other	0
10108014	667	Response	1	22341232	4758	3
10108014	668	Sound	56	22365408	593	1			260		other	0
10108014	668	Response	1	22370032	5216	1
10108014	669	Sound	59	22393606	449	1			260		other	0
10108014	669	Response	1	22401470	8312	1
10108014	670	Sound	50	22411305	643	1			260		other	0
10108014	671	Sound	58	22432004	502	1			260		other	0
10108014	671	Response	1	22436027	4526	1
10108014	672	Sound	50	22454803	627	1			260		other	0
10108014	673	Sound	50	22475501	654	1			260		other	0
10108014	674	Sound	55	22495900	546	1			260		other	0
10108014	675	Sound	54	22518099	572	1			260		other	0
10108014	675	Response	1	22522902	5375	1
10108014	676	Sound	54	22543297	596	1			260		other	0
10108014	676	Response	1	22550660	7959	1
10108014	677	Sound	51	22563096	555	1			260		other	0
10108014	677	Response	1	22573139	10598	1
10108014	678	Sound	54	22584994	448	1			260		other	0
10108014	679	Sound	59	22602093	375	1			260		other	0
10108014	679	Response	1	22609456	7738	1
10108014	680	Sound	56	22629392	499	1			260		other	0
10108014	680	Response	1	22634095	5202	1
10108014	681	Sound	57	22652790	557	1			260		other	0
10108014	681	Response	1	22660573	8340	1
10108014	682	Sound	53	22680388	647	1			260		other	0
10108014	683	Sound	57	22706187	438	1			260		other	0
10108014	683	Response	1	22711209	5460	1
10108014	684	Sound	51	22723886	633	1			260		other	0
10108014	685	Sound	52	22749684	589	1			260		other	0
10108014	686	Sound	51	22775782	513	1			260		other	0
10108014	687	Sound	56	22795281	506	1			260		other	0
10108014	687	Response	1	22799044	4269	1
10108014	688	Sound	57	22818980	531	1			260		other	0
10108014	689	Sound	53	22839978	523	1			260		other	0
10108014	690	Sound	54	22861877	582	1			260		other	0
10108014	690	Response	1	22867600	6305	1
10108014	691	Sound	54	22887375	573	1			260		other	0
10108014	691	Response	1	22894478	7676	1
10108014	692	Sound	55	22908374	566	1			260		other	0
10108014	693	Sound	53	22935072	423	1			260		other	0
10108014	693	Response	1	22940555	5905	1
10108014	694	Sound	60	22962071	580	1			260		other	0
10108014	694	Response	1	22965513	4023	1
10108014	695	Sound	51	22983669	672	1			260		other	0
10108014	697	Response	255	23809299	809884	1
10108014	699	Sound	18	23881213	452	1			260		other	0
10108014	699	Response	1	23885534	4774	1
10108014	700	Sound	14	23908211	609	1			260		other	0
10108014	700	Response	1	23911772	4171	1
10108014	701	Sound	14	23927710	436	1			260		other	0
10108014	701	Response	1	23932491	5217	1
10108014	702	Sound	20	23945409	629	1			260		other	0
10108014	702	Response	1	23948730	3951	1
10108014	703	Sound	15	23964307	523	1			260		other	0
10108014	704	Sound	20	23981106	483	1			260		other	0
10108014	704	Response	1	23984328	3705	1
10108014	705	Sound	14	24003605	642	1			260		other	0
10108014	706	Sound	18	24028204	567	1			260		other	0
10108014	707	Sound	13	24054902	424	1			260		other	0
10108014	708	Sound	15	24075300	650	1			260		other	0
10108014	708	Response	1	24098080	23430	1
10108014	709	Sound	13	24099599	608	1			260		other	0
10108014	710	Sound	12	24120598	434	1			260		other	0
10108014	711	Sound	16	24145496	491	1			260		other	0
10108014	712	Sound	10	24168595	416	1			260		other	0
10108014	713	Sound	11	24190793	609	1			260		other	0
10108014	714	Sound	20	24212692	667	1			260		other	0
10108014	714	Response	1	24217193	5169	1
10108014	715	Sound	13	24235190	493	1			260		other	0
10108014	715	Response	1	24240551	5854	1
10108014	716	Sound	18	24260089	550	1			260		other	0
10108014	716	Response	1	24265670	6131	1
10108014	717	Sound	16	24279288	577	1			260		other	0
10108014	717	Response	1	24284629	5918	1
10108014	718	Sound	15	24298786	403	1			260		other	0
10108014	718	Response	1	24303427	5044	1
10108014	719	Sound	12	24317685	463	1			260		other	0
10108014	720	Sound	14	24334184	624	1			260		other	0
10108014	720	Response	1	24341265	7705	1
10108014	721	Sound	12	24359383	482	1			260		other	0
10108014	721	Response	1	24365023	6123	1
10108014	722	Sound	19	24386981	572	1			260		other	0
10108014	722	Response	1	24391262	4853	1
10108014	723	Sound	11	24414879	629	1			260		other	0
10108014	724	Sound	19	24440077	486	1			260		other	0
10108014	724	Response	1	24444138	4547	1
10108014	725	Sound	10	24465276	511	1			260		other	0
10108014	726	Sound	12	24491074	468	1			260		other	0
10108014	727	Sound	11	24512373	427	1			260		other	0
10108014	728	Sound	10	24528872	421	1			260		other	0
10108014	729	Sound	20	24552870	413	1			260		other	0
10108014	729	Response	1	24556611	4153	1
10108014	730	Sound	17	24577469	504	1			260		other	0
10108014	730	Response	1	24582129	5165	1
10108014	731	Sound	12	24604767	461	1			260		other	0
10108014	731	Response	1	24610768	6461	1
10108014	732	Sound	17	24629366	386	1			260		other	0
10108014	732	Response	1	24633726	4746	1
10108014	733	Sound	13	24648564	412	1			260		other	0
10108014	734	Sound	17	24664763	440	1			260		other	0
10108014	735	Sound	13	24687262	432	1			260		other	0
10108014	736	Sound	18	24703161	493	1			260		other	0
10108014	737	Sound	15	24728359	517	1			260		other	0
10108014	738	Sound	19	24752358	508	1			260		other	0
10108014	738	Response	1	24756038	4189	1
10108014	739	Sound	19	24775756	567	1			260		other	0
10108014	739	Response	1	24779877	4687	1
10108014	740	Sound	16	24800355	491	1			260		other	0
10108014	740	Response	1	24814594	14731	1
10108014	741	Sound	19	24823153	617	1			260		other	0
10108014	741	Response	1	24826354	3817	1
10108014	742	Sound	20	24846252	542	1			260		other	0
10108014	742	Response	1	24849552	3842	1
10108014	743	Sound	16	24874150	598	1			260		other	0
10108014	743	Response	1	24879710	6159	1
10108014	744	Sound	17	24892749	525	1			260		other	0
10108014	745	Sound	16	24915548	484	1			260		other	0
10108014	746	Sound	14	24935646	576	1			260		other	0
10108014	746	Response	1	24939946	4877	1
10108014	747	Sound	11	24959945	534	1			260		other	0
10108014	748	Sound	10	24987843	424	1			260		other	0
10108014	749	Sound	10	25015441	515	1			260		other	0
10108014	750	Sound	11	25038540	606	1			260		other	0
10108014	751	Sound	18	25058339	566	1			260		other	0
10108014	751	Response	1	25062099	4326	1
10108014	752	Sound	17	25078437	492	1			260		other	0
10108014	753	Sound	15	25095536	419	1			260		other	0
10108014	753	Response	1	25102496	7379	1
10108014	755	Response	255	28005589	2893387	1
10108014	757	Sound	19	28075548	391	1			260		other	0
10108014	757	Response	1	28078945	3787	1
10108014	758	Sound	17	28095947	450	1			260		other	0
10108014	758	Response	1	28099023	3526	1
10108014	759	Sound	16	28116046	543	1			260		other	0
10108014	759	Response	1	28119822	4319	1
10108014	760	Sound	14	28134045	536	1			260		other	0
10108014	760	Response	1	28140141	6632	1
10108014	761	Sound	20	28149944	431	1			260		other	0
10108014	761	Response	1	28152780	3267	1
10108014	762	Sound	12	28177842	487	1			260		other	0
10108014	762	Response	1	28182058	4704	1
10108014	763	Sound	16	28201240	546	1			260		other	0
10108014	763	Response	1	28205016	4322	1
10108014	764	Sound	12	28225839	637	1			260		other	0
10108014	764	Response	1	28231415	6213	1
10108014	765	Sound	20	28242938	564	1			260		other	0
10108014	765	Response	1	28245814	3440	1
10108014	766	Sound	14	28265136	590	1			260		other	0
10108014	766	Response	1	28268772	4226	1
10108014	767	Sound	18	28281035	484	1			260		other	0
10108014	767	Response	1	28284691	4140	1
10108014	768	Sound	16	28309234	507	1			260		other	0
10108014	768	Response	1	28313329	4603	1
10108014	769	Sound	10	28332032	466	1			260		other	0
10108014	770	Sound	18	28358431	523	1			260		other	0
10108014	770	Response	1	28363566	5659	1
10108014	771	Sound	15	28376729	483	1			260		other	0
10108014	771	Response	1	28381085	4839	1
10108014	772	Sound	13	28399228	475	1			260		other	0
10108014	773	Sound	20	28418727	635	1			260		other	0
10108014	773	Response	1	28421483	3391	1
10108014	774	Sound	14	28445725	625	1			260		other	0
10108014	775	Sound	13	28469424	484	1			260		other	0
10108014	776	Sound	10	28489522	410	1			260		other	0
10108014	777	Sound	19	28510821	535	1			260		other	0
10108014	777	Response	1	28514117	3831	1
10108014	778	Sound	15	28530020	395	1			260		other	0
10108014	778	Response	1	28535235	5611	1
10108014	779	Sound	10	28548919	455	1			260		other	0
10108014	779	Response	1	28562593	14130	1
10108014	780	Sound	13	28571417	447	1			260		other	0
10108014	781	Sound	18	28587016	375	1			260		other	0
10108014	782	Sound	18	28609815	500	1			260		other	0
10108014	783	Sound	11	28633213	392	1			260		other	0
10108014	784	Sound	16	28656012	517	1			260		other	0
10108014	784	Response	1	28660027	4533	1
10108014	785	Sound	15	28674611	610	1			260		other	0
10108014	785	Response	1	28682746	8746	1
10108014	786	Sound	19	28694709	536	1			260		other	0
10108014	786	Response	1	28698665	4492	1
10108014	787	Sound	12	28720508	661	1			260		other	0
10108014	788	Sound	18	28745406	552	1			260		other	0
10108014	788	Response	1	28750181	5327	1
10108014	789	Sound	11	28774204	508	1			260		other	0
10108014	790	Sound	14	28796103	400	1			260		other	0
10108014	790	Response	1	28799378	3676	1
10108014	791	Sound	20	28816202	660	1			260		other	0
10108014	791	Response	1	28818817	3275	1
10108014	792	Sound	14	28836600	386	1			260		other	0
10108014	792	Response	1	28846095	9881	1
10108014	793	Sound	17	28852499	447	1			260		other	0
10108014	793	Response	1	28857694	5642	1
10108014	794	Sound	19	28868698	474	1			260		other	0
10108014	794	Response	1	28872333	4110	1
10108014	795	Sound	13	28892997	432	1			260		other	0
10108014	796	Sound	11	28918495	590	1			260		other	0
10108014	796	Response	1	28923450	5545	1
10108014	797	Sound	15	28941894	649	1			260		other	0
10108014	798	Sound	12	28960492	408	1			260		other	0
10108014	798	Response	1	28965608	5524	1
10108014	799	Sound	10	28977891	469	1			260		other	0
10108014	800	Sound	17	28996190	596	1			260		other	0
10108014	800	Response	1	29003205	7610	1
10108014	801	Sound	10	29018389	621	1			260		other	0
10108014	802	Sound	19	29043887	612	1			260		other	0
10108014	802	Response	1	29046882	3607	1
10108014	803	Sound	13	29060086	640	1			260		other	0
10108014	803	Response	1	29068961	9514	1
10108014	804	Sound	15	29088284	496	1			260		other	0
10108014	805	Sound	17	29108683	556	1			260		other	0
10108014	805	Response	1	29112798	4670	1
10108014	806	Sound	11	29125182	383	1			260		other	0
10108014	807	Sound	12	29150681	374	1			260		other	0
10108014	808	Sound	17	29176479	665	1			260		other	0
10108014	808	Response	1	29181433	5619	1
10108014	809	Sound	11	29193578	592	1			260		other	0
10108014	810	Sound	16	29215476	484	1			260		other	0
10108014	810	Response	1	29221831	6839	1
10108014	811	Sound	20	29238275	609	1			260		other	0
10108014	811	Response	1	29241670	4004	1
10108014	813	Response	255	29673802	410549	1
10108014	815	Sound	18	29749743	427	1			260		other	0
10108014	815	Response	1	29762036	12721	1
10108014	816	Sound	18	29772541	552	1			260		other	0
10108014	816	Response	1	29778435	6446	1
10108014	817	Sound	12	29796540	544	1			260		other	0
10108014	817	Response	1	29805074	9078	1
10108014	818	Sound	17	29820238	569	1			260		other	0
10108014	819	Sound	10	29843937	427	1			260		other	0
10108014	820	Sound	17	29872135	617	1			260		other	0
10108014	821	Sound	20	29891634	610	1			260		other	0
10108014	821	Response	1	29894188	3164	1
10108014	822	Sound	18	29909633	437	1			260		other	0
10108014	822	Response	1	29917306	8110	1
10108014	823	Sound	14	29926132	431	1			260		other	0
10108014	824	Sound	14	29951930	555	1			260		other	0
10108014	824	Response	1	29956024	4649	1
10108014	825	Sound	12	29968129	583	1			260		other	0
10108014	826	Sound	16	29995427	540	1			260		other	0
10108014	827	Sound	17	30013126	400	1			260		other	0
10108014	827	Response	1	30016260	3534	1
10108014	828	Sound	15	30036525	625	1			260		other	0
10108014	829	Sound	17	30054824	585	1			260		other	0
10108014	830	Sound	16	30076422	511	1			260		other	0
10108014	830	Response	1	30080336	4424	1
10108014	831	Sound	15	30099221	636	1			260		other	0
10108014	831	Response	1	30108894	10309	1
10108014	832	Sound	16	30122019	594	1			260		other	0
10108014	833	Sound	14	30145118	520	1			260		other	0
10108014	834	Sound	12	30171816	377	1			260		other	0
10108014	835	Sound	11	30191315	536	1			260		other	0
10108014	836	Sound	19	30206914	631	1			260		other	0
10108014	836	Response	1	30210887	4604	1
10108014	837	Sound	11	30229113	490	1			260		other	0
10108014	838	Sound	10	30253711	581	1			260		other	0
10108014	839	Sound	15	30272610	474	1			260		other	0
10108014	840	Sound	16	30289709	401	1			260		other	0
10108014	841	Sound	11	30314907	592	1			260		other	0
10108014	842	Sound	11	30340705	550	1			260		other	0
10108014	843	Sound	18	30357204	544	1			260		other	0
10108014	843	Response	1	30362078	5417	1
10108014	844	Sound	20	30375503	671	1			260		other	0
10108014	844	Response	1	30378877	4044	1
10108014	845	Sound	14	30394702	364	1			260		other	0
10108014	846	Sound	17	30414801	457	1			260		other	0
10108014	846	Response	1	30418474	4130	1
10108014	847	Sound	12	30439699	515	1			260		other	0
10108014	847	Response	1	30443353	4168	1
10108014	848	Sound	13	30459498	641	1			260		other	0
10108014	849	Sound	13	30478397	534	1			260		other	0
10108014	849	Response	1	30483110	5247	1
10108014	850	Sound	15	30504195	658	1			260		other	0
10108014	851	Sound	20	30522794	585	1			260		other	0
10108014	851	Response	1	30527667	5458	1
10108014	852	Sound	10	30540793	412	1			260		other	0
10108014	853	Sound	10	30567191	636	1			260		other	0
10108014	854	Sound	18	30585490	596	1			260		other	0
10108014	854	Response	1	30589023	4129	1
10108014	855	Sound	19	30613688	452	1			260		other	0
10108014	855	Response	1	30618541	5305	1
10108014	856	Sound	13	30639187	443	1			260		other	0
10108014	856	Response	1	30645420	6676	1
10108014	857	Sound	19	30661385	635	1			260		other	0
10108014	857	Response	1	30667018	6268	1
10108014	858	Sound	13	30681184	428	1			260		other	0
10108014	859	Sound	12	30700383	455	1			260		other	0
10108014	859	Response	1	30705656	5728	1
10108014	860	Sound	19	30724381	446	1			260		other	0
10108014	860	Response	1	30728614	4679	1
10108014	861	Sound	19	30742080	640	1			260		other	0
10108014	861	Response	1	30750213	8773	1
10108014	862	Sound	16	30757679	401	1			260		other	0
10108014	863	Sound	20	30774778	495	1			260		other	0
10108014	863	Response	1	30777811	3528	1
10108014	864	Sound	13	30790377	590	1			260		other	0
10108014	864	Response	1	30798929	9142	1
10108014	865	Sound	14	30810776	649	1			260		other	0
10108014	865	Response	1	30814929	4802	1
10108014	866	Sound	10	30830575	609	1			260		other	0
10108014	867	Sound	11	30846774	636	1			260		other	0
10108014	868	Sound	20	30872272	627	1			260		other	0
10108014	868	Response	1	30875885	4240	1
10108014	869	Sound	15	30891771	453	1			260		other	0
10108014	869	Response	1	30897083	5766	1

The following output port codes were not sent because of a conflict on the port.
Port	Code	Time(ms)
1	253	49027
1	253	240550
1	253	481910
1	253	632237
1	253	786851
1	253	1.04301e+06
1	253	1.19627e+06
1	253	1.41547e+06
1	253	1.57538e+06
1	253	1.81692e+06
1	253	2.00952e+06
1	253	2.16815e+06
1	253	2.38093e+06
1	253	2.80056e+06
1	253	2.96738e+06
1	253	3.09103e+06
