Scenario - 
Logfile written - 01/29/2019 19:57:46

Subject	Trial	Event Type	Code	Time	TTime	Uncertainty	Duration	Uncertainty	ReqTime	ReqDur	Stim Type	Pair Index

10108018_1	1	Response	255	378942	378275	1
10108018_1	3	Sound	34	456990	602	1			260		other	0
10108018_1	4	Sound	40	485988	591	1			260		other	0
10108018_1	4	Response	1	488855	3458	1
10108018_1	5	Sound	36	510986	583	1			260		other	0
10108018_1	5	Response	1	515493	5089	1
10108018_1	6	Sound	39	539485	739	1			260		other	0
10108018_1	6	Response	1	544532	5786	1
10108018_1	7	Sound	37	561483	1065	1			260		other	0
10108018_1	8	Sound	38	588982	888	1			260		other	0
10108018_1	9	Sound	38	607981	715	1			260		other	0
10108018_1	10	Sound	32	636979	704	1			260		other	0
10108018_1	11	Sound	39	661977	695	1			260		other	0
10108018_1	12	Sound	36	683476	856	1			260		other	0
10108018_1	13	Sound	34	703475	1015	1			260		other	0
10108018_1	14	Sound	35	731973	1005	1			260		other	0
10108018_1	15	Sound	37	756972	828	1			260		other	0
10108018_1	16	Sound	35	780470	987	1			260		other	0
10108018_1	17	Sound	32	809468	643	1			260		other	0
10108018_1	18	Sound	36	837467	633	1			260		other	0
10108018_1	19	Sound	32	854966	795	1			260		other	0
10108018_1	20	Sound	30	873465	954	1			260		other	0
10108018_1	21	Sound	38	891463	780	1			260		other	0
10108018_1	22	Sound	35	915462	605	1			260		other	0
10108018_1	23	Sound	35	941960	596	1			260		other	0
10108018_1	24	Sound	31	965459	754	1			260		other	0
10108018_1	25	Sound	35	983458	748	1			260		other	0
10108018_1	26	Sound	31	1008456	739	1			260		other	0
10108018_1	27	Sound	40	1033455	897	1			260		other	0
10108018_1	27	Response	1	1036261	3703	1
10108018_1	28	Sound	34	1053454	889	1			260		other	0
10108018_1	29	Sound	33	1072953	717	1			260		other	0
10108018_1	30	Sound	31	1095951	1041	1			260		other	0
10108018_1	31	Sound	40	1121950	1032	1			260		other	0
10108018_1	31	Response	1	1124736	3818	1
10108018_1	32	Sound	30	1150948	855	1			260		other	0
10108018_1	33	Sound	36	1167947	1015	1			260		other	0
10108018_1	34	Sound	40	1191445	1007	1			260		other	0
10108018_1	34	Response	1	1193772	3333	1
10108018_1	35	Sound	34	1219944	663	1			260		other	0
10108018_1	36	Sound	33	1246942	987	1			260		other	0
10108018_1	37	Sound	33	1263441	649	1			260		other	0
10108018_1	38	Sound	31	1288940	973	1			260		other	0
10108018_1	39	Sound	37	1312938	797	1			260		other	0
10108018_1	40	Sound	30	1339936	621	1			260		other	0
10108018_1	41	Sound	33	1362435	946	1			260		other	0
10108018_1	42	Sound	38	1381934	606	1			260		other	0
10108018_1	42	Response	1	1386880	5551	1
10108018_1	43	Sound	31	1406432	597	1			260		other	0
10108018_1	44	Sound	33	1428431	923	1			260		other	0
10108018_1	45	Sound	30	1455929	579	1			260		other	0
10108018_1	46	Sound	30	1474428	906	1			260		other	0
10108018_1	47	Sound	39	1492927	1066	1			260		other	0
10108018_1	47	Response	1	1497193	5332	1
10108018_1	48	Sound	37	1519426	1057	1			260		other	0
10108018_1	49	Sound	38	1547924	880	1			260		other	0
10108018_1	50	Sound	32	1573422	704	1			260		other	0
10108018_1	51	Sound	34	1599421	695	1			260		other	0
10108018_1	52	Sound	39	1617420	1023	1			260		other	0
10108018_1	52	Response	1	1623425	7028	1
10108018_1	53	Sound	39	1641918	847	1			260		other	0
10108018_1	54	Sound	40	1668917	670	1			260		other	0
10108018_1	54	Response	1	1672382	4136	1
10108018_1	55	Sound	37	1693915	995	1			260		other	0
10108018_1	56	Sound	32	1714414	654	1			260		other	0
10108018_1	57	Sound	36	1739912	812	1			260		other	0
10108018_1	59	Response	255	1794055	37369	1
10108018_1	61	Sound	10	1865905	933	1			260		other	0
10108018_1	62	Sound	16	1886903	593	1			260		other	0
10108018_1	63	Sound	17	1904402	753	1			260		other	0
10108018_1	63	Response	1	1909567	5918	1
10108018_1	64	Sound	19	1920401	914	1			260		other	0
10108018_1	64	Response	1	1923566	4079	1
10108018_1	65	Sound	14	1936900	908	1			260		other	0
10108018_1	65	Response	1	1942125	6133	1
10108018_1	66	Sound	11	1953899	902	1			260		other	0
10108018_1	66	Response	1	1958524	5527	1
10108018_1	67	Sound	12	1969898	730	1			260		other	0
10108018_1	68	Sound	20	1988897	890	1			260		other	0
10108018_1	68	Response	1	1993482	5474	1
10108018_1	69	Sound	13	2013396	1048	1			260		other	0
10108018_1	70	Sound	19	2036394	873	1			260		other	0
10108018_1	70	Response	1	2040439	4918	1
10108018_1	71	Sound	18	2060393	697	1			260		other	0
10108018_1	71	Response	1	2063798	4102	1
10108018_1	72	Sound	10	2077892	858	1			260		other	0
10108018_1	73	Sound	16	2105890	848	1			260		other	0
10108018_1	73	Response	1	2109715	4673	1
10108018_1	74	Sound	12	2133888	1005	1			260		other	0
10108018_1	74	Response	1	2137234	4350	1
10108018_1	75	Sound	14	2155387	997	1			260		other	0
10108018_1	75	Response	1	2158592	4202	1
10108018_1	76	Sound	15	2179886	989	1			260		other	0
10108018_1	76	Response	1	2183071	4174	1
10108018_1	77	Sound	18	2197385	649	1			260		other	0
10108018_1	77	Response	1	2200749	4013	1
10108018_1	78	Sound	18	2217383	642	1			260		other	0
10108018_1	78	Response	1	2220828	4086	1
10108018_1	79	Sound	17	2238882	634	1			260		other	0
10108018_1	79	Response	1	2243147	4899	1
10108018_1	80	Sound	10	2260881	626	1			260		other	0
10108018_1	81	Sound	12	2277880	787	1			260		other	0
10108018_1	81	Response	1	2282265	5171	1
10108018_1	82	Sound	11	2299378	612	1			260		other	0
10108018_1	82	Response	1	2303223	4457	1
10108018_1	83	Sound	19	2318877	605	1			260		other	0
10108018_1	83	Response	1	2321782	3510	1
10108018_1	84	Sound	19	2334376	600	1			260		other	0
10108018_1	84	Response	1	2337941	4164	1
10108018_1	85	Sound	10	2356875	592	1			260		other	0
10108018_1	86	Sound	20	2378374	918	1			260		other	0
10108018_1	86	Response	1	2381858	4402	1
10108018_1	87	Sound	13	2395873	911	1			260		other	0
10108018_1	88	Sound	13	2418371	903	1			260		other	0
10108018_1	88	Response	1	2422496	5028	1
10108018_1	89	Sound	11	2441870	895	1			260		other	0
10108018_1	90	Sound	14	2459869	722	1			260		other	0
10108018_1	90	Response	1	2464893	5746	1
10108018_1	91	Sound	20	2481868	881	1			260		other	0
10108018_1	91	Response	1	2485212	4225	1
10108018_1	92	Sound	18	2504866	873	1			260		other	0
10108018_1	92	Response	1	2508571	4577	1
10108018_1	93	Sound	17	2531864	1030	1			260		other	0
10108018_1	93	Response	1	2534969	4134	1
10108018_1	94	Sound	14	2549363	857	1			260		other	0
10108018_1	95	Sound	15	2575362	1014	1			260		other	0
10108018_1	95	Response	1	2579526	5179	1
10108018_1	96	Sound	18	2598360	1006	1			260		other	0
10108018_1	96	Response	1	2601605	4250	1
10108018_1	97	Sound	15	2620359	665	1			260		other	0
10108018_1	97	Response	1	2623924	4229	1
10108018_1	98	Sound	11	2636858	992	1			260		other	0
10108018_1	99	Sound	13	2660357	817	1			260		other	0
10108018_1	99	Response	1	2664721	5182	1
10108018_1	100	Sound	14	2680855	643	1			260		other	0
10108018_1	100	Response	1	2684640	4427	1
10108018_1	101	Sound	16	2701354	636	1			260		other	0
10108018_1	101	Response	1	2704958	4240	1
10108018_1	102	Sound	12	2729353	626	1			260		other	0
10108018_1	103	Sound	16	2747351	953	1			260		other	0
10108018_1	103	Response	1	2751435	5037	1
10108018_1	104	Sound	19	2771850	778	1			260		other	0
10108018_1	104	Response	1	2776554	5482	1
10108018_1	105	Sound	20	2799848	768	1			260		other	0
10108018_1	105	Response	1	2803672	4592	2
10108018_1	106	Sound	15	2827847	924	1			260		other	0
10108018_1	106	Response	1	2831591	4668	1
10108018_1	107	Sound	15	2844346	918	1			260		other	0
10108018_1	107	Response	1	2847589	4162	1
10108018_1	108	Sound	13	2860845	746	1			260		other	0
10108018_1	108	Response	1	2864149	4050	1
10108018_1	109	Sound	16	2878844	739	1			260		other	0
10108018_1	109	Response	1	2881668	3564	1
10108018_1	110	Sound	17	2896342	900	1			260		other	0
10108018_1	110	Response	1	2899586	4144	1
10108018_1	111	Sound	12	2917341	892	1			260		other	0
10108018_1	111	Response	1	2922465	6016	1
10108018_1	112	Sound	20	2940840	1051	1			260		other	0
10108018_1	112	Response	1	2944144	4355	1
10108018_1	113	Sound	11	2961339	710	1			260		other	0
10108018_1	114	Sound	10	2982337	703	1			260		other	0
10108018_1	115	Sound	17	3000336	1030	1			260		other	0
10108018_1	115	Response	1	3003980	4673	1
10108018_1	117	Response	255	3034538	15479	1
10108018_1	119	Sound	14	3117829	654	1			260		other	0
10108018_1	119	Response	1	3121733	4558	1
10108018_1	120	Sound	15	3134328	982	1			260		other	0
10108018_1	120	Response	1	3137892	4545	1
10108018_1	121	Sound	13	3150827	642	1			260		other	0
10108018_1	121	Response	1	3155811	5626	1
10108018_1	122	Sound	14	3179325	632	1			260		other	0
10108018_1	123	Sound	18	3197824	959	1			260		other	0
10108018_1	123	Response	1	3202528	5662	1
10108018_1	124	Sound	13	3225323	783	1			260		other	0
10108018_1	125	Sound	15	3244821	609	1			260		other	0
10108018_1	125	Response	1	3248845	4632	1
10108018_1	126	Sound	16	3270820	767	1			260		other	0
10108018_1	126	Response	1	3275083	5030	1
10108018_1	127	Sound	16	3296818	757	1			260		other	0
10108018_1	127	Response	1	3301482	5421	1
10108018_1	128	Sound	12	3316317	917	1			260		other	0
10108018_1	129	Sound	19	3343316	1074	1			260		other	0
10108018_1	129	Response	1	3347399	5157	1
10108018_1	130	Sound	17	3364314	566	1			260		other	0
10108018_1	130	Response	1	3368518	4770	1
10108018_1	131	Sound	17	3390813	890	1			260		other	0
10108018_1	131	Response	1	3394996	5074	1
10108018_1	132	Sound	10	3410311	717	1			260		other	0
10108018_1	133	Sound	13	3438310	1040	1			260		other	0
10108018_1	134	Sound	15	3462808	1031	1			260		other	0
10108018_1	134	Response	1	3467072	5295	1
10108018_1	135	Sound	20	3481807	1025	1			260		other	0
10108018_1	135	Response	1	3484750	3968	1
10108018_1	136	Sound	10	3498306	685	1			260		other	0
10108018_1	137	Sound	13	3524305	676	1			260		other	0
10108018_1	137	Response	1	3528907	5279	1
10108018_1	138	Sound	18	3541804	837	1			260		other	0
10108018_1	139	Sound	18	3561802	830	1			260		other	0
10108018_1	139	Response	1	3565545	4572	1
10108018_1	140	Sound	20	3584301	988	1			260		other	0
10108018_1	140	Response	1	3586744	3431	1
10108018_1	141	Sound	12	3602800	982	1			260		other	0
10108018_1	142	Sound	15	3620299	975	1			260		other	0
10108018_1	143	Sound	13	3644797	800	1			260		other	0
10108018_1	144	Sound	10	3665796	626	1			260		other	0
10108018_1	145	Sound	16	3687795	951	1			260		other	0
10108018_1	145	Response	1	3692738	5894	1
10108018_1	146	Sound	20	3714793	775	1			260		other	0
10108018_1	146	Response	1	3718256	4238	1
10108018_1	147	Sound	12	3740792	766	1			260		other	0
10108018_1	147	Response	1	3747534	7509	1
10108018_1	148	Sound	14	3762290	758	1			260		other	0
10108018_1	148	Response	1	3766093	4561	1
10108018_1	149	Sound	12	3786789	916	1			260		other	0
10108018_1	150	Sound	15	3810287	908	1			260		other	0
10108018_1	150	Response	1	3815690	6310	1
10108018_1	151	Sound	14	3826286	735	1			260		other	0
10108018_1	151	Response	1	3830569	5018	1
10108018_1	152	Sound	11	3846285	1062	1			260		other	0
10108018_1	153	Sound	19	3873784	1052	1			260		other	0
10108018_1	153	Response	1	3877526	4795	1
10108018_1	154	Sound	12	3899782	876	1			260		other	0
10108018_1	155	Sound	11	3915781	703	1			260		other	0
10108018_1	156	Sound	18	3943279	694	1			260		other	0
10108018_1	157	Sound	10	3968778	851	1			260		other	0
10108018_1	158	Sound	10	3989777	1011	1			260		other	0
10108018_1	159	Sound	11	4011775	836	1			260		other	0
10108018_1	160	Sound	20	4039273	659	1			260		other	0
10108018_1	160	Response	1	4043996	5382	1
10108018_1	161	Sound	20	4065772	650	1			260		other	0
10108018_1	161	Response	1	4069274	4152	1
10108018_1	162	Sound	17	4089270	975	1			260		other	0
10108018_1	163	Sound	19	4112269	967	1			260		other	0
10108018_1	164	Sound	17	4140267	957	1			260		other	0
10108018_1	164	Response	1	4145350	6039	1
10108018_1	165	Sound	16	4158766	784	1			260		other	0
10108018_1	165	Response	1	4165828	7846	1
10108018_1	166	Sound	14	4182265	942	1			260		other	0
10108018_1	166	Response	1	4188147	6824	1
10108018_1	167	Sound	11	4208263	933	1			260		other	0
10108018_1	168	Sound	19	4231762	924	1			260		other	0
10108018_1	169	Sound	17	4252761	583	1			260		other	0
10108018_1	169	Response	1	4256063	3886	1
10108018_1	170	Sound	18	4270260	911	1			260		other	0
10108018_1	170	Response	1	4274462	5113	1
10108018_1	171	Sound	16	4293758	1069	1			260		other	0
10108018_1	171	Response	1	4297820	5131	1
10108018_1	172	Sound	19	4320257	893	1			260		other	0
10108018_1	172	Response	1	4323339	3975	1
10108018_1	173	Sound	11	4340255	1052	1			260		other	0
10108018_1	175	Response	255	4378215	15425	1
10108018_1	177	Sound	59	4458748	1010	1			260		other	0
10108018_1	177	Response	1	4463570	5832	1
10108018_1	178	Sound	50	4482247	1002	1			260		other	0
10108018_1	179	Sound	53	4505745	827	1			260		other	0
10108018_1	179	Response	1	4514927	10009	1
10108018_1	180	Sound	55	4534244	650	1			260		other	0
10108018_1	181	Sound	54	4555742	809	1			260		other	0
10108018_1	181	Response	1	4559244	4311	1
10108018_1	182	Sound	52	4574741	803	1			260		other	0
10108018_1	183	Sound	54	4591740	963	1			260		other	0
10108018_1	183	Response	1	4596442	5665	1
10108018_1	184	Sound	55	4613739	622	1			260		other	0
10108018_1	185	Sound	57	4641737	778	1			260		other	0
10108018_1	185	Response	1	4645319	4360	1
10108018_1	186	Sound	55	4664736	604	1			260		other	0
10108018_1	187	Sound	52	4691234	761	1			260		other	0
10108018_1	187	Response	1	4695796	5322	1
10108018_1	188	Sound	52	4711233	587	1			260		other	0
10108018_1	188	Response	1	4714835	4188	1
10108018_1	189	Sound	51	4737731	577	1			260		other	0
10108018_1	189	Response	1	4741233	4079	1
10108018_1	190	Sound	50	4757230	904	1			260		other	0
10108018_1	191	Sound	59	4781729	895	1			260		other	0
10108018_1	191	Response	1	4784910	4077	1
10108018_1	192	Sound	56	4799728	1055	1			260		other	0
10108018_1	192	Response	1	4803949	5277	1
10108018_1	193	Sound	56	4818226	715	1			260		other	0
10108018_1	193	Response	1	4823149	5637	1
10108018_1	194	Sound	50	4847225	705	1			260		other	0
10108018_1	195	Sound	59	4863724	866	1			260		other	0
10108018_1	196	Sound	57	4882223	859	1			260		other	0
10108018_1	197	Sound	57	4905721	851	1			260		other	0
10108018_1	197	Response	1	4908983	4112	1
10108018_1	198	Sound	60	4925720	844	1			260		other	0
10108018_1	198	Response	1	4928901	4025	1
10108018_1	199	Sound	53	4945719	1003	1			260		other	0
10108018_1	200	Sound	55	4972717	661	1			260		other	0
10108018_1	201	Sound	50	4991716	820	1			260		other	0
10108018_1	202	Sound	58	5015715	812	1			260		other	0
10108018_1	202	Response	1	5019056	4153	1
10108018_1	203	Sound	60	5041213	969	1			260		other	0
10108018_1	203	Response	1	5044014	3771	1
10108018_1	204	Sound	56	5069711	793	1			260		other	0
10108018_1	204	Response	1	5073693	4774	1
10108018_1	205	Sound	53	5097210	616	1			260		other	0
10108018_1	206	Sound	60	5115209	776	1			260		other	0
10108018_1	206	Response	1	5117850	3417	1
10108018_1	207	Sound	58	5136707	602	1			260		other	0
10108018_1	207	Response	1	5141448	5343	1
10108018_1	208	Sound	51	5157706	594	1			260		other	0
10108018_1	209	Sound	54	5178205	587	1			260		other	0
10108018_1	209	Response	1	5184886	7268	1
10108018_1	210	Sound	50	5205703	577	1			260		other	0
10108018_1	211	Sound	51	5224702	1071	1			260		other	0
10108018_1	212	Sound	60	5244201	730	1			260		other	0
10108018_1	212	Response	1	5246722	3251	1
10108018_1	213	Sound	59	5267200	1056	1			260		other	0
10108018_1	213	Response	1	5271360	5217	1
10108018_1	214	Sound	59	5291198	1047	1			260		other	0
10108018_1	214	Response	1	5294559	4408	1
10108018_1	215	Sound	54	5309197	1041	1			260		other	0
10108018_1	216	Sound	57	5331196	866	1			260		other	0
10108018_1	216	Response	1	5336476	6147	1
10108018_1	217	Sound	51	5354694	691	1			260		other	0
10108018_1	218	Sound	58	5383192	681	1			260		other	0
10108018_1	218	Response	1	5386953	4442	1
10108018_1	219	Sound	53	5404191	1007	1			260		other	0
10108018_1	219	Response	1	5408152	4968	1
10108018_1	220	Sound	56	5427190	665	1			260		other	0
10108018_1	220	Response	1	5434550	8026	1
10108018_1	221	Sound	51	5448689	991	1			260		other	0
10108018_1	222	Sound	55	5469687	651	1			260		other	0
10108018_1	223	Sound	57	5486686	811	1			260		other	0
10108018_1	223	Response	1	5491587	5711	1
10108018_1	224	Sound	54	5511685	802	1			260		other	0
10108018_1	225	Sound	52	5538683	792	1			260		other	0
10108018_1	225	Response	1	5542224	4333	1
10108018_1	226	Sound	52	5557182	952	1			260		other	0
10108018_1	227	Sound	58	5578181	945	1			260		other	0
10108018_1	227	Response	1	5581981	4745	1
10108018_1	228	Sound	60	5603679	769	1			260		other	0
10108018_1	228	Response	1	5606460	3549	1
10108018_1	229	Sound	53	5620178	930	1			260		other	0
10108018_1	229	Response	1	5625498	6250	1
10108018_1	230	Sound	56	5640177	589	1			260		other	0
10108018_1	230	Response	1	5644057	4470	1
10108018_1	231	Sound	58	5666175	747	1			260		other	0
10108018_1	231	Response	1	5669816	4387	1
10108018_1	233	Response	255	5711733	17883	1
10108018_1	235	Sound	40	5785168	1038	1			260		other	0
10108018_1	235	Response	1	5787808	3678	1
10108018_1	236	Sound	31	5811167	1029	1			260		other	0
10108018_1	237	Sound	30	5840665	1018	1			260		other	0
10108018_1	238	Sound	31	5865163	676	1			260		other	0
10108018_1	239	Sound	37	5894662	999	1			260		other	0
10108018_1	239	Response	1	5898282	4619	1
10108018_1	240	Sound	39	5913160	659	1			260		other	0
10108018_1	240	Response	1	5917321	4819	1
10108018_1	241	Sound	31	5932659	985	1			260		other	0
10108018_1	242	Sound	35	5951158	645	1			260		other	0
10108018_1	243	Sound	36	5976657	803	1			260		other	0
10108018_1	244	Sound	34	5998655	628	1			260		other	0
10108018_1	245	Sound	38	6022654	620	1			260		other	0
10108018_1	245	Response	1	6027634	5600	1
10108018_1	246	Sound	36	6046153	778	1			260		other	0
10108018_1	246	Response	1	6050752	5378	1
10108018_1	247	Sound	39	6068651	603	1			260		other	0
10108018_1	248	Sound	32	6089150	929	1			260		other	0
10108018_1	249	Sound	33	6109649	589	1			260		other	0
10108018_1	250	Sound	37	6128648	915	1			260		other	0
10108018_1	251	Sound	38	6155646	906	1			260		other	0
10108018_1	251	Response	1	6163465	8725	1
10108018_1	252	Sound	35	6182644	1063	1			260		other	0
10108018_1	253	Sound	35	6211143	1053	1			260		other	0
10108018_1	254	Sound	40	6236141	710	1			260		other	0
10108018_1	254	Response	1	6240181	4750	1
10108018_1	255	Sound	32	6260140	1035	1			260		other	0
10108018_1	256	Sound	37	6280138	1028	1			260		other	0
10108018_1	257	Sound	40	6301137	1021	1			260		other	0
10108018_1	257	Response	1	6303537	3421	1
10108018_1	258	Sound	32	6327136	678	1			260		other	0
10108018_1	259	Sound	39	6350634	836	1			260		other	0
10108018_1	259	Response	1	6355694	5896	1
10108018_1	260	Sound	32	6368133	663	1			260		other	0
10108018_1	261	Sound	39	6390132	656	1			260		other	0
10108018_1	262	Sound	40	6414130	980	1			260		other	0
10108018_1	262	Response	1	6417130	3980	1
10108018_1	263	Sound	30	6442629	804	1			260		other	0
10108018_1	264	Sound	38	6469127	794	1			260		other	0
10108018_1	264	Response	1	6474326	5993	1
10108018_1	265	Sound	30	6487626	621	1			260		other	0
10108018_1	266	Sound	33	6513624	778	1			260		other	0
10108018_1	267	Sound	30	6536623	603	1			260		other	0
10108018_1	268	Sound	36	6556122	930	1			260		other	0
10108018_1	269	Sound	30	6581120	754	1			260		other	0
10108018_1	270	Sound	38	6606119	579	1			260		other	0
10108018_1	271	Sound	31	6625118	905	1			260		other	0
10108018_1	272	Sound	33	6641617	899	1			260		other	0
10108018_1	273	Sound	37	6660115	893	1			260		other	0
10108018_1	274	Sound	36	6680114	1052	1			260		other	0
10108018_1	275	Sound	32	6702613	878	1			260		other	0
10108018_1	276	Sound	34	6730611	868	1			260		other	0
10108018_1	277	Sound	39	6750610	694	1			260		other	0
10108018_1	278	Sound	35	6778108	684	1			260		other	0
10108018_1	279	Sound	35	6799107	1010	1			260		other	0
10108018_1	280	Sound	33	6828605	1000	1			260		other	0
10108018_1	281	Sound	40	6852104	824	1			260		other	0
10108018_1	281	Response	1	6855103	3823	1
10108018_1	282	Sound	31	6877602	983	1			260		other	0
10108018_1	283	Sound	34	6897601	641	1			260		other	0
10108018_1	284	Sound	34	6922100	966	1			260		other	0
10108018_1	285	Sound	36	6944098	792	1			260		other	0
10108018_1	286	Sound	34	6970597	615	1			260		other	0
10108018_1	287	Sound	37	6987596	943	1			260		other	0
10108018_1	288	Sound	38	7011594	934	1			260		other	0
10108018_1	289	Sound	33	7038093	591	1			260		other	0
10108018_1	291	Response	255	7079409	23322	1
10108018_1	293	Sound	56	7157585	715	1			260		other	0
10108018_1	293	Response	1	7161804	4934	1
10108018_1	294	Sound	52	7175584	1043	1			260		other	0
10108018_1	295	Sound	51	7193083	703	1			260		other	0
10108018_1	296	Sound	51	7213082	696	1			260		other	0
10108018_1	297	Sound	52	7238581	1020	1			260		other	0
10108018_1	298	Sound	55	7261079	846	1			260		other	0
10108018_1	298	Response	1	7265318	5084	1
10108018_1	299	Sound	56	7280578	1005	1			260		other	0
10108018_1	300	Sound	53	7299077	832	1			260		other	0
10108018_1	301	Sound	54	7323575	656	1			260		other	0
10108018_1	301	Response	1	7328194	5275	1
10108018_1	302	Sound	59	7340074	818	1			260		other	0
10108018_1	302	Response	1	7344193	4937	1
10108018_1	303	Sound	55	7367073	808	1			260		other	0
10108018_1	303	Response	1	7371071	4806	1
10108018_1	304	Sound	56	7384072	635	1			260		other	0
10108018_1	304	Response	1	7391150	7713	1
10108018_1	305	Sound	58	7409070	626	1			260		other	0
10108018_1	305	Response	1	7412749	4304	1
10108018_1	306	Sound	57	7429569	785	1			260		other	0
10108018_1	306	Response	1	7432667	3884	1
10108018_1	307	Sound	55	7453568	610	1			260		other	0
10108018_1	307	Response	1	7458666	5708	1
10108018_1	308	Sound	57	7476066	936	1			260		other	0
10108018_1	308	Response	1	7479144	4014	1
10108018_1	309	Sound	51	7494065	763	1			260		other	0
10108018_1	309	Response	1	7500103	6800	1
10108018_1	310	Sound	50	7521063	919	1			260		other	0
10108018_1	311	Sound	60	7545562	744	1			260		other	0
10108018_1	311	Response	1	7548660	3842	1
10108018_1	312	Sound	56	7571561	902	1			260		other	0
10108018_1	312	Response	1	7575458	4800	1
10108018_1	313	Sound	58	7599059	725	1			260		other	0
10108018_1	313	Response	1	7604577	6243	1
10108018_1	314	Sound	53	7624057	716	1			260		other	0
10108018_1	314	Response	1	7627695	4354	1
10108018_1	315	Sound	56	7652556	1039	1			260		other	0
10108018_1	315	Response	1	7656733	5217	1
10108018_1	316	Sound	59	7677054	697	1			260		other	0
10108018_1	316	Response	1	7680812	4455	1
10108018_1	317	Sound	60	7697553	690	1			260		other	0
10108018_1	317	Response	1	7700411	3548	1
10108018_1	318	Sound	58	7723551	1014	1			260		other	0
10108018_1	318	Response	1	7728649	6111	1
10108018_1	319	Sound	60	7744050	673	1			260		other	0
10108018_1	319	Response	1	7747608	4231	1
10108018_1	320	Sound	57	7768549	998	1			260		other	0
10108018_1	320	Response	1	7772966	5416	1
10108018_1	321	Sound	53	7796547	655	1			260		other	0
10108018_1	322	Sound	55	7823545	812	1			260		other	0
10108018_1	322	Response	1	7830163	7429	1
10108018_1	323	Sound	59	7852044	802	1			260		other	0
10108018_1	323	Response	1	7856000	4758	3
10108018_1	324	Sound	50	7878042	959	1			260		other	0
10108018_1	325	Sound	53	7902041	951	1			260		other	0
10108018_1	326	Sound	60	7925039	610	1			260		other	0
10108018_1	326	Response	1	7927597	3167	1
10108018_1	327	Sound	58	7952038	599	1			260		other	0
10108018_1	327	Response	1	7957355	5916	1
10108018_1	328	Sound	57	7974536	591	1			260		other	0
10108018_1	329	Sound	50	7991035	752	1			260		other	0
10108018_1	330	Sound	50	8014534	744	1			260		other	0
10108018_1	331	Sound	58	8041032	901	1			260		other	0
10108018_1	331	Response	1	8045110	4979	1
10108018_1	332	Sound	54	8069030	891	1			260		other	0
10108018_1	333	Sound	57	8092029	883	1			260		other	0
10108018_1	334	Sound	52	8110028	710	1			260		other	0
10108018_1	335	Sound	53	8128527	1036	1			260		other	0
10108018_1	336	Sound	55	8150026	696	1			260		other	0
10108018_1	336	Response	1	8153903	4573	1
10108018_1	337	Sound	52	8174524	853	1			260		other	0
10108018_1	338	Sound	50	8198023	1012	1			260		other	0
10108018_1	339	Sound	60	8222021	1003	1			260		other	0
10108018_1	339	Response	1	8224938	3920	1
10108018_1	340	Sound	51	8242520	663	1			260		other	0
10108018_1	341	Sound	54	8267519	987	1			260		other	0
10108018_1	342	Sound	54	8291017	812	1			260		other	0
10108018_1	343	Sound	59	8318515	969	1			260		other	0
10108018_1	343	Response	1	8322532	4986	1
10108018_1	344	Sound	54	8340014	795	1			260		other	0
10108018_1	345	Sound	52	8361013	954	1			260		other	0
10108018_1	346	Sound	59	8390011	943	1			260		other	0
10108018_1	346	Response	1	8393088	4020	1
10108018_1	347	Sound	51	8415010	934	1			260		other	0
10108018_1	349	Response	255	10996688	2560693	1
10108018_1	351	Sound	35	11059850	826	1			260		other	0
10108018_1	352	Sound	36	11080849	652	1			260		other	0
10108018_1	353	Sound	40	11101848	811	1			260		other	0
10108018_1	353	Response	1	11105481	4445	1
10108018_1	354	Sound	39	11128346	635	1			260		other	0
10108018_1	354	Response	1	11133639	5928	1
10108018_1	355	Sound	34	11147345	795	1			260		other	0
10108018_1	356	Sound	31	11170343	953	1			260		other	0
10108018_1	357	Sound	34	11198842	610	1			260		other	0
10108018_1	358	Sound	34	11224340	601	1			260		other	0
10108018_1	359	Sound	33	11249339	592	1			260		other	0
10108018_1	359	Response	1	11256192	7445	1
10108018_1	360	Sound	35	11273837	583	1			260		other	0
10108018_1	361	Sound	32	11291336	577	1			260		other	0
10108018_1	362	Sound	30	11318834	567	1			260		other	0
10108018_1	363	Sound	40	11344833	1058	1			260		other	0
10108018_1	363	Response	1	11347946	4171	1
10108018_1	364	Sound	38	11370831	1050	1			260		other	0
10108018_1	364	Response	1	11374424	4643	1
10108018_1	365	Sound	40	11396330	873	1			260		other	0
10108018_1	365	Response	1	11399543	4086	1
10108018_1	366	Sound	37	11417328	866	1			260		other	0
10108018_1	366	Response	1	11421541	5079	1
10108018_1	367	Sound	34	11438827	858	1			260		other	0
10108018_1	368	Sound	33	11455826	1018	1			260		other	0
10108018_1	368	Response	1	11460019	5212	1
10108018_1	369	Sound	36	11482324	676	1			260		other	0
10108018_1	370	Sound	37	11511323	665	1			260		other	0
10108018_1	370	Response	1	11515056	4398	1
10108018_1	371	Sound	39	11535821	990	1			260		other	0
10108018_1	371	Response	1	11542334	7503	1
10108018_1	372	Sound	30	11554820	650	1			260		other	0
10108018_1	373	Sound	31	11574819	809	1			260		other	0
10108018_1	374	Sound	35	11591818	803	1			260		other	0
10108018_1	375	Sound	30	11617316	961	1			260		other	0
10108018_1	376	Sound	36	11641815	786	1			260		other	0
10108018_1	376	Response	1	11647688	6658	1
10108018_1	377	Sound	34	11661314	612	1			260		other	0
10108018_1	378	Sound	40	11678313	772	1			260		other	0
10108018_1	378	Response	1	11681766	4225	1
10108018_1	379	Sound	31	11700811	931	1			260		other	0
10108018_1	380	Sound	35	11729810	754	1			260		other	0
10108018_1	380	Response	1	11734402	5347	1
10108018_1	381	Sound	33	11752808	746	1			260		other	0
10108018_1	381	Response	1	11758641	6579	1
10108018_1	382	Sound	39	11774807	905	1			260		other	0
10108018_1	382	Response	1	11780240	6338	1
10108018_1	383	Sound	35	11800305	729	1			260		other	0
10108018_1	384	Sound	31	11826304	886	1			260		other	0
10108018_1	385	Sound	33	11852302	877	1			260		other	0
10108018_1	386	Sound	33	11875801	869	1			260		other	0
10108018_1	387	Sound	32	11902299	1026	1			260		other	0
10108018_1	388	Sound	30	11921298	686	1			260		other	0
10108018_1	389	Sound	32	11943797	678	1			260		other	0
10108018_1	390	Sound	37	11961796	1005	1			260		other	0
10108018_1	391	Sound	38	11982294	831	1			260		other	0
10108018_1	392	Sound	39	12008793	988	1			260		other	0
10108018_1	393	Sound	37	12031291	647	1			260		other	0
10108018_1	393	Response	1	12035824	5179	1
10108018_1	394	Sound	32	12060290	970	1			260		other	0
10108018_1	394	Response	1	12063982	4662	1
10108018_1	395	Sound	39	12081788	796	1			260		other	0
10108018_1	395	Response	1	12088940	7948	1
10108018_1	396	Sound	31	12104287	954	1			260		other	0
10108018_1	397	Sound	40	12125286	780	1			260		other	0
10108018_1	397	Response	1	12128698	4192	1
10108018_1	398	Sound	38	12145285	773	1			260		other	0
10108018_1	399	Sound	32	12169783	597	1			260		other	0
10108018_1	399	Response	1	12174295	5109	1
10108018_1	400	Sound	36	12194281	922	1			260		other	0
10108018_1	401	Sound	38	12222280	912	1			260		other	0
10108018_1	402	Sound	36	12238779	740	1			260		other	0
10108018_1	403	Sound	37	12256278	900	1			260		other	0
10108018_1	404	Sound	38	12272777	894	1			260		other	0
10108018_1	405	Sound	30	12290776	1054	1			260		other	0
10108018_1	407	Response	255	12329406	16598	1
10108018_1	409	Sound	54	12406769	846	1			260		other	0
10108018_1	409	Response	1	12412840	6918	1
10108018_1	410	Sound	60	12433767	1003	1			260		other	0
10108018_1	410	Response	1	12436439	3675	1
10108018_1	411	Sound	57	12453266	663	1			260		other	0
10108018_1	411	Response	1	12457878	5275	1
10108018_1	412	Sound	56	12472265	656	1			260		other	0
10108018_1	412	Response	1	12477717	6108	1
10108018_1	413	Sound	50	12496263	815	1			260		other	0
10108018_1	414	Sound	55	12524262	638	1			260		other	0
10108018_1	414	Response	1	12529313	5689	1
10108018_1	415	Sound	50	12550260	795	1			260		other	0
10108018_1	416	Sound	57	12578758	952	1			260		other	0
10108018_1	416	Response	1	12582990	5184	1
10108018_1	417	Sound	54	12597757	778	1			260		other	0
10108018_1	417	Response	1	12601389	4410	1
10108018_1	418	Sound	53	12623756	602	1			260		other	0
10108018_1	418	Response	1	12627387	4234	1
10108018_1	419	Sound	52	12643754	929	1			260		other	0
10108018_1	420	Sound	57	12664253	755	1			260		other	0
10108018_1	420	Response	1	12669305	5806	1
10108018_1	421	Sound	57	12688252	746	1			260		other	0
10108018_1	421	Response	1	12691783	4278	1
10108018_1	422	Sound	50	12708751	572	1			260		other	0
10108018_1	423	Sound	56	12731749	1064	1			260		other	0
10108018_1	423	Response	1	12735301	4616	1
10108018_1	424	Sound	54	12755248	889	1			260		other	0
10108018_1	424	Response	1	12758419	4061	1
10108018_1	425	Sound	55	12775746	715	1			260		other	0
10108018_1	425	Response	1	12779378	4346	1
10108018_1	426	Sound	60	12793745	1042	1			260		other	0
10108018_1	426	Response	1	12796897	4193	1
10108018_1	427	Sound	56	12822244	865	1			260		other	0
10108018_1	427	Response	1	12826335	4956	1
10108018_1	428	Sound	59	12847242	690	1			260		other	0
10108018_1	428	Response	1	12850574	4021	1
10108018_1	429	Sound	58	12865741	850	1			260		other	0
10108018_1	429	Response	1	12872892	8001	1
10108018_1	430	Sound	59	12893239	1007	1			260		other	0
10108018_1	430	Response	1	12896491	4258	1
10108018_1	431	Sound	51	12912738	1000	1			260		other	0
10108018_1	432	Sound	55	12935737	659	1			260		other	0
10108018_1	432	Response	1	12940168	5090	1
10108018_1	433	Sound	52	12955236	818	1			260		other	0
10108018_1	433	Response	1	12958967	4549	1
10108018_1	434	Sound	53	12974235	811	1			260		other	0
10108018_1	434	Response	1	12977926	4502	1
10108018_1	435	Sound	54	13000733	635	1			260		other	0
10108018_1	435	Response	1	13004804	4705	2
10108018_1	436	Sound	59	13018232	962	1			260		other	0
10108018_1	436	Response	1	13021843	4574	1
10108018_1	437	Sound	60	13036231	956	1			260		other	0
10108018_1	437	Response	1	13038242	2967	2
10108018_1	438	Sound	58	13064729	612	1			260		other	0
10108018_1	438	Response	1	13067760	3643	1
10108018_1	439	Sound	53	13087728	771	1			260		other	0
10108018_1	439	Response	1	13090239	3282	1
10108018_1	440	Sound	60	13110726	596	1			260		other	0
10108018_1	440	Response	1	13112957	2827	1
10108018_1	441	Sound	57	13132225	921	1			260		other	0
10108018_1	441	Response	1	13135676	4372	1
10108018_1	442	Sound	52	13155724	913	1			260		other	0
10108018_1	442	Response	1	13160394	5584	1
10108018_1	443	Sound	53	13177722	738	1			260		other	0
10108018_1	443	Response	1	13181753	4769	1
10108018_1	444	Sound	59	13195721	1065	1			260		other	0
10108018_1	444	Response	1	13199432	4776	1
10108018_1	445	Sound	52	13217220	891	1			260		other	0
10108018_1	445	Response	1	13221111	4782	1
10108018_1	446	Sound	52	13243718	715	1			260		other	0
10108018_1	447	Sound	51	13262217	1042	1			260		other	0
10108018_1	448	Sound	59	13282716	868	1			260		other	0
10108018_1	448	Response	1	13286386	4538	1
10108018_1	449	Sound	56	13309214	1025	1			260		other	0
10108018_1	449	Response	1	13313025	4836	1
10108018_1	450	Sound	54	13329213	685	1			260		other	0
10108018_1	451	Sound	58	13345712	679	1			260		other	0
10108018_1	451	Response	1	13349983	4949	1
10108018_1	452	Sound	55	13374710	835	1			260		other	0
10108018_1	452	Response	1	13377901	4026	1
10108018_1	453	Sound	50	13401209	826	1			260		other	0
10108018_1	454	Sound	51	13425207	984	1			260		other	0
10108018_1	455	Sound	50	13450706	808	1			260		other	0
10108018_1	456	Sound	56	13477704	798	1			260		other	0
10108018_1	456	Response	1	13482135	5229	1
10108018_1	457	Sound	58	13504202	956	1			260		other	0
10108018_1	457	Response	1	13508533	5286	1
10108018_1	458	Sound	60	13532201	779	1			260		other	0
10108018_1	458	Response	1	13534771	3350	1
10108018_1	459	Sound	51	13555200	938	1			260		other	0
10108018_1	460	Sound	51	13572198	598	1			260		other	0
10108018_1	461	Sound	53	13591697	591	1			260		other	0
10108018_1	462	Sound	58	13608696	585	1			260		other	0
10108018_1	462	Response	1	13615326	7215	1
10108018_1	463	Sound	55	13629195	744	1			260		other	0
10108018_1	463	Response	1	13633245	4795	1
10108018_1	465	Response	255	13667163	10291	1
10108018_1	467	Sound	34	13738188	1039	1			260		other	0
10108018_1	468	Sound	31	13767187	695	1			260		other	0
10108018_1	469	Sound	33	13793685	686	1			260		other	0
10108018_1	470	Sound	32	13820683	1010	1			260		other	0
10108018_1	471	Sound	35	13842682	835	1			260		other	0
10108018_1	472	Sound	39	13868681	826	1			260		other	0
10108018_1	472	Response	1	13873151	5296	1
10108018_1	473	Sound	37	13893679	817	1			260		other	0
10108018_1	473	Response	1	13899149	6286	2
10108018_1	474	Sound	31	13919677	641	1			260		other	0
10108018_1	474	Response	1	13924267	5231	1
10108018_1	475	Sound	37	13943676	966	1			260		other	0
10108018_1	475	Response	1	13948026	5315	1
10108018_1	476	Sound	35	13965175	791	1			260		other	0
10108018_1	476	Response	1	13968985	4601	1
10108018_1	477	Sound	38	13985673	617	1			260		other	0
10108018_1	478	Sound	30	14004172	777	1			260		other	0
10108018_1	479	Sound	35	14030671	601	1			260		other	0
10108018_1	480	Sound	30	14055169	759	1			260		other	0
10108018_1	481	Sound	34	14080168	917	1			260		other	0
10108018_1	482	Sound	39	14107666	907	1			260		other	0
10108018_1	482	Response	1	14110096	3337	1
10108018_1	483	Sound	32	14137164	1064	1			260		other	0
10108018_1	483	Response	1	14140734	4634	1
10108018_1	484	Sound	30	14157163	890	1			260		other	0
10108018_1	485	Sound	36	14181162	714	1			260		other	0
10108018_1	486	Sound	33	14199661	875	1			260		other	0
10108018_1	487	Sound	32	14225659	1032	1			260		other	0
10108018_1	488	Sound	35	14249658	691	1			260		other	0
10108018_1	489	Sound	35	14266656	851	1			260		other	0
10108018_1	490	Sound	37	14294655	1007	1			260		other	0
10108018_1	490	Response	1	14296884	3237	1
10108018_1	491	Sound	37	14311654	668	1			260		other	0
10108018_1	492	Sound	40	14328653	829	1			260		other	0
10108018_1	492	Response	1	14330723	2898	1
10108018_1	493	Sound	36	14348152	822	1			260		other	0
10108018_1	494	Sound	32	14375650	979	1			260		other	0
10108018_1	494	Response	1	14377759	3088	1
10108018_1	495	Sound	32	14397649	804	1			260		other	0
10108018_1	495	Response	1	14401518	4673	1
10108018_1	496	Sound	36	14423147	962	1			260		other	0
10108018_1	496	Response	1	14425596	3411	1
10108018_1	497	Sound	34	14443646	787	1			260		other	0
10108018_1	497	Response	1	14446715	3857	1
10108018_1	498	Sound	31	14463145	781	1			260		other	0
10108018_1	498	Response	1	14466634	4270	1
10108018_1	499	Sound	33	14481144	941	1			260		other	0
10108018_1	499	Response	1	14483913	3710	1
10108018_1	500	Sound	34	14501142	934	1			260		other	0
10108018_1	500	Response	1	14503752	3543	1
10108018_1	501	Sound	40	14522141	760	1			260		other	0
10108018_1	501	Response	1	14524311	2929	1
10108018_1	502	Sound	39	14542640	586	1			260		other	0
10108018_1	502	Response	1	14546789	4735	1
10108018_1	503	Sound	31	14561139	579	1			260		other	0
10108018_1	503	Response	1	14565828	5268	1
10108018_1	504	Sound	31	14589137	736	1			260		other	0
10108018_1	504	Response	1	14592466	4065	1
10108018_1	505	Sound	40	14606636	896	1			260		other	0
10108018_1	505	Response	1	14609745	4005	1
10108018_1	506	Sound	38	14633134	887	1			260		other	0
10108018_1	506	Response	1	14638303	6056	1
10108018_1	507	Sound	38	14653133	880	1			260		other	0
10108018_1	508	Sound	36	14681631	703	1			260		other	0
10108018_1	509	Sound	33	14706130	861	1			260		other	0
10108018_1	510	Sound	40	14722629	1022	1			260		other	0
10108018_1	510	Response	1	14725898	4291	1
10108018_1	511	Sound	34	14740128	849	1			260		other	0
10108018_1	511	Response	1	14744297	5018	1
10108018_1	512	Sound	30	14760127	675	1			260		other	0
10108018_1	513	Sound	36	14786625	999	1			260		other	0
10108018_1	513	Response	1	14794054	8427	1
10108018_1	514	Sound	38	14812124	656	1			260		other	0
10108018_1	514	Response	1	14817252	5785	1
10108018_1	515	Sound	30	14832622	649	1			260		other	0
10108018_1	516	Sound	40	14853621	641	1			260		other	0
10108018_1	516	Response	1	14857010	4030	1
10108018_1	517	Sound	37	14881119	798	1			260		other	0
10108018_1	518	Sound	38	14908118	955	1			260		other	0
10108018_1	518	Response	1	14911406	4244	1
10108018_1	519	Sound	39	14928617	948	1			260		other	0
10108018_1	519	Response	1	14933645	5977	1
10108018_1	520	Sound	39	14945616	775	1			260		other	0
10108018_1	520	Response	1	14949564	4724	1
10108018_1	521	Sound	33	14969114	934	1			260		other	0
10108018_1	521	Response	1	14974523	6342	1
10108018_1	523	Response	255	15103635	116869	1
10108018_1	525	Sound	18	15177102	1026	1			260		other	0
10108018_1	525	Response	1	15181150	5075	1
10108018_1	526	Sound	12	15201600	851	1			260		other	0
10108018_1	527	Sound	11	15228098	841	1			260		other	0
10108018_1	528	Sound	10	15256097	665	1			260		other	0
10108018_1	529	Sound	13	15278096	824	1			260		other	0
10108018_1	529	Response	1	15282104	4832	1
10108018_1	530	Sound	14	15300594	816	1			260		other	0
10108018_1	531	Sound	18	15324093	641	1			260		other	0
10108018_1	531	Response	1	15328581	5129	1
10108018_1	532	Sound	11	15352591	964	1			260		other	0
10108018_1	533	Sound	17	15368590	625	1			260		other	0
10108018_1	533	Response	1	15372898	4933	1
10108018_1	534	Sound	11	15387589	785	1			260		other	0
10108018_1	534	Response	1	15392417	5613	1
10108018_1	535	Sound	12	15415587	608	1			260		other	0
10108018_1	535	Response	1	15419455	4476	1
10108018_1	536	Sound	20	15441086	766	1			260		other	0
10108018_1	536	Response	1	15444334	4014	1
10108018_1	537	Sound	14	15457085	927	1			260		other	0
10108018_1	538	Sound	16	15474084	754	1			260		other	0
10108018_1	538	Response	1	15478891	5562	1
10108018_1	539	Sound	19	15498082	579	1			260		other	0
10108018_1	539	Response	1	15500970	3466	1
10108018_1	540	Sound	12	15526580	735	1			260		other	0
10108018_1	540	Response	1	15530248	4403	1
10108018_1	541	Sound	14	15551079	726	1			260		other	0
10108018_1	541	Response	1	15554487	4134	1
10108018_1	542	Sound	13	15568578	887	1			260		other	0
10108018_1	543	Sound	12	15591077	1046	1			260		other	0
10108018_1	543	Response	1	15595284	5253	1
10108018_1	544	Sound	19	15612075	872	1			260		other	0
10108018_1	544	Response	1	15615603	4399	1
10108018_1	545	Sound	12	15628574	699	1			260		other	0
10108018_1	545	Response	1	15633282	5407	1
10108018_1	546	Sound	16	15648073	692	1			260		other	0
10108018_1	546	Response	1	15652561	5180	1
10108018_1	547	Sound	15	15669072	1018	1			260		other	0
10108018_1	547	Response	1	15672640	4586	1
10108018_1	548	Sound	18	15689571	1010	1			260		other	0
10108018_1	548	Response	1	15692958	4398	1
10108018_1	549	Sound	13	15718069	1000	1			260		other	0
10108018_1	549	Response	1	15721596	4528	1
10108018_1	550	Sound	17	15742567	825	1			260		other	0
10108018_1	550	Response	1	15746475	4733	1
10108018_1	551	Sound	19	15758567	653	1			260		other	0
10108018_1	551	Response	1	15762394	4480	1
10108018_1	552	Sound	17	15777065	646	1			260		other	0
10108018_1	552	Response	1	15780553	4134	1
10108018_1	553	Sound	11	15804064	636	1			260		other	0
10108018_1	554	Sound	15	15827562	795	1			260		other	0
10108018_1	554	Response	1	15831910	5142	1
10108018_1	555	Sound	10	15855061	785	1			260		other	0
10108018_1	556	Sound	17	15883559	608	1			260		other	0
10108018_1	556	Response	1	15887586	4636	1
10108018_1	557	Sound	16	15900558	769	1			260		other	0
10108018_1	557	Response	1	15903985	4196	1
10108018_1	558	Sound	20	15920557	761	1			260		other	0
10108018_1	558	Response	1	15923424	3629	1
10108018_1	559	Sound	18	15938556	588	1			260		other	0
10108018_1	559	Response	1	15942383	4416	1
10108018_1	560	Sound	20	15955055	916	1			260		other	0
10108018_1	560	Response	1	15957502	3364	1
10108018_1	561	Sound	15	15974053	576	1			260		other	0
10108018_1	561	Response	1	15976941	3463	2
10108018_1	562	Sound	13	15994552	902	1			260		other	0
10108018_1	562	Response	1	15999660	6009	1
10108018_1	563	Sound	10	16021051	892	1			260		other	0
10108018_1	564	Sound	13	16044549	1051	1			260		other	0
10108018_1	564	Response	1	16048776	5278	1
10108018_1	565	Sound	18	16069548	875	1			260		other	0
10108018_1	566	Sound	15	16086047	703	1			260		other	0
10108018_1	566	Response	1	16090294	4950	1
10108018_1	567	Sound	14	16103046	863	1			260		other	0
10108018_1	568	Sound	20	16130044	854	1			260		other	0
10108018_1	568	Response	1	16133091	3901	1
10108018_1	569	Sound	17	16146543	848	1			260		other	0
10108018_1	569	Response	1	16151250	5555	1
10108018_1	570	Sound	11	16170542	1006	1			260		other	0
10108018_1	571	Sound	14	16190540	832	1			260		other	0
10108018_1	572	Sound	10	16211039	658	1			260		other	0
10108018_1	573	Sound	15	16233538	650	1			260		other	0
10108018_1	573	Response	1	16238205	5317	1
10108018_1	574	Sound	10	16259036	974	1			260		other	0
10108018_1	575	Sound	20	16286535	965	1			260		other	0
10108018_1	575	Response	1	16291482	5912	1
10108018_1	576	Sound	16	16302534	959	1			260		other	0
10108018_1	576	Response	1	16308921	7346	1
10108018_1	577	Sound	16	16318033	620	1			260		other	0
10108018_1	577	Response	1	16322920	5507	1
10108018_1	578	Sound	19	16339031	946	1			260		other	0
10108018_1	578	Response	1	16342998	4913	1
10108018_1	579	Sound	19	16362030	771	1			260		other	0
10108018_1	579	Response	1	16365717	4458	1
10108018_1	581	Response	255	16392595	14418	1
10108018_1	583	Sound	18	16465524	734	1			260		other	0
10108018_1	583	Response	1	16469070	4281	1
10108018_1	584	Sound	16	16490522	725	1			260		other	0
10108018_1	585	Sound	10	16512021	718	1			260		other	0
10108018_1	586	Sound	14	16532020	710	1			260		other	0
10108018_1	586	Response	1	16535467	4157	1
10108018_1	587	Sound	17	16555018	702	1			260		other	0
10108018_1	587	Response	1	16558665	4349	1
10108018_1	588	Sound	19	16582517	692	1			260		other	0
10108018_1	588	Response	1	16586183	4359	1
10108018_1	589	Sound	12	16608015	1017	1			260		other	0
10108018_1	589	Response	1	16611462	4464	1
10108018_1	590	Sound	20	16633014	841	1			260		other	0
10108018_1	590	Response	1	16636420	4248	1
10108018_1	591	Sound	14	16659512	665	1			260		other	0
10108018_1	592	Sound	12	16679011	992	1			260		other	0
10108018_1	593	Sound	17	16702010	650	1			260		other	0
10108018_1	593	Response	1	16706096	4736	1
10108018_1	594	Sound	14	16725508	975	1			260		other	0
10108018_1	594	Response	1	16729695	5161	1
10108018_1	595	Sound	10	16754006	798	1			260		other	0
10108018_1	596	Sound	12	16771005	625	1			260		other	0
10108018_1	596	Response	1	16776012	5632	1
10108018_1	597	Sound	18	16793004	951	1			260		other	0
10108018_1	597	Response	1	16796491	4437	1
10108018_1	598	Sound	10	16820502	608	1			260		other	0
10108018_1	599	Sound	11	16842001	600	1			260		other	0
10108018_1	600	Sound	14	16864000	926	1			260		other	0
10108018_1	601	Sound	17	16884499	585	1			260		other	0
10108018_1	601	Response	1	16888725	4811	1
10108018_1	602	Sound	20	16901498	579	1			260		other	0
10108018_1	602	Response	1	16904644	3725	1
10108018_1	603	Sound	17	16922996	738	1			260		other	0
10108018_1	603	Response	1	16926722	4464	1
10108018_1	604	Sound	12	16939995	732	1			260		other	0
10108018_1	604	Response	1	16945681	6418	1
10108018_1	605	Sound	16	16962994	724	1			260		other	0
10108018_1	605	Response	1	16967120	4850	1
10108018_1	606	Sound	10	16990492	1047	1			260		other	0
10108018_1	607	Sound	13	17018991	1037	1			260		other	0
10108018_1	608	Sound	15	17041489	696	1			260		other	0
10108018_1	608	Response	1	17045355	4562	1
10108018_1	609	Sound	16	17058988	856	1			260		other	0
10108018_1	609	Response	1	17063194	5062	1
10108018_1	610	Sound	19	17079487	849	1			260		other	0
10108018_1	610	Response	1	17082873	4235	1
10108018_1	611	Sound	19	17099486	1008	1			260		other	0
10108018_1	611	Response	1	17102551	4074	1
10108018_1	612	Sound	11	17117485	1002	1			260		other	0
10108018_1	613	Sound	16	17144483	826	1			260		other	0
10108018_1	613	Response	1	17148389	4731	1
10108018_1	614	Sound	10	17164482	985	1			260		other	0
10108018_1	615	Sound	15	17182481	645	1			260		other	0
10108018_1	615	Response	1	17185987	4151	1
10108018_1	616	Sound	13	17209479	969	1			260		other	0
10108018_1	617	Sound	20	17234977	627	1			260		other	0
10108018_1	617	Response	1	17238383	4032	1
10108018_1	618	Sound	13	17251976	954	1			260		other	0
10108018_1	618	Response	1	17261102	10080	1
10108018_1	619	Sound	17	17270975	614	1			260		other	0
10108018_1	619	Response	1	17274221	3860	1
10108018_1	620	Sound	18	17294974	772	1			260		other	0
10108018_1	620	Response	1	17299179	4978	1
10108018_1	621	Sound	13	17319472	763	1			260		other	0
10108018_1	621	Response	1	17323418	4709	1
10108018_1	622	Sound	20	17338971	923	1			260		other	0
10108018_1	622	Response	1	17344377	6329	1
10108018_1	623	Sound	18	17357970	916	1			260		other	0
10108018_1	623	Response	1	17361815	4762	1
10108018_1	624	Sound	12	17375969	576	1			260		other	0
10108018_1	625	Sound	19	17400467	568	1			260		other	0
10108018_1	625	Response	1	17404453	4553	1
10108018_1	626	Sound	16	17427466	725	1			260		other	0
10108018_1	626	Response	1	17432851	6110	1
10108018_1	627	Sound	11	17447465	718	1			260		other	0
10108018_1	627	Response	1	17452930	6183	1
10108018_1	628	Sound	15	17469963	1043	1			260		other	0
10108018_1	628	Response	1	17474129	5209	1
10108018_1	629	Sound	19	17498462	1033	1			260		other	0
10108018_1	629	Response	1	17502047	4618	1
10108018_1	630	Sound	11	17522460	1025	1			260		other	0
10108018_1	630	Response	1	17527005	5570	1
10108018_1	631	Sound	18	17546959	682	1			260		other	0
10108018_1	631	Response	1	17550364	4088	1
10108018_1	632	Sound	14	17569957	841	1			260		other	0
10108018_1	632	Response	1	17573963	4846	1
10108018_1	633	Sound	11	17588956	834	1			260		other	0
10108018_1	634	Sound	15	17605455	662	1			260		other	0
10108018_1	634	Response	1	17611080	6287	1
10108018_1	635	Sound	15	17632453	819	1			260		other	0
10108018_1	635	Response	1	17636599	4964	1
10108018_1	636	Sound	20	17653952	811	1			260		other	0
10108018_1	636	Response	1	17656917	3776	1
10108018_1	637	Sound	13	17680451	635	1			260		other	0
10108018_1	637	Response	1	17683396	3580	1
10108018_1	639	Response	255	17722033	13629	1
10108018_1	641	Sound	12	17802443	758	1			260		other	0
10108018_1	642	Sound	10	17818942	752	1			260		other	0
10108018_1	643	Sound	10	17846940	742	1			260		other	0
10108018_1	644	Sound	17	17872939	1066	1			260		other	0
10108018_1	644	Response	1	17877544	5671	1
10108018_1	645	Sound	20	17893438	1059	1			260		other	0
10108018_1	645	Response	1	17896103	3724	1
10108018_1	646	Sound	19	17918436	717	1			260		other	0
10108018_1	646	Response	1	17922981	5262	1
10108018_1	647	Sound	16	17934935	1044	1			260		other	0
10108018_1	648	Sound	12	17960934	1035	1			260		other	0
10108018_1	649	Sound	15	17982932	694	1			260		other	0
10108018_1	649	Response	1	17988337	6099	1
10108018_1	650	Sound	19	18006431	852	1			260		other	0
10108018_1	650	Response	1	18011056	5477	1
10108018_1	651	Sound	18	18026930	678	1			260		other	0
10108018_1	651	Response	1	18030494	4243	1
10108018_1	652	Sound	20	18044429	672	1			260		other	0
10108018_1	652	Response	1	18047533	3777	1
10108018_1	653	Sound	13	18063427	998	1			260		other	0
10108018_1	654	Sound	17	18091426	822	1			260		other	0
10108018_1	654	Response	1	18097529	6925	2
10108018_1	655	Sound	11	18115424	980	1			260		other	0
10108018_1	656	Sound	17	18133423	807	1			260		other	0
10108018_1	656	Response	1	18137528	4912	1
10108018_1	657	Sound	20	18160422	797	1			260		other	0
10108018_1	657	Response	1	18163526	3902	1
10108018_1	658	Sound	18	18182420	956	1			260		other	0
10108018_1	658	Response	1	18186245	4781	1
10108018_1	659	Sound	12	18210919	779	1			260		other	0
10108018_1	660	Sound	14	18232917	771	1			260		other	0
10108018_1	661	Sound	11	18256416	930	1			260		other	0
10108018_1	662	Sound	11	18282414	587	1			260		other	0
10108018_1	662	Response	1	18287119	5291	1
10108018_1	663	Sound	18	18304413	913	1			260		other	0
10108018_1	663	Response	1	18308157	4657	1
10108018_1	664	Sound	15	18329411	1070	1			260		other	0
10108018_1	664	Response	1	18333676	5335	1
10108018_1	665	Sound	19	18348410	730	1			260		other	0
10108018_1	665	Response	1	18351835	4155	1
10108018_1	666	Sound	15	18368409	723	1			260		other	0
10108018_1	666	Response	1	18372153	4468	1
10108018_1	667	Sound	11	18388908	1049	1			260		other	0
10108018_1	668	Sound	20	18412906	1041	1			260		other	0
10108018_1	668	Response	1	18415831	3965	1
10108018_1	669	Sound	11	18428905	868	1			260		other	0
10108018_1	670	Sound	14	18444904	1029	1			260		other	0
10108018_1	670	Response	1	18448549	4674	1
10108018_1	671	Sound	18	18465903	688	1			260		other	0
10108018_1	671	Response	1	18470867	5653	1
10108018_1	672	Sound	10	18491402	679	1			260		other	0
10108018_1	673	Sound	16	18517900	670	1			260		other	0
10108018_1	673	Response	1	18521504	4274	1
10108018_1	674	Sound	17	18536399	997	1			260		other	0
10108018_1	674	Response	1	18540543	5141	1
10108018_1	675	Sound	15	18562397	821	1			260		other	0
10108018_1	675	Response	1	18566061	4485	1
10108018_1	676	Sound	14	18586896	979	1			260		other	0
10108018_1	676	Response	1	18593660	7743	1
10108018_1	677	Sound	14	18605895	639	1			260		other	0
10108018_1	677	Response	1	18609819	4563	1
10108018_1	678	Sound	19	18622394	966	1			260		other	0
10108018_1	678	Response	1	18626138	4710	1
10108018_1	679	Sound	10	18642893	959	1			260		other	0
10108018_1	680	Sound	19	18664391	618	1			260		other	0
10108018_1	680	Response	1	18669175	5402	1
10108018_1	681	Sound	12	18688390	776	1			260		other	0
10108018_1	682	Sound	13	18707389	769	1			260		other	0
10108018_1	683	Sound	13	18725887	762	1			260		other	0
10108018_1	684	Sound	13	18753386	753	1			260		other	0
10108018_1	684	Response	1	18757489	4856	1
10108018_1	685	Sound	12	18773385	912	1			260		other	0
10108018_1	686	Sound	17	18799383	903	1			260		other	0
10108018_1	686	Response	1	18803327	4847	1
10108018_1	687	Sound	18	18825382	894	1			260		other	0
10108018_1	687	Response	1	18829725	5237	1
10108018_1	688	Sound	13	18847880	1053	1			260		other	0
10108018_1	689	Sound	16	18875378	1043	1			260		other	0
10108018_1	689	Response	1	18879162	4826	1
10108018_1	690	Sound	20	18896877	1035	1			260		other	0
10108018_1	690	Response	1	18900281	4439	1
10108018_1	691	Sound	16	18919376	694	1			260		other	0
10108018_1	692	Sound	16	18939875	1020	1			260		other	0
10108018_1	693	Sound	15	18956374	847	1			260		other	0
10108018_1	694	Sound	14	18980872	838	1			260		other	0
10108018_1	694	Response	1	18987715	7682	1
10108018_1	695	Sound	10	18998371	832	1			260		other	0
10108018_1	697	Response	255	20841361	1818735	1
10108018_1	699	Sound	37	20923755	647	1			260		other	0
10108018_1	699	Response	1	20927676	4568	1
10108018_1	700	Sound	32	20944754	639	1			260		other	0
10108018_1	701	Sound	36	20963753	966	1			260		other	0
10108018_1	702	Sound	33	20984751	958	1			260		other	0
10108018_1	703	Sound	39	21012750	615	1			260		other	0
10108018_1	703	Response	1	21018710	6576	1
10108018_1	704	Sound	40	21039248	605	1			260		other	0
10108018_1	704	Response	1	21042149	3507	1
10108018_1	705	Sound	31	21066746	596	1			260		other	0
10108018_1	706	Sound	34	21086245	589	1			260		other	0
10108018_1	707	Sound	31	21104744	749	1			260		other	0
10108018_1	708	Sound	33	21126243	741	1			260		other	0
10108018_1	708	Response	1	21131024	5522	1
10108018_1	709	Sound	34	21146242	734	1			260		other	0
10108018_1	709	Response	1	21151102	5595	1
10108018_1	710	Sound	37	21170240	725	1			260		other	0
10108018_1	710	Response	1	21175581	6066	1
10108018_1	711	Sound	39	21188739	1052	1			260		other	0
10108018_1	711	Response	1	21192620	4933	1
10108018_1	712	Sound	35	21211238	878	1			260		other	0
10108018_1	712	Response	1	21214938	4578	1
10108018_1	713	Sound	38	21234736	869	1			260		other	0
10108018_1	713	Response	1	21239177	5310	1
10108018_1	714	Sound	31	21257735	694	1			260		other	0
10108018_1	715	Sound	30	21286233	684	1			260		other	0
10108018_1	716	Sound	35	21308232	843	1			260		other	0
10108018_1	716	Response	1	21312132	4744	1
10108018_1	717	Sound	34	21337230	1000	1			260		other	0
10108018_1	718	Sound	32	21354229	827	1			260		other	0
10108018_1	719	Sound	30	21379227	651	1			260		other	0
10108018_1	720	Sound	37	21398726	644	1			260		other	0
10108018_1	721	Sound	40	21415225	638	1			260		other	0
10108018_1	721	Response	1	21418526	3939	1
10108018_1	722	Sound	35	21435224	798	1			260		other	0
10108018_1	722	Response	1	21440124	5698	1
10108018_1	723	Sound	36	21451723	959	1			260		other	0
10108018_1	723	Response	1	21456043	5279	1
10108018_1	724	Sound	36	21469222	953	1			260		other	0
10108018_1	725	Sound	30	21490221	778	1			260		other	0
10108018_1	726	Sound	35	21508720	939	1			260		other	0
10108018_1	726	Response	1	21513720	5939	1
10108018_1	727	Sound	35	21526219	599	1			260		other	0
10108018_1	728	Sound	38	21546717	591	1			260		other	0
10108018_1	728	Response	1	21551558	5432	1
10108018_1	729	Sound	31	21575216	581	1			260		other	0
10108018_1	730	Sound	33	21601714	1072	1			260		other	0
10108018_1	730	Response	1	21604354	3712	1
10108018_1	731	Sound	37	21627212	1063	1			260		other	0
10108018_1	731	Response	1	21630833	4683	1
10108018_1	732	Sound	34	21647211	1056	1			260		other	0
10108018_1	732	Response	1	21651151	4997	1
10108018_1	733	Sound	30	21665210	716	1			260		other	0
10108018_1	734	Sound	36	21690209	707	1			260		other	0
10108018_1	734	Response	1	21694189	4687	1
10108018_1	735	Sound	38	21717207	1031	1			260		other	0
10108018_1	735	Response	1	21720187	4011	1
10108018_1	736	Sound	32	21736206	857	1			260		other	0
10108018_1	737	Sound	33	21758205	1016	1			260		other	0
10108018_1	738	Sound	34	21782203	841	1			260		other	0
10108018_1	739	Sound	40	21800202	668	1			260		other	0
10108018_1	739	Response	1	21803142	3608	1
10108018_1	740	Sound	37	21816701	829	1			260		other	0
10108018_1	740	Response	1	21821061	5189	1
10108018_1	741	Sound	38	21837700	655	1			260		other	0
10108018_1	741	Response	1	21842899	5854	1
10108018_1	742	Sound	32	21856199	981	1			260		other	0
10108018_1	742	Response	1	21861058	5841	1
10108018_1	743	Sound	31	21881197	806	1			260		other	0
10108018_1	744	Sound	39	21898196	966	1			260		other	0
10108018_1	744	Response	1	21902336	5106	2
10108018_1	745	Sound	32	21916695	960	1			260		other	0
10108018_1	746	Sound	40	21938194	619	1			260		other	0
10108018_1	746	Response	1	21940814	3239	1
10108018_1	747	Sound	40	21955193	946	1			260		other	0
10108018_1	747	Response	1	21958013	3766	1
10108018_1	748	Sound	36	21973192	773	1			260		other	0
10108018_1	749	Sound	30	22001690	763	1			260		other	0
10108018_1	750	Sound	38	22028688	753	1			260		other	0
10108018_1	751	Sound	39	22051687	745	1			260		other	0
10108018_1	751	Response	1	22056326	5385	1
10108018_1	752	Sound	39	22069686	905	1			260		other	0
10108018_1	753	Sound	33	22090684	1065	1			260		other	0
10108018_1	755	Response	255	22129762	15388	1
10108018_1	757	Sound	56	22205178	857	1			260		other	0
10108018_1	757	Response	1	22210157	5836	1
10108018_1	758	Sound	58	22223177	851	1			260		other	0
10108018_1	758	Response	1	22227196	4870	1
10108018_1	759	Sound	58	22242175	844	1			260		other	0
10108018_1	759	Response	1	22246155	4823	1
10108018_1	760	Sound	56	22271174	834	1			260		other	0
10108018_1	760	Response	1	22274553	4213	1
10108018_1	761	Sound	59	22292672	993	1			260		other	0
10108018_1	761	Response	1	22295752	4072	1
10108018_1	762	Sound	59	22320671	649	1			260		other	0
10108018_1	762	Response	1	22324150	4129	1
10108018_1	763	Sound	53	22343669	808	1			260		other	0
10108018_1	763	Response	1	22347269	4407	1
10108018_1	764	Sound	51	22371668	965	1			260		other	0
10108018_1	765	Sound	50	22391666	957	1			260		other	0
10108018_1	766	Sound	58	22414665	616	1			260		other	0
10108018_1	766	Response	1	22417424	3375	1
10108018_1	767	Sound	55	22439664	940	1			260		other	0
10108018_1	767	Response	1	22443182	4459	1
10108018_1	768	Sound	53	22461162	599	1			260		other	0
10108018_1	768	Response	1	22464141	3578	1
10108018_1	769	Sound	57	22481661	759	1			260		other	0
10108018_1	769	Response	1	22484700	3798	1
10108018_1	770	Sound	57	22506659	750	1			260		other	0
10108018_1	770	Response	1	22509419	3509	1
10108018_1	771	Sound	51	22523658	744	1			260		other	0
10108018_1	772	Sound	51	22550157	1068	1			260		other	0
10108018_1	772	Response	1	22553736	4647	1
10108018_1	773	Sound	54	22573655	1059	1			260		other	0
10108018_1	773	Response	1	22576854	4258	3
10108018_1	774	Sound	59	22591154	719	1			260		other	0
10108018_1	774	Response	1	22594613	4179	1
10108018_1	775	Sound	51	22611653	712	1			260		other	0
10108018_1	775	Response	1	22614852	3911	1
10108018_1	776	Sound	54	22633152	705	1			260		other	0
10108018_1	777	Sound	54	22650651	865	1			260		other	0
10108018_1	777	Response	1	22654209	4424	1
10108018_1	778	Sound	58	22677149	689	1			260		other	0
10108018_1	778	Response	1	22681328	4868	1
10108018_1	779	Sound	55	22696148	682	1			260		other	0
10108018_1	779	Response	1	22700047	4581	1
10108018_1	780	Sound	55	22716647	675	1			260		other	0
10108018_1	780	Response	1	22720205	4233	1
10108018_1	781	Sound	50	22734146	835	1			260		other	0
10108018_1	782	Sound	54	22762644	825	1			260		other	0
10108018_1	783	Sound	57	22779143	819	1			260		other	0
10108018_1	783	Response	1	22782442	4118	1
10108018_1	784	Sound	52	22805141	643	1			260		other	0
10108018_1	785	Sound	52	22830640	801	1			260		other	0
10108018_1	786	Sound	55	22849139	628	1			260		other	0
10108018_1	786	Response	1	22853237	4726	1
10108018_1	787	Sound	52	22876137	785	1			260		other	0
10108018_1	788	Sound	59	22893636	778	1			260		other	0
10108018_1	788	Response	1	22896915	4057	1
10108018_1	789	Sound	60	22915135	937	1			260		other	0
10108018_1	789	Response	1	22918113	3916	1
10108018_1	790	Sound	56	22938133	596	1			260		other	0
10108018_1	790	Response	1	22942112	4575	1
10108018_1	791	Sound	55	22962632	754	1			260		other	0
10108018_1	791	Response	1	22966830	4952	1
10108018_1	792	Sound	50	22991630	910	1			260		other	0
10108018_1	793	Sound	50	23016129	1068	1			260		other	0
10108018_1	794	Sound	52	23035627	728	1			260		other	0
10108018_1	794	Response	1	23040825	5925	2
10108018_1	795	Sound	56	23055626	721	1			260		other	0
10108018_1	796	Sound	60	23078125	713	1			260		other	0
10108018_1	796	Response	1	23080823	3411	1
10108018_1	797	Sound	60	23106623	1036	1			260		other	0
10108018_1	797	Response	1	23109862	4274	1
10108018_1	798	Sound	57	23132622	860	1			260		other	0
10108018_1	799	Sound	56	23160120	1017	1			260		other	0
10108018_1	799	Response	1	23164258	5155	1
10108018_1	800	Sound	57	23184619	675	1			260		other	0
10108018_1	800	Response	1	23188257	4313	1
10108018_1	801	Sound	60	23214117	998	1			260		other	0
10108018_1	801	Response	1	23216655	3536	1
10108018_1	802	Sound	53	23237115	656	1			260		other	0
10108018_1	803	Sound	50	23266114	812	1			260		other	0
10108018_1	804	Sound	52	23287112	805	1			260		other	0
10108018_1	805	Sound	58	23308611	964	1			260		other	0
10108018_1	806	Sound	54	23331110	789	1			260		other	0
10108018_1	806	Response	1	23337047	6727	1
10108018_1	807	Sound	59	23359108	779	1			260		other	0
10108018_1	807	Response	1	23362646	4317	1
10108018_1	808	Sound	53	23386606	603	1			260		other	0
10108018_1	808	Response	1	23392324	6321	1
10108018_1	809	Sound	60	23403605	597	1			260		other	0
10108018_1	809	Response	1	23407203	4195	1
10108018_1	810	Sound	51	23420604	591	1			260		other	0
10108018_1	811	Sound	53	23437103	752	1			260		other	0
10108018_1	811	Response	1	23445201	8849	1
10108018_1	813	Response	255	23472959	16021	1
10108018_1	815	Sound	53	23543597	880	1			260		other	0
10108018_1	815	Response	1	23549354	6638	1
10108018_1	816	Sound	57	23565096	706	1			260		other	0
10108018_1	816	Response	1	23568633	4243	2
10108018_1	817	Sound	53	23582595	1033	1			260		other	0
10108018_1	817	Response	1	23586712	5151	1
10108018_1	818	Sound	58	23600593	693	1			260		other	0
10108018_1	818	Response	1	23604231	4331	1
10108018_1	819	Sound	50	23624092	685	1			260		other	0
10108018_1	820	Sound	59	23648091	843	1			260		other	0
10108018_1	820	Response	1	23651348	4101	1
10108018_1	821	Sound	54	23669089	669	1			260		other	0
10108018_1	821	Response	1	23676067	7646	1
10108018_1	822	Sound	60	23694088	994	1			260		other	0
10108018_1	822	Response	1	23697265	4171	1
10108018_1	823	Sound	55	23720086	984	1			260		other	0
10108018_1	823	Response	1	23724544	5442	1
10108018_1	824	Sound	54	23749084	974	1			260		other	0
10108018_1	824	Response	1	23753422	5311	1
10108018_1	825	Sound	52	23774583	798	1			260		other	0
10108018_1	826	Sound	53	23803081	621	1			260		other	0
10108018_1	827	Sound	51	23832079	611	1			260		other	0
10108018_1	828	Sound	59	23856078	602	1			260		other	0
10108018_1	828	Response	1	23860855	5379	1
10108018_1	829	Sound	51	23874577	762	1			260		other	0
10108018_1	830	Sound	52	23896076	755	1			260		other	0
10108018_1	831	Sound	52	23919074	913	1			260		other	0
10108018_1	831	Response	1	23923331	5170	1
10108018_1	832	Sound	55	23937073	907	1			260		other	0
10108018_1	833	Sound	54	23956572	733	1			260		other	0
10108018_1	833	Response	1	23960689	4851	1
10108018_1	834	Sound	50	23977071	893	1			260		other	0
10108018_1	835	Sound	55	23999069	718	1			260		other	0
10108018_1	835	Response	1	24003486	5136	1
10108018_1	836	Sound	57	24027568	875	1			260		other	0
10108018_1	836	Response	1	24032605	5912	1
10108018_1	837	Sound	58	24055566	866	1			260		other	0
10108018_1	837	Response	1	24060283	5583	1
10108018_1	838	Sound	56	24082064	1022	1			260		other	0
10108018_1	838	Response	1	24087401	6359	1
10108018_1	839	Sound	56	24110063	1012	1			260		other	0
10108018_1	839	Response	1	24114040	4989	1
10108018_1	840	Sound	54	24138061	1002	1			260		other	0
10108018_1	840	Response	1	24141158	4099	1
10108018_1	841	Sound	51	24162560	993	1			260		other	0
10108018_1	842	Sound	56	24187058	984	1			260		other	0
10108018_1	842	Response	1	24192435	6361	1
10108018_1	843	Sound	60	24209057	810	1			260		other	0
10108018_1	843	Response	1	24212993	4747	1
10108018_1	844	Sound	57	24234055	801	1			260		other	0
10108018_1	844	Response	1	24238352	5098	1
10108018_1	845	Sound	60	24252054	961	1			260		other	0
10108018_1	845	Response	1	24255391	4298	1
10108018_1	846	Sound	59	24270553	622	1			260		other	0
10108018_1	846	Response	1	24274350	4418	1
10108018_1	847	Sound	56	24298051	611	1			260		other	0
10108018_1	848	Sound	55	24324550	936	1			260		other	0
10108018_1	848	Response	1	24328347	4732	1
10108018_1	849	Sound	50	24348048	594	1			260		other	0
10108018_1	850	Sound	57	24377047	750	1			260		other	0
10108018_1	850	Response	1	24382743	6447	1
10108018_1	851	Sound	58	24404545	574	1			260		other	0
10108018_1	851	Response	1	24408742	4770	1
10108018_1	852	Sound	53	24429043	898	1			260		other	0
10108018_1	853	Sound	52	24448542	725	1			260		other	0
10108018_1	853	Response	1	24453299	5481	1
10108018_1	854	Sound	52	24466541	885	1			260		other	0
10108018_1	854	Response	1	24471858	6201	1
10108018_1	855	Sound	60	24488540	710	1			260		other	0
10108018_1	855	Response	1	24492176	4347	1
10108018_1	856	Sound	59	24517038	700	1			260		other	0
10108018_1	856	Response	1	24521455	5117	1
10108018_1	857	Sound	56	24545536	690	1			260		other	0
10108018_1	857	Response	1	24550253	5406	1
10108018_1	858	Sound	57	24564035	684	1			260		other	0
10108018_1	858	Response	1	24568172	4820	1
10108018_1	859	Sound	51	24580534	844	1			260		other	0
10108018_1	860	Sound	54	24606533	835	1			260		other	0
10108018_1	861	Sound	50	24635531	658	1			260		other	0
10108018_1	862	Sound	53	24664529	814	1			260		other	0
10108018_1	863	Sound	60	24690528	805	1			260		other	0
10108018_1	863	Response	1	24693604	3881	1
10108018_1	864	Sound	59	24710526	965	1			260		other	0
10108018_1	864	Response	1	24714563	5001	1
10108018_1	865	Sound	51	24735525	622	1			260		other	0
10108018_1	866	Sound	58	24762023	946	1			260		other	0
10108018_1	866	Response	1	24766560	5483	1
10108018_1	867	Sound	55	24789022	603	1			260		other	0
10108018_1	868	Sound	50	24806021	597	1			260		other	0
10108018_1	869	Sound	58	24825020	757	1			260		other	0
10108018_1	869	Response	1	24828556	4294	1

The following output port codes were not sent because of a conflict on the port.
Port	Code	Time(ms)
1	253	37896.4
1	253	179408
1	253	303456
1	253	437824
1	253	571177
1	253	707943
1	253	1.09967e+06
1	253	1.23294e+06
1	253	1.36672e+06
1	253	1.51037e+06
1	253	1.63926e+06
1	253	1.77221e+06
1	253	2.08414e+06
1	253	2.21298e+06
1	253	2.3473e+06
1	253	2.4842e+06
