Scenario - 
Logfile written - 10/05/2018 14:51:47

Subject	Trial	Event Type	Code	Time	TTime	Uncertainty	Duration	Uncertainty	ReqTime	ReqDur	Stim Type	Pair Index

10108006	1	Response	255	139352	139019	1
10108006	3	Sound	20	216587	260	1			260		other	0
10108006	3	Response	1	218870	2543	1
10108006	4	Sound	12	236427	260	1			260		other	0
10108006	5	Sound	14	253933	260	1			260		other	0
10108006	6	Sound	17	274273	260	1			260		other	0
10108006	6	Response	1	277829	3816	1
10108006	7	Sound	11	294280	260	1			260		other	0
10108006	8	Sound	20	314287	260	1			260		other	0
10108006	8	Response	1	316549	2522	1
10108006	9	Sound	16	341129	260	1			260		other	0
10108006	9	Response	1	344948	4078	1
10108006	10	Sound	15	362970	260	1			260		other	0
10108006	10	Response	1	365908	3197	1
10108006	11	Sound	15	390646	260	1			260		other	0
10108006	12	Sound	15	414821	260	1			260		other	0
10108006	12	Response	1	418947	4386	1
10108006	13	Sound	10	439011	275	1			260		other	0
10108006	14	Sound	13	456011	269	1			260		other	0
10108006	14	Response	1	459586	3844	1
10108006	15	Sound	20	473841	260	1			260		other	0
10108006	15	Response	1	476226	2644	1
10108006	16	Sound	18	500183	260	1			260		other	0
10108006	16	Response	1	503746	3822	1
10108006	17	Sound	14	527193	260	1			260		other	0
10108006	17	Response	1	531025	4092	2
10108006	18	Sound	17	551868	260	1			260		other	0
10108006	18	Response	1	555505	3896	1
10108006	19	Sound	18	569709	261	1			260		other	0
10108006	19	Response	1	573024	3577	1
10108006	20	Sound	11	590714	260	1			260		other	0
10108006	21	Sound	12	618057	260	1			260		other	0
10108006	22	Sound	18	636897	260	1			260		other	0
10108006	22	Response	1	640063	3426	1
10108006	23	Sound	20	657908	263	1			260		other	0
10108006	23	Response	1	660383	2738	1
10108006	24	Sound	19	676911	260	1			260		other	0
10108006	24	Response	1	680702	4051	1
10108006	25	Sound	15	697751	260	1			260		other	0
10108006	25	Response	1	702782	5291	1
10108006	26	Sound	16	715757	260	1			260		other	0
10108006	26	Response	1	718942	3444	1
10108006	27	Sound	17	732930	260	1			260		other	0
10108006	27	Response	1	736381	3711	1
10108006	28	Sound	16	752770	260	1			260		other	0
10108006	28	Response	1	756461	3951	1
10108006	29	Sound	10	778278	260	1			260		other	0
10108006	30	Sound	16	796118	260	1			260		other	0
10108006	30	Response	1	799260	3402	1
10108006	31	Sound	13	820626	260	1			260		other	0
10108006	31	Response	1	824220	3853	1
10108006	32	Sound	14	838633	260	1			260		other	0
10108006	32	Response	1	842140	3767	1
10108006	33	Sound	20	855805	260	1			260		other	0
10108006	33	Response	1	858059	2514	1
10108006	34	Sound	18	881480	260	1			260		other	0
10108006	34	Response	1	885339	4118	1
10108006	35	Sound	19	908823	260	1			260		other	0
10108006	35	Response	1	911338	2775	1
10108006	36	Sound	11	928830	260	1			260		other	0
10108006	37	Sound	19	950671	260	1			260		other	0
10108006	37	Response	1	953097	2686	2
10108006	38	Sound	10	967676	260	1			260		other	0
10108006	38	Response	1	985657	18240	1
10108006	39	Sound	14	990351	260	1			260		other	0
10108006	40	Sound	10	1005523	260	1			260		other	0
10108006	41	Sound	17	1030531	260	1			260		other	0
10108006	41	Response	1	1034536	4265	1
10108006	42	Sound	19	1052539	260	1			260		other	0
10108006	42	Response	1	1055336	3057	1
10108006	43	Sound	17	1071212	260	1			260		other	0
10108006	43	Response	1	1076535	5583	1
10108006	44	Sound	13	1091901	275	1			260		other	0
10108006	44	Response	1	1113175	21549	1
10108006	45	Sound	14	1117061	260	1			260		other	0
10108006	45	Response	1	1126135	9333	1
10108006	46	Sound	13	1139402	260	1			260		other	0
10108006	46	Response	1	1143174	4032	1
10108006	47	Sound	18	1157241	260	1			260		other	0
10108006	47	Response	1	1160214	3233	1
10108006	48	Sound	19	1176748	260	1			260		other	0
10108006	48	Response	1	1179413	2924	2
10108006	49	Sound	12	1196755	260	1			260		other	0
10108006	49	Response	1	1208453	11958	1
10108006	50	Sound	16	1214761	260	1			260		other	0
10108006	51	Sound	12	1236101	260	1			260		other	0
10108006	51	Response	1	1240773	4931	1
10108006	52	Sound	13	1260777	260	1			260		other	0
10108006	52	Response	1	1264852	4335	1
10108006	53	Sound	11	1277949	260	1			260		other	0
10108006	54	Sound	12	1305797	265	1			260		other	0
10108006	55	Sound	10	1333301	260	1			260		other	0
10108006	56	Sound	15	1358477	260	1			260		other	0
10108006	56	Response	1	1361411	3194	1
10108006	57	Sound	11	1379650	260	1			260		other	0
10108006	59	Response	255	1421250	21272	1
10108006	61	Sound	31	1491522	260	1			260		other	0
10108006	62	Sound	30	1515197	260	1			260		other	0
10108006	63	Sound	35	1531869	260	1			260		other	0
10108006	64	Sound	30	1548208	260	1			260		other	0
10108006	65	Sound	35	1567882	260	1			260		other	0
10108006	66	Sound	34	1583720	260	1			260		other	0
10108006	67	Sound	33	1602893	260	1			260		other	0
10108006	68	Sound	32	1622567	260	1			260		other	0
10108006	69	Sound	38	1650076	260	1			260		other	0
10108006	69	Response	1	1654285	4469	1
10108006	70	Sound	40	1669416	260	1			260		other	0
10108006	70	Response	1	1672045	2889	1
10108006	71	Sound	38	1692591	260	1			260		other	0
10108006	71	Response	1	1696445	4114	1
10108006	72	Sound	37	1713431	260	1			260		other	0
10108006	72	Response	1	1717004	3833	1
10108006	73	Sound	34	1738106	260	1			260		other	0
10108006	73	Response	1	1751324	13477	1
10108006	74	Sound	32	1759290	270	1			260		other	0
10108006	75	Sound	36	1785956	260	1			260		other	0
10108006	75	Response	1	1791083	5387	1
10108006	76	Sound	35	1808797	260	1			260		other	0
10108006	77	Sound	36	1829637	260	1			260		other	0
10108006	77	Response	1	1833882	4504	1
10108006	78	Sound	35	1854813	260	1			260		other	0
10108006	78	Response	1	1858762	4209	1
10108006	79	Sound	37	1880988	260	1			260		other	0
10108006	79	Response	1	1885241	4513	1
10108006	80	Sound	30	1903996	260	1			260		other	0
10108006	81	Sound	31	1923336	260	1			260		other	0
10108006	82	Sound	36	1945844	260	1			260		other	0
10108006	82	Response	1	1949880	4296	1
10108006	83	Sound	34	1966351	260	1			260		other	0
10108006	83	Response	1	1970600	4509	1
10108006	84	Sound	31	1990693	260	1			260		other	0
10108006	85	Sound	32	2007032	260	1			260		other	0
10108006	85	Response	1	2008439	1667	1
10108006	86	Sound	39	2025038	260	1			260		other	0
10108006	86	Response	1	2028279	3501	1
10108006	87	Sound	30	2044544	260	1			260		other	0
10108006	87	Response	1	2052359	8074	1
10108006	88	Sound	40	2071053	260	1			260		other	0
10108006	88	Response	1	2073718	2924	3
10108006	89	Sound	36	2089393	260	1			260		other	0
10108006	89	Response	1	2092998	3865	1
10108006	90	Sound	37	2111567	260	1			260		other	0
10108006	90	Response	1	2115477	4170	1
10108006	91	Sound	38	2131407	260	1			260		other	0
10108006	91	Response	1	2135557	4409	1
10108006	92	Sound	35	2151914	260	1			260		other	0
10108006	92	Response	1	2155477	3822	1
10108006	93	Sound	40	2180257	260	1			260		other	0
10108006	93	Response	1	2182516	2518	1
10108006	94	Sound	39	2199597	260	1			260		other	0
10108006	94	Response	1	2203316	3978	1
10108006	95	Sound	40	2224939	260	1			260		other	0
10108006	95	Response	1	2227315	2636	1
10108006	96	Sound	40	2240783	265	1			260		other	0
10108006	96	Response	1	2243875	3357	1
10108006	97	Sound	34	2265620	260	1			260		other	0
10108006	98	Sound	38	2282459	260	1			260		other	0
10108006	98	Response	1	2286914	4715	1
10108006	99	Sound	30	2301299	260	1			260		other	0
10108006	100	Sound	37	2328141	260	1			260		other	0
10108006	100	Response	1	2331713	3832	1
10108006	101	Sound	33	2350149	260	1			260		other	0
10108006	102	Sound	33	2372656	260	1			260		other	0
10108006	103	Sound	32	2391329	260	1			260		other	0
10108006	104	Sound	36	2415671	260	1			260		other	0
10108006	104	Response	1	2418672	3261	1
10108006	105	Sound	38	2439846	260	1			260		other	0
10108006	105	Response	1	2443392	3805	1
10108006	106	Sound	31	2457852	260	1			260		other	0
10108006	106	Response	1	2462111	4519	1
10108006	107	Sound	31	2486028	260	1			260		other	0
10108006	108	Sound	39	2512538	260	1			260		other	0
10108006	108	Response	1	2516350	4072	1
10108006	109	Sound	32	2540047	260	1			260		other	0
10108006	110	Sound	37	2564722	260	1			260		other	0
10108006	110	Response	1	2568750	4287	1
10108006	111	Sound	39	2582895	260	1			260		other	0
10108006	111	Response	1	2586909	4274	1
10108006	112	Sound	34	2603077	269	1			260		other	0
10108006	113	Sound	39	2621908	260	1			260		other	0
10108006	113	Response	1	2625789	4140	1
10108006	114	Sound	33	2638414	260	1			260		other	0
10108006	115	Sound	33	2664756	260	1			260		other	0
10108006	117	Response	255	2703547	20464	1
10108006	119	Sound	57	2786474	270	1			260		other	0
10108006	119	Response	1	2789386	3181	1
10108006	120	Sound	56	2809306	260	1			260		other	0
10108006	120	Response	1	2812105	3059	1
10108006	121	Sound	60	2831146	260	1			260		other	0
10108006	121	Response	1	2833305	2418	1
10108006	122	Sound	52	2848986	260	1			260		other	0
10108006	123	Sound	56	2876328	260	1			260		other	0
10108006	123	Response	1	2880504	4435	1
10108006	124	Sound	57	2893501	260	1			260		other	0
10108006	124	Response	1	2896424	3183	1
10108006	125	Sound	59	2919843	260	1			260		other	0
10108006	125	Response	1	2923303	3720	1
10108006	126	Sound	55	2941684	260	1			260		other	0
10108006	126	Response	1	2944663	3239	1
10108006	127	Sound	60	2967359	260	1			260		other	0
10108006	127	Response	1	2969142	2043	1
10108006	128	Sound	53	2991371	263	1			260		other	0
10108006	129	Sound	59	3007707	260	1			260		other	0
10108006	129	Response	1	3010662	3215	1
10108006	130	Sound	51	3031548	260	1			260		other	0
10108006	130	Response	1	3037541	6253	1
10108006	131	Sound	59	3052570	275	1			260		other	0
10108006	131	Response	1	3054821	2525	1
10108006	132	Sound	52	3071895	260	1			260		other	0
10108006	132	Response	1	3076820	5186	1
10108006	133	Sound	60	3088901	260	1			260		other	0
10108006	133	Response	1	3091060	2418	2
10108006	134	Sound	52	3110074	260	1			260		other	0
10108006	135	Sound	55	3129081	260	1			260		other	0
10108006	135	Response	1	3132980	4158	1
10108006	136	Sound	50	3154090	260	1			260		other	0
10108006	137	Sound	54	3171768	265	1			260		other	0
10108006	137	Response	1	3176019	4516	1
10108006	138	Sound	54	3196438	260	1			260		other	0
10108006	138	Response	1	3201378	5200	1
10108006	139	Sound	56	3215278	260	1			260		other	0
10108006	139	Response	1	3218178	3160	1
10108006	140	Sound	58	3242787	260	1			260		other	0
10108006	140	Response	1	3246178	3650	1
10108006	141	Sound	56	3264467	265	1			260		other	0
10108006	141	Response	1	3267377	3176	1
10108006	142	Sound	53	3286468	260	1			260		other	0
10108006	143	Sound	59	3302808	260	1			260		other	0
10108006	143	Response	1	3305617	3069	1
10108006	144	Sound	60	3322648	260	1			260		other	0
10108006	144	Response	1	3324816	2428	1
10108006	145	Sound	50	3341321	260	1			260		other	0
10108006	146	Sound	57	3357326	260	1			260		other	0
10108006	146	Response	1	3361696	4629	1
10108006	147	Sound	53	3378500	260	1			260		other	0
10108006	147	Response	1	3381615	3375	1
10108006	148	Sound	52	3398674	260	1			260		other	0
10108006	148	Response	1	3402815	4401	1
10108006	149	Sound	55	3414865	279	1			260		other	0
10108006	149	Response	1	3418335	3749	1
10108006	150	Sound	60	3434853	260	1			260		other	0
10108006	150	Response	1	3436894	2302	1
10108006	151	Sound	52	3461364	262	1			260		other	0
10108006	151	Response	1	3477294	16192	1
10108006	152	Sound	50	3487871	260	1			260		other	0
10108006	153	Sound	54	3507377	260	1			260		other	0
10108006	153	Response	1	3512413	5295	1
10108006	154	Sound	54	3528385	260	1			260		other	0
10108006	155	Sound	51	3546224	260	1			260		other	0
10108006	156	Sound	50	3566731	260	1			260		other	0
10108006	157	Sound	53	3588572	260	1			260		other	0
10108006	157	Response	1	3592651	4339	1
10108006	158	Sound	58	3612413	260	1			260		other	0
10108006	158	Response	1	3616011	3858	1
10108006	159	Sound	55	3635921	260	1			260		other	0
10108006	159	Response	1	3639771	4110	1
10108006	160	Sound	55	3658929	260	1			260		other	0
10108006	160	Response	1	3662090	3421	1
10108006	161	Sound	58	3685272	260	1			260		other	0
10108006	161	Response	1	3686330	1318	1
10108006	162	Sound	51	3702277	260	1			260		other	0
10108006	163	Sound	56	3725285	260	1			260		other	0
10108006	163	Response	1	3730009	4984	1
10108006	164	Sound	51	3745125	260	1			260		other	0
10108006	164	Response	1	3749049	4183	1
10108006	165	Sound	57	3772135	260	1			260		other	0
10108006	165	Response	1	3775448	3574	1
10108006	166	Sound	54	3790474	260	1			260		other	0
10108006	166	Response	1	3794888	4674	1
10108006	167	Sound	58	3807813	260	1			260		other	0
10108006	167	Response	1	3810888	3334	1
10108006	168	Sound	51	3830154	260	1			260		other	0
10108006	169	Sound	58	3856330	260	1			260		other	0
10108006	169	Response	1	3859767	3697	1
10108006	170	Sound	50	3875336	260	1			260		other	0
10108006	171	Sound	59	3899011	260	1			260		other	0
10108006	171	Response	1	3903446	4694	1
10108006	172	Sound	57	3919857	265	1			260		other	0
10108006	172	Response	1	3923606	4014	1
10108006	173	Sound	53	3944027	260	1			260		other	0
10108006	175	Response	255	3981685	19498	1
10108006	177	Sound	59	4057565	260	1			260		other	0
10108006	177	Response	1	4060563	3258	1
10108006	178	Sound	57	4082754	273	1			260		other	0
10108006	178	Response	1	4085683	3202	1
10108006	179	Sound	55	4103581	260	1			260		other	0
10108006	179	Response	1	4108403	5081	1
10108006	180	Sound	52	4121254	260	1			260		other	0
10108006	181	Sound	60	4140094	260	1			260		other	0
10108006	181	Response	1	4142002	2168	1
10108006	182	Sound	50	4165936	260	1			260		other	0
10108006	183	Sound	57	4189277	260	1			260		other	0
10108006	183	Response	1	4192961	3944	1
10108006	184	Sound	58	4208617	260	1			260		other	0
10108006	184	Response	1	4211921	3564	1
10108006	185	Sound	51	4233125	260	1			260		other	0
10108006	186	Sound	51	4259801	260	1			260		other	0
10108006	187	Sound	59	4278308	260	1			260		other	0
10108006	187	Response	1	4281600	3552	1
10108006	188	Sound	56	4299982	260	1			260		other	0
10108006	188	Response	1	4303439	3717	1
10108006	189	Sound	50	4323656	260	1			260		other	0
10108006	190	Sound	56	4340662	260	1			260		other	0
10108006	190	Response	1	4344559	4156	1
10108006	191	Sound	57	4365504	260	1			260		other	0
10108006	191	Response	1	4368558	3314	1
10108006	192	Sound	55	4382849	266	1			260		other	0
10108006	192	Response	1	4386478	3894	1
10108006	193	Sound	58	4405851	260	1			260		other	0
10108006	193	Response	1	4408317	2726	1
10108006	194	Sound	60	4423357	260	1			260		other	0
10108006	194	Response	1	4425597	2500	1
10108006	195	Sound	55	4441030	260	1			260		other	0
10108006	195	Response	1	4445195	4425	3
10108006	196	Sound	57	4461370	260	1			260		other	0
10108006	196	Response	1	4463996	2886	1
10108006	197	Sound	53	4481210	260	1			260		other	0
10108006	197	Response	1	4485196	4245	1
10108006	198	Sound	53	4505385	260	1			260		other	0
10108006	198	Response	1	4509035	3910	1
10108006	198	Response	1	4526955	21830	1
10108006	199	Sound	55	4532394	260	1			260		other	0
10108006	199	Response	1	4538075	5941	1
10108006	200	Sound	56	4550401	260	1			260		other	0
10108006	200	Response	1	4553355	3214	1
10108006	201	Sound	55	4573909	260	1			260		other	0
10108006	201	Response	1	4576714	3066	1
10108006	202	Sound	50	4590748	260	1			260		other	0
10108006	202	Response	1	4606474	15986	1
10108006	203	Sound	52	4611922	260	1			260		other	0
10108006	204	Sound	59	4628094	260	1			260		other	0
10108006	204	Response	1	4631994	4160	1
10108006	205	Sound	51	4650935	260	1			260		other	0
10108006	206	Sound	54	4676610	260	1			260		other	0
10108006	206	Response	1	4683113	6762	1
10108006	207	Sound	53	4700452	260	1			260		other	0
10108006	208	Sound	60	4716457	260	1			260		other	0
10108006	208	Response	1	4718712	2515	1
10108006	209	Sound	58	4735631	260	1			260		other	0
10108006	209	Response	1	4739512	4141	1
10108006	210	Sound	56	4757805	260	1			260		other	0
10108006	210	Response	1	4761751	4206	1
10108006	211	Sound	60	4784480	260	1			260		other	0
10108006	211	Response	1	4786871	2650	1
10108006	212	Sound	52	4811823	260	1			260		other	0
10108006	213	Sound	57	4830996	260	1			260		other	0
10108006	213	Response	1	4836950	6213	1
10108006	214	Sound	58	4847842	266	1			260		other	0
10108006	214	Response	1	4851110	3534	1
10108006	215	Sound	54	4870510	260	1			260		other	0
10108006	216	Sound	53	4894351	260	1			260		other	0
10108006	216	Response	1	4898069	3977	1
10108006	217	Sound	52	4917026	260	1			260		other	0
10108006	217	Response	1	4921268	4502	1
10108006	217	Response	1	4940708	23942	1
10108006	218	Sound	50	4944869	260	1			260		other	0
10108006	219	Sound	51	4970211	260	1			260		other	0
10108006	220	Sound	60	4993719	260	1			260		other	0
10108006	220	Response	1	4995907	2448	1
10108006	221	Sound	59	5023239	270	1			260		other	0
10108006	221	Response	1	5027427	4458	1
10108006	222	Sound	51	5040739	264	1			260		other	0
10108006	223	Sound	53	5062075	260	1			260		other	0
10108006	224	Sound	58	5081415	260	1			260		other	0
10108006	224	Response	1	5084225	3070	1
10108006	225	Sound	52	5100422	260	1			260		other	0
10108006	225	Response	1	5104065	3903	1
10108006	226	Sound	54	5126438	267	1			260		other	0
10108006	226	Response	1	5131585	5414	1
10108006	227	Sound	54	5145771	260	1			260		other	0
10108006	227	Response	1	5150385	4874	1
10108006	228	Sound	56	5168612	260	1			260		other	0
10108006	228	Response	1	5171584	3232	1
10108006	229	Sound	50	5187285	260	1			260		other	0
10108006	229	Response	1	5194944	7919	1
10108006	230	Sound	54	5210626	260	1			260		other	0
10108006	230	Response	1	5215023	4657	1
10108006	231	Sound	59	5229799	260	1			260		other	0
10108006	231	Response	1	5234303	4763	1
10108006	233	Response	255	5272302	20175	1
10108006	234	Response	1	5306382	34051	1
10108006	235	Sound	20	5349173	260	1			260		other	0
10108006	235	Response	1	5351821	2907	1
10108006	236	Sound	19	5365346	260	1			260		other	0
10108006	236	Response	1	5369501	4415	1
10108006	237	Sound	13	5391688	260	1			260		other	0
10108006	238	Sound	17	5413862	260	1			260		other	0
10108006	238	Response	1	5417580	3977	1
10108006	239	Sound	16	5434202	260	1			260		other	0
10108006	239	Response	1	5437179	3237	1
10108006	240	Sound	10	5453876	260	1			260		other	0
10108006	241	Sound	13	5481552	260	1			260		other	0
10108006	241	Response	1	5486379	5086	1
10108006	242	Sound	11	5500558	260	1			260		other	0
10108006	243	Sound	15	5524400	260	1			260		other	0
10108006	243	Response	1	5528538	4398	1
10108006	244	Sound	19	5543240	260	1			260		other	0
10108006	244	Response	1	5546618	3638	1
10108006	245	Sound	15	5558578	260	1			260		other	0
10108006	246	Sound	15	5584931	270	1			260		other	0
10108006	246	Response	1	5589497	4836	1
10108006	247	Sound	16	5607930	262	1			260		other	0
10108006	247	Response	1	5611096	3428	1
10108006	247	Response	1	5631416	23747	1
10108006	248	Sound	10	5632937	260	1			260		other	0
10108006	249	Sound	10	5656779	260	1			260		other	0
10108006	249	Response	1	5667655	11137	1
10108006	250	Sound	17	5679620	260	1			260		other	0
10108006	250	Response	1	5682935	3575	1
10108006	251	Sound	10	5695458	260	1			260		other	0
10108006	251	Response	1	5706535	11336	1
10108006	252	Sound	11	5718300	260	1			260		other	0
10108006	253	Sound	19	5737973	260	1			260		other	0
10108006	253	Response	1	5741334	3621	1
10108006	254	Sound	12	5765982	260	1			260		other	0
10108006	255	Sound	20	5789657	260	1			260		other	0
10108006	255	Response	1	5792213	2816	1
10108006	256	Sound	17	5816333	260	1			260		other	0
10108006	256	Response	1	5824053	7979	1
10108006	257	Sound	11	5840841	260	1			260		other	0
10108006	258	Sound	20	5864183	260	1			260		other	0
10108006	258	Response	1	5866452	2529	1
10108006	259	Sound	16	5892192	260	1			260		other	0
10108006	259	Response	1	5897252	5319	1
10108006	260	Sound	14	5915700	260	1			260		other	0
10108006	260	Response	1	5919331	3891	1
10108006	261	Sound	11	5943376	260	1			260		other	0
10108006	262	Sound	11	5971386	260	1			260		other	0
10108006	262	Response	1	5985970	14844	1
10108006	263	Sound	20	5998229	260	1			260		other	0
10108006	263	Response	1	6000610	2641	1
10108006	264	Sound	20	6024404	260	1			260		other	0
10108006	264	Response	1	6026849	2705	1
10108006	265	Sound	13	6046745	260	1			260		other	0
10108006	266	Sound	12	6072087	260	1			260		other	0
10108006	267	Sound	18	6095762	260	1			260		other	0
10108006	267	Response	1	6100608	5106	1
10108006	268	Sound	15	6121938	260	1			260		other	0
10108006	268	Response	1	6125727	4050	1
10108006	269	Sound	12	6148446	260	1			260		other	0
10108006	270	Sound	19	6167453	260	1			260		other	0
10108006	271	Sound	10	6183625	260	1			260		other	0
10108006	271	Response	1	6183887	521	1
10108006	272	Sound	18	6209634	260	1			260		other	0
10108006	272	Response	1	6213326	3952	1
10108006	273	Sound	18	6224973	260	1			260		other	0
10108006	273	Response	1	6228846	4133	1
10108006	274	Sound	12	6242812	260	1			260		other	0
10108006	274	Response	1	6246765	4213	1
10108006	275	Sound	17	6264820	260	1			260		other	0
10108006	275	Response	1	6267725	3165	1
10108006	275	Response	1	6287165	22605	1
10108006	276	Sound	13	6288995	260	1			260		other	0
10108006	277	Sound	18	6313336	260	1			260		other	0
10108006	277	Response	1	6316684	3608	1
10108006	278	Sound	14	6339011	260	1			260		other	0
10108006	278	Response	1	6340924	2172	1
10108006	279	Sound	16	6359852	260	1			260		other	0
10108006	279	Response	1	6362763	3171	1
10108006	280	Sound	18	6384194	260	1			260		other	0
10108006	280	Response	1	6387243	3309	1
10108006	281	Sound	14	6405868	260	1			260		other	0
10108006	281	Response	1	6409083	3474	1
10108006	282	Sound	15	6424541	260	1			260		other	0
10108006	282	Response	1	6428122	3841	1
10108006	283	Sound	12	6444381	260	1			260		other	0
10108006	283	Response	1	6446442	2321	1
10108006	284	Sound	14	6465055	260	1			260		other	0
10108006	284	Response	1	6467882	3087	1
10108006	285	Sound	13	6488896	260	1			260		other	0
10108006	286	Sound	16	6506069	260	1			260		other	0
10108006	286	Response	1	6509801	3992	1
10108006	287	Sound	19	6529577	260	1			260		other	0
10108006	287	Response	1	6532760	3444	1
10108006	288	Sound	17	6545249	260	1			260		other	0
10108006	288	Response	1	6549160	4171	1
10108006	289	Sound	14	6571091	260	1			260		other	0
10108006	289	Response	1	6574920	4089	1
10108006	291	Response	255	6705077	115327	1
10108006	293	Sound	30	6781496	260	1			260		other	0
10108006	294	Sound	40	6807838	260	1			260		other	0
10108006	294	Response	1	6810595	3017	1
10108006	295	Sound	37	6830846	260	1			260		other	0
10108006	295	Response	1	6835075	4488	1
10108006	296	Sound	35	6850520	260	1			260		other	0
10108006	296	Response	1	6855635	5375	1
10108006	297	Sound	34	6866525	260	1			260		other	0
10108006	297	Response	1	6870275	4009	1
10108006	298	Sound	32	6892201	260	1			260		other	0
10108006	299	Sound	35	6916376	260	1			260		other	0
10108006	300	Sound	40	6938050	260	1			260		other	0
10108006	300	Response	1	6940113	2323	1
10108006	301	Sound	31	6963558	260	1			260		other	0
10108006	302	Sound	33	6983909	270	1			260		other	0
10108006	302	Response	1	6987953	4314	1
10108006	303	Sound	31	7010408	261	1			260		other	0
10108006	304	Sound	38	7032748	260	1			260		other	0
10108006	305	Sound	40	7053256	260	1			260		other	0
10108006	305	Response	1	7055951	2955	1
10108006	306	Sound	30	7081265	260	1			260		other	0
10108006	307	Sound	37	7099607	262	1			260		other	0
10108006	307	Response	1	7103791	4445	1
10108006	308	Sound	37	7115944	260	1			260		other	0
10108006	308	Response	1	7121470	5786	1
10108006	309	Sound	31	7136784	260	1			260		other	0
10108006	310	Sound	32	7152790	260	1			260		other	0
10108006	311	Sound	38	7176631	260	1			260		other	0
10108006	312	Sound	39	7196972	260	1			260		other	0
10108006	312	Response	1	7200749	4037	1
10108006	313	Sound	36	7223647	260	1			260		other	0
10108006	313	Response	1	7227628	4241	1
10108006	314	Sound	34	7250156	260	1			260		other	0
10108006	314	Response	1	7254748	4851	1
10108006	315	Sound	39	7276004	266	1			260		other	0
10108006	315	Response	1	7279627	3889	1
10108006	316	Sound	31	7296672	260	1			260		other	0
10108006	317	Sound	33	7314178	260	1			260		other	0
10108006	317	Response	1	7318507	4588	1
10108006	318	Sound	32	7338703	277	1			260		other	0
10108006	319	Sound	33	7360027	260	1			260		other	0
10108006	320	Sound	39	7380868	260	1			260		other	0
10108006	320	Response	1	7384906	4298	1
10108006	321	Sound	30	7403709	260	1			260		other	0
10108006	322	Sound	34	7430718	260	1			260		other	0
10108006	322	Response	1	7434505	4046	1
10108006	323	Sound	40	7455893	260	1			260		other	0
10108006	323	Response	1	7458344	2711	1
10108006	324	Sound	34	7479401	260	1			260		other	0
10108006	325	Sound	36	7495407	260	1			260		other	0
10108006	325	Response	1	7499143	3996	1
10108006	326	Sound	40	7516247	260	1			260		other	0
10108006	326	Response	1	7519063	3076	1
10108006	327	Sound	38	7542256	260	1			260		other	0
10108006	327	Response	1	7547223	5226	1
10108006	328	Sound	36	7564764	260	1			260		other	0
10108006	328	Response	1	7568822	4318	1
10108006	329	Sound	38	7586104	260	1			260		other	0
10108006	329	Response	1	7590022	4177	1
10108006	330	Sound	38	7612280	260	1			260		other	0
10108006	330	Response	1	7616022	4002	1
10108006	331	Sound	33	7636299	270	1			260		other	0
10108006	332	Sound	33	7652960	260	1			260		other	0
10108006	333	Sound	35	7670133	260	1			260		other	0
10108006	334	Sound	30	7689140	260	1			260		other	0
10108006	335	Sound	30	7713815	260	1			260		other	0
10108006	336	Sound	36	7738490	260	1			260		other	0
10108006	336	Response	1	7742979	4749	1
10108006	337	Sound	39	7766332	260	1			260		other	0
10108006	337	Response	1	7770259	4186	1
10108006	338	Sound	35	7782671	260	1			260		other	0
10108006	339	Sound	37	7810514	260	1			260		other	0
10108006	339	Response	1	7815938	5684	1
10108006	340	Sound	35	7827687	260	1			260		other	0
10108006	340	Response	1	7832338	4910	1
10108006	341	Sound	31	7854529	260	1			260		other	0
10108006	342	Sound	32	7874036	260	1			260		other	0
10108006	343	Sound	34	7902713	260	1			260		other	0
10108006	343	Response	1	7906976	4523	1
10108006	344	Sound	39	7926721	260	1			260		other	0
10108006	344	Response	1	7930416	3955	1
10108006	345	Sound	36	7954230	260	1			260		other	0
10108006	345	Response	1	7959456	5485	1
10108006	346	Sound	32	7973070	260	1			260		other	0
10108006	346	Response	1	7977135	4325	1
10108006	347	Sound	37	7994577	260	1			260		other	0
10108006	347	Response	1	7998335	4017	1
10108006	349	Response	255	8044174	24768	1
10108006	351	Sound	20	8127791	261	1			260		other	0
10108006	351	Response	1	8130252	2723	1
10108006	352	Sound	18	8151131	260	1			260		other	0
10108006	353	Sound	10	8167803	260	1			260		other	0
10108006	354	Sound	14	8194646	260	1			260		other	0
10108006	354	Response	1	8199051	4665	1
10108006	355	Sound	18	8219654	260	1			260		other	0
10108006	355	Response	1	8222491	3097	1
10108006	356	Sound	13	8240495	260	1			260		other	0
10108006	357	Sound	17	8257334	260	1			260		other	0
10108006	357	Response	1	8261370	4296	1
10108006	358	Sound	11	8278007	260	1			260		other	0
10108006	358	Response	1	8282730	4982	1
10108006	359	Sound	12	8302016	260	1			260		other	0
10108006	359	Response	1	8306089	4333	1
10108006	360	Sound	20	8330025	260	1			260		other	0
10108006	360	Response	1	8332729	2963	1
10108006	361	Sound	20	8350032	260	1			260		other	0
10108006	361	Response	1	8353049	3276	1
10108006	362	Sound	16	8377387	272	1			260		other	0
10108006	363	Sound	13	8405384	260	1			260		other	0
10108006	364	Sound	19	8429226	260	1			260		other	0
10108006	364	Response	1	8433047	4081	1
10108006	365	Sound	17	8446065	260	1			260		other	0
10108006	365	Response	1	8450087	4282	1
10108006	366	Sound	11	8461570	260	1			260		other	0
10108006	367	Sound	15	8481586	268	1			260		other	0
10108006	367	Response	1	8485286	3969	1
10108006	368	Sound	11	8504251	260	1			260		other	0
10108006	369	Sound	15	8527426	260	1			260		other	0
10108006	369	Response	1	8530886	3719	1
10108006	370	Sound	10	8551934	260	1			260		other	0
10108006	371	Sound	15	8574775	260	1			260		other	0
10108006	371	Response	1	8578565	4049	1
10108006	372	Sound	19	8591114	260	1			260		other	0
10108006	372	Response	1	8594485	3630	1
10108006	373	Sound	11	8607620	260	1			260		other	0
10108006	374	Sound	16	8630795	260	1			260		other	0
10108006	374	Response	1	8633764	3229	1
10108006	375	Sound	19	8657483	272	1			260		other	0
10108006	375	Response	1	8659603	2392	1
10108006	376	Sound	11	8679811	260	1			260		other	0
10108006	377	Sound	18	8695984	260	1			260		other	0
10108006	377	Response	1	8698882	3159	1
10108006	378	Sound	16	8713323	260	1			260		other	0
10108006	378	Response	1	8717922	4859	1
10108006	379	Sound	16	8732163	260	1			260		other	0
10108006	379	Response	1	8735122	3219	1
10108006	380	Sound	17	8757505	260	1			260		other	0
10108006	380	Response	1	8757841	597	1
10108006	381	Sound	17	8779012	260	1			260		other	0
10108006	381	Response	1	8781921	3169	1
10108006	382	Sound	12	8806688	260	1			260		other	0
10108006	383	Sound	15	8831030	260	1			260		other	0
10108006	383	Response	1	8834960	4190	1
10108006	384	Sound	13	8857539	260	1			260		other	0
10108006	384	Response	1	8870400	13121	1
10108006	385	Sound	12	8878213	260	1			260		other	0
10108006	385	Response	1	8882159	4206	1
10108006	386	Sound	19	8905889	260	1			260		other	0
10108006	386	Response	1	8909039	3410	1
10108006	387	Sound	14	8931579	274	1			260		other	0
10108006	387	Response	1	8935679	4374	1
10108006	388	Sound	10	8955078	266	1			260		other	0
10108006	388	Response	1	8956478	1666	1
10108006	389	Sound	17	8976413	260	1			260		other	0
10108006	389	Response	1	8979838	3685	1
10108006	390	Sound	18	8997753	260	1			260		other	0
10108006	390	Response	1	9001917	4424	1
10108006	391	Sound	12	9023429	260	1			260		other	0
10108006	391	Response	1	9026797	3628	2
10108006	392	Sound	20	9047437	260	1			260		other	0
10108006	392	Response	1	9051276	4099	1
10108006	393	Sound	14	9063609	260	1			260		other	0
10108006	393	Response	1	9073516	10167	1
10108006	394	Sound	10	9085950	260	1			260		other	0
10108006	395	Sound	16	9103290	260	1			260		other	0
10108006	396	Sound	13	9126297	260	1			260		other	0
10108006	397	Sound	19	9145304	260	1			260		other	0
10108006	397	Response	1	9148475	3431	1
10108006	398	Sound	15	9169812	260	1			260		other	0
10108006	398	Response	1	9173354	3802	1
10108006	399	Sound	13	9193987	260	1			260		other	0
10108006	399	Response	1	9199594	5867	1
10108006	400	Sound	18	9212674	274	1			260		other	0
10108006	401	Sound	10	9239174	264	1			260		other	0
10108006	402	Sound	12	9256675	260	1			260		other	0
10108006	403	Sound	14	9284351	260	1			260		other	0
10108006	404	Sound	14	9312361	260	1			260		other	0
10108006	405	Sound	20	9332372	264	1			260		other	0
10108006	405	Response	1	9334552	2444	1
10108006	407	Response	255	9374791	22596	1
10108006	409	Sound	38	9446073	260	1			260		other	0
10108006	409	Response	1	9449670	3856	1
10108006	410	Sound	39	9473916	260	1			260		other	0
10108006	410	Response	1	9478549	4893	1
10108006	411	Sound	31	9498424	260	1			260		other	0
10108006	412	Sound	31	9517931	260	1			260		other	0
10108006	413	Sound	33	9541939	260	1			260		other	0
10108006	414	Sound	33	9568615	260	1			260		other	0
10108006	415	Sound	35	9593957	260	1			260		other	0
10108006	416	Sound	38	9616798	260	1			260		other	0
10108006	416	Response	1	9621586	5048	1
10108006	417	Sound	37	9633137	260	1			260		other	0
10108006	417	Response	1	9637106	4229	1
10108006	418	Sound	30	9649809	260	1			260		other	0
10108006	419	Sound	32	9670483	260	1			260		other	0
10108006	420	Sound	39	9694324	260	1			260		other	0
10108006	420	Response	1	9698545	4480	2
10108006	421	Sound	35	9713998	260	1			260		other	0
10108006	422	Sound	34	9738006	260	1			260		other	0
10108006	423	Sound	36	9758513	260	1			260		other	0
10108006	423	Response	1	9762544	4290	1
10108006	424	Sound	40	9781021	260	1			260		other	0
10108006	424	Response	1	9783904	3143	1
10108006	425	Sound	32	9797360	260	1			260		other	0
10108006	426	Sound	40	9815866	260	1			260		other	0
10108006	426	Response	1	9818463	2857	1
10108006	427	Sound	34	9841375	260	1			260		other	0
10108006	427	Response	1	9845983	4868	1
10108006	428	Sound	35	9858214	260	1			260		other	0
10108006	428	Response	1	9863022	5068	1
10108006	429	Sound	31	9883064	268	1			260		other	0
10108006	430	Sound	30	9903396	260	1			260		other	0
10108006	431	Sound	40	9926571	260	1			260		other	0
10108006	431	Response	1	9929021	2710	1
10108006	432	Sound	38	9946577	260	1			260		other	0
10108006	433	Sound	33	9973587	260	1			260		other	0
10108006	433	Response	1	9977900	4573	1
10108006	434	Sound	34	9991762	262	1			260		other	0
10108006	434	Response	1	9996460	4960	1
10108006	435	Sound	40	10011933	260	1			260		other	0
10108006	435	Response	1	10014860	3186	1
10108006	436	Sound	30	10035775	260	1			260		other	0
10108006	437	Sound	38	10052614	260	1			260		other	0
10108006	437	Response	1	10057419	5065	1
10108006	438	Sound	34	10072787	260	1			260		other	0
10108006	438	Response	1	10077339	4811	1
10108006	439	Sound	39	10089793	260	1			260		other	0
10108006	439	Response	1	10093658	4125	1
10108006	440	Sound	32	10107299	260	1			260		other	0
10108006	441	Sound	31	10124472	260	1			260		other	0
10108006	442	Sound	36	10142811	260	1			260		other	0
10108006	442	Response	1	10147177	4626	1
10108006	443	Sound	39	10168820	260	1			260		other	0
10108006	443	Response	1	10172777	4217	1
10108006	444	Sound	37	10186660	260	1			260		other	0
10108006	444	Response	1	10191577	5177	1
10108006	445	Sound	30	10208167	260	1			260		other	0
10108006	446	Sound	31	10235676	260	1			260		other	0
10108006	447	Sound	39	10256517	260	1			260		other	0
10108006	447	Response	1	10261895	5639	1
10108006	448	Sound	36	10280858	260	1			260		other	0
10108006	448	Response	1	10284615	4016	1
10108006	449	Sound	36	10297864	260	1			260		other	0
10108006	449	Response	1	10302775	5170	1
10108006	450	Sound	35	10324373	260	1			260		other	0
10108006	450	Response	1	10328774	4661	1
10108006	451	Sound	34	10352383	260	1			260		other	0
10108006	451	Response	1	10356934	4811	1
10108006	452	Sound	30	10377891	260	1			260		other	0
10108006	453	Sound	37	10402567	260	1			260		other	0
10108006	453	Response	1	10408293	5986	1
10108006	454	Sound	32	10419572	260	1			260		other	0
10108006	455	Sound	38	10440746	260	1			260		other	0
10108006	456	Sound	37	10469089	260	1			260		other	0
10108006	456	Response	1	10473571	4742	1
10108006	457	Sound	33	10491430	260	1			260		other	0
10108006	458	Sound	40	10516772	260	1			260		other	0
10108006	458	Response	1	10519491	2978	1
10108006	459	Sound	36	10543115	260	1			260		other	0
10108006	460	Sound	32	10563288	260	1			260		other	0
10108006	461	Sound	35	10586463	260	1			260		other	0
10108006	461	Response	1	10593330	7127	1
10108006	462	Sound	33	10603653	277	1			260		other	0
10108006	462	Response	1	10607489	4114	1
10108006	463	Sound	37	10622308	260	1			260		other	0
10108006	463	Response	1	10641329	19280	1
10108006	465	Response	255	10662288	11483	2
10108006	467	Sound	35	10731012	260	1			260		other	0
10108006	467	Response	1	10736367	5614	1
10108006	468	Sound	30	10753020	260	1			260		other	0
10108006	469	Sound	40	10777528	260	1			260		other	0
10108006	469	Response	1	10782046	4778	1
10108006	470	Sound	37	10800369	260	1			260		other	0
10108006	471	Sound	36	10819549	266	1			260		other	0
10108006	472	Sound	36	10838549	260	1			260		other	0
10108006	472	Response	1	10842765	4476	1
10108006	473	Sound	34	10859056	260	1			260		other	0
10108006	473	Response	1	10862605	3809	1
10108006	474	Sound	30	10876895	260	1			260		other	0
10108006	475	Sound	33	10904405	260	1			260		other	0
10108006	475	Response	1	10919644	15499	1
10108006	476	Sound	39	10923748	263	1			260		other	0
10108006	477	Sound	34	10952421	260	1			260		other	0
10108006	477	Response	1	10956603	4442	1
10108006	478	Sound	40	10974595	260	1			260		other	0
10108006	478	Response	1	10977323	2987	1
10108006	479	Sound	35	11001104	260	1			260		other	0
10108006	480	Sound	34	11027113	260	1			260		other	0
10108006	481	Sound	38	11046620	260	1			260		other	0
10108006	481	Response	1	11051561	5201	1
10108006	482	Sound	33	11068127	260	1			260		other	0
10108006	483	Sound	35	11085133	260	1			260		other	0
10108006	483	Response	1	11090921	6048	1
10108006	484	Sound	37	11101806	260	1			260		other	0
10108006	484	Response	1	11106681	5135	1
10108006	485	Sound	30	11125814	260	1			260		other	0
10108006	486	Sound	32	11154157	260	1			260		other	0
10108006	486	Response	1	11159320	5423	1
10108006	487	Sound	35	11170329	260	1			260		other	0
10108006	487	Response	1	11174599	4530	1
10108006	488	Sound	33	11194170	260	1			260		other	0
10108006	489	Sound	31	11220513	260	1			260		other	0
10108006	490	Sound	40	11247355	260	1			260		other	0
10108006	490	Response	1	11250598	3503	1
10108006	491	Sound	39	11270363	260	1			260		other	0
10108006	491	Response	1	11274198	4095	1
10108006	492	Sound	36	11288202	260	1			260		other	0
10108006	492	Response	1	11292517	4575	1
10108006	493	Sound	38	11314211	260	1			260		other	0
10108006	493	Response	1	11318997	5045	1
10108006	494	Sound	39	11335219	260	1			260		other	0
10108006	494	Response	1	11342756	7797	2
10108006	495	Sound	36	11362895	260	1			260		other	0
10108006	495	Response	1	11368116	5481	1
10108006	496	Sound	33	11388403	260	1			260		other	0
10108006	497	Sound	32	11415246	260	1			260		other	0
10108006	498	Sound	37	11431418	260	1			260		other	0
10108006	498	Response	1	11436515	5356	1
10108006	499	Sound	37	11450591	260	1			260		other	0
10108006	499	Response	1	11455715	5383	1
10108006	500	Sound	34	11477267	260	1			260		other	0
10108006	501	Sound	38	11504443	260	1			260		other	0
10108006	501	Response	1	11510114	5930	1
10108006	502	Sound	35	11521949	260	1			260		other	0
10108006	503	Sound	31	11539455	260	1			260		other	0
10108006	504	Sound	30	11564964	260	1			260		other	0
10108006	504	Response	1	11567152	2448	1
10108006	505	Sound	32	11582970	260	1			260		other	0
10108006	506	Sound	40	11605978	260	1			260		other	0
10108006	506	Response	1	11608432	2714	1
10108006	507	Sound	36	11625337	279	1			260		other	0
10108006	508	Sound	31	11642657	260	1			260		other	0
10108006	508	Response	1	11646671	4274	1
10108006	509	Sound	34	11666665	260	1			260		other	0
10108006	510	Sound	38	11689339	260	1			260		other	0
10108006	511	Sound	40	11712681	260	1			260		other	0
10108006	511	Response	1	11715230	2809	1
10108006	512	Sound	33	11735522	260	1			260		other	0
10108006	513	Sound	37	11753035	266	1			260		other	0
10108006	513	Response	1	11757389	4621	1
10108006	514	Sound	30	11775702	260	1			260		other	0
10108006	515	Sound	38	11803379	260	1			260		other	0
10108006	515	Response	1	11809628	6510	1
10108006	516	Sound	31	11824386	260	1			260		other	0
10108006	517	Sound	32	11852562	260	1			260		other	0
10108006	518	Sound	39	11871735	260	1			260		other	0
10108006	518	Response	1	11875787	4312	1
10108006	519	Sound	39	11897411	260	1			260		other	0
10108006	519	Response	1	11901387	4236	1
10108006	520	Sound	31	11917418	260	1			260		other	0
10108006	521	Sound	32	11938932	267	1			260		other	0
10108006	523	Response	255	12335219	367798	1
10108006	525	Sound	58	12407252	260	1			260		other	0
10108006	525	Response	1	12410818	3826	1
10108006	526	Sound	54	12428592	260	1			260		other	0
10108006	527	Sound	56	12452434	260	1			260		other	0
10108006	528	Sound	50	12468939	260	1			260		other	0
10108006	529	Sound	50	12494781	260	1			260		other	0
10108006	529	Response	1	12496416	1895	1
10108006	530	Sound	52	12514123	261	1			260		other	0
10108006	531	Sound	54	12534628	260	1			260		other	0
10108006	531	Response	1	12537456	3087	1
10108006	532	Sound	53	12558303	260	1			260		other	0
10108006	532	Response	1	12561935	3892	1
10108006	533	Sound	58	12580644	260	1			260		other	0
10108006	533	Response	1	12583615	3231	1
10108006	534	Sound	55	12608487	260	1			260		other	0
10108006	534	Response	1	12611294	3067	1
10108006	535	Sound	57	12634662	260	1			260		other	0
10108006	535	Response	1	12637294	2891	1
10108006	536	Sound	51	12656670	260	1			260		other	0
10108006	537	Sound	51	12684680	260	1			260		other	0
10108006	538	Sound	53	12701520	261	1			260		other	0
10108006	538	Response	1	12705053	3794	1
10108006	539	Sound	58	12726194	260	1			260		other	0
10108006	539	Response	1	12728652	2718	1
10108006	540	Sound	59	12752203	260	1			260		other	0
10108006	540	Response	1	12755292	3349	1
10108006	541	Sound	50	12769042	260	1			260		other	0
10108006	542	Sound	58	12788048	260	1			260		other	0
10108006	542	Response	1	12790891	3103	1
10108006	543	Sound	54	12810723	260	1			260		other	0
10108006	543	Response	1	12815131	4668	1
10108006	544	Sound	52	12833064	260	1			260		other	0
10108006	545	Sound	53	12853404	260	1			260		other	0
10108006	545	Response	1	12857290	4146	1
10108006	546	Sound	56	12869410	260	1			260		other	0
10108006	546	Response	1	12873290	4140	1
10108006	547	Sound	54	12886417	261	1			260		other	0
10108006	547	Response	1	12888969	2814	1
10108006	548	Sound	55	12903921	260	1			260		other	0
10108006	548	Response	1	12906489	2828	1
10108006	549	Sound	59	12929263	260	1			260		other	0
10108006	549	Response	1	12932009	3005	1
10108006	550	Sound	57	12946436	260	1			260		other	0
10108006	550	Response	1	12949049	2873	1
10108006	550	Response	1	12965688	19512	1
10108006	551	Sound	55	12968276	260	1			260		other	0
10108006	552	Sound	52	12996453	260	1			260		other	0
10108006	552	Response	1	13001288	5095	1
10108006	552	Response	1	13001928	5735	1
10108006	553	Sound	56	13013625	260	1			260		other	0
10108006	553	Response	1	13018487	5122	1
10108006	554	Sound	60	13037467	260	1			260		other	0
10108006	554	Response	1	13039927	2720	1
10108006	555	Sound	60	13061975	260	1			260		other	0
10108006	555	Response	1	13064167	2451	1
10108006	556	Sound	58	13088651	260	1			260		other	0
10108006	556	Response	1	13092326	3935	1
10108006	557	Sound	60	13105824	260	1			260		other	0
10108006	557	Response	1	13108086	2522	1
10108006	558	Sound	53	13121996	260	1			260		other	0
10108006	558	Response	1	13126246	4510	1
10108006	558	Response	1	13146565	24829	1
10108006	559	Sound	54	13149338	260	1			260		other	0
10108006	560	Sound	57	13168345	260	1			260		other	0
10108006	560	Response	1	13170805	2720	1
10108006	561	Sound	52	13186851	260	1			260		other	0
10108006	561	Response	1	13192164	5573	1
10108006	562	Sound	59	13211693	260	1			260		other	0
10108006	562	Response	1	13214004	2571	1
10108006	563	Sound	50	13237535	260	1			260		other	0
10108006	564	Sound	57	13263878	260	1			260		other	0
10108006	564	Response	1	13267123	3505	1
10108006	565	Sound	51	13282550	260	1			260		other	0
10108006	565	Response	1	13285283	2992	1
10108006	565	Response	1	13300562	18272	1
10108006	566	Sound	51	13305058	260	1			260		other	0
10108006	566	Response	1	13318242	13443	2
10108006	567	Sound	59	13322910	272	1			260		other	0
10108006	568	Sound	56	13341571	260	1			260		other	0
10108006	568	Response	1	13344482	3171	1
10108006	569	Sound	55	13361244	260	1			260		other	0
10108006	569	Response	1	13365201	4217	1
10108006	570	Sound	53	13386586	260	1			260		other	0
10108006	570	Response	1	13387521	1195	1
10108006	570	Response	1	13406961	20634	1
10108006	571	Sound	57	13410260	260	1			260		other	0
10108006	572	Sound	55	13438604	260	1			260		other	0
10108006	572	Response	1	13441680	3336	1
10108006	573	Sound	60	13455943	260	1			260		other	0
10108006	573	Response	1	13458480	2796	1
10108006	574	Sound	52	13477117	260	1			260		other	0
10108006	574	Response	1	13480559	3702	1
10108006	574	Response	1	13492559	15702	1
10108006	575	Sound	60	13504460	260	1			260		other	0
10108006	575	Response	1	13506719	2519	1
10108006	576	Sound	50	13520632	260	1			260		other	0
10108006	577	Sound	56	13543473	260	1			260		other	0
10108006	577	Response	1	13548238	5025	1
10108006	578	Sound	51	13566981	260	1			260		other	0
10108006	579	Sound	59	13591323	260	1			260		other	0
10108006	579	Response	1	13593517	2454	1
10108006	581	Response	255	13657516	37697	1
10108006	583	Sound	40	13722034	260	1			260		other	0
10108006	583	Response	1	13724555	2781	1
10108006	584	Sound	38	13749543	260	1			260		other	0
10108006	584	Response	1	13753835	4551	1
10108006	585	Sound	38	13774719	260	1			260		other	0
10108006	585	Response	1	13778714	4255	1
10108006	586	Sound	40	13793225	260	1			260		other	0
10108006	586	Response	1	13795754	2789	1
10108006	587	Sound	38	13821902	261	1			260		other	0
10108006	587	Response	1	13825913	4272	1
10108006	588	Sound	32	13840241	260	1			260		other	0
10108006	589	Sound	40	13864749	260	1			260		other	0
10108006	589	Response	1	13867433	2944	1
10108006	590	Sound	34	13889091	260	1			260		other	0
10108006	591	Sound	35	13913766	260	1			260		other	0
10108006	591	Response	1	13917912	4405	1
10108006	592	Sound	33	13933106	260	1			260		other	0
10108006	593	Sound	39	13951612	260	1			260		other	0
10108006	593	Response	1	13955671	4318	1
10108006	594	Sound	32	13972300	274	1			260		other	0
10108006	595	Sound	36	13999462	260	1			260		other	0
10108006	596	Sound	36	14020302	260	1			260		other	0
10108006	596	Response	1	14025110	5067	1
10108006	596	Response	1	14037990	17947	1
10108006	597	Sound	39	14043310	260	1			260		other	0
10108006	597	Response	1	14047669	4619	1
10108006	598	Sound	39	14069319	260	1			260		other	0
10108006	598	Response	1	14072949	3889	1
10108006	599	Sound	31	14095662	260	1			260		other	0
10108006	600	Sound	31	14112834	260	1			260		other	0
10108006	601	Sound	38	14136009	260	1			260		other	0
10108006	601	Response	1	14140228	4479	1
10108006	602	Sound	32	14164685	260	1			260		other	0
10108006	603	Sound	39	14182024	260	1			260		other	0
10108006	603	Response	1	14186547	4782	1
10108006	604	Sound	33	14206866	260	1			260		other	0
10108006	605	Sound	40	14224706	260	1			260		other	0
10108006	605	Response	1	14227026	2580	1
10108006	606	Sound	30	14244879	260	1			260		other	0
10108006	607	Sound	33	14270055	260	1			260		other	0
10108006	608	Sound	40	14287895	261	1			260		other	0
10108006	608	Response	1	14291665	4031	1
10108006	609	Sound	31	14316237	260	1			260		other	0
10108006	610	Sound	32	14343913	260	1			260		other	0
10108006	611	Sound	34	14368094	266	1			260		other	0
10108006	611	Response	1	14373104	5275	1
10108006	612	Sound	31	14396431	260	1			260		other	0
10108006	613	Sound	37	14424274	260	1			260		other	0
10108006	613	Response	1	14426863	2849	1
10108006	614	Sound	37	14441293	273	1			260		other	0
10108006	614	Response	1	14445902	4883	1
10108006	615	Sound	35	14464955	260	1			260		other	0
10108006	616	Sound	32	14482961	260	1			260		other	0
10108006	617	Sound	36	14503801	260	1			260		other	0
10108006	617	Response	1	14508381	4840	1
10108006	618	Sound	34	14532144	260	1			260		other	0
10108006	619	Sound	35	14558320	260	1			260		other	0
10108006	619	Response	1	14562940	4881	1
10108006	620	Sound	30	14580661	260	1			260		other	0
10108006	621	Sound	34	14608170	260	1			260		other	0
10108006	622	Sound	37	14634846	260	1			260		other	0
10108006	622	Response	1	14639019	4433	1
10108006	623	Sound	38	14662022	260	1			260		other	0
10108006	623	Response	1	14666059	4297	1
10108006	624	Sound	30	14682862	260	1			260		other	0
10108006	625	Sound	37	14706037	260	1			260		other	0
10108006	625	Response	1	14711498	5721	1
10108006	626	Sound	36	14732046	260	1			260		other	0
10108006	627	Sound	30	14749718	260	1			260		other	0
10108006	628	Sound	36	14765557	260	1			260		other	0
10108006	629	Sound	33	14782229	260	1			260		other	0
10108006	630	Sound	30	14810906	260	1			260		other	0
10108006	631	Sound	33	14837087	265	1			260		other	0
10108006	632	Sound	37	14860423	260	1			260		other	0
10108006	632	Response	1	14863975	3812	1
10108006	633	Sound	39	14888599	260	1			260		other	0
10108006	633	Response	1	14892375	4035	1
10108006	634	Sound	35	14915285	270	1			260		other	0
10108006	634	Response	1	14922134	7119	1
10108006	635	Sound	31	14942285	261	1			260		other	0
10108006	636	Sound	35	14960457	260	1			260		other	0
10108006	637	Sound	34	14982465	260	1			260		other	0
10108006	639	Response	1	15012933	2472	1
10108006	639	Response	255	15069332	58871	1
10108006	641	Sound	54	15133349	260	1			260		other	0
10108006	642	Sound	60	15157024	260	1			260		other	0
10108006	642	Response	1	15159090	2326	1
10108006	643	Sound	60	15176197	260	1			260		other	0
10108006	643	Response	1	15178370	2432	1
10108006	644	Sound	58	15202707	260	1			260		other	0
10108006	644	Response	1	15205169	2722	1
10108006	645	Sound	51	15226048	260	1			260		other	0
10108006	646	Sound	56	15254224	260	1			260		other	0
10108006	646	Response	1	15258928	4964	1
10108006	647	Sound	57	15278899	260	1			260		other	0
10108006	647	Response	1	15281888	3248	1
10108006	647	Response	1	15301567	22928	1
10108006	648	Sound	55	15302579	265	1			260		other	0
10108006	649	Sound	55	15326415	260	1			260		other	0
10108006	649	Response	1	15330127	3971	1
10108006	650	Sound	58	15345422	260	1			260		other	0
10108006	650	Response	1	15348287	3124	1
10108006	650	Response	1	15365966	20804	1
10108006	651	Sound	54	15372431	260	1			260		other	0
10108006	651	Response	1	15376046	3875	1
10108006	652	Sound	56	15397106	260	1			260		other	0
10108006	652	Response	1	15400286	3440	1
10108006	653	Sound	57	15416613	260	1			260		other	0
10108006	653	Response	1	15419485	3132	1
10108006	654	Sound	60	15432785	260	1			260		other	0
10108006	654	Response	1	15435245	2720	1
10108006	655	Sound	53	15450291	260	1			260		other	0
10108006	655	Response	1	15453565	3533	1
10108006	656	Sound	52	15469131	260	1			260		other	0
10108006	656	Response	1	15473885	5013	1
10108006	657	Sound	55	15494640	260	1			260		other	0
10108006	657	Response	1	15497484	3104	1
10108006	658	Sound	58	15511145	260	1			260		other	0
10108006	658	Response	1	15514284	3398	1
10108006	659	Sound	60	15538321	260	1			260		other	0
10108006	659	Response	1	15540763	2702	1
10108006	660	Sound	57	15562829	260	1			260		other	0
10108006	660	Response	1	15568043	5473	1
10108006	661	Sound	50	15585337	260	1			260		other	0
10108006	662	Sound	53	15603843	260	1			260		other	0
10108006	662	Response	1	15609082	5499	1
10108006	662	Response	1	15622442	18858	1
10108006	663	Sound	54	15626184	260	1			260		other	0
10108006	663	Response	1	15644762	18837	1
10108006	664	Sound	54	15652527	260	1			260		other	0
10108006	665	Sound	59	15677535	260	1			260		other	0
10108006	665	Response	1	15680521	3246	1
10108006	665	Response	1	15704120	26845	1
10108006	666	Sound	53	15705212	260	1			260		other	0
10108006	667	Sound	53	15725218	260	1			260		other	0
10108006	668	Sound	60	15745058	260	1			260		other	0
10108006	668	Response	1	15747000	2201	1
10108006	669	Sound	57	15769572	265	1			260		other	0
10108006	669	Response	1	15773639	4332	1
10108006	670	Sound	51	15796909	260	1			260		other	0
10108006	670	Response	1	15799799	3149	1
10108006	671	Sound	50	15819751	260	1			260		other	0
10108006	671	Response	1	15824038	4548	1
10108006	672	Sound	53	15845926	260	1			260		other	0
10108006	672	Response	1	15849238	3572	1
10108006	673	Sound	50	15865600	260	1			260		other	0
10108006	674	Sound	52	15882939	260	1			260		other	0
10108006	674	Response	1	15883958	1278	1
10108006	675	Sound	51	15898944	260	1			260		other	0
10108006	676	Sound	55	15916117	260	1			260		other	0
10108006	676	Response	1	15919557	3700	1
10108006	677	Sound	51	15934290	260	1			260		other	0
10108006	678	Sound	54	15954630	260	1			260		other	0
10108006	678	Response	1	15958196	3826	1
10108006	679	Sound	59	15981473	260	1			260		other	0
10108006	679	Response	1	15984436	3223	1
10108006	680	Sound	50	16000146	260	1			260		other	0
10108006	681	Sound	59	16024821	260	1			260		other	0
10108006	681	Response	1	16030755	6194	1
10108006	682	Sound	52	16042668	267	1			260		other	0
10108006	682	Response	1	16055634	13234	1
10108006	683	Sound	52	16062667	260	1			260		other	0
10108006	684	Sound	57	16079506	260	1			260		other	0
10108006	684	Response	1	16082754	3508	1
10108006	685	Sound	56	16103847	260	1			260		other	0
10108006	685	Response	1	16108034	4446	1
10108006	686	Sound	55	16122187	260	1			260		other	0
10108006	687	Sound	58	16141694	260	1			260		other	0
10108006	687	Response	1	16168592	27158	1
10108006	688	Sound	56	16169036	260	1			260		other	0
10108006	689	Sound	59	16185542	260	1			260		other	0
10108006	689	Response	1	16188912	3629	1
10108006	690	Sound	56	16211551	260	1			260		other	0
10108006	690	Response	1	16215071	3780	1
10108006	691	Sound	52	16234565	266	1			260		other	0
10108006	691	Response	1	16239311	5012	1
10108006	692	Sound	59	16256566	260	1			260		other	0
10108006	692	Response	1	16259631	3324	1
10108006	693	Sound	51	16273906	260	1			260		other	0
10108006	694	Sound	58	16299748	260	1			260		other	0
10108006	694	Response	1	16302910	3422	1
10108006	695	Sound	50	16324590	260	1			260		other	0
10108006	697	Response	255	16828101	482017	1
10108006	699	Sound	35	16906622	260	1			260		other	0
10108006	699	Response	1	16911299	4937	1
10108006	700	Sound	33	16925462	260	1			260		other	0
10108006	701	Sound	37	16950303	260	1			260		other	0
10108006	701	Response	1	16955219	5175	1
10108006	702	Sound	31	16975812	260	1			260		other	0
10108006	703	Sound	38	16992653	261	1			260		other	0
10108006	703	Response	1	16998258	5866	1
10108006	704	Sound	34	17010657	260	1			260		other	0
10108006	704	Response	1	17017458	7060	1
10108006	705	Sound	38	17038500	260	1			260		other	0
10108006	705	Response	1	17043937	5697	1
10108006	706	Sound	31	17064676	260	1			260		other	0
10108006	707	Sound	39	17091185	260	1			260		other	0
10108006	707	Response	1	17094816	3891	1
10108006	708	Sound	40	17113359	260	1			260		other	0
10108006	708	Response	1	17116016	2917	1
10108006	709	Sound	39	17138701	260	1			260		other	0
10108006	709	Response	1	17142656	4214	1
10108006	710	Sound	31	17154873	260	1			260		other	0
10108006	711	Sound	30	17174550	263	1			260		other	0
10108006	712	Sound	32	17200556	260	1			260		other	0
10108006	712	Response	1	17205374	5079	1
10108006	713	Sound	39	17217728	260	1			260		other	0
10108006	713	Response	1	17223694	6226	1
10108006	714	Sound	30	17240236	260	1			260		other	0
10108006	715	Sound	35	17265249	264	1			260		other	0
10108006	716	Sound	37	17286252	260	1			260		other	0
10108006	716	Response	1	17292093	6101	1
10108006	717	Sound	36	17311594	260	1			260		other	0
10108006	717	Response	1	17318093	6759	1
10108006	718	Sound	34	17330433	260	1			260		other	0
10108006	718	Response	1	17334412	4239	1
10108006	719	Sound	40	17349106	260	1			260		other	0
10108006	719	Response	1	17352972	4126	1
10108006	720	Sound	35	17375949	260	1			260		other	0
10108006	720	Response	1	17381851	6162	1
10108006	721	Sound	33	17394288	260	1			260		other	0
10108006	722	Sound	39	17414462	260	1			260		other	0
10108006	722	Response	1	17419211	5009	1
10108006	723	Sound	40	17442305	260	1			260		other	0
10108006	723	Response	1	17444970	2925	3
10108006	724	Sound	37	17463646	260	1			260		other	0
10108006	725	Sound	36	17485820	260	1			260		other	0
10108006	725	Response	1	17490889	5329	1
10108006	726	Sound	32	17513162	260	1			260		other	0
10108006	727	Sound	34	17537344	267	1			260		other	0
10108006	728	Sound	37	17562846	260	1			260		other	0
10108006	729	Sound	34	17582519	260	1			260		other	0
10108006	730	Sound	39	17608695	260	1			260		other	0
10108006	730	Response	1	17614487	6052	1
10108006	731	Sound	31	17628368	260	1			260		other	0
10108006	732	Sound	32	17650710	260	1			260		other	0
10108006	733	Sound	30	17676051	260	1			260		other	0
10108006	734	Sound	32	17698059	260	1			260		other	0
10108006	734	Response	1	17702566	4766	1
10108006	735	Sound	33	17719066	260	1			260		other	0
10108006	736	Sound	34	17744241	260	1			260		other	0
10108006	737	Sound	31	17764748	260	1			260		other	0
10108006	738	Sound	36	17787756	260	1			260		other	0
10108006	738	Response	1	17792084	4588	1
10108006	739	Sound	38	17816266	260	1			260		other	0
10108006	739	Response	1	17820483	4477	1
10108006	740	Sound	33	17834272	260	1			260		other	0
10108006	741	Sound	30	17862949	260	1			260		other	0
10108006	742	Sound	36	17883956	260	1			260		other	0
10108006	742	Response	1	17889121	5425	4
10108006	743	Sound	32	17909798	260	1			260		other	0
10108006	744	Sound	36	17932639	260	1			260		other	0
10108006	744	Response	1	17937122	4742	1
10108006	745	Sound	35	17960482	260	1			260		other	0
10108006	746	Sound	38	17982823	260	1			260		other	0
10108006	747	Sound	33	18008999	260	1			260		other	0
10108006	747	Response	1	18012960	4221	1
10108006	748	Sound	38	18029005	260	1			260		other	0
10108006	748	Response	1	18032800	4054	1
10108006	749	Sound	37	18054014	260	1			260		other	0
10108006	749	Response	1	18057759	4005	1
10108006	750	Sound	30	18082690	260	1			260		other	0
10108006	750	Response	1	18087039	4608	1
10108006	751	Sound	40	18111367	260	1			260		other	0
10108006	751	Response	1	18114958	3851	1
10108006	752	Sound	35	18137542	260	1			260		other	0
10108006	752	Response	1	18142238	4955	1
10108006	753	Sound	40	18158549	260	1			260		other	0
10108006	753	Response	1	18161678	3388	1
10108006	755	Response	255	18298475	121099	1
10108006	757	Sound	12	18367121	260	1			260		other	0
10108006	757	Response	1	18370794	3933	1
10108006	758	Sound	15	18383131	265	1			260		other	0
10108006	758	Response	1	18387354	4487	1
10108006	759	Sound	19	18402800	260	1			260		other	0
10108006	759	Response	1	18405913	3373	1
10108006	760	Sound	11	18431143	260	1			260		other	0
10108006	761	Sound	16	18447815	260	1			260		other	0
10108006	761	Response	1	18451593	4037	1
10108006	762	Sound	16	18475991	260	1			260		other	0
10108006	762	Response	1	18479752	4021	1
10108006	763	Sound	14	18501167	260	1			260		other	0
10108006	763	Response	1	18504472	3565	1
10108006	764	Sound	18	18526008	260	1			260		other	0
10108006	764	Response	1	18528951	3203	1
10108006	765	Sound	13	18545848	260	1			260		other	0
10108006	765	Response	1	18549431	3842	2
10108006	766	Sound	14	18573858	260	1			260		other	0
10108006	766	Response	1	18576950	3352	1
10108006	767	Sound	14	18596032	260	1			260		other	0
10108006	767	Response	1	18599270	3497	1
10108006	768	Sound	16	18616539	260	1			260		other	0
10108006	768	Response	1	18620710	4430	1
10108006	769	Sound	20	18636546	260	1			260		other	0
10108006	769	Response	1	18639429	3143	1
10108006	770	Sound	13	18664389	260	1			260		other	0
10108006	770	Response	1	18668309	4180	1
10108006	771	Sound	10	18683896	260	1			260		other	0
10108006	772	Sound	19	18707904	260	1			260		other	0
10108006	772	Response	1	18710708	3064	1
10108006	773	Sound	12	18732412	260	1			260		other	0
10108006	773	Response	1	18735828	3675	1
10108006	774	Sound	10	18753753	260	1			260		other	0
10108006	775	Sound	11	18770925	260	1			260		other	0
10108006	776	Sound	15	18793100	260	1			260		other	0
10108006	776	Response	1	18796307	3467	1
10108006	777	Sound	10	18820609	260	1			260		other	0
10108006	778	Sound	17	18836448	260	1			260		other	0
10108006	778	Response	1	18840866	4678	1
10108006	779	Sound	19	18859289	260	1			260		other	0
10108006	779	Response	1	18862306	3276	1
10108006	780	Sound	17	18876461	260	1			260		other	0
10108006	780	Response	1	18881745	5543	1
10108006	781	Sound	19	18897802	260	1			260		other	0
10108006	782	Sound	19	18919476	260	1			260		other	0
10108006	782	Response	1	18922144	2928	1
10108006	783	Sound	11	18943822	264	1			260		other	0
10108006	783	Response	1	18950064	6506	1
10108006	784	Sound	20	18969160	260	1			260		other	0
10108006	784	Response	1	18971264	2364	1
10108006	785	Sound	16	18986332	260	1			260		other	0
10108006	785	Response	1	18989663	3591	1
10108006	786	Sound	15	19013342	260	1			260		other	0
10108006	787	Sound	17	19036516	260	1			260		other	0
10108006	787	Response	1	19039902	3646	1
10108006	788	Sound	13	19056356	260	1			260		other	0
10108006	789	Sound	17	19083699	260	1			260		other	0
10108006	789	Response	1	19087102	3663	1
10108006	790	Sound	10	19099704	260	1			260		other	0
10108006	791	Sound	20	19122045	260	1			260		other	0
10108006	791	Response	1	19123981	2195	1
10108006	792	Sound	15	19144053	260	1			260		other	0
10108006	793	Sound	18	19166727	260	1			260		other	0
10108006	793	Response	1	19169660	3193	1
10108006	794	Sound	14	19192569	260	1			260		other	0
10108006	795	Sound	20	19217244	260	1			260		other	0
10108006	795	Response	1	19219659	2674	1
10108006	796	Sound	15	19236584	260	1			260		other	0
10108006	797	Sound	20	19257758	260	1			260		other	0
10108006	797	Response	1	19260059	2560	1
10108006	798	Sound	12	19285268	260	1			260		other	0
10108006	799	Sound	12	19304274	260	1			260		other	0
10108006	800	Sound	14	19322280	260	1			260		other	0
10108006	801	Sound	18	19346955	260	1			260		other	0
10108006	801	Response	1	19352457	5761	1
10108006	801	Response	1	19367977	21281	1
10108006	802	Sound	12	19370297	260	1			260		other	0
10108006	802	Response	1	19387896	17859	1
10108006	803	Sound	16	19391637	260	1			260		other	0
10108006	804	Sound	11	19417480	260	1			260		other	0
10108006	805	Sound	13	19434819	260	1			260		other	0
10108006	805	Response	1	19438295	3736	1
10108006	805	Response	1	19456455	21895	2
10108006	806	Sound	18	19457827	260	1			260		other	0
10108006	807	Sound	17	19479001	260	1			260		other	0
10108006	807	Response	1	19484215	5474	1
10108006	808	Sound	13	19502675	260	1			260		other	0
10108006	809	Sound	10	19524683	260	1			260		other	0
10108006	810	Sound	18	19548524	260	1			260		other	0
10108006	810	Response	1	19549974	1709	1
10108006	811	Sound	11	19569532	260	1			260		other	0
10108006	813	Response	1	19587333	2142	1
10108006	813	Response	255	19606294	21103	1
10108006	815	Sound	54	19685571	260	1			260		other	0
10108006	815	Response	1	19688931	3620	1
10108006	816	Sound	58	19708412	260	1			260		other	0
10108006	816	Response	1	19709651	1498	1
10108006	816	Response	1	19733490	25338	1
10108006	817	Sound	60	19735421	260	1			260		other	0
10108006	818	Sound	55	19760763	260	1			260		other	0
10108006	818	Response	1	19763810	3306	1
10108006	819	Sound	52	19784605	260	1			260		other	0
10108006	819	Response	1	19788289	3944	1
10108006	820	Sound	54	19806946	260	1			260		other	0
10108006	820	Response	1	19809889	3203	1
10108006	821	Sound	59	19827286	260	1			260		other	0
10108006	821	Response	1	19829809	2782	1
10108006	822	Sound	59	19849127	260	1			260		other	0
10108006	822	Response	1	19852768	3901	1
10108006	823	Sound	60	19868308	267	1			260		other	0
10108006	823	Response	1	19870608	2567	2
10108006	824	Sound	58	19889141	260	1			260		other	0
10108006	824	Response	1	19891408	2527	1
10108006	824	Response	1	19911247	22366	1
10108006	825	Sound	55	19917984	260	1			260		other	0
10108006	825	Response	1	19921087	3363	1
10108006	825	Response	1	19937087	19362	1
10108006	826	Sound	60	19940825	260	1			260		other	0
10108006	827	Sound	57	19964506	266	1			260		other	0
10108006	827	Response	1	19967646	3406	1
10108006	828	Sound	55	19992176	260	1			260		other	0
10108006	828	Response	1	19995806	3889	1
10108006	829	Sound	53	20009348	260	1			260		other	0
10108006	829	Response	1	20015245	6157	1
10108006	830	Sound	57	20026188	260	1			260		other	0
10108006	830	Response	1	20029245	3317	1
10108006	831	Sound	51	20054530	260	1			260		other	0
10108006	832	Sound	56	20071369	260	1			260		other	0
10108006	832	Response	1	20074444	3334	1
10108006	833	Sound	53	20099046	260	1			260		other	0
10108006	833	Response	1	20102604	3818	1
10108006	834	Sound	52	20122554	260	1			260		other	0
10108006	834	Response	1	20126044	3750	1
10108006	835	Sound	55	20149730	260	1			260		other	0
10108006	835	Response	1	20150443	973	1
10108006	836	Sound	59	20166903	261	1			260		other	0
10108006	836	Response	1	20169883	3240	1
10108006	837	Sound	51	20193912	260	1			260		other	0
10108006	838	Sound	52	20214752	260	1			260		other	0
10108006	839	Sound	51	20233592	260	1			260		other	0
10108006	839	Response	1	20239402	6070	1
10108006	840	Sound	60	20250597	260	1			260		other	0
10108006	840	Response	1	20252681	2344	1
10108006	841	Sound	57	20272938	260	1			260		other	0
10108006	841	Response	1	20276281	3602	1
10108006	842	Sound	55	20297614	260	1			260		other	0
10108006	842	Response	1	20301240	3886	1
10108006	843	Sound	54	20316286	260	1			260		other	0
10108006	843	Response	1	20319320	3293	2
10108006	844	Sound	56	20337961	260	1			260		other	0
10108006	844	Response	1	20341880	4179	1
10108006	845	Sound	50	20356634	260	1			260		other	0
10108006	846	Sound	57	20379308	260	1			260		other	0
10108006	846	Response	1	20383799	4751	1
10108006	847	Sound	53	20400315	260	1			260		other	0
10108006	847	Response	1	20402359	2303	1
10108006	848	Sound	51	20419989	260	1			260		other	0
10108006	848	Response	1	20424198	4469	1
10108006	849	Sound	50	20443999	262	1			260		other	0
10108006	850	Sound	53	20470506	260	1			260		other	0
10108006	850	Response	1	20491957	21711	1
10108006	851	Sound	54	20495348	260	1			260		other	0
10108006	852	Sound	57	20518698	269	1			260		other	0
10108006	852	Response	1	20521157	2727	1
10108006	853	Sound	50	20538363	260	1			260		other	0
10108006	853	Response	1	20546516	8413	1
10108006	854	Sound	56	20559536	260	1			260		other	0
10108006	854	Response	1	20561796	2519	1
10108006	855	Sound	58	20584045	260	1			260		other	0
10108006	855	Response	1	20588035	4250	1
10108006	856	Sound	56	20607219	260	1			260		other	0
10108006	857	Sound	54	20623896	264	1			260		other	0
10108006	858	Sound	58	20643732	260	1			260		other	0
10108006	858	Response	1	20658834	15362	1
10108006	859	Sound	50	20666406	260	1			260		other	0
10108006	859	Response	1	20675634	9487	1
10108006	860	Sound	52	20684912	260	1			260		other	0
10108006	860	Response	1	20689874	5221	1
10108006	861	Sound	53	20711755	260	1			260		other	0
10108006	861	Response	1	20715793	4298	1
10108006	862	Sound	51	20728928	260	1			260		other	0
10108006	863	Sound	56	20748768	260	1			260		other	0
10108006	863	Response	1	20752113	3605	1
10108006	864	Sound	58	20772776	260	1			260		other	0
10108006	864	Response	1	20775872	3356	1
10108006	865	Sound	59	20794617	260	1			260		other	0
10108006	865	Response	1	20797552	3195	1
10108006	866	Sound	60	20818293	262	1			260		other	0
10108006	866	Response	1	20820271	2240	1
10108006	867	Sound	52	20835131	260	1			260		other	0
10108006	867	Response	1	20840351	5480	1
10108006	868	Sound	50	20856471	260	1			260		other	0
10108006	868	Response	1	20873311	17099	1
10108006	869	Sound	59	20874644	260	1			260		other	0
10108006	871	Response	255	21281863	385558	1
10108006	873	Sound	54	21353808	260	1			260		other	0
10108006	874	Sound	52	21381651	260	1			260		other	0
10108006	875	Sound	53	21401491	260	1			260		other	0
10108006	876	Sound	59	21425832	260	1			260		other	0
10108006	876	Response	1	21428821	3248	1
10108006	877	Sound	54	21450507	260	1			260		other	0
10108006	877	Response	1	21454660	4413	1
10108006	878	Sound	57	21469183	262	1			260		other	0
10108006	878	Response	1	21471460	2539	1
10108006	879	Sound	52	21496356	260	1			260		other	0
10108006	879	Response	1	21519299	23202	1
10108006	880	Sound	53	21521532	260	1			260		other	0
10108006	881	Sound	56	21537370	260	1			260		other	0
10108006	881	Response	1	21540899	3788	1
10108006	881	Response	1	21562578	25468	1
10108006	882	Sound	55	21565881	261	1			260		other	0
10108006	883	Sound	58	21587388	260	1			260		other	0
10108006	883	Response	1	21590498	3370	1
10108006	884	Sound	51	21607228	260	1			260		other	0
10108006	884	Response	1	21617777	10809	1
10108006	885	Sound	53	21635070	260	1			260		other	0
10108006	886	Sound	57	21660080	261	1			260		other	0
10108006	886	Response	1	21663937	4117	1
10108006	887	Sound	60	21687588	260	1			260		other	0
10108006	887	Response	1	21689696	2368	1
10108006	888	Sound	53	21708595	260	1			260		other	0
10108006	889	Sound	58	21728602	260	1			260		other	0
10108006	889	Response	1	21732256	3913	1
10108006	890	Sound	60	21748443	260	1			260		other	0
10108006	890	Response	1	21750655	2472	1
10108006	891	Sound	50	21770617	260	1			260		other	0
10108006	892	Sound	51	21791624	260	1			260		other	0
10108006	893	Sound	51	21817632	260	1			260		other	0
10108006	893	Response	1	21822253	4881	2
10108006	894	Sound	58	21845809	260	1			260		other	0
10108006	894	Response	1	21849134	3584	1
10108006	895	Sound	55	21870151	260	1			260		other	0
10108006	895	Response	1	21872973	3082	1
10108006	896	Sound	54	21892492	260	1			260		other	0
10108006	896	Response	1	21895932	3700	1
10108006	897	Sound	57	21917500	260	1			260		other	0
10108006	897	Response	1	21920332	3091	3
10108006	898	Sound	58	21936507	260	1			260		other	0
10108006	898	Response	1	21940251	4004	2
10108006	899	Sound	53	21957014	260	1			260		other	0
10108006	899	Response	1	21962971	6217	1
10108006	900	Sound	50	21976020	260	1			260		other	0
10108006	900	Response	1	21985691	9931	1
10108006	901	Sound	56	21994527	260	1			260		other	0
10108006	902	Sound	59	22021036	260	1			260		other	0
10108006	902	Response	1	22024570	3795	1
10108006	903	Sound	54	22039542	260	1			260		other	0
10108006	903	Response	1	22048170	8888	1
10108006	904	Sound	57	22063717	260	1			260		other	0
10108006	904	Response	1	22066490	3033	1
10108006	905	Sound	56	22081556	260	1			260		other	0
10108006	905	Response	1	22085769	4473	1
10108006	905	Response	1	22106489	25192	1
10108006	906	Sound	59	22107899	260	1			260		other	0
10108006	907	Sound	50	22126238	260	1			260		other	0
10108006	907	Response	1	22134649	8670	1
10108006	908	Sound	58	22148413	260	1			260		other	0
10108006	909	Sound	50	22173921	260	1			260		other	0
10108006	909	Response	1	22185368	11706	1
10108006	910	Sound	52	22198096	260	1			260		other	0
10108006	910	Response	1	22202407	4571	1
10108006	911	Sound	54	22224939	260	1			260		other	0
10108006	911	Response	1	22229447	4768	1
10108006	912	Sound	57	22241944	260	1			260		other	0
10108006	912	Response	1	22246327	4642	1
10108006	913	Sound	55	22259784	260	1			260		other	0
10108006	913	Response	1	22263366	3842	1
10108006	914	Sound	59	22278290	260	1			260		other	0
10108006	914	Response	1	22281206	3176	1
10108006	915	Sound	52	22297797	260	1			260		other	0
10108006	915	Response	1	22300886	3348	1
10108006	916	Sound	56	22315303	260	1			260		other	0
10108006	916	Response	1	22318805	3762	1
10108006	917	Sound	60	22342312	260	1			260		other	0
10108006	917	Response	1	22344565	2512	1
10108006	918	Sound	51	22361985	260	1			260		other	0
10108006	919	Sound	56	22389828	260	1			260		other	0
10108006	920	Sound	50	22410169	260	1			260		other	0
10108006	921	Sound	55	22434177	260	1			260		other	0
10108006	921	Response	1	22436563	2646	1
10108006	922	Sound	60	22460853	260	1			260		other	0
10108006	922	Response	1	22462963	2370	1
10108006	923	Sound	55	22489367	264	1			260		other	0
10108006	923	Response	1	22492882	3779	1
10108006	924	Sound	52	22509036	260	1			260		other	0
10108006	925	Sound	60	22535545	260	1			260		other	0
10108006	925	Response	1	22537922	2636	1
10108006	926	Sound	51	22563721	260	1			260		other	0
10108006	927	Sound	59	22588396	260	1			260		other	0
10108006	929	Response	1	22613040	1316	1
10108006	929	Response	255	22838956	227232	1
10108006	931	Sound	18	22910840	260	1			260		other	0
10108006	931	Response	1	22916715	6135	1
10108006	932	Sound	16	22927012	260	1			260		other	0
10108006	933	Sound	16	22950020	260	1			260		other	0
10108006	933	Response	1	22953594	3834	1
10108006	934	Sound	10	22967692	260	1			260		other	0
10108006	935	Sound	10	22985699	260	1			260		other	0
10108006	936	Sound	15	23001871	260	1			260		other	0
10108006	936	Response	1	23004953	3342	1
10108006	937	Sound	19	23021878	260	1			260		other	0
10108006	937	Response	1	23025513	3895	1
10108006	938	Sound	12	23045386	260	1			260		other	0
10108006	939	Sound	20	23063559	260	1			260		other	0
10108006	939	Response	1	23065912	2614	1
10108006	940	Sound	17	23080398	260	1			260		other	0
10108006	940	Response	1	23084072	3934	1
10108006	941	Sound	19	23106073	260	1			260		other	0
10108006	941	Response	1	23108712	2898	1
10108006	942	Sound	14	23134257	267	1			260		other	0
10108006	942	Response	1	23138631	4641	1
10108006	943	Sound	20	23149757	262	1			260		other	0
10108006	943	Response	1	23152391	2896	1
10108006	944	Sound	15	23166927	260	1			260		other	0
10108006	944	Response	1	23170790	4123	1
10108006	945	Sound	19	23186100	260	1			260		other	0
10108006	945	Response	1	23189110	3269	1
10108006	946	Sound	11	23206607	260	1			260		other	0
10108006	947	Sound	18	23222613	260	1			260		other	0
10108006	947	Response	1	23226229	3876	1
10108006	948	Sound	13	23239285	260	1			260		other	0
10108006	948	Response	1	23244789	5764	1
10108006	949	Sound	20	23265627	260	1			260		other	0
10108006	950	Sound	18	23293655	277	1			260		other	0
10108006	950	Response	1	23297668	4291	1
10108006	951	Sound	15	23310476	260	1			260		other	0
10108006	951	Response	1	23315188	4972	1
10108006	951	Response	1	23327588	17371	1
10108006	952	Sound	16	23338486	260	1			260		other	0
10108006	952	Response	1	23342068	3841	1
10108006	953	Sound	16	23359326	260	1			260		other	0
10108006	953	Response	1	23363027	3961	1
10108006	954	Sound	11	23384501	260	1			260		other	0
10108006	955	Sound	11	23410844	260	1			260		other	0
10108006	955	Response	1	23413506	2922	1
10108006	956	Sound	14	23430517	260	1			260		other	0
10108006	956	Response	1	23433986	3728	1
10108006	957	Sound	12	23456359	260	1			260		other	0
10108006	958	Sound	10	23484536	260	1			260		other	0
10108006	958	Response	1	23488145	3869	1
10108006	959	Sound	12	23510551	266	1			260		other	0
10108006	960	Sound	15	23534886	260	1			260		other	0
10108006	960	Response	1	23537584	2958	1
10108006	961	Sound	20	23557561	260	1			260		other	0
10108006	961	Response	1	23559823	2523	1
10108006	962	Sound	12	23575067	260	1			260		other	0
10108006	963	Sound	18	23595907	260	1			260		other	0
10108006	964	Sound	10	23618081	260	1			260		other	0
10108006	965	Sound	16	23635754	260	1			260		other	0
10108006	965	Response	1	23639342	3848	1
10108006	966	Sound	11	23652426	260	1			260		other	0
10108006	966	Response	1	23665102	12935	1
10108006	967	Sound	17	23671766	260	1			260		other	0
10108006	967	Response	1	23681101	9595	1
10108006	968	Sound	14	23689106	260	1			260		other	0
10108006	968	Response	1	23692221	3375	1
10108006	969	Sound	17	23705948	263	1			260		other	0
10108006	969	Response	1	23709901	4216	1
10108006	970	Sound	19	23727785	260	1			260		other	0
10108006	970	Response	1	23730621	3095	1
10108006	971	Sound	11	23747625	260	1			260		other	0
10108006	971	Response	1	23755980	8614	1
10108006	972	Sound	18	23766465	260	1			260		other	0
10108006	972	Response	1	23769740	3534	1
10108006	973	Sound	10	23792307	260	1			260		other	0
10108006	974	Sound	17	23815149	260	1			260		other	0
10108006	974	Response	1	23818699	3810	1
10108006	975	Sound	12	23835822	260	1			260		other	0
10108006	975	Response	1	23840939	5376	1
10108006	976	Sound	14	23854829	260	1			260		other	0
10108006	977	Sound	15	23875503	260	1			260		other	0
10108006	977	Response	1	23879658	4415	1
10108006	978	Sound	20	23895009	260	1			260		other	0
10108006	978	Response	1	23897098	2348	1
10108006	979	Sound	13	23915516	260	1			260		other	0
10108006	980	Sound	13	23939357	260	1			260		other	0
10108006	980	Response	1	23943897	4799	1
10108006	981	Sound	19	23961865	260	1			260		other	0
10108006	981	Response	1	23965257	3651	1
10108006	982	Sound	17	23986044	263	1			260		other	0
10108006	982	Response	1	23990376	4596	1
10108006	983	Sound	13	24002713	260	1			260		other	0
10108006	983	Response	1	24008296	5843	1
10108006	984	Sound	14	24023053	260	1			260		other	0
10108006	985	Sound	13	24042726	260	1			260		other	0
10108006	987	Response	255	24102934	36213	1
10108006	989	Sound	16	24165101	260	1			260		other	0
10108006	990	Sound	13	24191611	260	1			260		other	0
10108006	991	Sound	13	24214285	260	1			260		other	0
10108006	992	Sound	17	24238627	260	1			260		other	0
10108006	992	Response	1	24242052	3685	1
10108006	993	Sound	11	24263302	260	1			260		other	0
10108006	994	Sound	18	24290311	260	1			260		other	0
10108006	994	Response	1	24292531	2480	1
10108006	995	Sound	10	24308817	260	1			260		other	0
10108006	996	Sound	14	24324156	260	1			260		other	0
10108006	997	Sound	14	24341495	260	1			260		other	0
10108006	997	Response	1	24341890	655	1
10108006	998	Sound	11	24369671	260	1			260		other	0
10108006	998	Response	1	24374449	5038	1
10108006	999	Sound	20	24385510	260	1			260		other	0
10108006	999	Response	1	24388449	3199	1
10108006	1000	Sound	19	24402516	260	1			260		other	0
10108006	1000	Response	1	24406289	4033	1
10108006	1001	Sound	13	24427191	260	1			260		other	0
10108006	1002	Sound	15	24442537	267	1			260		other	0
10108006	1002	Response	1	24445888	3618	1
10108006	1003	Sound	11	24462036	260	1			260		other	0
10108006	1003	Response	1	24466208	4431	1
10108006	1004	Sound	17	24486378	260	1			260		other	0
10108006	1004	Response	1	24490447	4329	1
10108006	1005	Sound	19	24514221	260	1			260		other	0
10108006	1005	Response	1	24517327	3366	1
10108006	1006	Sound	16	24539396	260	1			260		other	0
10108006	1006	Response	1	24544898	5762	702
10108006	1007	Sound	15	24560737	260	1			260		other	0
10108006	1007	Response	1	24564286	3809	1
10108006	1008	Sound	13	24579910	260	1			260		other	0
10108006	1008	Response	1	24587886	8236	1
10108006	1009	Sound	17	24608086	260	1			260		other	0
10108006	1009	Response	1	24613005	5179	1
10108006	1010	Sound	14	24627259	260	1			260		other	0
10108006	1010	Response	1	24630205	3205	1
10108006	1011	Sound	11	24653935	260	1			260		other	0
10108006	1011	Response	1	24659964	6289	1
10108006	1012	Sound	17	24676610	260	1			260		other	0
10108006	1012	Response	1	24679404	3054	1
10108006	1013	Sound	20	24702785	260	1			260		other	0
10108006	1013	Response	1	24704524	1998	1
10108006	1014	Sound	11	24720291	260	1			260		other	0
10108006	1015	Sound	14	24743632	260	1			260		other	0
10108006	1015	Response	1	24748203	4830	1
10108006	1016	Sound	18	24759471	260	1			260		other	0
10108006	1016	Response	1	24763483	4271	1
10108006	1017	Sound	12	24785147	260	1			260		other	0
10108006	1017	Response	1	24803002	18115	1
10108006	1018	Sound	18	24803831	271	1			260		other	0
10108006	1019	Sound	10	24820992	260	1			260		other	0
10108006	1020	Sound	16	24848001	260	1			260		other	0
10108006	1020	Response	1	24852601	4860	1
10108006	1021	Sound	12	24864174	260	1			260		other	0
10108006	1022	Sound	18	24882013	260	1			260		other	0
10108006	1022	Response	1	24887561	5807	1
10108006	1023	Sound	20	24897685	260	1			260		other	0
10108006	1023	Response	1	24900680	3255	1
10108006	1024	Sound	12	24914524	260	1			260		other	0
10108006	1025	Sound	10	24934364	260	1			260		other	0
10108006	1026	Sound	13	24953704	260	1			260		other	0
10108006	1027	Sound	19	24969043	260	1			260		other	0
10108006	1027	Response	1	24972359	3576	1
10108006	1028	Sound	16	24996886	260	1			260		other	0
10108006	1028	Response	1	25000918	4293	1
10108006	1029	Sound	19	25021394	260	1			260		other	0
10108006	1029	Response	1	25026918	5784	1
10108006	1030	Sound	18	25040567	260	1			260		other	0
10108006	1030	Response	1	25043958	3650	1
10108006	1031	Sound	12	25067910	260	1			260		other	0
10108006	1032	Sound	12	25095253	260	1			260		other	0
10108006	1032	Response	1	25100357	5364	1
10108006	1033	Sound	10	25116927	260	1			260		other	0
10108006	1034	Sound	19	25141602	260	1			260		other	0
10108006	1034	Response	1	25145316	3974	1
10108006	1035	Sound	10	25169611	260	1			260		other	0
10108006	1035	Response	1	25172836	3484	1
10108006	1036	Sound	15	25191452	260	1			260		other	0
10108006	1036	Response	1	25195155	3963	1
10108006	1037	Sound	20	25214126	260	1			260		other	0
10108006	1037	Response	1	25216995	3128	1
10108006	1038	Sound	20	25237968	260	1			260		other	0
10108006	1039	Sound	17	25262643	260	1			260		other	0
10108006	1039	Response	1	25281634	19250	1
10108006	1040	Sound	16	25287652	260	1			260		other	0
10108006	1041	Sound	14	25309492	260	1			260		other	0
10108006	1042	Sound	15	25337002	260	1			260		other	0
10108006	1043	Sound	15	25357842	260	1			260		other	0
10108006	1045	Response	1	25379072	2217	1

The following output port codes were not sent because of a conflict on the port.
Port	Code	Time(ms)
1	253	13936.9
1	253	142127
1	253	270357
1	253	398171
1	253	527233
1	253	670510
1	253	804420
1	253	937482
1	253	1.06623e+06
1	253	1.23352e+06
1	253	1.36575e+06
1	253	1.50694e+06
1	253	1.68281e+06
1	253	1.82985e+06
1	253	1.96063e+06
1	253	2.12819e+06
1	253	2.2839e+06
1	253	2.4103e+06
1	253	2.53769e+06
