Scenario - 
Logfile written - 02/08/2019 13:34:03

Subject	Trial	Event Type	Code	Time	TTime	Uncertainty	Duration	Uncertainty	ReqTime	ReqDur	Stim Type	Pair Index

10108023_2	1	Response	255	782113	781447	1
10108023_2	3	Sound	32	858963	789	1			260		other	0
10108023_2	4	Sound	38	883462	947	1			260		other	0
10108023_2	5	Sound	35	904961	939	1			260		other	0
10108023_2	6	Sound	38	931459	763	1			260		other	0
10108023_2	6	Response	1	940904	10208	1
10108023_2	7	Sound	32	959457	920	1			260		other	0
10108023_2	8	Sound	39	978956	579	1			260		other	0
10108023_2	9	Sound	33	1003955	904	1			260		other	0
10108023_2	10	Sound	32	1023953	730	1			260		other	0
10108023_2	11	Sound	32	1050952	720	1			260		other	0
10108023_2	12	Sound	30	1075450	1045	1			260		other	0
10108023_2	13	Sound	31	1097949	1037	1			260		other	0
10108023_2	14	Sound	40	1121447	1028	1			260		other	0
10108023_2	14	Response	1	1124172	3753	1
10108023_2	15	Sound	37	1141446	1022	1			260		other	0
10108023_2	16	Sound	31	1168445	679	1			260		other	0
10108023_2	17	Sound	39	1185444	839	1			260		other	0
10108023_2	18	Sound	40	1207442	664	1			260		other	0
10108023_2	18	Response	1	1210247	3469	1
10108023_2	19	Sound	30	1235941	821	1			260		other	0
10108023_2	20	Sound	35	1260939	646	1			260		other	0
10108023_2	21	Sound	33	1289937	802	1			260		other	0
10108023_2	22	Sound	37	1318936	625	1			260		other	0
10108023_2	23	Sound	32	1341434	950	1			260		other	0
10108023_2	24	Sound	33	1367433	941	1			260		other	0
10108023_2	25	Sound	33	1392931	598	1			260		other	0
10108023_2	26	Sound	38	1410430	759	1			260		other	0
10108023_2	27	Sound	37	1435929	583	1			260		other	0
10108023_2	28	Sound	39	1463427	907	1			260		other	0
10108023_2	29	Sound	35	1490925	730	1			260		other	0
10108023_2	30	Sound	36	1517924	720	1			260		other	0
10108023_2	31	Sound	39	1541922	712	1			260		other	0
10108023_2	32	Sound	36	1563921	871	1			260		other	0
10108023_2	33	Sound	38	1580420	698	1			260		other	0
10108023_2	34	Sound	34	1600919	1024	1			260		other	0
10108023_2	35	Sound	30	1625917	682	1			260		other	0
10108023_2	36	Sound	31	1643916	675	1			260		other	0
10108023_2	37	Sound	36	1663415	668	1			260		other	0
10108023_2	38	Sound	34	1682914	995	1			260		other	0
10108023_2	38	Response	1	1689337	7418	1
10108023_2	39	Sound	39	1699413	989	1			260		other	0
10108023_2	40	Sound	30	1728911	978	1			260		other	0
10108023_2	41	Sound	36	1754910	969	1			260		other	0
10108023_2	42	Sound	34	1775408	962	1			260		other	0
10108023_2	43	Sound	30	1796907	954	1			260		other	0
10108023_2	44	Sound	38	1817406	614	1			260		other	0
10108023_2	44	Response	1	1826449	9657	1
10108023_2	45	Sound	35	1841904	605	1			260		other	0
10108023_2	46	Sound	40	1866403	929	1			260		other	0
10108023_2	46	Response	1	1869966	4493	1
10108023_2	47	Sound	36	1884402	756	1			260		other	0
10108023_2	48	Sound	31	1903901	583	1			260		other	0
10108023_2	49	Sound	31	1920900	910	1			260		other	0
10108023_2	50	Sound	33	1948398	733	1			260		other	0
10108023_2	51	Sound	34	1969897	726	1			260		other	0
10108023_2	52	Sound	37	1990895	885	1			260		other	0
10108023_2	53	Sound	40	2016894	876	1			260		other	0
10108023_2	53	Response	1	2020677	4659	1
10108023_2	54	Sound	37	2037893	1035	1			260		other	0
10108023_2	55	Sound	40	2062891	859	1			260		other	0
10108023_2	55	Response	1	2066114	4083	1
10108023_2	56	Sound	35	2083890	1019	1			260		other	0
10108023_2	57	Sound	34	2106888	844	1			260		other	0
10108023_2	59	Response	255	2165708	33242	1
10108023_2	61	Sound	11	2238881	630	1			260		other	0
10108023_2	62	Sound	17	2266379	620	1			260		other	0
10108023_2	62	Response	1	2272501	6742	1
10108023_2	63	Sound	15	2287378	779	1			260		other	0
10108023_2	63	Response	1	2290660	4062	1
10108023_2	64	Sound	20	2312876	770	1			260		other	0
10108023_2	64	Response	1	2315539	3433	1
10108023_2	65	Sound	18	2339874	760	1			260		other	0
10108023_2	65	Response	1	2348337	9223	1
10108023_2	66	Sound	15	2355874	755	1			260		other	0
10108023_2	66	Response	1	2361856	6737	1
10108023_2	67	Sound	19	2380872	579	1			260		other	0
10108023_2	67	Response	1	2383935	3642	1
10108023_2	68	Sound	14	2405371	570	1			260		other	0
10108023_2	69	Sound	16	2431369	1061	1			260		other	0
10108023_2	69	Response	1	2454090	23783	1
10108023_2	70	Sound	12	2459367	885	1			260		other	0
10108023_2	71	Sound	17	2479366	1044	1			260		other	0
10108023_2	71	Response	1	2484888	6566	1
10108023_2	72	Sound	16	2506364	868	1			260		other	0
10108023_2	72	Response	1	2513447	7950	1
10108023_2	73	Sound	15	2523363	695	1			260		other	0
10108023_2	73	Response	1	2545845	23176	1
10108023_2	74	Sound	11	2547862	686	1			260		other	0
10108023_2	74	Response	1	2566563	19387	1
10108023_2	75	Sound	10	2570361	678	1			260		other	0
10108023_2	75	Response	1	2582482	12800	1
10108023_2	76	Sound	20	2596859	835	1			260		other	0
10108023_2	76	Response	1	2601521	5497	1
10108023_2	77	Sound	18	2614858	829	1			260		other	0
10108023_2	77	Response	1	2620480	6451	1
10108023_2	78	Sound	11	2631857	823	1			260		other	0
10108023_2	79	Sound	19	2660355	646	1			260		other	0
10108023_2	79	Response	1	2664397	4688	1
10108023_2	80	Sound	11	2687854	970	1			260		other	0
10108023_2	81	Sound	19	2710352	795	1			260		other	0
10108023_2	81	Response	1	2714634	5077	2
10108023_2	82	Sound	10	2734351	786	1			260		other	0
10108023_2	83	Sound	14	2756349	778	1			260		other	0
10108023_2	83	Response	1	2760312	4741	1
10108023_2	84	Sound	13	2775848	772	1			260		other	0
10108023_2	85	Sound	10	2794347	932	1			260		other	0
10108023_2	86	Sound	17	2812346	925	1			260		other	0
10108023_2	86	Response	1	2818628	7207	1
10108023_2	87	Sound	16	2836345	917	1			260		other	0
10108023_2	87	Response	1	2842226	6798	1
10108023_2	88	Sound	10	2859343	742	1			260		other	0
10108023_2	89	Sound	12	2875842	1070	1			260		other	0
10108023_2	90	Sound	11	2896341	1062	1			260		other	0
10108023_2	91	Sound	14	2918840	721	1			260		other	0
10108023_2	91	Response	1	2923901	5782	1
10108023_2	92	Sound	20	2943838	878	1			260		other	0
10108023_2	92	Response	1	2946860	3900	1
10108023_2	93	Sound	15	2970337	702	1			260		other	0
10108023_2	93	Response	1	2974858	5224	1
10108023_2	94	Sound	14	2987836	1029	1			260		other	0
10108023_2	95	Sound	19	3004835	857	1			260		other	0
10108023_2	95	Response	1	3009736	5758	1
10108023_2	96	Sound	18	3029833	681	1			260		other	0
10108023_2	96	Response	1	3035094	5942	1
10108023_2	97	Sound	18	3049332	841	1			260		other	0
10108023_2	97	Response	1	3053494	5002	1
10108023_2	98	Sound	17	3065331	668	1			260		other	0
10108023_2	98	Response	1	3070932	6270	1
10108023_2	99	Sound	20	3082830	662	1			260		other	0
10108023_2	99	Response	1	3086451	4283	1
10108023_2	100	Sound	13	3101329	656	1			260		other	0
10108023_2	101	Sound	12	3128827	812	1			260		other	0
10108023_2	102	Sound	15	3149826	638	1			260		other	0
10108023_2	103	Sound	20	3175324	962	1			260		other	0
10108023_2	103	Response	1	3178605	4243	2
10108023_2	104	Sound	16	3200323	620	1			260		other	0
10108023_2	105	Sound	10	3223822	779	1			260		other	0
10108023_2	106	Sound	16	3248820	603	1			260		other	0
10108023_2	107	Sound	18	3270819	762	1			260		other	0
10108023_2	107	Response	1	3278680	8623	1
10108023_2	108	Sound	13	3299317	752	1			260		other	0
10108023_2	109	Sound	17	3319316	911	1			260		other	0
10108023_2	109	Response	1	3323477	5072	1
10108023_2	110	Sound	12	3335815	1072	1			260		other	0
10108023_2	111	Sound	14	3353814	732	1			260		other	0
10108023_2	111	Response	1	3360354	7273	1
10108023_2	112	Sound	12	3380312	723	1			260		other	0
10108023_2	113	Sound	13	3402811	1048	1			260		other	0
10108023_2	113	Response	1	3412351	10589	1
10108023_2	114	Sound	19	3425309	1040	1			260		other	0
10108023_2	114	Response	1	3431790	7521	1
10108023_2	115	Sound	13	3446808	1032	1			260		other	0
10108023_2	117	Response	255	3498186	24989	1
10108023_2	119	Sound	39	3572801	821	1			260		other	0
10108023_2	120	Sound	33	3595799	646	1			260		other	0
10108023_2	121	Sound	34	3618798	804	1			260		other	0
10108023_2	122	Sound	30	3639296	630	1			260		other	0
10108023_2	123	Sound	39	3661295	956	1			260		other	0
10108023_2	124	Sound	34	3684794	614	1			260		other	0
10108023_2	125	Sound	35	3713792	770	1			260		other	0
10108023_2	126	Sound	32	3735791	763	1			260		other	0
10108023_2	127	Sound	32	3756289	755	1			260		other	0
10108023_2	128	Sound	40	3776788	748	1			260		other	0
10108023_2	128	Response	1	3780249	4208	1
10108023_2	129	Sound	37	3806287	904	1			260		other	0
10108023_2	130	Sound	34	3826285	1064	1			260		other	0
10108023_2	131	Sound	40	3848284	1056	1			260		other	0
10108023_2	131	Response	1	3851604	4376	1
10108023_2	132	Sound	33	3864783	716	1			260		other	0
10108023_2	133	Sound	40	3885282	710	1			260		other	0
10108023_2	133	Response	1	3888962	4390	1
10108023_2	134	Sound	37	3911780	1033	1			260		other	0
10108023_2	135	Sound	31	3940279	690	1			260		other	0
10108023_2	136	Sound	36	3966277	848	1			260		other	0
10108023_2	137	Sound	31	3990276	672	1			260		other	0
10108023_2	138	Sound	38	4007774	832	1			260		other	0
10108023_2	139	Sound	37	4034773	657	1			260		other	0
10108023_2	140	Sound	39	4054772	649	1			260		other	0
10108023_2	140	Response	1	4060871	6748	1
10108023_2	141	Sound	34	4076270	808	1			260		other	0
10108023_2	142	Sound	35	4095769	801	1			260		other	0
10108023_2	143	Sound	38	4117768	960	1			260		other	0
10108023_2	143	Response	1	4125108	8299	1
10108023_2	144	Sound	34	4136267	953	1			260		other	0
10108023_2	145	Sound	31	4156266	612	1			260		other	0
10108023_2	146	Sound	33	4182264	937	1			260		other	0
10108023_2	147	Sound	37	4198763	931	1			260		other	0
10108023_2	148	Sound	30	4218262	924	1			260		other	0
10108023_2	149	Sound	38	4235261	751	1			260		other	0
10108023_2	150	Sound	37	4252260	578	1			260		other	0
10108023_2	151	Sound	38	4276258	903	1			260		other	0
10108023_2	151	Response	1	4283257	7902	1
10108023_2	152	Sound	35	4298757	1062	1			260		other	0
10108023_2	153	Sound	35	4315756	889	1			260		other	0
10108023_2	154	Sound	40	4334255	1049	1			260		other	0
10108023_2	154	Response	1	4337414	4208	1
10108023_2	155	Sound	32	4353754	875	1			260		other	0
10108023_2	156	Sound	35	4380752	866	1			260		other	0
10108023_2	157	Sound	36	4408750	689	1			260		other	0
10108023_2	158	Sound	31	4431749	1014	1			260		other	0
10108023_2	159	Sound	39	4452248	840	1			260		other	0
10108023_2	160	Sound	32	4472746	1000	1			260		other	0
10108023_2	161	Sound	30	4494745	659	1			260		other	0
10108023_2	162	Sound	30	4516744	984	1			260		other	0
10108023_2	163	Sound	36	4534243	644	1			260		other	0
10108023_2	164	Sound	36	4561241	801	1			260		other	0
10108023_2	165	Sound	40	4580240	961	1			260		other	0
10108023_2	165	Response	1	4583399	4120	1
10108023_2	166	Sound	32	4601239	787	1			260		other	0
10108023_2	167	Sound	33	4620238	947	1			260		other	0
10108023_2	168	Sound	30	4646236	771	1			260		other	0
10108023_2	169	Sound	36	4666735	597	1			260		other	0
10108023_2	170	Sound	31	4692733	588	1			260		other	0
10108023_2	171	Sound	38	4721232	577	1			260		other	0
10108023_2	172	Sound	39	4749730	901	1			260		other	0
10108023_2	173	Sound	33	4771729	726	1			260		other	0
10108023_2	175	Response	255	4864342	65085	1
10108023_2	177	Sound	38	4946218	831	1			260		other	0
10108023_2	178	Sound	35	4968217	656	1			260		other	0
10108023_2	179	Sound	33	4997215	646	1			260		other	0
10108023_2	180	Sound	37	5026213	802	1			260		other	0
10108023_2	181	Sound	32	5051212	960	1			260		other	0
10108023_2	182	Sound	35	5077210	784	1			260		other	0
10108023_2	183	Sound	32	5094709	611	1			260		other	0
10108023_2	184	Sound	39	5118208	603	1			260		other	0
10108023_2	185	Sound	39	5138207	762	1			260		other	0
10108023_2	185	Response	1	5150484	13040	1
10108023_2	186	Sound	39	5160205	921	1			260		other	0
10108023_2	186	Response	1	5166243	6959	2
10108023_2	187	Sound	37	5189204	744	1			260		other	0
10108023_2	188	Sound	40	5209202	1070	1			260		other	0
10108023_2	188	Response	1	5212721	4588	1
10108023_2	189	Sound	37	5230201	1063	1			260		other	0
10108023_2	190	Sound	30	5248200	723	1			260		other	0
10108023_2	191	Sound	34	5268199	882	1			260		other	0
10108023_2	192	Sound	34	5284698	1043	1			260		other	0
10108023_2	193	Sound	32	5307696	1035	1			260		other	0
10108023_2	194	Sound	38	5332195	693	1			260		other	0
10108023_2	195	Sound	30	5356193	684	1			260		other	0
10108023_2	196	Sound	39	5383692	841	1			260		other	0
10108023_2	197	Sound	34	5406191	1000	1			260		other	0
10108023_2	198	Sound	38	5422690	994	1			260		other	0
10108023_2	199	Sound	30	5450688	651	1			260		other	0
10108023_2	200	Sound	35	5477186	974	1			260		other	0
10108023_2	201	Sound	36	5506185	631	1			260		other	0
10108023_2	202	Sound	32	5524683	791	1			260		other	0
10108023_2	203	Sound	33	5547182	783	1			260		other	0
10108023_2	204	Sound	31	5568181	775	1			260		other	0
10108023_2	205	Sound	40	5586680	935	1			260		other	0
10108023_2	205	Response	1	5590457	4713	1
10108023_2	206	Sound	34	5605179	595	1			260		other	0
10108023_2	207	Sound	37	5626177	588	1			260		other	0
10108023_2	208	Sound	30	5643676	748	1			260		other	0
10108023_2	209	Sound	39	5666175	1074	1			260		other	0
10108023_2	210	Sound	36	5695173	897	1			260		other	0
10108023_2	211	Sound	36	5711672	891	1			260		other	0
10108023_2	212	Sound	31	5736171	882	1			260		other	0
10108023_2	213	Sound	30	5761669	1040	1			260		other	0
10108023_2	214	Sound	33	5782668	866	1			260		other	0
10108023_2	215	Sound	36	5810666	855	1			260		other	0
10108023_2	216	Sound	31	5829165	1016	1			260		other	0
10108023_2	217	Sound	35	5853664	1007	1			260		other	0
10108023_2	218	Sound	33	5879162	664	1			260		other	0
10108023_2	219	Sound	40	5907660	988	1			260		other	0
10108023_2	219	Response	1	5911557	4885	1
10108023_2	220	Sound	40	5931159	812	1			260		other	0
10108023_2	220	Response	1	5934916	4570	1
10108023_2	221	Sound	32	5960157	969	1			260		other	0
10108023_2	222	Sound	31	5982156	794	1			260		other	0
10108023_2	223	Sound	33	6006154	786	1			260		other	0
10108023_2	224	Sound	40	6028653	778	1			260		other	0
10108023_2	224	Response	1	6032510	4634	1
10108023_2	225	Sound	37	6053652	769	1			260		other	0
10108023_2	226	Sound	38	6074650	761	1			260		other	0
10108023_2	227	Sound	36	6099649	919	1			260		other	0
10108023_2	228	Sound	35	6125147	743	1			260		other	0
10108023_2	229	Sound	34	6146646	902	1			260		other	0
10108023_2	230	Sound	31	6174644	892	1			260		other	0
10108023_2	231	Sound	38	6194643	885	1			260		other	0
10108023_2	233	Response	255	6318492	97813	1
10108023_2	235	Sound	10	6396631	813	1			260		other	0
10108023_2	236	Sound	16	6420630	971	1			260		other	0
10108023_2	237	Sound	14	6446628	795	1			260		other	0
10108023_2	238	Sound	11	6464627	956	1			260		other	0
10108023_2	239	Sound	11	6486126	948	1			260		other	0
10108023_2	240	Sound	15	6505624	774	1			260		other	0
10108023_2	240	Response	1	6511120	6270	1
10108023_2	241	Sound	19	6530123	599	1			260		other	0
10108023_2	242	Sound	18	6552122	591	1			260		other	0
10108023_2	242	Response	1	6555918	4387	1
10108023_2	243	Sound	10	6574120	583	1			260		other	0
10108023_2	244	Sound	18	6592619	910	1			260		other	0
10108023_2	244	Response	1	6596795	5085	1
10108023_2	245	Sound	16	6619618	734	1			260		other	0
10108023_2	245	Response	1	6626073	7189	1
10108023_2	246	Sound	19	6642616	725	1			260		other	0
10108023_2	246	Response	1	6645512	3621	1
10108023_2	247	Sound	13	6658615	720	1			260		other	0
10108023_2	247	Response	1	6662551	4655	1
10108023_2	248	Sound	10	6679114	879	1			260		other	0
10108023_2	249	Sound	11	6700113	705	1			260		other	0
10108023_2	250	Sound	16	6723612	1030	1			260		other	0
10108023_2	250	Response	1	6727427	4846	1
10108023_2	251	Sound	18	6745110	689	1			260		other	0
10108023_2	251	Response	1	6747906	3485	1
10108023_2	252	Sound	17	6764609	1015	1			260		other	0
10108023_2	252	Response	1	6768704	5111	1
10108023_2	253	Sound	20	6784108	841	1			260		other	0
10108023_2	253	Response	1	6787664	4397	1
10108023_2	254	Sound	13	6807606	666	1			260		other	0
10108023_2	254	Response	1	6813262	6322	1
10108023_2	255	Sound	17	6830105	658	1			260		other	0
10108023_2	255	Response	1	6833580	4134	1
10108023_2	256	Sound	18	6846104	986	1			260		other	0
10108023_2	256	Response	1	6859819	14701	1
10108023_2	257	Sound	19	6866603	979	1			260		other	0
10108023_2	257	Response	1	6870458	4834	1
10108023_2	258	Sound	20	6893101	803	1			260		other	0
10108023_2	258	Response	1	6895417	3118	1
10108023_2	259	Sound	14	6919100	960	1			260		other	0
10108023_2	260	Sound	10	6945598	951	1			260		other	0
10108023_2	261	Sound	19	6970597	775	1			260		other	0
10108023_2	261	Response	1	6974452	4630	1
10108023_2	262	Sound	12	6990095	768	1			260		other	0
10108023_2	263	Sound	12	7009594	594	1			260		other	0
10108023_2	263	Response	1	7015569	6569	1
10108023_2	264	Sound	13	7034093	586	1			260		other	0
10108023_2	264	Response	1	7039088	5581	1
10108023_2	265	Sound	14	7052592	913	1			260		other	0
10108023_2	265	Response	1	7056847	5168	1
10108023_2	266	Sound	13	7081090	1069	1			260		other	0
10108023_2	267	Sound	13	7109588	1059	1			260		other	0
10108023_2	268	Sound	11	7131587	884	1			260		other	0
10108023_2	269	Sound	12	7157086	1042	1			260		other	0
10108023_2	270	Sound	20	7181584	866	1			260		other	0
10108023_2	270	Response	1	7185479	4761	1
10108023_2	271	Sound	15	7204583	1025	1			260		other	0
10108023_2	271	Response	1	7215157	11599	1
10108023_2	272	Sound	16	7226581	684	1			260		other	0
10108023_2	272	Response	1	7230436	4538	1
10108023_2	273	Sound	16	7250580	842	1			260		other	0
10108023_2	273	Response	1	7254755	5016	1
10108023_2	274	Sound	17	7275578	666	1			260		other	0
10108023_2	274	Response	1	7279633	4721	2
10108023_2	275	Sound	14	7299077	658	1			260		other	0
10108023_2	275	Response	1	7302112	3693	1
10108023_2	276	Sound	12	7322075	983	1			260		other	0
10108023_2	277	Sound	15	7345574	975	1			260		other	0
10108023_2	277	Response	1	7349549	4949	1
10108023_2	278	Sound	15	7368073	800	1			260		other	0
10108023_2	278	Response	1	7372027	4754	1
10108023_2	279	Sound	12	7384572	627	1			260		other	0
10108023_2	280	Sound	17	7411070	618	1			260		other	0
10108023_2	280	Response	1	7414425	3972	1
10108023_2	281	Sound	17	7436569	775	1			260		other	0
10108023_2	281	Response	1	7440583	4790	1
10108023_2	282	Sound	18	7458067	601	1			260		other	0
10108023_2	283	Sound	19	7478066	594	1			260		other	0
10108023_2	283	Response	1	7481061	3588	1
10108023_2	284	Sound	20	7497065	754	1			260		other	0
10108023_2	284	Response	1	7500260	3948	1
10108023_2	285	Sound	20	7512564	582	1			260		other	0
10108023_2	285	Response	1	7515538	3556	1
10108023_2	286	Sound	14	7533563	741	1			260		other	0
10108023_2	287	Sound	11	7550062	1068	1			260		other	0
10108023_2	288	Sound	15	7574060	893	1			260		other	0
10108023_2	289	Sound	10	7599059	884	1			260		other	0
10108023_2	291	Response	255	7734165	118239	1
10108023_2	293	Sound	58	7809046	976	1			260		other	0
10108023_2	293	Response	1	7814160	6090	1
10108023_2	294	Sound	59	7827045	803	1			260		other	0
10108023_2	294	Response	1	7830079	3837	1
10108023_2	295	Sound	53	7853044	627	1			260		other	0
10108023_2	295	Response	1	7856957	4541	1
10108023_2	296	Sound	52	7877042	785	1			260		other	0
10108023_2	296	Response	1	7893435	17178	1
10108023_2	297	Sound	54	7899541	944	1			260		other	0
10108023_2	297	Response	1	7903275	4677	1
10108023_2	298	Sound	60	7919540	936	1			260		other	0
10108023_2	298	Response	1	7921834	3230	1
10108023_2	299	Sound	59	7939039	596	1			260		other	0
10108023_2	299	Response	1	7943672	5230	1
10108023_2	300	Sound	57	7959537	589	1			260		other	0
10108023_2	301	Sound	50	7983536	747	1			260		other	0
10108023_2	302	Sound	57	8010534	570	1			260		other	0
10108023_2	302	Response	1	8015108	5144	1
10108023_2	303	Sound	60	8030533	1064	1			260		other	0
10108023_2	303	Response	1	8034147	4677	1
10108023_2	304	Sound	59	8052032	723	1			260		other	0
10108023_2	304	Response	1	8057905	6596	1
10108023_2	305	Sound	51	8072030	715	1			260		other	0
10108023_2	306	Sound	50	8096029	1040	1			260		other	0
10108023_2	307	Sound	54	8123027	864	1			260		other	0
10108023_2	308	Sound	53	8143026	690	1			260		other	0
10108023_2	309	Sound	56	8166025	682	1			260		other	0
10108023_2	309	Response	1	8169978	4635	1
10108023_2	310	Sound	55	8194523	838	1			260		other	0
10108023_2	311	Sound	59	8217022	664	1			260		other	0
10108023_2	311	Response	1	8221095	4737	1
10108023_2	312	Sound	53	8244020	987	1			260		other	0
10108023_2	312	Response	1	8247093	4060	1
10108023_2	313	Sound	56	8261519	648	1			260		other	0
10108023_2	313	Response	1	8267812	6941	1
10108023_2	314	Sound	58	8279518	975	1			260		other	0
10108023_2	314	Response	1	8282931	4388	1
10108023_2	315	Sound	58	8305017	799	1			260		other	0
10108023_2	315	Response	1	8308450	4232	1
10108023_2	316	Sound	51	8323016	793	1			260		other	0
10108023_2	317	Sound	55	8346014	951	1			260		other	0
10108023_2	317	Response	1	8350207	5144	1
10108023_2	318	Sound	50	8374512	941	1			260		other	0
10108023_2	319	Sound	52	8392511	934	1			260		other	0
10108023_2	320	Sound	57	8418010	925	1			260		other	0
10108023_2	320	Response	1	8423563	6478	1
10108023_2	321	Sound	51	8442508	583	1			260		other	0
10108023_2	321	Response	1	8452681	10756	1
10108023_2	322	Sound	52	8469007	574	1			260		other	0
10108023_2	322	Response	1	8469720	1287	1
10108023_2	323	Sound	51	8497005	897	1			260		other	0
10108023_2	324	Sound	50	8525003	887	1			260		other	0
10108023_2	325	Sound	54	8550002	878	1			260		other	0
10108023_2	325	Response	1	8550915	1791	1
10108023_2	326	Sound	54	8576500	869	1			260		other	0
10108023_2	326	Response	1	8581553	5921	1
10108023_2	327	Sound	58	8597999	695	1			260		other	0
10108023_2	327	Response	1	8601392	4088	1
10108023_2	328	Sound	51	8620498	1020	1			260		other	0
10108023_2	329	Sound	55	8648996	1010	1			260		other	0
10108023_2	330	Sound	60	8670495	1002	1			260		other	0
10108023_2	330	Response	1	8673707	4214	1
10108023_2	331	Sound	56	8688993	995	1			260		other	0
10108023_2	331	Response	1	8694266	6268	1
10108023_2	332	Sound	53	8713992	820	1			260		other	0
10108023_2	332	Response	1	8719545	6372	1
10108023_2	333	Sound	54	8741490	810	1			260		other	0
10108023_2	334	Sound	55	8758489	970	1			260		other	0
10108023_2	334	Response	1	8764182	6663	1
10108023_2	335	Sound	56	8784988	794	1			260		other	0
10108023_2	335	Response	1	8789460	5267	1
10108023_2	336	Sound	56	8809486	952	1			260		other	0
10108023_2	336	Response	1	8818099	9565	1
10108023_2	337	Sound	52	8829485	945	1			260		other	0
10108023_2	338	Sound	60	8849984	604	1			260		other	0
10108023_2	338	Response	1	8853696	4317	1
10108023_2	339	Sound	57	8866483	932	1			260		other	0
10108023_2	340	Sound	53	8894981	922	1			260		other	0
10108023_2	341	Sound	50	8915480	914	1			260		other	0
10108023_2	342	Sound	52	8937979	573	1			260		other	0
10108023_2	343	Sound	59	8959977	565	1			260		other	0
10108023_2	343	Response	1	8964249	4837	1
10108023_2	344	Sound	60	8977476	726	1			260		other	0
10108023_2	344	Response	1	8980408	3658	1
10108023_2	345	Sound	58	9005974	715	1			260		other	0
10108023_2	346	Sound	57	9025973	875	1			260		other	0
10108023_2	347	Sound	55	9042972	1037	1			260		other	0
10108023_2	349	Response	255	9192955	131600	1
10108023_2	351	Sound	14	9262959	791	1			260		other	0
10108023_2	352	Sound	14	9282458	617	1			260		other	0
10108023_2	353	Sound	10	9308956	774	1			260		other	0
10108023_2	354	Sound	16	9333955	932	1			260		other	0
10108023_2	354	Response	1	9339746	6723	1
10108023_2	355	Sound	11	9353454	758	1			260		other	0
10108023_2	356	Sound	11	9370453	919	1			260		other	0
10108023_2	357	Sound	14	9394451	577	1			260		other	0
10108023_2	357	Response	1	9402463	8588	1
10108023_2	358	Sound	18	9422449	734	1			260		other	0
10108023_2	358	Response	1	9427741	6025	1
10108023_2	359	Sound	20	9445948	892	1			260		other	0
10108023_2	359	Response	1	9448059	3003	1
10108023_2	360	Sound	18	9464947	885	1			260		other	0
10108023_2	361	Sound	11	9482446	1046	1			260		other	0
10108023_2	362	Sound	15	9499445	873	1			260		other	0
10108023_2	363	Sound	13	9516944	1033	1			260		other	0
10108023_2	364	Sound	17	9538443	692	1			260		other	0
10108023_2	364	Response	1	9543094	5344	1
10108023_2	365	Sound	15	9565441	849	1			260		other	0
10108023_2	366	Sound	17	9581440	843	1			260		other	0
10108023_2	367	Sound	14	9606938	1001	1			260		other	0
10108023_2	367	Response	1	9611250	5312	1
10108023_2	368	Sound	12	9629937	659	1			260		other	0
10108023_2	369	Sound	16	9652436	818	1			260		other	0
10108023_2	370	Sound	18	9680434	975	1			260		other	0
10108023_2	370	Response	1	9685085	5626	1
10108023_2	371	Sound	17	9698933	802	1			260		other	0
10108023_2	371	Response	1	9703404	5273	1
10108023_2	372	Sound	17	9720432	794	1			260		other	0
10108023_2	372	Response	1	9724442	4805	1
10108023_2	373	Sound	12	9747930	784	1			260		other	0
10108023_2	373	Response	1	9751961	4815	1
10108023_2	374	Sound	10	9774928	608	1			260		other	0
10108023_2	374	Response	1	9779239	4918	1
10108023_2	375	Sound	19	9802927	932	1			260		other	0
10108023_2	375	Response	1	9806357	4363	1
10108023_2	376	Sound	20	9819426	759	1			260		other	0
10108023_2	376	Response	1	9822917	4250	1
10108023_2	377	Sound	14	9841924	917	1			260		other	0
10108023_2	377	Response	1	9847795	6788	1
10108023_2	378	Sound	10	9861423	744	1			260		other	0
10108023_2	379	Sound	16	9879422	1071	1			260		other	0
10108023_2	379	Response	1	9885153	6801	1
10108023_2	380	Sound	12	9899921	1063	1			260		other	0
10108023_2	381	Sound	17	9926419	887	1			260		other	0
10108023_2	381	Response	1	9928030	2498	1
10108023_2	382	Sound	16	9952418	1045	1			260		other	0
10108023_2	382	Response	1	9960748	9375	1
10108023_2	383	Sound	13	9974916	1037	1			260		other	0
10108023_2	383	Response	1	9979307	5427	1
10108023_2	384	Sound	20	10000915	1027	1			260		other	0
10108023_2	384	Response	1	10003385	3498	1
10108023_2	385	Sound	20	10024913	685	1			260		other	0
10108023_2	385	Response	1	10027784	3556	1
10108023_2	386	Sound	13	10048412	844	1			260		other	0
10108023_2	387	Sound	18	10066411	837	1			260		other	0
10108023_2	388	Sound	15	10092909	828	1			260		other	0
10108023_2	388	Response	1	10098820	6738	1
10108023_2	389	Sound	19	10114408	653	1			260		other	0
10108023_2	390	Sound	13	10130407	982	1			260		other	0
10108023_2	390	Response	1	10135537	6112	1
10108023_2	391	Sound	12	10156905	972	1			260		other	0
10108023_2	392	Sound	19	10185404	795	1			260		other	0
10108023_2	392	Response	1	10189454	4845	1
10108023_2	393	Sound	11	10207902	953	1			260		other	0
10108023_2	394	Sound	10	10233901	611	1			260		other	0
10108023_2	395	Response	1	10255450	486	1
10108023_2	395	Sound	15	10255900	936	1			260		other	0
10108023_2	396	Sound	19	10281398	760	1			260		other	0
10108023_2	397	Sound	13	10306896	751	1			260		other	0
10108023_2	397	Response	1	10310486	4341	1
10108023_2	398	Sound	18	10327895	911	1			260		other	0
10108023_2	398	Response	1	10332565	5580	1
10108023_2	399	Sound	20	10351394	902	1			260		other	0
10108023_2	399	Response	1	10354404	3912	1
10108023_2	400	Sound	11	10373392	1061	1			260		other	0
10108023_2	401	Sound	15	10400391	885	1			260		other	0
10108023_2	402	Sound	19	10416390	712	1			260		other	0
10108023_2	402	Response	1	10420559	4882	1
10108023_2	403	Sound	12	10440388	870	1			260		other	0
10108023_2	403	Response	1	10452478	12959	1
10108023_2	404	Sound	10	10468887	694	1			260		other	0
10108023_2	405	Sound	16	10486886	1021	1			260		other	0
10108023_2	405	Response	1	10491355	5490	1
10108023_2	407	Response	255	13533168	3022549	1
10108023_2	409	Sound	60	13607698	574	1			260		other	0
10108023_2	409	Response	1	13611323	4199	1
10108023_2	410	Sound	50	13625697	734	1			260		other	0
10108023_2	411	Sound	56	13647696	726	1			260		other	0
10108023_2	412	Sound	60	13668195	886	1			260		other	0
10108023_2	412	Response	1	13670280	2971	1
10108023_2	413	Sound	53	13690693	711	1			260		other	0
10108023_2	414	Sound	50	13708692	871	1			260		other	0
10108023_2	415	Sound	56	13729191	864	1			260		other	0
10108023_2	415	Response	1	13734756	6429	1
10108023_2	416	Sound	60	13758189	854	1			260		other	0
10108023_2	416	Response	1	13760514	3178	1
10108023_2	417	Sound	55	13777188	680	1			260		other	0
10108023_2	418	Sound	57	13800687	1005	1			260		other	0
10108023_2	418	Response	1	13805311	5630	1
10108023_2	419	Sound	50	13828685	662	1			260		other	0
10108023_2	420	Sound	55	13856683	819	1			260		other	0
10108023_2	420	Response	1	13859708	3843	1
10108023_2	421	Sound	50	13877182	978	1			260		other	0
10108023_2	422	Sound	54	13896181	638	1			260		other	0
10108023_2	422	Response	1	13903785	8242	1
10108023_2	423	Sound	51	13919180	963	1			260		other	0
10108023_2	423	Response	1	13923944	5727	1
10108023_2	424	Sound	55	13941678	955	1			260		other	0
10108023_2	424	Response	1	13947542	6819	1
10108023_2	425	Sound	56	13970177	945	1			260		other	0
10108023_2	425	Response	1	13973941	4709	1
10108023_2	426	Sound	56	13995175	936	1			260		other	0
10108023_2	426	Response	1	14002739	8500	1
10108023_2	427	Response	1	14023298	550	1
10108023_2	427	Sound	51	14023673	926	1			260		other	0
10108023_2	428	Sound	52	14041672	919	1			260		other	0
10108023_2	428	Response	1	14044097	3344	1
10108023_2	429	Sound	57	14059671	579	1			260		other	0
10108023_2	429	Response	1	14063295	4203	1
10108023_2	430	Sound	54	14084170	737	1			260		other	0
10108023_2	430	Response	1	14088654	5221	1
10108023_2	431	Sound	53	14108168	729	1			260		other	0
10108023_2	431	Response	1	14116812	9373	1
10108023_2	432	Sound	59	14130667	1054	1			260		other	0
10108023_2	432	Response	1	14135131	5518	1
10108023_2	433	Sound	59	14153166	1046	1			260		other	0
10108023_2	433	Response	1	14157210	5090	1
10108023_2	434	Sound	52	14177164	872	1			260		other	0
10108023_2	435	Sound	57	14196663	697	1			260		other	0
10108023_2	435	Response	1	14202646	6681	1
10108023_2	436	Sound	52	14218162	690	1			260		other	0
10108023_2	436	Response	1	14231925	14453	1
10108023_2	437	Sound	55	14244160	1014	1			260		other	0
10108023_2	437	Response	1	14260723	17577	1
10108023_2	438	Sound	51	14268659	838	1			260		other	0
10108023_2	439	Sound	58	14296657	995	1			260		other	0
10108023_2	439	Response	1	14303120	7458	1
10108023_2	440	Sound	60	14316656	821	1			260		other	0
10108023_2	440	Response	1	14319759	3925	2
10108023_2	441	Sound	53	14342654	645	1			260		other	0
10108023_2	442	Response	1	14361037	522	1
10108023_2	442	Sound	51	14361153	638	1			260		other	0
10108023_2	443	Sound	54	14386652	963	1			260		other	0
10108023_2	444	Sound	57	14403651	957	1			260		other	0
10108023_2	444	Response	1	14408394	5700	1
10108023_2	445	Sound	52	14422150	617	1			260		other	0
10108023_2	446	Sound	59	14443648	942	1			260		other	0
10108023_2	446	Response	1	14448392	5686	1
10108023_2	447	Sound	57	14468147	767	1			260		other	0
10108023_2	447	Response	1	14472870	5490	1
10108023_2	448	Sound	58	14490146	759	1			260		other	0
10108023_2	448	Response	1	14494309	4923	1
10108023_2	449	Sound	58	14507144	920	1			260		other	0
10108023_2	449	Response	1	14513908	7683	1
10108023_2	450	Sound	52	14531643	744	1			260		other	0
10108023_2	450	Response	1	14547585	16687	1
10108023_2	451	Sound	53	14560641	734	1			260		other	0
10108023_2	451	Response	1	14564144	4237	1
10108023_2	452	Sound	50	14584140	892	1			260		other	0
10108023_2	452	Response	1	14586863	3616	1
10108023_2	453	Sound	59	14603139	1052	1			260		other	0
10108023_2	453	Response	1	14606782	4696	1
10108023_2	454	Sound	51	14629137	710	1			260		other	0
10108023_2	454	Response	1	14629500	1073	1
10108023_2	455	Sound	54	14657635	700	1			260		other	0
10108023_2	455	Response	1	14663578	6642	1
10108023_2	456	Sound	54	14678634	859	1			260		other	0
10108023_2	456	Response	1	14683417	5642	1
10108023_2	457	Response	1	14700936	154	1
10108023_2	457	Sound	55	14701633	850	1			260		other	0
10108023_2	458	Sound	60	14724631	676	1			260		other	0
10108023_2	458	Response	1	14730614	6658	1
10108023_2	459	Sound	59	14746630	835	1			260		other	0
10108023_2	459	Response	1	14754853	9057	1
10108023_2	460	Sound	53	14769129	660	1			260		other	0
10108023_2	461	Response	1	14797890	412	1
10108023_2	461	Sound	58	14798127	649	1			260		other	0
10108023_2	462	Sound	58	14817126	643	1			260		other	0
10108023_2	462	Response	1	14823248	6765	1
10108023_2	463	Sound	56	14838625	968	1			260		other	0
10108023_2	465	Response	255	14932442	77700	1
10108023_2	467	Sound	60	15009114	741	1			260		other	0
10108023_2	467	Response	1	15012197	3823	1
10108023_2	468	Sound	50	15030613	900	1			260		other	0
10108023_2	469	Sound	52	15050612	1059	1			260		other	0
10108023_2	470	Sound	50	15074610	717	1			260		other	0
10108023_2	471	Sound	59	15094609	1044	1			260		other	0
10108023_2	471	Response	1	15098911	5346	1
10108023_2	472	Sound	56	15116108	1036	1			260		other	0
10108023_2	472	Response	1	15120510	5438	1
10108023_2	473	Sound	58	15137606	695	1			260		other	0
10108023_2	473	Response	1	15140669	3757	1
10108023_2	474	Sound	55	15163605	852	1			260		other	0
10108023_2	474	Response	1	15173627	10874	1
10108023_2	475	Sound	54	15190103	843	1			260		other	0
10108023_2	476	Sound	60	15219602	999	1			260		other	0
10108023_2	476	Response	1	15221864	3261	1
10108023_2	477	Sound	59	15241600	658	1			260		other	0
10108023_2	477	Response	1	15244823	3880	1
10108023_2	478	Sound	58	15263099	984	1			260		other	0
10108023_2	478	Response	1	15266901	4786	1
10108023_2	479	Response	1	15288100	477	1
10108023_2	479	Sound	56	15288598	974	1			260		other	0
10108023_2	480	Sound	55	15315596	965	1			260		other	0
10108023_2	480	Response	1	15320818	6187	1
10108023_2	481	Sound	53	15343094	622	1			260		other	0
10108023_2	481	Response	1	15344416	1944	1
10108023_2	482	Sound	57	15362093	615	1			260		other	0
10108023_2	483	Sound	51	15380092	608	1			260		other	0
10108023_2	484	Sound	56	15406591	932	1			260		other	0
10108023_2	484	Response	1	15412572	6914	1
10108023_2	485	Sound	56	15423589	926	1			260		other	0
10108023_2	486	Sound	54	15449588	750	1			260		other	0
10108023_2	486	Response	1	15452970	4132	1
10108023_2	487	Sound	57	15471087	576	1			260		other	0
10108023_2	487	Response	1	15473768	3258	3
10108023_2	488	Sound	53	15491085	735	1			260		other	0
10108023_2	488	Response	1	15494967	4617	1
10108023_2	489	Sound	58	15517084	726	1			260		other	0
10108023_2	489	Response	1	15518965	2608	2
10108023_2	490	Sound	59	15539582	885	1			260		other	0
10108023_2	490	Response	1	15543684	4987	1
10108023_2	491	Sound	54	15562081	877	1			260		other	0
10108023_2	491	Response	1	15567043	5838	1
10108023_2	492	Sound	52	15584080	702	1			260		other	0
10108023_2	492	Response	1	15590641	7264	1
10108023_2	493	Sound	50	15606078	1028	1			260		other	0
10108023_2	494	Sound	51	15633077	852	1			260		other	0
10108023_2	495	Sound	50	15661075	675	1			260		other	0
10108023_2	496	Sound	53	15683074	834	1			260		other	0
10108023_2	497	Sound	55	15704073	659	1			260		other	0
10108023_2	497	Response	1	15709434	6021	1
10108023_2	498	Sound	53	15728571	984	1			260		other	0
10108023_2	498	Response	1	15733033	5446	1
10108023_2	498	Response	1	15752071	24484	1
10108023_2	499	Sound	60	15753070	642	1			260		other	0
10108023_2	500	Sound	54	15779568	799	1			260		other	0
10108023_2	501	Sound	57	15806067	623	1			260		other	0
10108023_2	502	Sound	57	15831065	948	1			260		other	0
10108023_2	502	Response	1	15835906	5789	1
10108023_2	503	Sound	52	15848064	941	1			260		other	0
10108023_2	503	Response	1	15855345	8222	1
10108023_2	504	Sound	51	15874562	932	1			260		other	0
10108023_2	505	Sound	55	15902561	922	1			260		other	0
10108023_2	506	Sound	58	15920560	749	1			260		other	0
10108023_2	506	Response	1	15927261	7450	1
10108023_2	507	Sound	59	15941558	908	1			260		other	0
10108023_2	507	Response	1	15947339	6689	1
10108023_2	508	Sound	52	15967557	899	1			260		other	0
10108023_2	509	Sound	51	15994055	723	1			260		other	0
10108023_2	510	Sound	51	16015054	882	1			260		other	0
10108023_2	510	Response	1	16035174	21002	1
10108023_2	511	Sound	59	16036053	708	1			260		other	0
10108023_2	511	Response	1	16045013	9668	1
10108023_2	512	Sound	53	16054052	701	1			260		other	0
10108023_2	512	Response	1	16073411	20061	1
10108023_2	513	Sound	54	16078550	1026	1			260		other	0
10108023_2	514	Sound	58	16106549	683	1			260		other	0
10108023_2	514	Response	1	16111409	5543	1
10108023_2	515	Sound	60	16124547	843	1			260		other	0
10108023_2	515	Response	1	16127568	3863	1
10108023_2	516	Sound	57	16148046	834	1			260		other	0
10108023_2	516	Response	1	16152047	4835	1
10108023_2	517	Sound	60	16166045	661	1			260		other	0
10108023_2	517	Response	1	16168845	3462	1
10108023_2	518	Sound	50	16192043	652	1			260		other	0
10108023_2	518	Response	1	16198764	7372	1
10108023_2	519	Sound	55	16218042	809	1			260		other	0
10108023_2	520	Sound	56	16238540	802	1			260		other	0
10108023_2	521	Sound	52	16261539	794	1			260		other	0
10108023_2	523	Response	255	17775467	1496469	1
10108023_2	524	Response	1	17823304	47813	1
10108023_2	525	Sound	53	17843944	729	1			260		other	0
10108023_2	526	Sound	57	17872942	721	1			260		other	0
10108023_2	526	Response	1	17875941	3719	1
10108023_2	527	Sound	59	17900941	1042	1			260		other	0
10108023_2	527	Response	1	17904739	4840	1
10108023_2	528	Sound	54	17926439	1033	1			260		other	0
10108023_2	528	Response	1	17929217	3811	1
10108023_2	529	Sound	55	17954438	690	1			260		other	0
10108023_2	530	Response	1	17971855	935	1
10108023_2	530	Sound	60	17971937	1017	1			260		other	0
10108023_2	531	Sound	54	17993435	676	1			260		other	0
10108023_2	531	Response	1	17997373	4614	1
10108023_2	532	Sound	60	18011934	1003	1			260		other	0
10108023_2	532	Response	1	18014012	3081	1
10108023_2	533	Sound	50	18031433	662	1			260		other	0
10108023_2	534	Sound	54	18057931	653	1			260		other	0
10108023_2	535	Sound	52	18082430	811	1			260		other	0
10108023_2	536	Sound	53	18103429	637	1			260		other	0
10108023_2	536	Response	1	18108166	5374	1
10108023_2	537	Sound	52	18131427	960	1			260		other	0
10108023_2	538	Sound	56	18151926	619	1			260		other	0
10108023_2	538	Response	1	18156003	4697	1
10108023_2	539	Sound	51	18179424	943	1			260		other	0
10108023_2	539	Response	1	18182641	4160	1
10108023_2	540	Sound	59	18198923	769	1			260		other	0
10108023_2	540	Response	1	18203200	5047	1
10108023_2	541	Sound	55	18217922	929	1			260		other	0
10108023_2	541	Response	1	18220879	3887	1
10108023_2	542	Sound	52	18236421	923	1			260		other	0
10108023_2	542	Response	1	18245998	10500	1
10108023_2	543	Sound	59	18260419	581	1			260		other	0
10108023_2	543	Response	1	18263277	3438	1
10108023_2	544	Sound	57	18280418	740	1			260		other	0
10108023_2	544	Response	1	18283515	3838	1
10108023_2	545	Sound	53	18308416	1064	1			260		other	0
10108023_2	545	Response	1	18311914	4561	1
10108023_2	546	Sound	58	18329415	723	1			260		other	0
10108023_2	546	Response	1	18330552	1860	1
10108023_2	547	Sound	55	18347414	1050	1			260		other	0
10108023_2	547	Response	1	18351271	4907	1
10108023_2	548	Sound	52	18366413	1043	1			260		other	0
10108023_2	548	Response	1	18369590	4220	1
10108023_2	548	Response	1	18388149	22779	1
10108023_2	549	Sound	52	18392911	1034	1			260		other	0
10108023_2	550	Sound	50	18421910	690	1			260		other	0
10108023_2	550	Response	1	18426626	5407	1
10108023_2	551	Sound	58	18440408	851	1			260		other	0
10108023_2	552	Sound	55	18462407	1009	1			260		other	0
10108023_2	552	Response	1	18465104	3706	1
10108023_2	553	Sound	54	18478906	670	1			260		other	0
10108023_2	553	Response	1	18486463	8226	1
10108023_2	554	Sound	55	18498905	829	1			260		other	0
10108023_2	554	Response	1	18501742	3666	1
10108023_2	555	Sound	54	18520404	821	1			260		other	0
10108023_2	556	Sound	50	18540402	814	1			260		other	0
10108023_2	557	Sound	51	18562901	973	1			260		other	0
10108023_2	558	Sound	56	18580900	967	1			260		other	0
10108023_2	558	Response	1	18584377	4443	1
10108023_2	559	Sound	59	18604899	791	1			260		other	0
10108023_2	559	Response	1	18609255	5148	1
10108023_2	560	Sound	53	18628397	783	1			260		other	0
10108023_2	560	Response	1	18633894	6279	1
10108023_2	561	Sound	58	18656395	606	1			260		other	0
10108023_2	561	Response	1	18663652	7862	1
10108023_2	562	Sound	51	18685394	929	1			260		other	0
10108023_2	563	Sound	50	18710892	920	1			260		other	0
10108023_2	564	Sound	56	18732391	913	1			260		other	0
10108023_2	564	Response	1	18733567	2089	1
10108023_2	565	Sound	57	18749390	740	1			260		other	0
10108023_2	566	Sound	58	18766889	900	1			260		other	0
10108023_2	566	Response	1	18771965	5976	1
10108023_2	567	Sound	57	18796387	1056	1			260		other	0
10108023_2	567	Response	1	18801883	6553	1
10108023_2	568	Sound	57	18823385	713	1			260		other	0
10108023_2	568	Response	1	18827002	4330	1
10108023_2	569	Sound	60	18843384	873	1			260		other	0
10108023_2	569	Response	1	18847160	4649	1
10108023_2	570	Sound	56	18859883	867	1			260		other	0
10108023_2	571	Sound	50	18883382	1025	1			260		other	0
10108023_2	572	Sound	51	18903881	851	1			260		other	0
10108023_2	573	Sound	51	18925879	843	1			260		other	0
10108023_2	574	Sound	60	18943878	670	1			260		other	0
10108023_2	574	Response	1	18947154	3946	2
10108023_2	575	Sound	53	18962377	997	1			260		other	0
10108023_2	576	Sound	60	18983876	823	1			260		other	0
10108023_2	576	Response	1	18986672	3620	1
10108023_2	577	Sound	58	19005375	982	1			260		other	0
10108023_2	578	Sound	56	19031873	639	1			260		other	0
10108023_2	579	Sound	59	19060371	629	1			260		other	0
10108023_2	579	Response	1	19064667	4925	1
10108023_2	581	Response	255	19123464	42302	1
10108023_2	583	Sound	37	19190864	916	1			260		other	0
10108023_2	584	Sound	33	19207362	910	1			260		other	0
10108023_2	585	Sound	36	19232361	901	1			260		other	0
10108023_2	586	Sound	40	19257859	892	1			260		other	0
10108023_2	586	Response	1	19261295	4328	1
10108023_2	587	Sound	39	19277358	885	1			260		other	0
10108023_2	587	Response	1	19285534	9060	1
10108023_2	588	Sound	34	19297857	877	1			260		other	0
10108023_2	589	Sound	36	19317356	704	1			260		other	0
10108023_2	590	Sound	30	19342854	861	1			260		other	0
10108023_2	591	Sound	37	19362353	854	1			260		other	0
10108023_2	592	Sound	30	19388352	845	1			260		other	0
10108023_2	593	Sound	38	19409850	838	1			260		other	0
10108023_2	594	Sound	40	19427349	998	1			260		other	0
10108023_2	594	Response	1	19430325	3973	1
10108023_2	595	Sound	31	19446348	658	1			260		other	0
10108023_2	596	Sound	38	19462847	652	1			260		other	0
10108023_2	597	Sound	39	19486346	643	1			260		other	0
10108023_2	598	Sound	33	19511344	968	1			260		other	0
10108023_2	599	Sound	32	19540343	958	1			260		other	0
10108023_2	600	Sound	30	19566841	948	1			260		other	0
10108023_2	601	Sound	35	19595339	771	1			260		other	0
10108023_2	602	Sound	40	19616338	597	1			260		other	0
10108023_2	602	Response	1	19619753	4012	1
10108023_2	603	Sound	37	19639337	756	1			260		other	0
10108023_2	604	Sound	33	19655835	750	1			260		other	0
10108023_2	605	Sound	30	19678334	742	1			260		other	0
10108023_2	606	Sound	31	19705333	732	1			260		other	0
10108023_2	607	Sound	33	19727331	1057	1			260		other	0
10108023_2	608	Sound	35	19753330	715	1			260		other	0
10108023_2	608	Response	1	19756704	4090	1
10108023_2	609	Sound	38	19779328	1039	1			260		other	0
10108023_2	610	Sound	38	19806326	1029	1			260		other	0
10108023_2	611	Sound	31	19833325	854	1			260		other	0
10108023_2	612	Sound	40	19857823	1011	1			260		other	0
10108023_2	613	Sound	32	19882822	669	1			260		other	0
10108023_2	614	Sound	40	19905321	994	1			260		other	0
10108023_2	614	Response	1	19908055	3729	1
10108023_2	615	Sound	39	19933319	984	1			260		other	0
10108023_2	616	Sound	36	19957817	808	1			260		other	0
10108023_2	617	Sound	32	19978816	968	1			260		other	0
10108023_2	618	Sound	32	20001315	626	1			260		other	0
10108023_2	619	Sound	35	20021814	953	1			260		other	0
10108023_2	620	Sound	38	20044312	611	1			260		other	0
10108023_2	621	Sound	37	20063311	604	1			260		other	0
10108023_2	622	Sound	39	20089809	761	1			260		other	0
10108023_2	623	Sound	30	20116308	919	1			260		other	0
10108023_2	624	Sound	34	20145306	742	1			260		other	0
10108023_2	625	Sound	35	20170805	566	1			260		other	0
10108023_2	626	Sound	34	20195303	1058	1			260		other	0
10108023_2	627	Sound	31	20216802	883	1			260		other	0
10108023_2	628	Sound	33	20241300	707	1			260		other	0
10108023_2	629	Sound	35	20259799	1034	1			260		other	0
10108023_2	630	Sound	34	20280798	1027	1			260		other	0
10108023_2	631	Sound	34	20305796	1018	1			260		other	0
10108023_2	632	Sound	36	20327295	843	1			260		other	0
10108023_2	633	Sound	36	20351294	668	1			260		other	0
10108023_2	634	Sound	32	20369793	661	1			260		other	0
10108023_2	635	Sound	39	20388292	988	1			260		other	0
10108023_2	636	Sound	37	20415790	980	1			260		other	0
10108023_2	637	Sound	31	20433789	972	1			260		other	0
10108023_2	639	Response	255	20519538	64968	1
10108023_2	641	Sound	14	20586780	917	1			260		other	0
10108023_2	641	Response	1	20587214	1351	1
10108023_2	642	Sound	19	20613778	741	1			260		other	0
10108023_2	642	Response	1	20616492	3455	1
10108023_2	643	Sound	18	20634277	734	1			260		other	0
10108023_2	644	Sound	17	20655276	893	1			260		other	0
10108023_2	644	Response	1	20658409	4027	1
10108023_2	645	Sound	16	20675274	886	1			260		other	0
10108023_2	646	Sound	16	20698273	711	1			260		other	0
10108023_2	647	Sound	19	20716772	1038	1			260		other	0
10108023_2	647	Response	1	20721765	6031	1
10108023_2	648	Sound	12	20742770	1029	1			260		other	0
10108023_2	648	Response	1	20747764	6022	1
10108023_2	649	Sound	13	20761769	1022	1			260		other	0
10108023_2	650	Sound	11	20786768	679	1			260		other	0
10108023_2	651	Sound	15	20814266	1003	1			260		other	0
10108023_2	651	Response	1	20816559	3296	1
10108023_2	652	Sound	20	20841764	993	1			260		other	0
10108023_2	652	Response	1	20845198	4427	1
10108023_2	653	Sound	11	20857763	654	1			260		other	0
10108023_2	654	Sound	17	20879762	980	1			260		other	0
10108023_2	654	Response	1	20895675	16892	1
10108023_2	655	Sound	12	20904761	637	1			260		other	0
10108023_2	656	Sound	14	20923759	631	1			260		other	0
10108023_2	657	Sound	18	20949758	955	1			260		other	0
10108023_2	657	Response	1	20953111	4308	1
10108023_2	658	Sound	10	20975256	779	1			260		other	0
10108023_2	659	Sound	10	20997255	771	1			260		other	0
10108023_2	659	Response	1	21009268	12784	1
10108023_2	660	Sound	18	21023753	762	1			260		other	0
10108023_2	660	Response	1	21030626	7634	1
10108023_2	661	Sound	16	21050752	752	1			260		other	0
10108023_2	661	Response	1	21056225	6225	1
10108023_2	662	Sound	14	21068251	579	1			260		other	0
10108023_2	662	Response	1	21074543	6871	1
10108023_2	663	Sound	17	21094749	903	1			260		other	0
10108023_2	663	Response	1	21098382	4535	2
10108023_2	664	Sound	13	21115748	1062	1			260		other	0
10108023_2	665	Sound	15	21137747	888	1			260		other	0
10108023_2	665	Response	1	21142299	5440	1
10108023_2	666	Sound	14	21160245	1046	1			260		other	0
10108023_2	667	Sound	10	21183744	1038	1			260		other	0
10108023_2	668	Sound	20	21200743	1032	1			260		other	0
10108023_2	668	Response	1	21205175	5464	1
10108023_2	669	Sound	13	21217242	1026	1			260		other	0
10108023_2	670	Sound	15	21240740	1017	1			260		other	0
10108023_2	671	Sound	14	21258739	844	1			260		other	0
10108023_2	671	Response	1	21265891	7996	1
10108023_2	672	Sound	18	21283238	836	1			260		other	0
10108023_2	672	Response	1	21297170	14768	1
10108023_2	673	Sound	12	21307736	660	1			260		other	0
10108023_2	674	Sound	11	21325235	654	1			260		other	0
10108023_2	674	Response	1	21335567	10986	1
10108023_2	675	Sound	19	21346734	980	1			260		other	0
10108023_2	675	Response	1	21352206	6452	1
10108023_2	676	Sound	13	21368233	639	1			260		other	0
10108023_2	676	Response	1	21371405	3811	1
10108023_2	677	Sound	15	21385232	966	1			260		other	0
10108023_2	677	Response	1	21389964	5698	1
10108023_2	678	Sound	20	21406231	959	1			260		other	0
10108023_2	678	Response	1	21409883	4611	1
10108023_2	679	Sound	17	21424729	952	1			260		other	0
10108023_2	679	Response	1	21434521	10744	1
10108023_2	680	Sound	13	21446228	611	1			260		other	0
10108023_2	680	Response	1	21452680	7063	1
10108023_2	681	Sound	16	21463227	605	1			260		other	0
10108023_2	681	Response	1	21468199	5577	2
10108023_2	682	Sound	15	21480226	765	1			260		other	0
10108023_2	682	Response	1	21494438	14977	1
10108023_2	683	Sound	10	21504725	757	1			260		other	0
10108023_2	684	Sound	17	21521224	584	1			260		other	0
10108023_2	685	Sound	12	21538222	911	1			260		other	0
10108023_2	686	Sound	19	21555222	739	1			260		other	0
10108023_2	687	Sound	11	21582220	896	1			260		other	0
10108023_2	687	Response	1	21595311	13987	1
10108023_2	688	Sound	20	21604718	721	1			260		other	0
10108023_2	688	Response	1	21611710	7712	1
10108023_2	689	Sound	19	21630717	879	1			260		other	0
10108023_2	689	Response	1	21638589	8750	1
10108023_2	690	Sound	11	21653716	870	1			260		other	0
10108023_2	691	Sound	12	21675214	862	1			260		other	0
10108023_2	691	Response	1	21679626	5274	1
10108023_2	692	Sound	18	21695713	855	1			260		other	0
10108023_2	693	Sound	16	21721711	1013	1			260		other	0
10108023_2	694	Sound	10	21747210	1004	1			260		other	0
10108023_2	695	Sound	20	21774708	994	1			260		other	0
10108023_2	695	Response	1	21777940	4225	1
10108023_2	697	Response	255	24748957	2946487	1
10108023_2	699	Sound	59	24822525	1073	1			260		other	0
10108023_2	699	Response	1	24826472	5020	1
10108023_2	700	Sound	57	24843524	732	1			260		other	0
10108023_2	700	Response	1	24846391	3599	1
10108023_2	701	Sound	52	24866023	891	1			260		other	0
10108023_2	702	Sound	55	24887522	1050	1			260		other	0
10108023_2	702	Response	1	24890468	3997	1
10108023_2	703	Sound	57	24910520	709	1			260		other	0
10108023_2	703	Response	1	24915187	5375	1
10108023_2	704	Sound	54	24934519	867	1			260		other	0
10108023_2	704	Response	1	24943825	10173	1
10108023_2	705	Sound	50	24959017	691	1			260		other	0
10108023_2	706	Sound	51	24981516	683	1			260		other	0
10108023_2	706	Response	1	24986862	6029	1
10108023_2	706	Response	1	25001901	21069	1
10108023_2	707	Sound	54	25006014	841	1			260		other	0
10108023_2	707	Response	1	25016541	11367	1
10108023_2	708	Sound	53	25031513	832	1			260		other	0
10108023_2	708	Response	1	25032699	2018	1
10108023_2	709	Sound	52	25056012	823	1			260		other	0
10108023_2	709	Response	1	25061338	6149	1
10108023_2	710	Sound	59	25077510	649	1			260		other	0
10108023_2	710	Response	1	25081177	4315	1
10108023_2	711	Sound	50	25098009	642	1			260		other	0
10108023_2	712	Sound	60	25126007	965	1			260		other	0
10108023_2	712	Response	1	25129254	4212	1
10108023_2	713	Sound	55	25143006	959	1			260		other	0
10108023_2	714	Sound	51	25162005	785	1			260		other	0
10108023_2	715	Sound	50	25180504	946	1			260		other	0
10108023_2	716	Sound	58	25205503	770	1			260		other	0
10108023_2	716	Response	1	25210529	5796	1
10108023_2	717	Sound	58	25233001	760	1			260		other	0
10108023_2	717	Response	1	25238287	6046	1
10108023_2	718	Sound	58	25253000	920	1			260		other	0
10108023_2	718	Response	1	25257005	4925	3
10108023_2	719	Sound	51	25271999	913	1			260		other	0
10108023_2	719	Response	1	25288044	16958	1
10108023_2	720	Sound	59	25293497	739	1			260		other	0
10108023_2	720	Response	1	25298363	5605	1
10108023_2	721	Sound	59	25320996	895	1			260		other	0
10108023_2	721	Response	1	25325001	4901	1
10108023_2	722	Sound	53	25348994	719	1			260		other	0
10108023_2	723	Sound	58	25373492	1043	1			260		other	0
10108023_2	723	Response	1	25378518	6069	1
10108023_2	724	Sound	52	25395491	702	1			260		other	0
10108023_2	724	Response	1	25403797	9008	1
10108023_2	725	Sound	57	25415490	862	1			260		other	0
10108023_2	725	Response	1	25420676	6047	1
10108023_2	726	Sound	55	25433989	688	1			260		other	0
10108023_2	726	Response	1	25438994	5694	2
10108023_2	727	Sound	51	25450488	849	1			260		other	0
10108023_2	728	Sound	53	25468487	1010	1			260		other	0
10108023_2	729	Sound	50	25489486	835	1			260		other	0
10108023_2	730	Sound	54	25508984	662	1			260		other	0
10108023_2	730	Response	1	25512590	4267	1
10108023_2	731	Sound	60	25536483	985	1			260		other	0
10108023_2	731	Response	1	25539228	3731	1
10108023_2	732	Sound	56	25564981	808	1			260		other	0
10108023_2	733	Sound	55	25582480	802	1			260		other	0
10108023_2	733	Response	1	25594105	12427	3
10108023_2	734	Sound	56	25600979	962	1			260		other	0
10108023_2	735	Sound	56	25621978	621	1			260		other	0
10108023_2	736	Sound	60	25639976	615	1			260		other	0
10108023_2	736	Response	1	25643062	3700	1
10108023_2	737	Sound	57	25663975	773	1			260		other	0
10108023_2	738	Sound	55	25681474	934	1			260		other	0
10108023_2	739	Sound	54	25710972	923	1			260		other	0
10108023_2	739	Response	1	25715137	5088	1
10108023_2	740	Sound	52	25739971	1079	1			260		other	0
10108023_2	741	Sound	51	25761469	905	1			260		other	0
10108023_2	742	Sound	52	25784468	897	1			260		other	0
10108023_2	743	Sound	54	25805467	1056	1			260		other	0
10108023_2	744	Sound	50	25821966	1050	1			260		other	0
10108023_2	745	Sound	59	25849464	707	1			260		other	0
10108023_2	745	Response	1	25854489	5732	1
10108023_2	746	Sound	60	25874462	698	1			260		other	0
10108023_2	746	Response	1	25877608	3843	1
10108023_2	747	Sound	53	25901961	855	1			260		other	0
10108023_2	748	Sound	60	25929459	678	1			260		other	0
10108023_2	748	Response	1	25932244	3463	1
10108023_2	749	Sound	56	25958957	1001	1			260		other	0
10108023_2	750	Sound	57	25979456	827	1			260		other	0
10108023_2	751	Sound	56	26001955	819	1			260		other	0
10108023_2	752	Sound	58	26021454	646	1			260		other	0
10108023_2	752	Response	1	26030558	9750	1
10108023_2	753	Sound	53	26037953	806	1			260		other	0
10108023_2	753	Response	1	26041677	4531	1
10108023_2	755	Response	255	26081835	17434	1
10108023_2	757	Sound	34	26156946	931	1			260		other	0
10108023_2	758	Sound	39	26184944	754	1			260		other	0
10108023_2	759	Sound	38	26208942	579	1			260		other	0
10108023_2	760	Sound	32	26230441	738	1			260		other	0
10108023_2	761	Sound	32	26247940	898	1			260		other	0
10108023_2	762	Sound	36	26271439	1056	1			260		other	0
10108023_2	763	Sound	38	26292437	716	1			260		other	0
10108023_2	764	Sound	37	26317436	1040	1			260		other	0
10108023_2	765	Sound	35	26341434	698	1			260		other	0
10108023_2	766	Sound	33	26360433	858	1			260		other	0
10108023_2	767	Sound	40	26380432	851	1			260		other	0
10108023_2	767	Response	1	26384216	4635	1
10108023_2	768	Sound	33	26405430	842	1			260		other	0
10108023_2	769	Sound	40	26431929	999	1			260		other	0
10108023_2	769	Response	1	26435093	4163	1
10108023_2	770	Sound	35	26455927	824	1			260		other	0
10108023_2	771	Sound	32	26477926	649	1			260		other	0
10108023_2	772	Sound	38	26497925	809	1			260		other	0
10108023_2	773	Sound	30	26517424	635	1			260		other	0
10108023_2	774	Sound	33	26536423	795	1			260		other	0
10108023_2	775	Sound	33	26557422	954	1			260		other	0
10108023_2	776	Sound	36	26576420	948	1			260		other	0
10108023_2	777	Sound	37	26595419	774	1			260		other	0
10108023_2	778	Sound	34	26622418	765	1			260		other	0
10108023_2	779	Sound	39	26644916	923	1			260		other	0
10108023_2	780	Sound	34	26668915	915	1			260		other	0
10108023_2	781	Sound	31	26691413	907	1			260		other	0
10108023_2	782	Sound	37	26715412	1065	1			260		other	0
10108023_2	783	Sound	40	26734411	724	1			260		other	0
10108023_2	783	Response	1	26738515	4828	1
10108023_2	784	Sound	36	26755910	884	1			260		other	0
10108023_2	785	Sound	32	26783908	874	1			260		other	0
10108023_2	786	Sound	31	26809406	698	1			260		other	0
10108023_2	787	Sound	39	26826905	692	1			260		other	0
10108023_2	788	Sound	38	26856403	848	1			260		other	0
10108023_2	789	Sound	38	26878902	840	1			260		other	0
10108023_2	790	Sound	39	26899401	999	1			260		other	0
10108023_2	791	Sound	34	26926899	822	1			260		other	0
10108023_2	792	Sound	36	26953398	813	1			260		other	0
10108023_2	793	Sound	33	26977396	971	1			260		other	0
10108023_2	794	Sound	30	27004895	628	1			260		other	0
10108023_2	795	Sound	40	27030893	952	1			260		other	0
10108023_2	795	Response	1	27034896	4955	1
10108023_2	796	Sound	40	27052392	778	1			260		other	0
10108023_2	796	Response	1	27055695	4081	1
10108023_2	797	Sound	31	27073390	770	1			260		other	0
10108023_2	798	Sound	30	27094389	596	1			260		other	0
10108023_2	799	Sound	30	27115388	588	1			260		other	0
10108023_2	800	Sound	39	27143386	745	1			260		other	0
10108023_2	801	Sound	35	27160885	739	1			260		other	0
10108023_2	802	Sound	35	27181884	898	1			260		other	0
10108023_2	803	Sound	36	27202883	1057	1			260		other	0
10108023_2	804	Sound	32	27222382	717	1			260		other	0
10108023_2	805	Sound	34	27239381	711	1			260		other	0
10108023_2	806	Sound	35	27266379	701	1			260		other	0
10108023_2	807	Sound	37	27291877	1026	1			260		other	0
10108023_2	808	Sound	31	27314376	851	1			260		other	0
10108023_2	809	Sound	37	27336875	1010	1			260		other	0
10108023_2	810	Sound	30	27357873	669	1			260		other	0
10108023_2	811	Sound	31	27374372	829	1			260		other	0
10108023_2	813	Response	1	27401034	3904	1
10108023_2	813	Response	255	27433832	36702	1
10108023_2	815	Sound	13	27519864	611	1			260		other	0
10108023_2	816	Sound	10	27536363	772	1			260		other	0
10108023_2	817	Sound	13	27558361	597	1			260		other	0
10108023_2	818	Sound	10	27585860	921	1			260		other	0
10108023_2	818	Response	1	27593662	8723	1
10108023_2	819	Sound	20	27603859	747	1			260		other	0
10108023_2	819	Response	1	27606781	3670	1
10108023_2	820	Sound	18	27628357	739	1			260		other	0
10108023_2	820	Response	1	27634539	6921	1
10108023_2	821	Sound	17	27650856	564	1			260		other	0
10108023_2	821	Response	1	27655498	5206	1
10108023_2	821	Response	1	27673177	22885	1
10108023_2	822	Sound	17	27676354	1055	1			260		other	0
10108023_2	823	Sound	11	27704353	1045	1			260		other	0
10108023_2	824	Sound	16	27723851	871	1			260		other	0
10108023_2	824	Response	1	27729813	6833	1
10108023_2	825	Sound	19	27743850	864	1			260		other	0
10108023_2	825	Response	1	27748772	5786	1
10108023_2	826	Sound	20	27768349	855	1			260		other	0
10108023_2	826	Response	1	27771091	3598	1
10108023_2	827	Sound	15	27794847	1013	1			260		other	0
10108023_2	827	Response	1	27797729	3895	1
10108023_2	828	Sound	11	27817846	1005	1			260		other	0
10108023_2	829	Sound	14	27845844	995	1			260		other	0
10108023_2	829	Response	1	27849886	5036	1
10108023_2	830	Sound	17	27870343	986	1			260		other	0
10108023_2	830	Response	1	27875485	6128	1
10108023_2	831	Sound	17	27897341	810	1			260		other	0
10108023_2	831	Response	1	27901883	5351	1
10108023_2	832	Sound	15	27920840	801	1			260		other	0
10108023_2	832	Response	1	27924442	4403	1
10108023_2	833	Sound	10	27948838	624	1			260		other	0
10108023_2	834	Sound	14	27971337	783	1			260		other	0
10108023_2	834	Response	1	27976598	6045	1
10108023_2	835	Sound	12	27998335	774	1			260		other	0
10108023_2	835	Response	1	28004116	6555	1
10108023_2	836	Sound	12	28014334	601	1			260		other	0
10108023_2	837	Sound	13	28040832	925	1			260		other	0
10108023_2	837	Response	1	28045634	5726	1
10108023_2	838	Sound	12	28065831	916	1			260		other	0
10108023_2	839	Sound	19	28093329	906	1			260		other	0
10108023_2	839	Response	1	28097631	5208	1
10108023_2	840	Sound	20	28120828	1063	1			260		other	0
10108023_2	840	Response	1	28123629	3865	1
10108023_2	841	Sound	15	28144326	1055	1			260		other	0
10108023_2	842	Sound	19	28166825	1047	1			260		other	0
10108023_2	842	Response	1	28172106	6328	1
10108023_2	843	Sound	17	28188824	706	1			260		other	0
10108023_2	843	Response	1	28200744	12626	1
10108023_2	844	Sound	16	28204823	700	1			260		other	0
10108023_2	844	Response	1	28210104	5981	1
10108023_2	845	Sound	19	28231821	857	1			260		other	0
10108023_2	845	Response	1	28235462	4498	1
10108023_2	846	Sound	14	28250320	1017	1			260		other	0
10108023_2	847	Sound	20	28272318	676	1			260		other	0
10108023_2	847	Response	1	28275219	3577	1
10108023_2	848	Sound	16	28291817	669	1			260		other	0
10108023_2	848	Response	1	28297938	6790	1
10108023_2	849	Sound	12	28308316	830	1			260		other	0
10108023_2	850	Sound	16	28324815	657	1			260		other	0
10108023_2	851	Sound	12	28342814	984	1			260		other	0
10108023_2	852	Sound	15	28368813	641	1			260		other	0
10108023_2	853	Sound	15	28395811	632	1			260		other	0
10108023_2	854	Sound	16	28424309	955	1			260		other	0
10108023_2	854	Response	1	28429850	6496	1
10108023_2	855	Sound	11	28446308	947	1			260		other	0
10108023_2	856	Sound	18	28469307	606	1			260		other	0
10108023_2	857	Sound	18	28487806	599	1			260		other	0
10108023_2	858	Sound	11	28513304	590	1			260		other	0
10108023_2	859	Sound	11	28533803	582	1			260		other	0
10108023_2	860	Sound	18	28558301	740	1			260		other	0
10108023_2	860	Response	1	28566002	8441	1
10108023_2	861	Sound	13	28582800	565	1			260		other	0
10108023_2	861	Response	1	28585841	3606	1
10108023_2	862	Sound	10	28608298	722	1			260		other	0
10108023_2	863	Sound	19	28632297	881	1			260		other	0
10108023_2	863	Response	1	28636318	4902	1
10108023_2	864	Sound	13	28653296	1040	1			260		other	0
10108023_2	864	Response	1	28658396	6141	1
10108023_2	865	Sound	18	28673295	699	1			260		other	0
10108023_2	865	Response	1	28696154	23559	1
10108023_2	866	Sound	14	28700293	856	1			260		other	0
10108023_2	867	Sound	20	28720292	683	1			260		other	0
10108023_2	867	Response	1	28723432	3823	1
10108023_2	868	Sound	10	28739291	676	1			260		other	0
10108023_2	869	Sound	14	28761789	668	1			260		other	0

The following output port codes were not sent because of a conflict on the port.
Port	Code	Time(ms)
1	253	78212.9
1	253	216574
1	253	349821
1	253	486436
1	253	631852
1	253	773419
1	253	919298
1	253	1.35332e+06
1	253	1.49325e+06
1	253	1.77755e+06
1	253	1.91235e+06
1	253	2.05196e+06
1	253	2.4749e+06
1	253	2.60819e+06
1	253	2.74339e+06
1	253	2.87786e+06
