Scenario - 
Logfile written - 09/30/2018 15:34:39

Subject	Trial	Event Type	Code	Time	TTime	Uncertainty	Duration	Uncertainty	ReqTime	ReqDur	Stim Type	Pair Index

10108005	1	Response	255	52466	52300	1
10108005	3	Sound	27	125724	260	1			260		other	0
10108005	4	Sound	23	148065	260	1			260		other	0
10108005	5	Sound	24	173740	260	1			260		other	0
10108005	6	Sound	22	199749	260	1			260		other	0
10108005	7	Sound	22	223758	260	1			260		other	0
10108005	8	Sound	26	252268	260	1			260		other	0
10108005	8	Response	1	258064	6056	1
10108005	9	Sound	29	274276	260	1			260		other	0
10108005	9	Response	1	278384	4368	1
10108005	10	Sound	21	300451	260	1			260		other	0
10108005	11	Sound	20	322626	260	1			260		other	0
10108005	12	Sound	29	344133	260	1			260		other	0
10108005	12	Response	1	348543	4670	1
10108005	13	Sound	24	368313	264	1			260		other	0
10108005	14	Sound	25	396152	260	1			260		other	0
10108005	15	Sound	21	423328	260	1			260		other	0
10108005	16	Sound	28	445335	260	1			260		other	0
10108005	16	Response	1	450303	5227	1
10108005	17	Sound	25	469844	260	1			260		other	0
10108005	18	Sound	28	488350	260	1			260		other	0
10108005	18	Response	1	492702	4611	1
10108005	19	Sound	25	513359	260	1			260		other	0
10108005	19	Response	1	517342	4242	1
10108005	20	Sound	30	529698	260	1			260		other	0
10108005	21	Sound	21	548705	260	1			260		other	0
10108005	22	Sound	22	569045	260	1			260		other	0
10108005	22	Response	1	573102	4316	1
10108005	23	Sound	22	587219	260	1			260		other	0
10108005	24	Sound	23	605558	260	1			260		other	0
10108005	25	Sound	24	633735	260	1			260		other	0
10108005	25	Response	1	638861	5386	1
10108005	26	Sound	26	661078	260	1			260		other	0
10108005	26	Response	1	668301	7483	1
10108005	27	Sound	20	682752	260	1			260		other	0
10108005	28	Sound	24	705427	260	1			260		other	0
10108005	29	Sound	28	723266	260	1			260		other	0
10108005	29	Response	1	727500	4494	1
10108005	30	Sound	29	750442	260	1			260		other	0
10108005	30	Response	1	756140	5958	1
10108005	31	Sound	23	775785	260	1			260		other	0
10108005	32	Sound	30	802794	260	1			260		other	0
10108005	32	Response	1	805499	2966	1
10108005	33	Sound	24	821967	260	1			260		other	0
10108005	34	Sound	23	845475	260	1			260		other	0
10108005	35	Sound	20	867150	260	1			260		other	0
10108005	36	Sound	29	885489	260	1			260		other	0
10108005	36	Response	1	890459	5229	1
10108005	37	Sound	27	906164	260	1			260		other	0
10108005	38	Sound	20	928338	260	1			260		other	0
10108005	39	Sound	30	945344	260	1			260		other	0
10108005	39	Response	1	949258	4174	1
10108005	40	Sound	21	971520	260	1			260		other	0
10108005	41	Sound	26	994528	260	1			260		other	0
10108005	42	Sound	30	1022871	260	1			260		other	0
10108005	42	Response	1	1026137	3526	1
10108005	43	Sound	27	1047213	260	1			260		other	0
10108005	44	Sound	28	1065719	260	1			260		other	0
10108005	45	Sound	28	1089408	273	1			260		other	0
10108005	46	Sound	30	1106567	260	1			260		other	0
10108005	46	Response	1	1110057	3750	1
10108005	47	Sound	27	1133577	260	1			260		other	0
10108005	48	Sound	26	1153917	260	1			260		other	0
10108005	49	Sound	21	1181759	260	1			260		other	0
10108005	50	Sound	27	1205769	260	1			260		other	0
10108005	51	Sound	25	1228276	260	1			260		other	0
10108005	52	Sound	20	1247616	260	1			260		other	0
10108005	53	Sound	26	1267307	276	1			260		other	0
10108005	53	Response	1	1273016	5985	1
10108005	54	Sound	22	1289806	269	1			260		other	0
10108005	55	Sound	29	1312139	260	1			260		other	0
10108005	55	Response	1	1316455	4576	2
10108005	56	Sound	25	1340316	260	1			260		other	0
10108005	57	Sound	23	1357155	260	1			260		other	0
10108005	59	Response	255	1444054	61070	1
10108005	61	Sound	11	1512543	260	1			260		other	0
10108005	62	Sound	16	1530882	260	1			260		other	0
10108005	63	Sound	15	1555057	260	1			260		other	0
10108005	64	Sound	17	1579733	260	1			260		other	0
10108005	64	Response	1	1585173	5700	1
10108005	65	Sound	18	1595238	260	1			260		other	0
10108005	65	Response	1	1599173	4194	1
10108005	66	Sound	11	1617913	260	1			260		other	0
10108005	67	Sound	15	1636419	260	1			260		other	0
10108005	67	Response	1	1640418	4258	204
10108005	68	Sound	12	1658594	260	1			260		other	0
10108005	68	Response	1	1666212	7878	1
10108005	69	Sound	10	1679935	260	1			260		other	0
10108005	70	Sound	14	1696440	260	1			260		other	0
10108005	70	Response	1	1701571	5391	1
10108005	71	Sound	17	1722283	260	1			260		other	0
10108005	71	Response	1	1726291	4268	1
10108005	72	Sound	13	1737621	260	1			260		other	0
10108005	72	Response	1	1740931	3569	1
10108005	73	Sound	20	1765631	260	1			260		other	0
10108005	73	Response	1	1767971	2600	1
10108005	74	Sound	16	1792474	260	1			260		other	0
10108005	74	Response	1	1796611	4397	1
10108005	75	Sound	15	1808980	260	1			260		other	0
10108005	75	Response	1	1814530	5810	1
10108005	76	Sound	16	1831988	260	1			260		other	0
10108005	76	Response	1	1835090	3362	1
10108005	77	Sound	18	1856503	266	1			260		other	0
10108005	77	Response	1	1859570	3333	1
10108005	78	Sound	19	1874669	260	1			260		other	0
10108005	78	Response	1	1879890	5481	1
10108005	79	Sound	15	1893176	260	1			260		other	0
10108005	79	Response	1	1896930	4014	1
10108005	80	Sound	16	1910515	260	1			260		other	0
10108005	80	Response	1	1915010	4754	1
10108005	80	Response	1	1932929	22674	1
10108005	81	Sound	10	1934524	260	1			260		other	0
10108005	82	Sound	14	1955531	260	1			260		other	0
10108005	82	Response	1	1960210	4938	1
10108005	83	Sound	11	1978539	260	1			260		other	0
10108005	83	Response	1	1985809	7530	2
10108005	84	Sound	10	2001214	260	1			260		other	0
10108005	85	Sound	20	2016386	260	1			260		other	0
10108005	85	Response	1	2018769	2643	1
10108005	86	Sound	18	2031901	270	1			260		other	0
10108005	86	Response	1	2036449	4817	1
10108005	87	Sound	13	2056233	260	1			260		other	0
10108005	87	Response	1	2059009	3035	1
10108005	88	Sound	10	2080241	260	1			260		other	0
10108005	89	Sound	12	2102082	260	1			260		other	0
10108005	89	Response	1	2107888	6065	1
10108005	90	Sound	17	2119755	260	1			260		other	0
10108005	90	Response	1	2123648	4153	1
10108005	91	Sound	12	2135427	260	1			260		other	0
10108005	91	Response	1	2139408	4240	1
10108005	92	Sound	20	2150933	260	1			260		other	0
10108005	92	Response	1	2153168	2495	1
10108005	93	Sound	19	2168439	260	1			260		other	0
10108005	93	Response	1	2171088	2908	1
10108005	94	Sound	19	2191113	260	1			260		other	0
10108005	94	Response	1	2193807	2953	1
10108005	95	Sound	11	2206786	260	1			260		other	0
10108005	96	Sound	19	2230461	260	1			260		other	0
10108005	96	Response	1	2233727	3526	1
10108005	97	Sound	13	2256803	260	1			260		other	0
10108005	98	Sound	17	2276143	260	1			260		other	0
10108005	98	Response	1	2279807	3923	1
10108005	99	Sound	20	2300652	260	1			260		other	0
10108005	99	Response	1	2303006	2614	2
10108005	100	Sound	18	2328162	260	1			260		other	0
10108005	100	Response	1	2332446	4544	1
10108005	101	Sound	20	2347668	260	1			260		other	0
10108005	101	Response	1	2350206	2797	1
10108005	102	Sound	14	2374845	260	1			260		other	0
10108005	102	Response	1	2380126	5541	1
10108005	103	Sound	17	2400353	260	1			260		other	0
10108005	103	Response	1	2402846	2752	1
10108005	103	Response	1	2416605	16512	1
10108005	104	Sound	13	2422699	264	1			260		other	0
10108005	104	Response	1	2426845	4410	1
10108005	105	Sound	13	2444869	260	1			260		other	0
10108005	106	Sound	10	2462375	260	1			260		other	0
10108005	107	Sound	16	2477714	260	1			260		other	0
10108005	107	Response	1	2483645	6191	1
10108005	108	Sound	12	2504223	260	1			260		other	0
10108005	108	Response	1	2508125	4161	1
10108005	109	Sound	19	2519562	260	1			260		other	0
10108005	109	Response	1	2522764	3462	1
10108005	110	Sound	11	2541570	260	1			260		other	0
10108005	111	Sound	14	2567078	260	1			260		other	0
10108005	111	Response	1	2571884	5065	1
10108005	112	Sound	18	2590920	260	1			260		other	0
10108005	112	Response	1	2595484	4823	1
10108005	113	Sound	15	2611597	263	1			260		other	0
10108005	113	Response	1	2615404	4069	1
10108005	114	Sound	14	2638604	260	1			260		other	0
10108005	114	Response	1	2641803	3460	1
10108005	115	Sound	12	2664779	260	1			260		other	0
10108005	115	Response	1	2667403	2884	1
10108005	117	Response	1	2689643	2369	1
10108005	117	Response	255	2760842	73568	1
10108005	119	Sound	29	2827503	260	1			260		other	0
10108005	119	Response	1	2833402	6158	1
10108005	120	Sound	29	2852845	260	1			260		other	0
10108005	120	Response	1	2859801	7216	1
10108005	121	Sound	25	2879355	260	1			260		other	0
10108005	122	Sound	21	2899028	260	1			260		other	0
10108005	123	Sound	28	2917868	260	1			260		other	0
10108005	124	Sound	25	2935208	260	1			260		other	0
10108005	125	Sound	25	2951546	260	1			260		other	0
10108005	126	Sound	25	2970053	260	1			260		other	0
10108005	127	Sound	22	2993895	260	1			260		other	0
10108005	128	Sound	23	3022405	260	1			260		other	0
10108005	129	Sound	29	3052094	272	1			260		other	0
10108005	129	Response	1	3057320	5498	1
10108005	130	Sound	27	3080425	260	1			260		other	0
10108005	131	Sound	26	3102432	260	1			260		other	0
10108005	131	Response	1	3106919	4747	1
10108005	132	Sound	20	3124607	260	1			260		other	0
10108005	133	Sound	27	3148949	260	1			260		other	0
10108005	134	Sound	26	3169123	260	1			260		other	0
10108005	135	Sound	27	3185962	260	1			260		other	0
10108005	136	Sound	29	3202301	260	1			260		other	0
10108005	137	Sound	24	3218307	260	1			260		other	0
10108005	138	Sound	23	3237493	273	1			260		other	0
10108005	139	Sound	21	3256820	260	1			260		other	0
10108005	140	Sound	20	3280995	260	1			260		other	0
10108005	141	Sound	24	3303170	260	1			260		other	0
10108005	142	Sound	26	3323844	260	1			260		other	0
10108005	143	Sound	21	3342517	260	1			260		other	0
10108005	144	Sound	30	3367525	260	1			260		other	0
10108005	144	Response	1	3370597	3331	1
10108005	145	Sound	28	3388866	260	1			260		other	0
10108005	145	Response	1	3394197	5590	1
10108005	146	Sound	28	3411374	260	1			260		other	0
10108005	146	Response	1	3417317	6202	1
10108005	147	Sound	21	3428881	260	1			260		other	0
10108005	148	Sound	27	3449391	264	1			260		other	0
10108005	148	Response	1	3454036	4909	1
10108005	149	Sound	22	3476064	260	1			260		other	0
10108005	150	Sound	24	3501406	260	1			260		other	0
10108005	150	Response	1	3506036	4890	1
10108005	151	Sound	30	3522913	260	1			260		other	0
10108005	151	Response	1	3526516	3862	1
10108005	152	Sound	28	3546922	260	1			260		other	0
10108005	153	Sound	30	3576932	260	1			260		other	0
10108005	153	Response	1	3579875	3203	1
10108005	154	Sound	24	3593938	260	1			260		other	0
10108005	155	Sound	27	3619280	260	1			260		other	0
10108005	155	Response	1	3624435	5414	1
10108005	156	Sound	26	3638790	263	1			260		other	0
10108005	157	Sound	24	3656460	260	1			260		other	0
10108005	158	Sound	29	3684470	260	1			260		other	0
10108005	158	Response	1	3688434	4224	1
10108005	159	Sound	30	3703490	273	1			260		other	0
10108005	159	Response	1	3710274	7057	1
10108005	160	Sound	23	3724317	260	1			260		other	0
10108005	161	Sound	23	3746992	260	1			260		other	0
10108005	162	Sound	28	3773001	260	1			260		other	0
10108005	163	Sound	30	3797510	260	1			260		other	0
10108005	163	Response	1	3803073	5824	1
10108005	164	Sound	25	3816689	266	1			260		other	0
10108005	165	Sound	21	3843359	260	1			260		other	0
10108005	166	Sound	23	3869368	260	1			260		other	0
10108005	167	Sound	20	3886207	260	1			260		other	0
10108005	168	Sound	22	3908715	260	1			260		other	0
10108005	169	Sound	20	3933724	260	1			260		other	0
10108005	170	Sound	22	3961400	260	1			260		other	0
10108005	171	Sound	26	3989243	260	1			260		other	0
10108005	172	Sound	22	4011918	260	1			260		other	0
10108005	173	Sound	20	4033259	260	1			260		other	0
10108005	175	Response	255	4109791	54537	1
10108005	177	Sound	13	4186146	260	1			260		other	0
10108005	178	Sound	16	4203486	261	1			260		other	0
10108005	178	Response	1	4207710	4484	1
10108005	179	Sound	12	4228494	260	1			260		other	0
10108005	180	Sound	13	4244833	260	1			260		other	0
10108005	180	Response	1	4250029	5456	1
10108005	181	Sound	11	4267341	260	1			260		other	0
10108005	182	Sound	10	4288686	264	1			260		other	0
10108005	183	Sound	15	4307688	260	1			260		other	0
10108005	183	Response	1	4312989	5560	1
10108005	184	Sound	12	4329029	260	1			260		other	0
10108005	185	Sound	14	4345035	260	1			260		other	0
10108005	185	Response	1	4349229	4454	1
10108005	186	Sound	20	4361040	260	1			260		other	0
10108005	186	Response	1	4367788	7008	1
10108005	187	Sound	18	4378046	260	1			260		other	0
10108005	187	Response	1	4386988	9202	1
10108005	188	Sound	12	4403889	260	1			260		other	0
10108005	189	Sound	11	4421728	260	1			260		other	0
10108005	189	Response	1	4425708	4240	1
10108005	190	Sound	10	4439901	260	1			260		other	0
10108005	191	Sound	15	4465410	260	1			260		other	0
10108005	191	Response	1	4469148	3997	1
10108005	192	Sound	10	4490419	260	1			260		other	0
10108005	193	Sound	19	4506925	260	1			260		other	0
10108005	193	Response	1	4511787	5122	1
10108005	194	Sound	20	4533601	260	1			260		other	0
10108005	194	Response	1	4536907	3566	1
10108005	195	Sound	20	4560610	260	1			260		other	0
10108005	195	Response	1	4564187	3836	1
10108005	196	Sound	13	4582951	260	1			260		other	0
10108005	197	Sound	14	4608293	260	1			260		other	0
10108005	197	Response	1	4612506	4473	1
10108005	198	Sound	17	4636483	273	1			260		other	0
10108005	198	Response	1	4640666	4456	1
10108005	199	Sound	18	4651642	260	1			260		other	0
10108005	199	Response	1	4658746	7364	1
10108005	200	Sound	15	4675984	260	1			260		other	0
10108005	200	Response	1	4681706	5981	1
10108005	201	Sound	20	4691323	260	1			260		other	0
10108005	201	Response	1	4695705	4643	1
10108005	202	Sound	19	4717999	260	1			260		other	0
10108005	202	Response	1	4727625	9886	1
10108005	203	Sound	18	4733183	272	1			260		other	0
10108005	203	Response	1	4737385	4474	1
10108005	204	Sound	19	4752011	260	1			260		other	0
10108005	204	Response	1	4755145	3394	1
10108005	205	Sound	12	4774685	260	1			260		other	0
10108005	205	Response	1	4778905	4480	1
10108005	206	Sound	17	4798027	260	1			260		other	0
10108005	206	Response	1	4802265	4498	1
10108005	207	Sound	16	4816033	260	1			260		other	0
10108005	207	Response	1	4821064	5291	1
10108005	208	Sound	15	4836382	268	1			260		other	0
10108005	208	Response	1	4840344	4231	1
10108005	209	Sound	16	4864050	260	1			260		other	0
10108005	209	Response	1	4869384	5594	1
10108005	210	Sound	17	4886558	260	1			260		other	0
10108005	210	Response	1	4890582	4284	165
10108005	211	Sound	19	4905898	260	1			260		other	0
10108005	211	Response	1	4909144	3506	1
10108005	212	Sound	10	4933741	260	1			260		other	0
10108005	213	Sound	10	4949246	260	1			260		other	0
10108005	214	Sound	11	4973088	260	1			260		other	0
10108005	214	Response	1	4977463	4635	1
10108005	215	Sound	17	4991928	260	1			260		other	0
10108005	215	Response	1	4995863	4195	1
10108005	216	Sound	16	5011768	260	1			260		other	0
10108005	216	Response	1	5015702	4194	2
10108005	217	Sound	14	5035276	260	1			260		other	0
10108005	217	Response	1	5038903	3886	1
10108005	218	Sound	13	5057618	260	1			260		other	0
10108005	218	Response	1	5060502	3145	1
10108005	219	Sound	11	5078291	260	1			260		other	0
10108005	220	Sound	13	5097131	260	1			260		other	0
10108005	221	Sound	14	5112980	269	1			260		other	0
10108005	221	Response	1	5118182	5471	1
10108005	222	Sound	18	5128980	264	1			260		other	0
10108005	223	Sound	16	5150817	260	1			260		other	0
10108005	223	Response	1	5154422	3864	1
10108005	224	Sound	18	5178660	260	1			260		other	0
10108005	224	Response	1	5183301	4901	1
10108005	225	Sound	12	5197000	260	1			260		other	0
10108005	226	Sound	20	5219341	260	1			260		other	0
10108005	226	Response	1	5222181	3100	1
10108005	227	Sound	14	5240682	260	1			260		other	0
10108005	228	Sound	15	5265691	260	1			260		other	0
10108005	228	Response	1	5270661	5230	1
10108005	229	Sound	11	5293033	260	1			260		other	0
10108005	230	Sound	17	5318709	260	1			260		other	0
10108005	231	Sound	19	5341217	260	1			260		other	0
10108005	231	Response	1	5344260	3303	1
10108005	233	Response	255	5873775	507896	1
10108005	235	Sound	26	5940760	260	1			260		other	0
10108005	235	Response	1	5949374	8874	1
10108005	236	Sound	27	5960933	260	1			260		other	0
10108005	236	Response	1	5965775	5102	1
10108005	237	Sound	27	5986943	260	1			260		other	0
10108005	238	Sound	22	6013286	260	1			260		other	0
10108005	239	Sound	21	6039628	260	1			260		other	0
10108005	240	Sound	30	6056134	260	1			260		other	0
10108005	240	Response	1	6061454	5580	1
10108005	241	Sound	30	6081976	260	1			260		other	0
10108005	241	Response	1	6087214	5497	1
10108005	242	Sound	30	6108319	260	1			260		other	0
10108005	242	Response	1	6114093	6034	1
10108005	243	Sound	25	6136329	260	1			260		other	0
10108005	243	Response	1	6144253	8184	1
10108005	244	Sound	24	6153001	260	1			260		other	0
10108005	245	Sound	20	6176009	260	1			260		other	0
10108005	246	Sound	30	6193515	260	1			260		other	0
10108005	246	Response	1	6196653	3397	1
10108005	247	Sound	22	6220025	260	1			260		other	0
10108005	248	Sound	27	6246201	260	1			260		other	0
10108005	249	Sound	23	6269042	260	1			260		other	0
10108005	249	Response	1	6274252	5470	1
10108005	250	Sound	24	6296385	260	1			260		other	0
10108005	251	Sound	27	6316725	260	1			260		other	0
10108005	252	Sound	29	6336899	260	1			260		other	0
10108005	253	Sound	20	6355739	260	1			260		other	0
10108005	254	Sound	28	6372912	260	1			260		other	0
10108005	255	Sound	26	6391585	260	1			260		other	0
10108005	256	Sound	21	6419261	260	1			260		other	0
10108005	257	Sound	23	6447771	260	1			260		other	0
10108005	258	Sound	23	6471946	260	1			260		other	0
10108005	259	Sound	25	6491953	260	1			260		other	0
10108005	259	Response	1	6497290	5596	1
10108005	260	Sound	26	6518796	260	1			260		other	0
10108005	261	Sound	29	6541471	260	1			260		other	0
10108005	261	Response	1	6547289	6079	1
10108005	262	Sound	24	6565312	260	1			260		other	0
10108005	263	Sound	30	6583652	260	1			260		other	0
10108005	263	Response	1	6588809	5417	1
10108005	264	Sound	26	6600491	260	1			260		other	0
10108005	265	Sound	22	6621170	264	1			260		other	0
10108005	266	Sound	23	6648842	260	1			260		other	0
10108005	267	Sound	20	6676518	260	1			260		other	0
10108005	268	Sound	20	6696191	260	1			260		other	0
10108005	269	Sound	28	6714869	264	1			260		other	0
10108005	269	Response	1	6719208	4603	1
10108005	270	Sound	24	6740874	260	1			260		other	0
10108005	271	Sound	24	6757880	260	1			260		other	0
10108005	272	Sound	25	6775219	260	1			260		other	0
10108005	273	Sound	20	6800568	267	1			260		other	0
10108005	274	Sound	29	6825070	260	1			260		other	0
10108005	275	Sound	28	6842743	260	1			260		other	0
10108005	275	Response	1	6848327	5844	1
10108005	276	Sound	25	6858915	260	1			260		other	0
10108005	277	Sound	29	6879268	272	1			260		other	0
10108005	278	Sound	22	6907932	260	1			260		other	0
10108005	279	Sound	29	6930607	260	1			260		other	0
10108005	279	Response	1	6935686	5339	1
10108005	280	Sound	28	6951114	260	1			260		other	0
10108005	281	Sound	21	6977467	270	1			260		other	0
10108005	282	Sound	28	6997797	260	1			260		other	0
10108005	282	Response	1	7002325	4788	1
10108005	283	Sound	27	7017637	260	1			260		other	0
10108005	284	Sound	22	7046147	260	1			260		other	0
10108005	285	Sound	21	7066821	260	1			260		other	0
10108005	286	Sound	21	7086495	260	1			260		other	0
10108005	287	Sound	26	7111837	260	1			260		other	0
10108005	287	Response	1	7117044	5467	1
10108005	288	Sound	25	7129177	260	1			260		other	0
10108005	289	Sound	23	7147016	260	1			260		other	0
10108005	291	Response	255	7590160	417482	1
10108005	293	Sound	20	7662863	260	1			260		other	0
10108005	294	Sound	27	7692207	260	1			260		other	0
10108005	295	Sound	22	7721050	260	1			260		other	0
10108005	296	Sound	28	7739062	265	1			260		other	0
10108005	296	Response	1	7744159	5362	1
10108005	297	Sound	30	7758397	260	1			260		other	0
10108005	297	Response	1	7762319	4182	1
10108005	298	Sound	25	7784906	260	1			260		other	0
10108005	299	Sound	27	7805761	274	1			260		other	0
10108005	299	Response	1	7810398	4911	1
10108005	300	Sound	24	7834257	260	1			260		other	0
10108005	301	Sound	23	7862267	260	1			260		other	0
10108005	302	Sound	24	7891110	260	1			260		other	0
10108005	303	Sound	28	7914618	260	1			260		other	0
10108005	304	Sound	22	7932624	260	1			260		other	0
10108005	305	Sound	29	7955299	260	1			260		other	0
10108005	305	Response	1	7961757	6718	1
10108005	306	Sound	25	7971471	260	1			260		other	0
10108005	307	Sound	30	7997160	273	1			260		other	0
10108005	307	Response	1	8001117	4230	1
10108005	308	Sound	26	8025490	260	1			260		other	0
10108005	309	Sound	28	8045497	260	1			260		other	0
10108005	310	Sound	25	8066004	260	1			260		other	0
10108005	311	Sound	21	8090847	260	1			260		other	0
10108005	312	Sound	20	8113859	264	1			260		other	0
10108005	313	Sound	21	8139030	260	1			260		other	0
10108005	314	Sound	26	8161705	260	1			260		other	0
10108005	315	Sound	25	8190059	270	1			260		other	0
10108005	316	Sound	27	8215559	261	1			260		other	0
10108005	317	Sound	23	8233897	260	1			260		other	0
10108005	318	Sound	26	8249902	260	1			260		other	0
10108005	319	Sound	26	8270409	260	1			260		other	0
10108005	320	Sound	29	8297419	260	1			260		other	0
10108005	321	Sound	30	8320761	260	1			260		other	0
10108005	322	Sound	24	8346769	260	1			260		other	0
10108005	323	Sound	30	8367277	260	1			260		other	0
10108005	323	Response	1	8371994	4977	1
10108005	324	Sound	26	8388784	260	1			260		other	0
10108005	325	Sound	23	8412793	260	1			260		other	0
10108005	326	Sound	22	8439469	260	1			260		other	0
10108005	327	Sound	29	8467645	260	1			260		other	0
10108005	327	Response	1	8471673	4287	1
10108005	328	Sound	20	8485652	260	1			260		other	0
10108005	329	Sound	22	8511994	260	1			260		other	0
10108005	330	Sound	24	8531167	260	1			260		other	0
10108005	331	Sound	27	8557343	260	1			260		other	0
10108005	332	Sound	21	8578684	260	1			260		other	0
10108005	333	Sound	21	8595523	260	1			260		other	0
10108005	334	Sound	20	8620865	260	1			260		other	0
10108005	335	Sound	27	8647375	260	1			260		other	0
10108005	335	Response	1	8653831	6716	1
10108005	336	Sound	30	8673055	265	1			260		other	0
10108005	336	Response	1	8677191	4400	1
10108005	337	Sound	25	8691390	260	1			260		other	0
10108005	338	Sound	29	8715732	260	1			260		other	0
10108005	339	Sound	29	8742242	260	1			260		other	0
10108005	339	Response	1	8746230	4248	1
10108005	340	Sound	23	8758080	260	1			260		other	0
10108005	341	Sound	24	8777755	261	1			260		other	0
10108005	342	Sound	23	8800762	260	1			260		other	0
10108005	342	Response	1	8804550	4048	1
10108005	343	Sound	28	8826954	276	1			260		other	0
10108005	343	Response	1	8831430	4751	1
10108005	344	Sound	28	8853280	260	1			260		other	0
10108005	345	Sound	22	8873120	260	1			260		other	0
10108005	346	Sound	21	8893461	260	1			260		other	0
10108005	347	Sound	20	8917636	260	1			260		other	0
10108005	349	Response	255	8979108	44979	1
10108005	351	Sound	35	9049182	260	1			260		other	0
10108005	352	Sound	40	9070857	260	1			260		other	0
10108005	352	Response	1	9073027	2430	1
10108005	353	Sound	40	9089363	260	1			260		other	0
10108005	353	Response	1	9093107	4003	2
10108005	354	Sound	31	9115872	260	1			260		other	0
10108005	355	Sound	36	9141215	260	1			260		other	0
10108005	355	Response	1	9144467	3512	1
10108005	356	Sound	31	9160888	260	1			260		other	0
10108005	357	Sound	38	9182562	260	1			260		other	0
10108005	357	Response	1	9185107	2804	1
10108005	358	Sound	31	9199902	260	1			260		other	0
10108005	358	Response	1	9205186	5544	1
10108005	359	Sound	37	9227411	260	1			260		other	0
10108005	359	Response	1	9232706	5554	1
10108005	360	Sound	39	9244417	260	1			260		other	0
10108005	360	Response	1	9247346	3188	1
10108005	361	Sound	40	9267759	260	1			260		other	0
10108005	361	Response	1	9269826	2327	1
10108005	362	Sound	34	9285765	260	1			260		other	0
10108005	362	Response	1	9297426	11920	1
10108005	363	Sound	37	9306439	260	1			260		other	0
10108005	363	Response	1	9308785	2606	1
10108005	364	Sound	35	9330781	260	1			260		other	0
10108005	364	Response	1	9331905	1384	1
10108005	365	Sound	33	9348954	260	1			260		other	0
10108005	365	Response	1	9353105	4411	1
10108005	366	Sound	34	9365293	260	1			260		other	0
10108005	367	Sound	38	9381965	260	1			260		other	0
10108005	368	Sound	36	9398805	260	1			260		other	0
10108005	368	Response	1	9399184	640	1
10108005	368	Response	1	9415344	16800	1
10108005	369	Sound	37	9422313	260	1			260		other	0
10108005	369	Response	1	9426944	4891	1
10108005	370	Sound	35	9444487	260	1			260		other	0
10108005	370	Response	1	9448144	3916	1
10108005	371	Sound	32	9461660	260	1			260		other	0
10108005	371	Response	1	9464944	3543	1
10108005	372	Sound	39	9484668	260	1			260		other	0
10108005	372	Response	1	9487024	2615	1
10108005	373	Sound	40	9511350	265	1			260		other	0
10108005	373	Response	1	9513664	2579	1
10108005	374	Sound	30	9540021	260	1			260		other	0
10108005	375	Sound	33	9567197	260	1			260		other	0
10108005	375	Response	1	9571743	4806	1
10108005	376	Sound	38	9585370	260	1			260		other	0
10108005	376	Response	1	9589423	4313	1
10108005	377	Sound	31	9601209	260	1			260		other	0
10108005	378	Sound	33	9626718	260	1			260		other	0
10108005	378	Response	1	9632062	5604	1
10108005	379	Sound	34	9653727	260	1			260		other	0
10108005	379	Response	1	9657182	3715	1
10108005	380	Sound	35	9672401	260	1			260		other	0
10108005	380	Response	1	9676222	4081	1
10108005	381	Sound	37	9695409	260	1			260		other	0
10108005	381	Response	1	9698062	2913	1
10108005	382	Sound	39	9718917	260	1			260		other	0
10108005	382	Response	1	9721822	3165	1
10108005	383	Sound	36	9746927	260	1			260		other	0
10108005	383	Response	1	9749822	3155	1
10108005	384	Sound	35	9769101	260	1			260		other	0
10108005	384	Response	1	9772061	3220	1
10108005	385	Sound	32	9785948	267	1			260		other	0
10108005	385	Response	1	9790861	5180	1
10108005	386	Sound	32	9808615	260	1			260		other	0
10108005	386	Response	1	9811661	3306	1
10108005	387	Sound	30	9831790	260	1			260		other	0
10108005	388	Response	1	9851581	210	1
10108005	388	Sound	30	9851630	260	1			260		other	0
10108005	389	Sound	38	9875305	260	1			260		other	0
10108005	389	Response	1	9879980	4935	1
10108005	390	Sound	33	9899980	260	1			260		other	0
10108005	391	Sound	38	9925656	260	1			260		other	0
10108005	391	Response	1	9930060	4664	1
10108005	392	Sound	39	9945330	260	1			260		other	0
10108005	392	Response	1	9949020	3950	1
10108005	393	Sound	36	9969846	268	1			260		other	0
10108005	393	Response	1	9976540	6961	1
10108005	394	Sound	30	9997014	260	1			260		other	0
10108005	395	Sound	32	10023357	260	1			260		other	0
10108005	396	Sound	30	10050366	260	1			260		other	0
10108005	397	Sound	34	10072546	265	1			260		other	0
10108005	397	Response	1	10077259	4978	1
10108005	398	Sound	31	10099717	260	1			260		other	0
10108005	399	Sound	33	10124893	260	1			260		other	0
10108005	399	Response	1	10129258	4626	1
10108005	400	Sound	34	10152245	269	1			260		other	0
10108005	400	Response	1	10158058	6082	1
10108005	401	Sound	40	10170408	260	1			260		other	0
10108005	401	Response	1	10173178	3029	1
10108005	402	Sound	37	10187581	260	1			260		other	0
10108005	402	Response	1	10193018	5696	1
10108005	403	Sound	36	10214090	260	1			260		other	0
10108005	403	Response	1	10218137	4307	1
10108005	404	Sound	39	10238099	260	1			260		other	0
10108005	404	Response	1	10243977	6138	1
10108005	405	Sound	32	10257606	260	1			260		other	0
10108005	405	Response	1	10262537	5191	1
10108005	407	Response	255	10319737	39469	1
10108005	409	Sound	39	10391986	260	1			260		other	0
10108005	409	Response	1	10397096	5370	1
10108005	410	Sound	34	10412327	260	1			260		other	0
10108005	410	Response	1	10417816	5749	1
10108005	411	Sound	37	10433501	260	1			260		other	0
10108005	411	Response	1	10438616	5375	1
10108005	412	Sound	34	10460010	260	1			260		other	0
10108005	412	Response	1	10470935	11185	1
10108005	413	Sound	34	10481016	260	1			260		other	0
10108005	414	Sound	38	10503525	260	1			260		other	0
10108005	414	Response	1	10511575	8310	1
10108005	415	Sound	32	10532369	260	1			260		other	0
10108005	416	Sound	32	10556543	260	1			260		other	0
10108005	416	Response	1	10558535	2251	1
10108005	417	Sound	32	10577384	260	1			260		other	0
10108005	417	Response	1	10581654	4529	2
10108005	418	Sound	40	10600226	260	1			260		other	0
10108005	418	Response	1	10602854	2888	1
10108005	419	Sound	30	10617732	260	1			260		other	0
10108005	420	Sound	32	10645242	260	1			260		other	0
10108005	421	Sound	39	10667416	260	1			260		other	0
10108005	421	Response	1	10670614	3457	1
10108005	422	Sound	33	10691091	260	1			260		other	0
10108005	423	Sound	30	10714099	260	1			260		other	0
10108005	424	Sound	36	10731941	262	1			260		other	0
10108005	424	Response	1	10736533	4854	1
10108005	425	Sound	39	10752279	260	1			260		other	0
10108005	425	Response	1	10756213	4194	1
10108005	426	Sound	37	10776121	260	1			260		other	0
10108005	426	Response	1	10779573	3712	1
10108005	427	Sound	38	10794127	260	1			260		other	0
10108005	427	Response	1	10797092	3225	1
10108005	428	Sound	35	10811466	260	1			260		other	0
10108005	428	Response	1	10815012	3806	1
10108005	429	Sound	36	10835642	260	1			260		other	0
10108005	429	Response	1	10838132	2750	1
10108005	430	Sound	30	10860150	260	1			260		other	0
10108005	430	Response	1	10862852	2962	1
10108005	431	Sound	37	10886826	260	1			260		other	0
10108005	431	Response	1	10893171	6605	1
10108005	432	Sound	38	10905332	260	1			260		other	0
10108005	432	Response	1	10910851	5779	1
10108005	433	Sound	40	10926173	260	1			260		other	0
10108005	433	Response	1	10929411	3498	1
10108005	434	Sound	33	10946680	260	1			260		other	0
10108005	434	Response	1	10952131	5710	1
10108005	435	Sound	36	10967021	260	1			260		other	0
10108005	436	Sound	35	10991039	270	1			260		other	0
10108005	436	Response	1	10997171	6402	1
10108005	437	Sound	40	11014204	260	1			260		other	0
10108005	437	Response	1	11019890	5946	1
10108005	438	Sound	37	11042547	260	1			260		other	0
10108005	438	Response	1	11047170	4883	1
10108005	439	Sound	36	11065722	260	1			260		other	0
10108005	440	Sound	36	11084739	270	1			260		other	0
10108005	440	Response	1	11096530	12061	1
10108005	441	Sound	30	11106903	260	1			260		other	0
10108005	442	Sound	39	11131912	260	1			260		other	0
10108005	442	Response	1	11137169	5517	1
10108005	443	Sound	35	11151419	260	1			260		other	0
10108005	443	Response	1	11155089	3930	1
10108005	444	Sound	32	11169258	260	1			260		other	0
10108005	445	Sound	40	11190266	260	1			260		other	0
10108005	445	Response	1	11193329	3323	1
10108005	446	Sound	34	11211606	260	1			260		other	0
10108005	446	Response	1	11215809	4462	1
10108005	447	Sound	31	11231947	260	1			260		other	0
10108005	447	Response	1	11241409	9721	1
10108005	448	Sound	31	11256289	260	1			260		other	0
10108005	448	Response	1	11259968	3939	1
10108005	449	Sound	31	11282298	260	1			260		other	0
10108005	449	Response	1	11288608	6570	1
10108005	450	Sound	31	11310307	260	1			260		other	0
10108005	451	Sound	31	11337984	260	1			260		other	0
10108005	452	Sound	38	11361826	260	1			260		other	0
10108005	452	Response	1	11365007	3441	1
10108005	453	Sound	37	11386168	260	1			260		other	0
10108005	453	Response	1	11389247	3339	1
10108005	454	Sound	40	11408175	260	1			260		other	0
10108005	454	Response	1	11410447	2531	1
10108005	455	Sound	39	11432351	260	1			260		other	0
10108005	455	Response	1	11439567	7476	1
10108005	456	Sound	33	11451357	260	1			260		other	0
10108005	456	Response	1	11454847	3749	1
10108005	457	Sound	30	11472036	265	1			260		other	0
10108005	458	Sound	38	11487870	260	1			260		other	0
10108005	458	Response	1	11491726	4116	1
10108005	459	Sound	35	11513045	260	1			260		other	0
10108005	459	Response	1	11518206	5421	1
10108005	460	Sound	33	11532386	260	1			260		other	0
10108005	460	Response	1	11536286	4160	1
10108005	461	Sound	35	11559235	267	1			260		other	0
10108005	461	Response	1	11563166	4197	1
10108005	462	Sound	33	11578901	260	1			260		other	0
10108005	462	Response	1	11583486	4844	1
10108005	463	Sound	34	11597742	260	1			260		other	0
10108005	463	Response	1	11603165	5683	1
10108005	465	Response	255	11680285	57047	1
10108005	467	Sound	17	11754634	264	1			260		other	0
10108005	468	Sound	14	11776804	260	1			260		other	0
10108005	468	Response	1	11782044	5499	1
10108005	469	Sound	11	11801646	260	1			260		other	0
10108005	470	Sound	10	11824654	260	1			260		other	0
10108005	471	Sound	19	11851998	260	1			260		other	0
10108005	471	Response	1	11857003	5265	1
10108005	472	Sound	13	11873005	260	1			260		other	0
10108005	473	Sound	18	11895012	260	1			260		other	0
10108005	473	Response	1	11899163	4410	1
10108005	474	Sound	14	11920021	260	1			260		other	0
10108005	475	Sound	19	11942529	260	1			260		other	0
10108005	475	Response	1	11947002	4733	1
10108005	476	Sound	17	11959702	260	1			260		other	0
10108005	476	Response	1	11969242	9800	1
10108005	477	Sound	11	11987878	260	1			260		other	0
10108005	478	Sound	18	12012720	260	1			260		other	0
10108005	479	Sound	16	12036232	263	1			260		other	0
10108005	479	Response	1	12042921	6952	1
10108005	480	Sound	17	12057236	260	1			260		other	0
10108005	481	Sound	20	12075409	260	1			260		other	0
10108005	481	Response	1	12079561	4412	1
10108005	482	Sound	18	12093082	260	1			260		other	0
10108005	482	Response	1	12109321	16499	1
10108005	483	Sound	13	12114089	260	1			260		other	0
10108005	484	Sound	13	12133763	260	1			260		other	0
10108005	485	Sound	15	12149268	260	1			260		other	0
10108005	485	Response	1	12153881	4872	1
10108005	486	Sound	11	12169775	260	1			260		other	0
10108005	487	Sound	15	12185448	260	1			260		other	0
10108005	488	Sound	10	12205454	260	1			260		other	0
10108005	489	Sound	18	12221460	260	1			260		other	0
10108005	489	Response	1	12225480	4280	1
10108005	490	Sound	10	12246469	260	1			260		other	0
10108005	491	Sound	14	12266309	260	1			260		other	0
10108005	491	Response	1	12271400	5350	1
10108005	492	Sound	15	12289317	260	1			260		other	0
10108005	492	Response	1	12292999	3942	1
10108005	493	Sound	14	12316660	260	1			260		other	0
10108005	493	Response	1	12323159	6759	1
10108005	494	Sound	17	12346004	260	1			260		other	0
10108005	494	Response	1	12350039	4295	1
10108005	495	Sound	11	12363343	260	1			260		other	0
10108005	495	Response	1	12367959	4875	1
10108005	496	Sound	16	12385851	260	1			260		other	0
10108005	496	Response	1	12388519	2927	1
10108005	497	Sound	12	12406692	260	1			260		other	0
10108005	497	Response	1	12414678	8246	1
10108005	498	Sound	12	12426532	260	1			260		other	0
10108005	498	Response	1	12430678	4406	2
10108005	499	Sound	19	12445705	260	1			260		other	0
10108005	499	Response	1	12448758	3312	1
10108005	500	Sound	19	12461044	260	1			260		other	0
10108005	500	Response	1	12464278	3493	1
10108005	500	Response	1	12484358	23573	1
10108005	501	Sound	15	12488053	260	1			260		other	0
10108005	502	Sound	14	12503892	260	1			260		other	0
10108005	503	Sound	13	12526734	260	1			260		other	0
10108005	503	Response	1	12529797	3323	1
10108005	504	Sound	19	12543740	260	1			260		other	0
10108005	504	Response	1	12546837	3357	1
10108005	505	Sound	16	12566748	260	1			260		other	0
10108005	505	Response	1	12570037	3549	1
10108005	506	Sound	20	12588589	260	1			260		other	0
10108005	506	Response	1	12590757	2428	1
10108005	506	Response	1	12610196	21867	1
10108005	507	Sound	15	12614598	260	1			260		other	0
10108005	508	Sound	20	12632271	260	1			260		other	0
10108005	508	Response	1	12634676	2665	1
10108005	509	Sound	13	12654278	260	1			260		other	0
10108005	510	Sound	20	12676953	260	1			260		other	0
10108005	510	Response	1	12679476	2783	1
10108005	511	Sound	20	12695293	260	1			260		other	0
10108005	511	Response	1	12697556	2523	1
10108005	512	Sound	12	12720468	260	1			260		other	0
10108005	513	Sound	11	12741976	260	1			260		other	0
10108005	514	Sound	17	12763317	260	1			260		other	0
10108005	515	Sound	10	12781990	260	1			260		other	0
10108005	516	Sound	16	12806665	260	1			260		other	0
10108005	516	Response	1	12810995	4589	1
10108005	517	Sound	18	12826505	260	1			260		other	0
10108005	518	Sound	12	12849514	260	1			260		other	0
10108005	518	Response	1	12854035	4781	1
10108005	519	Sound	16	12867353	260	1			260		other	0
10108005	519	Response	1	12871074	3981	1
10108005	520	Sound	10	12888194	260	1			260		other	0
10108005	521	Sound	12	12904033	260	1			260		other	0
10108005	523	Response	1	12928034	2507	1
10108005	523	Response	255	13266911	341384	1
10108005	525	Sound	10	13337523	265	1			260		other	0
10108005	526	Sound	12	13362193	260	1			260		other	0
10108005	527	Sound	16	13380866	260	1			260		other	0
10108005	527	Response	1	13388109	7503	1
10108005	528	Sound	18	13402723	275	1			260		other	0
10108005	528	Response	1	13408190	5742	1
10108005	529	Sound	18	13423214	260	1			260		other	0
10108005	529	Response	1	13426749	3795	1
10108005	530	Sound	15	13441888	260	1			260		other	0
10108005	530	Response	1	13444909	3281	2
10108005	531	Sound	16	13464229	260	1			260		other	0
10108005	531	Response	1	13467389	3420	1
10108005	532	Sound	17	13490071	260	1			260		other	0
10108005	532	Response	1	13493389	3578	1
10108005	533	Sound	10	13507077	260	1			260		other	0
10108005	534	Sound	18	13523583	260	1			260		other	0
10108005	534	Response	1	13528188	4865	1
10108005	535	Sound	14	13542423	260	1			260		other	0
10108005	535	Response	1	13547388	5225	1
10108005	536	Sound	12	13564931	260	1			260		other	0
10108005	536	Response	1	13568348	3677	1
10108005	537	Sound	10	13583604	260	1			260		other	0
10108005	538	Sound	11	13609279	260	1			260		other	0
10108005	538	Response	1	13616828	7808	1
10108005	539	Sound	12	13631287	260	1			260		other	0
10108005	539	Response	1	13634348	3320	1
10108005	540	Sound	15	13654796	260	1			260		other	0
10108005	540	Response	1	13660347	5811	1
10108005	541	Sound	20	13669967	260	1			260		other	0
10108005	541	Response	1	13676907	7200	1
10108005	542	Sound	14	13691975	260	1			260		other	0
10108005	542	Response	1	13696987	5272	1
10108005	543	Sound	11	13714821	264	1			260		other	0
10108005	544	Sound	20	13741826	260	1			260		other	0
10108005	544	Response	1	13745067	3500	1
10108005	545	Sound	10	13761166	260	1			260		other	0
10108005	546	Sound	20	13783674	260	1			260		other	0
10108005	546	Response	1	13788106	4692	1
10108005	547	Sound	14	13810183	260	1			260		other	0
10108005	548	Sound	13	13832691	260	1			260		other	0
10108005	548	Response	1	13837946	5514	1
10108005	549	Sound	15	13859200	260	1			260		other	0
10108005	549	Response	1	13864986	6045	1
10108005	549	Response	1	13884666	25725	1
10108005	550	Sound	11	13886219	269	1			260		other	0
10108005	551	Sound	13	13909719	261	1			260		other	0
10108005	552	Sound	19	13933060	260	1			260		other	0
10108005	552	Response	1	13938185	5385	1
10108005	553	Sound	12	13950399	260	1			260		other	0
10108005	553	Response	1	13957225	7085	1
10108005	554	Sound	19	13975574	260	1			260		other	0
10108005	554	Response	1	13980745	5430	1
10108005	555	Sound	15	13998249	260	1			260		other	0
10108005	556	Sound	17	14013421	260	1			260		other	0
10108005	556	Response	1	14019704	6543	1
10108005	557	Sound	20	14040431	260	1			260		other	0
10108005	557	Response	1	14045464	5293	1
10108005	558	Sound	11	14057770	260	1			260		other	0
10108005	559	Sound	11	14073776	260	1			260		other	0
10108005	560	Sound	14	14101952	260	1			260		other	0
10108005	560	Response	1	14106824	5131	1
10108005	561	Sound	18	14120625	260	1			260		other	0
10108005	561	Response	1	14126023	5658	1
10108005	562	Sound	18	14147301	260	1			260		other	0
10108005	562	Response	1	14151623	4582	1
10108005	563	Sound	17	14167975	260	1			260		other	0
10108005	563	Response	1	14171703	3987	1
10108005	564	Sound	15	14192317	260	1			260		other	0
10108005	564	Response	1	14199487	7430	524
10108005	565	Sound	13	14220827	260	1			260		other	0
10108005	565	Response	1	14228983	8415	1
10108005	566	Sound	17	14243335	260	1			260		other	0
10108005	566	Response	1	14249062	5987	1
10108005	567	Sound	19	14259341	260	1			260		other	0
10108005	567	Response	1	14265462	6381	1
10108005	568	Sound	12	14280348	260	1			260		other	0
10108005	568	Response	1	14284182	4094	1
10108005	569	Sound	16	14302356	260	1			260		other	0
10108005	569	Response	1	14305382	3286	1
10108005	570	Sound	14	14320529	260	1			260		other	0
10108005	570	Response	1	14325302	5033	1
10108005	571	Sound	17	14344036	260	1			260		other	0
10108005	571	Response	1	14349302	5525	1
10108005	572	Sound	13	14365378	260	1			260		other	0
10108005	572	Response	1	14372021	6903	1
10108005	573	Sound	16	14392220	260	1			260		other	0
10108005	573	Response	1	14396501	4540	1
10108005	574	Sound	19	14408559	260	1			260		other	0
10108005	574	Response	1	14416181	7881	1
10108005	575	Sound	16	14435069	260	1			260		other	0
10108005	575	Response	1	14441300	6491	1
10108005	575	Response	1	14442581	7772	1
10108005	576	Sound	13	14453409	260	1			260		other	0
10108005	576	Response	1	14457221	4072	1
10108005	577	Sound	10	14469081	260	1			260		other	0
10108005	578	Sound	20	14485587	260	1			260		other	0
10108005	578	Response	1	14488260	2934	1
10108005	579	Sound	19	14512429	260	1			260		other	0
10108005	579	Response	1	14518820	6651	1
10108005	581	Response	255	15837209	1306953	1
10108005	583	Sound	37	15899082	260	1			260		other	0
10108005	583	Response	1	15917128	18306	1
10108005	584	Sound	31	15922923	260	1			260		other	0
10108005	585	Sound	37	15948766	260	1			260		other	0
10108005	585	Response	1	15958887	10382	1
10108005	586	Sound	37	15976942	260	1			260		other	0
10108005	586	Response	1	15981367	4685	1
10108005	587	Sound	34	16002118	260	1			260		other	0
10108005	588	Sound	36	16018456	260	1			260		other	0
10108005	588	Response	1	16023527	5330	1
10108005	589	Sound	33	16046804	264	1			260		other	0
10108005	589	Response	1	16055137	8597	701
10108005	590	Sound	35	16065306	260	1			260		other	0
10108005	590	Response	1	16067847	2801	1
10108005	591	Sound	30	16084480	260	1			260		other	0
10108005	592	Sound	30	16100986	260	1			260		other	0
10108005	593	Sound	35	16123327	260	1			260		other	0
10108005	593	Response	1	16127766	4699	1
10108005	594	Sound	32	16142667	260	1			260		other	0
10108005	594	Response	1	16147206	4798	1
10108005	595	Sound	39	16161173	260	1			260		other	0
10108005	595	Response	1	16164886	3972	2
10108005	596	Sound	38	16181180	260	1			260		other	0
10108005	596	Response	1	16184725	3805	1
10108005	597	Sound	38	16204022	260	1			260		other	0
10108005	597	Response	1	16207445	3683	2
10108005	598	Sound	32	16231864	260	1			260		other	0
10108005	599	Sound	38	16254539	260	1			260		other	0
10108005	599	Response	1	16259685	5405	1
10108005	600	Sound	34	16281215	260	1			260		other	0
10108005	601	Sound	36	16300722	260	1			260		other	0
10108005	602	Sound	30	16325898	260	1			260		other	0
10108005	603	Sound	38	16349573	260	1			260		other	0
10108005	603	Response	1	16350564	1251	1
10108005	604	Sound	37	16373081	260	1			260		other	0
10108005	604	Response	1	16378724	5903	1
10108005	605	Sound	37	16396756	260	1			260		other	0
10108005	606	Sound	34	16417602	265	1			260		other	0
10108005	606	Response	1	16422403	5067	1
10108005	607	Sound	39	16440604	260	1			260		other	0
10108005	607	Response	1	16446483	6138	1
10108005	608	Sound	35	16456777	260	1			260		other	0
10108005	609	Sound	32	16484119	260	1			260		other	0
10108005	609	Response	1	16491923	8064	1
10108005	610	Sound	36	16502459	260	1			260		other	0
10108005	610	Response	1	16510483	8283	1
10108005	611	Sound	40	16529969	260	1			260		other	0
10108005	611	Response	1	16532962	3253	1
10108005	612	Sound	31	16554811	260	1			260		other	0
10108005	613	Sound	35	16582154	260	1			260		other	0
10108005	613	Response	1	16588482	6588	1
10108005	614	Sound	33	16598326	260	1			260		other	0
10108005	615	Sound	30	16618000	260	1			260		other	0
10108005	616	Sound	39	16639341	260	1			260		other	0
10108005	616	Response	1	16642401	3321	1
10108005	617	Sound	32	16656013	260	1			260		other	0
10108005	617	Response	255	16661681	5928	1
10108005	617	Response	1	16662401	6648	1
10108005	618	Sound	30	16680022	260	1			260		other	0
10108005	619	Sound	39	16695861	260	1			260		other	0
10108005	619	Response	1	16700321	4720	1
10108005	620	Sound	33	16719869	260	1			260		other	0
10108005	620	Response	1	16724321	4712	1
10108005	621	Sound	40	16747712	260	1			260		other	0
10108005	621	Response	1	16751201	3748	1
10108005	622	Sound	36	16768052	260	1			260		other	0
10108005	623	Sound	33	16793228	260	1			260		other	0
10108005	624	Sound	40	16812234	260	1			260		other	0
10108005	624	Response	1	16816480	4505	1
10108005	625	Sound	34	16828740	260	1			260		other	0
10108005	626	Sound	31	16854083	260	1			260		other	0
10108005	627	Sound	33	16875924	260	1			260		other	0
10108005	628	Sound	40	16903767	260	1			260		other	0
10108005	628	Response	1	16907359	3852	1
10108005	629	Sound	35	16924607	260	1			260		other	0
10108005	630	Sound	34	16948448	260	1			260		other	0
10108005	630	Response	1	16961117	12928	2
10108005	631	Sound	32	16972958	260	1			260		other	0
10108005	632	Sound	38	16998300	260	1			260		other	0
10108005	632	Response	1	17003038	4998	1
10108005	633	Sound	31	17019807	260	1			260		other	0
10108005	634	Sound	39	17041982	260	1			260		other	0
10108005	634	Response	1	17045038	3316	1
10108005	635	Sound	36	17063823	260	1			260		other	0
10108005	636	Sound	40	17089332	260	1			260		other	0
10108005	636	Response	1	17092638	3566	1
10108005	637	Sound	31	17116508	260	1			260		other	0
10108005	639	Response	255	17940630	802961	1
10108005	641	Sound	24	18014489	260	1			260		other	0
10108005	641	Response	1	18020150	5920	1
10108005	642	Sound	29	18034996	260	1			260		other	0
10108005	642	Response	1	18038709	3973	1
10108005	643	Sound	28	18061172	260	1			260		other	0
10108005	643	Response	1	18064949	4037	1
10108005	644	Sound	23	18083690	270	1			260		other	0
10108005	645	Sound	22	18109356	260	1			260		other	0
10108005	646	Sound	27	18130696	260	1			260		other	0
10108005	646	Response	1	18135748	5312	1
10108005	647	Sound	29	18158206	260	1			260		other	0
10108005	647	Response	1	18163028	5082	1
10108005	648	Sound	30	18175879	260	1			260		other	0
10108005	648	Response	1	18179429	3809	1
10108005	649	Sound	20	18198389	263	1			260		other	0
10108005	650	Sound	26	18218727	260	1			260		other	0
10108005	651	Sound	29	18239401	260	1			260		other	0
10108005	651	Response	1	18243188	4046	1
10108005	652	Sound	30	18257074	260	1			260		other	0
10108005	652	Response	1	18260707	3893	1
10108005	653	Sound	30	18281916	260	1			260		other	0
10108005	653	Response	1	18284947	3291	1
10108005	654	Sound	30	18299922	260	1			260		other	0
10108005	654	Response	1	18303747	4085	1
10108005	655	Sound	21	18326932	260	1			260		other	0
10108005	656	Sound	26	18351440	260	1			260		other	0
10108005	656	Response	1	18355907	4726	1
10108005	657	Sound	23	18378288	265	1			260		other	0
10108005	658	Sound	27	18395789	260	1			260		other	0
10108005	659	Sound	22	18421965	260	1			260		other	0
10108005	660	Sound	25	18443139	260	1			260		other	0
10108005	660	Response	1	18447266	4386	1
10108005	661	Sound	20	18467814	260	1			260		other	0
10108005	662	Sound	27	18493823	260	1			260		other	0
10108005	663	Sound	25	18520499	260	1			260		other	0
10108005	663	Response	1	18525424	5185	2
10108005	664	Sound	28	18543341	260	1			260		other	0
10108005	664	Response	1	18550545	7464	1
10108005	665	Sound	21	18568187	264	1			260		other	0
10108005	666	Sound	26	18589524	260	1			260		other	0
10108005	667	Sound	22	18615700	260	1			260		other	0
10108005	668	Sound	25	18644043	260	1			260		other	0
10108005	669	Sound	21	18669052	260	1			260		other	0
10108005	670	Sound	23	18697061	260	1			260		other	0
10108005	670	Response	1	18700864	4062	1
10108005	671	Sound	23	18719069	260	1			260		other	0
10108005	672	Sound	24	18737409	260	1			260		other	0
10108005	673	Sound	25	18762918	260	1			260		other	0
10108005	674	Sound	27	18784926	260	1			260		other	0
10108005	674	Response	1	18791343	6677	1
10108005	675	Sound	26	18812268	260	1			260		other	0
10108005	676	Sound	24	18833943	260	1			260		other	0
10108005	677	Sound	21	18859785	260	1			260		other	0
10108005	678	Sound	20	18882126	260	1			260		other	0
10108005	679	Sound	24	18904133	260	1			260		other	0
10108005	680	Sound	28	18921473	260	1			260		other	0
10108005	681	Sound	28	18941314	260	1			260		other	0
10108005	681	Response	1	18946621	5568	1
10108005	682	Sound	29	18967156	260	1			260		other	0
10108005	683	Sound	29	18994832	260	1			260		other	0
10108005	684	Sound	22	19018674	260	1			260		other	0
10108005	685	Sound	25	19043850	260	1			260		other	0
10108005	686	Sound	20	19063856	260	1			260		other	0
10108005	687	Sound	24	19086364	260	1			260		other	0
10108005	688	Sound	28	19112540	260	1			260		other	0
10108005	689	Sound	30	19133383	262	1			260		other	0
10108005	689	Response	1	19137100	3979	1
10108005	690	Sound	27	19153054	260	1			260		other	0
10108005	691	Sound	23	19180064	260	1			260		other	0
10108005	692	Sound	22	19206573	260	1			260		other	0
10108005	693	Sound	21	19225082	262	1			260		other	0
10108005	694	Sound	26	19245420	260	1			260		other	0
10108005	695	Sound	20	19270596	260	1			260		other	0
10108005	697	Response	255	19442857	150767	1
10108005	699	Sound	12	19516515	260	1			260		other	0
10108005	700	Sound	16	19532354	260	1			260		other	0
10108005	700	Response	1	19539096	7002	1
10108005	701	Sound	15	19550360	260	1			260		other	0
10108005	701	Response	1	19553896	3796	1
10108005	702	Sound	12	19567866	260	1			260		other	0
10108005	702	Response	1	19574456	6849	1
10108005	703	Sound	15	19590874	260	1			260		other	0
10108005	703	Response	1	19596936	6321	1
10108005	704	Sound	20	19611548	260	1			260		other	0
10108005	704	Response	1	19615095	3807	1
10108005	705	Sound	18	19633723	260	1			260		other	0
10108005	705	Response	1	19636695	3232	1
10108005	706	Sound	13	19660899	260	1			260		other	0
10108005	706	Response	1	19665095	4456	1
10108005	707	Sound	11	19677079	268	1			260		other	0
10108005	707	Response	1	19680615	3804	1
10108005	708	Sound	18	19695244	260	1			260		other	0
10108005	708	Response	1	19698775	3790	1
10108005	709	Sound	20	19716919	260	1			260		other	0
10108005	709	Response	1	19719335	2676	1
10108005	710	Sound	10	19732924	260	1			260		other	0
10108005	711	Sound	16	19758433	260	1			260		other	0
10108005	711	Response	1	19764054	5881	1
10108005	712	Sound	18	19776779	265	1			260		other	0
10108005	712	Response	1	19781734	5221	1
10108005	713	Sound	12	19797780	260	1			260		other	0
10108005	713	Response	1	19807334	9813	1
10108005	714	Sound	17	19825123	260	1			260		other	0
10108005	714	Response	1	19829814	4950	1
10108005	715	Sound	20	19844478	275	1			260		other	0
10108005	715	Response	1	19847974	3770	1
10108005	716	Sound	18	19868978	266	1			260		other	0
10108005	716	Response	1	19871813	3101	1
10108005	717	Sound	11	19886311	260	1			260		other	0
10108005	718	Sound	20	19909985	260	1			260		other	0
10108005	718	Response	1	19914133	4407	1
10108005	719	Sound	19	19935995	260	1			260		other	0
10108005	719	Response	1	19941653	5917	1
10108005	720	Sound	14	19962838	260	1			260		other	0
10108005	720	Response	1	19970293	7714	1
10108005	721	Sound	14	19985012	260	1			260		other	0
10108005	721	Response	1	19993492	8740	1
10108005	722	Sound	20	20003352	260	1			260		other	0
10108005	722	Response	1	20007892	4800	1
10108005	723	Sound	11	20030695	260	1			260		other	0
10108005	724	Sound	19	20055377	266	1			260		other	0
10108005	724	Response	1	20058532	3421	1
10108005	725	Sound	14	20072709	260	1			260		other	0
10108005	726	Sound	11	20089882	260	1			260		other	0
10108005	727	Sound	10	20112057	260	1			260		other	0
10108005	728	Sound	10	20133731	260	1			260		other	0
10108005	729	Sound	12	20152404	260	1			260		other	0
10108005	729	Response	1	20156211	4066	1
10108005	730	Sound	13	20172411	260	1			260		other	0
10108005	730	Response	1	20175171	3019	1
10108005	731	Sound	10	20195253	260	1			260		other	0
10108005	732	Sound	11	20210758	260	1			260		other	0
10108005	732	Response	1	20214930	4433	1
10108005	733	Sound	16	20232266	260	1			260		other	0
10108005	733	Response	1	20236770	4764	1
10108005	734	Sound	14	20253606	260	1			260		other	0
10108005	734	Response	1	20261490	8143	1
10108005	735	Sound	12	20276281	260	1			260		other	0
10108005	736	Sound	17	20300956	260	1			260		other	0
10108005	736	Response	1	20305169	4473	1
10108005	737	Sound	13	20317629	260	1			260		other	0
10108005	737	Response	1	20322689	5320	1
10108005	738	Sound	15	20338470	260	1			260		other	0
10108005	738	Response	1	20344289	6079	1
10108005	739	Sound	17	20363645	260	1			260		other	0
10108005	739	Response	1	20367409	4024	1
10108005	740	Sound	14	20388654	260	1			260		other	0
10108005	740	Response	1	20392369	3975	1
10108005	741	Sound	16	20409661	260	1			260		other	0
10108005	741	Response	1	20412449	3047	1
10108005	742	Sound	19	20425174	267	1			260		other	0
10108005	742	Response	1	20429888	4982	1
10108005	743	Sound	15	20452509	260	1			260		other	0
10108005	743	Response	1	20455888	3638	1
10108005	744	Sound	16	20470016	260	1			260		other	0
10108005	744	Response	1	20480608	10852	1
10108005	745	Sound	13	20497192	260	1			260		other	0
10108005	745	Response	1	20500688	3756	1
10108005	746	Sound	10	20513698	260	1			260		other	0
10108005	747	Sound	18	20535539	260	1			260		other	0
10108005	747	Response	1	20540927	5648	1
10108005	748	Sound	19	20555379	260	1			260		other	0
10108005	748	Response	1	20559007	3888	1
10108005	749	Sound	13	20574052	260	1			260		other	0
10108005	749	Response	1	20577167	3375	1
10108005	750	Sound	19	20592725	260	1			260		other	0
10108005	750	Response	1	20595727	3262	1
10108005	751	Sound	17	20619735	260	1			260		other	0
10108005	751	Response	1	20623727	4252	1
10108005	752	Sound	17	20646244	260	1			260		other	0
10108005	752	Response	1	20649007	3022	1
10108005	753	Sound	15	20665417	260	1			260		other	0
10108005	753	Response	1	20669966	4809	1
10108005	755	Response	255	20759166	76422	1
10108005	757	Sound	35	20837478	260	1			260		other	0
10108005	758	Sound	40	20854317	260	1			260		other	0
10108005	758	Response	1	20856765	2708	1
10108005	759	Sound	34	20872490	260	1			260		other	0
10108005	760	Sound	32	20894331	260	1			260		other	0
10108005	760	Response	1	20900044	5973	1
10108005	761	Sound	31	20917506	260	1			260		other	0
10108005	761	Response	1	20925404	8158	2
10108005	762	Sound	38	20937513	260	1			260		other	0
10108005	762	Response	1	20940684	3431	1
10108005	763	Sound	35	20958353	260	1			260		other	0
10108005	763	Response	1	20963564	5470	1
10108005	764	Sound	33	20975693	260	1			260		other	0
10108005	764	Response	1	20978924	3491	1
10108005	765	Sound	36	20997867	260	1			260		other	0
10108005	765	Response	1	20999243	1636	1
10108005	766	Sound	35	21021209	260	1			260		other	0
10108005	766	Response	1	21024363	3414	1
10108005	767	Sound	33	21044050	260	1			260		other	0
10108005	767	Response	1	21048603	4813	1
10108005	768	Sound	34	21062556	260	1			260		other	0
10108005	768	Response	1	21067803	5506	1
10108005	769	Sound	37	21078395	260	1			260		other	0
10108005	769	Response	1	21081563	3427	1
10108005	770	Sound	38	21095069	261	1			260		other	0
10108005	770	Response	1	21097723	2915	1
10108005	771	Sound	40	21122744	260	1			260		other	0
10108005	771	Response	1	21125002	2518	1
10108005	772	Sound	36	21149754	260	1			260		other	0
10108005	772	Response	1	21157402	7908	2
10108005	773	Sound	31	21176596	260	1			260		other	0
10108005	773	Response	1	21180762	4425	2
10108005	774	Sound	33	21195270	260	1			260		other	0
10108005	775	Sound	35	21219445	260	1			260		other	0
10108005	775	Response	1	21223081	3896	1
10108005	776	Sound	37	21245621	260	1			260		other	0
10108005	776	Response	1	21250441	5081	1
10108005	777	Sound	39	21272630	260	1			260		other	0
10108005	777	Response	1	21275321	2951	1
10108005	778	Sound	38	21295638	260	1			260		other	0
10108005	778	Response	1	21300201	4823	1
10108005	779	Sound	32	21312144	260	1			260		other	0
10108005	780	Sound	33	21328316	260	1			260		other	0
10108005	780	Response	1	21330201	2144	1
10108005	781	Sound	40	21351158	260	1			260		other	0
10108005	781	Response	1	21353560	2663	1
10108005	782	Sound	31	21368997	260	1			260		other	0
10108005	783	Sound	30	21390004	260	1			260		other	0
10108005	784	Sound	39	21413346	260	1			260		other	0
10108005	784	Response	1	21415800	2713	1
10108005	785	Sound	31	21429185	260	1			260		other	0
10108005	786	Sound	39	21456361	260	1			260		other	0
10108005	786	Response	1	21461240	5138	1
10108005	787	Sound	38	21478369	260	1			260		other	0
10108005	787	Response	1	21485479	7370	1
10108005	788	Sound	30	21506712	260	1			260		other	0
10108005	789	Sound	34	21530220	260	1			260		other	0
10108005	789	Response	1	21533559	3598	1
10108005	790	Sound	36	21546726	260	1			260		other	0
10108005	790	Response	1	21550599	4133	1
10108005	791	Sound	40	21568567	260	1			260		other	0
10108005	791	Response	1	21570279	1971	1
10108005	792	Sound	36	21586407	260	1			260		other	0
10108005	792	Response	1	21592518	6372	1
10108005	793	Sound	37	21610081	260	1			260		other	0
10108005	793	Response	1	21613078	3256	1
10108005	794	Sound	32	21628266	271	1			260		other	0
10108005	794	Response	1	21631158	3163	1
10108005	794	Response	1	21651958	23963	1
10108005	795	Sound	34	21652266	263	1			260		other	0
10108005	796	Sound	33	21675104	260	1			260		other	0
10108005	796	Response	1	21678118	3273	1
10108005	797	Sound	36	21698279	260	1			260		other	0
10108005	797	Response	1	21700837	2818	1
10108005	797	Response	1	21719237	21218	1
10108005	798	Sound	38	21722287	260	1			260		other	0
10108005	798	Response	1	21742997	20969	1
10108005	799	Sound	40	21743465	263	1			260		other	0
10108005	800	Sound	30	21766803	260	1			260		other	0
10108005	801	Sound	37	21795146	260	1			260		other	0
10108005	801	Response	1	21798517	3630	1
10108005	802	Sound	34	21816654	260	1			260		other	0
10108005	802	Response	1	21820596	4202	1
10108005	802	Response	1	21838276	21882	1
10108005	803	Sound	35	21844664	260	1			260		other	0
10108005	804	Sound	30	21861336	260	1			260		other	0
10108005	804	Response	1	21878676	17600	1
10108005	805	Sound	39	21884011	260	1			260		other	0
10108005	806	Sound	39	21906185	260	1			260		other	0
10108005	806	Response	1	21909955	4030	1
10108005	807	Sound	32	21926025	260	1			260		other	0
10108005	808	Sound	32	21948533	260	1			260		other	0
10108005	809	Sound	30	21975043	260	1			260		other	0
10108005	810	Sound	37	22002218	260	1			260		other	0
10108005	810	Response	1	22005395	3436	1
10108005	811	Sound	31	22021892	260	1			260		other	0
10108005	813	Response	255	22757948	714728	1
10108005	815	Sound	35	22838345	260	1			260		other	0
10108005	816	Sound	33	22854851	260	1			260		other	0
10108005	817	Sound	32	22872524	260	1			260		other	0
10108005	818	Sound	37	22893197	260	1			260		other	0
10108005	818	Response	1	22897547	4609	1
10108005	819	Sound	40	22913038	260	1			260		other	0
10108005	819	Response	1	22915467	2689	1
10108005	820	Sound	31	22936213	260	1			260		other	0
10108005	821	Sound	40	22960054	260	1			260		other	0
10108005	821	Response	1	22962666	2872	1
10108005	822	Sound	33	22975893	260	1			260		other	0
10108005	823	Sound	30	23003403	260	1			260		other	0
10108005	824	Sound	31	23024410	260	1			260		other	0
10108005	825	Sound	38	23053587	260	1			260		other	0
10108005	825	Response	1	23056932	3605	160
10108005	826	Sound	33	23070760	260	1			260		other	0
10108005	826	Response	1	23075785	5285	1
10108005	827	Sound	35	23091600	260	1			260		other	0
10108005	827	Response	1	23101145	9805	1
10108005	828	Sound	34	23109940	260	1			260		other	0
10108005	828	Response	1	23112505	2825	1
10108005	829	Sound	32	23129114	260	1			260		other	0
10108005	829	Response	1	23132585	3731	1
10108005	830	Sound	31	23156790	260	1			260		other	0
10108005	830	Response	1	23161465	4935	1
10108005	831	Sound	38	23176297	260	1			260		other	0
10108005	831	Response	1	23180265	4228	1
10108005	832	Sound	38	23201472	260	1			260		other	0
10108005	832	Response	1	23205544	4332	1
10108005	833	Sound	39	23225314	260	1			260		other	0
10108005	833	Response	1	23231144	6090	1
10108005	834	Sound	31	23251490	260	1			260		other	0
10108005	834	Response	1	23255624	4394	1
10108005	835	Sound	39	23273164	260	1			260		other	0
10108005	835	Response	1	23276344	3439	1
10108005	836	Sound	34	23297839	260	1			260		other	0
10108005	836	Response	1	23300343	2764	1
10108005	837	Sound	31	23318354	267	1			260		other	0
10108005	837	Response	1	23321543	3456	2
10108005	838	Sound	32	23337854	260	1			260		other	0
10108005	838	Response	1	23341703	4109	1
10108005	839	Sound	30	23364196	260	1			260		other	0
10108005	840	Sound	39	23384870	260	1			260		other	0
10108005	840	Response	1	23387943	3333	1
10108005	841	Sound	30	23406377	260	1			260		other	0
10108005	842	Sound	34	23430886	260	1			260		other	0
10108005	842	Response	1	23434502	3876	1
10108005	843	Sound	36	23452894	260	1			260		other	0
10108005	843	Response	1	23456342	3708	1
10108005	844	Sound	30	23479253	276	1			260		other	0
10108005	844	Response	1	23491302	12325	1
10108005	845	Sound	35	23505253	267	1			260		other	0
10108005	845	Response	1	23509462	4476	1
10108005	846	Sound	30	23523918	260	1			260		other	0
10108005	847	Sound	37	23549261	260	1			260		other	0
10108005	847	Response	1	23553141	4141	1
10108005	848	Sound	38	23575603	260	1			260		other	0
10108005	848	Response	1	23578501	3158	1
10108005	849	Sound	35	23592109	260	1			260		other	0
10108005	849	Response	1	23595301	3452	1
10108005	850	Sound	35	23610452	263	1			260		other	0
10108005	850	Response	1	23613461	3272	1
10108005	851	Sound	40	23637958	260	1			260		other	0
10108005	851	Response	1	23639621	1922	1
10108005	852	Sound	36	23659132	260	1			260		other	0
10108005	852	Response	1	23663460	4588	1
10108005	853	Sound	37	23687809	260	1			260		other	0
10108005	853	Response	1	23691860	4310	1
10108005	854	Sound	38	23716653	260	1			260		other	0
10108005	854	Response	1	23720500	4107	1
10108005	855	Sound	40	23742828	260	1			260		other	0
10108005	855	Response	1	23744900	2331	1
10108005	856	Sound	36	23759851	276	1			260		other	0
10108005	857	Sound	33	23778174	260	1			260		other	0
10108005	858	Sound	32	23799351	262	1			260		other	0
10108005	859	Sound	36	23821189	260	1			260		other	0
10108005	859	Response	1	23824419	3489	1
10108005	860	Sound	40	23837528	260	1			260		other	0
10108005	860	Response	1	23839699	2430	1
10108005	861	Sound	32	23858035	260	1			260		other	0
10108005	862	Sound	34	23875875	260	1			260		other	0
10108005	862	Response	1	23879458	3843	1
10108005	863	Sound	37	23901551	260	1			260		other	0
10108005	863	Response	1	23903938	2647	1
10108005	864	Sound	39	23923225	260	1			260		other	0
10108005	864	Response	1	23925778	2813	1
10108005	865	Sound	34	23941898	260	1			260		other	0
10108005	865	Response	1	23946818	5179	1
10108005	866	Sound	36	23959571	260	1			260		other	0
10108005	866	Response	1	23961858	2546	1
10108005	866	Response	1	23974978	15666	1
10108005	867	Sound	33	23979078	260	1			260		other	0
10108005	868	Sound	39	24002419	260	1			260		other	0
10108005	868	Response	1	24006177	4018	1
10108005	869	Sound	37	24027595	260	1			260		other	0
10108005	869	Response	1	24030417	3082	1
10108005	871	Response	255	24371694	322605	1
10108005	873	Sound	20	24441746	266	1			260		other	0
10108005	873	Response	1	24453373	11893	1
10108005	874	Sound	18	24464915	260	1			260		other	0
10108005	874	Response	1	24473214	8559	1
10108005	875	Sound	19	24482254	260	1			260		other	0
10108005	875	Response	1	24486813	4819	1
10108005	876	Sound	20	24499760	260	1			260		other	0
10108005	876	Response	1	24502493	2993	1
10108005	877	Sound	17	24518600	260	1			260		other	0
10108005	877	Response	1	24528093	9752	1
10108005	878	Sound	15	24534272	260	1			260		other	0
10108005	879	Sound	19	24549945	261	1			260		other	0
10108005	879	Response	1	24557372	7688	1
10108005	880	Sound	17	24566617	260	1			260		other	0
10108005	880	Response	1	24570892	4535	1
10108005	881	Sound	14	24586291	260	1			260		other	0
10108005	881	Response	1	24589692	3661	1
10108005	882	Sound	10	24602963	260	1			260		other	0
10108005	883	Sound	14	24618635	260	1			260		other	0
10108005	884	Sound	12	24637809	260	1			260		other	0
10108005	884	Response	1	24643852	6303	1
10108005	885	Sound	11	24653814	260	1			260		other	0
10108005	886	Sound	15	24677656	260	1			260		other	0
10108005	886	Response	1	24683611	6215	1
10108005	886	Response	1	24704571	27175	1
10108005	887	Sound	13	24705666	260	1			260		other	0
10108005	888	Sound	19	24733009	260	1			260		other	0
10108005	888	Response	1	24735611	2862	1
10108005	889	Sound	11	24751348	260	1			260		other	0
10108005	890	Sound	13	24770522	260	1			260		other	0
10108005	890	Response	1	24774490	4228	1
10108005	891	Sound	10	24789362	260	1			260		other	0
10108005	892	Sound	13	24811544	267	1			260		other	0
10108005	892	Response	1	24816250	4974	1
10108005	893	Sound	12	24830543	261	1			260		other	0
10108005	894	Sound	13	24847882	260	1			260		other	0
10108005	894	Response	1	24852490	4868	1
10108005	895	Sound	15	24865054	260	1			260		other	0
10108005	895	Response	1	24868650	3855	1
10108005	896	Sound	11	24889230	260	1			260		other	0
10108005	896	Response	1	24892490	3520	1
10108005	897	Sound	12	24906903	260	1			260		other	0
10108005	897	Response	1	24910568	3925	3
10108005	898	Sound	13	24923409	260	1			260		other	0
10108005	899	Sound	18	24946083	260	1			260		other	0
10108005	899	Response	1	24949289	3466	1
10108005	900	Sound	10	24961422	260	1			260		other	0
10108005	901	Sound	14	24987264	260	1			260		other	0
10108005	901	Response	1	24992089	5084	1
10108005	902	Sound	14	25012273	260	1			260		other	0
10108005	902	Response	1	25016569	4555	1
10108005	903	Sound	19	25028445	260	1			260		other	0
10108005	903	Response	1	25032728	4543	1
10108005	904	Sound	18	25055455	260	1			260		other	0
10108005	904	Response	1	25058728	3533	1
10108005	905	Sound	16	25077963	260	1			260		other	0
10108005	905	Response	1	25082328	4625	1
10108005	906	Sound	10	25096803	260	1			260		other	0
10108005	907	Sound	17	25124312	260	1			260		other	0
10108005	907	Response	1	25129288	5235	1
10108005	908	Sound	16	25140484	260	1			260		other	0
10108005	908	Response	1	25147607	7383	1
10108005	909	Sound	11	25160825	260	1			260		other	0
10108005	910	Sound	14	25181341	268	1			260		other	0
10108005	910	Response	1	25185607	4535	1
10108005	911	Sound	12	25199505	260	1			260		other	0
10108005	912	Sound	16	25222680	260	1			260		other	0
10108005	913	Sound	11	25244354	260	1			260		other	0
10108005	913	Response	1	25248327	4232	1
10108005	914	Sound	18	25265195	260	1			260		other	0
10108005	914	Response	1	25270806	5871	1
10108005	915	Sound	16	25287370	260	1			260		other	0
10108005	915	Response	1	25306166	19056	1
10108005	916	Sound	17	25312045	260	1			260		other	0
10108005	916	Response	1	25318406	6621	1
10108005	917	Sound	15	25332885	260	1			260		other	0
10108005	917	Response	1	25337846	5220	1
10108005	918	Sound	20	25361062	260	1			260		other	0
10108005	918	Response	1	25371525	10723	1
10108005	919	Sound	10	25389905	260	1			260		other	0
10108005	920	Sound	18	25417415	260	1			260		other	0
10108005	920	Response	1	25426565	9410	1
10108005	921	Sound	17	25442590	260	1			260		other	0
10108005	921	Response	1	25449045	6714	1
10108005	922	Sound	15	25465265	260	1			260		other	0
10108005	922	Response	1	25469205	4199	1
10108005	923	Sound	20	25491441	260	1			260		other	0
10108005	923	Response	1	25495204	4023	1
10108005	924	Sound	20	25518784	260	1			260		other	0
10108005	924	Response	1	25521604	3080	1
10108005	925	Sound	19	25534289	260	1			260		other	0
10108005	925	Response	1	25546484	12455	1
10108005	926	Sound	12	25561965	260	1			260		other	0
10108005	927	Sound	16	25580639	260	1			260		other	0
10108005	929	Response	255	25648963	41828	1
10108005	931	Sound	27	25728857	260	1			260		other	0
10108005	932	Sound	29	25749865	260	1			260		other	0
10108005	932	Response	1	25754482	4877	1
10108005	933	Sound	25	25778208	260	1			260		other	0
10108005	934	Sound	21	25801049	260	1			260		other	0
10108005	935	Sound	30	25817055	260	1			260		other	0
10108005	935	Response	1	25822161	5366	1
10108005	936	Sound	22	25835395	260	1			260		other	0
10108005	937	Sound	25	25853736	262	1			260		other	0
10108005	938	Sound	24	25872241	260	1			260		other	0
10108005	939	Sound	29	25898083	260	1			260		other	0
10108005	939	Response	1	25902400	4577	2
10108005	940	Sound	23	25914589	260	1			260		other	0
10108005	941	Sound	30	25939264	260	1			260		other	0
10108005	941	Response	1	25942560	3556	1
10108005	942	Sound	20	25958104	260	1			260		other	0
10108005	943	Sound	22	25985947	260	1			260		other	0
10108005	944	Sound	24	26013290	260	1			260		other	0
10108005	945	Sound	23	26041467	260	1			260		other	0
10108005	946	Sound	20	26059640	260	1			260		other	0
10108005	947	Sound	24	26086482	260	1			260		other	0
10108005	947	Response	1	26093039	6816	1
10108005	948	Sound	27	26108157	260	1			260		other	0
10108005	948	Response	1	26115119	7222	1
10108005	949	Sound	21	26124162	260	1			260		other	0
10108005	950	Sound	26	26151172	260	1			260		other	0
10108005	951	Sound	21	26173846	260	1			260		other	0
10108005	952	Sound	24	26190352	260	1			260		other	0
10108005	953	Sound	26	26215861	260	1			260		other	0
10108005	954	Sound	29	26231700	260	1			260		other	0
10108005	954	Response	1	26237678	6238	1
10108005	955	Sound	28	26254708	260	1			260		other	0
10108005	956	Sound	23	26280884	260	1			260		other	0
10108005	957	Sound	29	26306393	260	1			260		other	0
10108005	958	Sound	28	26333736	260	1			260		other	0
10108005	959	Sound	21	26353076	260	1			260		other	0
10108005	960	Sound	30	26368915	260	1			260		other	0
10108005	960	Response	1	26373757	5102	1
10108005	961	Sound	22	26387755	260	1			260		other	0
10108005	962	Sound	20	26404094	260	1			260		other	0
10108005	963	Sound	25	26428936	260	1			260		other	0
10108005	964	Sound	30	26449443	260	1			260		other	0
10108005	964	Response	1	26453756	4573	1
10108005	965	Sound	23	26467116	260	1			260		other	0
10108005	966	Sound	28	26483788	260	1			260		other	0
10108005	967	Sound	27	26506963	260	1			260		other	0
10108005	967	Response	1	26512315	5612	1
10108005	968	Sound	22	26523636	260	1			260		other	0
10108005	969	Sound	20	26548144	260	1			260		other	0
10108005	970	Sound	26	26576487	260	1			260		other	0
10108005	971	Sound	26	26592493	260	1			260		other	0
10108005	972	Sound	26	26616835	260	1			260		other	0
10108005	972	Response	1	26625194	8619	1
10108005	973	Sound	28	26634341	260	1			260		other	0
10108005	974	Sound	25	26650513	260	1			260		other	0
10108005	975	Sound	28	26671531	270	1			260		other	0
10108005	976	Sound	27	26699031	260	1			260		other	0
10108005	977	Sound	20	26725039	260	1			260		other	0
10108005	978	Sound	22	26741712	260	1			260		other	0
10108005	979	Sound	30	26766554	260	1			260		other	0
10108005	979	Response	1	26772473	6179	1
10108005	980	Sound	27	26792230	260	1			260		other	0
10108005	981	Sound	25	26820740	260	1			260		other	0
10108005	982	Sound	23	26845582	260	1			260		other	0
10108005	983	Sound	21	26872429	265	1			260		other	0
10108005	984	Sound	29	26897100	260	1			260		other	0
10108005	985	Sound	24	26923276	260	1			260		other	0
10108005	987	Response	255	27004631	63863	1
10108005	989	Sound	37	27085165	260	1			260		other	0
10108005	990	Sound	35	27109007	260	1			260		other	0
10108005	991	Sound	32	27130527	272	1			260		other	0
10108005	991	Response	1	27139910	9655	1
10108005	992	Sound	34	27157691	260	1			260		other	0
10108005	993	Sound	36	27185534	260	1			260		other	0
10108005	994	Sound	37	27209542	260	1			260		other	0
10108005	995	Sound	34	27230050	260	1			260		other	0
10108005	995	Response	1	27239509	9719	1
10108005	996	Sound	40	27252227	262	1			260		other	0
10108005	996	Response	1	27255029	3065	1
10108005	997	Sound	34	27277400	260	1			260		other	0
10108005	997	Response	1	27282069	4929	1
10108005	998	Sound	39	27301742	260	1			260		other	0
10108005	998	Response	1	27305908	4427	1
10108005	999	Sound	36	27328251	260	1			260		other	0
10108005	999	Response	1	27334308	6317	1
10108005	1000	Sound	33	27348758	260	1			260		other	0
10108005	1000	Response	1	27351828	3330	1
10108005	1001	Sound	39	27376267	260	1			260		other	0
10108005	1001	Response	1	27379348	3340	1
10108005	1002	Sound	33	27397608	260	1			260		other	0
10108005	1002	Response	1	27401828	4479	1
10108005	1003	Sound	36	27425625	267	1			260		other	0
10108005	1003	Response	1	27429107	3749	1
10108005	1004	Sound	33	27449960	260	1			260		other	0
10108005	1004	Response	1	27455587	5887	1
10108005	1005	Sound	38	27467633	260	1			260		other	0
10108005	1005	Response	1	27470227	2854	1
10108005	1006	Sound	32	27488640	260	1			260		other	0
10108005	1006	Response	1	27493347	4966	1
10108005	1007	Sound	31	27512482	260	1			260		other	0
10108005	1007	Response	1	27516947	4725	1
10108005	1008	Sound	37	27539491	260	1			260		other	0
10108005	1008	Response	1	27543347	4115	1
10108005	1009	Sound	39	27563166	260	1			260		other	0
10108005	1009	Response	1	27567426	4520	1
10108005	1010	Sound	31	27591010	260	1			260		other	0
10108005	1010	Response	1	27597106	6356	1
10108005	1011	Sound	35	27610350	260	1			260		other	0
10108005	1011	Response	1	27615666	5576	1
10108005	1012	Sound	40	27636525	260	1			260		other	0
10108005	1012	Response	1	27639906	3640	1
10108005	1013	Sound	34	27661534	260	1			260		other	0
10108005	1013	Response	1	27667426	6152	1
10108005	1014	Sound	30	27689377	260	1			260		other	0
10108005	1015	Sound	40	27710224	266	1			260		other	0
10108005	1015	Response	1	27713985	4027	1
10108005	1016	Sound	30	27737728	260	1			260		other	0
10108005	1017	Sound	38	27762069	260	1			260		other	0
10108005	1017	Response	1	27765984	4175	1
10108005	1018	Sound	30	27787578	260	1			260		other	0
10108005	1019	Sound	37	27808752	260	1			260		other	0
10108005	1019	Response	1	27814224	5732	1
10108005	1020	Sound	36	27829593	260	1			260		other	0
10108005	1021	Sound	31	27853101	260	1			260		other	0
10108005	1022	Sound	34	27869622	275	1			260		other	0
10108005	1022	Response	1	27874784	5436	1
10108005	1023	Sound	38	27891115	260	1			260		other	0
10108005	1023	Response	1	27896623	5768	1
10108005	1024	Sound	33	27906953	260	1			260		other	0
10108005	1025	Sound	35	27932963	260	1			260		other	0
10108005	1025	Response	1	27939023	6320	1
10108005	1026	Sound	40	27951636	260	2			260		other	0
10108005	1026	Response	1	27954303	2927	1
10108005	1027	Sound	31	27977311	260	1			260		other	0
10108005	1028	Sound	30	28005655	260	1			260		other	0
10108005	1029	Sound	38	28034498	260	1			260		other	0
10108005	1029	Response	1	28041662	7424	1
10108005	1030	Sound	30	28055505	260	1			260		other	0
10108005	1031	Sound	39	28078347	260	1			260		other	0
10108005	1031	Response	1	28084062	5975	1
10108005	1032	Sound	37	28105189	260	1			260		other	0
10108005	1032	Response	1	28110222	5292	1
10108005	1033	Sound	35	28131365	260	1			260		other	0
10108005	1034	Sound	35	28149705	260	1			260		other	0
10108005	1034	Response	1	28154381	4936	1
10108005	1035	Sound	31	28179549	260	1			260		other	0
10108005	1036	Sound	33	28200223	260	1			260		other	0
10108005	1037	Sound	38	28223398	260	1			260		other	0
10108005	1037	Response	1	28226221	3083	1
10108005	1038	Sound	40	28239904	260	1			260		other	0
10108005	1038	Response	1	28242620	2977	1
10108005	1039	Sound	32	28258577	260	1			260		other	0
10108005	1039	Response	1	28262940	4623	1
10108005	1040	Sound	36	28276920	263	1			260		other	0
10108005	1040	Response	1	28281500	4843	1
10108005	1041	Sound	32	28294756	260	1			260		other	0
10108005	1041	Response	1	28297900	3403	1
10108005	1042	Sound	39	28318431	260	1			260		other	0
10108005	1042	Response	1	28323500	5328	1
10108005	1043	Sound	32	28345274	260	1			260		other	0
10108005	1043	Response	1	28353820	8806	1

The following output port codes were not sent because of a conflict on the port.
Port	Code	Time(ms)
1	253	5248.25
1	253	144409
1	253	276087
1	253	410981
1	253	587380
1	253	759019
1	253	897914
1	30	985163
1	253	1.03198e+06
1	253	1.16803e+06
1	253	1.32669e+06
1	253	1.58372e+06
1	253	1.79407e+06
1	253	1.94429e+06
1	253	2.07592e+06
1	253	2.2758e+06
1	253	2.43717e+06
1	253	2.5649e+06
1	253	2.70047e+06
1	253	2.83623e+06
