Scenario - 
Logfile written - 12/07/2018 16:27:36

Subject	Trial	Event Type	Code	Time	TTime	Uncertainty	Duration	Uncertainty	ReqTime	ReqDur	Stim Type	Pair Index

10108013_2	1	Response	255	1320129	1319629	1
10108013_2	3	Sound	32	1384430	604	1			260		other	0
10108013_2	4	Sound	33	1405729	563	1			260		other	0
10108013_2	5	Sound	39	1428827	655	1			260		other	0
10108013_2	6	Sound	34	1446226	382	1			260		other	0
10108013_2	7	Sound	40	1470825	640	1			260		other	0
10108013_2	7	Response	1	1473479	3295	1
10108013_2	8	Sound	35	1489723	533	1			260		other	0
10108013_2	9	Sound	31	1514622	426	1			260		other	0
10108013_2	10	Sound	33	1530821	618	1			260		other	0
10108013_2	11	Sound	31	1550919	545	1			260		other	0
10108013_2	12	Sound	34	1571318	604	1			260		other	0
10108013_2	13	Sound	37	1591417	530	1			260		other	0
10108013_2	14	Sound	39	1619015	621	1			260		other	0
10108013_2	15	Sound	39	1646613	544	1			260		other	0
10108013_2	16	Sound	36	1669412	669	1			260		other	0
10108013_2	17	Sound	33	1688911	497	1			260		other	0
10108013_2	18	Sound	40	1714409	653	1			260		other	0
10108013_2	18	Response	1	1717224	3467	1
10108013_2	19	Sound	33	1741707	443	1			260		other	0
10108013_2	20	Sound	30	1767506	567	1			260		other	0
10108013_2	21	Sound	30	1788205	427	1			260		other	0
10108013_2	22	Sound	38	1807403	453	1			260		other	0
10108013_2	23	Sound	36	1831402	611	1			260		other	0
10108013_2	24	Sound	34	1854200	570	1			260		other	0
10108013_2	25	Sound	36	1882699	560	1			260		other	0
10108013_2	26	Sound	37	1905797	651	1			260		other	0
10108013_2	27	Sound	37	1934595	608	1			260		other	0
10108013_2	28	Sound	37	1955294	634	1			260		other	0
10108013_2	29	Sound	32	1972093	428	1			260		other	0
10108013_2	30	Sound	37	1988292	622	1			260		other	0
10108013_2	31	Sound	32	2015290	612	1			260		other	0
10108013_2	32	Sound	39	2039289	437	1			260		other	0
10108013_2	32	Response	1	2044243	5391	1
10108013_2	33	Sound	32	2068087	560	1			260		other	0
10108013_2	34	Sound	31	2090885	519	1			260		other	0
10108013_2	35	Sound	35	2118184	476	1			260		other	0
10108013_2	36	Sound	34	2139782	401	1			260		other	0
10108013_2	37	Sound	36	2157181	462	1			260		other	0
10108013_2	38	Sound	30	2178480	421	1			260		other	0
10108013_2	39	Sound	32	2196179	615	1			260		other	0
10108013_2	40	Sound	30	2213878	642	1			260		other	0
10108013_2	41	Sound	35	2233976	568	1			260		other	0
10108013_2	42	Sound	40	2259175	592	1			260		other	0
10108013_2	42	Response	1	2262709	4126	1
10108013_2	43	Sound	38	2276874	452	1			260		other	0
10108013_2	44	Sound	35	2298172	411	1			260		other	0
10108013_2	45	Sound	33	2316471	372	1			260		other	0
10108013_2	46	Sound	30	2338070	464	1			260		other	0
10108013_2	47	Sound	34	2366268	654	1			260		other	0
10108013_2	48	Sound	31	2389367	579	1			260		other	0
10108013_2	49	Sound	39	2417865	402	1			260		other	0
10108013_2	50	Sound	40	2446063	425	1			260		other	0
10108013_2	50	Response	1	2449496	3859	2
10108013_2	51	Sound	31	2474561	415	1			260		other	0
10108013_2	52	Sound	38	2494960	475	1			260		other	0
10108013_2	53	Sound	40	2518958	633	1			260		other	0
10108013_2	53	Response	1	2522212	3886	1
10108013_2	54	Sound	38	2543557	391	1			260		other	0
10108013_2	55	Sound	35	2565456	449	1			260		other	0
10108013_2	56	Sound	36	2593054	373	1			260		other	0
10108013_2	57	Sound	38	2617352	665	1			260		other	0
10108013_2	59	Response	255	2658043	23270	1
10108013_2	61	Sound	57	2729845	624	1			260		other	0
10108013_2	62	Sound	50	2758344	614	1			260		other	0
10108013_2	63	Sound	55	2778742	507	1			260		other	0
10108013_2	63	Response	1	2782996	4760	1
10108013_2	64	Sound	52	2795541	468	1			260		other	0
10108013_2	65	Sound	56	2815340	427	1			260		other	0
10108013_2	65	Response	1	2819473	4560	1
10108013_2	66	Sound	55	2834839	420	1			260		other	0
10108013_2	66	Response	1	2838510	4091	3
10108013_2	67	Sound	55	2859737	645	1			260		other	0
10108013_2	67	Response	1	2862510	3418	1
10108013_2	68	Sound	52	2881036	437	1			260		other	0
10108013_2	68	Response	1	2885229	4630	1
10108013_2	69	Sound	60	2898735	631	1			260		other	0
10108013_2	69	Response	1	2901228	3124	1
10108013_2	70	Sound	50	2915234	458	1			260		other	0
10108013_2	71	Sound	53	2934132	518	1			260		other	0
10108013_2	71	Response	1	2938585	4971	1
10108013_2	72	Sound	60	2955731	444	1			260		other	0
10108013_2	72	Response	1	2958424	3137	1
10108013_2	73	Sound	52	2977330	536	1			260		other	0
10108013_2	74	Sound	59	3003728	593	1			260		other	0
10108013_2	74	Response	1	3006901	3766	1
10108013_2	75	Sound	51	3029526	384	1			260		other	0
10108013_2	76	Sound	57	3052325	509	1			260		other	0
10108013_2	77	Sound	54	3071224	569	1			260		other	0
10108013_2	77	Response	1	3075056	4402	1
10108013_2	78	Sound	56	3097622	626	1			260		other	0
10108013_2	79	Sound	58	3114121	454	1			260		other	0
10108013_2	79	Response	1	3117454	3787	1
10108013_2	80	Sound	60	3132420	414	1			260		other	0
10108013_2	80	Response	1	3135133	3127	1
10108013_2	81	Sound	53	3155518	506	1			260		other	0
10108013_2	82	Sound	58	3181917	396	1			260		other	0
10108013_2	82	Response	1	3185209	3689	1
10108013_2	83	Sound	55	3203815	455	1			260		other	0
10108013_2	84	Sound	53	3220914	383	1			260		other	0
10108013_2	85	Sound	57	3242813	441	1			260		other	0
10108013_2	85	Response	1	3246805	4434	1
10108013_2	86	Sound	58	3269211	499	1			260		other	0
10108013_2	86	Response	1	3273604	4891	1
10108013_2	87	Sound	56	3295610	556	1			260		other	0
10108013_2	87	Response	1	3301842	6788	1
10108013_2	88	Sound	53	3317808	581	1			260		other	0
10108013_2	89	Sound	59	3339107	540	1			260		other	0
10108013_2	89	Response	1	3342879	4313	1
10108013_2	90	Sound	51	3360706	633	1			260		other	0
10108013_2	91	Sound	51	3380804	392	1			260		other	0
10108013_2	92	Sound	50	3409302	382	1			260		other	0
10108013_2	93	Sound	58	3435401	639	1			260		other	0
10108013_2	93	Response	1	3438793	4031	1
10108013_2	94	Sound	51	3457900	465	1			260		other	0
10108013_2	95	Sound	52	3478598	491	1			260		other	0
10108013_2	95	Response	1	3485110	7002	1
10108013_2	96	Sound	60	3503497	548	1			260		other	0
10108013_2	96	Response	1	3506309	3361	1
10108013_2	97	Sound	57	3526895	440	1			260		other	0
10108013_2	97	Response	1	3530707	4252	1
10108013_2	98	Sound	52	3555093	463	1			260		other	0
10108013_2	99	Sound	51	3579392	421	1			260		other	0
10108013_2	100	Sound	54	3608490	678	1			260		other	0
10108013_2	101	Sound	54	3633388	569	1			260		other	0
10108013_2	101	Response	1	3636700	3881	1
10108013_2	102	Sound	54	3650187	530	1			260		other	0
10108013_2	102	Response	1	3655019	5362	1
10108013_2	103	Sound	56	3666986	657	1			260		other	0
10108013_2	103	Response	1	3671178	4849	1
10108013_2	104	Sound	60	3695185	513	1			260		other	0
10108013_2	104	Response	1	3698296	3625	1
10108013_2	105	Sound	55	3714083	573	1			260		other	0
10108013_2	105	Response	1	3719895	6385	1
10108013_2	106	Sound	58	3731482	634	1			260		other	0
10108013_2	106	Response	1	3735414	4566	1
10108013_2	107	Sound	59	3755781	592	1			260		other	0
10108013_2	107	Response	1	3759013	3824	1
10108013_2	107	Response	1	3781091	25902	1
10108013_2	108	Sound	59	3782779	416	1			260		other	0
10108013_2	109	Sound	53	3810677	472	1			260		other	0
10108013_2	109	Response	1	3815569	5364	1
10108013_2	110	Sound	50	3835576	530	1			260		other	0
10108013_2	111	Sound	56	3858074	522	1			260		other	0
10108013_2	112	Sound	59	3886272	379	1			260		other	0
10108013_2	112	Response	1	3889244	3350	1
10108013_2	113	Sound	50	3906371	638	1			260		other	0
10108013_2	114	Sound	54	3926470	397	1			260		other	0
10108013_2	114	Response	1	3930921	4849	1
10108013_2	115	Sound	57	3948069	657	1			260		other	0
10108013_2	117	Response	255	3978758	11594	1
10108013_2	119	Sound	15	4054262	485	1			260		other	0
10108013_2	120	Sound	17	4082460	675	1			260		other	0
10108013_2	120	Response	1	4086031	4247	1
10108013_2	121	Sound	15	4108259	633	1			260		other	0
10108013_2	121	Response	1	4111390	3764	1
10108013_2	122	Sound	11	4125657	526	1			260		other	0
10108013_2	122	Response	1	4135628	10497	1
10108013_2	123	Sound	19	4152356	384	1			260		other	0
10108013_2	123	Response	1	4155707	3735	1
10108013_2	124	Sound	15	4177854	541	1			260		other	0
10108013_2	124	Response	1	4180825	3512	1
10108013_2	125	Sound	14	4201553	566	1			260		other	0
10108013_2	125	Response	1	4205063	4077	2
10108013_2	126	Sound	10	4221351	526	1			260		other	0
10108013_2	126	Response	1	4230822	9996	1
10108013_2	127	Sound	20	4247450	450	1			260		other	0
10108013_2	127	Response	1	4250501	3501	1
10108013_2	128	Sound	10	4269048	375	1			260		other	0
10108013_2	129	Sound	17	4292147	467	1			260		other	0
10108013_2	129	Response	1	4296338	4658	1
10108013_2	130	Sound	19	4313445	426	1			260		other	0
10108013_2	130	Response	1	4316657	3637	1
10108013_2	131	Sound	20	4334144	452	1			260		other	0
10108013_2	131	Response	1	4337215	3523	1
10108013_2	132	Sound	17	4355743	378	1			260		other	0
10108013_2	132	Response	1	4360814	5449	1
10108013_2	133	Sound	13	4377941	570	1			260		other	0
10108013_2	133	Response	1	4382892	5521	1
10108013_2	134	Sound	12	4397140	430	1			260		other	0
10108013_2	135	Sound	11	4412739	524	1			260		other	0
10108013_2	136	Sound	16	4438238	515	1			260		other	0
10108013_2	136	Response	1	4442329	4606	1
10108013_2	137	Sound	18	4462836	606	1			260		other	0
10108013_2	137	Response	1	4466567	4337	1
10108013_2	138	Sound	10	4490734	663	1			260		other	0
10108013_2	139	Sound	20	4512633	555	1			260		other	0
10108013_2	139	Response	1	4515284	3206	1
10108013_2	140	Sound	18	4537531	613	1			260		other	0
10108013_2	140	Response	1	4541442	4524	1
10108013_2	141	Sound	16	4555830	573	1			260		other	0
10108013_2	142	Sound	17	4577129	532	1			260		other	0
10108013_2	143	Sound	11	4593928	493	1			260		other	0
10108013_2	144	Sound	20	4617326	384	1			260		other	0
10108013_2	144	Response	1	4619917	2975	1
10108013_2	145	Sound	16	4644025	408	1			260		other	0
10108013_2	145	Response	1	4648715	5099	1
10108013_2	146	Sound	13	4664723	601	1			260		other	0
10108013_2	147	Sound	19	4689922	459	1			260		other	0
10108013_2	147	Response	1	4692872	3409	1
10108013_2	148	Sound	12	4707921	619	1			260		other	0
10108013_2	149	Sound	18	4732519	544	1			260		other	0
10108013_2	149	Response	1	4736069	4094	1
10108013_2	150	Sound	20	4756518	535	1			260		other	0
10108013_2	150	Response	1	4759508	3525	1
10108013_2	151	Sound	12	4776916	594	1			260		other	0
10108013_2	151	Response	1	4781107	4784	1
10108013_2	152	Sound	17	4795815	654	1			260		other	0
10108013_2	152	Response	1	4800305	5144	1
10108013_2	153	Sound	12	4824313	644	1			260		other	0
10108013_2	153	Response	1	4829584	5914	1
10108013_2	154	Sound	15	4845912	403	1			260		other	0
10108013_2	155	Sound	16	4866611	596	1			260		other	0
10108013_2	156	Sound	19	4887010	655	1			260		other	0
10108013_2	156	Response	1	4890300	3945	1
10108013_2	157	Sound	18	4908008	481	1			260		other	0
10108013_2	157	Response	1	4912618	5091	1
10108013_2	158	Sound	11	4932307	605	1			260		other	0
10108013_2	159	Sound	18	4953305	598	1			260		other	0
10108013_2	159	Response	1	4959575	6868	1
10108013_2	160	Sound	13	4975204	657	1			260		other	0
10108013_2	161	Sound	14	4994403	517	1			260		other	0
10108013_2	161	Response	1	4998853	4967	1
10108013_2	162	Sound	10	5019601	541	1			260		other	0
10108013_2	163	Sound	11	5038200	468	1			260		other	0
10108013_2	164	Sound	19	5058299	561	1			260		other	0
10108013_2	164	Response	1	5062049	4311	1
10108013_2	165	Sound	12	5085897	651	1			260		other	0
10108013_2	165	Response	1	5090607	5361	1
10108013_2	166	Sound	15	5110495	575	1			260		other	0
10108013_2	166	Response	1	5114205	4285	1
10108013_2	167	Sound	13	5137494	399	1			260		other	0
10108013_2	167	Response	1	5142363	5269	1
10108013_2	168	Sound	16	5156692	425	1			260		other	0
10108013_2	169	Sound	14	5177091	485	1			260		other	0
10108013_2	169	Response	1	5183241	6635	1
10108013_2	170	Sound	13	5197190	578	1			260		other	0
10108013_2	170	Response	1	5201400	4788	1
10108013_2	171	Sound	10	5224188	401	1			260		other	0
10108013_2	172	Sound	14	5246387	427	1			260		other	0
10108013_2	173	Sound	14	5267685	386	1			260		other	0
10108013_2	173	Response	1	5271475	4176	1
10108013_2	175	Response	255	5352750	66865	1
10108013_2	177	Sound	14	5432975	627	1			260		other	0
10108013_2	178	Sound	12	5458174	485	1			260		other	0
10108013_2	179	Sound	20	5481272	577	1			260		other	0
10108013_2	179	Response	1	5484262	3566	1
10108013_2	180	Sound	14	5504071	535	1			260		other	0
10108013_2	180	Response	1	5508500	4964	1
10108013_2	181	Sound	20	5522069	529	1			260		other	0
10108013_2	181	Response	1	5525139	3598	1
10108013_2	182	Sound	20	5545468	420	1			260		other	0
10108013_2	182	Response	1	5548897	3850	1
10108013_2	183	Sound	13	5563767	547	1			260		other	0
10108013_2	184	Sound	10	5589865	638	1			260		other	0
10108013_2	184	Response	1	5591935	2707	1
10108013_2	185	Sound	20	5618363	628	1			260		other	0
10108013_2	185	Response	1	5621213	3477	1
10108013_2	186	Sound	19	5642062	653	1			260		other	0
10108013_2	186	Response	1	5648091	6682	1
10108013_2	187	Sound	15	5668160	410	1			260		other	0
10108013_2	187	Response	1	5672569	4819	1
10108013_2	188	Sound	12	5686159	570	1			260		other	0
10108013_2	189	Sound	16	5702958	364	1			260		other	0
10108013_2	189	Response	1	5709207	6613	1
10108013_2	190	Sound	18	5720057	625	1			260		other	0
10108013_2	190	Response	1	5724966	5534	1
10108013_2	191	Sound	12	5741356	584	1			260		other	0
10108013_2	192	Sound	17	5769254	474	1			260		other	0
10108013_2	192	Response	1	5774323	5543	1
10108013_2	193	Sound	13	5789353	566	1			260		other	0
10108013_2	194	Sound	15	5815451	491	1			260		other	0
10108013_2	194	Response	1	5818880	3920	1
10108013_2	195	Sound	13	5839449	649	1			260		other	0
10108013_2	195	Response	1	5844878	6078	1
10108013_2	196	Sound	10	5863448	473	1			260		other	0
10108013_2	197	Sound	17	5888346	364	1			260		other	0
10108013_2	197	Response	1	5893355	5373	1
10108013_2	198	Sound	17	5910245	423	1			260		other	0
10108013_2	199	Sound	19	5931844	516	1			260		other	0
10108013_2	199	Response	1	5936632	5305	1
10108013_2	200	Sound	16	5953142	475	1			260		other	0
10108013_2	200	Response	1	5958471	5804	1
10108013_2	201	Sound	11	5978641	466	1			260		other	0
10108013_2	202	Sound	13	6001739	391	1			260		other	0
10108013_2	203	Sound	14	6022738	550	1			260		other	0
10108013_2	204	Sound	10	6050636	440	1			260		other	0
10108013_2	205	Sound	15	6067435	401	1			260		other	0
10108013_2	206	Sound	11	6090234	526	1			260		other	0
10108013_2	207	Sound	14	6113332	451	1			260		other	0
10108013_2	208	Sound	16	6136431	543	1			260		other	0
10108013_2	208	Response	1	6141339	5451	1
10108013_2	209	Sound	17	6164329	433	1			260		other	0
10108013_2	209	Response	1	6169257	5361	1
10108013_2	210	Sound	10	6187128	391	1			260		other	0
10108013_2	211	Sound	11	6204827	418	1			260		other	0
10108013_2	212	Sound	16	6221325	579	1			260		other	0
10108013_2	213	Sound	19	6249824	569	1			260		other	0
10108013_2	213	Response	1	6253412	4157	1
10108013_2	214	Sound	15	6266623	530	1			260		other	0
10108013_2	214	Response	1	6273010	6917	1
10108013_2	215	Sound	12	6293921	653	1			260		other	0
10108013_2	215	Response	1	6299249	5982	1
10108013_2	216	Sound	13	6315220	612	1			260		other	0
10108013_2	216	Response	1	6319328	4721	1
10108013_2	217	Sound	14	6333218	606	1			260		other	0
10108013_2	218	Sound	18	6360517	396	1			260		other	0
10108013_2	218	Response	1	6364765	4644	1
10108013_2	219	Sound	18	6376716	424	1			260		other	0
10108013_2	219	Response	1	6381644	5352	1
10108013_2	220	Sound	19	6392015	385	1			260		other	0
10108013_2	220	Response	1	6396683	5053	1
10108013_2	221	Sound	17	6414513	544	1			260		other	0
10108013_2	221	Response	1	6418281	4312	1
10108013_2	222	Sound	18	6432812	671	1			260		other	0
10108013_2	222	Response	1	6437080	4938	2
10108013_2	223	Sound	12	6459510	528	1			260		other	0
10108013_2	223	Response	1	6463719	4736	1
10108013_2	224	Sound	10	6479609	454	1			260		other	0
10108013_2	225	Sound	11	6497908	414	1			260		other	0
10108013_2	226	Sound	18	6523706	538	1			260		other	0
10108013_2	226	Response	1	6527554	4386	1
10108013_2	227	Sound	20	6549205	529	1			260		other	0
10108013_2	227	Response	1	6552193	3517	1
10108013_2	228	Sound	16	6574103	587	1			260		other	0
10108013_2	228	Response	1	6577551	4035	1
10108013_2	229	Sound	15	6592402	380	1			260		other	0
10108013_2	230	Sound	19	6609801	441	1			260		other	0
10108013_2	230	Response	1	6614669	5309	1
10108013_2	231	Sound	11	6631100	566	1			260		other	0
10108013_2	233	Response	255	6686345	32391	1
10108013_2	235	Sound	11	6769691	617	1			260		other	0
10108013_2	236	Sound	13	6790690	610	1			260		other	0
10108013_2	237	Sound	18	6809588	669	1			260		other	0
10108013_2	237	Response	1	6813696	4777	1
10108013_2	238	Sound	14	6830587	495	1			260		other	0
10108013_2	239	Sound	20	6857585	652	1			260		other	0
10108013_2	239	Response	1	6860013	3080	1
10108013_2	240	Sound	13	6878584	645	1			260		other	0
10108013_2	241	Sound	13	6903182	403	1			260		other	0
10108013_2	242	Sound	20	6920281	497	1			260		other	0
10108013_2	242	Response	1	6922889	3104	1
10108013_2	243	Sound	19	6942780	655	1			260		other	0
10108013_2	243	Response	1	6946087	3963	1
10108013_2	244	Sound	19	6963179	381	1			260		other	0
10108013_2	244	Response	1	6966166	3369	1
10108013_2	245	Sound	16	6988677	539	1			260		other	0
10108013_2	245	Response	1	6993045	4906	1
10108013_2	246	Sound	16	7012376	564	1			260		other	0
10108013_2	246	Response	1	7015763	3951	1
10108013_2	247	Sound	11	7030974	491	1			260		other	0
10108013_2	248	Sound	20	7054673	515	1			260		other	0
10108013_2	248	Response	1	7057440	3283	1
10108013_2	249	Sound	15	7079571	573	1			260		other	0
10108013_2	249	Response	1	7083439	4440	1
10108013_2	250	Sound	15	7099970	632	1			260		other	0
10108013_2	250	Response	1	7104397	5060	1
10108013_2	251	Sound	14	7122769	591	1			260		other	0
10108013_2	252	Sound	10	7140468	451	1			260		other	0
10108013_2	253	Sound	17	7157266	412	1			260		other	0
10108013_2	253	Response	1	7161034	4179	1
10108013_2	254	Sound	16	7180365	671	1			260		other	0
10108013_2	254	Response	1	7184152	4458	1
10108013_2	255	Sound	11	7200464	430	1			260		other	0
10108013_2	256	Sound	12	7223262	389	1			260		other	0
10108013_2	257	Sound	17	7246961	580	1			260		other	0
10108013_2	257	Response	1	7250788	4407	1
10108013_2	258	Sound	10	7276059	670	1			260		other	0
10108013_2	259	Sound	19	7297658	595	1			260		other	0
10108013_2	259	Response	1	7300785	3723	1
10108013_2	260	Sound	15	7315357	622	1			260		other	0
10108013_2	260	Response	1	7319344	4610	1
10108013_2	261	Sound	10	7333355	449	1			260		other	0
10108013_2	262	Sound	10	7360954	539	1			260		other	0
10108013_2	263	Sound	15	7388252	663	1			260		other	0
10108013_2	263	Response	1	7392139	4550	1
10108013_2	264	Sound	16	7413750	487	1			260		other	0
10108013_2	264	Response	1	7417257	3994	1
10108013_2	265	Sound	12	7431149	381	1			260		other	0
10108013_2	266	Sound	13	7447648	375	1			260		other	0
10108013_2	266	Response	1	7451975	4702	1
10108013_2	267	Sound	18	7471047	434	1			260		other	0
10108013_2	267	Response	1	7474694	4080	1
10108013_2	268	Sound	12	7491745	626	1			260		other	0
10108013_2	268	Response	1	7496292	5173	1
10108013_2	269	Sound	18	7518444	650	1			260		other	0
10108013_2	269	Response	1	7522050	4257	1
10108013_2	270	Sound	19	7544842	374	1			260		other	0
10108013_2	270	Response	1	7548528	4060	1
10108013_2	271	Sound	16	7562241	434	1			260		other	0
10108013_2	271	Response	1	7567727	5921	1
10108013_2	272	Sound	14	7588639	658	1			260		other	0
10108013_2	273	Sound	20	7613538	550	1			260		other	0
10108013_2	273	Response	1	7616684	3696	1
10108013_2	274	Sound	15	7640236	573	1			260		other	0
10108013_2	274	Response	1	7644602	4940	1
10108013_2	275	Sound	18	7667234	564	1			260		other	0
10108013_2	275	Response	1	7670601	3930	1
10108013_2	276	Sound	14	7694833	654	1			260		other	0
10108013_2	276	Response	1	7699479	5300	1
10108013_2	277	Sound	14	7714331	647	1			260		other	0
10108013_2	278	Sound	13	7739830	471	1			260		other	0
10108013_2	279	Sound	17	7755429	565	1			260		other	0
10108013_2	279	Response	1	7760835	5972	1
10108013_2	280	Sound	17	7781227	523	1			260		other	0
10108013_2	281	Sound	18	7799526	483	1			260		other	0
10108013_2	281	Response	1	7804992	5949	1
10108013_2	282	Sound	11	7826824	440	1			260		other	0
10108013_2	283	Sound	17	7846623	566	1			260		other	0
10108013_2	283	Response	1	7850429	4372	1
10108013_2	284	Sound	12	7874521	623	1			260		other	0
10108013_2	285	Sound	20	7890120	551	1			260		other	0
10108013_2	285	Response	1	7893387	3817	1
10108013_2	286	Sound	12	7910519	443	1			260		other	0
10108013_2	287	Sound	11	7937817	400	1			260		other	0
10108013_2	287	Response	1	7943703	6286	2
10108013_2	288	Sound	19	7964216	624	1			260		other	0
10108013_2	288	Response	1	7968582	4990	1
10108013_2	289	Sound	10	7984314	384	1			260		other	0
10108013_2	291	Response	255	8098333	92150	1
10108013_2	293	Sound	13	8175702	382	1			260		other	0
10108013_2	294	Sound	13	8197901	408	1			260		other	0
10108013_2	294	Response	1	8202727	5233	1
10108013_2	295	Sound	15	8221899	399	1			260		other	0
10108013_2	295	Response	1	8226325	4825	1
10108013_2	296	Sound	10	8246798	457	1			260		other	0
10108013_2	297	Sound	14	8268097	416	1			260		other	0
10108013_2	298	Sound	18	8296295	439	1			260		other	0
10108013_2	299	Sound	13	8315494	466	1			260		other	0
10108013_2	300	Sound	10	8340692	657	1			260		other	0
10108013_2	301	Sound	16	8363791	415	1			260		other	0
10108013_2	301	Response	1	8368956	5581	1
10108013_2	302	Sound	12	8380889	509	1			260		other	0
10108013_2	303	Sound	19	8402188	468	1			260		other	0
10108013_2	303	Response	1	8406074	4354	1
10108013_2	304	Sound	11	8429486	425	1			260		other	0
10108013_2	305	Sound	18	8456185	449	1			260		other	0
10108013_2	305	Response	1	8460070	4334	1
10108013_2	306	Sound	11	8477483	408	1			260		other	0
10108013_2	307	Sound	19	8503282	532	1			260		other	0
10108013_2	307	Response	1	8507667	4918	1
10108013_2	308	Sound	13	8518581	493	1			260		other	0
10108013_2	309	Sound	10	8541379	452	1			260		other	0
10108013_2	310	Sound	10	8559978	379	1			260		other	0
10108013_2	311	Sound	16	8585477	536	1			260		other	0
10108013_2	311	Response	1	8591582	6641	1
10108013_2	312	Sound	17	8606475	529	1			260		other	0
10108013_2	313	Sound	14	8631074	453	1			260		other	0
10108013_2	313	Response	1	8634619	3999	1
10108013_2	314	Sound	16	8650872	580	1			260		other	0
10108013_2	315	Sound	20	8667071	440	1			260		other	0
10108013_2	315	Response	1	8670217	3585	1
10108013_2	316	Sound	20	8692870	565	1			260		other	0
10108013_2	316	Response	1	8695335	3030	1
10108013_2	317	Sound	18	8713269	457	1			260		other	0
10108013_2	318	Sound	20	8736967	649	1			260		other	0
10108013_2	318	Response	1	8739892	3574	1
10108013_2	319	Sound	20	8753466	476	1			260		other	0
10108013_2	319	Response	1	8756451	3461	1
10108013_2	320	Sound	17	8771765	603	1			260		other	0
10108013_2	321	Sound	14	8795463	461	1			260		other	0
10108013_2	322	Sound	18	8820962	619	1			260		other	0
10108013_2	323	Sound	11	8848260	409	1			260		other	0
10108013_2	323	Response	1	8852845	4994	1
10108013_2	324	Sound	11	8871959	434	1			260		other	0
10108013_2	325	Sound	11	8898357	491	1			260		other	0
10108013_2	326	Sound	17	8925355	648	1			260		other	0
10108013_2	327	Sound	15	8940954	409	1			260		other	0
10108013_2	328	Sound	15	8964353	468	1			260		other	0
10108013_2	328	Response	1	8968998	5113	1
10108013_2	329	Sound	17	8985051	660	1			260		other	0
10108013_2	329	Response	1	8989556	5165	1
10108013_2	330	Sound	14	9008450	385	1			260		other	0
10108013_2	331	Sound	20	9024949	380	1			260		other	0
10108013_2	331	Response	1	9028034	3464	1
10108013_2	332	Sound	16	9045948	539	1			260		other	0
10108013_2	332	Response	1	9050272	4863	1
10108013_2	333	Sound	15	9073246	662	1			260		other	0
10108013_2	333	Response	1	9078270	5687	1
10108013_2	334	Sound	19	9094545	621	1			260		other	0
10108013_2	334	Response	1	9099629	5706	1
10108013_2	335	Sound	18	9116743	480	1			260		other	0
10108013_2	335	Response	1	9120828	4565	1
10108013_2	336	Sound	12	9136842	573	1			260		other	0
10108013_2	337	Sound	19	9155741	633	1			260		other	0
10108013_2	337	Response	1	9160345	5237	1
10108013_2	338	Sound	16	9177039	425	1			260		other	0
10108013_2	338	Response	1	9180664	4050	1
10108013_2	339	Sound	12	9196838	385	1			260		other	0
10108013_2	340	Sound	17	9221137	510	1			260		other	0
10108013_2	340	Response	1	9225221	4594	1
10108013_2	341	Sound	10	9239735	603	1			260		other	0
10108013_2	342	Sound	12	9259534	562	1			260		other	0
10108013_2	343	Sound	19	9276933	456	1			260		other	0
10108013_2	343	Response	1	9281377	4901	1
10108013_2	344	Sound	15	9300032	381	1			260		other	0
10108013_2	344	Response	1	9304976	5326	1
10108013_2	345	Sound	13	9321630	474	1			260		other	0
10108013_2	345	Response	1	9326414	5258	1
10108013_2	346	Sound	12	9345929	599	1			260		other	0
10108013_2	346	Response	1	9350413	5083	1
10108013_2	347	Sound	14	9371427	423	1			260		other	0
10108013_2	349	Response	255	9442407	42814	1
10108013_2	351	Sound	59	9504919	542	1			260		other	0
10108013_2	352	Sound	58	9523218	502	1			260		other	0
10108013_2	353	Sound	50	9546916	527	1			260		other	0
10108013_2	354	Sound	54	9572714	484	1			260		other	0
10108013_2	354	Response	1	9576958	4728	1
10108013_2	355	Sound	60	9601813	407	1			260		other	0
10108013_2	355	Response	1	9604237	2831	1
10108013_2	356	Sound	56	9623711	466	1			260		other	0
10108013_2	356	Response	1	9627835	4590	1
10108013_2	357	Sound	55	9641410	493	1			260		other	0
10108013_2	358	Sound	56	9665409	651	1			260		other	0
10108013_2	358	Response	1	9668233	3475	1
10108013_2	359	Sound	60	9684307	378	1			260		other	0
10108013_2	359	Response	1	9686792	2863	1
10108013_2	360	Sound	55	9709506	402	1			260		other	0
10108013_2	360	Response	1	9713670	4566	1
10108013_2	361	Sound	59	9729904	628	1			260		other	0
10108013_2	361	Response	1	9733108	3832	1
10108013_2	362	Sound	59	9746104	656	1			260		other	0
10108013_2	363	Sound	60	9768002	548	1			260		other	0
10108013_2	363	Response	1	9770466	3012	1
10108013_2	364	Sound	58	9784801	509	1			260		other	0
10108013_2	365	Sound	54	9804600	468	1			260		other	0
10108013_2	366	Sound	50	9826199	561	1			260		other	0
10108013_2	367	Sound	57	9847797	653	1			260		other	0
10108013_2	367	Response	1	9851101	3957	1
10108013_2	368	Sound	54	9873895	577	1			260		other	0
10108013_2	369	Sound	51	9900294	467	1			260		other	0
10108013_2	370	Sound	53	9926092	592	1			260		other	0
10108013_2	371	Sound	56	9947991	650	1			260		other	0
10108013_2	371	Response	1	9953494	6154	1
10108013_2	372	Sound	54	9968389	376	1			260		other	0
10108013_2	372	Response	1	9973173	5160	1
10108013_2	373	Sound	59	9990288	435	1			260		other	0
10108013_2	373	Response	1	9993971	4119	1
10108013_2	374	Sound	53	10014587	393	1			260		other	0
10108013_2	375	Sound	50	10034985	619	1			260		other	0
10108013_2	376	Sound	52	10059584	377	1			260		other	0
10108013_2	377	Sound	52	10082682	469	1			260		other	0
10108013_2	378	Sound	58	10099481	430	1			260		other	0
10108013_2	378	Response	1	10105564	6513	1
10108013_2	379	Sound	51	10119280	389	1			260		other	0
10108013_2	380	Sound	58	10138779	549	1			260		other	0
10108013_2	381	Sound	60	10167277	539	1			260		other	0
10108013_2	381	Response	1	10170040	3302	1
10108013_2	382	Sound	51	10184676	599	1			260		other	0
10108013_2	383	Sound	57	10213174	423	1			260		other	0
10108013_2	384	Sound	56	10235973	381	1			260		other	0
10108013_2	385	Sound	53	10260871	439	1			260		other	0
10108013_2	386	Sound	52	10281570	632	1			260		other	0
10108013_2	387	Sound	53	10309768	655	1			260		other	0
10108013_2	388	Sound	55	10327167	382	1			260		other	0
10108013_2	389	Sound	53	10346366	409	1			260		other	0
10108013_2	390	Sound	56	10369164	534	1			260		other	0
10108013_2	390	Response	1	10375307	6676	1
10108013_2	391	Sound	51	10388963	660	1			260		other	0
10108013_2	392	Sound	52	10417461	650	1			260		other	0
10108013_2	393	Sound	59	10435460	477	1			260		other	0
10108013_2	393	Response	1	10440903	5919	1
10108013_2	394	Sound	55	10460658	501	1			260		other	0
10108013_2	395	Sound	51	10489757	591	1			260		other	0
10108013_2	396	Sound	60	10507456	451	1			260		other	0
10108013_2	396	Response	1	10510098	3094	1
10108013_2	397	Sound	54	10526954	611	1			260		other	0
10108013_2	398	Sound	57	10544053	538	1			260		other	0
10108013_2	398	Response	1	10548576	5060	1
10108013_2	399	Sound	52	10568052	529	1			260		other	0
10108013_2	400	Sound	50	10595350	653	1			260		other	0
10108013_2	401	Sound	55	10618449	411	1			260		other	0
10108013_2	402	Sound	58	10634648	606	1			260		other	0
10108013_2	403	Sound	50	10651446	566	1			260		other	0
10108013_2	404	Sound	57	10678445	557	1			260		other	0
10108013_2	405	Sound	57	10694644	584	1			260		other	0
10108013_2	405	Response	1	10699046	4986	1
10108013_2	407	Response	255	10765042	43061	1
10108013_2	409	Sound	54	10829935	669	1			260		other	0
10108013_2	410	Sound	50	10854534	594	1			260		other	0
10108013_2	411	Sound	51	10878232	619	1			260		other	0
10108013_2	412	Sound	54	10904931	643	1			260		other	0
10108013_2	413	Sound	58	10928929	467	1			260		other	0
10108013_2	414	Sound	55	10957127	658	1			260		other	0
10108013_2	415	Sound	50	10984725	581	1			260		other	0
10108013_2	416	Sound	59	11009624	472	1			260		other	0
10108013_2	416	Response	1	11014466	5314	1
10108013_2	417	Sound	57	11029423	431	1			260		other	0
10108013_2	417	Response	1	11034145	5154	1
10108013_2	418	Sound	51	11052221	390	1			260		other	0
10108013_2	419	Sound	54	11075320	648	1			260		other	0
10108013_2	419	Response	1	11080862	6190	1
10108013_2	420	Sound	53	11100818	473	1			260		other	0
10108013_2	421	Sound	56	11129016	496	1			260		other	0
10108013_2	421	Response	1	11133098	4578	1
10108013_2	422	Sound	54	11147915	389	1			260		other	0
10108013_2	423	Sound	56	11172814	447	1			260		other	0
10108013_2	423	Response	1	11176775	4409	1
10108013_2	424	Sound	52	11199212	671	1			260		other	0
10108013_2	425	Sound	53	11224410	529	1			260		other	0
10108013_2	426	Sound	53	11242709	655	1			260		other	0
10108013_2	427	Sound	53	11260108	549	1			260		other	0
10108013_2	427	Response	1	11264850	5291	1
10108013_2	428	Sound	51	11278407	509	1			260		other	0
10108013_2	429	Sound	54	11306005	433	1			260		other	0
10108013_2	429	Response	1	11311167	5594	1
10108013_2	430	Sound	51	11332404	657	1			260		other	0
10108013_2	431	Sound	59	11349503	417	1			260		other	0
10108013_2	431	Response	1	11353324	4239	1
10108013_2	432	Sound	60	11377401	641	1			260		other	0
10108013_2	432	Response	1	11379722	2962	1
10108013_2	433	Sound	51	11394200	601	1			260		other	0
10108013_2	434	Sound	53	11417898	460	1			260		other	0
10108013_2	435	Sound	56	11446096	483	1			260		other	0
10108013_2	435	Response	1	11452038	6424	1
10108013_2	436	Sound	59	11465895	443	1			260		other	0
10108013_2	436	Response	1	11470196	4744	1
10108013_2	437	Sound	57	11489894	434	1			260		other	0
10108013_2	438	Sound	58	11506093	628	1			260		other	0
10108013_2	438	Response	1	11510114	4650	1
10108013_2	439	Sound	55	11524692	555	1			260		other	0
10108013_2	439	Response	1	11528673	4536	1
10108013_2	440	Sound	59	11553490	511	1			260		other	0
10108013_2	440	Response	1	11558191	5213	1
10108013_2	441	Sound	52	11581688	369	1			260		other	0
10108013_2	442	Sound	55	11603586	594	1			260		other	0
10108013_2	442	Response	1	11608428	5435	1
10108013_2	443	Sound	57	11628785	618	1			260		other	0
10108013_2	443	Response	1	11632666	4499	1
10108013_2	444	Sound	55	11646484	645	1			260		other	0
10108013_2	444	Response	1	11651465	5626	1
10108013_2	445	Sound	60	11667782	604	1			260		other	0
10108013_2	445	Response	1	11670504	3325	1
10108013_2	446	Sound	58	11695981	460	1			260		other	0
10108013_2	447	Sound	56	11723579	551	1			260		other	0
10108013_2	448	Sound	52	11749377	508	1			260		other	0
10108013_2	449	Sound	55	11765576	536	1			260		other	0
10108013_2	449	Response	1	11769617	4576	1
10108013_2	450	Sound	60	11781475	430	1			260		other	0
10108013_2	450	Response	1	11784257	3211	1
10108013_2	451	Sound	59	11808174	620	1			260		other	0
10108013_2	451	Response	1	11813774	6221	1
10108013_2	452	Sound	52	11836372	477	1			260		other	0
10108013_2	453	Sound	52	11862170	434	1			260		other	0
10108013_2	454	Sound	50	11882269	527	1			260		other	0
10108013_2	455	Sound	57	11909867	618	1			260		other	0
10108013_2	455	Response	1	11916248	6998	1
10108013_2	456	Sound	50	11938665	407	1			260		other	0
10108013_2	457	Sound	60	11955164	568	1			260		other	0
10108013_2	457	Response	1	11957685	3089	1
10108013_2	458	Sound	50	11973763	662	1			260		other	0
10108013_2	459	Sound	60	11989662	389	1			260		other	0
10108013_2	459	Response	1	11992483	3210	1
10108013_2	460	Sound	56	12007361	583	1			260		other	0
10108013_2	461	Sound	58	12027760	475	1			260		other	0
10108013_2	462	Sound	58	12055058	432	1			260		other	0
10108013_2	463	Sound	57	12082356	556	1			260		other	0
10108013_2	465	Response	255	12137274	29886	1
10108013_2	467	Sound	56	12210748	410	1			260		other	0
10108013_2	468	Sound	57	12237147	634	1			260		other	0
10108013_2	469	Sound	60	12265045	524	1			260		other	0
10108013_2	469	Response	1	12267425	2905	1
10108013_2	470	Sound	51	12291143	615	1			260		other	0
10108013_2	470	Response	1	12294544	4015	1
10108013_2	471	Sound	58	12319641	605	1			260		other	0
10108013_2	471	Response	1	12323422	4385	1
10108013_2	472	Sound	56	12343040	496	1			260		other	0
10108013_2	473	Sound	53	12360739	523	1			260		other	0
10108013_2	474	Sound	51	12388337	447	1			260		other	0
10108013_2	475	Sound	50	12413536	471	1			260		other	0
10108013_2	476	Sound	50	12431534	631	1			260		other	0
10108013_2	477	Sound	60	12452833	590	1			260		other	0
10108013_2	477	Response	1	12455573	3331	1
10108013_2	478	Sound	58	12475632	382	1			260		other	0
10108013_2	479	Sound	57	12496630	542	1			260		other	0
10108013_2	479	Response	1	12501650	5562	1
10108013_2	480	Sound	55	12516729	468	1			260		other	0
10108013_2	481	Sound	56	12536528	427	1			260		other	0
10108013_2	482	Sound	60	12554227	621	1			260		other	0
10108013_2	482	Response	1	12556927	3321	1
10108013_2	483	Sound	53	12582425	644	1			260		other	0
10108013_2	484	Sound	52	12610023	568	1			260		other	0
10108013_2	485	Sound	59	12633422	459	1			260		other	0
10108013_2	485	Response	1	12641882	8919	1
10108013_2	486	Sound	58	12659820	517	1			260		other	0
10108013_2	487	Sound	59	12682919	442	1			260		other	0
10108013_2	487	Response	1	12686678	4202	1
10108013_2	488	Sound	54	12705417	600	1			260		other	0
10108013_2	489	Sound	55	12723116	628	1			260		other	0
10108013_2	490	Sound	51	12740215	388	1			260		other	0
10108013_2	491	Sound	53	12762114	614	1			260		other	0
10108013_2	492	Sound	52	12784012	673	1			260		other	0
10108013_2	493	Sound	56	12805311	465	1			260		other	0
10108013_2	493	Response	1	12811630	6784	1
10108013_2	494	Sound	56	12826610	424	1			260		other	0
10108013_2	495	Sound	57	12847308	617	1			260		other	0
10108013_2	496	Sound	54	12876407	540	1			260		other	0
10108013_2	497	Sound	52	12902805	598	1			260		other	0
10108013_2	498	Sound	59	12924103	556	1			260		other	0
10108013_2	498	Response	1	12927383	3835	1
10108013_2	499	Sound	51	12949002	448	1			260		other	0
10108013_2	500	Sound	57	12970301	406	1			260		other	0
10108013_2	500	Response	1	12975220	5325	1
10108013_2	501	Sound	55	12991299	398	1			260		other	0
10108013_2	502	Sound	60	13014698	457	1			260		other	0
10108013_2	502	Response	1	13017377	3136	1
10108013_2	503	Sound	52	13040496	414	1			260		other	0
10108013_2	504	Sound	54	13062995	573	1			260		other	0
10108013_2	505	Sound	59	13086693	598	1			260		other	0
10108013_2	505	Response	1	13089212	3117	1
10108013_2	506	Sound	60	13102892	626	1			260		other	0
10108013_2	506	Response	1	13105611	3345	1
10108013_2	507	Sound	55	13127791	517	1			260		other	0
10108013_2	508	Sound	54	13150589	642	1			260		other	0
10108013_2	508	Response	1	13153688	3741	1
10108013_2	509	Sound	55	13175788	499	1			260		other	0
10108013_2	509	Response	1	13179207	3918	1
10108013_2	510	Sound	58	13195586	459	1			260		other	0
10108013_2	510	Response	1	13199125	3998	1
10108013_2	511	Sound	53	13220785	650	1			260		other	0
10108013_2	512	Sound	50	13237284	477	1			260		other	0
10108013_2	513	Sound	52	13256483	504	1			260		other	0
10108013_2	513	Response	1	13260242	4263	1
10108013_2	514	Sound	54	13273581	431	1			260		other	0
10108013_2	515	Sound	51	13302080	588	1			260		other	0
10108013_2	516	Sound	50	13327878	378	1			260		other	0
10108013_2	517	Sound	57	13345577	572	1			260		other	0
10108013_2	518	Sound	50	13369575	397	1			260		other	0
10108013_2	519	Sound	53	13389974	456	1			260		other	0
10108013_2	520	Sound	59	13413673	648	1			260		other	0
10108013_2	520	Response	1	13417991	4967	1
10108013_2	521	Sound	58	13439171	472	1			260		other	0
10108013_2	523	Response	255	13472148	17031	1
10108013_2	525	Sound	40	13542365	636	1			260		other	0
10108013_2	525	Response	1	13545103	3374	1
10108013_2	526	Sound	32	13560363	462	1			260		other	0
10108013_2	527	Sound	33	13581062	488	1			260		other	0
10108013_2	528	Sound	33	13607760	512	1			260		other	0
10108013_2	529	Sound	38	13632659	403	1			260		other	0
10108013_2	530	Sound	32	13660557	627	1			260		other	0
10108013_2	531	Sound	30	13686055	451	1			260		other	0
10108013_2	532	Sound	33	13707654	376	1			260		other	0
10108013_2	533	Sound	32	13730153	369	1			260		other	0
10108013_2	534	Sound	35	13755051	593	1			260		other	0
10108013_2	535	Sound	39	13779950	485	1			260		other	0
10108013_2	535	Response	1	13784768	5303	1
10108013_2	536	Sound	40	13804848	542	1			260		other	0
10108013_2	536	Response	1	13807646	3340	1
10108013_2	537	Sound	39	13826447	468	1			260		other	0
10108013_2	537	Response	1	13831245	5266	1
10108013_2	538	Sound	40	13850745	425	1			260		other	0
10108013_2	538	Response	1	13853563	3243	1
10108013_2	539	Sound	36	13876543	383	1			260		other	0
10108013_2	539	Response	1	13880441	4281	1
10108013_2	540	Sound	32	13900242	574	1			260		other	0
10108013_2	541	Sound	30	13925440	599	1			260		other	0
10108013_2	542	Sound	36	13946739	558	1			260		other	0
10108013_2	543	Sound	39	13968338	483	1			260		other	0
10108013_2	544	Sound	31	13991436	575	1			260		other	0
10108013_2	545	Sound	37	14008835	469	1			260		other	0
10108013_2	546	Sound	40	14034034	494	1			260		other	0
10108013_2	546	Response	1	14037471	3931	1
10108013_2	547	Sound	34	14058932	551	1			260		other	0
10108013_2	548	Sound	30	14083830	442	1			260		other	0
10108013_2	549	Sound	31	14108129	400	1			260		other	0
10108013_2	550	Sound	39	14127628	394	1			260		other	0
10108013_2	551	Sound	31	14154026	451	1			260		other	0
10108013_2	552	Sound	38	14179224	642	1			260		other	0
10108013_2	553	Sound	35	14199023	602	1			260		other	0
10108013_2	554	Sound	38	14222422	660	1			260		other	0
10108013_2	555	Sound	39	14239221	620	1			260		other	0
10108013_2	556	Sound	38	14261419	646	1			260		other	0
10108013_2	557	Sound	35	14282718	605	1			260		other	0
10108013_2	558	Sound	36	14301017	398	1			260		other	0
10108013_2	559	Sound	35	14318416	625	1			260		other	0
10108013_2	560	Sound	34	14341214	417	1			260		other	0
10108013_2	561	Sound	37	14362513	543	1			260		other	0
10108013_2	562	Sound	37	14388611	634	1			260		other	0
10108013_2	563	Sound	35	14405710	561	1			260		other	0
10108013_2	564	Sound	38	14427909	586	1			260		other	0
10108013_2	565	Sound	33	14446808	479	1			260		other	0
10108013_2	566	Sound	32	14465106	606	1			260		other	0
10108013_2	567	Sound	30	14493005	496	1			260		other	0
10108013_2	568	Sound	36	14510704	523	1			260		other	0
10108013_2	569	Sound	37	14526903	551	1			260		other	0
10108013_2	570	Sound	30	14544301	445	1			260		other	0
10108013_2	571	Sound	34	14572200	501	1			260		other	0
10108013_2	572	Sound	34	14594698	660	1			260		other	0
10108013_2	573	Sound	31	14610597	388	1			260		other	0
10108013_2	574	Sound	37	14628296	415	1			260		other	0
10108013_2	575	Sound	36	14649295	407	1			260		other	0
10108013_2	576	Sound	31	14670293	400	1			260		other	0
10108013_2	577	Sound	34	14687692	460	1			260		other	0
10108013_2	578	Sound	33	14712891	485	1			260		other	0
10108013_2	579	Sound	40	14731790	378	1			260		other	0
10108013_2	579	Response	1	14735587	4175	1
10108013_2	581	Response	255	14768385	17387	1
10108013_2	583	Sound	40	14843383	605	1			260		other	0
10108013_2	584	Sound	35	14870981	528	1			260		other	0
10108013_2	585	Sound	39	14891679	554	1			260		other	0
10108013_2	586	Sound	32	14913878	580	1			260		other	0
10108013_2	587	Sound	33	14942076	436	1			260		other	0
10108013_2	588	Sound	33	14960075	430	1			260		other	0
10108013_2	589	Sound	31	14986474	487	1			260		other	0
10108013_2	590	Sound	35	15006872	546	1			260		other	0
10108013_2	591	Sound	38	15024871	540	1			260		other	0
10108013_2	592	Sound	32	15047970	465	1			260		other	0
10108013_2	593	Sound	34	15068669	658	1			260		other	0
10108013_2	594	Sound	36	15090267	417	1			260		other	0
10108013_2	595	Sound	33	15118165	474	1			260		other	0
10108013_2	596	Sound	40	15139464	599	1			260		other	0
10108013_2	596	Response	1	15141881	3016	1
10108013_2	597	Sound	38	15167662	456	1			260		other	0
10108013_2	598	Sound	31	15190761	548	1			260		other	0
10108013_2	599	Sound	32	15210259	541	1			260		other	0
10108013_2	600	Sound	40	15229158	601	1			260		other	0
10108013_2	600	Response	1	15231875	3317	1
10108013_2	601	Sound	30	15251957	559	1			260		other	0
10108013_2	602	Sound	35	15275655	584	1			260		other	0
10108013_2	603	Sound	33	15297854	443	1			260		other	0
10108013_2	604	Sound	39	15317953	536	1			260		other	0
10108013_2	605	Sound	33	15346151	559	1			260		other	0
10108013_2	606	Sound	38	15365050	452	1			260		other	0
10108013_2	607	Sound	34	15387848	577	1			260		other	0
10108013_2	608	Sound	38	15404947	504	1			260		other	0
10108013_2	609	Sound	34	15428946	496	1			260		other	0
10108013_2	610	Sound	40	15456244	620	1			260		other	0
10108013_2	610	Response	1	15460180	4556	1
10108013_2	611	Sound	36	15474543	580	1			260		other	0
10108013_2	612	Sound	30	15499441	471	1			260		other	0
10108013_2	613	Sound	39	15520740	597	1			260		other	0
10108013_2	614	Sound	38	15542039	556	1			260		other	0
10108013_2	615	Sound	32	15569937	446	1			260		other	0
10108013_2	616	Sound	37	15589736	572	1			260		other	0
10108013_2	617	Sound	34	15608334	665	1			260		other	0
10108013_2	618	Sound	35	15626933	592	1			260		other	0
10108013_2	619	Sound	37	15654531	515	1			260		other	0
10108013_2	620	Sound	37	15670431	411	1			260		other	0
10108013_2	621	Sound	36	15686630	437	1			260		other	0
10108013_2	622	Sound	34	15710028	663	1			260		other	0
10108013_2	623	Sound	30	15729827	622	1			260		other	0
10108013_2	624	Sound	31	15757725	512	1			260		other	0
10108013_2	625	Sound	30	15782623	403	1			260		other	0
10108013_2	626	Sound	30	15808722	494	1			260		other	0
10108013_2	627	Sound	36	15827621	554	1			260		other	0
10108013_2	628	Sound	40	15847719	480	1			260		other	0
10108013_2	628	Response	1	15850555	3316	1
10108013_2	629	Sound	37	15871118	538	1			260		other	0
10108013_2	630	Sound	39	15889417	498	1			260		other	0
10108013_2	631	Sound	31	15916415	489	1			260		other	0
10108013_2	632	Sound	35	15936514	415	1			260		other	0
10108013_2	633	Sound	31	15963812	372	1			260		other	0
10108013_2	634	Sound	32	15986911	464	1			260		other	0
10108013_2	635	Sound	39	16005209	424	1			260		other	0
10108013_2	636	Sound	37	16021708	418	1			260		other	0
10108013_2	637	Sound	36	16044207	576	1			260		other	0
10108013_2	639	Response	255	16382841	315957	1
10108013_2	641	Sound	38	16458481	395	1			260		other	0
10108013_2	642	Sound	37	16483379	620	1			260		other	0
10108013_2	643	Sound	39	16504978	546	1			260		other	0
10108013_2	644	Sound	30	16525977	538	1			260		other	0
10108013_2	645	Sound	38	16553875	428	1			260		other	0
10108013_2	646	Sound	33	16578473	519	1			260		other	0
10108013_2	647	Sound	31	16604872	577	1			260		other	0
10108013_2	648	Sound	40	16628870	568	1			260		other	0
10108013_2	648	Response	1	16631465	3163	1
10108013_2	649	Sound	37	16652269	460	1			260		other	0
10108013_2	650	Sound	36	16672967	486	1			260		other	0
10108013_2	651	Sound	40	16699066	410	1			260		other	0
10108013_2	651	Response	1	16701780	3124	1
10108013_2	652	Sound	37	16716465	637	1			260		other	0
10108013_2	653	Sound	40	16739263	595	1			260		other	0
10108013_2	653	Response	1	16741538	2870	1
10108013_2	654	Sound	37	16757262	589	1			260		other	0
10108013_2	655	Sound	38	16782461	447	1			260		other	0
10108013_2	656	Sound	35	16805259	572	1			260		other	0
10108013_2	657	Sound	36	16834057	528	1			260		other	0
10108013_2	658	Sound	33	16849956	423	1			260		other	0
10108013_2	659	Sound	34	16867055	517	1			260		other	0
10108013_2	660	Sound	36	16889854	642	1			260		other	0
10108013_2	661	Sound	34	16912952	567	1			260		other	0
10108013_2	662	Sound	31	16938151	591	1			260		other	0
10108013_2	663	Sound	36	16961549	483	1			260		other	0
10108013_2	664	Sound	32	16978648	410	1			260		other	0
10108013_2	665	Sound	34	17004447	368	1			260		other	0
10108013_2	666	Sound	30	17027545	626	1			260		other	0
10108013_2	667	Sound	31	17044044	620	1			260		other	0
10108013_2	668	Sound	38	17060243	648	1			260		other	0
10108013_2	669	Sound	30	17088741	471	1			260		other	0
10108013_2	670	Sound	33	17105840	398	1			260		other	0
10108013_2	671	Sound	35	17127739	624	1			260		other	0
10108013_2	672	Sound	33	17156237	613	1			260		other	0
10108013_2	673	Sound	34	17180835	538	1			260		other	0
10108013_2	674	Sound	39	17204534	563	1			260		other	0
10108013_2	675	Sound	32	17228833	521	1			260		other	0
10108013_2	676	Sound	40	17253431	445	1			260		other	0
10108013_2	676	Response	1	17256624	3639	1
10108013_2	677	Sound	31	17278929	436	1			260		other	0
10108013_2	678	Sound	39	17305628	460	1			260		other	0
10108013_2	679	Sound	36	17330226	551	1			260		other	0
10108013_2	680	Sound	35	17347625	445	1			260		other	0
10108013_2	681	Sound	30	17374323	636	1			260		other	0
10108013_2	682	Sound	39	17395322	628	1			260		other	0
10108013_2	683	Sound	40	17420520	486	1			260		other	0
10108013_2	683	Response	1	17424374	4339	1
10108013_2	684	Sound	37	17440319	445	1			260		other	0
10108013_2	685	Sound	32	17457118	406	1			260		other	0
10108013_2	686	Sound	35	17480517	631	1			260		other	0
10108013_2	687	Sound	38	17499415	524	1			260		other	0
10108013_2	688	Sound	33	17521614	383	1			260		other	0
10108013_2	689	Sound	35	17547112	374	1			260		other	0
10108013_2	690	Sound	32	17571411	665	1			260		other	0
10108013_2	691	Sound	39	17588210	626	1			260		other	0
10108013_2	692	Sound	30	17614008	417	1			260		other	0
10108013_2	693	Sound	32	17640407	474	1			260		other	0
10108013_2	694	Sound	31	17659005	567	1			260		other	0
10108013_2	695	Sound	34	17681204	426	1			260		other	0
10108013_2	697	Response	255	17721715	18850	1
10108013_2	699	Sound	53	17798197	551	1			260		other	0
10108013_2	700	Sound	59	17827295	641	1			260		other	0
10108013_2	700	Response	1	17831788	5134	1
10108013_2	701	Sound	50	17854293	465	1			260		other	0
10108013_2	702	Sound	52	17877691	523	1			260		other	0
10108013_2	703	Sound	58	17898990	482	1			260		other	0
10108013_2	703	Response	1	17903623	5115	1
10108013_2	704	Sound	60	17919689	508	1			260		other	0
10108013_2	704	Response	1	17922662	3481	1
10108013_2	705	Sound	58	17948187	664	1			260		other	0
10108013_2	705	Response	1	17951940	4417	1
10108013_2	706	Sound	52	17967086	391	1			260		other	0
10108013_2	707	Sound	51	17985685	651	1			260		other	0
10108013_2	708	Sound	58	18002484	445	1			260		other	0
10108013_2	708	Response	1	18006336	4298	1
10108013_2	709	Sound	52	18028882	502	1			260		other	0
10108013_2	709	Response	1	18032495	4115	1
10108013_2	710	Sound	54	18056480	426	1			260		other	0
10108013_2	710	Response	1	18059853	3798	1
10108013_2	711	Sound	58	18073879	653	1			260		other	0
10108013_2	711	Response	1	18077932	4705	1
10108013_2	712	Sound	52	18091278	380	1			260		other	0
10108013_2	713	Sound	54	18108377	474	1			260		other	0
10108013_2	714	Sound	51	18136575	664	1			260		other	0
10108013_2	715	Sound	59	18165074	487	1			260		other	0
10108013_2	715	Response	1	18168806	4219	1
10108013_2	716	Sound	57	18191772	511	1			260		other	0
10108013_2	716	Response	1	18195284	4023	1
10108013_2	717	Sound	50	18216670	569	1			260		other	0
10108013_2	718	Sound	50	18236769	662	1			260		other	0
10108013_2	719	Sound	54	18259568	453	1			260		other	0
10108013_2	719	Response	1	18263600	4486	1
10108013_2	720	Sound	57	18283866	411	1			260		other	0
10108013_2	720	Response	1	18288318	4864	1
10108013_2	721	Sound	55	18309064	602	1			260		other	0
10108013_2	721	Response	1	18312557	4094	1
10108013_2	722	Sound	55	18326163	530	1			260		other	0
10108013_2	723	Sound	60	18345362	389	1			260		other	0
10108013_2	723	Response	1	18348394	3421	1
10108013_2	724	Sound	56	18365161	516	1			260		other	0
10108013_2	725	Sound	59	18393059	572	1			260		other	0
10108013_2	725	Response	1	18396471	3984	1
10108013_2	726	Sound	60	18420657	496	1			260		other	0
10108013_2	726	Response	1	18423750	3588	1
10108013_2	727	Sound	51	18438656	489	1			260		other	0
10108013_2	728	Sound	53	18462655	648	1			260		other	0
10108013_2	729	Sound	51	18480054	375	1			260		other	0
10108013_2	730	Sound	51	18500452	601	1			260		other	0
10108013_2	731	Sound	56	18516951	428	1			260		other	0
10108013_2	731	Response	1	18520063	3540	1
10108013_2	732	Sound	53	18542150	619	1			260		other	0
10108013_2	732	Response	1	18546542	5011	1
10108013_2	733	Sound	59	18570948	409	1			260		other	0
10108013_2	733	Response	1	18574220	3681	1
10108013_2	734	Sound	57	18599446	399	1			260		other	0
10108013_2	734	Response	1	18602858	3811	1
10108013_2	735	Sound	58	18623745	523	1			260		other	0
10108013_2	736	Sound	56	18649843	614	1			260		other	0
10108013_2	736	Response	1	18653335	4106	1
10108013_2	737	Sound	56	18671442	540	1			260		other	0
10108013_2	737	Response	1	18677333	6431	1
10108013_2	738	Sound	60	18687641	401	1			260		other	0
10108013_2	738	Response	1	18690932	3692	1
10108013_2	739	Sound	57	18714039	458	1			260		other	0
10108013_2	740	Sound	50	18739537	449	1			260		other	0
10108013_2	741	Sound	55	18761736	641	1			260		other	0
10108013_2	741	Response	1	18765647	4553	1
10108013_2	742	Sound	57	18780635	367	1			260		other	0
10108013_2	742	Response	1	18785886	5619	1
10108013_2	743	Sound	50	18806733	625	1			260		other	0
10108013_2	744	Sound	56	18831332	549	1			260		other	0
10108013_2	745	Sound	59	18848730	443	1			260		other	0
10108013_2	745	Response	1	18853242	4955	1
10108013_2	746	Sound	55	18872729	601	1			260		other	0
10108013_2	747	Sound	52	18894628	660	1			260		other	0
10108013_2	747	Response	1	18899479	5512	1
10108013_2	748	Sound	54	18911426	454	1			260		other	0
10108013_2	749	Sound	55	18937825	511	1			260		other	0
10108013_2	750	Sound	54	18960623	637	1			260		other	0
10108013_2	751	Sound	53	18981322	496	1			260		other	0
10108013_2	752	Sound	60	18997521	524	1			260		other	0
10108013_2	752	Response	1	19000192	3195	1
10108013_2	753	Sound	53	19023319	482	1			260		other	0
10108013_2	755	Response	255	19072748	31324	1
10108013_2	757	Sound	15	19145712	671	1			260		other	0
10108013_2	757	Response	1	19149623	4582	1
10108013_2	758	Sound	17	19173610	561	1			260		other	0
10108013_2	758	Response	1	19176901	3852	1
10108013_2	759	Sound	13	19192809	587	1			260		other	0
10108013_2	760	Sound	18	19217707	478	1			260		other	0
10108013_2	760	Response	1	19220818	3589	1
10108013_2	761	Sound	13	19235406	505	1			260		other	0
10108013_2	762	Sound	12	19251005	433	1			260		other	0
10108013_2	763	Sound	11	19278603	523	1			260		other	0
10108013_2	764	Sound	14	19296302	384	1			260		other	0
10108013_2	764	Response	1	19302333	6414	1
10108013_2	765	Sound	20	19312201	612	1			260		other	0
10108013_2	765	Response	1	19315212	3623	1
10108013_2	766	Sound	11	19330500	405	1			260		other	0
10108013_2	767	Sound	20	19353599	663	1			260		other	0
10108013_2	767	Response	1	19356729	3794	1
10108013_2	768	Sound	19	19370398	457	1			260		other	0
10108013_2	769	Sound	16	19386896	618	1			260		other	0
10108013_2	770	Sound	15	19407595	644	1			260		other	0
10108013_2	770	Response	1	19411126	4175	1
10108013_2	771	Sound	13	19423494	538	1			260		other	0
10108013_2	772	Sound	10	19446893	430	1			260		other	0
10108013_2	773	Sound	20	19475091	620	1			260		other	0
10108013_2	773	Response	1	19477522	3051	1
10108013_2	774	Sound	12	19500889	411	1			260		other	0
10108013_2	774	Response	1	19504800	4321	1
10108013_2	775	Sound	15	19524588	436	1			260		other	0
10108013_2	775	Response	1	19529519	5366	1
10108013_2	776	Sound	10	19550086	593	1			260		other	0
10108013_2	777	Sound	16	19570785	619	1			260		other	0
10108013_2	778	Sound	17	19592384	378	1			260		other	0
10108013_2	779	Sound	11	19616382	370	1			260		other	0
10108013_2	780	Sound	14	19642480	627	1			260		other	0
10108013_2	780	Response	1	19646791	4937	1
10108013_2	781	Sound	19	19662579	386	1			260		other	0
10108013_2	781	Response	1	19665989	3797	1
10108013_2	782	Sound	10	19684478	612	1			260		other	0
10108013_2	783	Sound	11	19711476	435	1			260		other	0
10108013_2	784	Sound	11	19738174	459	1			260		other	0
10108013_2	785	Sound	19	19760673	618	1			260		other	0
10108013_2	785	Response	1	19764783	4728	1
10108013_2	786	Sound	13	19780472	411	1			260		other	0
10108013_2	787	Sound	16	19797571	672	1			260		other	0
10108013_2	787	Response	1	19801901	5002	1
10108013_2	788	Sound	12	19817669	431	1			260		other	0
10108013_2	789	Sound	15	19833568	492	1			260		other	0
10108013_2	789	Response	1	19837739	4662	1
10108013_2	790	Sound	15	19859367	616	1			260		other	0
10108013_2	790	Response	1	19863017	4267	1
10108013_2	791	Sound	17	19886065	640	1			260		other	0
10108013_2	791	Response	1	19889895	4470	1
10108013_2	792	Sound	10	19909764	498	1			260		other	0
10108013_2	793	Sound	16	19933762	490	1			260		other	0
10108013_2	793	Response	1	19937732	4460	1
10108013_2	794	Sound	12	19959860	580	1			260		other	0
10108013_2	795	Sound	18	19980559	606	1			260		other	0
10108013_2	795	Response	1	19984289	4336	1
10108013_2	796	Sound	13	20008457	663	1			260		other	0
10108013_2	796	Response	1	20018607	10812	1
10108013_2	797	Sound	19	20024356	557	1			260		other	0
10108013_2	797	Response	1	20029086	5287	1
10108013_2	798	Sound	18	20046555	583	1			260		other	0
10108013_2	799	Sound	17	20066354	376	1			260		other	0
10108013_2	800	Sound	10	20081953	470	1			260		other	0
10108013_2	801	Sound	20	20108051	561	1			260		other	0
10108013_2	801	Response	1	20110761	3271	1
10108013_2	802	Sound	20	20134449	618	1			260		other	0
10108013_2	802	Response	1	20136999	3168	1
10108013_2	803	Sound	18	20151248	579	1			260		other	0
10108013_2	803	Response	1	20156198	5528	1
10108013_2	804	Sound	14	20178547	369	1			260		other	0
10108013_2	804	Response	1	20181956	3779	1
10108013_2	805	Sound	14	20204645	626	1			260		other	0
10108013_2	805	Response	1	20210115	6096	1
10108013_2	806	Sound	12	20228044	518	1			260		other	0
10108013_2	807	Sound	14	20254142	609	1			260		other	0
10108013_2	808	Sound	18	20272441	402	1			260		other	0
10108013_2	808	Response	1	20276110	4072	1
10108013_2	809	Sound	19	20298539	660	1			260		other	0
10108013_2	809	Response	1	20302109	4229	1
10108013_2	810	Sound	16	20318938	552	1			260		other	0
10108013_2	810	Response	1	20323707	5322	1
10108013_2	811	Sound	17	20340536	645	1			260		other	0
10108013_2	811	Response	1	20345386	5494	1
10108013_2	813	Response	255	20615608	251797	1
10108013_2	815	Sound	39	20701714	382	1			260		other	0
10108013_2	816	Sound	32	20723012	508	1			260		other	0
10108013_2	817	Sound	35	20751211	365	1			260		other	0
10108013_2	818	Sound	37	20775809	456	1			260		other	0
10108013_2	819	Sound	40	20797108	415	1			260		other	0
10108013_2	819	Response	1	20800157	3464	1
10108013_2	820	Sound	40	20813907	543	1			260		other	0
10108013_2	820	Response	1	20816955	3591	4
10108013_2	821	Sound	31	20836705	501	1			260		other	0
10108013_2	822	Sound	36	20852604	395	1			260		other	0
10108013_2	823	Sound	35	20872103	555	1			260		other	0
10108013_2	824	Sound	33	20896401	513	1			260		other	0
10108013_2	825	Sound	40	20916800	573	1			260		other	0
10108013_2	825	Response	1	20919829	3601	1
10108013_2	826	Sound	30	20934199	633	1			260		other	0
10108013_2	827	Sound	34	20956998	425	1			260		other	0
10108013_2	828	Sound	38	20975897	485	1			260		other	0
10108013_2	829	Sound	38	20998695	443	1			260		other	0
10108013_2	830	Sound	37	21014894	638	1			260		other	0
10108013_2	831	Sound	38	21031693	432	1			260		other	0
10108013_2	832	Sound	36	21055392	623	1			260		other	0
10108013_2	833	Sound	33	21076690	416	1			260		other	0
10108013_2	834	Sound	33	21093789	509	1			260		other	0
10108013_2	835	Sound	33	21118088	634	1			260		other	0
10108013_2	836	Sound	34	21134886	428	1			260		other	0
10108013_2	837	Sound	34	21163085	451	1			260		other	0
10108013_2	838	Sound	32	21182883	411	1			260		other	0
10108013_2	839	Sound	31	21203582	437	1			260		other	0
10108013_2	840	Sound	39	21221581	431	1			260		other	0
10108013_2	841	Sound	34	21243180	523	1			260		other	0
10108013_2	842	Sound	32	21267778	447	1			260		other	0
10108013_2	843	Sound	37	21288477	473	1			260		other	0
10108013_2	844	Sound	31	21310975	632	1			260		other	0
10108013_2	845	Sound	39	21331674	658	1			260		other	0
10108013_2	846	Sound	40	21358372	515	1			260		other	0
10108013_2	846	Response	1	21361801	3943	1
10108013_2	847	Sound	39	21375771	576	1			260		other	0
10108013_2	848	Sound	37	21392270	403	1			260		other	0
10108013_2	849	Sound	31	21414169	462	1			260		other	0
10108013_2	850	Sound	38	21435168	621	1			260		other	0
10108013_2	851	Sound	35	21457666	446	1			260		other	0
10108013_2	852	Sound	39	21486464	403	1			260		other	0
10108013_2	853	Sound	30	21505363	463	1			260		other	0
10108013_2	854	Sound	30	21529062	654	1			260		other	0
10108013_2	855	Sound	31	21550060	480	1			260		other	0
10108013_2	856	Sound	36	21568659	407	1			260		other	0
10108013_2	857	Sound	32	21587558	467	1			260		other	0
10108013_2	858	Sound	36	21614556	457	1			260		other	0
10108013_2	859	Sound	36	21643054	614	1			260		other	0
10108013_2	860	Sound	35	21659553	608	1			260		other	0
10108013_2	861	Sound	30	21687452	499	1			260		other	0
10108013_2	862	Sound	35	21709950	657	1			260		other	0
10108013_2	863	Sound	34	21728249	450	1			260		other	0
10108013_2	864	Sound	33	21748348	543	1			260		other	0
10108013_2	865	Sound	37	21765747	436	1			260		other	0
10108013_2	866	Sound	30	21783746	430	1			260		other	0
10108013_2	867	Sound	32	21806244	422	1			260		other	0
10108013_2	868	Sound	38	21832943	613	1			260		other	0
10108013_2	869	Sound	40	21858741	570	1			260		other	0
10108013_2	869	Response	1	21862008	3838	1

The following output port codes were not sent because of a conflict on the port.
Port	Code	Time(ms)
1	253	132015
1	253	265807
1	253	397878
1	253	535277
1	253	668637
1	253	809836
1	253	944243
1	253	1.07651e+06
1	253	1.21373e+06
1	253	1.34722e+06
1	253	1.47684e+06
1	253	1.63829e+06
1	253	1.77217e+06
1	253	1.90728e+06
1	253	2.06156e+06
1	253	2.18833e+06
