Scenario - 
Logfile written - 12/09/2018 18:35:44

Subject	Trial	Event Type	Code	Time	TTime	Uncertainty	Duration	Uncertainty	ReqTime	ReqDur	Stim Type	Pair Index

10108014_2	1	Response	255	1849849	1849349	1
10108014_2	3	Sound	32	1930096	444	1			260		other	0
10108014_2	4	Sound	39	1951395	403	1			260		other	0
10108014_2	5	Sound	34	1969993	663	1			260		other	0
10108014_2	6	Sound	38	1987992	490	1			260		other	0
10108014_2	7	Sound	38	2008391	549	1			260		other	0
10108014_2	8	Sound	33	2024590	411	1			260		other	0
10108014_2	9	Sound	38	2047088	402	1			260		other	0
10108014_2	10	Sound	35	2067487	461	1			260		other	0
10108014_2	11	Sound	34	2086086	555	1			260		other	0
10108014_2	12	Sound	40	2111284	579	1			260		other	0
10108014_2	12	Response	1	2113992	3286	1
10108014_2	13	Sound	32	2131983	605	1			260		other	0
10108014_2	14	Sound	37	2155982	596	1			260		other	0
10108014_2	15	Sound	33	2172481	424	1			260		other	0
10108014_2	16	Sound	35	2196179	449	1			260		other	0
10108014_2	17	Sound	31	2224377	639	1			260		other	0
10108014_2	18	Sound	34	2242376	466	1			260		other	0
10108014_2	19	Sound	38	2269674	589	1			260		other	0
10108014_2	20	Sound	37	2287973	383	1			260		other	0
10108014_2	21	Sound	36	2308372	442	1			260		other	0
10108014_2	22	Sound	36	2334170	566	1			260		other	0
10108014_2	23	Sound	39	2356369	425	1			260		other	0
10108014_2	24	Sound	30	2384567	448	1			260		other	0
10108014_2	25	Sound	35	2405266	641	1			260		other	0
10108014_2	26	Sound	32	2423865	401	1			260		other	0
10108014_2	27	Sound	36	2440364	562	1			260		other	0
10108014_2	28	Sound	35	2468262	619	1			260		other	0
10108014_2	29	Sound	40	2497060	575	1			260		other	0
10108014_2	29	Response	1	2500207	3722	1
10108014_2	30	Sound	37	2522559	399	1			260		other	0
10108014_2	31	Sound	36	2548357	523	1			260		other	0
10108014_2	32	Sound	31	2573255	414	1			260		other	0
10108014_2	33	Sound	30	2590654	642	1			260		other	0
10108014_2	34	Sound	31	2611953	434	1			260		other	0
10108014_2	35	Sound	30	2629652	461	1			260		other	0
10108014_2	36	Sound	30	2650051	520	1			260		other	0
10108014_2	37	Sound	38	2678249	377	1			260		other	0
10108014_2	38	Sound	33	2694748	538	1			260		other	0
10108014_2	39	Sound	37	2723546	661	1			260		other	0
10108014_2	40	Sound	40	2742445	387	1			260		other	0
10108014_2	40	Response	1	2746351	4294	1
10108014_2	41	Sound	34	2764043	480	1			260		other	0
10108014_2	42	Sound	31	2791642	570	1			260		other	0
10108014_2	43	Sound	40	2811440	529	1			260		other	0
10108014_2	43	Response	1	2816267	5356	1
10108014_2	44	Sound	30	2837239	487	1			260		other	0
10108014_2	45	Sound	34	2857937	513	1			260		other	0
10108014_2	46	Sound	33	2878336	406	1			260		other	0
10108014_2	47	Sound	33	2907134	529	1			260		other	0
10108014_2	48	Sound	32	2932933	487	1			260		other	0
10108014_2	49	Sound	39	2957831	545	1			260		other	0
10108014_2	50	Sound	39	2985429	468	1			260		other	0
10108014_2	51	Sound	31	3012428	458	1			260		other	0
10108014_2	52	Sound	40	3039426	448	1			260		other	0
10108014_2	52	Response	1	3042332	3354	1
10108014_2	53	Sound	39	3063125	640	1			260		other	0
10108014_2	54	Sound	32	3085623	632	1			260		other	0
10108014_2	55	Sound	37	3107222	557	1			260		other	0
10108014_2	56	Sound	36	3130320	649	1			260		other	0
10108014_2	57	Sound	35	3150119	609	1			260		other	0
10108014_2	59	Response	255	3707089	530658	1
10108014_2	61	Sound	59	3790279	414	1			260		other	0
10108014_2	61	Response	1	3793804	3939	1
10108014_2	62	Sound	51	3810377	674	1			260		other	0
10108014_2	63	Sound	55	3836176	464	1			260		other	0
10108014_2	64	Sound	53	3853875	491	1			260		other	0
10108014_2	65	Sound	59	3870674	452	1			260		other	0
10108014_2	65	Response	1	3874599	4377	1
10108014_2	66	Sound	52	3888372	479	1			260		other	0
10108014_2	66	Response	1	3893157	5264	1
10108014_2	67	Sound	55	3907271	539	1			260		other	0
10108014_2	67	Response	1	3911556	4824	1
10108014_2	68	Sound	60	3929170	431	1			260		other	0
10108014_2	68	Response	1	3932035	3296	1
10108014_2	69	Sound	58	3954968	388	1			260		other	0
10108014_2	69	Response	1	3959552	4973	2
10108014_2	70	Sound	56	3981667	412	1			260		other	0
10108014_2	70	Response	1	3984912	3657	1
10108014_2	71	Sound	55	4004165	571	1			260		other	0
10108014_2	72	Sound	51	4031763	494	1			260		other	0
10108014_2	72	Response	1	4037308	6039	1
10108014_2	73	Sound	60	4048562	622	1			260		other	0
10108014_2	73	Response	1	4051947	4007	1
10108014_2	74	Sound	57	4076161	379	1			260		other	0
10108014_2	74	Response	1	4079465	3683	1
10108014_2	75	Sound	53	4097159	538	1			260		other	0
10108014_2	75	Response	1	4105704	9083	1
10108014_2	76	Sound	54	4121758	629	1			260		other	0
10108014_2	76	Response	1	4129302	8174	1
10108014_2	77	Sound	54	4145456	487	1			260		other	0
10108014_2	78	Sound	52	4164955	480	1			260		other	0
10108014_2	79	Sound	55	4182354	374	1			260		other	0
10108014_2	79	Response	1	4187379	5399	1
10108014_2	80	Sound	55	4201253	434	1			260		other	0
10108014_2	80	Response	1	4212977	12158	1
10108014_2	81	Sound	52	4229451	457	1			260		other	0
10108014_2	81	Response	1	4238335	9342	1
10108014_2	82	Sound	60	4248650	484	1			260		other	0
10108014_2	82	Response	1	4253854	5688	1
10108014_2	83	Sound	54	4274448	608	1			260		other	0
10108014_2	83	Response	1	4279133	5292	1
10108014_2	84	Sound	50	4292747	402	1			260		other	0
10108014_2	85	Sound	56	4319145	459	1			260		other	0
10108014_2	85	Response	1	4323930	5243	1
10108014_2	86	Sound	59	4347944	583	1			260		other	0
10108014_2	86	Response	1	4352328	4967	1
10108014_2	87	Sound	51	4376742	372	1			260		other	0
10108014_2	88	Sound	58	4398940	397	1			260		other	0
10108014_2	88	Response	1	4403045	4501	1
10108014_2	89	Sound	60	4419939	389	1			260		other	0
10108014_2	89	Response	1	4422883	3334	1
10108014_2	90	Sound	59	4447837	446	1			260		other	0
10108014_2	90	Response	1	4452161	4770	1
10108014_2	91	Sound	58	4464936	373	1			260		other	0
10108014_2	91	Response	1	4469600	5038	1
10108014_2	92	Sound	58	4493434	530	1			260		other	0
10108014_2	92	Response	1	4497599	4694	1
10108014_2	93	Sound	60	4515933	522	1			260		other	0
10108014_2	93	Response	1	4518557	3147	1
10108014_2	94	Sound	57	4539032	614	1			260		other	0
10108014_2	94	Response	1	4542556	4138	1
10108014_2	95	Sound	52	4566030	437	1			260		other	0
10108014_2	95	Response	1	4572554	6961	1
10108014_2	96	Sound	50	4590028	596	1			260		other	0
10108014_2	97	Sound	58	4608027	589	1			260		other	0
10108014_2	97	Response	1	4612311	4873	1
10108014_2	98	Sound	56	4629326	381	1			260		other	0
10108014_2	98	Response	1	4633430	4485	1
10108014_2	99	Sound	53	4652724	440	1			260		other	0
10108014_2	99	Response	1	4656628	4344	1
10108014_2	100	Sound	57	4669523	567	1			260		other	0
10108014_2	100	Response	1	4674067	5111	1
10108014_2	101	Sound	50	4689922	627	1			260		other	0
10108014_2	102	Sound	56	4712721	418	1			260		other	0
10108014_2	102	Response	1	4716705	4402	1
10108014_2	103	Sound	51	4735519	544	1			260		other	0
10108014_2	103	Response	1	4740303	5328	1
10108014_2	104	Sound	54	4752618	471	1			260		other	0
10108014_2	105	Sound	53	4771517	364	1			260		other	0
10108014_2	105	Response	1	4776141	4988	1
10108014_2	106	Sound	59	4797915	422	1			260		other	0
10108014_2	106	Response	1	4802539	5045	1
10108014_2	107	Sound	51	4826113	445	1			260		other	0
10108014_2	108	Sound	50	4846812	637	1			260		other	0
10108014_2	109	Sound	54	4871111	595	1			260		other	0
10108014_2	110	Sound	50	4896309	620	1			260		other	0
10108014_2	111	Sound	56	4923607	577	1			260		other	0
10108014_2	111	Response	1	4928771	5740	1
10108014_2	112	Sound	53	4944606	569	1			260		other	0
10108014_2	112	Response	1	4949330	5293	1
10108014_2	113	Sound	57	4972804	426	1			260		other	0
10108014_2	113	Response	1	4977328	4949	1
10108014_2	114	Sound	52	4996803	584	1			260		other	0
10108014_2	115	Sound	57	5023801	574	1			260		other	0
10108014_2	115	Response	1	5028205	4978	1


The following output port codes were not sent because of a conflict on the port.
Port	Code	Time(ms)
1	253	184987
1	253	370711
1	253	652213
