Scenario - 
Logfile written - 02/07/2019 20:35:01

Subject	Trial	Event Type	Code	Time	TTime	Uncertainty	Duration	Uncertainty	ReqTime	ReqDur	Stim Type	Pair Index

10108022_2	1	Response	255	153946	153279	1
10108022_2	3	Sound	20	233501	679	1			260		other	0
10108022_2	3	Response	1	237140	4318	1
10108022_2	4	Sound	17	257500	837	1			260		other	0
10108022_2	4	Response	1	265139	8476	1
10108022_2	5	Sound	15	275499	664	1			260		other	0
10108022_2	5	Response	1	279698	4863	1
10108022_2	6	Sound	18	300497	822	1			260		other	0
10108022_2	6	Response	1	303777	4101	1
10108022_2	7	Sound	12	318996	982	1			260		other	0
10108022_2	7	Response	1	324335	6321	1
10108022_2	8	Sound	19	337495	642	1			260		other	0
10108022_2	8	Response	1	340014	3161	1
10108022_2	9	Sound	17	359494	634	1			260		other	0
10108022_2	9	Response	1	361853	2993	1
10108022_2	10	Sound	11	382492	793	1			260		other	0
10108022_2	11	Sound	20	408991	950	1			260		other	0
10108022_2	11	Response	1	411930	3889	1
10108022_2	12	Sound	20	425490	777	1			260		other	0
10108022_2	12	Response	1	428089	3376	1
10108022_2	13	Sound	13	448488	936	1			260		other	0
10108022_2	14	Sound	12	466987	929	1			260		other	0
10108022_2	14	Response	1	471926	5868	1
10108022_2	15	Sound	12	484986	756	1			260		other	0
10108022_2	15	Response	1	491205	6975	1
10108022_2	16	Sound	15	511985	580	1			260		other	0
10108022_2	16	Response	1	519763	8358	1
10108022_2	17	Sound	13	528983	1074	1			260		other	0
10108022_2	18	Sound	16	544983	1068	1			260		other	0
10108022_2	19	Sound	10	560982	896	1			260		other	0
10108022_2	20	Sound	13	583980	887	1			260		other	0
10108022_2	21	Sound	15	611979	877	1			260		other	0
10108022_2	21	Response	1	617677	6576	1
10108022_2	22	Sound	11	629478	871	1			260		other	0
10108022_2	23	Sound	17	655476	695	1			260		other	0
10108022_2	23	Response	1	663114	8334	1
10108022_2	24	Sound	11	673975	689	1			260		other	0
10108022_2	25	Sound	14	692974	682	1			260		other	0
10108022_2	26	Sound	15	710973	675	1			260		other	0
10108022_2	27	Sound	18	739471	665	1			260		other	0
10108022_2	27	Response	1	742390	3584	1
10108022_2	28	Sound	15	762970	990	1			260		other	0
10108022_2	28	Response	1	766228	4249	1
10108022_2	29	Sound	13	791468	647	1			260		other	0
10108022_2	30	Sound	16	817466	637	1			260		other	0
10108022_2	31	Sound	20	835465	964	1			260		other	0
10108022_2	31	Response	1	838944	4443	1
10108022_2	32	Sound	16	859464	623	1			260		other	0
10108022_2	32	Response	1	866462	7621	1
10108022_2	33	Sound	18	880462	948	1			260		other	0
10108022_2	33	Response	1	884381	4867	1
10108022_2	34	Sound	14	908961	938	1			260		other	0
10108022_2	35	Sound	19	929959	764	1			260		other	0
10108022_2	35	Response	1	933098	3902	1
10108022_2	36	Sound	13	951458	757	1			260		other	0
10108022_2	36	Response	1	954296	3595	1
10108022_2	37	Sound	20	972957	916	1			260		other	0
10108022_2	37	Response	1	975255	3213	1
10108022_2	38	Sound	17	990956	742	1			260		other	0
10108022_2	38	Response	1	995574	5360	1
10108022_2	39	Sound	19	1007955	736	1			260		other	0
10108022_2	39	Response	1	1011493	4274	1
10108022_2	40	Sound	10	1028454	1062	1			260		other	0
10108022_2	41	Sound	19	1051952	721	1			260		other	0
10108022_2	41	Response	1	1057570	6338	1
10108022_2	42	Sound	14	1068951	715	1			260		other	0
10108022_2	43	Sound	16	1088950	1041	1			260		other	0
10108022_2	43	Response	1	1094768	6859	1
10108022_2	44	Sound	12	1112948	699	1			260		other	0
10108022_2	45	Sound	14	1131447	859	1			260		other	0
10108022_2	46	Sound	12	1152446	1018	1			260		other	0
10108022_2	47	Sound	10	1180444	1008	1			260		other	0
10108022_2	48	Sound	19	1203943	666	1			260		other	0
10108022_2	48	Response	1	1208121	4844	1
10108022_2	49	Sound	17	1220942	660	1			260		other	0
10108022_2	49	Response	1	1225160	4878	1
10108022_2	50	Sound	16	1247440	651	1			260		other	0
10108022_2	50	Response	1	1251798	5008	1
10108022_2	51	Sound	10	1274439	975	1			260		other	0
10108022_2	52	Sound	14	1294938	634	1			260		other	0
10108022_2	52	Response	1	1300035	5731	1
10108022_2	53	Sound	18	1320436	958	1			260		other	0
10108022_2	53	Response	1	1325633	6156	1
10108022_2	54	Sound	11	1344435	950	1			260		other	0
10108022_2	55	Sound	18	1363433	943	1			260		other	0
10108022_2	55	Response	1	1369951	7460	1
10108022_2	56	Sound	10	1391932	766	1			260		other	0
10108022_2	57	Sound	11	1412431	925	1			260		other	0
10108022_2	59	Response	255	3607893	2175468	1
10108022_2	61	Sound	57	3675295	785	1			260		other	0
10108022_2	62	Sound	51	3692294	779	1			260		other	0
10108022_2	63	Sound	52	3718792	603	1			260		other	0
10108022_2	64	Sound	60	3741291	762	1			260		other	0
10108022_2	64	Response	1	3744445	3916	1
10108022_2	65	Sound	60	3764289	920	1			260		other	0
10108022_2	65	Response	1	3766683	3314	1
10108022_2	66	Sound	52	3784788	913	1			260		other	0
10108022_2	67	Sound	52	3814286	902	1			260		other	0
10108022_2	68	Sound	57	3832785	729	1			260		other	0
10108022_2	69	Sound	59	3850284	1057	1			260		other	0
10108022_2	70	Sound	56	3867283	1050	1			260		other	0
10108022_2	71	Sound	51	3894781	1040	1			260		other	0
10108022_2	72	Sound	55	3913280	868	1			260		other	0
10108022_2	72	Response	1	3931873	19461	1
10108022_2	73	Sound	53	3936779	693	1			260		other	0
10108022_2	73	Response	1	3939473	3386	1
10108022_2	74	Sound	59	3957278	1018	1			260		other	0
10108022_2	74	Response	1	3959551	3291	1
10108022_2	75	Sound	50	3980776	1009	1			260		other	0
10108022_2	76	Sound	57	3998775	836	1			260		other	0
10108022_2	76	Response	1	4002589	4650	1
10108022_2	77	Sound	56	4017774	996	1			260		other	0
10108022_2	77	Response	1	4021868	5090	1
10108022_2	78	Sound	55	4040773	655	1			260		other	0
10108022_2	78	Response	1	4043866	3748	1
10108022_2	79	Sound	51	4066771	812	1			260		other	0
10108022_2	80	Sound	53	4087270	639	1			260		other	0
10108022_2	81	Sound	59	4103769	632	1			260		other	0
10108022_2	81	Response	1	4107222	4086	1
10108022_2	82	Sound	50	4120768	793	1			260		other	0
10108022_2	83	Sound	55	4146266	784	1			260		other	0
10108022_2	83	Response	1	4149860	4377	1
10108022_2	84	Sound	54	4163765	944	1			260		other	0
10108022_2	84	Response	1	4168819	5997	1
10108022_2	85	Sound	58	4191264	934	1			260		other	0
10108022_2	85	Response	1	4195057	4728	1
10108022_2	86	Sound	52	4213262	593	1			260		other	0
10108022_2	87	Sound	58	4237761	584	1			260		other	0
10108022_2	87	Response	1	4241774	4597	1
10108022_2	88	Sound	60	4260260	576	1			260		other	0
10108022_2	88	Response	1	4262573	2889	1
10108022_2	89	Sound	56	4287258	733	1			260		other	0
10108022_2	90	Sound	54	4310756	892	1			260		other	0
10108022_2	90	Response	1	4316969	7104	1
10108022_2	91	Sound	54	4332255	1051	1			260		other	0
10108022_2	91	Response	1	4337448	6244	1
10108022_2	92	Sound	50	4352754	1043	1			260		other	0
10108022_2	93	Sound	58	4379252	701	1			260		other	0
10108022_2	93	Response	1	4382725	4173	1
10108022_2	94	Sound	56	4399251	860	1			260		other	0
10108022_2	95	Sound	53	4425750	1018	1			260		other	0
10108022_2	96	Sound	53	4450748	675	1			260		other	0
10108022_2	97	Sound	51	4474247	833	1			260		other	0
10108022_2	98	Sound	58	4494245	826	1			260		other	0
10108022_2	98	Response	1	4499998	6579	1
10108022_2	99	Sound	50	4515744	819	1			260		other	0
10108022_2	100	Sound	60	4539243	810	1			260		other	0
10108022_2	100	Response	1	4542155	3723	1
10108022_2	101	Sound	59	4555742	804	1			260		other	0
10108022_2	101	Response	1	4563754	8816	1
10108022_2	102	Sound	54	4574241	964	1			260		other	0
10108022_2	103	Sound	55	4602739	954	1			260		other	0
10108022_2	103	Response	1	4607911	6127	1
10108022_2	104	Sound	59	4624238	613	1			260		other	0
10108022_2	104	Response	1	4628230	4606	1
10108022_2	105	Sound	50	4644236	606	1			260		other	0
10108022_2	106	Sound	56	4661735	933	1			260		other	0
10108022_2	106	Response	1	4666708	5905	1
10108022_2	107	Sound	60	4688234	590	1			260		other	0
10108022_2	107	Response	1	4691346	3703	1
10108022_2	108	Sound	53	4707733	750	1			260		other	0
10108022_2	109	Sound	51	4730731	909	1			260		other	0
10108022_2	110	Sound	57	4754230	900	1			260		other	0
10108022_2	111	Sound	52	4774229	726	1			260		other	0
10108022_2	112	Sound	58	4797727	718	1			260		other	0
10108022_2	113	Sound	55	4821226	709	1			260		other	0
10108022_2	113	Response	1	4825018	4502	1
10108022_2	114	Sound	54	4841725	1036	1			260		other	0
10108022_2	114	Response	1	4845577	4888	1
10108022_2	115	Sound	57	4870723	859	1			260		other	0
10108022_2	117	Response	255	6462277	1573827	1
10108022_2	119	Sound	52	6537623	931	1			260		other	0
10108022_2	120	Sound	50	6557622	590	1			260		other	0
10108022_2	121	Sound	59	6582620	915	1			260		other	0
10108022_2	122	Sound	50	6600119	908	1			260		other	0
10108022_2	123	Sound	60	6617618	902	1			260		other	0
10108022_2	123	Response	1	6620427	3712	1
10108022_2	124	Sound	58	6642116	727	1			260		other	0
10108022_2	124	Response	1	6650346	8956	1
10108022_2	125	Sound	51	6668615	1051	1			260		other	0
10108022_2	126	Sound	53	6691614	1043	1			260		other	0
10108022_2	127	Sound	57	6720112	699	1			260		other	0
10108022_2	127	Response	1	6726821	7408	1
10108022_2	128	Sound	54	6745610	857	1			260		other	0
10108022_2	129	Sound	51	6769109	681	1			260		other	0
10108022_2	130	Sound	59	6794607	672	1			260		other	0
10108022_2	130	Response	1	6801056	7121	1
10108022_2	131	Sound	56	6822606	996	1			260		other	0
10108022_2	131	Response	1	6825935	4325	1
10108022_2	132	Sound	56	6846104	654	1			260		other	0
10108022_2	132	Response	1	6851533	6083	1
10108022_2	133	Sound	50	6869103	813	1			260		other	0
10108022_2	134	Sound	52	6890102	638	1			260		other	0
10108022_2	135	Sound	51	6912600	797	1			260		other	0
10108022_2	136	Sound	59	6931599	791	1			260		other	0
10108022_2	136	Response	1	6936488	5679	1
10108022_2	137	Sound	51	6961097	946	1			260		other	0
10108022_2	138	Sound	60	6984096	605	1			260		other	0
10108022_2	138	Response	1	6987605	4114	1
10108022_2	139	Sound	54	7003095	598	1			260		other	0
10108022_2	140	Sound	52	7031093	588	1			260		other	0
10108022_2	141	Sound	53	7060091	744	1			260		other	0
10108022_2	142	Sound	55	7084090	902	1			260		other	0
10108022_2	143	Sound	60	7105089	895	1			260		other	0
10108022_2	143	Response	1	7108797	4604	1
10108022_2	144	Sound	55	7133587	1051	1			260		other	0
10108022_2	145	Sound	58	7158086	1043	1			260		other	0
10108022_2	146	Sound	50	7179084	1035	1			260		other	0
10108022_2	147	Sound	52	7206583	859	1			260		other	0
10108022_2	148	Sound	50	7225082	1019	1			260		other	0
10108022_2	149	Sound	55	7245580	845	1			260		other	0
10108022_2	149	Response	1	7250788	6053	1
10108022_2	150	Sound	58	7274078	1001	1			260		other	0
10108022_2	150	Response	1	7277267	4190	1
10108022_2	151	Sound	51	7298577	826	1			260		other	0
10108022_2	152	Sound	53	7315576	653	1			260		other	0
10108022_2	153	Sound	55	7336575	812	1			260		other	0
10108022_2	154	Sound	56	7353574	806	1			260		other	0
10108022_2	154	Response	1	7357822	5054	1
10108022_2	155	Sound	58	7376572	635	1			260		other	0
10108022_2	155	Response	1	7380381	4443	1
10108022_2	156	Sound	53	7395571	791	1			260		other	0
10108022_2	157	Sound	60	7422570	948	1			260		other	0
10108022_2	157	Response	1	7425577	3956	2
10108022_2	158	Sound	55	7447568	606	1			260		other	0
10108022_2	159	Sound	57	7476066	763	1			260		other	0
10108022_2	159	Response	1	7479334	4030	1
10108022_2	160	Sound	54	7501565	920	1			260		other	0
10108022_2	161	Sound	52	7523564	579	1			260		other	0
10108022_2	162	Sound	59	7541562	1073	1			260		other	0
10108022_2	162	Response	1	7546610	6121	1
10108022_2	163	Sound	54	7569561	896	1			260		other	0
10108022_2	163	Response	1	7573489	4824	1
10108022_2	164	Sound	57	7593059	1054	1			260		other	0
10108022_2	165	Sound	54	7621558	877	1			260		other	0
10108022_2	165	Response	1	7626126	5445	1
10108022_2	166	Sound	57	7638557	871	1			260		other	0
10108022_2	167	Sound	53	7665555	695	1			260		other	0
10108022_2	168	Sound	57	7682054	856	1			260		other	0
10108022_2	168	Response	1	7688122	6923	1
10108022_2	169	Sound	58	7709552	846	1			260		other	0
10108022_2	169	Response	1	7716520	7814	1
10108022_2	170	Sound	60	7733551	671	1			260		other	0
10108022_2	170	Response	1	7736199	3319	1
10108022_2	171	Sound	56	7761049	661	1			260		other	0
10108022_2	171	Response	1	7766997	6608	1
10108022_2	172	Sound	59	7783048	820	1			260		other	0
10108022_2	172	Response	1	7786676	4448	1
10108022_2	173	Sound	56	7804047	979	1			260		other	0
10108022_2	173	Response	1	7814194	11126	1
10108022_2	173	Response	1	7818993	15926	1
10108022_2	175	Response	255	7958985	128329	1
10108022_2	177	Sound	36	8024034	901	1			260		other	0
10108022_2	178	Sound	33	8044032	893	1			260		other	0
10108022_2	179	Sound	33	8069531	884	1			260		other	0
10108022_2	180	Sound	40	8086030	1045	1			260		other	0
10108022_2	180	Response	1	8089617	4632	1
10108022_2	181	Sound	39	8112528	1036	1			260		other	0
10108022_2	182	Sound	31	8130527	862	1			260		other	0
10108022_2	183	Sound	37	8151026	1023	1			260		other	0
10108022_2	184	Sound	35	8175024	680	1			260		other	0
10108022_2	185	Sound	30	8202023	1004	1			260		other	0
10108022_2	186	Sound	30	8220522	831	1			260		other	0
10108022_2	187	Sound	32	8237021	658	1			260		other	0
10108022_2	188	Sound	40	8266019	814	1			260		other	0
10108022_2	188	Response	1	8269446	4241	1
10108022_2	189	Sound	36	8286018	807	1			260		other	0
10108022_2	190	Sound	36	8311016	798	1			260		other	0
10108022_2	191	Sound	34	8330015	625	1			260		other	0
10108022_2	192	Sound	32	8359513	947	1			260		other	0
10108022_2	193	Sound	34	8387512	771	1			260		other	0
10108022_2	194	Sound	38	8410510	596	1			260		other	0
10108022_2	195	Sound	31	8438009	919	1			260		other	0
10108022_2	196	Sound	37	8456008	913	1			260		other	0
10108022_2	197	Sound	34	8475506	1073	1			260		other	0
10108022_2	198	Sound	37	8503005	729	1			260		other	0
10108022_2	199	Sound	40	8531503	886	1			260		other	0
10108022_2	199	Response	1	8535669	5052	1
10108022_2	200	Sound	31	8552002	712	1			260		other	0
10108022_2	201	Sound	39	8569501	873	1			260		other	0
10108022_2	202	Sound	35	8592499	864	1			260		other	0
10108022_2	203	Sound	30	8614498	857	1			260		other	0
10108022_2	204	Sound	38	8637997	848	1			260		other	0
10108022_2	205	Sound	39	8655996	1008	1			260		other	0
10108022_2	206	Sound	33	8672495	836	1			260		other	0
10108022_2	207	Sound	30	8698493	826	1			260		other	0
10108022_2	208	Sound	37	8727991	983	1			260		other	0
10108022_2	209	Sound	31	8748990	643	1			260		other	0
10108022_2	210	Sound	40	8770489	634	1			260		other	0
10108022_2	210	Response	1	8773575	3720	1
10108022_2	211	Sound	40	8798487	791	1			260		other	0
10108022_2	211	Response	1	8801973	4277	1
10108022_2	212	Sound	38	8822985	949	1			260		other	0
10108022_2	213	Sound	33	8851984	605	1			260		other	0
10108022_2	214	Sound	32	8872483	598	1			260		other	0
10108022_2	215	Sound	31	8897481	922	1			260		other	0
10108022_2	216	Sound	37	8924479	579	1			260		other	0
10108022_2	217	Sound	38	8940978	740	1			260		other	0
10108022_2	218	Sound	35	8967977	564	1			260		other	0
10108022_2	219	Sound	36	8991975	722	1			260		other	0
10108022_2	220	Sound	32	9020474	878	1			260		other	0
10108022_2	221	Sound	35	9045972	1036	1			260		other	0
10108022_2	222	Sound	39	9068471	694	1			260		other	0
10108022_2	223	Sound	34	9089470	854	1			260		other	0
10108022_2	224	Sound	38	9112968	1012	1			260		other	0
10108022_2	225	Sound	35	9133967	671	1			260		other	0
10108022_2	226	Sound	34	9159465	662	1			260		other	0
10108022_2	227	Sound	32	9182964	989	1			260		other	0
10108022_2	228	Sound	30	9211962	810	1			260		other	0
10108022_2	229	Sound	36	9234461	802	1			260		other	0
10108022_2	230	Sound	39	9262959	625	1			260		other	0
10108022_2	231	Sound	33	9290458	616	1			260		other	0
10108022_2	233	Response	255	9349379	32115	1
10108022_2	235	Sound	55	9427949	733	1			260		other	0
10108022_2	236	Sound	57	9447948	892	1			260		other	0
10108022_2	237	Sound	58	9465947	719	1			260		other	0
10108022_2	237	Response	1	9473052	7824	1
10108022_2	237	Response	1	9477371	12144	1
10108022_2	238	Sound	54	9492445	1043	1			260		other	0
10108022_2	238	Response	1	9497690	6288	1
10108022_2	239	Sound	57	9512444	1036	1			260		other	0
10108022_2	239	Response	1	9516729	5321	1
10108022_2	240	Sound	59	9539943	1026	1			260		other	0
10108022_2	240	Response	1	9548167	9251	1
10108022_2	241	Sound	55	9557441	687	1			260		other	0
10108022_2	242	Sound	58	9583440	844	1			260		other	0
10108022_2	242	Response	1	9586565	3969	1
10108022_2	243	Sound	53	9609438	835	1			260		other	0
10108022_2	243	Response	1	9614963	6359	1
10108022_2	244	Sound	60	9626437	662	1			260		other	0
10108022_2	244	Response	1	9630082	4307	1
10108022_2	245	Sound	56	9647436	655	1			260		other	0
10108022_2	245	Response	1	9655200	8419	1
10108022_2	246	Sound	58	9665935	815	1			260		other	0
10108022_2	246	Response	1	9669599	4479	1
10108022_2	247	Sound	53	9691433	639	1			260		other	0
10108022_2	248	Sound	54	9720932	962	1			260		other	0
10108022_2	249	Sound	50	9742930	620	1			260		other	0
10108022_2	250	Sound	59	9771428	944	1			260		other	0
10108022_2	250	Response	1	9776393	5908	1
10108022_2	251	Sound	58	9795427	602	1			260		other	0
10108022_2	251	Response	1	9798952	4126	1
10108022_2	252	Sound	56	9818926	593	1			260		other	0
10108022_2	252	Response	1	9824950	6617	1
10108022_2	253	Sound	60	9847924	583	1			260		other	0
10108022_2	253	Response	1	9851988	4647	1
10108022_2	254	Sound	50	9875922	740	1			260		other	0
10108022_2	255	Sound	60	9896421	1066	1			260		other	0
10108022_2	255	Response	1	9899186	3830	1
10108022_2	256	Sound	52	9925419	889	1			260		other	0
10108022_2	257	Sound	54	9950418	1047	1			260		other	0
10108022_2	257	Response	1	9956222	6851	1
10108022_2	258	Sound	51	9967917	707	1			260		other	0
10108022_2	259	Sound	59	9987916	1033	1			260		other	0
10108022_2	259	Response	1	9993100	6217	1
10108022_2	260	Sound	52	10008914	692	1			260		other	0
10108022_2	261	Sound	54	10029413	852	1			260		other	0
10108022_2	262	Sound	51	10057411	675	1			260		other	0
10108022_2	263	Sound	50	10078910	1001	1			260		other	0
10108022_2	264	Sound	52	10107908	992	1			260		other	0
10108022_2	265	Sound	53	10132407	815	1			260		other	0
10108022_2	265	Response	1	10136611	5019	1
10108022_2	266	Sound	60	10152906	974	1			260		other	0
10108022_2	266	Response	1	10155890	3958	1
10108022_2	267	Sound	55	10171904	634	1			260		other	0
10108022_2	267	Response	1	10175488	4218	1
10108022_2	268	Sound	59	10191403	627	1			260		other	0
10108022_2	268	Response	1	10194527	3751	1
10108022_2	269	Sound	58	10210902	620	1			260		other	0
10108022_2	269	Response	1	10213726	3444	1
10108022_2	270	Sound	59	10232901	779	1			260		other	0
10108022_2	270	Response	1	10235805	3683	1
10108022_2	271	Sound	56	10252400	772	1			260		other	0
10108022_2	271	Response	1	10258923	7296	1
10108022_2	272	Sound	60	10270399	932	1			260		other	0
10108022_2	272	Response	1	10274042	4576	1
10108022_2	273	Sound	50	10296897	589	1			260		other	0
10108022_2	274	Sound	53	10316396	916	1			260		other	0
10108022_2	274	Response	1	10323399	7919	1
10108022_2	275	Sound	51	10335395	909	1			260		other	0
10108022_2	276	Sound	53	10357393	901	1			260		other	0
10108022_2	277	Sound	50	10385892	724	1			260		other	0
10108022_2	278	Sound	55	10407390	717	1			260		other	0
10108022_2	278	Response	1	10412994	6321	1
10108022_2	279	Sound	57	10424889	1045	1			260		other	0
10108022_2	279	Response	1	10430913	7068	1
10108022_2	279	Response	1	10450111	26267	1
10108022_2	280	Sound	57	10452888	700	1			260		other	0
10108022_2	281	Sound	52	10475886	692	1			260		other	0
10108022_2	282	Sound	56	10498885	1018	1			260		other	0
10108022_2	282	Response	1	10504908	7041	1
10108022_2	283	Sound	56	10523884	675	1			260		other	0
10108022_2	283	Response	1	10527387	4179	1
10108022_2	284	Sound	57	10540882	1003	1			260		other	0
10108022_2	284	Response	1	10544026	4146	1
10108022_2	285	Sound	51	10557381	830	1			260		other	0
10108022_2	286	Sound	55	10577380	656	1			260		other	0
10108022_2	286	Response	1	10588823	12099	1
10108022_2	287	Sound	54	10598379	982	1			260		other	0
10108022_2	287	Response	1	10604502	7105	1
10108022_2	288	Sound	51	10620878	974	1			260		other	0
10108022_2	289	Sound	52	10637377	635	1			260		other	0
10108022_2	291	Response	255	12165926	1501429	1
10108022_2	293	Sound	11	12250780	726	1			260		other	0
10108022_2	294	Sound	17	12269279	719	1			260		other	0
10108022_2	294	Response	1	12273839	5280	1
10108022_2	295	Sound	18	12297777	1043	1			260		other	0
10108022_2	295	Response	1	12300717	3983	1
10108022_2	296	Sound	18	12324775	1033	1			260		other	0
10108022_2	296	Response	1	12327596	3854	1
10108022_2	297	Sound	18	12350274	690	1			260		other	0
10108022_2	297	Response	1	12352234	2651	1
10108022_2	298	Sound	19	12372272	683	1			260		other	0
10108022_2	298	Response	1	12374953	3363	1
10108022_2	299	Sound	13	12391271	1009	1			260		other	0
10108022_2	299	Response	1	12394632	4369	1
10108022_2	300	Sound	15	12410270	1002	1			260		other	0
10108022_2	300	Response	1	12413911	4643	1
10108022_2	301	Sound	18	12436269	660	1			260		other	0
10108022_2	301	Response	1	12439429	3820	1
10108022_2	302	Sound	14	12465767	982	1			260		other	0
10108022_2	302	Response	1	12469987	5203	1
10108022_2	303	Sound	11	12484766	642	1			260		other	0
10108022_2	304	Sound	12	12512764	632	1			260		other	0
10108022_2	305	Sound	12	12528263	627	1			260		other	0
10108022_2	306	Sound	17	12550762	785	1			260		other	0
10108022_2	306	Response	1	12555422	5446	1
10108022_2	307	Sound	19	12575260	777	1			260		other	0
10108022_2	307	Response	1	12578540	4057	1
10108022_2	308	Sound	18	12594259	603	1			260		other	0
10108022_2	308	Response	1	12598459	4803	1
10108022_2	309	Sound	12	12612258	764	1			260		other	0
10108022_2	310	Sound	17	12632257	923	1			260		other	0
10108022_2	310	Response	1	12637097	5763	1
10108022_2	311	Sound	15	12655255	748	1			260		other	0
10108022_2	311	Response	1	12660295	5788	1
10108022_2	311	Response	1	12678854	24347	1
10108022_2	312	Sound	12	12681254	739	1			260		other	0
10108022_2	313	Sound	14	12707252	1063	1			260		other	0
10108022_2	313	Response	1	12711172	4983	1
10108022_2	314	Sound	10	12727751	722	1			260		other	0
10108022_2	315	Sound	20	12755749	1046	1			260		other	0
10108022_2	315	Response	1	12758369	3666	1
10108022_2	316	Sound	20	12782748	703	1			260		other	0
10108022_2	316	Response	1	12785408	3363	1
10108022_2	317	Sound	11	12803746	862	1			260		other	0
10108022_2	318	Sound	12	12824745	854	1			260		other	0
10108022_2	319	Sound	19	12843244	681	1			260		other	0
10108022_2	319	Response	1	12848604	6041	1
10108022_2	320	Sound	14	12865743	840	1			260		other	0
10108022_2	321	Sound	10	12885741	833	1			260		other	0
10108022_2	322	Sound	17	12913240	990	1			260		other	0
10108022_2	322	Response	1	12917400	5149	1
10108022_2	323	Sound	17	12935238	815	1			260		other	0
10108022_2	323	Response	1	12943398	8974	1
10108022_2	324	Sound	16	12958237	640	1			260		other	0
10108022_2	324	Response	1	12963236	5639	1
10108022_2	325	Sound	19	12983236	631	1			260		other	0
10108022_2	325	Response	1	12986435	3831	1
10108022_2	326	Sound	13	13010734	788	1			260		other	0
10108022_2	327	Sound	14	13037732	779	1			260		other	0
10108022_2	328	Sound	15	13065731	769	1			260		other	0
10108022_2	328	Response	1	13071630	6668	1
10108022_2	329	Sound	11	13088229	760	1			260		other	0
10108022_2	330	Sound	10	13113728	751	1			260		other	0
10108022_2	330	Response	1	13124027	11050	1
10108022_2	331	Sound	13	13135727	910	1			260		other	0
10108022_2	332	Sound	19	13158725	902	1			260		other	0
10108022_2	332	Response	1	13164904	7081	1
10108022_2	333	Sound	20	13175224	563	1			260		other	0
10108022_2	334	Sound	11	13194723	889	1			260		other	0
10108022_2	335	Sound	15	13219722	880	1			260		other	0
10108022_2	336	Sound	16	13244220	871	1			260		other	0
10108022_2	336	Response	1	13251139	7790	1
10108022_2	337	Sound	10	13264219	864	1			260		other	0
10108022_2	338	Sound	10	13290217	688	1			260		other	0
10108022_2	339	Sound	20	13316216	679	1			260		other	0
10108022_2	339	Response	1	13322334	6798	1
10108022_2	340	Sound	15	13333715	840	1			260		other	0
10108022_2	341	Sound	13	13358213	664	1			260		other	0
10108022_2	342	Sound	16	13377712	990	1			260		other	0
10108022_2	342	Response	1	13383291	6569	1
10108022_2	343	Sound	14	13403210	648	1			260		other	0
10108022_2	344	Sound	16	13421709	641	1			260		other	0
10108022_2	345	Sound	13	13439208	802	1			260		other	0
10108022_2	346	Sound	20	13461707	961	1			260		other	0
10108022_2	346	Response	1	13465846	5099	1
10108022_2	347	Sound	16	13478206	788	1			260		other	0
10108022_2	349	Response	255	13517843	22839	1
10108022_2	351	Sound	55	13587199	749	1			260		other	0
10108022_2	352	Sound	56	13604198	910	1			260		other	0
10108022_2	352	Response	1	13613757	10468	1
10108022_2	353	Sound	51	13624697	902	1			260		other	0
10108022_2	354	Sound	51	13651695	893	1			260		other	0
10108022_2	355	Sound	50	13668695	887	1			260		other	0
10108022_2	356	Sound	60	13685194	1048	1			260		other	0
10108022_2	356	Response	1	13688232	4086	1
10108022_2	357	Sound	53	13702692	1042	1			260		other	0
10108022_2	358	Sound	55	13723191	1034	1			260		other	0
10108022_2	358	Response	1	13728230	6073	1
10108022_2	359	Sound	59	13747690	1025	1			260		other	0
10108022_2	359	Response	1	13750548	3883	1
10108022_2	360	Sound	59	13777188	1015	1			260		other	0
10108022_2	360	Response	1	13780226	4053	1
10108022_2	361	Sound	60	13794187	1009	1			260		other	0
10108022_2	361	Response	1	13798145	4967	1
10108022_2	362	Sound	52	13820685	833	1			260		other	0
10108022_2	363	Sound	54	13840184	826	1			260		other	0
10108022_2	364	Sound	57	13868183	649	1			260		other	0
10108022_2	364	Response	1	13873021	5487	1
10108022_2	365	Sound	59	13890181	808	1			260		other	0
10108022_2	365	Response	1	13894059	4686	1
10108022_2	366	Sound	53	13917180	631	1			260		other	0
10108022_2	367	Sound	58	13937678	791	1			260		other	0
10108022_2	367	Response	1	13941017	4129	1
10108022_2	368	Sound	60	13960177	616	1			260		other	0
10108022_2	368	Response	1	13962375	2814	1
10108022_2	369	Sound	52	13977676	610	1			260		other	0
10108022_2	370	Sound	57	13999175	602	1			260		other	0
10108022_2	370	Response	1	14003253	4680	1
10108022_2	371	Sound	50	14017174	762	1			260		other	0
10108022_2	372	Sound	50	14045672	586	1			260		other	0
10108022_2	373	Sound	56	14074170	742	1			260		other	0
10108022_2	373	Response	1	14077488	4060	1
10108022_2	374	Sound	57	14095669	1068	1			260		other	0
10108022_2	375	Sound	54	14113668	895	1			260		other	0
10108022_2	376	Sound	55	14130167	1056	1			260		other	0
10108022_2	377	Sound	54	14149166	1049	1			260		other	0
10108022_2	378	Sound	54	14175664	1039	1			260		other	0
10108022_2	379	Sound	60	14204162	862	1			260		other	0
10108022_2	379	Response	1	14207480	4180	1
10108022_2	380	Sound	58	14233161	685	1			260		other	0
10108022_2	380	Response	1	14237398	4923	2
10108022_2	381	Sound	52	14254659	678	1			260		other	0
10108022_2	382	Sound	57	14284158	1001	1			260		other	0
10108022_2	382	Response	1	14287875	4718	1
10108022_2	383	Sound	55	14309156	658	1			260		other	0
10108022_2	384	Sound	53	14332655	817	1			260		other	0
10108022_2	385	Sound	53	14361653	806	1			260		other	0
10108022_2	386	Sound	58	14382152	966	1			260		other	0
10108022_2	386	Response	1	14387069	5883	1
10108022_2	387	Sound	50	14408150	623	1			260		other	0
10108022_2	388	Sound	56	14427149	616	1			260		other	0
10108022_2	389	Sound	51	14446148	943	1			260		other	0
10108022_2	390	Sound	54	14473146	933	1			260		other	0
10108022_2	390	Response	1	14479703	7490	1
10108022_2	391	Sound	51	14489645	594	1			260		other	0
10108022_2	392	Sound	59	14508144	921	1			260		other	0
10108022_2	392	Response	1	14513061	5838	1
10108022_2	393	Sound	56	14528143	913	1			260		other	0
10108022_2	393	Response	1	14532980	5750	1
10108022_2	394	Sound	60	14549142	573	1			260		other	0
10108022_2	394	Response	1	14551779	3210	1
10108022_2	395	Sound	52	14571140	731	1			260		other	0
10108022_2	396	Sound	59	14598639	1055	1			260		other	0
10108022_2	396	Response	1	14604415	6832	1
10108022_2	397	Sound	56	14615638	1049	1			260		other	0
10108022_2	398	Sound	51	14632637	709	1			260		other	0
10108022_2	399	Sound	52	14661635	699	1			260		other	0
10108022_2	399	Response	1	14667292	6356	1
10108022_2	400	Sound	58	14683134	1025	1			260		other	0
10108022_2	400	Response	1	14687370	5262	1
10108022_2	401	Sound	50	14700133	685	1			260		other	0
10108022_2	402	Sound	57	14722631	677	1			260		other	0
10108022_2	403	Sound	53	14746130	836	1			260		other	0
10108022_2	404	Sound	55	14763129	663	1			260		other	0
10108022_2	404	Response	1	14773285	10819	1
10108022_2	405	Sound	58	14793627	986	1			260		other	0
10108022_2	407	Response	255	14852720	39326	1
10108022_2	409	Sound	14	14923619	939	1			260		other	0
10108022_2	410	Sound	15	14947618	931	1			260		other	0
10108022_2	410	Response	1	14952554	5867	1
10108022_2	411	Sound	11	14974616	921	1			260		other	0
10108022_2	412	Sound	13	14999615	745	1			260		other	0
10108022_2	413	Sound	17	15024613	903	1			260		other	0
10108022_2	413	Response	1	15028789	5079	1
10108022_2	414	Sound	15	15044612	1063	1			260		other	0
10108022_2	415	Sound	18	15067111	721	1			260		other	0
10108022_2	415	Response	1	15070147	3758	1
10108022_2	416	Sound	11	15093609	1045	1			260		other	0
10108022_2	417	Sound	13	15119107	869	1			260		other	0
10108022_2	418	Sound	10	15146606	859	1			260		other	0
10108022_2	419	Sound	18	15167605	685	1			260		other	0
10108022_2	419	Response	1	15172781	5861	1
10108022_2	420	Sound	17	15190103	1011	1			260		other	0
10108022_2	421	Sound	16	15206102	671	1			260		other	0
10108022_2	421	Response	1	15211898	6467	1
10108022_2	422	Sound	16	15229601	663	1			260		other	0
10108022_2	422	Response	1	15233097	4159	1
10108022_2	423	Sound	16	15246600	991	1			260		other	0
10108022_2	424	Sound	10	15266099	817	1			260		other	0
10108022_2	425	Sound	14	15282598	811	1			260		other	0
10108022_2	426	Sound	18	15303096	637	1			260		other	0
10108022_2	426	Response	1	15307972	5513	1
10108022_2	427	Sound	14	15327095	795	1			260		other	0
10108022_2	428	Sound	13	15354093	785	1			260		other	0
10108022_2	429	Sound	12	15371092	946	1			260		other	0
10108022_2	430	Sound	15	15394591	938	1			260		other	0
10108022_2	430	Response	1	15399967	6314	1
10108022_2	431	Sound	20	15411090	932	1			260		other	0
10108022_2	431	Response	1	15415885	5727	1
10108022_2	432	Sound	20	15431589	591	1			260		other	0
10108022_2	432	Response	1	15434925	3927	1
10108022_2	433	Sound	12	15452088	917	1			260		other	0
10108022_2	434	Sound	13	15476086	742	1			260		other	0
10108022_2	434	Response	1	15483801	8457	1
10108022_2	435	Sound	17	15495585	735	1			260		other	0
10108022_2	435	Response	1	15501720	6870	1
10108022_2	436	Sound	12	15517584	1061	1			260		other	0
10108022_2	437	Sound	18	15542582	718	1			260		other	0
10108022_2	437	Response	1	15550277	8414	1
10108022_2	438	Sound	16	15563581	877	1			260		other	0
10108022_2	439	Sound	14	15590579	701	1			260		other	0
10108022_2	440	Sound	16	15610078	861	1			260		other	0
10108022_2	441	Sound	13	15626077	855	1			260		other	0
10108022_2	442	Sound	12	15651575	846	1			260		other	0
10108022_2	443	Sound	15	15676574	838	1			260		other	0
10108022_2	444	Sound	17	15698573	996	1			260		other	0
10108022_2	444	Response	1	15706828	9251	1
10108022_2	445	Sound	18	15719571	822	1			260		other	0
10108022_2	445	Response	1	15726746	7997	1
10108022_2	446	Sound	20	15744070	813	1			260		other	0
10108022_2	446	Response	1	15747945	4688	1
10108022_2	447	Sound	10	15772568	970	1			260		other	0
10108022_2	448	Sound	19	15794567	962	1			260		other	0
10108022_2	448	Response	1	15803862	10257	1
10108022_2	449	Sound	19	15810566	956	1			260		other	0
10108022_2	449	Response	1	15814741	5131	1
10108022_2	450	Sound	11	15830565	949	1			260		other	0
10108022_2	451	Sound	20	15847564	776	1			260		other	0
10108022_2	451	Response	1	15850819	4031	1
10108022_2	452	Sound	14	15865563	770	1			260		other	0
10108022_2	453	Sound	17	15889061	761	1			260		other	0
10108022_2	454	Sound	12	15913560	586	1			260		other	0
10108022_2	455	Sound	15	15934058	912	1			260		other	0
10108022_2	456	Sound	20	15958057	737	1			260		other	0
10108022_2	456	Response	1	15961132	3812	1
10108022_2	457	Sound	10	15982056	895	1			260		other	0
10108022_2	458	Sound	19	16005054	1053	1			260		other	0
10108022_2	458	Response	1	16008489	4488	1
10108022_2	459	Sound	11	16029553	711	1			260		other	0
10108022_2	460	Sound	11	16053551	702	1			260		other	0
10108022_2	461	Sound	19	16079050	694	1			260		other	0
10108022_2	461	Response	1	16086484	8128	1
10108022_2	462	Sound	19	16096049	854	1			260		other	0
10108022_2	462	Response	1	16108323	13128	1
10108022_2	463	Sound	10	16124547	677	1			260		other	0
10108022_2	465	Response	255	18580251	2427959	1
10108022_2	467	Sound	36	18653895	775	1			260		other	0
10108022_2	468	Sound	39	18672894	602	1			260		other	0
10108022_2	469	Sound	31	18698392	592	1			260		other	0
10108022_2	470	Sound	38	18715891	920	1			260		other	0
10108022_2	471	Sound	34	18742890	910	1			260		other	0
10108022_2	472	Sound	39	18765888	902	1			260		other	0
10108022_2	472	Response	1	18770479	5493	1
10108022_2	473	Sound	35	18794387	1058	1			260		other	0
10108022_2	474	Sound	30	18813385	885	1			260		other	0
10108022_2	475	Sound	31	18839884	875	1			260		other	0
10108022_2	476	Sound	30	18860883	868	1			260		other	0
10108022_2	477	Sound	32	18881881	694	1			260		other	0
10108022_2	478	Sound	38	18905880	685	1			260		other	0
10108022_2	479	Sound	33	18925379	678	1			260		other	0
10108022_2	480	Sound	37	18948877	670	1			260		other	0
10108022_2	481	Sound	38	18970876	829	1			260		other	0
10108022_2	482	Sound	36	18991375	822	1			260		other	0
10108022_2	483	Sound	40	19016373	646	1			260		other	0
10108022_2	483	Response	1	19020384	4656	1
10108022_2	484	Sound	32	19043872	636	1			260		other	0
10108022_2	485	Sound	37	19071870	626	1			260		other	0
10108022_2	486	Sound	33	19088369	620	1			260		other	0
10108022_2	487	Sound	32	19112868	611	1			260		other	0
10108022_2	488	Sound	40	19138366	936	1			260		other	0
10108022_2	488	Response	1	19141816	4386	1
10108022_2	489	Sound	40	19155365	596	1			260		other	0
10108022_2	489	Response	1	19168934	14166	1
10108022_2	490	Sound	34	19177864	588	1			260		other	0
10108022_2	491	Sound	32	19194363	749	1			260		other	0
10108022_2	492	Sound	38	19213861	742	1			260		other	0
10108022_2	493	Sound	35	19242360	1065	1			260		other	0
10108022_2	494	Sound	37	19259859	726	1			260		other	0
10108022_2	495	Sound	31	19281858	885	1			260		other	0
10108022_2	496	Sound	37	19308356	1042	1			260		other	0
10108022_2	497	Sound	40	19334354	1032	1			260		other	0
10108022_2	497	Response	1	19338204	4882	1
10108022_2	498	Sound	34	19358353	1024	1			260		other	0
10108022_2	499	Sound	39	19376852	851	1			260		other	0
10108022_2	500	Sound	32	19406350	1007	1			260		other	0
10108022_2	501	Sound	31	19431849	831	1			260		other	0
10108022_2	502	Sound	31	19453347	824	1			260		other	0
10108022_2	503	Sound	35	19473346	649	1			260		other	0
10108022_2	504	Sound	39	19498844	807	1			260		other	0
10108022_2	505	Sound	37	19526843	964	1			260		other	0
10108022_2	506	Sound	38	19551841	788	1			260		other	0
10108022_2	507	Sound	33	19580339	945	1			260		other	0
10108022_2	508	Sound	30	19609338	934	1			260		other	0
10108022_2	509	Sound	35	19626337	928	1			260		other	0
10108022_2	510	Sound	30	19643336	922	1			260		other	0
10108022_2	511	Sound	39	19667334	914	1			260		other	0
10108022_2	512	Sound	40	19685833	740	1			260		other	0
10108022_2	512	Response	1	19689222	4130	2
10108022_2	513	Sound	36	19711332	1065	1			260		other	0
10108022_2	514	Sound	33	19731331	891	1			260		other	0
10108022_2	515	Sound	30	19753829	883	1			260		other	0
10108022_2	516	Sound	35	19782327	706	1			260		other	0
10108022_2	517	Sound	34	19802326	866	1			260		other	0
10108022_2	518	Sound	36	19822325	1025	1			260		other	0
10108022_2	519	Sound	33	19838824	1019	1			260		other	0
10108022_2	520	Sound	36	19862323	844	1			260		other	0
10108022_2	521	Sound	34	19886821	668	1			260		other	0
10108022_2	523	Response	255	19942007	32934	1
10108022_2	525	Sound	11	20027813	952	1			260		other	0
10108022_2	526	Sound	15	20055811	775	1			260		other	0
10108022_2	527	Sound	16	20079810	766	1			260		other	0
10108022_2	528	Sound	15	20106808	757	1			260		other	0
10108022_2	529	Sound	14	20123307	918	1			260		other	0
10108022_2	530	Sound	10	20142306	911	1			260		other	0
10108022_2	531	Sound	20	20161805	737	1			260		other	0
10108022_2	531	Response	1	20166073	5006	1
10108022_2	532	Sound	15	20179303	731	1			260		other	0
10108022_2	532	Response	1	20184872	6299	1
10108022_2	533	Sound	14	20204802	888	1			260		other	0
10108022_2	533	Response	1	20209110	5197	1
10108022_2	534	Sound	12	20223301	715	1			260		other	0
10108022_2	535	Sound	20	20247299	1040	1			260		other	0
10108022_2	535	Response	1	20251268	5009	1
10108022_2	536	Sound	16	20263298	868	1			260		other	0
10108022_2	537	Sound	18	20283797	694	1			260		other	0
10108022_2	537	Response	1	20288466	5362	1
10108022_2	538	Sound	14	20312295	1017	1			260		other	0
10108022_2	538	Response	1	20316144	4865	1
10108022_2	539	Sound	15	20333294	1009	1			260		other	0
10108022_2	540	Sound	13	20356793	834	1			260		other	0
10108022_2	541	Sound	18	20380291	993	1			260		other	0
10108022_2	541	Response	1	20387579	8280	1
10108022_2	542	Sound	17	20404790	817	1			260		other	0
10108022_2	542	Response	1	20408778	4805	1
10108022_2	543	Sound	20	20433288	974	1			260		other	0
10108022_2	543	Response	1	20436057	3742	1
10108022_2	544	Sound	11	20454787	966	1			260		other	0
10108022_2	545	Sound	17	20480285	623	1			260		other	0
10108022_2	545	Response	1	20484773	5111	1
10108022_2	546	Sound	11	20497284	951	1			260		other	0
10108022_2	547	Sound	18	20520283	943	1			260		other	0
10108022_2	547	Response	1	20525891	6551	1
10108022_2	548	Sound	12	20541282	768	1			260		other	0
10108022_2	549	Sound	15	20567280	593	1			260		other	0
10108022_2	549	Response	1	20580447	13760	1
10108022_2	550	Sound	19	20594279	916	1			260		other	0
10108022_2	550	Response	1	20597727	4364	1
10108022_2	551	Sound	13	20613277	743	1			260		other	0
10108022_2	552	Sound	16	20634776	735	1			260		other	0
10108022_2	553	Sound	10	20662775	1059	1			260		other	0
10108022_2	554	Sound	11	20684273	717	1			260		other	0
10108022_2	555	Sound	12	20705772	1043	1			260		other	0
10108022_2	556	Sound	10	20733770	867	1			260		other	0
10108022_2	557	Sound	13	20752769	860	1			260		other	0
10108022_2	558	Sound	19	20771268	853	1			260		other	0
10108022_2	558	Response	1	20775956	5541	1
10108022_2	559	Sound	16	20793267	679	1			260		other	0
10108022_2	560	Sound	14	20815265	837	1			260		other	0
10108022_2	561	Sound	19	20835264	997	1			260		other	0
10108022_2	561	Response	1	20839312	5045	1
10108022_2	562	Sound	18	20862262	654	1			260		other	0
10108022_2	562	Response	1	20868190	6581	1
10108022_2	563	Sound	11	20877762	648	1			260		other	0
10108022_2	564	Sound	17	20904760	806	1			260		other	0
10108022_2	564	Response	1	20909227	5273	1
10108022_2	565	Sound	16	20921759	799	1			260		other	0
10108022_2	565	Response	1	20927786	6827	1
10108022_2	566	Sound	20	20944758	625	1			260		other	0
10108022_2	566	Response	1	20951864	7731	1
10108022_2	567	Sound	10	20969256	782	1			260		other	0
10108022_2	568	Sound	14	20985755	610	1			260		other	0
10108022_2	569	Sound	19	21010254	935	1			260		other	0
10108022_2	569	Response	1	21015381	6062	1
10108022_2	570	Sound	13	21028752	594	1			260		other	0
10108022_2	571	Sound	19	21049751	921	1			260		other	0
10108022_2	571	Response	1	21054898	6067	1
10108022_2	572	Sound	18	21074250	578	1			260		other	0
10108022_2	572	Response	1	21078737	5065	1
10108022_2	573	Sound	10	21094249	905	1			260		other	0
10108022_2	574	Sound	20	21119747	895	1			260		other	0
10108022_2	574	Response	1	21123294	4443	1
10108022_2	575	Sound	12	21141746	721	1			260		other	0
10108022_2	576	Sound	13	21169244	878	1			260		other	0
10108022_2	577	Sound	17	21196742	1035	1			260		other	0
10108022_2	577	Response	1	21200649	4942	1
10108022_2	578	Sound	17	21217241	861	1			260		other	0
10108022_2	578	Response	1	21220728	4348	1
10108022_2	579	Sound	12	21234740	688	1			260		other	0
10108022_2	581	Response	255	23217725	1965420	1
10108022_2	583	Sound	33	23292117	621	1			260		other	0
10108022_2	584	Sound	34	23321115	777	1			260		other	0
10108022_2	585	Sound	34	23337614	771	1			260		other	0
10108022_2	586	Sound	39	23365612	928	1			260		other	0
10108022_2	587	Sound	39	23390611	919	1			260		other	0
10108022_2	588	Sound	38	23411109	745	1			260		other	0
10108022_2	589	Sound	30	23436608	569	1			260		other	0
10108022_2	590	Sound	35	23455107	729	1			260		other	0
10108022_2	591	Sound	32	23483105	719	1			260		other	0
10108022_2	592	Sound	33	23508104	877	1			260		other	0
10108022_2	593	Sound	34	23526602	870	1			260		other	0
10108022_2	594	Sound	37	23547601	1029	1			260		other	0
10108022_2	595	Sound	37	23572600	854	1			260		other	0
10108022_2	596	Sound	32	23590599	1014	1			260		other	0
10108022_2	597	Sound	32	23614097	839	1			260		other	0
10108022_2	598	Sound	38	23640596	830	1			260		other	0
10108022_2	599	Sound	36	23669594	653	1			260		other	0
10108022_2	600	Sound	31	23693092	978	1			260		other	0
10108022_2	601	Sound	36	23711091	971	1			260		other	0
10108022_2	602	Sound	30	23730590	798	1			260		other	0
10108022_2	603	Sound	37	23748589	958	1			260		other	0
10108022_2	604	Sound	32	23774088	782	1			260		other	0
10108022_2	605	Sound	33	23801586	772	1			260		other	0
10108022_2	606	Sound	36	23827584	763	1			260		other	0
10108022_2	607	Sound	31	23855583	586	1			260		other	0
10108022_2	608	Sound	38	23882581	910	1			260		other	0
10108022_2	609	Sound	39	23904080	902	1			260		other	0
10108022_2	610	Sound	33	23931078	1060	1			260		other	0
10108022_2	611	Sound	30	23955077	717	1			260		other	0
10108022_2	612	Sound	36	23981075	1042	1			260		other	0
10108022_2	613	Sound	32	24007574	865	1			260		other	0
10108022_2	614	Sound	35	24029072	691	1			260		other	0
10108022_2	615	Sound	37	24046071	852	1			260		other	0
10108022_2	616	Sound	37	24063570	679	1			260		other	0
10108022_2	617	Sound	35	24086069	837	1			260		other	0
10108022_2	618	Sound	31	24107568	997	1			260		other	0
10108022_2	619	Sound	35	24128566	989	1			260		other	0
10108022_2	620	Sound	30	24150065	648	1			260		other	0
10108022_2	621	Sound	33	24174564	639	1			260		other	0
10108022_2	622	Sound	36	24200562	963	1			260		other	0
10108022_2	623	Sound	40	24227060	954	1			260		other	0
10108022_2	623	Response	1	24231503	5396	1
10108022_2	624	Sound	38	24249559	612	1			260		other	0
10108022_2	625	Sound	35	24278057	769	1			260		other	0
10108022_2	626	Sound	31	24303056	927	1			260		other	0
10108022_2	627	Sound	40	24326555	918	1			260		other	0
10108022_2	627	Response	1	24329336	3700	1
10108022_2	628	Sound	30	24349553	1077	1			260		other	0
10108022_2	629	Sound	38	24368552	903	1			260		other	0
10108022_2	630	Sound	40	24393550	561	1			260		other	0
10108022_2	630	Response	1	24396852	3863	1
10108022_2	631	Sound	39	24418049	886	1			260		other	0
10108022_2	632	Sound	39	24443047	1043	1			260		other	0
10108022_2	632	Response	1	24447569	5565	1
10108022_2	633	Sound	34	24466546	702	1			260		other	0
10108022_2	634	Sound	40	24489045	1027	1			260		other	0
10108022_2	634	Response	1	24492127	4109	1
10108022_2	635	Sound	34	24514043	685	1			260		other	0
10108022_2	636	Sound	31	24538042	1010	1			260		other	0
10108022_2	637	Sound	40	24555041	1003	1			260		other	0
10108022_2	637	Response	1	24557883	3845	1
10108022_2	639	Response	255	24625158	44533	1
10108022_2	641	Sound	37	24700032	618	1			260		other	0
10108022_2	642	Sound	40	24716531	779	1			260		other	0
10108022_2	642	Response	1	24720832	5080	1
10108022_2	643	Sound	36	24733530	773	1			260		other	0
10108022_2	644	Sound	36	24751529	600	1			260		other	0
10108022_2	645	Sound	39	24781027	923	1			260		other	0
10108022_2	646	Sound	30	24802026	582	1			260		other	0
10108022_2	647	Sound	30	24826524	907	1			260		other	0
10108022_2	648	Sound	37	24849523	1065	1			260		other	0
10108022_2	649	Sound	34	24869022	725	1			260		other	0
10108022_2	650	Sound	31	24886021	719	1			260		other	0
10108022_2	651	Sound	36	24911519	876	1			260		other	0
10108022_2	652	Sound	40	24936018	1034	1			260		other	0
10108022_2	652	Response	1	24939459	4475	1
10108022_2	653	Sound	34	24963016	691	1			260		other	0
10108022_2	654	Sound	38	24991514	681	1			260		other	0
10108022_2	655	Sound	35	25016513	672	1			260		other	0
10108022_2	656	Sound	39	25034012	666	1			260		other	0
10108022_2	657	Sound	39	25059510	657	1			260		other	0
10108022_2	658	Sound	38	25081509	649	1			260		other	0
10108022_2	659	Sound	40	25110507	805	1			260		other	0
10108022_2	659	Response	1	25114008	4306	1
10108022_2	660	Sound	33	25127506	799	1			260		other	0
10108022_2	661	Sound	35	25154505	790	1			260		other	0
10108022_2	662	Sound	34	25182003	613	1			260		other	0
10108022_2	663	Sound	33	25204002	939	1			260		other	0
10108022_2	664	Sound	31	25231000	929	1			260		other	0
10108022_2	665	Sound	36	25253999	921	1			260		other	0
10108022_2	666	Sound	33	25281997	1077	1			260		other	0
10108022_2	667	Sound	36	25302996	903	1			260		other	0
10108022_2	668	Sound	32	25323995	896	1			260		other	0
10108022_2	669	Sound	31	25346993	721	1			260		other	0
10108022_2	670	Sound	38	25364492	881	1			260		other	0
10108022_2	671	Sound	37	25383491	1041	1			260		other	0
10108022_2	672	Sound	38	25410489	1032	1			260		other	0
10108022_2	673	Sound	31	25436988	856	1			260		other	0
10108022_2	674	Sound	39	25462986	680	1			260		other	0
10108022_2	675	Sound	32	25485985	1005	1			260		other	0
10108022_2	676	Sound	30	25503984	998	1			260		other	0
10108022_2	677	Sound	37	25520983	992	1			260		other	0
10108022_2	678	Sound	30	25542481	818	1			260		other	0
10108022_2	679	Sound	30	25566980	642	1			260		other	0
10108022_2	680	Sound	38	25584979	636	1			260		other	0
10108022_2	681	Sound	33	25601478	963	1			260		other	0
10108022_2	682	Sound	40	25628976	620	1			260		other	0
10108022_2	682	Response	1	25633016	4660	2
10108022_2	683	Sound	31	25653975	611	1			260		other	0
10108022_2	684	Sound	32	25677973	603	1			260		other	0
10108022_2	685	Sound	34	25700472	595	1			260		other	0
10108022_2	686	Sound	37	25718471	755	1			260		other	0
10108022_2	687	Sound	35	25745469	912	1			260		other	0
10108022_2	688	Sound	39	25773467	735	1			260		other	0
10108022_2	689	Sound	40	25792966	562	1			260		other	0
10108022_2	689	Response	1	25796606	4202	1
10108022_2	690	Sound	35	25814965	1054	1			260		other	0
10108022_2	691	Sound	32	25834964	713	1			260		other	0
10108022_2	692	Sound	33	25858962	1038	1			260		other	0
10108022_2	693	Sound	35	25884961	696	1			260		other	0
10108022_2	694	Sound	34	25904460	1022	1			260		other	0
10108022_2	695	Sound	32	25921959	1017	1			260		other	0
10108022_2	697	Response	255	27559457	1616928	1
10108022_2	699	Sound	59	27639855	903	1			260		other	0
10108022_2	700	Sound	57	27659354	729	1			260		other	0
10108022_2	700	Response	1	27668651	10026	1
10108022_2	701	Sound	50	27676353	1056	1			260		other	0
10108022_2	702	Sound	57	27702352	881	1			260		other	0
10108022_2	702	Response	1	27706009	4538	1
10108022_2	703	Sound	51	27723350	706	1			260		other	0
10108022_2	704	Sound	53	27744849	1032	1			260		other	0
10108022_2	704	Response	1	27749286	5469	1
10108022_2	705	Sound	56	27770348	856	1			260		other	0
10108022_2	705	Response	1	27776083	6592	2
10108022_2	706	Sound	57	27800846	846	1			260		other	0
10108022_2	706	Response	1	27804483	4483	1
10108022_2	707	Sound	54	27823344	1004	1			260		other	0
10108022_2	707	Response	1	27827201	4861	1
10108022_2	708	Sound	55	27849343	828	1			260		other	0
10108022_2	709	Sound	53	27878341	985	1			260		other	0
10108022_2	710	Sound	52	27900840	643	1			260		other	0
10108022_2	711	Sound	59	27923338	802	1			260		other	0
10108022_2	711	Response	1	27927755	5218	1
10108022_2	712	Sound	57	27947837	626	1			260		other	0
10108022_2	712	Response	1	27952873	5663	1
10108022_2	713	Sound	53	27973835	617	1			260		other	0
10108022_2	714	Sound	50	27996334	776	1			260		other	0
10108022_2	715	Sound	51	28021333	600	1			260		other	0
10108022_2	716	Sound	54	28038832	594	1			260		other	0
10108022_2	716	Response	1	28046547	8310	1
10108022_2	717	Sound	55	28060330	753	1			260		other	0
10108022_2	718	Sound	59	28082329	912	1			260		other	0
10108022_2	718	Response	1	28086305	4888	1
10108022_2	719	Sound	58	28110827	902	1			260		other	0
10108022_2	719	Response	1	28113583	3658	1
10108022_2	720	Sound	54	28131826	1061	1			260		other	0
10108022_2	720	Response	1	28135902	5138	1
10108022_2	721	Sound	50	28149825	721	1			260		other	0
10108022_2	722	Sound	52	28177323	711	1			260		other	0
10108022_2	722	Response	1	28183739	7127	1
10108022_2	723	Sound	58	28200322	870	1			260		other	0
10108022_2	723	Response	1	28206218	6766	2
10108022_2	724	Sound	56	28222820	862	1			260		other	0
10108022_2	724	Response	1	28230296	8338	1
10108022_2	725	Sound	58	28251819	1021	1			260		other	0
10108022_2	725	Response	1	28255815	5017	1
10108022_2	726	Sound	55	28277317	1009	1			260		other	0
10108022_2	727	Sound	58	28295816	835	1			260		other	0
10108022_2	727	Response	1	28299092	4111	1
10108022_2	728	Sound	50	28321814	826	1			260		other	0
10108022_2	729	Sound	60	28343313	985	1			260		other	0
10108022_2	729	Response	1	28346689	4361	1
10108022_2	730	Sound	57	28368312	810	1			260		other	0
10108022_2	730	Response	1	28376847	9345	1
10108022_2	731	Sound	53	28391810	634	1			260		other	0
10108022_2	731	Response	1	28397406	6230	1
10108022_2	732	Sound	54	28409809	961	1			260		other	0
10108022_2	733	Sound	51	28433308	953	1			260		other	0
10108022_2	734	Sound	59	28455306	779	1			260		other	0
10108022_2	734	Response	1	28459642	5114	2
10108022_2	735	Sound	56	28472305	772	1			260		other	0
10108022_2	735	Response	1	28480601	9068	1
10108022_2	736	Sound	58	28493304	765	1			260		other	0
10108022_2	736	Response	1	28498040	5501	1
10108022_2	737	Sound	56	28521802	755	1			260		other	0
10108022_2	737	Response	1	28525558	4510	1
10108022_2	738	Sound	60	28549301	745	1			260		other	0
10108022_2	738	Response	1	28552676	4121	1
10108022_2	739	Sound	51	28565800	906	1			260		other	0
10108022_2	740	Sound	52	28588298	1065	1			260		other	0
10108022_2	740	Response	1	28598114	10880	1
10108022_2	741	Sound	54	28616797	888	1			260		other	0
10108022_2	742	Sound	50	28635296	714	1			260		other	0
10108022_2	743	Sound	60	28663794	704	1			260		other	0
10108022_2	743	Response	1	28667389	4299	1
10108022_2	744	Sound	52	28683293	1031	1			260		other	0
10108022_2	745	Sound	51	28702292	1024	1			260		other	0
10108022_2	746	Sound	55	28729290	681	1			260		other	0
10108022_2	747	Sound	60	28753289	839	1			260		other	0
10108022_2	747	Response	1	28756264	3814	1
10108022_2	748	Sound	53	28770788	666	1			260		other	0
10108022_2	749	Sound	52	28800286	989	1			260		other	0
10108022_2	750	Sound	60	28827784	979	1			260		other	0
10108022_2	750	Response	1	28830979	4174	1
10108022_2	751	Sound	55	28857282	969	1			260		other	0
10108022_2	752	Sound	59	28875781	795	1			260		other	0
10108022_2	753	Sound	56	28902780	619	1			260		other	0
10108022_2	753	Response	1	28918094	15933	1
10108022_2	755	Response	255	29032407	113495	1
10108022_2	757	Sound	13	29118267	875	1			260		other	0
10108022_2	758	Sound	14	29137265	1035	1			260		other	0
10108022_2	759	Sound	12	29165764	692	1			260		other	0
10108022_2	760	Sound	16	29190262	850	1			260		other	0
10108022_2	760	Response	1	29196397	6984	1
10108022_2	761	Sound	19	29208261	843	1			260		other	0
10108022_2	761	Response	1	29212396	4978	1
10108022_2	762	Sound	14	29235760	833	1			260		other	0
10108022_2	762	Response	1	29239034	4108	1
10108022_2	763	Sound	19	29256758	659	1			260		other	0
10108022_2	763	Response	1	29260393	4294	1
10108022_2	764	Sound	12	29277757	652	1			260		other	0
10108022_2	765	Sound	19	29299256	811	1			260		other	0
10108022_2	765	Response	1	29304550	6105	1
10108022_2	766	Sound	13	29317255	971	1			260		other	0
10108022_2	767	Sound	18	29336254	631	1			260		other	0
10108022_2	767	Response	1	29340788	5165	1
10108022_2	768	Sound	14	29353253	625	1			260		other	0
10108022_2	769	Sound	11	29372751	951	1			260		other	0
10108022_2	770	Sound	11	29390750	778	1			260		other	0
10108022_2	771	Sound	18	29417749	602	1			260		other	0
10108022_2	771	Response	1	29422943	5796	1
10108022_2	772	Sound	10	29438747	928	1			260		other	0
10108022_2	773	Sound	18	29465746	585	1			260		other	0
10108022_2	773	Response	1	29469900	4739	1
10108022_2	774	Sound	16	29489744	743	1			260		other	0
10108022_2	774	Response	1	29495018	6017	1
10108022_2	775	Sound	17	29514243	1067	1			260		other	0
10108022_2	775	Response	1	29520777	7601	1
10108022_2	776	Sound	10	29534242	727	1			260		other	0
10108022_2	777	Sound	16	29561740	717	1			260		other	0
10108022_2	777	Response	1	29566214	5191	1
10108022_2	778	Sound	15	29579739	711	1			260		other	0
10108022_2	778	Response	1	29588533	9505	1
10108022_2	779	Sound	17	29600738	870	1			260		other	0
10108022_2	780	Sound	18	29618737	697	1			260		other	0
10108022_2	780	Response	1	29635490	17450	1
10108022_2	781	Sound	11	29644735	854	1			260		other	0
10108022_2	781	Response	1	29650129	6248	1
10108022_2	782	Sound	12	29668734	679	1			260		other	0
10108022_2	783	Sound	20	29694232	837	1			260		other	0
10108022_2	783	Response	1	29699486	6090	1
10108022_2	784	Sound	20	29715231	662	1			260		other	0
10108022_2	784	Response	1	29718925	4357	1
10108022_2	785	Sound	11	29739729	987	1			260		other	0
10108022_2	786	Sound	14	29756228	815	1			260		other	0
10108022_2	787	Sound	13	29775227	974	1			260		other	0
10108022_2	788	Sound	15	29797226	633	1			260		other	0
10108022_2	789	Sound	17	29822224	791	1			260		other	0
10108022_2	789	Response	1	29828838	7404	1
10108022_2	790	Sound	15	29850723	614	1			260		other	0
10108022_2	790	Response	1	29856756	6648	1
10108022_2	791	Sound	14	29877221	771	1			260		other	0
10108022_2	792	Sound	10	29902220	596	1			260		other	0
10108022_2	793	Sound	12	29929218	753	1			260		other	0
10108022_2	794	Sound	17	29950217	579	1			260		other	0
10108022_2	794	Response	1	29956830	7192	1
10108022_2	795	Sound	17	29967216	572	1			260		other	0
10108022_2	795	Response	1	29973629	6986	1
10108022_2	796	Sound	20	29988714	898	1			260		other	0
10108022_2	796	Response	1	29994587	6771	1
10108022_2	797	Sound	11	30017213	721	1			260		other	0
10108022_2	798	Sound	15	30039211	880	1			260		other	0
10108022_2	799	Sound	20	30064710	704	1			260		other	0
10108022_2	799	Response	1	30068423	4417	1
10108022_2	800	Sound	10	30088708	863	1			260		other	0
10108022_2	801	Sound	16	30109707	1022	1			260		other	0
10108022_2	802	Sound	20	30128706	848	1			260		other	0
10108022_2	802	Response	1	30133059	5202	1
10108022_2	803	Sound	16	30149205	674	1			260		other	0
10108022_2	803	Response	1	30156898	8367	1
10108022_2	804	Sound	15	30165704	668	1			260		other	0
10108022_2	805	Sound	19	30193202	659	1			260		other	0
10108022_2	805	Response	1	30199055	6512	1
10108022_2	806	Sound	12	30209201	653	1			260		other	0
10108022_2	807	Sound	18	30236200	977	1			260		other	0
10108022_2	807	Response	1	30242332	7109	1
10108022_2	808	Sound	13	30262198	967	1			260		other	0
10108022_2	809	Sound	13	30290196	957	1			260		other	0
10108022_2	810	Sound	10	30315695	615	1			260		other	0
10108022_2	811	Sound	19	30341693	939	1			260		other	0
10108022_2	811	Response	1	30354166	13411	1
10108022_2	813	Response	255	30724863	367690	1
10108022_2	815	Sound	33	30795166	777	1			260		other	0
10108022_2	816	Sound	33	30823664	934	1			260		other	0
10108022_2	817	Sound	40	30849663	591	1			260		other	0
10108022_2	817	Response	1	30853495	4423	1
10108022_2	818	Sound	30	30876661	581	1			260		other	0
10108022_2	819	Sound	31	30905159	904	1			260		other	0
10108022_2	820	Sound	34	30926658	1064	1			260		other	0
10108022_2	821	Sound	34	30950157	888	1			260		other	0
10108022_2	822	Sound	38	30973155	880	1			260		other	0
10108022_2	823	Sound	37	30999154	704	1			260		other	0
10108022_2	824	Sound	34	31016653	699	1			260		other	0
10108022_2	825	Sound	39	31043651	855	1			260		other	0
10108022_2	826	Sound	37	31065150	1014	1			260		other	0
10108022_2	827	Sound	32	31083149	1008	1			260		other	0
10108022_2	828	Sound	31	31107647	668	1			260		other	0
10108022_2	829	Sound	36	31133646	823	1			260		other	0
10108022_2	830	Sound	40	31158644	647	1			260		other	0
10108022_2	830	Response	1	31162835	4839	1
10108022_2	831	Sound	39	31179643	807	1			260		other	0
10108022_2	832	Sound	33	31208641	963	1			260		other	0
10108022_2	833	Sound	32	31237639	786	1			260		other	0
10108022_2	834	Sound	37	31255638	947	1			260		other	0
10108022_2	835	Sound	36	31277637	772	1			260		other	0
10108022_2	836	Sound	37	31301636	596	1			260		other	0
10108022_2	837	Sound	34	31323634	755	1			260		other	0
10108022_2	838	Sound	40	31350133	579	1			260		other	0
10108022_2	838	Response	1	31353944	4390	1
10108022_2	839	Sound	34	31379631	1069	1			260		other	0
10108022_2	840	Sound	38	31399630	895	1			260		other	0
10108022_2	841	Sound	30	31428128	885	1			260		other	0
10108022_2	842	Sound	36	31446627	878	1			260		other	0
10108022_2	843	Sound	30	31464626	705	1			260		other	0
10108022_2	844	Sound	35	31493124	1028	1			260		other	0
10108022_2	845	Sound	36	31518122	853	1			260		other	0
10108022_2	846	Sound	30	31534621	1013	1			260		other	0
10108022_2	847	Sound	38	31561620	670	1			260		other	0
10108022_2	848	Sound	37	31589618	994	1			260		other	0
10108022_2	849	Sound	38	31614117	818	1			260		other	0
10108022_2	850	Sound	32	31643115	641	1			260		other	0
10108022_2	851	Sound	35	31672113	632	1			260		other	0
10108022_2	852	Sound	31	31697612	622	1			260		other	0
10108022_2	853	Sound	32	31724110	612	1			260		other	0
10108022_2	854	Sound	30	31746109	771	1			260		other	0
10108022_2	855	Sound	35	31772107	595	1			260		other	0
10108022_2	856	Sound	31	31793606	754	1			260		other	0
10108022_2	857	Sound	39	31811605	915	1			260		other	0
10108022_2	858	Sound	39	31839603	571	1			260		other	0
10108022_2	859	Sound	36	31861102	897	1			260		other	0
10108022_2	860	Sound	33	31890100	720	1			260		other	0
10108022_2	861	Sound	38	31906599	714	1			260		other	0
10108022_2	862	Sound	33	31926098	707	1			260		other	0
10108022_2	863	Sound	35	31954096	864	1			260		other	0
10108022_2	864	Sound	31	31975595	689	1			260		other	0
10108022_2	865	Sound	40	31995094	849	1			260		other	0
10108022_2	865	Response	1	31999664	5419	1
10108022_2	866	Sound	39	32020592	673	1			260		other	0
10108022_2	867	Sound	32	32049591	663	1			260		other	0
10108022_2	868	Sound	35	32079089	986	1			260		other	0
10108022_2	869	Sound	40	32105087	810	1			260		other	0
10108022_2	869	Response	1	32109977	5700	1

The following output port codes were not sent because of a conflict on the port.
Port	Code	Time(ms)
1	253	15396.2
1	253	360791
1	253	646230
1	253	795901
1	253	934940
1	253	1.21659e+06
1	253	1.35179e+06
1	253	1.48527e+06
1	253	1.85803e+06
1	253	1.9942e+06
1	253	2.32177e+06
1	253	2.46252e+06
1	253	2.75595e+06
1	253	2.90324e+06
1	253	3.07249e+06
1	253	3.21292e+06
