Scenario - 
Logfile written - 02/04/2019 20:39:07

Subject	Trial	Event Type	Code	Time	TTime	Uncertainty	Duration	Uncertainty	ReqTime	ReqDur	Stim Type	Pair Index

10108021_2	1	Response	255	580351	579685	2
10108021_2	3	Sound	39	659978	1029	1			260		other	0
10108021_2	3	Response	1	662906	3958	1
10108021_2	4	Sound	37	680976	856	1			260		other	0
10108021_2	4	Response	1	684505	4384	1
10108021_2	5	Sound	40	705475	1014	1			260		other	0
10108021_2	5	Response	1	707463	3002	1
10108021_2	6	Sound	31	734973	1003	1			260		other	0
10108021_2	7	Sound	33	763972	826	1			260		other	0
10108021_2	7	Response	1	767299	4153	1
10108021_2	8	Sound	33	781970	986	1			260		other	0
10108021_2	9	Sound	40	800969	812	1			260		other	0
10108021_2	9	Response	1	802897	2740	1
10108021_2	10	Sound	37	818968	639	1			260		other	0
10108021_2	10	Response	1	823056	4727	1
10108021_2	11	Sound	35	843967	964	1			260		other	0
10108021_2	11	Response	1	848174	5171	1
10108021_2	12	Sound	38	864465	623	1			260		other	0
10108021_2	13	Sound	32	881964	950	1			260		other	0
10108021_2	14	Sound	38	909463	941	1			260		other	0
10108021_2	15	Sound	36	931461	766	1			260		other	0
10108021_2	15	Response	1	934249	3554	1
10108021_2	16	Sound	39	952960	758	1			260		other	0
10108021_2	16	Response	1	956248	4046	1
10108021_2	17	Sound	34	978459	916	1			260		other	0
10108021_2	17	Response	1	981366	3824	1
10108021_2	18	Sound	38	994958	743	1			260		other	0
10108021_2	19	Sound	36	1022456	1067	1			260		other	0
10108021_2	20	Sound	39	1040455	1060	1			260		other	0
10108021_2	21	Sound	30	1065953	884	1			260		other	0
10108021_2	21	Response	1	1067921	2852	1
10108021_2	22	Sound	35	1084952	1045	1			260		other	0
10108021_2	23	Sound	35	1107451	703	1			260		other	0
10108021_2	24	Sound	38	1134449	860	1			260		other	0
10108021_2	24	Response	1	1137997	4408	1
10108021_2	25	Sound	32	1152448	854	1			260		other	0
10108021_2	26	Sound	38	1178947	678	1			260		other	0
10108021_2	27	Sound	36	1207945	1001	1			260		other	0
10108021_2	27	Response	1	1211832	4888	1
10108021_2	28	Sound	31	1231443	993	1			260		other	0
10108021_2	29	Sound	30	1252442	651	1			260		other	0
10108021_2	30	Sound	30	1274941	977	1			260		other	0
10108021_2	30	Response	1	1277348	3384	1
10108021_2	31	Sound	40	1293440	970	1			260		other	0
10108021_2	31	Response	1	1295267	2798	1
10108021_2	32	Sound	37	1313438	963	1			260		other	0
10108021_2	32	Response	1	1316946	4470	1
10108021_2	33	Sound	32	1337937	621	1			260		other	0
10108021_2	34	Sound	35	1364935	945	1			260		other	0
10108021_2	35	Sound	35	1394434	934	1			260		other	0
10108021_2	36	Sound	30	1419932	758	1			260		other	0
10108021_2	37	Sound	31	1448430	748	1			260		other	0
10108021_2	37	Response	1	1452537	4855	1
10108021_2	38	Sound	32	1468929	1074	1			260		other	0
10108021_2	39	Sound	34	1493428	732	1			260		other	0
10108021_2	40	Sound	39	1522426	889	1			260		other	0
10108021_2	41	Sound	34	1549924	712	1			260		other	0
10108021_2	42	Sound	34	1575923	869	1			260		other	0
10108021_2	42	Response	1	1578610	3556	1
10108021_2	43	Sound	40	1592422	1030	1			260		other	0
10108021_2	43	Response	1	1594769	3377	1
10108021_2	44	Sound	33	1614421	689	1			260		other	0
10108021_2	44	Response	1	1617727	3996	1
10108021_2	45	Sound	39	1638419	681	1			260		other	0
10108021_2	45	Response	1	1641966	4227	1
10108021_2	46	Sound	32	1663918	1005	1			260		other	0
10108021_2	47	Sound	30	1682916	665	1			260		other	0
10108021_2	48	Sound	34	1700915	658	1			260		other	0
10108021_2	49	Sound	37	1721914	984	1			260		other	0
10108021_2	50	Sound	36	1741413	644	1			260		other	0
10108021_2	50	Response	1	1743960	3190	1
10108021_2	51	Sound	31	1768911	801	1			260		other	0
10108021_2	52	Sound	37	1791410	626	1			260		other	0
10108021_2	52	Response	1	1795076	4292	1
10108021_2	53	Sound	31	1807909	787	1			260		other	0
10108021_2	53	Response	1	1812355	5233	1
10108021_2	54	Sound	33	1831908	945	1			260		other	0
10108021_2	55	Sound	40	1859906	935	1			260		other	0
10108021_2	55	Response	1	1861712	2741	1
10108021_2	56	Sound	36	1880905	927	1			260		other	0
10108021_2	56	Response	1	1884031	4054	1
10108021_2	57	Sound	33	1903403	753	1			260		other	0
10108021_2	59	Response	255	3359140	1432236	1
10108021_2	61	Sound	57	3437811	1039	1			260		other	0
10108021_2	61	Response	1	3442975	6203	1
10108021_2	62	Sound	50	3462810	1030	1			260		other	0
10108021_2	63	Sound	57	3485808	855	1			260		other	0
10108021_2	63	Response	1	3488892	3939	1
10108021_2	64	Sound	58	3513307	679	1			260		other	0
10108021_2	64	Response	1	3516650	4022	1
10108021_2	65	Sound	51	3541805	1002	1			260		other	0
10108021_2	66	Sound	59	3559804	662	1			260		other	0
10108021_2	66	Response	1	3563767	4626	1
10108021_2	67	Sound	56	3580803	822	1			260		other	0
10108021_2	67	Response	1	3594805	14825	1
10108021_2	68	Sound	58	3601301	648	1			260		other	0
10108021_2	68	Response	1	3608324	7671	1
10108021_2	69	Sound	56	3627800	971	1			260		other	0
10108021_2	69	Response	1	3630643	3815	1
10108021_2	70	Sound	57	3655298	795	1			260		other	0
10108021_2	70	Response	1	3657922	3418	1
10108021_2	71	Sound	55	3677297	954	1			260		other	0
10108021_2	72	Sound	53	3700795	612	1			260		other	0
10108021_2	73	Sound	52	3717294	606	1			260		other	0
10108021_2	73	Response	1	3720238	3549	1
10108021_2	74	Sound	54	3738293	932	1			260		other	0
10108021_2	74	Response	1	3741196	3835	1
10108021_2	75	Sound	52	3759292	591	1			260		other	0
10108021_2	76	Sound	50	3780291	917	1			260		other	0
10108021_2	77	Sound	53	3801289	743	1			260		other	0
10108021_2	77	Response	1	3804552	4006	1
10108021_2	78	Sound	58	3818288	903	1			260		other	0
10108021_2	78	Response	1	3821992	4607	1
10108021_2	79	Sound	56	3841287	895	1			260		other	0
10108021_2	79	Response	1	3844070	3678	1
10108021_2	80	Sound	51	3862286	721	1			260		other	0
10108021_2	81	Sound	53	3881285	1048	1			260		other	0
10108021_2	82	Sound	54	3901783	874	1			260		other	0
10108021_2	82	Response	1	3905426	4517	1
10108021_2	83	Sound	51	3924782	1032	1			260		other	0
10108021_2	84	Sound	60	3953780	1022	1			260		other	0
10108021_2	84	Response	1	3956543	3785	1
10108021_2	85	Sound	53	3982279	679	1			260		other	0
10108021_2	85	Response	1	3986941	5342	1
10108021_2	86	Sound	56	4001277	1005	1			260		other	0
10108021_2	86	Response	1	4004860	4588	1
10108021_2	87	Sound	50	4028776	995	1			260		other	0
10108021_2	88	Sound	51	4055774	986	1			260		other	0
10108021_2	89	Sound	54	4078273	811	1			260		other	0
10108021_2	89	Response	1	4081496	4033	1
10108021_2	90	Sound	59	4097272	637	1			260		other	0
10108021_2	90	Response	1	4100534	3900	1
10108021_2	91	Sound	57	4126270	627	1			260		other	0
10108021_2	91	Response	1	4130452	4809	1
10108021_2	92	Sound	55	4146269	620	1			260		other	0
10108021_2	92	Response	1	4151171	5522	1
10108021_2	93	Sound	56	4170267	945	1			260		other	0
10108021_2	93	Response	1	4173890	4567	1
10108021_2	94	Sound	55	4193266	603	1			260		other	0
10108021_2	94	Response	1	4196208	3545	1
10108021_2	95	Sound	58	4221264	926	1			260		other	0
10108021_2	95	Response	1	4223967	3629	1
10108021_2	96	Sound	59	4243263	585	1			260		other	0
10108021_2	96	Response	1	4247085	4408	1
10108021_2	97	Sound	55	4261262	912	1			260		other	0
10108021_2	98	Sound	52	4289260	569	1			260		other	0
10108021_2	99	Sound	52	4306759	1063	1			260		other	0
10108021_2	99	Response	1	4310841	5145	1
10108021_2	100	Sound	58	4325258	889	1			260		other	0
10108021_2	101	Sound	50	4342757	883	1			260		other	0
10108021_2	102	Sound	59	4363256	1043	1			260		other	0
10108021_2	102	Response	1	4366358	4145	1
10108021_2	103	Sound	50	4384754	868	1			260		other	0
10108021_2	104	Sound	60	4402753	862	1			260		other	0
10108021_2	104	Response	1	4404996	3104	1
10108021_2	105	Sound	60	4420252	856	1			260		other	0
10108021_2	105	Response	1	4422914	3518	1
10108021_2	106	Sound	60	4445251	680	1			260		other	0
10108021_2	106	Response	1	4447393	2822	1
10108021_2	107	Sound	55	4463250	1007	1			260		other	0
10108021_2	108	Sound	59	4485748	999	1			260		other	0
10108021_2	108	Response	1	4488430	3681	1
10108021_2	109	Sound	60	4514747	988	1			260		other	0
10108021_2	109	Response	1	4518188	4430	1
10108021_2	110	Sound	54	4536745	981	1			260		other	0
10108021_2	111	Sound	53	4559744	972	1			260		other	0
10108021_2	112	Sound	54	4585742	630	1			260		other	0
10108021_2	113	Sound	52	4603741	790	1			260		other	0
10108021_2	113	Response	1	4607303	4352	1
10108021_2	114	Sound	57	4629740	947	1			260		other	0
10108021_2	114	Response	1	4635061	6269	1
10108021_2	115	Sound	51	4655738	938	1			260		other	0
10108021_2	117	Response	255	5784031	1109311	1
10108021_2	118	Response	1	5850906	66852	1
10108021_2	119	Sound	59	5856666	843	1			260		other	0
10108021_2	119	Response	1	5860906	5083	1
10108021_2	120	Sound	58	5877165	1003	1			260		other	0
10108021_2	120	Response	1	5879945	3782	1
10108021_2	121	Sound	55	5901663	827	1			260		other	0
10108021_2	122	Sound	55	5926662	652	1			260		other	0
10108021_2	122	Response	1	5929941	3931	1
10108021_2	123	Sound	50	5951160	643	1			260		other	0
10108021_2	124	Sound	56	5969659	970	1			260		other	0
10108021_2	124	Response	1	5972339	3649	1
10108021_2	125	Sound	57	5998158	960	1			260		other	0
10108021_2	125	Response	1	6001137	3939	1
10108021_2	126	Sound	60	6025656	616	1			260		other	0
10108021_2	126	Response	1	6027776	2736	1
10108021_2	127	Sound	54	6053654	606	1			260		other	0
10108021_2	128	Sound	50	6073653	766	1			260		other	0
10108021_2	129	Sound	57	6103151	922	1			260		other	0
10108021_2	130	Sound	51	6125150	914	1			260		other	0
10108021_2	131	Sound	54	6150648	905	1			260		other	0
10108021_2	132	Sound	50	6167647	899	1			260		other	0
10108021_2	133	Sound	54	6187646	725	1			260		other	0
10108021_2	134	Sound	52	6208645	718	1			260		other	0
10108021_2	134	Response	1	6212404	4477	1
10108021_2	135	Sound	55	6230144	710	1			260		other	0
10108021_2	135	Response	1	6234643	5209	1
10108021_2	136	Sound	56	6252142	702	1			260		other	0
10108021_2	136	Response	1	6255601	4161	1
10108021_2	137	Sound	54	6274141	1028	1			260		other	0
10108021_2	137	Response	1	6277520	4407	1
10108021_2	138	Sound	57	6296140	853	1			260		other	0
10108021_2	138	Response	1	6298878	3591	3
10108021_2	139	Sound	52	6324638	676	1			260		other	0
10108021_2	140	Sound	54	6352636	1000	1			260		other	0
10108021_2	140	Response	1	6355275	3639	1
10108021_2	141	Sound	56	6375135	825	1			260		other	0
10108021_2	141	Response	1	6378394	4084	1
10108021_2	142	Sound	60	6398134	983	1			260		other	0
10108021_2	142	Response	1	6400472	3322	1
10108021_2	143	Sound	53	6423632	808	1			260		other	0
10108021_2	143	Response	1	6426871	4047	1
10108021_2	144	Sound	50	6449630	965	1			260		other	0
10108021_2	145	Sound	60	6469129	958	1			260		other	0
10108021_2	145	Response	1	6471028	2857	1
10108021_2	146	Sound	57	6491128	950	1			260		other	0
10108021_2	146	Response	1	6494387	4209	1
10108021_2	147	Sound	52	6509127	944	1			260		other	0
10108021_2	148	Sound	58	6526626	771	1			260		other	0
10108021_2	148	Response	1	6529585	3730	1
10108021_2	149	Sound	60	6547125	764	1			260		other	0
10108021_2	149	Response	1	6549263	2902	1
10108021_2	150	Sound	52	6569123	923	1			260		other	0
10108021_2	151	Sound	59	6585622	917	1			260		other	0
10108021_2	151	Response	1	6588141	3435	1
10108021_2	152	Sound	53	6610121	741	1			260		other	0
10108021_2	153	Sound	55	6633620	1066	1			260		other	0
10108021_2	153	Response	1	6636858	4305	1
10108021_2	154	Sound	57	6658118	724	1			260		other	0
10108021_2	155	Sound	53	6676617	1051	1			260		other	0
10108021_2	155	Response	1	6681575	6009	1
10108021_2	156	Sound	60	6693616	712	1			260		other	0
10108021_2	156	Response	1	6695814	2910	1
10108021_2	157	Sound	51	6715115	871	1			260		other	0
10108021_2	158	Sound	58	6742613	694	1			260		other	0
10108021_2	158	Response	1	6745571	3652	1
10108021_2	159	Sound	56	6768611	685	1			260		other	0
10108021_2	159	Response	1	6772690	4763	1
10108021_2	160	Sound	58	6790110	844	1			260		other	0
10108021_2	160	Response	1	6793248	3982	1
10108021_2	161	Sound	53	6813109	669	1			260		other	0
10108021_2	161	Response	1	6816607	4167	1
10108021_2	162	Sound	51	6834108	661	1			260		other	0
10108021_2	163	Sound	51	6853106	988	1			260		other	0
10108021_2	164	Sound	55	6881605	644	1			260		other	0
10108021_2	165	Sound	52	6904103	636	1			260		other	0
10108021_2	166	Sound	56	6923602	796	1			260		other	0
10108021_2	167	Sound	59	6942601	956	1			260		other	0
10108021_2	167	Response	1	6945479	3834	1
10108021_2	168	Sound	59	6965100	615	1			260		other	0
10108021_2	168	Response	1	6967958	3473	1
10108021_2	169	Sound	59	6982099	609	1			260		other	0
10108021_2	170	Sound	58	7004597	767	1			260		other	0
10108021_2	170	Response	1	7007475	3645	1
10108021_2	171	Sound	51	7026096	593	1			260		other	0
10108021_2	171	Response	1	7029394	3891	1
10108021_2	172	Sound	53	7049095	585	1			260		other	0
10108021_2	173	Sound	50	7070593	910	1			260		other	0
10108021_2	175	Response	255	8173963	1085362	1
10108021_2	177	Sound	60	8254522	822	1			260		other	0
10108021_2	177	Response	1	8257238	3537	1
10108021_2	178	Sound	60	8280021	979	1			260		other	0
10108021_2	178	Response	1	8282997	3955	1
10108021_2	179	Sound	56	8304019	804	1			260		other	0
10108021_2	179	Response	1	8307635	4420	1
10108021_2	180	Sound	51	8331018	627	1			260		other	0
10108021_2	181	Sound	57	8348017	788	1			260		other	0
10108021_2	181	Response	1	8351552	4324	1
10108021_2	182	Sound	53	8375515	612	1			260		other	0
10108021_2	183	Sound	50	8394514	772	1			260		other	0
10108021_2	183	Response	1	8414669	20927	1
10108021_2	184	Sound	52	8419512	763	1			260		other	0
10108021_2	185	Sound	53	8443511	754	1			260		other	0
10108021_2	186	Sound	51	8469510	912	1			260		other	0
10108021_2	187	Sound	52	8498008	901	1			260		other	0
10108021_2	188	Sound	54	8527506	1057	1			260		other	0
10108021_2	188	Response	1	8530901	4453	1
10108021_2	189	Sound	58	8550005	1049	1			260		other	0
10108021_2	189	Response	1	8553620	4665	1
10108021_2	190	Sound	53	8573503	874	1			260		other	0
10108021_2	191	Sound	56	8599502	699	1			260		other	0
10108021_2	192	Sound	55	8619501	858	1			260		other	0
10108021_2	192	Response	1	8623296	4653	1
10108021_2	193	Sound	60	8640999	851	1			260		other	0
10108021_2	193	Response	1	8643614	3466	1
10108021_2	194	Sound	56	8659498	677	1			260		other	0
10108021_2	194	Response	1	8665053	6232	1
10108021_2	195	Sound	56	8680497	669	1			260		other	0
10108021_2	196	Sound	51	8707995	660	1			260		other	0
10108021_2	197	Sound	54	8736993	983	1			260		other	0
10108021_2	198	Sound	57	8761992	974	1			260		other	0
10108021_2	198	Response	1	8764407	3389	1
10108021_2	199	Sound	59	8790990	963	1			260		other	0
10108021_2	199	Response	1	8794805	4779	1
10108021_2	200	Sound	53	8818489	787	1			260		other	0
10108021_2	201	Sound	57	8834988	948	1			260		other	0
10108021_2	201	Response	1	8838242	4203	1
10108021_2	202	Sound	51	8856486	940	1			260		other	0
10108021_2	203	Sound	56	8884984	930	1			260		other	0
10108021_2	203	Response	1	8889359	5305	1
10108021_2	204	Sound	55	8901483	591	1			260		other	0
10108021_2	205	Sound	60	8918483	751	1			260		other	0
10108021_2	205	Response	1	8921517	3786	1
10108021_2	206	Sound	52	8941981	910	1			260		other	0
10108021_2	207	Sound	57	8971479	899	1			260		other	0
10108021_2	207	Response	1	8974314	3734	1
10108021_2	208	Sound	54	8995478	724	1			260		other	0
10108021_2	209	Sound	59	9012977	718	1			260		other	0
10108021_2	209	Response	1	9017591	5332	1
10108021_2	210	Sound	59	9039475	1041	1			260		other	0
10108021_2	210	Response	1	9045350	6916	1
10108021_2	211	Sound	50	9064474	1033	1			260		other	0
10108021_2	212	Sound	58	9084972	692	1			260		other	0
10108021_2	212	Response	1	9090787	6506	1
10108021_2	213	Sound	53	9101472	1020	1			260		other	0
10108021_2	214	Sound	59	9118470	847	1			260		other	0
10108021_2	214	Response	1	9124625	7001	1
10108021_2	215	Sound	58	9147469	670	1			260		other	0
10108021_2	215	Response	1	9151103	4304	1
10108021_2	216	Sound	55	9169468	995	1			260		other	0
10108021_2	217	Sound	50	9197466	652	1			260		other	0
10108021_2	218	Sound	52	9220964	810	1			260		other	0
10108021_2	219	Sound	52	9241963	970	1			260		other	0
10108021_2	220	Sound	50	9270461	792	1			260		other	0
10108021_2	221	Sound	60	9290460	785	1			260		other	0
10108021_2	221	Response	1	9294374	4700	1
10108021_2	222	Sound	58	9319458	608	1			260		other	0
10108021_2	222	Response	1	9323653	4802	1
10108021_2	223	Sound	55	9344457	766	1			260		other	0
10108021_2	223	Response	1	9349651	5960	1
10108021_2	224	Sound	58	9361456	593	1			260		other	0
10108021_2	224	Response	1	9365330	4468	1
10108021_2	225	Sound	51	9378955	587	1			260		other	0
10108021_2	226	Sound	50	9397454	580	1			260		other	0
10108021_2	227	Sound	54	9415953	741	1			260		other	0
10108021_2	227	Response	1	9419327	4115	1
10108021_2	228	Sound	59	9440451	1065	1			260		other	0
10108021_2	228	Response	1	9444445	5059	1
10108021_2	229	Sound	57	9457950	1059	1			260		other	0
10108021_2	230	Sound	55	9477949	885	1			260		other	0
10108021_2	231	Sound	54	9497448	878	1			260		other	0
10108021_2	233	Response	255	10218558	701235	1
10108021_2	235	Sound	15	10287900	763	1			260		other	0
10108021_2	235	Response	1	10291513	4376	1
10108021_2	236	Sound	15	10314899	753	1			260		other	0
10108021_2	237	Sound	11	10332898	747	1			260		other	0
10108021_2	238	Sound	20	10359396	571	1			260		other	0
10108021_2	238	Response	1	10361909	3083	1
10108021_2	239	Sound	16	10385395	895	1			260		other	0
10108021_2	239	Response	1	10389187	4687	1
10108021_2	240	Sound	13	10409393	886	1			260		other	0
10108021_2	241	Sound	18	10432892	711	1			260		other	0
10108021_2	241	Response	1	10436144	3963	1
10108021_2	242	Sound	17	10458890	1035	1			260		other	0
10108021_2	242	Response	1	10462382	4528	1
10108021_2	243	Sound	12	10480389	861	1			260		other	0
10108021_2	244	Sound	17	10501388	853	1			260		other	0
10108021_2	245	Sound	20	10524886	845	1			260		other	0
10108021_2	245	Response	1	10529898	5857	1
10108021_2	246	Sound	12	10547885	837	1			260		other	0
10108021_2	247	Sound	14	10568384	829	1			260		other	0
10108021_2	247	Response	1	10574216	6661	1
10108021_2	248	Sound	10	10588382	822	1			260		other	0
10108021_2	249	Sound	11	10610881	814	1			260		other	0
10108021_2	250	Sound	12	10629380	641	1			260		other	0
10108021_2	251	Sound	20	10655878	632	1			260		other	0
10108021_2	251	Response	1	10659410	4164	1
10108021_2	252	Sound	17	10676877	957	1			260		other	0
10108021_2	252	Response	1	10681249	5329	1
10108021_2	253	Sound	16	10699376	616	1			260		other	0
10108021_2	253	Response	1	10706607	7848	1
10108021_2	254	Sound	15	10725374	607	1			260		other	0
10108021_2	255	Sound	14	10745873	933	1			260		other	0
10108021_2	256	Sound	11	10772371	757	1			260		other	0
10108021_2	257	Sound	20	10788870	584	1			260		other	0
10108021_2	257	Response	1	10792442	4156	1
10108021_2	258	Sound	10	10804869	745	1			260		other	0
10108021_2	259	Sound	14	10821368	572	1			260		other	0
10108021_2	260	Sound	13	10839367	899	1			260		other	0
10108021_2	261	Sound	19	10861866	892	1			260		other	0
10108021_2	261	Response	1	10866038	5063	1
10108021_2	262	Sound	10	10884865	1050	1			260		other	0
10108021_2	263	Sound	19	10900864	1044	1			260		other	0
10108021_2	263	Response	1	10907955	8136	1
10108021_2	264	Sound	13	10922362	870	1			260		other	0
10108021_2	265	Sound	12	10942861	863	1			260		other	0
10108021_2	266	Sound	19	10969360	1020	1			260		other	0
10108021_2	266	Response	1	10973071	4731	1
10108021_2	267	Sound	12	10992358	678	1			260		other	0
10108021_2	268	Sound	19	11013857	837	1			260		other	0
10108021_2	268	Response	1	11016988	3969	1
10108021_2	269	Sound	16	11037855	995	1			260		other	0
10108021_2	269	Response	1	11041867	5007	1
10108021_2	270	Sound	18	11064854	819	1			260		other	0
10108021_2	270	Response	1	11070265	6230	1
10108021_2	271	Sound	10	11081353	980	1			260		other	0
10108021_2	272	Sound	16	11104351	972	1			260		other	0
10108021_2	272	Response	1	11108103	4723	1
10108021_2	273	Sound	19	11123350	631	1			260		other	0
10108021_2	273	Response	1	11127542	4823	1
10108021_2	274	Sound	14	11147849	623	1			260		other	0
10108021_2	275	Sound	18	11170348	948	1			260		other	0
10108021_2	275	Response	1	11174258	4859	1
10108021_2	276	Sound	20	11191346	774	1			260		other	0
10108021_2	276	Response	1	11194177	3605	1
10108021_2	277	Sound	11	11208845	768	1			260		other	0
10108021_2	278	Sound	16	11228844	594	1			260		other	0
10108021_2	279	Sound	15	11247343	587	1			260		other	0
10108021_2	279	Response	1	11251774	5018	1
10108021_2	280	Sound	14	11263842	581	1			260		other	0
10108021_2	281	Sound	10	11287340	573	1			260		other	0
10108021_2	282	Sound	15	11309339	732	1			260		other	0
10108021_2	283	Sound	17	11337837	1055	1			260		other	0
10108021_2	283	Response	1	11341608	4826	1
10108021_2	284	Sound	13	11357836	881	1			260		other	0
10108021_2	285	Sound	11	11385835	871	1			260		other	0
10108021_2	286	Sound	18	11405833	1031	1			260		other	0
10108021_2	286	Response	1	11410804	6002	1
10108021_2	287	Sound	13	11423832	1024	1			260		other	0
10108021_2	288	Sound	18	11441331	1018	1			260		other	0
10108021_2	288	Response	1	11445602	5289	1
10108021_2	289	Sound	17	11461330	844	1			260		other	0
10108021_2	291	Response	255	13106140	1619066	1
10108021_2	293	Sound	17	13177727	899	1			260		other	0
10108021_2	293	Response	1	13177975	1147	1
10108021_2	294	Sound	17	13202226	890	1			260		other	0
10108021_2	294	Response	1	13206613	5278	1
10108021_2	295	Sound	19	13219225	884	1			260		other	0
10108021_2	295	Response	1	13223892	5552	1
10108021_2	296	Sound	10	13235724	1045	1			260		other	0
10108021_2	297	Sound	19	13255222	704	1			260		other	0
10108021_2	297	Response	1	13259090	4572	1
10108021_2	298	Sound	11	13277221	1030	1			260		other	0
10108021_2	299	Sound	18	13295220	1024	1			260		other	0
10108021_2	300	Sound	10	13315719	1016	1			260		other	0
10108021_2	301	Sound	18	13338717	841	1			260		other	0
10108021_2	301	Response	1	13341805	3929	1
10108021_2	302	Sound	16	13362716	833	1			260		other	0
10108021_2	303	Sound	15	13389714	990	1			260		other	0
10108021_2	303	Response	1	13393642	4918	1
10108021_2	304	Sound	14	13418213	646	1			260		other	0
10108021_2	304	Response	1	13422200	4634	1
10108021_2	305	Sound	12	13438711	639	1			260		other	0
10108021_2	306	Sound	13	13459210	965	1			260		other	0
10108021_2	307	Sound	13	13487209	622	1			260		other	0
10108021_2	308	Sound	14	13515707	778	1			260		other	0
10108021_2	309	Sound	20	13536705	771	1			260		other	0
10108021_2	309	Response	1	13539713	3778	1
10108021_2	310	Sound	20	13554704	598	1			260		other	0
10108021_2	310	Response	1	13558112	4005	1
10108021_2	311	Sound	12	13583203	587	1			260		other	0
10108021_2	312	Sound	18	13603202	747	1			260		other	0
10108021_2	312	Response	1	13607869	5414	1
10108021_2	313	Sound	11	13625200	906	1			260		other	0
10108021_2	314	Sound	16	13650699	564	1			260		other	0
10108021_2	314	Response	1	13654666	4531	1
10108021_2	315	Sound	10	13676197	888	1			260		other	0
10108021_2	316	Sound	12	13703196	711	1			260		other	0
10108021_2	317	Sound	14	13731194	1035	1			260		other	0
10108021_2	317	Response	1	13736341	6182	1
10108021_2	318	Sound	20	13753193	694	1			260		other	0
10108021_2	318	Response	1	13758659	6160	1
10108021_2	319	Sound	17	13773691	853	1			260		other	0
10108021_2	320	Sound	14	13795190	1012	1			260		other	0
10108021_2	321	Sound	11	13821188	836	1			260		other	0
10108021_2	322	Sound	15	13848687	993	1			260		other	0
10108021_2	322	Response	1	13854334	6640	1
10108021_2	323	Sound	19	13864686	821	1			260		other	0
10108021_2	323	Response	1	13868093	4227	1
10108021_2	324	Sound	19	13892684	977	1			260		other	0
10108021_2	324	Response	1	13895771	4064	1
10108021_2	325	Sound	18	13910183	638	1			260		other	0
10108021_2	325	Response	1	13913530	3984	1
10108021_2	326	Sound	16	13928682	798	1			260		other	0
10108021_2	326	Response	1	13932489	4604	1
10108021_2	327	Sound	10	13955180	621	1			260		other	0
10108021_2	328	Sound	15	13972179	615	1			260		other	0
10108021_2	329	Sound	12	13988178	776	1			260		other	0
10108021_2	329	Response	1	13992165	4763	1
10108021_2	330	Sound	20	14016677	600	1			260		other	0
10108021_2	330	Response	1	14021443	5366	1
10108021_2	331	Sound	19	14032676	927	1			260		other	0
10108021_2	331	Response	1	14041282	9533	1
10108021_2	332	Sound	14	14054674	753	1			260		other	0
10108021_2	333	Sound	17	14077673	744	1			260		other	0
10108021_2	334	Sound	11	14106671	1068	1			260		other	0
10108021_2	335	Sound	12	14130670	892	1			260		other	0
10108021_2	336	Sound	13	14149169	886	1			260		other	0
10108021_2	337	Sound	11	14167168	713	1			260		other	0
10108021_2	338	Sound	13	14183667	707	1			260		other	0
10108021_2	339	Sound	18	14209665	864	1			260		other	0
10108021_2	339	Response	1	14213191	4390	2
10108021_2	340	Sound	15	14226164	858	1			260		other	0
10108021_2	341	Sound	15	14247663	1017	1			260		other	0
10108021_2	341	Response	1	14250789	4143	1
10108021_2	342	Sound	20	14275661	674	1			260		other	0
10108021_2	342	Response	1	14279427	4440	1
10108021_2	343	Sound	16	14298160	666	1			260		other	0
10108021_2	343	Response	1	14302306	4812	1
10108021_2	344	Sound	17	14325158	823	1			260		other	0
10108021_2	344	Response	1	14328304	3969	1
10108021_2	345	Sound	10	14350157	647	1			260		other	0
10108021_2	346	Sound	16	14372155	639	1			260		other	0
10108021_2	347	Sound	13	14397654	630	1			260		other	0
10108021_2	347	Response	1	14402380	5356	1
10108021_2	349	Response	255	15277686	853574	1
10108021_2	351	Sound	15	15356596	788	1			260		other	0
10108021_2	351	Response	1	15380959	25151	1
10108021_2	352	Sound	16	15383595	945	1			260		other	0
10108021_2	352	Response	1	15389279	6630	1
10108021_2	353	Sound	19	15403593	771	1			260		other	0
10108021_2	353	Response	1	15406318	3496	1
10108021_2	354	Sound	17	15428592	596	1			260		other	0
10108021_2	354	Response	1	15431036	3040	1
10108021_2	355	Sound	16	15450091	588	1			260		other	0
10108021_2	355	Response	1	15454635	5132	1
10108021_2	356	Sound	19	15474589	913	1			260		other	0
10108021_2	356	Response	1	15477753	4077	1
10108021_2	357	Sound	14	15492088	907	1			260		other	0
10108021_2	358	Sound	17	15512087	900	1			260		other	0
10108021_2	358	Response	1	15515991	4804	1
10108021_2	359	Sound	11	15540085	1056	1			260		other	0
10108021_2	360	Sound	15	15561084	715	1			260		other	0
10108021_2	360	Response	1	15564708	4339	1
10108021_2	361	Sound	12	15576583	710	1			260		other	0
10108021_2	361	Response	1	15581507	5634	1
10108021_2	362	Sound	20	15595082	870	1			260		other	0
10108021_2	362	Response	1	15598146	3934	1
10108021_2	363	Sound	15	15614081	863	1			260		other	0
10108021_2	364	Sound	20	15635580	856	1			260		other	0
10108021_2	364	Response	1	15637664	2940	1
10108021_2	365	Sound	13	15662578	679	1			260		other	0
10108021_2	366	Sound	18	15682577	1006	1			260		other	0
10108021_2	367	Sound	13	15706075	997	1			260		other	0
10108021_2	367	Response	1	15710859	5781	1
10108021_2	368	Sound	13	15723074	658	1			260		other	0
10108021_2	369	Sound	12	15742573	984	1			260		other	0
10108021_2	370	Sound	14	15762072	810	1			260		other	0
10108021_2	370	Response	1	15765656	4394	1
10108021_2	371	Sound	17	15784071	969	1			260		other	0
10108021_2	371	Response	1	15788614	5513	1
10108021_2	372	Sound	11	15806569	628	1			260		other	0
10108021_2	373	Sound	13	15826568	954	1			260		other	0
10108021_2	374	Sound	10	15852067	612	1			260		other	0
10108021_2	375	Sound	19	15873565	604	1			260		other	0
10108021_2	375	Response	1	15876609	3647	1
10108021_2	376	Sound	11	15891064	931	1			260		other	0
10108021_2	377	Sound	11	15917063	588	1			260		other	0
10108021_2	378	Sound	18	15934562	582	1			260		other	0
10108021_2	378	Response	1	15941965	7985	1
10108021_2	379	Sound	15	15956060	908	1			260		other	0
10108021_2	380	Sound	12	15974559	735	1			260		other	0
10108021_2	381	Sound	13	15997058	1060	1			260		other	0
10108021_2	381	Response	1	16001561	5563	1
10108021_2	382	Sound	12	16017057	719	1			260		other	0
10108021_2	383	Sound	19	16042055	711	1			260		other	0
10108021_2	383	Response	1	16046358	5014	1
10108021_2	384	Sound	16	16065054	702	1			260		other	0
10108021_2	384	Response	1	16069957	5605	1
10108021_2	385	Sound	18	16090552	1027	1			260		other	0
10108021_2	385	Response	1	16094196	4670	1
10108021_2	386	Sound	10	16113551	1018	1			260		other	0
10108021_2	387	Sound	14	16136050	1010	1			260		other	0
10108021_2	387	Response	1	16147072	12033	1
10108021_2	388	Sound	20	16163048	1001	1			260		other	0
10108021_2	388	Response	1	16165631	3584	1
10108021_2	389	Sound	20	16183547	994	1			260		other	0
10108021_2	389	Response	1	16186990	4437	1
10108021_2	390	Sound	15	16203046	820	1			260		other	0
10108021_2	391	Sound	10	16222545	813	1			260		other	0
10108021_2	392	Sound	12	16241543	806	1			260		other	0
10108021_2	393	Sound	17	16260542	966	1			260		other	0
10108021_2	393	Response	1	16264985	5409	1
10108021_2	394	Sound	10	16284541	791	1			260		other	0
10108021_2	395	Sound	10	16302540	951	1			260		other	0
10108021_2	396	Sound	14	16330038	774	1			260		other	0
10108021_2	397	Sound	17	16351537	767	1			260		other	0
10108021_2	397	Response	1	16354979	4210	1
10108021_2	398	Sound	20	16367536	761	1			260		other	0
10108021_2	398	Response	1	16370739	3964	1
10108021_2	399	Sound	19	16387534	587	1			260		other	0
10108021_2	400	Sound	14	16415033	577	1			260		other	0
10108021_2	400	Response	1	16418976	4520	1
10108021_2	401	Sound	16	16443531	734	1			260		other	0
10108021_2	401	Response	1	16448254	5456	1
10108021_2	402	Sound	16	16462530	1061	1			260		other	0
10108021_2	403	Sound	18	16488528	885	1			260		other	0
10108021_2	404	Sound	18	16504528	712	1			260		other	0
10108021_2	404	Response	1	16507930	4114	1
10108021_2	405	Sound	11	16522026	1039	1			260		other	0
10108021_2	405	Response	1	16528249	7262	1
10108021_2	407	Response	255	17816410	1270502	1
10108021_2	409	Sound	38	17896444	882	1			260		other	0
10108021_2	409	Response	1	17900244	4683	1
10108021_2	410	Sound	30	17921442	707	1			260		other	0
10108021_2	410	Response	1	17924963	4227	1
10108021_2	411	Sound	31	17948441	697	1			260		other	0
10108021_2	411	Response	1	17952241	4497	1
10108021_2	412	Sound	31	17970440	856	1			260		other	0
10108021_2	413	Sound	36	17995938	1014	1			260		other	0
10108021_2	414	Sound	39	18017937	839	1			260		other	0
10108021_2	414	Response	1	18022397	5299	1
10108021_2	415	Sound	40	18035936	999	1			260		other	0
10108021_2	415	Response	1	18038076	3140	1
10108021_2	416	Sound	33	18061434	824	1			260		other	0
10108021_2	417	Sound	36	18081433	816	1			260		other	0
10108021_2	418	Sound	35	18100932	976	1			260		other	0
10108021_2	419	Sound	32	18127930	633	1			260		other	0
10108021_2	420	Sound	34	18156928	623	1			260		other	0
10108021_2	421	Sound	40	18175427	783	1			260		other	0
10108021_2	421	Response	1	18178307	3663	1
10108021_2	422	Sound	34	18202926	940	1			260		other	0
10108021_2	422	Response	1	18205185	3200	1
10108021_2	423	Sound	37	18229424	930	1			260		other	0
10108021_2	423	Response	1	18231824	3330	1
10108021_2	424	Sound	32	18251923	756	1			260		other	0
10108021_2	425	Sound	40	18275421	914	1			260		other	0
10108021_2	425	Response	1	18277501	2994	1
10108021_2	426	Sound	39	18299420	905	1			260		other	0
10108021_2	426	Response	1	18301980	3465	1
10108021_2	427	Sound	37	18327418	729	1			260		other	0
10108021_2	427	Response	1	18331658	4968	1
10108021_2	428	Sound	37	18347917	721	1			260		other	0
10108021_2	428	Response	1	18351337	4141	1
10108021_2	428	Response	1	18369015	21820	1
10108021_2	429	Sound	37	18370416	880	1			260		other	0
10108021_2	430	Sound	36	18394414	1038	1			260		other	0
10108021_2	430	Response	1	18397414	4038	1
10108021_2	431	Sound	40	18418413	1030	1			260		other	0
10108021_2	431	Response	1	18419892	2509	1
10108021_2	432	Sound	34	18442911	854	1			260		other	0
10108021_2	432	Response	1	18445891	3834	1
10108021_2	433	Sound	36	18460410	681	1			260		other	0
10108021_2	433	Response	1	18464690	4960	1
10108021_2	433	Response	1	18482368	22639	1
10108021_2	434	Sound	30	18487909	838	1			260		other	0
10108021_2	435	Sound	32	18514907	662	1			260		other	0
10108021_2	435	Response	1	18517566	3321	1
10108021_2	436	Sound	35	18535906	988	1			260		other	0
10108021_2	437	Sound	34	18559904	646	1			260		other	0
10108021_2	437	Response	1	18563004	3745	1
10108021_2	438	Sound	39	18578903	639	1			260		other	0
10108021_2	438	Response	1	18582442	4178	1
10108021_2	439	Sound	33	18597902	632	1			260		other	0
10108021_2	440	Sound	37	18616401	792	1			260		other	0
10108021_2	441	Sound	36	18642899	950	1			260		other	0
10108021_2	442	Sound	39	18669398	607	1			260		other	0
10108021_2	442	Response	1	18674197	5406	1
10108021_2	443	Sound	32	18692396	598	1			260		other	0
10108021_2	443	Response	1	18696035	4237	1
10108021_2	444	Sound	40	18715895	757	1			260		other	0
10108021_2	444	Response	1	18718274	3136	1
10108021_2	445	Sound	33	18743893	580	1			260		other	0
10108021_2	446	Sound	30	18767892	905	1			260		other	0
10108021_2	446	Response	1	18770110	3124	1
10108021_2	447	Sound	33	18788390	1064	1			260		other	0
10108021_2	447	Response	1	18791069	3743	1
10108021_2	448	Sound	30	18805389	1058	1			260		other	0
10108021_2	449	Sound	38	18826388	1051	1			260		other	0
10108021_2	450	Sound	39	18848387	710	1			260		other	0
10108021_2	450	Response	1	18853546	5868	1
10108021_2	451	Sound	31	18875885	700	1			260		other	0
10108021_2	452	Sound	32	18892384	860	1			260		other	0
10108021_2	453	Sound	35	18913883	853	1			260		other	0
10108021_2	454	Sound	35	18934882	679	1			260		other	0
10108021_2	455	Sound	33	18952381	1006	1			260		other	0
10108021_2	456	Sound	31	18975379	998	1			260		other	0
10108021_2	456	Response	1	18978018	3636	1
10108021_2	457	Sound	30	19002878	821	1			260		other	0
10108021_2	458	Sound	38	19029376	645	1			260		other	0
10108021_2	459	Sound	35	19056374	969	1			260		other	0
10108021_2	459	Response	1	19060573	5167	1
10108021_2	460	Sound	34	19078873	627	1			260		other	0
10108021_2	461	Sound	38	19099372	953	1			260		other	0
10108021_2	462	Sound	31	19121371	946	1			260		other	0
10108021_2	463	Sound	38	19138370	939	1			260		other	0
10108021_2	465	Response	255	20231221	1073204	1
10108021_2	467	Sound	39	20308799	688	1			260		other	0
10108021_2	467	Response	1	20315136	7025	1
10108021_2	468	Sound	34	20337298	845	1			260		other	0
10108021_2	468	Response	1	20340894	4441	1
10108021_2	469	Sound	40	20359296	1004	1			260		other	0
10108021_2	469	Response	1	20361213	2920	1
10108021_2	470	Sound	38	20376795	664	1			260		other	0
10108021_2	470	Response	1	20380892	4761	1
10108021_2	471	Sound	30	20398294	990	1			260		other	0
10108021_2	472	Sound	32	20419293	982	1			260		other	0
10108021_2	473	Sound	32	20439792	975	1			260		other	0
10108021_2	474	Sound	33	20465790	633	1			260		other	0
10108021_2	474	Response	1	20470166	5009	1
10108021_2	475	Sound	40	20482289	960	1			260		other	0
10108021_2	475	Response	1	20484165	2836	1
10108021_2	476	Sound	31	20510287	617	1			260		other	0
10108021_2	477	Sound	31	20536786	607	1			260		other	0
10108021_2	478	Sound	33	20553285	935	1			260		other	0
10108021_2	479	Sound	40	20571284	595	1			260		other	0
10108021_2	479	Response	1	20573520	2831	1
10108021_2	480	Sound	34	20599782	585	1			260		other	0
10108021_2	481	Sound	31	20628280	908	1			260		other	0
10108021_2	482	Sound	38	20651279	900	1			260		other	0
10108021_2	482	Response	1	20656555	6175	1
10108021_2	483	Sound	30	20670278	893	1			260		other	0
10108021_2	484	Sound	37	20695776	718	1			260		other	0
10108021_2	485	Sound	36	20721275	875	1			260		other	0
10108021_2	485	Response	1	20724870	4470	1
10108021_2	486	Sound	37	20737774	1036	1			260		other	0
10108021_2	486	Response	1	20741749	5011	1
10108021_2	487	Sound	31	20761272	694	1			260		other	0
10108021_2	488	Sound	33	20789271	684	1			260		other	0
10108021_2	489	Sound	34	20814269	1008	1			260		other	0
10108021_2	490	Sound	33	20837768	833	1			260		other	0
10108021_2	491	Sound	39	20866266	990	1			260		other	0
10108021_2	492	Sound	39	20891264	981	1			260		other	0
10108021_2	493	Sound	38	20911263	640	1			260		other	0
10108021_2	494	Sound	40	20929762	800	1			260		other	0
10108021_2	494	Response	1	20934377	5415	1
10108021_2	495	Sound	35	20951261	626	1			260		other	0
10108021_2	496	Sound	30	20979259	616	1			260		other	0
10108021_2	497	Sound	36	21008257	939	1			260		other	0
10108021_2	498	Sound	33	21037256	596	1			260		other	0
10108021_2	499	Sound	30	21053755	923	1			260		other	0
10108021_2	500	Sound	39	21071753	750	1			260		other	0
10108021_2	501	Sound	34	21099252	574	1			260		other	0
10108021_2	502	Sound	31	21121251	565	1			260		other	0
10108021_2	502	Response	1	21141885	21199	1
10108021_2	503	Sound	39	21146249	890	1			260		other	0
10108021_2	504	Sound	35	21173747	880	1			260		other	0
10108021_2	504	Response	1	21176603	3735	1
10108021_2	505	Sound	32	21194746	872	1			260		other	0
10108021_2	506	Sound	37	21212245	866	1			260		other	0
10108021_2	506	Response	1	21215320	3941	1
10108021_2	507	Sound	35	21230744	860	1			260		other	0
10108021_2	508	Sound	32	21257242	1017	1			260		other	0
10108021_2	509	Sound	30	21276241	843	1			260		other	0
10108021_2	510	Sound	34	21302740	1001	1			260		other	0
10108021_2	511	Sound	38	21330238	824	1			260		other	0
10108021_2	512	Sound	36	21357237	981	1			260		other	0
10108021_2	513	Sound	35	21374735	975	1			260		other	0
10108021_2	514	Sound	38	21396734	967	1			260		other	0
10108021_2	515	Sound	36	21425732	957	1			260		other	0
10108021_2	515	Response	1	21428507	3731	1
10108021_2	516	Sound	36	21447731	782	1			260		other	0
10108021_2	517	Sound	37	21465730	776	1			260		other	0
10108021_2	518	Sound	32	21490729	600	1			260		other	0
10108021_2	519	Sound	37	21519727	590	1			260		other	0
10108021_2	520	Sound	40	21541725	749	1			260		other	0
10108021_2	520	Response	1	21544020	3043	1
10108021_2	521	Sound	35	21563224	741	1			260		other	0
10108021_2	521	Response	1	21566738	4255	1
10108021_2	523	Response	255	23915234	2328163	1
10108021_2	525	Sound	32	23990079	709	1			260		other	0
10108021_2	526	Sound	37	24013077	867	1			260		other	0
10108021_2	527	Sound	30	24036576	859	1			260		other	0
10108021_2	528	Sound	33	24061074	850	1			260		other	0
10108021_2	529	Sound	32	24087573	674	1			260		other	0
10108021_2	530	Sound	38	24113071	998	1			260		other	0
10108021_2	530	Response	1	24115301	3228	1
10108021_2	531	Sound	37	24134570	657	1			260		other	0
10108021_2	531	Response	1	24140180	6267	1
10108021_2	532	Sound	40	24162568	647	1			260		other	0
10108021_2	532	Response	1	24165538	3617	1
10108021_2	533	Sound	36	24184067	807	1			260		other	0
10108021_2	534	Sound	40	24203566	632	1			260		other	0
10108021_2	534	Response	1	24206176	3243	1
10108021_2	535	Sound	37	24230064	790	1			260		other	0
10108021_2	536	Sound	32	24254563	614	1			260		other	0
10108021_2	537	Sound	36	24277561	606	1			260		other	0
10108021_2	538	Sound	39	24303560	930	1			260		other	0
10108021_2	539	Sound	31	24327558	588	1			260		other	0
10108021_2	540	Sound	35	24347057	748	1			260		other	0
10108021_2	541	Sound	30	24363556	909	1			260		other	0
10108021_2	542	Sound	34	24392054	899	1			260		other	0
10108021_2	543	Sound	37	24409053	893	1			260		other	0
10108021_2	544	Sound	31	24431552	884	1			260		other	0
10108021_2	545	Sound	38	24451551	1044	1			260		other	0
10108021_2	545	Response	1	24453441	2934	1
10108021_2	546	Sound	32	24475050	869	1			260		other	0
10108021_2	546	Response	1	24478559	4379	1
10108021_2	547	Sound	35	24501048	693	1			260		other	0
10108021_2	547	Response	1	24504158	3803	1
10108021_2	548	Sound	31	24520047	686	1			260		other	0
10108021_2	549	Sound	38	24541046	679	1			260		other	0
10108021_2	549	Response	1	24544955	4588	1
10108021_2	550	Sound	36	24566544	836	1			260		other	0
10108021_2	551	Sound	39	24590043	995	1			260		other	0
10108021_2	552	Sound	33	24619041	818	1			260		other	0
10108021_2	553	Sound	31	24636040	978	1			260		other	0
10108021_2	554	Sound	35	24662538	635	1			260		other	0
10108021_2	555	Sound	36	24689037	626	1			260		other	0
10108021_2	556	Sound	31	24714035	950	1			260		other	0
10108021_2	557	Sound	37	24738034	608	1			260		other	0
10108021_2	558	Sound	35	24761032	934	1			260		other	0
10108021_2	559	Sound	36	24787531	924	1			260		other	0
10108021_2	560	Sound	30	24810029	749	1			260		other	0
10108021_2	561	Sound	40	24831028	742	1			260		other	0
10108021_2	561	Response	1	24834457	4171	1
10108021_2	562	Sound	40	24851027	735	1			260		other	0
10108021_2	562	Response	1	24853896	3604	1
10108021_2	563	Sound	35	24876525	1059	1			260		other	0
10108021_2	564	Sound	38	24893024	886	1			260		other	0
10108021_2	565	Sound	34	24919023	877	1			260		other	0
10108021_2	566	Sound	34	24945521	868	1			260		other	0
10108021_2	567	Sound	34	24964520	694	1			260		other	0
10108021_2	567	Response	1	24971809	7983	1
10108021_2	568	Sound	30	24982519	688	1			260		other	0
10108021_2	569	Sound	33	25004018	680	1			260		other	0
10108021_2	570	Sound	32	25030516	837	1			260		other	0
10108021_2	571	Sound	39	25052515	830	1			260		other	0
10108021_2	571	Response	1	25056124	4438	1
10108021_2	572	Sound	33	25069514	657	1			260		other	0
10108021_2	572	Response	1	25073643	4786	1
10108021_2	573	Sound	39	25093512	648	1			260		other	0
10108021_2	574	Sound	39	25117011	807	1			260		other	0
10108021_2	575	Sound	34	25137510	633	1			260		other	0
10108021_2	575	Response	1	25140438	3561	1
10108021_2	576	Sound	38	25159008	625	1			260		other	0
10108021_2	577	Sound	40	25186507	615	1			260		other	0
10108021_2	577	Response	1	25188515	2624	1
10108021_2	578	Sound	30	25212505	772	1			260		other	0
10108021_2	579	Sound	33	25236004	764	1			260		other	0
10108021_2	581	Response	1	25257551	2059	1
10108021_2	581	Response	255	26232211	976719	1
10108021_2	583	Sound	12	26304440	883	1			260		other	0
10108021_2	584	Sound	18	26320439	1044	1			260		other	0
10108021_2	585	Sound	12	26338938	871	1			260		other	0
10108021_2	586	Sound	18	26359936	1030	1			260		other	0
10108021_2	586	Response	1	26363723	4816	1
10108021_2	587	Sound	16	26382435	689	1			260		other	0
10108021_2	587	Response	1	26386042	4295	1
10108021_2	588	Sound	10	26403434	1014	1			260		other	0
10108021_2	589	Sound	11	26422933	674	1			260		other	0
10108021_2	589	Response	1	26438678	16420	1
10108021_2	590	Sound	18	26448431	998	1			260		other	0
10108021_2	590	Response	1	26451718	4285	1
10108021_2	591	Sound	20	26475429	989	1			260		other	0
10108021_2	591	Response	1	26477956	3515	1
10108021_2	592	Sound	12	26502928	812	1			260		other	0
10108021_2	593	Sound	13	26523427	638	1			260		other	0
10108021_2	593	Response	1	26529553	6764	2
10108021_2	594	Sound	15	26551925	628	1			260		other	0
10108021_2	594	Response	1	26556351	5054	1
10108021_2	595	Sound	19	26578923	619	1			260		other	0
10108021_2	595	Response	1	26582349	4045	1
10108021_2	596	Sound	12	26600922	944	1			260		other	0
10108021_2	597	Sound	16	26626920	768	1			260		other	0
10108021_2	598	Sound	19	26643919	595	1			260		other	0
10108021_2	598	Response	1	26647226	3901	1
10108021_2	599	Sound	19	26672418	918	1			260		other	0
10108021_2	599	Response	1	26675624	4124	1
10108021_2	600	Sound	15	26690916	745	1			260		other	0
10108021_2	601	Sound	19	26716915	903	1			260		other	0
10108021_2	601	Response	1	26719541	3529	1
10108021_2	602	Sound	14	26735914	729	1			260		other	0
10108021_2	603	Sound	11	26764412	886	1			260		other	0
10108021_2	604	Sound	12	26781411	1046	1			260		other	0
10108021_2	605	Sound	10	26798910	707	1			260		other	0
10108021_2	606	Sound	14	26819909	1033	1			260		other	0
10108021_2	606	Response	1	26823295	4418	1
10108021_2	607	Sound	11	26837408	1026	1			260		other	0
10108021_2	608	Sound	17	26864406	1017	1			260		other	0
10108021_2	608	Response	1	26868092	4702	1
10108021_2	609	Sound	18	26890405	841	1			260		other	0
10108021_2	609	Response	1	26894570	5006	1
10108021_2	610	Sound	10	26915903	998	1			260		other	0
10108021_2	611	Sound	18	26931402	659	1			260		other	0
10108021_2	611	Response	1	26934728	3985	1
10108021_2	612	Sound	16	26950401	986	1			260		other	0
10108021_2	613	Sound	13	26974400	977	1			260		other	0
10108021_2	613	Response	1	26979925	6503	1
10108021_2	614	Sound	11	27000898	801	1			260		other	0
10108021_2	615	Sound	17	27026396	959	1			260		other	0
10108021_2	615	Response	1	27029122	3684	1
10108021_2	616	Sound	16	27051395	616	1			260		other	0
10108021_2	616	Response	1	27055120	4342	1
10108021_2	617	Sound	17	27073894	775	1			260		other	0
10108021_2	617	Response	1	27078639	5520	1
10108021_2	618	Sound	14	27091393	936	1			260		other	0
10108021_2	619	Sound	20	27109391	762	1			260		other	0
10108021_2	619	Response	1	27111677	3048	1
10108021_2	620	Sound	15	27127390	923	1			260		other	0
10108021_2	620	Response	1	27131516	5048	1
10108021_2	621	Sound	20	27143889	917	1			260		other	0
10108021_2	621	Response	1	27146395	3422	1
10108021_2	622	Sound	20	27165388	743	1			260		other	0
10108021_2	622	Response	1	27167593	2948	1
10108021_2	623	Sound	13	27193387	899	1			260		other	0
10108021_2	624	Sound	15	27209885	1060	1			260		other	0
10108021_2	625	Sound	13	27236384	1051	1			260		other	0
10108021_2	626	Sound	13	27263382	874	1			260		other	0
10108021_2	626	Response	1	27267427	4919	1
10108021_2	627	Sound	16	27282881	701	1			260		other	0
10108021_2	627	Response	1	27286626	4446	1
10108021_2	628	Sound	15	27303380	1027	1			260		other	0
10108021_2	629	Sound	17	27321379	687	1			260		other	0
10108021_2	630	Sound	17	27339878	680	1			260		other	0
10108021_2	630	Response	1	27350382	11185	1
10108021_2	631	Sound	10	27362376	1006	1			260		other	0
10108021_2	632	Sound	14	27378375	1000	1			260		other	0
10108021_2	633	Sound	19	27401874	992	1			260		other	0
10108021_2	633	Response	1	27407019	6136	1
10108021_2	634	Sound	11	27422373	817	1			260		other	0
10108021_2	635	Sound	14	27439872	811	1			260		other	0
10108021_2	636	Sound	10	27466870	968	1			260		other	0
10108021_2	637	Sound	20	27490369	627	1			260		other	0
10108021_2	637	Response	1	27494773	5031	1
10108021_2	639	Response	255	28138574	621744	1
10108021_2	641	Sound	51	28213825	869	1			260		other	0
10108021_2	642	Sound	54	28240824	692	1			260		other	0
10108021_2	643	Sound	50	28257823	686	1			260		other	0
10108021_2	644	Sound	59	28287321	1009	1			260		other	0
10108021_2	644	Response	1	28291044	4732	1
10108021_2	645	Sound	56	28314319	833	1			260		other	0
10108021_2	645	Response	1	28317683	4196	1
10108021_2	646	Sound	50	28331318	993	1			260		other	0
10108021_2	647	Sound	59	28359317	983	1			260		other	0
10108021_2	647	Response	1	28362640	4307	1
10108021_2	648	Sound	58	28384815	641	1			260		other	0
10108021_2	648	Response	1	28391038	6864	1
10108021_2	649	Sound	54	28405814	633	1			260		other	0
10108021_2	650	Sound	53	28434812	790	1			260		other	0
10108021_2	650	Response	1	28442395	8373	1
10108021_2	651	Sound	52	28455811	782	1			260		other	0
10108021_2	651	Response	1	28459434	4405	1
10108021_2	652	Sound	58	28474810	942	1			260		other	0
10108021_2	652	Response	1	28479752	5885	1
10108021_2	653	Sound	59	28501308	933	1			260		other	0
10108021_2	653	Response	1	28504471	4096	1
10108021_2	654	Sound	53	28529306	589	1			260		other	0
10108021_2	655	Sound	51	28557805	746	1			260		other	0
10108021_2	656	Sound	60	28580803	904	1			260		other	0
10108021_2	656	Response	1	28583746	3847	1
10108021_2	657	Sound	53	28599802	731	1			260		other	0
10108021_2	658	Sound	57	28616801	1059	1			260		other	0
10108021_2	658	Response	1	28620864	5121	1
10108021_2	659	Sound	54	28636300	718	1			260		other	0
10108021_2	660	Sound	58	28665798	1041	1			260		other	0
10108021_2	660	Response	1	28670221	5463	1
10108021_2	661	Sound	57	28683297	701	1			260		other	0
10108021_2	661	Response	1	28688380	5784	1
10108021_2	662	Sound	55	28707796	692	1			260		other	0
10108021_2	662	Response	1	28711098	3995	1
10108021_2	663	Sound	58	28735294	849	1			260		other	0
10108021_2	663	Response	1	28739017	4572	1
10108021_2	664	Sound	51	28758293	674	1			260		other	0
10108021_2	665	Sound	56	28784791	998	1			260		other	0
10108021_2	666	Sound	53	28801290	659	1			260		other	0
10108021_2	666	Response	1	28812452	11821	1
10108021_2	667	Sound	53	28827289	983	1			260		other	0
10108021_2	667	Response	1	28830771	4466	1
10108021_2	668	Sound	50	28853287	974	1			260		other	0
10108021_2	669	Sound	60	28872786	633	1			260		other	0
10108021_2	669	Response	1	28874928	2776	1
10108021_2	670	Sound	60	28899284	624	1			260		other	0
10108021_2	670	Response	1	28901567	2906	1
10108021_2	671	Sound	56	28921783	783	1			260		other	0
10108021_2	671	Response	1	28928205	7205	1
10108021_2	672	Sound	55	28943282	942	1			260		other	0
10108021_2	672	Response	1	28947244	4904	1
10108021_2	673	Sound	60	28962780	601	1			260		other	0
10108021_2	673	Response	1	28965163	2983	1
10108021_2	674	Sound	57	28982779	761	1			260		other	0
10108021_2	675	Sound	52	29002278	921	1			260		other	0
10108021_2	675	Response	1	29007960	6603	1
10108021_2	676	Sound	55	29027276	578	1			260		other	0
10108021_2	677	Sound	55	29043775	739	1			260		other	0
10108021_2	678	Sound	56	29064274	1065	1			260		other	0
10108021_2	678	Response	1	29067556	4347	1
10108021_2	679	Sound	52	29082773	726	1			260		other	0
10108021_2	679	Response	1	29088515	6468	1
10108021_2	680	Sound	50	29103272	1051	1			260		other	0
10108021_2	681	Sound	55	29127271	709	1			260		other	0
10108021_2	681	Response	1	29132272	5711	1
10108021_2	682	Sound	52	29152769	867	1			260		other	0
10108021_2	683	Sound	59	29170768	694	1			260		other	0
10108021_2	683	Response	1	29179230	9155	1
10108021_2	684	Sound	50	29194766	685	1			260		other	0
10108021_2	685	Sound	52	29221265	676	1			260		other	0
10108021_2	686	Sound	59	29240764	669	1			260		other	0
10108021_2	686	Response	1	29244505	4410	2
10108021_2	687	Sound	54	29265762	993	1			260		other	0
10108021_2	688	Sound	60	29284761	653	1			260		other	0
10108021_2	688	Response	1	29287303	3195	1
10108021_2	689	Sound	57	29308260	645	1			260		other	0
10108021_2	689	Response	1	29317221	9606	1
10108021_2	690	Sound	56	29324759	806	1			260		other	0
10108021_2	691	Sound	51	29353257	629	1			260		other	0
10108021_2	692	Sound	54	29377755	787	1			260		other	0
10108021_2	692	Response	1	29383457	6488	1
10108021_2	693	Sound	58	29395254	614	1			260		other	0
10108021_2	693	Response	1	29399136	4495	1
10108021_2	694	Sound	51	29420253	605	1			260		other	0
10108021_2	695	Sound	57	29447751	762	1			260		other	0
10108021_2	695	Response	1	29452653	5663	1
10108021_2	697	Response	255	30752813	1277401	1
10108021_2	699	Sound	60	30835668	767	1			260		other	0
10108021_2	699	Response	1	30839367	4466	1
10108021_2	700	Sound	51	30860667	591	1			260		other	0
10108021_2	701	Sound	54	30879165	584	1			260		other	0
10108021_2	701	Response	1	30882805	4224	1
10108021_2	702	Sound	50	30899664	577	1			260		other	0
10108021_2	703	Sound	55	30916163	905	1			260		other	0
10108021_2	703	Response	1	30919042	3784	1
10108021_2	704	Sound	56	30934162	1065	1			260		other	0
10108021_2	704	Response	1	30937681	4584	1
10108021_2	705	Sound	57	30951661	892	1			260		other	0
10108021_2	705	Response	1	30955760	4991	1
10108021_2	706	Sound	59	30971160	885	1			260		other	0
10108021_2	706	Response	1	30975199	4924	1
10108021_2	707	Sound	60	30996158	876	1			260		other	0
10108021_2	707	Response	1	30998797	3515	1
10108021_2	708	Sound	60	31022657	700	1			260		other	0
10108021_2	708	Response	1	31026076	4119	1
10108021_2	709	Sound	56	31047655	1024	1			260		other	0
10108021_2	710	Sound	53	31066154	1018	1			260		other	0
10108021_2	710	Response	1	31069113	3977	1
10108021_2	711	Sound	59	31089153	844	1			260		other	0
10108021_2	711	Response	1	31092712	4403	1
10108021_2	712	Sound	58	31109652	1002	1			260		other	0
10108021_2	712	Response	1	31112390	3741	1
10108021_2	713	Sound	51	31138650	992	1			260		other	0
10108021_2	713	Response	1	31146468	8810	1
10108021_2	714	Sound	59	31166648	982	1			260		other	0
10108021_2	714	Response	1	31168947	3281	1
10108021_2	715	Sound	53	31188647	641	1			260		other	0
10108021_2	716	Sound	54	31207146	801	1			260		other	0
10108021_2	716	Response	1	31209825	3479	1
10108021_2	717	Sound	57	31228144	627	1			260		other	0
10108021_2	717	Response	1	31233423	5905	1
10108021_2	718	Sound	50	31246643	953	1			260		other	0
10108021_2	719	Sound	55	31272142	944	1			260		other	0
10108021_2	720	Sound	58	31289641	938	1			260		other	0
10108021_2	720	Response	1	31294779	6076	1
10108021_2	721	Sound	56	31312639	763	1			260		other	0
10108021_2	721	Response	1	31317258	5382	1
10108021_2	722	Sound	59	31341138	920	1			260		other	0
10108021_2	723	Sound	52	31367136	744	1			260		other	0
10108021_2	723	Response	1	31371255	4862	1
10108021_2	724	Sound	56	31392635	735	1			260		other	0
10108021_2	724	Response	1	31395493	3593	1
10108021_2	725	Sound	54	31415133	893	1			260		other	0
10108021_2	725	Response	1	31419971	5731	1
10108021_2	726	Sound	58	31432632	720	1			260		other	0
10108021_2	727	Sound	58	31453131	1046	1			260		other	0
10108021_2	727	Response	1	31455969	3885	1
10108021_2	728	Sound	54	31477630	871	1			260		other	0
10108021_2	728	Response	1	31480288	3529	1
10108021_2	729	Sound	51	31499628	863	1			260		other	0
10108021_2	730	Sound	52	31517127	857	1			260		other	0
10108021_2	731	Sound	51	31542126	1014	1			260		other	0
10108021_2	732	Sound	53	31560125	1008	1			260		other	0
10108021_2	733	Sound	50	31578624	1002	1			260		other	0
10108021_2	733	Response	1	31581641	4019	1
10108021_2	734	Sound	52	31601122	827	1			260		other	0
10108021_2	735	Sound	57	31623121	652	1			260		other	0
10108021_2	735	Response	1	31625959	3490	1
10108021_2	736	Sound	51	31644120	978	1			260		other	0
10108021_2	737	Sound	55	31661619	639	1			260		other	0
10108021_2	738	Sound	55	31682117	631	1			260		other	0
10108021_2	738	Response	1	31685555	4069	1
10108021_2	739	Sound	55	31700616	791	1			260		other	0
10108021_2	739	Response	1	31704114	4289	1
10108021_2	740	Sound	60	31721615	617	1			260		other	0
10108021_2	740	Response	1	31723793	2795	1
10108021_2	741	Sound	53	31750613	607	1			260		other	0
10108021_2	741	Response	1	31756111	6104	1
10108021_2	742	Sound	54	31777612	930	1			260		other	0
10108021_2	742	Response	1	31782109	5428	1
10108021_2	743	Sound	58	31803110	922	1			260		other	0
10108021_2	743	Response	1	31806348	4159	1
10108021_2	744	Sound	50	31825609	580	1			260		other	0
10108021_2	745	Sound	60	31847607	739	1			260		other	0
10108021_2	745	Response	1	31849625	2756	1
10108021_2	746	Sound	52	31870606	897	1			260		other	0
10108021_2	747	Sound	57	31896104	889	1			260		other	0
10108021_2	747	Response	1	31899462	4246	1
10108021_2	748	Sound	53	31923603	1045	1			260		other	0
10108021_2	748	Response	1	31928260	5702	1
10108021_2	749	Sound	50	31952101	1035	1			260		other	0
10108021_2	750	Sound	56	31969100	1029	1			260		other	0
10108021_2	750	Response	1	31972817	4746	1
10108021_2	751	Sound	52	31995098	1020	1			260		other	0
10108021_2	752	Sound	59	32012598	847	1			260		other	0
10108021_2	752	Response	1	32017855	6104	1
10108021_2	753	Sound	57	32033096	1006	1			260		other	0
10108021_2	753	Response	1	32038173	6083	1
10108021_2	755	Response	255	32949077	890399	1
10108021_2	757	Sound	13	33020037	987	1			260		other	0
10108021_2	758	Sound	16	33036536	815	1			260		other	0
10108021_2	758	Response	1	33041472	5750	1
10108021_2	759	Sound	14	33060035	806	1			260		other	0
10108021_2	759	Response	1	33063950	4722	1
10108021_2	760	Sound	20	33078534	633	1			260		other	0
10108021_2	760	Response	1	33081629	3729	1
10108021_2	761	Sound	13	33095533	960	1			260		other	0
10108021_2	762	Sound	14	33111532	788	1			260		other	0
10108021_2	762	Response	1	33115707	4963	1
10108021_2	763	Sound	10	33131030	614	1			260		other	0
10108021_2	764	Sound	10	33157529	938	1			260		other	0
10108021_2	765	Sound	11	33185527	928	1			260		other	0
10108021_2	766	Sound	13	33212026	585	1			260		other	0
10108021_2	766	Response	1	33217701	6261	1
10108021_2	767	Sound	18	33231024	745	1			260		other	0
10108021_2	767	Response	1	33234100	3820	1
10108021_2	768	Sound	17	33254523	570	1			260		other	0
10108021_2	768	Response	1	33258338	4385	1
10108021_2	769	Sound	13	33279022	895	1			260		other	0
10108021_2	769	Response	1	33283217	5090	1
10108021_2	770	Sound	17	33296521	722	1			260		other	0
10108021_2	770	Response	1	33301376	5577	1
10108021_2	771	Sound	18	33323519	712	1			260		other	0
10108021_2	771	Response	1	33327374	4567	1
10108021_2	772	Sound	18	33348017	704	1			260		other	0
10108021_2	772	Response	1	33351612	4298	1
10108021_2	773	Sound	10	33374516	861	1			260		other	0
10108021_2	774	Sound	15	33398514	685	1			260		other	0
10108021_2	774	Response	1	33399049	1220	1
10108021_2	775	Sound	14	33420013	844	1			260		other	0
10108021_2	775	Response	1	33426088	6919	1
10108021_2	776	Sound	14	33443012	1003	1			260		other	0
10108021_2	776	Response	1	33447767	5758	1
10108021_2	777	Sound	17	33471010	660	1			260		other	0
10108021_2	777	Response	1	33474645	4295	1
10108021_2	778	Sound	12	33493009	652	1			260		other	0
10108021_2	778	Response	1	33504323	11966	1
10108021_2	779	Sound	20	33517007	810	1			260		other	0
10108021_2	779	Response	1	33520242	4045	1
10108021_2	780	Sound	10	33534506	970	1			260		other	0
10108021_2	781	Sound	12	33557505	796	1			260		other	0
10108021_2	782	Sound	16	33585503	785	1			260		other	0
10108021_2	783	Sound	19	33604002	612	1			260		other	0
10108021_2	783	Response	1	33609357	5967	1
10108021_2	784	Sound	11	33629001	603	1			260		other	0
10108021_2	785	Sound	15	33654999	761	1			260		other	0
10108021_2	785	Response	1	33659194	4955	1
10108021_2	786	Sound	12	33673498	921	1			260		other	0
10108021_2	787	Sound	19	33698496	578	1			260		other	0
10108021_2	787	Response	1	33702231	4313	1
10108021_2	788	Sound	10	33723995	736	1			260		other	0
10108021_2	789	Sound	17	33739494	564	1			260		other	0
10108021_2	789	Response	1	33743509	4579	1
10108021_2	790	Sound	14	33764992	1055	1			260		other	0
10108021_2	791	Sound	19	33792491	1045	1			260		other	0
10108021_2	791	Response	1	33796625	5179	1
10108021_2	792	Sound	15	33813489	704	1			260		other	0
10108021_2	793	Sound	16	33835488	863	1			260		other	0
10108021_2	793	Response	1	33840702	6077	1
10108021_2	794	Sound	13	33852987	1023	1			260		other	0
10108021_2	795	Sound	19	33878986	1014	1			260		other	0
10108021_2	795	Response	1	33883980	6008	1
10108021_2	796	Sound	12	33901484	1006	1			260		other	0
10108021_2	797	Sound	20	33928483	830	1			260		other	0
10108021_2	797	Response	1	33931577	3924	1
10108021_2	798	Sound	16	33951481	988	1			260		other	0
10108021_2	799	Sound	19	33977980	979	1			260		other	0
10108021_2	799	Response	1	33981174	4173	1
10108021_2	800	Sound	12	34000978	637	1			260		other	0
10108021_2	801	Sound	11	34017977	965	1			260		other	0
10108021_2	802	Sound	15	34041476	790	1			260		other	0
10108021_2	803	Sound	16	34064474	948	1			260		other	0
10108021_2	803	Response	1	34070048	6522	1
10108021_2	804	Sound	20	34087473	940	1			260		other	0
10108021_2	804	Response	1	34091087	4554	1
10108021_2	805	Sound	17	34110972	931	1			260		other	0
10108021_2	806	Sound	18	34132470	590	1			260		other	0
10108021_2	807	Sound	11	34154969	582	1			260		other	0
10108021_2	808	Sound	18	34179968	907	1			260		other	0
10108021_2	809	Sound	15	34207466	1064	1			260		other	0
10108021_2	809	Response	1	34211640	5238	1
10108021_2	810	Sound	20	34226465	890	1			260		other	0
10108021_2	810	Response	1	34230198	4624	1
10108021_2	811	Sound	11	34246464	716	1			260		other	0
10108021_2	813	Response	255	35294693	1021691	1
10108021_2	815	Sound	34	35374396	981	1			260		other	0
10108021_2	815	Response	1	35377887	4472	2
10108021_2	816	Sound	35	35399894	805	1			260		other	0
10108021_2	816	Response	1	35403246	4157	1
10108021_2	817	Sound	40	35420893	964	1			260		other	0
10108021_2	817	Response	1	35422845	2916	1
10108021_2	818	Sound	39	35449392	954	1			260		other	0
10108021_2	819	Sound	39	35469390	780	1			260		other	0
10108021_2	820	Sound	32	35486389	774	1			260		other	0
10108021_2	821	Sound	40	35508388	933	1			260		other	0
10108021_2	821	Response	1	35509800	2345	1
10108021_2	822	Sound	37	35533886	590	1			260		other	0
10108021_2	822	Response	1	35537318	4022	1
10108021_2	823	Sound	33	35557885	916	1			260		other	0
10108021_2	823	Response	1	35560676	3707	1
10108021_2	824	Sound	34	35577884	741	1			260		other	0
10108021_2	824	Response	1	35581715	4573	1
10108021_2	825	Sound	30	35597883	901	1			260		other	0
10108021_2	825	Response	1	35601554	4572	1
10108021_2	826	Sound	34	35614882	895	1			260		other	0
10108021_2	827	Sound	30	35643380	718	1			260		other	0
10108021_2	828	Sound	30	35669878	709	1			260		other	0
10108021_2	829	Sound	30	35698376	865	1			260		other	0
10108021_2	830	Sound	37	35721375	857	1			260		other	0
10108021_2	831	Sound	35	35748374	847	1			260		other	0
10108021_2	831	Response	1	35750985	3459	1
10108021_2	832	Sound	38	35772872	839	1			260		other	0
10108021_2	832	Response	1	35776743	4709	1
10108021_2	833	Sound	39	35790871	999	1			260		other	0
10108021_2	834	Sound	33	35816869	657	1			260		other	0
10108021_2	835	Sound	33	35838868	815	1			260		other	0
10108021_2	836	Sound	31	35858867	808	1			260		other	0
10108021_2	836	Response	1	35862178	4119	1
10108021_2	837	Sound	31	35878866	967	1			260		other	0
10108021_2	837	Response	1	35881857	3958	1
10108021_2	838	Sound	36	35896365	794	1			260		other	0
10108021_2	838	Response	1	35917455	21884	1
10108021_2	839	Sound	39	35919863	786	1			260		other	0
10108021_2	840	Sound	32	35944362	777	1			260		other	0
10108021_2	841	Sound	36	35969360	935	1			260		other	0
10108021_2	842	Sound	38	35995359	926	1			260		other	0
10108021_2	842	Response	1	35998889	4456	1
10108021_2	843	Sound	37	36017357	751	1			260		other	0
10108021_2	844	Sound	31	36037356	578	1			260		other	0
10108021_2	845	Sound	32	36061355	902	1			260		other	0
10108021_2	845	Response	1	36064645	4193	1
10108021_2	846	Sound	38	36086853	893	1			260		other	0
10108021_2	846	Response	1	36091524	5564	1
10108021_2	847	Sound	35	36109352	1052	1			260		other	0
10108021_2	848	Sound	32	36133850	1043	1			260		other	0
10108021_2	848	Response	1	36136321	3514	1
10108021_2	849	Sound	40	36160849	867	1			260		other	0
10108021_2	849	Response	1	36163839	3857	1
10108021_2	850	Sound	31	36180348	693	1			260		other	0
10108021_2	851	Sound	35	36198847	687	1			260		other	0
10108021_2	852	Sound	39	36215846	1014	1			260		other	0
10108021_2	852	Response	1	36220396	5564	1
10108021_2	853	Sound	34	36240344	839	1			260		other	0
10108021_2	854	Sound	33	36267342	996	1			260		other	0
10108021_2	854	Response	1	36270873	4526	1
10108021_2	855	Sound	32	36296341	652	1			260		other	0
10108021_2	856	Sound	30	36324839	975	1			260		other	0
10108021_2	856	Response	1	36327429	3565	1
10108021_2	857	Sound	38	36343338	635	1			260		other	0
10108021_2	858	Sound	31	36364337	628	1			260		other	0
10108021_2	859	Sound	33	36392835	617	1			260		other	0
10108021_2	860	Sound	37	36414833	943	1			260		other	0
10108021_2	860	Response	1	36417664	3773	1
10108021_2	861	Sound	40	36444332	932	1			260		other	0
10108021_2	861	Response	1	36446462	3062	1
10108021_2	862	Sound	37	36462331	759	1			260		other	0
10108021_2	862	Response	1	36465901	4329	1
10108021_2	863	Sound	36	36487829	917	1			260		other	0
10108021_2	864	Sound	38	36510828	575	1			260		other	0
10108021_2	865	Sound	34	36534826	1067	1			260		other	0
10108021_2	865	Response	1	36539096	5337	1
10108021_2	866	Sound	40	36555325	893	1			260		other	0
10108021_2	866	Response	1	36557655	3223	1
10108021_2	867	Sound	36	36574824	719	1			260		other	0
10108021_2	867	Response	1	36579094	4989	1
10108021_2	868	Sound	36	36596323	711	1			260		other	0
10108021_2	868	Response	1	36600932	5321	1
10108021_2	869	Sound	35	36614822	871	1			260		other	0

The following output port codes were not sent because of a conflict on the port.
Port	Code	Time(ms)
1	253	58036.9
1	253	335917
1	253	578405
1	253	817399
1	253	1.02186e+06
1	253	1.31062e+06
1	253	1.52777e+06
1	253	1.78164e+06
1	253	2.02312e+06
1	253	2.39153e+06
1	253	2.62322e+06
1	253	2.81386e+06
1	253	3.07528e+06
1	253	3.29491e+06
1	253	3.52947e+06
1	253	3.66346e+06
