Scenario - 
Logfile written - 11/07/2018 15:42:40

Subject	Trial	Event Type	Code	Time	TTime	Uncertainty	Duration	Uncertainty	ReqTime	ReqDur	Stim Type	Pair Index

10108010_1	1	Response	255	26551	26051	1
10108010_1	3	Sound	16	99316	530	1			260		other	0
10108010_1	4	Sound	19	119416	623	1			260		other	0
10108010_1	4	Response	1	123989	5196	1
10108010_1	5	Sound	17	144615	480	1			260		other	0
10108010_1	5	Response	1	149748	5613	1
10108010_1	6	Sound	19	161415	608	1			260		other	0
10108010_1	6	Response	1	164628	3821	1
10108010_1	7	Sound	18	177614	635	1			260		other	0
10108010_1	7	Response	1	180547	3568	1
10108010_1	8	Sound	13	201614	460	1			260		other	0
10108010_1	8	Response	1	204787	3633	1
10108010_1	9	Sound	12	225013	518	1			260		other	0
10108010_1	9	Response	1	229266	4771	1
10108010_1	10	Sound	18	251713	375	1			260		other	0
10108010_1	10	Response	1	255265	3928	1
10108010_1	11	Sound	11	271512	502	1			260		other	0
10108010_1	12	Sound	20	297012	659	1			260		other	0
10108010_1	12	Response	1	300464	4112	1
10108010_1	13	Sound	17	315011	653	1			260		other	0
10108010_1	13	Response	1	320384	6026	1
10108010_1	14	Sound	10	335711	512	1			260		other	0
10108010_1	15	Sound	20	363010	469	1			260		other	0
10108010_1	15	Response	1	365343	2802	1
10108010_1	16	Sound	13	384610	395	1			260		other	0
10108010_1	16	Response	1	388542	4327	1
10108010_1	17	Sound	13	401110	389	1			260		other	0
10108010_1	17	Response	1	404702	3982	1
10108010_1	18	Sound	11	420309	415	1			260		other	0
10108010_1	19	Sound	14	436809	409	1			260		other	0
10108010_1	19	Response	1	440541	4142	1
10108010_1	20	Sound	15	458708	468	1			260		other	0
10108010_1	20	Response	1	462141	3901	1
10108010_1	21	Sound	19	475208	629	1			260		other	0
10108010_1	21	Response	1	478300	3721	1
10108010_1	22	Sound	11	499507	420	1			260		other	0
10108010_1	23	Sound	14	519907	480	1			260		other	0
10108010_1	23	Response	1	524619	5192	1
10108010_1	24	Sound	13	536707	607	1			260		other	0
10108010_1	24	Response	1	541419	5319	1
10108010_1	25	Sound	16	552906	468	1			260		other	0
10108010_1	25	Response	1	556539	4100	1
10108010_1	26	Sound	16	578706	592	1			260		other	0
10108010_1	26	Response	1	585818	7704	1
10108010_1	27	Sound	18	597605	652	1			260		other	0
10108010_1	27	Response	1	600217	3264	1
10108010_1	28	Sound	14	617705	578	1			260		other	0
10108010_1	28	Response	1	620777	3650	1
10108010_1	29	Sound	12	637804	504	1			260		other	0
10108010_1	29	Response	1	641497	4197	1
10108010_1	30	Sound	12	665104	461	1			260		other	0
10108010_1	31	Sound	13	681003	522	1			260		other	0
10108010_1	31	Response	1	685655	5174	1
10108010_1	32	Sound	19	697203	383	1			260		other	0
10108010_1	32	Response	1	701175	4355	1
10108010_1	33	Sound	17	717303	643	1			260		other	0
10108010_1	33	Response	1	721015	4355	1
10108010_1	34	Sound	14	742502	500	1			260		other	0
10108010_1	34	Response	1	746134	4132	1
10108010_1	35	Sound	12	764102	426	1			260		other	0
10108010_1	36	Sound	15	783901	552	1			260		other	0
10108010_1	36	Response	1	787413	4064	1
10108010_1	37	Sound	16	811501	476	1			260		other	0
10108010_1	37	Response	1	816292	5268	1
10108010_1	38	Sound	17	832200	502	1			260		other	0
10108010_1	38	Response	1	835892	4193	1
10108010_1	39	Sound	16	856800	426	1			260		other	0
10108010_1	40	Sound	15	880499	451	1			260		other	0
10108010_1	40	Response	1	884611	4563	1
10108010_1	41	Sound	20	897599	545	1			260		other	0
10108010_1	41	Response	1	900130	3076	2
10108010_1	42	Sound	17	921898	503	1			260		other	0
10108010_1	42	Response	1	925250	3855	1
10108010_1	43	Sound	10	939898	497	1			260		other	0
10108010_1	44	Sound	15	963597	522	1			260		other	0
10108010_1	44	Response	1	967889	4813	1
10108010_1	45	Sound	20	989697	446	1			260		other	0
10108010_1	45	Response	1	992288	3037	1
10108010_1	46	Sound	11	1015196	437	1			260		other	0
10108010_1	47	Sound	10	1041596	494	1			260		other	0
10108010_1	48	Sound	15	1059295	521	1			260		other	0
10108010_1	49	Sound	12	1075495	548	1			260		other	0
10108010_1	50	Sound	18	1103394	438	1			260		other	0
10108010_1	51	Sound	10	1130994	529	1			260		other	0
10108010_1	52	Sound	18	1158593	619	1			260		other	0
10108010_1	52	Response	1	1163804	5830	1
10108010_1	53	Sound	20	1185293	643	1			260		other	0
10108010_1	53	Response	1	1188284	3634	1
10108010_1	54	Sound	11	1202992	503	1			260		other	0
10108010_1	55	Sound	14	1228192	527	1			260		other	0
10108010_1	56	Sound	19	1254891	551	1			260		other	0
10108010_1	56	Response	1	1259082	4742	1
10108010_1	57	Sound	10	1275291	444	1			260		other	0
10108010_1	59	Response	255	1319801	19865	1
10108010_1	61	Sound	40	1387488	604	1			260		other	0
10108010_1	61	Response	1	1390598	3714	1
10108010_1	62	Sound	36	1407888	663	1			260		other	0
10108010_1	63	Sound	31	1429787	389	1			260		other	0
10108010_1	64	Sound	39	1447487	416	1			260		other	0
10108010_1	65	Sound	39	1464887	643	1			260		other	0
10108010_1	66	Sound	35	1489486	568	1			260		other	0
10108010_1	67	Sound	30	1508086	494	1			260		other	0
10108010_1	68	Sound	40	1526385	621	1			260		other	0
10108010_1	68	Response	1	1528436	2671	1
10108010_1	69	Sound	37	1554885	611	1			260		other	0
10108010_1	70	Sound	40	1575584	470	1			260		other	0
10108010_1	70	Response	1	1577954	2840	1
10108010_1	71	Sound	33	1601384	428	1			260		other	0
10108010_1	72	Sound	38	1627483	518	1			260		other	0
10108010_1	73	Sound	33	1652683	376	1			260		other	0
10108010_1	73	Response	1	1657313	5006	1
10108010_1	74	Sound	38	1674282	635	1			260		other	0
10108010_1	74	Response	1	1678272	4625	1
10108010_1	75	Sound	34	1694382	394	1			260		other	0
10108010_1	76	Sound	37	1718381	553	1			260		other	0
10108010_1	76	Response	1	1722351	4522	1
10108010_1	77	Sound	30	1739081	579	1			260		other	0
10108010_1	78	Sound	31	1767280	435	1			260		other	0
10108010_1	79	Sound	30	1796080	392	1			260		other	0
10108010_1	80	Sound	32	1823679	483	1			260		other	0
10108010_1	81	Sound	33	1841979	442	1			260		other	0
10108010_1	82	Sound	38	1861778	568	1			260		other	0
10108010_1	83	Sound	33	1881878	661	1			260		other	0
10108010_1	84	Sound	32	1909177	618	1			260		other	0
10108010_1	84	Response	1	1913067	4508	1
10108010_1	85	Sound	40	1932277	376	1			260		other	0
10108010_1	85	Response	1	1934906	3006	1
10108010_1	86	Sound	37	1948476	571	1			260		other	0
10108010_1	87	Sound	33	1971576	496	1			260		other	0
10108010_1	88	Sound	32	2000675	586	1			260		other	0
10108010_1	89	Sound	34	2027075	643	1			260		other	0
10108010_1	90	Sound	37	2054374	600	1			260		other	0
10108010_1	90	Response	1	2058583	4809	1
10108010_1	91	Sound	34	2079574	457	1			260		other	0
10108010_1	92	Sound	35	2096673	384	1			260		other	0
10108010_1	92	Response	1	2101382	5094	1
10108010_1	93	Sound	31	2123673	375	1			260		other	0
10108010_1	94	Sound	31	2142272	468	1			260		other	0
10108010_1	95	Sound	39	2159372	395	1			260		other	0
10108010_1	96	Sound	36	2181571	421	1			260		other	0
10108010_1	97	Sound	36	2208871	378	1			260		other	0
10108010_1	98	Sound	30	2235570	568	1			260		other	0
10108010_1	99	Sound	35	2261670	493	1			260		other	0
10108010_1	100	Sound	34	2285369	517	1			260		other	0
10108010_1	101	Sound	32	2309669	643	1			260		other	0
10108010_1	102	Sound	31	2326768	569	1			260		other	0
10108010_1	103	Sound	32	2352568	527	1			260		other	0
10108010_1	104	Sound	38	2372067	520	1			260		other	0
10108010_1	105	Sound	36	2396067	511	1			260		other	0
10108010_1	106	Sound	38	2420666	603	1			260		other	0
10108010_1	107	Sound	30	2444366	461	1			260		other	0
10108010_1	108	Sound	35	2470165	585	1			260		other	0
10108010_1	109	Sound	39	2486365	612	1			260		other	0
10108010_1	110	Sound	40	2503465	539	1			260		other	0
10108010_1	110	Response	1	2506173	3248	1
10108010_1	111	Sound	34	2522064	633	1			260		other	0
10108010_1	112	Sound	37	2542464	526	1			260		other	0
10108010_1	113	Sound	39	2562563	452	1			260		other	0
10108010_1	114	Sound	35	2587463	676	1			260		other	0
10108010_1	115	Sound	36	2616562	600	1			260		other	0
10108010_1	117	Response	255	2649929	15714	1
10108010_1	119	Sound	59	2716160	664	1			260		other	0
10108010_1	120	Sound	58	2740759	588	1			260		other	0
10108010_1	120	Response	1	2743607	3436	1
10108010_1	121	Sound	52	2761459	447	1			260		other	0
10108010_1	122	Sound	58	2787858	671	1			260		other	0
10108010_1	122	Response	1	2791445	4258	2
10108010_1	123	Sound	55	2813958	595	1			260		other	0
10108010_1	124	Sound	57	2836757	387	1			260		other	0
10108010_1	124	Response	1	2840645	4275	1
10108010_1	125	Sound	53	2854157	614	1			260		other	0
10108010_1	126	Sound	54	2873957	407	1			260		other	0
10108010_1	127	Sound	60	2893456	400	1			260		other	0
10108010_1	127	Response	1	2895684	2628	1
10108010_1	128	Sound	59	2913856	627	1			260		other	0
10108010_1	128	Response	1	2918643	5414	2
10108010_1	129	Sound	57	2933355	453	1			260		other	0
10108010_1	129	Response	1	2937203	4300	1
10108010_1	130	Sound	57	2956455	378	1			260		other	0
10108010_1	130	Response	1	2959442	3366	1
10108010_1	131	Sound	50	2972654	405	1			260		other	0
10108010_1	132	Sound	58	3001154	562	1			260		other	0
10108010_1	132	Response	1	3004641	4049	1
10108010_1	133	Sound	60	3029653	385	1			260		other	0
10108010_1	133	Response	1	3031760	2492	1
10108010_1	134	Sound	58	3048553	612	1			260		other	0
10108010_1	134	Response	1	3052720	4779	1
10108010_1	135	Sound	60	3066552	439	1			260		other	0
10108010_1	135	Response	1	3068720	2606	1
10108010_1	136	Sound	56	3087252	465	1			260		other	0
10108010_1	136	Response	1	3091199	4412	1
10108010_1	137	Sound	52	3114551	421	1			260		other	0
10108010_1	138	Sound	50	3134351	548	1			260		other	0
10108010_1	139	Sound	51	3157750	439	1			260		other	0
10108010_1	140	Sound	59	3181450	631	1			260		other	0
10108010_1	140	Response	1	3185117	4298	1
10108010_1	141	Sound	58	3202149	657	1			260		other	0
10108010_1	141	Response	1	3205436	3944	1
10108010_1	142	Sound	51	3221049	550	1			260		other	0
10108010_1	142	Response	1	3225276	4777	1
10108010_1	143	Sound	55	3238149	477	1			260		other	0
10108010_1	144	Sound	60	3262748	569	1			260		other	0
10108010_1	144	Response	1	3264875	2695	1
10108010_1	145	Sound	52	3288848	493	1			260		other	0
10108010_1	145	Response	1	3293914	5559	1
10108010_1	146	Sound	50	3314347	650	1			260		other	0
10108010_1	147	Sound	51	3331747	544	1			260		other	0
10108010_1	148	Sound	60	3349146	438	1			260		other	0
10108010_1	148	Response	1	3352473	3765	1
10108010_1	149	Sound	54	3368046	664	1			260		other	0
10108010_1	150	Sound	52	3390545	657	1			260		other	0
10108010_1	151	Sound	53	3413345	448	1			260		other	0
10108010_1	152	Sound	59	3430445	375	1			260		other	0
10108010_1	152	Response	1	3434391	4322	1
10108010_1	153	Sound	54	3447844	436	1			260		other	0
10108010_1	154	Sound	51	3476644	559	1			260		other	0
10108010_1	155	Sound	52	3502743	483	1			260		other	0
10108010_1	156	Sound	53	3526743	475	1			260		other	0
10108010_1	157	Sound	55	3552542	599	1			260		other	0
10108010_1	158	Sound	54	3575941	491	1			260		other	0
10108010_1	159	Sound	51	3603541	414	1			260		other	0
10108010_1	160	Sound	56	3631440	637	1			260		other	0
10108010_1	161	Sound	55	3650640	664	1			260		other	0
10108010_1	161	Response	1	3654546	4570	1
10108010_1	162	Sound	59	3671639	656	1			260		other	0
10108010_1	162	Response	1	3675346	4362	1
10108010_1	163	Sound	56	3696539	381	1			260		other	0
10108010_1	163	Response	1	3700865	4706	1
10108010_1	164	Sound	57	3715438	440	1			260		other	0
10108010_1	165	Sound	56	3742738	564	1			260		other	0
10108010_1	165	Response	1	3746944	4770	1
10108010_1	166	Sound	54	3762837	657	1			260		other	0
10108010_1	166	Response	1	3767503	5323	1
10108010_1	167	Sound	56	3788637	448	1			260		other	0
10108010_1	167	Response	1	3792223	4034	1
10108010_1	168	Sound	55	3809637	607	1			260		other	0
10108010_1	168	Response	1	3812942	3913	1
10108010_1	169	Sound	50	3834836	465	1			260		other	0
10108010_1	170	Sound	57	3851036	492	1			260		other	0
10108010_1	171	Sound	53	3874735	517	1			260		other	0
10108010_1	171	Response	1	3879980	5762	1
10108010_1	172	Sound	53	3893935	544	1			260		other	0
10108010_1	172	Response	1	3896620	3229	1
10108010_1	173	Sound	50	3919734	501	1			260		other	0
10108010_1	175	Response	255	3954059	12238	1
10108010_1	177	Sound	50	4029232	629	1			260		other	0
10108010_1	178	Sound	56	4056831	385	1			260		other	0
10108010_1	179	Sound	54	4077531	411	1			260		other	0
10108010_1	180	Sound	52	4106330	534	1			260		other	0
10108010_1	181	Sound	57	4134230	591	1			260		other	0
10108010_1	182	Sound	53	4151029	552	1			260		other	0
10108010_1	183	Sound	56	4174729	577	1			260		other	0
10108010_1	183	Response	1	4179254	5102	1
10108010_1	184	Sound	52	4198428	602	1			260		other	0
10108010_1	185	Sound	60	4220628	627	1			260		other	0
10108010_1	185	Response	1	4222773	2772	1
10108010_1	186	Sound	51	4239527	520	1			260		other	0
10108010_1	187	Sound	59	4267427	577	1			260		other	0
10108010_1	187	Response	1	4271491	4642	1
10108010_1	188	Sound	56	4291426	569	1			260		other	0
10108010_1	189	Sound	57	4310626	429	1			260		other	0
10108010_1	189	Response	1	4314291	4094	1
10108010_1	190	Sound	60	4332225	521	1			260		other	0
10108010_1	190	Response	1	4334370	2665	1
10108010_1	191	Sound	60	4349925	381	1			260		other	0
10108010_1	191	Response	1	4352050	2506	1
10108010_1	192	Sound	51	4373025	473	1			260		other	0
10108010_1	193	Sound	55	4401824	429	1			260		other	0
10108010_1	194	Sound	55	4421023	622	1			260		other	0
10108010_1	195	Sound	53	4441723	481	1			260		other	0
10108010_1	195	Response	1	4446207	4966	1
10108010_1	196	Sound	56	4469322	572	1			260		other	0
10108010_1	196	Response	1	4473327	4576	1
10108010_1	197	Sound	58	4491222	631	1			260		other	0
10108010_1	197	Response	1	4494526	3935	1
10108010_1	198	Sound	51	4517021	588	1			260		other	0
10108010_1	199	Sound	51	4544321	378	1			260		other	0
10108010_1	200	Sound	50	4564720	604	1			260		other	0
10108010_1	201	Sound	52	4583620	498	1			260		other	0
10108010_1	202	Sound	55	4611519	388	1			260		other	0
10108010_1	202	Response	1	4615963	4832	1
10108010_1	203	Sound	50	4637619	479	1			260		other	0
10108010_1	204	Sound	50	4659818	504	1			260		other	0
10108010_1	205	Sound	59	4676318	498	1			260		other	0
10108010_1	205	Response	1	4679962	4142	1
10108010_1	206	Sound	57	4699418	423	1			260		other	0
10108010_1	206	Response	1	4703081	4087	1
10108010_1	207	Sound	54	4721917	582	1			260		other	0
10108010_1	207	Response	1	4725641	4305	1
10108010_1	208	Sound	53	4742317	641	1			260		other	0
10108010_1	209	Sound	54	4760916	401	1			260		other	0
10108010_1	210	Sound	54	4785216	526	1			260		other	0
10108010_1	210	Response	1	4788759	4069	1
10108010_1	211	Sound	60	4808615	417	1			260		other	0
10108010_1	211	Response	1	4810599	2401	1
10108010_1	212	Sound	59	4828715	510	1			260		other	0
10108010_1	212	Response	1	4832678	4474	1
10108010_1	213	Sound	57	4852114	569	1			260		other	0
10108010_1	213	Response	1	4855798	4252	1
10108010_1	214	Sound	55	4876714	493	1			260		other	0
10108010_1	214	Response	1	4880917	4697	1
10108010_1	215	Sound	53	4894113	387	1			260		other	0
10108010_1	216	Sound	59	4918113	545	1			260		other	0
10108010_1	217	Sound	58	4940912	504	1			260		other	0
10108010_1	217	Response	1	4945796	5387	1
10108010_1	218	Sound	58	4969712	627	1			260		other	0
10108010_1	218	Response	1	4974835	5750	1
10108010_1	219	Sound	57	4988011	587	1			260		other	0
10108010_1	219	Response	1	4993235	5810	1
10108010_1	220	Sound	58	5009611	512	1			260		other	0
10108010_1	220	Response	1	5012914	3816	1
10108010_1	221	Sound	58	5030910	471	1			260		other	0
10108010_1	221	Response	1	5034514	4075	1
10108010_1	222	Sound	56	5056710	429	1			260		other	0
10108010_1	222	Response	1	5060913	4632	1
10108010_1	223	Sound	52	5073209	423	1			260		other	0
10108010_1	224	Sound	52	5102309	513	1			260		other	0
10108010_1	224	Response	1	5105712	3916	1
10108010_1	225	Sound	59	5119708	406	1			260		other	0
10108010_1	225	Response	1	5123231	3929	1
10108010_1	226	Sound	53	5143108	632	1			260		other	0
10108010_1	227	Sound	55	5169507	522	1			260		other	0
10108010_1	227	Response	1	5175150	6165	1
10108010_1	228	Sound	60	5185707	550	1			260		other	0
10108010_1	228	Response	1	5188270	3113	1
10108010_1	229	Sound	51	5208807	641	1			260		other	0
10108010_1	230	Sound	50	5231606	600	1			260		other	0
10108010_1	231	Sound	54	5253506	659	1			260		other	0
10108010_1	233	Response	255	5281388	10455	1
10108010_1	235	Sound	17	5352804	590	1			260		other	0
10108010_1	236	Sound	15	5378003	448	1			260		other	0
10108010_1	236	Response	1	5382505	4950	1
10108010_1	237	Sound	13	5399002	607	1			260		other	0
10108010_1	238	Sound	11	5425702	631	1			260		other	0
10108010_1	239	Sound	19	5441602	525	1			260		other	0
10108010_1	239	Response	1	5446904	5827	1
10108010_1	240	Sound	11	5460201	452	1			260		other	0
10108010_1	241	Sound	20	5480301	544	1			260		other	0
10108010_1	241	Response	1	5482983	3227	1
10108010_1	242	Sound	17	5502500	403	1			260		other	0
10108010_1	242	Response	1	5506822	4725	1
10108010_1	243	Sound	15	5528600	661	1			260		other	0
10108010_1	243	Response	1	5533222	5283	1
10108010_1	244	Sound	16	5551999	552	1			260		other	0
10108010_1	244	Response	1	5555701	4254	1
10108010_1	245	Sound	12	5569099	646	1			260		other	0
10108010_1	246	Sound	20	5594898	604	1			260		other	0
10108010_1	246	Response	1	5597460	3166	1
10108010_1	247	Sound	13	5620698	394	1			260		other	0
10108010_1	247	Response	1	5627780	7476	1
10108010_1	248	Sound	10	5636897	422	1			260		other	0
10108010_1	249	Sound	18	5654897	415	1			260		other	0
10108010_1	249	Response	1	5659699	5217	1
10108010_1	250	Sound	19	5673197	542	1			260		other	0
10108010_1	250	Response	1	5677218	4564	1
10108010_1	251	Sound	12	5696896	401	1			260		other	0
10108010_1	251	Response	1	5701618	5122	1
10108010_1	252	Sound	12	5721796	458	1			260		other	0
10108010_1	253	Sound	16	5743995	484	1			260		other	0
10108010_1	253	Response	1	5747537	4025	1
10108010_1	254	Sound	10	5770694	507	1			260		other	0
10108010_1	255	Sound	17	5794094	400	1			260		other	0
10108010_1	255	Response	1	5797776	4081	1
10108010_1	256	Sound	16	5813294	593	1			260		other	0
10108010_1	256	Response	1	5817455	4754	1
10108010_1	257	Sound	14	5835793	418	1			260		other	0
10108010_1	257	Response	1	5839695	4319	1
10108010_1	258	Sound	14	5856793	410	1			260		other	0
10108010_1	259	Sound	10	5878392	502	1			260		other	0
10108010_1	260	Sound	20	5907192	626	1			260		other	0
10108010_1	260	Response	1	5910493	3927	1
10108010_1	261	Sound	11	5931491	417	1			260		other	0
10108010_1	262	Sound	14	5956391	641	1			260		other	0
10108010_1	263	Sound	19	5973790	535	1			260		other	0
10108010_1	263	Response	1	5978891	5636	1
10108010_1	264	Sound	13	5999290	526	1			260		other	0
10108010_1	265	Sound	11	6023889	617	1			260		other	0
10108010_1	266	Sound	19	6041589	644	1			260		other	0
10108010_1	266	Response	1	6046810	5865	1
10108010_1	267	Sound	11	6066788	502	1			260		other	0
10108010_1	268	Sound	19	6085088	462	1			260		other	0
10108010_1	268	Response	1	6088329	3703	1
10108010_1	269	Sound	18	6105187	555	1			260		other	0
10108010_1	269	Response	1	6111208	6576	1
10108010_1	270	Sound	18	6130387	579	1			260		other	0
10108010_1	270	Response	1	6133768	3960	1
10108010_1	271	Sound	12	6146886	573	1			260		other	0
10108010_1	272	Sound	20	6166386	400	1			260		other	0
10108010_1	272	Response	1	6169367	3381	1
10108010_1	273	Sound	15	6191286	458	1			260		other	0
10108010_1	274	Sound	18	6207485	485	1			260		other	0
10108010_1	274	Response	1	6211046	4046	1
10108010_1	275	Sound	15	6234185	509	1			260		other	0
10108010_1	276	Sound	10	6251584	570	1			260		other	0
10108010_1	277	Sound	18	6278884	526	1			260		other	0
10108010_1	277	Response	1	6283844	5487	1
10108010_1	278	Sound	16	6304983	617	1			260		other	0
10108010_1	278	Response	1	6309364	4998	1
10108010_1	279	Sound	14	6330782	574	1			260		other	0
10108010_1	279	Response	1	6335763	5555	1
10108010_1	280	Sound	20	6349682	635	1			260		other	0
10108010_1	280	Response	1	6352163	3115	1
10108010_1	281	Sound	16	6365882	662	1			260		other	0
10108010_1	282	Sound	13	6389881	487	1			260		other	0
10108010_1	283	Sound	15	6418381	643	1			260		other	0
10108010_1	283	Response	1	6425121	7384	1
10108010_1	284	Sound	14	6437580	503	1			260		other	0
10108010_1	284	Response	1	6442161	5083	1
10108010_1	285	Sound	17	6461280	528	1			260		other	0
10108010_1	285	Response	1	6464720	3968	1
10108010_1	286	Sound	13	6477479	556	1			260		other	0
10108010_1	286	Response	1	6482560	5636	1
10108010_1	287	Sound	17	6503879	613	1			260		other	0
10108010_1	287	Response	1	6507279	4013	1
10108010_1	288	Sound	10	6531478	370	1			260		other	0
10108010_1	289	Sound	12	6552478	529	1			260		other	0
10108010_1	291	Response	255	6593997	20794	1
10108010_1	293	Sound	54	6666775	621	1			260		other	0
10108010_1	294	Sound	57	6687475	647	1			260		other	0
10108010_1	295	Sound	52	6709074	573	1			260		other	0
10108010_1	296	Sound	52	6727074	567	1			260		other	0
10108010_1	297	Sound	50	6749274	592	1			260		other	0
10108010_1	298	Sound	50	6775073	383	1			260		other	0
10108010_1	299	Sound	57	6797273	408	1			260		other	0
10108010_1	299	Response	1	6801352	4488	1
10108010_1	300	Sound	52	6821272	400	1			260		other	0
10108010_1	301	Sound	57	6847372	490	1			260		other	0
10108010_1	301	Response	1	6850871	3990	1
10108010_1	302	Sound	55	6869871	649	1			260		other	0
10108010_1	302	Response	1	6874070	4848	1
10108010_1	303	Sound	56	6896870	473	1			260		other	0
10108010_1	303	Response	1	6900470	4072	1
10108010_1	304	Sound	57	6916670	599	1			260		other	0
10108010_1	304	Response	1	6921669	5598	1
10108010_1	305	Sound	59	6944269	522	1			260		other	0
10108010_1	305	Response	1	6947669	3922	1
10108010_1	306	Sound	58	6961369	450	1			260		other	0
10108010_1	306	Response	1	6964948	4029	1
10108010_1	307	Sound	53	6985968	541	1			260		other	0
10108010_1	307	Response	1	6989188	3760	1
10108010_1	308	Sound	53	7014168	564	1			260		other	0
10108010_1	308	Response	1	7017107	3503	1
10108010_1	309	Sound	53	7039067	455	1			260		other	0
10108010_1	309	Response	1	7043107	4494	1
10108010_1	310	Sound	51	7067267	479	1			260		other	0
10108010_1	311	Sound	55	7091866	403	1			260		other	0
10108010_1	311	Response	1	7095985	4522	1
10108010_1	312	Sound	59	7108366	397	1			260		other	0
10108010_1	312	Response	1	7112785	4816	1
10108010_1	313	Sound	55	7132965	655	1			260		other	0
10108010_1	313	Response	1	7137504	5194	1
10108010_1	314	Sound	60	7153665	514	1			260		other	0
10108010_1	314	Response	1	7155664	2513	1
10108010_1	315	Sound	60	7173765	607	1			260		other	0
10108010_1	315	Response	1	7175743	2586	1
10108010_1	316	Sound	53	7191164	501	1			260		other	0
10108010_1	317	Sound	58	7213664	660	1			260		other	0
10108010_1	317	Response	1	7217262	4258	3
10108010_1	318	Sound	50	7230763	420	1			260		other	0
10108010_1	319	Sound	50	7254463	445	1			260		other	0
10108010_1	320	Sound	52	7282362	502	1			260		other	0
10108010_1	321	Sound	54	7308462	426	1			260		other	0
10108010_1	321	Response	1	7312700	4664	1
10108010_1	322	Sound	51	7336361	483	1			260		other	0
10108010_1	323	Sound	58	7354061	510	1			260		other	0
10108010_1	323	Response	1	7360139	6588	1
10108010_1	324	Sound	55	7382560	499	1			260		other	0
10108010_1	324	Response	1	7386138	4078	1
10108010_1	325	Sound	60	7405060	491	1			260		other	0
10108010_1	325	Response	1	7407738	3170	1
10108010_1	326	Sound	58	7433859	448	1			260		other	0
10108010_1	326	Response	1	7437657	4246	1
10108010_1	327	Sound	51	7460258	672	1			260		other	0
10108010_1	328	Sound	56	7479458	532	1			260		other	0
10108010_1	328	Response	1	7483096	4170	1
10108010_1	329	Sound	58	7505557	455	1			260		other	0
10108010_1	329	Response	1	7509496	4394	1
10108010_1	330	Sound	53	7523257	483	1			260		other	0
10108010_1	331	Sound	57	7550856	406	1			260		other	0
10108010_1	331	Response	1	7554934	4484	1
10108010_1	332	Sound	50	7567956	500	1			260		other	0
10108010_1	333	Sound	60	7588056	593	1			260		other	0
10108010_1	333	Response	1	7590774	3311	1
10108010_1	334	Sound	51	7606955	486	1			260		other	0
10108010_1	335	Sound	59	7624055	413	1			260		other	0
10108010_1	335	Response	1	7627893	4251	1
10108010_1	336	Sound	55	7640855	541	1			260		other	0
10108010_1	336	Response	1	7645412	5099	1
10108010_1	337	Sound	52	7662454	633	1			260		other	0
10108010_1	338	Sound	56	7687954	624	1			260		other	0
10108010_1	338	Response	1	7692131	4802	1
10108010_1	339	Sound	54	7705653	651	1			260		other	0
10108010_1	340	Sound	59	7723953	444	1			260		other	0
10108010_1	340	Response	1	7727570	4062	1
10108010_1	341	Sound	60	7753052	534	1			260		other	0
10108010_1	341	Response	1	7755730	3212	1
10108010_1	342	Sound	56	7770152	461	1			260		other	0
10108010_1	342	Response	1	7777089	7399	1
10108010_1	343	Sound	51	7798351	485	1			260		other	0
10108010_1	344	Sound	56	7819351	477	1			260		other	0
10108010_1	344	Response	1	7824288	5415	1
10108010_1	345	Sound	54	7837650	604	1			260		other	0
10108010_1	345	Response	1	7841328	4281	1
10108010_1	346	Sound	59	7861350	462	1			260		other	0
10108010_1	346	Response	1	7865167	4279	1
10108010_1	347	Sound	54	7886549	653	1			260		other	0
10108010_1	347	Response	1	7890527	4631	1
10108010_1	349	Response	255	7923486	13835	1
10108010_1	351	Sound	20	7987647	550	1			260		other	0
10108010_1	351	Response	1	7990525	3428	1
10108010_1	352	Sound	16	8014347	407	1			260		other	0
10108010_1	353	Sound	13	8030846	402	1			260		other	0
10108010_1	354	Sound	16	8057246	626	1			260		other	0
10108010_1	354	Response	1	8060683	4063	1
10108010_1	355	Sound	20	8076745	452	1			260		other	0
10108010_1	355	Response	1	8079482	3189	1
10108010_1	356	Sound	13	8094745	612	1			260		other	0
10108010_1	356	Response	1	8099562	5429	1
10108010_1	357	Sound	15	8119644	503	1			260		other	0
10108010_1	358	Sound	13	8145144	661	1			260		other	0
10108010_1	359	Sound	14	8161343	522	1			260		other	0
10108010_1	360	Sound	18	8181743	581	1			260		other	0
10108010_1	360	Response	1	8187559	6398	1
10108010_1	361	Sound	19	8202143	641	1			260		other	0
10108010_1	361	Response	1	8205720	4218	1
10108010_1	362	Sound	16	8223142	633	1			260		other	0
10108010_1	362	Response	1	8227159	4650	1
10108010_1	363	Sound	19	8239942	594	1			260		other	0
10108010_1	363	Response	1	8243718	4370	1
10108010_1	364	Sound	11	8266941	584	1			260		other	0
10108010_1	365	Sound	18	8290341	642	1			260		other	0
10108010_1	365	Response	1	8296997	7299	1
10108010_1	366	Sound	17	8313440	401	1			260		other	0
10108010_1	366	Response	1	8317317	4277	1
10108010_1	367	Sound	20	8332040	661	1			260		other	0
10108010_1	367	Response	1	8334836	3458	1
10108010_1	368	Sound	18	8356039	486	1			260		other	0
10108010_1	369	Sound	18	8374339	612	1			260		other	0
10108010_1	369	Response	1	8378515	4789	1
10108010_1	370	Sound	15	8400138	403	1			260		other	0
10108010_1	371	Sound	11	8420538	629	1			260		other	0
10108010_1	372	Sound	11	8443937	521	1			260		other	0
10108010_1	373	Sound	12	8471237	645	1			260		other	0
10108010_1	374	Sound	20	8488636	372	1			260		other	0
10108010_1	374	Response	1	8491632	3368	1
10108010_1	375	Sound	14	8506336	565	1			260		other	0
10108010_1	376	Sound	17	8529735	624	1			260		other	0
10108010_1	377	Sound	12	8554335	382	1			260		other	0
10108010_1	378	Sound	15	8576235	607	1			260		other	0
10108010_1	379	Sound	19	8594234	434	1			260		other	0
10108010_1	379	Response	1	8598750	4950	1
10108010_1	380	Sound	10	8614934	627	1			260		other	0
10108010_1	381	Sound	11	8642233	584	1			260		other	0
10108010_1	382	Sound	11	8664133	476	1			260		other	0
10108010_1	383	Sound	16	8681532	536	1			260		other	0
10108010_1	383	Response	1	8685468	4472	1
10108010_1	384	Sound	17	8707032	527	1			260		other	0
10108010_1	385	Sound	14	8731031	519	1			260		other	0
10108010_1	386	Sound	18	8749631	445	1			260		other	0
10108010_1	387	Sound	10	8775430	569	1			260		other	0
10108010_1	388	Sound	10	8798530	494	1			260		other	0
10108010_1	389	Sound	17	8815029	489	1			260		other	0
10108010_1	389	Response	1	8822185	7644	1
10108010_1	390	Sound	12	8843529	645	1			260		other	0
10108010_1	391	Sound	15	8870228	502	1			260		other	0
10108010_1	391	Response	1	8876343	6618	1
10108010_1	392	Sound	13	8889128	562	1			260		other	0
10108010_1	393	Sound	16	8913427	520	1			260		other	0
10108010_1	393	Response	1	8916743	3836	1
10108010_1	394	Sound	10	8932627	380	1			260		other	0
10108010_1	395	Sound	17	8957226	638	1			260		other	0
10108010_1	395	Response	1	8961781	5193	1
10108010_1	396	Sound	14	8977326	397	1			260		other	0
10108010_1	397	Sound	13	8992626	525	1			260		other	0
10108010_1	398	Sound	15	9009425	653	1			260		other	0
10108010_1	399	Sound	20	9027425	646	1			260		other	0
10108010_1	399	Response	1	9035140	8361	1
10108010_1	400	Sound	19	9049324	372	1			260		other	0
10108010_1	400	Response	1	9054179	5227	1
10108010_1	401	Sound	10	9073924	463	1			260		other	0
10108010_1	402	Sound	14	9094623	489	1			260		other	0
10108010_1	403	Sound	19	9121923	446	1			260		other	0
10108010_1	403	Response	1	9126258	4781	1
10108010_1	404	Sound	12	9139322	506	1			260		other	0
10108010_1	405	Sound	12	9163022	531	1			260		other	0
10108010_1	407	Response	255	9206656	20744	1
10108010_1	409	Sound	36	9270720	526	1			260		other	0
10108010_1	410	Sound	33	9295919	384	1			260		other	0
10108010_1	411	Sound	39	9322019	475	1			260		other	0
10108010_1	412	Sound	38	9349318	598	1			260		other	0
10108010_1	413	Sound	31	9373617	389	1			260		other	0
10108010_1	414	Sound	35	9395217	482	1			260		other	0
10108010_1	415	Sound	36	9413817	408	1			260		other	0
10108010_1	416	Sound	33	9431216	469	1			260		other	0
10108010_1	417	Sound	37	9448016	596	1			260		other	0
10108010_1	417	Response	1	9452410	4990	1
10108010_1	418	Sound	34	9473815	554	1			260		other	0
10108010_1	418	Response	1	9477289	4028	1
10108010_1	419	Sound	40	9492715	614	1			260		other	0
10108010_1	419	Response	1	9495449	3348	1
10108010_1	420	Sound	34	9518514	405	1			260		other	0
10108010_1	420	Response	1	9524728	6619	1
10108010_1	421	Sound	35	9538614	497	1			260		other	0
10108010_1	421	Response	1	9542408	4291	1
10108010_1	422	Sound	37	9561113	489	1			260		other	0
10108010_1	422	Response	1	9564487	3863	1
10108010_1	423	Sound	34	9579413	449	1			260		other	0
10108010_1	424	Sound	38	9606412	440	1			260		other	0
10108010_1	424	Response	1	9610566	4594	1
10108010_1	425	Sound	37	9626212	566	1			260		other	0
10108010_1	425	Response	1	9630886	5240	1
10108010_1	426	Sound	35	9642412	427	1			260		other	0
10108010_1	426	Response	1	9647285	5301	1
10108010_1	426	Response	1	9668245	26260	1
10108010_1	427	Sound	39	9671511	517	1			260		other	0
10108010_1	427	Response	1	9676325	5330	1
10108010_1	428	Sound	33	9690111	610	1			260		other	0
10108010_1	428	Response	1	9695524	6023	2
10108010_1	429	Sound	31	9710210	369	1			260		other	0
10108010_1	430	Sound	40	9726410	397	1			260		other	0
10108010_1	430	Response	1	9729204	3191	1
10108010_1	431	Sound	36	9747110	590	1			260		other	0
10108010_1	431	Response	1	9751443	4923	1
10108010_1	432	Sound	39	9772009	481	1			260		other	0
10108010_1	433	Sound	31	9799908	371	1			260		other	0
10108010_1	434	Sound	31	9820008	464	1			260		other	0
10108010_1	435	Sound	32	9845807	588	1			260		other	0
10108010_1	435	Response	1	9850881	5661	1
10108010_1	436	Sound	35	9867707	480	1			260		other	0
10108010_1	436	Response	1	9871600	4373	1
10108010_1	437	Sound	36	9889006	439	1			260		other	0
10108010_1	437	Response	1	9893039	4472	1
10108010_1	438	Sound	32	9914506	597	1			260		other	0
10108010_1	438	Response	1	9918559	4650	1
10108010_1	439	Sound	38	9941505	420	1			260		other	0
10108010_1	439	Response	1	9945438	4353	1
10108010_1	440	Sound	35	9958005	581	1			260		other	0
10108010_1	440	Response	1	9962078	4654	1
10108010_1	441	Sound	36	9983804	538	1			260		other	0
10108010_1	441	Response	1	9988077	4812	1
10108010_1	442	Sound	30	10000904	632	1			260		other	0
10108010_1	443	Sound	32	10019504	559	1			260		other	0
10108010_1	444	Sound	32	10039603	652	1			260		other	0
10108010_1	445	Sound	40	10056103	646	1			260		other	0
10108010_1	445	Response	1	10059036	3579	1
10108010_1	446	Sound	30	10078302	505	1			260		other	0
10108010_1	447	Sound	38	10098102	631	1			260		other	0
10108010_1	448	Sound	39	10117602	624	1			260		other	0
10108010_1	449	Sound	33	10136801	484	1			260		other	0
10108010_1	450	Sound	30	10156301	644	1			260		other	0
10108010_1	451	Sound	34	10183900	567	1			260		other	0
10108010_1	451	Response	1	10187673	4340	1
10108010_1	452	Sound	38	10207600	592	1			260		other	0
10108010_1	453	Sound	33	10226199	519	1			260		other	0
10108010_1	454	Sound	30	10244499	479	1			260		other	0
10108010_1	455	Sound	31	10262798	439	1			260		other	0
10108010_1	456	Sound	30	10283198	498	1			260		other	0
10108010_1	457	Sound	32	10299998	626	1			260		other	0
10108010_1	458	Sound	37	10321597	551	1			260		other	0
10108010_1	459	Sound	40	10338397	512	1			260		other	0
10108010_1	459	Response	1	10340870	2985	1
10108010_1	460	Sound	40	10362096	370	1			260		other	0
10108010_1	460	Response	1	10364629	2903	1
10108010_1	461	Sound	39	10382196	630	1			260		other	0
10108010_1	461	Response	1	10386308	4742	1
10108010_1	462	Sound	37	10402295	389	1			260		other	0
10108010_1	462	Response	1	10406147	4241	1
10108010_1	463	Sound	34	10423295	382	1			260		other	0
10108010_1	463	Response	1	10427107	4194	1
10108010_1	465	Response	1	10526305	75969	1
10108010_1	465	Response	255	10531745	81409	1
10108010_1	467	Sound	10	10606291	483	1			260		other	0
10108010_1	468	Sound	16	10621591	444	1			260		other	0
10108010_1	468	Response	1	10626143	4996	1
10108010_1	469	Sound	15	10648590	435	1			260		other	0
10108010_1	470	Sound	11	10668090	428	1			260		other	0
10108010_1	470	Response	1	10672701	5040	1
10108010_1	471	Sound	20	10687289	621	1			260		other	0
10108010_1	471	Response	1	10690381	3713	1
10108010_1	472	Sound	17	10709789	446	1			260		other	0
10108010_1	473	Sound	14	10731988	638	1			260		other	0
10108010_1	474	Sound	13	10754188	664	1			260		other	0
10108010_1	475	Sound	18	10770987	458	1			260		other	0
10108010_1	475	Response	1	10776859	6329	1
10108010_1	476	Sound	19	10791987	617	1			260		other	0
10108010_1	476	Response	1	10796059	4689	1
10108010_1	477	Sound	13	10808487	444	1			260		other	0
10108010_1	477	Response	1	10824058	16016	1
10108010_1	478	Sound	14	10831886	503	1			260		other	0
10108010_1	478	Response	1	10835418	4034	1
10108010_1	479	Sound	20	10855286	394	1			260		other	0
10108010_1	479	Response	1	10858377	3486	1
10108010_1	480	Sound	20	10874485	587	1			260		other	0
10108010_1	480	Response	1	10878457	4559	1
10108010_1	481	Sound	13	10898785	546	1			260		other	0
10108010_1	481	Response	1	10902216	3977	1
10108010_1	482	Sound	19	10926684	436	1			260		other	0
10108010_1	482	Response	1	10930615	4367	1
10108010_1	483	Sound	12	10954884	625	1			260		other	0
10108010_1	483	Response	1	10959495	5237	1
10108010_1	484	Sound	16	10974383	619	1			260		other	0
10108010_1	484	Response	1	10977414	3650	1
10108010_1	485	Sound	17	10995983	544	1			260		other	0
10108010_1	485	Response	1	10999654	4215	1
10108010_1	486	Sound	12	11023882	434	1			260		other	0
10108010_1	487	Sound	16	11051781	658	1			260		other	0
10108010_1	487	Response	1	11055572	4449	1
10108010_1	488	Sound	19	11076981	515	1			260		other	0
10108010_1	488	Response	1	11080052	3586	1
10108010_1	489	Sound	17	11099780	640	1			260		other	0
10108010_1	489	Response	1	11105011	5871	1
10108010_1	490	Sound	10	11116580	601	1			260		other	0
10108010_1	491	Sound	15	11138780	626	1			260		other	0
10108010_1	491	Response	1	11142291	4137	1
10108010_1	492	Sound	13	11162479	651	1			260		other	0
10108010_1	493	Sound	13	11180479	478	1			260		other	0
10108010_1	494	Sound	19	11197278	439	1			260		other	0
10108010_1	494	Response	1	11202209	5370	1
10108010_1	495	Sound	17	11225178	662	1			260		other	0
10108010_1	495	Response	1	11229248	4733	1
10108010_1	496	Sound	18	11249177	487	1			260		other	0
10108010_1	496	Response	1	11253088	4398	1
10108010_1	497	Sound	10	11267477	447	1			260		other	0
10108010_1	498	Sound	16	11286976	607	1			260		other	0
10108010_1	499	Sound	10	11305876	500	1			260		other	0
10108010_1	500	Sound	15	11329875	492	1			260		other	0
10108010_1	500	Response	1	11335006	5622	1
10108010_1	501	Sound	18	11351175	618	1			260		other	0
10108010_1	501	Response	1	11356205	5648	1
10108010_1	502	Sound	11	11373975	410	1			260		other	0
10108010_1	503	Sound	20	11390174	437	1			260		other	0
10108010_1	503	Response	1	11393085	3347	1
10108010_1	504	Sound	18	11412374	629	1			260		other	0
10108010_1	505	Sound	17	11428573	490	1			260		other	0
10108010_1	505	Response	1	11433324	5240	1
10108010_1	506	Sound	14	11451073	482	1			260		other	0
10108010_1	507	Sound	11	11474772	507	1			260		other	0
10108010_1	508	Sound	20	11500572	631	1			260		other	0
10108010_1	508	Response	1	11503242	3301	1
10108010_1	509	Sound	18	11519771	657	1			260		other	0
10108010_1	510	Sound	12	11546171	548	1			260		other	0
10108010_1	510	Response	1	11550841	5218	1
10108010_1	511	Sound	12	11562670	542	1			260		other	0
10108010_1	511	Response	1	11565241	3112	1
10108010_1	512	Sound	11	11584270	635	1			260		other	0
10108010_1	513	Sound	16	11600770	629	1			260		other	0
10108010_1	513	Response	1	11607399	7258	1
10108010_1	514	Sound	11	11623569	420	1			260		other	0
10108010_1	514	Response	1	11632119	8970	1
10108010_1	515	Sound	14	11643069	580	1			260		other	0
10108010_1	515	Response	1	11647158	4670	1
10108010_1	516	Sound	15	11661368	540	1			260		other	0
10108010_1	516	Response	1	11664678	3850	1
10108010_1	517	Sound	19	11679068	567	1			260		other	0
10108010_1	517	Response	1	11682118	3617	1
10108010_1	518	Sound	15	11706367	524	1			260		other	0
10108010_1	519	Sound	12	11725567	551	1			260		other	0
10108010_1	520	Sound	10	11741467	612	1			260		other	0
10108010_1	521	Sound	14	11760966	438	1			260		other	0
10108010_1	523	Response	255	11810355	24905	1
10108010_1	525	Sound	53	11872264	365	1			260		other	0
10108010_1	526	Sound	58	11899563	655	1			260		other	0
10108010_1	527	Sound	55	11916663	416	1			260		other	0
10108010_1	528	Sound	60	11941862	607	1			260		other	0
10108010_1	528	Response	1	11944032	2776	1
10108010_1	529	Sound	52	11967062	631	1			260		other	0
10108010_1	530	Sound	52	11995861	421	1			260		other	0
10108010_1	531	Sound	55	12018661	546	1			260		other	0
10108010_1	531	Response	1	12024670	6555	1
10108010_1	532	Sound	50	12039060	605	1			260		other	0
10108010_1	533	Sound	57	12062760	464	1			260		other	0
10108010_1	533	Response	1	12066829	4533	1
10108010_1	534	Sound	50	12084059	423	1			260		other	0
10108010_1	535	Sound	53	12100559	417	1			260		other	0
10108010_1	535	Response	1	12103948	3806	1
10108010_1	536	Sound	60	12117659	511	1			260		other	0
10108010_1	536	Response	1	12119868	2720	1
10108010_1	537	Sound	50	12143758	601	1			260		other	0
10108010_1	538	Sound	55	12171957	625	1			260		other	0
10108010_1	538	Response	1	12178666	7333	1
10108010_1	539	Sound	56	12194757	583	1			260		other	0
10108010_1	539	Response	1	12197626	3452	1
10108010_1	540	Sound	58	12222357	674	1			260		other	0
10108010_1	540	Response	1	12226745	5062	1
10108010_1	541	Sound	58	12240956	433	1			260		other	0
10108010_1	541	Response	1	12244425	3902	1
10108010_1	542	Sound	59	12259856	661	1			260		other	0
10108010_1	542	Response	1	12262504	3309	1
10108010_1	543	Sound	56	12275755	388	1			260		other	0
10108010_1	544	Sound	53	12301555	512	1			260		other	0
10108010_1	545	Sound	51	12318354	639	1			260		other	0
10108010_1	546	Sound	59	12346854	462	1			260		other	0
10108010_1	546	Response	1	12349942	3551	1
10108010_1	547	Sound	50	12370553	654	1			260		other	0
10108010_1	548	Sound	51	12392153	580	1			260		other	0
10108010_1	549	Sound	51	12417952	370	1			260		other	0
10108010_1	550	Sound	54	12441952	529	1			260		other	0
10108010_1	550	Response	1	12447140	5717	2
10108010_1	551	Sound	52	12470751	485	1			260		other	0
10108010_1	551	Response	1	12475539	5273	1
10108010_1	552	Sound	54	12491751	644	1			260		other	0
10108010_1	552	Response	1	12495378	4272	1
10108010_1	553	Sound	54	12516650	535	1			260		other	0
10108010_1	553	Response	1	12521138	5023	2
10108010_1	554	Sound	60	12540950	660	1			260		other	0
10108010_1	554	Response	1	12543858	3568	1
10108010_1	555	Sound	55	12566749	617	1			260		other	0
10108010_1	556	Sound	51	12591948	475	1			260		other	0
10108010_1	557	Sound	56	12620748	598	1			260		other	0
10108010_1	557	Response	1	12625376	5226	1
10108010_1	558	Sound	55	12648647	655	1			260		other	0
10108010_1	558	Response	1	12653375	5383	1
10108010_1	559	Sound	58	12667247	415	1			260		other	0
10108010_1	559	Response	1	12671695	4862	1
10108010_1	560	Sound	57	12688846	507	1			260		other	0
10108010_1	560	Response	1	12692014	3675	1
10108010_1	561	Sound	52	12714946	431	1			260		other	0
10108010_1	562	Sound	54	12740745	555	1			260		other	0
10108010_1	563	Sound	59	12767445	579	1			260		other	0
10108010_1	563	Response	1	12771292	4427	1
10108010_1	564	Sound	59	12786044	506	1			260		other	0
10108010_1	564	Response	1	12789852	4313	1
10108010_1	565	Sound	58	12811244	530	1			260		other	0
10108010_1	565	Response	1	12814811	4098	1
10108010_1	566	Sound	57	12829843	458	1			260		other	0
10108010_1	566	Response	1	12834251	4866	1
10108010_1	567	Sound	60	12849643	583	1			260		other	0
10108010_1	567	Response	1	12851690	2630	1
10108010_1	568	Sound	54	12876043	474	1			260		other	0
10108010_1	569	Sound	56	12898242	499	1			260		other	0
10108010_1	570	Sound	50	12917742	659	1			260		other	0
10108010_1	571	Sound	57	12936041	452	1			260		other	0
10108010_1	572	Sound	52	12952841	413	1			260		other	0
10108010_1	573	Sound	60	12970540	440	1			260		other	0
10108010_1	573	Response	1	12972727	2627	1
10108010_1	574	Sound	53	12995740	631	1			260		other	0
10108010_1	575	Sound	51	13021539	588	1			260		other	0
10108010_1	576	Sound	56	13041039	415	1			260		other	0
10108010_1	577	Sound	59	13067138	672	1			260		other	0
10108010_1	577	Response	1	13070805	4339	1
10108010_1	578	Sound	53	13087838	532	1			260		other	0
10108010_1	579	Sound	57	13112737	589	1			260		other	0
10108010_1	579	Response	1	13117124	4976	1
10108010_1	581	Response	255	13184803	47733	1
10108010_1	583	Sound	56	13259434	404	1			260		other	0
10108010_1	584	Sound	54	13278034	664	1			260		other	0
10108010_1	584	Response	1	13283360	5990	1
10108010_1	585	Sound	60	13295733	524	1			260		other	0
10108010_1	585	Response	1	13297760	2550	1
10108010_1	586	Sound	57	13323633	414	1			260		other	0
10108010_1	586	Response	1	13326399	3181	1
10108010_1	587	Sound	59	13342532	474	1			260		other	0
10108010_1	587	Response	1	13345359	3300	1
10108010_1	588	Sound	52	13361132	567	1			260		other	0
10108010_1	588	Response	1	13365678	5114	1
10108010_1	589	Sound	51	13381232	660	1			260		other	0
10108010_1	590	Sound	56	13399831	587	1			260		other	0
10108010_1	590	Response	1	13402798	3553	1
10108010_1	591	Sound	60	13422631	379	1			260		other	0
10108010_1	591	Response	1	13425997	3745	1
10108010_1	592	Sound	57	13440030	606	1			260		other	0
10108010_1	592	Response	1	13447196	7772	1
10108010_1	593	Sound	50	13467930	496	1			260		other	0
10108010_1	594	Sound	50	13495529	586	1			260		other	0
10108010_1	595	Sound	50	13513229	446	1			260		other	0
10108010_1	596	Sound	53	13530928	473	1			260		other	0
10108010_1	597	Sound	60	13550728	433	1			260		other	0
10108010_1	597	Response	1	13553114	2819	1
10108010_1	598	Sound	55	13574427	625	1			260		other	0
10108010_1	598	Response	1	13579113	5310	1
10108010_1	599	Sound	52	13603527	548	1			260		other	0
10108010_1	599	Response	1	13608793	5813	1
10108010_1	600	Sound	58	13626026	373	1			260		other	0
10108010_1	600	Response	1	13629992	4339	1
10108010_1	601	Sound	51	13647326	499	1			260		other	0
10108010_1	601	Response	1	13650791	3964	1
10108010_1	602	Sound	59	13674925	422	1			260		other	0
10108010_1	602	Response	1	13678311	3808	1
10108010_1	603	Sound	59	13698625	614	1			260		other	0
10108010_1	603	Response	1	13701910	3899	1
10108010_1	604	Sound	56	13714824	641	1			260		other	0
10108010_1	604	Response	1	13719110	4927	1
10108010_1	605	Sound	53	13740024	499	1			260		other	0
10108010_1	605	Response	1	13741029	1504	1
10108010_1	606	Sound	55	13760424	392	1			260		other	0
10108010_1	606	Response	1	13764789	4757	1
10108010_1	607	Sound	58	13782023	651	1			260		other	0
10108010_1	607	Response	1	13785108	3736	1
10108010_1	608	Sound	59	13811422	373	1			260		other	0
10108010_1	608	Response	1	13815268	4219	1
10108010_1	609	Sound	54	13833622	399	1			260		other	0
10108010_1	609	Response	1	13837747	4524	1
10108010_1	610	Sound	52	13854021	458	1			260		other	0
10108010_1	611	Sound	53	13880121	549	1			260		other	0
10108010_1	611	Response	1	13885826	6254	1
10108010_1	612	Sound	50	13900520	442	1			260		other	0
10108010_1	613	Sound	60	13929020	431	1			260		other	0
10108010_1	613	Response	1	13932785	4197	1
10108010_1	614	Sound	56	13948519	591	1			260		other	0
10108010_1	614	Response	1	13954624	6696	1
10108010_1	615	Sound	58	13975819	548	1			260		other	0
10108010_1	615	Response	1	13980224	4953	1
10108010_1	616	Sound	57	13992318	542	1			260		other	0
10108010_1	616	Response	1	13996783	5007	1
10108010_1	617	Sound	52	14019018	399	1			260		other	0
10108010_1	618	Sound	51	14036718	594	1			260		other	0
10108010_1	619	Sound	53	14065817	516	1			260		other	0
10108010_1	619	Response	1	14071982	6681	1
10108010_1	620	Sound	59	14084117	476	1			260		other	0
10108010_1	620	Response	1	14088541	4901	1
10108010_1	621	Sound	52	14106916	601	1			260		other	0
10108010_1	622	Sound	51	14127316	661	1			260		other	0
10108010_1	623	Sound	54	14148615	453	1			260		other	0
10108010_1	624	Sound	55	14166615	613	1			260		other	0
10108010_1	625	Sound	51	14184014	507	1			260		other	0
10108010_1	626	Sound	53	14202314	634	1			260		other	0
10108010_1	627	Sound	50	14224814	460	1			260		other	0
10108010_1	628	Sound	58	14253313	616	1			260		other	0
10108010_1	629	Sound	60	14278812	440	1			260		other	0
10108010_1	629	Response	1	14281897	3524	1
10108010_1	630	Sound	54	14306712	664	1			260		other	0
10108010_1	630	Response	1	14311176	5128	1
10108010_1	631	Sound	55	14333111	555	1			260		other	0
10108010_1	631	Response	1	14337575	5019	1
10108010_1	632	Sound	57	14356811	412	1			260		other	0
10108010_1	632	Response	1	14362055	5656	1
10108010_1	633	Sound	56	14377810	571	1			260		other	0
10108010_1	633	Response	1	14383654	6416	1
10108010_1	634	Sound	55	14399710	630	1			260		other	0
10108010_1	634	Response	1	14404614	5534	1
10108010_1	635	Sound	57	14417709	457	1			260		other	0
10108010_1	635	Response	1	14423014	5761	1
10108010_1	636	Sound	58	14446809	547	1			260		other	0
10108010_1	636	Response	1	14451413	5151	1
10108010_1	637	Sound	54	14472308	371	1			260		other	0
10108010_1	639	Response	255	14517171	25814	1
10108010_1	641	Sound	58	14589606	463	1			260		other	0
10108010_1	642	Sound	58	14612405	588	1			260		other	0
10108010_1	642	Response	1	14615889	4071	1
10108010_1	643	Sound	53	14640305	644	1			260		other	0
10108010_1	643	Response	1	14644048	4388	1
10108010_1	644	Sound	54	14657704	372	1			260		other	0
10108010_1	644	Response	1	14661968	4636	1
10108010_1	645	Sound	52	14684404	395	1			260		other	0
10108010_1	645	Response	1	14688847	4839	1
10108010_1	646	Sound	59	14709603	421	1			260		other	0
10108010_1	646	Response	1	14713967	4784	1
10108010_1	647	Sound	59	14739302	609	1			260		other	0
10108010_1	647	Response	1	14742606	3913	1
10108010_1	648	Sound	55	14759102	569	1			260		other	0
10108010_1	648	Response	1	14764446	5912	1
10108010_1	649	Sound	57	14777702	662	1			260		other	0
10108010_1	649	Response	1	14781245	4206	1
10108010_1	650	Sound	60	14805601	552	1			260		other	0
10108010_1	650	Response	1	14807884	2835	1
10108010_1	651	Sound	59	14824801	412	1			260		other	0
10108010_1	651	Response	1	14829964	5576	1
10108010_1	652	Sound	50	14851800	402	1			260		other	0
10108010_1	653	Sound	55	14877300	560	1			260		other	0
10108010_1	653	Response	1	14881963	5223	1
10108010_1	654	Sound	53	14896199	453	1			260		other	0
10108010_1	654	Response	1	14900282	4536	1
10108010_1	655	Sound	52	14917499	579	1			260		other	0
10108010_1	656	Sound	52	14945698	435	1			260		other	0
10108010_1	656	Response	1	14949881	4618	2
10108010_1	657	Sound	54	14964298	529	1			260		other	0
10108010_1	658	Sound	57	14989497	386	1			260		other	0
10108010_1	658	Response	1	14993400	4289	1
10108010_1	659	Sound	57	15007197	414	1			260		other	0
10108010_1	659	Response	1	15011960	5177	1
10108010_1	660	Sound	51	15035396	437	1			260		other	0
10108010_1	661	Sound	53	15064196	560	1			260		other	0
10108010_1	662	Sound	51	15087295	652	1			260		other	0
10108010_1	663	Sound	54	15107395	578	1			260		other	0
10108010_1	664	Sound	59	15130794	636	1			260		other	0
10108010_1	664	Response	1	15137957	7799	1
10108010_1	665	Sound	60	15155394	561	1			260		other	0
10108010_1	665	Response	1	15158756	3924	1
10108010_1	666	Sound	58	15177593	586	1			260		other	0
10108010_1	666	Response	1	15182516	5509	1
10108010_1	667	Sound	50	15206092	576	1			260		other	0
10108010_1	668	Sound	58	15228292	601	1			260		other	0
10108010_1	668	Response	1	15232995	5304	1
10108010_1	669	Sound	57	15253791	426	1			260		other	0
10108010_1	670	Sound	56	15271791	419	1			260		other	0
10108010_1	671	Sound	55	15287991	614	1			260		other	0
10108010_1	672	Sound	53	15315590	537	1			260		other	0
10108010_1	673	Sound	60	15334790	397	1			260		other	0
10108010_1	673	Response	1	15337632	3239	1
10108010_1	674	Sound	55	15352789	557	1			260		other	0
10108010_1	675	Sound	60	15374989	416	1			260		other	0
10108010_1	675	Response	1	15378031	3459	1
10108010_1	676	Sound	56	15393288	543	1			260		other	0
10108010_1	677	Sound	55	15410388	637	1			260		other	0
10108010_1	678	Sound	54	15427488	564	1			260		other	0
10108010_1	679	Sound	52	15443387	459	1			260		other	0
10108010_1	680	Sound	51	15466487	550	1			260		other	0
10108010_1	681	Sound	56	15483887	444	1			260		other	0
10108010_1	682	Sound	60	15507886	435	1			260		other	0
10108010_1	682	Response	1	15510188	2737	1
10108010_1	683	Sound	53	15527686	395	1			260		other	0
10108010_1	684	Sound	56	15543885	422	1			260		other	0
10108010_1	685	Sound	57	15570585	613	1			260		other	0
10108010_1	686	Sound	52	15586784	640	1			260		other	0
10108010_1	687	Sound	50	15612884	564	1			260		other	0
10108010_1	688	Sound	50	15632683	524	1			260		other	0
10108010_1	689	Sound	56	15649483	651	1			260		other	0
10108010_1	689	Response	1	15653305	4473	1
10108010_1	690	Sound	54	15675282	609	1			260		other	0
10108010_1	691	Sound	58	15703482	632	1			260		other	0
10108010_1	691	Response	1	15709623	6773	1
10108010_1	692	Sound	51	15727481	624	1			260		other	0
10108010_1	692	Response	1	15731303	4445	1
10108010_1	693	Sound	59	15749081	382	1			260		other	0
10108010_1	693	Response	1	15753382	4684	1
10108010_1	694	Sound	51	15770380	508	1			260		other	0
10108010_1	694	Response	1	15774742	4869	1
10108010_1	695	Sound	50	15788980	601	1			260		other	0
10108010_1	697	Response	255	15831541	15073	1
10108010_1	698	Response	1	15865380	33813	1
10108010_1	699	Sound	40	15902078	495	1			260		other	0
10108010_1	699	Response	1	15905859	4276	1
10108010_1	700	Sound	33	15929677	418	1			260		other	0
10108010_1	700	Response	1	15934258	4999	1
10108010_1	701	Sound	34	15956376	442	1			260		other	0
10108010_1	701	Response	1	15960417	4483	1
10108010_1	702	Sound	30	15983676	565	1			260		other	0
10108010_1	702	Response	1	15986657	3546	1
10108010_1	703	Sound	37	16012175	389	1			260		other	0
10108010_1	703	Response	1	16017456	5669	1
10108010_1	704	Sound	32	16029575	449	1			260		other	0
10108010_1	705	Sound	32	16047574	609	1			260		other	0
10108010_1	706	Sound	36	16075174	533	1			260		other	0
10108010_1	706	Response	1	16078575	3933	1
10108010_1	707	Sound	37	16091374	560	1			260		other	0
10108010_1	708	Sound	33	16112673	519	1			260		other	0
10108010_1	709	Sound	34	16135773	611	1			260		other	0
10108010_1	710	Sound	34	16154672	504	1			260		other	0
10108010_1	711	Sound	32	16181672	495	1			260		other	0
10108010_1	712	Sound	30	16203571	554	1			260		other	0
10108010_1	713	Sound	34	16226071	379	1			260		other	0
10108010_1	714	Sound	32	16242270	406	1			260		other	0
10108010_1	715	Sound	35	16258770	401	1			260		other	0
10108010_1	716	Sound	39	16281869	659	1			260		other	0
10108010_1	716	Response	1	16286330	5119	2
10108010_1	717	Sound	35	16300469	419	1			260		other	0
10108010_1	717	Response	1	16304249	4199	1
10108010_1	718	Sound	38	16320569	512	1			260		other	0
10108010_1	718	Response	1	16324169	4112	1
10108010_1	719	Sound	38	16346368	636	1			260		other	0
10108010_1	720	Sound	35	16368868	628	1			260		other	0
10108010_1	720	Response	1	16374808	6568	1
10108010_1	721	Sound	33	16389567	487	1			260		other	0
10108010_1	722	Sound	30	16406667	581	1			260		other	0
10108010_1	723	Sound	40	16432466	538	1			260		other	0
10108010_1	723	Response	1	16435366	3439	1
10108010_1	724	Sound	30	16458866	596	1			260		other	0
10108010_1	725	Sound	34	16482265	487	1			260		other	0
10108010_1	726	Sound	37	16502665	547	1			260		other	0
10108010_1	727	Sound	38	16520964	507	1			260		other	0
10108010_1	727	Response	1	16526404	5947	1
10108010_1	728	Sound	37	16547064	598	1			260		other	0
10108010_1	729	Sound	33	16570463	656	1			260		other	0
10108010_1	729	Response	1	16575603	5796	1
10108010_1	730	Sound	35	16586663	517	1			260		other	0
10108010_1	731	Sound	31	16612462	474	1			260		other	0
10108010_1	732	Sound	33	16634662	500	1			260		other	0
10108010_1	733	Sound	31	16654461	626	1			260		other	0
10108010_1	734	Sound	39	16671561	387	1			260		other	0
10108010_1	735	Sound	38	16695561	378	1			260		other	0
10108010_1	736	Sound	39	16721960	435	1			260		other	0
10108010_1	736	Response	1	16728080	6555	1
10108010_1	737	Sound	38	16745660	460	1			260		other	0
10108010_1	737	Response	1	16751199	6000	1
10108010_1	738	Sound	30	16762159	454	1			260		other	0
10108010_1	739	Sound	31	16785259	546	1			260		other	0
10108010_1	739	Response	1	16790558	5845	1
10108010_1	740	Sound	35	16801758	541	1			260		other	0
10108010_1	741	Sound	37	16817958	401	1			260		other	0
10108010_1	742	Sound	32	16845857	458	1			260		other	0
10108010_1	743	Sound	39	16874057	648	1			260		other	0
10108010_1	744	Sound	31	16893556	641	1			260		other	0
10108010_1	745	Sound	40	16916356	599	1			260		other	0
10108010_1	745	Response	1	16918955	3198	1
10108010_1	746	Sound	36	16944855	422	1			260		other	0
10108010_1	747	Sound	40	16969155	547	1			260		other	0
10108010_1	747	Response	1	16974234	5626	1
10108010_1	748	Sound	39	16990154	373	1			260		other	0
10108010_1	749	Sound	36	17018354	563	1			260		other	0
10108010_1	750	Sound	36	17036953	490	1			260		other	0
10108010_1	751	Sound	36	17055553	416	1			260		other	0
10108010_1	752	Sound	40	17077752	443	1			260		other	0
10108010_1	752	Response	1	17080871	3562	1
10108010_1	753	Sound	31	17095152	669	1			260		other	0

The following output port codes were not sent because of a conflict on the port.
Port	Code	Time(ms)
1	253	2657.34
1	253	131982
1	253	264996
1	253	395409
1	253	528142
1	253	659402
1	253	792352
1	253	920668
1	253	1.05318e+06
1	253	1.18104e+06
1	253	1.31848e+06
1	253	1.45172e+06
1	253	1.58316e+06
1	253	1.71184e+06
