Scenario - 
Logfile written - 12/07/2018 15:50:09

Subject	Trial	Event Type	Code	Time	TTime	Uncertainty	Duration	Uncertainty	ReqTime	ReqDur	Stim Type	Pair Index

10108013_1	1	Response	255	103165	102665	1
10108013_1	3	Sound	34	175207	402	1			260		other	0
10108013_1	4	Sound	39	195905	428	1			260		other	0
10108013_1	5	Sound	33	218104	454	1			260		other	0
10108013_1	6	Sound	34	238503	513	1			260		other	0
10108013_1	7	Sound	35	262201	538	1			260		other	0
10108013_1	8	Sound	36	280500	665	1			260		other	0
10108013_1	9	Sound	39	304799	623	1			260		other	0
10108013_1	9	Response	1	309311	5136	1
10108013_1	10	Sound	36	323397	550	1			260		other	0
10108013_1	11	Sound	30	345296	609	1			260		other	0
10108013_1	12	Sound	38	371694	499	1			260		other	0
10108013_1	13	Sound	40	391493	459	1			260		other	0
10108013_1	13	Response	1	394346	3312	1
10108013_1	14	Sound	30	413692	651	1			260		other	0
10108013_1	15	Sound	30	442790	574	1			260		other	0
10108013_1	16	Sound	39	460789	401	1			260		other	0
10108013_1	16	Response	1	464422	4033	1
10108013_1	17	Sound	38	486887	658	1			260		other	0
10108013_1	18	Sound	37	514185	449	1			260		other	0
10108013_1	18	Response	1	518578	4841	1
10108013_1	19	Sound	31	537584	673	1			260		other	0
10108013_1	20	Sound	39	555583	502	1			260		other	0
10108013_1	20	Response	1	559696	4614	1
10108013_1	21	Sound	38	581381	625	1			260		other	0
10108013_1	22	Sound	36	608379	448	1			260		other	0
10108013_1	23	Sound	30	629078	641	1			260		other	0
10108013_1	24	Sound	40	658176	564	1			260		other	0
10108013_1	24	Response	1	660809	3196	1
10108013_1	25	Sound	37	686375	587	1			260		other	0
10108013_1	26	Sound	34	714873	410	1			260		other	0
10108013_1	27	Sound	40	733772	637	1			260		other	0
10108013_1	27	Response	1	736164	3029	1
10108013_1	28	Sound	38	750870	564	1			260		other	0
10108013_1	29	Sound	36	771269	457	1			260		other	0
10108013_1	30	Sound	37	795268	615	1			260		other	0
10108013_1	31	Sound	32	811767	609	1			260		other	0
10108013_1	32	Sound	39	831565	568	1			260		other	0
10108013_1	33	Sound	32	861264	592	1			260		other	0
10108013_1	34	Sound	40	887962	448	1			260		other	0
10108013_1	34	Response	1	890634	3121	1
10108013_1	35	Sound	33	911060	540	1			260		other	0
10108013_1	36	Sound	31	934159	633	1			260		other	0
10108013_1	37	Sound	32	950958	426	1			260		other	0
10108013_1	38	Sound	36	970157	619	1			260		other	0
10108013_1	39	Sound	32	994455	577	1			260		other	0
10108013_1	40	Sound	30	1011854	471	1			260		other	0
10108013_1	41	Sound	35	1038852	628	1			260		other	0
10108013_1	42	Sound	31	1060451	554	1			260		other	0
10108013_1	43	Sound	35	1081750	513	1			260		other	0
10108013_1	44	Sound	37	1102748	505	1			260		other	0
10108013_1	45	Sound	35	1126147	563	1			260		other	0
10108013_1	46	Sound	35	1150745	655	1			260		other	0
10108013_1	47	Sound	40	1175044	446	1			260		other	0
10108013_1	47	Response	1	1177816	3218	1
10108013_1	48	Sound	37	1203842	402	1			260		other	0
10108013_1	49	Sound	34	1229340	560	1			260		other	0
10108013_1	50	Sound	33	1251839	385	1			260		other	0
10108013_1	51	Sound	31	1268938	646	1			260		other	0
10108013_1	52	Sound	33	1293836	537	1			260		other	0
10108013_1	53	Sound	38	1322635	493	1			260		other	0
10108013_1	54	Sound	32	1345133	485	1			260		other	0
10108013_1	55	Sound	31	1361632	480	1			260		other	0
10108013_1	56	Sound	33	1378731	407	1			260		other	0
10108013_1	57	Sound	34	1405729	564	1			260		other	0
10108013_1	59	Response	255	1560351	131265	1
10108013_1	61	Sound	59	1634015	449	1			260		other	0
10108013_1	61	Response	1	1637866	4300	1
10108013_1	62	Sound	57	1650814	410	1			260		other	0
10108013_1	62	Response	1	1654505	4101	1
10108013_1	63	Sound	52	1679312	399	1			260		other	0
10108013_1	64	Sound	51	1699411	659	1			260		other	0
10108013_1	65	Sound	50	1727609	516	1			260		other	0
10108013_1	66	Sound	51	1753707	606	1			260		other	0
10108013_1	67	Sound	58	1774106	666	1			260		other	0
10108013_1	67	Response	1	1777057	3617	1
10108013_1	68	Sound	54	1791505	560	1			260		other	0
10108013_1	68	Response	1	1797136	6191	1
10108013_1	69	Sound	57	1817603	484	1			260		other	0
10108013_1	70	Sound	57	1836502	543	1			260		other	0
10108013_1	70	Response	1	1839933	3975	1
10108013_1	71	Sound	53	1861401	435	1			260		other	0
10108013_1	72	Sound	58	1887799	492	1			260		other	0
10108013_1	72	Response	1	1891050	3743	1
10108013_1	73	Sound	59	1904898	586	1			260		other	0
10108013_1	73	Response	1	1909849	5536	1
10108013_1	74	Sound	60	1927696	544	1			260		other	0
10108013_1	74	Response	1	1929927	2775	1
10108013_1	75	Sound	50	1943895	405	1			260		other	0
10108013_1	76	Sound	55	1960394	399	1			260		other	0
10108013_1	77	Sound	51	1978993	493	1			260		other	0
10108013_1	78	Sound	52	2004192	517	1			260		other	0
10108013_1	79	Sound	50	2021591	411	1			260		other	0
10108013_1	80	Sound	53	2045289	602	1			260		other	0
10108013_1	80	Response	1	2048560	3873	1
10108013_1	81	Sound	54	2064788	429	1			260		other	0
10108013_1	81	Response	1	2068639	4279	1
10108013_1	82	Sound	52	2087286	421	1			260		other	0
10108013_1	82	Response	1	2092477	5611	1
10108013_1	83	Sound	56	2115485	611	1			260		other	0
10108013_1	83	Response	1	2121915	7041	1
10108013_1	84	Sound	60	2137383	670	1			260		other	0
10108013_1	84	Response	1	2139674	2960	1
10108013_1	85	Sound	53	2160182	628	1			260		other	0
10108013_1	86	Sound	52	2179381	654	1			260		other	0
10108013_1	87	Sound	56	2202779	546	1			260		other	0
10108013_1	87	Response	1	2206070	3837	1
10108013_1	88	Sound	51	2222878	639	1			260		other	0
10108013_1	88	Response	1	2227428	5189	1
10108013_1	89	Sound	59	2251976	395	1			260		other	0
10108013_1	89	Response	1	2256066	4486	1
10108013_1	90	Sound	58	2274175	587	1			260		other	0
10108013_1	90	Response	1	2278545	4958	1
10108013_1	91	Sound	55	2300573	645	1			260		other	0
10108013_1	92	Sound	60	2329071	468	1			260		other	0
10108013_1	92	Response	1	2331022	2418	1
10108013_1	93	Sound	54	2345870	595	1			260		other	0
10108013_1	94	Sound	52	2374368	585	1			260		other	0
10108013_1	95	Sound	54	2399567	443	1			260		other	0
10108013_1	95	Response	1	2404377	5253	1
10108013_1	96	Sound	59	2418765	636	1			260		other	0
10108013_1	96	Response	1	2421896	3766	1
10108013_1	97	Sound	53	2441264	628	1			260		other	0
10108013_1	98	Sound	53	2471862	383	1			260		other	0
10108013_1	99	Sound	60	2488361	378	1			260		other	0
10108013_1	99	Response	1	2490451	2468	1
10108013_1	100	Sound	51	2515959	468	1			260		other	0
10108013_1	101	Sound	56	2539658	493	1			260		other	0
10108013_1	101	Response	1	2544848	5683	1
10108013_1	102	Sound	54	2556757	587	1			260		other	0
10108013_1	102	Response	1	2561487	5316	1
10108013_1	103	Sound	57	2574756	413	1			260		other	0
10108013_1	103	Response	1	2578926	4583	1
10108013_1	104	Sound	57	2592155	474	1			260		other	0
10108013_1	104	Response	1	2594845	3164	1
10108013_1	105	Sound	58	2610153	467	1			260		other	0
10108013_1	105	Response	1	2612764	3078	1
10108013_1	106	Sound	59	2629352	661	1			260		other	0
10108013_1	106	Response	1	2632682	3991	1
10108013_1	107	Sound	50	2657550	517	1			260		other	0
10108013_1	108	Sound	56	2674649	444	1			260		other	0
10108013_1	108	Response	1	2677879	3674	1
10108013_1	109	Sound	55	2698948	569	1			260		other	0
10108013_1	109	Response	1	2702598	4219	1
10108013_1	110	Sound	60	2727746	526	1			260		other	0
10108013_1	110	Response	1	2730276	3055	1
10108013_1	111	Sound	50	2756244	515	1			260		other	0
10108013_1	112	Sound	55	2774843	609	1			260		other	0
10108013_1	113	Sound	58	2797942	534	1			260		other	0
10108013_1	113	Response	1	2800831	3424	1
10108013_1	114	Sound	55	2821340	592	1			260		other	0
10108013_1	115	Sound	56	2844739	651	1			260		other	0
10108013_1	115	Response	1	2848028	3940	1
10108013_1	117	Response	255	3105772	236930	1
10108013_1	119	Sound	18	3178318	465	1			260		other	0
10108013_1	119	Response	1	3181607	3754	1
10108013_1	120	Sound	13	3199616	424	1			260		other	0
10108013_1	120	Response	1	3203686	4493	1
10108013_1	121	Sound	17	3225415	381	1			260		other	0
10108013_1	121	Response	1	3228564	3530	1
10108013_1	122	Sound	16	3244314	441	1			260		other	0
10108013_1	122	Response	1	3249123	5250	1
10108013_1	123	Sound	15	3272512	631	1			260		other	0
10108013_1	123	Response	1	3276801	4920	1
10108013_1	124	Sound	10	3297710	489	1			260		other	0
10108013_1	125	Sound	10	3325608	546	1			260		other	0
10108013_1	125	Response	1	3344317	19254	1
10108013_1	126	Sound	15	3350507	437	1			260		other	0
10108013_1	127	Sound	13	3377805	394	1			260		other	0
10108013_1	128	Sound	19	3400304	552	1			260		other	0
10108013_1	128	Response	1	3403752	4001	1
10108013_1	129	Sound	17	3418903	479	1			260		other	0
10108013_1	129	Response	1	3422551	4128	1
10108013_1	130	Sound	10	3442901	637	1			260		other	0
10108013_1	131	Sound	16	3460900	631	1			260		other	0
10108013_1	131	Response	1	3465589	5320	1
10108013_1	132	Sound	19	3486998	555	1			260		other	0
10108013_1	133	Sound	14	3503797	515	1			260		other	0
10108013_1	133	Response	1	3508146	4864	1
10108013_1	134	Sound	11	3531695	572	1			260		other	0
10108013_1	135	Sound	16	3548494	366	1			260		other	0
10108013_1	135	Response	1	3551823	3695	1
10108013_1	136	Sound	14	3574893	590	1			260		other	0
10108013_1	137	Sound	13	3598891	582	1			260		other	0
10108013_1	137	Response	1	3604700	6390	1
10108013_1	138	Sound	18	3618690	375	1			260		other	0
10108013_1	138	Response	1	3623499	5183	1
10108013_1	139	Sound	14	3643588	432	1			260		other	0
10108013_1	139	Response	1	3647497	4341	1
10108013_1	140	Sound	10	3660387	560	1			260		other	0
10108013_1	141	Sound	16	3687386	383	1			260		other	0
10108013_1	142	Sound	15	3713184	508	1			260		other	0
10108013_1	142	Response	1	3716133	3456	1
10108013_1	143	Sound	10	3731183	501	1			260		other	0
10108013_1	144	Sound	20	3755481	626	1			260		other	0
10108013_1	144	Response	1	3758050	3194	1
10108013_1	145	Sound	12	3781880	516	1			260		other	0
10108013_1	146	Sound	18	3804678	642	1			260		other	0
10108013_1	146	Response	1	3808926	4890	1
10108013_1	147	Sound	17	3826577	534	1			260		other	0
10108013_1	148	Sound	20	3842176	628	1			260		other	0
10108013_1	148	Response	1	3844764	3217	1
10108013_1	149	Sound	16	3866774	386	1			260		other	0
10108013_1	149	Response	1	3872282	5894	1
10108013_1	150	Sound	12	3885673	613	1			260		other	0
10108013_1	150	Response	1	3890201	5141	1
10108013_1	151	Sound	12	3903672	606	1			260		other	0
10108013_1	152	Sound	19	3931870	463	1			260		other	0
10108013_1	152	Response	1	3937638	6231	1
10108013_1	153	Sound	11	3955869	621	1			260		other	0
10108013_1	154	Sound	18	3979867	612	1			260		other	0
10108013_1	154	Response	1	3985235	5981	1
10108013_1	155	Sound	20	4006266	503	1			260		other	0
10108013_1	155	Response	1	4009714	3951	1
10108013_1	156	Sound	13	4021565	464	1			260		other	0
10108013_1	157	Sound	18	4040463	524	1			260		other	0
10108013_1	158	Sound	11	4068062	615	1			260		other	0
10108013_1	159	Sound	13	4084261	475	1			260		other	0
10108013_1	160	Sound	11	4099860	570	1			260		other	0
10108013_1	161	Sound	19	4122658	529	1			260		other	0
10108013_1	161	Response	1	4125946	3817	1
10108013_1	162	Sound	12	4138257	456	1			260		other	0
10108013_1	162	Response	1	4143145	5344	1
10108013_1	163	Sound	15	4158056	415	1			260		other	0
10108013_1	163	Response	1	4163064	5423	1
10108013_1	164	Sound	14	4179955	474	1			260		other	0
10108013_1	165	Sound	11	4207253	431	1			260		other	0
10108013_1	166	Sound	12	4228552	557	1			260		other	0
10108013_1	166	Response	1	4233379	5385	1
10108013_1	167	Sound	17	4251350	515	1			260		other	0
10108013_1	167	Response	1	4255218	4383	1
10108013_1	168	Sound	17	4271149	642	1			260		other	0
10108013_1	168	Response	1	4274017	3510	1
10108013_1	169	Sound	20	4293948	601	1			260		other	0
10108013_1	169	Response	1	4296095	2748	1
10108013_1	170	Sound	20	4313146	627	1			260		other	0
10108013_1	170	Response	1	4315054	2535	1
10108013_1	171	Sound	15	4338645	618	1			260		other	0
10108013_1	171	Response	1	4343052	5025	1
10108013_1	172	Sound	14	4356943	411	1			260		other	0
10108013_1	172	Response	1	4360491	3959	1
10108013_1	173	Sound	19	4383042	669	1			260		other	0
10108013_1	173	Response	1	4386729	4356	1
10108013_1	175	Response	255	4760065	358607	1
10108013_1	177	Sound	60	4834813	474	1			260		other	0
10108013_1	177	Response	1	4837180	2841	1
10108013_1	178	Sound	52	4862112	431	1			260		other	0
10108013_1	179	Sound	50	4890610	421	1			260		other	0
10108013_1	180	Sound	53	4917908	378	1			260		other	0
10108013_1	180	Response	1	4921655	4125	1
10108013_1	181	Sound	52	4946406	534	1			260		other	0
10108013_1	182	Sound	59	4974305	425	1			260		other	0
10108013_1	182	Response	1	4977651	3771	1
10108013_1	183	Sound	58	5001903	515	1			260		other	0
10108013_1	184	Sound	59	5025001	606	1			260		other	0
10108013_1	184	Response	1	5027408	3013	1
10108013_1	185	Sound	53	5053800	396	1			260		other	0
10108013_1	186	Sound	58	5077198	455	1			260		other	0
10108013_1	186	Response	1	5081165	4421	1
10108013_1	187	Sound	55	5105696	444	1			260		other	0
10108013_1	187	Response	1	5110603	5351	1
10108013_1	188	Sound	56	5122195	438	1			260		other	0
10108013_1	188	Response	1	5127242	5485	1
10108013_1	189	Sound	51	5145594	664	1			260		other	0
10108013_1	189	Response	1	5151960	7030	1
10108013_1	190	Sound	55	5171092	655	1			260		other	0
10108013_1	190	Response	1	5176359	5921	1
10108013_1	191	Sound	57	5188491	381	1			260		other	0
10108013_1	191	Response	1	5192358	4248	1
10108013_1	192	Sound	53	5217289	671	1			260		other	0
10108013_1	192	Response	1	5222036	5418	1
10108013_1	193	Sound	60	5235888	431	1			260		other	0
10108013_1	193	Response	1	5238835	3378	1
10108013_1	194	Sound	58	5256587	457	1			260		other	0
10108013_1	194	Response	1	5261793	5664	1
10108013_1	195	Sound	54	5277885	583	1			260		other	0
10108013_1	196	Sound	58	5296784	643	1			260		other	0
10108013_1	196	Response	1	5301791	5649	1
10108013_1	197	Sound	52	5315983	669	1			260		other	0
10108013_1	197	Response	1	5319869	4556	1
10108013_1	198	Sound	58	5339682	528	1			260		other	0
10108013_1	198	Response	1	5343468	4314	1
10108013_1	199	Sound	55	5359780	454	1			260		other	0
10108013_1	199	Response	1	5362907	3580	1
10108013_1	200	Sound	54	5385579	578	1			260		other	0
10108013_1	200	Response	1	5390025	5024	1
10108013_1	201	Sound	57	5405378	538	1			260		other	0
10108013_1	201	Response	1	5409064	4224	1
10108013_1	202	Sound	59	5433276	594	1			260		other	0
10108013_1	202	Response	1	5436982	4300	1
10108013_1	203	Sound	54	5461774	584	1			260		other	0
10108013_1	203	Response	1	5466660	5470	2
10108013_1	204	Sound	56	5484272	576	1			260		other	0
10108013_1	204	Response	1	5488579	4882	1
10108013_1	205	Sound	59	5501071	370	1			260		other	0
10108013_1	205	Response	1	5505378	4676	1
10108013_1	206	Sound	54	5527470	594	1			260		other	0
10108013_1	206	Response	1	5531376	4500	1
10108013_1	207	Sound	60	5551768	552	1			260		other	0
10108013_1	207	Response	1	5554494	3278	1
10108013_1	208	Sound	53	5578467	410	1			260		other	0
10108013_1	208	Response	1	5582013	3956	1
10108013_1	209	Sound	56	5605465	399	1			260		other	0
10108013_1	209	Response	1	5610411	5345	1
10108013_1	210	Sound	57	5624064	660	1			260		other	0
10108013_1	210	Response	1	5628570	5166	1
10108013_1	211	Sound	52	5643562	652	1			260		other	0
10108013_1	211	Response	1	5647368	4459	1
10108013_1	212	Sound	51	5664861	612	1			260		other	0
10108013_1	213	Sound	60	5687960	537	1			260		other	0
10108013_1	213	Response	1	5690566	3143	1
10108013_1	214	Sound	59	5704459	364	1			260		other	0
10108013_1	214	Response	1	5708324	4230	1
10108013_1	215	Sound	56	5732057	454	1			260		other	0
10108013_1	215	Response	1	5736883	5280	1
10108013_1	216	Sound	51	5752156	547	1			260		other	0
10108013_1	217	Sound	60	5775254	639	1			260		other	0
10108013_1	217	Response	1	5778000	3385	1
10108013_1	218	Sound	53	5802552	429	1			260		other	0
10108013_1	218	Response	1	5808158	6035	1
10108013_1	219	Sound	51	5820251	623	1			260		other	0
10108013_1	220	Sound	51	5837950	483	1			260		other	0
10108013_1	221	Sound	50	5864649	507	1			260		other	0
10108013_1	222	Sound	56	5891647	664	1			260		other	0
10108013_1	223	Sound	55	5910246	424	1			260		other	0
10108013_1	223	Response	1	5913591	3770	1
10108013_1	224	Sound	57	5934544	549	1			260		other	0
10108013_1	225	Sound	55	5952543	542	1			260		other	0
10108013_1	226	Sound	50	5977441	600	1			260		other	0
10108013_1	227	Sound	54	5995140	627	1			260		other	0
10108013_1	228	Sound	50	6015839	653	1			260		other	0
10108013_1	229	Sound	52	6037138	446	1			260		other	0
10108013_1	230	Sound	57	6064436	402	1			260		other	0
10108013_1	231	Sound	50	6088134	427	1			260		other	0
10108013_1	233	Response	255	6175974	59512	1
10108013_1	235	Sound	15	6250724	469	1			260		other	0
10108013_1	236	Sound	17	6267823	564	1			260		other	0
10108013_1	236	Response	1	6272048	4789	2
10108013_1	237	Sound	10	6292722	454	1			260		other	0
10108013_1	238	Sound	19	6318220	445	1			260		other	0
10108013_1	238	Response	1	6321645	3870	1
10108013_1	239	Sound	20	6345818	535	1			260		other	0
10108013_1	239	Response	1	6349003	3720	1
10108013_1	240	Sound	15	6371317	526	1			260		other	0
10108013_1	240	Response	1	6376042	5251	1
10108013_1	241	Sound	17	6399515	550	1			260		other	0
10108013_1	241	Response	1	6403560	4595	1
10108013_1	242	Sound	19	6416914	443	1			260		other	0
10108013_1	242	Response	1	6420838	4368	1
10108013_1	243	Sound	19	6439112	635	1			260		other	0
10108013_1	243	Response	1	6442437	3960	1
10108013_1	244	Sound	16	6463711	560	1			260		other	0
10108013_1	244	Response	1	6466916	3765	1
10108013_1	245	Sound	17	6479910	421	1			260		other	0
10108013_1	245	Response	1	6484595	5106	1
10108013_1	246	Sound	16	6501208	380	1			260		other	0
10108013_1	246	Response	1	6505153	4325	1
10108013_1	247	Sound	10	6527907	404	1			260		other	0
10108013_1	248	Sound	18	6544406	565	1			260		other	0
10108013_1	248	Response	1	6548191	4350	1
10108013_1	249	Sound	14	6570204	522	1			260		other	0
10108013_1	250	Sound	15	6587603	416	1			260		other	0
10108013_1	250	Response	1	6592348	5161	1
10108013_1	251	Sound	16	6612801	607	1			260		other	0
10108013_1	251	Response	1	6618346	6152	1
10108013_1	252	Sound	14	6634700	499	1			260		other	0
10108013_1	253	Sound	12	6661698	489	1			260		other	0
10108013_1	253	Response	1	6665943	4734	1
10108013_1	254	Sound	12	6682997	615	1			260		other	0
10108013_1	255	Sound	20	6699496	609	1			260		other	0
10108013_1	255	Response	1	6702661	3774	1
10108013_1	256	Sound	13	6715095	370	1			260		other	0
10108013_1	257	Sound	11	6741793	394	1			260		other	0
10108013_1	258	Sound	12	6758892	488	1			260		other	0
10108013_1	259	Sound	14	6786490	578	1			260		other	0
10108013_1	260	Sound	13	6809589	670	1			260		other	0
10108013_1	261	Sound	17	6836887	627	1			260		other	0
10108013_1	261	Response	1	6840012	3751	1
10108013_1	262	Sound	13	6855186	420	1			260		other	0
10108013_1	263	Sound	18	6875885	446	1			260		other	0
10108013_1	263	Response	1	6879769	4331	1
10108013_1	264	Sound	11	6901383	604	1			260		other	0
10108013_1	264	Response	1	6910567	9788	1
10108013_1	265	Sound	12	6925082	629	1			260		other	0
10108013_1	265	Response	1	6935926	11473	1
10108013_1	266	Sound	10	6943081	456	1			260		other	0
10108013_1	267	Sound	12	6967679	547	1			260		other	0
10108013_1	267	Response	1	6973523	6391	1
10108013_1	268	Sound	18	6987778	473	1			260		other	0
10108013_1	268	Response	1	6992482	5177	1
10108013_1	269	Sound	14	7009376	399	1			260		other	0
10108013_1	269	Response	1	7014161	5183	1
10108013_1	270	Sound	18	7036075	423	1			260		other	0
10108013_1	270	Response	1	7039919	4267	1
10108013_1	271	Sound	10	7060973	480	1			260		other	0
10108013_1	272	Sound	11	7077472	641	1			260		other	0
10108013_1	273	Sound	20	7103871	532	1			260		other	0
10108013_1	273	Response	1	7107195	3856	1
10108013_1	274	Sound	15	7125169	491	1			260		other	0
10108013_1	274	Response	1	7141272	16594	1
10108013_1	275	Sound	13	7146168	650	1			260		other	0
10108013_1	276	Sound	20	7171366	508	1			260		other	0
10108013_1	276	Response	1	7173990	3132	1
10108013_1	277	Sound	14	7190265	401	1			260		other	0
10108013_1	277	Response	1	7195029	5165	1
10108013_1	278	Sound	16	7217263	558	1			260		other	0
10108013_1	278	Response	1	7222707	6002	1
10108013_1	279	Sound	19	7240962	416	1			260		other	0
10108013_1	279	Response	1	7245666	5120	1
10108013_1	280	Sound	11	7261960	409	1			260		other	0
10108013_1	281	Sound	18	7286559	500	1			260		other	0
10108013_1	281	Response	1	7291583	5524	1
10108013_1	282	Sound	15	7310858	458	1			260		other	0
10108013_1	282	Response	1	7314701	4302	1
10108013_1	283	Sound	19	7334856	450	1			260		other	0
10108013_1	283	Response	1	7337660	3253	1
10108013_1	284	Sound	16	7353155	410	1			260		other	0
10108013_1	284	Response	1	7357738	4993	1
10108013_1	285	Sound	13	7375053	635	1			260		other	0
10108013_1	285	Response	1	7378297	3879	1
10108013_1	286	Sound	20	7394852	428	1			260		other	0
10108013_1	286	Response	1	7397496	3072	1
10108013_1	287	Sound	11	7412551	622	1			260		other	0
10108013_1	288	Sound	17	7436550	613	1			260		other	0
10108013_1	288	Response	1	7440053	4117	1
10108013_1	289	Sound	10	7462948	504	1			260		other	0
10108013_1	291	Response	255	7857706	367174	1
10108013_1	293	Sound	15	7934218	469	1			260		other	0
10108013_1	293	Response	1	7939461	5712	1
10108013_1	294	Sound	20	7954317	395	1			260		other	0
10108013_1	294	Response	1	7957140	3218	1
10108013_1	295	Sound	19	7971716	622	1			260		other	0
10108013_1	296	Sound	20	7999314	379	1			260		other	0
10108013_1	296	Response	1	8002337	3402	1
10108013_1	297	Sound	14	8022713	437	1			260		other	0
10108013_1	297	Response	1	8027215	4940	1
10108013_1	298	Sound	18	8038612	498	1			260		other	0
10108013_1	298	Response	1	8042334	4221	1
10108013_1	299	Sound	16	8060210	591	1			260		other	0
10108013_1	299	Response	1	8063533	3913	1
10108013_1	300	Sound	15	8079409	451	1			260		other	0
10108013_1	300	Response	1	8084492	5533	1
10108013_1	301	Sound	20	8099208	577	1			260		other	0
10108013_1	301	Response	1	8101771	3140	1
10108013_1	302	Sound	15	8127406	600	1			260		other	0
10108013_1	303	Sound	19	8143905	594	1			260		other	0
10108013_1	303	Response	1	8149128	5817	1
10108013_1	304	Sound	12	8167304	653	1			260		other	0
10108013_1	305	Sound	11	8194902	576	1			260		other	0
10108013_1	306	Sound	18	8219800	634	1			260		other	0
10108013_1	306	Response	1	8224963	5796	1
10108013_1	307	Sound	13	8247399	558	1			260		other	0
10108013_1	308	Sound	13	8274097	414	1			260		other	0
10108013_1	308	Response	1	8278639	4957	1
10108013_1	309	Sound	15	8295995	640	1			260		other	0
10108013_1	310	Sound	13	8311594	401	1			260		other	0
10108013_1	310	Response	1	8315357	4163	1
10108013_1	311	Sound	10	8328993	628	1			260		other	0
10108013_1	312	Sound	13	8348792	421	1			260		other	0
10108013_1	313	Sound	18	8374590	379	1			260		other	0
10108013_1	313	Response	1	8378473	4261	1
10108013_1	314	Sound	18	8399789	403	1			260		other	0
10108013_1	314	Response	1	8403591	4205	1
10108013_1	315	Sound	19	8419288	396	1			260		other	0
10108013_1	315	Response	1	8422870	3978	1
10108013_1	316	Sound	17	8447486	586	1			260		other	0
10108013_1	316	Response	1	8451908	5008	1
10108013_1	317	Sound	10	8475384	476	1			260		other	0
10108013_1	318	Sound	10	8494883	636	1			260		other	0
10108013_1	319	Sound	20	8514382	629	1			260		other	0
10108013_1	319	Response	1	8516784	3031	1
10108013_1	320	Sound	16	8541980	553	1			260		other	0
10108013_1	320	Response	1	8546302	4875	1
10108013_1	321	Sound	10	8566578	644	1			260		other	0
10108013_1	322	Sound	11	8582177	571	1			260		other	0
10108013_1	323	Sound	17	8604376	597	1			260		other	0
10108013_1	323	Response	1	8608698	4919	1
10108013_1	324	Sound	18	8622075	457	1			260		other	0
10108013_1	324	Response	1	8626457	4839	1
10108013_1	325	Sound	14	8640674	550	1			260		other	0
10108013_1	325	Response	1	8644375	4252	1
10108013_1	326	Sound	16	8665572	608	1			260		other	0
10108013_1	326	Response	1	8672054	7090	1
10108013_1	327	Sound	11	8685371	568	1			260		other	0
10108013_1	328	Sound	12	8706070	427	1			260		other	0
10108013_1	329	Sound	15	8732768	618	1			260		other	0
10108013_1	330	Sound	12	8758566	408	1			260		other	0
10108013_1	331	Sound	11	8774465	469	1			260		other	0
10108013_1	331	Response	1	8781727	7731	1
10108013_1	332	Sound	10	8801764	426	1			260		other	0
10108013_1	333	Sound	14	8820362	520	1			260		other	0
10108013_1	334	Sound	17	8837761	580	1			260		other	0
10108013_1	334	Response	1	8841563	4382	1
10108013_1	335	Sound	16	8858760	406	1			260		other	0
10108013_1	335	Response	1	8862602	4248	1
10108013_1	336	Sound	19	8874659	467	1			260		other	0
10108013_1	336	Response	1	8878760	4569	1
10108013_1	337	Sound	11	8894758	560	1			260		other	0
10108013_1	338	Sound	12	8914856	486	1			260		other	0
10108013_1	339	Sound	20	8938855	644	1			260		other	0
10108013_1	339	Response	1	8941877	3666	1
10108013_1	340	Sound	19	8966453	568	1			260		other	0
10108013_1	340	Response	1	8970275	4389	1
10108013_1	341	Sound	17	8986552	494	1			260		other	0
10108013_1	341	Response	1	8990593	4535	1
10108013_1	342	Sound	12	9003951	554	1			260		other	0
10108013_1	343	Sound	17	9026149	413	1			260		other	0
10108013_1	344	Sound	14	9051648	404	1			260		other	0
10108013_1	345	Sound	14	9072347	430	1			260		other	0
10108013_1	346	Sound	16	9100545	620	1			260		other	0
10108013_1	347	Sound	13	9124243	645	1			260		other	0
10108013_1	349	Response	255	9521839	371653	1
10108013_1	351	Sound	39	9592814	578	1			260		other	0
10108013_1	352	Sound	39	9618312	402	1			260		other	0
10108013_1	353	Sound	39	9642311	394	1			260		other	0
10108013_1	354	Sound	32	9670209	617	1			260		other	0
10108013_1	355	Sound	32	9688208	444	1			260		other	0
10108013_1	356	Sound	38	9717306	533	1			260		other	0
10108013_1	356	Response	1	9722306	5534	1
10108013_1	357	Sound	35	9735905	460	1			260		other	0
10108013_1	358	Sound	35	9755104	653	1			260		other	0
10108013_1	358	Response	1	9757984	3533	1
10108013_1	359	Sound	32	9781502	377	1			260		other	0
10108013_1	360	Sound	30	9810600	633	1			260		other	0
10108013_1	361	Sound	33	9829499	527	1			260		other	0
10108013_1	362	Sound	40	9845998	521	1			260		other	0
10108013_1	362	Response	1	9848858	3381	1
10108013_1	363	Sound	31	9866697	380	1			260		other	0
10108013_1	364	Sound	40	9890695	538	1			260		other	0
10108013_1	364	Response	1	9893175	3019	1
10108013_1	365	Sound	31	9917393	395	1			260		other	0
10108013_1	366	Sound	40	9942592	586	1			260		other	0
10108013_1	366	Response	1	9945332	3327	1
10108013_1	367	Sound	31	9968390	377	1			260		other	0
10108013_1	368	Sound	40	9985489	471	1			260		other	0
10108013_1	368	Response	1	9988210	3192	1
10108013_1	369	Sound	33	10006788	430	1			260		other	0
10108013_1	370	Sound	37	10025087	557	1			260		other	0
10108013_1	371	Sound	38	10051485	448	1			260		other	0
10108013_1	372	Sound	35	10076083	539	1			260		other	0
10108013_1	373	Sound	37	10096182	465	1			260		other	0
10108013_1	374	Sound	32	10115681	625	1			260		other	0
10108013_1	375	Sound	37	10132780	552	1			260		other	0
10108013_1	376	Sound	36	10150179	1196	1			260		other	0
10108013_1	377	Sound	39	10175677	437	1			260		other	0
10108013_1	377	Response	1	10180597	5357	1
10108013_1	378	Sound	34	10200875	628	1			260		other	0
10108013_1	379	Sound	34	10223374	453	1			260		other	0
10108013_1	380	Sound	35	10249772	510	1			260		other	0
10108013_1	381	Sound	34	10267471	537	1			260		other	0
10108013_1	382	Sound	40	10291770	663	1			260		other	0
10108013_1	382	Response	1	10294669	3562	1
10108013_1	383	Sound	31	10311269	655	1			260		other	0
10108013_1	384	Sound	39	10337067	613	1			260		other	0
10108013_1	385	Sound	36	10361065	604	1			260		other	0
10108013_1	386	Sound	30	10380564	597	1			260		other	0
10108013_1	387	Sound	37	10401563	589	1			260		other	0
10108013_1	388	Sound	31	10418962	650	1			260		other	0
10108013_1	389	Sound	38	10443260	608	1			260		other	0
10108013_1	390	Sound	35	10464259	434	1			260		other	0
10108013_1	391	Sound	30	10492157	657	1			260		other	0
10108013_1	392	Sound	33	10511656	650	1			260		other	0
10108013_1	393	Sound	32	10534455	442	1			260		other	0
10108013_1	394	Sound	38	10556953	434	1			260		other	0
10108013_1	395	Sound	37	10576152	461	1			260		other	0
10108013_1	395	Response	1	10581211	5520	1
10108013_1	396	Sound	38	10603450	417	1			260		other	0
10108013_1	397	Sound	34	10632848	640	1			260		other	0
10108013_1	398	Sound	36	10651147	600	1			260		other	0
10108013_1	399	Sound	34	10674846	625	1			260		other	0
10108013_1	400	Sound	33	10695844	618	1			260		other	0
10108013_1	401	Sound	33	10720143	576	1			260		other	0
10108013_1	402	Sound	30	10747741	499	1			260		other	0
10108013_1	403	Sound	36	10767240	492	1			260		other	0
10108013_1	404	Sound	36	10790638	551	1			260		other	0
10108013_1	405	Sound	30	10809237	644	1			260		other	0
10108013_1	407	Response	255	10879432	46918	1
10108013_1	409	Sound	55	10949628	494	1			260		other	0
10108013_1	410	Sound	56	10970327	520	1			260		other	0
10108013_1	411	Sound	53	10993426	612	1			260		other	0
10108013_1	412	Sound	51	11018924	436	1			260		other	0
10108013_1	413	Sound	60	11040223	562	1			260		other	0
10108013_1	413	Response	1	11043021	3360	1
10108013_1	414	Sound	51	11066621	452	1			260		other	0
10108013_1	415	Sound	59	11088220	378	1			260		other	0
10108013_1	415	Response	1	11092618	4776	1
10108013_1	416	Sound	52	11115218	535	1			260		other	0
10108013_1	417	Sound	60	11136217	527	1			260		other	0
10108013_1	417	Response	1	11138695	3006	1
10108013_1	418	Sound	56	11155115	587	1			260		other	0
10108013_1	418	Response	1	11159894	5366	1
10108013_1	419	Sound	57	11182114	411	1			260		other	0
10108013_1	419	Response	1	11187012	5309	1
10108013_1	420	Sound	53	11210612	567	1			260		other	0
10108013_1	421	Sound	50	11232511	626	1			260		other	0
10108013_1	422	Sound	58	11250809	420	1			260		other	0
10108013_1	422	Response	1	11256688	6298	1
10108013_1	423	Sound	57	11276608	377	1			260		other	0
10108013_1	424	Sound	51	11294007	438	1			260		other	0
10108013_1	425	Sound	60	11314705	630	1			260		other	0
10108013_1	425	Response	1	11316924	2849	1
10108013_1	426	Sound	56	11335104	523	1			260		other	0
10108013_1	426	Response	1	11339242	4661	1
10108013_1	427	Sound	55	11361202	447	1			260		other	0
10108013_1	427	Response	1	11364361	3606	1
10108013_1	428	Sound	58	11377401	641	1			260		other	0
10108013_1	429	Sound	50	11401700	600	1			260		other	0
10108013_1	430	Sound	57	11417899	627	1			260		other	0
10108013_1	430	Response	1	11423797	6525	1
10108013_1	431	Sound	52	11440698	419	1			260		other	0
10108013_1	432	Sound	58	11456896	613	1			260		other	0
10108013_1	432	Response	1	11462194	5911	2
10108013_1	433	Sound	59	11476995	539	1			260		other	0
10108013_1	433	Response	1	11480753	4297	1
10108013_1	434	Sound	50	11493794	500	1			260		other	0
10108013_1	434	Response	1	11502832	9538	1
10108013_1	435	Sound	54	11517193	558	1			260		other	0
10108013_1	436	Sound	59	11544491	515	1			260		other	0
10108013_1	436	Response	1	11547869	3893	1
10108013_1	437	Sound	55	11573289	472	1			260		other	0
10108013_1	437	Response	1	11577547	4729	1
10108013_1	438	Sound	52	11600887	562	1			260		other	0
10108013_1	439	Sound	60	11624886	386	1			260		other	0
10108013_1	439	Response	1	11627544	3044	1
10108013_1	440	Sound	54	11649784	444	1			260		other	0
10108013_1	440	Response	1	11655302	5962	1
10108013_1	441	Sound	59	11678583	401	1			260		other	0
10108013_1	441	Response	1	11681940	3758	2
10108013_1	442	Sound	55	11695681	495	1			260		other	0
10108013_1	443	Sound	58	11711880	522	1			260		other	0
10108013_1	443	Response	1	11715618	4260	1
10108013_1	444	Sound	53	11736179	480	1			260		other	0
10108013_1	444	Response	1	11739617	3918	1
10108013_1	445	Sound	53	11761077	371	1			260		other	0
10108013_1	445	Response	1	11764975	4269	1
10108013_1	446	Sound	51	11778176	632	1			260		other	0
10108013_1	447	Sound	57	11794675	626	1			260		other	0
10108013_1	447	Response	1	11798413	4363	1
10108013_1	448	Sound	60	11817474	418	1			260		other	0
10108013_1	448	Response	1	11820251	3196	1
10108013_1	449	Sound	52	11843272	542	1			260		other	0
10108013_1	449	Response	1	11847770	5040	1
10108013_1	450	Sound	50	11865471	567	1			260		other	0
10108013_1	451	Sound	59	11883470	561	1			260		other	0
10108013_1	451	Response	1	11887287	4379	1
10108013_1	452	Sound	55	11899669	422	1			260		other	0
10108013_1	453	Sound	52	11926667	412	1			260		other	0
10108013_1	453	Response	1	11931604	5350	1
10108013_1	454	Sound	50	11949765	671	1			260		other	0
10108013_1	455	Sound	57	11970164	563	1			260		other	0
10108013_1	455	Response	1	11974481	4881	1
10108013_1	456	Sound	54	11989363	423	1			260		other	0
10108013_1	457	Sound	54	12011262	482	1			260		other	0
10108013_1	458	Sound	58	12028960	509	1			260		other	0
10108013_1	458	Response	1	12032318	3866	1
10108013_1	459	Sound	54	12046359	569	1			260		other	0
10108013_1	460	Sound	51	12073958	493	1			260		other	0
10108013_1	461	Sound	56	12099156	517	1			260		other	0
10108013_1	462	Sound	56	12120455	476	1			260		other	0
10108013_1	462	Response	1	12125432	5453	1
10108013_1	463	Sound	53	12141153	502	1			260		other	0
10108013_1	465	Response	255	12205587	39682	1
10108013_1	467	Sound	20	12283944	418	1			260		other	0
10108013_1	467	Response	1	12287021	3495	1
10108013_1	468	Sound	19	12307343	476	1			260		other	0
10108013_1	468	Response	1	12309980	3113	1
10108013_1	469	Sound	10	12327442	569	1			260		other	0
10108013_1	470	Sound	18	12355040	493	1			260		other	0
10108013_1	470	Response	1	12358457	3909	1
10108013_1	471	Sound	17	12381138	417	1			260		other	0
10108013_1	471	Response	1	12384455	3734	1
10108013_1	472	Sound	15	12402437	543	1			260		other	0
10108013_1	473	Sound	10	12419536	470	1			260		other	0
10108013_1	474	Sound	15	12434835	431	1			260		other	0
10108013_1	474	Response	1	12438212	3808	1
10108013_1	475	Sound	12	12453134	391	1			260		other	0
10108013_1	476	Sound	11	12481332	581	1			260		other	0
10108013_1	477	Sound	10	12503831	406	1			260		other	0
10108013_1	478	Sound	18	12520629	534	1			260		other	0
10108013_1	478	Response	1	12524046	3950	1
10108013_1	479	Sound	16	12542528	426	1			260		other	0
10108013_1	480	Sound	13	12565027	418	1			260		other	0
10108013_1	480	Response	1	12568603	3994	1
10108013_1	481	Sound	11	12590825	375	1			260		other	0
10108013_1	481	Response	1	12594362	3912	1
10108013_1	482	Sound	14	12615424	633	1			260		other	0
10108013_1	482	Response	1	12620200	5410	1
10108013_1	483	Sound	11	12639122	491	1			260		other	0
10108013_1	483	Response	1	12643079	4448	1
10108013_1	484	Sound	12	12666120	482	1			260		other	0
10108013_1	485	Sound	16	12688019	541	1			260		other	0
10108013_1	485	Response	1	12692035	4557	1
10108013_1	486	Sound	19	12713217	565	1			260		other	0
10108013_1	486	Response	1	12716914	4261	1
10108013_1	487	Sound	20	12728816	659	1			260		other	0
10108013_1	487	Response	1	12732032	3875	2
10108013_1	488	Sound	17	12745615	453	1			260		other	0
10108013_1	488	Response	1	12749712	4550	1
10108013_1	489	Sound	13	12765414	580	1			260		other	0
10108013_1	489	Response	1	12769790	4956	1
10108013_1	490	Sound	19	12787913	405	1			260		other	0
10108013_1	490	Response	1	12791629	4121	1
10108013_1	491	Sound	15	12811911	396	1			260		other	0
10108013_1	491	Response	1	12818107	6592	2
10108013_1	492	Sound	12	12829010	657	1			260		other	0
10108013_1	493	Sound	20	12853308	615	1			260		other	0
10108013_1	493	Response	1	12856505	3811	1
10108013_1	494	Sound	17	12872207	508	1			260		other	0
10108013_1	495	Sound	10	12900106	398	1			260		other	0
10108013_1	496	Sound	14	12926204	656	1			260		other	0
10108013_1	497	Sound	13	12944803	582	1			260		other	0
10108013_1	497	Response	1	12950259	6038	1
10108013_1	498	Sound	16	12964902	509	1			260		other	0
10108013_1	498	Response	1	12969218	4825	1
10108013_1	499	Sound	19	12988300	400	1			260		other	0
10108013_1	499	Response	1	12991936	4036	1
10108013_1	500	Sound	18	13011099	525	1			260		other	0
10108013_1	500	Response	1	13014654	4081	1
10108013_1	501	Sound	14	13031497	418	1			260		other	0
10108013_1	502	Sound	14	13049496	412	1			260		other	0
10108013_1	503	Sound	18	13068395	472	1			260		other	0
10108013_1	503	Response	1	13072571	4647	1
10108013_1	504	Sound	10	13090894	630	1			260		other	0
10108013_1	505	Sound	12	13118792	520	1			260		other	0
10108013_1	505	Response	1	13123448	5176	1
10108013_1	506	Sound	15	13135891	448	1			260		other	0
10108013_1	507	Sound	20	13156889	607	1			260		other	0
10108013_1	507	Response	1	13159525	3243	1
10108013_1	508	Sound	18	13182388	431	1			260		other	0
10108013_1	509	Sound	11	13206386	422	1			260		other	0
10108013_1	510	Sound	12	13228285	648	1			260		other	0
10108013_1	511	Sound	15	13247184	374	1			260		other	0
10108013_1	512	Sound	19	13272382	399	1			260		other	0
10108013_1	512	Response	1	13278078	6094	1
10108013_1	513	Sound	14	13295481	491	1			260		other	0
10108013_1	514	Sound	13	13319779	449	1			260		other	0
10108013_1	515	Sound	11	13335978	643	1			260		other	0
10108013_1	516	Sound	17	13358777	601	1			260		other	0
10108013_1	516	Response	1	13363512	5337	1
10108013_1	517	Sound	16	13377676	662	1			260		other	0
10108013_1	517	Response	1	13382071	5057	1
10108013_1	518	Sound	16	13402874	519	1			260		other	0
10108013_1	519	Sound	20	13421773	579	1			260		other	0
10108013_1	519	Response	1	13424868	3675	1
10108013_1	520	Sound	13	13440972	605	1			260		other	0
10108013_1	521	Sound	17	13457771	566	1			260		other	0
10108013_1	521	Response	1	13462226	5022	1
10108013_1	523	Response	255	13717809	238352	1
10108013_1	525	Sound	34	13779350	385	1			260		other	0
10108013_1	526	Sound	33	13808448	475	1			260		other	0
10108013_1	527	Sound	37	13824647	669	1			260		other	0
10108013_1	528	Sound	39	13851046	559	1			260		other	0
10108013_1	529	Sound	40	13879544	382	1			260		other	0
10108013_1	529	Response	1	13882519	3357	1
10108013_1	530	Sound	36	13899043	375	1			260		other	0
10108013_1	531	Sound	35	13926341	499	1			260		other	0
10108013_1	532	Sound	35	13948540	524	1			260		other	0
10108013_1	533	Sound	40	13974338	482	1			260		other	0
10108013_1	533	Response	1	13977073	3217	1
10108013_1	534	Sound	36	13995637	608	1			260		other	0
10108013_1	535	Sound	30	14024135	431	1			260		other	0
10108013_1	536	Sound	40	14044534	490	1			260		other	0
10108013_1	536	Response	1	14047468	3424	3
10108013_1	537	Sound	30	14068532	482	1			260		other	0
10108013_1	538	Sound	39	14093430	373	1			260		other	0
10108013_1	539	Sound	34	14121629	563	1			260		other	0
10108013_1	539	Response	1	14126503	5437	1
10108013_1	540	Sound	39	14147727	487	1			260		other	0
10108013_1	541	Sound	31	14172026	445	1			260		other	0
10108013_1	542	Sound	30	14196924	502	1			260		other	0
10108013_1	543	Sound	34	14215823	396	1			260		other	0
10108013_1	544	Sound	38	14232922	656	1			260		other	0
10108013_1	545	Sound	39	14261420	646	1			260		other	0
10108013_1	546	Sound	31	14279419	473	1			260		other	0
10108013_1	547	Sound	40	14298918	466	1			260		other	0
10108013_1	547	Response	1	14301931	3480	2
10108013_1	548	Sound	38	14321416	458	1			260		other	0
10108013_1	549	Sound	37	14341515	384	1			260		other	0
10108013_1	550	Sound	34	14361614	477	1			260		other	0
10108013_1	551	Sound	35	14377813	672	1			260		other	0
10108013_1	552	Sound	33	14400611	630	1			260		other	0
10108013_1	553	Sound	39	14423710	555	1			260		other	0
10108013_1	554	Sound	33	14443808	481	1			260		other	0
10108013_1	555	Sound	35	14465107	441	1			260		other	0
10108013_1	556	Sound	32	14484606	600	1			260		other	0
10108013_1	557	Sound	36	14501405	561	1			260		other	0
10108013_1	558	Sound	36	14530203	517	1			260		other	0
10108013_1	559	Sound	32	14556001	641	1			260		other	0
10108013_1	560	Sound	30	14579100	400	1			260		other	0
10108013_1	561	Sound	31	14606998	456	1			260		other	0
10108013_1	562	Sound	32	14624697	483	1			260		other	0
10108013_1	563	Sound	32	14652295	407	1			260		other	0
10108013_1	564	Sound	31	14678094	531	1			260		other	0
10108013_1	565	Sound	35	14697292	557	1			260		other	0
10108013_1	566	Sound	38	14713791	552	1			260		other	0
10108013_1	567	Sound	36	14730890	646	1			260		other	0
10108013_1	568	Sound	37	14753089	504	1			260		other	0
10108013_1	569	Sound	32	14776187	429	1			260		other	0
10108013_1	570	Sound	37	14792386	457	1			260		other	0
10108013_1	571	Sound	38	14811885	450	1			260		other	0
10108013_1	572	Sound	34	14828384	611	1			260		other	0
10108013_1	573	Sound	30	14853883	602	1			260		other	0
10108013_1	574	Sound	38	14871581	629	1			260		other	0
10108013_1	575	Sound	33	14899180	552	1			260		other	0
10108013_1	576	Sound	33	14926178	376	1			260		other	0
10108013_1	577	Sound	37	14945377	569	1			260		other	0
10108013_1	578	Sound	40	14963076	596	1			260		other	0
10108013_1	578	Response	1	14966449	3969	1
10108013_1	579	Sound	31	14980775	623	1			260		other	0
10108013_1	581	Response	255	15271550	267144	1
10108013_1	583	Sound	50	15345552	626	1			260		other	0
10108013_1	584	Sound	55	15371650	550	1			260		other	0
10108013_1	585	Sound	50	15392049	443	1			260		other	0
10108013_1	586	Sound	53	15408848	570	1			260		other	0
10108013_1	586	Response	1	15412660	4383	1
10108013_1	587	Sound	58	15429246	463	1			260		other	0
10108013_1	587	Response	1	15432819	4036	1
10108013_1	588	Sound	52	15450845	389	1			260		other	0
10108013_1	589	Sound	53	15467044	583	1			260		other	0
10108013_1	590	Sound	56	15488943	642	1			260		other	0
10108013_1	590	Response	1	15492655	4355	1
10108013_1	591	Sound	60	15516841	532	1			260		other	0
10108013_1	591	Response	1	15519933	3624	1
10108013_1	592	Sound	60	15538739	591	1			260		other	0
10108013_1	592	Response	1	15541132	2983	1
10108013_1	593	Sound	54	15556138	651	1			260		other	0
10108013_1	594	Sound	50	15574437	611	1			260		other	0
10108013_1	595	Sound	60	15598136	636	1			260		other	0
10108013_1	595	Response	1	15600808	3309	1
10108013_1	596	Sound	60	15618835	496	1			260		other	0
10108013_1	596	Response	1	15621527	3188	1
10108013_1	597	Sound	52	15635933	589	1			260		other	0
10108013_1	598	Sound	57	15652132	617	1			260		other	0
10108013_1	598	Response	1	15656005	4489	1
10108013_1	599	Sound	55	15680331	640	1			260		other	0
10108013_1	600	Sound	59	15707629	597	1			260		other	0
10108013_1	600	Response	1	15711761	4730	1
10108013_1	601	Sound	58	15725628	424	1			260		other	0
10108013_1	601	Response	1	15729680	4476	1
10108013_1	602	Sound	55	15743327	618	1			260		other	0
10108013_1	602	Response	1	15747119	4410	1
10108013_1	603	Sound	50	15768525	475	1			260		other	0
10108013_1	604	Sound	58	15793723	666	1			260		other	0
10108013_1	604	Response	1	15797116	4059	1
10108013_1	605	Sound	57	15818622	558	1			260		other	0
10108013_1	605	Response	1	15822074	4010	1
10108013_1	606	Sound	51	15837221	651	1			260		other	0
10108013_1	607	Sound	59	15856120	544	1			260		other	0
10108013_1	607	Response	1	15859592	4017	1
10108013_1	608	Sound	57	15884018	601	1			260		other	0
10108013_1	609	Sound	55	15911916	658	1			260		other	0
10108013_1	609	Response	1	15921428	10170	1
10108013_1	610	Sound	52	15934115	516	1			260		other	0
10108013_1	610	Response	1	15938466	4868	1
10108013_1	611	Sound	54	15962913	640	1			260		other	0
10108013_1	611	Response	1	15967345	5071	1
10108013_1	612	Sound	56	15984511	565	1			260		other	0
10108013_1	613	Sound	53	16006110	658	1			260		other	0
10108013_1	614	Sound	54	16030109	649	1			260		other	0
10108013_1	614	Response	1	16035500	6041	1
10108013_1	615	Sound	50	16053507	541	1			260		other	0
10108013_1	616	Sound	51	16079605	464	1			260		other	0
10108013_1	617	Sound	59	16108404	421	1			260		other	0
10108013_1	617	Response	1	16112616	4633	1
10108013_1	618	Sound	54	16133902	412	1			260		other	0
10108013_1	619	Sound	57	16152501	505	1			260		other	0
10108013_1	619	Response	1	16156452	4457	1
10108013_1	620	Sound	56	16172300	632	1			260		other	0
10108013_1	620	Response	1	16177011	5343	1
10108013_1	621	Sound	56	16197798	622	1			260		other	0
10108013_1	621	Response	1	16201890	4714	1
10108013_1	622	Sound	59	16221496	481	1			260		other	0
10108013_1	622	Response	1	16225088	4072	1
10108013_1	623	Sound	60	16245195	505	1			260		other	0
10108013_1	623	Response	1	16247567	2877	1
10108013_1	624	Sound	55	16271893	363	1			260		other	0
10108013_1	624	Response	1	16275725	4194	1
10108013_1	625	Sound	51	16294392	521	1			260		other	0
10108013_1	626	Sound	54	16312691	648	1			260		other	0
10108013_1	627	Sound	52	16335789	406	1			260		other	0
10108013_1	628	Sound	59	16363688	630	1			260		other	0
10108013_1	628	Response	1	16367079	4021	1
10108013_1	629	Sound	56	16386486	422	1			260		other	0
10108013_1	629	Response	1	16389558	3493	1
10108013_1	630	Sound	58	16410785	380	1			260		other	0
10108013_1	631	Sound	51	16431183	439	1			260		other	0
10108013_1	631	Response	1	16436755	6010	1
10108013_1	632	Sound	57	16454882	464	1			260		other	0
10108013_1	633	Sound	58	16483380	620	1			260		other	0
10108013_1	633	Response	1	16487392	4632	1
10108013_1	634	Sound	51	16509478	378	1			260		other	0
10108013_1	635	Sound	52	16527177	405	1			260		other	0
10108013_1	636	Sound	53	16547576	464	1			260		other	0
10108013_1	637	Sound	53	16568575	624	1			260		other	0
10108013_1	639	Response	255	16680739	84199	1
10108013_1	641	Sound	12	16760263	588	1			260		other	0
10108013_1	642	Sound	18	16787561	379	1			260		other	0
10108013_1	642	Response	1	16790652	3470	1
10108013_1	643	Sound	17	16808860	504	1			260		other	0
10108013_1	644	Sound	14	16828658	464	1			260		other	0
10108013_1	645	Sound	11	16856856	487	1			260		other	0
10108013_1	645	Response	1	16860087	3718	1
10108013_1	646	Sound	17	16875755	380	1			260		other	0
10108013_1	646	Response	1	16879526	4151	1
10108013_1	647	Sound	15	16896454	573	1			260		other	0
10108013_1	647	Response	1	16900725	4844	1
10108013_1	648	Sound	18	16920452	565	1			260		other	0
10108013_1	648	Response	1	16924723	4835	1
10108013_1	649	Sound	20	16946551	656	1			260		other	0
10108013_1	649	Response	1	16948962	3066	1
10108013_1	650	Sound	16	16965150	582	1			260		other	0
10108013_1	650	Response	1	16969120	4553	1
10108013_1	651	Sound	14	16984948	375	1			260		other	0
10108013_1	651	Response	1	16988319	3746	1
10108013_1	652	Sound	14	17004147	402	1			260		other	0
10108013_1	653	Sound	17	17029046	626	1			260		other	0
10108013_1	653	Response	1	17033276	4857	1
10108013_1	654	Sound	20	17046745	486	1			260		other	0
10108013_1	654	Response	1	17049435	3177	1
10108013_1	655	Sound	19	17071943	677	1			260		other	0
10108013_1	655	Response	1	17075674	4408	1
10108013_1	656	Sound	12	17095641	536	1			260		other	0
10108013_1	656	Response	1	17100552	5446	1
10108013_1	657	Sound	18	17121440	493	1			260		other	0
10108013_1	657	Response	1	17125030	4083	1
10108013_1	658	Sound	11	17137339	387	1			260		other	0
10108013_1	659	Sound	11	17165837	377	1			260		other	0
10108013_1	659	Response	1	17169188	3728	1
10108013_1	660	Sound	10	17189536	402	1			260		other	0
10108013_1	661	Sound	12	17215634	493	1			260		other	0
10108013_1	662	Sound	20	17236633	485	1			260		other	0
10108013_1	662	Response	1	17239263	3116	1
10108013_1	663	Sound	20	17254632	646	1			260		other	0
10108013_1	663	Response	1	17257662	3676	1
10108013_1	664	Sound	15	17276530	371	1			260		other	0
10108013_1	665	Sound	19	17293629	632	1			260		other	0
10108013_1	665	Response	1	17298059	5062	1
10108013_1	666	Sound	19	17311328	659	1			260		other	0
10108013_1	666	Response	1	17314858	4189	1
10108013_1	667	Sound	14	17335626	617	1			260		other	0
10108013_1	667	Response	1	17340457	5447	1
10108013_1	668	Sound	13	17358125	442	1			260		other	0
10108013_1	669	Sound	16	17377924	401	1			260		other	0
10108013_1	669	Response	1	17383494	5971	1
10108013_1	670	Sound	15	17393823	462	1			260		other	0
10108013_1	671	Sound	13	17411222	523	1			260		other	0
10108013_1	672	Sound	15	17430120	583	1			260		other	0
10108013_1	672	Response	1	17435410	5873	1
10108013_1	673	Sound	17	17455019	641	1			260		other	0
10108013_1	673	Response	1	17458369	3991	1
10108013_1	674	Sound	10	17475118	567	1			260		other	0
10108013_1	675	Sound	18	17497016	626	1			260		other	0
10108013_1	675	Response	1	17501406	5016	1
10108013_1	676	Sound	15	17519215	651	1			260		other	0
10108013_1	676	Response	1	17522845	4281	1
10108013_1	677	Sound	12	17545013	609	1			260		other	0
10108013_1	678	Sound	11	17566612	367	1			260		other	0
10108013_1	679	Sound	10	17585511	594	1			260		other	0
10108013_1	680	Sound	16	17609209	452	1			260		other	0
10108013_1	680	Response	1	17613879	5122	1
10108013_1	681	Sound	10	17629908	645	1			260		other	0
10108013_1	682	Sound	16	17654206	603	1			260		other	0
10108013_1	683	Sound	19	17677305	528	1			260		other	0
10108013_1	683	Response	1	17680354	3578	1
10108013_1	684	Sound	13	17697104	488	1			260		other	0
10108013_1	684	Response	1	17700833	4217	1
10108013_1	685	Sound	18	17720502	546	1			260		other	0
10108013_1	685	Response	1	17723552	3596	1
10108013_1	686	Sound	11	17744201	404	1			260		other	0
10108013_1	687	Sound	14	17766099	463	1			260		other	0
10108013_1	688	Sound	12	17788598	455	1			260		other	0
10108013_1	689	Sound	13	17816796	645	1			260		other	0
10108013_1	690	Sound	13	17840195	537	1			260		other	0
10108013_1	691	Sound	20	17860893	563	1			260		other	0
10108013_1	691	Response	1	17863623	3292	1
10108013_1	692	Sound	16	17880092	422	1			260		other	0
10108013_1	692	Response	1	17883221	3552	1
10108013_1	693	Sound	10	17901991	481	1			260		other	0
10108013_1	694	Sound	19	17925989	473	1			260		other	0
10108013_1	694	Response	1	17929779	4262	1
10108013_1	695	Sound	17	17943388	366	1			260		other	0
10108013_1	697	Response	255	19220576	1261303	1
10108013_1	699	Sound	56	19302303	382	1			260		other	0
10108013_1	699	Response	1	19309210	7289	2
10108013_1	700	Sound	50	19322401	475	1			260		other	0
10108013_1	701	Sound	54	19348800	532	1			260		other	0
10108013_1	702	Sound	56	19364999	560	1			260		other	0
10108013_1	702	Response	1	19368886	4447	1
10108013_1	703	Sound	51	19386597	485	1			260		other	0
10108013_1	704	Sound	60	19411196	410	1			260		other	0
10108013_1	704	Response	1	19413443	2657	1
10108013_1	705	Sound	50	19431294	503	1			260		other	0
10108013_1	706	Sound	57	19456193	394	1			260		other	0
10108013_1	706	Response	1	19458640	2841	1
10108013_1	707	Sound	57	19485291	650	1			260		other	0
10108013_1	707	Response	1	19488798	4158	1
10108013_1	708	Sound	54	19508090	442	1			260		other	0
10108013_1	708	Response	1	19511037	3389	1
10108013_1	709	Sound	60	19532688	533	1			260		other	0
10108013_1	709	Response	1	19535275	3121	1
10108013_1	710	Sound	59	19556387	391	1			260		other	0
10108013_1	710	Response	1	19560394	4398	1
10108013_1	711	Sound	52	19578885	551	1			260		other	0
10108013_1	711	Response	1	19582712	4378	1
10108013_1	712	Sound	50	19604684	508	1			260		other	0
10108013_1	713	Sound	54	19633782	597	1			260		other	0
10108013_1	713	Response	1	19637749	4564	1
10108013_1	714	Sound	50	19652081	391	1			260		other	0
10108013_1	715	Sound	54	19668580	385	1			260		other	0
10108013_1	716	Sound	51	19692578	376	1			260		other	0
10108013_1	716	Response	1	19696305	4104	1
10108013_1	717	Sound	53	19720776	566	1			260		other	0
10108013_1	717	Response	1	19725983	5773	1
10108013_1	718	Sound	51	19741475	425	1			260		other	0
10108013_1	719	Sound	57	19768773	549	1			260		other	0
10108013_1	720	Sound	58	19788872	642	1			260		other	0
10108013_1	720	Response	1	19793099	4869	1
10108013_1	721	Sound	60	19809871	635	1			260		other	0
10108013_1	721	Response	1	19812298	3061	1
10108013_1	722	Sound	58	19834769	526	1			260		other	0
10108013_1	722	Response	1	19839816	5572	1
10108013_1	723	Sound	57	19853068	652	1			260		other	0
10108013_1	724	Sound	59	19874366	611	1			260		other	0
10108013_1	724	Response	1	19878053	4298	1
10108013_1	725	Sound	60	19895365	604	1			260		other	0
10108013_1	725	Response	1	19897732	2971	1
10108013_1	726	Sound	52	19918164	396	1			260		other	0
10108013_1	727	Sound	59	19943662	387	1			260		other	0
10108013_1	727	Response	1	19946449	3174	1
10108013_1	728	Sound	53	19971860	410	1			260		other	0
10108013_1	729	Sound	58	19993459	502	1			260		other	0
10108013_1	729	Response	1	19995966	3009	1
10108013_1	730	Sound	55	20010558	596	1			260		other	0
10108013_1	730	Response	1	20013724	3763	1
10108013_1	731	Sound	58	20030957	489	1			260		other	0
10108013_1	731	Response	1	20033563	3095	1
10108013_1	732	Sound	50	20053455	648	1			260		other	0
10108013_1	733	Sound	55	20075654	506	1			260		other	0
10108013_1	733	Response	1	20080120	4973	1
10108013_1	734	Sound	55	20100552	397	1			260		other	0
10108013_1	734	Response	1	20103879	3724	1
10108013_1	735	Sound	56	20128750	421	1			260		other	0
10108013_1	735	Response	1	20132117	3787	1
10108013_1	736	Sound	59	20147649	647	1			260		other	0
10108013_1	736	Response	1	20150836	3834	1
10108013_1	737	Sound	56	20175248	571	1			260		other	0
10108013_1	737	Response	1	20177954	3277	1
10108013_1	738	Sound	56	20202246	561	1			260		other	0
10108013_1	738	Response	1	20205472	3788	1
10108013_1	739	Sound	51	20228344	652	1			260		other	0
10108013_1	740	Sound	52	20246643	445	1			260		other	0
10108013_1	740	Response	1	20250029	3832	1
10108013_1	741	Sound	60	20272142	603	1			260		other	0
10108013_1	741	Response	1	20274268	2729	1
10108013_1	742	Sound	52	20297340	627	1			260		other	0
10108013_1	743	Sound	55	20320138	419	1			260		other	0
10108013_1	743	Response	1	20322985	3265	1
10108013_1	744	Sound	55	20340237	512	1			260		other	0
10108013_1	744	Response	1	20343063	3338	1
10108013_1	745	Sound	57	20367236	670	1			260		other	0
10108013_1	745	Response	1	20371301	4736	1
10108013_1	746	Sound	59	20388234	495	1			260		other	0
10108013_1	746	Response	1	20390900	3161	1
10108013_1	747	Sound	53	20410133	387	1			260		other	0
10108013_1	748	Sound	52	20430232	647	1			260		other	0
10108013_1	749	Sound	53	20453330	405	1			260		other	0
10108013_1	750	Sound	54	20474029	431	1			260		other	0
10108013_1	750	Response	1	20477215	3617	1
10108013_1	751	Sound	58	20490828	558	1			260		other	0
10108013_1	751	Response	1	20494254	3984	1
10108013_1	752	Sound	53	20508227	619	1			260		other	0
10108013_1	753	Sound	51	20531925	477	1			260		other	0
10108013_1	753	Response	1	20535771	4323	1
10108013_1	755	Response	255	20589288	40921	1
10108013_1	757	Sound	30	20663017	363	1			260		other	0
10108013_1	758	Sound	30	20686415	589	1			260		other	0
10108013_1	759	Sound	36	20711614	446	1			260		other	0
10108013_1	760	Sound	39	20733212	372	1			260		other	0
10108013_1	760	Response	1	20737198	4357	1
10108013_1	761	Sound	34	20757811	630	1			260		other	0
10108013_1	762	Sound	30	20780610	422	1			260		other	0
10108013_1	763	Sound	38	20808208	512	1			260		other	0
10108013_1	763	Response	1	20811913	4217	1
10108013_1	764	Sound	33	20834006	636	1			260		other	0
10108013_1	765	Sound	31	20852905	529	1			260		other	0
10108013_1	766	Sound	40	20872104	389	1			260		other	0
10108013_1	766	Response	1	20874549	2834	1
10108013_1	767	Sound	38	20898202	480	1			260		other	0
10108013_1	767	Response	1	20902948	5225	1
10108013_1	768	Sound	39	20918301	573	1			260		other	0
10108013_1	768	Response	1	20922146	4419	1
10108013_1	769	Sound	35	20942599	531	1			260		other	0
10108013_1	770	Sound	37	20962398	490	1			260		other	0
10108013_1	770	Response	1	20967583	5675	1
10108013_1	771	Sound	37	20990896	647	1			260		other	0
10108013_1	772	Sound	31	21010095	506	1			260		other	0
10108013_1	773	Sound	37	21029594	499	1			260		other	0
10108013_1	773	Response	1	21034219	5124	1
10108013_1	774	Sound	31	21051192	592	1			260		other	0
10108013_1	775	Sound	36	21073691	417	1			260		other	0
10108013_1	776	Sound	37	21091990	377	1			260		other	0
10108013_1	777	Sound	39	21121088	634	1			260		other	0
10108013_1	778	Sound	32	21140287	660	1			260		other	0
10108013_1	779	Sound	35	21164885	585	1			260		other	0
10108013_1	780	Sound	32	21186184	377	1			260		other	0
10108013_1	781	Sound	30	21211082	435	1			260		other	0
10108013_1	782	Sound	32	21236881	392	1			260		other	0
10108013_1	783	Sound	35	21261779	617	1			260		other	0
10108013_1	784	Sound	31	21285178	508	1			260		other	0
10108013_1	785	Sound	36	21309176	500	1			260		other	0
10108013_1	785	Response	1	21313001	4325	1
10108013_1	786	Sound	33	21336175	490	1			260		other	0
10108013_1	787	Sound	31	21364973	447	1			260		other	0
10108013_1	788	Sound	30	21393171	637	1			260		other	0
10108013_1	789	Sound	39	21409970	597	1			260		other	0
10108013_1	790	Sound	34	21430969	423	1			260		other	0
10108013_1	791	Sound	34	21455267	381	1			260		other	0
10108013_1	791	Response	1	21460832	5946	1
10108013_1	792	Sound	33	21478366	640	1			260		other	0
10108013_1	793	Sound	32	21506864	629	1			260		other	0
10108013_1	794	Sound	34	21529362	455	1			260		other	0
10108013_1	795	Sound	34	21547061	482	1			260		other	0
10108013_1	796	Sound	38	21575559	471	1			260		other	0
10108013_1	797	Sound	38	21597158	564	1			260		other	0
10108013_1	798	Sound	40	21619657	389	1			260		other	0
10108013_1	798	Response	1	21623141	3874	1
10108013_1	799	Sound	36	21639155	549	1			260		other	0
10108013_1	800	Sound	32	21656854	409	1			260		other	0
10108013_1	801	Sound	35	21685352	566	1			260		other	0
10108013_1	802	Sound	38	21712351	556	1			260		other	0
10108013_1	803	Sound	35	21740549	413	1			260		other	0
10108013_1	804	Sound	33	21767247	436	1			260		other	0
10108013_1	805	Sound	37	21796945	626	1			260		other	0
10108013_1	806	Sound	36	21818244	585	1			260		other	0
10108013_1	807	Sound	39	21834743	579	1			260		other	0
10108013_1	808	Sound	40	21863841	669	1			260		other	0
10108013_1	808	Response	1	21866485	3313	1
10108013_1	809	Sound	33	21883940	428	1			260		other	0
10108013_1	810	Sound	40	21908238	553	1			260		other	0
10108013_1	810	Response	1	21911043	3357	1
10108013_1	811	Sound	40	21930437	578	1			260		other	0
10108013_1	811	Response	1	21933361	3502	1
10108013_1	813	Response	255	21969599	20321	1
10108013_1	815	Sound	33	22044430	538	1			260		other	0
10108013_1	816	Sound	32	22068128	562	1			260		other	0
10108013_1	817	Sound	30	22096327	586	1			260		other	0
10108013_1	818	Sound	38	22117025	445	1			260		other	0
10108013_1	819	Sound	34	22139824	403	1			260		other	0
10108013_1	820	Sound	36	22157823	397	1			260		other	0
10108013_1	821	Sound	34	22175222	458	1			260		other	0
10108013_1	822	Sound	37	22192321	385	1			260		other	0
10108013_1	823	Sound	34	22209720	612	1			260		other	0
10108013_1	824	Sound	35	22231918	471	1			260		other	0
10108013_1	825	Sound	31	22249317	531	1			260		other	0
10108013_1	826	Sound	39	22275115	656	1			260		other	0
10108013_1	827	Sound	39	22291614	649	1			260		other	0
10108013_1	828	Sound	39	22316213	574	1			260		other	0
10108013_1	828	Response	1	22320216	4578	1
10108013_1	829	Sound	32	22337511	533	1			260		other	0
10108013_1	830	Sound	34	22357010	526	1			260		other	0
10108013_1	831	Sound	37	22379209	552	1			260		other	0
10108013_1	832	Sound	32	22396608	445	1			260		other	0
10108013_1	833	Sound	36	22421806	470	1			260		other	0
10108013_1	834	Sound	33	22449404	393	1			260		other	0
10108013_1	835	Sound	40	22466503	487	1			260		other	0
10108013_1	835	Response	1	22469647	3630	1
10108013_1	836	Sound	37	22487802	446	1			260		other	0
10108013_1	837	Sound	36	22507601	572	1			260		other	0
10108013_1	838	Sound	36	22532799	430	1			260		other	0
10108013_1	839	Sound	40	22558598	554	1			260		other	0
10108013_1	839	Response	1	22561561	3517	1
10108013_1	840	Sound	36	22580796	581	1			260		other	0
10108013_1	841	Sound	30	22597295	407	1			260		other	0
10108013_1	842	Sound	38	22623094	531	1			260		other	0
10108013_1	843	Sound	35	22643492	590	1			260		other	0
10108013_1	844	Sound	35	22665391	483	1			260		other	0
10108013_1	845	Sound	39	22692989	573	1			260		other	0
10108013_1	846	Sound	40	22719387	463	1			260		other	0
10108013_1	846	Response	1	22722590	3666	1
10108013_1	847	Sound	38	22747586	654	1			260		other	0
10108013_1	848	Sound	30	22767684	580	1			260		other	0
10108013_1	849	Sound	34	22791083	638	1			260		other	0
10108013_1	850	Sound	33	22818381	595	1			260		other	0
10108013_1	851	Sound	30	22839080	454	1			260		other	0
10108013_1	852	Sound	32	22861878	579	1			260		other	0
10108013_1	853	Sound	31	22881377	572	1			260		other	0
10108013_1	854	Sound	35	22897876	567	1			260		other	0
10108013_1	855	Sound	40	22925174	525	1			260		other	0
10108013_1	855	Response	1	22928097	3447	1
10108013_1	856	Sound	30	22947373	382	1			260		other	0
10108013_1	857	Sound	33	22969272	441	1			260		other	0
10108013_1	858	Sound	40	22987271	435	1			260		other	0
10108013_1	858	Response	1	22990173	3337	1
10108013_1	859	Sound	33	23007969	627	1			260		other	0
10108013_1	860	Sound	38	23026568	554	1			260		other	0
10108013_1	861	Sound	35	23049367	513	1			260		other	0
10108013_1	862	Sound	31	23070965	605	1			260		other	0
10108013_1	863	Sound	31	23087764	399	1			260		other	0
10108013_1	864	Sound	37	23106663	459	1			260		other	0
10108013_1	865	Sound	32	23128262	551	1			260		other	0
10108013_1	866	Sound	31	23157360	641	1			260		other	0
10108013_1	867	Sound	39	23181658	432	1			260		other	0
10108013_1	868	Sound	37	23208657	589	1			260		other	0
10108013_1	869	Sound	38	23229355	448	1			260		other	0

The following output port codes were not sent because of a conflict on the port.
Port	Code	Time(ms)
1	253	10318.8
1	253	156038
1	253	310579
1	253	476009
1	253	617600
1	253	785773
1	253	952187
1	253	1.08795e+06
1	253	1.22056e+06
1	253	1.37178e+06
1	253	1.52716e+06
1	253	1.66808e+06
1	253	1.92206e+06
1	253	2.05893e+06
1	253	2.19696e+06
1	253	2.32449e+06
