Scenario - 
Logfile written - 12/12/2018 21:46:05

Subject	Trial	Event Type	Code	Time	TTime	Uncertainty	Duration	Uncertainty	ReqTime	ReqDur	Stim Type	Pair Index

10108017_2	1	Response	255	2307609	2306942	1
10108017_2	3	Sound	40	2386867	581	1			260		other	0
10108017_2	3	Response	1	2389684	3397	1
10108017_2	4	Sound	31	2404366	908	1			260		other	0
10108017_2	5	Sound	32	2427365	900	1			260		other	0
10108017_2	6	Sound	31	2455363	890	1			260		other	0
10108017_2	7	Sound	34	2481361	880	1			260		other	0
10108017_2	8	Sound	39	2510859	1037	1			260		other	0
10108017_2	8	Response	1	2514236	4413	1
10108017_2	9	Sound	35	2527858	864	1			260		other	0
10108017_2	10	Sound	34	2549357	691	1			260		other	0
10108017_2	11	Sound	38	2573356	682	1			260		other	0
10108017_2	11	Response	1	2577352	4678	1
10108017_2	12	Sound	30	2589854	842	1			260		other	0
10108017_2	13	Sound	35	2619353	998	1			260		other	0
10108017_2	13	Response	1	2623028	4674	1
10108017_2	14	Sound	39	2648351	654	1			260		other	0
10108017_2	14	Response	1	2653187	5490	1
10108017_2	15	Sound	33	2668350	647	1			260		other	0
10108017_2	16	Sound	38	2695848	637	1			260		other	0
10108017_2	16	Response	1	2699904	4693	1
10108017_2	17	Sound	32	2716847	963	1			260		other	0
10108017_2	18	Sound	37	2736345	956	1			260		other	0
10108017_2	19	Sound	38	2765843	946	1			260		other	0
10108017_2	20	Sound	37	2792342	603	1			260		other	0
10108017_2	20	Response	1	2796698	4959	1
10108017_2	21	Sound	30	2818340	927	1			260		other	0
10108017_2	22	Sound	39	2842839	585	1			260		other	0
10108017_2	22	Response	1	2846454	4201	1
10108017_2	23	Sound	37	2870337	908	1			260		other	0
10108017_2	24	Sound	36	2897835	565	1			260		other	0
10108017_2	25	Sound	37	2925833	722	1			260		other	0
10108017_2	26	Sound	32	2948832	714	1			260		other	0
10108017_2	27	Sound	33	2970331	873	1			260		other	0
10108017_2	28	Sound	30	2993329	698	1			260		other	0
10108017_2	29	Sound	36	3012328	1025	1			260		other	0
10108017_2	30	Sound	36	3041326	848	1			260		other	0
10108017_2	30	Response	1	3045882	5403	1
10108017_2	31	Sound	30	3065324	1006	1			260		other	0
10108017_2	32	Sound	32	3085323	832	1			260		other	0
10108017_2	32	Response	1	3089799	5307	1
10108017_2	33	Sound	39	3111322	823	1			260		other	0
10108017_2	34	Sound	35	3129321	649	1			260		other	0
10108017_2	34	Response	1	3133956	5285	1
10108017_2	35	Sound	32	3156319	640	1			260		other	0
10108017_2	35	Response	1	3159954	4275	1
10108017_2	36	Sound	36	3173318	800	1			260		other	0
10108017_2	37	Sound	40	3202316	791	1			260		other	0
10108017_2	37	Response	1	3205551	4026	1
10108017_2	38	Sound	34	3222315	950	1			260		other	0
10108017_2	39	Sound	36	3246813	774	1			260		other	0
10108017_2	40	Sound	34	3265312	934	1			260		other	0
10108017_2	41	Sound	33	3289310	592	1			260		other	0
10108017_2	42	Sound	34	3317809	749	1			260		other	0
10108017_2	43	Sound	33	3336807	575	1			260		other	0
10108017_2	44	Sound	35	3362806	900	1			260		other	0
10108017_2	44	Response	1	3367701	5795	1
10108017_2	45	Sound	38	3381805	726	1			260		other	0
10108017_2	46	Sound	38	3410303	1049	1			260		other	0
10108017_2	47	Sound	35	3439301	872	1			260		other	0
10108017_2	48	Sound	40	3459800	698	1			260		other	0
10108017_2	48	Response	1	3462655	3553	1
10108017_2	49	Sound	31	3484798	1023	1			260		other	0
10108017_2	50	Sound	30	3512796	846	1			260		other	0
10108017_2	51	Sound	40	3532295	1006	1			260		other	0
10108017_2	51	Response	1	3534090	2801	1
10108017_2	52	Sound	40	3559793	829	1			260		other	0
10108017_2	52	Response	1	3562488	3524	1
10108017_2	53	Sound	33	3585292	820	1			260		other	0
10108017_2	54	Sound	31	3605790	813	1			260		other	0
10108017_2	55	Sound	31	3631789	970	1			260		other	0
10108017_2	56	Sound	37	3651288	630	1			260		other	0
10108017_2	56	Response	1	3655363	4705	1
10108017_2	57	Sound	39	3670786	956	1			260		other	0
10108017_2	57	Response	1	3674321	4491	1
10108017_2	59	Response	255	3697760	9178	1
10108017_2	61	Sound	40	3772780	587	1			260		other	0
10108017_2	61	Response	1	3775515	3321	1
10108017_2	62	Sound	30	3793779	746	1			260		other	0
10108017_2	63	Sound	33	3814777	905	1			260		other	0
10108017_2	64	Sound	31	3831776	899	1			260		other	0
10108017_2	64	Response	1	3837511	6633	1
10108017_2	65	Sound	32	3854775	1059	1			260		other	0
10108017_2	66	Sound	37	3880273	882	1			260		other	0
10108017_2	67	Sound	40	3898272	1042	1			260		other	0
10108017_2	67	Response	1	3900227	2997	1
10108017_2	68	Sound	34	3927270	698	1			260		other	0
10108017_2	68	Response	1	3932144	5572	1
10108017_2	69	Sound	30	3949269	690	1			260		other	0
10108017_2	70	Sound	36	3976767	847	1			260		other	0
10108017_2	71	Sound	34	3997766	673	1			260		other	0
10108017_2	72	Sound	34	4014265	1001	1			260		other	0
10108017_2	73	Sound	35	4031264	995	1			260		other	0
10108017_2	74	Sound	31	4058762	818	1			260		other	0
10108017_2	75	Sound	37	4085260	642	1			260		other	0
10108017_2	76	Sound	32	4105759	801	1			260		other	0
10108017_2	77	Sound	31	4126758	627	1			260		other	0
10108017_2	78	Sound	32	4145757	954	1			260		other	0
10108017_2	79	Sound	34	4172755	611	1			260		other	0
10108017_2	80	Sound	31	4198253	602	1			260		other	0
10108017_2	81	Sound	30	4215252	762	1			260		other	0
10108017_2	82	Sound	35	4241251	586	1			260		other	0
10108017_2	83	Sound	36	4258249	747	1			260		other	0
10108017_2	84	Sound	37	4280748	572	1			260		other	0
10108017_2	85	Sound	40	4305247	730	1			260		other	0
10108017_2	85	Response	1	4307800	3284	1
10108017_2	86	Sound	36	4326745	1056	1			260		other	0
10108017_2	87	Sound	38	4353744	1046	1			260		other	0
10108017_2	88	Sound	39	4373242	706	1			260		other	0
10108017_2	88	Response	1	4377556	5020	1
10108017_2	89	Sound	35	4395741	1032	1			260		other	0
10108017_2	90	Sound	33	4418739	856	1			260		other	0
10108017_2	91	Sound	32	4444738	680	1			260		other	0
10108017_2	92	Sound	32	4468736	839	1			260		other	0
10108017_2	93	Sound	39	4488735	998	1			260		other	0
10108017_2	94	Sound	38	4508234	658	1			260		other	0
10108017_2	94	Response	1	4512987	5412	1
10108017_2	95	Sound	33	4531232	650	1			260		other	0
10108017_2	95	Response	1	4535866	5283	1
10108017_2	96	Sound	35	4553231	808	1			260		other	0
10108017_2	97	Sound	33	4573729	634	1			260		other	0
10108017_2	98	Sound	34	4592728	794	1			260		other	0
10108017_2	99	Sound	37	4613727	620	1			260		other	0
10108017_2	100	Sound	38	4642225	610	1			260		other	0
10108017_2	101	Sound	40	4671723	933	1			260		other	0
10108017_2	101	Response	1	4673937	3146	1
10108017_2	102	Sound	38	4697222	590	1			260		other	0
10108017_2	103	Sound	36	4726720	913	1			260		other	0
10108017_2	104	Sound	40	4753718	737	1			260		other	0
10108017_2	104	Response	1	4756092	3110	1
10108017_2	105	Sound	39	4778217	728	1			260		other	0
10108017_2	105	Response	1	4782090	4602	1
10108017_2	106	Sound	39	4797216	721	1			260		other	0
10108017_2	106	Response	1	4801049	4555	1
10108017_2	107	Sound	37	4823714	712	1			260		other	0
10108017_2	107	Response	1	4827047	4045	1
10108017_2	108	Sound	35	4844213	705	1			260		other	0
10108017_2	108	Response	1	4848886	5378	1
10108017_2	109	Sound	30	4871211	1029	1			260		other	0
10108017_2	110	Sound	33	4900209	851	1			260		other	0
10108017_2	111	Sound	31	4925708	676	1			260		other	0
10108017_2	112	Sound	36	4947206	1002	1			260		other	0
10108017_2	113	Sound	39	4963705	995	1			260		other	0
10108017_2	113	Response	1	4968798	6088	1
10108017_2	114	Sound	38	4985204	821	1			260		other	0
10108017_2	114	Response	1	4990717	6334	1
10108017_2	115	Sound	30	5010202	979	1			260		other	0
10108017_2	117	Response	255	5053993	15181	1
10108017_2	119	Sound	30	5134694	601	1			260		other	0
10108017_2	120	Sound	36	5158693	759	1			260		other	0
10108017_2	121	Sound	33	5175692	920	1			260		other	0
10108017_2	122	Sound	38	5202690	743	1			260		other	0
10108017_2	123	Sound	40	5224189	1069	1			260		other	0
10108017_2	123	Response	1	5226381	3262	1
10108017_2	124	Sound	34	5245687	1062	1			260		other	0
10108017_2	125	Sound	30	5262186	722	1			260		other	0
10108017_2	126	Sound	36	5284685	881	1			260		other	0
10108017_2	127	Sound	40	5307683	706	1			260		other	0
10108017_2	127	Response	1	5310456	3478	1
10108017_2	128	Sound	32	5333682	697	1			260		other	0
10108017_2	129	Sound	34	5361680	853	1			260		other	0
10108017_2	130	Sound	35	5380179	680	1			260		other	0
10108017_2	131	Sound	36	5397678	674	1			260		other	0
10108017_2	131	Response	1	5402850	5846	1
10108017_2	132	Sound	37	5424676	998	1			260		other	0
10108017_2	133	Sound	35	5448674	990	1			260		other	0
10108017_2	134	Sound	32	5472173	814	1			260		other	0
10108017_2	135	Sound	31	5500671	804	1			260		other	0
10108017_2	136	Sound	34	5529669	627	1			260		other	0
10108017_2	137	Sound	38	5549168	953	1			260		other	0
10108017_2	138	Sound	35	5566667	614	1			260		other	0
10108017_2	139	Sound	40	5595165	603	1			260		other	0
10108017_2	139	Response	1	5599238	4676	1
10108017_2	140	Sound	37	5616164	929	1			260		other	0
10108017_2	141	Sound	33	5635163	589	1			260		other	0
10108017_2	142	Sound	39	5662161	746	1			260		other	0
10108017_2	142	Response	1	5666753	5338	1
10108017_2	143	Sound	30	5679160	907	1			260		other	0
10108017_2	144	Sound	31	5699659	900	1			260		other	0
10108017_2	145	Sound	31	5719157	893	1			260		other	0
10108017_2	146	Sound	32	5735656	1053	1			260		other	0
10108017_2	147	Sound	38	5755155	880	1			260		other	0
10108017_2	148	Sound	30	5776654	1039	1			260		other	0
10108017_2	149	Sound	37	5795153	699	1			260		other	0
10108017_2	149	Response	1	5799545	5091	1
10108017_2	150	Sound	32	5821151	690	1			260		other	0
10108017_2	151	Sound	31	5850149	679	1			260		other	0
10108017_2	152	Sound	35	5872648	671	1			260		other	0
10108017_2	153	Sound	33	5896646	663	1			260		other	0
10108017_2	154	Sound	35	5916645	822	1			260		other	0
10108017_2	155	Sound	38	5943643	646	1			260		other	0
10108017_2	156	Sound	33	5966642	804	1			260		other	0
10108017_2	157	Sound	37	5983641	798	1			260		other	0
10108017_2	158	Sound	39	6003140	958	1			260		other	0
10108017_2	159	Sound	34	6025638	950	1			260		other	0
10108017_2	160	Sound	38	6052137	607	1			260		other	0
10108017_2	161	Sound	31	6075635	932	1			260		other	0
10108017_2	162	Sound	36	6099634	590	1			260		other	0
10108017_2	163	Sound	39	6127132	580	1			260		other	0
10108017_2	163	Response	1	6131603	5052	1
10108017_2	164	Sound	40	6153130	738	1			260		other	0
10108017_2	164	Response	1	6158881	6489	1
10108017_2	165	Sound	40	6181628	1061	1			260		other	0
10108017_2	165	Response	1	6184640	4073	1
10108017_2	166	Sound	32	6201127	1054	1			260		other	0
10108017_2	167	Sound	36	6222126	880	1			260		other	0
10108017_2	168	Sound	34	6251124	870	1			260		other	0
10108017_2	169	Sound	39	6269623	863	1			260		other	0
10108017_2	169	Response	1	6274234	5474	1
10108017_2	170	Sound	33	6288622	1023	1			260		other	0
10108017_2	171	Sound	39	6306620	1016	1			260		other	0
10108017_2	171	Response	1	6309832	4228	1
10108017_2	172	Sound	37	6323620	844	1			260		other	0
10108017_2	173	Sound	30	6347618	1002	1			260		other	0
10108017_2	175	Response	255	6373588	8053	1
10108017_2	177	Sound	60	6452611	632	1			260		other	0
10108017_2	177	Response	1	6456622	4642	2
10108017_2	178	Sound	53	6472110	957	1			260		other	0
10108017_2	179	Sound	51	6495109	783	1			260		other	0
10108017_2	180	Sound	58	6513607	943	1			260		other	0
10108017_2	180	Response	1	6518458	5794	1
10108017_2	181	Sound	57	6537106	768	1			260		other	0
10108017_2	182	Sound	54	6559105	760	1			260		other	0
10108017_2	182	Response	1	6566055	7710	1
10108017_2	183	Sound	56	6581603	585	1			260		other	0
10108017_2	183	Response	1	6586374	5356	1
10108017_2	184	Sound	58	6606102	910	1			260		other	0
10108017_2	184	Response	1	6609332	4140	1
10108017_2	185	Sound	58	6625100	903	1			260		other	0
10108017_2	185	Response	1	6629411	5214	1
10108017_2	186	Sound	60	6651099	1060	1			260		other	0
10108017_2	186	Response	1	6653650	3611	1
10108017_2	187	Sound	59	6676597	718	1			260		other	0
10108017_2	187	Response	1	6680768	4889	1
10108017_2	188	Sound	53	6694596	711	1			260		other	0
10108017_2	189	Sound	55	6715095	871	1			260		other	0
10108017_2	190	Sound	52	6731594	865	1			260		other	0
10108017_2	191	Sound	59	6749593	1025	1			260		other	0
10108017_2	191	Response	1	6753723	5156	1
10108017_2	192	Sound	60	6766592	686	1			260		other	0
10108017_2	192	Response	1	6769402	3496	1
10108017_2	193	Sound	50	6784590	1013	1			260		other	0
10108017_2	194	Sound	58	6813089	669	1			260		other	0
10108017_2	194	Response	1	6818599	6180	1
10108017_2	195	Sound	58	6841587	826	1			260		other	0
10108017_2	195	Response	1	6844757	3996	1
10108017_2	196	Sound	56	6863585	985	1			260		other	0
10108017_2	196	Response	1	6867956	5355	1
10108017_2	197	Sound	52	6885584	643	1			260		other	0
10108017_2	197	Response	1	6891074	6134	1
10108017_2	198	Sound	56	6906583	636	1			260		other	0
10108017_2	198	Response	1	6909233	3286	1
10108017_2	199	Sound	54	6933581	626	1			260		other	0
10108017_2	199	Response	1	6937391	4437	1
10108017_2	200	Sound	53	6960579	783	1			260		other	0
10108017_2	200	Response	1	6963630	3834	1
10108017_2	201	Sound	60	6978078	944	1			260		other	0
10108017_2	201	Response	1	6980909	3774	1
10108017_2	202	Sound	57	7001077	602	1			260		other	0
10108017_2	202	Response	1	7006907	6432	1
10108017_2	203	Sound	51	7023075	594	1			260		other	0
10108017_2	203	Response	1	7027866	5384	1
10108017_2	204	Sound	50	7049074	752	1			260		other	0
10108017_2	205	Sound	52	7067073	745	1			260		other	0
10108017_2	206	Sound	55	7096571	901	1			260		other	0
10108017_2	206	Response	1	7099941	4271	1
10108017_2	207	Sound	57	7118069	727	1			260		other	0
10108017_2	207	Response	1	7125299	7957	1
10108017_2	208	Sound	54	7142568	1052	1			260		other	0
10108017_2	209	Sound	53	7162067	1045	1			260		other	0
10108017_2	209	Response	1	7165937	4915	1
10108017_2	210	Sound	59	7178566	1039	1			260		other	0
10108017_2	210	Response	1	7182095	4569	1
10108017_2	211	Sound	57	7196065	866	1			260		other	0
10108017_2	212	Sound	56	7218063	691	1			260		other	0
10108017_2	212	Response	1	7221613	4241	1
10108017_2	213	Sound	50	7245561	1015	1			260		other	0
10108017_2	214	Sound	51	7267560	674	1			260		other	0
10108017_2	215	Sound	60	7287059	667	1			260		other	0
10108017_2	215	Response	1	7290009	3617	1
10108017_2	216	Sound	55	7316557	991	1			260		other	0
10108017_2	217	Sound	54	7340555	981	1			260		other	0
10108017_2	218	Sound	57	7360054	641	1			260		other	0
10108017_2	218	Response	1	7364004	4590	1
10108017_2	219	Sound	59	7388552	964	1			260		other	0
10108017_2	219	Response	1	7391362	3774	1
10108017_2	220	Sound	51	7411551	789	1			260		other	0
10108017_2	221	Sound	56	7431050	615	1			260		other	0
10108017_2	221	Response	1	7434799	4365	1
10108017_2	222	Sound	53	7457548	939	1			260		other	0
10108017_2	222	Response	1	7460558	3949	1
10108017_2	223	Sound	59	7475047	766	1			260		other	0
10108017_2	223	Response	1	7479597	5316	1
10108017_2	224	Sound	54	7497046	925	1			260		other	0
10108017_2	224	Response	1	7500555	4435	1
10108017_2	225	Sound	50	7522044	916	1			260		other	0
10108017_2	226	Sound	55	7541043	1076	1			260		other	0
10108017_2	227	Sound	51	7568541	1066	1			260		other	0
10108017_2	228	Sound	50	7589040	1059	1			260		other	0
10108017_2	229	Sound	55	7618038	715	1			260		other	0
10108017_2	229	Response	1	7624627	7305	1
10108017_2	230	Sound	52	7638037	1042	1			260		other	0
10108017_2	231	Sound	52	7665035	865	1			260		other	0
10108017_2	233	Response	255	8016042	322784	1
10108017_2	235	Sound	55	8089508	1047	1			260		other	0
10108017_2	236	Sound	52	8108507	707	1			260		other	0
10108017_2	237	Sound	50	8130006	1033	1			260		other	0
10108017_2	238	Sound	59	8156504	690	1			260		other	0
10108017_2	238	Response	1	8160913	5099	1
10108017_2	239	Sound	52	8185502	680	1			260		other	0
10108017_2	240	Sound	60	8210501	1004	1			260		other	0
10108017_2	240	Response	1	8213309	3813	1
10108017_2	241	Sound	56	8227999	998	1			260		other	0
10108017_2	242	Sound	53	8249998	657	1			260		other	0
10108017_2	242	Response	1	8256347	7005	1
10108017_2	243	Sound	59	8272497	982	1			260		other	0
10108017_2	243	Response	1	8275785	4271	1
10108017_2	244	Sound	54	8294495	641	1			260		other	0
10108017_2	244	Response	1	8299384	5529	1
10108017_2	245	Sound	54	8312494	801	1			260		other	0
10108017_2	245	Response	1	8317063	5370	1
10108017_2	246	Sound	56	8334993	960	1			260		other	0
10108017_2	247	Sound	55	8356991	785	1			260		other	0
10108017_2	248	Sound	52	8374490	612	1			260		other	0
10108017_2	249	Sound	51	8402489	602	1			260		other	0
10108017_2	250	Sound	53	8430987	926	1			260		other	0
10108017_2	251	Sound	60	8459985	748	1			260		other	0
10108017_2	251	Response	1	8462813	3577	1
10108017_2	252	Sound	50	8477984	909	1			260		other	0
10108017_2	253	Sound	59	8505482	899	1			260		other	0
10108017_2	253	Response	1	8508410	3827	1
10108017_2	254	Sound	57	8531480	723	1			260		other	0
10108017_2	254	Response	1	8539448	8691	1
10108017_2	255	Sound	54	8549979	716	1			260		other	0
10108017_2	256	Sound	51	8567978	877	1			260		other	0
10108017_2	257	Sound	54	8587977	870	1			260		other	0
10108017_2	257	Response	1	8592085	4978	1
10108017_2	258	Sound	58	8606976	696	1			260		other	0
10108017_2	258	Response	1	8610644	4364	1
10108017_2	259	Sound	59	8628474	855	1			260		other	0
10108017_2	259	Response	1	8631442	3823	1
10108017_2	260	Sound	56	8647973	849	1			260		other	0
10108017_2	260	Response	1	8651281	4157	1
10108017_2	261	Sound	53	8669972	840	1			260		other	0
10108017_2	261	Response	1	8673360	4228	1
10108017_2	262	Sound	55	8699970	830	1			260		other	0
10108017_2	263	Sound	55	8729468	986	1			260		other	0
10108017_2	264	Sound	58	8745967	813	1			260		other	0
10108017_2	264	Response	1	8750715	5561	1
10108017_2	265	Sound	57	8774965	636	1			260		other	0
10108017_2	265	Response	1	8779113	4784	1
10108017_2	266	Sound	55	8796964	628	1			260		other	0
10108017_2	266	Response	1	8801111	4776	1
10108017_2	267	Sound	50	8823962	785	1			260		other	0
10108017_2	268	Sound	57	8840961	613	1			260		other	0
10108017_2	269	Sound	60	8858960	773	1			260		other	0
10108017_2	269	Response	1	8861907	3721	1
10108017_2	270	Sound	58	8881958	931	1			260		other	0
10108017_2	270	Response	1	8888306	7279	1
10108017_2	271	Sound	58	8902457	757	1			260		other	0
10108017_2	271	Response	1	8906225	4525	1
10108017_2	272	Sound	53	8923956	917	1			260		other	0
10108017_2	272	Response	1	8928063	5024	1
10108017_2	273	Sound	52	8952954	573	1			260		other	0
10108017_2	274	Sound	56	8974952	732	1			260		other	0
10108017_2	275	Sound	52	8997451	1057	1			260		other	0
10108017_2	276	Sound	60	9019450	716	1			260		other	0
10108017_2	276	Response	1	9022217	3483	1
10108017_2	277	Sound	53	9041948	1041	1			260		other	0
10108017_2	278	Sound	51	9066447	865	1			260		other	0
10108017_2	278	Response	1	9070934	5353	1
10108017_2	279	Sound	56	9086445	692	1			260		other	0
10108017_2	279	Response	1	9090373	4619	1
10108017_2	280	Sound	59	9106944	1018	1			260		other	0
10108017_2	280	Response	1	9110212	4285	1
10108017_2	281	Sound	54	9125943	1011	1			260		other	0
10108017_2	282	Sound	58	9154441	1001	1			260		other	0
10108017_2	282	Response	1	9158289	4848	1
10108017_2	283	Sound	50	9179940	825	1			260		other	0
10108017_2	284	Sound	51	9202938	650	1			260		other	0
10108017_2	285	Sound	50	9219937	644	1			260		other	0
10108017_2	286	Sound	51	9241936	970	1			260		other	0
10108017_2	287	Sound	57	9258935	630	1			260		other	0
10108017_2	287	Response	1	9263802	5497	1
10108017_2	288	Sound	60	9276933	957	1			260		other	0
10108017_2	288	Response	1	9280841	4865	1
10108017_2	289	Sound	57	9293932	951	1			260		other	0
10108017_2	289	Response	1	9301559	8578	1
10108017_2	291	Response	255	9984236	667501	1
10108017_2	293	Sound	20	10052885	1014	1			260		other	0
10108017_2	293	Response	1	10055671	3800	1
10108017_2	294	Sound	14	10074383	839	1			260		other	0
10108017_2	295	Sound	15	10100882	997	1			260		other	0
10108017_2	295	Response	1	10105188	5303	1
10108017_2	296	Sound	17	10120880	656	1			260		other	0
10108017_2	296	Response	1	10124226	4002	1
10108017_2	297	Sound	20	10137379	817	1			260		other	0
10108017_2	297	Response	1	10140385	3823	1
10108017_2	298	Sound	19	10153378	645	1			260		other	0
10108017_2	298	Response	1	10156144	3411	1
10108017_2	299	Sound	15	10169377	639	1			260		other	0
10108017_2	299	Response	1	10172303	3565	1
10108017_2	300	Sound	19	10189376	632	1			260		other	0
10108017_2	300	Response	1	10192622	3878	1
10108017_2	301	Sound	17	10212875	623	1			260		other	0
10108017_2	301	Response	1	10215341	3089	1
10108017_2	302	Sound	13	10235873	949	1			260		other	0
10108017_2	302	Response	1	10239579	4655	1
10108017_2	303	Sound	16	10261372	606	1			260		other	0
10108017_2	303	Response	1	10264697	3932	1
10108017_2	304	Sound	14	10278870	933	1			260		other	0
10108017_2	304	Response	1	10281976	4039	1
10108017_2	305	Sound	12	10299869	926	1			260		other	0
10108017_2	305	Response	1	10303575	4632	1
10108017_2	306	Sound	12	10325367	917	1			260		other	0
10108017_2	307	Sound	19	10352366	907	1			260		other	0
10108017_2	307	Response	1	10355572	4113	1
10108017_2	308	Sound	14	10377864	731	1			260		other	0
10108017_2	309	Sound	10	10404862	722	1			260		other	0
10108017_2	310	Sound	16	10430361	1046	1			260		other	0
10108017_2	310	Response	1	10433966	4651	1
10108017_2	311	Sound	10	10445860	707	1			260		other	0
10108017_2	312	Sound	18	10473358	864	1			260		other	0
10108017_2	312	Response	1	10477004	4510	1
10108017_2	313	Sound	16	10499357	688	1			260		other	0
10108017_2	314	Sound	17	10522855	680	1			260		other	0
10108017_2	315	Sound	10	10545854	671	1			260		other	0
10108017_2	316	Sound	11	10572852	828	1			260		other	0
10108017_2	317	Sound	11	10599850	819	1			260		other	0
10108017_2	318	Sound	16	10616849	979	1			260		other	0
10108017_2	319	Sound	12	10643347	803	1			260		other	0
10108017_2	320	Sound	13	10659846	964	1			260		other	0
10108017_2	321	Sound	11	10684845	622	1			260		other	0
10108017_2	322	Sound	20	10712343	945	1			260		other	0
10108017_2	322	Response	1	10716668	5271	1
10108017_2	323	Sound	18	10732842	938	1			260		other	0
10108017_2	324	Sound	18	10754340	930	1			260		other	0
10108017_2	324	Response	1	10765385	11975	1
10108017_2	325	Sound	15	10772339	591	1			260		other	0
10108017_2	325	Response	1	10777144	5396	1
10108017_2	326	Sound	16	10800837	747	1			260		other	0
10108017_2	327	Sound	17	10823336	739	1			260		other	0
10108017_2	327	Response	1	10827861	5264	1
10108017_2	328	Sound	11	10846335	1064	1			260		other	0
10108017_2	329	Sound	19	10873833	1054	1			260		other	0
10108017_2	329	Response	1	10878258	5479	1
10108017_2	330	Sound	14	10889332	716	1			260		other	0
10108017_2	331	Sound	13	10911331	1041	1			260		other	0
10108017_2	332	Sound	17	10936329	865	1			260		other	0
10108017_2	332	Response	1	10942094	6630	1
10108017_2	333	Sound	20	10962827	856	1			260		other	0
10108017_2	333	Response	1	10966572	4601	1
10108017_2	334	Sound	13	10981826	683	1			260		other	0
10108017_2	334	Response	1	10989291	8147	1
10108017_2	335	Sound	19	11008824	840	1			260		other	0
10108017_2	335	Response	1	11012009	4025	1
10108017_2	336	Sound	13	11031823	665	1			260		other	0
10108017_2	336	Response	1	11035368	4210	1
10108017_2	337	Sound	10	11049822	658	1			260		other	0
10108017_2	337	Response	1	11055847	6683	1
10108017_2	338	Sound	11	11076320	982	1			260		other	0
10108017_2	339	Sound	20	11104318	972	1			260		other	0
10108017_2	339	Response	1	11106963	3617	1
10108017_2	340	Sound	18	11126817	964	1			260		other	0
10108017_2	340	Response	1	11133442	7589	1
10108017_2	341	Sound	12	11151815	955	1			260		other	0
10108017_2	342	Sound	18	11174314	614	1			260		other	0
10108017_2	343	Sound	15	11201312	604	1			260		other	0
10108017_2	344	Sound	10	11224311	929	1			260		other	0
10108017_2	345	Sound	15	11252809	919	1			260		other	0
10108017_2	346	Sound	12	11274308	912	1			260		other	0
10108017_2	347	Sound	14	11291807	905	1			260		other	0
10108017_2	349	Response	255	11359907	41418	1
10108017_2	351	Sound	53	11428298	857	1			260		other	0
10108017_2	352	Sound	52	11446297	850	1			260		other	0
10108017_2	353	Sound	60	11471295	1008	1			260		other	0
10108017_2	353	Response	1	11473740	3452	1
10108017_2	354	Sound	56	11500793	664	1			260		other	0
10108017_2	354	Response	1	11515497	15368	1
10108017_2	355	Sound	60	11529792	821	1			260		other	0
10108017_2	355	Response	1	11532296	3325	1
10108017_2	356	Sound	54	11550790	646	1			260		other	0
10108017_2	357	Sound	50	11573789	805	1			260		other	0
10108017_2	358	Sound	55	11594287	631	1			260		other	0
10108017_2	359	Sound	54	11622786	787	1			260		other	0
10108017_2	360	Sound	52	11639285	781	1			260		other	0
10108017_2	361	Sound	54	11660283	774	1			260		other	0
10108017_2	362	Sound	51	11678282	768	1			260		other	0
10108017_2	363	Sound	52	11700781	593	1			260		other	0
10108017_2	364	Sound	53	11718280	753	1			260		other	0
10108017_2	365	Sound	58	11737279	580	1			260		other	0
10108017_2	366	Sound	57	11753777	907	1			260		other	0
10108017_2	367	Sound	51	11771276	901	1			260		other	0
10108017_2	368	Sound	52	11787775	896	1			260		other	0
10108017_2	369	Sound	57	11807274	888	1			260		other	0
10108017_2	369	Response	1	11811878	5492	1
10108017_2	370	Sound	55	11833273	879	1			260		other	0
10108017_2	371	Sound	57	11854771	1038	1			260		other	0
10108017_2	371	Response	1	11858435	4702	1
10108017_2	372	Sound	50	11874270	698	1			260		other	0
10108017_2	373	Sound	51	11903268	854	1			260		other	0
10108017_2	374	Sound	59	11927767	845	1			260		other	0
10108017_2	374	Response	1	11931150	4229	1
10108017_2	375	Sound	60	11955765	835	1			260		other	0
10108017_2	375	Response	1	11958269	3339	1
10108017_2	376	Sound	57	11972764	662	1			260		other	0
10108017_2	376	Response	1	11978107	6006	1
10108017_2	377	Sound	51	11989263	990	1			260		other	0
10108017_2	378	Sound	54	12018261	980	1			260		other	0
10108017_2	379	Sound	59	12046259	636	1			260		other	0
10108017_2	379	Response	1	12050023	4400	1
10108017_2	380	Sound	56	12067258	629	1			260		other	0
10108017_2	380	Response	1	12073141	6512	1
10108017_2	381	Sound	52	12095256	952	1			260		other	0
10108017_2	382	Sound	50	12112255	946	1			260		other	0
10108017_2	383	Sound	50	12128754	774	1			260		other	0
10108017_2	384	Sound	60	12152252	932	1			260		other	0
10108017_2	384	Response	1	12155536	4215	1
10108017_2	385	Sound	59	12174251	924	1			260		other	0
10108017_2	385	Response	1	12183214	9887	1
10108017_2	386	Sound	53	12192750	584	1			260		other	0
10108017_2	387	Sound	58	12221748	740	1			260		other	0
10108017_2	387	Response	1	12225211	4204	1
10108017_2	388	Sound	58	12239247	734	1			260		other	0
10108017_2	388	Response	1	12245530	7017	1
10108017_2	389	Sound	53	12260746	727	1			260		other	0
10108017_2	390	Sound	55	12282744	1053	1			260		other	0
10108017_2	390	Response	1	12287687	5996	1
10108017_2	391	Sound	56	12300743	1046	1			260		other	0
10108017_2	392	Sound	53	12319242	872	1			260		other	0
10108017_2	393	Sound	58	12339241	698	1			260		other	0
10108017_2	393	Response	1	12343364	4822	1
10108017_2	394	Sound	60	12357240	1026	1			260		other	0
10108017_2	394	Response	1	12360163	3949	1
10108017_2	395	Sound	54	12377738	852	1			260		other	0
10108017_2	396	Sound	55	12397237	678	1			260		other	0
10108017_2	397	Sound	56	12424235	668	1			260		other	0
10108017_2	397	Response	1	12429438	5871	1
10108017_2	398	Sound	59	12444234	661	1			260		other	0
10108017_2	398	Response	1	12447597	4024	1
10108017_2	399	Sound	57	12468733	652	1			260		other	0
10108017_2	400	Sound	51	12495731	643	1			260		other	0
10108017_2	401	Sound	59	12523229	966	1			260		other	0
10108017_2	401	Response	1	12527752	5489	1
10108017_2	402	Sound	56	12552227	622	1			260		other	0
10108017_2	403	Sound	55	12575226	781	1			260		other	0
10108017_2	403	Response	1	12581428	6983	1
10108017_2	404	Sound	50	12594725	607	1			260		other	0
10108017_2	405	Sound	58	12611723	768	1			260		other	0
10108017_2	405	Response	1	12615106	4151	1
10108017_2	407	Response	255	15269336	2635794	1
10108017_2	409	Sound	17	15337052	963	1			260		other	0
10108017_2	410	Sound	15	15365550	786	1			260		other	0
10108017_2	411	Sound	15	15390048	777	1			260		other	0
10108017_2	412	Sound	12	15418547	601	1			260		other	0
10108017_2	413	Sound	14	15439545	760	1			260		other	0
10108017_2	414	Sound	19	15468044	583	1			260		other	0
10108017_2	414	Response	1	15471643	4182	1
10108017_2	415	Sound	15	15486042	910	1			260		other	0
10108017_2	416	Sound	18	15505041	903	1			260		other	0
10108017_2	416	Response	1	15508520	4382	1
10108017_2	417	Sound	20	15532040	727	1			260		other	0
10108017_2	417	Response	1	15534359	3046	1
10108017_2	418	Sound	11	15550038	887	1			260		other	0
10108017_2	419	Sound	20	15573037	712	1			260		other	0
10108017_2	419	Response	1	15575636	3311	1
10108017_2	420	Sound	12	15589036	1040	1			260		other	0
10108017_2	421	Sound	18	15611035	1032	1			260		other	0
10108017_2	421	Response	1	15615793	5791	1
10108017_2	422	Sound	14	15638533	1022	1			260		other	0
10108017_2	423	Sound	17	15657032	682	1			260		other	0
10108017_2	424	Sound	14	15681030	1007	1			260		other	0
10108017_2	424	Response	1	15685069	5046	1
10108017_2	425	Sound	11	15702029	999	1			260		other	0
10108017_2	426	Sound	18	15725528	825	1			260		other	0
10108017_2	426	Response	1	15729146	4443	1
10108017_2	427	Sound	19	15743026	652	1			260		other	0
10108017_2	427	Response	1	15747945	5570	1
10108017_2	428	Sound	16	15762525	978	1			260		other	0
10108017_2	428	Response	1	15765864	4317	1
10108017_2	429	Sound	13	15780524	972	1			260		other	0
10108017_2	429	Response	1	15784022	4470	1
10108017_2	430	Sound	13	15804022	963	1			260		other	0
10108017_2	430	Response	1	15806501	3442	1
10108017_2	431	Sound	15	15831521	787	1			260		other	0
10108017_2	432	Sound	10	15849520	614	1			260		other	0
10108017_2	433	Sound	19	15872518	772	1			260		other	0
10108017_2	433	Response	1	15875936	4190	1
10108017_2	434	Sound	19	15897017	930	1			260		other	0
10108017_2	434	Response	1	15899775	3688	1
10108017_2	435	Sound	16	15915015	924	1			260		other	0
10108017_2	436	Sound	17	15936514	582	1			260		other	0
10108017_2	436	Response	1	15942812	6881	1
10108017_2	437	Sound	20	15962013	740	1			260		other	0
10108017_2	437	Response	1	15964011	2739	1
10108017_2	438	Sound	13	15979511	734	1			260		other	0
10108017_2	439	Sound	17	15995510	1062	1			260		other	0
10108017_2	440	Sound	16	16016509	721	1			260		other	0
10108017_2	440	Response	1	16020567	4779	1
10108017_2	441	Sound	10	16043007	1045	1			260		other	0
10108017_2	442	Sound	19	16066506	1036	1			260		other	0
10108017_2	442	Response	1	16069524	4055	1
10108017_2	443	Sound	14	16092004	694	1			260		other	0
10108017_2	443	Response	1	16096162	4852	1
10108017_2	444	Sound	11	16107503	688	1			260		other	0
10108017_2	445	Sound	20	16131502	846	1			260		other	0
10108017_2	445	Response	1	16134160	3505	1
10108017_2	446	Sound	12	16155500	838	1			260		other	0
10108017_2	447	Sound	15	16181499	662	1			260		other	0
10108017_2	448	Sound	13	16204997	653	1			260		other	0
10108017_2	449	Sound	12	16230496	644	1			260		other	0
10108017_2	450	Sound	10	16257994	634	1			260		other	0
10108017_2	451	Sound	20	16274493	962	1			260		other	0
10108017_2	451	Response	1	16277271	3740	1
10108017_2	452	Sound	11	16293992	622	1			260		other	0
10108017_2	453	Sound	17	16314990	614	1			260		other	0
10108017_2	454	Sound	10	16335989	607	1			260		other	0
10108017_2	455	Sound	12	16356987	599	1			260		other	0
10108017_2	456	Sound	11	16380486	758	1			260		other	0
10108017_2	457	Sound	18	16403485	749	1			260		other	0
10108017_2	457	Response	1	16408782	6047	1
10108017_2	458	Sound	13	16425983	741	1			260		other	0
10108017_2	459	Sound	14	16453482	1065	1			260		other	0
10108017_2	460	Sound	18	16475980	890	1			260		other	0
10108017_2	460	Response	1	16479338	4248	1
10108017_2	461	Sound	16	16502478	714	1			260		other	0
10108017_2	461	Response	1	16509416	7652	1
10108017_2	462	Sound	16	16525477	706	1			260		other	0
10108017_2	463	Sound	10	16546976	865	1			260		other	0
10108017_2	465	Response	255	16606850	40653	1
10108017_2	467	Sound	19	16681467	984	1			260		other	0
10108017_2	467	Response	1	16686124	5641	1
10108017_2	468	Sound	19	16700966	810	1			260		other	0
10108017_2	468	Response	1	16704043	3887	1
10108017_2	469	Sound	16	16720465	803	1			260		other	0
10108017_2	469	Response	1	16723722	4060	1
10108017_2	470	Sound	15	16744463	961	1			260		other	0
10108017_2	471	Sound	16	16772461	784	1			260		other	0
10108017_2	471	Response	1	16775959	4282	1
10108017_2	472	Sound	11	16799960	608	1			260		other	0
10108017_2	473	Sound	17	16827458	598	1			260		other	0
10108017_2	474	Sound	15	16850956	756	1			260		other	0
10108017_2	474	Response	1	16855634	5434	1
10108017_2	475	Sound	16	16870955	916	1			260		other	0
10108017_2	475	Response	1	16873792	3753	1
10108017_2	476	Sound	10	16891954	909	1			260		other	0
10108017_2	476	Response	1	16899391	8345	1
10108017_2	477	Sound	20	16916952	733	1			260		other	0
10108017_2	477	Response	1	16919470	3250	1
10108017_2	478	Sound	13	16940451	1058	1			260		other	0
10108017_2	479	Sound	12	16958450	718	1			260		other	0
10108017_2	480	Sound	18	16977448	1045	1			260		other	0
10108017_2	480	Response	1	16980426	4022	1
10108017_2	481	Sound	11	16993447	706	1			260		other	0
10108017_2	482	Sound	11	17010446	700	1			260		other	0
10108017_2	483	Sound	20	17030445	859	1			260		other	0
10108017_2	483	Response	1	17033702	4116	1
10108017_2	484	Sound	18	17057443	1016	1			260		other	0
10108017_2	484	Response	1	17064100	7673	1
10108017_2	485	Sound	13	17078442	675	1			260		other	0
10108017_2	486	Sound	10	17095441	669	1			260		other	0
10108017_2	487	Sound	17	17116440	662	1			260		other	0
10108017_2	488	Sound	16	17138438	821	1			260		other	0
10108017_2	489	Sound	13	17158437	980	1			260		other	0
10108017_2	489	Response	1	17161694	4237	1
10108017_2	490	Sound	14	17186935	803	1			260		other	0
10108017_2	491	Sound	14	17215433	960	1			260		other	0
10108017_2	491	Response	1	17219850	5377	1
10108017_2	492	Sound	10	17243432	616	1			260		other	0
10108017_2	493	Sound	19	17265430	775	1			260		other	0
10108017_2	494	Sound	20	17282929	936	1			260		other	0
10108017_2	494	Response	1	17285766	3772	1
10108017_2	495	Sound	10	17308928	760	1			260		other	0
10108017_2	496	Sound	18	17333426	918	1			260		other	0
10108017_2	497	Sound	12	17353925	1077	1			260		other	0
10108017_2	498	Sound	17	17380923	901	1			260		other	0
10108017_2	498	Response	1	17384960	4937	1
10108017_2	499	Sound	11	17397922	561	1			260		other	0
10108017_2	500	Sound	16	17417421	721	1			260		other	0
10108017_2	500	Response	1	17421437	4738	1
10108017_2	501	Sound	13	17433420	715	1			260		other	0
10108017_2	502	Sound	10	17453918	708	1			260		other	0
10108017_2	503	Sound	12	17471917	1035	1			260		other	0
10108017_2	504	Sound	12	17493916	1028	1			260		other	0
10108017_2	505	Sound	13	17521914	1017	1			260		other	0
10108017_2	506	Sound	14	17545913	842	1			260		other	0
10108017_2	507	Sound	15	17561912	1003	1			260		other	0
10108017_2	507	Response	1	17567748	6839	1
10108017_2	508	Sound	11	17580411	997	1			260		other	0
10108017_2	509	Sound	20	17598909	990	1			260		other	0
10108017_2	509	Response	1	17601666	3746	1
10108017_2	510	Sound	18	17626408	980	1			260		other	0
10108017_2	510	Response	1	17631984	6556	1
10108017_2	511	Sound	19	17642407	808	1			260		other	0
10108017_2	511	Response	1	17647103	5504	1
10108017_2	512	Sound	17	17661905	634	1			260		other	0
10108017_2	512	Response	1	17665421	4149	1
10108017_2	513	Sound	19	17681404	627	1			260		other	0
10108017_2	513	Response	1	17683980	3203	1
10108017_2	514	Sound	14	17697403	622	1			260		other	0
10108017_2	515	Sound	20	17717402	614	1			260		other	0
10108017_2	515	Response	1	17721098	4310	1
10108017_2	516	Sound	17	17740900	939	1			260		other	0
10108017_2	517	Sound	15	17757899	933	1			260		other	0
10108017_2	517	Response	1	17765255	8289	1
10108017_2	518	Sound	15	17785898	756	1			260		other	0
10108017_2	519	Sound	14	17803396	583	1			260		other	0
10108017_2	520	Sound	18	17822395	577	1			260		other	0
10108017_2	520	Response	1	17825571	3752	1
10108017_2	521	Sound	12	17839394	737	1			260		other	0
10108017_2	523	Response	255	18408814	543236	1
10108017_2	525	Sound	10	18484854	1007	1			260		other	0
10108017_2	526	Sound	16	18511352	998	1			260		other	0
10108017_2	527	Sound	18	18530851	991	1			260		other	0
10108017_2	527	Response	1	18533926	4066	1
10108017_2	528	Sound	11	18559349	981	1			260		other	0
10108017_2	529	Sound	17	18586847	971	1			260		other	0
10108017_2	530	Sound	14	18610846	629	1			260		other	0
10108017_2	531	Sound	20	18632344	955	1			260		other	0
10108017_2	531	Response	1	18634879	3490	1
10108017_2	532	Sound	15	18651343	948	1			260		other	0
10108017_2	533	Sound	13	18667842	942	1			260		other	0
10108017_2	534	Sound	18	18685841	769	1			260		other	0
10108017_2	534	Response	1	18689676	4604	1
10108017_2	535	Sound	19	18710339	760	1			260		other	0
10108017_2	535	Response	1	18713514	3935	1
10108017_2	536	Sound	13	18733338	585	1			260		other	0
10108017_2	536	Response	1	18737513	4760	1
10108017_2	537	Sound	17	18754337	578	1			260		other	0
10108017_2	537	Response	1	18757431	3672	1
10108017_2	538	Sound	18	18775335	737	1			260		other	0
10108017_2	538	Response	1	18778390	3791	1
10108017_2	539	Sound	16	18793834	730	1			260		other	0
10108017_2	539	Response	1	18796949	3845	1
10108017_2	540	Sound	14	18822332	720	1			260		other	0
10108017_2	540	Response	1	18826627	5015	1
10108017_2	541	Sound	12	18843831	879	1			260		other	0
10108017_2	541	Response	1	18847586	4634	1
10108017_2	542	Sound	17	18869329	703	1			260		other	0
10108017_2	542	Response	1	18873184	4558	1
10108017_2	543	Sound	10	18894328	1028	1			260		other	0
10108017_2	544	Sound	12	18918826	686	1			260		other	0
10108017_2	545	Sound	13	18943325	844	1			260		other	0
10108017_2	545	Response	1	18949659	7178	1
10108017_2	546	Sound	11	18960824	1004	1			260		other	0
10108017_2	547	Sound	11	18986822	661	1			260		other	0
10108017_2	548	Sound	15	19006321	988	1			260		other	0
10108017_2	549	Sound	20	19029819	980	1			260		other	0
10108017_2	549	Response	1	19032454	3614	1
10108017_2	550	Sound	19	19046318	640	1			260		other	0
10108017_2	551	Sound	17	19063317	967	1			260		other	0
10108017_2	551	Response	1	19067411	5062	1
10108017_2	552	Sound	13	19084316	627	1			260		other	0
10108017_2	553	Sound	12	19101815	954	1			260		other	0
10108017_2	554	Sound	12	19127313	945	1			260		other	0
10108017_2	555	Sound	11	19151312	936	1			260		other	0
10108017_2	556	Sound	10	19174310	928	1			260		other	0
10108017_2	557	Sound	16	19201808	918	1			260		other	0
10108017_2	558	Sound	16	19218807	912	1			260		other	0
10108017_2	558	Response	1	19223961	6066	1
10108017_2	559	Sound	12	19241306	571	1			260		other	0
10108017_2	560	Sound	15	19263305	563	1			260		other	0
10108017_2	561	Sound	15	19283803	1056	1			260		other	0
10108017_2	562	Sound	20	19311802	1046	1			260		other	0
10108017_2	562	Response	1	19314436	3680	1
10108017_2	563	Sound	10	19333800	704	1			260		other	0
10108017_2	564	Sound	14	19349299	699	1			260		other	0
10108017_2	565	Sound	20	19377297	689	1			260		other	0
10108017_2	565	Response	1	19381951	5343	1
10108017_2	566	Sound	19	19396796	682	1			260		other	0
10108017_2	566	Response	1	19403790	7676	1
10108017_2	567	Sound	17	19421795	673	1			260		other	0
10108017_2	567	Response	1	19426268	5147	1
10108017_2	568	Sound	14	19440793	833	1			260		other	0
10108017_2	568	Response	1	19443707	3747	1
10108017_2	569	Sound	20	19459792	659	1			260		other	0
10108017_2	569	Response	1	19461866	2733	1
10108017_2	570	Sound	15	19475791	821	1			260		other	0
10108017_2	570	Response	1	19479785	4814	1
10108017_2	570	Response	1	19495064	20093	1
10108017_2	571	Sound	11	19499290	812	1			260		other	0
10108017_2	572	Sound	14	19527288	802	1			260		other	0
10108017_2	572	Response	1	19531301	4816	1
10108017_2	573	Sound	13	19548787	961	1			260		other	0
10108017_2	574	Sound	18	19572785	786	1			260		other	0
10108017_2	574	Response	1	19576739	4740	1
10108017_2	575	Sound	19	19598283	944	1			260		other	0
10108017_2	575	Response	1	19601697	4357	1
10108017_2	576	Sound	18	19621782	935	1			260		other	0
10108017_2	576	Response	1	19624576	3729	1
10108017_2	577	Sound	10	19647280	593	1			260		other	0
10108017_2	578	Sound	16	19675778	916	1			260		other	0
10108017_2	579	Sound	19	19695277	909	1			260		other	0
10108017_2	579	Response	1	19700011	5642	1
10108017_2	581	Response	255	19741448	20492	1
10108017_2	583	Sound	51	19818770	1032	1			260		other	0
10108017_2	584	Sound	50	19837768	858	1			260		other	0
10108017_2	585	Sound	50	19854267	852	1			260		other	0
10108017_2	586	Sound	56	19883765	1008	1			260		other	0
10108017_2	587	Sound	57	19906264	667	1			260		other	0
10108017_2	587	Response	1	19912077	6480	1
10108017_2	588	Sound	50	19935262	990	1			260		other	0
10108017_2	589	Sound	53	19960761	981	1			260		other	0
10108017_2	590	Sound	54	19978760	808	1			260		other	0
10108017_2	591	Sound	54	20006258	798	1			260		other	0
10108017_2	591	Response	1	20010631	5171	1
10108017_2	592	Sound	54	20035256	788	1			260		other	0
10108017_2	593	Sound	60	20052255	615	1			260		other	0
10108017_2	593	Response	1	20054948	3308	1
10108017_2	594	Sound	57	20071254	775	1			260		other	0
10108017_2	595	Sound	51	20088753	769	1			260		other	0
10108017_2	596	Sound	60	20114751	593	1			260		other	0
10108017_2	596	Response	1	20117824	3666	1
10108017_2	597	Sound	58	20140249	583	1			260		other	0
10108017_2	597	Response	1	20146222	6556	1
10108017_2	598	Sound	53	20160248	743	1			260		other	0
10108017_2	599	Sound	60	20185746	901	1			260		other	0
10108017_2	599	Response	1	20187739	2893	1
10108017_2	600	Sound	59	20203745	728	1			260		other	0
10108017_2	600	Response	1	20208938	5920	1
10108017_2	601	Sound	50	20227244	1053	1			260		other	0
10108017_2	601	Response	1	20232057	5865	1
10108017_2	602	Sound	59	20253742	1043	1			260		other	0
10108017_2	602	Response	1	20256775	4076	1
10108017_2	603	Sound	53	20279240	867	1			260		other	0
10108017_2	603	Response	1	20282373	4000	1
10108017_2	604	Sound	52	20299239	694	1			260		other	0
10108017_2	605	Sound	54	20315738	688	1			260		other	0
10108017_2	606	Sound	58	20343237	678	1			260		other	0
10108017_2	606	Response	1	20347409	4850	1
10108017_2	607	Sound	57	20365735	670	1			260		other	0
10108017_2	607	Response	1	20368848	3782	1
10108017_2	608	Sound	57	20386234	662	1			260		other	0
10108017_2	608	Response	1	20391806	6235	1
10108017_2	609	Sound	60	20406233	822	1			260		other	0
10108017_2	609	Response	1	20409725	4315	1
10108017_2	610	Sound	56	20424731	982	1			260		other	0
10108017_2	611	Sound	52	20449730	640	1			260		other	0
10108017_2	612	Sound	55	20476728	964	1			260		other	0
10108017_2	613	Sound	60	20499227	789	1			260		other	0
10108017_2	613	Response	1	20502279	3841	1
10108017_2	614	Sound	57	20526725	612	1			260		other	0
10108017_2	614	Response	1	20531397	5285	1
10108017_2	615	Sound	58	20545724	605	1			260		other	0
10108017_2	615	Response	1	20549956	4838	1
10108017_2	616	Sound	56	20563223	766	1			260		other	0
10108017_2	617	Sound	55	20585221	758	1			260		other	0
10108017_2	617	Response	1	20593393	8930	1
10108017_2	618	Sound	53	20608720	583	1			260		other	0
10108017_2	619	Sound	53	20636218	573	1			260		other	0
10108017_2	619	Response	1	20641230	5585	1
10108017_2	620	Sound	55	20660217	898	1			260		other	0
10108017_2	621	Sound	55	20679715	1058	1			260		other	0
10108017_2	622	Sound	59	20704214	882	1			260		other	0
10108017_2	622	Response	1	20709626	6294	1
10108017_2	623	Sound	56	20729712	873	1			260		other	0
10108017_2	624	Sound	59	20755711	864	1			260		other	0
10108017_2	624	Response	1	20759383	4536	1
10108017_2	625	Sound	58	20774209	1024	1			260		other	0
10108017_2	625	Response	1	20777781	4596	1
10108017_2	626	Sound	56	20798708	849	1			260		other	0
10108017_2	626	Response	1	20802420	4561	1
10108017_2	627	Sound	54	20825206	1006	1			260		other	0
10108017_2	628	Sound	58	20846205	832	1			260		other	0
10108017_2	628	Response	1	20849617	4244	1
10108017_2	629	Sound	51	20872703	657	1			260		other	0
10108017_2	630	Sound	55	20889202	650	1			260		other	0
10108017_2	631	Sound	51	20917700	806	1			260		other	0
10108017_2	632	Sound	52	20939199	799	1			260		other	0
10108017_2	633	Sound	51	20958198	959	1			260		other	0
10108017_2	634	Sound	59	20981696	950	1			260		other	0
10108017_2	634	Response	1	20985688	4942	1
10108017_2	635	Sound	50	21009695	607	1			260		other	0
10108017_2	636	Sound	52	21033693	932	1			260		other	0
10108017_2	637	Sound	52	21052692	758	1			260		other	0
10108017_2	639	Response	255	21228153	149798	1
10108017_2	641	Sound	51	21291677	839	1			260		other	0
10108017_2	642	Sound	57	21315675	998	1			260		other	0
10108017_2	643	Sound	51	21333674	825	1			260		other	0
10108017_2	644	Sound	56	21362172	814	1			260		other	0
10108017_2	645	Sound	56	21380671	975	1			260		other	0
10108017_2	646	Sound	51	21402670	967	1			260		other	0
10108017_2	647	Sound	56	21424668	959	1			260		other	0
10108017_2	648	Sound	59	21452667	949	1			260		other	0
10108017_2	648	Response	1	21456698	4980	1
10108017_2	649	Sound	57	21472165	608	1			260		other	0
10108017_2	649	Response	1	21476777	5220	1
10108017_2	650	Sound	50	21499664	932	1			260		other	0
10108017_2	651	Sound	51	21527162	589	1			260		other	0
10108017_2	652	Sound	59	21546661	582	1			260		other	0
10108017_2	653	Sound	56	21574659	905	1			260		other	0
10108017_2	653	Response	1	21580530	6777	1
10108017_2	654	Sound	50	21591158	899	1			260		other	0
10108017_2	655	Sound	54	21616156	1057	1			260		other	0
10108017_2	655	Response	1	21619807	4708	1
10108017_2	656	Sound	52	21645655	1047	1			260		other	0
10108017_2	657	Sound	53	21664653	873	1			260		other	0
10108017_2	658	Sound	53	21686152	865	1			260		other	0
10108017_2	659	Sound	52	21707651	1025	1			260		other	0
10108017_2	660	Sound	54	21734649	848	1			260		other	0
10108017_2	661	Sound	60	21751648	1009	1			260		other	0
10108017_2	661	Response	1	21755479	4840	1
10108017_2	662	Sound	53	21769647	836	1			260		other	0
10108017_2	663	Sound	54	21791145	828	1			260		other	0
10108017_2	664	Sound	55	21810644	988	1			260		other	0
10108017_2	665	Sound	60	21827143	649	1			260		other	0
10108017_2	665	Response	1	21829954	3459	1
10108017_2	666	Sound	59	21853141	639	1			260		other	0
10108017_2	666	Response	1	21857312	4810	1
10108017_2	667	Sound	58	21871640	633	1			260		other	0
10108017_2	667	Response	1	21875631	4623	1
10108017_2	668	Sound	55	21892139	792	1			260		other	0
10108017_2	668	Response	1	21895710	4363	1
10108017_2	669	Sound	58	21921137	948	1			260		other	0
10108017_2	669	Response	1	21929147	8959	1
10108017_2	670	Sound	59	21950635	938	1			260		other	0
10108017_2	670	Response	1	21953626	3928	1
10108017_2	671	Sound	60	21972634	930	1			260		other	0
10108017_2	671	Response	1	21975064	3360	1
10108017_2	672	Sound	50	21993133	756	1			260		other	0
10108017_2	673	Sound	54	22021631	746	1			260		other	0
10108017_2	674	Sound	57	22041130	739	1			260		other	0
10108017_2	674	Response	1	22045140	4749	1
10108017_2	675	Sound	51	22068628	1062	1			260		other	0
10108017_2	676	Sound	59	22088127	1056	1			260		other	0
10108017_2	676	Response	1	22092577	5506	1
10108017_2	677	Sound	58	22116125	1046	1			260		other	0
10108017_2	677	Response	1	22120735	5656	1
10108017_2	678	Sound	50	22144623	1035	1			260		other	0
10108017_2	679	Sound	52	22171621	692	1			260		other	0
10108017_2	680	Sound	55	22200620	1015	1			260		other	0
10108017_2	680	Response	1	22204170	4565	1
10108017_2	681	Sound	60	22219118	842	1			260		other	0
10108017_2	681	Response	1	22222329	4052	1
10108017_2	682	Sound	52	22241617	667	1			260		other	0
10108017_2	683	Sound	58	22258616	995	1			260		other	0
10108017_2	683	Response	1	22262246	4625	1
10108017_2	684	Sound	57	22284614	986	1			260		other	0
10108017_2	685	Sound	50	22304613	812	1			260		other	0
10108017_2	686	Sound	58	22329112	636	1			260		other	0
10108017_2	687	Sound	57	22352610	961	1			260		other	0
10108017_2	687	Response	1	22362080	10431	1
10108017_2	688	Sound	54	22371609	954	1			260		other	0
10108017_2	688	Response	1	22376958	6304	1
10108017_2	689	Sound	53	22397607	612	1			260		other	0
10108017_2	690	Sound	55	22415106	772	1			260		other	0
10108017_2	690	Response	1	22421916	7582	1
10108017_2	691	Sound	60	22435105	598	1			260		other	0
10108017_2	691	Response	1	22438155	3648	1
10108017_2	692	Sound	52	22462603	922	1			260		other	0
10108017_2	693	Sound	53	22483602	748	1			260		other	0
10108017_2	694	Sound	55	22501601	1075	1			260		other	0
10108017_2	695	Sound	56	22520599	734	1			260		other	0
10108017_2	697	Response	255	23009958	469174	1
10108017_2	699	Sound	31	23087564	699	1			260		other	0
10108017_2	700	Sound	37	23105563	1026	1			260		other	0
10108017_2	701	Sound	32	23122062	1020	1			260		other	0
10108017_2	702	Sound	36	23146560	845	1			260		other	0
10108017_2	703	Sound	31	23173058	668	1			260		other	0
10108017_2	704	Sound	39	23199057	826	1			260		other	0
10108017_2	704	Response	1	23204585	6355	1
10108017_2	705	Sound	34	23215556	820	1			260		other	0
10108017_2	705	Response	1	23222344	7608	1
10108017_2	706	Sound	35	23235554	646	1			260		other	0
10108017_2	707	Sound	34	23252053	640	1			260		other	0
10108017_2	708	Sound	31	23274552	799	1			260		other	0
10108017_2	709	Sound	37	23294051	625	1			260		other	0
10108017_2	710	Sound	40	23313549	785	1			260		other	0
10108017_2	710	Response	1	23316258	3494	1
10108017_2	711	Sound	34	23338548	943	1			260		other	0
10108017_2	711	Response	1	23343776	6171	1
10108017_2	712	Sound	30	23363546	767	1			260		other	0
10108017_2	713	Sound	38	23390545	924	1			260		other	0
10108017_2	713	Response	1	23395133	5513	1
10108017_2	714	Sound	34	23408044	918	1			260		other	0
10108017_2	715	Sound	38	23434042	742	1			260		other	0
10108017_2	716	Sound	35	23458040	734	1			260		other	0
10108017_2	716	Response	1	23464329	7022	1
10108017_2	717	Sound	30	23476539	1060	1			260		other	0
10108017_2	718	Sound	32	23498538	719	1			260		other	0
10108017_2	719	Sound	40	23517537	879	1			260		other	0
10108017_2	719	Response	1	23521365	4707	1
10108017_2	720	Sound	33	23542535	1037	1			260		other	0
10108017_2	721	Sound	40	23563534	696	1			260		other	0
10108017_2	721	Response	1	23566162	3324	1
10108017_2	722	Sound	39	23592532	852	1			260		other	0
10108017_2	722	Response	1	23598880	7200	1
10108017_2	723	Sound	34	23611031	1012	1			260		other	0
10108017_2	724	Sound	38	23640029	669	1			260		other	0
10108017_2	724	Response	1	23647437	8077	1
10108017_2	725	Sound	37	23668527	992	1			260		other	0
10108017_2	725	Response	1	23673435	5900	1
10108017_2	726	Sound	33	23696525	815	1			260		other	0
10108017_2	727	Sound	36	23723524	639	1			260		other	0
10108017_2	728	Sound	36	23751022	629	1			260		other	0
10108017_2	729	Sound	31	23780020	785	1			260		other	0
10108017_2	730	Sound	35	23800519	778	1			260		other	0
10108017_2	731	Sound	37	23829517	934	1			260		other	0
10108017_2	732	Sound	36	23858015	758	1			260		other	0
10108017_2	732	Response	1	23865183	7925	1
10108017_2	733	Sound	40	23878514	750	1			260		other	0
10108017_2	733	Response	1	23881342	3578	1
10108017_2	734	Sound	32	23904512	908	1			260		other	0
10108017_2	735	Sound	35	23932510	898	1			260		other	0
10108017_2	736	Sound	38	23961009	888	1			260		other	0
10108017_2	736	Response	1	23965656	5535	1
10108017_2	737	Sound	39	23982507	880	1			260		other	0
10108017_2	737	Response	1	23986215	4588	1
10108017_2	738	Sound	36	24007006	704	1			260		other	0
10108017_2	739	Sound	30	24036004	861	1			260		other	0
10108017_2	740	Sound	30	24065002	684	1			260		other	0
10108017_2	741	Sound	33	24081501	845	1			260		other	0
10108017_2	742	Sound	40	24105000	1003	1			260		other	0
10108017_2	742	Response	1	24107887	3891	1
10108017_2	743	Sound	32	24126498	995	1			260		other	0
10108017_2	744	Sound	33	24143997	989	1			260		other	0
10108017_2	745	Sound	33	24162496	816	1			260		other	0
10108017_2	746	Sound	39	24182495	642	1			260		other	0
10108017_2	746	Response	1	24188282	6429	1
10108017_2	747	Sound	37	24207493	633	1			260		other	0
10108017_2	748	Sound	32	24225992	626	1			260		other	0
10108017_2	749	Sound	31	24245491	953	1			260		other	0
10108017_2	750	Sound	35	24269489	944	1			260		other	0
10108017_2	750	Response	1	24275237	6692	1
10108017_2	751	Sound	30	24286988	771	1			260		other	0
10108017_2	752	Sound	39	24309487	930	1			260		other	0
10108017_2	752	Response	1	24315794	7237	1
10108017_2	753	Sound	38	24335485	921	1			260		other	0
10108017_2	755	Response	255	24369311	16327	1
10108017_2	757	Sound	14	24453978	878	1			260		other	0
10108017_2	758	Sound	19	24471477	706	1			260		other	0
10108017_2	759	Sound	18	24498975	862	1			260		other	0
10108017_2	760	Sound	17	24527973	852	1			260		other	0
10108017_2	760	Response	1	24532340	5219	1
10108017_2	761	Sound	17	24553471	676	1			260		other	0
10108017_2	761	Response	1	24557618	4823	1
10108017_2	762	Sound	15	24572470	669	1			260		other	0
10108017_2	762	Response	1	24576017	4216	1
10108017_2	763	Sound	18	24594969	661	1			260		other	0
10108017_2	763	Response	1	24598256	3949	1
10108017_2	764	Sound	16	24622967	651	1			260		other	0
10108017_2	764	Response	1	24626654	4338	1
10108017_2	765	Sound	20	24650465	642	1			260		other	0
10108017_2	765	Response	1	24652892	3069	1
10108017_2	766	Sound	15	24668964	635	1			260		other	0
10108017_2	766	Response	1	24676491	8161	1
10108017_2	767	Sound	17	24689463	961	1			260		other	0
10108017_2	767	Response	1	24695290	6788	1
10108017_2	768	Sound	14	24716961	951	1			260		other	0
10108017_2	769	Sound	20	24735460	778	1			260		other	0
10108017_2	769	Response	1	24738967	4285	1
10108017_2	770	Sound	19	24750959	606	1			260		other	0
10108017_2	771	Sound	13	24778457	596	1			260		other	0
10108017_2	772	Sound	12	24803456	920	1			260		other	0
10108017_2	772	Response	1	24808402	5867	1
10108017_2	773	Sound	12	24821455	747	1			260		other	0
10108017_2	774	Sound	10	24848953	738	1			260		other	0
10108017_2	775	Sound	12	24874451	728	1			260		other	0
10108017_2	775	Response	1	24882238	8515	1
10108017_2	776	Sound	11	24900950	719	1			260		other	0
10108017_2	777	Response	1	24923275	538	1
10108017_2	777	Sound	13	24923448	711	1			260		other	0
10108017_2	778	Sound	11	24941447	1038	1			260		other	0
10108017_2	778	Response	1	24945833	5424	1
10108017_2	779	Sound	15	24959446	698	1			260		other	0
10108017_2	780	Sound	16	24976445	859	1			260		other	0
10108017_2	780	Response	1	24980551	4965	1
10108017_2	781	Sound	11	24996443	685	1			260		other	0
10108017_2	782	Sound	12	25024442	842	1			260		other	0
10108017_2	783	Sound	18	25049940	999	1			260		other	0
10108017_2	783	Response	1	25053907	4966	1
10108017_2	784	Sound	19	25077438	989	1			260		other	0
10108017_2	784	Response	1	25081265	4816	1
10108017_2	785	Sound	18	25097437	982	1			260		other	0
10108017_2	785	Response	1	25101983	5529	1
10108017_2	786	Sound	20	25118936	641	1			260		other	0
10108017_2	786	Response	1	25121902	3608	1
10108017_2	787	Sound	10	25143934	799	1			260		other	0
10108017_2	788	Sound	14	25165933	791	1			260		other	0
10108017_2	788	Response	1	25171019	5877	1
10108017_2	789	Sound	16	25193431	948	1			260		other	0
10108017_2	790	Sound	12	25219430	772	1			260		other	0
10108017_2	791	Sound	19	25238928	932	1			260		other	0
10108017_2	791	Response	1	25242854	4858	1
10108017_2	792	Sound	13	25262927	757	1			260		other	0
10108017_2	793	Sound	17	25289925	747	1			260		other	0
10108017_2	794	Sound	20	25316423	1071	1			260		other	0
10108017_2	794	Response	1	25318929	3577	2
10108017_2	795	Sound	18	25343422	895	1			260		other	0
10108017_2	795	Response	1	25349727	7200	1
10108017_2	796	Sound	13	25363920	721	1			260		other	0
10108017_2	797	Sound	11	25383919	713	1			260		other	0
10108017_2	798	Sound	19	25411917	870	1			260		other	0
10108017_2	798	Response	1	25415483	4436	1
10108017_2	799	Sound	11	25436416	1028	1			260		other	0
10108017_2	800	Sound	16	25459914	1020	1			260		other	0
10108017_2	801	Sound	10	25484913	1011	1			260		other	0
10108017_2	802	Sound	17	25510911	835	1			260		other	0
10108017_2	802	Response	1	25514197	4120	1
10108017_2	803	Sound	14	25535410	659	1			260		other	0
10108017_2	803	Response	1	25539955	5205	1
10108017_2	804	Sound	10	25551409	820	1			260		other	0
10108017_2	805	Sound	15	25570407	814	1			260		other	0
10108017_2	806	Sound	16	25590906	973	1			260		other	0
10108017_2	806	Response	1	25595471	5538	2
10108017_2	807	Sound	10	25612905	965	1			260		other	0
10108017_2	808	Sound	15	25639403	622	1			260		other	0
10108017_2	809	Sound	14	25665401	780	1			260		other	0
10108017_2	810	Sound	13	25692900	770	1			260		other	0
10108017_2	811	Sound	20	25714898	595	1			260		other	0
10108017_2	811	Response	1	25717784	3481	1
10108017_2	813	Response	255	25981447	241556	1
10108017_2	815	Sound	36	26044878	811	1			260		other	0
10108017_2	815	Response	1	26050482	6416	1
10108017_2	816	Sound	31	26064376	804	1			260		other	0
10108017_2	817	Sound	37	26092874	961	1			260		other	0
10108017_2	818	Sound	40	26114873	619	1			260		other	0
10108017_2	818	Response	1	26118798	4544	1
10108017_2	819	Sound	32	26143871	942	1			260		other	0
10108017_2	820	Sound	35	26161870	603	1			260		other	0
10108017_2	821	Sound	31	26188368	760	1			260		other	0
10108017_2	822	Sound	30	26216367	917	1			260		other	0
10108017_2	823	Sound	37	26239865	1075	1			260		other	0
10108017_2	823	Response	1	26247030	8240	1
10108017_2	824	Sound	37	26258864	735	1			260		other	0
10108017_2	824	Response	1	26263909	5779	1
10108017_2	825	Sound	34	26277363	728	1			260		other	0
10108017_2	826	Sound	31	26297362	1054	1			260		other	0
10108017_2	827	Sound	30	26326360	878	1			260		other	0
10108017_2	828	Sound	37	26353358	701	1			260		other	0
10108017_2	828	Response	1	26358463	5806	1
10108017_2	829	Sound	33	26377357	859	1			260		other	0
10108017_2	830	Sound	39	26401855	684	1			260		other	0
10108017_2	830	Response	1	26406300	5128	1
10108017_2	831	Sound	40	26426853	841	1			260		other	0
10108017_2	831	Response	1	26429658	3646	1
10108017_2	832	Sound	34	26443352	1002	1			260		other	0
10108017_2	833	Sound	40	26469351	993	1			260		other	0
10108017_2	833	Response	1	26471815	3458	1
10108017_2	834	Sound	32	26492349	652	1			260		other	0
10108017_2	835	Sound	34	26516348	810	1			260		other	0
10108017_2	836	Sound	34	26544346	800	1			260		other	0
10108017_2	837	Sound	38	26567844	791	1			260		other	0
10108017_2	837	Response	1	26571889	4836	1
10108017_2	838	Sound	33	26595843	781	1			260		other	0
10108017_2	839	Sound	32	26612842	942	1			260		other	0
10108017_2	840	Sound	34	26630841	602	1			260		other	0
10108017_2	841	Sound	39	26658839	759	1			260		other	0
10108017_2	841	Response	1	26662283	4203	1
10108017_2	842	Sound	30	26687837	748	1			260		other	0
10108017_2	843	Sound	35	26707336	1075	1			260		other	0
10108017_2	844	Sound	38	26730834	733	1			260		other	0
10108017_2	844	Response	1	26738998	8897	1
10108017_2	845	Sound	36	26760332	889	1			260		other	0
10108017_2	845	Response	1	26765636	6193	1
10108017_2	846	Sound	39	26783331	881	1			260		other	0
10108017_2	846	Response	1	26787475	5025	1
10108017_2	847	Sound	40	26808829	705	1			260		other	0
10108017_2	847	Response	1	26811473	3349	1
10108017_2	848	Sound	33	26828828	1032	1			260		other	0
10108017_2	849	Sound	33	26856826	1022	1			260		other	0
10108017_2	850	Sound	38	26874325	682	1			260		other	0
10108017_2	850	Response	1	26879229	5586	1
10108017_2	851	Sound	35	26901824	839	1			260		other	0
10108017_2	852	Sound	38	26926822	830	1			260		other	0
10108017_2	852	Response	1	26931386	5394	1
10108017_2	853	Sound	32	26953320	987	1			260		other	0
10108017_2	854	Sound	37	26981319	977	1			260		other	0
10108017_2	854	Response	1	26986502	6161	1
10108017_2	855	Sound	40	27009317	967	1			260		other	0
10108017_2	855	Response	1	27011380	3031	1
10108017_2	856	Sound	35	27027316	627	1			260		other	0
10108017_2	857	Sound	31	27054314	784	1			260		other	0
10108017_2	858	Sound	39	27082312	608	1			260		other	0
10108017_2	858	Response	1	27086336	4631	1
10108017_2	859	Sound	36	27104311	600	1			260		other	0
10108017_2	860	Sound	36	27127309	758	1			260		other	0
10108017_2	860	Response	1	27131773	5222	1
10108017_2	861	Sound	39	27154808	582	1			260		other	0
10108017_2	861	Response	1	27159931	5705	1
10108017_2	862	Sound	38	27178306	907	1			260		other	0
10108017_2	863	Sound	36	27202805	731	1			260		other	0
10108017_2	863	Response	1	27206648	4575	1
10108017_2	864	Sound	30	27224803	890	1			260		other	0
10108017_2	865	Sound	31	27242302	884	1			260		other	0
10108017_2	866	Sound	35	27263801	877	1			260		other	0
10108017_2	866	Response	1	27267844	4920	1
10108017_2	867	Sound	33	27282300	870	1			260		other	0
10108017_2	868	Sound	30	27311798	859	1			260		other	0
10108017_2	869	Sound	32	27329797	853	1			260		other	0

The following output port codes were not sent because of a conflict on the port.
Port	Code	Time(ms)
1	253	230763
1	253	369778
1	253	505402
1	253	637361
1	253	801607
1	253	998426
1	253	1.13599e+06
1	253	1.52694e+06
1	253	1.66069e+06
1	253	1.84088e+06
1	253	1.97415e+06
1	253	2.12282e+06
1	253	2.301e+06
1	253	2.43693e+06
1	253	2.59815e+06
1	253	2.73582e+06
