Scenario - 
Logfile written - 02/20/2019 15:19:35

Subject	Trial	Event Type	Code	Time	TTime	Uncertainty	Duration	Uncertainty	ReqTime	ReqDur	Stim Type	Pair Index

10108024	1	Response	255	569985	569318	1
10108024	3	Sound	17	652493	1032	1			260		other	0
10108024	4	Sound	16	668992	692	1			260		other	0
10108024	4	Response	1	672941	4641	1
10108024	5	Sound	17	693991	850	1			260		other	0
10108024	5	Response	1	697579	4438	2
10108024	6	Sound	14	719490	1008	1			260		other	0
10108024	6	Response	1	725099	6617	1
10108024	7	Sound	14	746989	998	1			260		other	0
10108024	7	Response	1	753498	7507	1
10108024	8	Sound	19	767989	657	1			260		other	0
10108024	8	Response	1	771418	4086	1
10108024	9	Sound	11	786488	984	1			260		other	0
10108024	10	Sound	16	807487	643	1			260		other	0
10108024	10	Response	1	812296	5452	1
10108024	11	Sound	10	832486	634	1			260		other	0
10108024	12	Sound	10	855985	793	1			260		other	0
10108024	13	Sound	16	872485	620	1			260		other	0
10108024	13	Response	1	876294	4429	1
10108024	14	Sound	19	888484	614	1			260		other	0
10108024	14	Response	1	892453	4583	1
10108024	15	Sound	16	911983	606	1			260		other	0
10108024	15	Response	1	914932	3555	1
10108024	16	Sound	11	937982	930	1			260		other	0
10108024	17	Sound	18	964481	754	1			260		other	0
10108024	17	Response	1	968050	4323	1
10108024	18	Sound	13	982481	914	1			260		other	0
10108024	19	Sound	13	1003980	740	1			260		other	0
10108024	19	Response	1	1008849	5609	1
10108024	20	Sound	16	1027979	731	1			260		other	0
10108024	20	Response	1	1031567	4320	1
10108024	21	Sound	19	1046478	725	1			260		other	0
10108024	21	Response	1	1051487	5733	1
10108024	22	Sound	14	1070477	883	1			260		other	0
10108024	22	Response	1	1073966	4372	1
10108024	23	Sound	12	1095476	707	1			260		other	0
10108024	23	Response	1	1102365	7596	1
10108024	24	Sound	12	1121476	698	1			260		other	0
10108024	24	Response	1	1126844	6066	1
10108024	25	Sound	18	1146475	856	1			260		other	0
10108024	25	Response	1	1149803	4184	1
10108024	26	Sound	20	1165474	682	1			260		other	0
10108024	26	Response	1	1168523	3731	1
10108024	27	Sound	17	1181474	677	1			260		other	0
10108024	27	Response	1	1185562	4765	1
10108024	28	Sound	19	1209972	667	1			260		other	0
10108024	28	Response	1	1212921	3615	1
10108024	29	Sound	11	1226472	827	1			260		other	0
10108024	30	Sound	12	1248471	820	1			260		other	0
10108024	31	Sound	17	1275470	810	1			260		other	0
10108024	31	Response	1	1279078	4418	1
10108024	32	Sound	19	1290969	638	1			260		other	0
10108024	32	Response	1	1294198	3866	1
10108024	33	Sound	15	1317468	628	1			260		other	0
10108024	33	Response	1	1320357	3517	1
10108024	34	Sound	20	1341468	620	1			260		other	0
10108024	34	Response	1	1343956	3108	1
10108024	35	Sound	10	1366467	778	1			260		other	0
10108024	36	Sound	20	1385966	770	1			260		other	0
10108024	36	Response	1	1388994	3799	1
10108024	37	Sound	18	1414465	927	1			260		other	0
10108024	37	Response	1	1418273	4735	1
10108024	38	Sound	14	1431964	587	1			260		other	0
10108024	38	Response	1	1435952	4576	1
10108024	39	Sound	18	1451464	581	1			260		other	0
10108024	39	Response	1	1454272	3389	1
10108024	40	Sound	11	1467963	575	1			260		other	0
10108024	41	Sound	15	1485462	1068	1			260		other	0
10108024	41	Response	1	1490510	6117	1
10108024	42	Sound	13	1512961	892	1			260		other	0
10108024	42	Response	1	1517869	5800	1
10108024	43	Sound	15	1531960	718	1			260		other	0
10108024	43	Response	1	1535308	4066	1
10108024	44	Sound	15	1556460	710	1			260		other	0
10108024	44	Response	1	1561547	5798	1
10108024	45	Sound	14	1584459	867	1			260		other	0
10108024	46	Sound	10	1609458	691	1			260		other	0
10108024	47	Sound	13	1625457	685	1			260		other	0
10108024	47	Response	1	1629465	4693	1
10108024	48	Sound	13	1653456	675	1			260		other	0
10108024	49	Sound	18	1679955	832	1			260		other	0
10108024	49	Response	1	1683623	4500	1
10108024	50	Sound	12	1697954	659	1			260		other	0
10108024	50	Response	1	1702022	4727	1
10108024	51	Sound	15	1714454	820	1			260		other	0
10108024	51	Response	1	1718822	5188	1
10108024	52	Sound	20	1734953	813	1			260		other	0
10108024	52	Response	1	1737141	3000	1
10108024	53	Sound	11	1759452	638	1			260		other	0
10108024	54	Sound	12	1787951	794	1			260		other	0
10108024	55	Sound	17	1811450	619	1			260		other	0
10108024	55	Response	1	1817538	6707	1
10108024	56	Sound	10	1832450	945	1			260		other	0
10108024	57	Sound	20	1853949	937	1			260		other	0
10108024	57	Response	1	1856656	3645	1
10108024	59	Response	1	1883936	3336	1
10108024	59	Response	255	1901215	20615	1
10108024	61	Sound	31	1978944	1059	1			260		other	0
10108024	62	Sound	39	2002943	885	1			260		other	0
10108024	62	Response	1	2006091	4032	1
10108024	63	Sound	32	2026442	1043	1			260		other	0
10108024	64	Sound	31	2049942	868	1			260		other	0
10108024	65	Sound	40	2071941	694	1			260		other	0
10108024	65	Response	1	2074648	3401	1
10108024	66	Sound	33	2088940	687	1			260		other	0
10108024	67	Sound	35	2116939	844	1			260		other	0
10108024	67	Response	1	2122327	6231	1
10108024	68	Sound	30	2145938	1000	1			260		other	0
10108024	68	Response	1	2150005	5067	1
10108024	69	Sound	33	2162437	661	1			260		other	0
10108024	70	Sound	38	2181937	987	1			260		other	0
10108024	70	Response	1	2185204	4255	1
10108024	71	Sound	40	2203936	813	1			260		other	0
10108024	71	Response	1	2206643	3521	1
10108024	72	Sound	36	2220435	973	1			260		other	0
10108024	73	Sound	35	2245934	631	1			260		other	0
10108024	74	Sound	37	2264434	958	1			260		other	0
10108024	74	Response	1	2267121	3645	1
10108024	75	Sound	38	2287433	950	1			260		other	0
10108024	75	Response	1	2290960	4477	1
10108024	76	Sound	39	2307432	942	1			260		other	0
10108024	76	Response	1	2310399	3910	1
10108024	77	Sound	30	2331431	600	1			260		other	0
10108024	78	Sound	34	2351930	760	1			260		other	0
10108024	78	Response	1	2355597	4426	2
10108024	79	Sound	39	2380929	750	1			260		other	0
10108024	79	Response	1	2383756	3577	1
10108024	80	Sound	37	2401429	575	1			260		other	0
10108024	80	Response	1	2404956	4103	1
10108024	81	Sound	34	2429928	565	1			260		other	0
10108024	81	Response	1	2433834	4472	1
10108024	82	Sound	33	2450427	725	1			260		other	0
10108024	82	Response	1	2453674	3972	1
10108024	83	Sound	36	2478926	881	1			260		other	0
10108024	83	Response	1	2482712	4667	1
10108024	84	Sound	33	2495425	875	1			260		other	0
10108024	85	Sound	39	2513425	1036	1			260		other	0
10108024	85	Response	1	2517671	5283	1
10108024	86	Sound	32	2536424	862	1			260		other	0
10108024	86	Response	1	2540390	4829	1
10108024	87	Sound	37	2559423	1019	1			260		other	0
10108024	87	Response	1	2563590	5186	1
10108024	88	Sound	31	2578922	679	1			260		other	0
10108024	88	Response	1	2582149	3906	1
10108024	89	Sound	38	2600921	671	1			260		other	0
10108024	89	Response	1	2604868	4618	1
10108024	90	Sound	33	2617921	999	1			260		other	0
10108024	90	Response	1	2622547	5625	1
10108024	91	Sound	37	2646920	989	1			260		other	0
10108024	91	Response	1	2650466	4536	1
10108024	92	Sound	40	2670419	646	1			260		other	0
10108024	92	Response	1	2672786	3013	1
10108024	93	Sound	36	2697918	636	1			260		other	0
10108024	93	Response	1	2702464	5183	1
10108024	94	Sound	31	2720917	962	1			260		other	0
10108024	95	Sound	35	2743416	620	1			260		other	0
10108024	95	Response	1	2748783	5987	1
10108024	96	Sound	35	2769915	611	1			260		other	0
10108024	96	Response	1	2775262	5958	1
10108024	97	Sound	30	2789414	771	1			260		other	0
10108024	98	Sound	34	2818913	927	1			260		other	0
10108024	98	Response	1	2823740	5753	1
10108024	99	Sound	32	2846412	584	1			260		other	0
10108024	100	Sound	40	2872411	908	1			260		other	0
10108024	100	Response	1	2874378	2875	1
10108024	101	Sound	40	2894910	900	1			260		other	0
10108024	101	Response	1	2897098	3087	1
10108024	102	Sound	30	2915410	726	1			260		other	0
10108024	103	Sound	38	2939409	884	1			260		other	0
10108024	103	Response	1	2943655	5130	1
10108024	104	Sound	34	2968908	873	1			260		other	0
10108024	105	Sound	31	2987907	867	1			260		other	0
10108024	106	Sound	34	3013406	857	1			260		other	0
10108024	106	Response	1	3016373	3824	1
10108024	107	Sound	37	3034405	683	1			260		other	0
10108024	107	Response	1	3037572	3850	1
10108024	108	Sound	35	3052905	844	1			260		other	0
10108024	108	Response	1	3055891	3830	2
10108024	109	Sound	32	3081404	667	1			260		other	0
10108024	109	Response	1	3086530	5793	1
10108024	110	Sound	36	3104403	992	1			260		other	0
10108024	110	Response	1	3108369	4958	1
10108024	111	Sound	39	3132902	815	1			260		other	0
10108024	111	Response	1	3135648	3561	1
10108024	112	Sound	32	3156401	640	1			260		other	0
10108024	112	Response	1	3159007	3246	1
10108024	113	Sound	38	3185400	963	1			260		other	0
10108024	113	Response	1	3188126	3689	1
10108024	114	Sound	30	3203399	623	1			260		other	0
10108024	115	Sound	36	3220398	950	1			260		other	0
10108024	115	Response	1	3224365	4917	1
10108024	117	Response	255	3254044	15510	1
10108024	119	Sound	50	3332894	744	1			260		other	0
10108024	120	Sound	54	3359393	734	1			260		other	0
10108024	120	Response	1	3362199	3540	1
10108024	121	Sound	57	3387892	891	1			260		other	0
10108024	121	Response	1	3390998	3997	1
10108024	122	Sound	58	3408392	883	1			260		other	0
10108024	122	Response	1	3411157	3649	1
10108024	123	Sound	50	3430891	1042	1			260		other	0
10108024	124	Sound	57	3450390	1035	1			260		other	0
10108024	124	Response	1	3452836	3481	1
10108024	125	Sound	60	3473889	694	1			260		other	0
10108024	125	Response	1	3475795	2600	1
10108024	126	Sound	51	3499388	684	1			260		other	0
10108024	127	Sound	55	3528387	674	1			260		other	0
10108024	127	Response	1	3531473	3760	1
10108024	128	Sound	52	3548386	835	1			260		other	0
10108024	129	Sound	51	3576385	990	1			260		other	0
10108024	130	Sound	60	3595385	983	1			260		other	0
10108024	130	Response	1	3597710	3309	1
10108024	131	Sound	55	3618884	808	1			260		other	0
10108024	131	Response	1	3622350	4274	1
10108024	132	Sound	52	3644883	799	1			260		other	0
10108024	133	Sound	52	3673882	956	1			260		other	0
10108024	134	Sound	50	3691381	783	1			260		other	0
10108024	134	Response	1	3696427	5828	1
10108024	135	Sound	53	3709380	943	1			260		other	0
10108024	135	Response	1	3714746	6309	1
10108024	136	Sound	59	3736879	933	1			260		other	0
10108024	136	Response	1	3738985	3039	1
10108024	137	Sound	60	3765378	923	1			260		other	0
10108024	137	Response	1	3766984	2529	1
10108024	138	Sound	59	3785378	916	1			260		other	0
10108024	138	Response	1	3788343	3881	1
10108024	139	Sound	54	3810377	907	1			260		other	0
10108024	139	Response	1	3813702	4232	1
10108024	140	Sound	57	3834376	1065	1			260		other	0
10108024	140	Response	1	3836182	2871	1
10108024	141	Sound	56	3855375	891	1			260		other	0
10108024	141	Response	1	3857861	3377	1
10108024	142	Sound	54	3873874	885	1			260		other	0
10108024	142	Response	1	3876180	3190	1
10108024	143	Sound	55	3902373	874	1			260		other	0
10108024	143	Response	1	3905058	3559	2
10108024	144	Sound	60	3930372	697	1			260		other	0
10108024	144	Response	1	3932338	2663	1
10108024	145	Sound	51	3948872	691	1			260		other	0
10108024	146	Sound	58	3974371	682	1			260		other	0
10108024	146	Response	1	3977136	3447	1
10108024	147	Sound	50	3992370	842	1			260		other	0
10108024	148	Sound	53	4014869	668	1			260		other	0
10108024	148	Response	1	4018175	3973	1
10108024	149	Sound	53	4036868	660	1			260		other	0
10108024	149	Response	1	4040894	4685	1
10108024	150	Sound	59	4065367	816	1			260		other	0
10108024	150	Response	1	4067773	3221	1
10108024	151	Sound	59	4089866	641	1			260		other	0
10108024	151	Response	1	4092012	2786	1
10108024	152	Sound	58	4106866	634	1			260		other	0
10108024	152	Response	1	4109691	3460	1
10108024	153	Sound	52	4130865	959	1			260		other	0
10108024	153	Response	1	4134170	4265	1
10108024	154	Sound	56	4158864	783	1			260		other	0
10108024	154	Response	1	4161929	3848	1
10108024	155	Sound	53	4186863	940	1			260		other	0
10108024	155	Response	1	4188968	3045	1
10108024	156	Sound	52	4208362	765	1			260		other	0
10108024	156	Response	1	4213447	5850	1
10108024	157	Sound	53	4230361	757	1			260		other	0
10108024	157	Response	1	4232726	3122	1
10108024	158	Sound	51	4249860	750	1			260		other	0
10108024	159	Sound	59	4272860	575	1			260		other	0
10108024	159	Response	1	4275285	3000	1
10108024	160	Sound	57	4293359	901	1			260		other	0
10108024	160	Response	1	4296724	4267	1
10108024	161	Sound	56	4314358	894	1			260		other	0
10108024	161	Response	1	4317443	3979	1
10108024	162	Sound	55	4339357	1052	1			260		other	0
10108024	162	Response	1	4342562	4257	1
10108024	163	Sound	51	4368356	875	1			260		other	0
10108024	163	Response	1	4371841	4360	1
10108024	164	Sound	54	4389855	700	1			260		other	0
10108024	164	Response	1	4393441	4286	1
10108024	165	Sound	50	4411855	859	1			260		other	0
10108024	166	Sound	58	4440854	682	1			260		other	0
10108024	166	Response	1	4444159	3987	1
10108024	167	Sound	56	4464853	674	1			260		other	0
10108024	167	Response	1	4468157	3978	1
10108024	168	Sound	60	4484852	667	1			260		other	0
10108024	168	Response	1	4487197	3012	1
10108024	169	Sound	58	4505851	826	1			260		other	0
10108024	169	Response	1	4510316	5290	1
10108024	170	Sound	57	4528850	651	1			260		other	0
10108024	170	Response	1	4532875	4676	1
10108024	171	Sound	55	4547350	978	1			260		other	0
10108024	171	Response	1	4550315	3943	1
10108024	172	Sound	56	4575849	967	1			260		other	0
10108024	172	Response	1	4578713	3832	1
10108024	173	Sound	54	4592848	628	1			260		other	0
10108024	173	Response	1	4597513	5293	1
10108024	175	Response	255	4624552	14413	1
10108024	177	Sound	60	4692344	926	1			260		other	0
10108024	177	Response	1	4694709	3290	1
10108024	178	Sound	54	4709844	586	1			260		other	0
10108024	179	Sound	50	4732343	912	1			260		other	0
10108024	180	Sound	52	4752342	905	1			260		other	0
10108024	181	Sound	54	4777341	1062	1			260		other	0
10108024	181	Response	1	4779266	2987	1
10108024	182	Sound	52	4800340	1054	1			260		other	0
10108024	182	Response	1	4802624	3338	1
10108024	183	Sound	57	4818340	881	1			260		other	0
10108024	183	Response	1	4822304	4845	1
10108024	184	Sound	56	4840339	706	1			260		other	0
10108024	184	Response	1	4842783	3151	1
10108024	185	Sound	58	4868838	1030	1			260		other	0
10108024	185	Response	1	4871022	3214	1
10108024	186	Sound	50	4889837	1022	1			260		other	0
10108024	187	Sound	58	4917336	679	1			260		other	0
10108024	187	Response	1	4920140	3483	1
10108024	188	Sound	58	4939835	671	1			260		other	0
10108024	188	Response	1	4943499	4335	1
10108024	189	Sound	53	4957835	998	1			260		other	0
10108024	189	Response	1	4961018	4182	1
10108024	190	Sound	60	4976834	824	1			260		other	0
10108024	190	Response	1	4978698	2689	1
10108024	191	Sound	55	5001833	649	1			260		other	0
10108024	192	Sound	58	5024332	808	1			260		other	0
10108024	192	Response	1	5027176	3652	1
10108024	193	Sound	51	5042331	634	1			260		other	0
10108024	194	Sound	59	5059331	628	1			260		other	0
10108024	194	Response	1	5061895	3193	1
10108024	195	Sound	54	5086830	619	1			260		other	0
10108024	195	Response	1	5089414	3203	1
10108024	196	Sound	50	5111329	777	1			260		other	0
10108024	196	Response	1	5113653	3101	1
10108024	197	Sound	55	5128828	604	1			260		other	0
10108024	198	Sound	55	5155327	928	1			260		other	0
10108024	198	Response	1	5157571	3172	1
10108024	199	Sound	57	5180326	919	1			260		other	0
10108024	199	Response	1	5182931	3523	1
10108024	200	Sound	53	5204825	743	1			260		other	0
10108024	200	Response	1	5208050	3967	1
10108024	201	Sound	60	5228825	902	1			260		other	0
10108024	201	Response	1	5230769	2846	1
10108024	202	Sound	52	5249824	894	1			260		other	0
10108024	202	Response	1	5254368	5438	1
10108024	203	Sound	53	5277323	1051	1			260		other	0
10108024	203	Response	1	5280127	3855	1
10108024	204	Sound	57	5296322	711	1			260		other	0
10108024	204	Response	1	5298926	3315	1
10108024	205	Sound	52	5313321	1038	1			260		other	0
10108024	205	Response	1	5316605	4321	2
10108024	206	Sound	59	5330321	1032	1			260		other	0
10108024	206	Response	1	5332765	3476	1
10108024	207	Sound	56	5355320	856	1			260		other	0
10108024	207	Response	1	5358364	3900	1
10108024	208	Sound	54	5384319	846	1			260		other	0
10108024	208	Response	1	5386923	3450	1
10108024	209	Sound	59	5404318	1006	1			260		other	0
10108024	209	Response	1	5406842	3529	1
10108024	210	Sound	51	5428817	663	1			260		other	0
10108024	210	Response	1	5433081	4927	1
10108024	211	Sound	50	5449316	656	1			260		other	0
10108024	212	Sound	51	5466816	650	1			260		other	0
10108024	213	Sound	56	5485315	810	1			260		other	0
10108024	213	Response	1	5488119	3614	1
10108024	214	Sound	51	5501814	637	1			260		other	0
10108024	215	Sound	56	5519314	631	1			260		other	0
10108024	215	Response	1	5522358	3675	1
10108024	216	Sound	57	5543313	956	1			260		other	0
10108024	216	Response	1	5546196	3840	1
10108024	217	Sound	60	5563312	782	1			260		other	0
10108024	217	Response	1	5565396	2865	1
10108024	218	Sound	57	5584811	775	1			260		other	0
10108024	218	Response	1	5588115	4078	1
10108024	219	Sound	50	5601311	769	1			260		other	0
10108024	220	Sound	59	5622310	761	1			260		other	0
10108024	220	Response	1	5624593	3044	1
10108024	221	Sound	53	5649809	751	1			260		other	0
10108024	221	Response	1	5652833	3775	1
10108024	222	Sound	60	5675308	909	1			260		other	0
10108024	222	Response	1	5677312	2912	1
10108024	223	Sound	54	5695807	568	1			260		other	0
10108024	223	Response	1	5700191	4952	1
10108024	224	Sound	56	5717306	727	1			260		other	0
10108024	224	Response	1	5720110	3531	1
10108024	225	Sound	51	5734806	721	1			260		other	0
10108024	226	Sound	53	5756805	880	1			260		other	0
10108024	226	Response	1	5759629	3703	1
10108024	227	Sound	59	5780304	872	1			260		other	0
10108024	227	Response	1	5783228	3795	1
10108024	228	Sound	52	5805803	1029	1			260		other	0
10108024	228	Response	1	5809627	4853	1
10108024	229	Sound	58	5833802	1019	1			260		other	0
10108024	229	Response	1	5836506	3723	1
10108024	230	Sound	55	5857301	1011	1			260		other	0
10108024	230	Response	1	5859865	3574	1
10108024	231	Sound	55	5879301	1003	1			260		other	0
10108024	231	Response	1	5881544	3246	2
10108024	233	Response	255	5910823	14773	1
10108024	235	Sound	54	5983797	966	1			260		other	0
10108024	235	Response	1	5988340	5509	1
10108024	236	Sound	50	6008296	790	1			260		other	0
10108024	237	Sound	54	6032795	781	1			260		other	0
10108024	237	Response	1	6035298	3285	1
10108024	238	Sound	60	6050794	775	1			260		other	0
10108024	238	Response	1	6053218	3198	1
10108024	239	Sound	51	6077793	932	1			260		other	0
10108024	239	Response	1	6081616	4755	1
10108024	240	Sound	51	6102792	756	1			260		other	0
10108024	240	Response	1	6105855	3820	1
10108024	241	Sound	58	6130291	580	1			260		other	0
10108024	241	Response	1	6133375	3664	1
10108024	242	Sound	51	6152291	739	1			260		other	0
10108024	243	Sound	50	6177790	897	1			260		other	0
10108024	244	Sound	55	6204789	887	1			260		other	0
10108024	244	Response	1	6208571	4669	1
10108024	245	Sound	52	6221788	1048	1			260		other	0
10108024	246	Sound	51	6242787	873	1			260		other	0
10108024	246	Response	1	6246330	4416	1
10108024	247	Sound	57	6265786	698	1			260		other	0
10108024	247	Response	1	6269049	3961	1
10108024	248	Sound	56	6290285	1023	1			260		other	0
10108024	248	Response	1	6293288	4026	1
10108024	249	Sound	55	6312785	1015	1			260		other	0
10108024	249	Response	1	6316007	4238	1
10108024	250	Sound	59	6335784	1007	1			260		other	0
10108024	250	Response	1	6338327	3550	1
10108024	251	Sound	55	6354783	1001	1			260		other	0
10108024	251	Response	1	6357526	3744	1
10108024	252	Sound	53	6382782	990	1			260		other	0
10108024	252	Response	1	6385685	3893	1
10108024	253	Sound	54	6399781	984	1			260		other	0
10108024	254	Sound	57	6416281	645	1			260		other	0
10108024	254	Response	1	6418884	3248	1
10108024	255	Sound	50	6445280	801	1			260		other	0
10108024	256	Sound	56	6465779	960	1			260		other	0
10108024	256	Response	1	6468082	3263	1
10108024	257	Sound	59	6482278	788	1			260		other	0
10108024	257	Response	1	6485121	3631	1
10108024	258	Sound	54	6511777	944	1			260		other	0
10108024	258	Response	1	6514559	3726	1
10108024	259	Sound	58	6537276	935	1			260		other	0
10108024	259	Response	1	6539679	3338	1
10108024	260	Sound	54	6553776	762	1			260		other	0
10108024	260	Response	1	6558718	5705	1
10108024	261	Sound	60	6581275	586	1			260		other	0
10108024	261	Response	1	6583197	2509	1
10108024	262	Sound	51	6598774	580	1			260		other	0
10108024	263	Sound	50	6623273	904	1			260		other	0
10108024	264	Sound	55	6643272	897	1			260		other	0
10108024	264	Response	1	6646075	3700	1
10108024	265	Sound	60	6666271	722	1			260		other	0
10108024	265	Response	1	6668154	2605	1
10108024	266	Sound	53	6686271	882	1			260		other	0
10108024	266	Response	1	6689354	3965	1
10108024	267	Sound	59	6707770	874	1			260		other	0
10108024	267	Response	1	6710552	3656	2
10108024	268	Sound	57	6736769	864	1			260		other	0
10108024	268	Response	1	6742231	6326	1
10108024	269	Sound	53	6757268	1023	1			260		other	0
10108024	269	Response	1	6760311	4066	1
10108024	270	Sound	58	6784767	1013	1			260		other	0
10108024	270	Response	1	6787430	3676	1
10108024	271	Sound	53	6801267	674	1			260		other	0
10108024	271	Response	1	6804709	4116	1
10108024	272	Sound	56	6821266	834	1			260		other	0
10108024	272	Response	1	6824308	3876	1
10108024	273	Sound	53	6839265	661	1			260		other	0
10108024	274	Sound	55	6862764	819	1			260		other	0
10108024	274	Response	1	6865587	3641	1
10108024	275	Sound	56	6887263	977	1			260		other	0
10108024	275	Response	1	6890066	3779	1
10108024	276	Sound	59	6915262	800	1			260		other	0
10108024	276	Response	1	6917585	3123	1
10108024	277	Sound	57	6939761	958	1			260		other	0
10108024	277	Response	1	6942304	3501	1
10108024	278	Sound	58	6958761	785	1			260		other	0
10108024	278	Response	1	6961263	3287	1
10108024	279	Sound	57	6975760	612	1			260		other	0
10108024	279	Response	1	6978302	3154	1
10108024	280	Sound	52	6995759	938	1			260		other	0
10108024	280	Response	1	6998622	3800	1
10108024	281	Sound	60	7021759	762	1			260		other	0
10108024	281	Response	1	7023581	2585	1
10108024	282	Sound	52	7038758	756	1			260		other	0
10108024	282	Response	1	7042539	4538	1
10108024	283	Sound	52	7063257	747	1			260		other	0
10108024	283	Response	1	7065499	2990	2
10108024	284	Sound	52	7080256	575	1			260		other	0
10108024	285	Sound	60	7101756	1067	1			260		other	0
10108024	285	Response	1	7103978	3289	1
10108024	286	Sound	50	7124755	1059	1			260		other	0
10108024	287	Sound	58	7143254	886	1			260		other	0
10108024	287	Response	1	7145656	3288	1
10108024	288	Sound	56	7171253	876	1			260		other	0
10108024	288	Response	1	7174695	4318	1
10108024	289	Sound	59	7200252	1032	1			260		other	0
10108024	289	Response	1	7202934	3714	1
10108024	291	Response	255	7245092	17450	1
10108024	293	Sound	10	7316248	657	1			260		other	0
10108024	294	Sound	19	7337247	650	1			260		other	0
10108024	294	Response	1	7340289	3692	1
10108024	295	Sound	15	7358246	809	1			260		other	0
10108024	296	Sound	18	7375745	803	1			260		other	0
10108024	296	Response	1	7378527	3584	1
10108024	297	Sound	20	7395745	962	1			260		other	0
10108024	297	Response	1	7398447	3664	1
10108024	298	Sound	17	7412744	623	1			260		other	0
10108024	298	Response	1	7417646	5524	1
10108024	299	Sound	12	7438743	614	1			260		other	0
10108024	300	Sound	14	7455243	941	1			260		other	0
10108024	300	Response	1	7461724	7422	1
10108024	301	Sound	16	7472242	601	1			260		other	0
10108024	301	Response	1	7475964	4323	1
10108024	302	Sound	12	7492741	928	1			260		other	0
10108024	303	Sound	13	7511740	754	1			260		other	0
10108024	303	Response	1	7515242	4256	1
10108024	304	Sound	18	7530240	914	1			260		other	0
10108024	304	Response	1	7533882	4556	1
10108024	305	Sound	17	7556739	905	1			260		other	0
10108024	305	Response	1	7559800	3966	1
10108024	306	Sound	10	7579238	897	1			260		other	0
10108024	307	Sound	18	7601237	889	1			260		other	0
10108024	307	Response	1	7604599	4251	1
10108024	308	Sound	14	7627736	880	1			260		other	0
10108024	308	Response	1	7631478	4621	1
10108024	309	Sound	16	7645735	1040	1			260		other	0
10108024	309	Response	1	7650277	5581	1
10108024	310	Sound	13	7661735	867	1			260		other	0
10108024	310	Response	1	7664917	4049	1
10108024	311	Sound	11	7680234	694	1			260		other	0
10108024	312	Sound	11	7708733	851	1			260		other	0
10108024	313	Sound	12	7734232	675	1			260		other	0
10108024	313	Response	1	7735874	2317	1
10108024	314	Sound	15	7761731	665	1			260		other	0
10108024	314	Response	1	7765393	4327	1
10108024	315	Sound	16	7784230	824	1			260		other	0
10108024	315	Response	1	7787872	4465	1
10108024	316	Sound	14	7801730	817	1			260		other	0
10108024	316	Response	1	7805551	4639	1
10108024	317	Sound	11	7823729	643	1			260		other	0
10108024	318	Sound	15	7840228	637	1			260		other	0
10108024	318	Response	1	7844270	4679	1
10108024	319	Sound	12	7861228	796	1			260		other	0
10108024	320	Sound	11	7879727	623	1			260		other	0
10108024	320	Response	1	7884668	5564	1
10108024	321	Sound	19	7900726	782	1			260		other	0
10108024	321	Response	1	7904107	4163	1
10108024	322	Sound	20	7917726	943	1			260		other	0
10108024	322	Response	1	7920267	3484	1
10108024	323	Sound	14	7945724	933	1			260		other	0
10108024	324	Sound	20	7965224	926	1			260		other	0
10108024	324	Response	1	7967865	3567	1
10108024	325	Sound	18	7980723	587	1			260		other	0
10108024	325	Response	1	7984264	4128	1
10108024	326	Sound	20	8007722	911	1			260		other	0
10108024	326	Response	1	8010263	3452	1
10108024	327	Sound	10	8025222	1071	1			260		other	0
10108024	328	Sound	19	8051721	895	1			260		other	0
10108024	328	Response	1	8058582	7756	1
10108024	329	Sound	20	8073720	1054	1			260		other	0
10108024	329	Response	1	8076500	3834	1
10108024	330	Sound	15	8094219	1047	1			260		other	0
10108024	330	Response	1	8098740	5568	1
10108024	331	Sound	17	8122218	870	1			260		other	0
10108024	331	Response	1	8129139	7791	1
10108024	332	Sound	16	8147217	861	1			260		other	0
10108024	332	Response	1	8152738	6382	1
10108024	333	Sound	13	8175716	684	1			260		other	0
10108024	334	Sound	13	8196715	677	1			260		other	0
10108024	334	Response	1	8202496	6457	1
10108024	335	Sound	17	8212215	671	1			260		other	0
10108024	335	Response	1	8217135	5592	2
10108024	336	Sound	17	8234214	997	1			260		other	0
10108024	336	Response	1	8238575	5358	1
10108024	337	Sound	18	8254213	823	1			260		other	0
10108024	337	Response	1	8258654	5264	1
10108024	338	Sound	12	8278712	981	1			260		other	0
10108024	339	Sound	16	8294712	975	1			260		other	0
10108024	339	Response	1	8298173	4436	1
10108024	340	Sound	13	8316711	634	1			260		other	0
10108024	341	Sound	11	8332210	628	1			260		other	0
10108024	342	Sound	15	8360709	618	1			260		other	0
10108024	342	Response	1	8363690	3599	1
10108024	343	Sound	19	8382708	944	1			260		other	0
10108024	343	Response	1	8385769	4005	1
10108024	344	Sound	10	8407707	601	1			260		other	0
10108024	345	Sound	14	8430207	927	1			260		other	0
10108024	345	Response	1	8433847	4568	1
10108024	346	Sound	19	8447206	921	1			260		other	0
10108024	346	Response	1	8449767	3482	1
10108024	347	Sound	10	8472205	745	1			260		other	0
10108024	349	Response	1	8499125	2910	1
10108024	349	Response	255	8517284	21070	1
10108024	351	Sound	31	8598700	1033	1			260		other	0
10108024	352	Sound	35	8620200	1026	1			260		other	0
10108024	352	Response	1	8622320	3146	1
10108024	353	Sound	40	8645699	1017	1			260		other	0
10108024	353	Response	1	8647439	2757	1
10108024	354	Sound	35	8666698	676	1			260		other	0
10108024	354	Response	1	8671038	5016	1
10108024	355	Sound	33	8691697	667	1			260		other	0
10108024	356	Sound	37	8721196	990	1			260		other	0
10108024	356	Response	1	8725036	4830	1
10108024	357	Sound	33	8744695	648	1			260		other	0
10108024	357	Response	1	8747996	3948	1
10108024	358	Sound	36	8765194	974	1			260		other	0
10108024	358	Response	1	8769355	5134	1
10108024	359	Sound	38	8789193	965	1			260		other	0
10108024	359	Response	1	8792074	3846	1
10108024	360	Sound	32	8809693	958	1			260		other	0
10108024	360	Response	1	8811992	3258	3
10108024	361	Sound	35	8836192	949	1			260		other	0
10108024	361	Response	1	8838392	3149	1
10108024	362	Sound	38	8853691	776	1			260		other	0
10108024	362	Response	1	8856311	3396	1
10108024	363	Sound	39	8876690	768	1			260		other	0
10108024	363	Response	1	8879031	3108	1
10108024	364	Sound	37	8900189	592	1			260		other	0
10108024	364	Response	1	8904790	5193	1
10108024	365	Sound	32	8918689	919	1			260		other	0
10108024	365	Response	1	8921429	3660	1
10108024	366	Sound	36	8940188	578	1			260		other	0
10108024	366	Response	1	8944308	4698	1
10108024	367	Sound	34	8968687	568	1			260		other	0
10108024	367	Response	1	8974067	5948	1
10108024	368	Sound	33	8992186	726	1			260		other	0
10108024	368	Response	1	8995266	3807	1
10108024	369	Sound	31	9008685	720	1			260		other	0
10108024	370	Sound	34	9025685	714	1			260		other	0
10108024	371	Sound	32	9047184	873	1			260		other	0
10108024	371	Response	1	9051184	4874	1
10108024	372	Sound	34	9064183	1034	1			260		other	0
10108024	372	Response	1	9068383	5234	1
10108024	373	Sound	40	9085682	1027	1			260		other	0
10108024	373	Response	1	9088063	3408	1
10108024	374	Sound	39	9112681	1017	1			260		other	0
10108024	374	Response	1	9115421	3757	1
10108024	375	Sound	33	9132181	1010	1			260		other	0
10108024	375	Response	1	9135901	4730	1
10108024	376	Sound	38	9152180	669	1			260		other	0
10108024	376	Response	1	9154700	3189	1
10108024	377	Sound	38	9175679	994	1			260		other	0
10108024	377	Response	1	9178539	3854	1
10108024	378	Sound	31	9193179	821	1			260		other	0
10108024	378	Response	1	9196219	3861	1
10108024	379	Sound	33	9218178	812	1			260		other	0
10108024	380	Sound	34	9246177	803	1			260		other	0
10108024	380	Response	1	9248856	3482	2
10108024	381	Sound	31	9267676	795	1			260		other	0
10108024	382	Sound	36	9286675	621	1			260		other	0
10108024	382	Response	1	9291655	5601	1
10108024	383	Sound	30	9313674	945	1			260		other	0
10108024	383	Response	1	9316614	3885	1
10108024	384	Sound	30	9342673	601	1			260		other	0
10108024	385	Sound	40	9363672	594	1			260		other	0
10108024	385	Response	1	9365972	2894	1
10108024	386	Sound	36	9383672	587	1			260		other	0
10108024	386	Response	1	9386691	3607	1
10108024	387	Sound	30	9406671	745	1			260		other	0
10108024	387	Response	1	9409170	3245	1
10108024	388	Sound	37	9430670	737	1			260		other	0
10108024	388	Response	1	9433409	3476	1
10108024	389	Sound	32	9457669	1060	1			260		other	0
10108024	389	Response	1	9460769	4160	1
10108024	390	Sound	32	9484668	884	1			260		other	0
10108024	390	Response	1	9487168	3384	1
10108024	391	Sound	36	9507667	1043	1			260		other	0
10108024	391	Response	1	9510127	3502	1
10108024	392	Sound	31	9524166	1037	1			260		other	0
10108024	393	Sound	30	9548165	1028	1			260		other	0
10108024	394	Sound	34	9576165	1018	1			260		other	0
10108024	394	Response	1	9578684	3538	1
10108024	395	Sound	38	9603664	842	1			260		other	0
10108024	395	Response	1	9606443	3621	1
10108024	396	Sound	35	9624663	1001	1			260		other	0
10108024	396	Response	1	9627882	4221	1
10108024	397	Sound	39	9655161	990	1			260		other	0
10108024	397	Response	1	9657321	3150	1
10108024	398	Sound	37	9678661	982	1			260		other	0
10108024	398	Response	1	9680760	3081	1
10108024	399	Sound	30	9707660	971	1			260		other	0
10108024	399	Response	1	9710839	4150	1
10108024	400	Sound	40	9735159	962	1			260		other	0
10108024	400	Response	1	9737558	3361	1
10108024	401	Sound	39	9761658	785	1			260		other	0
10108024	401	Response	1	9764357	3485	1
10108024	402	Sound	37	9789157	776	1			260		other	0
10108024	402	Response	1	9791716	3335	1
10108024	403	Sound	39	9817156	932	1			260		other	0
10108024	403	Response	1	9819235	3012	1
10108024	404	Sound	40	9840155	591	1			260		other	0
10108024	404	Response	1	9842194	2630	1
10108024	405	Sound	35	9861154	583	1			260		other	0
10108024	405	Response	1	9867953	7382	1
10108024	407	Response	255	9900272	10611	2
10108024	409	Sound	12	9967150	879	1			260		other	0
10108024	410	Sound	17	9987649	705	1			260		other	0
10108024	410	Response	1	9991788	4844	1
10108024	411	Sound	18	10007149	864	1			260		other	0
10108024	411	Response	1	10010108	3824	1
10108024	412	Sound	12	10025148	1025	1			260		other	0
10108024	413	Sound	19	10052147	849	1			260		other	0
10108024	413	Response	1	10055386	4088	1
10108024	414	Sound	17	10070146	842	1			260		other	0
10108024	414	Response	1	10073065	3761	1
10108024	415	Sound	20	10094645	1000	1			260		other	0
10108024	415	Response	1	10097064	3419	1
10108024	416	Sound	11	10111145	661	1			260		other	0
10108024	417	Sound	11	10133144	653	1			260		other	0
10108024	417	Response	1	10138583	6092	1
10108024	418	Sound	13	10152643	979	1			260		other	0
10108024	418	Response	1	10155862	4198	1
10108024	419	Sound	17	10174642	805	1			260		other	0
10108024	419	Response	1	10177222	3384	1
10108024	420	Sound	20	10190642	799	1			260		other	0
10108024	420	Response	1	10193381	3538	1
10108024	421	Sound	20	10207141	794	1			260		other	0
10108024	421	Response	1	10209780	3432	1
10108024	422	Sound	11	10229140	952	1			260		other	0
10108024	422	Response	1	10236020	7831	1
10108024	423	Sound	20	10256639	775	1			260		other	0
10108024	423	Response	1	10258978	3115	1
10108024	424	Sound	18	10281639	600	1			260		other	0
10108024	424	Response	1	10284737	3699	1
10108024	425	Sound	14	10307137	924	1			260		other	0
10108024	425	Response	1	10310096	3883	1
10108024	426	Sound	15	10330637	916	1			260		other	0
10108024	426	Response	1	10332976	3255	1
10108024	427	Sound	19	10349136	1076	1			260		other	0
10108024	427	Response	1	10352255	4195	1
10108024	428	Sound	20	10369635	735	1			260		other	0
10108024	428	Response	1	10371854	2954	1
10108024	429	Sound	13	10398634	1058	1			260		other	0
10108024	429	Response	1	10403773	6197	1
10108024	430	Sound	14	10415134	886	1			260		other	0
10108024	431	Sound	15	10435133	879	1			260		other	0
10108024	431	Response	1	10437612	3358	1
10108024	432	Sound	10	10461632	1036	1			260		other	0
10108024	433	Sound	17	10486131	860	1			260		other	0
10108024	433	Response	1	10489850	4579	1
10108024	434	Sound	14	10503630	687	1			260		other	0
10108024	434	Response	1	10507129	4186	1
10108024	435	Sound	15	10523130	847	1			260		other	0
10108024	435	Response	1	10526088	3806	1
10108024	436	Sound	10	10544629	1006	1			260		other	0
10108024	437	Sound	15	10561128	667	1			260		other	0
10108024	437	Response	1	10564807	4345	1
10108024	438	Sound	11	10578128	994	1			260		other	0
10108024	439	Sound	13	10605127	818	1			260		other	0
10108024	440	Sound	12	10629126	809	1			260		other	0
10108024	440	Response	1	10634004	5688	1
10108024	441	Sound	19	10647625	970	1			260		other	0
10108024	441	Response	1	10650403	3747	2
10108024	442	Sound	15	10675124	960	1			260		other	0
10108024	442	Response	1	10679442	5278	1
10108024	443	Sound	18	10695623	786	1			260		other	0
10108024	443	Response	1	10698882	4044	1
10108024	444	Sound	13	10719122	777	1			260		other	0
10108024	444	Response	1	10722481	4136	1
10108024	445	Sound	18	10741122	770	1			260		other	0
10108024	445	Response	1	10743920	3568	1
10108024	446	Sound	14	10760621	596	1			260		other	0
10108024	446	Response	1	10763999	3974	1
10108024	447	Sound	12	10788620	919	1			260		other	0
10108024	448	Sound	16	10817119	742	1			260		other	0
10108024	448	Response	1	10820797	4420	1
10108024	449	Sound	16	10841618	734	1			260		other	0
10108024	449	Response	1	10845676	4792	1
10108024	449	Response	1	10865755	24871	1
10108024	450	Sound	14	10870117	890	1			260		other	0
10108024	451	Sound	19	10898616	713	1			260		other	0
10108024	451	Response	1	10901594	3691	1
10108024	452	Sound	16	10918615	706	1			260		other	0
10108024	452	Response	1	10922553	4644	1
10108024	453	Sound	11	10942614	698	1			260		other	0
10108024	454	Sound	19	10961613	1024	1			260		other	0
10108024	454	Response	1	10964552	3962	1
10108024	455	Sound	16	10977613	685	1			260		other	0
10108024	456	Sound	12	11001612	1010	1			260		other	0
10108024	456	Response	1	11004950	4348	1
10108024	457	Sound	13	11020111	837	1			260		other	0
10108024	457	Response	1	11023109	3835	1
10108024	458	Sound	16	11040610	663	1			260		other	0
10108024	458	Response	1	11044068	4121	1
10108024	459	Sound	10	11067109	987	1			260		other	0
10108024	460	Sound	10	11090609	645	1			260		other	0
10108024	461	Sound	18	11108608	972	1			260		other	0
10108024	461	Response	1	11111746	4110	1
10108024	462	Sound	10	11135107	629	1			260		other	0
10108024	463	Sound	17	11161606	786	1			260		other	0
10108024	463	Response	1	11164384	3564	1
10108024	465	Response	255	11196303	18564	1
10108024	467	Sound	20	11269602	581	1			260		other	0
10108024	467	Response	1	11272060	3039	1
10108024	468	Sound	11	11291601	573	1			260		other	0
10108024	469	Sound	15	11317600	730	1			260		other	0
10108024	469	Response	1	11321018	4148	1
10108024	470	Sound	13	11336100	1057	1			260		other	0
10108024	470	Response	1	11343497	8455	1
10108024	471	Sound	10	11364599	881	1			260		other	0
10108024	472	Sound	16	11382098	708	1			260		other	0
10108024	472	Response	1	11387415	6025	1
10108024	473	Sound	11	11402597	1034	1			260		other	0
10108024	474	Sound	15	11418597	861	1			260		other	0
10108024	474	Response	1	11427814	10079	1
10108024	475	Sound	17	11439596	687	1			260		other	0
10108024	475	Response	1	11442694	3785	1
10108024	476	Sound	11	11462595	1012	1			260		other	0
10108024	477	Sound	10	11480594	1006	1			260		other	0
10108024	478	Sound	19	11508593	996	1			260		other	0
10108024	478	Response	1	11511731	4134	1
10108024	479	Sound	14	11528093	656	1			260		other	0
10108024	479	Response	1	11532930	5493	1
10108024	480	Sound	10	11556592	812	1			260		other	0
10108024	481	Sound	12	11575091	806	1			260		other	0
10108024	482	Sound	16	11603590	962	1			260		other	0
10108024	482	Response	1	11606767	4139	1
10108024	483	Sound	17	11628589	620	1			260		other	0
10108024	483	Response	1	11631246	3277	1
10108024	484	Sound	15	11644588	614	1			260		other	0
10108024	484	Response	1	11653965	9991	1
10108024	485	Sound	11	11664088	774	1			260		other	0
10108024	486	Sound	15	11680587	768	1			260		other	0
10108024	486	Response	1	11684284	4465	1
10108024	487	Sound	12	11709086	591	1			260		other	0
10108024	487	Response	1	11713323	4828	1
10108024	488	Sound	17	11730585	750	1			260		other	0
10108024	488	Response	1	11733883	4047	1
10108024	489	Sound	13	11746585	578	1			260		other	0
10108024	489	Response	1	11750682	4675	1
10108024	490	Sound	13	11766084	737	1			260		other	0
10108024	490	Response	1	11769721	4375	1
10108024	491	Sound	18	11787083	1063	1			260		other	0
10108024	491	Response	1	11790040	4021	1
10108024	492	Sound	13	11806082	723	1			260		other	0
10108024	492	Response	1	11809000	3640	1
10108024	493	Sound	14	11830581	1048	1			260		other	0
10108024	493	Response	1	11833479	3945	1
10108024	494	Sound	10	11853581	1040	1			260		other	0
10108024	495	Sound	14	11879580	697	1			260		other	0
10108024	495	Response	1	11885077	6194	1
10108024	496	Sound	12	11906579	1021	1			260		other	0
10108024	497	Sound	18	11925078	848	1			260		other	0
10108024	497	Response	1	11928275	4045	1
10108024	498	Sound	13	11948077	672	1			260		other	0
10108024	499	Sound	14	11972076	664	1			260		other	0
10108024	499	Response	1	11976353	4941	1
10108024	500	Sound	20	11996575	989	1			260		other	0
10108024	500	Response	1	11998832	3246	1
10108024	501	Sound	20	12014575	982	1			260		other	0
10108024	501	Response	1	12016751	3159	1
10108024	502	Sound	18	12033074	809	1			260		other	0
10108024	502	Response	1	12035791	3526	1
10108024	503	Sound	19	12058073	633	1			260		other	0
10108024	503	Response	1	12062430	4990	1
10108024	504	Sound	16	12084072	957	1			260		other	0
10108024	504	Response	1	12086909	3794	1
10108024	505	Sound	10	12105571	616	1			260		other	0
10108024	506	Sound	18	12130070	941	1			260		other	0
10108024	506	Response	1	12132747	3618	1
10108024	507	Sound	20	12151570	767	1			260		other	0
10108024	507	Response	1	12153546	2743	2
10108024	508	Sound	16	12169569	593	1			260		other	0
10108024	508	Response	1	12173866	4890	1
10108024	509	Sound	19	12192068	585	1			260		other	0
10108024	509	Response	1	12195065	3582	1
10108024	510	Sound	17	12219067	576	1			260		other	0
10108024	510	Response	1	12221704	3213	1
10108024	511	Sound	12	12245066	733	1			260		other	0
10108024	511	Response	1	12248583	4250	1
10108024	512	Sound	20	12264566	893	1			260		other	0
10108024	512	Response	1	12266902	3230	1
10108024	513	Sound	16	12293064	883	1			260		other	0
10108024	513	Response	1	12297461	5279	2
10108024	514	Sound	14	12310064	710	1			260		other	0
10108024	514	Response	1	12314340	4986	1
10108024	515	Sound	18	12330063	870	1			260		other	0
10108024	515	Response	1	12332420	3226	1
10108024	516	Sound	17	12352062	862	1			260		other	0
10108024	516	Response	1	12355619	4419	1
10108024	517	Sound	12	12370062	855	1			260		other	0
10108024	517	Response	1	12373298	4091	2
10108024	518	Sound	19	12395561	1013	1			260		other	0
10108024	518	Response	1	12398177	3630	1
10108024	519	Sound	15	12423560	836	1			260		other	0
10108024	519	Response	1	12426336	3612	1
10108024	520	Sound	19	12440059	830	1			260		other	0
10108024	520	Response	1	12443376	4147	1
10108024	521	Sound	11	12465058	988	1			260		other	0
10108024	523	Response	255	12499533	13377	1
10108024	525	Sound	13	12584054	612	1			260		other	0
10108024	526	Sound	15	12610553	770	1			260		other	0
10108024	526	Response	1	12614649	4866	1
10108024	527	Sound	18	12633052	928	1			260		other	0
10108024	527	Response	1	12636488	4365	1
10108024	528	Sound	16	12653051	754	1			260		other	0
10108024	528	Response	1	12655928	3631	1
10108024	529	Sound	14	12672550	748	1			260		other	0
10108024	529	Response	1	12675607	3804	1
10108024	530	Sound	11	12691050	574	1			260		other	0
10108024	530	Response	1	12693766	3290	1
10108024	531	Sound	15	12715549	1066	1			260		other	0
10108024	531	Response	1	12720405	5922	1
10108024	531	Response	1	12737205	22721	1
10108024	532	Sound	11	12739548	724	1			260		other	0
10108024	533	Sound	10	12761047	883	1			260		other	0
10108024	534	Sound	10	12782046	708	1			260		other	0
10108024	535	Sound	20	12798046	1036	1			260		other	0
10108024	535	Response	1	12800962	3952	1
10108024	536	Sound	12	12820045	695	1			260		other	0
10108024	537	Sound	18	12847044	685	1			260		other	0
10108024	537	Response	1	12849920	3561	1
10108024	538	Sound	14	12869543	677	1			260		other	0
10108024	538	Response	1	12873519	4654	1
10108024	539	Sound	17	12894542	1002	1			260		other	0
10108024	540	Sound	10	12915041	994	1			260		other	0
10108024	541	Sound	19	12936541	987	1			260		other	0
10108024	541	Response	1	12939917	4363	1
10108024	542	Sound	17	12960540	978	1			260		other	0
10108024	542	Response	1	12964396	4834	1
10108024	543	Sound	20	12987039	969	1			260		other	0
10108024	543	Response	1	12989915	3845	1
10108024	544	Sound	14	13015538	625	1			260		other	0
10108024	544	Response	1	13019914	5002	1
10108024	545	Sound	13	13041037	950	1			260		other	0
10108024	545	Response	1	13045673	5585	1
10108024	546	Sound	16	13066536	774	1			260		other	0
10108024	546	Response	1	13069672	3910	1
10108024	547	Sound	10	13086535	933	1			260		other	0
10108024	548	Sound	19	13107034	593	1			260		other	0
10108024	548	Response	1	13109911	3469	1
10108024	549	Sound	18	13132033	750	1			260		other	0
10108024	549	Response	1	13135910	4627	1
10108024	550	Sound	14	13148033	911	1			260		other	0
10108024	550	Response	1	13152469	5347	1
10108024	551	Sound	15	13172532	736	1			260		other	0
10108024	551	Response	1	13177348	5552	1
10108024	552	Sound	11	13196531	894	1			260		other	0
10108024	553	Sound	13	13212531	1055	1			260		other	0
10108024	554	Sound	16	13229530	1049	1			260		other	0
10108024	554	Response	1	13233266	4785	1
10108024	555	Sound	10	13250529	708	1			260		other	0
10108024	556	Sound	19	13270028	868	1			260		other	0
10108024	556	Response	1	13274384	5224	1
10108024	557	Sound	12	13293527	1026	1			260		other	0
10108024	557	Response	1	13297104	4602	1
10108024	558	Sound	12	13315027	852	1			260		other	0
10108024	558	Response	1	13319343	5168	1
10108024	559	Sound	19	13331526	1013	1			260		other	0
10108024	559	Response	1	13335342	4828	1
10108024	560	Sound	18	13350026	1006	1			260		other	0
10108024	560	Response	1	13353021	4002	1
10108024	561	Sound	12	13366025	1000	1			260		other	0
10108024	561	Response	1	13370461	5436	1
10108024	562	Sound	16	13381524	661	1			260		other	0
10108024	562	Response	1	13384700	3837	1
10108024	563	Sound	15	13410023	818	1			260		other	0
10108024	564	Sound	14	13426523	812	1			260		other	0
10108024	564	Response	1	13430778	5068	1
10108024	565	Sound	15	13452022	970	1			260		other	0
10108024	565	Response	1	13456137	5085	1
10108024	566	Sound	13	13480021	793	1			260		other	0
10108024	566	Response	1	13483896	4669	1
10108024	567	Sound	18	13502520	952	1			260		other	0
10108024	567	Response	1	13505735	4167	1
10108024	568	Sound	13	13529019	609	1			260		other	0
10108024	568	Response	1	13533014	4604	1
10108024	569	Sound	17	13550018	768	1			260		other	0
10108024	569	Response	1	13552694	3444	1
10108024	570	Sound	19	13573017	760	1			260		other	0
10108024	570	Response	1	13576053	3795	1
10108024	571	Sound	11	13595516	918	1			260		other	0
10108024	572	Sound	20	13619016	910	1			260		other	0
10108024	572	Response	1	13621251	3146	1
10108024	573	Sound	12	13645515	734	1			260		other	0
10108024	574	Sound	17	13665514	727	1			260		other	0
10108024	574	Response	1	13669569	4782	1
10108024	575	Sound	20	13694013	717	1			260		other	0
10108024	575	Response	1	13696208	2912	1
10108024	576	Sound	20	13710512	1044	1			260		other	0
10108024	576	Response	1	13713648	4180	1
10108024	577	Sound	17	13731012	870	1			260		other	0
10108024	577	Response	1	13738606	8465	1
10108024	578	Sound	11	13751011	1030	1			260		other	0
10108024	579	Sound	16	13776010	687	1			260		other	0
10108024	579	Response	1	13780765	5443	1
10108024	581	Response	255	13815004	19928	1
10108024	583	Sound	55	13878506	984	1			260		other	0
10108024	583	Response	1	13882921	5400	1
10108024	584	Sound	58	13901505	976	1			260		other	0
10108024	584	Response	1	13903960	3431	1
10108024	585	Sound	59	13925004	801	1			260		other	0
10108024	585	Response	1	13927079	2876	1
10108024	586	Sound	50	13951503	792	1			260		other	0
10108024	587	Sound	59	13976502	949	1			260		other	0
10108024	587	Response	1	13981077	5524	1
10108024	588	Sound	57	14002001	607	1			260		other	0
10108024	588	Response	1	14004597	3202	1
10108024	589	Sound	55	14031000	597	1			260		other	0
10108024	589	Response	1	14033875	3471	1
10108024	590	Sound	51	14057499	587	1			260		other	0
10108024	590	Response	1	14059714	2802	1
10108024	591	Sound	50	14082498	912	1			260		other	0
10108024	591	Response	1	14085873	4287	1
10108024	592	Sound	51	14099498	739	1			260		other	0
10108024	592	Response	1	14103153	4394	1
10108024	593	Sound	60	14126497	1063	1			260		other	0
10108024	593	Response	1	14128025	2591	9
10108024	594	Sound	56	14152996	1053	1			260		other	0
10108024	594	Response	1	14154911	2968	1
10108024	595	Sound	56	14175995	878	1			260		other	0
10108024	595	Response	1	14178269	3153	2
10108024	596	Sound	51	14193994	872	1			260		other	0
10108024	596	Response	1	14198829	5707	1
10108024	597	Sound	57	14214994	864	1			260		other	0
10108024	597	Response	1	14217628	3499	1
10108024	598	Sound	51	14232993	858	1			260		other	0
10108024	598	Response	1	14235068	2933	1
10108024	599	Sound	57	14250492	1018	1			260		other	0
10108024	599	Response	1	14252827	3353	1
10108024	600	Sound	58	14275991	1010	1			260		other	0
10108024	600	Response	1	14278746	3764	1
10108024	601	Sound	54	14304990	666	1			260		other	0
10108024	601	Response	1	14309385	5060	1
10108024	602	Sound	59	14325990	825	1			260		other	0
10108024	602	Response	1	14328184	3019	1
10108024	603	Sound	56	14354988	648	1			260		other	0
10108024	603	Response	1	14357863	3523	1
10108024	604	Sound	58	14374488	808	1			260		other	0
10108024	604	Response	1	14376902	3222	1
10108024	605	Sound	55	14400487	798	1			260		other	0
10108024	605	Response	1	14402821	3133	1
10108024	606	Sound	52	14420486	791	1			260		other	0
10108024	606	Response	1	14422981	3286	1
10108024	607	Sound	50	14442485	783	1			260		other	0
10108024	607	Response	1	14444820	3118	1
10108024	608	Sound	52	14466984	941	1			260		other	0
10108024	608	Response	1	14469299	3256	1
10108024	609	Sound	55	14493983	765	1			260		other	0
10108024	609	Response	1	14496338	3119	1
10108024	610	Sound	54	14519982	756	1			260		other	0
10108024	610	Response	1	14522097	2870	1
10108024	611	Sound	59	14543482	747	1			260		other	0
10108024	611	Response	1	14545936	3202	1
10108024	612	Sound	54	14562981	1074	1			260		other	0
10108024	612	Response	1	14565375	3468	1
10108024	613	Sound	53	14588980	1064	1			260		other	0
10108024	613	Response	1	14591134	3219	1
10108024	614	Sound	58	14617479	1054	1			260		other	0
10108024	614	Response	1	14619773	3349	1
10108024	615	Response	1	14642092	160	1
10108024	615	Sound	54	14642978	1045	1			260		other	0
10108024	616	Sound	56	14661977	705	1			260		other	0
10108024	616	Response	1	14665451	4179	1
10108024	617	Sound	50	14680977	865	1			260		other	0
10108024	618	Sound	54	14705975	856	1			260		other	0
10108024	618	Response	1	14708010	2890	1
10108024	619	Sound	50	14732475	847	1			260		other	0
10108024	620	Sound	56	14762473	1003	1			260		other	0
10108024	620	Response	1	14765928	4457	1
10108024	621	Sound	52	14788972	826	1			260		other	0
10108024	621	Response	1	14791447	3301	1
10108024	622	Sound	52	14816971	816	1			260		other	0
10108024	623	Sound	60	14838971	642	1			260		other	0
10108024	623	Response	1	14841044	2716	1
10108024	624	Sound	58	14864470	966	1			260		other	0
10108024	624	Response	1	14867044	3541	1
10108024	625	Sound	60	14890969	790	1			260		other	0
10108024	625	Response	1	14892643	2464	1
10108024	626	Sound	52	14918468	947	1			260		other	0
10108024	626	Response	1	14924082	6561	1
10108024	627	Sound	53	14946467	603	1			260		other	0
10108024	627	Response	1	14949201	3338	1
10108024	628	Sound	53	14968466	596	1			260		other	0
10108024	628	Response	1	14971040	3170	1
10108024	629	Sound	59	14994465	753	1			260		other	0
10108024	629	Response	1	14996799	3087	1
10108024	630	Sound	51	15011964	914	1			260		other	0
10108024	630	Response	1	15015198	4147	1
10108024	631	Sound	55	15040963	570	1			260		other	0
10108024	631	Response	1	15044237	3843	1
10108024	632	Sound	57	15057963	564	1			260		other	0
10108024	632	Response	1	15061036	3637	1
10108024	633	Sound	60	15081962	889	1			260		other	0
10108024	633	Response	1	15083996	2923	1
10108024	634	Sound	60	15107961	1046	1			260		other	0
10108024	634	Response	1	15109515	2600	1
10108024	635	Sound	53	15130460	1038	1			260		other	0
10108024	635	Response	1	15132714	3292	1
10108024	636	Sound	57	15147459	1032	1			260		other	0
10108024	636	Response	1	15150393	3966	1
10108024	637	Sound	53	15168459	691	1			260		other	0
10108024	637	Response	1	15170712	2945	1
10108024	639	Response	1	15187752	2566	1
10108024	639	Response	255	15204551	19365	1
10108024	641	Sound	32	15284454	650	1			260		other	0
10108024	641	Response	1	15288228	4423	2
10108024	642	Sound	35	15301454	644	1			260		other	0
10108024	642	Response	1	15305507	4697	1
10108024	643	Sound	33	15323953	802	1			260		other	0
10108024	643	Response	1	15325587	2436	1
10108024	644	Sound	36	15347952	627	1			260		other	0
10108024	644	Response	1	15351106	3781	1
10108024	645	Sound	33	15370951	786	1			260		other	0
10108024	646	Sound	31	15389450	612	1			260		other	0
10108024	647	Sound	31	15411950	938	1			260		other	0
10108024	647	Response	1	15414943	3931	1
10108024	648	Sound	39	15428449	765	1			260		other	0
10108024	648	Response	1	15431263	3579	1
10108024	648	Response	1	15450062	22378	1
10108024	649	Sound	34	15450948	757	1			260		other	0
10108024	650	Sound	34	15476447	748	1			260		other	0
10108024	651	Sound	31	15496446	1074	1			260		other	0
10108024	651	Response	1	15498780	3408	1
10108024	652	Sound	35	15516946	900	1			260		other	0
10108024	652	Response	1	15521339	5294	1
10108024	653	Sound	40	15537445	1060	1			260		other	0
10108024	653	Response	1	15539018	2633	1
10108024	654	Sound	38	15555944	720	1			260		other	0
10108024	654	Response	1	15559098	3873	1
10108024	655	Sound	31	15580443	877	1			260		other	0
10108024	655	Response	1	15583097	3531	1
10108024	656	Sound	30	15600443	870	1			260		other	0
10108024	656	Response	1	15602776	3204	1
10108024	657	Sound	39	15625442	695	1			260		other	0
10108024	657	Response	1	15629415	4668	1
10108024	657	Response	1	15647334	22587	1
10108024	658	Sound	33	15653941	1018	1			260		other	0
10108024	659	Sound	34	15671440	1012	1			260		other	0
10108024	659	Response	1	15675333	4905	1
10108024	660	Sound	40	15692439	671	1			260		other	0
10108024	660	Response	1	15696932	5164	1
10108024	661	Sound	40	15711438	831	1			260		other	0
10108024	661	Response	1	15713332	2724	1
10108024	662	Sound	33	15738938	821	1			260		other	0
10108024	662	Response	1	15742131	4014	1
10108024	663	Sound	37	15766436	811	1			260		other	0
10108024	663	Response	1	15769490	3864	1
10108024	664	Sound	30	15788436	970	1			260		other	0
10108024	664	Response	1	15790449	2983	1
10108024	665	Sound	40	15816935	793	1			260		other	0
10108024	665	Response	1	15818848	2706	1
10108024	666	Sound	30	15839434	952	1			260		other	0
10108024	666	Response	1	15841567	3085	1
10108024	667	Sound	35	15856933	612	1			260		other	0
10108024	667	Response	1	15861166	4845	1
10108024	668	Sound	32	15873433	606	1			260		other	0
10108024	668	Response	1	15876526	3699	1
10108024	669	Sound	36	15889932	934	1			260		other	0
10108024	669	Response	1	15894845	5847	1
10108024	670	Sound	31	15915431	591	1			260		other	0
10108024	670	Response	1	15918844	4004	1
10108024	671	Sound	36	15936430	584	1			260		other	0
10108024	671	Response	1	15939643	3797	2
10108024	672	Sound	38	15954930	911	1			260		other	0
10108024	672	Response	1	15956683	2664	1
10108024	673	Sound	32	15973929	570	1			260		other	0
10108024	674	Sound	32	16002428	1060	1			260		other	0
10108024	674	Response	1	16005161	3793	1
10108024	675	Sound	35	16024427	719	1			260		other	0
10108024	675	Response	1	16027640	3932	1
10108024	676	Sound	38	16048926	710	1			260		other	0
10108024	676	Response	1	16051479	3263	1
10108024	677	Sound	30	16066425	704	1			260		other	0
10108024	678	Sound	36	16088425	863	1			260		other	0
10108024	678	Response	1	16090757	3196	1
10108024	679	Sound	33	16111924	688	1			260		other	0
10108024	679	Response	1	16115237	4001	1
10108024	680	Sound	38	16128923	1015	1			260		other	0
10108024	680	Response	1	16132756	4848	1
10108024	681	Sound	35	16147423	1009	1			260		other	0
10108024	681	Response	1	16151075	4661	1
10108024	682	Sound	37	16168922	1001	1			260		other	0
10108024	682	Response	1	16171154	3234	1
10108024	683	Sound	34	16189421	827	1			260		other	0
10108024	683	Response	1	16191234	2640	1
10108024	684	Sound	39	16216420	985	1			260		other	0
10108024	684	Response	1	16218833	3397	1
10108024	685	Sound	36	16236919	977	1			260		other	0
10108024	685	Response	1	16240432	4490	1
10108024	686	Sound	40	16262918	801	1			260		other	0
10108024	686	Response	1	16264911	2794	1
10108024	687	Sound	34	16289417	958	1			260		other	0
10108024	687	Response	1	16291310	2851	1
10108024	688	Sound	39	16308416	618	1			260		other	0
10108024	688	Response	1	16311629	3830	1
10108024	689	Sound	37	16325416	945	1			260		other	0
10108024	689	Response	1	16328028	3558	1
10108024	690	Sound	37	16346915	938	1			260		other	0
10108024	690	Response	1	16349228	3250	1
10108024	691	Sound	38	16363415	598	1			260		other	0
10108024	691	Response	1	16366267	3451	1
10108024	692	Sound	30	16383914	758	1			260		other	0
10108024	693	Sound	39	16405413	583	1			260		other	0
10108024	693	Response	1	16408665	3836	1
10108024	694	Sound	37	16429412	1075	1			260		other	0
10108024	694	Response	1	16433945	5607	1
10108024	695	Sound	32	16456411	732	1			260		other	0
10108024	695	Response	1	16458663	2984	1
10108024	697	Response	255	16482023	9425	1
10108024	699	Sound	32	16556907	863	1			260		other	0
10108024	699	Response	1	16560660	4615	1
10108024	700	Sound	32	16575407	856	1			260		other	0
10108024	700	Response	1	16578579	4029	1
10108024	701	Sound	37	16594906	1016	1			260		other	0
10108024	701	Response	1	16597138	3248	1
10108024	702	Sound	30	16612905	843	1			260		other	0
10108024	703	Sound	36	16632905	669	1			260		other	0
10108024	703	Response	1	16636897	4661	1
10108024	704	Sound	34	16654404	828	1			260		other	0
10108024	704	Response	1	16658496	4920	1
10108024	705	Sound	33	16682903	818	1			260		other	0
10108024	705	Response	1	16685615	3530	1
10108024	706	Sound	39	16701402	978	1			260		other	0
10108024	706	Response	1	16704414	3990	1
10108024	707	Sound	33	16723401	803	1			260		other	0
10108024	707	Response	1	16726254	3656	1
10108024	708	Sound	39	16746400	962	1			260		other	0
10108024	708	Response	1	16749213	3774	1
10108024	709	Sound	40	16771399	953	1			260		other	0
10108024	709	Response	1	16773212	2765	1
10108024	710	Sound	39	16791399	946	1			260		other	0
10108024	710	Response	1	16793931	3478	1
10108024	711	Sound	31	16816898	770	1			260		other	0
10108024	711	Response	1	16819530	3402	1
10108024	712	Sound	30	16838397	596	1			260		other	0
10108024	712	Response	1	16841369	3568	1
10108024	712	Response	1	16863608	25807	1
10108024	713	Sound	36	16866396	586	1			260		other	0
10108024	714	Sound	30	16891395	910	1			260		other	0
10108024	714	Response	1	16893767	3282	1
10108024	715	Sound	36	16919894	900	1			260		other	0
10108024	715	Response	1	16922006	3012	1
10108024	716	Sound	38	16944393	724	1			260		other	0
10108024	716	Response	1	16947125	3457	1
10108024	717	Sound	30	16968392	1049	1			260		other	0
10108024	717	Response	1	16971764	4421	1
10108024	718	Sound	40	16993391	874	1			260		other	0
10108024	718	Response	1	16995123	2606	1
10108024	719	Sound	35	17015390	866	1			260		other	0
10108024	719	Response	1	17019202	4678	1
10108024	720	Sound	37	17038890	858	1			260		other	0
10108024	720	Response	1	17043201	5169	1
10108024	721	Sound	35	17058889	1017	1			260		other	0
10108024	722	Sound	37	17080388	1009	1			260		other	0
10108024	722	Response	1	17083840	4461	1
10108024	723	Sound	38	17099387	1003	1			260		other	0
10108024	723	Response	1	17103279	4894	1
10108024	724	Sound	35	17123387	828	1			260		other	0
10108024	724	Response	1	17126398	3839	1
10108024	725	Sound	34	17146886	819	1			260		other	0
10108024	725	Response	1	17150717	4651	1
10108024	726	Sound	39	17167885	645	1			260		other	0
10108024	726	Response	1	17171037	3797	1
10108024	727	Sound	32	17191384	970	1			260		other	0
10108024	727	Response	1	17195676	5262	1
10108024	728	Sound	32	17216883	961	1			260		other	0
10108024	728	Response	1	17219035	3113	1
10108024	729	Sound	36	17234882	621	1			260		other	0
10108024	729	Response	1	17237834	3573	1
10108024	730	Sound	32	17257382	946	1			260		other	0
10108024	730	Response	1	17260793	4358	1
10108024	731	Sound	34	17274881	773	1			260		other	0
10108024	731	Response	1	17278233	4125	1
10108024	732	Sound	34	17296380	599	1			260		other	0
10108024	732	Response	1	17300072	4290	1
10108024	733	Sound	40	17317379	758	1			260		other	0
10108024	733	Response	1	17318871	2250	1
10108024	734	Sound	30	17342378	749	1			260		other	0
10108024	734	Response	1	17344630	3001	1
10108024	735	Sound	31	17361878	909	1			260		other	0
10108024	735	Response	1	17364549	3581	1
10108024	736	Sound	38	17380377	736	1			260		other	0
10108024	736	Response	1	17383109	3467	1
10108024	737	Sound	39	17397876	896	1			260		other	0
10108024	737	Response	1	17400548	3567	1
10108024	738	Sound	35	17426375	1053	1			260		other	0
10108024	739	Sound	31	17445375	879	1			260		other	0
10108024	740	Sound	40	17465374	705	1			260		other	0
10108024	740	Response	1	17467185	2517	1
10108024	741	Sound	35	17493373	1029	1			260		other	0
10108024	741	Response	1	17497824	5480	1
10108024	742	Sound	37	17511872	689	1			260		other	0
10108024	742	Response	1	17515024	3840	1
10108024	743	Sound	33	17541871	1012	1			260		other	0
10108024	743	Response	1	17544943	4083	1
10108024	744	Sound	34	17564370	1003	1			260		other	0
10108024	744	Response	1	17567022	3655	1
10108024	745	Sound	36	17586869	662	1			260		other	0
10108024	745	Response	1	17591101	4893	1
10108024	746	Sound	31	17610369	987	1			260		other	0
10108024	746	Response	1	17613100	3718	1
10108024	747	Sound	38	17629868	647	1			260		other	0
10108024	747	Response	1	17633659	4438	1
10108024	748	Sound	37	17657867	803	1			260		other	0
10108024	748	Response	1	17660938	3874	1
10108024	749	Sound	33	17675366	797	1			260		other	0
10108024	749	Response	1	17679738	5169	1
10108024	750	Sound	33	17696865	956	1			260		other	0
10108024	750	Response	1	17699177	3268	1
10108024	751	Sound	38	17718865	949	1			260		other	0
10108024	751	Response	1	17721256	3340	1
10108024	752	Sound	31	17747864	605	1			260		other	0
10108024	753	Sound	40	17764863	765	1			260		other	0
10108024	753	Response	1	17766934	2836	1
10108024	755	Response	255	17800533	12848	1
10108024	757	Sound	58	17880359	891	1			260		other	0
10108024	757	Response	1	17882930	3462	1
10108024	758	Sound	57	17906358	1048	1			260		other	0
10108024	758	Response	1	17909089	3779	1
10108024	759	Sound	60	17929857	706	1			260		other	0
10108024	759	Response	1	17931648	2497	1
10108024	760	Sound	53	17949856	866	1			260		other	0
10108024	760	Response	1	17953727	4737	1
10108024	761	Sound	51	17969855	692	1			260		other	0
10108024	761	Response	1	17974686	5523	1
10108024	762	Sound	54	17994354	683	1			260		other	0
10108024	763	Sound	56	18018854	1008	1			260		other	0
10108024	763	Response	1	18021404	3559	1
10108024	764	Sound	55	18035353	1002	1			260		other	0
10108024	764	Response	1	18037564	3213	1
10108024	765	Sound	56	18062352	659	1			260		other	0
10108024	765	Response	1	18064843	3150	1
10108024	766	Sound	56	18090351	983	1			260		other	0
10108024	766	Response	1	18093242	3874	1
10108024	767	Sound	52	18112350	808	1			260		other	0
10108024	767	Response	1	18116201	4659	1
10108024	768	Sound	51	18141349	964	1			260		other	0
10108024	768	Response	1	18145240	4855	1
10108024	769	Sound	59	18163348	957	1			260		other	0
10108024	769	Response	1	18167319	4927	1
10108024	770	Sound	55	18186347	615	1			260		other	0
10108024	770	Response	1	18189157	3424	3
10108024	771	Sound	50	18205347	608	1			260		other	0
10108024	771	Response	1	18225877	21138	1
10108024	772	Sound	54	18232846	598	1			260		other	0
10108024	772	Response	1	18240756	8509	1
10108024	773	Sound	52	18254345	757	1			260		other	0
10108024	773	Response	1	18256916	3328	1
10108024	774	Sound	60	18276844	583	1			260		other	0
10108024	774	Response	1	18278995	2733	1
10108024	775	Sound	57	18295343	743	1			260		other	0
10108024	775	Response	1	18298434	3833	1
10108024	776	Sound	58	18312343	1070	1			260		other	0
10108024	776	Response	1	18314993	3721	1
10108024	777	Sound	51	18331342	1063	1			260		other	0
10108024	777	Response	1	18335553	5274	1
10108024	778	Sound	60	18355841	1055	1			260		other	0
10108024	778	Response	1	18357392	2605	1
10108024	779	Sound	50	18384840	1044	1			260		other	0
10108024	780	Sound	54	18408339	869	1			260		other	0
10108024	780	Response	1	18411150	3680	1
10108024	781	Sound	51	18434338	693	1			260		other	0
10108024	781	Response	1	18436669	3024	1
10108024	782	Sound	55	18456837	1019	1			260		other	0
10108024	782	Response	1	18459388	3570	1
10108024	783	Sound	59	18481337	1010	1			260		other	0
10108024	783	Response	1	18483627	3300	1
10108024	784	Sound	59	18498336	671	1			260		other	0
10108024	784	Response	1	18501146	3481	1
10108024	785	Sound	53	18524835	994	1			260		other	0
10108024	785	Response	1	18527545	3705	1
10108024	786	Sound	50	18553334	984	1			260		other	0
10108024	787	Sound	60	18569833	812	1			260		other	0
10108024	787	Response	1	18571864	2842	1
10108024	788	Sound	52	18590832	804	1			260		other	0
10108024	788	Response	1	18595703	5674	1
10108024	789	Sound	57	18613832	629	1			260		other	0
10108024	789	Response	1	18617142	3940	1
10108024	790	Sound	59	18635331	622	1			260		other	0
10108024	790	Response	1	18638261	3552	1
10108024	791	Sound	58	18661330	779	1			260		other	0
10108024	791	Response	1	18663860	3309	1
10108024	792	Sound	54	18687329	603	1			260		other	0
10108024	792	Response	1	18691139	4413	1
10108024	793	Sound	55	18716828	926	1			260		other	0
10108024	793	Response	1	18719538	3636	1
10108024	794	Sound	57	18740827	751	1			260		other	0
10108024	794	Response	1	18743617	3541	1
10108024	795	Sound	50	18762326	743	1			260		other	0
10108024	795	Response	1	18765216	3633	1
10108024	796	Sound	52	18785825	901	1			260		other	0
10108024	796	Response	1	18788335	3411	1
10108024	797	Sound	53	18811324	892	1			260		other	0
10108024	797	Response	1	18813934	3502	1
10108024	798	Sound	57	18833323	1051	1			260		other	0
10108024	798	Response	1	18835374	3101	1
10108024	799	Sound	59	18853823	877	1			260		other	0
10108024	799	Response	1	18855853	2907	1
10108024	800	Sound	58	18882822	700	1			260		other	0
10108024	800	Response	1	18886252	4130	1
10108024	801	Sound	53	18899321	861	1			260		other	0
10108024	801	Response	1	18903531	5071	1
10108024	802	Sound	55	18921320	686	1			260		other	0
10108024	802	Response	1	18925770	5136	1
10108024	803	Sound	53	18947319	844	1			260		other	0
10108024	803	Response	1	18950249	3774	1
10108024	804	Sound	54	18976318	1000	1			260		other	0
10108024	804	Response	1	18980168	4850	1
10108024	805	Sound	52	18996817	993	1			260		other	0
10108024	805	Response	1	18999367	3543	1
10108024	806	Sound	56	19022817	983	1			260		other	0
10108024	806	Response	1	19024966	3133	1
10108024	807	Sound	56	19040316	810	1			260		other	0
10108024	807	Response	1	19042886	3381	1
10108024	808	Sound	50	19060815	970	1			260		other	0
10108024	808	Response	1	19063365	3520	1
10108024	809	Sound	51	19079314	797	1			260		other	0
10108024	809	Response	1	19082164	3646	1
10108024	810	Sound	58	19105814	954	1			260		other	0
10108024	810	Response	1	19107923	3064	1
10108024	811	Sound	60	19126313	780	1			260		other	0
10108024	811	Response	1	19128082	2549	1
10108024	813	Response	1	19155602	2813	1
10108024	813	Response	255	19164081	11293	1
10108024	815	Sound	34	19237309	907	1			260		other	0
10108024	815	Response	1	19240558	4157	1
10108024	816	Sound	30	19259308	1066	1			260		other	0
10108024	816	Response	1	19262397	4155	1
10108024	817	Sound	32	19283807	724	1			260		other	0
10108024	817	Response	1	19286637	3553	1
10108024	818	Sound	40	19310306	714	1			260		other	0
10108024	818	Response	1	19312636	3044	1
10108024	819	Sound	31	19335305	705	1			260		other	0
10108024	820	Sound	31	19357304	864	1			260		other	0
10108024	820	Response	1	19357673	1233	1
10108024	821	Sound	34	19379803	689	1			260		other	0
10108024	822	Sound	36	19402803	681	1			260		other	0
10108024	822	Response	1	19406552	4431	1
10108024	823	Sound	39	19424302	1007	1			260		other	0
10108024	823	Response	1	19427351	4056	1
10108024	824	Sound	37	19444801	833	1			260		other	0
10108024	824	Response	1	19447190	3222	1
10108024	825	Sound	38	19463300	826	1			260		other	0
10108024	825	Response	1	19466230	3756	1
10108024	826	Sound	35	19482800	986	1			260		other	0
10108024	826	Response	1	19485189	3376	1
10108024	827	Sound	39	19509299	643	1			260		other	0
10108024	827	Response	1	19512548	3893	1
10108024	828	Sound	38	19535298	801	1			260		other	0
10108024	828	Response	1	19537667	3170	1
10108024	829	Sound	36	19557297	959	1			260		other	0
10108024	829	Response	1	19559506	3169	1
10108024	830	Sound	30	19585296	950	1			260		other	0
10108024	830	Response	1	19587665	3318	1
10108024	831	Sound	35	19609795	774	1			260		other	0
10108024	831	Response	1	19612144	3123	1
10108024	832	Sound	33	19637794	931	1			260		other	0
10108024	832	Response	1	19642303	5440	1
10108024	833	Sound	38	19660293	923	1			260		other	0
10108024	833	Response	1	19662782	3412	1
10108024	834	Sound	32	19678792	583	1			260		other	0
10108024	834	Response	1	19683102	4892	1
10108024	835	Sound	34	19698792	576	1			260		other	0
10108024	835	Response	1	19701501	3285	1
10108024	836	Sound	31	19717791	736	1			260		other	0
10108024	836	Response	1	19720220	3165	1
10108024	837	Sound	31	19739290	895	1			260		other	0
10108024	837	Response	1	19741419	3024	1
10108024	838	Sound	34	19755790	889	1			260		other	0
10108024	838	Response	1	19758299	3398	1
10108024	839	Sound	36	19777289	881	1			260		other	0
10108024	839	Response	1	19779418	3010	1
10108024	840	Sound	35	19800788	706	1			260		other	0
10108024	840	Response	1	19804137	4055	1
10108024	841	Sound	38	19821287	699	1			260		other	0
10108024	841	Response	1	19824456	3867	1
10108024	842	Sound	39	19849786	855	1			260		other	0
10108024	842	Response	1	19852455	3524	1
10108024	843	Sound	40	19869785	681	1			260		other	0
10108024	843	Response	1	19871654	2550	1
10108024	844	Sound	33	19890285	1007	1			260		other	0
10108024	844	Response	1	19892374	3096	1
10108024	845	Sound	35	19916784	998	1			260		other	0
10108024	845	Response	1	19919732	3947	1
10108024	846	Sound	34	19935283	658	1			260		other	0
10108024	847	Sound	36	19960782	816	1			260		other	0
10108024	847	Response	1	19963571	3605	1
10108024	848	Sound	35	19985281	807	1			260		other	0
10108024	848	Response	1	19988290	3816	1
10108024	849	Sound	30	20012780	964	1			260		other	0
10108024	849	Response	1	20013409	1593	1
10108024	850	Sound	32	20034279	623	1			260		other	0
10108024	850	Response	1	20037648	3992	1
10108024	851	Sound	32	20059778	947	1			260		other	0
10108024	851	Response	1	20064127	5296	1
10108024	852	Sound	40	20086277	771	1			260		other	0
10108024	852	Response	1	20088366	2860	1
10108024	853	Sound	31	20109277	596	1			260		other	0
10108024	853	Response	1	20114765	6085	1
10108024	854	Sound	37	20131776	755	1			260		other	0
10108024	854	Response	1	20136604	5583	1
10108024	855	Sound	37	20152275	581	1			260		other	0
10108024	855	Response	1	20156043	4349	1
10108024	856	Sound	33	20172274	573	1			260		other	0
10108024	856	Response	1	20175083	3382	1
10108024	857	Sound	39	20201773	1063	1			260		other	0
10108024	857	Response	1	20205881	5171	1
10108024	858	Sound	30	20227272	1054	1			260		other	0
10108024	859	Sound	39	20252771	878	1			260		other	0
10108024	859	Response	1	20255640	3747	1
10108024	860	Sound	38	20280770	1035	1			260		other	0
10108024	860	Response	1	20283159	3423	1
10108024	861	Sound	36	20299770	1028	1			260		other	0
10108024	861	Response	1	20302438	3697	1
10108024	862	Sound	32	20321269	1020	1			260		other	0
10108024	862	Response	1	20324917	4669	1
10108024	863	Sound	37	20344768	679	1			260		other	0
10108024	863	Response	1	20347396	3307	1
10108024	864	Sound	30	20372267	1002	1			260		other	0
10108024	864	Response	1	20374755	3491	1
10108024	865	Sound	33	20396266	994	1			260		other	0
10108024	865	Response	1	20398274	3002	1
10108024	866	Sound	40	20425765	983	1			260		other	0
10108024	866	Response	1	20427553	2772	1
10108024	867	Sound	40	20446264	809	1			260		other	0
10108024	867	Response	1	20448113	2658	1
10108024	868	Sound	37	20465763	635	1			260		other	0
10108024	868	Response	1	20469952	4824	1
10108024	869	Sound	33	20493762	792	1			260		other	0
10108024	869	Response	1	20496430	3460	1
10108024	871	Response	1	20517150	3072	1

The following output port codes were not sent because of a conflict on the port.
Port	Code	Time(ms)
1	253	57000.5
1	253	190124
1	253	325407
1	253	462458
1	253	591085
1	253	724512
1	253	851730
1	253	990029
1	253	1.11963e+06
1	253	1.24996e+06
1	253	1.3815e+06
1	253	1.52046e+06
1	253	1.64821e+06
1	253	1.78006e+06
1	253	1.91641e+06
1	253	2.05141e+06
