Scenario - 
Logfile written - 11/07/2018 21:15:55

Subject	Trial	Event Type	Code	Time	TTime	Uncertainty	Duration	Uncertainty	ReqTime	ReqDur	Stim Type	Pair Index

10108011_1	1	Response	255	1463056	1462556	1
10108011_1	3	Sound	13	1535684	584	1			260		other	0
10108011_1	4	Sound	11	1559384	442	1			260		other	0
10108011_1	5	Sound	14	1576483	536	1			260		other	0
10108011_1	6	Sound	14	1601083	627	1			260		other	0
10108011_1	7	Sound	10	1620582	620	1			260		other	0
10108011_1	8	Sound	12	1644282	645	1			260		other	0
10108011_1	9	Sound	15	1667681	370	1			260		other	0
10108011_1	10	Sound	13	1693781	461	1			260		other	0
10108011_1	11	Sound	18	1716880	552	1			260		other	0
10108011_1	12	Sound	18	1739080	578	1			260		other	0
10108011_1	13	Sound	16	1759779	437	1			260		other	0
10108011_1	14	Sound	20	1788579	393	1			260		other	0
10108011_1	14	Response	1	1792088	3903	1
10108011_1	15	Sound	20	1816478	617	1			260		other	0
10108011_1	15	Response	1	1820887	5026	1
10108011_1	16	Sound	20	1833278	411	1			260		other	0
10108011_1	16	Response	1	1836007	3140	1
10108011_1	17	Sound	16	1858177	469	1			260		other	0
10108011_1	18	Sound	15	1878877	495	1			260		other	0
10108011_1	18	Response	1	1887526	9144	1
10108011_1	19	Sound	17	1901976	420	1			260		other	0
10108011_1	20	Sound	14	1925976	411	1			260		other	0
10108011_1	20	Response	1	1929285	3720	1
10108011_1	21	Sound	16	1945175	604	1			260		other	0
10108011_1	21	Response	1	1949124	4553	1
10108011_1	22	Sound	14	1964075	498	1			260		other	0
10108011_1	22	Response	1	1980564	16986	1
10108011_1	23	Sound	15	1983574	491	1			260		other	0
10108011_1	23	Response	1	1988003	4920	1
10108011_1	24	Sound	18	2000374	618	1			260		other	0
10108011_1	24	Response	1	2003763	4007	1
10108011_1	25	Sound	15	2016574	479	1			260		other	0
10108011_1	25	Response	1	2020802	4708	1
10108011_1	26	Sound	10	2037573	471	1			260		other	0
10108011_1	27	Sound	13	2062773	663	1			260		other	0
10108011_1	28	Sound	18	2079872	423	1			260		other	0
10108011_1	28	Response	1	2084321	4872	1
10108011_1	29	Sound	16	2108072	613	1			260		other	0
10108011_1	29	Response	1	2111441	3982	1
10108011_1	30	Sound	19	2136571	603	1			260		other	0
10108011_1	30	Response	1	2140080	4111	1
10108011_1	31	Sound	20	2162071	594	1			260		other	0
10108011_1	31	Response	1	2164719	3242	1
10108011_1	32	Sound	17	2187270	618	1			260		other	0
10108011_1	32	Response	1	2192079	5427	1
10108011_1	33	Sound	16	2207070	411	1			260		other	0
10108011_1	33	Response	1	2214558	7900	1
10108011_1	34	Sound	17	2225069	571	1			260		other	0
10108011_1	34	Response	1	2230238	5740	1
10108011_1	35	Sound	17	2244569	397	1			260		other	0
10108011_1	35	Response	1	2248637	4466	1
10108011_1	36	Sound	10	2260168	492	1			260		other	0
10108011_1	37	Sound	14	2277568	386	1			260		other	0
10108011_1	37	Response	1	2282477	5294	1
10108011_1	38	Sound	11	2297368	512	1			260		other	0
10108011_1	38	Response	1	2301276	4421	1
10108011_1	39	Sound	12	2313267	573	1			260		other	0
10108011_1	40	Sound	12	2339967	597	1			260		other	0
10108011_1	41	Sound	20	2356766	391	1			260		other	0
10108011_1	41	Response	1	2359595	3219	1
10108011_1	42	Sound	19	2381366	649	1			260		other	0
10108011_1	42	Response	1	2384954	4237	1
10108011_1	43	Sound	10	2400865	475	1			260		other	0
10108011_1	44	Sound	12	2425465	566	1			260		other	0
10108011_1	44	Response	1	2432313	7415	1
10108011_1	45	Sound	11	2449164	425	1			260		other	0
10108011_1	46	Sound	15	2477064	481	1			260		other	0
10108011_1	47	Sound	13	2504063	639	1			260		other	0
10108011_1	48	Sound	12	2522963	532	1			260		other	0
10108011_1	49	Sound	19	2539162	559	1			260		other	0
10108011_1	49	Response	1	2542630	4027	1
10108011_1	50	Sound	11	2561662	384	1			260		other	0
10108011_1	51	Sound	19	2584161	543	1			260		other	0
10108011_1	51	Response	1	2590309	6691	1
10108011_1	52	Sound	10	2602461	670	1			260		other	0
10108011_1	53	Sound	17	2621061	597	1			260		other	0
10108011_1	54	Sound	11	2640560	423	1			260		other	0
10108011_1	55	Sound	19	2657960	484	1			260		other	0
10108011_1	55	Response	1	2662628	5151	1
10108011_1	56	Sound	13	2681359	542	1			260		other	0
10108011_1	56	Response	1	2684867	4050	1
10108011_1	57	Sound	18	2707159	666	1			260		other	0
10108011_1	57	Response	1	2710467	3974	1
10108011_1	59	Response	255	2738866	14287	1
10108011_1	61	Sound	37	2812757	563	1			260		other	0
10108011_1	62	Sound	35	2830756	555	1			260		other	0
10108011_1	63	Sound	35	2858956	412	1			260		other	0
10108011_1	64	Sound	35	2879955	404	1			260		other	0
10108011_1	65	Sound	36	2905155	596	1			260		other	0
10108011_1	66	Sound	32	2924954	388	1			260		other	0
10108011_1	67	Sound	38	2951954	379	1			260		other	0
10108011_1	68	Sound	40	2972053	638	1			260		other	0
10108011_1	68	Response	1	2975660	4246	1
10108011_1	69	Sound	38	2994853	430	1			260		other	0
10108011_1	70	Sound	35	3023052	620	1			260		other	0
10108011_1	71	Sound	40	3043452	513	1			260		other	0
10108011_1	71	Response	1	3046619	3680	1
10108011_1	72	Sound	40	3070451	670	1			260		other	0
10108011_1	72	Response	1	3073738	3957	1
10108011_1	73	Sound	39	3092951	662	1			260		other	0
10108011_1	73	Response	1	3101657	9369	1
10108011_1	74	Sound	34	3114250	454	1			260		other	0
10108011_1	75	Sound	38	3137649	513	1			260		other	0
10108011_1	75	Response	1	3145176	8039	1
10108011_1	76	Sound	38	3164649	503	1			260		other	0
10108011_1	77	Sound	31	3193148	493	1			260		other	0
10108011_1	78	Sound	37	3220148	650	1			260		other	0
10108011_1	79	Sound	31	3248947	607	1			260		other	0
10108011_1	80	Sound	36	3273547	531	1			260		other	0
10108011_1	81	Sound	34	3298746	388	1			260		other	0
10108011_1	81	Response	1	3304132	5775	1
10108011_1	82	Sound	31	3325445	412	1			260		other	0
10108011_1	82	Response	1	3331012	5979	1
10108011_1	83	Sound	34	3351545	670	1			260		other	0
10108011_1	84	Sound	35	3372244	529	1			260		other	0
10108011_1	85	Sound	34	3393544	655	1			260		other	0
10108011_1	86	Sound	31	3413344	448	1			260		other	0
10108011_1	87	Sound	36	3429843	609	1			260		other	0
10108011_1	88	Sound	36	3450843	434	1			260		other	0
10108011_1	89	Sound	33	3472742	660	1			260		other	0
10108011_1	90	Sound	33	3501242	484	1			260		other	0
10108011_1	91	Sound	39	3521941	509	1			260		other	0
10108011_1	91	Response	1	3528287	6855	1
10108011_1	92	Sound	39	3542341	402	1			260		other	0
10108011_1	92	Response	1	3548607	6668	1
10108011_1	93	Sound	34	3561540	428	1			260		other	0
10108011_1	94	Sound	30	3588840	552	1			260		other	0
10108011_1	95	Sound	32	3607439	478	1			260		other	0
10108011_1	96	Sound	30	3633539	402	1			260		other	0
10108011_1	97	Sound	37	3657538	561	1			260		other	0
10108011_1	98	Sound	33	3683638	485	1			260		other	0
10108011_1	99	Sound	38	3701937	612	1			260		other	0
10108011_1	99	Response	1	3707003	5678	1
10108011_1	100	Sound	37	3721737	404	1			260		other	0
10108011_1	101	Sound	30	3742136	630	1			260		other	0
10108011_1	102	Sound	30	3771236	553	1			260		other	0
10108011_1	103	Sound	33	3797935	410	1			260		other	0
10108011_1	104	Sound	30	3815335	638	1			260		other	0
10108011_1	105	Sound	36	3835435	397	1			260		other	0
10108011_1	106	Sound	37	3854334	624	1			260		other	0
10108011_1	107	Sound	39	3874134	583	1			260		other	0
10108011_1	107	Response	1	3880199	6649	1
10108011_1	108	Sound	32	3899333	608	1			260		other	0
10108011_1	109	Sound	32	3917333	435	1			260		other	0
10108011_1	110	Sound	39	3935632	561	1			260		other	0
10108011_1	110	Response	1	3941398	6327	1
10108011_1	111	Sound	33	3956632	554	1			260		other	0
10108011_1	112	Sound	32	3978831	579	1			260		other	0
10108011_1	113	Sound	40	3999231	472	1			260		other	0
10108011_1	113	Response	1	4002996	4237	1
10108011_1	114	Sound	40	4018731	632	1			260		other	0
10108011_1	114	Response	1	4022435	4337	1
10108011_1	115	Sound	31	4042430	490	1			260		other	0
10108011_1	117	Response	255	4080754	12059	1
10108011_1	119	Sound	35	4156728	416	1			260		other	0
10108011_1	119	Response	1	4163313	7001	1
10108011_1	120	Sound	38	4182227	573	1			260		other	0
10108011_1	120	Response	1	4187552	5898	1
10108011_1	121	Sound	30	4207127	631	1			260		other	0
10108011_1	122	Sound	39	4233526	522	1			260		other	0
10108011_1	122	Response	1	4243471	10467	1
10108011_1	123	Sound	37	4255125	447	1			260		other	0
10108011_1	123	Response	1	4261230	6552	1
10108011_1	124	Sound	34	4279725	539	1			260		other	0
10108011_1	125	Sound	39	4305824	463	1			260		other	0
10108011_1	126	Sound	32	4325624	589	1			260		other	0
10108011_1	127	Sound	36	4354123	579	1			260		other	0
10108011_1	128	Sound	33	4375723	504	1			260		other	0
10108011_1	129	Sound	40	4393723	498	1			260		other	0
10108011_1	129	Response	1	4397547	4323	1
10108011_1	130	Sound	37	4415622	557	1			260		other	0
10108011_1	131	Sound	33	4439022	449	1			260		other	0
10108011_1	132	Sound	40	4460021	441	1			260		other	0
10108011_1	132	Response	1	4463065	3485	1
10108011_1	133	Sound	40	4479521	601	1			260		other	0
10108011_1	133	Response	1	4482905	3985	1
10108011_1	134	Sound	33	4505020	425	1			260		other	0
10108011_1	135	Sound	34	4522420	652	1			260		other	0
10108011_1	136	Sound	31	4542819	546	1			260		other	0
10108011_1	137	Sound	33	4568919	470	1			260		other	0
10108011_1	138	Sound	35	4596218	593	1			260		other	0
10108011_1	139	Sound	38	4617518	552	1			260		other	0
10108011_1	140	Sound	37	4641517	376	1			260		other	0
10108011_1	141	Sound	30	4666417	601	1			260		other	0
10108011_1	142	Sound	36	4684416	428	1			260		other	0
10108011_1	143	Sound	32	4709916	419	1			260		other	0
10108011_1	144	Sound	32	4730015	511	1			260		other	0
10108011_1	145	Sound	37	4748015	505	1			260		other	0
10108011_1	146	Sound	38	4764815	633	1			260		other	0
10108011_1	147	Sound	36	4783414	559	1			260		other	0
10108011_1	148	Sound	31	4805914	551	1			260		other	0
10108011_1	149	Sound	30	4823013	478	1			260		other	0
10108011_1	150	Sound	31	4844913	537	1			260		other	0
10108011_1	151	Sound	34	4872212	661	1			260		other	0
10108011_1	152	Sound	35	4889912	521	1			260		other	0
10108011_1	153	Sound	35	4912411	513	1			260		other	0
10108011_1	154	Sound	31	4939711	637	1			260		other	0
10108011_1	155	Sound	39	4957710	464	1			260		other	0
10108011_1	156	Sound	30	4984710	454	1			260		other	0
10108011_1	157	Sound	32	5006909	646	1			260		other	0
10108011_1	158	Sound	39	5030909	471	1			260		other	0
10108011_1	159	Sound	35	5059408	461	1			260		other	0
10108011_1	160	Sound	40	5077408	621	1			260		other	0
10108011_1	160	Response	1	5080571	3784	1
10108011_1	161	Sound	37	5093608	482	1			260		other	0
10108011_1	161	Response	1	5100490	7365	1
10108011_1	162	Sound	31	5114907	441	1			260		other	0
10108011_1	163	Sound	32	5135907	433	1			260		other	0
10108011_1	164	Sound	38	5157806	492	1			260		other	0
10108011_1	165	Sound	36	5185706	382	1			260		other	0
10108011_1	165	Response	1	5194168	8845	1
10108011_1	166	Sound	33	5210305	640	1			260		other	0
10108011_1	167	Sound	40	5228905	400	1			260		other	0
10108011_1	167	Response	1	5232168	3663	1
10108011_1	168	Sound	38	5248704	527	1			260		other	0
10108011_1	169	Sound	30	5270304	619	1			260		other	0
10108011_1	170	Sound	36	5294303	610	1			260		other	0
10108011_1	170	Response	1	5299285	5592	3
10108011_1	171	Sound	34	5318303	602	1			260		other	0
10108011_1	172	Sound	39	5344702	492	1			260		other	0
10108011_1	172	Response	1	5351285	7075	1
10108011_1	173	Sound	34	5361202	487	1			260		other	0
10108011_1	175	Response	255	5393604	15803	1
10108011_1	177	Sound	30	5462600	517	1			260		other	0
10108011_1	178	Sound	39	5481799	377	1			260		other	0
10108011_1	178	Response	1	5486721	5299	1
10108011_1	179	Sound	33	5506399	468	1			260		other	0
10108011_1	180	Sound	34	5534898	458	1			260		other	0
10108011_1	181	Sound	33	5552598	485	1			260		other	0
10108011_1	182	Sound	33	5578697	576	1			260		other	0
10108011_1	183	Sound	30	5603897	433	1			260		other	0
10108011_1	184	Sound	31	5620396	594	1			260		other	0
10108011_1	185	Sound	39	5647396	418	1			260		other	0
10108011_1	185	Response	1	5653118	6140	1
10108011_1	186	Sound	36	5667495	510	1			260		other	0
10108011_1	187	Sound	38	5695395	567	1			260		other	0
10108011_1	187	Response	1	5703596	8769	1
10108011_1	188	Sound	32	5722994	491	1			260		other	0
10108011_1	189	Sound	36	5743994	483	1			260		other	0
10108011_1	189	Response	1	5752955	9445	1
10108011_1	190	Sound	31	5759893	378	1			260		other	0
10108011_1	191	Sound	35	5787793	601	1			260		other	0
10108011_1	192	Sound	37	5813592	558	1			260		other	0
10108011_1	193	Sound	36	5839691	483	1			260		other	0
10108011_1	194	Sound	34	5866391	506	1			260		other	0
10108011_1	195	Sound	30	5888590	365	1			260		other	0
10108011_1	196	Sound	37	5911690	457	1			260		other	0
10108011_1	197	Sound	33	5936889	481	1			260		other	0
10108011_1	198	Sound	35	5961489	572	1			260		other	0
10108011_1	199	Sound	37	5983988	398	1			260		other	0
10108011_1	200	Sound	38	6007688	423	1			260		other	0
10108011_1	201	Sound	37	6035287	513	1			260		other	0
10108011_1	202	Sound	34	6059887	604	1			260		other	0
10108011_1	203	Sound	40	6087186	394	1			260		other	0
10108011_1	203	Response	1	6091587	4795	1
10108011_1	204	Sound	30	6106986	520	1			260		other	0
10108011_1	205	Sound	39	6132785	478	1			260		other	0
10108011_1	205	Response	1	6137906	5599	1
10108011_1	206	Sound	40	6157385	569	1			260		other	0
10108011_1	206	Response	1	6160625	3810	1
10108011_1	207	Sound	32	6178084	428	1			260		other	0
10108011_1	208	Sound	34	6201184	520	1			260		other	0
10108011_1	209	Sound	31	6227283	444	1			260		other	0
10108011_1	210	Sound	32	6244383	371	1			260		other	0
10108011_1	211	Sound	33	6261182	665	1			260		other	0
10108011_1	212	Sound	39	6281282	592	1			260		other	0
10108011_1	212	Response	1	6287983	7292	1
10108011_1	213	Sound	40	6303181	651	1			260		other	0
10108011_1	213	Response	1	6306062	3531	1
10108011_1	214	Sound	35	6324781	576	1			260		other	0
10108011_1	215	Sound	32	6343381	503	1			260		other	0
10108011_1	216	Sound	32	6371280	560	1			260		other	0
10108011_1	217	Sound	38	6394980	585	1			260		other	0
10108011_1	218	Sound	40	6414479	411	1			260		other	0
10108011_1	218	Response	1	6418379	4311	1
10108011_1	219	Sound	39	6440279	535	1			260		other	0
10108011_1	220	Sound	35	6458878	462	1			260		other	0
10108011_1	221	Sound	38	6478378	621	1			260		other	0
10108011_1	222	Sound	36	6496377	448	1			260		other	0
10108011_1	223	Sound	31	6517977	541	1			260		other	0
10108011_1	224	Sound	35	6542876	432	1			260		other	0
10108011_1	225	Sound	34	6565376	424	1			260		other	0
10108011_1	226	Sound	36	6581876	585	1			260		other	0
10108011_1	227	Sound	31	6606475	509	1			260		other	0
10108011_1	228	Sound	37	6624775	636	1			260		other	0
10108011_1	229	Sound	40	6652374	393	1			260		other	0
10108011_1	229	Response	1	6656934	4953	1
10108011_1	230	Sound	38	6674873	384	1			260		other	0
10108011_1	231	Sound	30	6702773	441	1			260		other	0
10108011_1	233	Response	255	6741012	11591	1
10108011_1	235	Sound	60	6817970	434	1			260		other	0
10108011_1	235	Response	1	6822530	4993	1
10108011_1	236	Sound	54	6839870	492	1			260		other	0
10108011_1	236	Response	1	6846290	6912	1
10108011_1	237	Sound	54	6857870	486	1			260		other	0
10108011_1	238	Sound	58	6886669	442	1			260		other	0
10108011_1	238	Response	1	6892449	6222	1
10108011_1	239	Sound	59	6910668	601	1			260		other	0
10108011_1	239	Response	1	6915568	5500	1
10108011_1	240	Sound	51	6932568	659	1			260		other	0
10108011_1	240	Response	1	6943087	11179	1
10108011_1	241	Sound	60	6958067	484	1			260		other	0
10108011_1	241	Response	1	6960127	2543	1
10108011_1	242	Sound	60	6979067	643	1			260		other	0
10108011_1	242	Response	1	6981326	2902	1
10108011_1	243	Sound	57	7007566	466	1			260		other	0
10108011_1	243	Response	1	7011646	4545	1
10108011_1	244	Sound	52	7031866	424	1			260		other	0
10108011_1	244	Response	1	7034845	3403	1
10108011_1	245	Sound	60	7053765	483	1			260		other	0
10108011_1	245	Response	1	7056285	3002	1
10108011_1	246	Sound	53	7076565	608	1			260		other	0
10108011_1	247	Sound	57	7104464	498	1			260		other	0
10108011_1	247	Response	1	7108923	4957	1
10108011_1	248	Sound	51	7133264	454	1			260		other	0
10108011_1	248	Response	1	7137083	4274	1
10108011_1	249	Sound	52	7151263	615	1			260		other	0
10108011_1	249	Response	1	7160202	9554	1
10108011_1	250	Sound	57	7168363	375	1			260		other	0
10108011_1	250	Response	1	7172681	4694	2
10108011_1	251	Sound	52	7190862	534	1			260		other	0
10108011_1	251	Response	1	7196281	5953	1
10108011_1	252	Sound	51	7219062	557	1			260		other	0
10108011_1	252	Response	1	7224681	6176	1
10108011_1	253	Sound	58	7243961	448	1			260		other	0
10108011_1	253	Response	1	7247640	4127	1
10108011_1	254	Sound	53	7269761	572	1			260		other	0
10108011_1	254	Response	1	7274440	5251	1
10108011_1	255	Sound	50	7291660	631	1			260		other	0
10108011_1	256	Sound	56	7309660	625	1			260		other	0
10108011_1	256	Response	1	7313799	4764	1
10108011_1	257	Sound	54	7334259	383	1			260		other	0
10108011_1	257	Response	1	7337638	3762	1
10108011_1	258	Sound	55	7350759	544	1			260		other	0
10108011_1	258	Response	1	7355958	5742	1
10108011_1	259	Sound	58	7371759	536	1			260		other	0
10108011_1	259	Response	1	7376677	5455	1
10108011_1	260	Sound	57	7393658	595	1			260		other	0
10108011_1	260	Response	1	7397877	4814	1
10108011_1	261	Sound	55	7416158	587	1			260		other	0
10108011_1	262	Sound	58	7433557	647	1			260		other	0
10108011_1	262	Response	1	7437236	4326	1
10108011_1	263	Sound	52	7450357	608	1			260		other	0
10108011_1	263	Response	1	7455315	5566	1
10108011_1	263	Response	1	7473715	23966	1
10108011_1	264	Sound	54	7476456	532	1			260		other	0
10108011_1	264	Response	1	7483555	7631	1
10108011_1	265	Sound	56	7502856	423	1			260		other	0
10108011_1	266	Sound	58	7523855	582	1			260		other	0
10108011_1	266	Response	1	7527234	3960	1
10108011_1	267	Sound	50	7545755	474	1			260		other	0
10108011_1	268	Sound	51	7565254	467	1			260		other	0
10108011_1	269	Sound	54	7581754	461	1			260		other	0
10108011_1	270	Sound	60	7601554	588	1			260		other	0
10108011_1	270	Response	1	7604592	3626	1
10108011_1	271	Sound	51	7624053	580	1			260		other	0
10108011_1	272	Sound	55	7642953	473	1			260		other	0
10108011_1	273	Sound	52	7666952	631	1			260		other	0
10108011_1	274	Sound	56	7685252	591	1			260		other	0
10108011_1	274	Response	1	7689710	5049	1
10108011_1	275	Sound	53	7711651	648	1			260		other	0
10108011_1	275	Response	1	7716829	5826	1
10108011_1	276	Sound	59	7729651	642	1			260		other	0
10108011_1	276	Response	1	7733229	4220	1
10108011_1	277	Sound	59	7747650	636	1			260		other	0
10108011_1	277	Response	1	7750508	3493	1
10108011_1	278	Sound	50	7774950	592	1			260		other	0
10108011_1	279	Sound	56	7792649	453	1			260		other	0
10108011_1	280	Sound	53	7819649	443	1			260		other	0
10108011_1	281	Sound	55	7837348	637	1			260		other	0
10108011_1	282	Sound	53	7865248	527	1			260		other	0
10108011_1	283	Sound	59	7893147	417	1			260		other	0
10108011_1	283	Response	1	7896825	4095	1
10108011_1	284	Sound	50	7912347	443	1			260		other	0
10108011_1	285	Sound	56	7929146	571	1			260		other	0
10108011_1	285	Response	1	7932904	4328	1
10108011_1	286	Sound	57	7952546	462	1			260		other	0
10108011_1	286	Response	1	7956904	4820	1
10108011_1	287	Sound	55	7971146	390	1			260		other	0
10108011_1	288	Sound	50	7989745	649	1			260		other	0
10108011_1	289	Sound	59	8006845	576	1			260		other	0
10108011_1	289	Response	1	8011302	5034	1
10108011_1	291	Response	255	8044102	9411	1
10108011_1	293	Sound	50	8112143	672	1			260		other	0
10108011_1	294	Sound	54	8139742	429	1			260		other	0
10108011_1	295	Sound	52	8164641	487	1			260		other	0
10108011_1	295	Response	1	8170098	5944	1
10108011_1	296	Sound	56	8189241	578	1			260		other	0
10108011_1	296	Response	1	8193938	5275	1
10108011_1	297	Sound	51	8208741	571	1			260		other	0
10108011_1	297	Response	1	8212898	4728	1
10108011_1	298	Sound	54	8227640	464	1			260		other	0
10108011_1	298	Response	1	8232577	5401	1
10108011_1	299	Sound	59	8245340	491	1			260		other	0
10108011_1	299	Response	1	8249217	4368	1
10108011_1	300	Sound	58	8265739	551	1			260		other	0
10108011_1	300	Response	1	8269536	4348	1
10108011_1	301	Sound	56	8282239	545	1			260		other	0
10108011_1	301	Response	1	8285621	3927	350
10108011_1	302	Sound	50	8305638	603	1			260		other	0
10108011_1	303	Sound	55	8327238	529	1			260		other	0
10108011_1	303	Response	1	8331775	5065	1
10108011_1	304	Sound	51	8355437	385	1			260		other	0
10108011_1	304	Response	1	8359934	4882	1
10108011_1	305	Sound	59	8380037	477	1			260		other	0
10108011_1	305	Response	1	8386173	6613	1
10108011_1	306	Sound	60	8404636	568	1			260		other	0
10108011_1	306	Response	1	8407373	3305	1
10108011_1	307	Sound	54	8422936	361	1			260		other	0
10108011_1	307	Response	1	8428093	5518	1
10108011_1	308	Sound	60	8448435	519	1			260		other	0
10108011_1	308	Response	1	8450412	2496	1
10108011_1	309	Sound	56	8473935	510	1			260		other	0
10108011_1	309	Response	1	8477051	3626	1
10108011_1	310	Sound	50	8500634	534	1			260		other	0
10108011_1	311	Sound	52	8522234	459	1			260		other	0
10108011_1	311	Response	1	8527050	5275	1
10108011_1	312	Sound	59	8541433	652	1			260		other	0
10108011_1	312	Response	1	8545450	4669	1
10108011_1	313	Sound	51	8565733	610	1			260		other	0
10108011_1	314	Sound	60	8592732	601	1			260		other	0
10108011_1	314	Response	1	8595848	3717	1
10108011_1	315	Sound	51	8619132	491	1			260		other	0
10108011_1	316	Sound	58	8644631	649	1			260		other	0
10108011_1	316	Response	1	8651367	7385	1
10108011_1	317	Sound	55	8669531	540	1			260		other	0
10108011_1	317	Response	1	8674727	5736	1
10108011_1	318	Sound	52	8687230	567	1			260		other	0
10108011_1	319	Sound	58	8710030	526	1			260		other	0
10108011_1	319	Response	1	8713206	3702	1
10108011_1	320	Sound	53	8727729	553	1			260		other	0
10108011_1	320	Response	1	8748805	21628	1
10108011_1	321	Sound	50	8751729	544	1			260		other	0
10108011_1	322	Sound	54	8770928	404	1			260		other	0
10108011_1	322	Response	1	8778085	7560	1
10108011_1	323	Sound	56	8791628	430	1			260		other	0
10108011_1	323	Response	1	8795524	4326	1
10108011_1	324	Sound	60	8808428	391	1			260		other	0
10108011_1	324	Response	1	8811043	3006	1
10108011_1	325	Sound	55	8830927	382	1			260		other	0
10108011_1	325	Response	1	8837923	7378	1
10108011_1	326	Sound	55	8852827	608	1			260		other	0
10108011_1	326	Response	1	8855843	3624	1
10108011_1	327	Sound	57	8878326	599	1			260		other	0
10108011_1	327	Response	1	8881202	3475	1
10108011_1	328	Sound	53	8902326	424	1			260		other	0
10108011_1	329	Sound	53	8921225	484	1			260		other	0
10108011_1	330	Sound	60	8941625	543	1			260		other	0
10108011_1	330	Response	1	8944480	3399	1
10108011_1	331	Sound	58	8968024	434	1			260		other	0
10108011_1	332	Sound	57	8995024	591	1			260		other	0
10108011_1	332	Response	1	8999358	4925	3
10108011_1	333	Sound	57	9014523	417	1			260		other	0
10108011_1	334	Sound	59	9031323	378	1			260		other	0
10108011_1	335	Sound	52	9047522	405	1			260		other	0
10108011_1	336	Sound	51	9075422	629	1			260		other	0
10108011_1	337	Sound	56	9104221	585	1			260		other	0
10108011_1	337	Response	1	9111836	8200	1
10108011_1	338	Sound	52	9123721	411	1			260		other	0
10108011_1	339	Sound	59	9140520	372	1			260		other	0
10108011_1	339	Response	1	9144396	4248	1
10108011_1	340	Sound	50	9158820	499	1			260		other	0
10108011_1	341	Sound	55	9177420	593	1			260		other	0
10108011_1	341	Response	1	9186155	9328	1
10108011_1	342	Sound	53	9202919	583	1			260		other	0
10108011_1	342	Response	1	9213674	11338	1
10108011_1	343	Sound	57	9225119	442	1			260		other	0
10108011_1	343	Response	1	9229354	4677	1
10108011_1	344	Sound	57	9246418	569	1			260		other	0
10108011_1	344	Response	1	9250153	4304	1
10108011_1	345	Sound	54	9274018	491	1			260		other	0
10108011_1	345	Response	1	9277193	3666	1
10108011_1	346	Sound	53	9299817	615	1			260		other	0
10108011_1	346	Response	1	9302152	2950	1
10108011_1	347	Sound	58	9323517	640	1			260		other	0
10108011_1	347	Response	1	9327671	4795	1
10108011_1	349	Response	255	9352391	12929	1
10108011_1	351	Sound	34	9422814	405	1			260		other	0
10108011_1	351	Response	1	9430549	8139	1
10108011_1	352	Sound	32	9448914	662	1			260		other	0
10108011_1	353	Sound	40	9478013	585	1			260		other	0
10108011_1	353	Response	1	9481028	3600	1
10108011_1	354	Sound	31	9499913	477	1			260		other	0
10108011_1	355	Sound	32	9526912	634	1			260		other	0
10108011_1	356	Sound	37	9555412	624	1			260		other	0
10108011_1	356	Response	1	9559266	4479	1
10108011_1	357	Sound	31	9575511	550	1			260		other	0
10108011_1	358	Sound	35	9592911	611	1			260		other	0
10108011_1	359	Sound	37	9615110	470	1			260		other	0
10108011_1	360	Sound	36	9637010	362	1			260		other	0
10108011_1	361	Sound	35	9659209	554	1			260		other	0
10108011_1	362	Sound	32	9687709	544	1			260		other	0
10108011_1	363	Sound	33	9705408	571	1			260		other	0
10108011_1	363	Response	1	9712622	7785	1
10108011_1	364	Sound	38	9729108	429	1			260		other	0
10108011_1	364	Response	1	9738382	9703	1
10108011_1	365	Sound	37	9745307	456	1			260		other	0
10108011_1	365	Response	1	9750142	5291	1
10108011_1	366	Sound	40	9764507	483	1			260		other	0
10108011_1	366	Response	1	9767661	3637	1
10108011_1	367	Sound	31	9793306	439	1			260		other	0
10108011_1	368	Sound	31	9817906	530	1			260		other	0
10108011_1	368	Response	1	9821820	4444	1
10108011_1	369	Sound	33	9838305	423	1			260		other	0
10108011_1	369	Response	1	9843419	5537	1
10108011_1	370	Sound	39	9858705	650	1			260		other	0
10108011_1	371	Sound	36	9886604	373	1			260		other	0
10108011_1	372	Sound	39	9909404	665	1			260		other	0
10108011_1	373	Sound	38	9930404	657	1			260		other	0
10108011_1	374	Sound	34	9949303	384	1			260		other	0
10108011_1	375	Sound	36	9966403	478	1			260		other	0
10108011_1	376	Sound	30	9994602	501	1			260		other	0
10108011_1	377	Sound	34	10011702	595	1			260		other	0
10108011_1	378	Sound	38	10028201	589	1			260		other	0
10108011_1	379	Sound	39	10048001	382	1			260		other	0
10108011_1	380	Sound	35	10074400	439	1			260		other	0
10108011_1	381	Sound	36	10095400	432	1			260		other	0
10108011_1	382	Sound	39	10120599	623	1			260		other	0
10108011_1	382	Response	1	10126133	6156	1
10108011_1	383	Sound	35	10142499	515	1			260		other	0
10108011_1	384	Sound	40	10171898	571	1			260		other	0
10108011_1	384	Response	1	10175252	3924	1
10108011_1	385	Sound	35	10188998	498	1			260		other	0
10108011_1	386	Sound	30	10207898	391	1			260		other	0
10108011_1	387	Sound	32	10232797	449	1			260		other	0
10108011_1	388	Sound	37	10254396	542	1			260		other	0
10108011_1	389	Sound	34	10283196	498	1			260		other	0
10108011_1	389	Response	1	10287969	5271	1
10108011_1	390	Sound	38	10304495	457	1			260		other	0
10108011_1	390	Response	1	10311168	7130	1
10108011_1	391	Sound	40	10322495	617	1			260		other	0
10108011_1	391	Response	1	10326848	4970	1
10108011_1	392	Sound	40	10347995	442	1			260		other	0
10108011_1	392	Response	1	10351567	4014	1
10108011_1	393	Sound	38	10365994	602	1			260		other	0
10108011_1	394	Sound	33	10391494	593	1			260		other	0
10108011_1	394	Response	1	10398047	7146	1
10108011_1	395	Sound	30	10418793	383	1			260		other	0
10108011_1	396	Sound	31	10438293	543	1			260		other	0
10108011_1	397	Sound	37	10455092	670	1			260		other	0
10108011_1	397	Response	1	10463805	9383	1
10108011_1	398	Sound	39	10478192	428	1			260		other	0
10108011_1	398	Response	1	10482844	5081	1
10108011_1	399	Sound	30	10505491	552	1			260		other	0
10108011_1	400	Sound	36	10526491	545	1			260		other	0
10108011_1	401	Sound	34	10553490	535	1			260		other	0
10108011_1	402	Sound	32	10578390	426	1			260		other	0
10108011_1	403	Sound	33	10594889	420	1			260		other	0
10108011_1	404	Sound	33	10618589	445	1			260		other	0
10108011_1	405	Sound	30	10644088	436	1			260		other	0
10108011_1	407	Response	255	10688359	17785	1
10108011_1	409	Sound	57	10763486	460	1			260		other	0
10108011_1	410	Sound	50	10786585	385	1			260		other	0
10108011_1	411	Sound	57	10807585	544	1			260		other	0
10108011_1	411	Response	1	10811637	4596	1
10108011_1	412	Sound	58	10830084	536	1			260		other	0
10108011_1	412	Response	1	10834116	4568	1
10108011_1	413	Sound	51	10858284	393	1			260		other	0
10108011_1	414	Sound	50	10882283	384	1			260		other	0
10108011_1	415	Sound	55	10902383	477	1			260		other	0
10108011_1	415	Response	1	10906434	4529	1
10108011_1	415	Response	1	10925634	23728	1
10108011_1	416	Sound	57	10928482	401	1			260		other	0
10108011_1	416	Response	1	10934594	6513	1
10108011_1	417	Sound	50	10946482	561	1			260		other	0
10108011_1	418	Sound	53	10973481	552	1			260		other	0
10108011_1	419	Sound	51	11001681	575	1			260		other	0
10108011_1	420	Sound	52	11029580	465	1			260		other	0
10108011_1	421	Sound	57	11048179	392	1			260		other	0
10108011_1	421	Response	1	11053391	5603	1
10108011_1	422	Sound	54	11076079	449	1			260		other	0
10108011_1	423	Response	1	11094030	60	1
10108011_1	423	Sound	56	11094378	409	1			260		other	0
10108011_1	423	Response	1	11099950	5980	1
10108011_1	424	Sound	60	11116578	601	1			260		other	0
10108011_1	424	Response	1	11119389	3412	1
10108011_1	425	Sound	54	11137278	460	1			260		other	0
10108011_1	426	Sound	53	11164277	617	1			260		other	0
10108011_1	426	Response	1	11168988	5329	1
10108011_1	427	Sound	51	11180477	645	1			260		other	0
10108011_1	428	Sound	59	11205976	636	1			260		other	0
10108011_1	428	Response	1	11209627	4287	1
10108011_1	429	Sound	53	11231475	627	1			260		other	0
10108011_1	429	Response	1	11237387	6538	1
10108011_1	430	Sound	52	11257275	584	1			260		other	0
10108011_1	430	Response	1	11263386	6695	1
10108011_1	431	Sound	56	11280075	543	1			260		other	0
10108011_1	431	Response	1	11284345	4813	1
10108011_1	432	Sound	55	11297174	637	1			260		other	0
10108011_1	432	Response	1	11300905	4368	1
10108011_1	433	Sound	60	11319974	428	1			260		other	0
10108011_1	433	Response	1	11322105	2560	1
10108011_1	434	Sound	56	11348173	618	1			260		other	0
10108011_1	434	Response	1	11354264	6709	1
10108011_1	435	Sound	58	11370372	644	1			260		other	0
10108011_1	435	Response	1	11374503	4775	1
10108011_1	436	Sound	59	11394972	402	1			260		other	0
10108011_1	436	Response	1	11397943	3373	1
10108011_1	437	Sound	53	11423771	525	1			260		other	0
10108011_1	437	Response	1	11426982	3735	1
10108011_1	438	Sound	54	11447471	550	1			260		other	0
10108011_1	438	Response	1	11451622	4700	1
10108011_1	439	Sound	56	11467270	676	1			260		other	0
10108011_1	439	Response	1	11470661	4067	1
10108011_1	440	Sound	58	11493070	467	1			260		other	0
10108011_1	440	Response	1	11495381	2777	1
10108011_1	440	Response	1	11514820	22217	1
10108011_1	441	Sound	52	11520969	523	1			260		other	0
10108011_1	442	Sound	60	11542569	616	1			260		other	0
10108011_1	442	Response	1	11544900	2946	1
10108011_1	443	Sound	54	11561168	542	1			260		other	0
10108011_1	444	Sound	60	11587268	466	1			260		other	0
10108011_1	444	Response	1	11589698	2897	1
10108011_1	445	Sound	50	11611867	391	1			260		other	0
10108011_1	446	Sound	51	11632267	450	1			260		other	0
10108011_1	446	Response	1	11642577	10760	3
10108011_1	447	Sound	55	11657466	641	1			260		other	0
10108011_1	448	Sound	54	11674566	402	1			260		other	0
10108011_1	449	Sound	56	11701265	426	1			260		other	0
10108011_1	449	Response	1	11706336	5496	1
10108011_1	450	Sound	51	11724665	484	1			260		other	0
10108011_1	451	Sound	52	11747464	609	1			260		other	0
10108011_1	451	Response	1	11757054	10199	1
10108011_1	452	Sound	59	11766364	669	1			260		other	0
10108011_1	452	Response	1	11769934	4240	1
10108011_1	453	Sound	59	11794863	659	1			260		other	0
10108011_1	453	Response	1	11798334	4129	1
10108011_1	454	Sound	55	11815863	485	1			260		other	0
10108011_1	454	Response	1	11826093	10715	1
10108011_1	455	Sound	53	11832663	445	1			260		other	0
10108011_1	455	Response	1	11837212	4995	1
10108011_1	456	Sound	52	11858762	536	1			260		other	0
10108011_1	457	Sound	58	11881261	529	1			260		other	0
10108011_1	457	Response	1	11885051	4319	1
10108011_1	458	Sound	60	11899861	622	1			260		other	0
10108011_1	458	Response	1	11902331	3091	3
10108011_1	459	Sound	58	11925361	613	1			260		other	0
10108011_1	459	Response	1	11930250	5502	1
10108011_1	460	Sound	57	11950860	437	1			260		other	0
10108011_1	460	Response	1	11955849	5425	2
10108011_1	461	Sound	50	11979359	427	1			260		other	0
10108011_1	462	Sound	59	11999159	553	1			260		other	0
10108011_1	462	Response	1	12003049	4443	1
10108011_1	463	Sound	55	12016859	413	1			260		other	0
10108011_1	463	Response	1	12021608	5163	1
10108011_1	465	Response	255	12053448	14915	1
10108011_1	466	Response	1	12064407	10936	1
10108011_1	467	Sound	53	12127856	540	1			260		other	0
10108011_1	468	Sound	55	12156956	630	1			260		other	0
10108011_1	469	Sound	56	12173755	591	1			260		other	0
10108011_1	470	Sound	56	12198355	515	1			260		other	0
10108011_1	470	Response	1	12202884	5044	1
10108011_1	471	Sound	55	12225954	439	1			260		other	0
10108011_1	471	Response	1	12230243	4728	1
10108011_1	472	Sound	51	12243354	499	1			260		other	0
10108011_1	473	Sound	58	12271553	522	1			260		other	0
10108011_1	473	Response	1	12274322	3292	1
10108011_1	474	Sound	57	12295853	480	1			260		other	0
10108011_1	474	Response	1	12299922	4549	1
10108011_1	475	Sound	57	12322852	637	1			260		other	0
10108011_1	475	Response	1	12327441	5227	1
10108011_1	476	Sound	51	12349852	461	1			260		other	0
10108011_1	477	Sound	58	12375051	652	1			260		other	0
10108011_1	477	Response	1	12381360	6961	1
10108011_1	478	Sound	60	12391851	613	1			260		other	0
10108011_1	478	Response	1	12394879	3641	1
10108011_1	479	Sound	59	12414050	472	1			260		other	0
10108011_1	479	Response	1	12421119	7540	1
10108011_1	480	Sound	56	12433550	631	1			260		other	0
10108011_1	480	Response	1	12437759	4840	1
10108011_1	481	Sound	53	12450649	392	1			260		other	0
10108011_1	482	Sound	57	12479749	481	1			260		other	0
10108011_1	482	Response	1	12483357	4090	1
10108011_1	483	Sound	60	12502548	607	1			260		other	0
10108011_1	483	Response	1	12505677	3735	1
10108011_1	484	Sound	50	12523548	599	1			260		other	0
10108011_1	485	Sound	59	12539747	627	1			260		other	0
10108011_1	485	Response	1	12543676	4555	1
10108011_1	486	Sound	50	12558647	520	1			260		other	0
10108011_1	487	Sound	54	12575747	447	1			260		other	0
10108011_1	487	Response	1	12581035	5736	1
10108011_1	488	Sound	60	12597646	506	1			260		other	0
10108011_1	488	Response	1	12600875	3735	1
10108011_1	489	Sound	50	12625246	430	1			260		other	0
10108011_1	490	Sound	52	12654045	553	1			260		other	0
10108011_1	491	Sound	55	12680144	477	1			260		other	0
10108011_1	492	Sound	52	12699644	636	1			260		other	0
10108011_1	493	Sound	54	12726343	494	1			260		other	0
10108011_1	494	Sound	51	12747343	653	1			260		other	0
10108011_1	495	Sound	59	12773142	610	1			260		other	0
10108011_1	495	Response	1	12779191	6658	1
10108011_1	496	Sound	51	12790842	471	1			260		other	0
10108011_1	497	Sound	50	12816042	495	1			260		other	0
10108011_1	498	Sound	58	12843941	552	1			260		other	0
10108011_1	498	Response	1	12847349	3960	1
10108011_1	499	Sound	60	12864940	544	1			260		other	0
10108011_1	499	Response	1	12867829	3432	1
10108011_1	500	Sound	52	12889540	469	1			260		other	0
10108011_1	501	Sound	53	12907539	462	1			260		other	0
10108011_1	502	Sound	55	12930039	621	1			260		other	0
10108011_1	503	Sound	58	12958239	644	1			260		other	0
10108011_1	503	Response	1	12964866	7272	1
10108011_1	504	Sound	59	12985238	468	1			260		other	0
10108011_1	504	Response	1	12988866	4096	1
10108011_1	505	Sound	56	13005937	494	1			260		other	0
10108011_1	506	Sound	53	13023037	421	1			260		other	0
10108011_1	507	Sound	52	13044337	547	1			260		other	0
10108011_1	508	Sound	59	13069836	371	1			260		other	0
10108011_1	508	Response	1	13075183	5718	1
10108011_1	509	Sound	50	13087836	531	1			260		other	0
10108011_1	510	Sound	51	13112135	489	1			260		other	0
10108011_1	511	Sound	52	13133435	448	1			260		other	0
10108011_1	512	Sound	54	13155934	607	1			260		other	0
10108011_1	512	Response	1	13160782	5455	1
10108011_1	513	Sound	54	13180234	565	1			260		other	0
10108011_1	514	Sound	58	13200933	424	1			260		other	0
10108011_1	514	Response	1	13205981	5472	2
10108011_1	515	Sound	60	13222833	650	1			260		other	0
10108011_1	515	Response	1	13225900	3717	1
10108011_1	516	Sound	55	13241732	543	1			260		other	0
10108011_1	516	Response	1	13248860	7670	1
10108011_1	517	Sound	56	13267532	501	1			260		other	0
10108011_1	517	Response	1	13272619	5588	1
10108011_1	518	Sound	57	13287331	627	1			260		other	0
10108011_1	518	Response	1	13291418	4714	1
10108011_1	519	Sound	54	13306831	620	1			260		other	0
10108011_1	519	Response	1	13310858	4647	1
10108011_1	520	Sound	57	13335330	443	1			260		other	0
10108011_1	520	Response	1	13338617	3730	1
10108011_1	521	Sound	53	13353030	637	1			260		other	0
10108011_1	523	Response	255	13382536	12391	1
10108011_1	525	Sound	16	13455328	567	1			260		other	0
10108011_1	525	Response	1	13462295	7534	1
10108011_1	526	Sound	18	13483527	590	1			260		other	0
10108011_1	526	Response	1	13486534	3597	1
10108011_1	527	Sound	18	13503327	383	1			260		other	0
10108011_1	527	Response	1	13506613	3670	1
10108011_1	528	Sound	15	13519526	411	1			260		other	0
10108011_1	528	Response	1	13539573	20457	1
10108011_1	529	Sound	20	13542026	569	1			260		other	0
10108011_1	530	Sound	15	13562725	595	1			260		other	0
10108011_1	531	Sound	16	13588525	553	1			260		other	0
10108011_1	532	Sound	19	13616124	476	1			260		other	0
10108011_1	532	Response	1	13625651	10003	1
10108011_1	533	Sound	17	13641924	434	1			260		other	0
10108011_1	533	Response	1	13645730	4240	1
10108011_1	534	Sound	20	13667423	425	1			260		other	0
10108011_1	534	Response	1	13669570	2571	1
10108011_1	535	Sound	14	13683323	652	1			260		other	0
10108011_1	536	Sound	11	13706722	377	1			260		other	0
10108011_1	537	Sound	20	13730422	402	1			260		other	0
10108011_1	537	Response	1	13733168	3149	1
10108011_1	538	Sound	19	13750821	461	1			260		other	0
10108011_1	539	Sound	10	13768521	655	1			260		other	0
10108011_1	540	Sound	12	13790720	514	1			260		other	0
10108011_1	541	Sound	20	13817120	571	1			260		other	0
10108011_1	541	Response	1	13819646	3098	1
10108011_1	542	Sound	11	13845319	428	1			260		other	0
10108011_1	543	Sound	17	13872019	618	1			260		other	0
10108011_1	543	Response	1	13875565	4165	1
10108011_1	544	Sound	11	13893918	510	1			260		other	0
10108011_1	545	Sound	18	13917918	669	1			260		other	0
10108011_1	545	Response	1	13922284	5035	1
10108011_1	546	Sound	13	13946117	525	1			260		other	0
10108011_1	547	Sound	15	13968317	551	1			260		other	0
10108011_1	548	Sound	12	13991716	609	1			260		other	0
10108011_1	549	Sound	10	14019916	632	1			260		other	0
10108011_1	550	Sound	11	14042715	424	1			260		other	0
10108011_1	551	Sound	10	14065214	583	1			260		other	0
10108011_1	552	Sound	15	14081714	410	1			260		other	0
10108011_1	552	Response	1	14087240	5936	1
10108011_1	553	Sound	13	14108114	634	1			260		other	0
10108011_1	554	Sound	17	14128213	560	1			260		other	0
10108011_1	554	Response	1	14132439	4786	1
10108011_1	555	Sound	16	14147713	553	1			260		other	0
10108011_1	556	Sound	14	14169612	445	1			260		other	0
10108011_1	556	Response	1	14174198	5031	1
10108011_1	557	Sound	11	14189712	372	1			260		other	0
10108011_1	558	Sound	12	14210412	564	1			260		other	0
10108011_1	559	Sound	20	14238611	588	1			260		other	0
10108011_1	559	Response	1	14241476	3453	1
10108011_1	560	Sound	10	14263210	512	1			260		other	0
10108011_1	561	Sound	10	14287210	504	1			260		other	0
10108011_1	562	Sound	19	14313609	394	1			260		other	0
10108011_1	562	Response	1	14318354	5139	1
10108011_1	563	Sound	15	14331309	588	1			260		other	0
10108011_1	564	Sound	18	14351708	647	1			260		other	0
10108011_1	565	Sound	14	14377208	472	1			260		other	0
10108011_1	566	Sound	12	14397008	431	1			260		other	0
10108011_1	567	Sound	16	14417407	490	1			260		other	0
10108011_1	567	Response	1	14422992	6076	1
10108011_1	568	Sound	13	14445006	581	1			260		other	0
10108011_1	569	Sound	16	14467506	573	1			260		other	0
10108011_1	569	Response	1	14475231	8298	1
10108011_1	570	Sound	17	14493906	630	1			260		other	0
10108011_1	570	Response	1	14498350	5075	1
10108011_1	571	Sound	18	14512505	557	1			260		other	0
10108011_1	571	Response	1	14515870	3922	1
10108011_1	572	Sound	13	14540404	447	1			260		other	0
10108011_1	572	Response	1	14542029	2071	1
10108011_1	573	Sound	19	14557204	407	1			260		other	0
10108011_1	573	Response	1	14560829	4032	1
10108011_1	574	Sound	12	14578504	533	1			260		other	0
10108011_1	575	Sound	17	14598603	459	1			260		other	0
10108011_1	575	Response	1	14599068	924	2
10108011_1	575	Response	1	14606027	7884	1
10108011_1	576	Sound	14	14622603	617	1			260		other	0
10108011_1	577	Sound	19	14647202	542	1			260		other	0
10108011_1	577	Response	1	14651467	4806	1
10108011_1	578	Sound	14	14664902	569	1			260		other	0
10108011_1	578	Response	1	14670506	6174	1
10108011_1	579	Sound	13	14688301	461	1			260		other	0
10108011_1	581	Response	255	14725145	11549	1
10108011_1	583	Sound	13	14791499	457	1			260		other	0
10108011_1	584	Sound	17	14820598	547	1			260		other	0
10108011_1	584	Response	1	14833222	13171	1
10108011_1	585	Sound	17	14840398	506	1			260		other	0
10108011_1	585	Response	1	14845222	5331	1
10108011_1	586	Sound	13	14861697	632	1			260		other	0
10108011_1	586	Response	1	14866021	4956	1
10108011_1	587	Sound	14	14884797	557	1			260		other	0
10108011_1	587	Response	1	14890021	5781	1
10108011_1	588	Sound	14	14906697	616	1			260		other	0
10108011_1	589	Sound	15	14932196	607	1			260		other	0
10108011_1	589	Response	1	14936980	5391	1
10108011_1	590	Sound	14	14951696	600	1			260		other	0
10108011_1	591	Sound	16	14974495	559	1			260		other	0
10108011_1	592	Sound	18	14999095	483	1			260		other	0
10108011_1	592	Response	1	15002498	3887	1
10108011_1	593	Sound	11	15021594	642	1			260		other	0
10108011_1	594	Sound	12	15039294	669	1			260		other	0
10108011_1	595	Sound	11	15063293	660	1			260		other	0
10108011_1	596	Sound	20	15085793	486	1			260		other	0
10108011_1	596	Response	1	15088416	3109	1
10108011_1	597	Sound	19	15111592	443	1			260		other	0
10108011_1	597	Response	1	15116096	4947	1
10108011_1	598	Sound	16	15136792	634	1			260		other	0
10108011_1	598	Response	1	15141455	5298	1
10108011_1	599	Sound	13	15155991	661	1			260		other	0
10108011_1	599	Response	1	15164175	8844	1
10108011_1	600	Sound	20	15179091	586	1			260		other	0
10108011_1	600	Response	1	15181694	3189	1
10108011_1	601	Sound	19	15205790	443	1			260		other	0
10108011_1	601	Response	1	15209214	3866	1
10108011_1	602	Sound	12	15229190	668	1			260		other	0
10108011_1	603	Sound	16	15255289	592	1			260		other	0
10108011_1	603	Response	1	15259452	4755	1
10108011_1	604	Sound	13	15271789	586	1			260		other	0
10108011_1	605	Sound	14	15293688	478	1			260		other	0
10108011_1	605	Response	1	15299852	6641	1
10108011_1	606	Sound	17	15315588	537	1			260		other	0
10108011_1	606	Response	1	15320411	5360	1
10108011_1	607	Sound	18	15331487	598	1			260		other	0
10108011_1	607	Response	1	15335210	4321	1
10108011_1	608	Sound	11	15351287	391	1			260		other	0
10108011_1	609	Sound	12	15374986	416	1			260		other	0
10108011_1	610	Sound	10	15392686	443	1			260		other	0
10108011_1	611	Sound	17	15408586	671	1			260		other	0
10108011_1	612	Sound	16	15427785	364	1			260		other	0
10108011_1	612	Response	1	15431128	3707	1
10108011_1	613	Sound	10	15446985	557	1			260		other	0
10108011_1	613	Response	1	15456488	10060	1
10108011_1	614	Sound	15	15470084	649	1			260		other	0
10108011_1	614	Response	1	15475287	5851	1
10108011_1	615	Sound	14	15490184	408	1			260		other	0
10108011_1	616	Sound	16	15511784	500	1			260		other	0
10108011_1	616	Response	1	15522246	10963	1
10108011_1	617	Sound	11	15536383	425	1			260		other	0
10108011_1	617	Response	1	15542326	6368	1
10108011_1	618	Sound	18	15554383	585	1			260		other	0
10108011_1	618	Response	1	15558965	5168	1
10108011_1	619	Sound	20	15580182	543	1			260		other	0
10108011_1	619	Response	1	15583365	3725	1
10108011_1	620	Sound	15	15601182	535	1			260		other	0
10108011_1	620	Response	1	15613124	12478	1
10108011_1	621	Sound	15	15618281	629	1			260		other	0
10108011_1	622	Sound	15	15641081	588	1			260		other	0
10108011_1	622	Response	1	15645203	4710	1
10108011_1	623	Sound	10	15659980	648	1			260		other	0
10108011_1	624	Sound	17	15682180	506	1			260		other	0
10108011_1	624	Response	1	15686242	4569	1
10108011_1	625	Sound	10	15704979	465	1			260		other	0
10108011_1	626	Sound	19	15725679	491	1			260		other	0
10108011_1	626	Response	1	15730001	4813	1
10108011_1	627	Sound	10	15749978	449	1			260		other	0
10108011_1	628	Sound	18	15776678	473	1			260		other	0
10108011_1	628	Response	1	15781120	4915	1
10108011_1	629	Sound	19	15792877	500	1			260		other	0
10108011_1	629	Response	1	15799040	6663	1
10108011_1	630	Sound	19	15813877	659	1			260		other	0
10108011_1	630	Response	1	15819119	5902	1
10108011_1	631	Sound	12	15837876	651	1			260		other	0
10108011_1	632	Sound	11	15854676	445	1			260		other	0
10108011_1	633	Sound	20	15875076	671	1			260		other	0
10108011_1	633	Response	1	15878478	4073	1
10108011_1	634	Sound	13	15890675	432	1			260		other	0
10108011_1	635	Sound	18	15908375	626	1			260		other	0
10108011_1	636	Sound	12	15925175	586	1			260		other	0
10108011_1	637	Sound	20	15943474	547	1			260		other	0
10108011_1	637	Response	1	15946876	3948	1
10108011_1	639	Response	255	15977916	9566	1
10108011_1	641	Sound	19	16051472	675	1			260		other	0
10108011_1	641	Response	1	16055914	5117	1
10108011_1	642	Sound	17	16070371	568	1			260		other	0
10108011_1	642	Response	1	16074713	4910	1
10108011_1	643	Sound	16	16087171	529	1			260		other	0
10108011_1	643	Response	1	16094153	7510	1
10108011_1	644	Sound	12	16113571	586	1			260		other	0
10108011_1	644	Response	1	16117752	4768	1
10108011_1	645	Sound	19	16141470	476	1			260		other	0
10108011_1	645	Response	1	16142392	1398	1
10108011_1	646	Sound	19	16167569	567	1			260		other	0
10108011_1	646	Response	1	16171031	4028	1
10108011_1	647	Sound	13	16189169	492	1			260		other	0
10108011_1	647	Response	1	16192631	3954	1
10108011_1	647	Response	1	16216230	27553	1
10108011_1	648	Sound	20	16216768	416	1			260		other	0
10108011_1	649	Sound	12	16233568	543	1			260		other	0
10108011_1	650	Sound	19	16259967	600	1			260		other	0
10108011_1	650	Response	1	16264069	4702	1
10108011_1	651	Sound	19	16284567	525	1			260		other	0
10108011_1	651	Response	1	16288308	4266	1
10108011_1	652	Sound	13	16309166	616	1			260		other	0
10108011_1	653	Sound	15	16331366	475	1			260		other	0
10108011_1	654	Sound	12	16358965	398	1			260		other	0
10108011_1	655	Sound	11	16386565	488	1			260		other	0
10108011_1	656	Sound	14	16408464	548	1			260		other	0
10108011_1	657	Sound	17	16434264	505	1			260		other	0
10108011_1	657	Response	1	16437985	4226	1
10108011_1	658	Sound	18	16456463	530	1			260		other	0
10108011_1	658	Response	1	16459824	3891	1
10108011_1	659	Sound	10	16473563	457	1			260		other	0
10108011_1	660	Sound	13	16490662	385	1			260		other	0
10108011_1	660	Response	1	16496943	6666	1
10108011_1	661	Sound	15	16508662	378	1			260		other	0
10108011_1	661	Response	1	16515263	6979	1
10108011_1	662	Sound	18	16525762	639	1			260		other	0
10108011_1	663	Sound	10	16545561	599	1			260		other	0
10108011_1	664	Sound	11	16573161	522	1			260		other	0
10108011_1	665	Sound	20	16594460	481	1			260		other	0
10108011_1	665	Response	1	16598301	4322	1
10108011_1	666	Sound	18	16622060	571	1			260		other	0
10108011_1	667	Sound	16	16640659	498	1			260		other	0
10108011_1	667	Response	1	16646620	6459	1
10108011_1	668	Sound	12	16661359	524	1			260		other	0
10108011_1	669	Sound	11	16681158	484	1			260		other	0
10108011_1	670	Sound	10	16707258	408	1			260		other	0
10108011_1	670	Response	1	16713658	6808	1
10108011_1	671	Sound	17	16730057	533	1			260		other	0
10108011_1	671	Response	1	16738778	9253	1
10108011_1	672	Sound	12	16752257	558	1			260		other	0
10108011_1	673	Sound	20	16774456	417	1			260		other	0
10108011_1	673	Response	1	16777417	3377	1
10108011_1	674	Sound	11	16789756	378	1			260		other	0
10108011_1	675	Sound	14	16810456	404	1			260		other	0
10108011_1	676	Sound	16	16827255	531	1			260		other	0
10108011_1	677	Sound	15	16850355	623	1			260		other	0
10108011_1	678	Sound	10	16869254	517	1			260		other	0
10108011_1	679	Sound	20	16888154	410	1			260		other	0
10108011_1	679	Response	1	16891014	3270	1
10108011_1	680	Sound	16	16903754	504	1			260		other	0
10108011_1	681	Sound	14	16926253	496	1			260		other	0
10108011_1	682	Sound	18	16952052	620	1			260		other	0
10108011_1	682	Response	1	16963092	11660	1
10108011_1	683	Sound	14	16979352	411	1			260		other	0
10108011_1	684	Sound	15	16994952	505	1			260		other	0
10108011_1	684	Response	1	17000212	5765	1
10108011_1	685	Sound	10	17019251	630	1			260		other	0
10108011_1	686	Sound	13	17045951	654	1			260		other	0
10108011_1	686	Response	1	17051570	6273	1
10108011_1	687	Sound	14	17070850	545	1			260		other	0
10108011_1	688	Sound	16	17091550	404	1			260		other	0
10108011_1	688	Response	1	17096769	5624	1
10108011_1	689	Sound	15	17114949	462	1			260		other	0
10108011_1	689	Response	1	17119329	4842	1
10108011_1	690	Sound	20	17143448	619	1			260		other	0
10108011_1	690	Response	1	17146208	3378	1
10108011_1	691	Sound	13	17165048	378	1			260		other	0
10108011_1	691	Response	1	17174767	10097	1
10108011_1	692	Sound	17	17188447	603	1			260		other	0
10108011_1	693	Sound	11	17209747	395	1			260		other	0
10108011_1	694	Sound	18	17228947	588	1			260		other	0
10108011_1	694	Response	1	17233966	5608	1
10108011_1	695	Sound	17	17256846	478	1			260		other	0
10108011_1	695	Response	1	17261085	4718	1
10108011_1	697	Response	255	17303645	24856	2
10108011_1	699	Sound	52	17378043	635	1			260		other	0
10108011_1	700	Sound	56	17402643	393	1			260		other	0
10108011_1	700	Response	1	17406362	4112	1
10108011_1	701	Sound	53	17429042	617	1			260		other	0
10108011_1	702	Sound	58	17451242	476	1			260		other	0
10108011_1	702	Response	1	17455241	4475	1
10108011_1	703	Sound	56	17472841	568	1			260		other	0
10108011_1	704	Sound	55	17499841	558	1			260		other	0
10108011_1	705	Sound	54	17517840	552	1			260		other	0
10108011_1	706	Sound	55	17535840	546	1			260		other	0
10108011_1	706	Response	1	17540279	4985	1
10108011_1	707	Sound	60	17561039	570	1			260		other	0
10108011_1	707	Response	1	17563878	3409	1
10108011_1	708	Sound	58	17589539	560	1			260		other	0
10108011_1	708	Response	1	17597242	8263	514
10108011_1	709	Sound	51	17606038	387	1			260		other	0
10108011_1	710	Sound	50	17628238	413	1			260		other	0
10108011_1	711	Sound	57	17655537	370	1			260		other	0
10108011_1	712	Sound	59	17674137	630	1			260		other	0
10108011_1	712	Response	1	17679636	6128	1
10108011_1	713	Sound	56	17697237	388	1			260		other	0
10108011_1	714	Sound	50	17720636	613	1			260		other	0
10108011_1	715	Sound	54	17743436	572	1			260		other	0
10108011_1	715	Response	1	17754354	11490	1
10108011_1	716	Sound	60	17766235	530	1			260		other	0
10108011_1	716	Response	1	17768514	2809	1
10108011_1	717	Sound	51	17787535	489	1			260		other	0
10108011_1	718	Sound	51	17804634	583	1			260		other	0
10108011_1	719	Sound	59	17829834	607	1			260		other	0
10108011_1	719	Response	1	17833632	4406	1
10108011_1	720	Sound	51	17846333	435	1			260		other	0
10108011_1	721	Sound	57	17870633	560	1			260		other	0
10108011_1	721	Response	1	17877311	7238	1
10108011_1	722	Sound	52	17897032	450	1			260		other	0
10108011_1	723	Sound	55	17917732	643	1			260		other	0
10108011_1	723	Response	1	17922750	5661	1
10108011_1	724	Sound	58	17944131	533	1			260		other	0
10108011_1	724	Response	1	17949629	6032	1
10108011_1	725	Sound	51	17961531	427	1			260		other	0
10108011_1	726	Sound	60	17980430	654	1			260		other	0
10108011_1	726	Response	1	17982589	2812	1
10108011_1	727	Sound	53	18008630	510	1			260		other	0
10108011_1	728	Sound	54	18035629	668	1			260		other	0
10108011_1	729	Sound	50	18064129	657	1			260		other	0
10108011_1	730	Sound	52	18082428	451	1			260		other	0
10108011_1	731	Sound	55	18110328	675	1			260		other	0
10108011_1	732	Sound	58	18134027	533	1			260		other	0
10108011_1	733	Sound	54	18153227	559	1			260		other	0
10108011_1	734	Sound	60	18171226	386	1			260		other	0
10108011_1	734	Response	1	18173784	2944	1
10108011_1	735	Sound	56	18187426	580	1			260		other	0
10108011_1	735	Response	1	18193624	6778	1
10108011_1	736	Sound	58	18215325	637	1			260		other	0
10108011_1	736	Response	1	18219223	4534	1
10108011_1	737	Sound	52	18242025	494	1			260		other	0
10108011_1	738	Sound	52	18266024	652	1			260		other	0
10108011_1	738	Response	1	18270342	4969	1
10108011_1	739	Sound	59	18290024	477	1			260		other	0
10108011_1	739	Response	1	18295461	5914	1
10108011_1	740	Sound	53	18314923	535	1			260		other	0
10108011_1	741	Sound	56	18338323	426	1			260		other	0
10108011_1	742	Sound	59	18363522	450	1			260		other	0
10108011_1	742	Response	1	18367700	4628	1
10108011_1	743	Sound	50	18389322	408	1			260		other	0
10108011_1	744	Sound	60	18411221	634	1			260		other	0
10108011_1	744	Response	1	18413379	2791	1
10108011_1	745	Sound	59	18431621	526	1			260		other	0
10108011_1	745	Response	1	18436738	5643	1
10108011_1	746	Sound	53	18453820	552	1			260		other	0
10108011_1	746	Response	1	18458177	4909	1
10108011_1	747	Sound	57	18480220	442	1			260		other	0
10108011_1	747	Response	1	18485057	5280	1
10108011_1	748	Sound	50	18502119	501	1			260		other	0
10108011_1	749	Sound	57	18522519	394	1			260		other	0
10108011_1	749	Response	1	18526736	4611	1
10108011_1	750	Sound	55	18552218	417	1			260		other	0
10108011_1	750	Response	1	18555615	3814	1
10108011_1	751	Sound	53	18580418	440	1			260		other	0
10108011_1	752	Sound	54	18602617	632	1			260		other	0
10108011_1	752	Response	1	18608894	6909	1
10108011_1	753	Sound	57	18631416	588	1			260		other	0
10108011_1	753	Response	1	18634653	3825	1
10108011_1	755	Response	255	18669453	10202	1
10108011_1	757	Sound	20	18753514	478	1			260		other	0
10108011_1	757	Response	1	18757450	4415	1
10108011_1	758	Sound	11	18770313	605	1			260		other	0
10108011_1	759	Sound	19	18789813	432	1			260		other	0
10108011_1	759	Response	1	18794569	5188	1
10108011_1	760	Sound	10	18809313	425	1			260		other	0
10108011_1	761	Sound	16	18828212	652	1			260		other	0
10108011_1	761	Response	1	18836089	8528	1
10108011_1	762	Sound	13	18854612	542	1			260		other	0
10108011_1	763	Sound	17	18877111	534	1			260		other	0
10108011_1	763	Response	1	18884807	8230	1
10108011_1	764	Sound	10	18902311	559	1			260		other	0
10108011_1	765	Sound	12	18926910	650	1			260		other	0
10108011_1	766	Sound	18	18944910	643	1			260		other	0
10108011_1	766	Response	1	18948806	4540	1
10108011_1	767	Sound	17	18968309	535	1			260		other	0
10108011_1	767	Response	1	18972405	4631	1
10108011_1	768	Sound	14	18989609	661	1			260		other	0
10108011_1	769	Sound	10	19007308	521	1			260		other	0
10108011_1	770	Sound	18	19033408	445	1			260		other	0
10108011_1	770	Response	1	19038804	5841	1
10108011_1	771	Sound	20	19056807	503	1			260		other	0
10108011_1	771	Response	1	19059603	3299	1
10108011_1	772	Sound	19	19084707	394	1			260		other	0
10108011_1	772	Response	1	19088643	4330	2
10108011_1	773	Sound	16	19101506	521	1			260		other	0
10108011_1	773	Response	1	19106722	5736	1
10108011_1	774	Sound	17	19121606	447	1			260		other	0
10108011_1	774	Response	1	19126162	5003	1
10108011_1	775	Sound	13	19144705	539	1			260		other	0
10108011_1	775	Response	1	19149761	5595	1
10108011_1	776	Sound	18	19166905	397	1			260		other	0
10108011_1	776	Response	1	19171441	4933	1
10108011_1	777	Sound	20	19183705	525	1			260		other	0
10108011_1	777	Response	1	19186080	2901	1
10108011_1	778	Sound	20	19200504	486	1			260		other	0
10108011_1	778	Response	1	19203280	3261	1
10108011_1	779	Sound	11	19220604	578	1			260		other	0
10108011_1	780	Sound	14	19245203	503	1			260		other	0
10108011_1	781	Sound	14	19264403	363	1			260		other	0
10108011_1	782	Sound	13	19281202	490	1			260		other	0
10108011_1	783	Sound	18	19303402	515	1			260		other	0
10108011_1	783	Response	1	19307038	4151	1
10108011_1	784	Sound	15	19323801	575	1			260		other	0
10108011_1	784	Response	1	19327597	4370	1
10108011_1	785	Sound	12	19350201	465	1			260		other	0
10108011_1	785	Response	1	19354236	4501	1
10108011_1	786	Sound	14	19369700	625	1			260		other	0
10108011_1	787	Sound	15	19392800	384	1			260		other	0
10108011_1	787	Response	1	19396875	4459	1
10108011_1	788	Sound	11	19417999	575	1			260		other	0
10108011_1	789	Sound	16	19440199	600	1			260		other	0
10108011_1	789	Response	1	19443354	3755	1
10108011_1	790	Sound	10	19464198	425	1			260		other	0
10108011_1	791	Sound	17	19488798	516	1			260		other	0
10108011_1	791	Response	1	19491433	3151	1
10108011_1	792	Sound	15	19508897	609	1			260		other	0
10108011_1	793	Sound	19	19537097	466	1			260		other	0
10108011_1	793	Response	1	19540552	3921	1
10108011_1	794	Sound	12	19565296	489	1			260		other	0
10108011_1	795	Sound	18	19580596	450	1			260		other	0
10108011_1	795	Response	1	19585991	5845	1
10108011_1	796	Sound	15	19599196	377	1			260		other	0
10108011_1	796	Response	1	19603511	4692	1
10108011_1	797	Sound	10	19618695	536	1			260		other	0
10108011_1	798	Sound	12	19645395	560	1			260		other	0
10108011_1	799	Sound	13	19663394	387	1			260		other	0
10108011_1	800	Sound	14	19680794	448	1			260		other	0
10108011_1	800	Response	1	19686069	5722	1
10108011_1	801	Sound	16	19702993	473	1			260		other	0
10108011_1	801	Response	1	19707908	5388	1
10108011_1	802	Sound	19	19728193	664	1			260		other	0
10108011_1	802	Response	1	19731508	3979	1
10108011_1	803	Sound	11	19749192	490	1			260		other	0
10108011_1	804	Sound	11	19770192	649	1			260		other	0
10108011_1	805	Sound	15	19787292	576	1			260		other	0
10108011_1	805	Response	1	19791826	5111	1
10108011_1	806	Sound	16	19804391	504	1			260		other	0
10108011_1	806	Response	1	19811666	7778	1
10108011_1	807	Sound	17	19830191	628	1			260		other	0
10108011_1	807	Response	1	19834625	5062	1
10108011_1	808	Sound	20	19851190	620	1			260		other	0
10108011_1	808	Response	1	19854065	3495	1
10108011_1	809	Sound	13	19871590	513	1			260		other	0
10108011_1	810	Sound	12	19888089	507	1			260		other	0
10108011_1	810	Response	1	19892303	4721	1
10108011_1	811	Sound	19	19905189	434	1			260		other	0
10108011_1	811	Response	1	19909983	5229	1
10108011_1	813	Response	255	19942303	9625	1
10108011_1	815	Sound	39	20025187	558	1			260		other	0
10108011_1	815	Response	1	20034061	9432	1
10108011_1	816	Sound	32	20053686	548	1			260		other	0
10108011_1	817	Sound	36	20077085	607	1			260		other	0
10108011_1	818	Sound	34	20101985	497	1			260		other	0
10108011_1	819	Sound	36	20118484	492	1			260		other	0
10108011_1	820	Sound	32	20137084	418	1			260		other	0
10108011_1	821	Sound	39	20158084	411	1			260		other	0
10108011_1	822	Sound	38	20185383	535	1			260		other	0
10108011_1	823	Sound	30	20202783	428	1			260		other	0
10108011_1	824	Sound	37	20223182	654	1			260		other	0
10108011_1	825	Sound	37	20251982	611	1			260		other	0
10108011_1	826	Sound	39	20270881	504	1			260		other	0
10108011_1	827	Sound	35	20295781	563	1			260		other	0
10108011_1	828	Sound	31	20317080	521	1			260		other	0
10108011_1	829	Sound	30	20339280	546	1			260		other	0
10108011_1	830	Sound	30	20361479	405	1			260		other	0
10108011_1	831	Sound	40	20384879	630	1			260		other	0
10108011_1	831	Response	1	20388132	3884	1
10108011_1	832	Sound	36	20406178	422	1			260		other	0
10108011_1	832	Response	1	20415012	9256	1
10108011_1	833	Sound	39	20428378	448	1			260		other	0
10108011_1	833	Response	1	20433571	5641	1
10108011_1	834	Sound	39	20449677	574	1			260		other	0
10108011_1	834	Response	1	20453731	4627	1
10108011_1	835	Sound	32	20473377	598	1			260		other	0
10108011_1	836	Sound	35	20499476	523	1			260		other	0
10108011_1	837	Sound	40	20526776	479	1			260		other	0
10108011_1	837	Response	1	20530129	3833	1
10108011_1	838	Sound	40	20546575	439	1			260		other	0
10108011_1	838	Response	1	20550448	4312	1
10108011_1	839	Sound	32	20565475	666	1			260		other	0
10108011_1	840	Sound	34	20584974	659	1			260		other	0
10108011_1	841	Sound	37	20609874	550	1			260		other	0
10108011_1	842	Sound	38	20638373	540	1			260		other	0
10108011_1	842	Response	1	20644846	7013	1
10108011_1	843	Sound	38	20661473	631	1			260		other	0
10108011_1	844	Sound	30	20687572	389	1			260		other	0
10108011_1	845	Sound	31	20711272	580	1			260		other	0
10108011_1	846	Sound	31	20732271	406	1			260		other	0
10108011_1	847	Sound	40	20755671	631	1			260		other	0
10108011_1	847	Response	1	20758203	3164	1
10108011_1	848	Sound	33	20777570	523	1			260		other	0
10108011_1	849	Sound	30	20794070	518	1			260		other	0
10108011_1	850	Sound	36	20815670	610	1			260		other	0
10108011_1	851	Sound	33	20835169	436	1			260		other	0
10108011_1	852	Sound	37	20857669	428	1			260		other	0
10108011_1	852	Response	1	20864361	7121	1
10108011_1	853	Sound	33	20879868	454	1			260		other	0
10108011_1	854	Sound	35	20902968	379	1			260		other	0
10108011_1	855	Sound	31	20927567	637	1			260		other	0
10108011_1	856	Sound	33	20944667	564	1			260		other	0
10108011_1	857	Sound	40	20971366	421	1			260		other	0
10108011_1	857	Response	1	20974679	3733	1
10108011_1	858	Sound	32	20998365	578	1			260		other	0
10108011_1	859	Sound	36	21018465	504	1			260		other	0
10108011_1	860	Sound	37	21037365	564	1			260		other	0
10108011_1	860	Response	1	21044597	7796	1
10108011_1	861	Sound	34	21059864	556	1			260		other	0
10108011_1	862	Sound	34	21088664	513	1			260		other	0
10108011_1	863	Sound	38	21115063	570	1			260		other	0
10108011_1	864	Sound	34	21136063	562	1			260		other	0
10108011_1	865	Sound	35	21154062	389	1			260		other	0
10108011_1	866	Sound	31	21178062	547	1			260		other	0
10108011_1	867	Sound	35	21203261	572	1			260		other	0
10108011_1	868	Sound	38	21226061	530	1			260		other	0
10108011_1	868	Response	1	21234432	8902	1
10108011_1	869	Sound	33	21247360	656	1			260		other	0

The following output port codes were not sent because of a conflict on the port.
Port	Code	Time(ms)
1	253	146307
1	253	273889
1	253	408078
1	253	539363
1	253	674104
1	253	804413
1	253	935243
1	253	1.06884e+06
1	253	1.20535e+06
1	253	1.33826e+06
1	253	1.47252e+06
1	253	1.59779e+06
1	253	1.73037e+06
1	253	1.86695e+06
1	253	1.99423e+06
1	253	2.12685e+06
