Scenario - 
Logfile written - 03/05/2018 14:11:59

Subject	Trial	Event Type	Code	Time	TTime	Uncertainty	Duration	Uncertainty	ReqTime	ReqDur	Stim Type	Pair Index

Allen_IE2_03052018	1	Response	255	17300	17133	1
Allen_IE2_03052018	3	Sound	21	86543	260	1			260		other	0
Allen_IE2_03052018	3	Response	1	90419	4135	1
Allen_IE2_03052018	4	Sound	21	114553	260	1			260		other	0
Allen_IE2_03052018	4	Response	1	117939	3646	1
Allen_IE2_03052018	5	Sound	23	140729	260	1			260		other	0
Allen_IE2_03052018	5	Response	1	143939	3470	1
Allen_IE2_03052018	6	Sound	22	168238	260	1			260		other	0
Allen_IE2_03052018	6	Response	1	172178	4200	1
Allen_IE2_03052018	7	Sound	21	192080	260	1			260		other	0
Allen_IE2_03052018	7	Response	1	197058	5238	1
Allen_IE2_03052018	8	Sound	22	217922	260	1			260		other	0
Allen_IE2_03052018	8	Response	1	221938	4276	1
Allen_IE2_03052018	9	Sound	22	243264	260	1			260		other	0
Allen_IE2_03052018	9	Response	1	247538	4533	1
Allen_IE2_03052018	10	Sound	23	265105	260	1			260		other	0
Allen_IE2_03052018	10	Response	1	268897	4052	1
Allen_IE2_03052018	11	Sound	21	289947	260	1			260		other	0
Allen_IE2_03052018	11	Response	1	293857	4170	1
Allen_IE2_03052018	12	Sound	23	317957	260	1			260		other	0
Allen_IE2_03052018	12	Response	1	321537	3840	1
Allen_IE2_03052018	13	Sound	22	343816	276	1			260		other	0
Allen_IE2_03052018	13	Response	1	347137	3597	1
Allen_IE2_03052018	14	Sound	22	367316	268	1			260		other	0
Allen_IE2_03052018	15	Sound	23	390316	260	1			260		other	0
Allen_IE2_03052018	15	Response	1	393856	3801	1
Allen_IE2_03052018	16	Sound	22	414324	260	1			260		other	0
Allen_IE2_03052018	16	Response	1	417696	3632	1
Allen_IE2_03052018	17	Sound	21	430830	260	1			260		other	0
Allen_IE2_03052018	17	Response	1	434736	4166	1
Allen_IE2_03052018	18	Sound	23	451337	260	1			260		other	0
Allen_IE2_03052018	18	Response	1	455456	4379	1
Allen_IE2_03052018	19	Sound	22	472678	260	1			260		other	0
Allen_IE2_03052018	19	Response	1	476656	4238	1
Allen_IE2_03052018	20	Sound	23	499187	260	1			260		other	0
Allen_IE2_03052018	20	Response	1	502655	3728	1
Allen_IE2_03052018	21	Sound	23	516860	260	1			260		other	0
Allen_IE2_03052018	21	Response	1	521455	4855	1
Allen_IE2_03052018	22	Sound	22	539534	260	1			260		other	0
Allen_IE2_03052018	22	Response	1	542895	3621	1
Allen_IE2_03052018	23	Sound	21	563042	260	1			260		other	0
Allen_IE2_03052018	23	Response	1	566415	3632	1
Allen_IE2_03052018	24	Sound	23	582549	260	1			260		other	0
Allen_IE2_03052018	24	Response	1	586334	4045	1
Allen_IE2_03052018	25	Sound	22	610059	260	1			260		other	0
Allen_IE2_03052018	25	Response	1	613614	3815	1
Allen_IE2_03052018	26	Sound	23	637068	260	1			260		other	0
Allen_IE2_03052018	26	Response	1	640733	3925	2
Allen_IE2_03052018	27	Sound	23	661743	260	1			260		other	0
Allen_IE2_03052018	27	Response	1	665374	3890	1
Allen_IE2_03052018	28	Sound	23	686252	260	1			260		other	0
Allen_IE2_03052018	28	Response	1	690094	4101	1
Allen_IE2_03052018	29	Sound	21	704925	260	1			260		other	0
Allen_IE2_03052018	29	Response	1	709934	5268	1
Allen_IE2_03052018	30	Sound	23	731113	272	1			260		other	0
Allen_IE2_03052018	30	Response	1	735533	4692	1
Allen_IE2_03052018	31	Sound	22	749774	260	1			260		other	0
Allen_IE2_03052018	31	Response	1	754333	4819	1
Allen_IE2_03052018	32	Sound	23	770948	260	1			260		other	0
Allen_IE2_03052018	32	Response	1	774653	3964	1
Allen_IE2_03052018	33	Sound	21	789955	260	1			260		other	0
Allen_IE2_03052018	33	Response	1	793613	3918	1
Allen_IE2_03052018	34	Sound	22	814297	260	1			260		other	0
Allen_IE2_03052018	34	Response	1	818973	4936	1
Allen_IE2_03052018	35	Sound	23	842640	260	1			260		other	0
Allen_IE2_03052018	35	Response	1	845852	3472	1
Allen_IE2_03052018	36	Sound	22	868649	260	1			260		other	0
Allen_IE2_03052018	36	Response	1	873132	4743	1
Allen_IE2_03052018	37	Sound	21	888156	260	1			260		other	0
Allen_IE2_03052018	37	Response	1	891932	4036	1
Allen_IE2_03052018	38	Sound	21	905328	260	1			260		other	0
Allen_IE2_03052018	38	Response	1	909452	4383	1
Allen_IE2_03052018	39	Sound	22	921334	260	1			260		other	0
Allen_IE2_03052018	39	Response	1	926012	4937	1
Allen_IE2_03052018	40	Sound	23	939840	260	1			260		other	0
Allen_IE2_03052018	40	Response	1	943691	4111	1
Allen_IE2_03052018	41	Sound	22	960014	260	1			260		other	0
Allen_IE2_03052018	41	Response	1	963851	4097	1
Allen_IE2_03052018	42	Sound	23	976353	260	1			260		other	0
Allen_IE2_03052018	42	Response	1	980011	3918	1
Allen_IE2_03052018	43	Sound	21	999528	260	1			260		other	0
Allen_IE2_03052018	43	Response	1	1002891	3623	1
Allen_IE2_03052018	44	Sound	22	1021211	269	1			260		other	0
Allen_IE2_03052018	44	Response	1	1025451	4508	1
Allen_IE2_03052018	45	Sound	22	1044711	260	1			260		other	0
Allen_IE2_03052018	45	Response	1	1049209	4758	3
Allen_IE2_03052018	46	Sound	21	1066384	260	1			260		other	0
Allen_IE2_03052018	46	Response	1	1070010	3886	1
Allen_IE2_03052018	47	Sound	22	1086725	260	1			260		other	0
Allen_IE2_03052018	47	Response	1	1091370	4905	1
Allen_IE2_03052018	48	Sound	21	1103397	260	1			260		other	0
Allen_IE2_03052018	48	Response	1	1107130	3992	1
Allen_IE2_03052018	49	Sound	21	1131240	260	1			260		other	0
Allen_IE2_03052018	50	Sound	23	1154582	260	1			260		other	0
Allen_IE2_03052018	50	Response	1	1159770	5447	1
Allen_IE2_03052018	51	Sound	21	1177590	260	1			260		other	0
Allen_IE2_03052018	51	Response	1	1182249	4919	1
Allen_IE2_03052018	52	Sound	21	1195110	274	1			260		other	0
Allen_IE2_03052018	52	Response	1	1199289	4453	1
Allen_IE2_03052018	53	Sound	21	1219771	260	1			260		other	0
Allen_IE2_03052018	53	Response	1	1225529	6017	1
Allen_IE2_03052018	54	Response	255	1366168	130237	1
Allen_IE2_03052018	54	Response	1	1370568	134637	1
Allen_IE2_03052018	54	Response	255	1373848	137917	1
Allen_IE2_03052018	54	Response	1	1375848	139917	1
Allen_IE2_03052018	54	Response	255	1378248	142317	1
Allen_IE2_03052018	54	Response	255	1385208	149277	1
Allen_IE2_03052018	54	Response	1	1389608	153677	1
Allen_IE2_03052018	54	Response	1	1393688	157757	1
Allen_IE2_03052018	54	Response	255	1398328	162397	1
Allen_IE2_03052018	54	Response	1	1402488	166557	1
Allen_IE2_03052018	54	Response	255	1407048	171117	1
Allen_IE2_03052018	54	Response	1	1410328	174397	1
Allen_IE2_03052018	54	Response	255	1748085	512154	1
Allen_IE2_03052018	54	Response	1	1751524	515594	1
Allen_IE2_03052018	54	Quit		1816165	580234	NA

The following output port codes were not sent because of a conflict on the port.
Port	Code	Time(ms)
1	253	1730.08
